05-Oct-2023 10:18:18 CEST  Initiating request to open file root://eospublic.cern.ch//eos/opendata/cms/mc/RunIIFall15MiniAODv2/QCD_Pt_600to800_TuneCUETP8M1_13TeV_pythia8/MINIAODSIM/PU25nsData2015v1_76X_mcRun2_asymptotic_v12-v1/10000/029802B3-83B8-E511-A002-0025905C22AE.root
%MSG-w XrdAdaptor:  file_open 05-Oct-2023 10:18:18 CEST pre-events
Data is served from cern.ch instead of original site eospublic
%MSG
05-Oct-2023 10:18:20 CEST  Successfully opened file root://eospublic.cern.ch//eos/opendata/cms/mc/RunIIFall15MiniAODv2/QCD_Pt_600to800_TuneCUETP8M1_13TeV_pythia8/MINIAODSIM/PU25nsData2015v1_76X_mcRun2_asymptotic_v12-v1/10000/029802B3-83B8-E511-A002-0025905C22AE.root
Begin processing the 1st record. Run 1, Event 86669, LumiSection 462 at 05-Oct-2023 10:18:21.340 CEST
05-Oct-2023 10:18:23 CEST  Closed file root://eospublic.cern.ch//eos/opendata/cms/mc/RunIIFall15MiniAODv2/QCD_Pt_600to800_TuneCUETP8M1_13TeV_pythia8/MINIAODSIM/PU25nsData2015v1_76X_mcRun2_asymptotic_v12-v1/10000/029802B3-83B8-E511-A002-0025905C22AE.root
05-Oct-2023 10:18:23 CEST  Initiating request to open file root://eospublic.cern.ch//eos/opendata/cms/mc/RunIIFall15MiniAODv2/QCD_Pt_600to800_TuneCUETP8M1_13TeV_pythia8/MINIAODSIM/PU25nsData2015v1_76X_mcRun2_asymptotic_v12-v1/10000/08573287-83B8-E511-BA14-0025905C4270.root
%MSG-w XrdAdaptor:  file_open 05-Oct-2023 10:18:23 CEST PostProcessEvent
Data is served from cern.ch instead of original site eospublic
%MSG
05-Oct-2023 10:18:23 CEST  Successfully opened file root://eospublic.cern.ch//eos/opendata/cms/mc/RunIIFall15MiniAODv2/QCD_Pt_600to800_TuneCUETP8M1_13TeV_pythia8/MINIAODSIM/PU25nsData2015v1_76X_mcRun2_asymptotic_v12-v1/10000/08573287-83B8-E511-BA14-0025905C4270.root
05-Oct-2023 10:18:26 CEST  Closed file root://eospublic.cern.ch//eos/opendata/cms/mc/RunIIFall15MiniAODv2/QCD_Pt_600to800_TuneCUETP8M1_13TeV_pythia8/MINIAODSIM/PU25nsData2015v1_76X_mcRun2_asymptotic_v12-v1/10000/08573287-83B8-E511-BA14-0025905C4270.root
05-Oct-2023 10:18:26 CEST  Initiating request to open file root://eospublic.cern.ch//eos/opendata/cms/mc/RunIIFall15MiniAODv2/QCD_Pt_600to800_TuneCUETP8M1_13TeV_pythia8/MINIAODSIM/PU25nsData2015v1_76X_mcRun2_asymptotic_v12-v1/10000/0A79FEA4-7FB8-E511-B77C-0025905AC806.root
%MSG-w XrdAdaptor:  file_open 05-Oct-2023 10:18:26 CEST PostProcessEvent
Data is served from cern.ch instead of original site eospublic
%MSG
05-Oct-2023 10:18:26 CEST  Successfully opened file root://eospublic.cern.ch//eos/opendata/cms/mc/RunIIFall15MiniAODv2/QCD_Pt_600to800_TuneCUETP8M1_13TeV_pythia8/MINIAODSIM/PU25nsData2015v1_76X_mcRun2_asymptotic_v12-v1/10000/0A79FEA4-7FB8-E511-B77C-0025905AC806.root
Begin processing the 100001st record. Run 1, Event 3618233, LumiSection 19246 at 05-Oct-2023 10:18:28.646 CEST
05-Oct-2023 10:18:29 CEST  Closed file root://eospublic.cern.ch//eos/opendata/cms/mc/RunIIFall15MiniAODv2/QCD_Pt_600to800_TuneCUETP8M1_13TeV_pythia8/MINIAODSIM/PU25nsData2015v1_76X_mcRun2_asymptotic_v12-v1/10000/0A79FEA4-7FB8-E511-B77C-0025905AC806.root
05-Oct-2023 10:18:29 CEST  Initiating request to open file root://eospublic.cern.ch//eos/opendata/cms/mc/RunIIFall15MiniAODv2/QCD_Pt_600to800_TuneCUETP8M1_13TeV_pythia8/MINIAODSIM/PU25nsData2015v1_76X_mcRun2_asymptotic_v12-v1/10000/14E6823C-83B8-E511-89D5-0025905C426E.root
%MSG-w XrdAdaptor:  file_open 05-Oct-2023 10:18:30 CEST PostProcessEvent
Data is served from cern.ch instead of original site eospublic
%MSG
05-Oct-2023 10:18:30 CEST  Successfully opened file root://eospublic.cern.ch//eos/opendata/cms/mc/RunIIFall15MiniAODv2/QCD_Pt_600to800_TuneCUETP8M1_13TeV_pythia8/MINIAODSIM/PU25nsData2015v1_76X_mcRun2_asymptotic_v12-v1/10000/14E6823C-83B8-E511-89D5-0025905C426E.root
05-Oct-2023 10:18:33 CEST  Closed file root://eospublic.cern.ch//eos/opendata/cms/mc/RunIIFall15MiniAODv2/QCD_Pt_600to800_TuneCUETP8M1_13TeV_pythia8/MINIAODSIM/PU25nsData2015v1_76X_mcRun2_asymptotic_v12-v1/10000/14E6823C-83B8-E511-89D5-0025905C426E.root
05-Oct-2023 10:18:33 CEST  Initiating request to open file root://eospublic.cern.ch//eos/opendata/cms/mc/RunIIFall15MiniAODv2/QCD_Pt_600to800_TuneCUETP8M1_13TeV_pythia8/MINIAODSIM/PU25nsData2015v1_76X_mcRun2_asymptotic_v12-v1/10000/1640C8BA-81B8-E511-8FB6-0025905C426E.root
%MSG-w XrdAdaptor:  file_open 05-Oct-2023 10:18:33 CEST PostProcessEvent
Data is served from cern.ch instead of original site eospublic
%MSG
05-Oct-2023 10:18:33 CEST  Successfully opened file root://eospublic.cern.ch//eos/opendata/cms/mc/RunIIFall15MiniAODv2/QCD_Pt_600to800_TuneCUETP8M1_13TeV_pythia8/MINIAODSIM/PU25nsData2015v1_76X_mcRun2_asymptotic_v12-v1/10000/1640C8BA-81B8-E511-8FB6-0025905C426E.root
Begin processing the 200001st record. Run 1, Event 2971497, LumiSection 15806 at 05-Oct-2023 10:18:36.109 CEST
05-Oct-2023 10:18:36 CEST  Closed file root://eospublic.cern.ch//eos/opendata/cms/mc/RunIIFall15MiniAODv2/QCD_Pt_600to800_TuneCUETP8M1_13TeV_pythia8/MINIAODSIM/PU25nsData2015v1_76X_mcRun2_asymptotic_v12-v1/10000/1640C8BA-81B8-E511-8FB6-0025905C426E.root
05-Oct-2023 10:18:36 CEST  Initiating request to open file root://eospublic.cern.ch//eos/opendata/cms/mc/RunIIFall15MiniAODv2/QCD_Pt_600to800_TuneCUETP8M1_13TeV_pythia8/MINIAODSIM/PU25nsData2015v1_76X_mcRun2_asymptotic_v12-v1/10000/16D51DFC-82B8-E511-8B67-0025905C4270.root
%MSG-w XrdAdaptor:  file_open 05-Oct-2023 10:18:36 CEST PostProcessEvent
Data is served from cern.ch instead of original site eospublic
%MSG
05-Oct-2023 10:18:36 CEST  Successfully opened file root://eospublic.cern.ch//eos/opendata/cms/mc/RunIIFall15MiniAODv2/QCD_Pt_600to800_TuneCUETP8M1_13TeV_pythia8/MINIAODSIM/PU25nsData2015v1_76X_mcRun2_asymptotic_v12-v1/10000/16D51DFC-82B8-E511-8B67-0025905C4270.root
05-Oct-2023 10:18:40 CEST  Closed file root://eospublic.cern.ch//eos/opendata/cms/mc/RunIIFall15MiniAODv2/QCD_Pt_600to800_TuneCUETP8M1_13TeV_pythia8/MINIAODSIM/PU25nsData2015v1_76X_mcRun2_asymptotic_v12-v1/10000/16D51DFC-82B8-E511-8B67-0025905C4270.root
05-Oct-2023 10:18:40 CEST  Initiating request to open file root://eospublic.cern.ch//eos/opendata/cms/mc/RunIIFall15MiniAODv2/QCD_Pt_600to800_TuneCUETP8M1_13TeV_pythia8/MINIAODSIM/PU25nsData2015v1_76X_mcRun2_asymptotic_v12-v1/10000/18C22606-81B8-E511-AEDF-0025905C426E.root
%MSG-w XrdAdaptor:  file_open 05-Oct-2023 10:18:40 CEST PostProcessEvent
Data is served from cern.ch instead of original site eospublic
%MSG
05-Oct-2023 10:18:40 CEST  Successfully opened file root://eospublic.cern.ch//eos/opendata/cms/mc/RunIIFall15MiniAODv2/QCD_Pt_600to800_TuneCUETP8M1_13TeV_pythia8/MINIAODSIM/PU25nsData2015v1_76X_mcRun2_asymptotic_v12-v1/10000/18C22606-81B8-E511-AEDF-0025905C426E.root
Begin processing the 300001st record. Run 1, Event 3190501, LumiSection 16971 at 05-Oct-2023 10:18:43.307 CEST
05-Oct-2023 10:18:43 CEST  Closed file root://eospublic.cern.ch//eos/opendata/cms/mc/RunIIFall15MiniAODv2/QCD_Pt_600to800_TuneCUETP8M1_13TeV_pythia8/MINIAODSIM/PU25nsData2015v1_76X_mcRun2_asymptotic_v12-v1/10000/18C22606-81B8-E511-AEDF-0025905C426E.root
05-Oct-2023 10:18:43 CEST  Initiating request to open file root://eospublic.cern.ch//eos/opendata/cms/mc/RunIIFall15MiniAODv2/QCD_Pt_600to800_TuneCUETP8M1_13TeV_pythia8/MINIAODSIM/PU25nsData2015v1_76X_mcRun2_asymptotic_v12-v1/10000/1E181ADB-7AB8-E511-BBCF-0025905C426E.root
%MSG-w XrdAdaptor:  file_open 05-Oct-2023 10:18:43 CEST PostProcessEvent
Data is served from cern.ch instead of original site eospublic
%MSG
05-Oct-2023 10:18:43 CEST  Successfully opened file root://eospublic.cern.ch//eos/opendata/cms/mc/RunIIFall15MiniAODv2/QCD_Pt_600to800_TuneCUETP8M1_13TeV_pythia8/MINIAODSIM/PU25nsData2015v1_76X_mcRun2_asymptotic_v12-v1/10000/1E181ADB-7AB8-E511-BBCF-0025905C426E.root
05-Oct-2023 10:18:46 CEST  Closed file root://eospublic.cern.ch//eos/opendata/cms/mc/RunIIFall15MiniAODv2/QCD_Pt_600to800_TuneCUETP8M1_13TeV_pythia8/MINIAODSIM/PU25nsData2015v1_76X_mcRun2_asymptotic_v12-v1/10000/1E181ADB-7AB8-E511-BBCF-0025905C426E.root
05-Oct-2023 10:18:46 CEST  Initiating request to open file root://eospublic.cern.ch//eos/opendata/cms/mc/RunIIFall15MiniAODv2/QCD_Pt_600to800_TuneCUETP8M1_13TeV_pythia8/MINIAODSIM/PU25nsData2015v1_76X_mcRun2_asymptotic_v12-v1/10000/2C7E5932-7FB8-E511-824E-0025905AF57C.root
%MSG-w XrdAdaptor:  file_open 05-Oct-2023 10:18:46 CEST PostProcessEvent
Data is served from cern.ch instead of original site eospublic
%MSG
05-Oct-2023 10:18:46 CEST  Successfully opened file root://eospublic.cern.ch//eos/opendata/cms/mc/RunIIFall15MiniAODv2/QCD_Pt_600to800_TuneCUETP8M1_13TeV_pythia8/MINIAODSIM/PU25nsData2015v1_76X_mcRun2_asymptotic_v12-v1/10000/2C7E5932-7FB8-E511-824E-0025905AF57C.root
Begin processing the 400001st record. Run 1, Event 3724781, LumiSection 19813 at 05-Oct-2023 10:18:50.419 CEST
05-Oct-2023 10:18:50 CEST  Closed file root://eospublic.cern.ch//eos/opendata/cms/mc/RunIIFall15MiniAODv2/QCD_Pt_600to800_TuneCUETP8M1_13TeV_pythia8/MINIAODSIM/PU25nsData2015v1_76X_mcRun2_asymptotic_v12-v1/10000/2C7E5932-7FB8-E511-824E-0025905AF57C.root
05-Oct-2023 10:18:50 CEST  Initiating request to open file root://eospublic.cern.ch//eos/opendata/cms/mc/RunIIFall15MiniAODv2/QCD_Pt_600to800_TuneCUETP8M1_13TeV_pythia8/MINIAODSIM/PU25nsData2015v1_76X_mcRun2_asymptotic_v12-v1/10000/30B62358-80B8-E511-955C-0025905C22AE.root
%MSG-w XrdAdaptor:  file_open 05-Oct-2023 10:18:50 CEST PostProcessEvent
Data is served from cern.ch instead of original site eospublic
%MSG
05-Oct-2023 10:18:50 CEST  Successfully opened file root://eospublic.cern.ch//eos/opendata/cms/mc/RunIIFall15MiniAODv2/QCD_Pt_600to800_TuneCUETP8M1_13TeV_pythia8/MINIAODSIM/PU25nsData2015v1_76X_mcRun2_asymptotic_v12-v1/10000/30B62358-80B8-E511-955C-0025905C22AE.root
05-Oct-2023 10:18:53 CEST  Closed file root://eospublic.cern.ch//eos/opendata/cms/mc/RunIIFall15MiniAODv2/QCD_Pt_600to800_TuneCUETP8M1_13TeV_pythia8/MINIAODSIM/PU25nsData2015v1_76X_mcRun2_asymptotic_v12-v1/10000/30B62358-80B8-E511-955C-0025905C22AE.root
05-Oct-2023 10:18:53 CEST  Initiating request to open file root://eospublic.cern.ch//eos/opendata/cms/mc/RunIIFall15MiniAODv2/QCD_Pt_600to800_TuneCUETP8M1_13TeV_pythia8/MINIAODSIM/PU25nsData2015v1_76X_mcRun2_asymptotic_v12-v1/10000/3ADA818E-81B8-E511-83A3-0025905C4470.root
%MSG-w XrdAdaptor:  file_open 05-Oct-2023 10:18:53 CEST PostProcessEvent
Data is served from cern.ch instead of original site eospublic
%MSG
05-Oct-2023 10:18:53 CEST  Successfully opened file root://eospublic.cern.ch//eos/opendata/cms/mc/RunIIFall15MiniAODv2/QCD_Pt_600to800_TuneCUETP8M1_13TeV_pythia8/MINIAODSIM/PU25nsData2015v1_76X_mcRun2_asymptotic_v12-v1/10000/3ADA818E-81B8-E511-83A3-0025905C4470.root
05-Oct-2023 10:18:56 CEST  Closed file root://eospublic.cern.ch//eos/opendata/cms/mc/RunIIFall15MiniAODv2/QCD_Pt_600to800_TuneCUETP8M1_13TeV_pythia8/MINIAODSIM/PU25nsData2015v1_76X_mcRun2_asymptotic_v12-v1/10000/3ADA818E-81B8-E511-83A3-0025905C4470.root
05-Oct-2023 10:18:56 CEST  Initiating request to open file root://eospublic.cern.ch//eos/opendata/cms/mc/RunIIFall15MiniAODv2/QCD_Pt_600to800_TuneCUETP8M1_13TeV_pythia8/MINIAODSIM/PU25nsData2015v1_76X_mcRun2_asymptotic_v12-v1/10000/3CA53641-84B8-E511-8957-0025905AC806.root
%MSG-w XrdAdaptor:  file_open 05-Oct-2023 10:18:56 CEST PostProcessEvent
Data is served from cern.ch instead of original site eospublic
%MSG
05-Oct-2023 10:18:56 CEST  Successfully opened file root://eospublic.cern.ch//eos/opendata/cms/mc/RunIIFall15MiniAODv2/QCD_Pt_600to800_TuneCUETP8M1_13TeV_pythia8/MINIAODSIM/PU25nsData2015v1_76X_mcRun2_asymptotic_v12-v1/10000/3CA53641-84B8-E511-8957-0025905AC806.root
Begin processing the 500001st record. Run 1, Event 1410673, LumiSection 7504 at 05-Oct-2023 10:18:58.373 CEST
05-Oct-2023 10:18:59 CEST  Closed file root://eospublic.cern.ch//eos/opendata/cms/mc/RunIIFall15MiniAODv2/QCD_Pt_600to800_TuneCUETP8M1_13TeV_pythia8/MINIAODSIM/PU25nsData2015v1_76X_mcRun2_asymptotic_v12-v1/10000/3CA53641-84B8-E511-8957-0025905AC806.root
05-Oct-2023 10:18:59 CEST  Initiating request to open file root://eospublic.cern.ch//eos/opendata/cms/mc/RunIIFall15MiniAODv2/QCD_Pt_600to800_TuneCUETP8M1_13TeV_pythia8/MINIAODSIM/PU25nsData2015v1_76X_mcRun2_asymptotic_v12-v1/10000/424DDDB1-82B8-E511-BD51-0025905AF57C.root
%MSG-w XrdAdaptor:  file_open 05-Oct-2023 10:19:00 CEST PostProcessEvent
Data is served from cern.ch instead of original site eospublic
%MSG
05-Oct-2023 10:19:00 CEST  Successfully opened file root://eospublic.cern.ch//eos/opendata/cms/mc/RunIIFall15MiniAODv2/QCD_Pt_600to800_TuneCUETP8M1_13TeV_pythia8/MINIAODSIM/PU25nsData2015v1_76X_mcRun2_asymptotic_v12-v1/10000/424DDDB1-82B8-E511-BD51-0025905AF57C.root
05-Oct-2023 10:19:02 CEST  Closed file root://eospublic.cern.ch//eos/opendata/cms/mc/RunIIFall15MiniAODv2/QCD_Pt_600to800_TuneCUETP8M1_13TeV_pythia8/MINIAODSIM/PU25nsData2015v1_76X_mcRun2_asymptotic_v12-v1/10000/424DDDB1-82B8-E511-BD51-0025905AF57C.root
05-Oct-2023 10:19:02 CEST  Initiating request to open file root://eospublic.cern.ch//eos/opendata/cms/mc/RunIIFall15MiniAODv2/QCD_Pt_600to800_TuneCUETP8M1_13TeV_pythia8/MINIAODSIM/PU25nsData2015v1_76X_mcRun2_asymptotic_v12-v1/10000/42BE00D0-7FB8-E511-8B0D-0025905C4270.root
%MSG-w XrdAdaptor:  file_open 05-Oct-2023 10:19:02 CEST PostProcessEvent
Data is served from cern.ch instead of original site eospublic
%MSG
05-Oct-2023 10:19:02 CEST  Successfully opened file root://eospublic.cern.ch//eos/opendata/cms/mc/RunIIFall15MiniAODv2/QCD_Pt_600to800_TuneCUETP8M1_13TeV_pythia8/MINIAODSIM/PU25nsData2015v1_76X_mcRun2_asymptotic_v12-v1/10000/42BE00D0-7FB8-E511-8B0D-0025905C4270.root
Begin processing the 600001st record. Run 1, Event 3505541, LumiSection 18647 at 05-Oct-2023 10:19:05.362 CEST
05-Oct-2023 10:19:06 CEST  Closed file root://eospublic.cern.ch//eos/opendata/cms/mc/RunIIFall15MiniAODv2/QCD_Pt_600to800_TuneCUETP8M1_13TeV_pythia8/MINIAODSIM/PU25nsData2015v1_76X_mcRun2_asymptotic_v12-v1/10000/42BE00D0-7FB8-E511-8B0D-0025905C4270.root
05-Oct-2023 10:19:06 CEST  Initiating request to open file root://eospublic.cern.ch//eos/opendata/cms/mc/RunIIFall15MiniAODv2/QCD_Pt_600to800_TuneCUETP8M1_13TeV_pythia8/MINIAODSIM/PU25nsData2015v1_76X_mcRun2_asymptotic_v12-v1/10000/48392824-7EB8-E511-AFC6-0025905C426E.root
%MSG-w XrdAdaptor:  file_open 05-Oct-2023 10:19:06 CEST PostProcessEvent
Data is served from cern.ch instead of original site eospublic
%MSG
05-Oct-2023 10:19:06 CEST  Successfully opened file root://eospublic.cern.ch//eos/opendata/cms/mc/RunIIFall15MiniAODv2/QCD_Pt_600to800_TuneCUETP8M1_13TeV_pythia8/MINIAODSIM/PU25nsData2015v1_76X_mcRun2_asymptotic_v12-v1/10000/48392824-7EB8-E511-AFC6-0025905C426E.root
05-Oct-2023 10:19:09 CEST  Closed file root://eospublic.cern.ch//eos/opendata/cms/mc/RunIIFall15MiniAODv2/QCD_Pt_600to800_TuneCUETP8M1_13TeV_pythia8/MINIAODSIM/PU25nsData2015v1_76X_mcRun2_asymptotic_v12-v1/10000/48392824-7EB8-E511-AFC6-0025905C426E.root
05-Oct-2023 10:19:09 CEST  Initiating request to open file root://eospublic.cern.ch//eos/opendata/cms/mc/RunIIFall15MiniAODv2/QCD_Pt_600to800_TuneCUETP8M1_13TeV_pythia8/MINIAODSIM/PU25nsData2015v1_76X_mcRun2_asymptotic_v12-v1/10000/48E31364-80B8-E511-A1C6-0025905C4470.root
%MSG-w XrdAdaptor:  file_open 05-Oct-2023 10:19:09 CEST PostProcessEvent
Data is served from cern.ch instead of original site eospublic
%MSG
05-Oct-2023 10:19:09 CEST  Successfully opened file root://eospublic.cern.ch//eos/opendata/cms/mc/RunIIFall15MiniAODv2/QCD_Pt_600to800_TuneCUETP8M1_13TeV_pythia8/MINIAODSIM/PU25nsData2015v1_76X_mcRun2_asymptotic_v12-v1/10000/48E31364-80B8-E511-A1C6-0025905C4470.root
Begin processing the 700001st record. Run 1, Event 2435429, LumiSection 12955 at 05-Oct-2023 10:19:12.370 CEST
05-Oct-2023 10:19:12 CEST  Closed file root://eospublic.cern.ch//eos/opendata/cms/mc/RunIIFall15MiniAODv2/QCD_Pt_600to800_TuneCUETP8M1_13TeV_pythia8/MINIAODSIM/PU25nsData2015v1_76X_mcRun2_asymptotic_v12-v1/10000/48E31364-80B8-E511-A1C6-0025905C4470.root
05-Oct-2023 10:19:12 CEST  Initiating request to open file root://eospublic.cern.ch//eos/opendata/cms/mc/RunIIFall15MiniAODv2/QCD_Pt_600to800_TuneCUETP8M1_13TeV_pythia8/MINIAODSIM/PU25nsData2015v1_76X_mcRun2_asymptotic_v12-v1/10000/4A2DB7B0-80B8-E511-99E1-0025905AC806.root
%MSG-w XrdAdaptor:  file_open 05-Oct-2023 10:19:13 CEST PostProcessEvent
Data is served from cern.ch instead of original site eospublic
%MSG
05-Oct-2023 10:19:13 CEST  Successfully opened file root://eospublic.cern.ch//eos/opendata/cms/mc/RunIIFall15MiniAODv2/QCD_Pt_600to800_TuneCUETP8M1_13TeV_pythia8/MINIAODSIM/PU25nsData2015v1_76X_mcRun2_asymptotic_v12-v1/10000/4A2DB7B0-80B8-E511-99E1-0025905AC806.root
05-Oct-2023 10:19:16 CEST  Closed file root://eospublic.cern.ch//eos/opendata/cms/mc/RunIIFall15MiniAODv2/QCD_Pt_600to800_TuneCUETP8M1_13TeV_pythia8/MINIAODSIM/PU25nsData2015v1_76X_mcRun2_asymptotic_v12-v1/10000/4A2DB7B0-80B8-E511-99E1-0025905AC806.root
05-Oct-2023 10:19:16 CEST  Initiating request to open file root://eospublic.cern.ch//eos/opendata/cms/mc/RunIIFall15MiniAODv2/QCD_Pt_600to800_TuneCUETP8M1_13TeV_pythia8/MINIAODSIM/PU25nsData2015v1_76X_mcRun2_asymptotic_v12-v1/10000/4CE90B5D-80B8-E511-BDD5-0025905C426E.root
%MSG-w XrdAdaptor:  file_open 05-Oct-2023 10:19:16 CEST PostProcessEvent
Data is served from cern.ch instead of original site eospublic
%MSG
05-Oct-2023 10:19:16 CEST  Successfully opened file root://eospublic.cern.ch//eos/opendata/cms/mc/RunIIFall15MiniAODv2/QCD_Pt_600to800_TuneCUETP8M1_13TeV_pythia8/MINIAODSIM/PU25nsData2015v1_76X_mcRun2_asymptotic_v12-v1/10000/4CE90B5D-80B8-E511-BDD5-0025905C426E.root
Begin processing the 800001st record. Run 1, Event 3629213, LumiSection 19305 at 05-Oct-2023 10:19:19.412 CEST
05-Oct-2023 10:19:19 CEST  Closed file root://eospublic.cern.ch//eos/opendata/cms/mc/RunIIFall15MiniAODv2/QCD_Pt_600to800_TuneCUETP8M1_13TeV_pythia8/MINIAODSIM/PU25nsData2015v1_76X_mcRun2_asymptotic_v12-v1/10000/4CE90B5D-80B8-E511-BDD5-0025905C426E.root
05-Oct-2023 10:19:19 CEST  Initiating request to open file root://eospublic.cern.ch//eos/opendata/cms/mc/RunIIFall15MiniAODv2/QCD_Pt_600to800_TuneCUETP8M1_13TeV_pythia8/MINIAODSIM/PU25nsData2015v1_76X_mcRun2_asymptotic_v12-v1/10000/4E6D90E0-83B8-E511-868D-0025905C426E.root
%MSG-w XrdAdaptor:  file_open 05-Oct-2023 10:19:19 CEST PostProcessEvent
Data is served from cern.ch instead of original site eospublic
%MSG
05-Oct-2023 10:19:19 CEST  Successfully opened file root://eospublic.cern.ch//eos/opendata/cms/mc/RunIIFall15MiniAODv2/QCD_Pt_600to800_TuneCUETP8M1_13TeV_pythia8/MINIAODSIM/PU25nsData2015v1_76X_mcRun2_asymptotic_v12-v1/10000/4E6D90E0-83B8-E511-868D-0025905C426E.root
05-Oct-2023 10:19:22 CEST  Closed file root://eospublic.cern.ch//eos/opendata/cms/mc/RunIIFall15MiniAODv2/QCD_Pt_600to800_TuneCUETP8M1_13TeV_pythia8/MINIAODSIM/PU25nsData2015v1_76X_mcRun2_asymptotic_v12-v1/10000/4E6D90E0-83B8-E511-868D-0025905C426E.root
05-Oct-2023 10:19:22 CEST  Initiating request to open file root://eospublic.cern.ch//eos/opendata/cms/mc/RunIIFall15MiniAODv2/QCD_Pt_600to800_TuneCUETP8M1_13TeV_pythia8/MINIAODSIM/PU25nsData2015v1_76X_mcRun2_asymptotic_v12-v1/10000/547303F1-7BB8-E511-8CDD-0025905C4270.root
%MSG-w XrdAdaptor:  file_open 05-Oct-2023 10:19:22 CEST PostProcessEvent
Data is served from cern.ch instead of original site eospublic
%MSG
05-Oct-2023 10:19:22 CEST  Successfully opened file root://eospublic.cern.ch//eos/opendata/cms/mc/RunIIFall15MiniAODv2/QCD_Pt_600to800_TuneCUETP8M1_13TeV_pythia8/MINIAODSIM/PU25nsData2015v1_76X_mcRun2_asymptotic_v12-v1/10000/547303F1-7BB8-E511-8CDD-0025905C4270.root
05-Oct-2023 10:19:25 CEST  Closed file root://eospublic.cern.ch//eos/opendata/cms/mc/RunIIFall15MiniAODv2/QCD_Pt_600to800_TuneCUETP8M1_13TeV_pythia8/MINIAODSIM/PU25nsData2015v1_76X_mcRun2_asymptotic_v12-v1/10000/547303F1-7BB8-E511-8CDD-0025905C4270.root
05-Oct-2023 10:19:25 CEST  Initiating request to open file root://eospublic.cern.ch//eos/opendata/cms/mc/RunIIFall15MiniAODv2/QCD_Pt_600to800_TuneCUETP8M1_13TeV_pythia8/MINIAODSIM/PU25nsData2015v1_76X_mcRun2_asymptotic_v12-v1/10000/568829BB-83B8-E511-B91B-0025905AF57C.root
%MSG-w XrdAdaptor:  file_open 05-Oct-2023 10:19:25 CEST PostProcessEvent
Data is served from cern.ch instead of original site eospublic
%MSG
05-Oct-2023 10:19:25 CEST  Successfully opened file root://eospublic.cern.ch//eos/opendata/cms/mc/RunIIFall15MiniAODv2/QCD_Pt_600to800_TuneCUETP8M1_13TeV_pythia8/MINIAODSIM/PU25nsData2015v1_76X_mcRun2_asymptotic_v12-v1/10000/568829BB-83B8-E511-B91B-0025905AF57C.root
Begin processing the 900001st record. Run 1, Event 1738481, LumiSection 9248 at 05-Oct-2023 10:19:27.424 CEST
05-Oct-2023 10:19:29 CEST  Closed file root://eospublic.cern.ch//eos/opendata/cms/mc/RunIIFall15MiniAODv2/QCD_Pt_600to800_TuneCUETP8M1_13TeV_pythia8/MINIAODSIM/PU25nsData2015v1_76X_mcRun2_asymptotic_v12-v1/10000/568829BB-83B8-E511-B91B-0025905AF57C.root
05-Oct-2023 10:19:29 CEST  Initiating request to open file root://eospublic.cern.ch//eos/opendata/cms/mc/RunIIFall15MiniAODv2/QCD_Pt_600to800_TuneCUETP8M1_13TeV_pythia8/MINIAODSIM/PU25nsData2015v1_76X_mcRun2_asymptotic_v12-v1/10000/6017E028-80B8-E511-BC37-0025905C4270.root
%MSG-w XrdAdaptor:  file_open 05-Oct-2023 10:19:29 CEST PostProcessEvent
Data is served from cern.ch instead of original site eospublic
%MSG
05-Oct-2023 10:19:29 CEST  Successfully opened file root://eospublic.cern.ch//eos/opendata/cms/mc/RunIIFall15MiniAODv2/QCD_Pt_600to800_TuneCUETP8M1_13TeV_pythia8/MINIAODSIM/PU25nsData2015v1_76X_mcRun2_asymptotic_v12-v1/10000/6017E028-80B8-E511-BC37-0025905C4270.root
05-Oct-2023 10:19:32 CEST  Closed file root://eospublic.cern.ch//eos/opendata/cms/mc/RunIIFall15MiniAODv2/QCD_Pt_600to800_TuneCUETP8M1_13TeV_pythia8/MINIAODSIM/PU25nsData2015v1_76X_mcRun2_asymptotic_v12-v1/10000/6017E028-80B8-E511-BC37-0025905C4270.root
05-Oct-2023 10:19:32 CEST  Initiating request to open file root://eospublic.cern.ch//eos/opendata/cms/mc/RunIIFall15MiniAODv2/QCD_Pt_600to800_TuneCUETP8M1_13TeV_pythia8/MINIAODSIM/PU25nsData2015v1_76X_mcRun2_asymptotic_v12-v1/10000/7265529A-82B8-E511-9E9A-0025905C426E.root
%MSG-w XrdAdaptor:  file_open 05-Oct-2023 10:19:32 CEST PostProcessEvent
Data is served from cern.ch instead of original site eospublic
%MSG
05-Oct-2023 10:19:32 CEST  Successfully opened file root://eospublic.cern.ch//eos/opendata/cms/mc/RunIIFall15MiniAODv2/QCD_Pt_600to800_TuneCUETP8M1_13TeV_pythia8/MINIAODSIM/PU25nsData2015v1_76X_mcRun2_asymptotic_v12-v1/10000/7265529A-82B8-E511-9E9A-0025905C426E.root
Begin processing the 1000001st record. Run 1, Event 258417, LumiSection 1375 at 05-Oct-2023 10:19:34.856 CEST
05-Oct-2023 10:19:35 CEST  Closed file root://eospublic.cern.ch//eos/opendata/cms/mc/RunIIFall15MiniAODv2/QCD_Pt_600to800_TuneCUETP8M1_13TeV_pythia8/MINIAODSIM/PU25nsData2015v1_76X_mcRun2_asymptotic_v12-v1/10000/7265529A-82B8-E511-9E9A-0025905C426E.root
05-Oct-2023 10:19:35 CEST  Initiating request to open file root://eospublic.cern.ch//eos/opendata/cms/mc/RunIIFall15MiniAODv2/QCD_Pt_600to800_TuneCUETP8M1_13TeV_pythia8/MINIAODSIM/PU25nsData2015v1_76X_mcRun2_asymptotic_v12-v1/10000/72720AF8-82B8-E511-B372-0025905AC99A.root
%MSG-w XrdAdaptor:  file_open 05-Oct-2023 10:19:36 CEST PostProcessEvent
Data is served from cern.ch instead of original site eospublic
%MSG
05-Oct-2023 10:19:36 CEST  Successfully opened file root://eospublic.cern.ch//eos/opendata/cms/mc/RunIIFall15MiniAODv2/QCD_Pt_600to800_TuneCUETP8M1_13TeV_pythia8/MINIAODSIM/PU25nsData2015v1_76X_mcRun2_asymptotic_v12-v1/10000/72720AF8-82B8-E511-B372-0025905AC99A.root
05-Oct-2023 10:19:39 CEST  Closed file root://eospublic.cern.ch//eos/opendata/cms/mc/RunIIFall15MiniAODv2/QCD_Pt_600to800_TuneCUETP8M1_13TeV_pythia8/MINIAODSIM/PU25nsData2015v1_76X_mcRun2_asymptotic_v12-v1/10000/72720AF8-82B8-E511-B372-0025905AC99A.root
05-Oct-2023 10:19:39 CEST  Initiating request to open file root://eospublic.cern.ch//eos/opendata/cms/mc/RunIIFall15MiniAODv2/QCD_Pt_600to800_TuneCUETP8M1_13TeV_pythia8/MINIAODSIM/PU25nsData2015v1_76X_mcRun2_asymptotic_v12-v1/10000/74508DF5-81B8-E511-BBB7-0025905C4270.root
%MSG-w XrdAdaptor:  file_open 05-Oct-2023 10:19:39 CEST PostProcessEvent
Data is served from cern.ch instead of original site eospublic
%MSG
05-Oct-2023 10:19:39 CEST  Successfully opened file root://eospublic.cern.ch//eos/opendata/cms/mc/RunIIFall15MiniAODv2/QCD_Pt_600to800_TuneCUETP8M1_13TeV_pythia8/MINIAODSIM/PU25nsData2015v1_76X_mcRun2_asymptotic_v12-v1/10000/74508DF5-81B8-E511-BBB7-0025905C4270.root
05-Oct-2023 10:19:42 CEST  Closed file root://eospublic.cern.ch//eos/opendata/cms/mc/RunIIFall15MiniAODv2/QCD_Pt_600to800_TuneCUETP8M1_13TeV_pythia8/MINIAODSIM/PU25nsData2015v1_76X_mcRun2_asymptotic_v12-v1/10000/74508DF5-81B8-E511-BBB7-0025905C4270.root
05-Oct-2023 10:19:42 CEST  Initiating request to open file root://eospublic.cern.ch//eos/opendata/cms/mc/RunIIFall15MiniAODv2/QCD_Pt_600to800_TuneCUETP8M1_13TeV_pythia8/MINIAODSIM/PU25nsData2015v1_76X_mcRun2_asymptotic_v12-v1/10000/7C4FBE5D-82B8-E511-8C09-0025905C4270.root
%MSG-w XrdAdaptor:  file_open 05-Oct-2023 10:19:42 CEST PostProcessEvent
Data is served from cern.ch instead of original site eospublic
%MSG
05-Oct-2023 10:19:42 CEST  Successfully opened file root://eospublic.cern.ch//eos/opendata/cms/mc/RunIIFall15MiniAODv2/QCD_Pt_600to800_TuneCUETP8M1_13TeV_pythia8/MINIAODSIM/PU25nsData2015v1_76X_mcRun2_asymptotic_v12-v1/10000/7C4FBE5D-82B8-E511-8C09-0025905C4270.root
Begin processing the 1100001st record. Run 1, Event 529309, LumiSection 2816 at 05-Oct-2023 10:19:43.635 CEST
05-Oct-2023 10:19:46 CEST  Closed file root://eospublic.cern.ch//eos/opendata/cms/mc/RunIIFall15MiniAODv2/QCD_Pt_600to800_TuneCUETP8M1_13TeV_pythia8/MINIAODSIM/PU25nsData2015v1_76X_mcRun2_asymptotic_v12-v1/10000/7C4FBE5D-82B8-E511-8C09-0025905C4270.root
05-Oct-2023 10:19:46 CEST  Initiating request to open file root://eospublic.cern.ch//eos/opendata/cms/mc/RunIIFall15MiniAODv2/QCD_Pt_600to800_TuneCUETP8M1_13TeV_pythia8/MINIAODSIM/PU25nsData2015v1_76X_mcRun2_asymptotic_v12-v1/10000/84918428-7FB8-E511-A00C-0025905C4470.root
%MSG-w XrdAdaptor:  file_open 05-Oct-2023 10:19:46 CEST PostProcessEvent
Data is served from cern.ch instead of original site eospublic
%MSG
05-Oct-2023 10:19:46 CEST  Successfully opened file root://eospublic.cern.ch//eos/opendata/cms/mc/RunIIFall15MiniAODv2/QCD_Pt_600to800_TuneCUETP8M1_13TeV_pythia8/MINIAODSIM/PU25nsData2015v1_76X_mcRun2_asymptotic_v12-v1/10000/84918428-7FB8-E511-A00C-0025905C4470.root
05-Oct-2023 10:19:49 CEST  Closed file root://eospublic.cern.ch//eos/opendata/cms/mc/RunIIFall15MiniAODv2/QCD_Pt_600to800_TuneCUETP8M1_13TeV_pythia8/MINIAODSIM/PU25nsData2015v1_76X_mcRun2_asymptotic_v12-v1/10000/84918428-7FB8-E511-A00C-0025905C4470.root
05-Oct-2023 10:19:49 CEST  Initiating request to open file root://eospublic.cern.ch//eos/opendata/cms/mc/RunIIFall15MiniAODv2/QCD_Pt_600to800_TuneCUETP8M1_13TeV_pythia8/MINIAODSIM/PU25nsData2015v1_76X_mcRun2_asymptotic_v12-v1/10000/849650DC-81B8-E511-B14E-0025905AC806.root
%MSG-w XrdAdaptor:  file_open 05-Oct-2023 10:19:49 CEST PostProcessEvent
Data is served from cern.ch instead of original site eospublic
%MSG
05-Oct-2023 10:19:49 CEST  Successfully opened file root://eospublic.cern.ch//eos/opendata/cms/mc/RunIIFall15MiniAODv2/QCD_Pt_600to800_TuneCUETP8M1_13TeV_pythia8/MINIAODSIM/PU25nsData2015v1_76X_mcRun2_asymptotic_v12-v1/10000/849650DC-81B8-E511-B14E-0025905AC806.root
Begin processing the 1200001st record. Run 1, Event 3374297, LumiSection 17949 at 05-Oct-2023 10:19:50.909 CEST
05-Oct-2023 10:19:53 CEST  Closed file root://eospublic.cern.ch//eos/opendata/cms/mc/RunIIFall15MiniAODv2/QCD_Pt_600to800_TuneCUETP8M1_13TeV_pythia8/MINIAODSIM/PU25nsData2015v1_76X_mcRun2_asymptotic_v12-v1/10000/849650DC-81B8-E511-B14E-0025905AC806.root
05-Oct-2023 10:19:53 CEST  Initiating request to open file root://eospublic.cern.ch//eos/opendata/cms/mc/RunIIFall15MiniAODv2/QCD_Pt_600to800_TuneCUETP8M1_13TeV_pythia8/MINIAODSIM/PU25nsData2015v1_76X_mcRun2_asymptotic_v12-v1/10000/8AC7A5A6-80B8-E511-914D-0025905AC806.root
%MSG-w XrdAdaptor:  file_open 05-Oct-2023 10:19:53 CEST PostProcessEvent
Data is served from cern.ch instead of original site eospublic
%MSG
05-Oct-2023 10:19:53 CEST  Successfully opened file root://eospublic.cern.ch//eos/opendata/cms/mc/RunIIFall15MiniAODv2/QCD_Pt_600to800_TuneCUETP8M1_13TeV_pythia8/MINIAODSIM/PU25nsData2015v1_76X_mcRun2_asymptotic_v12-v1/10000/8AC7A5A6-80B8-E511-914D-0025905AC806.root
05-Oct-2023 10:19:56 CEST  Closed file root://eospublic.cern.ch//eos/opendata/cms/mc/RunIIFall15MiniAODv2/QCD_Pt_600to800_TuneCUETP8M1_13TeV_pythia8/MINIAODSIM/PU25nsData2015v1_76X_mcRun2_asymptotic_v12-v1/10000/8AC7A5A6-80B8-E511-914D-0025905AC806.root
05-Oct-2023 10:19:56 CEST  Initiating request to open file root://eospublic.cern.ch//eos/opendata/cms/mc/RunIIFall15MiniAODv2/QCD_Pt_600to800_TuneCUETP8M1_13TeV_pythia8/MINIAODSIM/PU25nsData2015v1_76X_mcRun2_asymptotic_v12-v1/10000/9E5B573A-84B8-E511-B9EA-0025905AC806.root
%MSG-w XrdAdaptor:  file_open 05-Oct-2023 10:19:56 CEST PostProcessEvent
Data is served from cern.ch instead of original site eospublic
%MSG
05-Oct-2023 10:19:56 CEST  Successfully opened file root://eospublic.cern.ch//eos/opendata/cms/mc/RunIIFall15MiniAODv2/QCD_Pt_600to800_TuneCUETP8M1_13TeV_pythia8/MINIAODSIM/PU25nsData2015v1_76X_mcRun2_asymptotic_v12-v1/10000/9E5B573A-84B8-E511-B9EA-0025905AC806.root
Begin processing the 1300001st record. Run 1, Event 1659533, LumiSection 8828 at 05-Oct-2023 10:19:58.050 CEST
05-Oct-2023 10:19:59 CEST  Closed file root://eospublic.cern.ch//eos/opendata/cms/mc/RunIIFall15MiniAODv2/QCD_Pt_600to800_TuneCUETP8M1_13TeV_pythia8/MINIAODSIM/PU25nsData2015v1_76X_mcRun2_asymptotic_v12-v1/10000/9E5B573A-84B8-E511-B9EA-0025905AC806.root
05-Oct-2023 10:19:59 CEST  Initiating request to open file root://eospublic.cern.ch//eos/opendata/cms/mc/RunIIFall15MiniAODv2/QCD_Pt_600to800_TuneCUETP8M1_13TeV_pythia8/MINIAODSIM/PU25nsData2015v1_76X_mcRun2_asymptotic_v12-v1/10000/9E8A7DA9-83B8-E511-92B8-0025905C426E.root
%MSG-w XrdAdaptor:  file_open 05-Oct-2023 10:19:59 CEST PostProcessEvent
Data is served from cern.ch instead of original site eospublic
%MSG
05-Oct-2023 10:19:59 CEST  Successfully opened file root://eospublic.cern.ch//eos/opendata/cms/mc/RunIIFall15MiniAODv2/QCD_Pt_600to800_TuneCUETP8M1_13TeV_pythia8/MINIAODSIM/PU25nsData2015v1_76X_mcRun2_asymptotic_v12-v1/10000/9E8A7DA9-83B8-E511-92B8-0025905C426E.root
05-Oct-2023 10:20:03 CEST  Closed file root://eospublic.cern.ch//eos/opendata/cms/mc/RunIIFall15MiniAODv2/QCD_Pt_600to800_TuneCUETP8M1_13TeV_pythia8/MINIAODSIM/PU25nsData2015v1_76X_mcRun2_asymptotic_v12-v1/10000/9E8A7DA9-83B8-E511-92B8-0025905C426E.root
05-Oct-2023 10:20:03 CEST  Initiating request to open file root://eospublic.cern.ch//eos/opendata/cms/mc/RunIIFall15MiniAODv2/QCD_Pt_600to800_TuneCUETP8M1_13TeV_pythia8/MINIAODSIM/PU25nsData2015v1_76X_mcRun2_asymptotic_v12-v1/10000/9E9643E6-83B8-E511-A665-0025905C4470.root
%MSG-w XrdAdaptor:  file_open 05-Oct-2023 10:20:03 CEST PostProcessEvent
Data is served from cern.ch instead of original site eospublic
%MSG
05-Oct-2023 10:20:03 CEST  Successfully opened file root://eospublic.cern.ch//eos/opendata/cms/mc/RunIIFall15MiniAODv2/QCD_Pt_600to800_TuneCUETP8M1_13TeV_pythia8/MINIAODSIM/PU25nsData2015v1_76X_mcRun2_asymptotic_v12-v1/10000/9E9643E6-83B8-E511-A665-0025905C4470.root
Begin processing the 1400001st record. Run 1, Event 2997325, LumiSection 15944 at 05-Oct-2023 10:20:05.161 CEST
05-Oct-2023 10:20:06 CEST  Closed file root://eospublic.cern.ch//eos/opendata/cms/mc/RunIIFall15MiniAODv2/QCD_Pt_600to800_TuneCUETP8M1_13TeV_pythia8/MINIAODSIM/PU25nsData2015v1_76X_mcRun2_asymptotic_v12-v1/10000/9E9643E6-83B8-E511-A665-0025905C4470.root
05-Oct-2023 10:20:06 CEST  Initiating request to open file root://eospublic.cern.ch//eos/opendata/cms/mc/RunIIFall15MiniAODv2/QCD_Pt_600to800_TuneCUETP8M1_13TeV_pythia8/MINIAODSIM/PU25nsData2015v1_76X_mcRun2_asymptotic_v12-v1/10000/A204FCC1-82B8-E511-BF8D-0025905C426E.root
%MSG-w XrdAdaptor:  file_open 05-Oct-2023 10:20:06 CEST PostProcessEvent
Data is served from cern.ch instead of original site eospublic
%MSG
05-Oct-2023 10:20:06 CEST  Successfully opened file root://eospublic.cern.ch//eos/opendata/cms/mc/RunIIFall15MiniAODv2/QCD_Pt_600to800_TuneCUETP8M1_13TeV_pythia8/MINIAODSIM/PU25nsData2015v1_76X_mcRun2_asymptotic_v12-v1/10000/A204FCC1-82B8-E511-BF8D-0025905C426E.root
05-Oct-2023 10:20:09 CEST  Closed file root://eospublic.cern.ch//eos/opendata/cms/mc/RunIIFall15MiniAODv2/QCD_Pt_600to800_TuneCUETP8M1_13TeV_pythia8/MINIAODSIM/PU25nsData2015v1_76X_mcRun2_asymptotic_v12-v1/10000/A204FCC1-82B8-E511-BF8D-0025905C426E.root
05-Oct-2023 10:20:09 CEST  Initiating request to open file root://eospublic.cern.ch//eos/opendata/cms/mc/RunIIFall15MiniAODv2/QCD_Pt_600to800_TuneCUETP8M1_13TeV_pythia8/MINIAODSIM/PU25nsData2015v1_76X_mcRun2_asymptotic_v12-v1/10000/A6699C7B-83B8-E511-9E36-0025905C4270.root
%MSG-w XrdAdaptor:  file_open 05-Oct-2023 10:20:09 CEST PostProcessEvent
Data is served from cern.ch instead of original site eospublic
%MSG
05-Oct-2023 10:20:09 CEST  Successfully opened file root://eospublic.cern.ch//eos/opendata/cms/mc/RunIIFall15MiniAODv2/QCD_Pt_600to800_TuneCUETP8M1_13TeV_pythia8/MINIAODSIM/PU25nsData2015v1_76X_mcRun2_asymptotic_v12-v1/10000/A6699C7B-83B8-E511-9E36-0025905C4270.root
Begin processing the 1500001st record. Run 1, Event 1586933, LumiSection 8442 at 05-Oct-2023 10:20:12.455 CEST
05-Oct-2023 10:20:12 CEST  Closed file root://eospublic.cern.ch//eos/opendata/cms/mc/RunIIFall15MiniAODv2/QCD_Pt_600to800_TuneCUETP8M1_13TeV_pythia8/MINIAODSIM/PU25nsData2015v1_76X_mcRun2_asymptotic_v12-v1/10000/A6699C7B-83B8-E511-9E36-0025905C4270.root
05-Oct-2023 10:20:12 CEST  Initiating request to open file root://eospublic.cern.ch//eos/opendata/cms/mc/RunIIFall15MiniAODv2/QCD_Pt_600to800_TuneCUETP8M1_13TeV_pythia8/MINIAODSIM/PU25nsData2015v1_76X_mcRun2_asymptotic_v12-v1/10000/A82D7917-81B8-E511-A0D3-0025905C4270.root
%MSG-w XrdAdaptor:  file_open 05-Oct-2023 10:20:12 CEST PostProcessEvent
Data is served from cern.ch instead of original site eospublic
%MSG
05-Oct-2023 10:20:12 CEST  Successfully opened file root://eospublic.cern.ch//eos/opendata/cms/mc/RunIIFall15MiniAODv2/QCD_Pt_600to800_TuneCUETP8M1_13TeV_pythia8/MINIAODSIM/PU25nsData2015v1_76X_mcRun2_asymptotic_v12-v1/10000/A82D7917-81B8-E511-A0D3-0025905C4270.root
05-Oct-2023 10:20:16 CEST  Closed file root://eospublic.cern.ch//eos/opendata/cms/mc/RunIIFall15MiniAODv2/QCD_Pt_600to800_TuneCUETP8M1_13TeV_pythia8/MINIAODSIM/PU25nsData2015v1_76X_mcRun2_asymptotic_v12-v1/10000/A82D7917-81B8-E511-A0D3-0025905C4270.root
05-Oct-2023 10:20:16 CEST  Initiating request to open file root://eospublic.cern.ch//eos/opendata/cms/mc/RunIIFall15MiniAODv2/QCD_Pt_600to800_TuneCUETP8M1_13TeV_pythia8/MINIAODSIM/PU25nsData2015v1_76X_mcRun2_asymptotic_v12-v1/10000/AAB9467B-80B8-E511-87CC-0025905AF57C.root
%MSG-w XrdAdaptor:  file_open 05-Oct-2023 10:20:16 CEST PostProcessEvent
Data is served from cern.ch instead of original site eospublic
%MSG
05-Oct-2023 10:20:16 CEST  Successfully opened file root://eospublic.cern.ch//eos/opendata/cms/mc/RunIIFall15MiniAODv2/QCD_Pt_600to800_TuneCUETP8M1_13TeV_pythia8/MINIAODSIM/PU25nsData2015v1_76X_mcRun2_asymptotic_v12-v1/10000/AAB9467B-80B8-E511-87CC-0025905AF57C.root
05-Oct-2023 10:20:19 CEST  Closed file root://eospublic.cern.ch//eos/opendata/cms/mc/RunIIFall15MiniAODv2/QCD_Pt_600to800_TuneCUETP8M1_13TeV_pythia8/MINIAODSIM/PU25nsData2015v1_76X_mcRun2_asymptotic_v12-v1/10000/AAB9467B-80B8-E511-87CC-0025905AF57C.root
05-Oct-2023 10:20:19 CEST  Initiating request to open file root://eospublic.cern.ch//eos/opendata/cms/mc/RunIIFall15MiniAODv2/QCD_Pt_600to800_TuneCUETP8M1_13TeV_pythia8/MINIAODSIM/PU25nsData2015v1_76X_mcRun2_asymptotic_v12-v1/10000/AE5CBF03-83B8-E511-86B1-0025905AC806.root
%MSG-w XrdAdaptor:  file_open 05-Oct-2023 10:20:19 CEST PostProcessEvent
Data is served from cern.ch instead of original site eospublic
%MSG
05-Oct-2023 10:20:19 CEST  Successfully opened file root://eospublic.cern.ch//eos/opendata/cms/mc/RunIIFall15MiniAODv2/QCD_Pt_600to800_TuneCUETP8M1_13TeV_pythia8/MINIAODSIM/PU25nsData2015v1_76X_mcRun2_asymptotic_v12-v1/10000/AE5CBF03-83B8-E511-86B1-0025905AC806.root
Begin processing the 1600001st record. Run 1, Event 1155081, LumiSection 6145 at 05-Oct-2023 10:20:20.829 CEST
05-Oct-2023 10:20:22 CEST  Closed file root://eospublic.cern.ch//eos/opendata/cms/mc/RunIIFall15MiniAODv2/QCD_Pt_600to800_TuneCUETP8M1_13TeV_pythia8/MINIAODSIM/PU25nsData2015v1_76X_mcRun2_asymptotic_v12-v1/10000/AE5CBF03-83B8-E511-86B1-0025905AC806.root
05-Oct-2023 10:20:22 CEST  Initiating request to open file root://eospublic.cern.ch//eos/opendata/cms/mc/RunIIFall15MiniAODv2/QCD_Pt_600to800_TuneCUETP8M1_13TeV_pythia8/MINIAODSIM/PU25nsData2015v1_76X_mcRun2_asymptotic_v12-v1/10000/B8A18A35-82B8-E511-8B80-0025905C426E.root
%MSG-w XrdAdaptor:  file_open 05-Oct-2023 10:20:23 CEST PostProcessEvent
Data is served from cern.ch instead of original site eospublic
%MSG
05-Oct-2023 10:20:23 CEST  Successfully opened file root://eospublic.cern.ch//eos/opendata/cms/mc/RunIIFall15MiniAODv2/QCD_Pt_600to800_TuneCUETP8M1_13TeV_pythia8/MINIAODSIM/PU25nsData2015v1_76X_mcRun2_asymptotic_v12-v1/10000/B8A18A35-82B8-E511-8B80-0025905C426E.root
05-Oct-2023 10:20:26 CEST  Closed file root://eospublic.cern.ch//eos/opendata/cms/mc/RunIIFall15MiniAODv2/QCD_Pt_600to800_TuneCUETP8M1_13TeV_pythia8/MINIAODSIM/PU25nsData2015v1_76X_mcRun2_asymptotic_v12-v1/10000/B8A18A35-82B8-E511-8B80-0025905C426E.root
05-Oct-2023 10:20:26 CEST  Initiating request to open file root://eospublic.cern.ch//eos/opendata/cms/mc/RunIIFall15MiniAODv2/QCD_Pt_600to800_TuneCUETP8M1_13TeV_pythia8/MINIAODSIM/PU25nsData2015v1_76X_mcRun2_asymptotic_v12-v1/10000/B8A46105-83B8-E511-9FF1-0025905AC806.root
%MSG-w XrdAdaptor:  file_open 05-Oct-2023 10:20:26 CEST PostProcessEvent
Data is served from cern.ch instead of original site eospublic
%MSG
05-Oct-2023 10:20:26 CEST  Successfully opened file root://eospublic.cern.ch//eos/opendata/cms/mc/RunIIFall15MiniAODv2/QCD_Pt_600to800_TuneCUETP8M1_13TeV_pythia8/MINIAODSIM/PU25nsData2015v1_76X_mcRun2_asymptotic_v12-v1/10000/B8A46105-83B8-E511-9FF1-0025905AC806.root
Begin processing the 1700001st record. Run 1, Event 3325713, LumiSection 17690 at 05-Oct-2023 10:20:27.958 CEST
05-Oct-2023 10:20:29 CEST  Closed file root://eospublic.cern.ch//eos/opendata/cms/mc/RunIIFall15MiniAODv2/QCD_Pt_600to800_TuneCUETP8M1_13TeV_pythia8/MINIAODSIM/PU25nsData2015v1_76X_mcRun2_asymptotic_v12-v1/10000/B8A46105-83B8-E511-9FF1-0025905AC806.root
05-Oct-2023 10:20:29 CEST  Initiating request to open file root://eospublic.cern.ch//eos/opendata/cms/mc/RunIIFall15MiniAODv2/QCD_Pt_600to800_TuneCUETP8M1_13TeV_pythia8/MINIAODSIM/PU25nsData2015v1_76X_mcRun2_asymptotic_v12-v1/10000/C02E43AA-83B8-E511-AAF8-0025905C446A.root
%MSG-w XrdAdaptor:  file_open 05-Oct-2023 10:20:29 CEST PostProcessEvent
Data is served from cern.ch instead of original site eospublic
%MSG
05-Oct-2023 10:20:29 CEST  Successfully opened file root://eospublic.cern.ch//eos/opendata/cms/mc/RunIIFall15MiniAODv2/QCD_Pt_600to800_TuneCUETP8M1_13TeV_pythia8/MINIAODSIM/PU25nsData2015v1_76X_mcRun2_asymptotic_v12-v1/10000/C02E43AA-83B8-E511-AAF8-0025905C446A.root
05-Oct-2023 10:20:32 CEST  Closed file root://eospublic.cern.ch//eos/opendata/cms/mc/RunIIFall15MiniAODv2/QCD_Pt_600to800_TuneCUETP8M1_13TeV_pythia8/MINIAODSIM/PU25nsData2015v1_76X_mcRun2_asymptotic_v12-v1/10000/C02E43AA-83B8-E511-AAF8-0025905C446A.root
05-Oct-2023 10:20:32 CEST  Initiating request to open file root://eospublic.cern.ch//eos/opendata/cms/mc/RunIIFall15MiniAODv2/QCD_Pt_600to800_TuneCUETP8M1_13TeV_pythia8/MINIAODSIM/PU25nsData2015v1_76X_mcRun2_asymptotic_v12-v1/10000/C420DD52-82B8-E511-AF27-0025905C4270.root
%MSG-w XrdAdaptor:  file_open 05-Oct-2023 10:20:32 CEST PostProcessEvent
Data is served from cern.ch instead of original site eospublic
%MSG
05-Oct-2023 10:20:32 CEST  Successfully opened file root://eospublic.cern.ch//eos/opendata/cms/mc/RunIIFall15MiniAODv2/QCD_Pt_600to800_TuneCUETP8M1_13TeV_pythia8/MINIAODSIM/PU25nsData2015v1_76X_mcRun2_asymptotic_v12-v1/10000/C420DD52-82B8-E511-AF27-0025905C4270.root
Begin processing the 1800001st record. Run 1, Event 630529, LumiSection 3354 at 05-Oct-2023 10:20:34.996 CEST
05-Oct-2023 10:20:36 CEST  Closed file root://eospublic.cern.ch//eos/opendata/cms/mc/RunIIFall15MiniAODv2/QCD_Pt_600to800_TuneCUETP8M1_13TeV_pythia8/MINIAODSIM/PU25nsData2015v1_76X_mcRun2_asymptotic_v12-v1/10000/C420DD52-82B8-E511-AF27-0025905C4270.root
05-Oct-2023 10:20:36 CEST  Initiating request to open file root://eospublic.cern.ch//eos/opendata/cms/mc/RunIIFall15MiniAODv2/QCD_Pt_600to800_TuneCUETP8M1_13TeV_pythia8/MINIAODSIM/PU25nsData2015v1_76X_mcRun2_asymptotic_v12-v1/10000/D074BC02-84B8-E511-9455-0025905AC99A.root
%MSG-w XrdAdaptor:  file_open 05-Oct-2023 10:20:36 CEST PostProcessEvent
Data is served from cern.ch instead of original site eospublic
%MSG
05-Oct-2023 10:20:36 CEST  Successfully opened file root://eospublic.cern.ch//eos/opendata/cms/mc/RunIIFall15MiniAODv2/QCD_Pt_600to800_TuneCUETP8M1_13TeV_pythia8/MINIAODSIM/PU25nsData2015v1_76X_mcRun2_asymptotic_v12-v1/10000/D074BC02-84B8-E511-9455-0025905AC99A.root
05-Oct-2023 10:20:39 CEST  Closed file root://eospublic.cern.ch//eos/opendata/cms/mc/RunIIFall15MiniAODv2/QCD_Pt_600to800_TuneCUETP8M1_13TeV_pythia8/MINIAODSIM/PU25nsData2015v1_76X_mcRun2_asymptotic_v12-v1/10000/D074BC02-84B8-E511-9455-0025905AC99A.root
05-Oct-2023 10:20:39 CEST  Initiating request to open file root://eospublic.cern.ch//eos/opendata/cms/mc/RunIIFall15MiniAODv2/QCD_Pt_600to800_TuneCUETP8M1_13TeV_pythia8/MINIAODSIM/PU25nsData2015v1_76X_mcRun2_asymptotic_v12-v1/10000/DAC6A7E0-81B8-E511-96FE-0025905AC806.root
%MSG-w XrdAdaptor:  file_open 05-Oct-2023 10:20:39 CEST PostProcessEvent
Data is served from cern.ch instead of original site eospublic
%MSG
05-Oct-2023 10:20:39 CEST  Successfully opened file root://eospublic.cern.ch//eos/opendata/cms/mc/RunIIFall15MiniAODv2/QCD_Pt_600to800_TuneCUETP8M1_13TeV_pythia8/MINIAODSIM/PU25nsData2015v1_76X_mcRun2_asymptotic_v12-v1/10000/DAC6A7E0-81B8-E511-96FE-0025905AC806.root
Begin processing the 1900001st record. Run 1, Event 2620681, LumiSection 13940 at 05-Oct-2023 10:20:42.159 CEST
05-Oct-2023 10:20:42 CEST  Closed file root://eospublic.cern.ch//eos/opendata/cms/mc/RunIIFall15MiniAODv2/QCD_Pt_600to800_TuneCUETP8M1_13TeV_pythia8/MINIAODSIM/PU25nsData2015v1_76X_mcRun2_asymptotic_v12-v1/10000/DAC6A7E0-81B8-E511-96FE-0025905AC806.root
05-Oct-2023 10:20:42 CEST  Initiating request to open file root://eospublic.cern.ch//eos/opendata/cms/mc/RunIIFall15MiniAODv2/QCD_Pt_600to800_TuneCUETP8M1_13TeV_pythia8/MINIAODSIM/PU25nsData2015v1_76X_mcRun2_asymptotic_v12-v1/10000/E2B7D993-80B8-E511-BD69-0025905C426E.root
%MSG-w XrdAdaptor:  file_open 05-Oct-2023 10:20:42 CEST PostProcessEvent
Data is served from cern.ch instead of original site eospublic
%MSG
05-Oct-2023 10:20:42 CEST  Successfully opened file root://eospublic.cern.ch//eos/opendata/cms/mc/RunIIFall15MiniAODv2/QCD_Pt_600to800_TuneCUETP8M1_13TeV_pythia8/MINIAODSIM/PU25nsData2015v1_76X_mcRun2_asymptotic_v12-v1/10000/E2B7D993-80B8-E511-BD69-0025905C426E.root
05-Oct-2023 10:20:45 CEST  Closed file root://eospublic.cern.ch//eos/opendata/cms/mc/RunIIFall15MiniAODv2/QCD_Pt_600to800_TuneCUETP8M1_13TeV_pythia8/MINIAODSIM/PU25nsData2015v1_76X_mcRun2_asymptotic_v12-v1/10000/E2B7D993-80B8-E511-BD69-0025905C426E.root
05-Oct-2023 10:20:45 CEST  Initiating request to open file root://eospublic.cern.ch//eos/opendata/cms/mc/RunIIFall15MiniAODv2/QCD_Pt_600to800_TuneCUETP8M1_13TeV_pythia8/MINIAODSIM/PU25nsData2015v1_76X_mcRun2_asymptotic_v12-v1/10000/E6515EBF-82B8-E511-A6E5-0025905C4470.root
%MSG-w XrdAdaptor:  file_open 05-Oct-2023 10:20:45 CEST PostProcessEvent
Data is served from cern.ch instead of original site eospublic
%MSG
05-Oct-2023 10:20:46 CEST  Successfully opened file root://eospublic.cern.ch//eos/opendata/cms/mc/RunIIFall15MiniAODv2/QCD_Pt_600to800_TuneCUETP8M1_13TeV_pythia8/MINIAODSIM/PU25nsData2015v1_76X_mcRun2_asymptotic_v12-v1/10000/E6515EBF-82B8-E511-A6E5-0025905C4470.root
05-Oct-2023 10:20:49 CEST  Closed file root://eospublic.cern.ch//eos/opendata/cms/mc/RunIIFall15MiniAODv2/QCD_Pt_600to800_TuneCUETP8M1_13TeV_pythia8/MINIAODSIM/PU25nsData2015v1_76X_mcRun2_asymptotic_v12-v1/10000/E6515EBF-82B8-E511-A6E5-0025905C4470.root
05-Oct-2023 10:20:49 CEST  Initiating request to open file root://eospublic.cern.ch//eos/opendata/cms/mc/RunIIFall15MiniAODv2/QCD_Pt_600to800_TuneCUETP8M1_13TeV_pythia8/MINIAODSIM/PU25nsData2015v1_76X_mcRun2_asymptotic_v12-v1/10000/EC7BBC13-7DB8-E511-86D9-0025905C22AE.root
%MSG-w XrdAdaptor:  file_open 05-Oct-2023 10:20:49 CEST PostProcessEvent
Data is served from cern.ch instead of original site eospublic
%MSG
05-Oct-2023 10:20:49 CEST  Successfully opened file root://eospublic.cern.ch//eos/opendata/cms/mc/RunIIFall15MiniAODv2/QCD_Pt_600to800_TuneCUETP8M1_13TeV_pythia8/MINIAODSIM/PU25nsData2015v1_76X_mcRun2_asymptotic_v12-v1/10000/EC7BBC13-7DB8-E511-86D9-0025905C22AE.root
Begin processing the 2000001st record. Run 1, Event 3246329, LumiSection 17268 at 05-Oct-2023 10:20:50.114 CEST
05-Oct-2023 10:20:51 CEST  Closed file root://eospublic.cern.ch//eos/opendata/cms/mc/RunIIFall15MiniAODv2/QCD_Pt_600to800_TuneCUETP8M1_13TeV_pythia8/MINIAODSIM/PU25nsData2015v1_76X_mcRun2_asymptotic_v12-v1/10000/EC7BBC13-7DB8-E511-86D9-0025905C22AE.root
05-Oct-2023 10:20:51 CEST  Initiating request to open file root://eospublic.cern.ch//eos/opendata/cms/mc/RunIIFall15MiniAODv2/QCD_Pt_600to800_TuneCUETP8M1_13TeV_pythia8/MINIAODSIM/PU25nsData2015v1_76X_mcRun2_asymptotic_v12-v1/10000/F0F68E33-7FB8-E511-A838-0025905C22AE.root
%MSG-w XrdAdaptor:  file_open 05-Oct-2023 10:20:52 CEST PostProcessEvent
Data is served from cern.ch instead of original site eospublic
%MSG
05-Oct-2023 10:20:52 CEST  Successfully opened file root://eospublic.cern.ch//eos/opendata/cms/mc/RunIIFall15MiniAODv2/QCD_Pt_600to800_TuneCUETP8M1_13TeV_pythia8/MINIAODSIM/PU25nsData2015v1_76X_mcRun2_asymptotic_v12-v1/10000/F0F68E33-7FB8-E511-A838-0025905C22AE.root
05-Oct-2023 10:20:55 CEST  Closed file root://eospublic.cern.ch//eos/opendata/cms/mc/RunIIFall15MiniAODv2/QCD_Pt_600to800_TuneCUETP8M1_13TeV_pythia8/MINIAODSIM/PU25nsData2015v1_76X_mcRun2_asymptotic_v12-v1/10000/F0F68E33-7FB8-E511-A838-0025905C22AE.root
05-Oct-2023 10:20:55 CEST  Initiating request to open file root://eospublic.cern.ch//eos/opendata/cms/mc/RunIIFall15MiniAODv2/QCD_Pt_600to800_TuneCUETP8M1_13TeV_pythia8/MINIAODSIM/PU25nsData2015v1_76X_mcRun2_asymptotic_v12-v1/10000/F45C7EC1-83B8-E511-805A-0025905C4432.root
%MSG-w XrdAdaptor:  file_open 05-Oct-2023 10:20:55 CEST PostProcessEvent
Data is served from cern.ch instead of original site eospublic
%MSG
05-Oct-2023 10:20:55 CEST  Successfully opened file root://eospublic.cern.ch//eos/opendata/cms/mc/RunIIFall15MiniAODv2/QCD_Pt_600to800_TuneCUETP8M1_13TeV_pythia8/MINIAODSIM/PU25nsData2015v1_76X_mcRun2_asymptotic_v12-v1/10000/F45C7EC1-83B8-E511-805A-0025905C4432.root
Begin processing the 2100001st record. Run 1, Event 3332417, LumiSection 17726 at 05-Oct-2023 10:20:57.237 CEST
05-Oct-2023 10:20:58 CEST  Closed file root://eospublic.cern.ch//eos/opendata/cms/mc/RunIIFall15MiniAODv2/QCD_Pt_600to800_TuneCUETP8M1_13TeV_pythia8/MINIAODSIM/PU25nsData2015v1_76X_mcRun2_asymptotic_v12-v1/10000/F45C7EC1-83B8-E511-805A-0025905C4432.root
05-Oct-2023 10:20:58 CEST  Initiating request to open file root://eospublic.cern.ch//eos/opendata/cms/mc/RunIIFall15MiniAODv2/QCD_Pt_600to800_TuneCUETP8M1_13TeV_pythia8/MINIAODSIM/PU25nsData2015v1_76X_mcRun2_asymptotic_v12-v1/10000/F6505442-7DB8-E511-A7C3-0025905C426E.root
%MSG-w XrdAdaptor:  file_open 05-Oct-2023 10:20:58 CEST PostProcessEvent
Data is served from cern.ch instead of original site eospublic
%MSG
05-Oct-2023 10:20:58 CEST  Successfully opened file root://eospublic.cern.ch//eos/opendata/cms/mc/RunIIFall15MiniAODv2/QCD_Pt_600to800_TuneCUETP8M1_13TeV_pythia8/MINIAODSIM/PU25nsData2015v1_76X_mcRun2_asymptotic_v12-v1/10000/F6505442-7DB8-E511-A7C3-0025905C426E.root
05-Oct-2023 10:21:02 CEST  Closed file root://eospublic.cern.ch//eos/opendata/cms/mc/RunIIFall15MiniAODv2/QCD_Pt_600to800_TuneCUETP8M1_13TeV_pythia8/MINIAODSIM/PU25nsData2015v1_76X_mcRun2_asymptotic_v12-v1/10000/F6505442-7DB8-E511-A7C3-0025905C426E.root
05-Oct-2023 10:21:02 CEST  Initiating request to open file root://eospublic.cern.ch//eos/opendata/cms/mc/RunIIFall15MiniAODv2/QCD_Pt_600to800_TuneCUETP8M1_13TeV_pythia8/MINIAODSIM/PU25nsData2015v1_76X_mcRun2_asymptotic_v12-v1/10000/FC1D39AB-7FB8-E511-BAAD-0025905C426E.root
%MSG-w XrdAdaptor:  file_open 05-Oct-2023 10:21:02 CEST PostProcessEvent
Data is served from cern.ch instead of original site eospublic
%MSG
05-Oct-2023 10:21:02 CEST  Successfully opened file root://eospublic.cern.ch//eos/opendata/cms/mc/RunIIFall15MiniAODv2/QCD_Pt_600to800_TuneCUETP8M1_13TeV_pythia8/MINIAODSIM/PU25nsData2015v1_76X_mcRun2_asymptotic_v12-v1/10000/FC1D39AB-7FB8-E511-BAAD-0025905C426E.root
Begin processing the 2200001st record. Run 1, Event 706793, LumiSection 3760 at 05-Oct-2023 10:21:04.543 CEST
05-Oct-2023 10:21:05 CEST  Closed file root://eospublic.cern.ch//eos/opendata/cms/mc/RunIIFall15MiniAODv2/QCD_Pt_600to800_TuneCUETP8M1_13TeV_pythia8/MINIAODSIM/PU25nsData2015v1_76X_mcRun2_asymptotic_v12-v1/10000/FC1D39AB-7FB8-E511-BAAD-0025905C426E.root
05-Oct-2023 10:21:05 CEST  Initiating request to open file root://eospublic.cern.ch//eos/opendata/cms/mc/RunIIFall15MiniAODv2/QCD_Pt_600to800_TuneCUETP8M1_13TeV_pythia8/MINIAODSIM/PU25nsData2015v1_76X_mcRun2_asymptotic_v12-v1/50000/142659AD-DDB8-E511-8313-0025905AC804.root
%MSG-w XrdAdaptor:  file_open 05-Oct-2023 10:21:05 CEST PostProcessEvent
Data is served from cern.ch instead of original site eospublic
%MSG
05-Oct-2023 10:21:05 CEST  Successfully opened file root://eospublic.cern.ch//eos/opendata/cms/mc/RunIIFall15MiniAODv2/QCD_Pt_600to800_TuneCUETP8M1_13TeV_pythia8/MINIAODSIM/PU25nsData2015v1_76X_mcRun2_asymptotic_v12-v1/50000/142659AD-DDB8-E511-8313-0025905AC804.root
05-Oct-2023 10:21:09 CEST  Closed file root://eospublic.cern.ch//eos/opendata/cms/mc/RunIIFall15MiniAODv2/QCD_Pt_600to800_TuneCUETP8M1_13TeV_pythia8/MINIAODSIM/PU25nsData2015v1_76X_mcRun2_asymptotic_v12-v1/50000/142659AD-DDB8-E511-8313-0025905AC804.root
05-Oct-2023 10:21:09 CEST  Initiating request to open file root://eospublic.cern.ch//eos/opendata/cms/mc/RunIIFall15MiniAODv2/QCD_Pt_600to800_TuneCUETP8M1_13TeV_pythia8/MINIAODSIM/PU25nsData2015v1_76X_mcRun2_asymptotic_v12-v1/50000/149074D7-DDB8-E511-9D8C-0025905AC9AE.root
%MSG-w XrdAdaptor:  file_open 05-Oct-2023 10:21:09 CEST PostProcessEvent
Data is served from cern.ch instead of original site eospublic
%MSG
05-Oct-2023 10:21:09 CEST  Successfully opened file root://eospublic.cern.ch//eos/opendata/cms/mc/RunIIFall15MiniAODv2/QCD_Pt_600to800_TuneCUETP8M1_13TeV_pythia8/MINIAODSIM/PU25nsData2015v1_76X_mcRun2_asymptotic_v12-v1/50000/149074D7-DDB8-E511-9D8C-0025905AC9AE.root
Begin processing the 2300001st record. Run 1, Event 543781, LumiSection 2893 at 05-Oct-2023 10:21:11.571 CEST
05-Oct-2023 10:21:12 CEST  Closed file root://eospublic.cern.ch//eos/opendata/cms/mc/RunIIFall15MiniAODv2/QCD_Pt_600to800_TuneCUETP8M1_13TeV_pythia8/MINIAODSIM/PU25nsData2015v1_76X_mcRun2_asymptotic_v12-v1/50000/149074D7-DDB8-E511-9D8C-0025905AC9AE.root
05-Oct-2023 10:21:12 CEST  Initiating request to open file root://eospublic.cern.ch//eos/opendata/cms/mc/RunIIFall15MiniAODv2/QCD_Pt_600to800_TuneCUETP8M1_13TeV_pythia8/MINIAODSIM/PU25nsData2015v1_76X_mcRun2_asymptotic_v12-v1/50000/2C5D7972-E0B8-E511-9FF3-0025905AC95E.root
%MSG-w XrdAdaptor:  file_open 05-Oct-2023 10:21:12 CEST PostProcessEvent
Data is served from cern.ch instead of original site eospublic
%MSG
05-Oct-2023 10:21:12 CEST  Successfully opened file root://eospublic.cern.ch//eos/opendata/cms/mc/RunIIFall15MiniAODv2/QCD_Pt_600to800_TuneCUETP8M1_13TeV_pythia8/MINIAODSIM/PU25nsData2015v1_76X_mcRun2_asymptotic_v12-v1/50000/2C5D7972-E0B8-E511-9FF3-0025905AC95E.root
05-Oct-2023 10:21:15 CEST  Closed file root://eospublic.cern.ch//eos/opendata/cms/mc/RunIIFall15MiniAODv2/QCD_Pt_600to800_TuneCUETP8M1_13TeV_pythia8/MINIAODSIM/PU25nsData2015v1_76X_mcRun2_asymptotic_v12-v1/50000/2C5D7972-E0B8-E511-9FF3-0025905AC95E.root
05-Oct-2023 10:21:15 CEST  Initiating request to open file root://eospublic.cern.ch//eos/opendata/cms/mc/RunIIFall15MiniAODv2/QCD_Pt_600to800_TuneCUETP8M1_13TeV_pythia8/MINIAODSIM/PU25nsData2015v1_76X_mcRun2_asymptotic_v12-v1/50000/4426B8A0-DDB8-E511-8622-0025905AF57E.root
%MSG-w XrdAdaptor:  file_open 05-Oct-2023 10:21:15 CEST PostProcessEvent
Data is served from cern.ch instead of original site eospublic
%MSG
05-Oct-2023 10:21:15 CEST  Successfully opened file root://eospublic.cern.ch//eos/opendata/cms/mc/RunIIFall15MiniAODv2/QCD_Pt_600to800_TuneCUETP8M1_13TeV_pythia8/MINIAODSIM/PU25nsData2015v1_76X_mcRun2_asymptotic_v12-v1/50000/4426B8A0-DDB8-E511-8622-0025905AF57E.root
05-Oct-2023 10:21:18 CEST  Closed file root://eospublic.cern.ch//eos/opendata/cms/mc/RunIIFall15MiniAODv2/QCD_Pt_600to800_TuneCUETP8M1_13TeV_pythia8/MINIAODSIM/PU25nsData2015v1_76X_mcRun2_asymptotic_v12-v1/50000/4426B8A0-DDB8-E511-8622-0025905AF57E.root
05-Oct-2023 10:21:18 CEST  Initiating request to open file root://eospublic.cern.ch//eos/opendata/cms/mc/RunIIFall15MiniAODv2/QCD_Pt_600to800_TuneCUETP8M1_13TeV_pythia8/MINIAODSIM/PU25nsData2015v1_76X_mcRun2_asymptotic_v12-v1/50000/46F19976-E0B8-E511-84C8-0025905AC97A.root
%MSG-w XrdAdaptor:  file_open 05-Oct-2023 10:21:18 CEST PostProcessEvent
Data is served from cern.ch instead of original site eospublic
%MSG
05-Oct-2023 10:21:18 CEST  Successfully opened file root://eospublic.cern.ch//eos/opendata/cms/mc/RunIIFall15MiniAODv2/QCD_Pt_600to800_TuneCUETP8M1_13TeV_pythia8/MINIAODSIM/PU25nsData2015v1_76X_mcRun2_asymptotic_v12-v1/50000/46F19976-E0B8-E511-84C8-0025905AC97A.root
Begin processing the 2400001st record. Run 1, Event 1857321, LumiSection 9880 at 05-Oct-2023 10:21:20.031 CEST
05-Oct-2023 10:21:21 CEST  Closed file root://eospublic.cern.ch//eos/opendata/cms/mc/RunIIFall15MiniAODv2/QCD_Pt_600to800_TuneCUETP8M1_13TeV_pythia8/MINIAODSIM/PU25nsData2015v1_76X_mcRun2_asymptotic_v12-v1/50000/46F19976-E0B8-E511-84C8-0025905AC97A.root
05-Oct-2023 10:21:21 CEST  Initiating request to open file root://eospublic.cern.ch//eos/opendata/cms/mc/RunIIFall15MiniAODv2/QCD_Pt_600to800_TuneCUETP8M1_13TeV_pythia8/MINIAODSIM/PU25nsData2015v1_76X_mcRun2_asymptotic_v12-v1/50000/543CF27B-DEB8-E511-ABD4-0025905AC822.root
%MSG-w XrdAdaptor:  file_open 05-Oct-2023 10:21:21 CEST PostProcessEvent
Data is served from cern.ch instead of original site eospublic
%MSG
05-Oct-2023 10:21:21 CEST  Successfully opened file root://eospublic.cern.ch//eos/opendata/cms/mc/RunIIFall15MiniAODv2/QCD_Pt_600to800_TuneCUETP8M1_13TeV_pythia8/MINIAODSIM/PU25nsData2015v1_76X_mcRun2_asymptotic_v12-v1/50000/543CF27B-DEB8-E511-ABD4-0025905AC822.root
05-Oct-2023 10:21:25 CEST  Closed file root://eospublic.cern.ch//eos/opendata/cms/mc/RunIIFall15MiniAODv2/QCD_Pt_600to800_TuneCUETP8M1_13TeV_pythia8/MINIAODSIM/PU25nsData2015v1_76X_mcRun2_asymptotic_v12-v1/50000/543CF27B-DEB8-E511-ABD4-0025905AC822.root
05-Oct-2023 10:21:25 CEST  Initiating request to open file root://eospublic.cern.ch//eos/opendata/cms/mc/RunIIFall15MiniAODv2/QCD_Pt_600to800_TuneCUETP8M1_13TeV_pythia8/MINIAODSIM/PU25nsData2015v1_76X_mcRun2_asymptotic_v12-v1/50000/84977372-E0B8-E511-96D6-0025905C42D4.root
%MSG-w XrdAdaptor:  file_open 05-Oct-2023 10:21:25 CEST PostProcessEvent
Data is served from cern.ch instead of original site eospublic
%MSG
05-Oct-2023 10:21:25 CEST  Successfully opened file root://eospublic.cern.ch//eos/opendata/cms/mc/RunIIFall15MiniAODv2/QCD_Pt_600to800_TuneCUETP8M1_13TeV_pythia8/MINIAODSIM/PU25nsData2015v1_76X_mcRun2_asymptotic_v12-v1/50000/84977372-E0B8-E511-96D6-0025905C42D4.root
Begin processing the 2500001st record. Run 1, Event 1314361, LumiSection 6992 at 05-Oct-2023 10:21:27.251 CEST
05-Oct-2023 10:21:27 CEST  Closed file root://eospublic.cern.ch//eos/opendata/cms/mc/RunIIFall15MiniAODv2/QCD_Pt_600to800_TuneCUETP8M1_13TeV_pythia8/MINIAODSIM/PU25nsData2015v1_76X_mcRun2_asymptotic_v12-v1/50000/84977372-E0B8-E511-96D6-0025905C42D4.root
05-Oct-2023 10:21:27 CEST  Initiating request to open file root://eospublic.cern.ch//eos/opendata/cms/mc/RunIIFall15MiniAODv2/QCD_Pt_600to800_TuneCUETP8M1_13TeV_pythia8/MINIAODSIM/PU25nsData2015v1_76X_mcRun2_asymptotic_v12-v1/50000/881537AD-DDB8-E511-912A-0025905AF57C.root
%MSG-w XrdAdaptor:  file_open 05-Oct-2023 10:21:27 CEST PostProcessEvent
Data is served from cern.ch instead of original site eospublic
%MSG
05-Oct-2023 10:21:27 CEST  Successfully opened file root://eospublic.cern.ch//eos/opendata/cms/mc/RunIIFall15MiniAODv2/QCD_Pt_600to800_TuneCUETP8M1_13TeV_pythia8/MINIAODSIM/PU25nsData2015v1_76X_mcRun2_asymptotic_v12-v1/50000/881537AD-DDB8-E511-912A-0025905AF57C.root
05-Oct-2023 10:21:29 CEST  Closed file root://eospublic.cern.ch//eos/opendata/cms/mc/RunIIFall15MiniAODv2/QCD_Pt_600to800_TuneCUETP8M1_13TeV_pythia8/MINIAODSIM/PU25nsData2015v1_76X_mcRun2_asymptotic_v12-v1/50000/881537AD-DDB8-E511-912A-0025905AF57C.root
05-Oct-2023 10:21:29 CEST  Initiating request to open file root://eospublic.cern.ch//eos/opendata/cms/mc/RunIIFall15MiniAODv2/QCD_Pt_600to800_TuneCUETP8M1_13TeV_pythia8/MINIAODSIM/PU25nsData2015v1_76X_mcRun2_asymptotic_v12-v1/50000/8E4259A8-DDB8-E511-BE96-0025905AC97A.root
%MSG-w XrdAdaptor:  file_open 05-Oct-2023 10:21:30 CEST PostProcessEvent
Data is served from cern.ch instead of original site eospublic
%MSG
05-Oct-2023 10:21:30 CEST  Successfully opened file root://eospublic.cern.ch//eos/opendata/cms/mc/RunIIFall15MiniAODv2/QCD_Pt_600to800_TuneCUETP8M1_13TeV_pythia8/MINIAODSIM/PU25nsData2015v1_76X_mcRun2_asymptotic_v12-v1/50000/8E4259A8-DDB8-E511-BE96-0025905AC97A.root
05-Oct-2023 10:21:32 CEST  Closed file root://eospublic.cern.ch//eos/opendata/cms/mc/RunIIFall15MiniAODv2/QCD_Pt_600to800_TuneCUETP8M1_13TeV_pythia8/MINIAODSIM/PU25nsData2015v1_76X_mcRun2_asymptotic_v12-v1/50000/8E4259A8-DDB8-E511-BE96-0025905AC97A.root
05-Oct-2023 10:21:32 CEST  Initiating request to open file root://eospublic.cern.ch//eos/opendata/cms/mc/RunIIFall15MiniAODv2/QCD_Pt_600to800_TuneCUETP8M1_13TeV_pythia8/MINIAODSIM/PU25nsData2015v1_76X_mcRun2_asymptotic_v12-v1/50000/A846CED8-DDB8-E511-9E90-0025905C4328.root
%MSG-w XrdAdaptor:  file_open 05-Oct-2023 10:21:32 CEST PostProcessEvent
Data is served from cern.ch instead of original site eospublic
%MSG
05-Oct-2023 10:21:32 CEST  Successfully opened file root://eospublic.cern.ch//eos/opendata/cms/mc/RunIIFall15MiniAODv2/QCD_Pt_600to800_TuneCUETP8M1_13TeV_pythia8/MINIAODSIM/PU25nsData2015v1_76X_mcRun2_asymptotic_v12-v1/50000/A846CED8-DDB8-E511-9E90-0025905C4328.root
Begin processing the 2600001st record. Run 1, Event 3992969, LumiSection 21240 at 05-Oct-2023 10:21:35.007 CEST
05-Oct-2023 10:21:36 CEST  Closed file root://eospublic.cern.ch//eos/opendata/cms/mc/RunIIFall15MiniAODv2/QCD_Pt_600to800_TuneCUETP8M1_13TeV_pythia8/MINIAODSIM/PU25nsData2015v1_76X_mcRun2_asymptotic_v12-v1/50000/A846CED8-DDB8-E511-9E90-0025905C4328.root
05-Oct-2023 10:21:36 CEST  Initiating request to open file root://eospublic.cern.ch//eos/opendata/cms/mc/RunIIFall15MiniAODv2/QCD_Pt_600to800_TuneCUETP8M1_13TeV_pythia8/MINIAODSIM/PU25nsData2015v1_76X_mcRun2_asymptotic_v12-v1/50000/ACF66ECA-DDB8-E511-BEAB-0025905AC984.root
%MSG-w XrdAdaptor:  file_open 05-Oct-2023 10:21:36 CEST PostProcessEvent
Data is served from cern.ch instead of original site eospublic
%MSG
05-Oct-2023 10:21:36 CEST  Successfully opened file root://eospublic.cern.ch//eos/opendata/cms/mc/RunIIFall15MiniAODv2/QCD_Pt_600to800_TuneCUETP8M1_13TeV_pythia8/MINIAODSIM/PU25nsData2015v1_76X_mcRun2_asymptotic_v12-v1/50000/ACF66ECA-DDB8-E511-BEAB-0025905AC984.root
05-Oct-2023 10:21:39 CEST  Closed file root://eospublic.cern.ch//eos/opendata/cms/mc/RunIIFall15MiniAODv2/QCD_Pt_600to800_TuneCUETP8M1_13TeV_pythia8/MINIAODSIM/PU25nsData2015v1_76X_mcRun2_asymptotic_v12-v1/50000/ACF66ECA-DDB8-E511-BEAB-0025905AC984.root
05-Oct-2023 10:21:39 CEST  Initiating request to open file root://eospublic.cern.ch//eos/opendata/cms/mc/RunIIFall15MiniAODv2/QCD_Pt_600to800_TuneCUETP8M1_13TeV_pythia8/MINIAODSIM/PU25nsData2015v1_76X_mcRun2_asymptotic_v12-v1/50000/B28705AC-DDB8-E511-8E32-0025905AC822.root
%MSG-w XrdAdaptor:  file_open 05-Oct-2023 10:21:39 CEST PostProcessEvent
Data is served from cern.ch instead of original site eospublic
%MSG
05-Oct-2023 10:21:39 CEST  Successfully opened file root://eospublic.cern.ch//eos/opendata/cms/mc/RunIIFall15MiniAODv2/QCD_Pt_600to800_TuneCUETP8M1_13TeV_pythia8/MINIAODSIM/PU25nsData2015v1_76X_mcRun2_asymptotic_v12-v1/50000/B28705AC-DDB8-E511-8E32-0025905AC822.root
Begin processing the 2700001st record. Run 1, Event 2704965, LumiSection 14389 at 05-Oct-2023 10:21:42.260 CEST
05-Oct-2023 10:21:42 CEST  Closed file root://eospublic.cern.ch//eos/opendata/cms/mc/RunIIFall15MiniAODv2/QCD_Pt_600to800_TuneCUETP8M1_13TeV_pythia8/MINIAODSIM/PU25nsData2015v1_76X_mcRun2_asymptotic_v12-v1/50000/B28705AC-DDB8-E511-8E32-0025905AC822.root
05-Oct-2023 10:21:42 CEST  Initiating request to open file root://eospublic.cern.ch//eos/opendata/cms/mc/RunIIFall15MiniAODv2/QCD_Pt_600to800_TuneCUETP8M1_13TeV_pythia8/MINIAODSIM/PU25nsData2015v1_76X_mcRun2_asymptotic_v12-v1/50000/D44056A8-DDB8-E511-A872-0025905AC97A.root
%MSG-w XrdAdaptor:  file_open 05-Oct-2023 10:21:42 CEST PostProcessEvent
Data is served from cern.ch instead of original site eospublic
%MSG
05-Oct-2023 10:21:42 CEST  Successfully opened file root://eospublic.cern.ch//eos/opendata/cms/mc/RunIIFall15MiniAODv2/QCD_Pt_600to800_TuneCUETP8M1_13TeV_pythia8/MINIAODSIM/PU25nsData2015v1_76X_mcRun2_asymptotic_v12-v1/50000/D44056A8-DDB8-E511-A872-0025905AC97A.root
05-Oct-2023 10:21:46 CEST  Closed file root://eospublic.cern.ch//eos/opendata/cms/mc/RunIIFall15MiniAODv2/QCD_Pt_600to800_TuneCUETP8M1_13TeV_pythia8/MINIAODSIM/PU25nsData2015v1_76X_mcRun2_asymptotic_v12-v1/50000/D44056A8-DDB8-E511-A872-0025905AC97A.root
05-Oct-2023 10:21:46 CEST  Initiating request to open file root://eospublic.cern.ch//eos/opendata/cms/mc/RunIIFall15MiniAODv2/QCD_Pt_600to800_TuneCUETP8M1_13TeV_pythia8/MINIAODSIM/PU25nsData2015v1_76X_mcRun2_asymptotic_v12-v1/50000/E05560AF-DDB8-E511-8295-0025905AF57E.root
%MSG-w XrdAdaptor:  file_open 05-Oct-2023 10:21:46 CEST PostProcessEvent
Data is served from cern.ch instead of original site eospublic
%MSG
05-Oct-2023 10:21:46 CEST  Successfully opened file root://eospublic.cern.ch//eos/opendata/cms/mc/RunIIFall15MiniAODv2/QCD_Pt_600to800_TuneCUETP8M1_13TeV_pythia8/MINIAODSIM/PU25nsData2015v1_76X_mcRun2_asymptotic_v12-v1/50000/E05560AF-DDB8-E511-8295-0025905AF57E.root
Begin processing the 2800001st record. Run 1, Event 1389889, LumiSection 7394 at 05-Oct-2023 10:21:49.382 CEST
05-Oct-2023 10:21:49 CEST  Closed file root://eospublic.cern.ch//eos/opendata/cms/mc/RunIIFall15MiniAODv2/QCD_Pt_600to800_TuneCUETP8M1_13TeV_pythia8/MINIAODSIM/PU25nsData2015v1_76X_mcRun2_asymptotic_v12-v1/50000/E05560AF-DDB8-E511-8295-0025905AF57E.root
05-Oct-2023 10:21:49 CEST  Initiating request to open file root://eospublic.cern.ch//eos/opendata/cms/mc/RunIIFall15MiniAODv2/QCD_Pt_600to800_TuneCUETP8M1_13TeV_pythia8/MINIAODSIM/PU25nsData2015v1_76X_mcRun2_asymptotic_v12-v1/50000/E66CF1AB-DDB8-E511-BCD2-0025905AC822.root
%MSG-w XrdAdaptor:  file_open 05-Oct-2023 10:21:49 CEST PostProcessEvent
Data is served from cern.ch instead of original site eospublic
%MSG
05-Oct-2023 10:21:49 CEST  Successfully opened file root://eospublic.cern.ch//eos/opendata/cms/mc/RunIIFall15MiniAODv2/QCD_Pt_600to800_TuneCUETP8M1_13TeV_pythia8/MINIAODSIM/PU25nsData2015v1_76X_mcRun2_asymptotic_v12-v1/50000/E66CF1AB-DDB8-E511-BCD2-0025905AC822.root
05-Oct-2023 10:21:52 CEST  Closed file root://eospublic.cern.ch//eos/opendata/cms/mc/RunIIFall15MiniAODv2/QCD_Pt_600to800_TuneCUETP8M1_13TeV_pythia8/MINIAODSIM/PU25nsData2015v1_76X_mcRun2_asymptotic_v12-v1/50000/E66CF1AB-DDB8-E511-BCD2-0025905AC822.root
05-Oct-2023 10:21:52 CEST  Initiating request to open file root://eospublic.cern.ch//eos/opendata/cms/mc/RunIIFall15MiniAODv2/QCD_Pt_600to800_TuneCUETP8M1_13TeV_pythia8/MINIAODSIM/PU25nsData2015v1_76X_mcRun2_asymptotic_v12-v1/50000/EACB55A8-DDB8-E511-94F8-0025905AC97A.root
%MSG-w XrdAdaptor:  file_open 05-Oct-2023 10:21:52 CEST PostProcessEvent
Data is served from cern.ch instead of original site eospublic
%MSG
05-Oct-2023 10:21:52 CEST  Successfully opened file root://eospublic.cern.ch//eos/opendata/cms/mc/RunIIFall15MiniAODv2/QCD_Pt_600to800_TuneCUETP8M1_13TeV_pythia8/MINIAODSIM/PU25nsData2015v1_76X_mcRun2_asymptotic_v12-v1/50000/EACB55A8-DDB8-E511-94F8-0025905AC97A.root
05-Oct-2023 10:21:55 CEST  Closed file root://eospublic.cern.ch//eos/opendata/cms/mc/RunIIFall15MiniAODv2/QCD_Pt_600to800_TuneCUETP8M1_13TeV_pythia8/MINIAODSIM/PU25nsData2015v1_76X_mcRun2_asymptotic_v12-v1/50000/EACB55A8-DDB8-E511-94F8-0025905AC97A.root
05-Oct-2023 10:21:55 CEST  Initiating request to open file root://eospublic.cern.ch//eos/opendata/cms/mc/RunIIFall15MiniAODv2/QCD_Pt_600to800_TuneCUETP8M1_13TeV_pythia8/MINIAODSIM/PU25nsData2015v1_76X_mcRun2_asymptotic_v12-v1/60000/00CBBAF9-F3B8-E511-B543-0025905C4328.root
%MSG-w XrdAdaptor:  file_open 05-Oct-2023 10:21:55 CEST PostProcessEvent
Data is served from cern.ch instead of original site eospublic
%MSG
05-Oct-2023 10:21:55 CEST  Successfully opened file root://eospublic.cern.ch//eos/opendata/cms/mc/RunIIFall15MiniAODv2/QCD_Pt_600to800_TuneCUETP8M1_13TeV_pythia8/MINIAODSIM/PU25nsData2015v1_76X_mcRun2_asymptotic_v12-v1/60000/00CBBAF9-F3B8-E511-B543-0025905C4328.root
Begin processing the 2900001st record. Run 1, Event 1577497, LumiSection 8391 at 05-Oct-2023 10:21:57.268 CEST
05-Oct-2023 10:21:59 CEST  Closed file root://eospublic.cern.ch//eos/opendata/cms/mc/RunIIFall15MiniAODv2/QCD_Pt_600to800_TuneCUETP8M1_13TeV_pythia8/MINIAODSIM/PU25nsData2015v1_76X_mcRun2_asymptotic_v12-v1/60000/00CBBAF9-F3B8-E511-B543-0025905C4328.root
05-Oct-2023 10:21:59 CEST  Initiating request to open file root://eospublic.cern.ch//eos/opendata/cms/mc/RunIIFall15MiniAODv2/QCD_Pt_600to800_TuneCUETP8M1_13TeV_pythia8/MINIAODSIM/PU25nsData2015v1_76X_mcRun2_asymptotic_v12-v1/60000/08382908-F3B8-E511-B217-0025905C4328.root
%MSG-w XrdAdaptor:  file_open 05-Oct-2023 10:21:59 CEST PostProcessEvent
Data is served from cern.ch instead of original site eospublic
%MSG
05-Oct-2023 10:21:59 CEST  Successfully opened file root://eospublic.cern.ch//eos/opendata/cms/mc/RunIIFall15MiniAODv2/QCD_Pt_600to800_TuneCUETP8M1_13TeV_pythia8/MINIAODSIM/PU25nsData2015v1_76X_mcRun2_asymptotic_v12-v1/60000/08382908-F3B8-E511-B217-0025905C4328.root
05-Oct-2023 10:22:02 CEST  Closed file root://eospublic.cern.ch//eos/opendata/cms/mc/RunIIFall15MiniAODv2/QCD_Pt_600to800_TuneCUETP8M1_13TeV_pythia8/MINIAODSIM/PU25nsData2015v1_76X_mcRun2_asymptotic_v12-v1/60000/08382908-F3B8-E511-B217-0025905C4328.root
05-Oct-2023 10:22:02 CEST  Initiating request to open file root://eospublic.cern.ch//eos/opendata/cms/mc/RunIIFall15MiniAODv2/QCD_Pt_600to800_TuneCUETP8M1_13TeV_pythia8/MINIAODSIM/PU25nsData2015v1_76X_mcRun2_asymptotic_v12-v1/60000/10F3FDA5-F4B8-E511-B506-0025905AC982.root
%MSG-w XrdAdaptor:  file_open 05-Oct-2023 10:22:02 CEST PostProcessEvent
Data is served from cern.ch instead of original site eospublic
%MSG
05-Oct-2023 10:22:02 CEST  Successfully opened file root://eospublic.cern.ch//eos/opendata/cms/mc/RunIIFall15MiniAODv2/QCD_Pt_600to800_TuneCUETP8M1_13TeV_pythia8/MINIAODSIM/PU25nsData2015v1_76X_mcRun2_asymptotic_v12-v1/60000/10F3FDA5-F4B8-E511-B506-0025905AC982.root
Begin processing the 3000001st record. Run 1, Event 532013, LumiSection 2830 at 05-Oct-2023 10:22:04.458 CEST
05-Oct-2023 10:22:05 CEST  Closed file root://eospublic.cern.ch//eos/opendata/cms/mc/RunIIFall15MiniAODv2/QCD_Pt_600to800_TuneCUETP8M1_13TeV_pythia8/MINIAODSIM/PU25nsData2015v1_76X_mcRun2_asymptotic_v12-v1/60000/10F3FDA5-F4B8-E511-B506-0025905AC982.root
05-Oct-2023 10:22:05 CEST  Initiating request to open file root://eospublic.cern.ch//eos/opendata/cms/mc/RunIIFall15MiniAODv2/QCD_Pt_600to800_TuneCUETP8M1_13TeV_pythia8/MINIAODSIM/PU25nsData2015v1_76X_mcRun2_asymptotic_v12-v1/60000/2627AAA0-F4B8-E511-8948-0025905C4432.root
%MSG-w XrdAdaptor:  file_open 05-Oct-2023 10:22:05 CEST PostProcessEvent
Data is served from cern.ch instead of original site eospublic
%MSG
05-Oct-2023 10:22:05 CEST  Successfully opened file root://eospublic.cern.ch//eos/opendata/cms/mc/RunIIFall15MiniAODv2/QCD_Pt_600to800_TuneCUETP8M1_13TeV_pythia8/MINIAODSIM/PU25nsData2015v1_76X_mcRun2_asymptotic_v12-v1/60000/2627AAA0-F4B8-E511-8948-0025905C4432.root
05-Oct-2023 10:22:08 CEST  Closed file root://eospublic.cern.ch//eos/opendata/cms/mc/RunIIFall15MiniAODv2/QCD_Pt_600to800_TuneCUETP8M1_13TeV_pythia8/MINIAODSIM/PU25nsData2015v1_76X_mcRun2_asymptotic_v12-v1/60000/2627AAA0-F4B8-E511-8948-0025905C4432.root
05-Oct-2023 10:22:08 CEST  Initiating request to open file root://eospublic.cern.ch//eos/opendata/cms/mc/RunIIFall15MiniAODv2/QCD_Pt_600to800_TuneCUETP8M1_13TeV_pythia8/MINIAODSIM/PU25nsData2015v1_76X_mcRun2_asymptotic_v12-v1/60000/2634EACC-F3B8-E511-AA9C-0025905AC982.root
%MSG-w XrdAdaptor:  file_open 05-Oct-2023 10:22:08 CEST PostProcessEvent
Data is served from cern.ch instead of original site eospublic
%MSG
05-Oct-2023 10:22:08 CEST  Successfully opened file root://eospublic.cern.ch//eos/opendata/cms/mc/RunIIFall15MiniAODv2/QCD_Pt_600to800_TuneCUETP8M1_13TeV_pythia8/MINIAODSIM/PU25nsData2015v1_76X_mcRun2_asymptotic_v12-v1/60000/2634EACC-F3B8-E511-AA9C-0025905AC982.root
Begin processing the 3100001st record. Run 1, Event 3089173, LumiSection 16432 at 05-Oct-2023 10:22:11.677 CEST
05-Oct-2023 10:22:12 CEST  Closed file root://eospublic.cern.ch//eos/opendata/cms/mc/RunIIFall15MiniAODv2/QCD_Pt_600to800_TuneCUETP8M1_13TeV_pythia8/MINIAODSIM/PU25nsData2015v1_76X_mcRun2_asymptotic_v12-v1/60000/2634EACC-F3B8-E511-AA9C-0025905AC982.root
05-Oct-2023 10:22:12 CEST  Initiating request to open file root://eospublic.cern.ch//eos/opendata/cms/mc/RunIIFall15MiniAODv2/QCD_Pt_600to800_TuneCUETP8M1_13TeV_pythia8/MINIAODSIM/PU25nsData2015v1_76X_mcRun2_asymptotic_v12-v1/60000/3045EE31-F7B8-E511-8A6B-0025905C4432.root
%MSG-w XrdAdaptor:  file_open 05-Oct-2023 10:22:12 CEST PostProcessEvent
Data is served from cern.ch instead of original site eospublic
%MSG
05-Oct-2023 10:22:12 CEST  Successfully opened file root://eospublic.cern.ch//eos/opendata/cms/mc/RunIIFall15MiniAODv2/QCD_Pt_600to800_TuneCUETP8M1_13TeV_pythia8/MINIAODSIM/PU25nsData2015v1_76X_mcRun2_asymptotic_v12-v1/60000/3045EE31-F7B8-E511-8A6B-0025905C4432.root
05-Oct-2023 10:22:15 CEST  Closed file root://eospublic.cern.ch//eos/opendata/cms/mc/RunIIFall15MiniAODv2/QCD_Pt_600to800_TuneCUETP8M1_13TeV_pythia8/MINIAODSIM/PU25nsData2015v1_76X_mcRun2_asymptotic_v12-v1/60000/3045EE31-F7B8-E511-8A6B-0025905C4432.root
05-Oct-2023 10:22:15 CEST  Initiating request to open file root://eospublic.cern.ch//eos/opendata/cms/mc/RunIIFall15MiniAODv2/QCD_Pt_600to800_TuneCUETP8M1_13TeV_pythia8/MINIAODSIM/PU25nsData2015v1_76X_mcRun2_asymptotic_v12-v1/60000/361C999D-F4B8-E511-A865-0025905AC9AE.root
%MSG-w XrdAdaptor:  file_open 05-Oct-2023 10:22:15 CEST PostProcessEvent
Data is served from cern.ch instead of original site eospublic
%MSG
05-Oct-2023 10:22:15 CEST  Successfully opened file root://eospublic.cern.ch//eos/opendata/cms/mc/RunIIFall15MiniAODv2/QCD_Pt_600to800_TuneCUETP8M1_13TeV_pythia8/MINIAODSIM/PU25nsData2015v1_76X_mcRun2_asymptotic_v12-v1/60000/361C999D-F4B8-E511-A865-0025905AC9AE.root
Begin processing the 3200001st record. Run 1, Event 2572345, LumiSection 13683 at 05-Oct-2023 10:22:18.703 CEST
05-Oct-2023 10:22:18 CEST  Closed file root://eospublic.cern.ch//eos/opendata/cms/mc/RunIIFall15MiniAODv2/QCD_Pt_600to800_TuneCUETP8M1_13TeV_pythia8/MINIAODSIM/PU25nsData2015v1_76X_mcRun2_asymptotic_v12-v1/60000/361C999D-F4B8-E511-A865-0025905AC9AE.root
05-Oct-2023 10:22:18 CEST  Initiating request to open file root://eospublic.cern.ch//eos/opendata/cms/mc/RunIIFall15MiniAODv2/QCD_Pt_600to800_TuneCUETP8M1_13TeV_pythia8/MINIAODSIM/PU25nsData2015v1_76X_mcRun2_asymptotic_v12-v1/60000/5C898592-F3B8-E511-9181-0025905AC804.root
%MSG-w XrdAdaptor:  file_open 05-Oct-2023 10:22:18 CEST PostProcessEvent
Data is served from cern.ch instead of original site eospublic
%MSG
05-Oct-2023 10:22:18 CEST  Successfully opened file root://eospublic.cern.ch//eos/opendata/cms/mc/RunIIFall15MiniAODv2/QCD_Pt_600to800_TuneCUETP8M1_13TeV_pythia8/MINIAODSIM/PU25nsData2015v1_76X_mcRun2_asymptotic_v12-v1/60000/5C898592-F3B8-E511-9181-0025905AC804.root
05-Oct-2023 10:22:21 CEST  Closed file root://eospublic.cern.ch//eos/opendata/cms/mc/RunIIFall15MiniAODv2/QCD_Pt_600to800_TuneCUETP8M1_13TeV_pythia8/MINIAODSIM/PU25nsData2015v1_76X_mcRun2_asymptotic_v12-v1/60000/5C898592-F3B8-E511-9181-0025905AC804.root
05-Oct-2023 10:22:21 CEST  Initiating request to open file root://eospublic.cern.ch//eos/opendata/cms/mc/RunIIFall15MiniAODv2/QCD_Pt_600to800_TuneCUETP8M1_13TeV_pythia8/MINIAODSIM/PU25nsData2015v1_76X_mcRun2_asymptotic_v12-v1/60000/78EEC29B-F4B8-E511-BD9B-0025905C42D2.root
%MSG-w XrdAdaptor:  file_open 05-Oct-2023 10:22:21 CEST PostProcessEvent
Data is served from cern.ch instead of original site eospublic
%MSG
05-Oct-2023 10:22:21 CEST  Successfully opened file root://eospublic.cern.ch//eos/opendata/cms/mc/RunIIFall15MiniAODv2/QCD_Pt_600to800_TuneCUETP8M1_13TeV_pythia8/MINIAODSIM/PU25nsData2015v1_76X_mcRun2_asymptotic_v12-v1/60000/78EEC29B-F4B8-E511-BD9B-0025905C42D2.root
05-Oct-2023 10:22:24 CEST  Closed file root://eospublic.cern.ch//eos/opendata/cms/mc/RunIIFall15MiniAODv2/QCD_Pt_600to800_TuneCUETP8M1_13TeV_pythia8/MINIAODSIM/PU25nsData2015v1_76X_mcRun2_asymptotic_v12-v1/60000/78EEC29B-F4B8-E511-BD9B-0025905C42D2.root
05-Oct-2023 10:22:24 CEST  Initiating request to open file root://eospublic.cern.ch//eos/opendata/cms/mc/RunIIFall15MiniAODv2/QCD_Pt_600to800_TuneCUETP8M1_13TeV_pythia8/MINIAODSIM/PU25nsData2015v1_76X_mcRun2_asymptotic_v12-v1/60000/7C733DB7-F3B8-E511-ABD8-0025905AF57E.root
%MSG-w XrdAdaptor:  file_open 05-Oct-2023 10:22:24 CEST PostProcessEvent
Data is served from cern.ch instead of original site eospublic
%MSG
05-Oct-2023 10:22:24 CEST  Successfully opened file root://eospublic.cern.ch//eos/opendata/cms/mc/RunIIFall15MiniAODv2/QCD_Pt_600to800_TuneCUETP8M1_13TeV_pythia8/MINIAODSIM/PU25nsData2015v1_76X_mcRun2_asymptotic_v12-v1/60000/7C733DB7-F3B8-E511-ABD8-0025905AF57E.root
Begin processing the 3300001st record. Run 1, Event 1165901, LumiSection 6202 at 05-Oct-2023 10:22:26.758 CEST
05-Oct-2023 10:22:27 CEST  Closed file root://eospublic.cern.ch//eos/opendata/cms/mc/RunIIFall15MiniAODv2/QCD_Pt_600to800_TuneCUETP8M1_13TeV_pythia8/MINIAODSIM/PU25nsData2015v1_76X_mcRun2_asymptotic_v12-v1/60000/7C733DB7-F3B8-E511-ABD8-0025905AF57E.root
05-Oct-2023 10:22:27 CEST  Initiating request to open file root://eospublic.cern.ch//eos/opendata/cms/mc/RunIIFall15MiniAODv2/QCD_Pt_600to800_TuneCUETP8M1_13TeV_pythia8/MINIAODSIM/PU25nsData2015v1_76X_mcRun2_asymptotic_v12-v1/60000/80E2658B-F2B8-E511-98A3-0025905AF57E.root
%MSG-w XrdAdaptor:  file_open 05-Oct-2023 10:22:27 CEST PostProcessEvent
Data is served from cern.ch instead of original site eospublic
%MSG
05-Oct-2023 10:22:27 CEST  Successfully opened file root://eospublic.cern.ch//eos/opendata/cms/mc/RunIIFall15MiniAODv2/QCD_Pt_600to800_TuneCUETP8M1_13TeV_pythia8/MINIAODSIM/PU25nsData2015v1_76X_mcRun2_asymptotic_v12-v1/60000/80E2658B-F2B8-E511-98A3-0025905AF57E.root
05-Oct-2023 10:22:30 CEST  Closed file root://eospublic.cern.ch//eos/opendata/cms/mc/RunIIFall15MiniAODv2/QCD_Pt_600to800_TuneCUETP8M1_13TeV_pythia8/MINIAODSIM/PU25nsData2015v1_76X_mcRun2_asymptotic_v12-v1/60000/80E2658B-F2B8-E511-98A3-0025905AF57E.root
05-Oct-2023 10:22:30 CEST  Initiating request to open file root://eospublic.cern.ch//eos/opendata/cms/mc/RunIIFall15MiniAODv2/QCD_Pt_600to800_TuneCUETP8M1_13TeV_pythia8/MINIAODSIM/PU25nsData2015v1_76X_mcRun2_asymptotic_v12-v1/60000/92C38DA0-F4B8-E511-A7ED-0025905C4432.root
%MSG-w XrdAdaptor:  file_open 05-Oct-2023 10:22:30 CEST PostProcessEvent
Data is served from cern.ch instead of original site eospublic
%MSG
05-Oct-2023 10:22:30 CEST  Successfully opened file root://eospublic.cern.ch//eos/opendata/cms/mc/RunIIFall15MiniAODv2/QCD_Pt_600to800_TuneCUETP8M1_13TeV_pythia8/MINIAODSIM/PU25nsData2015v1_76X_mcRun2_asymptotic_v12-v1/60000/92C38DA0-F4B8-E511-A7ED-0025905C4432.root
Begin processing the 3400001st record. Run 1, Event 2810885, LumiSection 14952 at 05-Oct-2023 10:22:33.822 CEST
05-Oct-2023 10:22:33 CEST  Closed file root://eospublic.cern.ch//eos/opendata/cms/mc/RunIIFall15MiniAODv2/QCD_Pt_600to800_TuneCUETP8M1_13TeV_pythia8/MINIAODSIM/PU25nsData2015v1_76X_mcRun2_asymptotic_v12-v1/60000/92C38DA0-F4B8-E511-A7ED-0025905C4432.root
05-Oct-2023 10:22:33 CEST  Initiating request to open file root://eospublic.cern.ch//eos/opendata/cms/mc/RunIIFall15MiniAODv2/QCD_Pt_600to800_TuneCUETP8M1_13TeV_pythia8/MINIAODSIM/PU25nsData2015v1_76X_mcRun2_asymptotic_v12-v1/60000/94D550A1-F4B8-E511-934B-0025905AC822.root
%MSG-w XrdAdaptor:  file_open 05-Oct-2023 10:22:33 CEST PostProcessEvent
Data is served from cern.ch instead of original site eospublic
%MSG
05-Oct-2023 10:22:34 CEST  Successfully opened file root://eospublic.cern.ch//eos/opendata/cms/mc/RunIIFall15MiniAODv2/QCD_Pt_600to800_TuneCUETP8M1_13TeV_pythia8/MINIAODSIM/PU25nsData2015v1_76X_mcRun2_asymptotic_v12-v1/60000/94D550A1-F4B8-E511-934B-0025905AC822.root
05-Oct-2023 10:22:37 CEST  Closed file root://eospublic.cern.ch//eos/opendata/cms/mc/RunIIFall15MiniAODv2/QCD_Pt_600to800_TuneCUETP8M1_13TeV_pythia8/MINIAODSIM/PU25nsData2015v1_76X_mcRun2_asymptotic_v12-v1/60000/94D550A1-F4B8-E511-934B-0025905AC822.root
05-Oct-2023 10:22:37 CEST  Initiating request to open file root://eospublic.cern.ch//eos/opendata/cms/mc/RunIIFall15MiniAODv2/QCD_Pt_600to800_TuneCUETP8M1_13TeV_pythia8/MINIAODSIM/PU25nsData2015v1_76X_mcRun2_asymptotic_v12-v1/60000/9ACC6ABD-F3B8-E511-A7E3-0025905C446C.root
%MSG-w XrdAdaptor:  file_open 05-Oct-2023 10:22:37 CEST PostProcessEvent
Data is served from cern.ch instead of original site eospublic
%MSG
05-Oct-2023 10:22:37 CEST  Successfully opened file root://eospublic.cern.ch//eos/opendata/cms/mc/RunIIFall15MiniAODv2/QCD_Pt_600to800_TuneCUETP8M1_13TeV_pythia8/MINIAODSIM/PU25nsData2015v1_76X_mcRun2_asymptotic_v12-v1/60000/9ACC6ABD-F3B8-E511-A7E3-0025905C446C.root
05-Oct-2023 10:22:39 CEST  Closed file root://eospublic.cern.ch//eos/opendata/cms/mc/RunIIFall15MiniAODv2/QCD_Pt_600to800_TuneCUETP8M1_13TeV_pythia8/MINIAODSIM/PU25nsData2015v1_76X_mcRun2_asymptotic_v12-v1/60000/9ACC6ABD-F3B8-E511-A7E3-0025905C446C.root
05-Oct-2023 10:22:39 CEST  Initiating request to open file root://eospublic.cern.ch//eos/opendata/cms/mc/RunIIFall15MiniAODv2/QCD_Pt_600to800_TuneCUETP8M1_13TeV_pythia8/MINIAODSIM/PU25nsData2015v1_76X_mcRun2_asymptotic_v12-v1/60000/9AE0D52F-F3B8-E511-BD59-0025905C4432.root
%MSG-w XrdAdaptor:  file_open 05-Oct-2023 10:22:39 CEST PostProcessEvent
Data is served from cern.ch instead of original site eospublic
%MSG
05-Oct-2023 10:22:39 CEST  Successfully opened file root://eospublic.cern.ch//eos/opendata/cms/mc/RunIIFall15MiniAODv2/QCD_Pt_600to800_TuneCUETP8M1_13TeV_pythia8/MINIAODSIM/PU25nsData2015v1_76X_mcRun2_asymptotic_v12-v1/60000/9AE0D52F-F3B8-E511-BD59-0025905C4432.root
Begin processing the 3500001st record. Run 1, Event 2914081, LumiSection 15501 at 05-Oct-2023 10:22:41.790 CEST
05-Oct-2023 10:22:43 CEST  Closed file root://eospublic.cern.ch//eos/opendata/cms/mc/RunIIFall15MiniAODv2/QCD_Pt_600to800_TuneCUETP8M1_13TeV_pythia8/MINIAODSIM/PU25nsData2015v1_76X_mcRun2_asymptotic_v12-v1/60000/9AE0D52F-F3B8-E511-BD59-0025905C4432.root
05-Oct-2023 10:22:43 CEST  Initiating request to open file root://eospublic.cern.ch//eos/opendata/cms/mc/RunIIFall15MiniAODv2/QCD_Pt_600to800_TuneCUETP8M1_13TeV_pythia8/MINIAODSIM/PU25nsData2015v1_76X_mcRun2_asymptotic_v12-v1/60000/A06CF504-F4B8-E511-811A-0025905AC95E.root
%MSG-w XrdAdaptor:  file_open 05-Oct-2023 10:22:43 CEST PostProcessEvent
Data is served from cern.ch instead of original site eospublic
%MSG
05-Oct-2023 10:22:43 CEST  Successfully opened file root://eospublic.cern.ch//eos/opendata/cms/mc/RunIIFall15MiniAODv2/QCD_Pt_600to800_TuneCUETP8M1_13TeV_pythia8/MINIAODSIM/PU25nsData2015v1_76X_mcRun2_asymptotic_v12-v1/60000/A06CF504-F4B8-E511-811A-0025905AC95E.root
05-Oct-2023 10:22:46 CEST  Closed file root://eospublic.cern.ch//eos/opendata/cms/mc/RunIIFall15MiniAODv2/QCD_Pt_600to800_TuneCUETP8M1_13TeV_pythia8/MINIAODSIM/PU25nsData2015v1_76X_mcRun2_asymptotic_v12-v1/60000/A06CF504-F4B8-E511-811A-0025905AC95E.root
05-Oct-2023 10:22:46 CEST  Initiating request to open file root://eospublic.cern.ch//eos/opendata/cms/mc/RunIIFall15MiniAODv2/QCD_Pt_600to800_TuneCUETP8M1_13TeV_pythia8/MINIAODSIM/PU25nsData2015v1_76X_mcRun2_asymptotic_v12-v1/60000/B075BF99-F4B8-E511-8C0F-0025905AC804.root
%MSG-w XrdAdaptor:  file_open 05-Oct-2023 10:22:46 CEST PostProcessEvent
Data is served from cern.ch instead of original site eospublic
%MSG
05-Oct-2023 10:22:46 CEST  Successfully opened file root://eospublic.cern.ch//eos/opendata/cms/mc/RunIIFall15MiniAODv2/QCD_Pt_600to800_TuneCUETP8M1_13TeV_pythia8/MINIAODSIM/PU25nsData2015v1_76X_mcRun2_asymptotic_v12-v1/60000/B075BF99-F4B8-E511-8C0F-0025905AC804.root
Begin processing the 3600001st record. Run 1, Event 3408693, LumiSection 18132 at 05-Oct-2023 10:22:48.814 CEST
05-Oct-2023 10:22:49 CEST  Closed file root://eospublic.cern.ch//eos/opendata/cms/mc/RunIIFall15MiniAODv2/QCD_Pt_600to800_TuneCUETP8M1_13TeV_pythia8/MINIAODSIM/PU25nsData2015v1_76X_mcRun2_asymptotic_v12-v1/60000/B075BF99-F4B8-E511-8C0F-0025905AC804.root
05-Oct-2023 10:22:49 CEST  Initiating request to open file root://eospublic.cern.ch//eos/opendata/cms/mc/RunIIFall15MiniAODv2/QCD_Pt_600to800_TuneCUETP8M1_13TeV_pythia8/MINIAODSIM/PU25nsData2015v1_76X_mcRun2_asymptotic_v12-v1/60000/B2B7959D-F4B8-E511-967A-0025905AC9AE.root
%MSG-w XrdAdaptor:  file_open 05-Oct-2023 10:22:49 CEST PostProcessEvent
Data is served from cern.ch instead of original site eospublic
%MSG
05-Oct-2023 10:22:49 CEST  Successfully opened file root://eospublic.cern.ch//eos/opendata/cms/mc/RunIIFall15MiniAODv2/QCD_Pt_600to800_TuneCUETP8M1_13TeV_pythia8/MINIAODSIM/PU25nsData2015v1_76X_mcRun2_asymptotic_v12-v1/60000/B2B7959D-F4B8-E511-967A-0025905AC9AE.root
05-Oct-2023 10:22:53 CEST  Closed file root://eospublic.cern.ch//eos/opendata/cms/mc/RunIIFall15MiniAODv2/QCD_Pt_600to800_TuneCUETP8M1_13TeV_pythia8/MINIAODSIM/PU25nsData2015v1_76X_mcRun2_asymptotic_v12-v1/60000/B2B7959D-F4B8-E511-967A-0025905AC9AE.root
05-Oct-2023 10:22:53 CEST  Initiating request to open file root://eospublic.cern.ch//eos/opendata/cms/mc/RunIIFall15MiniAODv2/QCD_Pt_600to800_TuneCUETP8M1_13TeV_pythia8/MINIAODSIM/PU25nsData2015v1_76X_mcRun2_asymptotic_v12-v1/60000/C2405230-F3B8-E511-BD64-0025905AC97A.root
%MSG-w XrdAdaptor:  file_open 05-Oct-2023 10:22:53 CEST PostProcessEvent
Data is served from cern.ch instead of original site eospublic
%MSG
05-Oct-2023 10:22:53 CEST  Successfully opened file root://eospublic.cern.ch//eos/opendata/cms/mc/RunIIFall15MiniAODv2/QCD_Pt_600to800_TuneCUETP8M1_13TeV_pythia8/MINIAODSIM/PU25nsData2015v1_76X_mcRun2_asymptotic_v12-v1/60000/C2405230-F3B8-E511-BD64-0025905AC97A.root
Begin processing the 3700001st record. Run 1, Event 603905, LumiSection 3213 at 05-Oct-2023 10:22:55.968 CEST
05-Oct-2023 10:22:56 CEST  Closed file root://eospublic.cern.ch//eos/opendata/cms/mc/RunIIFall15MiniAODv2/QCD_Pt_600to800_TuneCUETP8M1_13TeV_pythia8/MINIAODSIM/PU25nsData2015v1_76X_mcRun2_asymptotic_v12-v1/60000/C2405230-F3B8-E511-BD64-0025905AC97A.root
05-Oct-2023 10:22:56 CEST  Initiating request to open file root://eospublic.cern.ch//eos/opendata/cms/mc/RunIIFall15MiniAODv2/QCD_Pt_600to800_TuneCUETP8M1_13TeV_pythia8/MINIAODSIM/PU25nsData2015v1_76X_mcRun2_asymptotic_v12-v1/60000/D43CEAB1-F3B8-E511-B556-0025905C4470.root
%MSG-w XrdAdaptor:  file_open 05-Oct-2023 10:22:56 CEST PostProcessEvent
Data is served from cern.ch instead of original site eospublic
%MSG
05-Oct-2023 10:22:56 CEST  Successfully opened file root://eospublic.cern.ch//eos/opendata/cms/mc/RunIIFall15MiniAODv2/QCD_Pt_600to800_TuneCUETP8M1_13TeV_pythia8/MINIAODSIM/PU25nsData2015v1_76X_mcRun2_asymptotic_v12-v1/60000/D43CEAB1-F3B8-E511-B556-0025905C4470.root
05-Oct-2023 10:22:59 CEST  Closed file root://eospublic.cern.ch//eos/opendata/cms/mc/RunIIFall15MiniAODv2/QCD_Pt_600to800_TuneCUETP8M1_13TeV_pythia8/MINIAODSIM/PU25nsData2015v1_76X_mcRun2_asymptotic_v12-v1/60000/D43CEAB1-F3B8-E511-B556-0025905C4470.root
05-Oct-2023 10:22:59 CEST  Initiating request to open file root://eospublic.cern.ch//eos/opendata/cms/mc/RunIIFall15MiniAODv2/QCD_Pt_600to800_TuneCUETP8M1_13TeV_pythia8/MINIAODSIM/PU25nsData2015v1_76X_mcRun2_asymptotic_v12-v1/60000/E20B999D-F4B8-E511-ACFF-0025905AC9AE.root
%MSG-w XrdAdaptor:  file_open 05-Oct-2023 10:22:59 CEST PostProcessEvent
Data is served from cern.ch instead of original site eospublic
%MSG
05-Oct-2023 10:22:59 CEST  Successfully opened file root://eospublic.cern.ch//eos/opendata/cms/mc/RunIIFall15MiniAODv2/QCD_Pt_600to800_TuneCUETP8M1_13TeV_pythia8/MINIAODSIM/PU25nsData2015v1_76X_mcRun2_asymptotic_v12-v1/60000/E20B999D-F4B8-E511-ACFF-0025905AC9AE.root
Begin processing the 3800001st record. Run 1, Event 1655749, LumiSection 8808 at 05-Oct-2023 10:23:02.994 CEST
05-Oct-2023 10:23:03 CEST  Closed file root://eospublic.cern.ch//eos/opendata/cms/mc/RunIIFall15MiniAODv2/QCD_Pt_600to800_TuneCUETP8M1_13TeV_pythia8/MINIAODSIM/PU25nsData2015v1_76X_mcRun2_asymptotic_v12-v1/60000/E20B999D-F4B8-E511-ACFF-0025905AC9AE.root
05-Oct-2023 10:23:03 CEST  Initiating request to open file root://eospublic.cern.ch//eos/opendata/cms/mc/RunIIFall15MiniAODv2/QCD_Pt_600to800_TuneCUETP8M1_13TeV_pythia8/MINIAODSIM/PU25nsData2015v1_76X_mcRun2_asymptotic_v12-v1/60000/E6531E50-F3B8-E511-AD64-0025905C42D2.root
%MSG-w XrdAdaptor:  file_open 05-Oct-2023 10:23:03 CEST PostProcessEvent
Data is served from cern.ch instead of original site eospublic
%MSG
05-Oct-2023 10:23:03 CEST  Successfully opened file root://eospublic.cern.ch//eos/opendata/cms/mc/RunIIFall15MiniAODv2/QCD_Pt_600to800_TuneCUETP8M1_13TeV_pythia8/MINIAODSIM/PU25nsData2015v1_76X_mcRun2_asymptotic_v12-v1/60000/E6531E50-F3B8-E511-AD64-0025905C42D2.root
05-Oct-2023 10:23:06 CEST  Closed file root://eospublic.cern.ch//eos/opendata/cms/mc/RunIIFall15MiniAODv2/QCD_Pt_600to800_TuneCUETP8M1_13TeV_pythia8/MINIAODSIM/PU25nsData2015v1_76X_mcRun2_asymptotic_v12-v1/60000/E6531E50-F3B8-E511-AD64-0025905C42D2.root
05-Oct-2023 10:23:06 CEST  Initiating request to open file root://eospublic.cern.ch//eos/opendata/cms/mc/RunIIFall15MiniAODv2/QCD_Pt_600to800_TuneCUETP8M1_13TeV_pythia8/MINIAODSIM/PU25nsData2015v1_76X_mcRun2_asymptotic_v12-v1/60000/EC59929E-F2B8-E511-9B90-0025905C4470.root
%MSG-w XrdAdaptor:  file_open 05-Oct-2023 10:23:06 CEST PostProcessEvent
Data is served from cern.ch instead of original site eospublic
%MSG
05-Oct-2023 10:23:06 CEST  Successfully opened file root://eospublic.cern.ch//eos/opendata/cms/mc/RunIIFall15MiniAODv2/QCD_Pt_600to800_TuneCUETP8M1_13TeV_pythia8/MINIAODSIM/PU25nsData2015v1_76X_mcRun2_asymptotic_v12-v1/60000/EC59929E-F2B8-E511-9B90-0025905C4470.root
05-Oct-2023 10:23:09 CEST  Closed file root://eospublic.cern.ch//eos/opendata/cms/mc/RunIIFall15MiniAODv2/QCD_Pt_600to800_TuneCUETP8M1_13TeV_pythia8/MINIAODSIM/PU25nsData2015v1_76X_mcRun2_asymptotic_v12-v1/60000/EC59929E-F2B8-E511-9B90-0025905C4470.root
05-Oct-2023 10:23:09 CEST  Initiating request to open file root://eospublic.cern.ch//eos/opendata/cms/mc/RunIIFall15MiniAODv2/QCD_Pt_600to800_TuneCUETP8M1_13TeV_pythia8/MINIAODSIM/PU25nsData2015v1_76X_mcRun2_asymptotic_v12-v1/60000/F4D195A0-F4B8-E511-81EE-0025905C4432.root
%MSG-w XrdAdaptor:  file_open 05-Oct-2023 10:23:09 CEST PostProcessEvent
Data is served from cern.ch instead of original site eospublic
%MSG
05-Oct-2023 10:23:09 CEST  Successfully opened file root://eospublic.cern.ch//eos/opendata/cms/mc/RunIIFall15MiniAODv2/QCD_Pt_600to800_TuneCUETP8M1_13TeV_pythia8/MINIAODSIM/PU25nsData2015v1_76X_mcRun2_asymptotic_v12-v1/60000/F4D195A0-F4B8-E511-81EE-0025905C4432.root
Begin processing the 3900001st record. Run 1, Event 2486881, LumiSection 13229 at 05-Oct-2023 10:23:10.878 CEST
05-Oct-2023 10:23:12 CEST  Closed file root://eospublic.cern.ch//eos/opendata/cms/mc/RunIIFall15MiniAODv2/QCD_Pt_600to800_TuneCUETP8M1_13TeV_pythia8/MINIAODSIM/PU25nsData2015v1_76X_mcRun2_asymptotic_v12-v1/60000/F4D195A0-F4B8-E511-81EE-0025905C4432.root
05-Oct-2023 10:23:12 CEST  Initiating request to open file root://eospublic.cern.ch//eos/opendata/cms/mc/RunIIFall15MiniAODv2/QCD_Pt_600to800_TuneCUETP8M1_13TeV_pythia8/MINIAODSIM/PU25nsData2015v1_76X_mcRun2_asymptotic_v12-v1/60000/FCD831A0-F4B8-E511-AB96-0025905C4432.root
%MSG-w XrdAdaptor:  file_open 05-Oct-2023 10:23:12 CEST PostProcessEvent
Data is served from cern.ch instead of original site eospublic
%MSG
05-Oct-2023 10:23:12 CEST  Successfully opened file root://eospublic.cern.ch//eos/opendata/cms/mc/RunIIFall15MiniAODv2/QCD_Pt_600to800_TuneCUETP8M1_13TeV_pythia8/MINIAODSIM/PU25nsData2015v1_76X_mcRun2_asymptotic_v12-v1/60000/FCD831A0-F4B8-E511-AB96-0025905C4432.root
05-Oct-2023 10:23:15 CEST  Closed file root://eospublic.cern.ch//eos/opendata/cms/mc/RunIIFall15MiniAODv2/QCD_Pt_600to800_TuneCUETP8M1_13TeV_pythia8/MINIAODSIM/PU25nsData2015v1_76X_mcRun2_asymptotic_v12-v1/60000/FCD831A0-F4B8-E511-AB96-0025905C4432.root

------------------------------------
GenXsecAnalyzer:
------------------------------------
Before Filtrer: total cross section = 1.859e+02 +- 4.340e-02 pb
Filter efficiency (taking into account weights)= (3.97988e+06) / (3.97988e+06) = 1.000e+00 +- 0.000e+00
Filter efficiency (event-level)= (3.97988e+06) / (3.97988e+06) = 1.000e+00 +- 0.000e+00
After filter: final cross section = 1.859e+02 +- 4.340e-02 pb

=============================================

MessageLogger Summary

 type     category        sev    module        subroutine        count    total
 ---- -------------------- -- ---------------- ----------------  -----    -----
    1 GenXSecAnalyzer      -w GenXSecAnalyzer:                       5        5
    2 XrdAdaptor           -w file_open                             91       91
    3 fileAction           -s file_close                            91       91
    4 fileAction           -s file_open                            182      182

 type    category    Examples: run/evt        run/evt          run/evt
 ---- -------------------- ---------------- ---------------- ----------------
    1 GenXSecAnalyzer      PostEndRun       PostEndRun       PostEndRun
    2 XrdAdaptor           pre-events       PostProcessEvent PostProcessEvent
    3 fileAction           PostProcessEvent PostProcessEvent PostEndRun
    4 fileAction           pre-events       pre-events       PostProcessEvent

Severity    # Occurrences   Total Occurrences
--------    -------------   -----------------
Warning                96                  96
System                273                 273
