19-Oct-2023 13:14:55 CEST  Initiating request to open file root://eospublic.cern.ch//eos/opendata/cms/mc/RunIIFall15MiniAODv2/ST_tW_antitop_5f_DS_inclusiveDecays_13TeV-powheg-pythia8_TuneCUETP8M1/MINIAODSIM/PU25nsData2015v1_76X_mcRun2_asymptotic_v12-v1/00000/08C71E3B-7FBB-E511-9957-001A4B0A27E4.root
%MSG-w XrdAdaptor:  file_open 19-Oct-2023 13:14:55 CEST pre-events
Data is served from cern.ch instead of original site eospublic
%MSG
19-Oct-2023 13:14:58 CEST  Successfully opened file root://eospublic.cern.ch//eos/opendata/cms/mc/RunIIFall15MiniAODv2/ST_tW_antitop_5f_DS_inclusiveDecays_13TeV-powheg-pythia8_TuneCUETP8M1/MINIAODSIM/PU25nsData2015v1_76X_mcRun2_asymptotic_v12-v1/00000/08C71E3B-7FBB-E511-9957-001A4B0A27E4.root
Begin processing the 1st record. Run 1, Event 1, LumiSection 1 at 19-Oct-2023 13:14:59.473 CEST
19-Oct-2023 13:15:04 CEST  Closed file root://eospublic.cern.ch//eos/opendata/cms/mc/RunIIFall15MiniAODv2/ST_tW_antitop_5f_DS_inclusiveDecays_13TeV-powheg-pythia8_TuneCUETP8M1/MINIAODSIM/PU25nsData2015v1_76X_mcRun2_asymptotic_v12-v1/00000/08C71E3B-7FBB-E511-9957-001A4B0A27E4.root
19-Oct-2023 13:15:04 CEST  Initiating request to open file root://eospublic.cern.ch//eos/opendata/cms/mc/RunIIFall15MiniAODv2/ST_tW_antitop_5f_DS_inclusiveDecays_13TeV-powheg-pythia8_TuneCUETP8M1/MINIAODSIM/PU25nsData2015v1_76X_mcRun2_asymptotic_v12-v1/00000/6A46D89A-7FBB-E511-AA07-0025904B232E.root
%MSG-w XrdAdaptor:  file_open 19-Oct-2023 13:15:04 CEST PostProcessEvent
Data is served from cern.ch instead of original site eospublic
%MSG
19-Oct-2023 13:15:04 CEST  Successfully opened file root://eospublic.cern.ch//eos/opendata/cms/mc/RunIIFall15MiniAODv2/ST_tW_antitop_5f_DS_inclusiveDecays_13TeV-powheg-pythia8_TuneCUETP8M1/MINIAODSIM/PU25nsData2015v1_76X_mcRun2_asymptotic_v12-v1/00000/6A46D89A-7FBB-E511-AA07-0025904B232E.root
19-Oct-2023 13:15:10 CEST  Closed file root://eospublic.cern.ch//eos/opendata/cms/mc/RunIIFall15MiniAODv2/ST_tW_antitop_5f_DS_inclusiveDecays_13TeV-powheg-pythia8_TuneCUETP8M1/MINIAODSIM/PU25nsData2015v1_76X_mcRun2_asymptotic_v12-v1/00000/6A46D89A-7FBB-E511-AA07-0025904B232E.root
19-Oct-2023 13:15:10 CEST  Initiating request to open file root://eospublic.cern.ch//eos/opendata/cms/mc/RunIIFall15MiniAODv2/ST_tW_antitop_5f_DS_inclusiveDecays_13TeV-powheg-pythia8_TuneCUETP8M1/MINIAODSIM/PU25nsData2015v1_76X_mcRun2_asymptotic_v12-v1/00000/70FF7853-80BB-E511-B7DC-0025904B2ABA.root
%MSG-w XrdAdaptor:  file_open 19-Oct-2023 13:15:10 CEST PostProcessEvent
Data is served from cern.ch instead of original site eospublic
%MSG
19-Oct-2023 13:15:10 CEST  Successfully opened file root://eospublic.cern.ch//eos/opendata/cms/mc/RunIIFall15MiniAODv2/ST_tW_antitop_5f_DS_inclusiveDecays_13TeV-powheg-pythia8_TuneCUETP8M1/MINIAODSIM/PU25nsData2015v1_76X_mcRun2_asymptotic_v12-v1/00000/70FF7853-80BB-E511-B7DC-0025904B2ABA.root
Begin processing the 100001st record. Run 1, Event 223601, LumiSection 1119 at 19-Oct-2023 13:15:12.823 CEST
19-Oct-2023 13:15:16 CEST  Closed file root://eospublic.cern.ch//eos/opendata/cms/mc/RunIIFall15MiniAODv2/ST_tW_antitop_5f_DS_inclusiveDecays_13TeV-powheg-pythia8_TuneCUETP8M1/MINIAODSIM/PU25nsData2015v1_76X_mcRun2_asymptotic_v12-v1/00000/70FF7853-80BB-E511-B7DC-0025904B2ABA.root
19-Oct-2023 13:15:16 CEST  Initiating request to open file root://eospublic.cern.ch//eos/opendata/cms/mc/RunIIFall15MiniAODv2/ST_tW_antitop_5f_DS_inclusiveDecays_13TeV-powheg-pythia8_TuneCUETP8M1/MINIAODSIM/PU25nsData2015v1_76X_mcRun2_asymptotic_v12-v1/00000/7A33C984-7FBB-E511-BAC3-0025904E1286.root
%MSG-w XrdAdaptor:  file_open 19-Oct-2023 13:15:16 CEST PostProcessEvent
Data is served from cern.ch instead of original site eospublic
%MSG
19-Oct-2023 13:15:16 CEST  Successfully opened file root://eospublic.cern.ch//eos/opendata/cms/mc/RunIIFall15MiniAODv2/ST_tW_antitop_5f_DS_inclusiveDecays_13TeV-powheg-pythia8_TuneCUETP8M1/MINIAODSIM/PU25nsData2015v1_76X_mcRun2_asymptotic_v12-v1/00000/7A33C984-7FBB-E511-BAC3-0025904E1286.root
19-Oct-2023 13:15:21 CEST  Closed file root://eospublic.cern.ch//eos/opendata/cms/mc/RunIIFall15MiniAODv2/ST_tW_antitop_5f_DS_inclusiveDecays_13TeV-powheg-pythia8_TuneCUETP8M1/MINIAODSIM/PU25nsData2015v1_76X_mcRun2_asymptotic_v12-v1/00000/7A33C984-7FBB-E511-BAC3-0025904E1286.root
19-Oct-2023 13:15:21 CEST  Initiating request to open file root://eospublic.cern.ch//eos/opendata/cms/mc/RunIIFall15MiniAODv2/ST_tW_antitop_5f_DS_inclusiveDecays_13TeV-powheg-pythia8_TuneCUETP8M1/MINIAODSIM/PU25nsData2015v1_76X_mcRun2_asymptotic_v12-v1/00000/8CCEAE51-7FBB-E511-988F-0025904B0F74.root
%MSG-w XrdAdaptor:  file_open 19-Oct-2023 13:15:22 CEST PostProcessEvent
Data is served from cern.ch instead of original site eospublic
%MSG
19-Oct-2023 13:15:22 CEST  Successfully opened file root://eospublic.cern.ch//eos/opendata/cms/mc/RunIIFall15MiniAODv2/ST_tW_antitop_5f_DS_inclusiveDecays_13TeV-powheg-pythia8_TuneCUETP8M1/MINIAODSIM/PU25nsData2015v1_76X_mcRun2_asymptotic_v12-v1/00000/8CCEAE51-7FBB-E511-988F-0025904B0F74.root
Begin processing the 200001st record. Run 1, Event 367001, LumiSection 1836 at 19-Oct-2023 13:15:26.674 CEST
19-Oct-2023 13:15:27 CEST  Closed file root://eospublic.cern.ch//eos/opendata/cms/mc/RunIIFall15MiniAODv2/ST_tW_antitop_5f_DS_inclusiveDecays_13TeV-powheg-pythia8_TuneCUETP8M1/MINIAODSIM/PU25nsData2015v1_76X_mcRun2_asymptotic_v12-v1/00000/8CCEAE51-7FBB-E511-988F-0025904B0F74.root
19-Oct-2023 13:15:27 CEST  Initiating request to open file root://eospublic.cern.ch//eos/opendata/cms/mc/RunIIFall15MiniAODv2/ST_tW_antitop_5f_DS_inclusiveDecays_13TeV-powheg-pythia8_TuneCUETP8M1/MINIAODSIM/PU25nsData2015v1_76X_mcRun2_asymptotic_v12-v1/00000/BC40DA73-80BB-E511-9272-0025904B2AB8.root
%MSG-w XrdAdaptor:  file_open 19-Oct-2023 13:15:27 CEST PostProcessEvent
Data is served from cern.ch instead of original site eospublic
%MSG
19-Oct-2023 13:15:27 CEST  Successfully opened file root://eospublic.cern.ch//eos/opendata/cms/mc/RunIIFall15MiniAODv2/ST_tW_antitop_5f_DS_inclusiveDecays_13TeV-powheg-pythia8_TuneCUETP8M1/MINIAODSIM/PU25nsData2015v1_76X_mcRun2_asymptotic_v12-v1/00000/BC40DA73-80BB-E511-9272-0025904B2AB8.root
19-Oct-2023 13:15:30 CEST  Closed file root://eospublic.cern.ch//eos/opendata/cms/mc/RunIIFall15MiniAODv2/ST_tW_antitop_5f_DS_inclusiveDecays_13TeV-powheg-pythia8_TuneCUETP8M1/MINIAODSIM/PU25nsData2015v1_76X_mcRun2_asymptotic_v12-v1/00000/BC40DA73-80BB-E511-9272-0025904B2AB8.root
19-Oct-2023 13:15:30 CEST  Initiating request to open file root://eospublic.cern.ch//eos/opendata/cms/mc/RunIIFall15MiniAODv2/ST_tW_antitop_5f_DS_inclusiveDecays_13TeV-powheg-pythia8_TuneCUETP8M1/MINIAODSIM/PU25nsData2015v1_76X_mcRun2_asymptotic_v12-v1/50000/0A33A09E-5EBB-E511-8D4E-00259081ED0A.root
%MSG-w XrdAdaptor:  file_open 19-Oct-2023 13:15:30 CEST PostProcessEvent
Data is served from cern.ch instead of original site eospublic
%MSG
19-Oct-2023 13:15:31 CEST  Successfully opened file root://eospublic.cern.ch//eos/opendata/cms/mc/RunIIFall15MiniAODv2/ST_tW_antitop_5f_DS_inclusiveDecays_13TeV-powheg-pythia8_TuneCUETP8M1/MINIAODSIM/PU25nsData2015v1_76X_mcRun2_asymptotic_v12-v1/50000/0A33A09E-5EBB-E511-8D4E-00259081ED0A.root
19-Oct-2023 13:15:35 CEST  Closed file root://eospublic.cern.ch//eos/opendata/cms/mc/RunIIFall15MiniAODv2/ST_tW_antitop_5f_DS_inclusiveDecays_13TeV-powheg-pythia8_TuneCUETP8M1/MINIAODSIM/PU25nsData2015v1_76X_mcRun2_asymptotic_v12-v1/50000/0A33A09E-5EBB-E511-8D4E-00259081ED0A.root
19-Oct-2023 13:15:35 CEST  Initiating request to open file root://eospublic.cern.ch//eos/opendata/cms/mc/RunIIFall15MiniAODv2/ST_tW_antitop_5f_DS_inclusiveDecays_13TeV-powheg-pythia8_TuneCUETP8M1/MINIAODSIM/PU25nsData2015v1_76X_mcRun2_asymptotic_v12-v1/50000/0C7CC394-5EBB-E511-BDCE-0025904B2A8E.root
%MSG-w XrdAdaptor:  file_open 19-Oct-2023 13:15:35 CEST PostProcessEvent
Data is served from cern.ch instead of original site eospublic
%MSG
19-Oct-2023 13:15:35 CEST  Successfully opened file root://eospublic.cern.ch//eos/opendata/cms/mc/RunIIFall15MiniAODv2/ST_tW_antitop_5f_DS_inclusiveDecays_13TeV-powheg-pythia8_TuneCUETP8M1/MINIAODSIM/PU25nsData2015v1_76X_mcRun2_asymptotic_v12-v1/50000/0C7CC394-5EBB-E511-BDCE-0025904B2A8E.root
19-Oct-2023 13:15:40 CEST  Closed file root://eospublic.cern.ch//eos/opendata/cms/mc/RunIIFall15MiniAODv2/ST_tW_antitop_5f_DS_inclusiveDecays_13TeV-powheg-pythia8_TuneCUETP8M1/MINIAODSIM/PU25nsData2015v1_76X_mcRun2_asymptotic_v12-v1/50000/0C7CC394-5EBB-E511-BDCE-0025904B2A8E.root
19-Oct-2023 13:15:40 CEST  Initiating request to open file root://eospublic.cern.ch//eos/opendata/cms/mc/RunIIFall15MiniAODv2/ST_tW_antitop_5f_DS_inclusiveDecays_13TeV-powheg-pythia8_TuneCUETP8M1/MINIAODSIM/PU25nsData2015v1_76X_mcRun2_asymptotic_v12-v1/50000/10C88EB4-5FBB-E511-A697-00259081ED0A.root
%MSG-w XrdAdaptor:  file_open 19-Oct-2023 13:15:40 CEST PostProcessEvent
Data is served from cern.ch instead of original site eospublic
%MSG
19-Oct-2023 13:15:40 CEST  Successfully opened file root://eospublic.cern.ch//eos/opendata/cms/mc/RunIIFall15MiniAODv2/ST_tW_antitop_5f_DS_inclusiveDecays_13TeV-powheg-pythia8_TuneCUETP8M1/MINIAODSIM/PU25nsData2015v1_76X_mcRun2_asymptotic_v12-v1/50000/10C88EB4-5FBB-E511-A697-00259081ED0A.root
Begin processing the 300001st record. Run 1, Event 70001, LumiSection 351 at 19-Oct-2023 13:15:42.074 CEST
19-Oct-2023 13:15:46 CEST  Closed file root://eospublic.cern.ch//eos/opendata/cms/mc/RunIIFall15MiniAODv2/ST_tW_antitop_5f_DS_inclusiveDecays_13TeV-powheg-pythia8_TuneCUETP8M1/MINIAODSIM/PU25nsData2015v1_76X_mcRun2_asymptotic_v12-v1/50000/10C88EB4-5FBB-E511-A697-00259081ED0A.root
19-Oct-2023 13:15:46 CEST  Initiating request to open file root://eospublic.cern.ch//eos/opendata/cms/mc/RunIIFall15MiniAODv2/ST_tW_antitop_5f_DS_inclusiveDecays_13TeV-powheg-pythia8_TuneCUETP8M1/MINIAODSIM/PU25nsData2015v1_76X_mcRun2_asymptotic_v12-v1/50000/4894B3EB-5EBB-E511-9286-0025904E4034.root
%MSG-w XrdAdaptor:  file_open 19-Oct-2023 13:15:46 CEST PostProcessEvent
Data is served from cern.ch instead of original site eospublic
%MSG
19-Oct-2023 13:15:46 CEST  Successfully opened file root://eospublic.cern.ch//eos/opendata/cms/mc/RunIIFall15MiniAODv2/ST_tW_antitop_5f_DS_inclusiveDecays_13TeV-powheg-pythia8_TuneCUETP8M1/MINIAODSIM/PU25nsData2015v1_76X_mcRun2_asymptotic_v12-v1/50000/4894B3EB-5EBB-E511-9286-0025904E4034.root
19-Oct-2023 13:15:50 CEST  Closed file root://eospublic.cern.ch//eos/opendata/cms/mc/RunIIFall15MiniAODv2/ST_tW_antitop_5f_DS_inclusiveDecays_13TeV-powheg-pythia8_TuneCUETP8M1/MINIAODSIM/PU25nsData2015v1_76X_mcRun2_asymptotic_v12-v1/50000/4894B3EB-5EBB-E511-9286-0025904E4034.root
19-Oct-2023 13:15:50 CEST  Initiating request to open file root://eospublic.cern.ch//eos/opendata/cms/mc/RunIIFall15MiniAODv2/ST_tW_antitop_5f_DS_inclusiveDecays_13TeV-powheg-pythia8_TuneCUETP8M1/MINIAODSIM/PU25nsData2015v1_76X_mcRun2_asymptotic_v12-v1/50000/587E339F-5EBB-E511-83B0-0025904C7B48.root
%MSG-w XrdAdaptor:  file_open 19-Oct-2023 13:15:51 CEST PostProcessEvent
Data is served from cern.ch instead of original site eospublic
%MSG
19-Oct-2023 13:15:51 CEST  Successfully opened file root://eospublic.cern.ch//eos/opendata/cms/mc/RunIIFall15MiniAODv2/ST_tW_antitop_5f_DS_inclusiveDecays_13TeV-powheg-pythia8_TuneCUETP8M1/MINIAODSIM/PU25nsData2015v1_76X_mcRun2_asymptotic_v12-v1/50000/587E339F-5EBB-E511-83B0-0025904C7B48.root
Begin processing the 400001st record. Run 1, Event 185401, LumiSection 928 at 19-Oct-2023 13:15:54.576 CEST
19-Oct-2023 13:15:56 CEST  Closed file root://eospublic.cern.ch//eos/opendata/cms/mc/RunIIFall15MiniAODv2/ST_tW_antitop_5f_DS_inclusiveDecays_13TeV-powheg-pythia8_TuneCUETP8M1/MINIAODSIM/PU25nsData2015v1_76X_mcRun2_asymptotic_v12-v1/50000/587E339F-5EBB-E511-83B0-0025904C7B48.root
19-Oct-2023 13:15:56 CEST  Initiating request to open file root://eospublic.cern.ch//eos/opendata/cms/mc/RunIIFall15MiniAODv2/ST_tW_antitop_5f_DS_inclusiveDecays_13TeV-powheg-pythia8_TuneCUETP8M1/MINIAODSIM/PU25nsData2015v1_76X_mcRun2_asymptotic_v12-v1/50000/A6500F8E-5FBB-E511-8D96-003048C7B942.root
%MSG-w XrdAdaptor:  file_open 19-Oct-2023 13:15:56 CEST PostProcessEvent
Data is served from cern.ch instead of original site eospublic
%MSG
19-Oct-2023 13:15:56 CEST  Successfully opened file root://eospublic.cern.ch//eos/opendata/cms/mc/RunIIFall15MiniAODv2/ST_tW_antitop_5f_DS_inclusiveDecays_13TeV-powheg-pythia8_TuneCUETP8M1/MINIAODSIM/PU25nsData2015v1_76X_mcRun2_asymptotic_v12-v1/50000/A6500F8E-5FBB-E511-8D96-003048C7B942.root
19-Oct-2023 13:16:01 CEST  Closed file root://eospublic.cern.ch//eos/opendata/cms/mc/RunIIFall15MiniAODv2/ST_tW_antitop_5f_DS_inclusiveDecays_13TeV-powheg-pythia8_TuneCUETP8M1/MINIAODSIM/PU25nsData2015v1_76X_mcRun2_asymptotic_v12-v1/50000/A6500F8E-5FBB-E511-8D96-003048C7B942.root
19-Oct-2023 13:16:01 CEST  Initiating request to open file root://eospublic.cern.ch//eos/opendata/cms/mc/RunIIFall15MiniAODv2/ST_tW_antitop_5f_DS_inclusiveDecays_13TeV-powheg-pythia8_TuneCUETP8M1/MINIAODSIM/PU25nsData2015v1_76X_mcRun2_asymptotic_v12-v1/50000/D8A20E33-5FBB-E511-813B-0025904B21F0.root
%MSG-w XrdAdaptor:  file_open 19-Oct-2023 13:16:02 CEST PostProcessEvent
Data is served from cern.ch instead of original site eospublic
%MSG
19-Oct-2023 13:16:02 CEST  Successfully opened file root://eospublic.cern.ch//eos/opendata/cms/mc/RunIIFall15MiniAODv2/ST_tW_antitop_5f_DS_inclusiveDecays_13TeV-powheg-pythia8_TuneCUETP8M1/MINIAODSIM/PU25nsData2015v1_76X_mcRun2_asymptotic_v12-v1/50000/D8A20E33-5FBB-E511-813B-0025904B21F0.root
     36.231900      0.056715      1.000000         10000
 
19-Oct-2023 13:16:07 CEST  Closed file root://eospublic.cern.ch//eos/opendata/cms/mc/RunIIFall15MiniAODv2/ST_tW_antitop_5f_DS_inclusiveDecays_13TeV-powheg-pythia8_TuneCUETP8M1/MINIAODSIM/PU25nsData2015v1_76X_mcRun2_asymptotic_v12-v1/50000/D8A20E33-5FBB-E511-813B-0025904B21F0.root

------------------------------------
GenXsecAnalyzer:
------------------------------------
-------------------------------------------------------------------------------------------------------------------------------------------------------------------------- 
Overall cross-section summary 
--------------------------------------------------------------------------------------------------------------------------------------------------------------------------
Process		xsec_before [pb]		passed	nposw	nnegw	tried	nposw	nnegw 	xsec_match [pb]			accepted [%]	 event_eff [%]
-------------------------------------------------------------------------------------------------------------------------------------------------------------------------- 
Total		3.623e+01 +/- 5.671e-02		998200	998200	0	998200	998200	0	3.623e+01 +/- 5.671e-02		100.0 +/- 0.0	100.0 +/- 0.0
--------------------------------------------------------------------------------------------------------------------------------------------------------------------------
Before matching: total cross section = 3.623e+01 +- 5.671e-02 pb
After matching: total cross section = 3.623e+01 +- 5.671e-02 pb
Filter efficiency (taking into account weights)= (499200) / (499200) = 1.000e+00 +- 0.000e+00
Filter efficiency (event-level)= (499200) / (499200) = 1.000e+00 +- 0.000e+00
After filter: final cross section = 3.623e+01 +- 5.671e-02 pb

=============================================

MessageLogger Summary

 type     category        sev    module        subroutine        count    total
 ---- -------------------- -- ---------------- ----------------  -----    -----
    1 GenXSecAnalyzer      -w GenXSecAnalyzer:                      11       11
    2 XrdAdaptor           -w file_open                             13       13
    3 fileAction           -s file_close                            13       13
    4 fileAction           -s file_open                             26       26

 type    category    Examples: run/evt        run/evt          run/evt
 ---- -------------------- ---------------- ---------------- ----------------
    1 GenXSecAnalyzer      PostEndRun       PostEndRun       PostEndRun
    2 XrdAdaptor           pre-events       PostProcessEvent PostProcessEvent
    3 fileAction           PostProcessEvent PostProcessEvent PostEndRun
    4 fileAction           pre-events       pre-events       PostProcessEvent

Severity    # Occurrences   Total Occurrences
--------    -------------   -----------------
Warning                24                  24
System                 39                  39
