11-Jan-2024 02:13:54 CET  Initiating request to open file root://cmsxrootd.fnal.gov//store/mc/RunIISummer20UL16MiniAODv2/EWK_LLJJ_MLL-50_MJJ-120_TuneCP5_QCD_13TeV-madgraph-pythia8/MINIAODSIM/106X_mcRun2_asymptotic_v17-v2/2550000/BDC04FCB-3152-2442-AE2F-AFCC156F175D.root
%MSG-w XrdAdaptor:  file_open 11-Jan-2024 02:13:58 CET pre-events
Data is served from T2_US_Florida instead of original site US-Regional-FNAL
%MSG
11-Jan-2024 02:14:02 CET  Successfully opened file root://cmsxrootd.fnal.gov//store/mc/RunIISummer20UL16MiniAODv2/EWK_LLJJ_MLL-50_MJJ-120_TuneCP5_QCD_13TeV-madgraph-pythia8/MINIAODSIM/106X_mcRun2_asymptotic_v17-v2/2550000/BDC04FCB-3152-2442-AE2F-AFCC156F175D.root
Begin processing the 1st record. Run 1, Event 49404, LumiSection 54 on stream 0 at 11-Jan-2024 02:14:07.398 CET
11-Jan-2024 02:14:07 CET  Closed file root://cmsxrootd.fnal.gov//store/mc/RunIISummer20UL16MiniAODv2/EWK_LLJJ_MLL-50_MJJ-120_TuneCP5_QCD_13TeV-madgraph-pythia8/MINIAODSIM/106X_mcRun2_asymptotic_v17-v2/2550000/BDC04FCB-3152-2442-AE2F-AFCC156F175D.root
11-Jan-2024 02:14:07 CET  Initiating request to open file root://cmsxrootd.fnal.gov//store/mc/RunIISummer20UL16MiniAODv2/EWK_LLJJ_MLL-50_MJJ-120_TuneCP5_QCD_13TeV-madgraph-pythia8/MINIAODSIM/106X_mcRun2_asymptotic_v17-v2/2550000/B934A938-4525-2944-B8D7-0E8DB1065B23.root
Unable to load sec.protocol plugin libXrdSecztn.so
%MSG-w XrdAdaptor:  file_open 11-Jan-2024 02:14:11 CET PostProcessEvent
Data is served from T2_US_UCSD-ceph instead of original site US-Regional-FNAL
%MSG
11-Jan-2024 02:14:12 CET  Successfully opened file root://cmsxrootd.fnal.gov//store/mc/RunIISummer20UL16MiniAODv2/EWK_LLJJ_MLL-50_MJJ-120_TuneCP5_QCD_13TeV-madgraph-pythia8/MINIAODSIM/106X_mcRun2_asymptotic_v17-v2/2550000/B934A938-4525-2944-B8D7-0E8DB1065B23.root
Unable to load sec.protocol plugin libXrdSecztn.so
11-Jan-2024 02:14:20 CET  Closed file root://cmsxrootd.fnal.gov//store/mc/RunIISummer20UL16MiniAODv2/EWK_LLJJ_MLL-50_MJJ-120_TuneCP5_QCD_13TeV-madgraph-pythia8/MINIAODSIM/106X_mcRun2_asymptotic_v17-v2/2550000/B934A938-4525-2944-B8D7-0E8DB1065B23.root
11-Jan-2024 02:14:20 CET  Initiating request to open file root://cmsxrootd.fnal.gov//store/mc/RunIISummer20UL16MiniAODv2/EWK_LLJJ_MLL-50_MJJ-120_TuneCP5_QCD_13TeV-madgraph-pythia8/MINIAODSIM/106X_mcRun2_asymptotic_v17-v2/2550000/A2F2AA36-A1CB-0A46-AE15-6EF5959E396E.root
%MSG-w XrdAdaptor:  file_open 11-Jan-2024 02:14:26 CET PostProcessEvent
Data is served from cms.rcac.purdue.edu instead of original site US-Regional-FNAL
%MSG
11-Jan-2024 02:14:27 CET  Successfully opened file root://cmsxrootd.fnal.gov//store/mc/RunIISummer20UL16MiniAODv2/EWK_LLJJ_MLL-50_MJJ-120_TuneCP5_QCD_13TeV-madgraph-pythia8/MINIAODSIM/106X_mcRun2_asymptotic_v17-v2/2550000/A2F2AA36-A1CB-0A46-AE15-6EF5959E396E.root
11-Jan-2024 02:14:39 CET  Closed file root://cmsxrootd.fnal.gov//store/mc/RunIISummer20UL16MiniAODv2/EWK_LLJJ_MLL-50_MJJ-120_TuneCP5_QCD_13TeV-madgraph-pythia8/MINIAODSIM/106X_mcRun2_asymptotic_v17-v2/2550000/A2F2AA36-A1CB-0A46-AE15-6EF5959E396E.root
11-Jan-2024 02:14:39 CET  Initiating request to open file root://cmsxrootd.fnal.gov//store/mc/RunIISummer20UL16MiniAODv2/EWK_LLJJ_MLL-50_MJJ-120_TuneCP5_QCD_13TeV-madgraph-pythia8/MINIAODSIM/106X_mcRun2_asymptotic_v17-v2/2550000/86B21E19-DF87-934C-B5EC-F368079DECD5.root
%MSG-w XrdAdaptor:  file_open 11-Jan-2024 02:14:43 CET PostProcessEvent
Data is served from T2_US_Caltech instead of original site US-Regional-FNAL
%MSG
11-Jan-2024 02:14:44 CET  Successfully opened file root://cmsxrootd.fnal.gov//store/mc/RunIISummer20UL16MiniAODv2/EWK_LLJJ_MLL-50_MJJ-120_TuneCP5_QCD_13TeV-madgraph-pythia8/MINIAODSIM/106X_mcRun2_asymptotic_v17-v2/2550000/86B21E19-DF87-934C-B5EC-F368079DECD5.root
11-Jan-2024 02:14:50 CET  Closed file root://cmsxrootd.fnal.gov//store/mc/RunIISummer20UL16MiniAODv2/EWK_LLJJ_MLL-50_MJJ-120_TuneCP5_QCD_13TeV-madgraph-pythia8/MINIAODSIM/106X_mcRun2_asymptotic_v17-v2/2550000/86B21E19-DF87-934C-B5EC-F368079DECD5.root
11-Jan-2024 02:14:50 CET  Initiating request to open file root://cmsxrootd.fnal.gov//store/mc/RunIISummer20UL16MiniAODv2/EWK_LLJJ_MLL-50_MJJ-120_TuneCP5_QCD_13TeV-madgraph-pythia8/MINIAODSIM/106X_mcRun2_asymptotic_v17-v2/2550000/F898811D-FD46-1249-B742-588D7E20B7DB.root
Unable to load sec.protocol plugin libXrdSecztn.so
%MSG-w XrdAdaptor:  file_open 11-Jan-2024 02:14:56 CET PostProcessEvent
Data is served from fnal.gov instead of original site US-Regional-FNAL
%MSG
11-Jan-2024 02:14:58 CET  Successfully opened file root://cmsxrootd.fnal.gov//store/mc/RunIISummer20UL16MiniAODv2/EWK_LLJJ_MLL-50_MJJ-120_TuneCP5_QCD_13TeV-madgraph-pythia8/MINIAODSIM/106X_mcRun2_asymptotic_v17-v2/2550000/F898811D-FD46-1249-B742-588D7E20B7DB.root
Unable to load sec.protocol plugin libXrdSecztn.so
11-Jan-2024 02:15:08 CET  Closed file root://cmsxrootd.fnal.gov//store/mc/RunIISummer20UL16MiniAODv2/EWK_LLJJ_MLL-50_MJJ-120_TuneCP5_QCD_13TeV-madgraph-pythia8/MINIAODSIM/106X_mcRun2_asymptotic_v17-v2/2550000/F898811D-FD46-1249-B742-588D7E20B7DB.root
11-Jan-2024 02:15:08 CET  Initiating request to open file root://cmsxrootd.fnal.gov//store/mc/RunIISummer20UL16MiniAODv2/EWK_LLJJ_MLL-50_MJJ-120_TuneCP5_QCD_13TeV-madgraph-pythia8/MINIAODSIM/106X_mcRun2_asymptotic_v17-v2/2550000/9D3EAD8D-A19E-514A-9CB7-8183D0B76786.root
%MSG-w XrdAdaptor:  file_open 11-Jan-2024 02:15:11 CET PostProcessEvent
Data is served from fnal.gov instead of original site US-Regional-FNAL
%MSG
11-Jan-2024 02:15:11 CET  Successfully opened file root://cmsxrootd.fnal.gov//store/mc/RunIISummer20UL16MiniAODv2/EWK_LLJJ_MLL-50_MJJ-120_TuneCP5_QCD_13TeV-madgraph-pythia8/MINIAODSIM/106X_mcRun2_asymptotic_v17-v2/2550000/9D3EAD8D-A19E-514A-9CB7-8183D0B76786.root
Unable to load sec.protocol plugin libXrdSecztn.so
Begin processing the 100001st record. Run 1, Event 271967, LumiSection 292 on stream 0 at 11-Jan-2024 02:15:20.541 CET
11-Jan-2024 02:15:20 CET  Closed file root://cmsxrootd.fnal.gov//store/mc/RunIISummer20UL16MiniAODv2/EWK_LLJJ_MLL-50_MJJ-120_TuneCP5_QCD_13TeV-madgraph-pythia8/MINIAODSIM/106X_mcRun2_asymptotic_v17-v2/2550000/9D3EAD8D-A19E-514A-9CB7-8183D0B76786.root
11-Jan-2024 02:15:20 CET  Initiating request to open file root://cmsxrootd.fnal.gov//store/mc/RunIISummer20UL16MiniAODv2/EWK_LLJJ_MLL-50_MJJ-120_TuneCP5_QCD_13TeV-madgraph-pythia8/MINIAODSIM/106X_mcRun2_asymptotic_v17-v2/2550000/164DD0A9-B844-1949-8E06-BDE874C4725D.root
%MSG-w XrdAdaptor:  file_open 11-Jan-2024 02:15:23 CET PostProcessEvent
Data is served from fnal.gov instead of original site US-Regional-FNAL
%MSG
11-Jan-2024 02:15:24 CET  Successfully opened file root://cmsxrootd.fnal.gov//store/mc/RunIISummer20UL16MiniAODv2/EWK_LLJJ_MLL-50_MJJ-120_TuneCP5_QCD_13TeV-madgraph-pythia8/MINIAODSIM/106X_mcRun2_asymptotic_v17-v2/2550000/164DD0A9-B844-1949-8E06-BDE874C4725D.root
Unable to load sec.protocol plugin libXrdSecztn.so
11-Jan-2024 02:15:37 CET  Closed file root://cmsxrootd.fnal.gov//store/mc/RunIISummer20UL16MiniAODv2/EWK_LLJJ_MLL-50_MJJ-120_TuneCP5_QCD_13TeV-madgraph-pythia8/MINIAODSIM/106X_mcRun2_asymptotic_v17-v2/2550000/164DD0A9-B844-1949-8E06-BDE874C4725D.root
11-Jan-2024 02:15:37 CET  Initiating request to open file root://cmsxrootd.fnal.gov//store/mc/RunIISummer20UL16MiniAODv2/EWK_LLJJ_MLL-50_MJJ-120_TuneCP5_QCD_13TeV-madgraph-pythia8/MINIAODSIM/106X_mcRun2_asymptotic_v17-v2/2550000/8BC55EE9-C9CC-2F40-8F6D-1DAB451BB392.root
%MSG-w XrdAdaptor:  file_open 11-Jan-2024 02:15:39 CET PostProcessEvent
Data is served from fnal.gov instead of original site US-Regional-FNAL
%MSG
11-Jan-2024 02:15:40 CET  Successfully opened file root://cmsxrootd.fnal.gov//store/mc/RunIISummer20UL16MiniAODv2/EWK_LLJJ_MLL-50_MJJ-120_TuneCP5_QCD_13TeV-madgraph-pythia8/MINIAODSIM/106X_mcRun2_asymptotic_v17-v2/2550000/8BC55EE9-C9CC-2F40-8F6D-1DAB451BB392.root
11-Jan-2024 02:15:48 CET  Closed file root://cmsxrootd.fnal.gov//store/mc/RunIISummer20UL16MiniAODv2/EWK_LLJJ_MLL-50_MJJ-120_TuneCP5_QCD_13TeV-madgraph-pythia8/MINIAODSIM/106X_mcRun2_asymptotic_v17-v2/2550000/8BC55EE9-C9CC-2F40-8F6D-1DAB451BB392.root
11-Jan-2024 02:15:48 CET  Initiating request to open file root://cmsxrootd.fnal.gov//store/mc/RunIISummer20UL16MiniAODv2/EWK_LLJJ_MLL-50_MJJ-120_TuneCP5_QCD_13TeV-madgraph-pythia8/MINIAODSIM/106X_mcRun2_asymptotic_v17-v2/2550000/062BA22B-7524-084B-9007-AEB137D48293.root
%MSG-w XrdAdaptor:  file_open 11-Jan-2024 02:15:51 CET PostProcessEvent
Data is served from cms.rcac.purdue.edu instead of original site US-Regional-FNAL
%MSG
11-Jan-2024 02:15:52 CET  Successfully opened file root://cmsxrootd.fnal.gov//store/mc/RunIISummer20UL16MiniAODv2/EWK_LLJJ_MLL-50_MJJ-120_TuneCP5_QCD_13TeV-madgraph-pythia8/MINIAODSIM/106X_mcRun2_asymptotic_v17-v2/2550000/062BA22B-7524-084B-9007-AEB137D48293.root
11-Jan-2024 02:15:56 CET  Closed file root://cmsxrootd.fnal.gov//store/mc/RunIISummer20UL16MiniAODv2/EWK_LLJJ_MLL-50_MJJ-120_TuneCP5_QCD_13TeV-madgraph-pythia8/MINIAODSIM/106X_mcRun2_asymptotic_v17-v2/2550000/062BA22B-7524-084B-9007-AEB137D48293.root
11-Jan-2024 02:15:56 CET  Initiating request to open file root://cmsxrootd.fnal.gov//store/mc/RunIISummer20UL16MiniAODv2/EWK_LLJJ_MLL-50_MJJ-120_TuneCP5_QCD_13TeV-madgraph-pythia8/MINIAODSIM/106X_mcRun2_asymptotic_v17-v2/2550000/4154687D-A09B-F942-8471-D7DBAC0A3975.root
Unable to load sec.protocol plugin libXrdSecztn.so
%MSG-w XrdAdaptor:  file_open 11-Jan-2024 02:15:59 CET PostProcessEvent
Data is served from T2_US_UCSD-ceph instead of original site US-Regional-FNAL
%MSG
11-Jan-2024 02:16:00 CET  Successfully opened file root://cmsxrootd.fnal.gov//store/mc/RunIISummer20UL16MiniAODv2/EWK_LLJJ_MLL-50_MJJ-120_TuneCP5_QCD_13TeV-madgraph-pythia8/MINIAODSIM/106X_mcRun2_asymptotic_v17-v2/2550000/4154687D-A09B-F942-8471-D7DBAC0A3975.root
Unable to load sec.protocol plugin libXrdSecztn.so
11-Jan-2024 02:16:07 CET  Closed file root://cmsxrootd.fnal.gov//store/mc/RunIISummer20UL16MiniAODv2/EWK_LLJJ_MLL-50_MJJ-120_TuneCP5_QCD_13TeV-madgraph-pythia8/MINIAODSIM/106X_mcRun2_asymptotic_v17-v2/2550000/4154687D-A09B-F942-8471-D7DBAC0A3975.root
11-Jan-2024 02:16:07 CET  Initiating request to open file root://cmsxrootd.fnal.gov//store/mc/RunIISummer20UL16MiniAODv2/EWK_LLJJ_MLL-50_MJJ-120_TuneCP5_QCD_13TeV-madgraph-pythia8/MINIAODSIM/106X_mcRun2_asymptotic_v17-v2/2550000/18D6EF6A-5FD1-034F-8602-E677E194EBFF.root
%MSG-w XrdAdaptor:  file_open 11-Jan-2024 02:16:13 CET PostProcessEvent
Data is served from T2_US_MIT instead of original site US-Regional-FNAL
%MSG
11-Jan-2024 02:16:14 CET  Successfully opened file root://cmsxrootd.fnal.gov//store/mc/RunIISummer20UL16MiniAODv2/EWK_LLJJ_MLL-50_MJJ-120_TuneCP5_QCD_13TeV-madgraph-pythia8/MINIAODSIM/106X_mcRun2_asymptotic_v17-v2/2550000/18D6EF6A-5FD1-034F-8602-E677E194EBFF.root
11-Jan-2024 02:16:34 CET  Closed file root://cmsxrootd.fnal.gov//store/mc/RunIISummer20UL16MiniAODv2/EWK_LLJJ_MLL-50_MJJ-120_TuneCP5_QCD_13TeV-madgraph-pythia8/MINIAODSIM/106X_mcRun2_asymptotic_v17-v2/2550000/18D6EF6A-5FD1-034F-8602-E677E194EBFF.root
11-Jan-2024 02:16:34 CET  Initiating request to open file root://cmsxrootd.fnal.gov//store/mc/RunIISummer20UL16MiniAODv2/EWK_LLJJ_MLL-50_MJJ-120_TuneCP5_QCD_13TeV-madgraph-pythia8/MINIAODSIM/106X_mcRun2_asymptotic_v17-v2/2550000/984B1162-9142-414C-9CFA-8D37A0E46B11.root
%MSG-w XrdAdaptor:  file_open 11-Jan-2024 02:16:37 CET PostProcessEvent
Data is served from T2_US_MIT instead of original site US-Regional-FNAL
%MSG
11-Jan-2024 02:16:38 CET  Successfully opened file root://cmsxrootd.fnal.gov//store/mc/RunIISummer20UL16MiniAODv2/EWK_LLJJ_MLL-50_MJJ-120_TuneCP5_QCD_13TeV-madgraph-pythia8/MINIAODSIM/106X_mcRun2_asymptotic_v17-v2/2550000/984B1162-9142-414C-9CFA-8D37A0E46B11.root
Begin processing the 200001st record. Run 1, Event 28065, LumiSection 31 on stream 0 at 11-Jan-2024 02:16:45.352 CET
11-Jan-2024 02:16:46 CET  Closed file root://cmsxrootd.fnal.gov//store/mc/RunIISummer20UL16MiniAODv2/EWK_LLJJ_MLL-50_MJJ-120_TuneCP5_QCD_13TeV-madgraph-pythia8/MINIAODSIM/106X_mcRun2_asymptotic_v17-v2/2550000/984B1162-9142-414C-9CFA-8D37A0E46B11.root
11-Jan-2024 02:16:46 CET  Initiating request to open file root://cmsxrootd.fnal.gov//store/mc/RunIISummer20UL16MiniAODv2/EWK_LLJJ_MLL-50_MJJ-120_TuneCP5_QCD_13TeV-madgraph-pythia8/MINIAODSIM/106X_mcRun2_asymptotic_v17-v2/2550000/DFA57E13-636A-D449-B016-21CC992511EF.root
%MSG-w XrdAdaptor:  file_open 11-Jan-2024 02:16:49 CET PostProcessEvent
Data is served from T2_US_MIT instead of original site US-Regional-FNAL
%MSG
11-Jan-2024 02:16:50 CET  Successfully opened file root://cmsxrootd.fnal.gov//store/mc/RunIISummer20UL16MiniAODv2/EWK_LLJJ_MLL-50_MJJ-120_TuneCP5_QCD_13TeV-madgraph-pythia8/MINIAODSIM/106X_mcRun2_asymptotic_v17-v2/2550000/DFA57E13-636A-D449-B016-21CC992511EF.root
11-Jan-2024 02:17:04 CET  Closed file root://cmsxrootd.fnal.gov//store/mc/RunIISummer20UL16MiniAODv2/EWK_LLJJ_MLL-50_MJJ-120_TuneCP5_QCD_13TeV-madgraph-pythia8/MINIAODSIM/106X_mcRun2_asymptotic_v17-v2/2550000/DFA57E13-636A-D449-B016-21CC992511EF.root
11-Jan-2024 02:17:04 CET  Initiating request to open file root://cmsxrootd.fnal.gov//store/mc/RunIISummer20UL16MiniAODv2/EWK_LLJJ_MLL-50_MJJ-120_TuneCP5_QCD_13TeV-madgraph-pythia8/MINIAODSIM/106X_mcRun2_asymptotic_v17-v2/2550000/79C542AE-5382-1945-89FB-EC1EB299ACED.root
%MSG-w XrdAdaptor:  file_open 11-Jan-2024 02:17:06 CET PostProcessEvent
Data is served from T2_US_MIT instead of original site US-Regional-FNAL
%MSG
11-Jan-2024 02:17:07 CET  Successfully opened file root://cmsxrootd.fnal.gov//store/mc/RunIISummer20UL16MiniAODv2/EWK_LLJJ_MLL-50_MJJ-120_TuneCP5_QCD_13TeV-madgraph-pythia8/MINIAODSIM/106X_mcRun2_asymptotic_v17-v2/2550000/79C542AE-5382-1945-89FB-EC1EB299ACED.root
11-Jan-2024 02:17:16 CET  Closed file root://cmsxrootd.fnal.gov//store/mc/RunIISummer20UL16MiniAODv2/EWK_LLJJ_MLL-50_MJJ-120_TuneCP5_QCD_13TeV-madgraph-pythia8/MINIAODSIM/106X_mcRun2_asymptotic_v17-v2/2550000/79C542AE-5382-1945-89FB-EC1EB299ACED.root
11-Jan-2024 02:17:16 CET  Initiating request to open file root://cmsxrootd.fnal.gov//store/mc/RunIISummer20UL16MiniAODv2/EWK_LLJJ_MLL-50_MJJ-120_TuneCP5_QCD_13TeV-madgraph-pythia8/MINIAODSIM/106X_mcRun2_asymptotic_v17-v2/2550000/1DBC99C5-033B-6641-BD15-FD4A28B97E1E.root
%MSG-w XrdAdaptor:  file_open 11-Jan-2024 02:17:19 CET PostProcessEvent
Data is served from T2_US_MIT instead of original site US-Regional-FNAL
%MSG
11-Jan-2024 02:17:20 CET  Successfully opened file root://cmsxrootd.fnal.gov//store/mc/RunIISummer20UL16MiniAODv2/EWK_LLJJ_MLL-50_MJJ-120_TuneCP5_QCD_13TeV-madgraph-pythia8/MINIAODSIM/106X_mcRun2_asymptotic_v17-v2/2550000/1DBC99C5-033B-6641-BD15-FD4A28B97E1E.root
11-Jan-2024 02:17:23 CET  Closed file root://cmsxrootd.fnal.gov//store/mc/RunIISummer20UL16MiniAODv2/EWK_LLJJ_MLL-50_MJJ-120_TuneCP5_QCD_13TeV-madgraph-pythia8/MINIAODSIM/106X_mcRun2_asymptotic_v17-v2/2550000/1DBC99C5-033B-6641-BD15-FD4A28B97E1E.root
11-Jan-2024 02:17:23 CET  Initiating request to open file root://cmsxrootd.fnal.gov//store/mc/RunIISummer20UL16MiniAODv2/EWK_LLJJ_MLL-50_MJJ-120_TuneCP5_QCD_13TeV-madgraph-pythia8/MINIAODSIM/106X_mcRun2_asymptotic_v17-v2/2550000/15469959-12F5-3445-B9E0-6E46758AA2F7.root
%MSG-w XrdAdaptor:  file_open 11-Jan-2024 02:17:43 CET PostProcessEvent
Data is served from fnal.gov instead of original site US-Regional-FNAL
%MSG
11-Jan-2024 02:17:43 CET  Successfully opened file root://cmsxrootd.fnal.gov//store/mc/RunIISummer20UL16MiniAODv2/EWK_LLJJ_MLL-50_MJJ-120_TuneCP5_QCD_13TeV-madgraph-pythia8/MINIAODSIM/106X_mcRun2_asymptotic_v17-v2/2550000/15469959-12F5-3445-B9E0-6E46758AA2F7.root
Begin processing the 300001st record. Run 1, Event 19022, LumiSection 21 on stream 0 at 11-Jan-2024 02:17:49.226 CET
11-Jan-2024 02:17:49 CET  Closed file root://cmsxrootd.fnal.gov//store/mc/RunIISummer20UL16MiniAODv2/EWK_LLJJ_MLL-50_MJJ-120_TuneCP5_QCD_13TeV-madgraph-pythia8/MINIAODSIM/106X_mcRun2_asymptotic_v17-v2/2550000/15469959-12F5-3445-B9E0-6E46758AA2F7.root
11-Jan-2024 02:17:49 CET  Initiating request to open file root://cmsxrootd.fnal.gov//store/mc/RunIISummer20UL16MiniAODv2/EWK_LLJJ_MLL-50_MJJ-120_TuneCP5_QCD_13TeV-madgraph-pythia8/MINIAODSIM/106X_mcRun2_asymptotic_v17-v2/2550000/6081A1EA-315E-F54D-A4B8-9FD7A6A19867.root
Unable to load sec.protocol plugin libXrdSecztn.so
%MSG-w XrdAdaptor:  file_open 11-Jan-2024 02:17:53 CET PostProcessEvent
Data is served from T2_US_UCSD-ceph instead of original site US-Regional-FNAL
%MSG
11-Jan-2024 02:17:54 CET  Successfully opened file root://cmsxrootd.fnal.gov//store/mc/RunIISummer20UL16MiniAODv2/EWK_LLJJ_MLL-50_MJJ-120_TuneCP5_QCD_13TeV-madgraph-pythia8/MINIAODSIM/106X_mcRun2_asymptotic_v17-v2/2550000/6081A1EA-315E-F54D-A4B8-9FD7A6A19867.root
Unable to load sec.protocol plugin libXrdSecztn.so
11-Jan-2024 02:18:01 CET  Closed file root://cmsxrootd.fnal.gov//store/mc/RunIISummer20UL16MiniAODv2/EWK_LLJJ_MLL-50_MJJ-120_TuneCP5_QCD_13TeV-madgraph-pythia8/MINIAODSIM/106X_mcRun2_asymptotic_v17-v2/2550000/6081A1EA-315E-F54D-A4B8-9FD7A6A19867.root
11-Jan-2024 02:18:01 CET  Initiating request to open file root://cmsxrootd.fnal.gov//store/mc/RunIISummer20UL16MiniAODv2/EWK_LLJJ_MLL-50_MJJ-120_TuneCP5_QCD_13TeV-madgraph-pythia8/MINIAODSIM/106X_mcRun2_asymptotic_v17-v2/2550000/FFDEE1C1-BBA8-874F-9904-F2765CC60E64.root
%MSG-w XrdAdaptor:  file_open 11-Jan-2024 02:18:04 CET PostProcessEvent
Data is served from T2_US_UCSD-ceph instead of original site US-Regional-FNAL
%MSG
11-Jan-2024 02:18:05 CET  Successfully opened file root://cmsxrootd.fnal.gov//store/mc/RunIISummer20UL16MiniAODv2/EWK_LLJJ_MLL-50_MJJ-120_TuneCP5_QCD_13TeV-madgraph-pythia8/MINIAODSIM/106X_mcRun2_asymptotic_v17-v2/2550000/FFDEE1C1-BBA8-874F-9904-F2765CC60E64.root
Unable to load sec.protocol plugin libXrdSecztn.so
11-Jan-2024 02:18:11 CET  Closed file root://cmsxrootd.fnal.gov//store/mc/RunIISummer20UL16MiniAODv2/EWK_LLJJ_MLL-50_MJJ-120_TuneCP5_QCD_13TeV-madgraph-pythia8/MINIAODSIM/106X_mcRun2_asymptotic_v17-v2/2550000/FFDEE1C1-BBA8-874F-9904-F2765CC60E64.root
11-Jan-2024 02:18:11 CET  Initiating request to open file root://cmsxrootd.fnal.gov//store/mc/RunIISummer20UL16MiniAODv2/EWK_LLJJ_MLL-50_MJJ-120_TuneCP5_QCD_13TeV-madgraph-pythia8/MINIAODSIM/106X_mcRun2_asymptotic_v17-v2/2550000/AA49A501-8DDF-834C-9EF6-6A8CE729462D.root
%MSG-w XrdAdaptor:  file_open 11-Jan-2024 02:18:14 CET PostProcessEvent
Data is served from T2_US_UCSD-ceph instead of original site US-Regional-FNAL
%MSG
11-Jan-2024 02:18:15 CET  Successfully opened file root://cmsxrootd.fnal.gov//store/mc/RunIISummer20UL16MiniAODv2/EWK_LLJJ_MLL-50_MJJ-120_TuneCP5_QCD_13TeV-madgraph-pythia8/MINIAODSIM/106X_mcRun2_asymptotic_v17-v2/2550000/AA49A501-8DDF-834C-9EF6-6A8CE729462D.root
11-Jan-2024 02:18:26 CET  Closed file root://cmsxrootd.fnal.gov//store/mc/RunIISummer20UL16MiniAODv2/EWK_LLJJ_MLL-50_MJJ-120_TuneCP5_QCD_13TeV-madgraph-pythia8/MINIAODSIM/106X_mcRun2_asymptotic_v17-v2/2550000/AA49A501-8DDF-834C-9EF6-6A8CE729462D.root
11-Jan-2024 02:18:26 CET  Initiating request to open file root://cmsxrootd.fnal.gov//store/mc/RunIISummer20UL16MiniAODv2/EWK_LLJJ_MLL-50_MJJ-120_TuneCP5_QCD_13TeV-madgraph-pythia8/MINIAODSIM/106X_mcRun2_asymptotic_v17-v2/2550000/04D23057-78FA-8345-A7AD-65B7D6C5F283.root
%MSG-w XrdAdaptor:  file_open 11-Jan-2024 02:18:28 CET PostProcessEvent
Data is served from fnal.gov instead of original site US-Regional-FNAL
%MSG
11-Jan-2024 02:18:29 CET  Successfully opened file root://cmsxrootd.fnal.gov//store/mc/RunIISummer20UL16MiniAODv2/EWK_LLJJ_MLL-50_MJJ-120_TuneCP5_QCD_13TeV-madgraph-pythia8/MINIAODSIM/106X_mcRun2_asymptotic_v17-v2/2550000/04D23057-78FA-8345-A7AD-65B7D6C5F283.root
11-Jan-2024 02:18:34 CET  Closed file root://cmsxrootd.fnal.gov//store/mc/RunIISummer20UL16MiniAODv2/EWK_LLJJ_MLL-50_MJJ-120_TuneCP5_QCD_13TeV-madgraph-pythia8/MINIAODSIM/106X_mcRun2_asymptotic_v17-v2/2550000/04D23057-78FA-8345-A7AD-65B7D6C5F283.root
11-Jan-2024 02:18:34 CET  Initiating request to open file root://cmsxrootd.fnal.gov//store/mc/RunIISummer20UL16MiniAODv2/EWK_LLJJ_MLL-50_MJJ-120_TuneCP5_QCD_13TeV-madgraph-pythia8/MINIAODSIM/106X_mcRun2_asymptotic_v17-v2/2550000/B059F8BD-8670-1345-9825-798B59003B4F.root
%MSG-w XrdAdaptor:  file_open 11-Jan-2024 02:18:36 CET PostProcessEvent
Data is served from fnal.gov instead of original site US-Regional-FNAL
%MSG
11-Jan-2024 02:18:37 CET  Successfully opened file root://cmsxrootd.fnal.gov//store/mc/RunIISummer20UL16MiniAODv2/EWK_LLJJ_MLL-50_MJJ-120_TuneCP5_QCD_13TeV-madgraph-pythia8/MINIAODSIM/106X_mcRun2_asymptotic_v17-v2/2550000/B059F8BD-8670-1345-9825-798B59003B4F.root
11-Jan-2024 02:18:43 CET  Closed file root://cmsxrootd.fnal.gov//store/mc/RunIISummer20UL16MiniAODv2/EWK_LLJJ_MLL-50_MJJ-120_TuneCP5_QCD_13TeV-madgraph-pythia8/MINIAODSIM/106X_mcRun2_asymptotic_v17-v2/2550000/B059F8BD-8670-1345-9825-798B59003B4F.root
11-Jan-2024 02:18:43 CET  Initiating request to open file root://cmsxrootd.fnal.gov//store/mc/RunIISummer20UL16MiniAODv2/EWK_LLJJ_MLL-50_MJJ-120_TuneCP5_QCD_13TeV-madgraph-pythia8/MINIAODSIM/106X_mcRun2_asymptotic_v17-v2/2550000/65DEE2C6-087F-AD40-BC7C-6FC3CD8AC0DD.root
%MSG-w XrdAdaptor:  file_open 11-Jan-2024 02:18:47 CET PostProcessEvent
Data is served from T2_US_Wisconsin instead of original site US-Regional-FNAL
%MSG
11-Jan-2024 02:18:47 CET  Successfully opened file root://cmsxrootd.fnal.gov//store/mc/RunIISummer20UL16MiniAODv2/EWK_LLJJ_MLL-50_MJJ-120_TuneCP5_QCD_13TeV-madgraph-pythia8/MINIAODSIM/106X_mcRun2_asymptotic_v17-v2/2550000/65DEE2C6-087F-AD40-BC7C-6FC3CD8AC0DD.root
11-Jan-2024 02:18:59 CET  Closed file root://cmsxrootd.fnal.gov//store/mc/RunIISummer20UL16MiniAODv2/EWK_LLJJ_MLL-50_MJJ-120_TuneCP5_QCD_13TeV-madgraph-pythia8/MINIAODSIM/106X_mcRun2_asymptotic_v17-v2/2550000/65DEE2C6-087F-AD40-BC7C-6FC3CD8AC0DD.root
11-Jan-2024 02:18:59 CET  Initiating request to open file root://cmsxrootd.fnal.gov//store/mc/RunIISummer20UL16MiniAODv2/EWK_LLJJ_MLL-50_MJJ-120_TuneCP5_QCD_13TeV-madgraph-pythia8/MINIAODSIM/106X_mcRun2_asymptotic_v17-v2/2550000/C267EA32-2C65-9344-BD59-1D6E0F5B9036.root
%MSG-w XrdAdaptor:  file_open 11-Jan-2024 02:19:03 CET PostProcessEvent
Data is served from T2_US_Wisconsin instead of original site US-Regional-FNAL
%MSG
11-Jan-2024 02:19:03 CET  Successfully opened file root://cmsxrootd.fnal.gov//store/mc/RunIISummer20UL16MiniAODv2/EWK_LLJJ_MLL-50_MJJ-120_TuneCP5_QCD_13TeV-madgraph-pythia8/MINIAODSIM/106X_mcRun2_asymptotic_v17-v2/2550000/C267EA32-2C65-9344-BD59-1D6E0F5B9036.root
11-Jan-2024 02:19:13 CET  Closed file root://cmsxrootd.fnal.gov//store/mc/RunIISummer20UL16MiniAODv2/EWK_LLJJ_MLL-50_MJJ-120_TuneCP5_QCD_13TeV-madgraph-pythia8/MINIAODSIM/106X_mcRun2_asymptotic_v17-v2/2550000/C267EA32-2C65-9344-BD59-1D6E0F5B9036.root
11-Jan-2024 02:19:13 CET  Initiating request to open file root://cmsxrootd.fnal.gov//store/mc/RunIISummer20UL16MiniAODv2/EWK_LLJJ_MLL-50_MJJ-120_TuneCP5_QCD_13TeV-madgraph-pythia8/MINIAODSIM/106X_mcRun2_asymptotic_v17-v2/2550000/4C1CDEEA-BD7B-324F-8954-50D4868335BE.root
%MSG-w XrdAdaptor:  file_open 11-Jan-2024 02:19:16 CET PostProcessEvent
Data is served from T2_US_UCSD-ceph instead of original site US-Regional-FNAL
%MSG
11-Jan-2024 02:19:17 CET  Successfully opened file root://cmsxrootd.fnal.gov//store/mc/RunIISummer20UL16MiniAODv2/EWK_LLJJ_MLL-50_MJJ-120_TuneCP5_QCD_13TeV-madgraph-pythia8/MINIAODSIM/106X_mcRun2_asymptotic_v17-v2/2550000/4C1CDEEA-BD7B-324F-8954-50D4868335BE.root
Begin processing the 400001st record. Run 1, Event 73360, LumiSection 79 on stream 0 at 11-Jan-2024 02:19:34.977 CET
11-Jan-2024 02:19:35 CET  Closed file root://cmsxrootd.fnal.gov//store/mc/RunIISummer20UL16MiniAODv2/EWK_LLJJ_MLL-50_MJJ-120_TuneCP5_QCD_13TeV-madgraph-pythia8/MINIAODSIM/106X_mcRun2_asymptotic_v17-v2/2550000/4C1CDEEA-BD7B-324F-8954-50D4868335BE.root
11-Jan-2024 02:19:35 CET  Initiating request to open file root://cmsxrootd.fnal.gov//store/mc/RunIISummer20UL16MiniAODv2/EWK_LLJJ_MLL-50_MJJ-120_TuneCP5_QCD_13TeV-madgraph-pythia8/MINIAODSIM/106X_mcRun2_asymptotic_v17-v2/2550000/7AAF127C-9CDD-FA45-B738-322D1BC11F88.root
Unable to load sec.protocol plugin libXrdSecztn.so
%MSG-w XrdAdaptor:  file_open 11-Jan-2024 02:19:39 CET PostProcessEvent
Data is served from T2_US_UCSD-ceph instead of original site US-Regional-FNAL
%MSG
11-Jan-2024 02:19:40 CET  Successfully opened file root://cmsxrootd.fnal.gov//store/mc/RunIISummer20UL16MiniAODv2/EWK_LLJJ_MLL-50_MJJ-120_TuneCP5_QCD_13TeV-madgraph-pythia8/MINIAODSIM/106X_mcRun2_asymptotic_v17-v2/2550000/7AAF127C-9CDD-FA45-B738-322D1BC11F88.root
Unable to load sec.protocol plugin libXrdSecztn.so
11-Jan-2024 02:19:48 CET  Closed file root://cmsxrootd.fnal.gov//store/mc/RunIISummer20UL16MiniAODv2/EWK_LLJJ_MLL-50_MJJ-120_TuneCP5_QCD_13TeV-madgraph-pythia8/MINIAODSIM/106X_mcRun2_asymptotic_v17-v2/2550000/7AAF127C-9CDD-FA45-B738-322D1BC11F88.root
11-Jan-2024 02:19:48 CET  Initiating request to open file root://cmsxrootd.fnal.gov//store/mc/RunIISummer20UL16MiniAODv2/EWK_LLJJ_MLL-50_MJJ-120_TuneCP5_QCD_13TeV-madgraph-pythia8/MINIAODSIM/106X_mcRun2_asymptotic_v17-v2/2550000/EC360F55-8486-9D4D-949E-374AB2DECF8D.root
%MSG-w XrdAdaptor:  file_open 11-Jan-2024 02:19:52 CET PostProcessEvent
Data is served from T2_US_Caltech instead of original site US-Regional-FNAL
%MSG
11-Jan-2024 02:19:53 CET  Successfully opened file root://cmsxrootd.fnal.gov//store/mc/RunIISummer20UL16MiniAODv2/EWK_LLJJ_MLL-50_MJJ-120_TuneCP5_QCD_13TeV-madgraph-pythia8/MINIAODSIM/106X_mcRun2_asymptotic_v17-v2/2550000/EC360F55-8486-9D4D-949E-374AB2DECF8D.root
11-Jan-2024 02:20:03 CET  Closed file root://cmsxrootd.fnal.gov//store/mc/RunIISummer20UL16MiniAODv2/EWK_LLJJ_MLL-50_MJJ-120_TuneCP5_QCD_13TeV-madgraph-pythia8/MINIAODSIM/106X_mcRun2_asymptotic_v17-v2/2550000/EC360F55-8486-9D4D-949E-374AB2DECF8D.root
11-Jan-2024 02:20:03 CET  Initiating request to open file root://cmsxrootd.fnal.gov//store/mc/RunIISummer20UL16MiniAODv2/EWK_LLJJ_MLL-50_MJJ-120_TuneCP5_QCD_13TeV-madgraph-pythia8/MINIAODSIM/106X_mcRun2_asymptotic_v17-v2/2550000/B21A2B62-0AEB-ED4D-85C4-7AB3B271E7BB.root
%MSG-w XrdAdaptor:  file_open 11-Jan-2024 02:20:05 CET PostProcessEvent
Data is served from T2_US_UCSD-ceph instead of original site US-Regional-FNAL
%MSG
11-Jan-2024 02:20:06 CET  Successfully opened file root://cmsxrootd.fnal.gov//store/mc/RunIISummer20UL16MiniAODv2/EWK_LLJJ_MLL-50_MJJ-120_TuneCP5_QCD_13TeV-madgraph-pythia8/MINIAODSIM/106X_mcRun2_asymptotic_v17-v2/2550000/B21A2B62-0AEB-ED4D-85C4-7AB3B271E7BB.root
11-Jan-2024 02:20:15 CET  Closed file root://cmsxrootd.fnal.gov//store/mc/RunIISummer20UL16MiniAODv2/EWK_LLJJ_MLL-50_MJJ-120_TuneCP5_QCD_13TeV-madgraph-pythia8/MINIAODSIM/106X_mcRun2_asymptotic_v17-v2/2550000/B21A2B62-0AEB-ED4D-85C4-7AB3B271E7BB.root
11-Jan-2024 02:20:15 CET  Initiating request to open file root://cmsxrootd.fnal.gov//store/mc/RunIISummer20UL16MiniAODv2/EWK_LLJJ_MLL-50_MJJ-120_TuneCP5_QCD_13TeV-madgraph-pythia8/MINIAODSIM/106X_mcRun2_asymptotic_v17-v2/2550000/73857826-BF77-2D40-A618-216533AD2816.root
%MSG-w XrdAdaptor:  file_open 11-Jan-2024 02:20:19 CET PostProcessEvent
Data is served from T2_US_Nebraska instead of original site US-Regional-FNAL
%MSG
11-Jan-2024 02:20:19 CET  Successfully opened file root://cmsxrootd.fnal.gov//store/mc/RunIISummer20UL16MiniAODv2/EWK_LLJJ_MLL-50_MJJ-120_TuneCP5_QCD_13TeV-madgraph-pythia8/MINIAODSIM/106X_mcRun2_asymptotic_v17-v2/2550000/73857826-BF77-2D40-A618-216533AD2816.root
11-Jan-2024 02:20:26 CET  Closed file root://cmsxrootd.fnal.gov//store/mc/RunIISummer20UL16MiniAODv2/EWK_LLJJ_MLL-50_MJJ-120_TuneCP5_QCD_13TeV-madgraph-pythia8/MINIAODSIM/106X_mcRun2_asymptotic_v17-v2/2550000/73857826-BF77-2D40-A618-216533AD2816.root
11-Jan-2024 02:20:26 CET  Initiating request to open file root://cmsxrootd.fnal.gov//store/mc/RunIISummer20UL16MiniAODv2/EWK_LLJJ_MLL-50_MJJ-120_TuneCP5_QCD_13TeV-madgraph-pythia8/MINIAODSIM/106X_mcRun2_asymptotic_v17-v2/2550000/2C9337EE-9EB0-5E41-BF96-285C082988D6.root
%MSG-w XrdAdaptor:  file_open 11-Jan-2024 02:20:30 CET PostProcessEvent
Data is served from T2_US_Florida instead of original site US-Regional-FNAL
%MSG
11-Jan-2024 02:20:30 CET  Successfully opened file root://cmsxrootd.fnal.gov//store/mc/RunIISummer20UL16MiniAODv2/EWK_LLJJ_MLL-50_MJJ-120_TuneCP5_QCD_13TeV-madgraph-pythia8/MINIAODSIM/106X_mcRun2_asymptotic_v17-v2/2550000/2C9337EE-9EB0-5E41-BF96-285C082988D6.root
11-Jan-2024 02:20:35 CET  Closed file root://cmsxrootd.fnal.gov//store/mc/RunIISummer20UL16MiniAODv2/EWK_LLJJ_MLL-50_MJJ-120_TuneCP5_QCD_13TeV-madgraph-pythia8/MINIAODSIM/106X_mcRun2_asymptotic_v17-v2/2550000/2C9337EE-9EB0-5E41-BF96-285C082988D6.root
11-Jan-2024 02:20:35 CET  Initiating request to open file root://cmsxrootd.fnal.gov//store/mc/RunIISummer20UL16MiniAODv2/EWK_LLJJ_MLL-50_MJJ-120_TuneCP5_QCD_13TeV-madgraph-pythia8/MINIAODSIM/106X_mcRun2_asymptotic_v17-v2/2550000/C52054E2-59EF-9F43-B516-BD0AEC98221F.root
Unable to load sec.protocol plugin libXrdSecztn.so
%MSG-w XrdAdaptor:  file_open 11-Jan-2024 02:20:38 CET PostProcessEvent
Data is served from T2_US_UCSD-ceph instead of original site US-Regional-FNAL
%MSG
11-Jan-2024 02:20:39 CET  Successfully opened file root://cmsxrootd.fnal.gov//store/mc/RunIISummer20UL16MiniAODv2/EWK_LLJJ_MLL-50_MJJ-120_TuneCP5_QCD_13TeV-madgraph-pythia8/MINIAODSIM/106X_mcRun2_asymptotic_v17-v2/2550000/C52054E2-59EF-9F43-B516-BD0AEC98221F.root
11-Jan-2024 02:20:56 CET  Closed file root://cmsxrootd.fnal.gov//store/mc/RunIISummer20UL16MiniAODv2/EWK_LLJJ_MLL-50_MJJ-120_TuneCP5_QCD_13TeV-madgraph-pythia8/MINIAODSIM/106X_mcRun2_asymptotic_v17-v2/2550000/C52054E2-59EF-9F43-B516-BD0AEC98221F.root
11-Jan-2024 02:20:56 CET  Initiating request to open file root://cmsxrootd.fnal.gov//store/mc/RunIISummer20UL16MiniAODv2/EWK_LLJJ_MLL-50_MJJ-120_TuneCP5_QCD_13TeV-madgraph-pythia8/MINIAODSIM/106X_mcRun2_asymptotic_v17-v2/2550000/26614680-9FA9-6748-A875-DBE3C3272D3F.root
%MSG-w XrdAdaptor:  file_open 11-Jan-2024 02:20:59 CET PostProcessEvent
Data is served from cms.rcac.purdue.edu instead of original site US-Regional-FNAL
%MSG
11-Jan-2024 02:21:00 CET  Successfully opened file root://cmsxrootd.fnal.gov//store/mc/RunIISummer20UL16MiniAODv2/EWK_LLJJ_MLL-50_MJJ-120_TuneCP5_QCD_13TeV-madgraph-pythia8/MINIAODSIM/106X_mcRun2_asymptotic_v17-v2/2550000/26614680-9FA9-6748-A875-DBE3C3272D3F.root
11-Jan-2024 02:21:04 CET  Closed file root://cmsxrootd.fnal.gov//store/mc/RunIISummer20UL16MiniAODv2/EWK_LLJJ_MLL-50_MJJ-120_TuneCP5_QCD_13TeV-madgraph-pythia8/MINIAODSIM/106X_mcRun2_asymptotic_v17-v2/2550000/26614680-9FA9-6748-A875-DBE3C3272D3F.root
11-Jan-2024 02:21:04 CET  Initiating request to open file root://cmsxrootd.fnal.gov//store/mc/RunIISummer20UL16MiniAODv2/EWK_LLJJ_MLL-50_MJJ-120_TuneCP5_QCD_13TeV-madgraph-pythia8/MINIAODSIM/106X_mcRun2_asymptotic_v17-v2/2550000/F7D885C5-B401-6247-956D-795CDB31009F.root
%MSG-w XrdAdaptor:  file_open 11-Jan-2024 02:21:08 CET PostProcessEvent
Data is served from T2_US_Vanderbilt instead of original site US-Regional-FNAL
%MSG
11-Jan-2024 02:21:08 CET  Successfully opened file root://cmsxrootd.fnal.gov//store/mc/RunIISummer20UL16MiniAODv2/EWK_LLJJ_MLL-50_MJJ-120_TuneCP5_QCD_13TeV-madgraph-pythia8/MINIAODSIM/106X_mcRun2_asymptotic_v17-v2/2550000/F7D885C5-B401-6247-956D-795CDB31009F.root
11-Jan-2024 02:21:15 CET  Closed file root://cmsxrootd.fnal.gov//store/mc/RunIISummer20UL16MiniAODv2/EWK_LLJJ_MLL-50_MJJ-120_TuneCP5_QCD_13TeV-madgraph-pythia8/MINIAODSIM/106X_mcRun2_asymptotic_v17-v2/2550000/F7D885C5-B401-6247-956D-795CDB31009F.root
11-Jan-2024 02:21:15 CET  Initiating request to open file root://cmsxrootd.fnal.gov//store/mc/RunIISummer20UL16MiniAODv2/EWK_LLJJ_MLL-50_MJJ-120_TuneCP5_QCD_13TeV-madgraph-pythia8/MINIAODSIM/106X_mcRun2_asymptotic_v17-v2/2550000/0E83A60B-5541-8448-AC55-C830AA956739.root
%MSG-w XrdAdaptor:  file_open 11-Jan-2024 02:21:18 CET PostProcessEvent
Data is served from T2_US_UCSD-ceph instead of original site US-Regional-FNAL
%MSG
11-Jan-2024 02:21:19 CET  Successfully opened file root://cmsxrootd.fnal.gov//store/mc/RunIISummer20UL16MiniAODv2/EWK_LLJJ_MLL-50_MJJ-120_TuneCP5_QCD_13TeV-madgraph-pythia8/MINIAODSIM/106X_mcRun2_asymptotic_v17-v2/2550000/0E83A60B-5541-8448-AC55-C830AA956739.root
      0.214529      0.017327      0.004752             1
 
11-Jan-2024 02:21:26 CET  Closed file root://cmsxrootd.fnal.gov//store/mc/RunIISummer20UL16MiniAODv2/EWK_LLJJ_MLL-50_MJJ-120_TuneCP5_QCD_13TeV-madgraph-pythia8/MINIAODSIM/106X_mcRun2_asymptotic_v17-v2/2550000/0E83A60B-5541-8448-AC55-C830AA956739.root

------------------------------------
GenXsecAnalyzer:
------------------------------------
-------------------------------------------------------------------------------------------------------------------------------------------------------------------------- 
Overall cross-section summary 
--------------------------------------------------------------------------------------------------------------------------------------------------------------------------
Process		xsec_before [pb]		passed	nposw	nnegw	tried	nposw	nnegw 	xsec_match [pb]			accepted [%]	 event_eff [%]
0		2.086e-01 +/- 3.870e-04		500000	295340	204660	500000	295340	204660	2.086e-01 +/- 3.870e-04		100.0 +/- 0.0	100.0 +/- 0.0
-------------------------------------------------------------------------------------------------------------------------------------------------------------------------- 
Total		2.086e-01 +/- 3.870e-04		500000	295340	204660	500000	295340	204660	2.086e-01 +/- 3.870e-04		100.0 +/- 0.0	100.0 +/- 0.0
--------------------------------------------------------------------------------------------------------------------------------------------------------------------------
Before matching: total cross section = 2.086e-01 +- 3.870e-04 pb
After matching: total cross section = 2.086e-01 +- 3.870e-04 pb
Matching efficiency = 1.0 +/- 0.0   [TO BE USED IN MCM]
Filter efficiency (taking into account weights)= (90680) / (90680) = 1.000e+00 +- 0.000e+00
Filter efficiency (event-level)= (500000) / (500000) = 1.000e+00 +- 0.000e+00    [TO BE USED IN MCM]

After filter: final cross section = 2.086e-01 +- 3.870e-04 pb
After filter: final fraction of events with negative weights = 4.093e-01 +- 1.841e-04
After filter: final equivalent lumi for 1M events (1/fb) = 1.577e+02 +- 1.308e-01

=============================================

MessageLogger Summary

 type     category        sev    module        subroutine        count    total
 ---- -------------------- -- ---------------- ----------------  -----    -----
    1 GenXSecAnalyzer      -w GenXSecAnalyzer:                      15       15
    2 XrdAdaptor           -w file_open                             33       33
    3 fileAction           -s file_close                            33       33
    4 fileAction           -s file_open                             66       66

 type    category    Examples: run/evt        run/evt          run/evt
 ---- -------------------- ---------------- ---------------- ----------------
    1 GenXSecAnalyzer      PostGlobalEndRun PostGlobalEndRun PostGlobalEndRun
    2 XrdAdaptor           pre-events       PostProcessEvent PostProcessEvent
    3 fileAction           PostProcessEvent PostProcessEvent PostGlobalEndRun
    4 fileAction           pre-events       pre-events       PostProcessEvent

Severity    # Occurrences   Total Occurrences
--------    -------------   -----------------
Warning                48                  48
System                 99                  99

dropped waiting message count 0
