12-Jan-2024 01:25:38 CET  Initiating request to open file root://cmsxrootd.fnal.gov//store/mc/RunIISummer20UL16MiniAODv2/VBFToContinToZZTo4l_TuneCP5_withDipoleRecoil_13TeV-jhugenv730-mcfm701-pythia8/MINIAODSIM/106X_mcRun2_asymptotic_v17-v2/40000/A2E3EB28-9067-AB4F-A239-692DFAD4675D.root
Unable to load sec.protocol plugin libXrdSecztn.so
%MSG-w XrdAdaptor:  file_open 12-Jan-2024 01:25:42 CET pre-events
Data is served from fnal.gov instead of original site US-Regional-FNAL
%MSG
12-Jan-2024 01:25:46 CET  Successfully opened file root://cmsxrootd.fnal.gov//store/mc/RunIISummer20UL16MiniAODv2/VBFToContinToZZTo4l_TuneCP5_withDipoleRecoil_13TeV-jhugenv730-mcfm701-pythia8/MINIAODSIM/106X_mcRun2_asymptotic_v17-v2/40000/A2E3EB28-9067-AB4F-A239-692DFAD4675D.root
Unable to load sec.protocol plugin libXrdSecztn.so
Begin processing the 1st record. Run 1, Event 316240, LumiSection 858 on stream 0 at 12-Jan-2024 01:25:50.506 CET
12-Jan-2024 01:25:51 CET  Closed file root://cmsxrootd.fnal.gov//store/mc/RunIISummer20UL16MiniAODv2/VBFToContinToZZTo4l_TuneCP5_withDipoleRecoil_13TeV-jhugenv730-mcfm701-pythia8/MINIAODSIM/106X_mcRun2_asymptotic_v17-v2/40000/A2E3EB28-9067-AB4F-A239-692DFAD4675D.root
12-Jan-2024 01:25:51 CET  Initiating request to open file root://cmsxrootd.fnal.gov//store/mc/RunIISummer20UL16MiniAODv2/VBFToContinToZZTo4l_TuneCP5_withDipoleRecoil_13TeV-jhugenv730-mcfm701-pythia8/MINIAODSIM/106X_mcRun2_asymptotic_v17-v2/2430000/02F433BA-D2BE-274E-B87B-5E2FF91DF4A9.root
%MSG-w XrdAdaptor:  file_open 12-Jan-2024 01:25:53 CET PostProcessEvent
Data is served from fnal.gov instead of original site US-Regional-FNAL
%MSG
12-Jan-2024 01:25:54 CET  Successfully opened file root://cmsxrootd.fnal.gov//store/mc/RunIISummer20UL16MiniAODv2/VBFToContinToZZTo4l_TuneCP5_withDipoleRecoil_13TeV-jhugenv730-mcfm701-pythia8/MINIAODSIM/106X_mcRun2_asymptotic_v17-v2/2430000/02F433BA-D2BE-274E-B87B-5E2FF91DF4A9.root
Unable to load sec.protocol plugin libXrdSecztn.so
12-Jan-2024 01:26:00 CET  Closed file root://cmsxrootd.fnal.gov//store/mc/RunIISummer20UL16MiniAODv2/VBFToContinToZZTo4l_TuneCP5_withDipoleRecoil_13TeV-jhugenv730-mcfm701-pythia8/MINIAODSIM/106X_mcRun2_asymptotic_v17-v2/2430000/02F433BA-D2BE-274E-B87B-5E2FF91DF4A9.root
12-Jan-2024 01:26:00 CET  Initiating request to open file root://cmsxrootd.fnal.gov//store/mc/RunIISummer20UL16MiniAODv2/VBFToContinToZZTo4l_TuneCP5_withDipoleRecoil_13TeV-jhugenv730-mcfm701-pythia8/MINIAODSIM/106X_mcRun2_asymptotic_v17-v2/2430000/D8860802-6F9E-124D-B53C-AFEA079D4516.root
Unable to load sec.protocol plugin libXrdSecztn.so
%MSG-w XrdAdaptor:  file_open 12-Jan-2024 01:26:03 CET PostProcessEvent
Data is served from fnal.gov instead of original site US-Regional-FNAL
%MSG
12-Jan-2024 01:26:04 CET  Successfully opened file root://cmsxrootd.fnal.gov//store/mc/RunIISummer20UL16MiniAODv2/VBFToContinToZZTo4l_TuneCP5_withDipoleRecoil_13TeV-jhugenv730-mcfm701-pythia8/MINIAODSIM/106X_mcRun2_asymptotic_v17-v2/2430000/D8860802-6F9E-124D-B53C-AFEA079D4516.root
12-Jan-2024 01:26:10 CET  Closed file root://cmsxrootd.fnal.gov//store/mc/RunIISummer20UL16MiniAODv2/VBFToContinToZZTo4l_TuneCP5_withDipoleRecoil_13TeV-jhugenv730-mcfm701-pythia8/MINIAODSIM/106X_mcRun2_asymptotic_v17-v2/2430000/D8860802-6F9E-124D-B53C-AFEA079D4516.root
12-Jan-2024 01:26:10 CET  Initiating request to open file root://cmsxrootd.fnal.gov//store/mc/RunIISummer20UL16MiniAODv2/VBFToContinToZZTo4l_TuneCP5_withDipoleRecoil_13TeV-jhugenv730-mcfm701-pythia8/MINIAODSIM/106X_mcRun2_asymptotic_v17-v2/40000/C35DB3BB-5CC2-8B4B-B0EA-52A9C3BFED52.root
%MSG-w XrdAdaptor:  file_open 12-Jan-2024 01:26:14 CET PostProcessEvent
Data is served from T2_US_Nebraska instead of original site US-Regional-FNAL
%MSG
12-Jan-2024 01:26:14 CET  Successfully opened file root://cmsxrootd.fnal.gov//store/mc/RunIISummer20UL16MiniAODv2/VBFToContinToZZTo4l_TuneCP5_withDipoleRecoil_13TeV-jhugenv730-mcfm701-pythia8/MINIAODSIM/106X_mcRun2_asymptotic_v17-v2/40000/C35DB3BB-5CC2-8B4B-B0EA-52A9C3BFED52.root
Begin processing the 100001st record. Run 1, Event 656084, LumiSection 1779 on stream 0 at 12-Jan-2024 01:26:23.776 CET
%MSG-w XrdAdaptor:  (NoModuleName) 12-Jan-2024 01:26:25 CET pre-events
Data is now served from T2_US_Nebraska, fnal.gov instead of previous T2_US_Nebraska
%MSG
12-Jan-2024 01:26:25 CET  Closed file root://cmsxrootd.fnal.gov//store/mc/RunIISummer20UL16MiniAODv2/VBFToContinToZZTo4l_TuneCP5_withDipoleRecoil_13TeV-jhugenv730-mcfm701-pythia8/MINIAODSIM/106X_mcRun2_asymptotic_v17-v2/40000/C35DB3BB-5CC2-8B4B-B0EA-52A9C3BFED52.root
12-Jan-2024 01:26:25 CET  Initiating request to open file root://cmsxrootd.fnal.gov//store/mc/RunIISummer20UL16MiniAODv2/VBFToContinToZZTo4l_TuneCP5_withDipoleRecoil_13TeV-jhugenv730-mcfm701-pythia8/MINIAODSIM/106X_mcRun2_asymptotic_v17-v2/40000/4386C6E7-9C53-CA4E-B213-4C804DAE7348.root
%MSG-w XrdAdaptor:  file_open 12-Jan-2024 01:26:27 CET PostProcessEvent
Data is served from fnal.gov instead of original site US-Regional-FNAL
%MSG
12-Jan-2024 01:26:28 CET  Successfully opened file root://cmsxrootd.fnal.gov//store/mc/RunIISummer20UL16MiniAODv2/VBFToContinToZZTo4l_TuneCP5_withDipoleRecoil_13TeV-jhugenv730-mcfm701-pythia8/MINIAODSIM/106X_mcRun2_asymptotic_v17-v2/40000/4386C6E7-9C53-CA4E-B213-4C804DAE7348.root
12-Jan-2024 01:26:37 CET  Closed file root://cmsxrootd.fnal.gov//store/mc/RunIISummer20UL16MiniAODv2/VBFToContinToZZTo4l_TuneCP5_withDipoleRecoil_13TeV-jhugenv730-mcfm701-pythia8/MINIAODSIM/106X_mcRun2_asymptotic_v17-v2/40000/4386C6E7-9C53-CA4E-B213-4C804DAE7348.root
12-Jan-2024 01:26:37 CET  Initiating request to open file root://cmsxrootd.fnal.gov//store/mc/RunIISummer20UL16MiniAODv2/VBFToContinToZZTo4l_TuneCP5_withDipoleRecoil_13TeV-jhugenv730-mcfm701-pythia8/MINIAODSIM/106X_mcRun2_asymptotic_v17-v2/40000/A2BE4C6A-AAAE-524B-8EDF-6458FCE92649.root
%MSG-w XrdAdaptor:  file_open 12-Jan-2024 01:26:40 CET PostProcessEvent
Data is served from fnal.gov instead of original site US-Regional-FNAL
%MSG
12-Jan-2024 01:26:40 CET  Successfully opened file root://cmsxrootd.fnal.gov//store/mc/RunIISummer20UL16MiniAODv2/VBFToContinToZZTo4l_TuneCP5_withDipoleRecoil_13TeV-jhugenv730-mcfm701-pythia8/MINIAODSIM/106X_mcRun2_asymptotic_v17-v2/40000/A2BE4C6A-AAAE-524B-8EDF-6458FCE92649.root
Begin processing the 200001st record. Run 1, Event 1136152, LumiSection 3080 on stream 0 at 12-Jan-2024 01:26:50.813 CET
12-Jan-2024 01:26:52 CET  Closed file root://cmsxrootd.fnal.gov//store/mc/RunIISummer20UL16MiniAODv2/VBFToContinToZZTo4l_TuneCP5_withDipoleRecoil_13TeV-jhugenv730-mcfm701-pythia8/MINIAODSIM/106X_mcRun2_asymptotic_v17-v2/40000/A2BE4C6A-AAAE-524B-8EDF-6458FCE92649.root
12-Jan-2024 01:26:52 CET  Initiating request to open file root://cmsxrootd.fnal.gov//store/mc/RunIISummer20UL16MiniAODv2/VBFToContinToZZTo4l_TuneCP5_withDipoleRecoil_13TeV-jhugenv730-mcfm701-pythia8/MINIAODSIM/106X_mcRun2_asymptotic_v17-v2/40000/55FA019D-73EC-B442-AC4E-010A031CFD30.root
%MSG-w XrdAdaptor:  file_open 12-Jan-2024 01:26:54 CET PostProcessEvent
Data is served from fnal.gov instead of original site US-Regional-FNAL
%MSG
12-Jan-2024 01:26:54 CET  Successfully opened file root://cmsxrootd.fnal.gov//store/mc/RunIISummer20UL16MiniAODv2/VBFToContinToZZTo4l_TuneCP5_withDipoleRecoil_13TeV-jhugenv730-mcfm701-pythia8/MINIAODSIM/106X_mcRun2_asymptotic_v17-v2/40000/55FA019D-73EC-B442-AC4E-010A031CFD30.root
12-Jan-2024 01:27:03 CET  Closed file root://cmsxrootd.fnal.gov//store/mc/RunIISummer20UL16MiniAODv2/VBFToContinToZZTo4l_TuneCP5_withDipoleRecoil_13TeV-jhugenv730-mcfm701-pythia8/MINIAODSIM/106X_mcRun2_asymptotic_v17-v2/40000/55FA019D-73EC-B442-AC4E-010A031CFD30.root
12-Jan-2024 01:27:03 CET  Initiating request to open file root://cmsxrootd.fnal.gov//store/mc/RunIISummer20UL16MiniAODv2/VBFToContinToZZTo4l_TuneCP5_withDipoleRecoil_13TeV-jhugenv730-mcfm701-pythia8/MINIAODSIM/106X_mcRun2_asymptotic_v17-v2/40000/2DDB98BE-DEE0-BB4E-82ED-0768A4F74E15.root
%MSG-w XrdAdaptor:  file_open 12-Jan-2024 01:27:05 CET PostProcessEvent
Data is served from fnal.gov instead of original site US-Regional-FNAL
%MSG
12-Jan-2024 01:27:06 CET  Successfully opened file root://cmsxrootd.fnal.gov//store/mc/RunIISummer20UL16MiniAODv2/VBFToContinToZZTo4l_TuneCP5_withDipoleRecoil_13TeV-jhugenv730-mcfm701-pythia8/MINIAODSIM/106X_mcRun2_asymptotic_v17-v2/40000/2DDB98BE-DEE0-BB4E-82ED-0768A4F74E15.root
Begin processing the 300001st record. Run 1, Event 18088, LumiSection 50 on stream 0 at 12-Jan-2024 01:27:11.446 CET
12-Jan-2024 01:27:13 CET  Closed file root://cmsxrootd.fnal.gov//store/mc/RunIISummer20UL16MiniAODv2/VBFToContinToZZTo4l_TuneCP5_withDipoleRecoil_13TeV-jhugenv730-mcfm701-pythia8/MINIAODSIM/106X_mcRun2_asymptotic_v17-v2/40000/2DDB98BE-DEE0-BB4E-82ED-0768A4F74E15.root
12-Jan-2024 01:27:13 CET  Initiating request to open file root://cmsxrootd.fnal.gov//store/mc/RunIISummer20UL16MiniAODv2/VBFToContinToZZTo4l_TuneCP5_withDipoleRecoil_13TeV-jhugenv730-mcfm701-pythia8/MINIAODSIM/106X_mcRun2_asymptotic_v17-v2/40000/F3A93B35-A69D-0448-84AE-A8D656C21E57.root
%MSG-w XrdAdaptor:  file_open 12-Jan-2024 01:27:15 CET PostProcessEvent
Data is served from fnal.gov instead of original site US-Regional-FNAL
%MSG
12-Jan-2024 01:27:16 CET  Successfully opened file root://cmsxrootd.fnal.gov//store/mc/RunIISummer20UL16MiniAODv2/VBFToContinToZZTo4l_TuneCP5_withDipoleRecoil_13TeV-jhugenv730-mcfm701-pythia8/MINIAODSIM/106X_mcRun2_asymptotic_v17-v2/40000/F3A93B35-A69D-0448-84AE-A8D656C21E57.root
Begin processing the 400001st record. Run 1, Event 2695924, LumiSection 7307 on stream 0 at 12-Jan-2024 01:27:27.853 CET
12-Jan-2024 01:27:28 CET  Closed file root://cmsxrootd.fnal.gov//store/mc/RunIISummer20UL16MiniAODv2/VBFToContinToZZTo4l_TuneCP5_withDipoleRecoil_13TeV-jhugenv730-mcfm701-pythia8/MINIAODSIM/106X_mcRun2_asymptotic_v17-v2/40000/F3A93B35-A69D-0448-84AE-A8D656C21E57.root
12-Jan-2024 01:27:28 CET  Initiating request to open file root://cmsxrootd.fnal.gov//store/mc/RunIISummer20UL16MiniAODv2/VBFToContinToZZTo4l_TuneCP5_withDipoleRecoil_13TeV-jhugenv730-mcfm701-pythia8/MINIAODSIM/106X_mcRun2_asymptotic_v17-v2/40000/89710D7B-187E-BF42-B5FD-B12949E2666E.root
%MSG-w XrdAdaptor:  file_open 12-Jan-2024 01:27:30 CET PostProcessEvent
Data is served from fnal.gov instead of original site US-Regional-FNAL
%MSG
12-Jan-2024 01:27:31 CET  Successfully opened file root://cmsxrootd.fnal.gov//store/mc/RunIISummer20UL16MiniAODv2/VBFToContinToZZTo4l_TuneCP5_withDipoleRecoil_13TeV-jhugenv730-mcfm701-pythia8/MINIAODSIM/106X_mcRun2_asymptotic_v17-v2/40000/89710D7B-187E-BF42-B5FD-B12949E2666E.root
12-Jan-2024 01:27:36 CET  Closed file root://cmsxrootd.fnal.gov//store/mc/RunIISummer20UL16MiniAODv2/VBFToContinToZZTo4l_TuneCP5_withDipoleRecoil_13TeV-jhugenv730-mcfm701-pythia8/MINIAODSIM/106X_mcRun2_asymptotic_v17-v2/40000/89710D7B-187E-BF42-B5FD-B12949E2666E.root
12-Jan-2024 01:27:36 CET  Initiating request to open file root://cmsxrootd.fnal.gov//store/mc/RunIISummer20UL16MiniAODv2/VBFToContinToZZTo4l_TuneCP5_withDipoleRecoil_13TeV-jhugenv730-mcfm701-pythia8/MINIAODSIM/106X_mcRun2_asymptotic_v17-v2/2530000/E2989FD3-FCF5-F54B-A3C6-24B4AD01EAAD.root
%MSG-w XrdAdaptor:  file_open 12-Jan-2024 01:27:38 CET PostProcessEvent
Data is served from fnal.gov instead of original site US-Regional-FNAL
%MSG
12-Jan-2024 01:27:39 CET  Successfully opened file root://cmsxrootd.fnal.gov//store/mc/RunIISummer20UL16MiniAODv2/VBFToContinToZZTo4l_TuneCP5_withDipoleRecoil_13TeV-jhugenv730-mcfm701-pythia8/MINIAODSIM/106X_mcRun2_asymptotic_v17-v2/2530000/E2989FD3-FCF5-F54B-A3C6-24B4AD01EAAD.root
12-Jan-2024 01:27:49 CET  Closed file root://cmsxrootd.fnal.gov//store/mc/RunIISummer20UL16MiniAODv2/VBFToContinToZZTo4l_TuneCP5_withDipoleRecoil_13TeV-jhugenv730-mcfm701-pythia8/MINIAODSIM/106X_mcRun2_asymptotic_v17-v2/2530000/E2989FD3-FCF5-F54B-A3C6-24B4AD01EAAD.root
12-Jan-2024 01:27:49 CET  Initiating request to open file root://cmsxrootd.fnal.gov//store/mc/RunIISummer20UL16MiniAODv2/VBFToContinToZZTo4l_TuneCP5_withDipoleRecoil_13TeV-jhugenv730-mcfm701-pythia8/MINIAODSIM/106X_mcRun2_asymptotic_v17-v2/2520000/65FAAF1D-348E-7E4B-943C-443ECDA6F577.root
%MSG-w XrdAdaptor:  file_open 12-Jan-2024 01:27:52 CET PostProcessEvent
Data is served from T2_US_Nebraska instead of original site US-Regional-FNAL
%MSG
12-Jan-2024 01:27:53 CET  Successfully opened file root://cmsxrootd.fnal.gov//store/mc/RunIISummer20UL16MiniAODv2/VBFToContinToZZTo4l_TuneCP5_withDipoleRecoil_13TeV-jhugenv730-mcfm701-pythia8/MINIAODSIM/106X_mcRun2_asymptotic_v17-v2/2520000/65FAAF1D-348E-7E4B-943C-443ECDA6F577.root
Begin processing the 500001st record. Run 1, Event 2663075, LumiSection 7218 on stream 0 at 12-Jan-2024 01:28:00.885 CET
12-Jan-2024 01:28:01 CET  Closed file root://cmsxrootd.fnal.gov//store/mc/RunIISummer20UL16MiniAODv2/VBFToContinToZZTo4l_TuneCP5_withDipoleRecoil_13TeV-jhugenv730-mcfm701-pythia8/MINIAODSIM/106X_mcRun2_asymptotic_v17-v2/2520000/65FAAF1D-348E-7E4B-943C-443ECDA6F577.root
12-Jan-2024 01:28:01 CET  Initiating request to open file root://cmsxrootd.fnal.gov//store/mc/RunIISummer20UL16MiniAODv2/VBFToContinToZZTo4l_TuneCP5_withDipoleRecoil_13TeV-jhugenv730-mcfm701-pythia8/MINIAODSIM/106X_mcRun2_asymptotic_v17-v2/2530000/603AB390-507A-4E4D-81DF-50811F5C77F5.root
%MSG-w XrdAdaptor:  file_open 12-Jan-2024 01:28:05 CET PostProcessEvent
Data is served from T2_US_MIT instead of original site US-Regional-FNAL
%MSG
12-Jan-2024 01:28:05 CET  Successfully opened file root://cmsxrootd.fnal.gov//store/mc/RunIISummer20UL16MiniAODv2/VBFToContinToZZTo4l_TuneCP5_withDipoleRecoil_13TeV-jhugenv730-mcfm701-pythia8/MINIAODSIM/106X_mcRun2_asymptotic_v17-v2/2530000/603AB390-507A-4E4D-81DF-50811F5C77F5.root
12-Jan-2024 01:28:19 CET  Closed file root://cmsxrootd.fnal.gov//store/mc/RunIISummer20UL16MiniAODv2/VBFToContinToZZTo4l_TuneCP5_withDipoleRecoil_13TeV-jhugenv730-mcfm701-pythia8/MINIAODSIM/106X_mcRun2_asymptotic_v17-v2/2530000/603AB390-507A-4E4D-81DF-50811F5C77F5.root
12-Jan-2024 01:28:19 CET  Initiating request to open file root://cmsxrootd.fnal.gov//store/mc/RunIISummer20UL16MiniAODv2/VBFToContinToZZTo4l_TuneCP5_withDipoleRecoil_13TeV-jhugenv730-mcfm701-pythia8/MINIAODSIM/106X_mcRun2_asymptotic_v17-v2/2530000/524EAF8F-91EE-164D-91F8-7D9717C585A7.root
%MSG-w XrdAdaptor:  file_open 12-Jan-2024 01:28:22 CET PostProcessEvent
Data is served from T2_US_MIT instead of original site US-Regional-FNAL
%MSG
12-Jan-2024 01:28:23 CET  Successfully opened file root://cmsxrootd.fnal.gov//store/mc/RunIISummer20UL16MiniAODv2/VBFToContinToZZTo4l_TuneCP5_withDipoleRecoil_13TeV-jhugenv730-mcfm701-pythia8/MINIAODSIM/106X_mcRun2_asymptotic_v17-v2/2530000/524EAF8F-91EE-164D-91F8-7D9717C585A7.root
Begin processing the 600001st record. Run 1, Event 1699619, LumiSection 4607 on stream 0 at 12-Jan-2024 01:28:35.233 CET
12-Jan-2024 01:28:35 CET  Closed file root://cmsxrootd.fnal.gov//store/mc/RunIISummer20UL16MiniAODv2/VBFToContinToZZTo4l_TuneCP5_withDipoleRecoil_13TeV-jhugenv730-mcfm701-pythia8/MINIAODSIM/106X_mcRun2_asymptotic_v17-v2/2530000/524EAF8F-91EE-164D-91F8-7D9717C585A7.root
12-Jan-2024 01:28:35 CET  Initiating request to open file root://cmsxrootd.fnal.gov//store/mc/RunIISummer20UL16MiniAODv2/VBFToContinToZZTo4l_TuneCP5_withDipoleRecoil_13TeV-jhugenv730-mcfm701-pythia8/MINIAODSIM/106X_mcRun2_asymptotic_v17-v2/2530000/9AAF8BD0-5F2C-DA4C-8FA2-CCBA87B8FDE5.root
%MSG-w XrdAdaptor:  file_open 12-Jan-2024 01:28:38 CET PostProcessEvent
Data is served from T2_US_MIT instead of original site US-Regional-FNAL
%MSG
12-Jan-2024 01:28:39 CET  Successfully opened file root://cmsxrootd.fnal.gov//store/mc/RunIISummer20UL16MiniAODv2/VBFToContinToZZTo4l_TuneCP5_withDipoleRecoil_13TeV-jhugenv730-mcfm701-pythia8/MINIAODSIM/106X_mcRun2_asymptotic_v17-v2/2530000/9AAF8BD0-5F2C-DA4C-8FA2-CCBA87B8FDE5.root
12-Jan-2024 01:29:00 CET  Closed file root://cmsxrootd.fnal.gov//store/mc/RunIISummer20UL16MiniAODv2/VBFToContinToZZTo4l_TuneCP5_withDipoleRecoil_13TeV-jhugenv730-mcfm701-pythia8/MINIAODSIM/106X_mcRun2_asymptotic_v17-v2/2530000/9AAF8BD0-5F2C-DA4C-8FA2-CCBA87B8FDE5.root
12-Jan-2024 01:29:00 CET  Initiating request to open file root://cmsxrootd.fnal.gov//store/mc/RunIISummer20UL16MiniAODv2/VBFToContinToZZTo4l_TuneCP5_withDipoleRecoil_13TeV-jhugenv730-mcfm701-pythia8/MINIAODSIM/106X_mcRun2_asymptotic_v17-v2/2530000/6872586D-C8B3-7649-810C-18B761C4CB54.root
%MSG-w XrdAdaptor:  file_open 12-Jan-2024 01:29:02 CET PostProcessEvent
Data is served from T2_US_MIT instead of original site US-Regional-FNAL
%MSG
12-Jan-2024 01:29:03 CET  Successfully opened file root://cmsxrootd.fnal.gov//store/mc/RunIISummer20UL16MiniAODv2/VBFToContinToZZTo4l_TuneCP5_withDipoleRecoil_13TeV-jhugenv730-mcfm701-pythia8/MINIAODSIM/106X_mcRun2_asymptotic_v17-v2/2530000/6872586D-C8B3-7649-810C-18B761C4CB54.root
Begin processing the 700001st record. Run 1, Event 2105157, LumiSection 5706 on stream 0 at 12-Jan-2024 01:29:15.302 CET
12-Jan-2024 01:29:15 CET  Closed file root://cmsxrootd.fnal.gov//store/mc/RunIISummer20UL16MiniAODv2/VBFToContinToZZTo4l_TuneCP5_withDipoleRecoil_13TeV-jhugenv730-mcfm701-pythia8/MINIAODSIM/106X_mcRun2_asymptotic_v17-v2/2530000/6872586D-C8B3-7649-810C-18B761C4CB54.root
12-Jan-2024 01:29:15 CET  Initiating request to open file root://cmsxrootd.fnal.gov//store/mc/RunIISummer20UL16MiniAODv2/VBFToContinToZZTo4l_TuneCP5_withDipoleRecoil_13TeV-jhugenv730-mcfm701-pythia8/MINIAODSIM/106X_mcRun2_asymptotic_v17-v2/40000/A049F241-587D-804D-AC75-77750C807BA3.root
%MSG-w XrdAdaptor:  file_open 12-Jan-2024 01:29:17 CET PostProcessEvent
Data is served from fnal.gov instead of original site US-Regional-FNAL
%MSG
12-Jan-2024 01:29:18 CET  Successfully opened file root://cmsxrootd.fnal.gov//store/mc/RunIISummer20UL16MiniAODv2/VBFToContinToZZTo4l_TuneCP5_withDipoleRecoil_13TeV-jhugenv730-mcfm701-pythia8/MINIAODSIM/106X_mcRun2_asymptotic_v17-v2/40000/A049F241-587D-804D-AC75-77750C807BA3.root
12-Jan-2024 01:29:35 CET  Closed file root://cmsxrootd.fnal.gov//store/mc/RunIISummer20UL16MiniAODv2/VBFToContinToZZTo4l_TuneCP5_withDipoleRecoil_13TeV-jhugenv730-mcfm701-pythia8/MINIAODSIM/106X_mcRun2_asymptotic_v17-v2/40000/A049F241-587D-804D-AC75-77750C807BA3.root
12-Jan-2024 01:29:35 CET  Initiating request to open file root://cmsxrootd.fnal.gov//store/mc/RunIISummer20UL16MiniAODv2/VBFToContinToZZTo4l_TuneCP5_withDipoleRecoil_13TeV-jhugenv730-mcfm701-pythia8/MINIAODSIM/106X_mcRun2_asymptotic_v17-v2/40000/0780546F-D000-5D47-A440-9E682F5B9C7F.root
%MSG-w XrdAdaptor:  file_open 12-Jan-2024 01:29:36 CET PostProcessEvent
Data is served from fnal.gov instead of original site US-Regional-FNAL
%MSG
12-Jan-2024 01:29:37 CET  Successfully opened file root://cmsxrootd.fnal.gov//store/mc/RunIISummer20UL16MiniAODv2/VBFToContinToZZTo4l_TuneCP5_withDipoleRecoil_13TeV-jhugenv730-mcfm701-pythia8/MINIAODSIM/106X_mcRun2_asymptotic_v17-v2/40000/0780546F-D000-5D47-A440-9E682F5B9C7F.root
Begin processing the 800001st record. Run 1, Event 1988181, LumiSection 5389 on stream 0 at 12-Jan-2024 01:29:48.434 CET
12-Jan-2024 01:29:49 CET  Closed file root://cmsxrootd.fnal.gov//store/mc/RunIISummer20UL16MiniAODv2/VBFToContinToZZTo4l_TuneCP5_withDipoleRecoil_13TeV-jhugenv730-mcfm701-pythia8/MINIAODSIM/106X_mcRun2_asymptotic_v17-v2/40000/0780546F-D000-5D47-A440-9E682F5B9C7F.root
12-Jan-2024 01:29:49 CET  Initiating request to open file root://cmsxrootd.fnal.gov//store/mc/RunIISummer20UL16MiniAODv2/VBFToContinToZZTo4l_TuneCP5_withDipoleRecoil_13TeV-jhugenv730-mcfm701-pythia8/MINIAODSIM/106X_mcRun2_asymptotic_v17-v2/2430000/5A8618B0-E9A1-8243-813E-82F9C63DA9D0.root
%MSG-w XrdAdaptor:  file_open 12-Jan-2024 01:29:51 CET PostProcessEvent
Data is served from fnal.gov instead of original site US-Regional-FNAL
%MSG
12-Jan-2024 01:29:52 CET  Successfully opened file root://cmsxrootd.fnal.gov//store/mc/RunIISummer20UL16MiniAODv2/VBFToContinToZZTo4l_TuneCP5_withDipoleRecoil_13TeV-jhugenv730-mcfm701-pythia8/MINIAODSIM/106X_mcRun2_asymptotic_v17-v2/2430000/5A8618B0-E9A1-8243-813E-82F9C63DA9D0.root
12-Jan-2024 01:29:56 CET  Closed file root://cmsxrootd.fnal.gov//store/mc/RunIISummer20UL16MiniAODv2/VBFToContinToZZTo4l_TuneCP5_withDipoleRecoil_13TeV-jhugenv730-mcfm701-pythia8/MINIAODSIM/106X_mcRun2_asymptotic_v17-v2/2430000/5A8618B0-E9A1-8243-813E-82F9C63DA9D0.root
12-Jan-2024 01:29:56 CET  Initiating request to open file root://cmsxrootd.fnal.gov//store/mc/RunIISummer20UL16MiniAODv2/VBFToContinToZZTo4l_TuneCP5_withDipoleRecoil_13TeV-jhugenv730-mcfm701-pythia8/MINIAODSIM/106X_mcRun2_asymptotic_v17-v2/40000/14DBDC84-0381-C74B-85BF-2CDE5630903E.root
%MSG-w XrdAdaptor:  file_open 12-Jan-2024 01:29:58 CET PostProcessEvent
Data is served from fnal.gov instead of original site US-Regional-FNAL
%MSG
12-Jan-2024 01:29:58 CET  Successfully opened file root://cmsxrootd.fnal.gov//store/mc/RunIISummer20UL16MiniAODv2/VBFToContinToZZTo4l_TuneCP5_withDipoleRecoil_13TeV-jhugenv730-mcfm701-pythia8/MINIAODSIM/106X_mcRun2_asymptotic_v17-v2/40000/14DBDC84-0381-C74B-85BF-2CDE5630903E.root
12-Jan-2024 01:30:05 CET  Closed file root://cmsxrootd.fnal.gov//store/mc/RunIISummer20UL16MiniAODv2/VBFToContinToZZTo4l_TuneCP5_withDipoleRecoil_13TeV-jhugenv730-mcfm701-pythia8/MINIAODSIM/106X_mcRun2_asymptotic_v17-v2/40000/14DBDC84-0381-C74B-85BF-2CDE5630903E.root
12-Jan-2024 01:30:05 CET  Initiating request to open file root://cmsxrootd.fnal.gov//store/mc/RunIISummer20UL16MiniAODv2/VBFToContinToZZTo4l_TuneCP5_withDipoleRecoil_13TeV-jhugenv730-mcfm701-pythia8/MINIAODSIM/106X_mcRun2_asymptotic_v17-v2/50000/06B50FDC-16F6-7947-AA4B-E16BD4BB36F3.root
%MSG-w XrdAdaptor:  file_open 12-Jan-2024 01:30:08 CET PostProcessEvent
Data is served from fnal.gov instead of original site US-Regional-FNAL
%MSG
12-Jan-2024 01:30:08 CET  Successfully opened file root://cmsxrootd.fnal.gov//store/mc/RunIISummer20UL16MiniAODv2/VBFToContinToZZTo4l_TuneCP5_withDipoleRecoil_13TeV-jhugenv730-mcfm701-pythia8/MINIAODSIM/106X_mcRun2_asymptotic_v17-v2/50000/06B50FDC-16F6-7947-AA4B-E16BD4BB36F3.root
Begin processing the 900001st record. Run 1, Event 1043908, LumiSection 2830 on stream 0 at 12-Jan-2024 01:30:36.449 CET
12-Jan-2024 01:30:36 CET  Closed file root://cmsxrootd.fnal.gov//store/mc/RunIISummer20UL16MiniAODv2/VBFToContinToZZTo4l_TuneCP5_withDipoleRecoil_13TeV-jhugenv730-mcfm701-pythia8/MINIAODSIM/106X_mcRun2_asymptotic_v17-v2/50000/06B50FDC-16F6-7947-AA4B-E16BD4BB36F3.root
12-Jan-2024 01:30:36 CET  Initiating request to open file root://cmsxrootd.fnal.gov//store/mc/RunIISummer20UL16MiniAODv2/VBFToContinToZZTo4l_TuneCP5_withDipoleRecoil_13TeV-jhugenv730-mcfm701-pythia8/MINIAODSIM/106X_mcRun2_asymptotic_v17-v2/50000/D62004F1-BF6F-3941-8842-918D02C713A4.root
%MSG-w XrdAdaptor:  file_open 12-Jan-2024 01:30:38 CET PostProcessEvent
Data is served from fnal.gov instead of original site US-Regional-FNAL
%MSG
12-Jan-2024 01:30:39 CET  Successfully opened file root://cmsxrootd.fnal.gov//store/mc/RunIISummer20UL16MiniAODv2/VBFToContinToZZTo4l_TuneCP5_withDipoleRecoil_13TeV-jhugenv730-mcfm701-pythia8/MINIAODSIM/106X_mcRun2_asymptotic_v17-v2/50000/D62004F1-BF6F-3941-8842-918D02C713A4.root
12-Jan-2024 01:30:58 CET  Closed file root://cmsxrootd.fnal.gov//store/mc/RunIISummer20UL16MiniAODv2/VBFToContinToZZTo4l_TuneCP5_withDipoleRecoil_13TeV-jhugenv730-mcfm701-pythia8/MINIAODSIM/106X_mcRun2_asymptotic_v17-v2/50000/D62004F1-BF6F-3941-8842-918D02C713A4.root
12-Jan-2024 01:30:58 CET  Initiating request to open file root://cmsxrootd.fnal.gov//store/mc/RunIISummer20UL16MiniAODv2/VBFToContinToZZTo4l_TuneCP5_withDipoleRecoil_13TeV-jhugenv730-mcfm701-pythia8/MINIAODSIM/106X_mcRun2_asymptotic_v17-v2/50000/7887EFFA-9B25-FA46-A084-2C4AF243D415.root
%MSG-w XrdAdaptor:  file_open 12-Jan-2024 01:31:00 CET PostProcessEvent
Data is served from fnal.gov instead of original site US-Regional-FNAL
%MSG
12-Jan-2024 01:31:01 CET  Successfully opened file root://cmsxrootd.fnal.gov//store/mc/RunIISummer20UL16MiniAODv2/VBFToContinToZZTo4l_TuneCP5_withDipoleRecoil_13TeV-jhugenv730-mcfm701-pythia8/MINIAODSIM/106X_mcRun2_asymptotic_v17-v2/50000/7887EFFA-9B25-FA46-A084-2C4AF243D415.root
Begin processing the 1000001st record. Run 1, Event 1485610, LumiSection 4027 on stream 0 at 12-Jan-2024 01:31:30.157 CET
12-Jan-2024 01:31:31 CET  Closed file root://cmsxrootd.fnal.gov//store/mc/RunIISummer20UL16MiniAODv2/VBFToContinToZZTo4l_TuneCP5_withDipoleRecoil_13TeV-jhugenv730-mcfm701-pythia8/MINIAODSIM/106X_mcRun2_asymptotic_v17-v2/50000/7887EFFA-9B25-FA46-A084-2C4AF243D415.root
12-Jan-2024 01:31:31 CET  Initiating request to open file root://cmsxrootd.fnal.gov//store/mc/RunIISummer20UL16MiniAODv2/VBFToContinToZZTo4l_TuneCP5_withDipoleRecoil_13TeV-jhugenv730-mcfm701-pythia8/MINIAODSIM/106X_mcRun2_asymptotic_v17-v2/50000/98857532-5F7D-B249-985C-0A410FE0634D.root
%MSG-w XrdAdaptor:  file_open 12-Jan-2024 01:31:33 CET PostProcessEvent
Data is served from fnal.gov instead of original site US-Regional-FNAL
%MSG
12-Jan-2024 01:31:34 CET  Successfully opened file root://cmsxrootd.fnal.gov//store/mc/RunIISummer20UL16MiniAODv2/VBFToContinToZZTo4l_TuneCP5_withDipoleRecoil_13TeV-jhugenv730-mcfm701-pythia8/MINIAODSIM/106X_mcRun2_asymptotic_v17-v2/50000/98857532-5F7D-B249-985C-0A410FE0634D.root
12-Jan-2024 01:31:51 CET  Closed file root://cmsxrootd.fnal.gov//store/mc/RunIISummer20UL16MiniAODv2/VBFToContinToZZTo4l_TuneCP5_withDipoleRecoil_13TeV-jhugenv730-mcfm701-pythia8/MINIAODSIM/106X_mcRun2_asymptotic_v17-v2/50000/98857532-5F7D-B249-985C-0A410FE0634D.root
12-Jan-2024 01:31:51 CET  Initiating request to open file root://cmsxrootd.fnal.gov//store/mc/RunIISummer20UL16MiniAODv2/VBFToContinToZZTo4l_TuneCP5_withDipoleRecoil_13TeV-jhugenv730-mcfm701-pythia8/MINIAODSIM/106X_mcRun2_asymptotic_v17-v2/50000/79EA57F4-C377-2541-8152-1160A480D286.root
%MSG-w XrdAdaptor:  file_open 12-Jan-2024 01:31:53 CET PostProcessEvent
Data is served from fnal.gov instead of original site US-Regional-FNAL
%MSG
12-Jan-2024 01:31:53 CET  Successfully opened file root://cmsxrootd.fnal.gov//store/mc/RunIISummer20UL16MiniAODv2/VBFToContinToZZTo4l_TuneCP5_withDipoleRecoil_13TeV-jhugenv730-mcfm701-pythia8/MINIAODSIM/106X_mcRun2_asymptotic_v17-v2/50000/79EA57F4-C377-2541-8152-1160A480D286.root
Begin processing the 1100001st record. Run 1, Event 838378, LumiSection 2273 on stream 0 at 12-Jan-2024 01:32:14.639 CET
12-Jan-2024 01:32:16 CET  Closed file root://cmsxrootd.fnal.gov//store/mc/RunIISummer20UL16MiniAODv2/VBFToContinToZZTo4l_TuneCP5_withDipoleRecoil_13TeV-jhugenv730-mcfm701-pythia8/MINIAODSIM/106X_mcRun2_asymptotic_v17-v2/50000/79EA57F4-C377-2541-8152-1160A480D286.root
12-Jan-2024 01:32:16 CET  Initiating request to open file root://cmsxrootd.fnal.gov//store/mc/RunIISummer20UL16MiniAODv2/VBFToContinToZZTo4l_TuneCP5_withDipoleRecoil_13TeV-jhugenv730-mcfm701-pythia8/MINIAODSIM/106X_mcRun2_asymptotic_v17-v2/50000/6D9AC00C-8927-024D-A9B3-605615188121.root
%MSG-w XrdAdaptor:  file_open 12-Jan-2024 01:32:18 CET PostProcessEvent
Data is served from fnal.gov instead of original site US-Regional-FNAL
%MSG
12-Jan-2024 01:32:18 CET  Successfully opened file root://cmsxrootd.fnal.gov//store/mc/RunIISummer20UL16MiniAODv2/VBFToContinToZZTo4l_TuneCP5_withDipoleRecoil_13TeV-jhugenv730-mcfm701-pythia8/MINIAODSIM/106X_mcRun2_asymptotic_v17-v2/50000/6D9AC00C-8927-024D-A9B3-605615188121.root
12-Jan-2024 01:32:38 CET  Closed file root://cmsxrootd.fnal.gov//store/mc/RunIISummer20UL16MiniAODv2/VBFToContinToZZTo4l_TuneCP5_withDipoleRecoil_13TeV-jhugenv730-mcfm701-pythia8/MINIAODSIM/106X_mcRun2_asymptotic_v17-v2/50000/6D9AC00C-8927-024D-A9B3-605615188121.root
12-Jan-2024 01:32:38 CET  Initiating request to open file root://cmsxrootd.fnal.gov//store/mc/RunIISummer20UL16MiniAODv2/VBFToContinToZZTo4l_TuneCP5_withDipoleRecoil_13TeV-jhugenv730-mcfm701-pythia8/MINIAODSIM/106X_mcRun2_asymptotic_v17-v2/50000/4998E023-8512-4B44-A418-41E346775E15.root
%MSG-w XrdAdaptor:  file_open 12-Jan-2024 01:32:40 CET PostProcessEvent
Data is served from fnal.gov instead of original site US-Regional-FNAL
%MSG
12-Jan-2024 01:32:41 CET  Successfully opened file root://cmsxrootd.fnal.gov//store/mc/RunIISummer20UL16MiniAODv2/VBFToContinToZZTo4l_TuneCP5_withDipoleRecoil_13TeV-jhugenv730-mcfm701-pythia8/MINIAODSIM/106X_mcRun2_asymptotic_v17-v2/50000/4998E023-8512-4B44-A418-41E346775E15.root
Begin processing the 1200001st record. Run 1, Event 1010706, LumiSection 2740 on stream 0 at 12-Jan-2024 01:33:06.721 CET
12-Jan-2024 01:33:08 CET  Closed file root://cmsxrootd.fnal.gov//store/mc/RunIISummer20UL16MiniAODv2/VBFToContinToZZTo4l_TuneCP5_withDipoleRecoil_13TeV-jhugenv730-mcfm701-pythia8/MINIAODSIM/106X_mcRun2_asymptotic_v17-v2/50000/4998E023-8512-4B44-A418-41E346775E15.root
12-Jan-2024 01:33:08 CET  Initiating request to open file root://cmsxrootd.fnal.gov//store/mc/RunIISummer20UL16MiniAODv2/VBFToContinToZZTo4l_TuneCP5_withDipoleRecoil_13TeV-jhugenv730-mcfm701-pythia8/MINIAODSIM/106X_mcRun2_asymptotic_v17-v2/50000/78D239DD-C4A0-0B44-9AEB-13CF367FAF6A.root
%MSG-w XrdAdaptor:  file_open 12-Jan-2024 01:33:11 CET PostProcessEvent
Data is served from fnal.gov instead of original site US-Regional-FNAL
%MSG
12-Jan-2024 01:33:11 CET  Successfully opened file root://cmsxrootd.fnal.gov//store/mc/RunIISummer20UL16MiniAODv2/VBFToContinToZZTo4l_TuneCP5_withDipoleRecoil_13TeV-jhugenv730-mcfm701-pythia8/MINIAODSIM/106X_mcRun2_asymptotic_v17-v2/50000/78D239DD-C4A0-0B44-9AEB-13CF367FAF6A.root
Begin processing the 1300001st record. Run 1, Event 1306278, LumiSection 3541 on stream 0 at 12-Jan-2024 01:33:30.108 CET
12-Jan-2024 01:33:30 CET  Closed file root://cmsxrootd.fnal.gov//store/mc/RunIISummer20UL16MiniAODv2/VBFToContinToZZTo4l_TuneCP5_withDipoleRecoil_13TeV-jhugenv730-mcfm701-pythia8/MINIAODSIM/106X_mcRun2_asymptotic_v17-v2/50000/78D239DD-C4A0-0B44-9AEB-13CF367FAF6A.root
12-Jan-2024 01:33:30 CET  Initiating request to open file root://cmsxrootd.fnal.gov//store/mc/RunIISummer20UL16MiniAODv2/VBFToContinToZZTo4l_TuneCP5_withDipoleRecoil_13TeV-jhugenv730-mcfm701-pythia8/MINIAODSIM/106X_mcRun2_asymptotic_v17-v2/50000/142DD77C-5A85-6F42-A913-0DC85068BE04.root
%MSG-w XrdAdaptor:  file_open 12-Jan-2024 01:33:32 CET PostProcessEvent
Data is served from fnal.gov instead of original site US-Regional-FNAL
%MSG
12-Jan-2024 01:33:33 CET  Successfully opened file root://cmsxrootd.fnal.gov//store/mc/RunIISummer20UL16MiniAODv2/VBFToContinToZZTo4l_TuneCP5_withDipoleRecoil_13TeV-jhugenv730-mcfm701-pythia8/MINIAODSIM/106X_mcRun2_asymptotic_v17-v2/50000/142DD77C-5A85-6F42-A913-0DC85068BE04.root
12-Jan-2024 01:34:00 CET  Closed file root://cmsxrootd.fnal.gov//store/mc/RunIISummer20UL16MiniAODv2/VBFToContinToZZTo4l_TuneCP5_withDipoleRecoil_13TeV-jhugenv730-mcfm701-pythia8/MINIAODSIM/106X_mcRun2_asymptotic_v17-v2/50000/142DD77C-5A85-6F42-A913-0DC85068BE04.root
12-Jan-2024 01:34:00 CET  Initiating request to open file root://cmsxrootd.fnal.gov//store/mc/RunIISummer20UL16MiniAODv2/VBFToContinToZZTo4l_TuneCP5_withDipoleRecoil_13TeV-jhugenv730-mcfm701-pythia8/MINIAODSIM/106X_mcRun2_asymptotic_v17-v2/50000/4F16BBBF-8572-D943-9D6C-109416A41034.root
%MSG-w XrdAdaptor:  file_open 12-Jan-2024 01:34:03 CET PostProcessEvent
Data is served from fnal.gov instead of original site US-Regional-FNAL
%MSG
12-Jan-2024 01:34:03 CET  Successfully opened file root://cmsxrootd.fnal.gov//store/mc/RunIISummer20UL16MiniAODv2/VBFToContinToZZTo4l_TuneCP5_withDipoleRecoil_13TeV-jhugenv730-mcfm701-pythia8/MINIAODSIM/106X_mcRun2_asymptotic_v17-v2/50000/4F16BBBF-8572-D943-9D6C-109416A41034.root
Begin processing the 1400001st record. Run 1, Event 873073, LumiSection 2367 on stream 0 at 12-Jan-2024 01:34:13.759 CET
12-Jan-2024 01:34:15 CET  Closed file root://cmsxrootd.fnal.gov//store/mc/RunIISummer20UL16MiniAODv2/VBFToContinToZZTo4l_TuneCP5_withDipoleRecoil_13TeV-jhugenv730-mcfm701-pythia8/MINIAODSIM/106X_mcRun2_asymptotic_v17-v2/50000/4F16BBBF-8572-D943-9D6C-109416A41034.root
12-Jan-2024 01:34:15 CET  Initiating request to open file root://cmsxrootd.fnal.gov//store/mc/RunIISummer20UL16MiniAODv2/VBFToContinToZZTo4l_TuneCP5_withDipoleRecoil_13TeV-jhugenv730-mcfm701-pythia8/MINIAODSIM/106X_mcRun2_asymptotic_v17-v2/50000/E551F105-F8C4-1640-B77C-015571A564E4.root
%MSG-w XrdAdaptor:  file_open 12-Jan-2024 01:34:17 CET PostProcessEvent
Data is served from fnal.gov instead of original site US-Regional-FNAL
%MSG
12-Jan-2024 01:34:17 CET  Successfully opened file root://cmsxrootd.fnal.gov//store/mc/RunIISummer20UL16MiniAODv2/VBFToContinToZZTo4l_TuneCP5_withDipoleRecoil_13TeV-jhugenv730-mcfm701-pythia8/MINIAODSIM/106X_mcRun2_asymptotic_v17-v2/50000/E551F105-F8C4-1640-B77C-015571A564E4.root
Begin processing the 1500001st record. Run 1, Event 1164573, LumiSection 3157 on stream 0 at 12-Jan-2024 01:34:28.653 CET
12-Jan-2024 01:34:28 CET  Closed file root://cmsxrootd.fnal.gov//store/mc/RunIISummer20UL16MiniAODv2/VBFToContinToZZTo4l_TuneCP5_withDipoleRecoil_13TeV-jhugenv730-mcfm701-pythia8/MINIAODSIM/106X_mcRun2_asymptotic_v17-v2/50000/E551F105-F8C4-1640-B77C-015571A564E4.root
12-Jan-2024 01:34:28 CET  Initiating request to open file root://cmsxrootd.fnal.gov//store/mc/RunIISummer20UL16MiniAODv2/VBFToContinToZZTo4l_TuneCP5_withDipoleRecoil_13TeV-jhugenv730-mcfm701-pythia8/MINIAODSIM/106X_mcRun2_asymptotic_v17-v2/50000/291E8151-8008-644C-BB4F-E9896EF04F98.root
%MSG-w XrdAdaptor:  file_open 12-Jan-2024 01:34:30 CET PostProcessEvent
Data is served from fnal.gov instead of original site US-Regional-FNAL
%MSG
12-Jan-2024 01:34:31 CET  Successfully opened file root://cmsxrootd.fnal.gov//store/mc/RunIISummer20UL16MiniAODv2/VBFToContinToZZTo4l_TuneCP5_withDipoleRecoil_13TeV-jhugenv730-mcfm701-pythia8/MINIAODSIM/106X_mcRun2_asymptotic_v17-v2/50000/291E8151-8008-644C-BB4F-E9896EF04F98.root
12-Jan-2024 01:34:39 CET  Closed file root://cmsxrootd.fnal.gov//store/mc/RunIISummer20UL16MiniAODv2/VBFToContinToZZTo4l_TuneCP5_withDipoleRecoil_13TeV-jhugenv730-mcfm701-pythia8/MINIAODSIM/106X_mcRun2_asymptotic_v17-v2/50000/291E8151-8008-644C-BB4F-E9896EF04F98.root
12-Jan-2024 01:34:39 CET  Initiating request to open file root://cmsxrootd.fnal.gov//store/mc/RunIISummer20UL16MiniAODv2/VBFToContinToZZTo4l_TuneCP5_withDipoleRecoil_13TeV-jhugenv730-mcfm701-pythia8/MINIAODSIM/106X_mcRun2_asymptotic_v17-v2/50000/3C242595-5F92-1A4A-999F-337DBDFCEB0A.root
%MSG-w XrdAdaptor:  file_open 12-Jan-2024 01:34:41 CET PostProcessEvent
Data is served from fnal.gov instead of original site US-Regional-FNAL
%MSG
12-Jan-2024 01:34:41 CET  Successfully opened file root://cmsxrootd.fnal.gov//store/mc/RunIISummer20UL16MiniAODv2/VBFToContinToZZTo4l_TuneCP5_withDipoleRecoil_13TeV-jhugenv730-mcfm701-pythia8/MINIAODSIM/106X_mcRun2_asymptotic_v17-v2/50000/3C242595-5F92-1A4A-999F-337DBDFCEB0A.root
Begin processing the 1600001st record. Run 1, Event 1000010, LumiSection 2711 on stream 0 at 12-Jan-2024 01:34:51.655 CET
12-Jan-2024 01:34:52 CET  Closed file root://cmsxrootd.fnal.gov//store/mc/RunIISummer20UL16MiniAODv2/VBFToContinToZZTo4l_TuneCP5_withDipoleRecoil_13TeV-jhugenv730-mcfm701-pythia8/MINIAODSIM/106X_mcRun2_asymptotic_v17-v2/50000/3C242595-5F92-1A4A-999F-337DBDFCEB0A.root
12-Jan-2024 01:34:52 CET  Initiating request to open file root://cmsxrootd.fnal.gov//store/mc/RunIISummer20UL16MiniAODv2/VBFToContinToZZTo4l_TuneCP5_withDipoleRecoil_13TeV-jhugenv730-mcfm701-pythia8/MINIAODSIM/106X_mcRun2_asymptotic_v17-v2/50000/B09A0879-51E7-6F4C-B19D-D34F9C4F3DD5.root
%MSG-w XrdAdaptor:  file_open 12-Jan-2024 01:34:54 CET PostProcessEvent
Data is served from fnal.gov instead of original site US-Regional-FNAL
%MSG
12-Jan-2024 01:34:55 CET  Successfully opened file root://cmsxrootd.fnal.gov//store/mc/RunIISummer20UL16MiniAODv2/VBFToContinToZZTo4l_TuneCP5_withDipoleRecoil_13TeV-jhugenv730-mcfm701-pythia8/MINIAODSIM/106X_mcRun2_asymptotic_v17-v2/50000/B09A0879-51E7-6F4C-B19D-D34F9C4F3DD5.root
12-Jan-2024 01:35:04 CET  Closed file root://cmsxrootd.fnal.gov//store/mc/RunIISummer20UL16MiniAODv2/VBFToContinToZZTo4l_TuneCP5_withDipoleRecoil_13TeV-jhugenv730-mcfm701-pythia8/MINIAODSIM/106X_mcRun2_asymptotic_v17-v2/50000/B09A0879-51E7-6F4C-B19D-D34F9C4F3DD5.root
12-Jan-2024 01:35:04 CET  Initiating request to open file root://cmsxrootd.fnal.gov//store/mc/RunIISummer20UL16MiniAODv2/VBFToContinToZZTo4l_TuneCP5_withDipoleRecoil_13TeV-jhugenv730-mcfm701-pythia8/MINIAODSIM/106X_mcRun2_asymptotic_v17-v2/50000/2C069D9A-B7DC-644F-A44C-E1C774B18D69.root
%MSG-w XrdAdaptor:  file_open 12-Jan-2024 01:35:06 CET PostProcessEvent
Data is served from fnal.gov instead of original site US-Regional-FNAL
%MSG
12-Jan-2024 01:35:06 CET  Successfully opened file root://cmsxrootd.fnal.gov//store/mc/RunIISummer20UL16MiniAODv2/VBFToContinToZZTo4l_TuneCP5_withDipoleRecoil_13TeV-jhugenv730-mcfm701-pythia8/MINIAODSIM/106X_mcRun2_asymptotic_v17-v2/50000/2C069D9A-B7DC-644F-A44C-E1C774B18D69.root
Begin processing the 1700001st record. Run 1, Event 1197391, LumiSection 3245 on stream 0 at 12-Jan-2024 01:35:12.335 CET
12-Jan-2024 01:35:12 CET  Closed file root://cmsxrootd.fnal.gov//store/mc/RunIISummer20UL16MiniAODv2/VBFToContinToZZTo4l_TuneCP5_withDipoleRecoil_13TeV-jhugenv730-mcfm701-pythia8/MINIAODSIM/106X_mcRun2_asymptotic_v17-v2/50000/2C069D9A-B7DC-644F-A44C-E1C774B18D69.root
12-Jan-2024 01:35:12 CET  Initiating request to open file root://cmsxrootd.fnal.gov//store/mc/RunIISummer20UL16MiniAODv2/VBFToContinToZZTo4l_TuneCP5_withDipoleRecoil_13TeV-jhugenv730-mcfm701-pythia8/MINIAODSIM/106X_mcRun2_asymptotic_v17-v2/2530000/EAFBAE02-753D-9343-8A81-8653C1733A41.root
%MSG-w XrdAdaptor:  file_open 12-Jan-2024 01:35:14 CET PostProcessEvent
Data is served from fnal.gov instead of original site US-Regional-FNAL
%MSG
12-Jan-2024 01:35:15 CET  Successfully opened file root://cmsxrootd.fnal.gov//store/mc/RunIISummer20UL16MiniAODv2/VBFToContinToZZTo4l_TuneCP5_withDipoleRecoil_13TeV-jhugenv730-mcfm701-pythia8/MINIAODSIM/106X_mcRun2_asymptotic_v17-v2/2530000/EAFBAE02-753D-9343-8A81-8653C1733A41.root
12-Jan-2024 01:35:24 CET  Closed file root://cmsxrootd.fnal.gov//store/mc/RunIISummer20UL16MiniAODv2/VBFToContinToZZTo4l_TuneCP5_withDipoleRecoil_13TeV-jhugenv730-mcfm701-pythia8/MINIAODSIM/106X_mcRun2_asymptotic_v17-v2/2530000/EAFBAE02-753D-9343-8A81-8653C1733A41.root
12-Jan-2024 01:35:24 CET  Initiating request to open file root://cmsxrootd.fnal.gov//store/mc/RunIISummer20UL16MiniAODv2/VBFToContinToZZTo4l_TuneCP5_withDipoleRecoil_13TeV-jhugenv730-mcfm701-pythia8/MINIAODSIM/106X_mcRun2_asymptotic_v17-v2/40000/127A0CED-9CA2-4745-BBA2-674A285881CA.root
%MSG-w XrdAdaptor:  file_open 12-Jan-2024 01:35:26 CET PostProcessEvent
Data is served from fnal.gov instead of original site US-Regional-FNAL
%MSG
12-Jan-2024 01:35:27 CET  Successfully opened file root://cmsxrootd.fnal.gov//store/mc/RunIISummer20UL16MiniAODv2/VBFToContinToZZTo4l_TuneCP5_withDipoleRecoil_13TeV-jhugenv730-mcfm701-pythia8/MINIAODSIM/106X_mcRun2_asymptotic_v17-v2/40000/127A0CED-9CA2-4745-BBA2-674A285881CA.root
12-Jan-2024 01:35:38 CET  Closed file root://cmsxrootd.fnal.gov//store/mc/RunIISummer20UL16MiniAODv2/VBFToContinToZZTo4l_TuneCP5_withDipoleRecoil_13TeV-jhugenv730-mcfm701-pythia8/MINIAODSIM/106X_mcRun2_asymptotic_v17-v2/40000/127A0CED-9CA2-4745-BBA2-674A285881CA.root
12-Jan-2024 01:35:38 CET  Initiating request to open file root://cmsxrootd.fnal.gov//store/mc/RunIISummer20UL16MiniAODv2/VBFToContinToZZTo4l_TuneCP5_withDipoleRecoil_13TeV-jhugenv730-mcfm701-pythia8/MINIAODSIM/106X_mcRun2_asymptotic_v17-v2/2430000/A4655948-4622-D648-BB95-084F1A165B0C.root
%MSG-w XrdAdaptor:  file_open 12-Jan-2024 01:35:39 CET PostProcessEvent
Data is served from fnal.gov instead of original site US-Regional-FNAL
%MSG
12-Jan-2024 01:35:40 CET  Successfully opened file root://cmsxrootd.fnal.gov//store/mc/RunIISummer20UL16MiniAODv2/VBFToContinToZZTo4l_TuneCP5_withDipoleRecoil_13TeV-jhugenv730-mcfm701-pythia8/MINIAODSIM/106X_mcRun2_asymptotic_v17-v2/2430000/A4655948-4622-D648-BB95-084F1A165B0C.root
12-Jan-2024 01:35:49 CET  Closed file root://cmsxrootd.fnal.gov//store/mc/RunIISummer20UL16MiniAODv2/VBFToContinToZZTo4l_TuneCP5_withDipoleRecoil_13TeV-jhugenv730-mcfm701-pythia8/MINIAODSIM/106X_mcRun2_asymptotic_v17-v2/2430000/A4655948-4622-D648-BB95-084F1A165B0C.root
12-Jan-2024 01:35:49 CET  Initiating request to open file root://cmsxrootd.fnal.gov//store/mc/RunIISummer20UL16MiniAODv2/VBFToContinToZZTo4l_TuneCP5_withDipoleRecoil_13TeV-jhugenv730-mcfm701-pythia8/MINIAODSIM/106X_mcRun2_asymptotic_v17-v2/40000/496A5979-EBFC-284B-8EF3-7BF3833E1A7D.root
%MSG-w XrdAdaptor:  file_open 12-Jan-2024 01:35:52 CET PostProcessEvent
Data is served from T2_US_Nebraska instead of original site US-Regional-FNAL
%MSG
12-Jan-2024 01:35:53 CET  Successfully opened file root://cmsxrootd.fnal.gov//store/mc/RunIISummer20UL16MiniAODv2/VBFToContinToZZTo4l_TuneCP5_withDipoleRecoil_13TeV-jhugenv730-mcfm701-pythia8/MINIAODSIM/106X_mcRun2_asymptotic_v17-v2/40000/496A5979-EBFC-284B-8EF3-7BF3833E1A7D.root
%MSG-w XrdAdaptor:  (NoModuleName) 12-Jan-2024 01:36:25 CET pre-events
Data is now served from T2_US_Nebraska, fnal.gov instead of previous T2_US_Nebraska
%MSG
Begin processing the 1800001st record. Run 1, Event 1795544, LumiSection 4866 on stream 0 at 12-Jan-2024 01:36:28.453 CET
12-Jan-2024 01:36:29 CET  Closed file root://cmsxrootd.fnal.gov//store/mc/RunIISummer20UL16MiniAODv2/VBFToContinToZZTo4l_TuneCP5_withDipoleRecoil_13TeV-jhugenv730-mcfm701-pythia8/MINIAODSIM/106X_mcRun2_asymptotic_v17-v2/40000/496A5979-EBFC-284B-8EF3-7BF3833E1A7D.root
12-Jan-2024 01:36:29 CET  Initiating request to open file root://cmsxrootd.fnal.gov//store/mc/RunIISummer20UL16MiniAODv2/VBFToContinToZZTo4l_TuneCP5_withDipoleRecoil_13TeV-jhugenv730-mcfm701-pythia8/MINIAODSIM/106X_mcRun2_asymptotic_v17-v2/40000/C9A73688-CDA7-CF43-8A2B-6D9108C41D98.root
%MSG-w XrdAdaptor:  file_open 12-Jan-2024 01:36:32 CET PostProcessEvent
Data is served from T2_US_Nebraska instead of original site US-Regional-FNAL
%MSG
12-Jan-2024 01:36:33 CET  Successfully opened file root://cmsxrootd.fnal.gov//store/mc/RunIISummer20UL16MiniAODv2/VBFToContinToZZTo4l_TuneCP5_withDipoleRecoil_13TeV-jhugenv730-mcfm701-pythia8/MINIAODSIM/106X_mcRun2_asymptotic_v17-v2/40000/C9A73688-CDA7-CF43-8A2B-6D9108C41D98.root
12-Jan-2024 01:36:48 CET  Closed file root://cmsxrootd.fnal.gov//store/mc/RunIISummer20UL16MiniAODv2/VBFToContinToZZTo4l_TuneCP5_withDipoleRecoil_13TeV-jhugenv730-mcfm701-pythia8/MINIAODSIM/106X_mcRun2_asymptotic_v17-v2/40000/C9A73688-CDA7-CF43-8A2B-6D9108C41D98.root
12-Jan-2024 01:36:48 CET  Initiating request to open file root://cmsxrootd.fnal.gov//store/mc/RunIISummer20UL16MiniAODv2/VBFToContinToZZTo4l_TuneCP5_withDipoleRecoil_13TeV-jhugenv730-mcfm701-pythia8/MINIAODSIM/106X_mcRun2_asymptotic_v17-v2/40000/574B0787-B11F-D443-876D-0764EC3D5E96.root
%MSG-w XrdAdaptor:  file_open 12-Jan-2024 01:36:50 CET PostProcessEvent
Data is served from T2_US_Nebraska instead of original site US-Regional-FNAL
%MSG
12-Jan-2024 01:36:51 CET  Successfully opened file root://cmsxrootd.fnal.gov//store/mc/RunIISummer20UL16MiniAODv2/VBFToContinToZZTo4l_TuneCP5_withDipoleRecoil_13TeV-jhugenv730-mcfm701-pythia8/MINIAODSIM/106X_mcRun2_asymptotic_v17-v2/40000/574B0787-B11F-D443-876D-0764EC3D5E96.root
Begin processing the 1900001st record. Run 1, Event 146120, LumiSection 396 on stream 0 at 12-Jan-2024 01:36:57.386 CET
12-Jan-2024 01:36:57 CET  Closed file root://cmsxrootd.fnal.gov//store/mc/RunIISummer20UL16MiniAODv2/VBFToContinToZZTo4l_TuneCP5_withDipoleRecoil_13TeV-jhugenv730-mcfm701-pythia8/MINIAODSIM/106X_mcRun2_asymptotic_v17-v2/40000/574B0787-B11F-D443-876D-0764EC3D5E96.root
12-Jan-2024 01:36:57 CET  Initiating request to open file root://cmsxrootd.fnal.gov//store/mc/RunIISummer20UL16MiniAODv2/VBFToContinToZZTo4l_TuneCP5_withDipoleRecoil_13TeV-jhugenv730-mcfm701-pythia8/MINIAODSIM/106X_mcRun2_asymptotic_v17-v2/50000/1A50972C-9551-1746-8F47-8A476B11E05B.root
%MSG-w XrdAdaptor:  file_open 12-Jan-2024 01:37:00 CET PostProcessEvent
Data is served from fnal.gov instead of original site US-Regional-FNAL
%MSG
12-Jan-2024 01:37:00 CET  Successfully opened file root://cmsxrootd.fnal.gov//store/mc/RunIISummer20UL16MiniAODv2/VBFToContinToZZTo4l_TuneCP5_withDipoleRecoil_13TeV-jhugenv730-mcfm701-pythia8/MINIAODSIM/106X_mcRun2_asymptotic_v17-v2/50000/1A50972C-9551-1746-8F47-8A476B11E05B.root
12-Jan-2024 01:37:30 CET  Closed file root://cmsxrootd.fnal.gov//store/mc/RunIISummer20UL16MiniAODv2/VBFToContinToZZTo4l_TuneCP5_withDipoleRecoil_13TeV-jhugenv730-mcfm701-pythia8/MINIAODSIM/106X_mcRun2_asymptotic_v17-v2/50000/1A50972C-9551-1746-8F47-8A476B11E05B.root
12-Jan-2024 01:37:30 CET  Initiating request to open file root://cmsxrootd.fnal.gov//store/mc/RunIISummer20UL16MiniAODv2/VBFToContinToZZTo4l_TuneCP5_withDipoleRecoil_13TeV-jhugenv730-mcfm701-pythia8/MINIAODSIM/106X_mcRun2_asymptotic_v17-v2/50000/C101B261-2A9C-224A-816A-6CEF296C5651.root
%MSG-w XrdAdaptor:  file_open 12-Jan-2024 01:37:33 CET PostProcessEvent
Data is served from fnal.gov instead of original site US-Regional-FNAL
%MSG
12-Jan-2024 01:37:33 CET  Successfully opened file root://cmsxrootd.fnal.gov//store/mc/RunIISummer20UL16MiniAODv2/VBFToContinToZZTo4l_TuneCP5_withDipoleRecoil_13TeV-jhugenv730-mcfm701-pythia8/MINIAODSIM/106X_mcRun2_asymptotic_v17-v2/50000/C101B261-2A9C-224A-816A-6CEF296C5651.root
Begin processing the 2000001st record. Run 1, Event 1547946, LumiSection 4195 on stream 0 at 12-Jan-2024 01:37:48.050 CET
12-Jan-2024 01:37:49 CET  Closed file root://cmsxrootd.fnal.gov//store/mc/RunIISummer20UL16MiniAODv2/VBFToContinToZZTo4l_TuneCP5_withDipoleRecoil_13TeV-jhugenv730-mcfm701-pythia8/MINIAODSIM/106X_mcRun2_asymptotic_v17-v2/50000/C101B261-2A9C-224A-816A-6CEF296C5651.root
12-Jan-2024 01:37:49 CET  Initiating request to open file root://cmsxrootd.fnal.gov//store/mc/RunIISummer20UL16MiniAODv2/VBFToContinToZZTo4l_TuneCP5_withDipoleRecoil_13TeV-jhugenv730-mcfm701-pythia8/MINIAODSIM/106X_mcRun2_asymptotic_v17-v2/2530000/BF636A70-EF5E-B245-B1E4-91F69DB3460F.root
%MSG-w XrdAdaptor:  file_open 12-Jan-2024 01:37:52 CET PostProcessEvent
Data is served from T2_US_MIT instead of original site US-Regional-FNAL
%MSG
12-Jan-2024 01:37:53 CET  Successfully opened file root://cmsxrootd.fnal.gov//store/mc/RunIISummer20UL16MiniAODv2/VBFToContinToZZTo4l_TuneCP5_withDipoleRecoil_13TeV-jhugenv730-mcfm701-pythia8/MINIAODSIM/106X_mcRun2_asymptotic_v17-v2/2530000/BF636A70-EF5E-B245-B1E4-91F69DB3460F.root
12-Jan-2024 01:38:13 CET  Closed file root://cmsxrootd.fnal.gov//store/mc/RunIISummer20UL16MiniAODv2/VBFToContinToZZTo4l_TuneCP5_withDipoleRecoil_13TeV-jhugenv730-mcfm701-pythia8/MINIAODSIM/106X_mcRun2_asymptotic_v17-v2/2530000/BF636A70-EF5E-B245-B1E4-91F69DB3460F.root
12-Jan-2024 01:38:13 CET  Initiating request to open file root://cmsxrootd.fnal.gov//store/mc/RunIISummer20UL16MiniAODv2/VBFToContinToZZTo4l_TuneCP5_withDipoleRecoil_13TeV-jhugenv730-mcfm701-pythia8/MINIAODSIM/106X_mcRun2_asymptotic_v17-v2/2530000/6145FC68-5347-FB4A-B737-5F9394EDFE31.root
%MSG-w XrdAdaptor:  file_open 12-Jan-2024 01:38:16 CET PostProcessEvent
Data is served from T2_US_MIT instead of original site US-Regional-FNAL
%MSG
12-Jan-2024 01:38:17 CET  Successfully opened file root://cmsxrootd.fnal.gov//store/mc/RunIISummer20UL16MiniAODv2/VBFToContinToZZTo4l_TuneCP5_withDipoleRecoil_13TeV-jhugenv730-mcfm701-pythia8/MINIAODSIM/106X_mcRun2_asymptotic_v17-v2/2530000/6145FC68-5347-FB4A-B737-5F9394EDFE31.root
Begin processing the 2100001st record. Run 1, Event 1673777, LumiSection 4536 on stream 0 at 12-Jan-2024 01:38:26.418 CET
12-Jan-2024 01:38:26 CET  Closed file root://cmsxrootd.fnal.gov//store/mc/RunIISummer20UL16MiniAODv2/VBFToContinToZZTo4l_TuneCP5_withDipoleRecoil_13TeV-jhugenv730-mcfm701-pythia8/MINIAODSIM/106X_mcRun2_asymptotic_v17-v2/2530000/6145FC68-5347-FB4A-B737-5F9394EDFE31.root
12-Jan-2024 01:38:26 CET  Initiating request to open file root://cmsxrootd.fnal.gov//store/mc/RunIISummer20UL16MiniAODv2/VBFToContinToZZTo4l_TuneCP5_withDipoleRecoil_13TeV-jhugenv730-mcfm701-pythia8/MINIAODSIM/106X_mcRun2_asymptotic_v17-v2/50000/34A80E3D-E7A5-4543-8E88-2B626233F3E9.root
%MSG-w XrdAdaptor:  file_open 12-Jan-2024 01:38:28 CET PostProcessEvent
Data is served from fnal.gov instead of original site US-Regional-FNAL
%MSG
12-Jan-2024 01:38:29 CET  Successfully opened file root://cmsxrootd.fnal.gov//store/mc/RunIISummer20UL16MiniAODv2/VBFToContinToZZTo4l_TuneCP5_withDipoleRecoil_13TeV-jhugenv730-mcfm701-pythia8/MINIAODSIM/106X_mcRun2_asymptotic_v17-v2/50000/34A80E3D-E7A5-4543-8E88-2B626233F3E9.root
12-Jan-2024 01:38:38 CET  Closed file root://cmsxrootd.fnal.gov//store/mc/RunIISummer20UL16MiniAODv2/VBFToContinToZZTo4l_TuneCP5_withDipoleRecoil_13TeV-jhugenv730-mcfm701-pythia8/MINIAODSIM/106X_mcRun2_asymptotic_v17-v2/50000/34A80E3D-E7A5-4543-8E88-2B626233F3E9.root
12-Jan-2024 01:38:38 CET  Initiating request to open file root://cmsxrootd.fnal.gov//store/mc/RunIISummer20UL16MiniAODv2/VBFToContinToZZTo4l_TuneCP5_withDipoleRecoil_13TeV-jhugenv730-mcfm701-pythia8/MINIAODSIM/106X_mcRun2_asymptotic_v17-v2/2430000/EB3645AB-FC16-3340-99D7-D06CA3FD5F31.root
%MSG-w XrdAdaptor:  file_open 12-Jan-2024 01:38:40 CET PostProcessEvent
Data is served from fnal.gov instead of original site US-Regional-FNAL
%MSG
12-Jan-2024 01:38:40 CET  Successfully opened file root://cmsxrootd.fnal.gov//store/mc/RunIISummer20UL16MiniAODv2/VBFToContinToZZTo4l_TuneCP5_withDipoleRecoil_13TeV-jhugenv730-mcfm701-pythia8/MINIAODSIM/106X_mcRun2_asymptotic_v17-v2/2430000/EB3645AB-FC16-3340-99D7-D06CA3FD5F31.root
12-Jan-2024 01:38:52 CET  Closed file root://cmsxrootd.fnal.gov//store/mc/RunIISummer20UL16MiniAODv2/VBFToContinToZZTo4l_TuneCP5_withDipoleRecoil_13TeV-jhugenv730-mcfm701-pythia8/MINIAODSIM/106X_mcRun2_asymptotic_v17-v2/2430000/EB3645AB-FC16-3340-99D7-D06CA3FD5F31.root
12-Jan-2024 01:38:52 CET  Initiating request to open file root://cmsxrootd.fnal.gov//store/mc/RunIISummer20UL16MiniAODv2/VBFToContinToZZTo4l_TuneCP5_withDipoleRecoil_13TeV-jhugenv730-mcfm701-pythia8/MINIAODSIM/106X_mcRun2_asymptotic_v17-v2/2520000/31AF0BB2-8A87-ED47-B092-426BE21AA97A.root
%MSG-w XrdAdaptor:  file_open 12-Jan-2024 01:38:54 CET PostProcessEvent
Data is served from fnal.gov instead of original site US-Regional-FNAL
%MSG
12-Jan-2024 01:38:54 CET  Successfully opened file root://cmsxrootd.fnal.gov//store/mc/RunIISummer20UL16MiniAODv2/VBFToContinToZZTo4l_TuneCP5_withDipoleRecoil_13TeV-jhugenv730-mcfm701-pythia8/MINIAODSIM/106X_mcRun2_asymptotic_v17-v2/2520000/31AF0BB2-8A87-ED47-B092-426BE21AA97A.root
12-Jan-2024 01:39:14 CET  Closed file root://cmsxrootd.fnal.gov//store/mc/RunIISummer20UL16MiniAODv2/VBFToContinToZZTo4l_TuneCP5_withDipoleRecoil_13TeV-jhugenv730-mcfm701-pythia8/MINIAODSIM/106X_mcRun2_asymptotic_v17-v2/2520000/31AF0BB2-8A87-ED47-B092-426BE21AA97A.root
12-Jan-2024 01:39:14 CET  Initiating request to open file root://cmsxrootd.fnal.gov//store/mc/RunIISummer20UL16MiniAODv2/VBFToContinToZZTo4l_TuneCP5_withDipoleRecoil_13TeV-jhugenv730-mcfm701-pythia8/MINIAODSIM/106X_mcRun2_asymptotic_v17-v2/40000/65EF3EF3-C465-E44E-AB61-B5648819C340.root
%MSG-w XrdAdaptor:  file_open 12-Jan-2024 01:39:16 CET PostProcessEvent
Data is served from fnal.gov instead of original site US-Regional-FNAL
%MSG
12-Jan-2024 01:39:17 CET  Successfully opened file root://cmsxrootd.fnal.gov//store/mc/RunIISummer20UL16MiniAODv2/VBFToContinToZZTo4l_TuneCP5_withDipoleRecoil_13TeV-jhugenv730-mcfm701-pythia8/MINIAODSIM/106X_mcRun2_asymptotic_v17-v2/40000/65EF3EF3-C465-E44E-AB61-B5648819C340.root
Begin processing the 2200001st record. Run 1, Event 215854, LumiSection 585 on stream 0 at 12-Jan-2024 01:39:47.199 CET
12-Jan-2024 01:39:48 CET  Closed file root://cmsxrootd.fnal.gov//store/mc/RunIISummer20UL16MiniAODv2/VBFToContinToZZTo4l_TuneCP5_withDipoleRecoil_13TeV-jhugenv730-mcfm701-pythia8/MINIAODSIM/106X_mcRun2_asymptotic_v17-v2/40000/65EF3EF3-C465-E44E-AB61-B5648819C340.root
12-Jan-2024 01:39:48 CET  Initiating request to open file root://cmsxrootd.fnal.gov//store/mc/RunIISummer20UL16MiniAODv2/VBFToContinToZZTo4l_TuneCP5_withDipoleRecoil_13TeV-jhugenv730-mcfm701-pythia8/MINIAODSIM/106X_mcRun2_asymptotic_v17-v2/40000/5BFAB01E-0209-2744-A000-3B5453BD1972.root
%MSG-w XrdAdaptor:  file_open 12-Jan-2024 01:39:50 CET PostProcessEvent
Data is served from fnal.gov instead of original site US-Regional-FNAL
%MSG
12-Jan-2024 01:39:51 CET  Successfully opened file root://cmsxrootd.fnal.gov//store/mc/RunIISummer20UL16MiniAODv2/VBFToContinToZZTo4l_TuneCP5_withDipoleRecoil_13TeV-jhugenv730-mcfm701-pythia8/MINIAODSIM/106X_mcRun2_asymptotic_v17-v2/40000/5BFAB01E-0209-2744-A000-3B5453BD1972.root
12-Jan-2024 01:40:03 CET  Closed file root://cmsxrootd.fnal.gov//store/mc/RunIISummer20UL16MiniAODv2/VBFToContinToZZTo4l_TuneCP5_withDipoleRecoil_13TeV-jhugenv730-mcfm701-pythia8/MINIAODSIM/106X_mcRun2_asymptotic_v17-v2/40000/5BFAB01E-0209-2744-A000-3B5453BD1972.root
12-Jan-2024 01:40:03 CET  Initiating request to open file root://cmsxrootd.fnal.gov//store/mc/RunIISummer20UL16MiniAODv2/VBFToContinToZZTo4l_TuneCP5_withDipoleRecoil_13TeV-jhugenv730-mcfm701-pythia8/MINIAODSIM/106X_mcRun2_asymptotic_v17-v2/2530000/EE5F266E-0ECB-AE4E-8418-CED1251C30C4.root
%MSG-w XrdAdaptor:  file_open 12-Jan-2024 01:40:05 CET PostProcessEvent
Data is served from fnal.gov instead of original site US-Regional-FNAL
%MSG
12-Jan-2024 01:40:06 CET  Successfully opened file root://cmsxrootd.fnal.gov//store/mc/RunIISummer20UL16MiniAODv2/VBFToContinToZZTo4l_TuneCP5_withDipoleRecoil_13TeV-jhugenv730-mcfm701-pythia8/MINIAODSIM/106X_mcRun2_asymptotic_v17-v2/2530000/EE5F266E-0ECB-AE4E-8418-CED1251C30C4.root
Begin processing the 2300001st record. Run 1, Event 1409208, LumiSection 3819 on stream 0 at 12-Jan-2024 01:40:26.740 CET
12-Jan-2024 01:40:28 CET  Closed file root://cmsxrootd.fnal.gov//store/mc/RunIISummer20UL16MiniAODv2/VBFToContinToZZTo4l_TuneCP5_withDipoleRecoil_13TeV-jhugenv730-mcfm701-pythia8/MINIAODSIM/106X_mcRun2_asymptotic_v17-v2/2530000/EE5F266E-0ECB-AE4E-8418-CED1251C30C4.root
12-Jan-2024 01:40:28 CET  Initiating request to open file root://cmsxrootd.fnal.gov//store/mc/RunIISummer20UL16MiniAODv2/VBFToContinToZZTo4l_TuneCP5_withDipoleRecoil_13TeV-jhugenv730-mcfm701-pythia8/MINIAODSIM/106X_mcRun2_asymptotic_v17-v2/2530000/18081E6A-891B-5E40-80C1-DC78F9C800AE.root
%MSG-w XrdAdaptor:  file_open 12-Jan-2024 01:40:30 CET PostProcessEvent
Data is served from fnal.gov instead of original site US-Regional-FNAL
%MSG
12-Jan-2024 01:40:30 CET  Successfully opened file root://cmsxrootd.fnal.gov//store/mc/RunIISummer20UL16MiniAODv2/VBFToContinToZZTo4l_TuneCP5_withDipoleRecoil_13TeV-jhugenv730-mcfm701-pythia8/MINIAODSIM/106X_mcRun2_asymptotic_v17-v2/2530000/18081E6A-891B-5E40-80C1-DC78F9C800AE.root
12-Jan-2024 01:40:37 CET  Closed file root://cmsxrootd.fnal.gov//store/mc/RunIISummer20UL16MiniAODv2/VBFToContinToZZTo4l_TuneCP5_withDipoleRecoil_13TeV-jhugenv730-mcfm701-pythia8/MINIAODSIM/106X_mcRun2_asymptotic_v17-v2/2530000/18081E6A-891B-5E40-80C1-DC78F9C800AE.root
12-Jan-2024 01:40:37 CET  Initiating request to open file root://cmsxrootd.fnal.gov//store/mc/RunIISummer20UL16MiniAODv2/VBFToContinToZZTo4l_TuneCP5_withDipoleRecoil_13TeV-jhugenv730-mcfm701-pythia8/MINIAODSIM/106X_mcRun2_asymptotic_v17-v2/40000/2A140ABC-9098-5849-8222-E9749B7DEB92.root
%MSG-w XrdAdaptor:  file_open 12-Jan-2024 01:40:40 CET PostProcessEvent
Data is served from fnal.gov instead of original site US-Regional-FNAL
%MSG
12-Jan-2024 01:40:40 CET  Successfully opened file root://cmsxrootd.fnal.gov//store/mc/RunIISummer20UL16MiniAODv2/VBFToContinToZZTo4l_TuneCP5_withDipoleRecoil_13TeV-jhugenv730-mcfm701-pythia8/MINIAODSIM/106X_mcRun2_asymptotic_v17-v2/40000/2A140ABC-9098-5849-8222-E9749B7DEB92.root
Begin processing the 2400001st record. Run 1, Event 492601, LumiSection 1335 on stream 0 at 12-Jan-2024 01:42:05.923 CET
12-Jan-2024 01:42:07 CET  Closed file root://cmsxrootd.fnal.gov//store/mc/RunIISummer20UL16MiniAODv2/VBFToContinToZZTo4l_TuneCP5_withDipoleRecoil_13TeV-jhugenv730-mcfm701-pythia8/MINIAODSIM/106X_mcRun2_asymptotic_v17-v2/40000/2A140ABC-9098-5849-8222-E9749B7DEB92.root
12-Jan-2024 01:42:07 CET  Initiating request to open file root://cmsxrootd.fnal.gov//store/mc/RunIISummer20UL16MiniAODv2/VBFToContinToZZTo4l_TuneCP5_withDipoleRecoil_13TeV-jhugenv730-mcfm701-pythia8/MINIAODSIM/106X_mcRun2_asymptotic_v17-v2/40000/804D0214-E1A7-E247-994D-85279AAA8A69.root
%MSG-w XrdAdaptor:  file_open 12-Jan-2024 01:42:09 CET PostProcessEvent
Data is served from fnal.gov instead of original site US-Regional-FNAL
%MSG
12-Jan-2024 01:42:10 CET  Successfully opened file root://cmsxrootd.fnal.gov//store/mc/RunIISummer20UL16MiniAODv2/VBFToContinToZZTo4l_TuneCP5_withDipoleRecoil_13TeV-jhugenv730-mcfm701-pythia8/MINIAODSIM/106X_mcRun2_asymptotic_v17-v2/40000/804D0214-E1A7-E247-994D-85279AAA8A69.root
Begin processing the 2500001st record. Run 1, Event 360882, LumiSection 978 on stream 0 at 12-Jan-2024 01:42:27.263 CET
12-Jan-2024 01:42:27 CET  Closed file root://cmsxrootd.fnal.gov//store/mc/RunIISummer20UL16MiniAODv2/VBFToContinToZZTo4l_TuneCP5_withDipoleRecoil_13TeV-jhugenv730-mcfm701-pythia8/MINIAODSIM/106X_mcRun2_asymptotic_v17-v2/40000/804D0214-E1A7-E247-994D-85279AAA8A69.root
12-Jan-2024 01:42:27 CET  Initiating request to open file root://cmsxrootd.fnal.gov//store/mc/RunIISummer20UL16MiniAODv2/VBFToContinToZZTo4l_TuneCP5_withDipoleRecoil_13TeV-jhugenv730-mcfm701-pythia8/MINIAODSIM/106X_mcRun2_asymptotic_v17-v2/40000/7F328D12-752F-B649-965E-5FCE461BDA7E.root
%MSG-w XrdAdaptor:  file_open 12-Jan-2024 01:42:29 CET PostProcessEvent
Data is served from fnal.gov instead of original site US-Regional-FNAL
%MSG
12-Jan-2024 01:42:30 CET  Successfully opened file root://cmsxrootd.fnal.gov//store/mc/RunIISummer20UL16MiniAODv2/VBFToContinToZZTo4l_TuneCP5_withDipoleRecoil_13TeV-jhugenv730-mcfm701-pythia8/MINIAODSIM/106X_mcRun2_asymptotic_v17-v2/40000/7F328D12-752F-B649-965E-5FCE461BDA7E.root
12-Jan-2024 01:43:07 CET  Closed file root://cmsxrootd.fnal.gov//store/mc/RunIISummer20UL16MiniAODv2/VBFToContinToZZTo4l_TuneCP5_withDipoleRecoil_13TeV-jhugenv730-mcfm701-pythia8/MINIAODSIM/106X_mcRun2_asymptotic_v17-v2/40000/7F328D12-752F-B649-965E-5FCE461BDA7E.root
12-Jan-2024 01:43:07 CET  Initiating request to open file root://cmsxrootd.fnal.gov//store/mc/RunIISummer20UL16MiniAODv2/VBFToContinToZZTo4l_TuneCP5_withDipoleRecoil_13TeV-jhugenv730-mcfm701-pythia8/MINIAODSIM/106X_mcRun2_asymptotic_v17-v2/40000/72FAE7EC-65EC-DF4F-82B0-124B2D3F338D.root
%MSG-w XrdAdaptor:  file_open 12-Jan-2024 01:43:09 CET PostProcessEvent
Data is served from fnal.gov instead of original site US-Regional-FNAL
%MSG
12-Jan-2024 01:43:10 CET  Successfully opened file root://cmsxrootd.fnal.gov//store/mc/RunIISummer20UL16MiniAODv2/VBFToContinToZZTo4l_TuneCP5_withDipoleRecoil_13TeV-jhugenv730-mcfm701-pythia8/MINIAODSIM/106X_mcRun2_asymptotic_v17-v2/40000/72FAE7EC-65EC-DF4F-82B0-124B2D3F338D.root
Begin processing the 2600001st record. Run 1, Event 283758, LumiSection 769 on stream 0 at 12-Jan-2024 01:43:17.531 CET
12-Jan-2024 01:43:18 CET  Closed file root://cmsxrootd.fnal.gov//store/mc/RunIISummer20UL16MiniAODv2/VBFToContinToZZTo4l_TuneCP5_withDipoleRecoil_13TeV-jhugenv730-mcfm701-pythia8/MINIAODSIM/106X_mcRun2_asymptotic_v17-v2/40000/72FAE7EC-65EC-DF4F-82B0-124B2D3F338D.root
12-Jan-2024 01:43:18 CET  Initiating request to open file root://cmsxrootd.fnal.gov//store/mc/RunIISummer20UL16MiniAODv2/VBFToContinToZZTo4l_TuneCP5_withDipoleRecoil_13TeV-jhugenv730-mcfm701-pythia8/MINIAODSIM/106X_mcRun2_asymptotic_v17-v2/40000/4C585162-4720-9B48-9C5B-92F9E1944D57.root
%MSG-w XrdAdaptor:  file_open 12-Jan-2024 01:43:20 CET PostProcessEvent
Data is served from fnal.gov instead of original site US-Regional-FNAL
%MSG
12-Jan-2024 01:43:21 CET  Successfully opened file root://cmsxrootd.fnal.gov//store/mc/RunIISummer20UL16MiniAODv2/VBFToContinToZZTo4l_TuneCP5_withDipoleRecoil_13TeV-jhugenv730-mcfm701-pythia8/MINIAODSIM/106X_mcRun2_asymptotic_v17-v2/40000/4C585162-4720-9B48-9C5B-92F9E1944D57.root
12-Jan-2024 01:43:55 CET  Closed file root://cmsxrootd.fnal.gov//store/mc/RunIISummer20UL16MiniAODv2/VBFToContinToZZTo4l_TuneCP5_withDipoleRecoil_13TeV-jhugenv730-mcfm701-pythia8/MINIAODSIM/106X_mcRun2_asymptotic_v17-v2/40000/4C585162-4720-9B48-9C5B-92F9E1944D57.root
12-Jan-2024 01:43:55 CET  Initiating request to open file root://cmsxrootd.fnal.gov//store/mc/RunIISummer20UL16MiniAODv2/VBFToContinToZZTo4l_TuneCP5_withDipoleRecoil_13TeV-jhugenv730-mcfm701-pythia8/MINIAODSIM/106X_mcRun2_asymptotic_v17-v2/40000/209106E6-38A4-6A49-8B0B-5A5664D54381.root
%MSG-w XrdAdaptor:  file_open 12-Jan-2024 01:43:58 CET PostProcessEvent
Data is served from fnal.gov instead of original site US-Regional-FNAL
%MSG
12-Jan-2024 01:43:58 CET  Successfully opened file root://cmsxrootd.fnal.gov//store/mc/RunIISummer20UL16MiniAODv2/VBFToContinToZZTo4l_TuneCP5_withDipoleRecoil_13TeV-jhugenv730-mcfm701-pythia8/MINIAODSIM/106X_mcRun2_asymptotic_v17-v2/40000/209106E6-38A4-6A49-8B0B-5A5664D54381.root
Begin processing the 2700001st record. Run 1, Event 285234, LumiSection 773 on stream 0 at 12-Jan-2024 01:44:12.991 CET
12-Jan-2024 01:44:14 CET  Closed file root://cmsxrootd.fnal.gov//store/mc/RunIISummer20UL16MiniAODv2/VBFToContinToZZTo4l_TuneCP5_withDipoleRecoil_13TeV-jhugenv730-mcfm701-pythia8/MINIAODSIM/106X_mcRun2_asymptotic_v17-v2/40000/209106E6-38A4-6A49-8B0B-5A5664D54381.root
12-Jan-2024 01:44:14 CET  Initiating request to open file root://cmsxrootd.fnal.gov//store/mc/RunIISummer20UL16MiniAODv2/VBFToContinToZZTo4l_TuneCP5_withDipoleRecoil_13TeV-jhugenv730-mcfm701-pythia8/MINIAODSIM/106X_mcRun2_asymptotic_v17-v2/40000/E9EF01C0-E51B-0347-B2DE-9701A8432742.root
%MSG-w XrdAdaptor:  file_open 12-Jan-2024 01:44:16 CET PostProcessEvent
Data is served from fnal.gov instead of original site US-Regional-FNAL
%MSG
12-Jan-2024 01:44:16 CET  Successfully opened file root://cmsxrootd.fnal.gov//store/mc/RunIISummer20UL16MiniAODv2/VBFToContinToZZTo4l_TuneCP5_withDipoleRecoil_13TeV-jhugenv730-mcfm701-pythia8/MINIAODSIM/106X_mcRun2_asymptotic_v17-v2/40000/E9EF01C0-E51B-0347-B2DE-9701A8432742.root
12-Jan-2024 01:44:25 CET  Closed file root://cmsxrootd.fnal.gov//store/mc/RunIISummer20UL16MiniAODv2/VBFToContinToZZTo4l_TuneCP5_withDipoleRecoil_13TeV-jhugenv730-mcfm701-pythia8/MINIAODSIM/106X_mcRun2_asymptotic_v17-v2/40000/E9EF01C0-E51B-0347-B2DE-9701A8432742.root
12-Jan-2024 01:44:25 CET  Initiating request to open file root://cmsxrootd.fnal.gov//store/mc/RunIISummer20UL16MiniAODv2/VBFToContinToZZTo4l_TuneCP5_withDipoleRecoil_13TeV-jhugenv730-mcfm701-pythia8/MINIAODSIM/106X_mcRun2_asymptotic_v17-v2/40000/3B8ABD24-DD6C-7249-B9C4-BDDF15E249F8.root
%MSG-w XrdAdaptor:  file_open 12-Jan-2024 01:44:27 CET PostProcessEvent
Data is served from fnal.gov instead of original site US-Regional-FNAL
%MSG
12-Jan-2024 01:44:27 CET  Successfully opened file root://cmsxrootd.fnal.gov//store/mc/RunIISummer20UL16MiniAODv2/VBFToContinToZZTo4l_TuneCP5_withDipoleRecoil_13TeV-jhugenv730-mcfm701-pythia8/MINIAODSIM/106X_mcRun2_asymptotic_v17-v2/40000/3B8ABD24-DD6C-7249-B9C4-BDDF15E249F8.root
Begin processing the 2800001st record. Run 1, Event 533574, LumiSection 1446 on stream 0 at 12-Jan-2024 01:44:33.202 CET
12-Jan-2024 01:44:35 CET  Closed file root://cmsxrootd.fnal.gov//store/mc/RunIISummer20UL16MiniAODv2/VBFToContinToZZTo4l_TuneCP5_withDipoleRecoil_13TeV-jhugenv730-mcfm701-pythia8/MINIAODSIM/106X_mcRun2_asymptotic_v17-v2/40000/3B8ABD24-DD6C-7249-B9C4-BDDF15E249F8.root
12-Jan-2024 01:44:35 CET  Initiating request to open file root://cmsxrootd.fnal.gov//store/mc/RunIISummer20UL16MiniAODv2/VBFToContinToZZTo4l_TuneCP5_withDipoleRecoil_13TeV-jhugenv730-mcfm701-pythia8/MINIAODSIM/106X_mcRun2_asymptotic_v17-v2/40000/22CAA180-292C-B749-A763-6D8EE01310DF.root
%MSG-w XrdAdaptor:  file_open 12-Jan-2024 01:44:37 CET PostProcessEvent
Data is served from fnal.gov instead of original site US-Regional-FNAL
%MSG
12-Jan-2024 01:44:38 CET  Successfully opened file root://cmsxrootd.fnal.gov//store/mc/RunIISummer20UL16MiniAODv2/VBFToContinToZZTo4l_TuneCP5_withDipoleRecoil_13TeV-jhugenv730-mcfm701-pythia8/MINIAODSIM/106X_mcRun2_asymptotic_v17-v2/40000/22CAA180-292C-B749-A763-6D8EE01310DF.root
      3.548577      0.007339      1.000000            67
 
12-Jan-2024 01:44:44 CET  Closed file root://cmsxrootd.fnal.gov//store/mc/RunIISummer20UL16MiniAODv2/VBFToContinToZZTo4l_TuneCP5_withDipoleRecoil_13TeV-jhugenv730-mcfm701-pythia8/MINIAODSIM/106X_mcRun2_asymptotic_v17-v2/40000/22CAA180-292C-B749-A763-6D8EE01310DF.root

------------------------------------
GenXsecAnalyzer:
------------------------------------
-------------------------------------------------------------------------------------------------------------------------------------------------------------------------- 
Overall cross-section summary 
--------------------------------------------------------------------------------------------------------------------------------------------------------------------------
Process		xsec_before [pb]		passed	nposw	nnegw	tried	nposw	nnegw 	xsec_match [pb]			accepted [%]	 event_eff [%]
0		3.549e+00 +/- 7.339e-03		2889300	2889300	0	2889300	2889300	0	3.549e+00 +/- 7.339e-03		100.0 +/- 0.0	100.0 +/- 0.0
-------------------------------------------------------------------------------------------------------------------------------------------------------------------------- 
Total		3.549e+00 +/- 7.339e-03		2889300	2889300	0	2889300	2889300	0	3.549e+00 +/- 7.339e-03		100.0 +/- 0.0	100.0 +/- 0.0
--------------------------------------------------------------------------------------------------------------------------------------------------------------------------
Before matching: total cross section = 3.549e+00 +- 7.339e-03 pb
After matching: total cross section = 3.549e+00 +- 7.339e-03 pb
Matching efficiency = 1.0 +/- 0.0   [TO BE USED IN MCM]
Filter efficiency (taking into account weights)= (2.8978e+06) / (2.8978e+06) = 1.000e+00 +- 0.000e+00
Filter efficiency (event-level)= (2.8893e+06) / (2.8893e+06) = 1.000e+00 +- 0.000e+00    [TO BE USED IN MCM]

After filter: final cross section = 3.549e+00 +- 7.339e-03 pb
After filter: final fraction of events with negative weights = 0.000e+00 +- 0.000e+00
After filter: final equivalent lumi for 1M events (1/fb) = 2.818e+02 +- 6.474e-01

=============================================

MessageLogger Summary

 type     category        sev    module        subroutine        count    total
 ---- -------------------- -- ---------------- ----------------  -----    -----
    1 GenXSecAnalyzer      -w GenXSecAnalyzer:                      15       15
    2 XrdAdaptor           -w (NoModuleName)                         2        2
    3 XrdAdaptor           -w file_open                             61       61
    4 fileAction           -s file_close                            61       61
    5 fileAction           -s file_open                            122      122

 type    category    Examples: run/evt        run/evt          run/evt
 ---- -------------------- ---------------- ---------------- ----------------
    1 GenXSecAnalyzer      PostGlobalEndRun PostGlobalEndRun PostGlobalEndRun
    2 XrdAdaptor           pre-events       pre-events       
    3 XrdAdaptor           pre-events       PostProcessEvent PostProcessEvent
    4 fileAction           PostProcessEvent PostProcessEvent PostGlobalEndRun
    5 fileAction           pre-events       pre-events       PostProcessEvent

Severity    # Occurrences   Total Occurrences
--------    -------------   -----------------
Warning                78                  78
System                183                 183

dropped waiting message count 0
