12-Jan-2024 03:54:17 CET  Initiating request to open file root://cmsxrootd.fnal.gov//store/mc/RunIISummer20UL16MiniAODv2/VBS_SSWW_cHW_INT_TuneCP5_13TeV-madgraph-pythia8/MINIAODSIM/106X_mcRun2_asymptotic_v17-v1/140000/C9452A9D-F915-FF47-A72C-BD8F2145ED5C.root
%MSG-w XrdAdaptor:  file_open 12-Jan-2024 03:54:23 CET pre-events
Data is served from T2_US_MIT instead of original site US-Regional-Nebraska
%MSG
12-Jan-2024 03:54:27 CET  Successfully opened file root://cmsxrootd.fnal.gov//store/mc/RunIISummer20UL16MiniAODv2/VBS_SSWW_cHW_INT_TuneCP5_13TeV-madgraph-pythia8/MINIAODSIM/106X_mcRun2_asymptotic_v17-v1/140000/C9452A9D-F915-FF47-A72C-BD8F2145ED5C.root
Begin processing the 1st record. Run 1, Event 27004, LumiSection 28 on stream 0 at 12-Jan-2024 03:54:34.735 CET
12-Jan-2024 03:54:34 CET  Closed file root://cmsxrootd.fnal.gov//store/mc/RunIISummer20UL16MiniAODv2/VBS_SSWW_cHW_INT_TuneCP5_13TeV-madgraph-pythia8/MINIAODSIM/106X_mcRun2_asymptotic_v17-v1/140000/C9452A9D-F915-FF47-A72C-BD8F2145ED5C.root
12-Jan-2024 03:54:34 CET  Initiating request to open file root://cmsxrootd.fnal.gov//store/mc/RunIISummer20UL16MiniAODv2/VBS_SSWW_cHW_INT_TuneCP5_13TeV-madgraph-pythia8/MINIAODSIM/106X_mcRun2_asymptotic_v17-v1/140000/B8DD03F3-B786-BD42-96B6-EEA888FD8EA0.root
%MSG-w XrdAdaptor:  file_open 12-Jan-2024 03:54:38 CET PostProcessEvent
Data is served from T2_US_MIT instead of original site US-Regional-Nebraska
%MSG
12-Jan-2024 03:54:40 CET  Successfully opened file root://cmsxrootd.fnal.gov//store/mc/RunIISummer20UL16MiniAODv2/VBS_SSWW_cHW_INT_TuneCP5_13TeV-madgraph-pythia8/MINIAODSIM/106X_mcRun2_asymptotic_v17-v1/140000/B8DD03F3-B786-BD42-96B6-EEA888FD8EA0.root
12-Jan-2024 03:54:53 CET  Closed file root://cmsxrootd.fnal.gov//store/mc/RunIISummer20UL16MiniAODv2/VBS_SSWW_cHW_INT_TuneCP5_13TeV-madgraph-pythia8/MINIAODSIM/106X_mcRun2_asymptotic_v17-v1/140000/B8DD03F3-B786-BD42-96B6-EEA888FD8EA0.root
12-Jan-2024 03:54:53 CET  Initiating request to open file root://cmsxrootd.fnal.gov//store/mc/RunIISummer20UL16MiniAODv2/VBS_SSWW_cHW_INT_TuneCP5_13TeV-madgraph-pythia8/MINIAODSIM/106X_mcRun2_asymptotic_v17-v1/70000/73EA5BD0-0A8B-8A4A-BB21-989C55BB88EF.root
Unable to load sec.protocol plugin libXrdSecztn.so
%MSG-w XrdAdaptor:  file_open 12-Jan-2024 03:55:00 CET PostProcessEvent
Data is served from fnal.gov instead of original site US-Regional-Nebraska
%MSG
12-Jan-2024 03:55:01 CET  Successfully opened file root://cmsxrootd.fnal.gov//store/mc/RunIISummer20UL16MiniAODv2/VBS_SSWW_cHW_INT_TuneCP5_13TeV-madgraph-pythia8/MINIAODSIM/106X_mcRun2_asymptotic_v17-v1/70000/73EA5BD0-0A8B-8A4A-BB21-989C55BB88EF.root
Unable to load sec.protocol plugin libXrdSecztn.so
12-Jan-2024 03:55:09 CET  Closed file root://cmsxrootd.fnal.gov//store/mc/RunIISummer20UL16MiniAODv2/VBS_SSWW_cHW_INT_TuneCP5_13TeV-madgraph-pythia8/MINIAODSIM/106X_mcRun2_asymptotic_v17-v1/70000/73EA5BD0-0A8B-8A4A-BB21-989C55BB88EF.root
12-Jan-2024 03:55:09 CET  Initiating request to open file root://cmsxrootd.fnal.gov//store/mc/RunIISummer20UL16MiniAODv2/VBS_SSWW_cHW_INT_TuneCP5_13TeV-madgraph-pythia8/MINIAODSIM/106X_mcRun2_asymptotic_v17-v1/70000/F5FCC113-1C84-5F4C-BBC0-94A72A9FC98B.root
Unable to load sec.protocol plugin libXrdSecztn.so
%MSG-w XrdAdaptor:  file_open 12-Jan-2024 03:55:12 CET PostProcessEvent
Data is served from fnal.gov instead of original site US-Regional-Nebraska
%MSG
12-Jan-2024 03:55:13 CET  Successfully opened file root://cmsxrootd.fnal.gov//store/mc/RunIISummer20UL16MiniAODv2/VBS_SSWW_cHW_INT_TuneCP5_13TeV-madgraph-pythia8/MINIAODSIM/106X_mcRun2_asymptotic_v17-v1/70000/F5FCC113-1C84-5F4C-BBC0-94A72A9FC98B.root
12-Jan-2024 03:55:16 CET  Closed file root://cmsxrootd.fnal.gov//store/mc/RunIISummer20UL16MiniAODv2/VBS_SSWW_cHW_INT_TuneCP5_13TeV-madgraph-pythia8/MINIAODSIM/106X_mcRun2_asymptotic_v17-v1/70000/F5FCC113-1C84-5F4C-BBC0-94A72A9FC98B.root
12-Jan-2024 03:55:16 CET  Initiating request to open file root://cmsxrootd.fnal.gov//store/mc/RunIISummer20UL16MiniAODv2/VBS_SSWW_cHW_INT_TuneCP5_13TeV-madgraph-pythia8/MINIAODSIM/106X_mcRun2_asymptotic_v17-v1/140000/BDEB38A6-14D9-464D-943E-A6AB2C74721B.root
Unable to load sec.protocol plugin libXrdSecztn.so
%MSG-w XrdAdaptor:  file_open 12-Jan-2024 03:55:20 CET PostProcessEvent
Data is served from fnal.gov instead of original site US-Regional-Nebraska
%MSG
12-Jan-2024 03:55:21 CET  Successfully opened file root://cmsxrootd.fnal.gov//store/mc/RunIISummer20UL16MiniAODv2/VBS_SSWW_cHW_INT_TuneCP5_13TeV-madgraph-pythia8/MINIAODSIM/106X_mcRun2_asymptotic_v17-v1/140000/BDEB38A6-14D9-464D-943E-A6AB2C74721B.root
12-Jan-2024 03:55:25 CET  Closed file root://cmsxrootd.fnal.gov//store/mc/RunIISummer20UL16MiniAODv2/VBS_SSWW_cHW_INT_TuneCP5_13TeV-madgraph-pythia8/MINIAODSIM/106X_mcRun2_asymptotic_v17-v1/140000/BDEB38A6-14D9-464D-943E-A6AB2C74721B.root
12-Jan-2024 03:55:25 CET  Initiating request to open file root://cmsxrootd.fnal.gov//store/mc/RunIISummer20UL16MiniAODv2/VBS_SSWW_cHW_INT_TuneCP5_13TeV-madgraph-pythia8/MINIAODSIM/106X_mcRun2_asymptotic_v17-v1/140000/B5875AF2-9CCE-E046-B604-E789F40931AF.root
%MSG-w XrdAdaptor:  file_open 12-Jan-2024 03:55:30 CET PostProcessEvent
Data is served from T2_US_Wisconsin instead of original site US-Regional-Nebraska
%MSG
12-Jan-2024 03:55:31 CET  Successfully opened file root://cmsxrootd.fnal.gov//store/mc/RunIISummer20UL16MiniAODv2/VBS_SSWW_cHW_INT_TuneCP5_13TeV-madgraph-pythia8/MINIAODSIM/106X_mcRun2_asymptotic_v17-v1/140000/B5875AF2-9CCE-E046-B604-E789F40931AF.root
Begin processing the 100001st record. Run 1, Event 578002, LumiSection 579 on stream 0 at 12-Jan-2024 03:55:35.931 CET
12-Jan-2024 03:55:35 CET  Closed file root://cmsxrootd.fnal.gov//store/mc/RunIISummer20UL16MiniAODv2/VBS_SSWW_cHW_INT_TuneCP5_13TeV-madgraph-pythia8/MINIAODSIM/106X_mcRun2_asymptotic_v17-v1/140000/B5875AF2-9CCE-E046-B604-E789F40931AF.root
12-Jan-2024 03:55:35 CET  Initiating request to open file root://cmsxrootd.fnal.gov//store/mc/RunIISummer20UL16MiniAODv2/VBS_SSWW_cHW_INT_TuneCP5_13TeV-madgraph-pythia8/MINIAODSIM/106X_mcRun2_asymptotic_v17-v1/140000/BA67FF1F-D6B1-A948-95EC-4B976A5C2243.root
%MSG-w XrdAdaptor:  file_open 12-Jan-2024 03:55:38 CET PostProcessEvent
Data is served from fnal.gov instead of original site US-Regional-Nebraska
%MSG
12-Jan-2024 03:55:38 CET  Successfully opened file root://cmsxrootd.fnal.gov//store/mc/RunIISummer20UL16MiniAODv2/VBS_SSWW_cHW_INT_TuneCP5_13TeV-madgraph-pythia8/MINIAODSIM/106X_mcRun2_asymptotic_v17-v1/140000/BA67FF1F-D6B1-A948-95EC-4B976A5C2243.root
12-Jan-2024 03:55:42 CET  Closed file root://cmsxrootd.fnal.gov//store/mc/RunIISummer20UL16MiniAODv2/VBS_SSWW_cHW_INT_TuneCP5_13TeV-madgraph-pythia8/MINIAODSIM/106X_mcRun2_asymptotic_v17-v1/140000/BA67FF1F-D6B1-A948-95EC-4B976A5C2243.root
12-Jan-2024 03:55:42 CET  Initiating request to open file root://cmsxrootd.fnal.gov//store/mc/RunIISummer20UL16MiniAODv2/VBS_SSWW_cHW_INT_TuneCP5_13TeV-madgraph-pythia8/MINIAODSIM/106X_mcRun2_asymptotic_v17-v1/140000/C0AD8115-9DF3-3F48-BDD2-DDDD2BC56BBC.root
%MSG-w XrdAdaptor:  file_open 12-Jan-2024 03:55:46 CET PostProcessEvent
Data is served from T2_US_Vanderbilt instead of original site US-Regional-Nebraska
%MSG
12-Jan-2024 03:55:46 CET  Successfully opened file root://cmsxrootd.fnal.gov//store/mc/RunIISummer20UL16MiniAODv2/VBS_SSWW_cHW_INT_TuneCP5_13TeV-madgraph-pythia8/MINIAODSIM/106X_mcRun2_asymptotic_v17-v1/140000/C0AD8115-9DF3-3F48-BDD2-DDDD2BC56BBC.root
12-Jan-2024 03:56:26 CET  Closed file root://cmsxrootd.fnal.gov//store/mc/RunIISummer20UL16MiniAODv2/VBS_SSWW_cHW_INT_TuneCP5_13TeV-madgraph-pythia8/MINIAODSIM/106X_mcRun2_asymptotic_v17-v1/140000/C0AD8115-9DF3-3F48-BDD2-DDDD2BC56BBC.root
12-Jan-2024 03:56:26 CET  Initiating request to open file root://cmsxrootd.fnal.gov//store/mc/RunIISummer20UL16MiniAODv2/VBS_SSWW_cHW_INT_TuneCP5_13TeV-madgraph-pythia8/MINIAODSIM/106X_mcRun2_asymptotic_v17-v1/130000/3A9D822A-24BA-EE4C-B241-486F1D7A03D5.root
%MSG-w XrdAdaptor:  file_open 12-Jan-2024 03:56:29 CET PostProcessEvent
Data is served from T2_US_Vanderbilt instead of original site US-Regional-Nebraska
%MSG
12-Jan-2024 03:57:33 CET  Successfully opened file root://cmsxrootd.fnal.gov//store/mc/RunIISummer20UL16MiniAODv2/VBS_SSWW_cHW_INT_TuneCP5_13TeV-madgraph-pythia8/MINIAODSIM/106X_mcRun2_asymptotic_v17-v1/130000/3A9D822A-24BA-EE4C-B241-486F1D7A03D5.root
12-Jan-2024 03:58:24 CET  Closed file root://cmsxrootd.fnal.gov//store/mc/RunIISummer20UL16MiniAODv2/VBS_SSWW_cHW_INT_TuneCP5_13TeV-madgraph-pythia8/MINIAODSIM/106X_mcRun2_asymptotic_v17-v1/130000/3A9D822A-24BA-EE4C-B241-486F1D7A03D5.root
12-Jan-2024 03:58:24 CET  Initiating request to open file root://cmsxrootd.fnal.gov//store/mc/RunIISummer20UL16MiniAODv2/VBS_SSWW_cHW_INT_TuneCP5_13TeV-madgraph-pythia8/MINIAODSIM/106X_mcRun2_asymptotic_v17-v1/140000/A8B191EB-F29D-764D-980F-3DFB839E4F97.root
Unable to load sec.protocol plugin libXrdSecztn.so
%MSG-w XrdAdaptor:  file_open 12-Jan-2024 03:58:28 CET PostProcessEvent
Data is served from T2_US_UCSD-ceph instead of original site US-Regional-Nebraska
%MSG
12-Jan-2024 03:58:29 CET  Successfully opened file root://cmsxrootd.fnal.gov//store/mc/RunIISummer20UL16MiniAODv2/VBS_SSWW_cHW_INT_TuneCP5_13TeV-madgraph-pythia8/MINIAODSIM/106X_mcRun2_asymptotic_v17-v1/140000/A8B191EB-F29D-764D-980F-3DFB839E4F97.root
Unable to load sec.protocol plugin libXrdSecztn.so
12-Jan-2024 03:59:05 CET  Closed file root://cmsxrootd.fnal.gov//store/mc/RunIISummer20UL16MiniAODv2/VBS_SSWW_cHW_INT_TuneCP5_13TeV-madgraph-pythia8/MINIAODSIM/106X_mcRun2_asymptotic_v17-v1/140000/A8B191EB-F29D-764D-980F-3DFB839E4F97.root
12-Jan-2024 03:59:05 CET  Initiating request to open file root://cmsxrootd.fnal.gov//store/mc/RunIISummer20UL16MiniAODv2/VBS_SSWW_cHW_INT_TuneCP5_13TeV-madgraph-pythia8/MINIAODSIM/106X_mcRun2_asymptotic_v17-v1/140000/7FDCCF88-B4DB-CD4A-A509-9D3EC5093B28.root
Unable to load sec.protocol plugin libXrdSecztn.so
%MSG-w XrdAdaptor:  file_open 12-Jan-2024 03:59:08 CET PostProcessEvent
Data is served from T2_US_UCSD-ceph instead of original site US-Regional-Nebraska
%MSG
12-Jan-2024 03:59:10 CET  Successfully opened file root://cmsxrootd.fnal.gov//store/mc/RunIISummer20UL16MiniAODv2/VBS_SSWW_cHW_INT_TuneCP5_13TeV-madgraph-pythia8/MINIAODSIM/106X_mcRun2_asymptotic_v17-v1/140000/7FDCCF88-B4DB-CD4A-A509-9D3EC5093B28.root
Unable to load sec.protocol plugin libXrdSecztn.so
Begin processing the 200001st record. Run 1, Event 720004, LumiSection 721 on stream 0 at 12-Jan-2024 03:59:21.335 CET
12-Jan-2024 03:59:22 CET  Closed file root://cmsxrootd.fnal.gov//store/mc/RunIISummer20UL16MiniAODv2/VBS_SSWW_cHW_INT_TuneCP5_13TeV-madgraph-pythia8/MINIAODSIM/106X_mcRun2_asymptotic_v17-v1/140000/7FDCCF88-B4DB-CD4A-A509-9D3EC5093B28.root
12-Jan-2024 03:59:22 CET  Initiating request to open file root://cmsxrootd.fnal.gov//store/mc/RunIISummer20UL16MiniAODv2/VBS_SSWW_cHW_INT_TuneCP5_13TeV-madgraph-pythia8/MINIAODSIM/106X_mcRun2_asymptotic_v17-v1/140000/57EF3D01-C8C4-8A4F-830A-E5B9B54C59C9.root
%MSG-w XrdAdaptor:  file_open 12-Jan-2024 03:59:24 CET PostProcessEvent
Data is served from T2_US_UCSD-ceph instead of original site US-Regional-Nebraska
%MSG
12-Jan-2024 03:59:25 CET  Successfully opened file root://cmsxrootd.fnal.gov//store/mc/RunIISummer20UL16MiniAODv2/VBS_SSWW_cHW_INT_TuneCP5_13TeV-madgraph-pythia8/MINIAODSIM/106X_mcRun2_asymptotic_v17-v1/140000/57EF3D01-C8C4-8A4F-830A-E5B9B54C59C9.root
Unable to load sec.protocol plugin libXrdSecztn.so
12-Jan-2024 03:59:32 CET  Closed file root://cmsxrootd.fnal.gov//store/mc/RunIISummer20UL16MiniAODv2/VBS_SSWW_cHW_INT_TuneCP5_13TeV-madgraph-pythia8/MINIAODSIM/106X_mcRun2_asymptotic_v17-v1/140000/57EF3D01-C8C4-8A4F-830A-E5B9B54C59C9.root
12-Jan-2024 03:59:32 CET  Initiating request to open file root://cmsxrootd.fnal.gov//store/mc/RunIISummer20UL16MiniAODv2/VBS_SSWW_cHW_INT_TuneCP5_13TeV-madgraph-pythia8/MINIAODSIM/106X_mcRun2_asymptotic_v17-v1/130000/C193ECE6-2160-7045-997F-C60998043B6C.root
%MSG-w XrdAdaptor:  file_open 12-Jan-2024 03:59:36 CET PostProcessEvent
Data is served from T2_US_Florida instead of original site US-Regional-Nebraska
%MSG
12-Jan-2024 03:59:37 CET  Successfully opened file root://cmsxrootd.fnal.gov//store/mc/RunIISummer20UL16MiniAODv2/VBS_SSWW_cHW_INT_TuneCP5_13TeV-madgraph-pythia8/MINIAODSIM/106X_mcRun2_asymptotic_v17-v1/130000/C193ECE6-2160-7045-997F-C60998043B6C.root
12-Jan-2024 03:59:47 CET  Closed file root://cmsxrootd.fnal.gov//store/mc/RunIISummer20UL16MiniAODv2/VBS_SSWW_cHW_INT_TuneCP5_13TeV-madgraph-pythia8/MINIAODSIM/106X_mcRun2_asymptotic_v17-v1/130000/C193ECE6-2160-7045-997F-C60998043B6C.root
12-Jan-2024 03:59:47 CET  Initiating request to open file root://cmsxrootd.fnal.gov//store/mc/RunIISummer20UL16MiniAODv2/VBS_SSWW_cHW_INT_TuneCP5_13TeV-madgraph-pythia8/MINIAODSIM/106X_mcRun2_asymptotic_v17-v1/130000/3F5CECF6-4DEA-F74A-AE54-37B6DF887A50.root
%MSG-w XrdAdaptor:  file_open 12-Jan-2024 03:59:52 CET PostProcessEvent
Data is served from T2_US_Florida instead of original site US-Regional-Nebraska
%MSG
12-Jan-2024 03:59:53 CET  Successfully opened file root://cmsxrootd.fnal.gov//store/mc/RunIISummer20UL16MiniAODv2/VBS_SSWW_cHW_INT_TuneCP5_13TeV-madgraph-pythia8/MINIAODSIM/106X_mcRun2_asymptotic_v17-v1/130000/3F5CECF6-4DEA-F74A-AE54-37B6DF887A50.root
Begin processing the 300001st record. Run 1, Event 974010, LumiSection 975 on stream 0 at 12-Jan-2024 03:59:59.949 CET
12-Jan-2024 03:59:59 CET  Closed file root://cmsxrootd.fnal.gov//store/mc/RunIISummer20UL16MiniAODv2/VBS_SSWW_cHW_INT_TuneCP5_13TeV-madgraph-pythia8/MINIAODSIM/106X_mcRun2_asymptotic_v17-v1/130000/3F5CECF6-4DEA-F74A-AE54-37B6DF887A50.root
12-Jan-2024 03:59:59 CET  Initiating request to open file root://cmsxrootd.fnal.gov//store/mc/RunIISummer20UL16MiniAODv2/VBS_SSWW_cHW_INT_TuneCP5_13TeV-madgraph-pythia8/MINIAODSIM/106X_mcRun2_asymptotic_v17-v1/130000/31E9CDFE-E2D4-1F42-8FB2-EC797C6CC49C.root
%MSG-w XrdAdaptor:  file_open 12-Jan-2024 04:00:02 CET PostProcessEvent
Data is served from fnal.gov instead of original site US-Regional-Nebraska
%MSG
12-Jan-2024 04:00:03 CET  Successfully opened file root://cmsxrootd.fnal.gov//store/mc/RunIISummer20UL16MiniAODv2/VBS_SSWW_cHW_INT_TuneCP5_13TeV-madgraph-pythia8/MINIAODSIM/106X_mcRun2_asymptotic_v17-v1/130000/31E9CDFE-E2D4-1F42-8FB2-EC797C6CC49C.root
12-Jan-2024 04:00:07 CET  Closed file root://cmsxrootd.fnal.gov//store/mc/RunIISummer20UL16MiniAODv2/VBS_SSWW_cHW_INT_TuneCP5_13TeV-madgraph-pythia8/MINIAODSIM/106X_mcRun2_asymptotic_v17-v1/130000/31E9CDFE-E2D4-1F42-8FB2-EC797C6CC49C.root
12-Jan-2024 04:00:07 CET  Initiating request to open file root://cmsxrootd.fnal.gov//store/mc/RunIISummer20UL16MiniAODv2/VBS_SSWW_cHW_INT_TuneCP5_13TeV-madgraph-pythia8/MINIAODSIM/106X_mcRun2_asymptotic_v17-v1/140000/7B301A4D-C9A4-B54A-B071-D33AF4444637.root
%MSG-w XrdAdaptor:  file_open 12-Jan-2024 04:00:10 CET PostProcessEvent
Data is served from T2_US_Vanderbilt instead of original site US-Regional-Nebraska
%MSG
12-Jan-2024 04:01:43 CET  Successfully opened file root://cmsxrootd.fnal.gov//store/mc/RunIISummer20UL16MiniAODv2/VBS_SSWW_cHW_INT_TuneCP5_13TeV-madgraph-pythia8/MINIAODSIM/106X_mcRun2_asymptotic_v17-v1/140000/7B301A4D-C9A4-B54A-B071-D33AF4444637.root
12-Jan-2024 04:02:22 CET  Closed file root://cmsxrootd.fnal.gov//store/mc/RunIISummer20UL16MiniAODv2/VBS_SSWW_cHW_INT_TuneCP5_13TeV-madgraph-pythia8/MINIAODSIM/106X_mcRun2_asymptotic_v17-v1/140000/7B301A4D-C9A4-B54A-B071-D33AF4444637.root
12-Jan-2024 04:02:22 CET  Initiating request to open file root://cmsxrootd.fnal.gov//store/mc/RunIISummer20UL16MiniAODv2/VBS_SSWW_cHW_INT_TuneCP5_13TeV-madgraph-pythia8/MINIAODSIM/106X_mcRun2_asymptotic_v17-v1/140000/B4CC4413-3C0C-894F-919D-0D51BE2CF195.root
%MSG-w XrdAdaptor:  file_open 12-Jan-2024 04:02:25 CET PostProcessEvent
Data is served from T2_US_Vanderbilt instead of original site US-Regional-Nebraska
%MSG
12-Jan-2024 04:02:26 CET  Successfully opened file root://cmsxrootd.fnal.gov//store/mc/RunIISummer20UL16MiniAODv2/VBS_SSWW_cHW_INT_TuneCP5_13TeV-madgraph-pythia8/MINIAODSIM/106X_mcRun2_asymptotic_v17-v1/140000/B4CC4413-3C0C-894F-919D-0D51BE2CF195.root
12-Jan-2024 04:04:54 CET  Closed file root://cmsxrootd.fnal.gov//store/mc/RunIISummer20UL16MiniAODv2/VBS_SSWW_cHW_INT_TuneCP5_13TeV-madgraph-pythia8/MINIAODSIM/106X_mcRun2_asymptotic_v17-v1/140000/B4CC4413-3C0C-894F-919D-0D51BE2CF195.root
12-Jan-2024 04:04:54 CET  Initiating request to open file root://cmsxrootd.fnal.gov//store/mc/RunIISummer20UL16MiniAODv2/VBS_SSWW_cHW_INT_TuneCP5_13TeV-madgraph-pythia8/MINIAODSIM/106X_mcRun2_asymptotic_v17-v1/140000/01546903-F87E-584B-B7EF-E878E8A175FC.root
%MSG-w XrdAdaptor:  file_open 12-Jan-2024 04:04:57 CET PostProcessEvent
Data is served from T2_US_Florida instead of original site US-Regional-Nebraska
%MSG
12-Jan-2024 04:04:57 CET  Successfully opened file root://cmsxrootd.fnal.gov//store/mc/RunIISummer20UL16MiniAODv2/VBS_SSWW_cHW_INT_TuneCP5_13TeV-madgraph-pythia8/MINIAODSIM/106X_mcRun2_asymptotic_v17-v1/140000/01546903-F87E-584B-B7EF-E878E8A175FC.root
Begin processing the 400001st record. Run 1, Event 227003, LumiSection 228 on stream 0 at 12-Jan-2024 04:05:06.773 CET
12-Jan-2024 04:05:07 CET  Closed file root://cmsxrootd.fnal.gov//store/mc/RunIISummer20UL16MiniAODv2/VBS_SSWW_cHW_INT_TuneCP5_13TeV-madgraph-pythia8/MINIAODSIM/106X_mcRun2_asymptotic_v17-v1/140000/01546903-F87E-584B-B7EF-E878E8A175FC.root
12-Jan-2024 04:05:07 CET  Initiating request to open file root://cmsxrootd.fnal.gov//store/mc/RunIISummer20UL16MiniAODv2/VBS_SSWW_cHW_INT_TuneCP5_13TeV-madgraph-pythia8/MINIAODSIM/106X_mcRun2_asymptotic_v17-v1/140000/DDDB828F-18A6-6549-9EC3-F6B4A59C7B1B.root
%MSG-w XrdAdaptor:  file_open 12-Jan-2024 04:05:09 CET PostProcessEvent
Data is served from T2_US_Florida instead of original site US-Regional-Nebraska
%MSG
12-Jan-2024 04:05:10 CET  Successfully opened file root://cmsxrootd.fnal.gov//store/mc/RunIISummer20UL16MiniAODv2/VBS_SSWW_cHW_INT_TuneCP5_13TeV-madgraph-pythia8/MINIAODSIM/106X_mcRun2_asymptotic_v17-v1/140000/DDDB828F-18A6-6549-9EC3-F6B4A59C7B1B.root
12-Jan-2024 04:05:15 CET  Closed file root://cmsxrootd.fnal.gov//store/mc/RunIISummer20UL16MiniAODv2/VBS_SSWW_cHW_INT_TuneCP5_13TeV-madgraph-pythia8/MINIAODSIM/106X_mcRun2_asymptotic_v17-v1/140000/DDDB828F-18A6-6549-9EC3-F6B4A59C7B1B.root
12-Jan-2024 04:05:15 CET  Initiating request to open file root://cmsxrootd.fnal.gov//store/mc/RunIISummer20UL16MiniAODv2/VBS_SSWW_cHW_INT_TuneCP5_13TeV-madgraph-pythia8/MINIAODSIM/106X_mcRun2_asymptotic_v17-v1/140000/B93C787B-5E2A-0648-BD6F-81A6A9698AC0.root
%MSG-w XrdAdaptor:  file_open 12-Jan-2024 04:05:18 CET PostProcessEvent
Data is served from T2_US_MIT instead of original site US-Regional-Nebraska
%MSG
12-Jan-2024 04:05:19 CET  Successfully opened file root://cmsxrootd.fnal.gov//store/mc/RunIISummer20UL16MiniAODv2/VBS_SSWW_cHW_INT_TuneCP5_13TeV-madgraph-pythia8/MINIAODSIM/106X_mcRun2_asymptotic_v17-v1/140000/B93C787B-5E2A-0648-BD6F-81A6A9698AC0.root
12-Jan-2024 04:05:25 CET  Closed file root://cmsxrootd.fnal.gov//store/mc/RunIISummer20UL16MiniAODv2/VBS_SSWW_cHW_INT_TuneCP5_13TeV-madgraph-pythia8/MINIAODSIM/106X_mcRun2_asymptotic_v17-v1/140000/B93C787B-5E2A-0648-BD6F-81A6A9698AC0.root
12-Jan-2024 04:05:25 CET  Initiating request to open file root://cmsxrootd.fnal.gov//store/mc/RunIISummer20UL16MiniAODv2/VBS_SSWW_cHW_INT_TuneCP5_13TeV-madgraph-pythia8/MINIAODSIM/106X_mcRun2_asymptotic_v17-v1/130000/02568127-506A-364A-845E-8160096539EC.root
Unable to load sec.protocol plugin libXrdSecztn.so
%MSG-w XrdAdaptor:  file_open 12-Jan-2024 04:05:28 CET PostProcessEvent
Data is served from fnal.gov instead of original site US-Regional-Nebraska
%MSG
12-Jan-2024 04:05:29 CET  Successfully opened file root://cmsxrootd.fnal.gov//store/mc/RunIISummer20UL16MiniAODv2/VBS_SSWW_cHW_INT_TuneCP5_13TeV-madgraph-pythia8/MINIAODSIM/106X_mcRun2_asymptotic_v17-v1/130000/02568127-506A-364A-845E-8160096539EC.root
Unable to load sec.protocol plugin libXrdSecztn.so
12-Jan-2024 04:05:40 CET  Closed file root://cmsxrootd.fnal.gov//store/mc/RunIISummer20UL16MiniAODv2/VBS_SSWW_cHW_INT_TuneCP5_13TeV-madgraph-pythia8/MINIAODSIM/106X_mcRun2_asymptotic_v17-v1/130000/02568127-506A-364A-845E-8160096539EC.root
12-Jan-2024 04:05:40 CET  Initiating request to open file root://cmsxrootd.fnal.gov//store/mc/RunIISummer20UL16MiniAODv2/VBS_SSWW_cHW_INT_TuneCP5_13TeV-madgraph-pythia8/MINIAODSIM/106X_mcRun2_asymptotic_v17-v1/130000/821DFA49-710F-6247-A269-CDB381447077.root
Unable to load sec.protocol plugin libXrdSecztn.so
%MSG-w XrdAdaptor:  file_open 12-Jan-2024 04:05:43 CET PostProcessEvent
Data is served from fnal.gov instead of original site US-Regional-Nebraska
%MSG
12-Jan-2024 04:05:43 CET  Successfully opened file root://cmsxrootd.fnal.gov//store/mc/RunIISummer20UL16MiniAODv2/VBS_SSWW_cHW_INT_TuneCP5_13TeV-madgraph-pythia8/MINIAODSIM/106X_mcRun2_asymptotic_v17-v1/130000/821DFA49-710F-6247-A269-CDB381447077.root
Begin processing the 500001st record. Run 1, Event 407016, LumiSection 408 on stream 0 at 12-Jan-2024 04:05:52.187 CET
12-Jan-2024 04:05:53 CET  Closed file root://cmsxrootd.fnal.gov//store/mc/RunIISummer20UL16MiniAODv2/VBS_SSWW_cHW_INT_TuneCP5_13TeV-madgraph-pythia8/MINIAODSIM/106X_mcRun2_asymptotic_v17-v1/130000/821DFA49-710F-6247-A269-CDB381447077.root
12-Jan-2024 04:05:53 CET  Initiating request to open file root://cmsxrootd.fnal.gov//store/mc/RunIISummer20UL16MiniAODv2/VBS_SSWW_cHW_INT_TuneCP5_13TeV-madgraph-pythia8/MINIAODSIM/106X_mcRun2_asymptotic_v17-v1/130000/CF43A5AA-6E17-FC4C-8D76-08DEE8095020.root
Unable to load sec.protocol plugin libXrdSecztn.so
%MSG-w XrdAdaptor:  file_open 12-Jan-2024 04:05:56 CET PostProcessEvent
Data is served from fnal.gov instead of original site US-Regional-Nebraska
%MSG
12-Jan-2024 04:05:56 CET  Successfully opened file root://cmsxrootd.fnal.gov//store/mc/RunIISummer20UL16MiniAODv2/VBS_SSWW_cHW_INT_TuneCP5_13TeV-madgraph-pythia8/MINIAODSIM/106X_mcRun2_asymptotic_v17-v1/130000/CF43A5AA-6E17-FC4C-8D76-08DEE8095020.root
12-Jan-2024 04:06:06 CET  Closed file root://cmsxrootd.fnal.gov//store/mc/RunIISummer20UL16MiniAODv2/VBS_SSWW_cHW_INT_TuneCP5_13TeV-madgraph-pythia8/MINIAODSIM/106X_mcRun2_asymptotic_v17-v1/130000/CF43A5AA-6E17-FC4C-8D76-08DEE8095020.root
12-Jan-2024 04:06:06 CET  Initiating request to open file root://cmsxrootd.fnal.gov//store/mc/RunIISummer20UL16MiniAODv2/VBS_SSWW_cHW_INT_TuneCP5_13TeV-madgraph-pythia8/MINIAODSIM/106X_mcRun2_asymptotic_v17-v1/130000/AE1DBAC6-73F8-8949-9672-55ACF52D875D.root
%MSG-w XrdAdaptor:  file_open 12-Jan-2024 04:06:08 CET PostProcessEvent
Data is served from fnal.gov instead of original site US-Regional-Nebraska
%MSG
12-Jan-2024 04:06:09 CET  Successfully opened file root://cmsxrootd.fnal.gov//store/mc/RunIISummer20UL16MiniAODv2/VBS_SSWW_cHW_INT_TuneCP5_13TeV-madgraph-pythia8/MINIAODSIM/106X_mcRun2_asymptotic_v17-v1/130000/AE1DBAC6-73F8-8949-9672-55ACF52D875D.root
Begin processing the 600001st record. Run 1, Event 705014, LumiSection 706 on stream 0 at 12-Jan-2024 04:06:14.578 CET
12-Jan-2024 04:06:14 CET  Closed file root://cmsxrootd.fnal.gov//store/mc/RunIISummer20UL16MiniAODv2/VBS_SSWW_cHW_INT_TuneCP5_13TeV-madgraph-pythia8/MINIAODSIM/106X_mcRun2_asymptotic_v17-v1/130000/AE1DBAC6-73F8-8949-9672-55ACF52D875D.root
12-Jan-2024 04:06:14 CET  Initiating request to open file root://cmsxrootd.fnal.gov//store/mc/RunIISummer20UL16MiniAODv2/VBS_SSWW_cHW_INT_TuneCP5_13TeV-madgraph-pythia8/MINIAODSIM/106X_mcRun2_asymptotic_v17-v1/280000/CD7555D6-5DD5-8242-A033-325A68B21E91.root
%MSG-w XrdAdaptor:  file_open 12-Jan-2024 04:06:17 CET PostProcessEvent
Data is served from T2_US_Vanderbilt instead of original site US-Regional-Nebraska
%MSG
12-Jan-2024 04:06:18 CET  Successfully opened file root://cmsxrootd.fnal.gov//store/mc/RunIISummer20UL16MiniAODv2/VBS_SSWW_cHW_INT_TuneCP5_13TeV-madgraph-pythia8/MINIAODSIM/106X_mcRun2_asymptotic_v17-v1/280000/CD7555D6-5DD5-8242-A033-325A68B21E91.root
12-Jan-2024 04:11:20 CET  Closed file root://cmsxrootd.fnal.gov//store/mc/RunIISummer20UL16MiniAODv2/VBS_SSWW_cHW_INT_TuneCP5_13TeV-madgraph-pythia8/MINIAODSIM/106X_mcRun2_asymptotic_v17-v1/280000/CD7555D6-5DD5-8242-A033-325A68B21E91.root
12-Jan-2024 04:11:20 CET  Initiating request to open file root://cmsxrootd.fnal.gov//store/mc/RunIISummer20UL16MiniAODv2/VBS_SSWW_cHW_INT_TuneCP5_13TeV-madgraph-pythia8/MINIAODSIM/106X_mcRun2_asymptotic_v17-v1/70000/35BB6947-7EF9-6640-8B82-E9DF7B9288AD.root
%MSG-w XrdAdaptor:  file_open 12-Jan-2024 04:11:23 CET PostProcessEvent
Data is served from fnal.gov instead of original site US-Regional-Nebraska
%MSG
12-Jan-2024 04:11:23 CET  Successfully opened file root://cmsxrootd.fnal.gov//store/mc/RunIISummer20UL16MiniAODv2/VBS_SSWW_cHW_INT_TuneCP5_13TeV-madgraph-pythia8/MINIAODSIM/106X_mcRun2_asymptotic_v17-v1/70000/35BB6947-7EF9-6640-8B82-E9DF7B9288AD.root
Unable to load sec.protocol plugin libXrdSecztn.so
12-Jan-2024 04:11:34 CET  Closed file root://cmsxrootd.fnal.gov//store/mc/RunIISummer20UL16MiniAODv2/VBS_SSWW_cHW_INT_TuneCP5_13TeV-madgraph-pythia8/MINIAODSIM/106X_mcRun2_asymptotic_v17-v1/70000/35BB6947-7EF9-6640-8B82-E9DF7B9288AD.root
12-Jan-2024 04:11:34 CET  Initiating request to open file root://cmsxrootd.fnal.gov//store/mc/RunIISummer20UL16MiniAODv2/VBS_SSWW_cHW_INT_TuneCP5_13TeV-madgraph-pythia8/MINIAODSIM/106X_mcRun2_asymptotic_v17-v1/70000/3F474C35-AA10-3543-A6D7-F1F7A00D171F.root
%MSG-w XrdAdaptor:  file_open 12-Jan-2024 04:11:36 CET PostProcessEvent
Data is served from fnal.gov instead of original site US-Regional-Nebraska
%MSG
12-Jan-2024 04:11:37 CET  Successfully opened file root://cmsxrootd.fnal.gov//store/mc/RunIISummer20UL16MiniAODv2/VBS_SSWW_cHW_INT_TuneCP5_13TeV-madgraph-pythia8/MINIAODSIM/106X_mcRun2_asymptotic_v17-v1/70000/3F474C35-AA10-3543-A6D7-F1F7A00D171F.root
12-Jan-2024 04:11:43 CET  Closed file root://cmsxrootd.fnal.gov//store/mc/RunIISummer20UL16MiniAODv2/VBS_SSWW_cHW_INT_TuneCP5_13TeV-madgraph-pythia8/MINIAODSIM/106X_mcRun2_asymptotic_v17-v1/70000/3F474C35-AA10-3543-A6D7-F1F7A00D171F.root
12-Jan-2024 04:11:43 CET  Initiating request to open file root://cmsxrootd.fnal.gov//store/mc/RunIISummer20UL16MiniAODv2/VBS_SSWW_cHW_INT_TuneCP5_13TeV-madgraph-pythia8/MINIAODSIM/106X_mcRun2_asymptotic_v17-v1/140000/4390F777-8CB3-3C4A-B2D4-4E661F614108.root
%MSG-w XrdAdaptor:  file_open 12-Jan-2024 04:11:46 CET PostProcessEvent
Data is served from fnal.gov instead of original site US-Regional-Nebraska
%MSG
12-Jan-2024 04:11:47 CET  Successfully opened file root://cmsxrootd.fnal.gov//store/mc/RunIISummer20UL16MiniAODv2/VBS_SSWW_cHW_INT_TuneCP5_13TeV-madgraph-pythia8/MINIAODSIM/106X_mcRun2_asymptotic_v17-v1/140000/4390F777-8CB3-3C4A-B2D4-4E661F614108.root
Unable to load sec.protocol plugin libXrdSecztn.so
Begin processing the 700001st record. Run 1, Event 984006, LumiSection 985 on stream 0 at 12-Jan-2024 04:11:53.630 CET
12-Jan-2024 04:11:54 CET  Closed file root://cmsxrootd.fnal.gov//store/mc/RunIISummer20UL16MiniAODv2/VBS_SSWW_cHW_INT_TuneCP5_13TeV-madgraph-pythia8/MINIAODSIM/106X_mcRun2_asymptotic_v17-v1/140000/4390F777-8CB3-3C4A-B2D4-4E661F614108.root
12-Jan-2024 04:11:54 CET  Initiating request to open file root://cmsxrootd.fnal.gov//store/mc/RunIISummer20UL16MiniAODv2/VBS_SSWW_cHW_INT_TuneCP5_13TeV-madgraph-pythia8/MINIAODSIM/106X_mcRun2_asymptotic_v17-v1/140000/40AD533F-9FB7-B040-B3C3-B62040ED05F9.root
%MSG-w XrdAdaptor:  file_open 12-Jan-2024 04:11:57 CET PostProcessEvent
Data is served from fnal.gov instead of original site US-Regional-Nebraska
%MSG
12-Jan-2024 04:11:58 CET  Successfully opened file root://cmsxrootd.fnal.gov//store/mc/RunIISummer20UL16MiniAODv2/VBS_SSWW_cHW_INT_TuneCP5_13TeV-madgraph-pythia8/MINIAODSIM/106X_mcRun2_asymptotic_v17-v1/140000/40AD533F-9FB7-B040-B3C3-B62040ED05F9.root
12-Jan-2024 04:12:11 CET  Closed file root://cmsxrootd.fnal.gov//store/mc/RunIISummer20UL16MiniAODv2/VBS_SSWW_cHW_INT_TuneCP5_13TeV-madgraph-pythia8/MINIAODSIM/106X_mcRun2_asymptotic_v17-v1/140000/40AD533F-9FB7-B040-B3C3-B62040ED05F9.root
12-Jan-2024 04:12:11 CET  Initiating request to open file root://cmsxrootd.fnal.gov//store/mc/RunIISummer20UL16MiniAODv2/VBS_SSWW_cHW_INT_TuneCP5_13TeV-madgraph-pythia8/MINIAODSIM/106X_mcRun2_asymptotic_v17-v1/140000/B66B2212-9CBD-BC4F-A97C-366AD813B025.root
%MSG-w XrdAdaptor:  file_open 12-Jan-2024 04:12:13 CET PostProcessEvent
Data is served from fnal.gov instead of original site US-Regional-Nebraska
%MSG
12-Jan-2024 04:12:13 CET  Successfully opened file root://cmsxrootd.fnal.gov//store/mc/RunIISummer20UL16MiniAODv2/VBS_SSWW_cHW_INT_TuneCP5_13TeV-madgraph-pythia8/MINIAODSIM/106X_mcRun2_asymptotic_v17-v1/140000/B66B2212-9CBD-BC4F-A97C-366AD813B025.root
Begin processing the 800001st record. Run 1, Event 353006, LumiSection 354 on stream 0 at 12-Jan-2024 04:12:21.085 CET
12-Jan-2024 04:12:22 CET  Closed file root://cmsxrootd.fnal.gov//store/mc/RunIISummer20UL16MiniAODv2/VBS_SSWW_cHW_INT_TuneCP5_13TeV-madgraph-pythia8/MINIAODSIM/106X_mcRun2_asymptotic_v17-v1/140000/B66B2212-9CBD-BC4F-A97C-366AD813B025.root
12-Jan-2024 04:12:22 CET  Initiating request to open file root://cmsxrootd.fnal.gov//store/mc/RunIISummer20UL16MiniAODv2/VBS_SSWW_cHW_INT_TuneCP5_13TeV-madgraph-pythia8/MINIAODSIM/106X_mcRun2_asymptotic_v17-v1/140000/7A760863-EB45-2042-ADD8-DCC4A56F224B.root
%MSG-w XrdAdaptor:  file_open 12-Jan-2024 04:12:24 CET PostProcessEvent
Data is served from fnal.gov instead of original site US-Regional-Nebraska
%MSG
12-Jan-2024 04:12:24 CET  Successfully opened file root://cmsxrootd.fnal.gov//store/mc/RunIISummer20UL16MiniAODv2/VBS_SSWW_cHW_INT_TuneCP5_13TeV-madgraph-pythia8/MINIAODSIM/106X_mcRun2_asymptotic_v17-v1/140000/7A760863-EB45-2042-ADD8-DCC4A56F224B.root
12-Jan-2024 04:12:32 CET  Closed file root://cmsxrootd.fnal.gov//store/mc/RunIISummer20UL16MiniAODv2/VBS_SSWW_cHW_INT_TuneCP5_13TeV-madgraph-pythia8/MINIAODSIM/106X_mcRun2_asymptotic_v17-v1/140000/7A760863-EB45-2042-ADD8-DCC4A56F224B.root
12-Jan-2024 04:12:32 CET  Initiating request to open file root://cmsxrootd.fnal.gov//store/mc/RunIISummer20UL16MiniAODv2/VBS_SSWW_cHW_INT_TuneCP5_13TeV-madgraph-pythia8/MINIAODSIM/106X_mcRun2_asymptotic_v17-v1/270000/59A35B7B-4FA3-264C-AA3D-F8DBBB9320DC.root
%MSG-w XrdAdaptor:  file_open 12-Jan-2024 04:12:35 CET PostProcessEvent
Data is served from T2_US_MIT instead of original site US-Regional-Nebraska
%MSG
12-Jan-2024 04:12:35 CET  Successfully opened file root://cmsxrootd.fnal.gov//store/mc/RunIISummer20UL16MiniAODv2/VBS_SSWW_cHW_INT_TuneCP5_13TeV-madgraph-pythia8/MINIAODSIM/106X_mcRun2_asymptotic_v17-v1/270000/59A35B7B-4FA3-264C-AA3D-F8DBBB9320DC.root
12-Jan-2024 04:12:39 CET  Closed file root://cmsxrootd.fnal.gov//store/mc/RunIISummer20UL16MiniAODv2/VBS_SSWW_cHW_INT_TuneCP5_13TeV-madgraph-pythia8/MINIAODSIM/106X_mcRun2_asymptotic_v17-v1/270000/59A35B7B-4FA3-264C-AA3D-F8DBBB9320DC.root
12-Jan-2024 04:12:39 CET  Initiating request to open file root://cmsxrootd.fnal.gov//store/mc/RunIISummer20UL16MiniAODv2/VBS_SSWW_cHW_INT_TuneCP5_13TeV-madgraph-pythia8/MINIAODSIM/106X_mcRun2_asymptotic_v17-v1/140000/A67A510D-42D7-B943-A5D8-70345E9BA964.root
%MSG-w XrdAdaptor:  file_open 12-Jan-2024 04:12:42 CET PostProcessEvent
Data is served from T2_US_Vanderbilt instead of original site US-Regional-Nebraska
%MSG
12-Jan-2024 04:12:43 CET  Successfully opened file root://cmsxrootd.fnal.gov//store/mc/RunIISummer20UL16MiniAODv2/VBS_SSWW_cHW_INT_TuneCP5_13TeV-madgraph-pythia8/MINIAODSIM/106X_mcRun2_asymptotic_v17-v1/140000/A67A510D-42D7-B943-A5D8-70345E9BA964.root
12-Jan-2024 04:15:45 CET  Closed file root://cmsxrootd.fnal.gov//store/mc/RunIISummer20UL16MiniAODv2/VBS_SSWW_cHW_INT_TuneCP5_13TeV-madgraph-pythia8/MINIAODSIM/106X_mcRun2_asymptotic_v17-v1/140000/A67A510D-42D7-B943-A5D8-70345E9BA964.root
12-Jan-2024 04:15:45 CET  Initiating request to open file root://cmsxrootd.fnal.gov//store/mc/RunIISummer20UL16MiniAODv2/VBS_SSWW_cHW_INT_TuneCP5_13TeV-madgraph-pythia8/MINIAODSIM/106X_mcRun2_asymptotic_v17-v1/70000/9B0A59FF-28C9-0F49-9B87-830B771093C5.root
%MSG-w XrdAdaptor:  file_open 12-Jan-2024 04:15:47 CET PostProcessEvent
Data is served from fnal.gov instead of original site US-Regional-Nebraska
%MSG
12-Jan-2024 04:15:47 CET  Successfully opened file root://cmsxrootd.fnal.gov//store/mc/RunIISummer20UL16MiniAODv2/VBS_SSWW_cHW_INT_TuneCP5_13TeV-madgraph-pythia8/MINIAODSIM/106X_mcRun2_asymptotic_v17-v1/70000/9B0A59FF-28C9-0F49-9B87-830B771093C5.root
12-Jan-2024 04:15:52 CET  Closed file root://cmsxrootd.fnal.gov//store/mc/RunIISummer20UL16MiniAODv2/VBS_SSWW_cHW_INT_TuneCP5_13TeV-madgraph-pythia8/MINIAODSIM/106X_mcRun2_asymptotic_v17-v1/70000/9B0A59FF-28C9-0F49-9B87-830B771093C5.root
12-Jan-2024 04:15:52 CET  Initiating request to open file root://cmsxrootd.fnal.gov//store/mc/RunIISummer20UL16MiniAODv2/VBS_SSWW_cHW_INT_TuneCP5_13TeV-madgraph-pythia8/MINIAODSIM/106X_mcRun2_asymptotic_v17-v1/280000/48EA3B02-419B-7040-92E0-B076085C654D.root
%MSG-w XrdAdaptor:  file_open 12-Jan-2024 04:15:56 CET PostProcessEvent
Data is served from T2_US_MIT instead of original site US-Regional-Nebraska
%MSG
12-Jan-2024 04:15:57 CET  Successfully opened file root://cmsxrootd.fnal.gov//store/mc/RunIISummer20UL16MiniAODv2/VBS_SSWW_cHW_INT_TuneCP5_13TeV-madgraph-pythia8/MINIAODSIM/106X_mcRun2_asymptotic_v17-v1/280000/48EA3B02-419B-7040-92E0-B076085C654D.root
Begin processing the 900001st record. Run 1, Event 568003, LumiSection 569 on stream 0 at 12-Jan-2024 04:16:06.933 CET
12-Jan-2024 04:16:07 CET  Closed file root://cmsxrootd.fnal.gov//store/mc/RunIISummer20UL16MiniAODv2/VBS_SSWW_cHW_INT_TuneCP5_13TeV-madgraph-pythia8/MINIAODSIM/106X_mcRun2_asymptotic_v17-v1/280000/48EA3B02-419B-7040-92E0-B076085C654D.root
12-Jan-2024 04:16:07 CET  Initiating request to open file root://cmsxrootd.fnal.gov//store/mc/RunIISummer20UL16MiniAODv2/VBS_SSWW_cHW_INT_TuneCP5_13TeV-madgraph-pythia8/MINIAODSIM/106X_mcRun2_asymptotic_v17-v1/270000/4524171B-8D84-3540-99CF-3AE2A41C4FDA.root
%MSG-w XrdAdaptor:  file_open 12-Jan-2024 04:16:12 CET PostProcessEvent
Data is served from T2_US_Wisconsin instead of original site US-Regional-Nebraska
%MSG
12-Jan-2024 04:16:13 CET  Successfully opened file root://cmsxrootd.fnal.gov//store/mc/RunIISummer20UL16MiniAODv2/VBS_SSWW_cHW_INT_TuneCP5_13TeV-madgraph-pythia8/MINIAODSIM/106X_mcRun2_asymptotic_v17-v1/270000/4524171B-8D84-3540-99CF-3AE2A41C4FDA.root
      0.000369      0.000009      0.000001             1
      0.000132      0.000005      0.000001             2
 
12-Jan-2024 04:16:21 CET  Closed file root://cmsxrootd.fnal.gov//store/mc/RunIISummer20UL16MiniAODv2/VBS_SSWW_cHW_INT_TuneCP5_13TeV-madgraph-pythia8/MINIAODSIM/106X_mcRun2_asymptotic_v17-v1/270000/4524171B-8D84-3540-99CF-3AE2A41C4FDA.root

------------------------------------
GenXsecAnalyzer:
------------------------------------
-------------------------------------------------------------------------------------------------------------------------------------------------------------------------- 
Overall cross-section summary 
--------------------------------------------------------------------------------------------------------------------------------------------------------------------------
Process		xsec_before [pb]		passed	nposw	nnegw	tried	nposw	nnegw 	xsec_match [pb]			accepted [%]	 event_eff [%]
0		3.723e-04 +/- 2.757e-07		715806	515324	200482	715806	515324	200482	3.723e-04 +/- 2.757e-07		100.0 +/- 0.0	100.0 +/- 0.0
1		1.338e-04 +/- 1.393e-07		239194	176541	62653	239194	176541	62653	1.338e-04 +/- 1.393e-07		100.0 +/- 0.0	100.0 +/- 0.0
-------------------------------------------------------------------------------------------------------------------------------------------------------------------------- 
Total		5.061e-04 +/- 3.089e-07		955000	691865	263135	955000	691865	263135	5.061e-04 +/- 3.089e-07		100.0 +/- 0.0	100.0 +/- 0.0
--------------------------------------------------------------------------------------------------------------------------------------------------------------------------
Before matching: total cross section = 5.061e-04 +- 3.089e-07 pb
After matching: total cross section = 5.061e-04 +- 3.089e-07 pb
Matching efficiency = 1.0 +/- 0.0   [TO BE USED IN MCM]
Filter efficiency (taking into account weights)= (428730) / (428730) = 1.000e+00 +- 0.000e+00
Filter efficiency (event-level)= (955000) / (955000) = 1.000e+00 +- 0.000e+00    [TO BE USED IN MCM]

After filter: final cross section = 5.061e-04 +- 3.089e-07 pb
After filter: final fraction of events with negative weights = 2.755e-01 +- 6.647e-05
After filter: final equivalent lumi for 1M events (1/fb) = 3.982e+05 +- 2.347e+02

=============================================

MessageLogger Summary

 type     category        sev    module        subroutine        count    total
 ---- -------------------- -- ---------------- ----------------  -----    -----
    1 GenXSecAnalyzer      -w GenXSecAnalyzer:                      16       16
    2 XrdAdaptor           -w file_open                             36       36
    3 fileAction           -s file_close                            36       36
    4 fileAction           -s file_open                             72       72

 type    category    Examples: run/evt        run/evt          run/evt
 ---- -------------------- ---------------- ---------------- ----------------
    1 GenXSecAnalyzer      PostGlobalEndRun PostGlobalEndRun PostGlobalEndRun
    2 XrdAdaptor           pre-events       PostProcessEvent PostProcessEvent
    3 fileAction           PostProcessEvent PostProcessEvent PostGlobalEndRun
    4 fileAction           pre-events       pre-events       PostProcessEvent

Severity    # Occurrences   Total Occurrences
--------    -------------   -----------------
Warning                52                  52
System                108                 108

dropped waiting message count 0
