11-Jan-2024 10:06:06 CET  Initiating request to open file root://cmsxrootd.fnal.gov//store/mc/RunIISummer20UL16MiniAODv2/GGToEE_Pt-35_Inel-El_13TeV-lpair/MINIAODSIM/106X_mcRun2_asymptotic_v17-v1/280000/2E6329E4-4FE1-D14F-BEAC-635A8FD03C50.root
%MSG-w XrdAdaptor:  file_open 11-Jan-2024 10:06:11 CET pre-events
Data is served from T2_US_Florida instead of original site US-Regional-Nebraska
%MSG
11-Jan-2024 10:06:14 CET  Successfully opened file root://cmsxrootd.fnal.gov//store/mc/RunIISummer20UL16MiniAODv2/GGToEE_Pt-35_Inel-El_13TeV-lpair/MINIAODSIM/106X_mcRun2_asymptotic_v17-v1/280000/2E6329E4-4FE1-D14F-BEAC-635A8FD03C50.root
Begin processing the 1st record. Run 1, Event 10, LumiSection 5 on stream 0 at 11-Jan-2024 10:06:20.559 CET
11-Jan-2024 10:06:21 CET  Closed file root://cmsxrootd.fnal.gov//store/mc/RunIISummer20UL16MiniAODv2/GGToEE_Pt-35_Inel-El_13TeV-lpair/MINIAODSIM/106X_mcRun2_asymptotic_v17-v1/280000/2E6329E4-4FE1-D14F-BEAC-635A8FD03C50.root
11-Jan-2024 10:06:21 CET  Initiating request to open file root://cmsxrootd.fnal.gov//store/mc/RunIISummer20UL16MiniAODv2/GGToEE_Pt-35_Inel-El_13TeV-lpair/MINIAODSIM/106X_mcRun2_asymptotic_v17-v1/270000/D46852EB-9BC9-B242-A495-BDD3436774B4.root
Unable to load sec.protocol plugin libXrdSecztn.so
%MSG-w XrdAdaptor:  file_open 11-Jan-2024 10:06:25 CET PostProcessEvent
Data is served from fnal.gov instead of original site US-Regional-Nebraska
%MSG
11-Jan-2024 10:06:25 CET  Successfully opened file root://cmsxrootd.fnal.gov//store/mc/RunIISummer20UL16MiniAODv2/GGToEE_Pt-35_Inel-El_13TeV-lpair/MINIAODSIM/106X_mcRun2_asymptotic_v17-v1/270000/D46852EB-9BC9-B242-A495-BDD3436774B4.root
Unable to load sec.protocol plugin libXrdSecztn.so
Unable to load sec.protocol plugin libXrdSecztn.so
Begin processing the 100001st record. Run 1, Event 18, LumiSection 393 on stream 0 at 11-Jan-2024 10:06:47.064 CET
11-Jan-2024 10:06:48 CET  Closed file root://cmsxrootd.fnal.gov//store/mc/RunIISummer20UL16MiniAODv2/GGToEE_Pt-35_Inel-El_13TeV-lpair/MINIAODSIM/106X_mcRun2_asymptotic_v17-v1/270000/D46852EB-9BC9-B242-A495-BDD3436774B4.root
11-Jan-2024 10:06:48 CET  Initiating request to open file root://cmsxrootd.fnal.gov//store/mc/RunIISummer20UL16MiniAODv2/GGToEE_Pt-35_Inel-El_13TeV-lpair/MINIAODSIM/106X_mcRun2_asymptotic_v17-v1/270000/D0F588D8-7CAF-5749-80AF-57798517FBAC.root
Unable to load sec.protocol plugin libXrdSecztn.so
%MSG-w XrdAdaptor:  file_open 11-Jan-2024 10:06:51 CET PostProcessEvent
Data is served from fnal.gov instead of original site US-Regional-Nebraska
%MSG
11-Jan-2024 10:06:52 CET  Successfully opened file root://cmsxrootd.fnal.gov//store/mc/RunIISummer20UL16MiniAODv2/GGToEE_Pt-35_Inel-El_13TeV-lpair/MINIAODSIM/106X_mcRun2_asymptotic_v17-v1/270000/D0F588D8-7CAF-5749-80AF-57798517FBAC.root
Begin processing the 200001st record. Run 1, Event 18, LumiSection 93 on stream 0 at 11-Jan-2024 10:07:08.270 CET
11-Jan-2024 10:07:08 CET  Closed file root://cmsxrootd.fnal.gov//store/mc/RunIISummer20UL16MiniAODv2/GGToEE_Pt-35_Inel-El_13TeV-lpair/MINIAODSIM/106X_mcRun2_asymptotic_v17-v1/270000/D0F588D8-7CAF-5749-80AF-57798517FBAC.root
11-Jan-2024 10:07:09 CET  Initiating request to open file root://cmsxrootd.fnal.gov//store/mc/RunIISummer20UL16MiniAODv2/GGToEE_Pt-35_Inel-El_13TeV-lpair/MINIAODSIM/106X_mcRun2_asymptotic_v17-v1/270000/A13996C6-9354-D74F-8E99-BD15DDE18889.root
%MSG-w XrdAdaptor:  file_open 11-Jan-2024 10:07:11 CET PostProcessEvent
Data is served from fnal.gov instead of original site US-Regional-Nebraska
%MSG
11-Jan-2024 10:07:11 CET  Successfully opened file root://cmsxrootd.fnal.gov//store/mc/RunIISummer20UL16MiniAODv2/GGToEE_Pt-35_Inel-El_13TeV-lpair/MINIAODSIM/106X_mcRun2_asymptotic_v17-v1/270000/A13996C6-9354-D74F-8E99-BD15DDE18889.root
Begin processing the 300001st record. Run 1, Event 8, LumiSection 233 on stream 0 at 11-Jan-2024 10:07:22.813 CET
11-Jan-2024 10:07:23 CET  Closed file root://cmsxrootd.fnal.gov//store/mc/RunIISummer20UL16MiniAODv2/GGToEE_Pt-35_Inel-El_13TeV-lpair/MINIAODSIM/106X_mcRun2_asymptotic_v17-v1/270000/A13996C6-9354-D74F-8E99-BD15DDE18889.root
11-Jan-2024 10:07:23 CET  Initiating request to open file root://cmsxrootd.fnal.gov//store/mc/RunIISummer20UL16MiniAODv2/GGToEE_Pt-35_Inel-El_13TeV-lpair/MINIAODSIM/106X_mcRun2_asymptotic_v17-v1/270000/11ABDE6E-1BEF-1244-B6D3-19041FBA3902.root
%MSG-w XrdAdaptor:  file_open 11-Jan-2024 10:07:26 CET PostProcessEvent
Data is served from fnal.gov instead of original site US-Regional-Nebraska
%MSG
11-Jan-2024 10:07:26 CET  Successfully opened file root://cmsxrootd.fnal.gov//store/mc/RunIISummer20UL16MiniAODv2/GGToEE_Pt-35_Inel-El_13TeV-lpair/MINIAODSIM/106X_mcRun2_asymptotic_v17-v1/270000/11ABDE6E-1BEF-1244-B6D3-19041FBA3902.root
Begin processing the 400001st record. Run 1, Event 8, LumiSection 417 on stream 0 at 11-Jan-2024 10:07:36.610 CET
11-Jan-2024 10:07:36 CET  Closed file root://cmsxrootd.fnal.gov//store/mc/RunIISummer20UL16MiniAODv2/GGToEE_Pt-35_Inel-El_13TeV-lpair/MINIAODSIM/106X_mcRun2_asymptotic_v17-v1/270000/11ABDE6E-1BEF-1244-B6D3-19041FBA3902.root
11-Jan-2024 10:07:36 CET  Initiating request to open file root://cmsxrootd.fnal.gov//store/mc/RunIISummer20UL16MiniAODv2/GGToEE_Pt-35_Inel-El_13TeV-lpair/MINIAODSIM/106X_mcRun2_asymptotic_v17-v1/270000/63D601D3-126A-A54F-9937-C324377225CC.root
%MSG-w XrdAdaptor:  file_open 11-Jan-2024 10:07:39 CET PostProcessEvent
Data is served from fnal.gov instead of original site US-Regional-Nebraska
%MSG
11-Jan-2024 10:07:40 CET  Successfully opened file root://cmsxrootd.fnal.gov//store/mc/RunIISummer20UL16MiniAODv2/GGToEE_Pt-35_Inel-El_13TeV-lpair/MINIAODSIM/106X_mcRun2_asymptotic_v17-v1/270000/63D601D3-126A-A54F-9937-C324377225CC.root
11-Jan-2024 10:07:51 CET  Closed file root://cmsxrootd.fnal.gov//store/mc/RunIISummer20UL16MiniAODv2/GGToEE_Pt-35_Inel-El_13TeV-lpair/MINIAODSIM/106X_mcRun2_asymptotic_v17-v1/270000/63D601D3-126A-A54F-9937-C324377225CC.root

------------------------------------
GenXsecAnalyzer:
------------------------------------
-------------------------------------------------------------------------------------------------------------------------------------------------------------------------- 
Overall cross-section summary 
--------------------------------------------------------------------------------------------------------------------------------------------------------------------------
Process		xsec_before [pb]		passed	nposw	nnegw	tried	nposw	nnegw 	xsec_match [pb]			accepted [%]	 event_eff [%]
0		6.375e-02 +/- 1.568e-04		500000	500000	0	500000	500000	0	6.375e-02 +/- 1.568e-04		100.0 +/- 0.0	100.0 +/- 0.0
-------------------------------------------------------------------------------------------------------------------------------------------------------------------------- 
Total		6.375e-02 +/- 1.568e-04		500000	500000	0	500000	500000	0	6.375e-02 +/- 1.568e-04		100.0 +/- 0.0	100.0 +/- 0.0
--------------------------------------------------------------------------------------------------------------------------------------------------------------------------
Before matching: total cross section = 6.375e-02 +- 1.568e-04 pb
After matching: total cross section = 6.375e-02 +- 1.568e-04 pb
Matching efficiency = 1.0 +/- 0.0   [TO BE USED IN MCM]
Filter efficiency (taking into account weights)= (500000) / (500000) = 1.000e+00 +- 0.000e+00
Filter efficiency (event-level)= (500000) / (500000) = 1.000e+00 +- 0.000e+00    [TO BE USED IN MCM]

After filter: final cross section = 6.375e-02 +- 1.568e-04 pb
After filter: final fraction of events with negative weights = 0.000e+00 +- 0.000e+00
After filter: final equivalent lumi for 1M events (1/fb) = 1.569e+04 +- 4.165e+01

=============================================

MessageLogger Summary

 type     category        sev    module        subroutine        count    total
 ---- -------------------- -- ---------------- ----------------  -----    -----
    1 GenXSecAnalyzer      -w GenXSecAnalyzer:                      15       15
    2 XrdAdaptor           -w file_open                              6        6
    3 fileAction           -s file_close                             6        6
    4 fileAction           -s file_open                             12       12

 type    category    Examples: run/evt        run/evt          run/evt
 ---- -------------------- ---------------- ---------------- ----------------
    1 GenXSecAnalyzer      PostGlobalEndRun PostGlobalEndRun PostGlobalEndRun
    2 XrdAdaptor           pre-events       PostProcessEvent PostProcessEvent
    3 fileAction           PostProcessEvent PostProcessEvent PostGlobalEndRun
    4 fileAction           pre-events       pre-events       PostProcessEvent

Severity    # Occurrences   Total Occurrences
--------    -------------   -----------------
Warning                21                  21
System                 18                  18

dropped waiting message count 0
