10-Jan-2024 23:27:33 CET  Initiating request to open file root://cmsxrootd.fnal.gov//store/mc/RunIISummer20UL16MiniAODv2/EWKWplus2Jets_WToQQ_TuneCP5_13TeV-madgraph-pythia8/MINIAODSIM/106X_mcRun2_asymptotic_v17-v1/2820000/C5226507-3C2F-F942-8C34-901A60336C37.root
Unable to load sec.protocol plugin libXrdSecztn.so
%MSG-w XrdAdaptor:  file_open 10-Jan-2024 23:27:40 CET pre-events
Data is served from fnal.gov instead of original site US-Regional-Nebraska
%MSG
10-Jan-2024 23:27:44 CET  Successfully opened file root://cmsxrootd.fnal.gov//store/mc/RunIISummer20UL16MiniAODv2/EWKWplus2Jets_WToQQ_TuneCP5_13TeV-madgraph-pythia8/MINIAODSIM/106X_mcRun2_asymptotic_v17-v1/2820000/C5226507-3C2F-F942-8C34-901A60336C37.root
Unable to load sec.protocol plugin libXrdSecztn.so
Unable to load sec.protocol plugin libXrdSecztn.so
Begin processing the 1st record. Run 1, Event 2309007, LumiSection 2310 on stream 0 at 10-Jan-2024 23:28:18.087 CET
10-Jan-2024 23:28:25 CET  Closed file root://cmsxrootd.fnal.gov//store/mc/RunIISummer20UL16MiniAODv2/EWKWplus2Jets_WToQQ_TuneCP5_13TeV-madgraph-pythia8/MINIAODSIM/106X_mcRun2_asymptotic_v17-v1/2820000/C5226507-3C2F-F942-8C34-901A60336C37.root
10-Jan-2024 23:28:25 CET  Initiating request to open file root://cmsxrootd.fnal.gov//store/mc/RunIISummer20UL16MiniAODv2/EWKWplus2Jets_WToQQ_TuneCP5_13TeV-madgraph-pythia8/MINIAODSIM/106X_mcRun2_asymptotic_v17-v1/2820000/8C46C86B-0771-6547-81CB-1A73B99976EC.root
%MSG-w XrdAdaptor:  file_open 10-Jan-2024 23:28:28 CET PostProcessEvent
Data is served from fnal.gov instead of original site US-Regional-Nebraska
%MSG
10-Jan-2024 23:28:28 CET  Successfully opened file root://cmsxrootd.fnal.gov//store/mc/RunIISummer20UL16MiniAODv2/EWKWplus2Jets_WToQQ_TuneCP5_13TeV-madgraph-pythia8/MINIAODSIM/106X_mcRun2_asymptotic_v17-v1/2820000/8C46C86B-0771-6547-81CB-1A73B99976EC.root
Unable to load sec.protocol plugin libXrdSecztn.so
10-Jan-2024 23:29:13 CET  Closed file root://cmsxrootd.fnal.gov//store/mc/RunIISummer20UL16MiniAODv2/EWKWplus2Jets_WToQQ_TuneCP5_13TeV-madgraph-pythia8/MINIAODSIM/106X_mcRun2_asymptotic_v17-v1/2820000/8C46C86B-0771-6547-81CB-1A73B99976EC.root
10-Jan-2024 23:29:13 CET  Initiating request to open file root://cmsxrootd.fnal.gov//store/mc/RunIISummer20UL16MiniAODv2/EWKWplus2Jets_WToQQ_TuneCP5_13TeV-madgraph-pythia8/MINIAODSIM/106X_mcRun2_asymptotic_v17-v1/2820000/95755F88-0EFD-A547-844B-1350E7E17887.root
%MSG-w XrdAdaptor:  file_open 10-Jan-2024 23:29:15 CET PostProcessEvent
Data is served from fnal.gov instead of original site US-Regional-Nebraska
%MSG
10-Jan-2024 23:29:16 CET  Successfully opened file root://cmsxrootd.fnal.gov//store/mc/RunIISummer20UL16MiniAODv2/EWKWplus2Jets_WToQQ_TuneCP5_13TeV-madgraph-pythia8/MINIAODSIM/106X_mcRun2_asymptotic_v17-v1/2820000/95755F88-0EFD-A547-844B-1350E7E17887.root
Begin processing the 100001st record. Run 1, Event 2247008, LumiSection 2248 on stream 0 at 10-Jan-2024 23:30:12.962 CET
10-Jan-2024 23:30:14 CET  Closed file root://cmsxrootd.fnal.gov//store/mc/RunIISummer20UL16MiniAODv2/EWKWplus2Jets_WToQQ_TuneCP5_13TeV-madgraph-pythia8/MINIAODSIM/106X_mcRun2_asymptotic_v17-v1/2820000/95755F88-0EFD-A547-844B-1350E7E17887.root
10-Jan-2024 23:30:14 CET  Initiating request to open file root://cmsxrootd.fnal.gov//store/mc/RunIISummer20UL16MiniAODv2/EWKWplus2Jets_WToQQ_TuneCP5_13TeV-madgraph-pythia8/MINIAODSIM/106X_mcRun2_asymptotic_v17-v1/2820000/2AE7477E-126C-834D-BD54-240A313E2B77.root
%MSG-w XrdAdaptor:  file_open 10-Jan-2024 23:30:16 CET PostProcessEvent
Data is served from fnal.gov instead of original site US-Regional-Nebraska
%MSG
10-Jan-2024 23:30:17 CET  Successfully opened file root://cmsxrootd.fnal.gov//store/mc/RunIISummer20UL16MiniAODv2/EWKWplus2Jets_WToQQ_TuneCP5_13TeV-madgraph-pythia8/MINIAODSIM/106X_mcRun2_asymptotic_v17-v1/2820000/2AE7477E-126C-834D-BD54-240A313E2B77.root
10-Jan-2024 23:31:10 CET  Closed file root://cmsxrootd.fnal.gov//store/mc/RunIISummer20UL16MiniAODv2/EWKWplus2Jets_WToQQ_TuneCP5_13TeV-madgraph-pythia8/MINIAODSIM/106X_mcRun2_asymptotic_v17-v1/2820000/2AE7477E-126C-834D-BD54-240A313E2B77.root
10-Jan-2024 23:31:10 CET  Initiating request to open file root://cmsxrootd.fnal.gov//store/mc/RunIISummer20UL16MiniAODv2/EWKWplus2Jets_WToQQ_TuneCP5_13TeV-madgraph-pythia8/MINIAODSIM/106X_mcRun2_asymptotic_v17-v1/2820000/8B643986-4BF0-6149-8F95-AD332D0AA751.root
%MSG-w XrdAdaptor:  file_open 10-Jan-2024 23:31:12 CET PostProcessEvent
Data is served from fnal.gov instead of original site US-Regional-Nebraska
%MSG
10-Jan-2024 23:31:13 CET  Successfully opened file root://cmsxrootd.fnal.gov//store/mc/RunIISummer20UL16MiniAODv2/EWKWplus2Jets_WToQQ_TuneCP5_13TeV-madgraph-pythia8/MINIAODSIM/106X_mcRun2_asymptotic_v17-v1/2820000/8B643986-4BF0-6149-8F95-AD332D0AA751.root
Begin processing the 200001st record. Run 1, Event 4203004, LumiSection 4204 on stream 0 at 10-Jan-2024 23:32:20.255 CET
10-Jan-2024 23:32:21 CET  Closed file root://cmsxrootd.fnal.gov//store/mc/RunIISummer20UL16MiniAODv2/EWKWplus2Jets_WToQQ_TuneCP5_13TeV-madgraph-pythia8/MINIAODSIM/106X_mcRun2_asymptotic_v17-v1/2820000/8B643986-4BF0-6149-8F95-AD332D0AA751.root
10-Jan-2024 23:32:21 CET  Initiating request to open file root://cmsxrootd.fnal.gov//store/mc/RunIISummer20UL16MiniAODv2/EWKWplus2Jets_WToQQ_TuneCP5_13TeV-madgraph-pythia8/MINIAODSIM/106X_mcRun2_asymptotic_v17-v1/2820000/F992BD83-3642-9B42-ABC5-360E155C05F8.root
%MSG-w XrdAdaptor:  file_open 10-Jan-2024 23:32:23 CET PostProcessEvent
Data is served from fnal.gov instead of original site US-Regional-Nebraska
%MSG
10-Jan-2024 23:32:24 CET  Successfully opened file root://cmsxrootd.fnal.gov//store/mc/RunIISummer20UL16MiniAODv2/EWKWplus2Jets_WToQQ_TuneCP5_13TeV-madgraph-pythia8/MINIAODSIM/106X_mcRun2_asymptotic_v17-v1/2820000/F992BD83-3642-9B42-ABC5-360E155C05F8.root
10-Jan-2024 23:33:07 CET  Closed file root://cmsxrootd.fnal.gov//store/mc/RunIISummer20UL16MiniAODv2/EWKWplus2Jets_WToQQ_TuneCP5_13TeV-madgraph-pythia8/MINIAODSIM/106X_mcRun2_asymptotic_v17-v1/2820000/F992BD83-3642-9B42-ABC5-360E155C05F8.root
10-Jan-2024 23:33:07 CET  Initiating request to open file root://cmsxrootd.fnal.gov//store/mc/RunIISummer20UL16MiniAODv2/EWKWplus2Jets_WToQQ_TuneCP5_13TeV-madgraph-pythia8/MINIAODSIM/106X_mcRun2_asymptotic_v17-v1/2820000/278CC28F-C9CB-884C-95E7-0585E90ECD34.root
%MSG-w XrdAdaptor:  file_open 10-Jan-2024 23:33:09 CET PostProcessEvent
Data is served from fnal.gov instead of original site US-Regional-Nebraska
%MSG
10-Jan-2024 23:33:10 CET  Successfully opened file root://cmsxrootd.fnal.gov//store/mc/RunIISummer20UL16MiniAODv2/EWKWplus2Jets_WToQQ_TuneCP5_13TeV-madgraph-pythia8/MINIAODSIM/106X_mcRun2_asymptotic_v17-v1/2820000/278CC28F-C9CB-884C-95E7-0585E90ECD34.root
Begin processing the 300001st record. Run 1, Event 1586001, LumiSection 1587 on stream 0 at 10-Jan-2024 23:33:58.972 CET
10-Jan-2024 23:34:00 CET  Closed file root://cmsxrootd.fnal.gov//store/mc/RunIISummer20UL16MiniAODv2/EWKWplus2Jets_WToQQ_TuneCP5_13TeV-madgraph-pythia8/MINIAODSIM/106X_mcRun2_asymptotic_v17-v1/2820000/278CC28F-C9CB-884C-95E7-0585E90ECD34.root
10-Jan-2024 23:34:00 CET  Initiating request to open file root://cmsxrootd.fnal.gov//store/mc/RunIISummer20UL16MiniAODv2/EWKWplus2Jets_WToQQ_TuneCP5_13TeV-madgraph-pythia8/MINIAODSIM/106X_mcRun2_asymptotic_v17-v1/2820000/598CD510-B1A8-4842-A794-FDC81D496C62.root
%MSG-w XrdAdaptor:  file_open 10-Jan-2024 23:34:02 CET PostProcessEvent
Data is served from fnal.gov instead of original site US-Regional-Nebraska
%MSG
10-Jan-2024 23:34:03 CET  Successfully opened file root://cmsxrootd.fnal.gov//store/mc/RunIISummer20UL16MiniAODv2/EWKWplus2Jets_WToQQ_TuneCP5_13TeV-madgraph-pythia8/MINIAODSIM/106X_mcRun2_asymptotic_v17-v1/2820000/598CD510-B1A8-4842-A794-FDC81D496C62.root
10-Jan-2024 23:34:54 CET  Closed file root://cmsxrootd.fnal.gov//store/mc/RunIISummer20UL16MiniAODv2/EWKWplus2Jets_WToQQ_TuneCP5_13TeV-madgraph-pythia8/MINIAODSIM/106X_mcRun2_asymptotic_v17-v1/2820000/598CD510-B1A8-4842-A794-FDC81D496C62.root
10-Jan-2024 23:34:54 CET  Initiating request to open file root://cmsxrootd.fnal.gov//store/mc/RunIISummer20UL16MiniAODv2/EWKWplus2Jets_WToQQ_TuneCP5_13TeV-madgraph-pythia8/MINIAODSIM/106X_mcRun2_asymptotic_v17-v1/2820000/1CEBE921-1EE5-D54F-B4F6-CF3B0C63D2AF.root
%MSG-w XrdAdaptor:  file_open 10-Jan-2024 23:34:56 CET PostProcessEvent
Data is served from fnal.gov instead of original site US-Regional-Nebraska
%MSG
10-Jan-2024 23:34:57 CET  Successfully opened file root://cmsxrootd.fnal.gov//store/mc/RunIISummer20UL16MiniAODv2/EWKWplus2Jets_WToQQ_TuneCP5_13TeV-madgraph-pythia8/MINIAODSIM/106X_mcRun2_asymptotic_v17-v1/2820000/1CEBE921-1EE5-D54F-B4F6-CF3B0C63D2AF.root
Begin processing the 400001st record. Run 1, Event 3712004, LumiSection 3713 on stream 0 at 10-Jan-2024 23:35:52.340 CET
10-Jan-2024 23:35:53 CET  Closed file root://cmsxrootd.fnal.gov//store/mc/RunIISummer20UL16MiniAODv2/EWKWplus2Jets_WToQQ_TuneCP5_13TeV-madgraph-pythia8/MINIAODSIM/106X_mcRun2_asymptotic_v17-v1/2820000/1CEBE921-1EE5-D54F-B4F6-CF3B0C63D2AF.root
10-Jan-2024 23:35:53 CET  Initiating request to open file root://cmsxrootd.fnal.gov//store/mc/RunIISummer20UL16MiniAODv2/EWKWplus2Jets_WToQQ_TuneCP5_13TeV-madgraph-pythia8/MINIAODSIM/106X_mcRun2_asymptotic_v17-v1/2820000/8EAF5C1D-F227-0445-B81C-C67D746EA595.root
%MSG-w XrdAdaptor:  file_open 10-Jan-2024 23:35:55 CET PostProcessEvent
Data is served from fnal.gov instead of original site US-Regional-Nebraska
%MSG
10-Jan-2024 23:35:56 CET  Successfully opened file root://cmsxrootd.fnal.gov//store/mc/RunIISummer20UL16MiniAODv2/EWKWplus2Jets_WToQQ_TuneCP5_13TeV-madgraph-pythia8/MINIAODSIM/106X_mcRun2_asymptotic_v17-v1/2820000/8EAF5C1D-F227-0445-B81C-C67D746EA595.root
10-Jan-2024 23:36:39 CET  Closed file root://cmsxrootd.fnal.gov//store/mc/RunIISummer20UL16MiniAODv2/EWKWplus2Jets_WToQQ_TuneCP5_13TeV-madgraph-pythia8/MINIAODSIM/106X_mcRun2_asymptotic_v17-v1/2820000/8EAF5C1D-F227-0445-B81C-C67D746EA595.root
10-Jan-2024 23:36:39 CET  Initiating request to open file root://cmsxrootd.fnal.gov//store/mc/RunIISummer20UL16MiniAODv2/EWKWplus2Jets_WToQQ_TuneCP5_13TeV-madgraph-pythia8/MINIAODSIM/106X_mcRun2_asymptotic_v17-v1/2820000/C0384FE6-D292-E245-A1B2-82A14D30F63E.root
%MSG-w XrdAdaptor:  file_open 10-Jan-2024 23:36:41 CET PostProcessEvent
Data is served from fnal.gov instead of original site US-Regional-Nebraska
%MSG
10-Jan-2024 23:36:42 CET  Successfully opened file root://cmsxrootd.fnal.gov//store/mc/RunIISummer20UL16MiniAODv2/EWKWplus2Jets_WToQQ_TuneCP5_13TeV-madgraph-pythia8/MINIAODSIM/106X_mcRun2_asymptotic_v17-v1/2820000/C0384FE6-D292-E245-A1B2-82A14D30F63E.root
10-Jan-2024 23:37:37 CET  Closed file root://cmsxrootd.fnal.gov//store/mc/RunIISummer20UL16MiniAODv2/EWKWplus2Jets_WToQQ_TuneCP5_13TeV-madgraph-pythia8/MINIAODSIM/106X_mcRun2_asymptotic_v17-v1/2820000/C0384FE6-D292-E245-A1B2-82A14D30F63E.root
10-Jan-2024 23:37:37 CET  Initiating request to open file root://cmsxrootd.fnal.gov//store/mc/RunIISummer20UL16MiniAODv2/EWKWplus2Jets_WToQQ_TuneCP5_13TeV-madgraph-pythia8/MINIAODSIM/106X_mcRun2_asymptotic_v17-v1/2820000/720FF980-1118-B04F-BBDC-2A6D82B63EDA.root
%MSG-w XrdAdaptor:  file_open 10-Jan-2024 23:37:39 CET PostProcessEvent
Data is served from fnal.gov instead of original site US-Regional-Nebraska
%MSG
10-Jan-2024 23:37:39 CET  Successfully opened file root://cmsxrootd.fnal.gov//store/mc/RunIISummer20UL16MiniAODv2/EWKWplus2Jets_WToQQ_TuneCP5_13TeV-madgraph-pythia8/MINIAODSIM/106X_mcRun2_asymptotic_v17-v1/2820000/720FF980-1118-B04F-BBDC-2A6D82B63EDA.root
Begin processing the 500001st record. Run 1, Event 1653008, LumiSection 1654 on stream 0 at 10-Jan-2024 23:38:34.248 CET
10-Jan-2024 23:38:35 CET  Closed file root://cmsxrootd.fnal.gov//store/mc/RunIISummer20UL16MiniAODv2/EWKWplus2Jets_WToQQ_TuneCP5_13TeV-madgraph-pythia8/MINIAODSIM/106X_mcRun2_asymptotic_v17-v1/2820000/720FF980-1118-B04F-BBDC-2A6D82B63EDA.root
10-Jan-2024 23:38:35 CET  Initiating request to open file root://cmsxrootd.fnal.gov//store/mc/RunIISummer20UL16MiniAODv2/EWKWplus2Jets_WToQQ_TuneCP5_13TeV-madgraph-pythia8/MINIAODSIM/106X_mcRun2_asymptotic_v17-v1/2820000/01CC45D6-59B9-A145-8833-AC72EF421EA7.root
%MSG-w XrdAdaptor:  file_open 10-Jan-2024 23:38:37 CET PostProcessEvent
Data is served from fnal.gov instead of original site US-Regional-Nebraska
%MSG
10-Jan-2024 23:38:38 CET  Successfully opened file root://cmsxrootd.fnal.gov//store/mc/RunIISummer20UL16MiniAODv2/EWKWplus2Jets_WToQQ_TuneCP5_13TeV-madgraph-pythia8/MINIAODSIM/106X_mcRun2_asymptotic_v17-v1/2820000/01CC45D6-59B9-A145-8833-AC72EF421EA7.root
10-Jan-2024 23:39:19 CET  Closed file root://cmsxrootd.fnal.gov//store/mc/RunIISummer20UL16MiniAODv2/EWKWplus2Jets_WToQQ_TuneCP5_13TeV-madgraph-pythia8/MINIAODSIM/106X_mcRun2_asymptotic_v17-v1/2820000/01CC45D6-59B9-A145-8833-AC72EF421EA7.root
10-Jan-2024 23:39:19 CET  Initiating request to open file root://cmsxrootd.fnal.gov//store/mc/RunIISummer20UL16MiniAODv2/EWKWplus2Jets_WToQQ_TuneCP5_13TeV-madgraph-pythia8/MINIAODSIM/106X_mcRun2_asymptotic_v17-v1/2820000/99887465-6EF0-7248-AF77-26313098A821.root
%MSG-w XrdAdaptor:  file_open 10-Jan-2024 23:39:21 CET PostProcessEvent
Data is served from fnal.gov instead of original site US-Regional-Nebraska
%MSG
10-Jan-2024 23:39:21 CET  Successfully opened file root://cmsxrootd.fnal.gov//store/mc/RunIISummer20UL16MiniAODv2/EWKWplus2Jets_WToQQ_TuneCP5_13TeV-madgraph-pythia8/MINIAODSIM/106X_mcRun2_asymptotic_v17-v1/2820000/99887465-6EF0-7248-AF77-26313098A821.root
Begin processing the 600001st record. Run 1, Event 2674002, LumiSection 2675 on stream 0 at 10-Jan-2024 23:40:09.083 CET
10-Jan-2024 23:40:10 CET  Closed file root://cmsxrootd.fnal.gov//store/mc/RunIISummer20UL16MiniAODv2/EWKWplus2Jets_WToQQ_TuneCP5_13TeV-madgraph-pythia8/MINIAODSIM/106X_mcRun2_asymptotic_v17-v1/2820000/99887465-6EF0-7248-AF77-26313098A821.root
10-Jan-2024 23:40:10 CET  Initiating request to open file root://cmsxrootd.fnal.gov//store/mc/RunIISummer20UL16MiniAODv2/EWKWplus2Jets_WToQQ_TuneCP5_13TeV-madgraph-pythia8/MINIAODSIM/106X_mcRun2_asymptotic_v17-v1/2820000/8039D84F-3EBD-B84E-AE43-2E5982151D94.root
%MSG-w XrdAdaptor:  file_open 10-Jan-2024 23:40:12 CET PostProcessEvent
Data is served from fnal.gov instead of original site US-Regional-Nebraska
%MSG
10-Jan-2024 23:40:13 CET  Successfully opened file root://cmsxrootd.fnal.gov//store/mc/RunIISummer20UL16MiniAODv2/EWKWplus2Jets_WToQQ_TuneCP5_13TeV-madgraph-pythia8/MINIAODSIM/106X_mcRun2_asymptotic_v17-v1/2820000/8039D84F-3EBD-B84E-AE43-2E5982151D94.root
10-Jan-2024 23:40:53 CET  Closed file root://cmsxrootd.fnal.gov//store/mc/RunIISummer20UL16MiniAODv2/EWKWplus2Jets_WToQQ_TuneCP5_13TeV-madgraph-pythia8/MINIAODSIM/106X_mcRun2_asymptotic_v17-v1/2820000/8039D84F-3EBD-B84E-AE43-2E5982151D94.root
10-Jan-2024 23:40:53 CET  Initiating request to open file root://cmsxrootd.fnal.gov//store/mc/RunIISummer20UL16MiniAODv2/EWKWplus2Jets_WToQQ_TuneCP5_13TeV-madgraph-pythia8/MINIAODSIM/106X_mcRun2_asymptotic_v17-v1/2820000/D440EBA5-8F8D-4F49-B422-7D380A8A45C2.root
%MSG-w XrdAdaptor:  file_open 10-Jan-2024 23:40:55 CET PostProcessEvent
Data is served from fnal.gov instead of original site US-Regional-Nebraska
%MSG
10-Jan-2024 23:40:56 CET  Successfully opened file root://cmsxrootd.fnal.gov//store/mc/RunIISummer20UL16MiniAODv2/EWKWplus2Jets_WToQQ_TuneCP5_13TeV-madgraph-pythia8/MINIAODSIM/106X_mcRun2_asymptotic_v17-v1/2820000/D440EBA5-8F8D-4F49-B422-7D380A8A45C2.root
Begin processing the 700001st record. Run 1, Event 3083010, LumiSection 3084 on stream 0 at 10-Jan-2024 23:41:08.325 CET
10-Jan-2024 23:41:09 CET  Closed file root://cmsxrootd.fnal.gov//store/mc/RunIISummer20UL16MiniAODv2/EWKWplus2Jets_WToQQ_TuneCP5_13TeV-madgraph-pythia8/MINIAODSIM/106X_mcRun2_asymptotic_v17-v1/2820000/D440EBA5-8F8D-4F49-B422-7D380A8A45C2.root
10-Jan-2024 23:41:09 CET  Initiating request to open file root://cmsxrootd.fnal.gov//store/mc/RunIISummer20UL16MiniAODv2/EWKWplus2Jets_WToQQ_TuneCP5_13TeV-madgraph-pythia8/MINIAODSIM/106X_mcRun2_asymptotic_v17-v1/2820000/DA0A99F6-F946-254B-B644-41A05B8EBE1E.root
%MSG-w XrdAdaptor:  file_open 10-Jan-2024 23:41:12 CET PostProcessEvent
Data is served from fnal.gov instead of original site US-Regional-Nebraska
%MSG
10-Jan-2024 23:41:12 CET  Successfully opened file root://cmsxrootd.fnal.gov//store/mc/RunIISummer20UL16MiniAODv2/EWKWplus2Jets_WToQQ_TuneCP5_13TeV-madgraph-pythia8/MINIAODSIM/106X_mcRun2_asymptotic_v17-v1/2820000/DA0A99F6-F946-254B-B644-41A05B8EBE1E.root
10-Jan-2024 23:41:45 CET  Closed file root://cmsxrootd.fnal.gov//store/mc/RunIISummer20UL16MiniAODv2/EWKWplus2Jets_WToQQ_TuneCP5_13TeV-madgraph-pythia8/MINIAODSIM/106X_mcRun2_asymptotic_v17-v1/2820000/DA0A99F6-F946-254B-B644-41A05B8EBE1E.root
10-Jan-2024 23:41:45 CET  Initiating request to open file root://cmsxrootd.fnal.gov//store/mc/RunIISummer20UL16MiniAODv2/EWKWplus2Jets_WToQQ_TuneCP5_13TeV-madgraph-pythia8/MINIAODSIM/106X_mcRun2_asymptotic_v17-v1/2820000/14D7231D-10DA-7242-8C6D-95AB88C9411B.root
%MSG-w XrdAdaptor:  file_open 10-Jan-2024 23:41:47 CET PostProcessEvent
Data is served from fnal.gov instead of original site US-Regional-Nebraska
%MSG
10-Jan-2024 23:41:48 CET  Successfully opened file root://cmsxrootd.fnal.gov//store/mc/RunIISummer20UL16MiniAODv2/EWKWplus2Jets_WToQQ_TuneCP5_13TeV-madgraph-pythia8/MINIAODSIM/106X_mcRun2_asymptotic_v17-v1/2820000/14D7231D-10DA-7242-8C6D-95AB88C9411B.root
Begin processing the 800001st record. Run 1, Event 3874014, LumiSection 3875 on stream 0 at 10-Jan-2024 23:42:10.657 CET
10-Jan-2024 23:42:11 CET  Closed file root://cmsxrootd.fnal.gov//store/mc/RunIISummer20UL16MiniAODv2/EWKWplus2Jets_WToQQ_TuneCP5_13TeV-madgraph-pythia8/MINIAODSIM/106X_mcRun2_asymptotic_v17-v1/2820000/14D7231D-10DA-7242-8C6D-95AB88C9411B.root
10-Jan-2024 23:42:11 CET  Initiating request to open file root://cmsxrootd.fnal.gov//store/mc/RunIISummer20UL16MiniAODv2/EWKWplus2Jets_WToQQ_TuneCP5_13TeV-madgraph-pythia8/MINIAODSIM/106X_mcRun2_asymptotic_v17-v1/2820000/B211E082-51E6-D64F-9A59-CECEC51440A3.root
%MSG-w XrdAdaptor:  file_open 10-Jan-2024 23:42:14 CET PostProcessEvent
Data is served from fnal.gov instead of original site US-Regional-Nebraska
%MSG
10-Jan-2024 23:42:14 CET  Successfully opened file root://cmsxrootd.fnal.gov//store/mc/RunIISummer20UL16MiniAODv2/EWKWplus2Jets_WToQQ_TuneCP5_13TeV-madgraph-pythia8/MINIAODSIM/106X_mcRun2_asymptotic_v17-v1/2820000/B211E082-51E6-D64F-9A59-CECEC51440A3.root
10-Jan-2024 23:42:30 CET  Closed file root://cmsxrootd.fnal.gov//store/mc/RunIISummer20UL16MiniAODv2/EWKWplus2Jets_WToQQ_TuneCP5_13TeV-madgraph-pythia8/MINIAODSIM/106X_mcRun2_asymptotic_v17-v1/2820000/B211E082-51E6-D64F-9A59-CECEC51440A3.root
10-Jan-2024 23:42:30 CET  Initiating request to open file root://cmsxrootd.fnal.gov//store/mc/RunIISummer20UL16MiniAODv2/EWKWplus2Jets_WToQQ_TuneCP5_13TeV-madgraph-pythia8/MINIAODSIM/106X_mcRun2_asymptotic_v17-v1/2820000/7FA96FA3-04EA-BA40-80F7-386242878A1C.root
%MSG-w XrdAdaptor:  file_open 10-Jan-2024 23:42:32 CET PostProcessEvent
Data is served from fnal.gov instead of original site US-Regional-Nebraska
%MSG
10-Jan-2024 23:42:33 CET  Successfully opened file root://cmsxrootd.fnal.gov//store/mc/RunIISummer20UL16MiniAODv2/EWKWplus2Jets_WToQQ_TuneCP5_13TeV-madgraph-pythia8/MINIAODSIM/106X_mcRun2_asymptotic_v17-v1/2820000/7FA96FA3-04EA-BA40-80F7-386242878A1C.root
Begin processing the 900001st record. Run 1, Event 2046010, LumiSection 2047 on stream 0 at 10-Jan-2024 23:42:58.642 CET
10-Jan-2024 23:42:59 CET  Closed file root://cmsxrootd.fnal.gov//store/mc/RunIISummer20UL16MiniAODv2/EWKWplus2Jets_WToQQ_TuneCP5_13TeV-madgraph-pythia8/MINIAODSIM/106X_mcRun2_asymptotic_v17-v1/2820000/7FA96FA3-04EA-BA40-80F7-386242878A1C.root
10-Jan-2024 23:42:59 CET  Initiating request to open file root://cmsxrootd.fnal.gov//store/mc/RunIISummer20UL16MiniAODv2/EWKWplus2Jets_WToQQ_TuneCP5_13TeV-madgraph-pythia8/MINIAODSIM/106X_mcRun2_asymptotic_v17-v1/2820000/C906740A-EFB1-374C-B543-7BB5D29C2EF4.root
%MSG-w XrdAdaptor:  file_open 10-Jan-2024 23:43:01 CET PostProcessEvent
Data is served from fnal.gov instead of original site US-Regional-Nebraska
%MSG
10-Jan-2024 23:43:02 CET  Successfully opened file root://cmsxrootd.fnal.gov//store/mc/RunIISummer20UL16MiniAODv2/EWKWplus2Jets_WToQQ_TuneCP5_13TeV-madgraph-pythia8/MINIAODSIM/106X_mcRun2_asymptotic_v17-v1/2820000/C906740A-EFB1-374C-B543-7BB5D29C2EF4.root
10-Jan-2024 23:43:21 CET  Closed file root://cmsxrootd.fnal.gov//store/mc/RunIISummer20UL16MiniAODv2/EWKWplus2Jets_WToQQ_TuneCP5_13TeV-madgraph-pythia8/MINIAODSIM/106X_mcRun2_asymptotic_v17-v1/2820000/C906740A-EFB1-374C-B543-7BB5D29C2EF4.root
10-Jan-2024 23:43:21 CET  Initiating request to open file root://cmsxrootd.fnal.gov//store/mc/RunIISummer20UL16MiniAODv2/EWKWplus2Jets_WToQQ_TuneCP5_13TeV-madgraph-pythia8/MINIAODSIM/106X_mcRun2_asymptotic_v17-v1/2820000/C3FC131C-9E35-A149-A47E-BE02E084E7E8.root
%MSG-w XrdAdaptor:  file_open 10-Jan-2024 23:43:23 CET PostProcessEvent
Data is served from fnal.gov instead of original site US-Regional-Nebraska
%MSG
10-Jan-2024 23:43:24 CET  Successfully opened file root://cmsxrootd.fnal.gov//store/mc/RunIISummer20UL16MiniAODv2/EWKWplus2Jets_WToQQ_TuneCP5_13TeV-madgraph-pythia8/MINIAODSIM/106X_mcRun2_asymptotic_v17-v1/2820000/C3FC131C-9E35-A149-A47E-BE02E084E7E8.root
Begin processing the 1000001st record. Run 1, Event 3468004, LumiSection 3469 on stream 0 at 10-Jan-2024 23:43:40.560 CET
10-Jan-2024 23:43:41 CET  Closed file root://cmsxrootd.fnal.gov//store/mc/RunIISummer20UL16MiniAODv2/EWKWplus2Jets_WToQQ_TuneCP5_13TeV-madgraph-pythia8/MINIAODSIM/106X_mcRun2_asymptotic_v17-v1/2820000/C3FC131C-9E35-A149-A47E-BE02E084E7E8.root
10-Jan-2024 23:43:41 CET  Initiating request to open file root://cmsxrootd.fnal.gov//store/mc/RunIISummer20UL16MiniAODv2/EWKWplus2Jets_WToQQ_TuneCP5_13TeV-madgraph-pythia8/MINIAODSIM/106X_mcRun2_asymptotic_v17-v1/2820000/65963CD4-9F76-0A4D-A784-819C6D8EC8FB.root
%MSG-w XrdAdaptor:  file_open 10-Jan-2024 23:43:43 CET PostProcessEvent
Data is served from fnal.gov instead of original site US-Regional-Nebraska
%MSG
10-Jan-2024 23:43:44 CET  Successfully opened file root://cmsxrootd.fnal.gov//store/mc/RunIISummer20UL16MiniAODv2/EWKWplus2Jets_WToQQ_TuneCP5_13TeV-madgraph-pythia8/MINIAODSIM/106X_mcRun2_asymptotic_v17-v1/2820000/65963CD4-9F76-0A4D-A784-819C6D8EC8FB.root
10-Jan-2024 23:44:16 CET  Closed file root://cmsxrootd.fnal.gov//store/mc/RunIISummer20UL16MiniAODv2/EWKWplus2Jets_WToQQ_TuneCP5_13TeV-madgraph-pythia8/MINIAODSIM/106X_mcRun2_asymptotic_v17-v1/2820000/65963CD4-9F76-0A4D-A784-819C6D8EC8FB.root
10-Jan-2024 23:44:16 CET  Initiating request to open file root://cmsxrootd.fnal.gov//store/mc/RunIISummer20UL16MiniAODv2/EWKWplus2Jets_WToQQ_TuneCP5_13TeV-madgraph-pythia8/MINIAODSIM/106X_mcRun2_asymptotic_v17-v1/2820000/75B0EE6C-FE88-7142-8728-C8DA714F7E19.root
%MSG-w XrdAdaptor:  file_open 10-Jan-2024 23:44:18 CET PostProcessEvent
Data is served from fnal.gov instead of original site US-Regional-Nebraska
%MSG
10-Jan-2024 23:44:19 CET  Successfully opened file root://cmsxrootd.fnal.gov//store/mc/RunIISummer20UL16MiniAODv2/EWKWplus2Jets_WToQQ_TuneCP5_13TeV-madgraph-pythia8/MINIAODSIM/106X_mcRun2_asymptotic_v17-v1/2820000/75B0EE6C-FE88-7142-8728-C8DA714F7E19.root
Begin processing the 1100001st record. Run 1, Event 4541009, LumiSection 4542 on stream 0 at 10-Jan-2024 23:44:31.496 CET
10-Jan-2024 23:44:31 CET  Closed file root://cmsxrootd.fnal.gov//store/mc/RunIISummer20UL16MiniAODv2/EWKWplus2Jets_WToQQ_TuneCP5_13TeV-madgraph-pythia8/MINIAODSIM/106X_mcRun2_asymptotic_v17-v1/2820000/75B0EE6C-FE88-7142-8728-C8DA714F7E19.root
10-Jan-2024 23:44:31 CET  Initiating request to open file root://cmsxrootd.fnal.gov//store/mc/RunIISummer20UL16MiniAODv2/EWKWplus2Jets_WToQQ_TuneCP5_13TeV-madgraph-pythia8/MINIAODSIM/106X_mcRun2_asymptotic_v17-v1/2820000/ED454D61-6190-4B4E-82BA-E71E63CB556D.root
%MSG-w XrdAdaptor:  file_open 10-Jan-2024 23:44:33 CET PostProcessEvent
Data is served from fnal.gov instead of original site US-Regional-Nebraska
%MSG
10-Jan-2024 23:44:34 CET  Successfully opened file root://cmsxrootd.fnal.gov//store/mc/RunIISummer20UL16MiniAODv2/EWKWplus2Jets_WToQQ_TuneCP5_13TeV-madgraph-pythia8/MINIAODSIM/106X_mcRun2_asymptotic_v17-v1/2820000/ED454D61-6190-4B4E-82BA-E71E63CB556D.root
10-Jan-2024 23:44:47 CET  Closed file root://cmsxrootd.fnal.gov//store/mc/RunIISummer20UL16MiniAODv2/EWKWplus2Jets_WToQQ_TuneCP5_13TeV-madgraph-pythia8/MINIAODSIM/106X_mcRun2_asymptotic_v17-v1/2820000/ED454D61-6190-4B4E-82BA-E71E63CB556D.root
10-Jan-2024 23:44:47 CET  Initiating request to open file root://cmsxrootd.fnal.gov//store/mc/RunIISummer20UL16MiniAODv2/EWKWplus2Jets_WToQQ_TuneCP5_13TeV-madgraph-pythia8/MINIAODSIM/106X_mcRun2_asymptotic_v17-v1/2820000/3C0435F9-B673-0941-9B1D-D2D5603A724C.root
%MSG-w XrdAdaptor:  file_open 10-Jan-2024 23:44:49 CET PostProcessEvent
Data is served from fnal.gov instead of original site US-Regional-Nebraska
%MSG
10-Jan-2024 23:44:50 CET  Successfully opened file root://cmsxrootd.fnal.gov//store/mc/RunIISummer20UL16MiniAODv2/EWKWplus2Jets_WToQQ_TuneCP5_13TeV-madgraph-pythia8/MINIAODSIM/106X_mcRun2_asymptotic_v17-v1/2820000/3C0435F9-B673-0941-9B1D-D2D5603A724C.root
10-Jan-2024 23:44:54 CET  Closed file root://cmsxrootd.fnal.gov//store/mc/RunIISummer20UL16MiniAODv2/EWKWplus2Jets_WToQQ_TuneCP5_13TeV-madgraph-pythia8/MINIAODSIM/106X_mcRun2_asymptotic_v17-v1/2820000/3C0435F9-B673-0941-9B1D-D2D5603A724C.root
10-Jan-2024 23:44:54 CET  Initiating request to open file root://cmsxrootd.fnal.gov//store/mc/RunIISummer20UL16MiniAODv2/EWKWplus2Jets_WToQQ_TuneCP5_13TeV-madgraph-pythia8/MINIAODSIM/106X_mcRun2_asymptotic_v17-v1/2820000/F57F2565-6BB1-674A-A828-3F5F6DCAE6F9.root
%MSG-w XrdAdaptor:  file_open 10-Jan-2024 23:44:58 CET PostProcessEvent
Data is served from T2_US_MIT instead of original site US-Regional-Nebraska
%MSG
10-Jan-2024 23:44:59 CET  Successfully opened file root://cmsxrootd.fnal.gov//store/mc/RunIISummer20UL16MiniAODv2/EWKWplus2Jets_WToQQ_TuneCP5_13TeV-madgraph-pythia8/MINIAODSIM/106X_mcRun2_asymptotic_v17-v1/2820000/F57F2565-6BB1-674A-A828-3F5F6DCAE6F9.root
Begin processing the 1200001st record. Run 1, Event 1085006, LumiSection 1086 on stream 0 at 10-Jan-2024 23:45:11.238 CET
10-Jan-2024 23:45:11 CET  Closed file root://cmsxrootd.fnal.gov//store/mc/RunIISummer20UL16MiniAODv2/EWKWplus2Jets_WToQQ_TuneCP5_13TeV-madgraph-pythia8/MINIAODSIM/106X_mcRun2_asymptotic_v17-v1/2820000/F57F2565-6BB1-674A-A828-3F5F6DCAE6F9.root
10-Jan-2024 23:45:11 CET  Initiating request to open file root://cmsxrootd.fnal.gov//store/mc/RunIISummer20UL16MiniAODv2/EWKWplus2Jets_WToQQ_TuneCP5_13TeV-madgraph-pythia8/MINIAODSIM/106X_mcRun2_asymptotic_v17-v1/2820000/D0AE2D3A-5B37-9C40-80BE-B119A8025398.root
%MSG-w XrdAdaptor:  file_open 10-Jan-2024 23:45:14 CET PostProcessEvent
Data is served from T2_US_MIT instead of original site US-Regional-Nebraska
%MSG
10-Jan-2024 23:45:15 CET  Successfully opened file root://cmsxrootd.fnal.gov//store/mc/RunIISummer20UL16MiniAODv2/EWKWplus2Jets_WToQQ_TuneCP5_13TeV-madgraph-pythia8/MINIAODSIM/106X_mcRun2_asymptotic_v17-v1/2820000/D0AE2D3A-5B37-9C40-80BE-B119A8025398.root
10-Jan-2024 23:45:30 CET  Closed file root://cmsxrootd.fnal.gov//store/mc/RunIISummer20UL16MiniAODv2/EWKWplus2Jets_WToQQ_TuneCP5_13TeV-madgraph-pythia8/MINIAODSIM/106X_mcRun2_asymptotic_v17-v1/2820000/D0AE2D3A-5B37-9C40-80BE-B119A8025398.root
10-Jan-2024 23:45:30 CET  Initiating request to open file root://cmsxrootd.fnal.gov//store/mc/RunIISummer20UL16MiniAODv2/EWKWplus2Jets_WToQQ_TuneCP5_13TeV-madgraph-pythia8/MINIAODSIM/106X_mcRun2_asymptotic_v17-v1/2820000/29533421-6984-C643-BA15-C9CFD443501C.root
%MSG-w XrdAdaptor:  file_open 10-Jan-2024 23:45:33 CET PostProcessEvent
Data is served from T2_US_MIT instead of original site US-Regional-Nebraska
%MSG
10-Jan-2024 23:45:34 CET  Successfully opened file root://cmsxrootd.fnal.gov//store/mc/RunIISummer20UL16MiniAODv2/EWKWplus2Jets_WToQQ_TuneCP5_13TeV-madgraph-pythia8/MINIAODSIM/106X_mcRun2_asymptotic_v17-v1/2820000/29533421-6984-C643-BA15-C9CFD443501C.root
10-Jan-2024 23:45:49 CET  Closed file root://cmsxrootd.fnal.gov//store/mc/RunIISummer20UL16MiniAODv2/EWKWplus2Jets_WToQQ_TuneCP5_13TeV-madgraph-pythia8/MINIAODSIM/106X_mcRun2_asymptotic_v17-v1/2820000/29533421-6984-C643-BA15-C9CFD443501C.root
10-Jan-2024 23:45:49 CET  Initiating request to open file root://cmsxrootd.fnal.gov//store/mc/RunIISummer20UL16MiniAODv2/EWKWplus2Jets_WToQQ_TuneCP5_13TeV-madgraph-pythia8/MINIAODSIM/106X_mcRun2_asymptotic_v17-v1/2820000/5D924BCF-422A-EE4B-90CE-082CD2405A9B.root
%MSG-w XrdAdaptor:  file_open 10-Jan-2024 23:45:53 CET PostProcessEvent
Data is served from T2_US_MIT instead of original site US-Regional-Nebraska
%MSG
10-Jan-2024 23:45:53 CET  Successfully opened file root://cmsxrootd.fnal.gov//store/mc/RunIISummer20UL16MiniAODv2/EWKWplus2Jets_WToQQ_TuneCP5_13TeV-madgraph-pythia8/MINIAODSIM/106X_mcRun2_asymptotic_v17-v1/2820000/5D924BCF-422A-EE4B-90CE-082CD2405A9B.root
Begin processing the 1300001st record. Run 1, Event 360008, LumiSection 361 on stream 0 at 10-Jan-2024 23:45:59.231 CET
10-Jan-2024 23:46:02 CET  Closed file root://cmsxrootd.fnal.gov//store/mc/RunIISummer20UL16MiniAODv2/EWKWplus2Jets_WToQQ_TuneCP5_13TeV-madgraph-pythia8/MINIAODSIM/106X_mcRun2_asymptotic_v17-v1/2820000/5D924BCF-422A-EE4B-90CE-082CD2405A9B.root
10-Jan-2024 23:46:02 CET  Initiating request to open file root://cmsxrootd.fnal.gov//store/mc/RunIISummer20UL16MiniAODv2/EWKWplus2Jets_WToQQ_TuneCP5_13TeV-madgraph-pythia8/MINIAODSIM/106X_mcRun2_asymptotic_v17-v1/2820000/D58824F1-0FA7-D04C-8F63-307E76173D7D.root
%MSG-w XrdAdaptor:  file_open 10-Jan-2024 23:46:04 CET PostProcessEvent
Data is served from T2_US_MIT instead of original site US-Regional-Nebraska
%MSG
10-Jan-2024 23:46:04 CET  Successfully opened file root://cmsxrootd.fnal.gov//store/mc/RunIISummer20UL16MiniAODv2/EWKWplus2Jets_WToQQ_TuneCP5_13TeV-madgraph-pythia8/MINIAODSIM/106X_mcRun2_asymptotic_v17-v1/2820000/D58824F1-0FA7-D04C-8F63-307E76173D7D.root
Begin processing the 1400001st record. Run 1, Event 1125012, LumiSection 1126 on stream 0 at 10-Jan-2024 23:46:12.388 CET
10-Jan-2024 23:46:13 CET  Closed file root://cmsxrootd.fnal.gov//store/mc/RunIISummer20UL16MiniAODv2/EWKWplus2Jets_WToQQ_TuneCP5_13TeV-madgraph-pythia8/MINIAODSIM/106X_mcRun2_asymptotic_v17-v1/2820000/D58824F1-0FA7-D04C-8F63-307E76173D7D.root
10-Jan-2024 23:46:13 CET  Initiating request to open file root://cmsxrootd.fnal.gov//store/mc/RunIISummer20UL16MiniAODv2/EWKWplus2Jets_WToQQ_TuneCP5_13TeV-madgraph-pythia8/MINIAODSIM/106X_mcRun2_asymptotic_v17-v1/2820000/DB33573E-2CE4-3448-928D-5CD8EF997711.root
%MSG-w XrdAdaptor:  file_open 10-Jan-2024 23:46:16 CET PostProcessEvent
Data is served from T2_US_MIT instead of original site US-Regional-Nebraska
%MSG
10-Jan-2024 23:46:17 CET  Successfully opened file root://cmsxrootd.fnal.gov//store/mc/RunIISummer20UL16MiniAODv2/EWKWplus2Jets_WToQQ_TuneCP5_13TeV-madgraph-pythia8/MINIAODSIM/106X_mcRun2_asymptotic_v17-v1/2820000/DB33573E-2CE4-3448-928D-5CD8EF997711.root
10-Jan-2024 23:46:42 CET  Closed file root://cmsxrootd.fnal.gov//store/mc/RunIISummer20UL16MiniAODv2/EWKWplus2Jets_WToQQ_TuneCP5_13TeV-madgraph-pythia8/MINIAODSIM/106X_mcRun2_asymptotic_v17-v1/2820000/DB33573E-2CE4-3448-928D-5CD8EF997711.root
10-Jan-2024 23:46:42 CET  Initiating request to open file root://cmsxrootd.fnal.gov//store/mc/RunIISummer20UL16MiniAODv2/EWKWplus2Jets_WToQQ_TuneCP5_13TeV-madgraph-pythia8/MINIAODSIM/106X_mcRun2_asymptotic_v17-v1/2820000/15DF3011-B4E7-2541-96B6-EBE8D9BD9AA1.root
%MSG-w XrdAdaptor:  file_open 10-Jan-2024 23:46:44 CET PostProcessEvent
Data is served from T2_US_MIT instead of original site US-Regional-Nebraska
%MSG
10-Jan-2024 23:46:44 CET  Successfully opened file root://cmsxrootd.fnal.gov//store/mc/RunIISummer20UL16MiniAODv2/EWKWplus2Jets_WToQQ_TuneCP5_13TeV-madgraph-pythia8/MINIAODSIM/106X_mcRun2_asymptotic_v17-v1/2820000/15DF3011-B4E7-2541-96B6-EBE8D9BD9AA1.root
Begin processing the 1500001st record. Run 1, Event 498003, LumiSection 499 on stream 0 at 10-Jan-2024 23:46:58.460 CET
10-Jan-2024 23:46:59 CET  Closed file root://cmsxrootd.fnal.gov//store/mc/RunIISummer20UL16MiniAODv2/EWKWplus2Jets_WToQQ_TuneCP5_13TeV-madgraph-pythia8/MINIAODSIM/106X_mcRun2_asymptotic_v17-v1/2820000/15DF3011-B4E7-2541-96B6-EBE8D9BD9AA1.root
10-Jan-2024 23:46:59 CET  Initiating request to open file root://cmsxrootd.fnal.gov//store/mc/RunIISummer20UL16MiniAODv2/EWKWplus2Jets_WToQQ_TuneCP5_13TeV-madgraph-pythia8/MINIAODSIM/106X_mcRun2_asymptotic_v17-v1/2820000/4C9507E7-0C80-7742-94D8-A7D7A77C779B.root
%MSG-w XrdAdaptor:  file_open 10-Jan-2024 23:47:02 CET PostProcessEvent
Data is served from T2_US_MIT instead of original site US-Regional-Nebraska
%MSG
10-Jan-2024 23:47:02 CET  Successfully opened file root://cmsxrootd.fnal.gov//store/mc/RunIISummer20UL16MiniAODv2/EWKWplus2Jets_WToQQ_TuneCP5_13TeV-madgraph-pythia8/MINIAODSIM/106X_mcRun2_asymptotic_v17-v1/2820000/4C9507E7-0C80-7742-94D8-A7D7A77C779B.root
10-Jan-2024 23:47:19 CET  Closed file root://cmsxrootd.fnal.gov//store/mc/RunIISummer20UL16MiniAODv2/EWKWplus2Jets_WToQQ_TuneCP5_13TeV-madgraph-pythia8/MINIAODSIM/106X_mcRun2_asymptotic_v17-v1/2820000/4C9507E7-0C80-7742-94D8-A7D7A77C779B.root
10-Jan-2024 23:47:19 CET  Initiating request to open file root://cmsxrootd.fnal.gov//store/mc/RunIISummer20UL16MiniAODv2/EWKWplus2Jets_WToQQ_TuneCP5_13TeV-madgraph-pythia8/MINIAODSIM/106X_mcRun2_asymptotic_v17-v1/2820000/567BABEB-BB1C-C64C-9561-70482AA0A78A.root
%MSG-w XrdAdaptor:  file_open 10-Jan-2024 23:47:22 CET PostProcessEvent
Data is served from T2_US_MIT instead of original site US-Regional-Nebraska
%MSG
10-Jan-2024 23:47:22 CET  Successfully opened file root://cmsxrootd.fnal.gov//store/mc/RunIISummer20UL16MiniAODv2/EWKWplus2Jets_WToQQ_TuneCP5_13TeV-madgraph-pythia8/MINIAODSIM/106X_mcRun2_asymptotic_v17-v1/2820000/567BABEB-BB1C-C64C-9561-70482AA0A78A.root
Begin processing the 1600001st record. Run 1, Event 517005, LumiSection 518 on stream 0 at 10-Jan-2024 23:47:41.244 CET
10-Jan-2024 23:47:41 CET  Closed file root://cmsxrootd.fnal.gov//store/mc/RunIISummer20UL16MiniAODv2/EWKWplus2Jets_WToQQ_TuneCP5_13TeV-madgraph-pythia8/MINIAODSIM/106X_mcRun2_asymptotic_v17-v1/2820000/567BABEB-BB1C-C64C-9561-70482AA0A78A.root
10-Jan-2024 23:47:41 CET  Initiating request to open file root://cmsxrootd.fnal.gov//store/mc/RunIISummer20UL16MiniAODv2/EWKWplus2Jets_WToQQ_TuneCP5_13TeV-madgraph-pythia8/MINIAODSIM/106X_mcRun2_asymptotic_v17-v1/2820000/048F48AC-7CF2-6E49-B918-16064BA220B4.root
%MSG-w XrdAdaptor:  file_open 10-Jan-2024 23:47:43 CET PostProcessEvent
Data is served from T2_US_MIT instead of original site US-Regional-Nebraska
%MSG
10-Jan-2024 23:47:44 CET  Successfully opened file root://cmsxrootd.fnal.gov//store/mc/RunIISummer20UL16MiniAODv2/EWKWplus2Jets_WToQQ_TuneCP5_13TeV-madgraph-pythia8/MINIAODSIM/106X_mcRun2_asymptotic_v17-v1/2820000/048F48AC-7CF2-6E49-B918-16064BA220B4.root
10-Jan-2024 23:47:59 CET  Closed file root://cmsxrootd.fnal.gov//store/mc/RunIISummer20UL16MiniAODv2/EWKWplus2Jets_WToQQ_TuneCP5_13TeV-madgraph-pythia8/MINIAODSIM/106X_mcRun2_asymptotic_v17-v1/2820000/048F48AC-7CF2-6E49-B918-16064BA220B4.root
10-Jan-2024 23:47:59 CET  Initiating request to open file root://cmsxrootd.fnal.gov//store/mc/RunIISummer20UL16MiniAODv2/EWKWplus2Jets_WToQQ_TuneCP5_13TeV-madgraph-pythia8/MINIAODSIM/106X_mcRun2_asymptotic_v17-v1/2820000/F1CE368E-E66D-DA4D-A876-C428DED57D65.root
%MSG-w XrdAdaptor:  file_open 10-Jan-2024 23:48:02 CET PostProcessEvent
Data is served from T2_US_MIT instead of original site US-Regional-Nebraska
%MSG
10-Jan-2024 23:48:03 CET  Successfully opened file root://cmsxrootd.fnal.gov//store/mc/RunIISummer20UL16MiniAODv2/EWKWplus2Jets_WToQQ_TuneCP5_13TeV-madgraph-pythia8/MINIAODSIM/106X_mcRun2_asymptotic_v17-v1/2820000/F1CE368E-E66D-DA4D-A876-C428DED57D65.root
Begin processing the 1700001st record. Run 1, Event 578006, LumiSection 579 on stream 0 at 10-Jan-2024 23:48:15.140 CET
10-Jan-2024 23:48:15 CET  Closed file root://cmsxrootd.fnal.gov//store/mc/RunIISummer20UL16MiniAODv2/EWKWplus2Jets_WToQQ_TuneCP5_13TeV-madgraph-pythia8/MINIAODSIM/106X_mcRun2_asymptotic_v17-v1/2820000/F1CE368E-E66D-DA4D-A876-C428DED57D65.root
10-Jan-2024 23:48:15 CET  Initiating request to open file root://cmsxrootd.fnal.gov//store/mc/RunIISummer20UL16MiniAODv2/EWKWplus2Jets_WToQQ_TuneCP5_13TeV-madgraph-pythia8/MINIAODSIM/106X_mcRun2_asymptotic_v17-v1/2820000/6DE28C38-EE94-FE43-BCB3-2605DD3B586D.root
%MSG-w XrdAdaptor:  file_open 10-Jan-2024 23:48:18 CET PostProcessEvent
Data is served from T2_US_MIT instead of original site US-Regional-Nebraska
%MSG
10-Jan-2024 23:48:19 CET  Successfully opened file root://cmsxrootd.fnal.gov//store/mc/RunIISummer20UL16MiniAODv2/EWKWplus2Jets_WToQQ_TuneCP5_13TeV-madgraph-pythia8/MINIAODSIM/106X_mcRun2_asymptotic_v17-v1/2820000/6DE28C38-EE94-FE43-BCB3-2605DD3B586D.root
10-Jan-2024 23:48:34 CET  Closed file root://cmsxrootd.fnal.gov//store/mc/RunIISummer20UL16MiniAODv2/EWKWplus2Jets_WToQQ_TuneCP5_13TeV-madgraph-pythia8/MINIAODSIM/106X_mcRun2_asymptotic_v17-v1/2820000/6DE28C38-EE94-FE43-BCB3-2605DD3B586D.root
10-Jan-2024 23:48:34 CET  Initiating request to open file root://cmsxrootd.fnal.gov//store/mc/RunIISummer20UL16MiniAODv2/EWKWplus2Jets_WToQQ_TuneCP5_13TeV-madgraph-pythia8/MINIAODSIM/106X_mcRun2_asymptotic_v17-v1/2820000/6588A386-64F1-0644-8465-33D36104BAF4.root
%MSG-w XrdAdaptor:  file_open 10-Jan-2024 23:48:36 CET PostProcessEvent
Data is served from T2_US_MIT instead of original site US-Regional-Nebraska
%MSG
10-Jan-2024 23:48:37 CET  Successfully opened file root://cmsxrootd.fnal.gov//store/mc/RunIISummer20UL16MiniAODv2/EWKWplus2Jets_WToQQ_TuneCP5_13TeV-madgraph-pythia8/MINIAODSIM/106X_mcRun2_asymptotic_v17-v1/2820000/6588A386-64F1-0644-8465-33D36104BAF4.root
10-Jan-2024 23:49:10 CET  Closed file root://cmsxrootd.fnal.gov//store/mc/RunIISummer20UL16MiniAODv2/EWKWplus2Jets_WToQQ_TuneCP5_13TeV-madgraph-pythia8/MINIAODSIM/106X_mcRun2_asymptotic_v17-v1/2820000/6588A386-64F1-0644-8465-33D36104BAF4.root
10-Jan-2024 23:49:10 CET  Initiating request to open file root://cmsxrootd.fnal.gov//store/mc/RunIISummer20UL16MiniAODv2/EWKWplus2Jets_WToQQ_TuneCP5_13TeV-madgraph-pythia8/MINIAODSIM/106X_mcRun2_asymptotic_v17-v1/2820000/7BB29F2F-F8BA-404F-BAE1-E09F2299F61D.root
%MSG-w XrdAdaptor:  file_open 10-Jan-2024 23:49:13 CET PostProcessEvent
Data is served from T2_US_MIT instead of original site US-Regional-Nebraska
%MSG
10-Jan-2024 23:49:13 CET  Successfully opened file root://cmsxrootd.fnal.gov//store/mc/RunIISummer20UL16MiniAODv2/EWKWplus2Jets_WToQQ_TuneCP5_13TeV-madgraph-pythia8/MINIAODSIM/106X_mcRun2_asymptotic_v17-v1/2820000/7BB29F2F-F8BA-404F-BAE1-E09F2299F61D.root
[2024-01-10 23:49:35.484871 +0100][Error  ][File              ] [0x912d9d80@root://cmsxrootd.fnal.gov:1094//store/mc/RunIISummer20UL16MiniAODv2/EWKWplus2Jets_WToQQ_TuneCP5_13TeV-madgraph-pythia8/MINIAODSIM/106X_mcRun2_asymptotic_v17-v1/2820000/7BB29F2F-F8BA-404F-BAE1-E09F2299F61D.root] Fatal file state error. Message kXR_readv (handle: 0x00000000, chunks: 59, total size: 331628) returned with [ERROR] Server responded with an error: [3005] Unable to readv /store/mc/RunIISummer20UL16MiniAODv2/EWKWplus2Jets_WToQQ_TuneCP5_13TeV-madgraph-pythia8/MINIAODSIM/106X_mcRun2_asymptotic_v17-v1/2820000/7BB29F2F-F8BA-404F-BAE1-E09F2299F61D.root; unknown error 255
%MSG-w XrdAdaptorInternal:  (NoModuleName) 10-Jan-2024 23:49:35 CET pre-events
XrdRequestManager::handle(name='root://cmsxrootd.fnal.gov//store/mc/RunIISummer20UL16MiniAODv2/EWKWplus2Jets_WToQQ_TuneCP5_13TeV-madgraph-pythia8/MINIAODSIM/106X_mcRun2_asymptotic_v17-v1/2820000/7BB29F2F-F8BA-404F-BAE1-E09F2299F61D.root) failure when reading from xrootd16.cmsaf.mit.edu:1094 (site T2_US_MIT); failed with error '[ERROR] Server responded with an error: [3005] Unable to readv /store/mc/RunIISummer20UL16MiniAODv2/EWKWplus2Jets_WToQQ_TuneCP5_13TeV-madgraph-pythia8/MINIAODSIM/106X_mcRun2_asymptotic_v17-v1/2820000/7BB29F2F-F8BA-404F-BAE1-E09F2299F61D.root; unknown error 255
' (errno=3005, code=400).
%MSG
%MSG-w XrdAdaptorInternal:  (NoModuleName) 10-Jan-2024 23:49:35 CET pre-events
Request failure when reading from xrootd16.cmsaf.mit.edu:1094 (site T2_US_MIT)
%MSG
%MSG-w XrdAdaptor:  (NoModuleName) 10-Jan-2024 23:49:35 CET pre-events
Data is now served from  instead of previous T2_US_MIT
%MSG
[2024-01-10 23:49:59.132508 +0100][Error  ][File              ] [0x7bebab80@root://cmsxrootd.fnal.gov:1094//store/mc/RunIISummer20UL16MiniAODv2/EWKWplus2Jets_WToQQ_TuneCP5_13TeV-madgraph-pythia8/MINIAODSIM/106X_mcRun2_asymptotic_v17-v1/2820000/7BB29F2F-F8BA-404F-BAE1-E09F2299F61D.root?tried=xrootd16.cmsaf.mit.edu] Fatal file state error. Message kXR_readv (handle: 0x00000000, chunks: 59, total size: 331628) returned with [ERROR] Server responded with an error: [3005] Unable to readv /store/mc/RunIISummer20UL16MiniAODv2/EWKWplus2Jets_WToQQ_TuneCP5_13TeV-madgraph-pythia8/MINIAODSIM/106X_mcRun2_asymptotic_v17-v1/2820000/7BB29F2F-F8BA-404F-BAE1-E09F2299F61D.root; unknown error 255
%MSG-w XrdAdaptorInternal:  (NoModuleName) 10-Jan-2024 23:49:59 CET pre-events
XrdRequestManager::handle(name='root://cmsxrootd.fnal.gov//store/mc/RunIISummer20UL16MiniAODv2/EWKWplus2Jets_WToQQ_TuneCP5_13TeV-madgraph-pythia8/MINIAODSIM/106X_mcRun2_asymptotic_v17-v1/2820000/7BB29F2F-F8BA-404F-BAE1-E09F2299F61D.root) failure when reading from xrootd17.cmsaf.mit.edu:1094 (site T2_US_MIT); failed with error '[ERROR] Server responded with an error: [3005] Unable to readv /store/mc/RunIISummer20UL16MiniAODv2/EWKWplus2Jets_WToQQ_TuneCP5_13TeV-madgraph-pythia8/MINIAODSIM/106X_mcRun2_asymptotic_v17-v1/2820000/7BB29F2F-F8BA-404F-BAE1-E09F2299F61D.root; unknown error 255
' (errno=3005, code=400).
%MSG
%MSG-w XrdAdaptorInternal:  (NoModuleName) 10-Jan-2024 23:49:59 CET pre-events
Request failure when reading from xrootd17.cmsaf.mit.edu:1094 (site T2_US_MIT)
%MSG
[2024-01-10 23:50:15.416026 +0100][Error  ][File              ] [0x7bebab80@root://cmsxrootd.fnal.gov:1094//store/mc/RunIISummer20UL16MiniAODv2/EWKWplus2Jets_WToQQ_TuneCP5_13TeV-madgraph-pythia8/MINIAODSIM/106X_mcRun2_asymptotic_v17-v1/2820000/7BB29F2F-F8BA-404F-BAE1-E09F2299F61D.root?tried=xrootd16.cmsaf.mit.edu] Fatal file state error. Message kXR_readv (handle: 0x00000000, chunks: 59, total size: 331628) returned with [ERROR] Server responded with an error: [3005] Unable to readv /store/mc/RunIISummer20UL16MiniAODv2/EWKWplus2Jets_WToQQ_TuneCP5_13TeV-madgraph-pythia8/MINIAODSIM/106X_mcRun2_asymptotic_v17-v1/2820000/7BB29F2F-F8BA-404F-BAE1-E09F2299F61D.root; unknown error 255
%MSG-w XrdAdaptorInternal:  (NoModuleName) 10-Jan-2024 23:50:15 CET pre-events
XrdRequestManager::handle(name='root://cmsxrootd.fnal.gov//store/mc/RunIISummer20UL16MiniAODv2/EWKWplus2Jets_WToQQ_TuneCP5_13TeV-madgraph-pythia8/MINIAODSIM/106X_mcRun2_asymptotic_v17-v1/2820000/7BB29F2F-F8BA-404F-BAE1-E09F2299F61D.root) failure when reading from xrootd17.cmsaf.mit.edu:1094 (site T2_US_MIT); failed with error '[ERROR] Server responded with an error: [3005] Unable to readv /store/mc/RunIISummer20UL16MiniAODv2/EWKWplus2Jets_WToQQ_TuneCP5_13TeV-madgraph-pythia8/MINIAODSIM/106X_mcRun2_asymptotic_v17-v1/2820000/7BB29F2F-F8BA-404F-BAE1-E09F2299F61D.root; unknown error 255
' (errno=3005, code=400).
%MSG
%MSG-w XrdAdaptorInternal:  (NoModuleName) 10-Jan-2024 23:50:15 CET pre-events
Request failure when reading from xrootd17.cmsaf.mit.edu:1094 (site T2_US_MIT)
%MSG
%MSG-w XrdAdaptor:  (NoModuleName) 10-Jan-2024 23:50:15 CET pre-events
Data is now served from  instead of previous T2_US_MIT
%MSG
%MSG-w XrdAdaptorInternal:  (NoModuleName) 10-Jan-2024 23:53:10 CET pre-events
Caught a CMSSW exception when running connection recovery.
%MSG
10-Jan-2024 23:53:10 CET  Closed file root://cmsxrootd.fnal.gov//store/mc/RunIISummer20UL16MiniAODv2/EWKWplus2Jets_WToQQ_TuneCP5_13TeV-madgraph-pythia8/MINIAODSIM/106X_mcRun2_asymptotic_v17-v1/2820000/7BB29F2F-F8BA-404F-BAE1-E09F2299F61D.root
----- Begin Fatal Exception 10-Jan-2024 23:53:10 CET-----------------------
An exception of category 'FileReadError' occurred while
   [0] Calling InputSource::readFile_
   [1] Reading branch EventAuxiliary
   [2] Calling XrdFile::readv()
   [3] XrdAdaptor::ClientRequest::HandleResponse() failure while running connection recovery
   [4] Handling XrdAdaptor::RequestManager::requestFailure()
   [5] In XrdAdaptor::RequestManager::OpenHandler::HandleResponseWithHosts()
Exception Message:
XrdCl::File::Open(name='root://cmsxrootd.fnal.gov//store/mc/RunIISummer20UL16MiniAODv2/EWKWplus2Jets_WToQQ_TuneCP5_13TeV-madgraph-pythia8/MINIAODSIM/106X_mcRun2_asymptotic_v17-v1/2820000/7BB29F2F-F8BA-404F-BAE1-E09F2299F61D.root', flags=0x10, permissions=0660) => error '[ERROR] Operation expired' (errno=0, code=206)
   Additional Info:
      [a] Original error: '[ERROR] Server responded with an error: [3005] Unable to readv /store/mc/RunIISummer20UL16MiniAODv2/EWKWplus2Jets_WToQQ_TuneCP5_13TeV-madgraph-pythia8/MINIAODSIM/106X_mcRun2_asymptotic_v17-v1/2820000/7BB29F2F-F8BA-404F-BAE1-E09F2299F61D.root; unknown error 255
' (errno=3005, code=400, source=xrootd17.cmsaf.mit.edu:1094 (site T2_US_MIT)).
      [b] Original failed source is xrootd17.cmsaf.mit.edu:1094 (site T2_US_MIT)
      [c] Disabled source: xrootd16.cmsaf.mit.edu:1094
      [d] Disabled source: xrootd17.cmsaf.mit.edu:1094
----- End Fatal Exception -------------------------------------------------
     28.953840      0.109841      0.004928             1
 

------------------------------------
GenXsecAnalyzer:
------------------------------------
-------------------------------------------------------------------------------------------------------------------------------------------------------------------------- 
Overall cross-section summary 
--------------------------------------------------------------------------------------------------------------------------------------------------------------------------
Process		xsec_before [pb]		passed	nposw	nnegw	tried	nposw	nnegw 	xsec_match [pb]			accepted [%]	 event_eff [%]
0		2.880e+01 +/- 1.630e-03		1794000	1794000	0	1794000	1794000	0	2.880e+01 +/- 1.630e-03		100.0 +/- 0.0	100.0 +/- 0.0
-------------------------------------------------------------------------------------------------------------------------------------------------------------------------- 
Total		2.880e+01 +/- 1.630e-03		1794000	1794000	0	1794000	1794000	0	2.880e+01 +/- 1.630e-03		100.0 +/- 0.0	100.0 +/- 0.0
--------------------------------------------------------------------------------------------------------------------------------------------------------------------------
Before matching: total cross section = 2.880e+01 +- 1.630e-03 pb
After matching: total cross section = 2.880e+01 +- 1.630e-03 pb
Matching efficiency = 1.0 +/- 0.0   [TO BE USED IN MCM]
Filter efficiency (taking into account weights)= (1.794e+06) / (1.794e+06) = 1.000e+00 +- 0.000e+00
Filter efficiency (event-level)= (1.794e+06) / (1.794e+06) = 1.000e+00 +- 0.000e+00    [TO BE USED IN MCM]

After filter: final cross section = 2.880e+01 +- 1.630e-03 pb
After filter: final fraction of events with negative weights = 0.000e+00 +- 0.000e+00
After filter: final equivalent lumi for 1M events (1/fb) = 3.473e+01 +- 3.478e-02

=============================================

MessageLogger Summary

 type     category        sev    module        subroutine        count    total
 ---- -------------------- -- ---------------- ----------------  -----    -----
    1 GenXSecAnalyzer      -w GenXSecAnalyzer:                      15       15
    2 XrdAdaptor           -w (NoModuleName)                         2        2
    3 XrdAdaptor           -w file_open                             40       40
    4 XrdAdaptorInternal   -w (NoModuleName)                         7        7
    5 Fatal Exception      -s AfterFile                              1        1
    6 fileAction           -s AfterFile                              1        1
    7 fileAction           -s file_close                            39       39
    8 fileAction           -s file_open                             80       80

 type    category    Examples: run/evt        run/evt          run/evt
 ---- -------------------- ---------------- ---------------- ----------------
    1 GenXSecAnalyzer      PostGlobalEndRun PostGlobalEndRun PostGlobalEndRun
    2 XrdAdaptor           pre-events       pre-events       
    3 XrdAdaptor           pre-events       PostProcessEvent PostProcessEvent
    4 XrdAdaptorInternal   pre-events       pre-events       pre-events
    5 Fatal Exception      PostProcessEvent                  
    6 fileAction           PostProcessEvent                  
    7 fileAction           PostProcessEvent PostProcessEvent PostProcessEvent
    8 fileAction           pre-events       pre-events       PostProcessEvent

Severity    # Occurrences   Total Occurrences
--------    -------------   -----------------
Warning                64                  64
System                121                 121

dropped waiting message count 0
