11-Jan-2024 14:13:18 CET  Initiating request to open file root://cmsxrootd.fnal.gov//store/mc/RunIISummer20UL16MiniAODv2/GJet_Pt-20toInf_DoubleEMEnriched_MGG-40to80_TuneCP5_13TeV_Pythia8/MINIAODSIM/106X_mcRun2_asymptotic_v17-v4/50000/ADE948FC-9FA0-3E45-87DA-6EC3753E08D9.root
%MSG-w XrdAdaptor:  file_open 11-Jan-2024 14:13:22 CET pre-events
Data is served from T2_US_Vanderbilt instead of original site US-Regional-Nebraska
%MSG
11-Jan-2024 14:13:25 CET  Successfully opened file root://cmsxrootd.fnal.gov//store/mc/RunIISummer20UL16MiniAODv2/GJet_Pt-20toInf_DoubleEMEnriched_MGG-40to80_TuneCP5_13TeV_Pythia8/MINIAODSIM/106X_mcRun2_asymptotic_v17-v4/50000/ADE948FC-9FA0-3E45-87DA-6EC3753E08D9.root
Begin processing the 1st record. Run 1, Event 36649953, LumiSection 1012 on stream 0 at 11-Jan-2024 14:13:31.838 CET
11-Jan-2024 14:13:32 CET  Closed file root://cmsxrootd.fnal.gov//store/mc/RunIISummer20UL16MiniAODv2/GJet_Pt-20toInf_DoubleEMEnriched_MGG-40to80_TuneCP5_13TeV_Pythia8/MINIAODSIM/106X_mcRun2_asymptotic_v17-v4/50000/ADE948FC-9FA0-3E45-87DA-6EC3753E08D9.root
11-Jan-2024 14:13:32 CET  Initiating request to open file root://cmsxrootd.fnal.gov//store/mc/RunIISummer20UL16MiniAODv2/GJet_Pt-20toInf_DoubleEMEnriched_MGG-40to80_TuneCP5_13TeV_Pythia8/MINIAODSIM/106X_mcRun2_asymptotic_v17-v4/50000/A62DE931-E6B0-194A-8C07-3FA5B2B531E7.root
Unable to load sec.protocol plugin libXrdSecztn.so
%MSG-w XrdAdaptor:  file_open 11-Jan-2024 14:13:40 CET PostProcessEvent
Data is served from fnal.gov instead of original site US-Regional-Nebraska
%MSG
11-Jan-2024 14:13:40 CET  Successfully opened file root://cmsxrootd.fnal.gov//store/mc/RunIISummer20UL16MiniAODv2/GJet_Pt-20toInf_DoubleEMEnriched_MGG-40to80_TuneCP5_13TeV_Pythia8/MINIAODSIM/106X_mcRun2_asymptotic_v17-v4/50000/A62DE931-E6B0-194A-8C07-3FA5B2B531E7.root
11-Jan-2024 14:13:47 CET  Closed file root://cmsxrootd.fnal.gov//store/mc/RunIISummer20UL16MiniAODv2/GJet_Pt-20toInf_DoubleEMEnriched_MGG-40to80_TuneCP5_13TeV_Pythia8/MINIAODSIM/106X_mcRun2_asymptotic_v17-v4/50000/A62DE931-E6B0-194A-8C07-3FA5B2B531E7.root
11-Jan-2024 14:13:47 CET  Initiating request to open file root://cmsxrootd.fnal.gov//store/mc/RunIISummer20UL16MiniAODv2/GJet_Pt-20toInf_DoubleEMEnriched_MGG-40to80_TuneCP5_13TeV_Pythia8/MINIAODSIM/106X_mcRun2_asymptotic_v17-v4/50000/58F2DDB7-0FFD-1D49-BEA0-1E323FE0693F.root
Unable to load sec.protocol plugin libXrdSecztn.so
%MSG-w XrdAdaptor:  file_open 11-Jan-2024 14:13:50 CET PostProcessEvent
Data is served from fnal.gov instead of original site US-Regional-Nebraska
%MSG
11-Jan-2024 14:13:51 CET  Successfully opened file root://cmsxrootd.fnal.gov//store/mc/RunIISummer20UL16MiniAODv2/GJet_Pt-20toInf_DoubleEMEnriched_MGG-40to80_TuneCP5_13TeV_Pythia8/MINIAODSIM/106X_mcRun2_asymptotic_v17-v4/50000/58F2DDB7-0FFD-1D49-BEA0-1E323FE0693F.root
11-Jan-2024 14:14:00 CET  Closed file root://cmsxrootd.fnal.gov//store/mc/RunIISummer20UL16MiniAODv2/GJet_Pt-20toInf_DoubleEMEnriched_MGG-40to80_TuneCP5_13TeV_Pythia8/MINIAODSIM/106X_mcRun2_asymptotic_v17-v4/50000/58F2DDB7-0FFD-1D49-BEA0-1E323FE0693F.root
11-Jan-2024 14:14:00 CET  Initiating request to open file root://cmsxrootd.fnal.gov//store/mc/RunIISummer20UL16MiniAODv2/GJet_Pt-20toInf_DoubleEMEnriched_MGG-40to80_TuneCP5_13TeV_Pythia8/MINIAODSIM/106X_mcRun2_asymptotic_v17-v4/50000/9450A128-4F5C-0C4E-8E06-2CC58C5464FE.root
%MSG-w XrdAdaptor:  file_open 11-Jan-2024 14:14:04 CET PostProcessEvent
Data is served from T2_US_Nebraska instead of original site US-Regional-Nebraska
%MSG
11-Jan-2024 14:14:05 CET  Successfully opened file root://cmsxrootd.fnal.gov//store/mc/RunIISummer20UL16MiniAODv2/GJet_Pt-20toInf_DoubleEMEnriched_MGG-40to80_TuneCP5_13TeV_Pythia8/MINIAODSIM/106X_mcRun2_asymptotic_v17-v4/50000/9450A128-4F5C-0C4E-8E06-2CC58C5464FE.root
11-Jan-2024 14:14:10 CET  Closed file root://cmsxrootd.fnal.gov//store/mc/RunIISummer20UL16MiniAODv2/GJet_Pt-20toInf_DoubleEMEnriched_MGG-40to80_TuneCP5_13TeV_Pythia8/MINIAODSIM/106X_mcRun2_asymptotic_v17-v4/50000/9450A128-4F5C-0C4E-8E06-2CC58C5464FE.root
11-Jan-2024 14:14:10 CET  Initiating request to open file root://cmsxrootd.fnal.gov//store/mc/RunIISummer20UL16MiniAODv2/GJet_Pt-20toInf_DoubleEMEnriched_MGG-40to80_TuneCP5_13TeV_Pythia8/MINIAODSIM/106X_mcRun2_asymptotic_v17-v4/50000/56EE094C-138B-0A48-A326-2A4A3365AB3C.root
%MSG-w XrdAdaptor:  file_open 11-Jan-2024 14:14:12 CET PostProcessEvent
Data is served from fnal.gov instead of original site US-Regional-Nebraska
%MSG
11-Jan-2024 14:14:13 CET  Successfully opened file root://cmsxrootd.fnal.gov//store/mc/RunIISummer20UL16MiniAODv2/GJet_Pt-20toInf_DoubleEMEnriched_MGG-40to80_TuneCP5_13TeV_Pythia8/MINIAODSIM/106X_mcRun2_asymptotic_v17-v4/50000/56EE094C-138B-0A48-A326-2A4A3365AB3C.root
Unable to load sec.protocol plugin libXrdSecztn.so
11-Jan-2024 14:14:45 CET  Closed file root://cmsxrootd.fnal.gov//store/mc/RunIISummer20UL16MiniAODv2/GJet_Pt-20toInf_DoubleEMEnriched_MGG-40to80_TuneCP5_13TeV_Pythia8/MINIAODSIM/106X_mcRun2_asymptotic_v17-v4/50000/56EE094C-138B-0A48-A326-2A4A3365AB3C.root
11-Jan-2024 14:14:45 CET  Initiating request to open file root://cmsxrootd.fnal.gov//store/mc/RunIISummer20UL16MiniAODv2/GJet_Pt-20toInf_DoubleEMEnriched_MGG-40to80_TuneCP5_13TeV_Pythia8/MINIAODSIM/106X_mcRun2_asymptotic_v17-v4/50000/914964E1-98FD-9D4A-8B06-A6C36FF46FF1.root
%MSG-w XrdAdaptor:  file_open 11-Jan-2024 14:14:47 CET PostProcessEvent
Data is served from fnal.gov instead of original site US-Regional-Nebraska
%MSG
11-Jan-2024 14:14:47 CET  Successfully opened file root://cmsxrootd.fnal.gov//store/mc/RunIISummer20UL16MiniAODv2/GJet_Pt-20toInf_DoubleEMEnriched_MGG-40to80_TuneCP5_13TeV_Pythia8/MINIAODSIM/106X_mcRun2_asymptotic_v17-v4/50000/914964E1-98FD-9D4A-8B06-A6C36FF46FF1.root
11-Jan-2024 14:14:51 CET  Closed file root://cmsxrootd.fnal.gov//store/mc/RunIISummer20UL16MiniAODv2/GJet_Pt-20toInf_DoubleEMEnriched_MGG-40to80_TuneCP5_13TeV_Pythia8/MINIAODSIM/106X_mcRun2_asymptotic_v17-v4/50000/914964E1-98FD-9D4A-8B06-A6C36FF46FF1.root
11-Jan-2024 14:14:51 CET  Initiating request to open file root://cmsxrootd.fnal.gov//store/mc/RunIISummer20UL16MiniAODv2/GJet_Pt-20toInf_DoubleEMEnriched_MGG-40to80_TuneCP5_13TeV_Pythia8/MINIAODSIM/106X_mcRun2_asymptotic_v17-v4/50000/EE47B309-6A29-E840-878A-1EF9AE9EDE64.root
%MSG-w XrdAdaptor:  file_open 11-Jan-2024 14:14:57 CET PostProcessEvent
Data is served from T2_US_Caltech instead of original site US-Regional-Nebraska
%MSG
11-Jan-2024 14:14:58 CET  Successfully opened file root://cmsxrootd.fnal.gov//store/mc/RunIISummer20UL16MiniAODv2/GJet_Pt-20toInf_DoubleEMEnriched_MGG-40to80_TuneCP5_13TeV_Pythia8/MINIAODSIM/106X_mcRun2_asymptotic_v17-v4/50000/EE47B309-6A29-E840-878A-1EF9AE9EDE64.root
11-Jan-2024 14:15:04 CET  Closed file root://cmsxrootd.fnal.gov//store/mc/RunIISummer20UL16MiniAODv2/GJet_Pt-20toInf_DoubleEMEnriched_MGG-40to80_TuneCP5_13TeV_Pythia8/MINIAODSIM/106X_mcRun2_asymptotic_v17-v4/50000/EE47B309-6A29-E840-878A-1EF9AE9EDE64.root
11-Jan-2024 14:15:04 CET  Initiating request to open file root://cmsxrootd.fnal.gov//store/mc/RunIISummer20UL16MiniAODv2/GJet_Pt-20toInf_DoubleEMEnriched_MGG-40to80_TuneCP5_13TeV_Pythia8/MINIAODSIM/106X_mcRun2_asymptotic_v17-v4/50000/93E80E40-614C-884A-B3DF-75DED4DDAB70.root
%MSG-w XrdAdaptor:  file_open 11-Jan-2024 14:15:07 CET PostProcessEvent
Data is served from fnal.gov instead of original site US-Regional-Nebraska
%MSG
11-Jan-2024 14:15:08 CET  Successfully opened file root://cmsxrootd.fnal.gov//store/mc/RunIISummer20UL16MiniAODv2/GJet_Pt-20toInf_DoubleEMEnriched_MGG-40to80_TuneCP5_13TeV_Pythia8/MINIAODSIM/106X_mcRun2_asymptotic_v17-v4/50000/93E80E40-614C-884A-B3DF-75DED4DDAB70.root
11-Jan-2024 14:15:15 CET  Closed file root://cmsxrootd.fnal.gov//store/mc/RunIISummer20UL16MiniAODv2/GJet_Pt-20toInf_DoubleEMEnriched_MGG-40to80_TuneCP5_13TeV_Pythia8/MINIAODSIM/106X_mcRun2_asymptotic_v17-v4/50000/93E80E40-614C-884A-B3DF-75DED4DDAB70.root
11-Jan-2024 14:15:15 CET  Initiating request to open file root://cmsxrootd.fnal.gov//store/mc/RunIISummer20UL16MiniAODv2/GJet_Pt-20toInf_DoubleEMEnriched_MGG-40to80_TuneCP5_13TeV_Pythia8/MINIAODSIM/106X_mcRun2_asymptotic_v17-v4/50000/2D69B783-2282-F343-A7DE-D8C059F392E9.root
%MSG-w XrdAdaptor:  file_open 11-Jan-2024 14:15:19 CET PostProcessEvent
Data is served from T2_US_MIT instead of original site US-Regional-Nebraska
%MSG
11-Jan-2024 14:15:19 CET  Successfully opened file root://cmsxrootd.fnal.gov//store/mc/RunIISummer20UL16MiniAODv2/GJet_Pt-20toInf_DoubleEMEnriched_MGG-40to80_TuneCP5_13TeV_Pythia8/MINIAODSIM/106X_mcRun2_asymptotic_v17-v4/50000/2D69B783-2282-F343-A7DE-D8C059F392E9.root
11-Jan-2024 14:15:26 CET  Closed file root://cmsxrootd.fnal.gov//store/mc/RunIISummer20UL16MiniAODv2/GJet_Pt-20toInf_DoubleEMEnriched_MGG-40to80_TuneCP5_13TeV_Pythia8/MINIAODSIM/106X_mcRun2_asymptotic_v17-v4/50000/2D69B783-2282-F343-A7DE-D8C059F392E9.root
11-Jan-2024 14:15:26 CET  Initiating request to open file root://cmsxrootd.fnal.gov//store/mc/RunIISummer20UL16MiniAODv2/GJet_Pt-20toInf_DoubleEMEnriched_MGG-40to80_TuneCP5_13TeV_Pythia8/MINIAODSIM/106X_mcRun2_asymptotic_v17-v4/50000/B66129FF-5D2B-A44E-B17B-77B3825180EC.root
Unable to load sec.protocol plugin libXrdSecztn.so
%MSG-w XrdAdaptor:  file_open 11-Jan-2024 14:15:30 CET PostProcessEvent
Data is served from T2_US_UCSD-ceph instead of original site US-Regional-Nebraska
%MSG
11-Jan-2024 14:15:31 CET  Successfully opened file root://cmsxrootd.fnal.gov//store/mc/RunIISummer20UL16MiniAODv2/GJet_Pt-20toInf_DoubleEMEnriched_MGG-40to80_TuneCP5_13TeV_Pythia8/MINIAODSIM/106X_mcRun2_asymptotic_v17-v4/50000/B66129FF-5D2B-A44E-B17B-77B3825180EC.root
Unable to load sec.protocol plugin libXrdSecztn.so
11-Jan-2024 14:15:38 CET  Closed file root://cmsxrootd.fnal.gov//store/mc/RunIISummer20UL16MiniAODv2/GJet_Pt-20toInf_DoubleEMEnriched_MGG-40to80_TuneCP5_13TeV_Pythia8/MINIAODSIM/106X_mcRun2_asymptotic_v17-v4/50000/B66129FF-5D2B-A44E-B17B-77B3825180EC.root
11-Jan-2024 14:15:38 CET  Initiating request to open file root://cmsxrootd.fnal.gov//store/mc/RunIISummer20UL16MiniAODv2/GJet_Pt-20toInf_DoubleEMEnriched_MGG-40to80_TuneCP5_13TeV_Pythia8/MINIAODSIM/106X_mcRun2_asymptotic_v17-v4/50000/DF80C50B-AD00-8D47-9869-7B5C9F726532.root
%MSG-w XrdAdaptor:  file_open 11-Jan-2024 14:15:41 CET PostProcessEvent
Data is served from T2_US_Nebraska instead of original site US-Regional-Nebraska
%MSG
11-Jan-2024 14:15:42 CET  Successfully opened file root://cmsxrootd.fnal.gov//store/mc/RunIISummer20UL16MiniAODv2/GJet_Pt-20toInf_DoubleEMEnriched_MGG-40to80_TuneCP5_13TeV_Pythia8/MINIAODSIM/106X_mcRun2_asymptotic_v17-v4/50000/DF80C50B-AD00-8D47-9869-7B5C9F726532.root
11-Jan-2024 14:15:47 CET  Closed file root://cmsxrootd.fnal.gov//store/mc/RunIISummer20UL16MiniAODv2/GJet_Pt-20toInf_DoubleEMEnriched_MGG-40to80_TuneCP5_13TeV_Pythia8/MINIAODSIM/106X_mcRun2_asymptotic_v17-v4/50000/DF80C50B-AD00-8D47-9869-7B5C9F726532.root
11-Jan-2024 14:15:47 CET  Initiating request to open file root://cmsxrootd.fnal.gov//store/mc/RunIISummer20UL16MiniAODv2/GJet_Pt-20toInf_DoubleEMEnriched_MGG-40to80_TuneCP5_13TeV_Pythia8/MINIAODSIM/106X_mcRun2_asymptotic_v17-v4/50000/0398900B-3EF8-0845-B40A-F39A88955168.root
%MSG-w XrdAdaptor:  file_open 11-Jan-2024 14:15:51 CET PostProcessEvent
Data is served from T2_US_Florida instead of original site US-Regional-Nebraska
%MSG
11-Jan-2024 14:15:51 CET  Successfully opened file root://cmsxrootd.fnal.gov//store/mc/RunIISummer20UL16MiniAODv2/GJet_Pt-20toInf_DoubleEMEnriched_MGG-40to80_TuneCP5_13TeV_Pythia8/MINIAODSIM/106X_mcRun2_asymptotic_v17-v4/50000/0398900B-3EF8-0845-B40A-F39A88955168.root
11-Jan-2024 14:15:57 CET  Closed file root://cmsxrootd.fnal.gov//store/mc/RunIISummer20UL16MiniAODv2/GJet_Pt-20toInf_DoubleEMEnriched_MGG-40to80_TuneCP5_13TeV_Pythia8/MINIAODSIM/106X_mcRun2_asymptotic_v17-v4/50000/0398900B-3EF8-0845-B40A-F39A88955168.root
11-Jan-2024 14:15:57 CET  Initiating request to open file root://cmsxrootd.fnal.gov//store/mc/RunIISummer20UL16MiniAODv2/GJet_Pt-20toInf_DoubleEMEnriched_MGG-40to80_TuneCP5_13TeV_Pythia8/MINIAODSIM/106X_mcRun2_asymptotic_v17-v4/50000/64A25C85-6C0D-574D-BA4D-1AA73AFD7160.root
%MSG-w XrdAdaptor:  file_open 11-Jan-2024 14:16:06 CET PostProcessEvent
Data is served from cms.rcac.purdue.edu instead of original site US-Regional-Nebraska
%MSG
11-Jan-2024 14:16:07 CET  Successfully opened file root://cmsxrootd.fnal.gov//store/mc/RunIISummer20UL16MiniAODv2/GJet_Pt-20toInf_DoubleEMEnriched_MGG-40to80_TuneCP5_13TeV_Pythia8/MINIAODSIM/106X_mcRun2_asymptotic_v17-v4/50000/64A25C85-6C0D-574D-BA4D-1AA73AFD7160.root
11-Jan-2024 14:16:13 CET  Closed file root://cmsxrootd.fnal.gov//store/mc/RunIISummer20UL16MiniAODv2/GJet_Pt-20toInf_DoubleEMEnriched_MGG-40to80_TuneCP5_13TeV_Pythia8/MINIAODSIM/106X_mcRun2_asymptotic_v17-v4/50000/64A25C85-6C0D-574D-BA4D-1AA73AFD7160.root
11-Jan-2024 14:16:13 CET  Initiating request to open file root://cmsxrootd.fnal.gov//store/mc/RunIISummer20UL16MiniAODv2/GJet_Pt-20toInf_DoubleEMEnriched_MGG-40to80_TuneCP5_13TeV_Pythia8/MINIAODSIM/106X_mcRun2_asymptotic_v17-v4/50000/45E4ED25-3F08-FE47-A90C-926A4051A2FF.root
%MSG-w XrdAdaptor:  file_open 11-Jan-2024 14:16:16 CET PostProcessEvent
Data is served from fnal.gov instead of original site US-Regional-Nebraska
%MSG
11-Jan-2024 14:16:16 CET  Successfully opened file root://cmsxrootd.fnal.gov//store/mc/RunIISummer20UL16MiniAODv2/GJet_Pt-20toInf_DoubleEMEnriched_MGG-40to80_TuneCP5_13TeV_Pythia8/MINIAODSIM/106X_mcRun2_asymptotic_v17-v4/50000/45E4ED25-3F08-FE47-A90C-926A4051A2FF.root
11-Jan-2024 14:16:21 CET  Closed file root://cmsxrootd.fnal.gov//store/mc/RunIISummer20UL16MiniAODv2/GJet_Pt-20toInf_DoubleEMEnriched_MGG-40to80_TuneCP5_13TeV_Pythia8/MINIAODSIM/106X_mcRun2_asymptotic_v17-v4/50000/45E4ED25-3F08-FE47-A90C-926A4051A2FF.root
11-Jan-2024 14:16:21 CET  Initiating request to open file root://cmsxrootd.fnal.gov//store/mc/RunIISummer20UL16MiniAODv2/GJet_Pt-20toInf_DoubleEMEnriched_MGG-40to80_TuneCP5_13TeV_Pythia8/MINIAODSIM/106X_mcRun2_asymptotic_v17-v4/50000/D924C8AF-274C-9747-BEA6-13C836C8B4B8.root
%MSG-w XrdAdaptor:  file_open 11-Jan-2024 14:16:24 CET PostProcessEvent
Data is served from fnal.gov instead of original site US-Regional-Nebraska
%MSG
11-Jan-2024 14:16:24 CET  Successfully opened file root://cmsxrootd.fnal.gov//store/mc/RunIISummer20UL16MiniAODv2/GJet_Pt-20toInf_DoubleEMEnriched_MGG-40to80_TuneCP5_13TeV_Pythia8/MINIAODSIM/106X_mcRun2_asymptotic_v17-v4/50000/D924C8AF-274C-9747-BEA6-13C836C8B4B8.root
11-Jan-2024 14:16:31 CET  Closed file root://cmsxrootd.fnal.gov//store/mc/RunIISummer20UL16MiniAODv2/GJet_Pt-20toInf_DoubleEMEnriched_MGG-40to80_TuneCP5_13TeV_Pythia8/MINIAODSIM/106X_mcRun2_asymptotic_v17-v4/50000/D924C8AF-274C-9747-BEA6-13C836C8B4B8.root
11-Jan-2024 14:16:31 CET  Initiating request to open file root://cmsxrootd.fnal.gov//store/mc/RunIISummer20UL16MiniAODv2/GJet_Pt-20toInf_DoubleEMEnriched_MGG-40to80_TuneCP5_13TeV_Pythia8/MINIAODSIM/106X_mcRun2_asymptotic_v17-v4/50000/8F7803CE-0105-074F-908C-AF226E18C92E.root
%MSG-w XrdAdaptor:  file_open 11-Jan-2024 14:16:34 CET PostProcessEvent
Data is served from cms.rcac.purdue.edu instead of original site US-Regional-Nebraska
%MSG
11-Jan-2024 14:16:35 CET  Successfully opened file root://cmsxrootd.fnal.gov//store/mc/RunIISummer20UL16MiniAODv2/GJet_Pt-20toInf_DoubleEMEnriched_MGG-40to80_TuneCP5_13TeV_Pythia8/MINIAODSIM/106X_mcRun2_asymptotic_v17-v4/50000/8F7803CE-0105-074F-908C-AF226E18C92E.root
11-Jan-2024 14:16:38 CET  Closed file root://cmsxrootd.fnal.gov//store/mc/RunIISummer20UL16MiniAODv2/GJet_Pt-20toInf_DoubleEMEnriched_MGG-40to80_TuneCP5_13TeV_Pythia8/MINIAODSIM/106X_mcRun2_asymptotic_v17-v4/50000/8F7803CE-0105-074F-908C-AF226E18C92E.root
11-Jan-2024 14:16:38 CET  Initiating request to open file root://cmsxrootd.fnal.gov//store/mc/RunIISummer20UL16MiniAODv2/GJet_Pt-20toInf_DoubleEMEnriched_MGG-40to80_TuneCP5_13TeV_Pythia8/MINIAODSIM/106X_mcRun2_asymptotic_v17-v4/50000/81F4F011-1D04-CD49-9C09-AF08A6344F24.root
[2024-01-11 14:17:25.245839 +0100][Error  ][AsyncSock         ] [xrootd-se4-vanderbilt.sites.opensciencegrid.org:1094 #0.0] Socket error while handshaking: [ERROR] Socket timeout
[2024-01-11 14:17:25.245928 +0100][Error  ][PostMaster        ] [xrootd-se4-vanderbilt.sites.opensciencegrid.org:1094 #0] elapsed = 45, pConnectionWindow = 31 seconds.
%MSG-w XrdAdaptor:  file_open 11-Jan-2024 14:17:27 CET PostProcessEvent
Data is served from T2_US_Vanderbilt instead of original site US-Regional-Nebraska
%MSG
11-Jan-2024 14:17:27 CET  Successfully opened file root://cmsxrootd.fnal.gov//store/mc/RunIISummer20UL16MiniAODv2/GJet_Pt-20toInf_DoubleEMEnriched_MGG-40to80_TuneCP5_13TeV_Pythia8/MINIAODSIM/106X_mcRun2_asymptotic_v17-v4/50000/81F4F011-1D04-CD49-9C09-AF08A6344F24.root
Begin processing the 100001st record. Run 1, Event 40169838, LumiSection 1109 on stream 0 at 11-Jan-2024 14:17:34.319 CET
11-Jan-2024 14:17:35 CET  Closed file root://cmsxrootd.fnal.gov//store/mc/RunIISummer20UL16MiniAODv2/GJet_Pt-20toInf_DoubleEMEnriched_MGG-40to80_TuneCP5_13TeV_Pythia8/MINIAODSIM/106X_mcRun2_asymptotic_v17-v4/50000/81F4F011-1D04-CD49-9C09-AF08A6344F24.root
11-Jan-2024 14:17:35 CET  Initiating request to open file root://cmsxrootd.fnal.gov//store/mc/RunIISummer20UL16MiniAODv2/GJet_Pt-20toInf_DoubleEMEnriched_MGG-40to80_TuneCP5_13TeV_Pythia8/MINIAODSIM/106X_mcRun2_asymptotic_v17-v4/50000/D59633AE-FCC6-5643-B5DB-2487C7C284E7.root
%MSG-w XrdAdaptor:  file_open 11-Jan-2024 14:17:38 CET PostProcessEvent
Data is served from T2_US_Caltech instead of original site US-Regional-Nebraska
%MSG
11-Jan-2024 14:17:39 CET  Successfully opened file root://cmsxrootd.fnal.gov//store/mc/RunIISummer20UL16MiniAODv2/GJet_Pt-20toInf_DoubleEMEnriched_MGG-40to80_TuneCP5_13TeV_Pythia8/MINIAODSIM/106X_mcRun2_asymptotic_v17-v4/50000/D59633AE-FCC6-5643-B5DB-2487C7C284E7.root
11-Jan-2024 14:17:44 CET  Closed file root://cmsxrootd.fnal.gov//store/mc/RunIISummer20UL16MiniAODv2/GJet_Pt-20toInf_DoubleEMEnriched_MGG-40to80_TuneCP5_13TeV_Pythia8/MINIAODSIM/106X_mcRun2_asymptotic_v17-v4/50000/D59633AE-FCC6-5643-B5DB-2487C7C284E7.root
11-Jan-2024 14:17:44 CET  Initiating request to open file root://cmsxrootd.fnal.gov//store/mc/RunIISummer20UL16MiniAODv2/GJet_Pt-20toInf_DoubleEMEnriched_MGG-40to80_TuneCP5_13TeV_Pythia8/MINIAODSIM/106X_mcRun2_asymptotic_v17-v4/60000/5FAF8B43-55DF-EE45-B065-A3A9273CE7BD.root
%MSG-w XrdAdaptor:  file_open 11-Jan-2024 14:17:48 CET PostProcessEvent
Data is served from T2_US_Vanderbilt instead of original site US-Regional-Nebraska
%MSG
11-Jan-2024 14:17:48 CET  Successfully opened file root://cmsxrootd.fnal.gov//store/mc/RunIISummer20UL16MiniAODv2/GJet_Pt-20toInf_DoubleEMEnriched_MGG-40to80_TuneCP5_13TeV_Pythia8/MINIAODSIM/106X_mcRun2_asymptotic_v17-v4/60000/5FAF8B43-55DF-EE45-B065-A3A9273CE7BD.root
11-Jan-2024 14:17:54 CET  Closed file root://cmsxrootd.fnal.gov//store/mc/RunIISummer20UL16MiniAODv2/GJet_Pt-20toInf_DoubleEMEnriched_MGG-40to80_TuneCP5_13TeV_Pythia8/MINIAODSIM/106X_mcRun2_asymptotic_v17-v4/60000/5FAF8B43-55DF-EE45-B065-A3A9273CE7BD.root
11-Jan-2024 14:17:54 CET  Initiating request to open file root://cmsxrootd.fnal.gov//store/mc/RunIISummer20UL16MiniAODv2/GJet_Pt-20toInf_DoubleEMEnriched_MGG-40to80_TuneCP5_13TeV_Pythia8/MINIAODSIM/106X_mcRun2_asymptotic_v17-v4/60000/0F6870AA-3F3C-264D-AF15-7D4109F49033.root
Unable to load sec.protocol plugin libXrdSecztn.so
%MSG-w XrdAdaptor:  file_open 11-Jan-2024 14:17:58 CET PostProcessEvent
Data is served from fnal.gov instead of original site US-Regional-Nebraska
%MSG
11-Jan-2024 14:17:58 CET  Successfully opened file root://cmsxrootd.fnal.gov//store/mc/RunIISummer20UL16MiniAODv2/GJet_Pt-20toInf_DoubleEMEnriched_MGG-40to80_TuneCP5_13TeV_Pythia8/MINIAODSIM/106X_mcRun2_asymptotic_v17-v4/60000/0F6870AA-3F3C-264D-AF15-7D4109F49033.root
11-Jan-2024 14:18:05 CET  Closed file root://cmsxrootd.fnal.gov//store/mc/RunIISummer20UL16MiniAODv2/GJet_Pt-20toInf_DoubleEMEnriched_MGG-40to80_TuneCP5_13TeV_Pythia8/MINIAODSIM/106X_mcRun2_asymptotic_v17-v4/60000/0F6870AA-3F3C-264D-AF15-7D4109F49033.root
11-Jan-2024 14:18:05 CET  Initiating request to open file root://cmsxrootd.fnal.gov//store/mc/RunIISummer20UL16MiniAODv2/GJet_Pt-20toInf_DoubleEMEnriched_MGG-40to80_TuneCP5_13TeV_Pythia8/MINIAODSIM/106X_mcRun2_asymptotic_v17-v4/60000/BE0C3CAB-0DD9-0943-8F78-67FF4E02F368.root
%MSG-w XrdAdaptor:  file_open 11-Jan-2024 14:18:09 CET PostProcessEvent
Data is served from fnal.gov instead of original site US-Regional-Nebraska
%MSG
11-Jan-2024 14:18:11 CET  Successfully opened file root://cmsxrootd.fnal.gov//store/mc/RunIISummer20UL16MiniAODv2/GJet_Pt-20toInf_DoubleEMEnriched_MGG-40to80_TuneCP5_13TeV_Pythia8/MINIAODSIM/106X_mcRun2_asymptotic_v17-v4/60000/BE0C3CAB-0DD9-0943-8F78-67FF4E02F368.root
11-Jan-2024 14:18:15 CET  Closed file root://cmsxrootd.fnal.gov//store/mc/RunIISummer20UL16MiniAODv2/GJet_Pt-20toInf_DoubleEMEnriched_MGG-40to80_TuneCP5_13TeV_Pythia8/MINIAODSIM/106X_mcRun2_asymptotic_v17-v4/60000/BE0C3CAB-0DD9-0943-8F78-67FF4E02F368.root
11-Jan-2024 14:18:15 CET  Initiating request to open file root://cmsxrootd.fnal.gov//store/mc/RunIISummer20UL16MiniAODv2/GJet_Pt-20toInf_DoubleEMEnriched_MGG-40to80_TuneCP5_13TeV_Pythia8/MINIAODSIM/106X_mcRun2_asymptotic_v17-v4/50000/B465B58D-0703-4544-86FD-F4AEEE8C6C33.root
%MSG-w XrdAdaptor:  file_open 11-Jan-2024 14:18:21 CET PostProcessEvent
Data is served from T2_US_Wisconsin instead of original site US-Regional-Nebraska
%MSG
11-Jan-2024 14:18:22 CET  Successfully opened file root://cmsxrootd.fnal.gov//store/mc/RunIISummer20UL16MiniAODv2/GJet_Pt-20toInf_DoubleEMEnriched_MGG-40to80_TuneCP5_13TeV_Pythia8/MINIAODSIM/106X_mcRun2_asymptotic_v17-v4/50000/B465B58D-0703-4544-86FD-F4AEEE8C6C33.root
11-Jan-2024 14:18:29 CET  Closed file root://cmsxrootd.fnal.gov//store/mc/RunIISummer20UL16MiniAODv2/GJet_Pt-20toInf_DoubleEMEnriched_MGG-40to80_TuneCP5_13TeV_Pythia8/MINIAODSIM/106X_mcRun2_asymptotic_v17-v4/50000/B465B58D-0703-4544-86FD-F4AEEE8C6C33.root
11-Jan-2024 14:18:29 CET  Initiating request to open file root://cmsxrootd.fnal.gov//store/mc/RunIISummer20UL16MiniAODv2/GJet_Pt-20toInf_DoubleEMEnriched_MGG-40to80_TuneCP5_13TeV_Pythia8/MINIAODSIM/106X_mcRun2_asymptotic_v17-v4/50000/2FABF3CA-9806-CE4B-BD51-1576AFF276E7.root
%MSG-w XrdAdaptor:  file_open 11-Jan-2024 14:18:32 CET PostProcessEvent
Data is served from T2_US_Vanderbilt instead of original site US-Regional-Nebraska
%MSG
11-Jan-2024 14:18:32 CET  Successfully opened file root://cmsxrootd.fnal.gov//store/mc/RunIISummer20UL16MiniAODv2/GJet_Pt-20toInf_DoubleEMEnriched_MGG-40to80_TuneCP5_13TeV_Pythia8/MINIAODSIM/106X_mcRun2_asymptotic_v17-v4/50000/2FABF3CA-9806-CE4B-BD51-1576AFF276E7.root
11-Jan-2024 14:18:38 CET  Closed file root://cmsxrootd.fnal.gov//store/mc/RunIISummer20UL16MiniAODv2/GJet_Pt-20toInf_DoubleEMEnriched_MGG-40to80_TuneCP5_13TeV_Pythia8/MINIAODSIM/106X_mcRun2_asymptotic_v17-v4/50000/2FABF3CA-9806-CE4B-BD51-1576AFF276E7.root
11-Jan-2024 14:18:38 CET  Initiating request to open file root://cmsxrootd.fnal.gov//store/mc/RunIISummer20UL16MiniAODv2/GJet_Pt-20toInf_DoubleEMEnriched_MGG-40to80_TuneCP5_13TeV_Pythia8/MINIAODSIM/106X_mcRun2_asymptotic_v17-v4/50000/EA935467-03A5-D14E-B265-619A49A36ABE.root
%MSG-w XrdAdaptor:  file_open 11-Jan-2024 14:18:41 CET PostProcessEvent
Data is served from T2_US_MIT instead of original site US-Regional-Nebraska
%MSG
11-Jan-2024 14:18:42 CET  Successfully opened file root://cmsxrootd.fnal.gov//store/mc/RunIISummer20UL16MiniAODv2/GJet_Pt-20toInf_DoubleEMEnriched_MGG-40to80_TuneCP5_13TeV_Pythia8/MINIAODSIM/106X_mcRun2_asymptotic_v17-v4/50000/EA935467-03A5-D14E-B265-619A49A36ABE.root
11-Jan-2024 14:18:48 CET  Closed file root://cmsxrootd.fnal.gov//store/mc/RunIISummer20UL16MiniAODv2/GJet_Pt-20toInf_DoubleEMEnriched_MGG-40to80_TuneCP5_13TeV_Pythia8/MINIAODSIM/106X_mcRun2_asymptotic_v17-v4/50000/EA935467-03A5-D14E-B265-619A49A36ABE.root
11-Jan-2024 14:18:48 CET  Initiating request to open file root://cmsxrootd.fnal.gov//store/mc/RunIISummer20UL16MiniAODv2/GJet_Pt-20toInf_DoubleEMEnriched_MGG-40to80_TuneCP5_13TeV_Pythia8/MINIAODSIM/106X_mcRun2_asymptotic_v17-v4/50000/3A0365EA-427D-7F43-8710-E3DE2183D58C.root
%MSG-w XrdAdaptor:  file_open 11-Jan-2024 14:18:50 CET PostProcessEvent
Data is served from fnal.gov instead of original site US-Regional-Nebraska
%MSG
11-Jan-2024 14:18:51 CET  Successfully opened file root://cmsxrootd.fnal.gov//store/mc/RunIISummer20UL16MiniAODv2/GJet_Pt-20toInf_DoubleEMEnriched_MGG-40to80_TuneCP5_13TeV_Pythia8/MINIAODSIM/106X_mcRun2_asymptotic_v17-v4/50000/3A0365EA-427D-7F43-8710-E3DE2183D58C.root
11-Jan-2024 14:18:55 CET  Closed file root://cmsxrootd.fnal.gov//store/mc/RunIISummer20UL16MiniAODv2/GJet_Pt-20toInf_DoubleEMEnriched_MGG-40to80_TuneCP5_13TeV_Pythia8/MINIAODSIM/106X_mcRun2_asymptotic_v17-v4/50000/3A0365EA-427D-7F43-8710-E3DE2183D58C.root
11-Jan-2024 14:18:55 CET  Initiating request to open file root://cmsxrootd.fnal.gov//store/mc/RunIISummer20UL16MiniAODv2/GJet_Pt-20toInf_DoubleEMEnriched_MGG-40to80_TuneCP5_13TeV_Pythia8/MINIAODSIM/106X_mcRun2_asymptotic_v17-v4/50000/64AC9652-9944-E44A-AA84-B95B6A51A411.root
%MSG-w XrdAdaptor:  file_open 11-Jan-2024 14:18:57 CET PostProcessEvent
Data is served from T2_US_Florida instead of original site US-Regional-Nebraska
%MSG
11-Jan-2024 14:18:58 CET  Successfully opened file root://cmsxrootd.fnal.gov//store/mc/RunIISummer20UL16MiniAODv2/GJet_Pt-20toInf_DoubleEMEnriched_MGG-40to80_TuneCP5_13TeV_Pythia8/MINIAODSIM/106X_mcRun2_asymptotic_v17-v4/50000/64AC9652-9944-E44A-AA84-B95B6A51A411.root
11-Jan-2024 14:19:02 CET  Closed file root://cmsxrootd.fnal.gov//store/mc/RunIISummer20UL16MiniAODv2/GJet_Pt-20toInf_DoubleEMEnriched_MGG-40to80_TuneCP5_13TeV_Pythia8/MINIAODSIM/106X_mcRun2_asymptotic_v17-v4/50000/64AC9652-9944-E44A-AA84-B95B6A51A411.root
11-Jan-2024 14:19:02 CET  Initiating request to open file root://cmsxrootd.fnal.gov//store/mc/RunIISummer20UL16MiniAODv2/GJet_Pt-20toInf_DoubleEMEnriched_MGG-40to80_TuneCP5_13TeV_Pythia8/MINIAODSIM/106X_mcRun2_asymptotic_v17-v4/60000/81674543-AC00-C042-AABA-CF02FA846E68.root
%MSG-w XrdAdaptor:  file_open 11-Jan-2024 14:19:06 CET PostProcessEvent
Data is served from T2_US_Vanderbilt instead of original site US-Regional-Nebraska
%MSG
11-Jan-2024 14:19:08 CET  Successfully opened file root://cmsxrootd.fnal.gov//store/mc/RunIISummer20UL16MiniAODv2/GJet_Pt-20toInf_DoubleEMEnriched_MGG-40to80_TuneCP5_13TeV_Pythia8/MINIAODSIM/106X_mcRun2_asymptotic_v17-v4/60000/81674543-AC00-C042-AABA-CF02FA846E68.root
11-Jan-2024 14:19:13 CET  Closed file root://cmsxrootd.fnal.gov//store/mc/RunIISummer20UL16MiniAODv2/GJet_Pt-20toInf_DoubleEMEnriched_MGG-40to80_TuneCP5_13TeV_Pythia8/MINIAODSIM/106X_mcRun2_asymptotic_v17-v4/60000/81674543-AC00-C042-AABA-CF02FA846E68.root
11-Jan-2024 14:19:13 CET  Initiating request to open file root://cmsxrootd.fnal.gov//store/mc/RunIISummer20UL16MiniAODv2/GJet_Pt-20toInf_DoubleEMEnriched_MGG-40to80_TuneCP5_13TeV_Pythia8/MINIAODSIM/106X_mcRun2_asymptotic_v17-v4/50000/56962D62-2708-5A43-8A13-0D017C46229F.root
%MSG-w XrdAdaptor:  file_open 11-Jan-2024 14:19:15 CET PostProcessEvent
Data is served from fnal.gov instead of original site US-Regional-Nebraska
%MSG
11-Jan-2024 14:19:16 CET  Successfully opened file root://cmsxrootd.fnal.gov//store/mc/RunIISummer20UL16MiniAODv2/GJet_Pt-20toInf_DoubleEMEnriched_MGG-40to80_TuneCP5_13TeV_Pythia8/MINIAODSIM/106X_mcRun2_asymptotic_v17-v4/50000/56962D62-2708-5A43-8A13-0D017C46229F.root
11-Jan-2024 14:19:35 CET  Closed file root://cmsxrootd.fnal.gov//store/mc/RunIISummer20UL16MiniAODv2/GJet_Pt-20toInf_DoubleEMEnriched_MGG-40to80_TuneCP5_13TeV_Pythia8/MINIAODSIM/106X_mcRun2_asymptotic_v17-v4/50000/56962D62-2708-5A43-8A13-0D017C46229F.root
11-Jan-2024 14:19:35 CET  Initiating request to open file root://cmsxrootd.fnal.gov//store/mc/RunIISummer20UL16MiniAODv2/GJet_Pt-20toInf_DoubleEMEnriched_MGG-40to80_TuneCP5_13TeV_Pythia8/MINIAODSIM/106X_mcRun2_asymptotic_v17-v4/50000/81552BF9-05C1-D249-845B-36382A4A44B7.root
%MSG-w XrdAdaptor:  file_open 11-Jan-2024 14:19:37 CET PostProcessEvent
Data is served from fnal.gov instead of original site US-Regional-Nebraska
%MSG
11-Jan-2024 14:19:38 CET  Successfully opened file root://cmsxrootd.fnal.gov//store/mc/RunIISummer20UL16MiniAODv2/GJet_Pt-20toInf_DoubleEMEnriched_MGG-40to80_TuneCP5_13TeV_Pythia8/MINIAODSIM/106X_mcRun2_asymptotic_v17-v4/50000/81552BF9-05C1-D249-845B-36382A4A44B7.root
Begin processing the 200001st record. Run 1, Event 66644800, LumiSection 1839 on stream 0 at 11-Jan-2024 14:19:45.569 CET
11-Jan-2024 14:19:46 CET  Closed file root://cmsxrootd.fnal.gov//store/mc/RunIISummer20UL16MiniAODv2/GJet_Pt-20toInf_DoubleEMEnriched_MGG-40to80_TuneCP5_13TeV_Pythia8/MINIAODSIM/106X_mcRun2_asymptotic_v17-v4/50000/81552BF9-05C1-D249-845B-36382A4A44B7.root
11-Jan-2024 14:19:46 CET  Initiating request to open file root://cmsxrootd.fnal.gov//store/mc/RunIISummer20UL16MiniAODv2/GJet_Pt-20toInf_DoubleEMEnriched_MGG-40to80_TuneCP5_13TeV_Pythia8/MINIAODSIM/106X_mcRun2_asymptotic_v17-v4/50000/8FECFBE5-1085-6B48-9A90-C76D6548FDBE.root
%MSG-w XrdAdaptor:  file_open 11-Jan-2024 14:19:50 CET PostProcessEvent
Data is served from fnal.gov instead of original site US-Regional-Nebraska
%MSG
11-Jan-2024 14:19:52 CET  Successfully opened file root://cmsxrootd.fnal.gov//store/mc/RunIISummer20UL16MiniAODv2/GJet_Pt-20toInf_DoubleEMEnriched_MGG-40to80_TuneCP5_13TeV_Pythia8/MINIAODSIM/106X_mcRun2_asymptotic_v17-v4/50000/8FECFBE5-1085-6B48-9A90-C76D6548FDBE.root
Begin processing the 300001st record. Run 1, Event 52839525, LumiSection 1458 on stream 0 at 11-Jan-2024 14:20:14.202 CET
11-Jan-2024 14:20:15 CET  Closed file root://cmsxrootd.fnal.gov//store/mc/RunIISummer20UL16MiniAODv2/GJet_Pt-20toInf_DoubleEMEnriched_MGG-40to80_TuneCP5_13TeV_Pythia8/MINIAODSIM/106X_mcRun2_asymptotic_v17-v4/50000/8FECFBE5-1085-6B48-9A90-C76D6548FDBE.root
11-Jan-2024 14:20:15 CET  Initiating request to open file root://cmsxrootd.fnal.gov//store/mc/RunIISummer20UL16MiniAODv2/GJet_Pt-20toInf_DoubleEMEnriched_MGG-40to80_TuneCP5_13TeV_Pythia8/MINIAODSIM/106X_mcRun2_asymptotic_v17-v4/50000/BAA241E4-0187-6B4C-9D53-EAB6A70929FB.root
%MSG-w XrdAdaptor:  file_open 11-Jan-2024 14:20:18 CET PostProcessEvent
Data is served from fnal.gov instead of original site US-Regional-Nebraska
%MSG
11-Jan-2024 14:20:20 CET  Successfully opened file root://cmsxrootd.fnal.gov//store/mc/RunIISummer20UL16MiniAODv2/GJet_Pt-20toInf_DoubleEMEnriched_MGG-40to80_TuneCP5_13TeV_Pythia8/MINIAODSIM/106X_mcRun2_asymptotic_v17-v4/50000/BAA241E4-0187-6B4C-9D53-EAB6A70929FB.root
Begin processing the 400001st record. Run 1, Event 62167081, LumiSection 1715 on stream 0 at 11-Jan-2024 14:20:33.859 CET
11-Jan-2024 14:20:34 CET  Closed file root://cmsxrootd.fnal.gov//store/mc/RunIISummer20UL16MiniAODv2/GJet_Pt-20toInf_DoubleEMEnriched_MGG-40to80_TuneCP5_13TeV_Pythia8/MINIAODSIM/106X_mcRun2_asymptotic_v17-v4/50000/BAA241E4-0187-6B4C-9D53-EAB6A70929FB.root
11-Jan-2024 14:20:34 CET  Initiating request to open file root://cmsxrootd.fnal.gov//store/mc/RunIISummer20UL16MiniAODv2/GJet_Pt-20toInf_DoubleEMEnriched_MGG-40to80_TuneCP5_13TeV_Pythia8/MINIAODSIM/106X_mcRun2_asymptotic_v17-v4/50000/AF3DB267-275B-CB43-8BFA-F651A7DD0461.root
%MSG-w XrdAdaptor:  file_open 11-Jan-2024 14:20:38 CET PostProcessEvent
Data is served from fnal.gov instead of original site US-Regional-Nebraska
%MSG
11-Jan-2024 14:20:40 CET  Successfully opened file root://cmsxrootd.fnal.gov//store/mc/RunIISummer20UL16MiniAODv2/GJet_Pt-20toInf_DoubleEMEnriched_MGG-40to80_TuneCP5_13TeV_Pythia8/MINIAODSIM/106X_mcRun2_asymptotic_v17-v4/50000/AF3DB267-275B-CB43-8BFA-F651A7DD0461.root
Begin processing the 500001st record. Run 1, Event 59250220, LumiSection 1635 on stream 0 at 11-Jan-2024 14:20:50.511 CET
11-Jan-2024 14:20:51 CET  Closed file root://cmsxrootd.fnal.gov//store/mc/RunIISummer20UL16MiniAODv2/GJet_Pt-20toInf_DoubleEMEnriched_MGG-40to80_TuneCP5_13TeV_Pythia8/MINIAODSIM/106X_mcRun2_asymptotic_v17-v4/50000/AF3DB267-275B-CB43-8BFA-F651A7DD0461.root
11-Jan-2024 14:20:51 CET  Initiating request to open file root://cmsxrootd.fnal.gov//store/mc/RunIISummer20UL16MiniAODv2/GJet_Pt-20toInf_DoubleEMEnriched_MGG-40to80_TuneCP5_13TeV_Pythia8/MINIAODSIM/106X_mcRun2_asymptotic_v17-v4/50000/26E565BA-5796-0149-A9E5-48B5033E0EEB.root
%MSG-w XrdAdaptor:  file_open 11-Jan-2024 14:20:53 CET PostProcessEvent
Data is served from fnal.gov instead of original site US-Regional-Nebraska
%MSG
11-Jan-2024 14:20:54 CET  Successfully opened file root://cmsxrootd.fnal.gov//store/mc/RunIISummer20UL16MiniAODv2/GJet_Pt-20toInf_DoubleEMEnriched_MGG-40to80_TuneCP5_13TeV_Pythia8/MINIAODSIM/106X_mcRun2_asymptotic_v17-v4/50000/26E565BA-5796-0149-A9E5-48B5033E0EEB.root
Begin processing the 600001st record. Run 1, Event 71766833, LumiSection 1980 on stream 0 at 11-Jan-2024 14:21:07.782 CET
11-Jan-2024 14:21:07 CET  Closed file root://cmsxrootd.fnal.gov//store/mc/RunIISummer20UL16MiniAODv2/GJet_Pt-20toInf_DoubleEMEnriched_MGG-40to80_TuneCP5_13TeV_Pythia8/MINIAODSIM/106X_mcRun2_asymptotic_v17-v4/50000/26E565BA-5796-0149-A9E5-48B5033E0EEB.root
11-Jan-2024 14:21:07 CET  Initiating request to open file root://cmsxrootd.fnal.gov//store/mc/RunIISummer20UL16MiniAODv2/GJet_Pt-20toInf_DoubleEMEnriched_MGG-40to80_TuneCP5_13TeV_Pythia8/MINIAODSIM/106X_mcRun2_asymptotic_v17-v4/50000/64EB1FCA-37F0-A141-B607-EAA5AB1A3499.root
%MSG-w XrdAdaptor:  file_open 11-Jan-2024 14:21:10 CET PostProcessEvent
Data is served from fnal.gov instead of original site US-Regional-Nebraska
%MSG
11-Jan-2024 14:21:10 CET  Successfully opened file root://cmsxrootd.fnal.gov//store/mc/RunIISummer20UL16MiniAODv2/GJet_Pt-20toInf_DoubleEMEnriched_MGG-40to80_TuneCP5_13TeV_Pythia8/MINIAODSIM/106X_mcRun2_asymptotic_v17-v4/50000/64EB1FCA-37F0-A141-B607-EAA5AB1A3499.root
11-Jan-2024 14:21:19 CET  Closed file root://cmsxrootd.fnal.gov//store/mc/RunIISummer20UL16MiniAODv2/GJet_Pt-20toInf_DoubleEMEnriched_MGG-40to80_TuneCP5_13TeV_Pythia8/MINIAODSIM/106X_mcRun2_asymptotic_v17-v4/50000/64EB1FCA-37F0-A141-B607-EAA5AB1A3499.root
11-Jan-2024 14:21:19 CET  Initiating request to open file root://cmsxrootd.fnal.gov//store/mc/RunIISummer20UL16MiniAODv2/GJet_Pt-20toInf_DoubleEMEnriched_MGG-40to80_TuneCP5_13TeV_Pythia8/MINIAODSIM/106X_mcRun2_asymptotic_v17-v4/50000/A2BAE1F0-819B-D048-9CA9-A6141F08B659.root
%MSG-w XrdAdaptor:  file_open 11-Jan-2024 14:21:22 CET PostProcessEvent
Data is served from fnal.gov instead of original site US-Regional-Nebraska
%MSG
11-Jan-2024 14:21:24 CET  Successfully opened file root://cmsxrootd.fnal.gov//store/mc/RunIISummer20UL16MiniAODv2/GJet_Pt-20toInf_DoubleEMEnriched_MGG-40to80_TuneCP5_13TeV_Pythia8/MINIAODSIM/106X_mcRun2_asymptotic_v17-v4/50000/A2BAE1F0-819B-D048-9CA9-A6141F08B659.root
Begin processing the 700001st record. Run 1, Event 62823970, LumiSection 1734 on stream 0 at 11-Jan-2024 14:21:32.801 CET
11-Jan-2024 14:21:33 CET  Closed file root://cmsxrootd.fnal.gov//store/mc/RunIISummer20UL16MiniAODv2/GJet_Pt-20toInf_DoubleEMEnriched_MGG-40to80_TuneCP5_13TeV_Pythia8/MINIAODSIM/106X_mcRun2_asymptotic_v17-v4/50000/A2BAE1F0-819B-D048-9CA9-A6141F08B659.root
11-Jan-2024 14:21:33 CET  Initiating request to open file root://cmsxrootd.fnal.gov//store/mc/RunIISummer20UL16MiniAODv2/GJet_Pt-20toInf_DoubleEMEnriched_MGG-40to80_TuneCP5_13TeV_Pythia8/MINIAODSIM/106X_mcRun2_asymptotic_v17-v4/50000/DD80F83E-4C46-824B-9324-F11846025351.root
%MSG-w XrdAdaptor:  file_open 11-Jan-2024 14:21:36 CET PostProcessEvent
Data is served from fnal.gov instead of original site US-Regional-Nebraska
%MSG
11-Jan-2024 14:21:38 CET  Successfully opened file root://cmsxrootd.fnal.gov//store/mc/RunIISummer20UL16MiniAODv2/GJet_Pt-20toInf_DoubleEMEnriched_MGG-40to80_TuneCP5_13TeV_Pythia8/MINIAODSIM/106X_mcRun2_asymptotic_v17-v4/50000/DD80F83E-4C46-824B-9324-F11846025351.root
11-Jan-2024 14:21:48 CET  Closed file root://cmsxrootd.fnal.gov//store/mc/RunIISummer20UL16MiniAODv2/GJet_Pt-20toInf_DoubleEMEnriched_MGG-40to80_TuneCP5_13TeV_Pythia8/MINIAODSIM/106X_mcRun2_asymptotic_v17-v4/50000/DD80F83E-4C46-824B-9324-F11846025351.root
11-Jan-2024 14:21:48 CET  Initiating request to open file root://cmsxrootd.fnal.gov//store/mc/RunIISummer20UL16MiniAODv2/GJet_Pt-20toInf_DoubleEMEnriched_MGG-40to80_TuneCP5_13TeV_Pythia8/MINIAODSIM/106X_mcRun2_asymptotic_v17-v4/50000/51A41444-213B-5542-9786-43621E5154E7.root
%MSG-w XrdAdaptor:  file_open 11-Jan-2024 14:21:50 CET PostProcessEvent
Data is served from fnal.gov instead of original site US-Regional-Nebraska
%MSG
11-Jan-2024 14:21:50 CET  Successfully opened file root://cmsxrootd.fnal.gov//store/mc/RunIISummer20UL16MiniAODv2/GJet_Pt-20toInf_DoubleEMEnriched_MGG-40to80_TuneCP5_13TeV_Pythia8/MINIAODSIM/106X_mcRun2_asymptotic_v17-v4/50000/51A41444-213B-5542-9786-43621E5154E7.root
Begin processing the 800001st record. Run 1, Event 43925940, LumiSection 1212 on stream 0 at 11-Jan-2024 14:21:58.912 CET
11-Jan-2024 14:22:00 CET  Closed file root://cmsxrootd.fnal.gov//store/mc/RunIISummer20UL16MiniAODv2/GJet_Pt-20toInf_DoubleEMEnriched_MGG-40to80_TuneCP5_13TeV_Pythia8/MINIAODSIM/106X_mcRun2_asymptotic_v17-v4/50000/51A41444-213B-5542-9786-43621E5154E7.root
11-Jan-2024 14:22:00 CET  Initiating request to open file root://cmsxrootd.fnal.gov//store/mc/RunIISummer20UL16MiniAODv2/GJet_Pt-20toInf_DoubleEMEnriched_MGG-40to80_TuneCP5_13TeV_Pythia8/MINIAODSIM/106X_mcRun2_asymptotic_v17-v4/50000/D16CBDEC-751A-E94E-9FEE-5A4DAACA2916.root
%MSG-w XrdAdaptor:  file_open 11-Jan-2024 14:22:02 CET PostProcessEvent
Data is served from fnal.gov instead of original site US-Regional-Nebraska
%MSG
11-Jan-2024 14:22:02 CET  Successfully opened file root://cmsxrootd.fnal.gov//store/mc/RunIISummer20UL16MiniAODv2/GJet_Pt-20toInf_DoubleEMEnriched_MGG-40to80_TuneCP5_13TeV_Pythia8/MINIAODSIM/106X_mcRun2_asymptotic_v17-v4/50000/D16CBDEC-751A-E94E-9FEE-5A4DAACA2916.root
Begin processing the 900001st record. Run 1, Event 52769953, LumiSection 1456 on stream 0 at 11-Jan-2024 14:22:13.195 CET
11-Jan-2024 14:22:14 CET  Closed file root://cmsxrootd.fnal.gov//store/mc/RunIISummer20UL16MiniAODv2/GJet_Pt-20toInf_DoubleEMEnriched_MGG-40to80_TuneCP5_13TeV_Pythia8/MINIAODSIM/106X_mcRun2_asymptotic_v17-v4/50000/D16CBDEC-751A-E94E-9FEE-5A4DAACA2916.root
11-Jan-2024 14:22:14 CET  Initiating request to open file root://cmsxrootd.fnal.gov//store/mc/RunIISummer20UL16MiniAODv2/GJet_Pt-20toInf_DoubleEMEnriched_MGG-40to80_TuneCP5_13TeV_Pythia8/MINIAODSIM/106X_mcRun2_asymptotic_v17-v4/60000/2895CC90-68DC-B544-BD88-E40AEF4CFDCA.root
[2024-01-11 14:25:20.274563 +0100][Error  ][XRootD            ] [cmsdcadisk.fnal.gov:1095] Unable to get the response to request kXR_open (file: /store/mc/RunIISummer20UL16MiniAODv2/GJet_Pt-20toInf_DoubleEMEnriched_MGG-40to80_TuneCP5_13TeV_Pythia8/MINIAODSIM/106X_mcRun2_asymptotic_v17-v4/60000/2895CC90-68DC-B544-BD88-E40AEF4CFDCA.root, mode: 0660, flags: kXR_open_read kXR_async kXR_retstat )
%MSG-w XrdAdaptorInternal:  file_open 11-Jan-2024 14:25:20 CET PostProcessEvent
Failed to open file at URL root://cmsdcadisk.fnal.gov:1095//store/mc/RunIISummer20UL16MiniAODv2/GJet_Pt-20toInf_DoubleEMEnriched_MGG-40to80_TuneCP5_13TeV_Pythia8/MINIAODSIM/106X_mcRun2_asymptotic_v17-v4/60000/2895CC90-68DC-B544-BD88-E40AEF4CFDCA.root.
%MSG
[2024-01-11 14:28:20.304511 +0100][Error  ][XRootD            ] [cmsdcadisk.fnal.gov:1095] Unable to get the response to request kXR_open (file: /store/mc/RunIISummer20UL16MiniAODv2/GJet_Pt-20toInf_DoubleEMEnriched_MGG-40to80_TuneCP5_13TeV_Pythia8/MINIAODSIM/106X_mcRun2_asymptotic_v17-v4/60000/2895CC90-68DC-B544-BD88-E40AEF4CFDCA.root?tried=, mode: 0660, flags: kXR_open_read kXR_async kXR_retstat )
%MSG-w XrdAdaptorInternal:  file_open 11-Jan-2024 14:28:20 CET PostProcessEvent
Failed to open file at URL root://cmsdcadisk.fnal.gov:1095//store/mc/RunIISummer20UL16MiniAODv2/GJet_Pt-20toInf_DoubleEMEnriched_MGG-40to80_TuneCP5_13TeV_Pythia8/MINIAODSIM/106X_mcRun2_asymptotic_v17-v4/60000/2895CC90-68DC-B544-BD88-E40AEF4CFDCA.root?tried=.
%MSG
----- Begin Fatal Exception 11-Jan-2024 14:28:20 CET-----------------------
An exception of category 'FileOpenError' occurred while
   [0] Calling InputSource::readFile_
   [1] Calling RootFileSequenceBase::initTheFile()
   [2] Calling StorageFactory::open()
   [3] Calling XrdFile::open()
Exception Message:
Failed to open the file 'root://cmsxrootd.fnal.gov//store/mc/RunIISummer20UL16MiniAODv2/GJet_Pt-20toInf_DoubleEMEnriched_MGG-40to80_TuneCP5_13TeV_Pythia8/MINIAODSIM/106X_mcRun2_asymptotic_v17-v4/60000/2895CC90-68DC-B544-BD88-E40AEF4CFDCA.root'
   Additional Info:
      [a] Input file root://cmsxrootd.fnal.gov//store/mc/RunIISummer20UL16MiniAODv2/GJet_Pt-20toInf_DoubleEMEnriched_MGG-40to80_TuneCP5_13TeV_Pythia8/MINIAODSIM/106X_mcRun2_asymptotic_v17-v4/60000/2895CC90-68DC-B544-BD88-E40AEF4CFDCA.root could not be opened.
      [b] XrdCl::File::Open(name='root://cmsxrootd.fnal.gov//store/mc/RunIISummer20UL16MiniAODv2/GJet_Pt-20toInf_DoubleEMEnriched_MGG-40to80_TuneCP5_13TeV_Pythia8/MINIAODSIM/106X_mcRun2_asymptotic_v17-v4/60000/2895CC90-68DC-B544-BD88-E40AEF4CFDCA.root', flags=0x10, permissions=0660) => error '[ERROR] Operation expired' (errno=0, code=206). No additional data servers were found.
      [c] Last URL tried: root://cmsdcadisk.fnal.gov:1095//store/mc/RunIISummer20UL16MiniAODv2/GJet_Pt-20toInf_DoubleEMEnriched_MGG-40to80_TuneCP5_13TeV_Pythia8/MINIAODSIM/106X_mcRun2_asymptotic_v17-v4/60000/2895CC90-68DC-B544-BD88-E40AEF4CFDCA.root?tried=
      [d] Problematic data server: cmsdcadisk.fnal.gov:1095
      [e] Disabled source: cmsdcadisk.fnal.gov:1095
----- End Fatal Exception -------------------------------------------------

------------------------------------
GenXsecAnalyzer:
------------------------------------
Before Filter: total cross section = 1.248e+05 +- 1.058e+01 pb
Filter efficiency (taking into account weights)= (933190) / (3.6686e+07) = 2.544e-02 +- 2.599e-05
Filter efficiency (event-level)= (933190) / (3.6686e+07) = 2.544e-02 +- 2.599e-05    [TO BE USED IN MCM]

After filter: final cross section = 3.175e+03 +- 3.256e+00 pb
After filter: final fraction of events with negative weights = 0.000e+00 +- 0.000e+00
After filter: final equivalent lumi for 1M events (1/fb) = 3.150e-01 +- 4.511e-04

=============================================

MessageLogger Summary

 type     category        sev    module        subroutine        count    total
 ---- -------------------- -- ---------------- ----------------  -----    -----
    1 GenXSecAnalyzer      -w GenXSecAnalyzer:                       7        7
    2 XrdAdaptor           -w file_open                             38       38
    3 XrdAdaptorInternal   -w file_open                              2        2
    4 Fatal Exception      -s AfterFile                              1        1
    5 fileAction           -s file_close                            38       38
    6 fileAction           -s file_open                             77       77

 type    category    Examples: run/evt        run/evt          run/evt
 ---- -------------------- ---------------- ---------------- ----------------
    1 GenXSecAnalyzer      PostGlobalEndRun PostGlobalEndRun PostGlobalEndRun
    2 XrdAdaptor           pre-events       PostProcessEvent PostProcessEvent
    3 XrdAdaptorInternal   PostProcessEvent PostProcessEvent 
    4 Fatal Exception      PostProcessEvent                  
    5 fileAction           PostProcessEvent PostProcessEvent PostProcessEvent
    6 fileAction           pre-events       pre-events       PostProcessEvent

Severity    # Occurrences   Total Occurrences
--------    -------------   -----------------
Warning                47                  47
System                116                 116

dropped waiting message count 0
