12-Jan-2024 01:48:15 CET  Initiating request to open file root://cmsxrootd.fnal.gov//store/mc/RunIISummer20UL16MiniAODv2/VBS_OSWW_LL_noTop_CMWW_TuneCP5_13TeV-madgraph-pythia8/MINIAODSIM/106X_mcRun2_asymptotic_v17-v1/140000/FF6B2547-2AA0-1A42-8AC7-5F7BB8AB35F6.root
%MSG-w XrdAdaptor:  file_open 12-Jan-2024 01:48:20 CET pre-events
Data is served from T2_US_MIT instead of original site US-Regional-FNAL
%MSG
12-Jan-2024 01:48:23 CET  Successfully opened file root://cmsxrootd.fnal.gov//store/mc/RunIISummer20UL16MiniAODv2/VBS_OSWW_LL_noTop_CMWW_TuneCP5_13TeV-madgraph-pythia8/MINIAODSIM/106X_mcRun2_asymptotic_v17-v1/140000/FF6B2547-2AA0-1A42-8AC7-5F7BB8AB35F6.root
Begin processing the 1st record. Run 1, Event 10002, LumiSection 74 on stream 0 at 12-Jan-2024 01:48:33.431 CET
12-Jan-2024 01:48:33 CET  Closed file root://cmsxrootd.fnal.gov//store/mc/RunIISummer20UL16MiniAODv2/VBS_OSWW_LL_noTop_CMWW_TuneCP5_13TeV-madgraph-pythia8/MINIAODSIM/106X_mcRun2_asymptotic_v17-v1/140000/FF6B2547-2AA0-1A42-8AC7-5F7BB8AB35F6.root
12-Jan-2024 01:48:33 CET  Initiating request to open file root://cmsxrootd.fnal.gov//store/mc/RunIISummer20UL16MiniAODv2/VBS_OSWW_LL_noTop_CMWW_TuneCP5_13TeV-madgraph-pythia8/MINIAODSIM/106X_mcRun2_asymptotic_v17-v1/70000/ACAE7FE4-9C4D-4B4F-BE4C-DA2613F4F515.root
Unable to load sec.protocol plugin libXrdSecztn.so
%MSG-w XrdAdaptor:  file_open 12-Jan-2024 01:48:37 CET PostProcessEvent
Data is served from fnal.gov instead of original site US-Regional-FNAL
%MSG
12-Jan-2024 01:48:38 CET  Successfully opened file root://cmsxrootd.fnal.gov//store/mc/RunIISummer20UL16MiniAODv2/VBS_OSWW_LL_noTop_CMWW_TuneCP5_13TeV-madgraph-pythia8/MINIAODSIM/106X_mcRun2_asymptotic_v17-v1/70000/ACAE7FE4-9C4D-4B4F-BE4C-DA2613F4F515.root
12-Jan-2024 01:48:42 CET  Closed file root://cmsxrootd.fnal.gov//store/mc/RunIISummer20UL16MiniAODv2/VBS_OSWW_LL_noTop_CMWW_TuneCP5_13TeV-madgraph-pythia8/MINIAODSIM/106X_mcRun2_asymptotic_v17-v1/70000/ACAE7FE4-9C4D-4B4F-BE4C-DA2613F4F515.root
12-Jan-2024 01:48:42 CET  Initiating request to open file root://cmsxrootd.fnal.gov//store/mc/RunIISummer20UL16MiniAODv2/VBS_OSWW_LL_noTop_CMWW_TuneCP5_13TeV-madgraph-pythia8/MINIAODSIM/106X_mcRun2_asymptotic_v17-v1/130000/618D8764-2432-5646-88ED-035FAE8615BD.root
%MSG-w XrdAdaptor:  file_open 12-Jan-2024 01:48:44 CET PostProcessEvent
Data is served from fnal.gov instead of original site US-Regional-FNAL
%MSG
12-Jan-2024 01:48:45 CET  Successfully opened file root://cmsxrootd.fnal.gov//store/mc/RunIISummer20UL16MiniAODv2/VBS_OSWW_LL_noTop_CMWW_TuneCP5_13TeV-madgraph-pythia8/MINIAODSIM/106X_mcRun2_asymptotic_v17-v1/130000/618D8764-2432-5646-88ED-035FAE8615BD.root
12-Jan-2024 01:48:49 CET  Closed file root://cmsxrootd.fnal.gov//store/mc/RunIISummer20UL16MiniAODv2/VBS_OSWW_LL_noTop_CMWW_TuneCP5_13TeV-madgraph-pythia8/MINIAODSIM/106X_mcRun2_asymptotic_v17-v1/130000/618D8764-2432-5646-88ED-035FAE8615BD.root
12-Jan-2024 01:48:49 CET  Initiating request to open file root://cmsxrootd.fnal.gov//store/mc/RunIISummer20UL16MiniAODv2/VBS_OSWW_LL_noTop_CMWW_TuneCP5_13TeV-madgraph-pythia8/MINIAODSIM/106X_mcRun2_asymptotic_v17-v1/120000/9E2AEC48-AE98-CA40-9D43-35F81352A791.root
%MSG-w XrdAdaptor:  file_open 12-Jan-2024 01:48:51 CET PostProcessEvent
Data is served from fnal.gov instead of original site US-Regional-FNAL
%MSG
12-Jan-2024 01:48:52 CET  Successfully opened file root://cmsxrootd.fnal.gov//store/mc/RunIISummer20UL16MiniAODv2/VBS_OSWW_LL_noTop_CMWW_TuneCP5_13TeV-madgraph-pythia8/MINIAODSIM/106X_mcRun2_asymptotic_v17-v1/120000/9E2AEC48-AE98-CA40-9D43-35F81352A791.root
12-Jan-2024 01:48:57 CET  Closed file root://cmsxrootd.fnal.gov//store/mc/RunIISummer20UL16MiniAODv2/VBS_OSWW_LL_noTop_CMWW_TuneCP5_13TeV-madgraph-pythia8/MINIAODSIM/106X_mcRun2_asymptotic_v17-v1/120000/9E2AEC48-AE98-CA40-9D43-35F81352A791.root
12-Jan-2024 01:48:57 CET  Initiating request to open file root://cmsxrootd.fnal.gov//store/mc/RunIISummer20UL16MiniAODv2/VBS_OSWW_LL_noTop_CMWW_TuneCP5_13TeV-madgraph-pythia8/MINIAODSIM/106X_mcRun2_asymptotic_v17-v1/70000/2177C7DC-394D-B04B-9DB8-80B9A18B07A3.root
%MSG-w XrdAdaptor:  file_open 12-Jan-2024 01:49:01 CET PostProcessEvent
Data is served from T2_US_Caltech instead of original site US-Regional-FNAL
%MSG
12-Jan-2024 01:49:02 CET  Successfully opened file root://cmsxrootd.fnal.gov//store/mc/RunIISummer20UL16MiniAODv2/VBS_OSWW_LL_noTop_CMWW_TuneCP5_13TeV-madgraph-pythia8/MINIAODSIM/106X_mcRun2_asymptotic_v17-v1/70000/2177C7DC-394D-B04B-9DB8-80B9A18B07A3.root
12-Jan-2024 01:49:29 CET  Closed file root://cmsxrootd.fnal.gov//store/mc/RunIISummer20UL16MiniAODv2/VBS_OSWW_LL_noTop_CMWW_TuneCP5_13TeV-madgraph-pythia8/MINIAODSIM/106X_mcRun2_asymptotic_v17-v1/70000/2177C7DC-394D-B04B-9DB8-80B9A18B07A3.root
12-Jan-2024 01:49:29 CET  Initiating request to open file root://cmsxrootd.fnal.gov//store/mc/RunIISummer20UL16MiniAODv2/VBS_OSWW_LL_noTop_CMWW_TuneCP5_13TeV-madgraph-pythia8/MINIAODSIM/106X_mcRun2_asymptotic_v17-v1/70000/012FF7D3-9E65-6946-AEE5-7AA8894F9611.root
%MSG-w XrdAdaptor:  file_open 12-Jan-2024 01:49:33 CET PostProcessEvent
Data is served from T2_US_Caltech instead of original site US-Regional-FNAL
%MSG
12-Jan-2024 01:49:34 CET  Successfully opened file root://cmsxrootd.fnal.gov//store/mc/RunIISummer20UL16MiniAODv2/VBS_OSWW_LL_noTop_CMWW_TuneCP5_13TeV-madgraph-pythia8/MINIAODSIM/106X_mcRun2_asymptotic_v17-v1/70000/012FF7D3-9E65-6946-AEE5-7AA8894F9611.root
Begin processing the 100001st record. Run 1, Event 146011, LumiSection 147 on stream 0 at 12-Jan-2024 01:49:58.077 CET
12-Jan-2024 01:49:58 CET  Closed file root://cmsxrootd.fnal.gov//store/mc/RunIISummer20UL16MiniAODv2/VBS_OSWW_LL_noTop_CMWW_TuneCP5_13TeV-madgraph-pythia8/MINIAODSIM/106X_mcRun2_asymptotic_v17-v1/70000/012FF7D3-9E65-6946-AEE5-7AA8894F9611.root
12-Jan-2024 01:49:58 CET  Initiating request to open file root://cmsxrootd.fnal.gov//store/mc/RunIISummer20UL16MiniAODv2/VBS_OSWW_LL_noTop_CMWW_TuneCP5_13TeV-madgraph-pythia8/MINIAODSIM/106X_mcRun2_asymptotic_v17-v1/70000/2BD05783-22F4-DC46-B94B-F161FF919F2A.root
%MSG-w XrdAdaptor:  file_open 12-Jan-2024 01:50:01 CET PostProcessEvent
Data is served from T2_US_Caltech instead of original site US-Regional-FNAL
%MSG
12-Jan-2024 01:50:02 CET  Successfully opened file root://cmsxrootd.fnal.gov//store/mc/RunIISummer20UL16MiniAODv2/VBS_OSWW_LL_noTop_CMWW_TuneCP5_13TeV-madgraph-pythia8/MINIAODSIM/106X_mcRun2_asymptotic_v17-v1/70000/2BD05783-22F4-DC46-B94B-F161FF919F2A.root
12-Jan-2024 01:50:41 CET  Closed file root://cmsxrootd.fnal.gov//store/mc/RunIISummer20UL16MiniAODv2/VBS_OSWW_LL_noTop_CMWW_TuneCP5_13TeV-madgraph-pythia8/MINIAODSIM/106X_mcRun2_asymptotic_v17-v1/70000/2BD05783-22F4-DC46-B94B-F161FF919F2A.root
12-Jan-2024 01:50:41 CET  Initiating request to open file root://cmsxrootd.fnal.gov//store/mc/RunIISummer20UL16MiniAODv2/VBS_OSWW_LL_noTop_CMWW_TuneCP5_13TeV-madgraph-pythia8/MINIAODSIM/106X_mcRun2_asymptotic_v17-v1/70000/9F5F277F-B5B1-A745-A46B-39F331942981.root
%MSG-w XrdAdaptor:  file_open 12-Jan-2024 01:50:44 CET PostProcessEvent
Data is served from T2_US_Caltech instead of original site US-Regional-FNAL
%MSG
12-Jan-2024 01:50:45 CET  Successfully opened file root://cmsxrootd.fnal.gov//store/mc/RunIISummer20UL16MiniAODv2/VBS_OSWW_LL_noTop_CMWW_TuneCP5_13TeV-madgraph-pythia8/MINIAODSIM/106X_mcRun2_asymptotic_v17-v1/70000/9F5F277F-B5B1-A745-A46B-39F331942981.root
12-Jan-2024 01:51:08 CET  Closed file root://cmsxrootd.fnal.gov//store/mc/RunIISummer20UL16MiniAODv2/VBS_OSWW_LL_noTop_CMWW_TuneCP5_13TeV-madgraph-pythia8/MINIAODSIM/106X_mcRun2_asymptotic_v17-v1/70000/9F5F277F-B5B1-A745-A46B-39F331942981.root
12-Jan-2024 01:51:08 CET  Initiating request to open file root://cmsxrootd.fnal.gov//store/mc/RunIISummer20UL16MiniAODv2/VBS_OSWW_LL_noTop_CMWW_TuneCP5_13TeV-madgraph-pythia8/MINIAODSIM/106X_mcRun2_asymptotic_v17-v1/70000/32E04035-6AB1-2B40-A69B-C3CD55ED3916.root
%MSG-w XrdAdaptor:  file_open 12-Jan-2024 01:51:10 CET PostProcessEvent
Data is served from T2_US_Caltech instead of original site US-Regional-FNAL
%MSG
12-Jan-2024 01:51:12 CET  Successfully opened file root://cmsxrootd.fnal.gov//store/mc/RunIISummer20UL16MiniAODv2/VBS_OSWW_LL_noTop_CMWW_TuneCP5_13TeV-madgraph-pythia8/MINIAODSIM/106X_mcRun2_asymptotic_v17-v1/70000/32E04035-6AB1-2B40-A69B-C3CD55ED3916.root
Begin processing the 200001st record. Run 1, Event 541016, LumiSection 542 on stream 0 at 12-Jan-2024 01:52:07.761 CET
12-Jan-2024 01:52:09 CET  Closed file root://cmsxrootd.fnal.gov//store/mc/RunIISummer20UL16MiniAODv2/VBS_OSWW_LL_noTop_CMWW_TuneCP5_13TeV-madgraph-pythia8/MINIAODSIM/106X_mcRun2_asymptotic_v17-v1/70000/32E04035-6AB1-2B40-A69B-C3CD55ED3916.root
12-Jan-2024 01:52:09 CET  Initiating request to open file root://cmsxrootd.fnal.gov//store/mc/RunIISummer20UL16MiniAODv2/VBS_OSWW_LL_noTop_CMWW_TuneCP5_13TeV-madgraph-pythia8/MINIAODSIM/106X_mcRun2_asymptotic_v17-v1/70000/1EBCB8A9-2AE4-DB40-B27A-A53D0809C4B9.root
%MSG-w XrdAdaptor:  file_open 12-Jan-2024 01:52:12 CET PostProcessEvent
Data is served from T2_US_Caltech instead of original site US-Regional-FNAL
%MSG
12-Jan-2024 01:52:13 CET  Successfully opened file root://cmsxrootd.fnal.gov//store/mc/RunIISummer20UL16MiniAODv2/VBS_OSWW_LL_noTop_CMWW_TuneCP5_13TeV-madgraph-pythia8/MINIAODSIM/106X_mcRun2_asymptotic_v17-v1/70000/1EBCB8A9-2AE4-DB40-B27A-A53D0809C4B9.root
12-Jan-2024 01:52:47 CET  Closed file root://cmsxrootd.fnal.gov//store/mc/RunIISummer20UL16MiniAODv2/VBS_OSWW_LL_noTop_CMWW_TuneCP5_13TeV-madgraph-pythia8/MINIAODSIM/106X_mcRun2_asymptotic_v17-v1/70000/1EBCB8A9-2AE4-DB40-B27A-A53D0809C4B9.root
12-Jan-2024 01:52:47 CET  Initiating request to open file root://cmsxrootd.fnal.gov//store/mc/RunIISummer20UL16MiniAODv2/VBS_OSWW_LL_noTop_CMWW_TuneCP5_13TeV-madgraph-pythia8/MINIAODSIM/106X_mcRun2_asymptotic_v17-v1/70000/33256306-ABF3-CA48-87E3-E47BD8717378.root
%MSG-w XrdAdaptor:  file_open 12-Jan-2024 01:52:50 CET PostProcessEvent
Data is served from T2_US_Caltech instead of original site US-Regional-FNAL
%MSG
12-Jan-2024 01:52:51 CET  Successfully opened file root://cmsxrootd.fnal.gov//store/mc/RunIISummer20UL16MiniAODv2/VBS_OSWW_LL_noTop_CMWW_TuneCP5_13TeV-madgraph-pythia8/MINIAODSIM/106X_mcRun2_asymptotic_v17-v1/70000/33256306-ABF3-CA48-87E3-E47BD8717378.root
Begin processing the 300001st record. Run 1, Event 837010, LumiSection 838 on stream 0 at 12-Jan-2024 01:53:15.501 CET
12-Jan-2024 01:53:16 CET  Closed file root://cmsxrootd.fnal.gov//store/mc/RunIISummer20UL16MiniAODv2/VBS_OSWW_LL_noTop_CMWW_TuneCP5_13TeV-madgraph-pythia8/MINIAODSIM/106X_mcRun2_asymptotic_v17-v1/70000/33256306-ABF3-CA48-87E3-E47BD8717378.root
12-Jan-2024 01:53:16 CET  Initiating request to open file root://cmsxrootd.fnal.gov//store/mc/RunIISummer20UL16MiniAODv2/VBS_OSWW_LL_noTop_CMWW_TuneCP5_13TeV-madgraph-pythia8/MINIAODSIM/106X_mcRun2_asymptotic_v17-v1/70000/0BBB78A3-B373-AF48-8568-E7C94A8D0442.root
%MSG-w XrdAdaptor:  file_open 12-Jan-2024 01:53:19 CET PostProcessEvent
Data is served from T2_US_Caltech instead of original site US-Regional-FNAL
%MSG
12-Jan-2024 01:53:20 CET  Successfully opened file root://cmsxrootd.fnal.gov//store/mc/RunIISummer20UL16MiniAODv2/VBS_OSWW_LL_noTop_CMWW_TuneCP5_13TeV-madgraph-pythia8/MINIAODSIM/106X_mcRun2_asymptotic_v17-v1/70000/0BBB78A3-B373-AF48-8568-E7C94A8D0442.root
12-Jan-2024 01:53:44 CET  Closed file root://cmsxrootd.fnal.gov//store/mc/RunIISummer20UL16MiniAODv2/VBS_OSWW_LL_noTop_CMWW_TuneCP5_13TeV-madgraph-pythia8/MINIAODSIM/106X_mcRun2_asymptotic_v17-v1/70000/0BBB78A3-B373-AF48-8568-E7C94A8D0442.root
12-Jan-2024 01:53:44 CET  Initiating request to open file root://cmsxrootd.fnal.gov//store/mc/RunIISummer20UL16MiniAODv2/VBS_OSWW_LL_noTop_CMWW_TuneCP5_13TeV-madgraph-pythia8/MINIAODSIM/106X_mcRun2_asymptotic_v17-v1/70000/352EAAE8-067E-9A4E-94BC-507ECE6F9FF3.root
%MSG-w XrdAdaptor:  file_open 12-Jan-2024 01:53:46 CET PostProcessEvent
Data is served from T2_US_Caltech instead of original site US-Regional-FNAL
%MSG
12-Jan-2024 01:53:48 CET  Successfully opened file root://cmsxrootd.fnal.gov//store/mc/RunIISummer20UL16MiniAODv2/VBS_OSWW_LL_noTop_CMWW_TuneCP5_13TeV-madgraph-pythia8/MINIAODSIM/106X_mcRun2_asymptotic_v17-v1/70000/352EAAE8-067E-9A4E-94BC-507ECE6F9FF3.root
Begin processing the 400001st record. Run 1, Event 408012, LumiSection 409 on stream 0 at 12-Jan-2024 01:54:21.925 CET
12-Jan-2024 01:54:22 CET  Closed file root://cmsxrootd.fnal.gov//store/mc/RunIISummer20UL16MiniAODv2/VBS_OSWW_LL_noTop_CMWW_TuneCP5_13TeV-madgraph-pythia8/MINIAODSIM/106X_mcRun2_asymptotic_v17-v1/70000/352EAAE8-067E-9A4E-94BC-507ECE6F9FF3.root
12-Jan-2024 01:54:22 CET  Initiating request to open file root://cmsxrootd.fnal.gov//store/mc/RunIISummer20UL16MiniAODv2/VBS_OSWW_LL_noTop_CMWW_TuneCP5_13TeV-madgraph-pythia8/MINIAODSIM/106X_mcRun2_asymptotic_v17-v1/70000/EE8ECEE8-D446-7E45-B5CD-977E26923DE0.root
%MSG-w XrdAdaptor:  file_open 12-Jan-2024 01:54:25 CET PostProcessEvent
Data is served from T2_US_Caltech instead of original site US-Regional-FNAL
%MSG
12-Jan-2024 01:54:26 CET  Successfully opened file root://cmsxrootd.fnal.gov//store/mc/RunIISummer20UL16MiniAODv2/VBS_OSWW_LL_noTop_CMWW_TuneCP5_13TeV-madgraph-pythia8/MINIAODSIM/106X_mcRun2_asymptotic_v17-v1/70000/EE8ECEE8-D446-7E45-B5CD-977E26923DE0.root
12-Jan-2024 01:55:14 CET  Closed file root://cmsxrootd.fnal.gov//store/mc/RunIISummer20UL16MiniAODv2/VBS_OSWW_LL_noTop_CMWW_TuneCP5_13TeV-madgraph-pythia8/MINIAODSIM/106X_mcRun2_asymptotic_v17-v1/70000/EE8ECEE8-D446-7E45-B5CD-977E26923DE0.root
12-Jan-2024 01:55:14 CET  Initiating request to open file root://cmsxrootd.fnal.gov//store/mc/RunIISummer20UL16MiniAODv2/VBS_OSWW_LL_noTop_CMWW_TuneCP5_13TeV-madgraph-pythia8/MINIAODSIM/106X_mcRun2_asymptotic_v17-v1/70000/D4A1962B-D1A6-5E4F-A9D5-97B4504E1684.root
%MSG-w XrdAdaptor:  file_open 12-Jan-2024 01:55:16 CET PostProcessEvent
Data is served from T2_US_Caltech instead of original site US-Regional-FNAL
%MSG
12-Jan-2024 01:55:18 CET  Successfully opened file root://cmsxrootd.fnal.gov//store/mc/RunIISummer20UL16MiniAODv2/VBS_OSWW_LL_noTop_CMWW_TuneCP5_13TeV-madgraph-pythia8/MINIAODSIM/106X_mcRun2_asymptotic_v17-v1/70000/D4A1962B-D1A6-5E4F-A9D5-97B4504E1684.root
Begin processing the 500001st record. Run 1, Event 817011, LumiSection 818 on stream 0 at 12-Jan-2024 01:55:59.358 CET
12-Jan-2024 01:55:59 CET  Closed file root://cmsxrootd.fnal.gov//store/mc/RunIISummer20UL16MiniAODv2/VBS_OSWW_LL_noTop_CMWW_TuneCP5_13TeV-madgraph-pythia8/MINIAODSIM/106X_mcRun2_asymptotic_v17-v1/70000/D4A1962B-D1A6-5E4F-A9D5-97B4504E1684.root
12-Jan-2024 01:55:59 CET  Initiating request to open file root://cmsxrootd.fnal.gov//store/mc/RunIISummer20UL16MiniAODv2/VBS_OSWW_LL_noTop_CMWW_TuneCP5_13TeV-madgraph-pythia8/MINIAODSIM/106X_mcRun2_asymptotic_v17-v1/70000/B7364ADF-8EE4-EE4D-AAA2-3C6586E32896.root
%MSG-w XrdAdaptor:  file_open 12-Jan-2024 01:56:02 CET PostProcessEvent
Data is served from T2_US_Caltech instead of original site US-Regional-FNAL
%MSG
12-Jan-2024 01:56:03 CET  Successfully opened file root://cmsxrootd.fnal.gov//store/mc/RunIISummer20UL16MiniAODv2/VBS_OSWW_LL_noTop_CMWW_TuneCP5_13TeV-madgraph-pythia8/MINIAODSIM/106X_mcRun2_asymptotic_v17-v1/70000/B7364ADF-8EE4-EE4D-AAA2-3C6586E32896.root
12-Jan-2024 01:56:29 CET  Closed file root://cmsxrootd.fnal.gov//store/mc/RunIISummer20UL16MiniAODv2/VBS_OSWW_LL_noTop_CMWW_TuneCP5_13TeV-madgraph-pythia8/MINIAODSIM/106X_mcRun2_asymptotic_v17-v1/70000/B7364ADF-8EE4-EE4D-AAA2-3C6586E32896.root
12-Jan-2024 01:56:29 CET  Initiating request to open file root://cmsxrootd.fnal.gov//store/mc/RunIISummer20UL16MiniAODv2/VBS_OSWW_LL_noTop_CMWW_TuneCP5_13TeV-madgraph-pythia8/MINIAODSIM/106X_mcRun2_asymptotic_v17-v1/70000/5CACC2E6-C955-0341-BC64-0B029CC73748.root
%MSG-w XrdAdaptor:  file_open 12-Jan-2024 01:56:33 CET PostProcessEvent
Data is served from T2_US_Caltech instead of original site US-Regional-FNAL
%MSG
12-Jan-2024 01:56:34 CET  Successfully opened file root://cmsxrootd.fnal.gov//store/mc/RunIISummer20UL16MiniAODv2/VBS_OSWW_LL_noTop_CMWW_TuneCP5_13TeV-madgraph-pythia8/MINIAODSIM/106X_mcRun2_asymptotic_v17-v1/70000/5CACC2E6-C955-0341-BC64-0B029CC73748.root
Begin processing the 600001st record. Run 1, Event 724013, LumiSection 725 on stream 0 at 12-Jan-2024 01:56:56.645 CET
12-Jan-2024 01:56:57 CET  Closed file root://cmsxrootd.fnal.gov//store/mc/RunIISummer20UL16MiniAODv2/VBS_OSWW_LL_noTop_CMWW_TuneCP5_13TeV-madgraph-pythia8/MINIAODSIM/106X_mcRun2_asymptotic_v17-v1/70000/5CACC2E6-C955-0341-BC64-0B029CC73748.root
12-Jan-2024 01:56:57 CET  Initiating request to open file root://cmsxrootd.fnal.gov//store/mc/RunIISummer20UL16MiniAODv2/VBS_OSWW_LL_noTop_CMWW_TuneCP5_13TeV-madgraph-pythia8/MINIAODSIM/106X_mcRun2_asymptotic_v17-v1/70000/B6012CA2-412B-684D-827D-2404135967C2.root
%MSG-w XrdAdaptor:  file_open 12-Jan-2024 01:56:59 CET PostProcessEvent
Data is served from T2_US_Caltech instead of original site US-Regional-FNAL
%MSG
12-Jan-2024 01:57:00 CET  Successfully opened file root://cmsxrootd.fnal.gov//store/mc/RunIISummer20UL16MiniAODv2/VBS_OSWW_LL_noTop_CMWW_TuneCP5_13TeV-madgraph-pythia8/MINIAODSIM/106X_mcRun2_asymptotic_v17-v1/70000/B6012CA2-412B-684D-827D-2404135967C2.root
12-Jan-2024 01:57:28 CET  Closed file root://cmsxrootd.fnal.gov//store/mc/RunIISummer20UL16MiniAODv2/VBS_OSWW_LL_noTop_CMWW_TuneCP5_13TeV-madgraph-pythia8/MINIAODSIM/106X_mcRun2_asymptotic_v17-v1/70000/B6012CA2-412B-684D-827D-2404135967C2.root
12-Jan-2024 01:57:28 CET  Initiating request to open file root://cmsxrootd.fnal.gov//store/mc/RunIISummer20UL16MiniAODv2/VBS_OSWW_LL_noTop_CMWW_TuneCP5_13TeV-madgraph-pythia8/MINIAODSIM/106X_mcRun2_asymptotic_v17-v1/70000/58EBC855-AB76-1945-B417-729328544550.root
%MSG-w XrdAdaptor:  file_open 12-Jan-2024 01:57:30 CET PostProcessEvent
Data is served from T2_US_Caltech instead of original site US-Regional-FNAL
%MSG
12-Jan-2024 01:57:31 CET  Successfully opened file root://cmsxrootd.fnal.gov//store/mc/RunIISummer20UL16MiniAODv2/VBS_OSWW_LL_noTop_CMWW_TuneCP5_13TeV-madgraph-pythia8/MINIAODSIM/106X_mcRun2_asymptotic_v17-v1/70000/58EBC855-AB76-1945-B417-729328544550.root
Begin processing the 700001st record. Run 1, Event 555012, LumiSection 556 on stream 0 at 12-Jan-2024 01:57:57.029 CET
12-Jan-2024 01:57:57 CET  Closed file root://cmsxrootd.fnal.gov//store/mc/RunIISummer20UL16MiniAODv2/VBS_OSWW_LL_noTop_CMWW_TuneCP5_13TeV-madgraph-pythia8/MINIAODSIM/106X_mcRun2_asymptotic_v17-v1/70000/58EBC855-AB76-1945-B417-729328544550.root
12-Jan-2024 01:57:57 CET  Initiating request to open file root://cmsxrootd.fnal.gov//store/mc/RunIISummer20UL16MiniAODv2/VBS_OSWW_LL_noTop_CMWW_TuneCP5_13TeV-madgraph-pythia8/MINIAODSIM/106X_mcRun2_asymptotic_v17-v1/70000/07862BDD-B18C-4A48-A266-B562BE940366.root
%MSG-w XrdAdaptor:  file_open 12-Jan-2024 01:57:59 CET PostProcessEvent
Data is served from T2_US_Caltech instead of original site US-Regional-FNAL
%MSG
12-Jan-2024 01:58:00 CET  Successfully opened file root://cmsxrootd.fnal.gov//store/mc/RunIISummer20UL16MiniAODv2/VBS_OSWW_LL_noTop_CMWW_TuneCP5_13TeV-madgraph-pythia8/MINIAODSIM/106X_mcRun2_asymptotic_v17-v1/70000/07862BDD-B18C-4A48-A266-B562BE940366.root
12-Jan-2024 01:58:09 CET  Closed file root://cmsxrootd.fnal.gov//store/mc/RunIISummer20UL16MiniAODv2/VBS_OSWW_LL_noTop_CMWW_TuneCP5_13TeV-madgraph-pythia8/MINIAODSIM/106X_mcRun2_asymptotic_v17-v1/70000/07862BDD-B18C-4A48-A266-B562BE940366.root
12-Jan-2024 01:58:09 CET  Initiating request to open file root://cmsxrootd.fnal.gov//store/mc/RunIISummer20UL16MiniAODv2/VBS_OSWW_LL_noTop_CMWW_TuneCP5_13TeV-madgraph-pythia8/MINIAODSIM/106X_mcRun2_asymptotic_v17-v1/70000/F98E5DCC-48DF-B24F-BEFC-18CB370DBB22.root
%MSG-w XrdAdaptor:  file_open 12-Jan-2024 01:58:13 CET PostProcessEvent
Data is served from T2_US_Vanderbilt instead of original site US-Regional-FNAL
%MSG
12-Jan-2024 01:58:13 CET  Successfully opened file root://cmsxrootd.fnal.gov//store/mc/RunIISummer20UL16MiniAODv2/VBS_OSWW_LL_noTop_CMWW_TuneCP5_13TeV-madgraph-pythia8/MINIAODSIM/106X_mcRun2_asymptotic_v17-v1/70000/F98E5DCC-48DF-B24F-BEFC-18CB370DBB22.root
12-Jan-2024 01:59:07 CET  Closed file root://cmsxrootd.fnal.gov//store/mc/RunIISummer20UL16MiniAODv2/VBS_OSWW_LL_noTop_CMWW_TuneCP5_13TeV-madgraph-pythia8/MINIAODSIM/106X_mcRun2_asymptotic_v17-v1/70000/F98E5DCC-48DF-B24F-BEFC-18CB370DBB22.root
12-Jan-2024 01:59:07 CET  Initiating request to open file root://cmsxrootd.fnal.gov//store/mc/RunIISummer20UL16MiniAODv2/VBS_OSWW_LL_noTop_CMWW_TuneCP5_13TeV-madgraph-pythia8/MINIAODSIM/106X_mcRun2_asymptotic_v17-v1/70000/66D15471-77B8-0947-B9A5-B715C0EA0492.root
%MSG-w XrdAdaptor:  file_open 12-Jan-2024 01:59:10 CET PostProcessEvent
Data is served from T2_US_Vanderbilt instead of original site US-Regional-FNAL
%MSG
12-Jan-2024 01:59:11 CET  Successfully opened file root://cmsxrootd.fnal.gov//store/mc/RunIISummer20UL16MiniAODv2/VBS_OSWW_LL_noTop_CMWW_TuneCP5_13TeV-madgraph-pythia8/MINIAODSIM/106X_mcRun2_asymptotic_v17-v1/70000/66D15471-77B8-0947-B9A5-B715C0EA0492.root
Begin processing the 800001st record. Run 1, Event 466006, LumiSection 467 on stream 0 at 12-Jan-2024 01:59:49.426 CET
12-Jan-2024 01:59:50 CET  Closed file root://cmsxrootd.fnal.gov//store/mc/RunIISummer20UL16MiniAODv2/VBS_OSWW_LL_noTop_CMWW_TuneCP5_13TeV-madgraph-pythia8/MINIAODSIM/106X_mcRun2_asymptotic_v17-v1/70000/66D15471-77B8-0947-B9A5-B715C0EA0492.root
12-Jan-2024 01:59:50 CET  Initiating request to open file root://cmsxrootd.fnal.gov//store/mc/RunIISummer20UL16MiniAODv2/VBS_OSWW_LL_noTop_CMWW_TuneCP5_13TeV-madgraph-pythia8/MINIAODSIM/106X_mcRun2_asymptotic_v17-v1/70000/7B5A197B-8D73-4D44-BC8B-453ED2B5F26C.root
%MSG-w XrdAdaptor:  file_open 12-Jan-2024 01:59:52 CET PostProcessEvent
Data is served from T2_US_Vanderbilt instead of original site US-Regional-FNAL
%MSG
12-Jan-2024 01:59:53 CET  Successfully opened file root://cmsxrootd.fnal.gov//store/mc/RunIISummer20UL16MiniAODv2/VBS_OSWW_LL_noTop_CMWW_TuneCP5_13TeV-madgraph-pythia8/MINIAODSIM/106X_mcRun2_asymptotic_v17-v1/70000/7B5A197B-8D73-4D44-BC8B-453ED2B5F26C.root
12-Jan-2024 02:01:37 CET  Closed file root://cmsxrootd.fnal.gov//store/mc/RunIISummer20UL16MiniAODv2/VBS_OSWW_LL_noTop_CMWW_TuneCP5_13TeV-madgraph-pythia8/MINIAODSIM/106X_mcRun2_asymptotic_v17-v1/70000/7B5A197B-8D73-4D44-BC8B-453ED2B5F26C.root
12-Jan-2024 02:01:37 CET  Initiating request to open file root://cmsxrootd.fnal.gov//store/mc/RunIISummer20UL16MiniAODv2/VBS_OSWW_LL_noTop_CMWW_TuneCP5_13TeV-madgraph-pythia8/MINIAODSIM/106X_mcRun2_asymptotic_v17-v1/70000/83E3A5AF-8EF5-9D48-818C-DCFA7892D16B.root
Unable to load sec.protocol plugin libXrdSecztn.so
%MSG-w XrdAdaptor:  file_open 12-Jan-2024 02:01:40 CET PostProcessEvent
Data is served from fnal.gov instead of original site US-Regional-FNAL
%MSG
12-Jan-2024 02:01:40 CET  Successfully opened file root://cmsxrootd.fnal.gov//store/mc/RunIISummer20UL16MiniAODv2/VBS_OSWW_LL_noTop_CMWW_TuneCP5_13TeV-madgraph-pythia8/MINIAODSIM/106X_mcRun2_asymptotic_v17-v1/70000/83E3A5AF-8EF5-9D48-818C-DCFA7892D16B.root
12-Jan-2024 02:01:44 CET  Closed file root://cmsxrootd.fnal.gov//store/mc/RunIISummer20UL16MiniAODv2/VBS_OSWW_LL_noTop_CMWW_TuneCP5_13TeV-madgraph-pythia8/MINIAODSIM/106X_mcRun2_asymptotic_v17-v1/70000/83E3A5AF-8EF5-9D48-818C-DCFA7892D16B.root
12-Jan-2024 02:01:44 CET  Initiating request to open file root://cmsxrootd.fnal.gov//store/mc/RunIISummer20UL16MiniAODv2/VBS_OSWW_LL_noTop_CMWW_TuneCP5_13TeV-madgraph-pythia8/MINIAODSIM/106X_mcRun2_asymptotic_v17-v1/140000/2A4EA59B-C527-6343-A2BF-B76C38193AEE.root
%MSG-w XrdAdaptor:  file_open 12-Jan-2024 02:01:46 CET PostProcessEvent
Data is served from fnal.gov instead of original site US-Regional-FNAL
%MSG
12-Jan-2024 02:01:47 CET  Successfully opened file root://cmsxrootd.fnal.gov//store/mc/RunIISummer20UL16MiniAODv2/VBS_OSWW_LL_noTop_CMWW_TuneCP5_13TeV-madgraph-pythia8/MINIAODSIM/106X_mcRun2_asymptotic_v17-v1/140000/2A4EA59B-C527-6343-A2BF-B76C38193AEE.root
Unable to load sec.protocol plugin libXrdSecztn.so
Begin processing the 900001st record. Run 1, Event 671008, LumiSection 672 on stream 0 at 12-Jan-2024 02:01:58.765 CET
12-Jan-2024 02:01:59 CET  Closed file root://cmsxrootd.fnal.gov//store/mc/RunIISummer20UL16MiniAODv2/VBS_OSWW_LL_noTop_CMWW_TuneCP5_13TeV-madgraph-pythia8/MINIAODSIM/106X_mcRun2_asymptotic_v17-v1/140000/2A4EA59B-C527-6343-A2BF-B76C38193AEE.root
12-Jan-2024 02:01:59 CET  Initiating request to open file root://cmsxrootd.fnal.gov//store/mc/RunIISummer20UL16MiniAODv2/VBS_OSWW_LL_noTop_CMWW_TuneCP5_13TeV-madgraph-pythia8/MINIAODSIM/106X_mcRun2_asymptotic_v17-v1/140000/7317E03C-06AA-BE4B-8FFA-76A6309D594F.root
Unable to load sec.protocol plugin libXrdSecztn.so
%MSG-w XrdAdaptor:  file_open 12-Jan-2024 02:02:02 CET PostProcessEvent
Data is served from fnal.gov instead of original site US-Regional-FNAL
%MSG
12-Jan-2024 02:02:02 CET  Successfully opened file root://cmsxrootd.fnal.gov//store/mc/RunIISummer20UL16MiniAODv2/VBS_OSWW_LL_noTop_CMWW_TuneCP5_13TeV-madgraph-pythia8/MINIAODSIM/106X_mcRun2_asymptotic_v17-v1/140000/7317E03C-06AA-BE4B-8FFA-76A6309D594F.root
12-Jan-2024 02:02:06 CET  Closed file root://cmsxrootd.fnal.gov//store/mc/RunIISummer20UL16MiniAODv2/VBS_OSWW_LL_noTop_CMWW_TuneCP5_13TeV-madgraph-pythia8/MINIAODSIM/106X_mcRun2_asymptotic_v17-v1/140000/7317E03C-06AA-BE4B-8FFA-76A6309D594F.root
12-Jan-2024 02:02:06 CET  Initiating request to open file root://cmsxrootd.fnal.gov//store/mc/RunIISummer20UL16MiniAODv2/VBS_OSWW_LL_noTop_CMWW_TuneCP5_13TeV-madgraph-pythia8/MINIAODSIM/106X_mcRun2_asymptotic_v17-v1/140000/362B6C26-A84E-794F-84DA-A938158143E3.root
%MSG-w XrdAdaptor:  file_open 12-Jan-2024 02:02:13 CET PostProcessEvent
Data is served from cms.rcac.purdue.edu instead of original site US-Regional-FNAL
%MSG
12-Jan-2024 02:02:13 CET  Successfully opened file root://cmsxrootd.fnal.gov//store/mc/RunIISummer20UL16MiniAODv2/VBS_OSWW_LL_noTop_CMWW_TuneCP5_13TeV-madgraph-pythia8/MINIAODSIM/106X_mcRun2_asymptotic_v17-v1/140000/362B6C26-A84E-794F-84DA-A938158143E3.root
12-Jan-2024 02:02:17 CET  Closed file root://cmsxrootd.fnal.gov//store/mc/RunIISummer20UL16MiniAODv2/VBS_OSWW_LL_noTop_CMWW_TuneCP5_13TeV-madgraph-pythia8/MINIAODSIM/106X_mcRun2_asymptotic_v17-v1/140000/362B6C26-A84E-794F-84DA-A938158143E3.root
12-Jan-2024 02:02:17 CET  Initiating request to open file root://cmsxrootd.fnal.gov//store/mc/RunIISummer20UL16MiniAODv2/VBS_OSWW_LL_noTop_CMWW_TuneCP5_13TeV-madgraph-pythia8/MINIAODSIM/106X_mcRun2_asymptotic_v17-v1/280000/F73FA4EC-1A9B-4A40-88F0-E5F36A60B0AA.root
%MSG-w XrdAdaptor:  file_open 12-Jan-2024 02:02:19 CET PostProcessEvent
Data is served from fnal.gov instead of original site US-Regional-FNAL
%MSG
12-Jan-2024 02:02:20 CET  Successfully opened file root://cmsxrootd.fnal.gov//store/mc/RunIISummer20UL16MiniAODv2/VBS_OSWW_LL_noTop_CMWW_TuneCP5_13TeV-madgraph-pythia8/MINIAODSIM/106X_mcRun2_asymptotic_v17-v1/280000/F73FA4EC-1A9B-4A40-88F0-E5F36A60B0AA.root
12-Jan-2024 02:02:28 CET  Closed file root://cmsxrootd.fnal.gov//store/mc/RunIISummer20UL16MiniAODv2/VBS_OSWW_LL_noTop_CMWW_TuneCP5_13TeV-madgraph-pythia8/MINIAODSIM/106X_mcRun2_asymptotic_v17-v1/280000/F73FA4EC-1A9B-4A40-88F0-E5F36A60B0AA.root
12-Jan-2024 02:02:28 CET  Initiating request to open file root://cmsxrootd.fnal.gov//store/mc/RunIISummer20UL16MiniAODv2/VBS_OSWW_LL_noTop_CMWW_TuneCP5_13TeV-madgraph-pythia8/MINIAODSIM/106X_mcRun2_asymptotic_v17-v1/280000/4653E971-E7C6-C542-BDAA-15AE06AD417F.root
%MSG-w XrdAdaptor:  file_open 12-Jan-2024 02:02:30 CET PostProcessEvent
Data is served from fnal.gov instead of original site US-Regional-FNAL
%MSG
12-Jan-2024 02:02:31 CET  Successfully opened file root://cmsxrootd.fnal.gov//store/mc/RunIISummer20UL16MiniAODv2/VBS_OSWW_LL_noTop_CMWW_TuneCP5_13TeV-madgraph-pythia8/MINIAODSIM/106X_mcRun2_asymptotic_v17-v1/280000/4653E971-E7C6-C542-BDAA-15AE06AD417F.root
12-Jan-2024 02:02:35 CET  Closed file root://cmsxrootd.fnal.gov//store/mc/RunIISummer20UL16MiniAODv2/VBS_OSWW_LL_noTop_CMWW_TuneCP5_13TeV-madgraph-pythia8/MINIAODSIM/106X_mcRun2_asymptotic_v17-v1/280000/4653E971-E7C6-C542-BDAA-15AE06AD417F.root
12-Jan-2024 02:02:35 CET  Initiating request to open file root://cmsxrootd.fnal.gov//store/mc/RunIISummer20UL16MiniAODv2/VBS_OSWW_LL_noTop_CMWW_TuneCP5_13TeV-madgraph-pythia8/MINIAODSIM/106X_mcRun2_asymptotic_v17-v1/280000/9C9E4C4B-94B5-FB49-9D1A-C2CF9E0D9407.root
%MSG-w XrdAdaptor:  file_open 12-Jan-2024 02:02:37 CET PostProcessEvent
Data is served from fnal.gov instead of original site US-Regional-FNAL
%MSG
12-Jan-2024 02:02:38 CET  Successfully opened file root://cmsxrootd.fnal.gov//store/mc/RunIISummer20UL16MiniAODv2/VBS_OSWW_LL_noTop_CMWW_TuneCP5_13TeV-madgraph-pythia8/MINIAODSIM/106X_mcRun2_asymptotic_v17-v1/280000/9C9E4C4B-94B5-FB49-9D1A-C2CF9E0D9407.root
12-Jan-2024 02:02:42 CET  Closed file root://cmsxrootd.fnal.gov//store/mc/RunIISummer20UL16MiniAODv2/VBS_OSWW_LL_noTop_CMWW_TuneCP5_13TeV-madgraph-pythia8/MINIAODSIM/106X_mcRun2_asymptotic_v17-v1/280000/9C9E4C4B-94B5-FB49-9D1A-C2CF9E0D9407.root
12-Jan-2024 02:02:42 CET  Initiating request to open file root://cmsxrootd.fnal.gov//store/mc/RunIISummer20UL16MiniAODv2/VBS_OSWW_LL_noTop_CMWW_TuneCP5_13TeV-madgraph-pythia8/MINIAODSIM/106X_mcRun2_asymptotic_v17-v1/270000/D3C4A2A4-8639-C644-9373-BA73810A07B2.root
%MSG-w XrdAdaptor:  file_open 12-Jan-2024 02:02:46 CET PostProcessEvent
Data is served from T2_US_Wisconsin instead of original site US-Regional-FNAL
%MSG
12-Jan-2024 02:02:47 CET  Successfully opened file root://cmsxrootd.fnal.gov//store/mc/RunIISummer20UL16MiniAODv2/VBS_OSWW_LL_noTop_CMWW_TuneCP5_13TeV-madgraph-pythia8/MINIAODSIM/106X_mcRun2_asymptotic_v17-v1/270000/D3C4A2A4-8639-C644-9373-BA73810A07B2.root
12-Jan-2024 02:02:51 CET  Closed file root://cmsxrootd.fnal.gov//store/mc/RunIISummer20UL16MiniAODv2/VBS_OSWW_LL_noTop_CMWW_TuneCP5_13TeV-madgraph-pythia8/MINIAODSIM/106X_mcRun2_asymptotic_v17-v1/270000/D3C4A2A4-8639-C644-9373-BA73810A07B2.root
12-Jan-2024 02:02:51 CET  Initiating request to open file root://cmsxrootd.fnal.gov//store/mc/RunIISummer20UL16MiniAODv2/VBS_OSWW_LL_noTop_CMWW_TuneCP5_13TeV-madgraph-pythia8/MINIAODSIM/106X_mcRun2_asymptotic_v17-v1/270000/59A53EA6-5C39-4F47-B2C7-8230EA8EA41E.root
%MSG-w XrdAdaptor:  file_open 12-Jan-2024 02:02:54 CET PostProcessEvent
Data is served from T2_US_Vanderbilt instead of original site US-Regional-FNAL
%MSG
12-Jan-2024 02:02:55 CET  Successfully opened file root://cmsxrootd.fnal.gov//store/mc/RunIISummer20UL16MiniAODv2/VBS_OSWW_LL_noTop_CMWW_TuneCP5_13TeV-madgraph-pythia8/MINIAODSIM/106X_mcRun2_asymptotic_v17-v1/270000/59A53EA6-5C39-4F47-B2C7-8230EA8EA41E.root
[2024-01-12 02:04:59.898411 +0100][Error  ][AsyncSock         ] [xrootd.cmsaf.mit.edu:1094 #0.0] Socket error encountered: [ERROR] Internal error
12-Jan-2024 02:05:38 CET  Closed file root://cmsxrootd.fnal.gov//store/mc/RunIISummer20UL16MiniAODv2/VBS_OSWW_LL_noTop_CMWW_TuneCP5_13TeV-madgraph-pythia8/MINIAODSIM/106X_mcRun2_asymptotic_v17-v1/270000/59A53EA6-5C39-4F47-B2C7-8230EA8EA41E.root
12-Jan-2024 02:05:38 CET  Initiating request to open file root://cmsxrootd.fnal.gov//store/mc/RunIISummer20UL16MiniAODv2/VBS_OSWW_LL_noTop_CMWW_TuneCP5_13TeV-madgraph-pythia8/MINIAODSIM/106X_mcRun2_asymptotic_v17-v1/280000/80BC1E67-3485-7B4E-B182-417FE1B1EDA4.root
%MSG-w XrdAdaptor:  file_open 12-Jan-2024 02:05:40 CET PostProcessEvent
Data is served from fnal.gov instead of original site US-Regional-FNAL
%MSG
12-Jan-2024 02:05:41 CET  Successfully opened file root://cmsxrootd.fnal.gov//store/mc/RunIISummer20UL16MiniAODv2/VBS_OSWW_LL_noTop_CMWW_TuneCP5_13TeV-madgraph-pythia8/MINIAODSIM/106X_mcRun2_asymptotic_v17-v1/280000/80BC1E67-3485-7B4E-B182-417FE1B1EDA4.root
      0.013987      0.000110      0.000014             1
 
12-Jan-2024 02:05:45 CET  Closed file root://cmsxrootd.fnal.gov//store/mc/RunIISummer20UL16MiniAODv2/VBS_OSWW_LL_noTop_CMWW_TuneCP5_13TeV-madgraph-pythia8/MINIAODSIM/106X_mcRun2_asymptotic_v17-v1/280000/80BC1E67-3485-7B4E-B182-417FE1B1EDA4.root

------------------------------------
GenXsecAnalyzer:
------------------------------------
-------------------------------------------------------------------------------------------------------------------------------------------------------------------------- 
Overall cross-section summary 
--------------------------------------------------------------------------------------------------------------------------------------------------------------------------
Process		xsec_before [pb]		passed	nposw	nnegw	tried	nposw	nnegw 	xsec_match [pb]			accepted [%]	 event_eff [%]
0		1.396e-02 +/- 3.670e-06		977000	977000	0	977000	977000	0	1.396e-02 +/- 3.670e-06		100.0 +/- 0.0	100.0 +/- 0.0
-------------------------------------------------------------------------------------------------------------------------------------------------------------------------- 
Total		1.396e-02 +/- 3.670e-06		977000	977000	0	977000	977000	0	1.396e-02 +/- 3.670e-06		100.0 +/- 0.0	100.0 +/- 0.0
--------------------------------------------------------------------------------------------------------------------------------------------------------------------------
Before matching: total cross section = 1.396e-02 +- 3.670e-06 pb
After matching: total cross section = 1.396e-02 +- 3.670e-06 pb
Matching efficiency = 1.0 +/- 0.0   [TO BE USED IN MCM]
Filter efficiency (taking into account weights)= (977000) / (977000) = 1.000e+00 +- 0.000e+00
Filter efficiency (event-level)= (977000) / (977000) = 1.000e+00 +- 0.000e+00    [TO BE USED IN MCM]

After filter: final cross section = 1.396e-02 +- 3.670e-06 pb
After filter: final fraction of events with negative weights = 0.000e+00 +- 0.000e+00
After filter: final equivalent lumi for 1M events (1/fb) = 7.164e+04 +- 7.407e+01

=============================================

MessageLogger Summary

 type     category        sev    module        subroutine        count    total
 ---- -------------------- -- ---------------- ----------------  -----    -----
    1 GenXSecAnalyzer      -w GenXSecAnalyzer:                      15       15
    2 XrdAdaptor           -w file_open                             33       33
    3 fileAction           -s file_close                            33       33
    4 fileAction           -s file_open                             66       66

 type    category    Examples: run/evt        run/evt          run/evt
 ---- -------------------- ---------------- ---------------- ----------------
    1 GenXSecAnalyzer      PostGlobalEndRun PostGlobalEndRun PostGlobalEndRun
    2 XrdAdaptor           pre-events       PostProcessEvent PostProcessEvent
    3 fileAction           PostProcessEvent PostProcessEvent PostGlobalEndRun
    4 fileAction           pre-events       pre-events       PostProcessEvent

Severity    # Occurrences   Total Occurrences
--------    -------------   -----------------
Warning                48                  48
System                 99                  99

dropped waiting message count 0
