12-Jan-2024 13:07:01 CET  Initiating request to open file root://cmsxrootd.fnal.gov//store/mc/RunIISummer20UL16MiniAODv2/WGJets_MonoPhoton_PtG-40to130_TuneCP5_13TeV-madgraph-pythia8/MINIAODSIM/106X_mcRun2_asymptotic_v17-v2/2430000/180CE6F6-F14E-6849-BE31-9247112C45A7.root
%MSG-w XrdAdaptor:  file_open 12-Jan-2024 13:07:05 CET pre-events
Data is served from T2_US_Vanderbilt instead of original site US-Regional-Nebraska
%MSG
12-Jan-2024 13:07:10 CET  Successfully opened file root://cmsxrootd.fnal.gov//store/mc/RunIISummer20UL16MiniAODv2/WGJets_MonoPhoton_PtG-40to130_TuneCP5_13TeV-madgraph-pythia8/MINIAODSIM/106X_mcRun2_asymptotic_v17-v2/2430000/180CE6F6-F14E-6849-BE31-9247112C45A7.root
Begin processing the 1st record. Run 1, Event 2656015, LumiSection 1001 on stream 0 at 12-Jan-2024 13:08:51.749 CET
12-Jan-2024 13:08:57 CET  Closed file root://cmsxrootd.fnal.gov//store/mc/RunIISummer20UL16MiniAODv2/WGJets_MonoPhoton_PtG-40to130_TuneCP5_13TeV-madgraph-pythia8/MINIAODSIM/106X_mcRun2_asymptotic_v17-v2/2430000/180CE6F6-F14E-6849-BE31-9247112C45A7.root
12-Jan-2024 13:08:57 CET  Initiating request to open file root://cmsxrootd.fnal.gov//store/mc/RunIISummer20UL16MiniAODv2/WGJets_MonoPhoton_PtG-40to130_TuneCP5_13TeV-madgraph-pythia8/MINIAODSIM/106X_mcRun2_asymptotic_v17-v2/2430000/39A3E772-57F0-5E49-9F17-B139FB31F25D.root
%MSG-w XrdAdaptor:  file_open 12-Jan-2024 13:09:00 CET PostProcessEvent
Data is served from T2_US_Vanderbilt instead of original site US-Regional-Nebraska
%MSG
12-Jan-2024 13:09:01 CET  Successfully opened file root://cmsxrootd.fnal.gov//store/mc/RunIISummer20UL16MiniAODv2/WGJets_MonoPhoton_PtG-40to130_TuneCP5_13TeV-madgraph-pythia8/MINIAODSIM/106X_mcRun2_asymptotic_v17-v2/2430000/39A3E772-57F0-5E49-9F17-B139FB31F25D.root
[2024-01-12 13:09:06.246886 +0100][Error  ][AsyncSock         ] [xrootd-se4-vanderbilt.sites.opensciencegrid.org:1094 #0.0] Socket error while handshaking: [ERROR] Socket timeout
[2024-01-12 13:09:06.246982 +0100][Error  ][PostMaster        ] [xrootd-se4-vanderbilt.sites.opensciencegrid.org:1094 #0] elapsed = 45, pConnectionWindow = 31 seconds.
Begin processing the 100001st record. Run 1, Event 3195884, LumiSection 1204 on stream 0 at 12-Jan-2024 13:11:41.515 CET
12-Jan-2024 13:11:45 CET  Closed file root://cmsxrootd.fnal.gov//store/mc/RunIISummer20UL16MiniAODv2/WGJets_MonoPhoton_PtG-40to130_TuneCP5_13TeV-madgraph-pythia8/MINIAODSIM/106X_mcRun2_asymptotic_v17-v2/2430000/39A3E772-57F0-5E49-9F17-B139FB31F25D.root
12-Jan-2024 13:11:45 CET  Initiating request to open file root://cmsxrootd.fnal.gov//store/mc/RunIISummer20UL16MiniAODv2/WGJets_MonoPhoton_PtG-40to130_TuneCP5_13TeV-madgraph-pythia8/MINIAODSIM/106X_mcRun2_asymptotic_v17-v2/2430000/18BF189D-3135-4649-83BF-9CBB289897B4.root
%MSG-w XrdAdaptor:  file_open 12-Jan-2024 13:11:48 CET PostProcessEvent
Data is served from T2_US_Vanderbilt instead of original site US-Regional-Nebraska
%MSG
12-Jan-2024 13:11:48 CET  Successfully opened file root://cmsxrootd.fnal.gov//store/mc/RunIISummer20UL16MiniAODv2/WGJets_MonoPhoton_PtG-40to130_TuneCP5_13TeV-madgraph-pythia8/MINIAODSIM/106X_mcRun2_asymptotic_v17-v2/2430000/18BF189D-3135-4649-83BF-9CBB289897B4.root
Begin processing the 200001st record. Run 1, Event 3522043, LumiSection 1327 on stream 0 at 12-Jan-2024 13:11:57.110 CET
12-Jan-2024 13:11:57 CET  Closed file root://cmsxrootd.fnal.gov//store/mc/RunIISummer20UL16MiniAODv2/WGJets_MonoPhoton_PtG-40to130_TuneCP5_13TeV-madgraph-pythia8/MINIAODSIM/106X_mcRun2_asymptotic_v17-v2/2430000/18BF189D-3135-4649-83BF-9CBB289897B4.root
12-Jan-2024 13:11:57 CET  Initiating request to open file root://cmsxrootd.fnal.gov//store/mc/RunIISummer20UL16MiniAODv2/WGJets_MonoPhoton_PtG-40to130_TuneCP5_13TeV-madgraph-pythia8/MINIAODSIM/106X_mcRun2_asymptotic_v17-v2/2430000/00830CBE-28B8-A44F-8939-C04A5046D49E.root
%MSG-w XrdAdaptor:  file_open 12-Jan-2024 13:12:00 CET PostProcessEvent
Data is served from T2_US_Vanderbilt instead of original site US-Regional-Nebraska
%MSG
12-Jan-2024 13:12:01 CET  Successfully opened file root://cmsxrootd.fnal.gov//store/mc/RunIISummer20UL16MiniAODv2/WGJets_MonoPhoton_PtG-40to130_TuneCP5_13TeV-madgraph-pythia8/MINIAODSIM/106X_mcRun2_asymptotic_v17-v2/2430000/00830CBE-28B8-A44F-8939-C04A5046D49E.root
12-Jan-2024 13:13:13 CET  Closed file root://cmsxrootd.fnal.gov//store/mc/RunIISummer20UL16MiniAODv2/WGJets_MonoPhoton_PtG-40to130_TuneCP5_13TeV-madgraph-pythia8/MINIAODSIM/106X_mcRun2_asymptotic_v17-v2/2430000/00830CBE-28B8-A44F-8939-C04A5046D49E.root
12-Jan-2024 13:13:13 CET  Initiating request to open file root://cmsxrootd.fnal.gov//store/mc/RunIISummer20UL16MiniAODv2/WGJets_MonoPhoton_PtG-40to130_TuneCP5_13TeV-madgraph-pythia8/MINIAODSIM/106X_mcRun2_asymptotic_v17-v2/2430000/1CA924E6-B044-6A43-8202-2B729FC4D4A4.root
%MSG-w XrdAdaptor:  file_open 12-Jan-2024 13:13:16 CET PostProcessEvent
Data is served from T2_US_Vanderbilt instead of original site US-Regional-Nebraska
%MSG
12-Jan-2024 13:13:17 CET  Successfully opened file root://cmsxrootd.fnal.gov//store/mc/RunIISummer20UL16MiniAODv2/WGJets_MonoPhoton_PtG-40to130_TuneCP5_13TeV-madgraph-pythia8/MINIAODSIM/106X_mcRun2_asymptotic_v17-v2/2430000/1CA924E6-B044-6A43-8202-2B729FC4D4A4.root
12-Jan-2024 13:13:56 CET  Closed file root://cmsxrootd.fnal.gov//store/mc/RunIISummer20UL16MiniAODv2/WGJets_MonoPhoton_PtG-40to130_TuneCP5_13TeV-madgraph-pythia8/MINIAODSIM/106X_mcRun2_asymptotic_v17-v2/2430000/1CA924E6-B044-6A43-8202-2B729FC4D4A4.root
12-Jan-2024 13:13:56 CET  Initiating request to open file root://cmsxrootd.fnal.gov//store/mc/RunIISummer20UL16MiniAODv2/WGJets_MonoPhoton_PtG-40to130_TuneCP5_13TeV-madgraph-pythia8/MINIAODSIM/106X_mcRun2_asymptotic_v17-v2/2430000/30608A27-842A-744E-8896-292ECCF0D018.root
%MSG-w XrdAdaptor:  file_open 12-Jan-2024 13:13:59 CET PostProcessEvent
Data is served from T2_US_Vanderbilt instead of original site US-Regional-Nebraska
%MSG
12-Jan-2024 13:14:01 CET  Successfully opened file root://cmsxrootd.fnal.gov//store/mc/RunIISummer20UL16MiniAODv2/WGJets_MonoPhoton_PtG-40to130_TuneCP5_13TeV-madgraph-pythia8/MINIAODSIM/106X_mcRun2_asymptotic_v17-v2/2430000/30608A27-842A-744E-8896-292ECCF0D018.root
12-Jan-2024 13:14:05 CET  Closed file root://cmsxrootd.fnal.gov//store/mc/RunIISummer20UL16MiniAODv2/WGJets_MonoPhoton_PtG-40to130_TuneCP5_13TeV-madgraph-pythia8/MINIAODSIM/106X_mcRun2_asymptotic_v17-v2/2430000/30608A27-842A-744E-8896-292ECCF0D018.root
12-Jan-2024 13:14:05 CET  Initiating request to open file root://cmsxrootd.fnal.gov//store/mc/RunIISummer20UL16MiniAODv2/WGJets_MonoPhoton_PtG-40to130_TuneCP5_13TeV-madgraph-pythia8/MINIAODSIM/106X_mcRun2_asymptotic_v17-v2/2430000/1FB9574D-A446-824F-9EF1-C802D6AC2AE4.root
%MSG-w XrdAdaptor:  file_open 12-Jan-2024 13:14:08 CET PostProcessEvent
Data is served from T2_US_Vanderbilt instead of original site US-Regional-Nebraska
%MSG
12-Jan-2024 13:14:34 CET  Successfully opened file root://cmsxrootd.fnal.gov//store/mc/RunIISummer20UL16MiniAODv2/WGJets_MonoPhoton_PtG-40to130_TuneCP5_13TeV-madgraph-pythia8/MINIAODSIM/106X_mcRun2_asymptotic_v17-v2/2430000/1FB9574D-A446-824F-9EF1-C802D6AC2AE4.root
Begin processing the 300001st record. Run 1, Event 2356524, LumiSection 888 on stream 0 at 12-Jan-2024 13:15:00.994 CET
12-Jan-2024 13:15:03 CET  Closed file root://cmsxrootd.fnal.gov//store/mc/RunIISummer20UL16MiniAODv2/WGJets_MonoPhoton_PtG-40to130_TuneCP5_13TeV-madgraph-pythia8/MINIAODSIM/106X_mcRun2_asymptotic_v17-v2/2430000/1FB9574D-A446-824F-9EF1-C802D6AC2AE4.root
12-Jan-2024 13:15:03 CET  Initiating request to open file root://cmsxrootd.fnal.gov//store/mc/RunIISummer20UL16MiniAODv2/WGJets_MonoPhoton_PtG-40to130_TuneCP5_13TeV-madgraph-pythia8/MINIAODSIM/106X_mcRun2_asymptotic_v17-v2/2430000/42F1D3D8-37B6-EE43-B632-D698C3FB8222.root
%MSG-w XrdAdaptor:  file_open 12-Jan-2024 13:15:05 CET PostProcessEvent
Data is served from T2_US_Vanderbilt instead of original site US-Regional-Nebraska
%MSG
12-Jan-2024 13:15:07 CET  Successfully opened file root://cmsxrootd.fnal.gov//store/mc/RunIISummer20UL16MiniAODv2/WGJets_MonoPhoton_PtG-40to130_TuneCP5_13TeV-madgraph-pythia8/MINIAODSIM/106X_mcRun2_asymptotic_v17-v2/2430000/42F1D3D8-37B6-EE43-B632-D698C3FB8222.root
[2024-01-12 13:15:19.050971 +0100][Error  ][AsyncSock         ] [xrootd-se4-vanderbilt.sites.opensciencegrid.org:1094 #0.0] Socket error while handshaking: [ERROR] Socket timeout
[2024-01-12 13:15:19.051016 +0100][Error  ][PostMaster        ] [xrootd-se4-vanderbilt.sites.opensciencegrid.org:1094 #0] elapsed = 45, pConnectionWindow = 31 seconds.
Begin processing the 400001st record. Run 1, Event 108688, LumiSection 41 on stream 0 at 12-Jan-2024 13:16:17.937 CET
12-Jan-2024 13:16:19 CET  Closed file root://cmsxrootd.fnal.gov//store/mc/RunIISummer20UL16MiniAODv2/WGJets_MonoPhoton_PtG-40to130_TuneCP5_13TeV-madgraph-pythia8/MINIAODSIM/106X_mcRun2_asymptotic_v17-v2/2430000/42F1D3D8-37B6-EE43-B632-D698C3FB8222.root
12-Jan-2024 13:16:19 CET  Initiating request to open file root://cmsxrootd.fnal.gov//store/mc/RunIISummer20UL16MiniAODv2/WGJets_MonoPhoton_PtG-40to130_TuneCP5_13TeV-madgraph-pythia8/MINIAODSIM/106X_mcRun2_asymptotic_v17-v2/2430000/22F3E7B4-F60E-1C48-9288-B6CF061D57A4.root
%MSG-w XrdAdaptor:  file_open 12-Jan-2024 13:16:22 CET PostProcessEvent
Data is served from T2_US_Vanderbilt instead of original site US-Regional-Nebraska
%MSG
12-Jan-2024 13:16:22 CET  Successfully opened file root://cmsxrootd.fnal.gov//store/mc/RunIISummer20UL16MiniAODv2/WGJets_MonoPhoton_PtG-40to130_TuneCP5_13TeV-madgraph-pythia8/MINIAODSIM/106X_mcRun2_asymptotic_v17-v2/2430000/22F3E7B4-F60E-1C48-9288-B6CF061D57A4.root
Begin processing the 500001st record. Run 1, Event 514191, LumiSection 194 on stream 0 at 12-Jan-2024 13:17:35.066 CET
12-Jan-2024 13:17:36 CET  Closed file root://cmsxrootd.fnal.gov//store/mc/RunIISummer20UL16MiniAODv2/WGJets_MonoPhoton_PtG-40to130_TuneCP5_13TeV-madgraph-pythia8/MINIAODSIM/106X_mcRun2_asymptotic_v17-v2/2430000/22F3E7B4-F60E-1C48-9288-B6CF061D57A4.root
12-Jan-2024 13:17:36 CET  Initiating request to open file root://cmsxrootd.fnal.gov//store/mc/RunIISummer20UL16MiniAODv2/WGJets_MonoPhoton_PtG-40to130_TuneCP5_13TeV-madgraph-pythia8/MINIAODSIM/106X_mcRun2_asymptotic_v17-v2/2430000/ED37F418-0D42-1A41-B551-9E0402A26705.root
%MSG-w XrdAdaptor:  file_open 12-Jan-2024 13:17:38 CET PostProcessEvent
Data is served from T2_US_Vanderbilt instead of original site US-Regional-Nebraska
%MSG
12-Jan-2024 13:17:39 CET  Successfully opened file root://cmsxrootd.fnal.gov//store/mc/RunIISummer20UL16MiniAODv2/WGJets_MonoPhoton_PtG-40to130_TuneCP5_13TeV-madgraph-pythia8/MINIAODSIM/106X_mcRun2_asymptotic_v17-v2/2430000/ED37F418-0D42-1A41-B551-9E0402A26705.root
Begin processing the 600001st record. Run 1, Event 1365063, LumiSection 514 on stream 0 at 12-Jan-2024 13:17:51.221 CET
12-Jan-2024 13:17:51 CET  Closed file root://cmsxrootd.fnal.gov//store/mc/RunIISummer20UL16MiniAODv2/WGJets_MonoPhoton_PtG-40to130_TuneCP5_13TeV-madgraph-pythia8/MINIAODSIM/106X_mcRun2_asymptotic_v17-v2/2430000/ED37F418-0D42-1A41-B551-9E0402A26705.root
12-Jan-2024 13:17:51 CET  Initiating request to open file root://cmsxrootd.fnal.gov//store/mc/RunIISummer20UL16MiniAODv2/WGJets_MonoPhoton_PtG-40to130_TuneCP5_13TeV-madgraph-pythia8/MINIAODSIM/106X_mcRun2_asymptotic_v17-v2/2430000/943DE870-9535-404B-A314-2F746C5AE2B1.root
%MSG-w XrdAdaptor:  file_open 12-Jan-2024 13:17:54 CET PostProcessEvent
Data is served from T2_US_Vanderbilt instead of original site US-Regional-Nebraska
%MSG
12-Jan-2024 13:17:55 CET  Successfully opened file root://cmsxrootd.fnal.gov//store/mc/RunIISummer20UL16MiniAODv2/WGJets_MonoPhoton_PtG-40to130_TuneCP5_13TeV-madgraph-pythia8/MINIAODSIM/106X_mcRun2_asymptotic_v17-v2/2430000/943DE870-9535-404B-A314-2F746C5AE2B1.root
Begin processing the 700001st record. Run 1, Event 2576309, LumiSection 970 on stream 0 at 12-Jan-2024 13:19:01.185 CET
12-Jan-2024 13:19:01 CET  Closed file root://cmsxrootd.fnal.gov//store/mc/RunIISummer20UL16MiniAODv2/WGJets_MonoPhoton_PtG-40to130_TuneCP5_13TeV-madgraph-pythia8/MINIAODSIM/106X_mcRun2_asymptotic_v17-v2/2430000/943DE870-9535-404B-A314-2F746C5AE2B1.root
12-Jan-2024 13:19:01 CET  Initiating request to open file root://cmsxrootd.fnal.gov//store/mc/RunIISummer20UL16MiniAODv2/WGJets_MonoPhoton_PtG-40to130_TuneCP5_13TeV-madgraph-pythia8/MINIAODSIM/106X_mcRun2_asymptotic_v17-v2/2430000/334CF773-F8D0-2645-A1C0-D837B477A042.root
%MSG-w XrdAdaptor:  file_open 12-Jan-2024 13:19:03 CET PostProcessEvent
Data is served from T2_US_Vanderbilt instead of original site US-Regional-Nebraska
%MSG
12-Jan-2024 13:19:04 CET  Successfully opened file root://cmsxrootd.fnal.gov//store/mc/RunIISummer20UL16MiniAODv2/WGJets_MonoPhoton_PtG-40to130_TuneCP5_13TeV-madgraph-pythia8/MINIAODSIM/106X_mcRun2_asymptotic_v17-v2/2430000/334CF773-F8D0-2645-A1C0-D837B477A042.root
12-Jan-2024 13:19:15 CET  Closed file root://cmsxrootd.fnal.gov//store/mc/RunIISummer20UL16MiniAODv2/WGJets_MonoPhoton_PtG-40to130_TuneCP5_13TeV-madgraph-pythia8/MINIAODSIM/106X_mcRun2_asymptotic_v17-v2/2430000/334CF773-F8D0-2645-A1C0-D837B477A042.root
12-Jan-2024 13:19:15 CET  Initiating request to open file root://cmsxrootd.fnal.gov//store/mc/RunIISummer20UL16MiniAODv2/WGJets_MonoPhoton_PtG-40to130_TuneCP5_13TeV-madgraph-pythia8/MINIAODSIM/106X_mcRun2_asymptotic_v17-v2/2430000/41E8B30F-C48F-1546-B191-15C1A99597B5.root
%MSG-w XrdAdaptor:  file_open 12-Jan-2024 13:19:18 CET PostProcessEvent
Data is served from T2_US_Vanderbilt instead of original site US-Regional-Nebraska
%MSG
12-Jan-2024 13:19:29 CET  Successfully opened file root://cmsxrootd.fnal.gov//store/mc/RunIISummer20UL16MiniAODv2/WGJets_MonoPhoton_PtG-40to130_TuneCP5_13TeV-madgraph-pythia8/MINIAODSIM/106X_mcRun2_asymptotic_v17-v2/2430000/41E8B30F-C48F-1546-B191-15C1A99597B5.root
Begin processing the 800001st record. Run 1, Event 1493253, LumiSection 563 on stream 0 at 12-Jan-2024 13:19:59.843 CET
12-Jan-2024 13:20:03 CET  Closed file root://cmsxrootd.fnal.gov//store/mc/RunIISummer20UL16MiniAODv2/WGJets_MonoPhoton_PtG-40to130_TuneCP5_13TeV-madgraph-pythia8/MINIAODSIM/106X_mcRun2_asymptotic_v17-v2/2430000/41E8B30F-C48F-1546-B191-15C1A99597B5.root
12-Jan-2024 13:20:03 CET  Initiating request to open file root://cmsxrootd.fnal.gov//store/mc/RunIISummer20UL16MiniAODv2/WGJets_MonoPhoton_PtG-40to130_TuneCP5_13TeV-madgraph-pythia8/MINIAODSIM/106X_mcRun2_asymptotic_v17-v2/2430000/7B719181-3CDB-D64F-BC56-9FA2F3B9D466.root
%MSG-w XrdAdaptor:  file_open 12-Jan-2024 13:20:05 CET PostProcessEvent
Data is served from T2_US_Vanderbilt instead of original site US-Regional-Nebraska
%MSG
12-Jan-2024 13:20:06 CET  Successfully opened file root://cmsxrootd.fnal.gov//store/mc/RunIISummer20UL16MiniAODv2/WGJets_MonoPhoton_PtG-40to130_TuneCP5_13TeV-madgraph-pythia8/MINIAODSIM/106X_mcRun2_asymptotic_v17-v2/2430000/7B719181-3CDB-D64F-BC56-9FA2F3B9D466.root
Begin processing the 900001st record. Run 1, Event 215204, LumiSection 82 on stream 0 at 12-Jan-2024 13:20:43.429 CET
12-Jan-2024 13:20:46 CET  Closed file root://cmsxrootd.fnal.gov//store/mc/RunIISummer20UL16MiniAODv2/WGJets_MonoPhoton_PtG-40to130_TuneCP5_13TeV-madgraph-pythia8/MINIAODSIM/106X_mcRun2_asymptotic_v17-v2/2430000/7B719181-3CDB-D64F-BC56-9FA2F3B9D466.root
12-Jan-2024 13:20:46 CET  Initiating request to open file root://cmsxrootd.fnal.gov//store/mc/RunIISummer20UL16MiniAODv2/WGJets_MonoPhoton_PtG-40to130_TuneCP5_13TeV-madgraph-pythia8/MINIAODSIM/106X_mcRun2_asymptotic_v17-v2/2430000/84B171C0-81B1-A348-B3C7-4E7311B4A4C1.root
%MSG-w XrdAdaptor:  file_open 12-Jan-2024 13:20:48 CET PostProcessEvent
Data is served from T2_US_Vanderbilt instead of original site US-Regional-Nebraska
%MSG
12-Jan-2024 13:20:49 CET  Successfully opened file root://cmsxrootd.fnal.gov//store/mc/RunIISummer20UL16MiniAODv2/WGJets_MonoPhoton_PtG-40to130_TuneCP5_13TeV-madgraph-pythia8/MINIAODSIM/106X_mcRun2_asymptotic_v17-v2/2430000/84B171C0-81B1-A348-B3C7-4E7311B4A4C1.root
Begin processing the 1000001st record. Run 1, Event 1327380, LumiSection 500 on stream 0 at 12-Jan-2024 13:21:22.141 CET
12-Jan-2024 13:21:25 CET  Closed file root://cmsxrootd.fnal.gov//store/mc/RunIISummer20UL16MiniAODv2/WGJets_MonoPhoton_PtG-40to130_TuneCP5_13TeV-madgraph-pythia8/MINIAODSIM/106X_mcRun2_asymptotic_v17-v2/2430000/84B171C0-81B1-A348-B3C7-4E7311B4A4C1.root
12-Jan-2024 13:21:25 CET  Initiating request to open file root://cmsxrootd.fnal.gov//store/mc/RunIISummer20UL16MiniAODv2/WGJets_MonoPhoton_PtG-40to130_TuneCP5_13TeV-madgraph-pythia8/MINIAODSIM/106X_mcRun2_asymptotic_v17-v2/2430000/71926C6E-67A1-AA41-A37F-EAF39B3FACE5.root
%MSG-w XrdAdaptor:  file_open 12-Jan-2024 13:21:27 CET PostProcessEvent
Data is served from T2_US_Vanderbilt instead of original site US-Regional-Nebraska
%MSG
12-Jan-2024 13:21:28 CET  Successfully opened file root://cmsxrootd.fnal.gov//store/mc/RunIISummer20UL16MiniAODv2/WGJets_MonoPhoton_PtG-40to130_TuneCP5_13TeV-madgraph-pythia8/MINIAODSIM/106X_mcRun2_asymptotic_v17-v2/2430000/71926C6E-67A1-AA41-A37F-EAF39B3FACE5.root
Begin processing the 1100001st record. Run 1, Event 1059066, LumiSection 399 on stream 0 at 12-Jan-2024 13:23:00.934 CET
12-Jan-2024 13:23:03 CET  Closed file root://cmsxrootd.fnal.gov//store/mc/RunIISummer20UL16MiniAODv2/WGJets_MonoPhoton_PtG-40to130_TuneCP5_13TeV-madgraph-pythia8/MINIAODSIM/106X_mcRun2_asymptotic_v17-v2/2430000/71926C6E-67A1-AA41-A37F-EAF39B3FACE5.root
12-Jan-2024 13:23:03 CET  Initiating request to open file root://cmsxrootd.fnal.gov//store/mc/RunIISummer20UL16MiniAODv2/WGJets_MonoPhoton_PtG-40to130_TuneCP5_13TeV-madgraph-pythia8/MINIAODSIM/106X_mcRun2_asymptotic_v17-v2/2430000/42B8AA10-1730-2C4C-932E-BD6B14162F51.root
%MSG-w XrdAdaptor:  file_open 12-Jan-2024 13:23:05 CET PostProcessEvent
Data is served from T2_US_Vanderbilt instead of original site US-Regional-Nebraska
%MSG
12-Jan-2024 13:23:07 CET  Successfully opened file root://cmsxrootd.fnal.gov//store/mc/RunIISummer20UL16MiniAODv2/WGJets_MonoPhoton_PtG-40to130_TuneCP5_13TeV-madgraph-pythia8/MINIAODSIM/106X_mcRun2_asymptotic_v17-v2/2430000/42B8AA10-1730-2C4C-932E-BD6B14162F51.root
Begin processing the 1200001st record. Run 1, Event 2625973, LumiSection 989 on stream 0 at 12-Jan-2024 13:23:17.166 CET
12-Jan-2024 13:23:18 CET  Closed file root://cmsxrootd.fnal.gov//store/mc/RunIISummer20UL16MiniAODv2/WGJets_MonoPhoton_PtG-40to130_TuneCP5_13TeV-madgraph-pythia8/MINIAODSIM/106X_mcRun2_asymptotic_v17-v2/2430000/42B8AA10-1730-2C4C-932E-BD6B14162F51.root
12-Jan-2024 13:23:18 CET  Initiating request to open file root://cmsxrootd.fnal.gov//store/mc/RunIISummer20UL16MiniAODv2/WGJets_MonoPhoton_PtG-40to130_TuneCP5_13TeV-madgraph-pythia8/MINIAODSIM/106X_mcRun2_asymptotic_v17-v2/2430000/30CD870C-65E7-7344-9A12-2D45FC982521.root
%MSG-w XrdAdaptor:  file_open 12-Jan-2024 13:23:21 CET PostProcessEvent
Data is served from T2_US_Vanderbilt instead of original site US-Regional-Nebraska
%MSG
12-Jan-2024 13:23:22 CET  Successfully opened file root://cmsxrootd.fnal.gov//store/mc/RunIISummer20UL16MiniAODv2/WGJets_MonoPhoton_PtG-40to130_TuneCP5_13TeV-madgraph-pythia8/MINIAODSIM/106X_mcRun2_asymptotic_v17-v2/2430000/30CD870C-65E7-7344-9A12-2D45FC982521.root
12-Jan-2024 13:23:57 CET  Closed file root://cmsxrootd.fnal.gov//store/mc/RunIISummer20UL16MiniAODv2/WGJets_MonoPhoton_PtG-40to130_TuneCP5_13TeV-madgraph-pythia8/MINIAODSIM/106X_mcRun2_asymptotic_v17-v2/2430000/30CD870C-65E7-7344-9A12-2D45FC982521.root
12-Jan-2024 13:23:57 CET  Initiating request to open file root://cmsxrootd.fnal.gov//store/mc/RunIISummer20UL16MiniAODv2/WGJets_MonoPhoton_PtG-40to130_TuneCP5_13TeV-madgraph-pythia8/MINIAODSIM/106X_mcRun2_asymptotic_v17-v2/2430000/5FADDE56-CC88-9D4F-8AAB-DEBE3D968813.root
[2024-01-12 13:24:43.662995 +0100][Error  ][AsyncSock         ] [xrootd-se4-vanderbilt.sites.opensciencegrid.org:1094 #0.0] Socket error while handshaking: [ERROR] Socket timeout
[2024-01-12 13:24:43.663054 +0100][Error  ][PostMaster        ] [xrootd-se4-vanderbilt.sites.opensciencegrid.org:1094 #0] elapsed = 45, pConnectionWindow = 31 seconds.
%MSG-w XrdAdaptor:  file_open 12-Jan-2024 13:24:45 CET PostProcessEvent
Data is served from T2_US_Vanderbilt instead of original site US-Regional-Nebraska
%MSG
12-Jan-2024 13:24:46 CET  Successfully opened file root://cmsxrootd.fnal.gov//store/mc/RunIISummer20UL16MiniAODv2/WGJets_MonoPhoton_PtG-40to130_TuneCP5_13TeV-madgraph-pythia8/MINIAODSIM/106X_mcRun2_asymptotic_v17-v2/2430000/5FADDE56-CC88-9D4F-8AAB-DEBE3D968813.root
Begin processing the 1300001st record. Run 1, Event 3632028, LumiSection 1368 on stream 0 at 12-Jan-2024 13:24:54.438 CET
12-Jan-2024 13:24:54 CET  Closed file root://cmsxrootd.fnal.gov//store/mc/RunIISummer20UL16MiniAODv2/WGJets_MonoPhoton_PtG-40to130_TuneCP5_13TeV-madgraph-pythia8/MINIAODSIM/106X_mcRun2_asymptotic_v17-v2/2430000/5FADDE56-CC88-9D4F-8AAB-DEBE3D968813.root
12-Jan-2024 13:24:54 CET  Initiating request to open file root://cmsxrootd.fnal.gov//store/mc/RunIISummer20UL16MiniAODv2/WGJets_MonoPhoton_PtG-40to130_TuneCP5_13TeV-madgraph-pythia8/MINIAODSIM/106X_mcRun2_asymptotic_v17-v2/2430000/0253B839-FC9E-A643-83D8-34C9D53E846F.root
%MSG-w XrdAdaptor:  file_open 12-Jan-2024 13:24:58 CET PostProcessEvent
Data is served from T2_US_Vanderbilt instead of original site US-Regional-Nebraska
%MSG
12-Jan-2024 13:24:58 CET  Successfully opened file root://cmsxrootd.fnal.gov//store/mc/RunIISummer20UL16MiniAODv2/WGJets_MonoPhoton_PtG-40to130_TuneCP5_13TeV-madgraph-pythia8/MINIAODSIM/106X_mcRun2_asymptotic_v17-v2/2430000/0253B839-FC9E-A643-83D8-34C9D53E846F.root
12-Jan-2024 13:25:25 CET  Closed file root://cmsxrootd.fnal.gov//store/mc/RunIISummer20UL16MiniAODv2/WGJets_MonoPhoton_PtG-40to130_TuneCP5_13TeV-madgraph-pythia8/MINIAODSIM/106X_mcRun2_asymptotic_v17-v2/2430000/0253B839-FC9E-A643-83D8-34C9D53E846F.root
12-Jan-2024 13:25:25 CET  Initiating request to open file root://cmsxrootd.fnal.gov//store/mc/RunIISummer20UL16MiniAODv2/WGJets_MonoPhoton_PtG-40to130_TuneCP5_13TeV-madgraph-pythia8/MINIAODSIM/106X_mcRun2_asymptotic_v17-v2/100000/B3448D1C-B40C-4D4A-969B-F8037F5D1529.root
%MSG-w XrdAdaptor:  file_open 12-Jan-2024 13:25:27 CET PostProcessEvent
Data is served from T2_US_Vanderbilt instead of original site US-Regional-Nebraska
%MSG
12-Jan-2024 13:25:28 CET  Successfully opened file root://cmsxrootd.fnal.gov//store/mc/RunIISummer20UL16MiniAODv2/WGJets_MonoPhoton_PtG-40to130_TuneCP5_13TeV-madgraph-pythia8/MINIAODSIM/106X_mcRun2_asymptotic_v17-v2/100000/B3448D1C-B40C-4D4A-969B-F8037F5D1529.root
12-Jan-2024 13:25:33 CET  Closed file root://cmsxrootd.fnal.gov//store/mc/RunIISummer20UL16MiniAODv2/WGJets_MonoPhoton_PtG-40to130_TuneCP5_13TeV-madgraph-pythia8/MINIAODSIM/106X_mcRun2_asymptotic_v17-v2/100000/B3448D1C-B40C-4D4A-969B-F8037F5D1529.root
12-Jan-2024 13:25:33 CET  Initiating request to open file root://cmsxrootd.fnal.gov//store/mc/RunIISummer20UL16MiniAODv2/WGJets_MonoPhoton_PtG-40to130_TuneCP5_13TeV-madgraph-pythia8/MINIAODSIM/106X_mcRun2_asymptotic_v17-v2/230000/A148C0EC-7138-3042-9C50-94FA631BA151.root
%MSG-w XrdAdaptor:  file_open 12-Jan-2024 13:25:36 CET PostProcessEvent
Data is served from T2_US_Vanderbilt instead of original site US-Regional-Nebraska
%MSG
12-Jan-2024 13:25:37 CET  Successfully opened file root://cmsxrootd.fnal.gov//store/mc/RunIISummer20UL16MiniAODv2/WGJets_MonoPhoton_PtG-40to130_TuneCP5_13TeV-madgraph-pythia8/MINIAODSIM/106X_mcRun2_asymptotic_v17-v2/230000/A148C0EC-7138-3042-9C50-94FA631BA151.root
12-Jan-2024 13:25:47 CET  Closed file root://cmsxrootd.fnal.gov//store/mc/RunIISummer20UL16MiniAODv2/WGJets_MonoPhoton_PtG-40to130_TuneCP5_13TeV-madgraph-pythia8/MINIAODSIM/106X_mcRun2_asymptotic_v17-v2/230000/A148C0EC-7138-3042-9C50-94FA631BA151.root
12-Jan-2024 13:25:47 CET  Initiating request to open file root://cmsxrootd.fnal.gov//store/mc/RunIISummer20UL16MiniAODv2/WGJets_MonoPhoton_PtG-40to130_TuneCP5_13TeV-madgraph-pythia8/MINIAODSIM/106X_mcRun2_asymptotic_v17-v2/230000/3EF52CB1-2267-2345-BD4A-0F4023E09C33.root
%MSG-w XrdAdaptor:  file_open 12-Jan-2024 13:25:49 CET PostProcessEvent
Data is served from T2_US_Vanderbilt instead of original site US-Regional-Nebraska
%MSG
12-Jan-2024 13:25:50 CET  Successfully opened file root://cmsxrootd.fnal.gov//store/mc/RunIISummer20UL16MiniAODv2/WGJets_MonoPhoton_PtG-40to130_TuneCP5_13TeV-madgraph-pythia8/MINIAODSIM/106X_mcRun2_asymptotic_v17-v2/230000/3EF52CB1-2267-2345-BD4A-0F4023E09C33.root
12-Jan-2024 13:26:30 CET  Closed file root://cmsxrootd.fnal.gov//store/mc/RunIISummer20UL16MiniAODv2/WGJets_MonoPhoton_PtG-40to130_TuneCP5_13TeV-madgraph-pythia8/MINIAODSIM/106X_mcRun2_asymptotic_v17-v2/230000/3EF52CB1-2267-2345-BD4A-0F4023E09C33.root
12-Jan-2024 13:26:30 CET  Initiating request to open file root://cmsxrootd.fnal.gov//store/mc/RunIISummer20UL16MiniAODv2/WGJets_MonoPhoton_PtG-40to130_TuneCP5_13TeV-madgraph-pythia8/MINIAODSIM/106X_mcRun2_asymptotic_v17-v2/250000/374E4E71-ACA4-524F-94EA-143EAB57EA53.root
%MSG-w XrdAdaptor:  file_open 12-Jan-2024 13:26:33 CET PostProcessEvent
Data is served from T2_US_Vanderbilt instead of original site US-Regional-Nebraska
%MSG
12-Jan-2024 13:26:33 CET  Successfully opened file root://cmsxrootd.fnal.gov//store/mc/RunIISummer20UL16MiniAODv2/WGJets_MonoPhoton_PtG-40to130_TuneCP5_13TeV-madgraph-pythia8/MINIAODSIM/106X_mcRun2_asymptotic_v17-v2/250000/374E4E71-ACA4-524F-94EA-143EAB57EA53.root
      3.077936      0.054477      0.019681             1
     14.094290      0.118886      0.019681             3
     11.508810      0.116935      0.019681             2
      9.489720      0.114892      0.019681             5
      2.291077      0.047850      0.019681             4
     11.810560      0.101343      0.019681             6
 
12-Jan-2024 13:27:57 CET  Closed file root://cmsxrootd.fnal.gov//store/mc/RunIISummer20UL16MiniAODv2/WGJets_MonoPhoton_PtG-40to130_TuneCP5_13TeV-madgraph-pythia8/MINIAODSIM/106X_mcRun2_asymptotic_v17-v2/250000/374E4E71-ACA4-524F-94EA-143EAB57EA53.root

------------------------------------
GenXsecAnalyzer:
------------------------------------
-------------------------------------------------------------------------------------------------------------------------------------------------------------------------- 
Overall cross-section summary 
--------------------------------------------------------------------------------------------------------------------------------------------------------------------------
Process		xsec_before [pb]		passed	nposw	nnegw	tried	nposw	nnegw 	xsec_match [pb]			accepted [%]	 event_eff [%]
0		3.131e+00 +/- 1.492e-03		129112	129112	0	220856	220856	0	1.831e+00 +/- 3.397e-03		58.5 +/- 0.1	58.5 +/- 0.1
1		1.152e+01 +/- 3.236e-03		268323	268323	0	808091	808091	0	3.824e+00 +/- 6.128e-03		33.2 +/- 0.1	33.2 +/- 0.1
2		1.433e+01 +/- 3.076e-03		363277	363277	0	1008003	1008003	0	5.165e+00 +/- 6.943e-03		36.0 +/- 0.0	36.0 +/- 0.0
3		2.365e+00 +/- 1.299e-03		97886	97886	0	166197	166197	0	1.393e+00 +/- 2.955e-03		58.9 +/- 0.1	58.9 +/- 0.1
4		9.598e+00 +/- 3.004e-03		224796	224796	0	679853	679853	0	3.174e+00 +/- 5.566e-03		33.1 +/- 0.1	33.1 +/- 0.1
5		1.208e+01 +/- 2.782e-03		302771	302771	0	835459	835459	0	4.378e+00 +/- 6.433e-03		36.2 +/- 0.1	36.2 +/- 0.1
-------------------------------------------------------------------------------------------------------------------------------------------------------------------------- 
Total		5.302e+01 +/- 6.373e-03		1386165	1386165	0	3718459	3718459	0	1.977e+01 +/- 1.351e-02		37.3 +/- 0.0	37.3 +/- 0.0
--------------------------------------------------------------------------------------------------------------------------------------------------------------------------
Before matching: total cross section = 5.302e+01 +- 6.373e-03 pb
After matching: total cross section = 1.977e+01 +- 1.351e-02 pb
Matching efficiency = 0.4 +/- 0.0   [TO BE USED IN MCM]
Filter efficiency (taking into account weights)= (1.38616e+06) / (1.38616e+06) = 1.000e+00 +- 0.000e+00
Filter efficiency (event-level)= (1.38616e+06) / (1.38616e+06) = 1.000e+00 +- 0.000e+00    [TO BE USED IN MCM]

After filter: final cross section = 1.977e+01 +- 1.351e-02 pb
After filter: final fraction of events with negative weights = 0.000e+00 +- 0.000e+00
After filter: final equivalent lumi for 1M events (1/fb) = 5.059e+01 +- 6.128e-02

=============================================

MessageLogger Summary

 type     category        sev    module        subroutine        count    total
 ---- -------------------- -- ---------------- ----------------  -----    -----
    1 GenXSecAnalyzer      -w GenXSecAnalyzer:                      20       20
    2 XrdAdaptor           -w file_open                             24       24
    3 fileAction           -s file_close                            24       24
    4 fileAction           -s file_open                             48       48

 type    category    Examples: run/evt        run/evt          run/evt
 ---- -------------------- ---------------- ---------------- ----------------
    1 GenXSecAnalyzer      PostGlobalEndRun PostGlobalEndRun PostGlobalEndRun
    2 XrdAdaptor           pre-events       PostProcessEvent PostProcessEvent
    3 fileAction           PostProcessEvent PostProcessEvent PostGlobalEndRun
    4 fileAction           pre-events       pre-events       PostProcessEvent

Severity    # Occurrences   Total Occurrences
--------    -------------   -----------------
Warning                44                  44
System                 72                  72

dropped waiting message count 0
