11-Jan-2024 10:18:36 CET  Initiating request to open file root://cmsxrootd.fnal.gov//store/mc/RunIISummer20UL16MiniAODv2/GGToMuMu_Pt-25_Inel-Inel_13TeV-lpair/MINIAODSIM/106X_mcRun2_asymptotic_v17-v1/270000/6332C791-34E2-6A44-AB6A-358087840E04.root
Unable to load sec.protocol plugin libXrdSecztn.so
%MSG-w XrdAdaptor:  file_open 11-Jan-2024 10:18:43 CET pre-events
Data is served from fnal.gov instead of original site US-Regional-FNAL
%MSG
11-Jan-2024 10:18:47 CET  Successfully opened file root://cmsxrootd.fnal.gov//store/mc/RunIISummer20UL16MiniAODv2/GGToMuMu_Pt-25_Inel-Inel_13TeV-lpair/MINIAODSIM/106X_mcRun2_asymptotic_v17-v1/270000/6332C791-34E2-6A44-AB6A-358087840E04.root
Unable to load sec.protocol plugin libXrdSecztn.so
Begin processing the 1st record. Run 1, Event 1, LumiSection 1 on stream 0 at 11-Jan-2024 10:18:56.933 CET
Begin processing the 100001st record. Run 1, Event 2, LumiSection 147 on stream 0 at 11-Jan-2024 10:19:01.099 CET
11-Jan-2024 10:19:03 CET  Closed file root://cmsxrootd.fnal.gov//store/mc/RunIISummer20UL16MiniAODv2/GGToMuMu_Pt-25_Inel-Inel_13TeV-lpair/MINIAODSIM/106X_mcRun2_asymptotic_v17-v1/270000/6332C791-34E2-6A44-AB6A-358087840E04.root
11-Jan-2024 10:19:03 CET  Initiating request to open file root://cmsxrootd.fnal.gov//store/mc/RunIISummer20UL16MiniAODv2/GGToMuMu_Pt-25_Inel-Inel_13TeV-lpair/MINIAODSIM/106X_mcRun2_asymptotic_v17-v1/270000/FF934A34-90E5-DD42-AAAE-8B69B7D8C153.root
%MSG-w XrdAdaptor:  file_open 11-Jan-2024 10:19:10 CET PostProcessEvent
Data is served from fnal.gov instead of original site US-Regional-FNAL
%MSG
11-Jan-2024 10:19:10 CET  Successfully opened file root://cmsxrootd.fnal.gov//store/mc/RunIISummer20UL16MiniAODv2/GGToMuMu_Pt-25_Inel-Inel_13TeV-lpair/MINIAODSIM/106X_mcRun2_asymptotic_v17-v1/270000/FF934A34-90E5-DD42-AAAE-8B69B7D8C153.root
Unable to load sec.protocol plugin libXrdSecztn.so
Unable to load sec.protocol plugin libXrdSecztn.so
Begin processing the 200001st record. Run 1, Event 10, LumiSection 247 on stream 0 at 11-Jan-2024 10:19:39.759 CET
11-Jan-2024 10:19:45 CET  Closed file root://cmsxrootd.fnal.gov//store/mc/RunIISummer20UL16MiniAODv2/GGToMuMu_Pt-25_Inel-Inel_13TeV-lpair/MINIAODSIM/106X_mcRun2_asymptotic_v17-v1/270000/FF934A34-90E5-DD42-AAAE-8B69B7D8C153.root
11-Jan-2024 10:19:45 CET  Initiating request to open file root://cmsxrootd.fnal.gov//store/mc/RunIISummer20UL16MiniAODv2/GGToMuMu_Pt-25_Inel-Inel_13TeV-lpair/MINIAODSIM/106X_mcRun2_asymptotic_v17-v1/270000/498DBB07-8462-9E46-B718-042661890100.root
%MSG-w XrdAdaptor:  file_open 11-Jan-2024 10:19:49 CET PostProcessEvent
Data is served from fnal.gov instead of original site US-Regional-FNAL
%MSG
11-Jan-2024 10:19:50 CET  Successfully opened file root://cmsxrootd.fnal.gov//store/mc/RunIISummer20UL16MiniAODv2/GGToMuMu_Pt-25_Inel-Inel_13TeV-lpair/MINIAODSIM/106X_mcRun2_asymptotic_v17-v1/270000/498DBB07-8462-9E46-B718-042661890100.root
Begin processing the 300001st record. Run 1, Event 12, LumiSection 347 on stream 0 at 11-Jan-2024 10:20:00.933 CET
Begin processing the 400001st record. Run 1, Event 20, LumiSection 447 on stream 0 at 11-Jan-2024 10:20:04.731 CET
11-Jan-2024 10:20:05 CET  Closed file root://cmsxrootd.fnal.gov//store/mc/RunIISummer20UL16MiniAODv2/GGToMuMu_Pt-25_Inel-Inel_13TeV-lpair/MINIAODSIM/106X_mcRun2_asymptotic_v17-v1/270000/498DBB07-8462-9E46-B718-042661890100.root
11-Jan-2024 10:20:05 CET  Initiating request to open file root://cmsxrootd.fnal.gov//store/mc/RunIISummer20UL16MiniAODv2/GGToMuMu_Pt-25_Inel-Inel_13TeV-lpair/MINIAODSIM/106X_mcRun2_asymptotic_v17-v1/270000/4B932DC3-5219-2849-BA55-3C3872BFF97A.root
%MSG-w XrdAdaptor:  file_open 11-Jan-2024 10:20:09 CET PostProcessEvent
Data is served from fnal.gov instead of original site US-Regional-FNAL
%MSG
11-Jan-2024 10:20:09 CET  Successfully opened file root://cmsxrootd.fnal.gov//store/mc/RunIISummer20UL16MiniAODv2/GGToMuMu_Pt-25_Inel-Inel_13TeV-lpair/MINIAODSIM/106X_mcRun2_asymptotic_v17-v1/270000/4B932DC3-5219-2849-BA55-3C3872BFF97A.root
11-Jan-2024 10:20:23 CET  Closed file root://cmsxrootd.fnal.gov//store/mc/RunIISummer20UL16MiniAODv2/GGToMuMu_Pt-25_Inel-Inel_13TeV-lpair/MINIAODSIM/106X_mcRun2_asymptotic_v17-v1/270000/4B932DC3-5219-2849-BA55-3C3872BFF97A.root

------------------------------------
GenXsecAnalyzer:
------------------------------------
-------------------------------------------------------------------------------------------------------------------------------------------------------------------------- 
Overall cross-section summary 
--------------------------------------------------------------------------------------------------------------------------------------------------------------------------
Process		xsec_before [pb]		passed	nposw	nnegw	tried	nposw	nnegw 	xsec_match [pb]			accepted [%]	 event_eff [%]
0		3.050e-01 +/- 7.972e-04		0	0	0	0	0	0	0.000e+00 +/- 0.000e+00		-100.0 +/- -100.0	-100.0 +/- -100.0
-------------------------------------------------------------------------------------------------------------------------------------------------------------------------- 
Total		3.050e-01 +/- 7.972e-04		0	0	0	0	0	0	-3.050e-01 +/- 0.000e+00		-100.0 +/- -100.0	-100.0 +/- -100.0
--------------------------------------------------------------------------------------------------------------------------------------------------------------------------
Before matching: total cross section = 3.050e-01 +- 7.972e-04 pb
After matching: total cross section = -3.050e-01 +- 0.000e+00 pb
Matching efficiency = -1.0 +/- -1.0   [TO BE USED IN MCM]
Filter efficiency (taking into account weights)= (500000) / (500000) = 1.000e+00 +- 0.000e+00
Filter efficiency (event-level)= (500000) / (500000) = 1.000e+00 +- 0.000e+00    [TO BE USED IN MCM]

After filter: final cross section = 0.000e+00 +- 0.000e+00 pb
After filter: final fraction of events with negative weights = 0.000e+00 +- 0.000e+00
After filter: final equivalent lumi for 1M events (1/fb) = 0.000e+00 +- 0.000e+00

=============================================

MessageLogger Summary

 type     category        sev    module        subroutine        count    total
 ---- -------------------- -- ---------------- ----------------  -----    -----
    1 GenXSecAnalyzer      -w GenXSecAnalyzer:                      15       15
    2 XrdAdaptor           -w file_open                              4        4
    3 fileAction           -s file_close                             4        4
    4 fileAction           -s file_open                              8        8

 type    category    Examples: run/evt        run/evt          run/evt
 ---- -------------------- ---------------- ---------------- ----------------
    1 GenXSecAnalyzer      PostGlobalEndRun PostGlobalEndRun PostGlobalEndRun
    2 XrdAdaptor           pre-events       PostProcessEvent PostProcessEvent
    3 fileAction           PostProcessEvent PostProcessEvent PostGlobalEndRun
    4 fileAction           pre-events       pre-events       PostProcessEvent

Severity    # Occurrences   Total Occurrences
--------    -------------   -----------------
Warning                19                  19
System                 12                  12

dropped waiting message count 0
