12-Jan-2024 03:23:48 CET  Initiating request to open file root://cmsxrootd.fnal.gov//store/mc/RunIISummer20UL16MiniAODv2/VBS_SSWW_LL_polarization_TuneCP5_13TeV-madgraph-pythia8/MINIAODSIM/106X_mcRun2_asymptotic_v17-v2/2430000/134ABA8E-02F2-BB4D-961C-50274BC0DB54.root
%MSG-w XrdAdaptor:  file_open 12-Jan-2024 03:23:52 CET pre-events
Data is served from cms.rcac.purdue.edu instead of original site fnal.gov
%MSG
12-Jan-2024 03:23:56 CET  Successfully opened file root://cmsxrootd.fnal.gov//store/mc/RunIISummer20UL16MiniAODv2/VBS_SSWW_LL_polarization_TuneCP5_13TeV-madgraph-pythia8/MINIAODSIM/106X_mcRun2_asymptotic_v17-v2/2430000/134ABA8E-02F2-BB4D-961C-50274BC0DB54.root
Begin processing the 1st record. Run 1, Event 180001, LumiSection 181 on stream 0 at 12-Jan-2024 03:24:01.636 CET
12-Jan-2024 03:24:02 CET  Closed file root://cmsxrootd.fnal.gov//store/mc/RunIISummer20UL16MiniAODv2/VBS_SSWW_LL_polarization_TuneCP5_13TeV-madgraph-pythia8/MINIAODSIM/106X_mcRun2_asymptotic_v17-v2/2430000/134ABA8E-02F2-BB4D-961C-50274BC0DB54.root
12-Jan-2024 03:24:02 CET  Initiating request to open file root://cmsxrootd.fnal.gov//store/mc/RunIISummer20UL16MiniAODv2/VBS_SSWW_LL_polarization_TuneCP5_13TeV-madgraph-pythia8/MINIAODSIM/106X_mcRun2_asymptotic_v17-v2/2430000/5ACE4EC4-2F46-604F-A5BC-E3ABF7E47593.root
%MSG-w XrdAdaptor:  file_open 12-Jan-2024 03:24:05 CET PostProcessEvent
Data is served from cms.rcac.purdue.edu instead of original site US-Regional-Nebraska
%MSG
12-Jan-2024 03:24:05 CET  Successfully opened file root://cmsxrootd.fnal.gov//store/mc/RunIISummer20UL16MiniAODv2/VBS_SSWW_LL_polarization_TuneCP5_13TeV-madgraph-pythia8/MINIAODSIM/106X_mcRun2_asymptotic_v17-v2/2430000/5ACE4EC4-2F46-604F-A5BC-E3ABF7E47593.root
12-Jan-2024 03:24:16 CET  Closed file root://cmsxrootd.fnal.gov//store/mc/RunIISummer20UL16MiniAODv2/VBS_SSWW_LL_polarization_TuneCP5_13TeV-madgraph-pythia8/MINIAODSIM/106X_mcRun2_asymptotic_v17-v2/2430000/5ACE4EC4-2F46-604F-A5BC-E3ABF7E47593.root
12-Jan-2024 03:24:16 CET  Initiating request to open file root://cmsxrootd.fnal.gov//store/mc/RunIISummer20UL16MiniAODv2/VBS_SSWW_LL_polarization_TuneCP5_13TeV-madgraph-pythia8/MINIAODSIM/106X_mcRun2_asymptotic_v17-v2/2430000/96E91699-33DF-8643-B9A2-4551982FE0A0.root
%MSG-w XrdAdaptor:  file_open 12-Jan-2024 03:24:19 CET PostProcessEvent
Data is served from cms.rcac.purdue.edu instead of original site US-Regional-Nebraska
%MSG
12-Jan-2024 03:24:20 CET  Successfully opened file root://cmsxrootd.fnal.gov//store/mc/RunIISummer20UL16MiniAODv2/VBS_SSWW_LL_polarization_TuneCP5_13TeV-madgraph-pythia8/MINIAODSIM/106X_mcRun2_asymptotic_v17-v2/2430000/96E91699-33DF-8643-B9A2-4551982FE0A0.root
Begin processing the 100001st record. Run 1, Event 312006, LumiSection 825 on stream 0 at 12-Jan-2024 03:24:25.583 CET
12-Jan-2024 03:24:27 CET  Closed file root://cmsxrootd.fnal.gov//store/mc/RunIISummer20UL16MiniAODv2/VBS_SSWW_LL_polarization_TuneCP5_13TeV-madgraph-pythia8/MINIAODSIM/106X_mcRun2_asymptotic_v17-v2/2430000/96E91699-33DF-8643-B9A2-4551982FE0A0.root
12-Jan-2024 03:24:27 CET  Initiating request to open file root://cmsxrootd.fnal.gov//store/mc/RunIISummer20UL16MiniAODv2/VBS_SSWW_LL_polarization_TuneCP5_13TeV-madgraph-pythia8/MINIAODSIM/106X_mcRun2_asymptotic_v17-v2/2430000/784B0ABA-793B-8A40-AB3D-B807D0565EA5.root
%MSG-w XrdAdaptor:  file_open 12-Jan-2024 03:24:29 CET PostProcessEvent
Data is served from cms.rcac.purdue.edu instead of original site US-Regional-Nebraska
%MSG
12-Jan-2024 03:24:30 CET  Successfully opened file root://cmsxrootd.fnal.gov//store/mc/RunIISummer20UL16MiniAODv2/VBS_SSWW_LL_polarization_TuneCP5_13TeV-madgraph-pythia8/MINIAODSIM/106X_mcRun2_asymptotic_v17-v2/2430000/784B0ABA-793B-8A40-AB3D-B807D0565EA5.root
12-Jan-2024 03:24:36 CET  Closed file root://cmsxrootd.fnal.gov//store/mc/RunIISummer20UL16MiniAODv2/VBS_SSWW_LL_polarization_TuneCP5_13TeV-madgraph-pythia8/MINIAODSIM/106X_mcRun2_asymptotic_v17-v2/2430000/784B0ABA-793B-8A40-AB3D-B807D0565EA5.root
12-Jan-2024 03:24:36 CET  Initiating request to open file root://cmsxrootd.fnal.gov//store/mc/RunIISummer20UL16MiniAODv2/VBS_SSWW_LL_polarization_TuneCP5_13TeV-madgraph-pythia8/MINIAODSIM/106X_mcRun2_asymptotic_v17-v2/2430000/1834E3E1-6352-804C-ABB8-FEC822F8D254.root
%MSG-w XrdAdaptor:  file_open 12-Jan-2024 03:24:39 CET PostProcessEvent
Data is served from cms.rcac.purdue.edu instead of original site US-Regional-Nebraska
%MSG
12-Jan-2024 03:24:39 CET  Successfully opened file root://cmsxrootd.fnal.gov//store/mc/RunIISummer20UL16MiniAODv2/VBS_SSWW_LL_polarization_TuneCP5_13TeV-madgraph-pythia8/MINIAODSIM/106X_mcRun2_asymptotic_v17-v2/2430000/1834E3E1-6352-804C-ABB8-FEC822F8D254.root
Begin processing the 200001st record. Run 1, Event 472005, LumiSection 1489 on stream 0 at 12-Jan-2024 03:24:48.762 CET
12-Jan-2024 03:24:49 CET  Closed file root://cmsxrootd.fnal.gov//store/mc/RunIISummer20UL16MiniAODv2/VBS_SSWW_LL_polarization_TuneCP5_13TeV-madgraph-pythia8/MINIAODSIM/106X_mcRun2_asymptotic_v17-v2/2430000/1834E3E1-6352-804C-ABB8-FEC822F8D254.root
12-Jan-2024 03:24:49 CET  Initiating request to open file root://cmsxrootd.fnal.gov//store/mc/RunIISummer20UL16MiniAODv2/VBS_SSWW_LL_polarization_TuneCP5_13TeV-madgraph-pythia8/MINIAODSIM/106X_mcRun2_asymptotic_v17-v2/2430000/1285FC4C-14B2-B04D-9E40-42298E0F6B5A.root
%MSG-w XrdAdaptor:  file_open 12-Jan-2024 03:24:52 CET PostProcessEvent
Data is served from cms.rcac.purdue.edu instead of original site US-Regional-Nebraska
%MSG
12-Jan-2024 03:24:53 CET  Successfully opened file root://cmsxrootd.fnal.gov//store/mc/RunIISummer20UL16MiniAODv2/VBS_SSWW_LL_polarization_TuneCP5_13TeV-madgraph-pythia8/MINIAODSIM/106X_mcRun2_asymptotic_v17-v2/2430000/1285FC4C-14B2-B04D-9E40-42298E0F6B5A.root
12-Jan-2024 03:24:59 CET  Closed file root://cmsxrootd.fnal.gov//store/mc/RunIISummer20UL16MiniAODv2/VBS_SSWW_LL_polarization_TuneCP5_13TeV-madgraph-pythia8/MINIAODSIM/106X_mcRun2_asymptotic_v17-v2/2430000/1285FC4C-14B2-B04D-9E40-42298E0F6B5A.root
12-Jan-2024 03:24:59 CET  Initiating request to open file root://cmsxrootd.fnal.gov//store/mc/RunIISummer20UL16MiniAODv2/VBS_SSWW_LL_polarization_TuneCP5_13TeV-madgraph-pythia8/MINIAODSIM/106X_mcRun2_asymptotic_v17-v2/2430000/DC15F801-958E-494E-AE4D-CAA65464FC25.root
%MSG-w XrdAdaptor:  file_open 12-Jan-2024 03:25:02 CET PostProcessEvent
Data is served from cms.rcac.purdue.edu instead of original site US-Regional-Nebraska
%MSG
12-Jan-2024 03:25:03 CET  Successfully opened file root://cmsxrootd.fnal.gov//store/mc/RunIISummer20UL16MiniAODv2/VBS_SSWW_LL_polarization_TuneCP5_13TeV-madgraph-pythia8/MINIAODSIM/106X_mcRun2_asymptotic_v17-v2/2430000/DC15F801-958E-494E-AE4D-CAA65464FC25.root
Begin processing the 300001st record. Run 1, Event 1242003, LumiSection 1243 on stream 0 at 12-Jan-2024 03:25:09.377 CET
12-Jan-2024 03:25:10 CET  Closed file root://cmsxrootd.fnal.gov//store/mc/RunIISummer20UL16MiniAODv2/VBS_SSWW_LL_polarization_TuneCP5_13TeV-madgraph-pythia8/MINIAODSIM/106X_mcRun2_asymptotic_v17-v2/2430000/DC15F801-958E-494E-AE4D-CAA65464FC25.root
12-Jan-2024 03:25:10 CET  Initiating request to open file root://cmsxrootd.fnal.gov//store/mc/RunIISummer20UL16MiniAODv2/VBS_SSWW_LL_polarization_TuneCP5_13TeV-madgraph-pythia8/MINIAODSIM/106X_mcRun2_asymptotic_v17-v2/2430000/0F17DE3E-BD78-784A-B54D-2461DAA77E14.root
%MSG-w XrdAdaptor:  file_open 12-Jan-2024 03:25:13 CET PostProcessEvent
Data is served from cms.rcac.purdue.edu instead of original site US-Regional-Nebraska
%MSG
12-Jan-2024 03:25:14 CET  Successfully opened file root://cmsxrootd.fnal.gov//store/mc/RunIISummer20UL16MiniAODv2/VBS_SSWW_LL_polarization_TuneCP5_13TeV-madgraph-pythia8/MINIAODSIM/106X_mcRun2_asymptotic_v17-v2/2430000/0F17DE3E-BD78-784A-B54D-2461DAA77E14.root
12-Jan-2024 03:25:21 CET  Closed file root://cmsxrootd.fnal.gov//store/mc/RunIISummer20UL16MiniAODv2/VBS_SSWW_LL_polarization_TuneCP5_13TeV-madgraph-pythia8/MINIAODSIM/106X_mcRun2_asymptotic_v17-v2/2430000/0F17DE3E-BD78-784A-B54D-2461DAA77E14.root
12-Jan-2024 03:25:21 CET  Initiating request to open file root://cmsxrootd.fnal.gov//store/mc/RunIISummer20UL16MiniAODv2/VBS_SSWW_LL_polarization_TuneCP5_13TeV-madgraph-pythia8/MINIAODSIM/106X_mcRun2_asymptotic_v17-v2/2430000/13CC7229-A37D-F14A-BB7A-138B46F9FE0C.root
%MSG-w XrdAdaptor:  file_open 12-Jan-2024 03:25:24 CET PostProcessEvent
Data is served from cms.rcac.purdue.edu instead of original site US-Regional-Nebraska
%MSG
12-Jan-2024 03:25:24 CET  Successfully opened file root://cmsxrootd.fnal.gov//store/mc/RunIISummer20UL16MiniAODv2/VBS_SSWW_LL_polarization_TuneCP5_13TeV-madgraph-pythia8/MINIAODSIM/106X_mcRun2_asymptotic_v17-v2/2430000/13CC7229-A37D-F14A-BB7A-138B46F9FE0C.root
Begin processing the 400001st record. Run 1, Event 26005, LumiSection 27 on stream 0 at 12-Jan-2024 03:25:30.333 CET
12-Jan-2024 03:25:32 CET  Closed file root://cmsxrootd.fnal.gov//store/mc/RunIISummer20UL16MiniAODv2/VBS_SSWW_LL_polarization_TuneCP5_13TeV-madgraph-pythia8/MINIAODSIM/106X_mcRun2_asymptotic_v17-v2/2430000/13CC7229-A37D-F14A-BB7A-138B46F9FE0C.root
12-Jan-2024 03:25:32 CET  Initiating request to open file root://cmsxrootd.fnal.gov//store/mc/RunIISummer20UL16MiniAODv2/VBS_SSWW_LL_polarization_TuneCP5_13TeV-madgraph-pythia8/MINIAODSIM/106X_mcRun2_asymptotic_v17-v2/2430000/B5A61595-C549-CC4E-9CCB-8BB8D6745D06.root
%MSG-w XrdAdaptor:  file_open 12-Jan-2024 03:25:35 CET PostProcessEvent
Data is served from cms.rcac.purdue.edu instead of original site US-Regional-Nebraska
%MSG
12-Jan-2024 03:25:35 CET  Successfully opened file root://cmsxrootd.fnal.gov//store/mc/RunIISummer20UL16MiniAODv2/VBS_SSWW_LL_polarization_TuneCP5_13TeV-madgraph-pythia8/MINIAODSIM/106X_mcRun2_asymptotic_v17-v2/2430000/B5A61595-C549-CC4E-9CCB-8BB8D6745D06.root
12-Jan-2024 03:25:42 CET  Closed file root://cmsxrootd.fnal.gov//store/mc/RunIISummer20UL16MiniAODv2/VBS_SSWW_LL_polarization_TuneCP5_13TeV-madgraph-pythia8/MINIAODSIM/106X_mcRun2_asymptotic_v17-v2/2430000/B5A61595-C549-CC4E-9CCB-8BB8D6745D06.root
12-Jan-2024 03:25:42 CET  Initiating request to open file root://cmsxrootd.fnal.gov//store/mc/RunIISummer20UL16MiniAODv2/VBS_SSWW_LL_polarization_TuneCP5_13TeV-madgraph-pythia8/MINIAODSIM/106X_mcRun2_asymptotic_v17-v2/2430000/9A7D4B51-5199-6448-B3FC-80A13FD516AC.root
%MSG-w XrdAdaptor:  file_open 12-Jan-2024 03:25:45 CET PostProcessEvent
Data is served from cms.rcac.purdue.edu instead of original site US-Regional-Nebraska
%MSG
12-Jan-2024 03:25:45 CET  Successfully opened file root://cmsxrootd.fnal.gov//store/mc/RunIISummer20UL16MiniAODv2/VBS_SSWW_LL_polarization_TuneCP5_13TeV-madgraph-pythia8/MINIAODSIM/106X_mcRun2_asymptotic_v17-v2/2430000/9A7D4B51-5199-6448-B3FC-80A13FD516AC.root
12-Jan-2024 03:25:49 CET  Closed file root://cmsxrootd.fnal.gov//store/mc/RunIISummer20UL16MiniAODv2/VBS_SSWW_LL_polarization_TuneCP5_13TeV-madgraph-pythia8/MINIAODSIM/106X_mcRun2_asymptotic_v17-v2/2430000/9A7D4B51-5199-6448-B3FC-80A13FD516AC.root
12-Jan-2024 03:25:49 CET  Initiating request to open file root://cmsxrootd.fnal.gov//store/mc/RunIISummer20UL16MiniAODv2/VBS_SSWW_LL_polarization_TuneCP5_13TeV-madgraph-pythia8/MINIAODSIM/106X_mcRun2_asymptotic_v17-v2/2430000/58AFEF9F-8FDA-0E4F-95B0-3A53EF7B1778.root
%MSG-w XrdAdaptor:  file_open 12-Jan-2024 03:25:52 CET PostProcessEvent
Data is served from cms.rcac.purdue.edu instead of original site US-Regional-Nebraska
%MSG
12-Jan-2024 03:25:52 CET  Successfully opened file root://cmsxrootd.fnal.gov//store/mc/RunIISummer20UL16MiniAODv2/VBS_SSWW_LL_polarization_TuneCP5_13TeV-madgraph-pythia8/MINIAODSIM/106X_mcRun2_asymptotic_v17-v2/2430000/58AFEF9F-8FDA-0E4F-95B0-3A53EF7B1778.root
Begin processing the 500001st record. Run 1, Event 257007, LumiSection 358 on stream 0 at 12-Jan-2024 03:25:56.856 CET
12-Jan-2024 03:25:58 CET  Closed file root://cmsxrootd.fnal.gov//store/mc/RunIISummer20UL16MiniAODv2/VBS_SSWW_LL_polarization_TuneCP5_13TeV-madgraph-pythia8/MINIAODSIM/106X_mcRun2_asymptotic_v17-v2/2430000/58AFEF9F-8FDA-0E4F-95B0-3A53EF7B1778.root
12-Jan-2024 03:25:58 CET  Initiating request to open file root://cmsxrootd.fnal.gov//store/mc/RunIISummer20UL16MiniAODv2/VBS_SSWW_LL_polarization_TuneCP5_13TeV-madgraph-pythia8/MINIAODSIM/106X_mcRun2_asymptotic_v17-v2/2430000/5374E445-41AF-D04E-9F0F-7572847DD114.root
%MSG-w XrdAdaptor:  file_open 12-Jan-2024 03:26:00 CET PostProcessEvent
Data is served from cms.rcac.purdue.edu instead of original site US-Regional-Nebraska
%MSG
12-Jan-2024 03:26:01 CET  Successfully opened file root://cmsxrootd.fnal.gov//store/mc/RunIISummer20UL16MiniAODv2/VBS_SSWW_LL_polarization_TuneCP5_13TeV-madgraph-pythia8/MINIAODSIM/106X_mcRun2_asymptotic_v17-v2/2430000/5374E445-41AF-D04E-9F0F-7572847DD114.root
12-Jan-2024 03:26:06 CET  Closed file root://cmsxrootd.fnal.gov//store/mc/RunIISummer20UL16MiniAODv2/VBS_SSWW_LL_polarization_TuneCP5_13TeV-madgraph-pythia8/MINIAODSIM/106X_mcRun2_asymptotic_v17-v2/2430000/5374E445-41AF-D04E-9F0F-7572847DD114.root
12-Jan-2024 03:26:06 CET  Initiating request to open file root://cmsxrootd.fnal.gov//store/mc/RunIISummer20UL16MiniAODv2/VBS_SSWW_LL_polarization_TuneCP5_13TeV-madgraph-pythia8/MINIAODSIM/106X_mcRun2_asymptotic_v17-v2/2430000/B881CE98-FD7B-9245-B149-132E872D0CB1.root
%MSG-w XrdAdaptor:  file_open 12-Jan-2024 03:26:08 CET PostProcessEvent
Data is served from cms.rcac.purdue.edu instead of original site US-Regional-Nebraska
%MSG
12-Jan-2024 03:26:09 CET  Successfully opened file root://cmsxrootd.fnal.gov//store/mc/RunIISummer20UL16MiniAODv2/VBS_SSWW_LL_polarization_TuneCP5_13TeV-madgraph-pythia8/MINIAODSIM/106X_mcRun2_asymptotic_v17-v2/2430000/B881CE98-FD7B-9245-B149-132E872D0CB1.root
12-Jan-2024 03:26:13 CET  Closed file root://cmsxrootd.fnal.gov//store/mc/RunIISummer20UL16MiniAODv2/VBS_SSWW_LL_polarization_TuneCP5_13TeV-madgraph-pythia8/MINIAODSIM/106X_mcRun2_asymptotic_v17-v2/2430000/B881CE98-FD7B-9245-B149-132E872D0CB1.root
12-Jan-2024 03:26:13 CET  Initiating request to open file root://cmsxrootd.fnal.gov//store/mc/RunIISummer20UL16MiniAODv2/VBS_SSWW_LL_polarization_TuneCP5_13TeV-madgraph-pythia8/MINIAODSIM/106X_mcRun2_asymptotic_v17-v2/2430000/46BF1A20-D888-8C48-9664-3CAD0A28CCAF.root
%MSG-w XrdAdaptor:  file_open 12-Jan-2024 03:26:18 CET PostProcessEvent
Data is served from cms.rcac.purdue.edu instead of original site US-Regional-Nebraska
%MSG
12-Jan-2024 03:26:19 CET  Successfully opened file root://cmsxrootd.fnal.gov//store/mc/RunIISummer20UL16MiniAODv2/VBS_SSWW_LL_polarization_TuneCP5_13TeV-madgraph-pythia8/MINIAODSIM/106X_mcRun2_asymptotic_v17-v2/2430000/46BF1A20-D888-8C48-9664-3CAD0A28CCAF.root
12-Jan-2024 03:26:24 CET  Closed file root://cmsxrootd.fnal.gov//store/mc/RunIISummer20UL16MiniAODv2/VBS_SSWW_LL_polarization_TuneCP5_13TeV-madgraph-pythia8/MINIAODSIM/106X_mcRun2_asymptotic_v17-v2/2430000/46BF1A20-D888-8C48-9664-3CAD0A28CCAF.root
12-Jan-2024 03:26:24 CET  Initiating request to open file root://cmsxrootd.fnal.gov//store/mc/RunIISummer20UL16MiniAODv2/VBS_SSWW_LL_polarization_TuneCP5_13TeV-madgraph-pythia8/MINIAODSIM/106X_mcRun2_asymptotic_v17-v2/2430000/4DABE274-82F5-F54E-AD4C-7F4C0E37D7B6.root
%MSG-w XrdAdaptor:  file_open 12-Jan-2024 03:26:26 CET PostProcessEvent
Data is served from cms.rcac.purdue.edu instead of original site US-Regional-Nebraska
%MSG
12-Jan-2024 03:26:27 CET  Successfully opened file root://cmsxrootd.fnal.gov//store/mc/RunIISummer20UL16MiniAODv2/VBS_SSWW_LL_polarization_TuneCP5_13TeV-madgraph-pythia8/MINIAODSIM/106X_mcRun2_asymptotic_v17-v2/2430000/4DABE274-82F5-F54E-AD4C-7F4C0E37D7B6.root
12-Jan-2024 03:26:35 CET  Closed file root://cmsxrootd.fnal.gov//store/mc/RunIISummer20UL16MiniAODv2/VBS_SSWW_LL_polarization_TuneCP5_13TeV-madgraph-pythia8/MINIAODSIM/106X_mcRun2_asymptotic_v17-v2/2430000/4DABE274-82F5-F54E-AD4C-7F4C0E37D7B6.root
12-Jan-2024 03:26:35 CET  Initiating request to open file root://cmsxrootd.fnal.gov//store/mc/RunIISummer20UL16MiniAODv2/VBS_SSWW_LL_polarization_TuneCP5_13TeV-madgraph-pythia8/MINIAODSIM/106X_mcRun2_asymptotic_v17-v2/2430000/04C57498-1444-3E4B-AF7B-3B6EF11C440B.root
%MSG-w XrdAdaptor:  file_open 12-Jan-2024 03:26:38 CET PostProcessEvent
Data is served from cms.rcac.purdue.edu instead of original site US-Regional-Nebraska
%MSG
12-Jan-2024 03:26:38 CET  Successfully opened file root://cmsxrootd.fnal.gov//store/mc/RunIISummer20UL16MiniAODv2/VBS_SSWW_LL_polarization_TuneCP5_13TeV-madgraph-pythia8/MINIAODSIM/106X_mcRun2_asymptotic_v17-v2/2430000/04C57498-1444-3E4B-AF7B-3B6EF11C440B.root
Begin processing the 600001st record. Run 1, Event 101003, LumiSection 102 on stream 0 at 12-Jan-2024 03:26:43.143 CET
12-Jan-2024 03:26:44 CET  Closed file root://cmsxrootd.fnal.gov//store/mc/RunIISummer20UL16MiniAODv2/VBS_SSWW_LL_polarization_TuneCP5_13TeV-madgraph-pythia8/MINIAODSIM/106X_mcRun2_asymptotic_v17-v2/2430000/04C57498-1444-3E4B-AF7B-3B6EF11C440B.root
12-Jan-2024 03:26:44 CET  Initiating request to open file root://cmsxrootd.fnal.gov//store/mc/RunIISummer20UL16MiniAODv2/VBS_SSWW_LL_polarization_TuneCP5_13TeV-madgraph-pythia8/MINIAODSIM/106X_mcRun2_asymptotic_v17-v2/2430000/C9B9F2B5-E2FF-2142-A609-F420AA9E972A.root
%MSG-w XrdAdaptor:  file_open 12-Jan-2024 03:26:47 CET PostProcessEvent
Data is served from cms.rcac.purdue.edu instead of original site US-Regional-Nebraska
%MSG
12-Jan-2024 03:26:48 CET  Successfully opened file root://cmsxrootd.fnal.gov//store/mc/RunIISummer20UL16MiniAODv2/VBS_SSWW_LL_polarization_TuneCP5_13TeV-madgraph-pythia8/MINIAODSIM/106X_mcRun2_asymptotic_v17-v2/2430000/C9B9F2B5-E2FF-2142-A609-F420AA9E972A.root
12-Jan-2024 03:26:57 CET  Closed file root://cmsxrootd.fnal.gov//store/mc/RunIISummer20UL16MiniAODv2/VBS_SSWW_LL_polarization_TuneCP5_13TeV-madgraph-pythia8/MINIAODSIM/106X_mcRun2_asymptotic_v17-v2/2430000/C9B9F2B5-E2FF-2142-A609-F420AA9E972A.root
12-Jan-2024 03:26:57 CET  Initiating request to open file root://cmsxrootd.fnal.gov//store/mc/RunIISummer20UL16MiniAODv2/VBS_SSWW_LL_polarization_TuneCP5_13TeV-madgraph-pythia8/MINIAODSIM/106X_mcRun2_asymptotic_v17-v2/2430000/BC7AEC26-8E96-024B-90DA-28D2D6FA9D25.root
%MSG-w XrdAdaptor:  file_open 12-Jan-2024 03:27:00 CET PostProcessEvent
Data is served from cms.rcac.purdue.edu instead of original site US-Regional-Nebraska
%MSG
12-Jan-2024 03:27:00 CET  Successfully opened file root://cmsxrootd.fnal.gov//store/mc/RunIISummer20UL16MiniAODv2/VBS_SSWW_LL_polarization_TuneCP5_13TeV-madgraph-pythia8/MINIAODSIM/106X_mcRun2_asymptotic_v17-v2/2430000/BC7AEC26-8E96-024B-90DA-28D2D6FA9D25.root
Begin processing the 700001st record. Run 1, Event 353001, LumiSection 894 on stream 0 at 12-Jan-2024 03:27:05.792 CET
12-Jan-2024 03:27:06 CET  Closed file root://cmsxrootd.fnal.gov//store/mc/RunIISummer20UL16MiniAODv2/VBS_SSWW_LL_polarization_TuneCP5_13TeV-madgraph-pythia8/MINIAODSIM/106X_mcRun2_asymptotic_v17-v2/2430000/BC7AEC26-8E96-024B-90DA-28D2D6FA9D25.root
12-Jan-2024 03:27:06 CET  Initiating request to open file root://cmsxrootd.fnal.gov//store/mc/RunIISummer20UL16MiniAODv2/VBS_SSWW_LL_polarization_TuneCP5_13TeV-madgraph-pythia8/MINIAODSIM/106X_mcRun2_asymptotic_v17-v2/2430000/109FE352-4B6E-CA44-ACA7-C484D7F3BC3A.root
%MSG-w XrdAdaptor:  file_open 12-Jan-2024 03:27:09 CET PostProcessEvent
Data is served from cms.rcac.purdue.edu instead of original site US-Regional-Nebraska
%MSG
12-Jan-2024 03:27:09 CET  Successfully opened file root://cmsxrootd.fnal.gov//store/mc/RunIISummer20UL16MiniAODv2/VBS_SSWW_LL_polarization_TuneCP5_13TeV-madgraph-pythia8/MINIAODSIM/106X_mcRun2_asymptotic_v17-v2/2430000/109FE352-4B6E-CA44-ACA7-C484D7F3BC3A.root
12-Jan-2024 03:27:14 CET  Closed file root://cmsxrootd.fnal.gov//store/mc/RunIISummer20UL16MiniAODv2/VBS_SSWW_LL_polarization_TuneCP5_13TeV-madgraph-pythia8/MINIAODSIM/106X_mcRun2_asymptotic_v17-v2/2430000/109FE352-4B6E-CA44-ACA7-C484D7F3BC3A.root
12-Jan-2024 03:27:14 CET  Initiating request to open file root://cmsxrootd.fnal.gov//store/mc/RunIISummer20UL16MiniAODv2/VBS_SSWW_LL_polarization_TuneCP5_13TeV-madgraph-pythia8/MINIAODSIM/106X_mcRun2_asymptotic_v17-v2/2430000/FFEE5D57-71E6-B74C-B7F2-E3AEAAFFD491.root
%MSG-w XrdAdaptor:  file_open 12-Jan-2024 03:27:17 CET PostProcessEvent
Data is served from cms.rcac.purdue.edu instead of original site US-Regional-Nebraska
%MSG
12-Jan-2024 03:27:17 CET  Successfully opened file root://cmsxrootd.fnal.gov//store/mc/RunIISummer20UL16MiniAODv2/VBS_SSWW_LL_polarization_TuneCP5_13TeV-madgraph-pythia8/MINIAODSIM/106X_mcRun2_asymptotic_v17-v2/2430000/FFEE5D57-71E6-B74C-B7F2-E3AEAAFFD491.root
12-Jan-2024 03:27:26 CET  Closed file root://cmsxrootd.fnal.gov//store/mc/RunIISummer20UL16MiniAODv2/VBS_SSWW_LL_polarization_TuneCP5_13TeV-madgraph-pythia8/MINIAODSIM/106X_mcRun2_asymptotic_v17-v2/2430000/FFEE5D57-71E6-B74C-B7F2-E3AEAAFFD491.root
12-Jan-2024 03:27:26 CET  Initiating request to open file root://cmsxrootd.fnal.gov//store/mc/RunIISummer20UL16MiniAODv2/VBS_SSWW_LL_polarization_TuneCP5_13TeV-madgraph-pythia8/MINIAODSIM/106X_mcRun2_asymptotic_v17-v2/2430000/8E2D6A8B-439E-964B-8B0A-EA9230948414.root
%MSG-w XrdAdaptor:  file_open 12-Jan-2024 03:27:29 CET PostProcessEvent
Data is served from cms.rcac.purdue.edu instead of original site US-Regional-Nebraska
%MSG
12-Jan-2024 03:27:29 CET  Successfully opened file root://cmsxrootd.fnal.gov//store/mc/RunIISummer20UL16MiniAODv2/VBS_SSWW_LL_polarization_TuneCP5_13TeV-madgraph-pythia8/MINIAODSIM/106X_mcRun2_asymptotic_v17-v2/2430000/8E2D6A8B-439E-964B-8B0A-EA9230948414.root
12-Jan-2024 03:27:34 CET  Closed file root://cmsxrootd.fnal.gov//store/mc/RunIISummer20UL16MiniAODv2/VBS_SSWW_LL_polarization_TuneCP5_13TeV-madgraph-pythia8/MINIAODSIM/106X_mcRun2_asymptotic_v17-v2/2430000/8E2D6A8B-439E-964B-8B0A-EA9230948414.root
12-Jan-2024 03:27:34 CET  Initiating request to open file root://cmsxrootd.fnal.gov//store/mc/RunIISummer20UL16MiniAODv2/VBS_SSWW_LL_polarization_TuneCP5_13TeV-madgraph-pythia8/MINIAODSIM/106X_mcRun2_asymptotic_v17-v2/2430000/07417396-B598-284D-B996-88E3F6EF32E2.root
%MSG-w XrdAdaptor:  file_open 12-Jan-2024 03:27:36 CET PostProcessEvent
Data is served from cms.rcac.purdue.edu instead of original site US-Regional-Nebraska
%MSG
12-Jan-2024 03:27:37 CET  Successfully opened file root://cmsxrootd.fnal.gov//store/mc/RunIISummer20UL16MiniAODv2/VBS_SSWW_LL_polarization_TuneCP5_13TeV-madgraph-pythia8/MINIAODSIM/106X_mcRun2_asymptotic_v17-v2/2430000/07417396-B598-284D-B996-88E3F6EF32E2.root
12-Jan-2024 03:27:43 CET  Closed file root://cmsxrootd.fnal.gov//store/mc/RunIISummer20UL16MiniAODv2/VBS_SSWW_LL_polarization_TuneCP5_13TeV-madgraph-pythia8/MINIAODSIM/106X_mcRun2_asymptotic_v17-v2/2430000/07417396-B598-284D-B996-88E3F6EF32E2.root
12-Jan-2024 03:27:43 CET  Initiating request to open file root://cmsxrootd.fnal.gov//store/mc/RunIISummer20UL16MiniAODv2/VBS_SSWW_LL_polarization_TuneCP5_13TeV-madgraph-pythia8/MINIAODSIM/106X_mcRun2_asymptotic_v17-v2/2430000/A9BA2053-2DFA-7E47-A000-98569D832478.root
%MSG-w XrdAdaptor:  file_open 12-Jan-2024 03:27:45 CET PostProcessEvent
Data is served from cms.rcac.purdue.edu instead of original site US-Regional-Nebraska
%MSG
12-Jan-2024 03:27:46 CET  Successfully opened file root://cmsxrootd.fnal.gov//store/mc/RunIISummer20UL16MiniAODv2/VBS_SSWW_LL_polarization_TuneCP5_13TeV-madgraph-pythia8/MINIAODSIM/106X_mcRun2_asymptotic_v17-v2/2430000/A9BA2053-2DFA-7E47-A000-98569D832478.root
Begin processing the 800001st record. Run 1, Event 1314007, LumiSection 1315 on stream 0 at 12-Jan-2024 03:27:53.320 CET
12-Jan-2024 03:27:56 CET  Closed file root://cmsxrootd.fnal.gov//store/mc/RunIISummer20UL16MiniAODv2/VBS_SSWW_LL_polarization_TuneCP5_13TeV-madgraph-pythia8/MINIAODSIM/106X_mcRun2_asymptotic_v17-v2/2430000/A9BA2053-2DFA-7E47-A000-98569D832478.root
12-Jan-2024 03:27:56 CET  Initiating request to open file root://cmsxrootd.fnal.gov//store/mc/RunIISummer20UL16MiniAODv2/VBS_SSWW_LL_polarization_TuneCP5_13TeV-madgraph-pythia8/MINIAODSIM/106X_mcRun2_asymptotic_v17-v2/2430000/C8B90718-D394-6A41-9D61-042C873F402D.root
%MSG-w XrdAdaptor:  file_open 12-Jan-2024 03:27:58 CET PostProcessEvent
Data is served from cms.rcac.purdue.edu instead of original site US-Regional-Nebraska
%MSG
12-Jan-2024 03:27:59 CET  Successfully opened file root://cmsxrootd.fnal.gov//store/mc/RunIISummer20UL16MiniAODv2/VBS_SSWW_LL_polarization_TuneCP5_13TeV-madgraph-pythia8/MINIAODSIM/106X_mcRun2_asymptotic_v17-v2/2430000/C8B90718-D394-6A41-9D61-042C873F402D.root
Begin processing the 900001st record. Run 1, Event 1743005, LumiSection 1744 on stream 0 at 12-Jan-2024 03:28:07.434 CET
12-Jan-2024 03:28:08 CET  Closed file root://cmsxrootd.fnal.gov//store/mc/RunIISummer20UL16MiniAODv2/VBS_SSWW_LL_polarization_TuneCP5_13TeV-madgraph-pythia8/MINIAODSIM/106X_mcRun2_asymptotic_v17-v2/2430000/C8B90718-D394-6A41-9D61-042C873F402D.root
12-Jan-2024 03:28:08 CET  Initiating request to open file root://cmsxrootd.fnal.gov//store/mc/RunIISummer20UL16MiniAODv2/VBS_SSWW_LL_polarization_TuneCP5_13TeV-madgraph-pythia8/MINIAODSIM/106X_mcRun2_asymptotic_v17-v2/2430000/9930805E-A666-FB40-B296-93FC2E04DCDD.root
%MSG-w XrdAdaptor:  file_open 12-Jan-2024 03:28:11 CET PostProcessEvent
Data is served from cms.rcac.purdue.edu instead of original site US-Regional-Nebraska
%MSG
12-Jan-2024 03:28:11 CET  Successfully opened file root://cmsxrootd.fnal.gov//store/mc/RunIISummer20UL16MiniAODv2/VBS_SSWW_LL_polarization_TuneCP5_13TeV-madgraph-pythia8/MINIAODSIM/106X_mcRun2_asymptotic_v17-v2/2430000/9930805E-A666-FB40-B296-93FC2E04DCDD.root
12-Jan-2024 03:28:21 CET  Closed file root://cmsxrootd.fnal.gov//store/mc/RunIISummer20UL16MiniAODv2/VBS_SSWW_LL_polarization_TuneCP5_13TeV-madgraph-pythia8/MINIAODSIM/106X_mcRun2_asymptotic_v17-v2/2430000/9930805E-A666-FB40-B296-93FC2E04DCDD.root
12-Jan-2024 03:28:21 CET  Initiating request to open file root://cmsxrootd.fnal.gov//store/mc/RunIISummer20UL16MiniAODv2/VBS_SSWW_LL_polarization_TuneCP5_13TeV-madgraph-pythia8/MINIAODSIM/106X_mcRun2_asymptotic_v17-v2/2430000/619480A8-83CE-264B-B6F7-8319F13AE4A3.root
%MSG-w XrdAdaptor:  file_open 12-Jan-2024 03:28:23 CET PostProcessEvent
Data is served from cms.rcac.purdue.edu instead of original site US-Regional-Nebraska
%MSG
12-Jan-2024 03:28:24 CET  Successfully opened file root://cmsxrootd.fnal.gov//store/mc/RunIISummer20UL16MiniAODv2/VBS_SSWW_LL_polarization_TuneCP5_13TeV-madgraph-pythia8/MINIAODSIM/106X_mcRun2_asymptotic_v17-v2/2430000/619480A8-83CE-264B-B6F7-8319F13AE4A3.root
Begin processing the 1000001st record. Run 1, Event 664001, LumiSection 665 on stream 0 at 12-Jan-2024 03:28:30.655 CET
12-Jan-2024 03:28:32 CET  Closed file root://cmsxrootd.fnal.gov//store/mc/RunIISummer20UL16MiniAODv2/VBS_SSWW_LL_polarization_TuneCP5_13TeV-madgraph-pythia8/MINIAODSIM/106X_mcRun2_asymptotic_v17-v2/2430000/619480A8-83CE-264B-B6F7-8319F13AE4A3.root
12-Jan-2024 03:28:32 CET  Initiating request to open file root://cmsxrootd.fnal.gov//store/mc/RunIISummer20UL16MiniAODv2/VBS_SSWW_LL_polarization_TuneCP5_13TeV-madgraph-pythia8/MINIAODSIM/106X_mcRun2_asymptotic_v17-v2/2430000/C462AAFB-2375-974B-80F7-C1CD8B3EC570.root
%MSG-w XrdAdaptor:  file_open 12-Jan-2024 03:28:36 CET PostProcessEvent
Data is served from cms.rcac.purdue.edu instead of original site US-Regional-Nebraska
%MSG
12-Jan-2024 03:28:40 CET  Successfully opened file root://cmsxrootd.fnal.gov//store/mc/RunIISummer20UL16MiniAODv2/VBS_SSWW_LL_polarization_TuneCP5_13TeV-madgraph-pythia8/MINIAODSIM/106X_mcRun2_asymptotic_v17-v2/2430000/C462AAFB-2375-974B-80F7-C1CD8B3EC570.root
12-Jan-2024 03:28:48 CET  Closed file root://cmsxrootd.fnal.gov//store/mc/RunIISummer20UL16MiniAODv2/VBS_SSWW_LL_polarization_TuneCP5_13TeV-madgraph-pythia8/MINIAODSIM/106X_mcRun2_asymptotic_v17-v2/2430000/C462AAFB-2375-974B-80F7-C1CD8B3EC570.root
12-Jan-2024 03:28:48 CET  Initiating request to open file root://cmsxrootd.fnal.gov//store/mc/RunIISummer20UL16MiniAODv2/VBS_SSWW_LL_polarization_TuneCP5_13TeV-madgraph-pythia8/MINIAODSIM/106X_mcRun2_asymptotic_v17-v2/2430000/40DAD0DD-6D9D-1343-B1FD-B6A178BAFEA5.root
%MSG-w XrdAdaptor:  file_open 12-Jan-2024 03:28:50 CET PostProcessEvent
Data is served from cms.rcac.purdue.edu instead of original site US-Regional-Nebraska
%MSG
12-Jan-2024 03:28:51 CET  Successfully opened file root://cmsxrootd.fnal.gov//store/mc/RunIISummer20UL16MiniAODv2/VBS_SSWW_LL_polarization_TuneCP5_13TeV-madgraph-pythia8/MINIAODSIM/106X_mcRun2_asymptotic_v17-v2/2430000/40DAD0DD-6D9D-1343-B1FD-B6A178BAFEA5.root
12-Jan-2024 03:28:55 CET  Closed file root://cmsxrootd.fnal.gov//store/mc/RunIISummer20UL16MiniAODv2/VBS_SSWW_LL_polarization_TuneCP5_13TeV-madgraph-pythia8/MINIAODSIM/106X_mcRun2_asymptotic_v17-v2/2430000/40DAD0DD-6D9D-1343-B1FD-B6A178BAFEA5.root
12-Jan-2024 03:28:55 CET  Initiating request to open file root://cmsxrootd.fnal.gov//store/mc/RunIISummer20UL16MiniAODv2/VBS_SSWW_LL_polarization_TuneCP5_13TeV-madgraph-pythia8/MINIAODSIM/106X_mcRun2_asymptotic_v17-v2/2430000/FB22343C-376E-FE42-AB30-36132C8EA7AA.root
%MSG-w XrdAdaptor:  file_open 12-Jan-2024 03:28:58 CET PostProcessEvent
Data is served from cms.rcac.purdue.edu instead of original site US-Regional-Nebraska
%MSG
12-Jan-2024 03:28:58 CET  Successfully opened file root://cmsxrootd.fnal.gov//store/mc/RunIISummer20UL16MiniAODv2/VBS_SSWW_LL_polarization_TuneCP5_13TeV-madgraph-pythia8/MINIAODSIM/106X_mcRun2_asymptotic_v17-v2/2430000/FB22343C-376E-FE42-AB30-36132C8EA7AA.root
Begin processing the 1100001st record. Run 1, Event 1941004, LumiSection 1942 on stream 0 at 12-Jan-2024 03:29:05.261 CET
12-Jan-2024 03:29:05 CET  Closed file root://cmsxrootd.fnal.gov//store/mc/RunIISummer20UL16MiniAODv2/VBS_SSWW_LL_polarization_TuneCP5_13TeV-madgraph-pythia8/MINIAODSIM/106X_mcRun2_asymptotic_v17-v2/2430000/FB22343C-376E-FE42-AB30-36132C8EA7AA.root
12-Jan-2024 03:29:05 CET  Initiating request to open file root://cmsxrootd.fnal.gov//store/mc/RunIISummer20UL16MiniAODv2/VBS_SSWW_LL_polarization_TuneCP5_13TeV-madgraph-pythia8/MINIAODSIM/106X_mcRun2_asymptotic_v17-v2/2430000/6E06D270-081A-844E-9135-808986D60A95.root
%MSG-w XrdAdaptor:  file_open 12-Jan-2024 03:29:08 CET PostProcessEvent
Data is served from cms.rcac.purdue.edu instead of original site US-Regional-Nebraska
%MSG
12-Jan-2024 03:29:08 CET  Successfully opened file root://cmsxrootd.fnal.gov//store/mc/RunIISummer20UL16MiniAODv2/VBS_SSWW_LL_polarization_TuneCP5_13TeV-madgraph-pythia8/MINIAODSIM/106X_mcRun2_asymptotic_v17-v2/2430000/6E06D270-081A-844E-9135-808986D60A95.root
12-Jan-2024 03:29:15 CET  Closed file root://cmsxrootd.fnal.gov//store/mc/RunIISummer20UL16MiniAODv2/VBS_SSWW_LL_polarization_TuneCP5_13TeV-madgraph-pythia8/MINIAODSIM/106X_mcRun2_asymptotic_v17-v2/2430000/6E06D270-081A-844E-9135-808986D60A95.root
12-Jan-2024 03:29:15 CET  Initiating request to open file root://cmsxrootd.fnal.gov//store/mc/RunIISummer20UL16MiniAODv2/VBS_SSWW_LL_polarization_TuneCP5_13TeV-madgraph-pythia8/MINIAODSIM/106X_mcRun2_asymptotic_v17-v2/2430000/B6585BAF-9B60-6F43-9599-3C99E412E5E2.root
%MSG-w XrdAdaptorInternal:  file_open 12-Jan-2024 03:29:17 CET PostProcessEvent
Failed to open file at URL root://eos-c01.cms.rcac.purdue.edu:1101//store/mc/RunIISummer20UL16MiniAODv2/VBS_SSWW_LL_polarization_TuneCP5_13TeV-madgraph-pythia8/MINIAODSIM/106X_mcRun2_asymptotic_v17-v2/2430000/B6585BAF-9B60-6F43-9599-3C99E412E5E2.root?cap.msg=d9J3goYSFLAUInNxGNsU1Ur8UvaMAWcICOqppuMfSEMFeKsPR13YF75ampMwWejEWI8etKZol8+oA+H+obcH5TGaX0yfZ/NsHRxUtflYCTIMpJzw/i596JPUcq7bbf8aPm5NO9L9TpYjnT3z6TkFOKpFAbKGpw3jzYOTbvf+XvMq2VQPJOJLlf6syFj584PVJicoY2IyAqSasfJtTWnVA+upqVpxDvsgz72cS1QCSTpU5G1/9p0G3vhv5tfIuqJsn/Z1QC6EgScKZTouhUPZ+oAWkNxBlCHbmpvA6odcGbVK8h5WLUIJZxPvRlOBzrIo/fr/vly+GsfXLMtfpGDvUCa9YMd1IIi9P4VVOnzoH9c46HMxSd8xmoRGkdfX0LFUmNbn9WsaXIgRgCT+tMMpDDLhbL2atROlDF2Ez/sfsoGlSKhFHFCufYiL3nPdP8bwub+TXyXuJJSilzOUksMAy1neY6jaA9b3RrpnR8iFyjg4VxZgNakhl2GGf6QM07xY1FuzQaI1ZqJKRend7RQqvsjUkYiZsyd4YjpxhIOk7F/PDDqQd6FcBETav+Fw2F0i6kLYamrvzfrShrwLBFELZK5CaZU+LUPwflCPxgiU4mWiCcNSoe428ztXEH13weoYlK+1sprxDX0e/uXQzBrWsK57BwQ2usoPJRVYFm7rn2P7AkllwWOFEC/P36ZAVnjuacmRlbvXpcMFgOK2zuvFd+VtVgsmY++scNtHWff358ETKNVSL3g0AV5Y+o2Y8StLDPnw+STuSXSwYPBBGEo5C/2DaEeZMZhGWuge0OwUSmDY9Og4mM7K68hO1C41oWv2yq5M1J558g6KjB9huTszsMv6R25UND69Nt+bzXO9n/+UCbXvd+eK6hmF1YkbyOwegfsbC2omOpM=&cap.sym=xU6mGpv9T0+hMNHFH2SXcWOdliY=&eos.clientinfo=zbase64:MDAwMDAwNmZ4nB3IUQrEIAxF0a3MBhqU+ROymDZ5MkJbJRpKdz+1f/ee2nAmGxzoGz6lpu3icuZZXX5QfnHcDbx5zjDohGalsiKvvo/5DxeDDEbti4RIcnQyWYWamzoI6inGEP+EKSbb&mgm.blockchecksum=ignore&mgm.id=02478bf9&mgm.logid=62409598-b0f2-11ee-bda4-5c6f69a9c0f0&mgm.mtime=1697662626&mgm.replicahead=1&mgm.replicaindex=1.
%MSG
%MSG-w XrdAdaptor:  file_open 12-Jan-2024 03:29:18 CET PostProcessEvent
Data is served from cms.rcac.purdue.edu instead of original site US-Regional-Nebraska
%MSG
12-Jan-2024 03:29:19 CET  Successfully opened file root://cmsxrootd.fnal.gov//store/mc/RunIISummer20UL16MiniAODv2/VBS_SSWW_LL_polarization_TuneCP5_13TeV-madgraph-pythia8/MINIAODSIM/106X_mcRun2_asymptotic_v17-v2/2430000/B6585BAF-9B60-6F43-9599-3C99E412E5E2.root
Begin processing the 1200001st record. Run 1, Event 1224008, LumiSection 1225 on stream 0 at 12-Jan-2024 03:29:28.585 CET
12-Jan-2024 03:29:29 CET  Closed file root://cmsxrootd.fnal.gov//store/mc/RunIISummer20UL16MiniAODv2/VBS_SSWW_LL_polarization_TuneCP5_13TeV-madgraph-pythia8/MINIAODSIM/106X_mcRun2_asymptotic_v17-v2/2430000/B6585BAF-9B60-6F43-9599-3C99E412E5E2.root
12-Jan-2024 03:29:29 CET  Initiating request to open file root://cmsxrootd.fnal.gov//store/mc/RunIISummer20UL16MiniAODv2/VBS_SSWW_LL_polarization_TuneCP5_13TeV-madgraph-pythia8/MINIAODSIM/106X_mcRun2_asymptotic_v17-v2/2430000/9BFD49CF-82D4-6047-B4D1-A06AF7021489.root
%MSG-w XrdAdaptor:  file_open 12-Jan-2024 03:29:31 CET PostProcessEvent
Data is served from cms.rcac.purdue.edu instead of original site US-Regional-Nebraska
%MSG
12-Jan-2024 03:29:32 CET  Successfully opened file root://cmsxrootd.fnal.gov//store/mc/RunIISummer20UL16MiniAODv2/VBS_SSWW_LL_polarization_TuneCP5_13TeV-madgraph-pythia8/MINIAODSIM/106X_mcRun2_asymptotic_v17-v2/2430000/9BFD49CF-82D4-6047-B4D1-A06AF7021489.root
12-Jan-2024 03:29:40 CET  Closed file root://cmsxrootd.fnal.gov//store/mc/RunIISummer20UL16MiniAODv2/VBS_SSWW_LL_polarization_TuneCP5_13TeV-madgraph-pythia8/MINIAODSIM/106X_mcRun2_asymptotic_v17-v2/2430000/9BFD49CF-82D4-6047-B4D1-A06AF7021489.root
12-Jan-2024 03:29:40 CET  Initiating request to open file root://cmsxrootd.fnal.gov//store/mc/RunIISummer20UL16MiniAODv2/VBS_SSWW_LL_polarization_TuneCP5_13TeV-madgraph-pythia8/MINIAODSIM/106X_mcRun2_asymptotic_v17-v2/40000/98FF445E-1C01-2540-960D-69A50E2BB03E.root
%MSG-w XrdAdaptor:  file_open 12-Jan-2024 03:29:42 CET PostProcessEvent
Data is served from cms.rcac.purdue.edu instead of original site US-Regional-Nebraska
%MSG
12-Jan-2024 03:29:43 CET  Successfully opened file root://cmsxrootd.fnal.gov//store/mc/RunIISummer20UL16MiniAODv2/VBS_SSWW_LL_polarization_TuneCP5_13TeV-madgraph-pythia8/MINIAODSIM/106X_mcRun2_asymptotic_v17-v2/40000/98FF445E-1C01-2540-960D-69A50E2BB03E.root
Begin processing the 1300001st record. Run 1, Event 114001, LumiSection 115 on stream 0 at 12-Jan-2024 03:29:50.283 CET
12-Jan-2024 03:29:51 CET  Closed file root://cmsxrootd.fnal.gov//store/mc/RunIISummer20UL16MiniAODv2/VBS_SSWW_LL_polarization_TuneCP5_13TeV-madgraph-pythia8/MINIAODSIM/106X_mcRun2_asymptotic_v17-v2/40000/98FF445E-1C01-2540-960D-69A50E2BB03E.root
12-Jan-2024 03:29:51 CET  Initiating request to open file root://cmsxrootd.fnal.gov//store/mc/RunIISummer20UL16MiniAODv2/VBS_SSWW_LL_polarization_TuneCP5_13TeV-madgraph-pythia8/MINIAODSIM/106X_mcRun2_asymptotic_v17-v2/40000/1336B9B5-587E-4946-9986-B0AA2126AC47.root
%MSG-w XrdAdaptor:  file_open 12-Jan-2024 03:29:54 CET PostProcessEvent
Data is served from cms.rcac.purdue.edu instead of original site US-Regional-Nebraska
%MSG
12-Jan-2024 03:29:54 CET  Successfully opened file root://cmsxrootd.fnal.gov//store/mc/RunIISummer20UL16MiniAODv2/VBS_SSWW_LL_polarization_TuneCP5_13TeV-madgraph-pythia8/MINIAODSIM/106X_mcRun2_asymptotic_v17-v2/40000/1336B9B5-587E-4946-9986-B0AA2126AC47.root
12-Jan-2024 03:30:02 CET  Closed file root://cmsxrootd.fnal.gov//store/mc/RunIISummer20UL16MiniAODv2/VBS_SSWW_LL_polarization_TuneCP5_13TeV-madgraph-pythia8/MINIAODSIM/106X_mcRun2_asymptotic_v17-v2/40000/1336B9B5-587E-4946-9986-B0AA2126AC47.root
12-Jan-2024 03:30:02 CET  Initiating request to open file root://cmsxrootd.fnal.gov//store/mc/RunIISummer20UL16MiniAODv2/VBS_SSWW_LL_polarization_TuneCP5_13TeV-madgraph-pythia8/MINIAODSIM/106X_mcRun2_asymptotic_v17-v2/40000/022730AD-4F90-6542-A0FF-29D9C9369948.root
%MSG-w XrdAdaptor:  file_open 12-Jan-2024 03:30:05 CET PostProcessEvent
Data is served from cms.rcac.purdue.edu instead of original site US-Regional-Nebraska
%MSG
12-Jan-2024 03:30:06 CET  Successfully opened file root://cmsxrootd.fnal.gov//store/mc/RunIISummer20UL16MiniAODv2/VBS_SSWW_LL_polarization_TuneCP5_13TeV-madgraph-pythia8/MINIAODSIM/106X_mcRun2_asymptotic_v17-v2/40000/022730AD-4F90-6542-A0FF-29D9C9369948.root
Begin processing the 1400001st record. Run 1, Event 938001, LumiSection 939 on stream 0 at 12-Jan-2024 03:30:16.486 CET
12-Jan-2024 03:30:18 CET  Closed file root://cmsxrootd.fnal.gov//store/mc/RunIISummer20UL16MiniAODv2/VBS_SSWW_LL_polarization_TuneCP5_13TeV-madgraph-pythia8/MINIAODSIM/106X_mcRun2_asymptotic_v17-v2/40000/022730AD-4F90-6542-A0FF-29D9C9369948.root
12-Jan-2024 03:30:18 CET  Initiating request to open file root://cmsxrootd.fnal.gov//store/mc/RunIISummer20UL16MiniAODv2/VBS_SSWW_LL_polarization_TuneCP5_13TeV-madgraph-pythia8/MINIAODSIM/106X_mcRun2_asymptotic_v17-v2/40000/31BFBB30-3EF8-084F-A93D-8022D9206173.root
%MSG-w XrdAdaptor:  file_open 12-Jan-2024 03:30:21 CET PostProcessEvent
Data is served from cms.rcac.purdue.edu instead of original site US-Regional-Nebraska
%MSG
12-Jan-2024 03:30:21 CET  Successfully opened file root://cmsxrootd.fnal.gov//store/mc/RunIISummer20UL16MiniAODv2/VBS_SSWW_LL_polarization_TuneCP5_13TeV-madgraph-pythia8/MINIAODSIM/106X_mcRun2_asymptotic_v17-v2/40000/31BFBB30-3EF8-084F-A93D-8022D9206173.root
12-Jan-2024 03:30:30 CET  Closed file root://cmsxrootd.fnal.gov//store/mc/RunIISummer20UL16MiniAODv2/VBS_SSWW_LL_polarization_TuneCP5_13TeV-madgraph-pythia8/MINIAODSIM/106X_mcRun2_asymptotic_v17-v2/40000/31BFBB30-3EF8-084F-A93D-8022D9206173.root
12-Jan-2024 03:30:30 CET  Initiating request to open file root://cmsxrootd.fnal.gov//store/mc/RunIISummer20UL16MiniAODv2/VBS_SSWW_LL_polarization_TuneCP5_13TeV-madgraph-pythia8/MINIAODSIM/106X_mcRun2_asymptotic_v17-v2/40000/D949DD7A-A9B4-544A-9247-879C3C16854F.root
%MSG-w XrdAdaptor:  file_open 12-Jan-2024 03:30:32 CET PostProcessEvent
Data is served from cms.rcac.purdue.edu instead of original site US-Regional-Nebraska
%MSG
12-Jan-2024 03:30:33 CET  Successfully opened file root://cmsxrootd.fnal.gov//store/mc/RunIISummer20UL16MiniAODv2/VBS_SSWW_LL_polarization_TuneCP5_13TeV-madgraph-pythia8/MINIAODSIM/106X_mcRun2_asymptotic_v17-v2/40000/D949DD7A-A9B4-544A-9247-879C3C16854F.root
Begin processing the 1500001st record. Run 1, Event 1684004, LumiSection 1685 on stream 0 at 12-Jan-2024 03:30:39.281 CET
12-Jan-2024 03:30:41 CET  Closed file root://cmsxrootd.fnal.gov//store/mc/RunIISummer20UL16MiniAODv2/VBS_SSWW_LL_polarization_TuneCP5_13TeV-madgraph-pythia8/MINIAODSIM/106X_mcRun2_asymptotic_v17-v2/40000/D949DD7A-A9B4-544A-9247-879C3C16854F.root
12-Jan-2024 03:30:41 CET  Initiating request to open file root://cmsxrootd.fnal.gov//store/mc/RunIISummer20UL16MiniAODv2/VBS_SSWW_LL_polarization_TuneCP5_13TeV-madgraph-pythia8/MINIAODSIM/106X_mcRun2_asymptotic_v17-v2/40000/E1320795-3FCA-7540-9369-14610EB45BFD.root
%MSG-w XrdAdaptor:  file_open 12-Jan-2024 03:30:43 CET PostProcessEvent
Data is served from cms.rcac.purdue.edu instead of original site US-Regional-Nebraska
%MSG
12-Jan-2024 03:30:44 CET  Successfully opened file root://cmsxrootd.fnal.gov//store/mc/RunIISummer20UL16MiniAODv2/VBS_SSWW_LL_polarization_TuneCP5_13TeV-madgraph-pythia8/MINIAODSIM/106X_mcRun2_asymptotic_v17-v2/40000/E1320795-3FCA-7540-9369-14610EB45BFD.root
Begin processing the 1600001st record. Run 1, Event 1247005, LumiSection 1248 on stream 0 at 12-Jan-2024 03:30:52.676 CET
12-Jan-2024 03:30:52 CET  Closed file root://cmsxrootd.fnal.gov//store/mc/RunIISummer20UL16MiniAODv2/VBS_SSWW_LL_polarization_TuneCP5_13TeV-madgraph-pythia8/MINIAODSIM/106X_mcRun2_asymptotic_v17-v2/40000/E1320795-3FCA-7540-9369-14610EB45BFD.root
12-Jan-2024 03:30:52 CET  Initiating request to open file root://cmsxrootd.fnal.gov//store/mc/RunIISummer20UL16MiniAODv2/VBS_SSWW_LL_polarization_TuneCP5_13TeV-madgraph-pythia8/MINIAODSIM/106X_mcRun2_asymptotic_v17-v2/40000/45D2DD58-BE98-CE4C-8324-EFD3919A7602.root
%MSG-w XrdAdaptor:  file_open 12-Jan-2024 03:30:55 CET PostProcessEvent
Data is served from cms.rcac.purdue.edu instead of original site US-Regional-Nebraska
%MSG
12-Jan-2024 03:30:55 CET  Successfully opened file root://cmsxrootd.fnal.gov//store/mc/RunIISummer20UL16MiniAODv2/VBS_SSWW_LL_polarization_TuneCP5_13TeV-madgraph-pythia8/MINIAODSIM/106X_mcRun2_asymptotic_v17-v2/40000/45D2DD58-BE98-CE4C-8324-EFD3919A7602.root
12-Jan-2024 03:31:00 CET  Closed file root://cmsxrootd.fnal.gov//store/mc/RunIISummer20UL16MiniAODv2/VBS_SSWW_LL_polarization_TuneCP5_13TeV-madgraph-pythia8/MINIAODSIM/106X_mcRun2_asymptotic_v17-v2/40000/45D2DD58-BE98-CE4C-8324-EFD3919A7602.root
12-Jan-2024 03:31:00 CET  Initiating request to open file root://cmsxrootd.fnal.gov//store/mc/RunIISummer20UL16MiniAODv2/VBS_SSWW_LL_polarization_TuneCP5_13TeV-madgraph-pythia8/MINIAODSIM/106X_mcRun2_asymptotic_v17-v2/40000/085FAC79-2A05-AC4C-A8D9-A31F0F7F2EDA.root
%MSG-w XrdAdaptor:  file_open 12-Jan-2024 03:31:03 CET PostProcessEvent
Data is served from cms.rcac.purdue.edu instead of original site US-Regional-Nebraska
%MSG
12-Jan-2024 03:31:04 CET  Successfully opened file root://cmsxrootd.fnal.gov//store/mc/RunIISummer20UL16MiniAODv2/VBS_SSWW_LL_polarization_TuneCP5_13TeV-madgraph-pythia8/MINIAODSIM/106X_mcRun2_asymptotic_v17-v2/40000/085FAC79-2A05-AC4C-A8D9-A31F0F7F2EDA.root
12-Jan-2024 03:31:12 CET  Closed file root://cmsxrootd.fnal.gov//store/mc/RunIISummer20UL16MiniAODv2/VBS_SSWW_LL_polarization_TuneCP5_13TeV-madgraph-pythia8/MINIAODSIM/106X_mcRun2_asymptotic_v17-v2/40000/085FAC79-2A05-AC4C-A8D9-A31F0F7F2EDA.root
12-Jan-2024 03:31:12 CET  Initiating request to open file root://cmsxrootd.fnal.gov//store/mc/RunIISummer20UL16MiniAODv2/VBS_SSWW_LL_polarization_TuneCP5_13TeV-madgraph-pythia8/MINIAODSIM/106X_mcRun2_asymptotic_v17-v2/40000/232DB988-789A-8143-B272-08F1DA311D0C.root
%MSG-w XrdAdaptorInternal:  file_open 12-Jan-2024 03:31:13 CET PostProcessEvent
Failed to open file at URL root://eos-c01.cms.rcac.purdue.edu:1101//store/mc/RunIISummer20UL16MiniAODv2/VBS_SSWW_LL_polarization_TuneCP5_13TeV-madgraph-pythia8/MINIAODSIM/106X_mcRun2_asymptotic_v17-v2/40000/232DB988-789A-8143-B272-08F1DA311D0C.root?cap.msg=d9J3goYSFLAUInNxGNsU1Ur8UvaMAWcICOqppuMfSEMFeKsPR13YF75ampMwWejEWI8etKZol8+oA+H+obcH5TGaX0yfZ/NsHRxUtflYCTIMpJzw/i596JPUcq7bbf8aPm5NO9L9TpYjnT3z6TkFOKpFAbKGpw3jzYOTbvf+XvMq2VQPJOJLlf6syFj584PVJicoY2IyAqSasfJtTWnVA+upqVpxDvsgz72cS1QCSTpU5G1/9p0G3vhv5tfIuqJsn/Z1QC6EgScsxvbI65YVweAVM+fuWB6Bcu6MBUlL+YikitnKTo3Yf5omFAxY9eEqbnZkfOfS2iafqAg/jrttw6DwHsKMcwJQzks3z/RYFS0+r+8rnJSH29hNF3AxKfnEf6ksjD4ECn/gM1DN1dXtbjmsR9r4BvreIVuDX3JumSGrtji9/ZtPsc5gEItteJCfTKzpCJAE9++w5HkAzwQTamWgrLHAVpa3q/rofG6nvT7aY3QYuH9nHC50i8DOCnMnhDf18w1Euzo1FPS+1Tmoc8KbXM9U3lAnnX/WgQkntS8U8gOPTbMWNO8egZiEEHhbui+YO7dFCHBj5q8nPD4NjXEZYgEkfNLDcSV6fQbbrdRoNeHTNPo+mSY1M5jXn779uQInVfkUK1NJyWnjjAJB83Ysis+GaBy/D8XjL+HgM26K6I/J/PiJTK9jqi7+G+WssdGPtroK703MdCTrUsogqhHccC7ZrmTEW8UcYegfdWFkFYX9HC/7oExD4ayKSJelDcgG2sPBn4K/RsU9yYgeZtmbf3KawDy98EOaa47HfgXqln2NxX+cxBnUcDM6REgaleHrAUBPll3qIJ3L7dypIwMCBWQOPCjt5lypf9KddBoBFuBNgSRcD18khKImPTpY&cap.sym=xU6mGpv9T0+hMNHFH2SXcWOdliY=&eos.clientinfo=zbase64:MDAwMDAwNmZ4nBXIUQrEIAxF0a3MBhoUBgaELKZNnlRoq0RDmd23/p17a8OVbHCg7+9TatpuLlee6rJDOUyOfwNvnjMMOkezUlmRVz/G7HcXgwxG7YuESHJ2MlmFmps6COopxhAfh0om4w==&mgm.blockchecksum=ignore&mgm.id=02478b74&mgm.logid=a7af9890-b0f2-11ee-966f-5c6f69a9c0f0&mgm.mtime=1697662449&mgm.replicahead=1&mgm.replicaindex=1.
%MSG
%MSG-w XrdAdaptorInternal:  file_open 12-Jan-2024 03:31:14 CET PostProcessEvent
Failed to open file at URL root://eos-c01.cms.rcac.purdue.edu:1101//store/mc/RunIISummer20UL16MiniAODv2/VBS_SSWW_LL_polarization_TuneCP5_13TeV-madgraph-pythia8/MINIAODSIM/106X_mcRun2_asymptotic_v17-v2/40000/232DB988-789A-8143-B272-08F1DA311D0C.root?cap.msg=d9J3goYSFLAUInNxGNsU1Ur8UvaMAWcICOqppuMfSEMFeKsPR13YF75ampMwWejEWI8etKZol8+oA+H+obcH5TGaX0yfZ/NsHRxUtflYCTIMpJzw/i596JPUcq7bbf8aPm5NO9L9TpYjnT3z6TkFOKpFAbKGpw3jzYOTbvf+XvMq2VQPJOJLlf6syFj584PVJicoY2IyAqSasfJtTWnVA+upqVpxDvsgz72cS1QCSTpU5G1/9p0G3vhv5tfIuqJsn/Z1QC6EgScsxvbI65YVweAVM+fuWB6Bcu6MBUlL+YikitnKTo3Yf5omFAxY9eEqbnZkfOfS2iafqAg/jrttw6DwHsKMcwJQzks3z/RYFS0+r+8rnJSH29hNF3AxKfnEf6ksjD4ECn/gM1DN1dXtbjmsR9r4BvreIVuDX3JumSGrtji9/ZtPsc5gEItteJCfTKzpCJAE9++w5HkAzwQTamWgrLHAVpa3q/rofG6nvT7aY3QYuH9nHC50i8DOCnMnhDf18w1Euzo1FPS+1Tmoc8KbXM9U3lAnnX/WgQkntS8U8gOPTbMWNO8egZiEEHhbui+YO7dFCHBj5q8nPD4NjXEZYgEkfNLDcSV6fQbbrdRoNeHTNPo+mSY1M5jXn779uQInVfkUK1NJyWnjjAJB83Ysis+GaBy/D8XjL+HgM26K6I/J/PiJTK9jqi7+G+WssdGPtroK703MdCTrUsogqhHccC7ZrmTEW8UcYegfdWFkFYX9HC/7oExD4ayKSJelDcgG2sPBn4K/RsU9yYgeZtmbf3KawDy98EOaa47HfgXqln2NxX+cxBnUcDM6REgaleHrAUBPll3qIJ3L7dypIwMCBWQOPCjt5lypf9KddBoBFuBNgSRcD4L8+OIPeZC/&cap.sym=xU6mGpv9T0+hMNHFH2SXcWOdliY=&eos.clientinfo=zbase64:MDAwMDAwNmZ4nBXIQQrDMAwF0avkAhXWohuDDpNI38TQxka2KL194t2baR1X9imJ3rzVlo+f1KssDT1hkhbnv0OOKAUOW6N7bWIoe3zm6mdXh05BGy9NTPod5Lor9XALECwyc+IbhVcm3g==&mgm.blockchecksum=ignore&mgm.id=02478b74&mgm.logid=a7f51db6-b0f2-11ee-966f-5c6f69a9c0f0&mgm.mtime=1697662449&mgm.replicahead=1&mgm.replicaindex=1&tried=.
%MSG
----- Begin Fatal Exception 12-Jan-2024 03:31:14 CET-----------------------
An exception of category 'FileOpenError' occurred while
   [0] Calling InputSource::readFile_
   [1] Calling RootFileSequenceBase::initTheFile()
   [2] Calling StorageFactory::open()
   [3] Calling XrdFile::open()
Exception Message:
Failed to open the file 'root://cmsxrootd.fnal.gov//store/mc/RunIISummer20UL16MiniAODv2/VBS_SSWW_LL_polarization_TuneCP5_13TeV-madgraph-pythia8/MINIAODSIM/106X_mcRun2_asymptotic_v17-v2/40000/232DB988-789A-8143-B272-08F1DA311D0C.root'
   Additional Info:
      [a] Input file root://cmsxrootd.fnal.gov//store/mc/RunIISummer20UL16MiniAODv2/VBS_SSWW_LL_polarization_TuneCP5_13TeV-madgraph-pythia8/MINIAODSIM/106X_mcRun2_asymptotic_v17-v2/40000/232DB988-789A-8143-B272-08F1DA311D0C.root could not be opened.
      [b] XrdCl::File::Open(name='root://cmsxrootd.fnal.gov//store/mc/RunIISummer20UL16MiniAODv2/VBS_SSWW_LL_polarization_TuneCP5_13TeV-madgraph-pythia8/MINIAODSIM/106X_mcRun2_asymptotic_v17-v2/40000/232DB988-789A-8143-B272-08F1DA311D0C.root', flags=0x10, permissions=0660) => error '[ERROR] Server responded with an error: [3000] Unable to open - cannot determine the prefix path to use for the given filesystem id /store/mc/RunIISummer20UL16MiniAODv2/VBS_SSWW_LL_polarization_TuneCP5_13TeV-madgraph-pythia8/MINIAODSIM/106X_mcRun2_asymptotic_v17-v2/40000/232DB988-789A-8143-B272-08F1DA311D0C.root; invalid argument
' (errno=3000, code=400). No additional data servers were found.
      [c] Last URL tried: root://eos-c01.cms.rcac.purdue.edu:1101//store/mc/RunIISummer20UL16MiniAODv2/VBS_SSWW_LL_polarization_TuneCP5_13TeV-madgraph-pythia8/MINIAODSIM/106X_mcRun2_asymptotic_v17-v2/40000/232DB988-789A-8143-B272-08F1DA311D0C.root?cap.msg=d9J3goYSFLAUInNxGNsU1Ur8UvaMAWcICOqppuMfSEMFeKsPR13YF75ampMwWejEWI8etKZol8+oA+H+obcH5TGaX0yfZ/NsHRxUtflYCTIMpJzw/i596JPUcq7bbf8aPm5NO9L9TpYjnT3z6TkFOKpFAbKGpw3jzYOTbvf+XvMq2VQPJOJLlf6syFj584PVJicoY2IyAqSasfJtTWnVA+upqVpxDvsgz72cS1QCSTpU5G1/9p0G3vhv5tfIuqJsn/Z1QC6EgScsxvbI65YVweAVM+fuWB6Bcu6MBUlL+YikitnKTo3Yf5omFAxY9eEqbnZkfOfS2iafqAg/jrttw6DwHsKMcwJQzks3z/RYFS0+r+8rnJSH29hNF3AxKfnEf6ksjD4ECn/gM1DN1dXtbjmsR9r4BvreIVuDX3JumSGrtji9/ZtPsc5gEItteJCfTKzpCJAE9++w5HkAzwQTamWgrLHAVpa3q/rofG6nvT7aY3QYuH9nHC50i8DOCnMnhDf18w1Euzo1FPS+1Tmoc8KbXM9U3lAnnX/WgQkntS8U8gOPTbMWNO8egZiEEHhbui+YO7dFCHBj5q8nPD4NjXEZYgEkfNLDcSV6fQbbrdRoNeHTNPo+mSY1M5jXn779uQInVfkUK1NJyWnjjAJB83Ysis+GaBy/D8XjL+HgM26K6I/J/PiJTK9jqi7+G+WssdGPtroK703MdCTrUsogqhHccC7ZrmTEW8UcYegfdWFkFYX9HC/7oExD4ayKSJelDcgG2sPBn4K/RsU9yYgeZtmbf3KawDy98EOaa47HfgXqln2NxX+cxBnUcDM6REgaleHrAUBPll3qIJ3L7dypIwMCBWQOPCjt5lypf9KddBoBFuBNgSRcD4L8+OIPeZC/&cap.sym=xU6mGpv9T0+hMNHFH2SXcWOdliY=&eos.clientinfo=zbase64:MDAwMDAwNmZ4nBXIQQrDMAwF0avkAhXWohuDDpNI38TQxka2KL194t2baR1X9imJ3rzVlo+f1KssDT1hkhbnv0OOKAUOW6N7bWIoe3zm6mdXh05BGy9NTPod5Lor9XALECwyc+IbhVcm3g==&mgm.blockchecksum=ignore&mgm.id=02478b74&mgm.logid=a7f51db6-b0f2-11ee-966f-5c6f69a9c0f0&mgm.mtime=1697662449&mgm.replicahead=1&mgm.replicaindex=1&tried=
      [d] Problematic data server: eos-c01.cms.rcac.purdue.edu:1101
      [e] Disabled source: eos-c01.cms.rcac.purdue.edu:1101
----- End Fatal Exception -------------------------------------------------
      0.001387      0.000007      0.001895             1
      0.000508      0.000004      0.001895             2
 

------------------------------------
GenXsecAnalyzer:
------------------------------------
-------------------------------------------------------------------------------------------------------------------------------------------------------------------------- 
Overall cross-section summary 
--------------------------------------------------------------------------------------------------------------------------------------------------------------------------
Process		xsec_before [pb]		passed	nposw	nnegw	tried	nposw	nnegw 	xsec_match [pb]			accepted [%]	 event_eff [%]
0		1.396e-03 +/- 2.587e-07		1216824	1216824	0	1216824	1216824	0	1.396e-03 +/- 2.587e-07		100.0 +/- 0.0	100.0 +/- 0.0
1		5.113e-04 +/- 1.670e-07		447176	447176	0	447176	447176	0	5.113e-04 +/- 1.670e-07		100.0 +/- 0.0	100.0 +/- 0.0
-------------------------------------------------------------------------------------------------------------------------------------------------------------------------- 
Total		1.907e-03 +/- 3.079e-07		1664000	1664000	0	1664000	1664000	0	1.907e-03 +/- 3.079e-07		100.0 +/- 0.0	100.0 +/- 0.0
--------------------------------------------------------------------------------------------------------------------------------------------------------------------------
Before matching: total cross section = 1.907e-03 +- 3.079e-07 pb
After matching: total cross section = 1.907e-03 +- 3.079e-07 pb
Matching efficiency = 1.0 +/- 0.0   [TO BE USED IN MCM]
Filter efficiency (taking into account weights)= (3171.86) / (3171.86) = 1.000e+00 +- 0.000e+00
Filter efficiency (event-level)= (1.664e+06) / (1.664e+06) = 1.000e+00 +- 0.000e+00    [TO BE USED IN MCM]

After filter: final cross section = 1.907e-03 +- 3.079e-07 pb
After filter: final fraction of events with negative weights = 0.000e+00 +- 0.000e+00
After filter: final equivalent lumi for 1M events (1/fb) = 5.243e+05 +- 5.311e+02

=============================================

MessageLogger Summary

 type     category        sev    module        subroutine        count    total
 ---- -------------------- -- ---------------- ----------------  -----    -----
    1 GenXSecAnalyzer      -w GenXSecAnalyzer:                      16       16
    2 XrdAdaptor           -w file_open                             41       41
    3 XrdAdaptorInternal   -w file_open                              3        3
    4 Fatal Exception      -s AfterFile                              1        1
    5 fileAction           -s file_close                            41       41
    6 fileAction           -s file_open                             83       83

 type    category    Examples: run/evt        run/evt          run/evt
 ---- -------------------- ---------------- ---------------- ----------------
    1 GenXSecAnalyzer      PostGlobalEndRun PostGlobalEndRun PostGlobalEndRun
    2 XrdAdaptor           pre-events       PostProcessEvent PostProcessEvent
    3 XrdAdaptorInternal   PostProcessEvent PostProcessEvent PostProcessEvent
    4 Fatal Exception      PostProcessEvent                  
    5 fileAction           PostProcessEvent PostProcessEvent PostProcessEvent
    6 fileAction           pre-events       pre-events       PostProcessEvent

Severity    # Occurrences   Total Occurrences
--------    -------------   -----------------
Warning                60                  60
System                125                 125

dropped waiting message count 0
