10-Jan-2024 22:13:55 CET  Initiating request to open file root://cmsxrootd.fnal.gov//store/mc/RunIISummer20UL16MiniAODv2/DiPhotonJetsBox_M40_80-sherpa/MINIAODSIM/106X_mcRun2_asymptotic_v17-v2/2520000/B0511136-2AA3-014D-9AAE-1580242F3E01.root
Unable to load sec.protocol plugin libXrdSecztn.so
%MSG-w XrdAdaptor:  file_open 10-Jan-2024 22:14:00 CET pre-events
Data is served from fnal.gov instead of original site US-Regional-Nebraska
%MSG
10-Jan-2024 22:14:03 CET  Successfully opened file root://cmsxrootd.fnal.gov//store/mc/RunIISummer20UL16MiniAODv2/DiPhotonJetsBox_M40_80-sherpa/MINIAODSIM/106X_mcRun2_asymptotic_v17-v2/2520000/B0511136-2AA3-014D-9AAE-1580242F3E01.root
Unable to load sec.protocol plugin libXrdSecztn.so
Begin processing the 1st record. Run 1, Event 2048001, LumiSection 2049 on stream 0 at 10-Jan-2024 22:14:10.508 CET
10-Jan-2024 22:14:13 CET  Closed file root://cmsxrootd.fnal.gov//store/mc/RunIISummer20UL16MiniAODv2/DiPhotonJetsBox_M40_80-sherpa/MINIAODSIM/106X_mcRun2_asymptotic_v17-v2/2520000/B0511136-2AA3-014D-9AAE-1580242F3E01.root
10-Jan-2024 22:14:13 CET  Initiating request to open file root://cmsxrootd.fnal.gov//store/mc/RunIISummer20UL16MiniAODv2/DiPhotonJetsBox_M40_80-sherpa/MINIAODSIM/106X_mcRun2_asymptotic_v17-v2/2520000/2DDD523C-D5F8-5448-A207-392CF05018CD.root
Unable to load sec.protocol plugin libXrdSecztn.so
%MSG-w XrdAdaptor:  file_open 10-Jan-2024 22:14:16 CET PostProcessEvent
Data is served from fnal.gov instead of original site US-Regional-Nebraska
%MSG
10-Jan-2024 22:14:17 CET  Successfully opened file root://cmsxrootd.fnal.gov//store/mc/RunIISummer20UL16MiniAODv2/DiPhotonJetsBox_M40_80-sherpa/MINIAODSIM/106X_mcRun2_asymptotic_v17-v2/2520000/2DDD523C-D5F8-5448-A207-392CF05018CD.root
Unable to load sec.protocol plugin libXrdSecztn.so
Begin processing the 100001st record. Run 1, Event 2430009, LumiSection 2431 on stream 0 at 10-Jan-2024 22:14:40.778 CET
10-Jan-2024 22:14:40 CET  Closed file root://cmsxrootd.fnal.gov//store/mc/RunIISummer20UL16MiniAODv2/DiPhotonJetsBox_M40_80-sherpa/MINIAODSIM/106X_mcRun2_asymptotic_v17-v2/2520000/2DDD523C-D5F8-5448-A207-392CF05018CD.root
10-Jan-2024 22:14:40 CET  Initiating request to open file root://cmsxrootd.fnal.gov//store/mc/RunIISummer20UL16MiniAODv2/DiPhotonJetsBox_M40_80-sherpa/MINIAODSIM/106X_mcRun2_asymptotic_v17-v2/2520000/96DFFEDD-46F9-324C-9915-3B941629AE13.root
%MSG-w XrdAdaptor:  file_open 10-Jan-2024 22:14:43 CET PostProcessEvent
Data is served from fnal.gov instead of original site US-Regional-Nebraska
%MSG
10-Jan-2024 22:14:43 CET  Successfully opened file root://cmsxrootd.fnal.gov//store/mc/RunIISummer20UL16MiniAODv2/DiPhotonJetsBox_M40_80-sherpa/MINIAODSIM/106X_mcRun2_asymptotic_v17-v2/2520000/96DFFEDD-46F9-324C-9915-3B941629AE13.root
10-Jan-2024 22:14:53 CET  Closed file root://cmsxrootd.fnal.gov//store/mc/RunIISummer20UL16MiniAODv2/DiPhotonJetsBox_M40_80-sherpa/MINIAODSIM/106X_mcRun2_asymptotic_v17-v2/2520000/96DFFEDD-46F9-324C-9915-3B941629AE13.root
10-Jan-2024 22:14:53 CET  Initiating request to open file root://cmsxrootd.fnal.gov//store/mc/RunIISummer20UL16MiniAODv2/DiPhotonJetsBox_M40_80-sherpa/MINIAODSIM/106X_mcRun2_asymptotic_v17-v2/2520000/45EED419-25FD-1545-BD57-C5F95502A96D.root
%MSG-w XrdAdaptor:  file_open 10-Jan-2024 22:14:55 CET PostProcessEvent
Data is served from fnal.gov instead of original site US-Regional-Nebraska
%MSG
10-Jan-2024 22:14:56 CET  Successfully opened file root://cmsxrootd.fnal.gov//store/mc/RunIISummer20UL16MiniAODv2/DiPhotonJetsBox_M40_80-sherpa/MINIAODSIM/106X_mcRun2_asymptotic_v17-v2/2520000/45EED419-25FD-1545-BD57-C5F95502A96D.root
10-Jan-2024 22:15:07 CET  Closed file root://cmsxrootd.fnal.gov//store/mc/RunIISummer20UL16MiniAODv2/DiPhotonJetsBox_M40_80-sherpa/MINIAODSIM/106X_mcRun2_asymptotic_v17-v2/2520000/45EED419-25FD-1545-BD57-C5F95502A96D.root
10-Jan-2024 22:15:07 CET  Initiating request to open file root://cmsxrootd.fnal.gov//store/mc/RunIISummer20UL16MiniAODv2/DiPhotonJetsBox_M40_80-sherpa/MINIAODSIM/106X_mcRun2_asymptotic_v17-v2/2520000/41F5C886-8363-5843-92CA-76FD060AE212.root
%MSG-w XrdAdaptor:  file_open 10-Jan-2024 22:15:09 CET PostProcessEvent
Data is served from fnal.gov instead of original site US-Regional-Nebraska
%MSG
10-Jan-2024 22:15:10 CET  Successfully opened file root://cmsxrootd.fnal.gov//store/mc/RunIISummer20UL16MiniAODv2/DiPhotonJetsBox_M40_80-sherpa/MINIAODSIM/106X_mcRun2_asymptotic_v17-v2/2520000/41F5C886-8363-5843-92CA-76FD060AE212.root
Begin processing the 200001st record. Run 1, Event 2337003, LumiSection 2338 on stream 0 at 10-Jan-2024 22:15:14.256 CET
10-Jan-2024 22:15:14 CET  Closed file root://cmsxrootd.fnal.gov//store/mc/RunIISummer20UL16MiniAODv2/DiPhotonJetsBox_M40_80-sherpa/MINIAODSIM/106X_mcRun2_asymptotic_v17-v2/2520000/41F5C886-8363-5843-92CA-76FD060AE212.root
10-Jan-2024 22:15:14 CET  Initiating request to open file root://cmsxrootd.fnal.gov//store/mc/RunIISummer20UL16MiniAODv2/DiPhotonJetsBox_M40_80-sherpa/MINIAODSIM/106X_mcRun2_asymptotic_v17-v2/2520000/2918A7C7-8288-4E44-8347-B889F4D53879.root
%MSG-w XrdAdaptor:  file_open 10-Jan-2024 22:15:16 CET PostProcessEvent
Data is served from fnal.gov instead of original site US-Regional-Nebraska
%MSG
10-Jan-2024 22:15:17 CET  Successfully opened file root://cmsxrootd.fnal.gov//store/mc/RunIISummer20UL16MiniAODv2/DiPhotonJetsBox_M40_80-sherpa/MINIAODSIM/106X_mcRun2_asymptotic_v17-v2/2520000/2918A7C7-8288-4E44-8347-B889F4D53879.root
10-Jan-2024 22:15:24 CET  Closed file root://cmsxrootd.fnal.gov//store/mc/RunIISummer20UL16MiniAODv2/DiPhotonJetsBox_M40_80-sherpa/MINIAODSIM/106X_mcRun2_asymptotic_v17-v2/2520000/2918A7C7-8288-4E44-8347-B889F4D53879.root
10-Jan-2024 22:15:24 CET  Initiating request to open file root://cmsxrootd.fnal.gov//store/mc/RunIISummer20UL16MiniAODv2/DiPhotonJetsBox_M40_80-sherpa/MINIAODSIM/106X_mcRun2_asymptotic_v17-v2/2520000/5FAB7A5D-694D-0044-9742-8CB4961DD858.root
%MSG-w XrdAdaptor:  file_open 10-Jan-2024 22:15:26 CET PostProcessEvent
Data is served from fnal.gov instead of original site US-Regional-Nebraska
%MSG
10-Jan-2024 22:15:27 CET  Successfully opened file root://cmsxrootd.fnal.gov//store/mc/RunIISummer20UL16MiniAODv2/DiPhotonJetsBox_M40_80-sherpa/MINIAODSIM/106X_mcRun2_asymptotic_v17-v2/2520000/5FAB7A5D-694D-0044-9742-8CB4961DD858.root
10-Jan-2024 22:15:33 CET  Closed file root://cmsxrootd.fnal.gov//store/mc/RunIISummer20UL16MiniAODv2/DiPhotonJetsBox_M40_80-sherpa/MINIAODSIM/106X_mcRun2_asymptotic_v17-v2/2520000/5FAB7A5D-694D-0044-9742-8CB4961DD858.root
10-Jan-2024 22:15:33 CET  Initiating request to open file root://cmsxrootd.fnal.gov//store/mc/RunIISummer20UL16MiniAODv2/DiPhotonJetsBox_M40_80-sherpa/MINIAODSIM/106X_mcRun2_asymptotic_v17-v2/2520000/019D1DDC-B5B9-3043-9691-6959DB36510B.root
%MSG-w XrdAdaptor:  file_open 10-Jan-2024 22:15:35 CET PostProcessEvent
Data is served from fnal.gov instead of original site US-Regional-Nebraska
%MSG
10-Jan-2024 22:15:36 CET  Successfully opened file root://cmsxrootd.fnal.gov//store/mc/RunIISummer20UL16MiniAODv2/DiPhotonJetsBox_M40_80-sherpa/MINIAODSIM/106X_mcRun2_asymptotic_v17-v2/2520000/019D1DDC-B5B9-3043-9691-6959DB36510B.root
10-Jan-2024 22:15:42 CET  Closed file root://cmsxrootd.fnal.gov//store/mc/RunIISummer20UL16MiniAODv2/DiPhotonJetsBox_M40_80-sherpa/MINIAODSIM/106X_mcRun2_asymptotic_v17-v2/2520000/019D1DDC-B5B9-3043-9691-6959DB36510B.root
10-Jan-2024 22:15:42 CET  Initiating request to open file root://cmsxrootd.fnal.gov//store/mc/RunIISummer20UL16MiniAODv2/DiPhotonJetsBox_M40_80-sherpa/MINIAODSIM/106X_mcRun2_asymptotic_v17-v2/2520000/07B8F900-FF9C-2747-9F79-F507E201B4D2.root
%MSG-w XrdAdaptor:  file_open 10-Jan-2024 22:15:45 CET PostProcessEvent
Data is served from fnal.gov instead of original site US-Regional-Nebraska
%MSG
10-Jan-2024 22:15:45 CET  Successfully opened file root://cmsxrootd.fnal.gov//store/mc/RunIISummer20UL16MiniAODv2/DiPhotonJetsBox_M40_80-sherpa/MINIAODSIM/106X_mcRun2_asymptotic_v17-v2/2520000/07B8F900-FF9C-2747-9F79-F507E201B4D2.root
10-Jan-2024 22:15:51 CET  Closed file root://cmsxrootd.fnal.gov//store/mc/RunIISummer20UL16MiniAODv2/DiPhotonJetsBox_M40_80-sherpa/MINIAODSIM/106X_mcRun2_asymptotic_v17-v2/2520000/07B8F900-FF9C-2747-9F79-F507E201B4D2.root
10-Jan-2024 22:15:51 CET  Initiating request to open file root://cmsxrootd.fnal.gov//store/mc/RunIISummer20UL16MiniAODv2/DiPhotonJetsBox_M40_80-sherpa/MINIAODSIM/106X_mcRun2_asymptotic_v17-v2/2520000/782A4578-9224-444D-BCEA-C8C17F529190.root
%MSG-w XrdAdaptor:  file_open 10-Jan-2024 22:15:54 CET PostProcessEvent
Data is served from fnal.gov instead of original site US-Regional-Nebraska
%MSG
10-Jan-2024 22:15:55 CET  Successfully opened file root://cmsxrootd.fnal.gov//store/mc/RunIISummer20UL16MiniAODv2/DiPhotonJetsBox_M40_80-sherpa/MINIAODSIM/106X_mcRun2_asymptotic_v17-v2/2520000/782A4578-9224-444D-BCEA-C8C17F529190.root
Begin processing the 300001st record. Run 1, Event 2363003, LumiSection 2364 on stream 0 at 10-Jan-2024 22:16:02.235 CET
10-Jan-2024 22:16:02 CET  Closed file root://cmsxrootd.fnal.gov//store/mc/RunIISummer20UL16MiniAODv2/DiPhotonJetsBox_M40_80-sherpa/MINIAODSIM/106X_mcRun2_asymptotic_v17-v2/2520000/782A4578-9224-444D-BCEA-C8C17F529190.root
10-Jan-2024 22:16:02 CET  Initiating request to open file root://cmsxrootd.fnal.gov//store/mc/RunIISummer20UL16MiniAODv2/DiPhotonJetsBox_M40_80-sherpa/MINIAODSIM/106X_mcRun2_asymptotic_v17-v2/2520000/B9E2AF75-6EDC-E744-8DE8-D1D8EB270F53.root
%MSG-w XrdAdaptor:  file_open 10-Jan-2024 22:16:04 CET PostProcessEvent
Data is served from fnal.gov instead of original site US-Regional-Nebraska
%MSG
10-Jan-2024 22:16:05 CET  Successfully opened file root://cmsxrootd.fnal.gov//store/mc/RunIISummer20UL16MiniAODv2/DiPhotonJetsBox_M40_80-sherpa/MINIAODSIM/106X_mcRun2_asymptotic_v17-v2/2520000/B9E2AF75-6EDC-E744-8DE8-D1D8EB270F53.root
10-Jan-2024 22:16:15 CET  Closed file root://cmsxrootd.fnal.gov//store/mc/RunIISummer20UL16MiniAODv2/DiPhotonJetsBox_M40_80-sherpa/MINIAODSIM/106X_mcRun2_asymptotic_v17-v2/2520000/B9E2AF75-6EDC-E744-8DE8-D1D8EB270F53.root
10-Jan-2024 22:16:15 CET  Initiating request to open file root://cmsxrootd.fnal.gov//store/mc/RunIISummer20UL16MiniAODv2/DiPhotonJetsBox_M40_80-sherpa/MINIAODSIM/106X_mcRun2_asymptotic_v17-v2/2520000/FA2C1CFC-2DA7-F94D-B9BD-9B29810FAA12.root
%MSG-w XrdAdaptor:  file_open 10-Jan-2024 22:16:17 CET PostProcessEvent
Data is served from fnal.gov instead of original site US-Regional-Nebraska
%MSG
10-Jan-2024 22:16:18 CET  Successfully opened file root://cmsxrootd.fnal.gov//store/mc/RunIISummer20UL16MiniAODv2/DiPhotonJetsBox_M40_80-sherpa/MINIAODSIM/106X_mcRun2_asymptotic_v17-v2/2520000/FA2C1CFC-2DA7-F94D-B9BD-9B29810FAA12.root
10-Jan-2024 22:16:26 CET  Closed file root://cmsxrootd.fnal.gov//store/mc/RunIISummer20UL16MiniAODv2/DiPhotonJetsBox_M40_80-sherpa/MINIAODSIM/106X_mcRun2_asymptotic_v17-v2/2520000/FA2C1CFC-2DA7-F94D-B9BD-9B29810FAA12.root
10-Jan-2024 22:16:26 CET  Initiating request to open file root://cmsxrootd.fnal.gov//store/mc/RunIISummer20UL16MiniAODv2/DiPhotonJetsBox_M40_80-sherpa/MINIAODSIM/106X_mcRun2_asymptotic_v17-v2/2520000/5BF2664C-2097-BA42-BC6F-37758ECAF556.root
%MSG-w XrdAdaptor:  file_open 10-Jan-2024 22:16:28 CET PostProcessEvent
Data is served from fnal.gov instead of original site US-Regional-Nebraska
%MSG
10-Jan-2024 22:16:29 CET  Successfully opened file root://cmsxrootd.fnal.gov//store/mc/RunIISummer20UL16MiniAODv2/DiPhotonJetsBox_M40_80-sherpa/MINIAODSIM/106X_mcRun2_asymptotic_v17-v2/2520000/5BF2664C-2097-BA42-BC6F-37758ECAF556.root
Begin processing the 400001st record. Run 1, Event 2028003, LumiSection 2029 on stream 0 at 10-Jan-2024 22:16:35.608 CET
10-Jan-2024 22:16:35 CET  Closed file root://cmsxrootd.fnal.gov//store/mc/RunIISummer20UL16MiniAODv2/DiPhotonJetsBox_M40_80-sherpa/MINIAODSIM/106X_mcRun2_asymptotic_v17-v2/2520000/5BF2664C-2097-BA42-BC6F-37758ECAF556.root
10-Jan-2024 22:16:35 CET  Initiating request to open file root://cmsxrootd.fnal.gov//store/mc/RunIISummer20UL16MiniAODv2/DiPhotonJetsBox_M40_80-sherpa/MINIAODSIM/106X_mcRun2_asymptotic_v17-v2/2520000/CC6F3EDE-D480-DB42-A5C5-8E06D29EA1E5.root
%MSG-w XrdAdaptor:  file_open 10-Jan-2024 22:16:39 CET PostProcessEvent
Data is served from fnal.gov instead of original site US-Regional-Nebraska
%MSG
10-Jan-2024 22:16:40 CET  Successfully opened file root://cmsxrootd.fnal.gov//store/mc/RunIISummer20UL16MiniAODv2/DiPhotonJetsBox_M40_80-sherpa/MINIAODSIM/106X_mcRun2_asymptotic_v17-v2/2520000/CC6F3EDE-D480-DB42-A5C5-8E06D29EA1E5.root
10-Jan-2024 22:16:46 CET  Closed file root://cmsxrootd.fnal.gov//store/mc/RunIISummer20UL16MiniAODv2/DiPhotonJetsBox_M40_80-sherpa/MINIAODSIM/106X_mcRun2_asymptotic_v17-v2/2520000/CC6F3EDE-D480-DB42-A5C5-8E06D29EA1E5.root
10-Jan-2024 22:16:46 CET  Initiating request to open file root://cmsxrootd.fnal.gov//store/mc/RunIISummer20UL16MiniAODv2/DiPhotonJetsBox_M40_80-sherpa/MINIAODSIM/106X_mcRun2_asymptotic_v17-v2/2520000/68F8E7DC-0592-5C49-9F97-A15BABEEE704.root
%MSG-w XrdAdaptor:  file_open 10-Jan-2024 22:16:48 CET PostProcessEvent
Data is served from fnal.gov instead of original site US-Regional-Nebraska
%MSG
10-Jan-2024 22:16:48 CET  Successfully opened file root://cmsxrootd.fnal.gov//store/mc/RunIISummer20UL16MiniAODv2/DiPhotonJetsBox_M40_80-sherpa/MINIAODSIM/106X_mcRun2_asymptotic_v17-v2/2520000/68F8E7DC-0592-5C49-9F97-A15BABEEE704.root
10-Jan-2024 22:16:53 CET  Closed file root://cmsxrootd.fnal.gov//store/mc/RunIISummer20UL16MiniAODv2/DiPhotonJetsBox_M40_80-sherpa/MINIAODSIM/106X_mcRun2_asymptotic_v17-v2/2520000/68F8E7DC-0592-5C49-9F97-A15BABEEE704.root
10-Jan-2024 22:16:53 CET  Initiating request to open file root://cmsxrootd.fnal.gov//store/mc/RunIISummer20UL16MiniAODv2/DiPhotonJetsBox_M40_80-sherpa/MINIAODSIM/106X_mcRun2_asymptotic_v17-v2/2520000/BDF172C7-C4A9-D64C-AC03-5ED12C0D2AED.root
%MSG-w XrdAdaptor:  file_open 10-Jan-2024 22:16:55 CET PostProcessEvent
Data is served from fnal.gov instead of original site US-Regional-Nebraska
%MSG
10-Jan-2024 22:16:56 CET  Successfully opened file root://cmsxrootd.fnal.gov//store/mc/RunIISummer20UL16MiniAODv2/DiPhotonJetsBox_M40_80-sherpa/MINIAODSIM/106X_mcRun2_asymptotic_v17-v2/2520000/BDF172C7-C4A9-D64C-AC03-5ED12C0D2AED.root
10-Jan-2024 22:17:01 CET  Closed file root://cmsxrootd.fnal.gov//store/mc/RunIISummer20UL16MiniAODv2/DiPhotonJetsBox_M40_80-sherpa/MINIAODSIM/106X_mcRun2_asymptotic_v17-v2/2520000/BDF172C7-C4A9-D64C-AC03-5ED12C0D2AED.root
10-Jan-2024 22:17:01 CET  Initiating request to open file root://cmsxrootd.fnal.gov//store/mc/RunIISummer20UL16MiniAODv2/DiPhotonJetsBox_M40_80-sherpa/MINIAODSIM/106X_mcRun2_asymptotic_v17-v2/2520000/AF559744-3E73-574D-8204-6D581F69F289.root
%MSG-w XrdAdaptor:  file_open 10-Jan-2024 22:17:03 CET PostProcessEvent
Data is served from fnal.gov instead of original site US-Regional-Nebraska
%MSG
10-Jan-2024 22:17:04 CET  Successfully opened file root://cmsxrootd.fnal.gov//store/mc/RunIISummer20UL16MiniAODv2/DiPhotonJetsBox_M40_80-sherpa/MINIAODSIM/106X_mcRun2_asymptotic_v17-v2/2520000/AF559744-3E73-574D-8204-6D581F69F289.root
10-Jan-2024 22:17:22 CET  Closed file root://cmsxrootd.fnal.gov//store/mc/RunIISummer20UL16MiniAODv2/DiPhotonJetsBox_M40_80-sherpa/MINIAODSIM/106X_mcRun2_asymptotic_v17-v2/2520000/AF559744-3E73-574D-8204-6D581F69F289.root
10-Jan-2024 22:17:22 CET  Initiating request to open file root://cmsxrootd.fnal.gov//store/mc/RunIISummer20UL16MiniAODv2/DiPhotonJetsBox_M40_80-sherpa/MINIAODSIM/106X_mcRun2_asymptotic_v17-v2/2520000/420EF8F2-DBB8-4A4A-8579-FA25DC74FD86.root
%MSG-w XrdAdaptor:  file_open 10-Jan-2024 22:17:25 CET PostProcessEvent
Data is served from fnal.gov instead of original site US-Regional-Nebraska
%MSG
10-Jan-2024 22:17:25 CET  Successfully opened file root://cmsxrootd.fnal.gov//store/mc/RunIISummer20UL16MiniAODv2/DiPhotonJetsBox_M40_80-sherpa/MINIAODSIM/106X_mcRun2_asymptotic_v17-v2/2520000/420EF8F2-DBB8-4A4A-8579-FA25DC74FD86.root
10-Jan-2024 22:17:30 CET  Closed file root://cmsxrootd.fnal.gov//store/mc/RunIISummer20UL16MiniAODv2/DiPhotonJetsBox_M40_80-sherpa/MINIAODSIM/106X_mcRun2_asymptotic_v17-v2/2520000/420EF8F2-DBB8-4A4A-8579-FA25DC74FD86.root
10-Jan-2024 22:17:30 CET  Initiating request to open file root://cmsxrootd.fnal.gov//store/mc/RunIISummer20UL16MiniAODv2/DiPhotonJetsBox_M40_80-sherpa/MINIAODSIM/106X_mcRun2_asymptotic_v17-v2/2520000/69614A24-59AD-0247-B361-42281F24CD9F.root
%MSG-w XrdAdaptor:  file_open 10-Jan-2024 22:17:32 CET PostProcessEvent
Data is served from fnal.gov instead of original site US-Regional-Nebraska
%MSG
10-Jan-2024 22:17:33 CET  Successfully opened file root://cmsxrootd.fnal.gov//store/mc/RunIISummer20UL16MiniAODv2/DiPhotonJetsBox_M40_80-sherpa/MINIAODSIM/106X_mcRun2_asymptotic_v17-v2/2520000/69614A24-59AD-0247-B361-42281F24CD9F.root
Begin processing the 500001st record. Run 1, Event 2196001, LumiSection 2197 on stream 0 at 10-Jan-2024 22:17:46.506 CET
10-Jan-2024 22:17:47 CET  Closed file root://cmsxrootd.fnal.gov//store/mc/RunIISummer20UL16MiniAODv2/DiPhotonJetsBox_M40_80-sherpa/MINIAODSIM/106X_mcRun2_asymptotic_v17-v2/2520000/69614A24-59AD-0247-B361-42281F24CD9F.root
10-Jan-2024 22:17:47 CET  Initiating request to open file root://cmsxrootd.fnal.gov//store/mc/RunIISummer20UL16MiniAODv2/DiPhotonJetsBox_M40_80-sherpa/MINIAODSIM/106X_mcRun2_asymptotic_v17-v2/2520000/8ECDB8AB-EDDD-3B42-842D-2972932331CA.root
%MSG-w XrdAdaptor:  file_open 10-Jan-2024 22:17:49 CET PostProcessEvent
Data is served from fnal.gov instead of original site US-Regional-Nebraska
%MSG
10-Jan-2024 22:17:50 CET  Successfully opened file root://cmsxrootd.fnal.gov//store/mc/RunIISummer20UL16MiniAODv2/DiPhotonJetsBox_M40_80-sherpa/MINIAODSIM/106X_mcRun2_asymptotic_v17-v2/2520000/8ECDB8AB-EDDD-3B42-842D-2972932331CA.root
10-Jan-2024 22:18:01 CET  Closed file root://cmsxrootd.fnal.gov//store/mc/RunIISummer20UL16MiniAODv2/DiPhotonJetsBox_M40_80-sherpa/MINIAODSIM/106X_mcRun2_asymptotic_v17-v2/2520000/8ECDB8AB-EDDD-3B42-842D-2972932331CA.root
10-Jan-2024 22:18:01 CET  Initiating request to open file root://cmsxrootd.fnal.gov//store/mc/RunIISummer20UL16MiniAODv2/DiPhotonJetsBox_M40_80-sherpa/MINIAODSIM/106X_mcRun2_asymptotic_v17-v2/2520000/5F00E28D-0CEA-7242-A8D3-B802AF6B3CFD.root
%MSG-w XrdAdaptor:  file_open 10-Jan-2024 22:18:03 CET PostProcessEvent
Data is served from fnal.gov instead of original site US-Regional-Nebraska
%MSG
10-Jan-2024 22:18:04 CET  Successfully opened file root://cmsxrootd.fnal.gov//store/mc/RunIISummer20UL16MiniAODv2/DiPhotonJetsBox_M40_80-sherpa/MINIAODSIM/106X_mcRun2_asymptotic_v17-v2/2520000/5F00E28D-0CEA-7242-A8D3-B802AF6B3CFD.root
Begin processing the 600001st record. Run 1, Event 924002, LumiSection 925 on stream 0 at 10-Jan-2024 22:18:12.957 CET
10-Jan-2024 22:18:13 CET  Closed file root://cmsxrootd.fnal.gov//store/mc/RunIISummer20UL16MiniAODv2/DiPhotonJetsBox_M40_80-sherpa/MINIAODSIM/106X_mcRun2_asymptotic_v17-v2/2520000/5F00E28D-0CEA-7242-A8D3-B802AF6B3CFD.root
10-Jan-2024 22:18:13 CET  Initiating request to open file root://cmsxrootd.fnal.gov//store/mc/RunIISummer20UL16MiniAODv2/DiPhotonJetsBox_M40_80-sherpa/MINIAODSIM/106X_mcRun2_asymptotic_v17-v2/2520000/434014ED-39F9-C843-BEE1-5DD22B05825E.root
%MSG-w XrdAdaptor:  file_open 10-Jan-2024 22:18:15 CET PostProcessEvent
Data is served from fnal.gov instead of original site US-Regional-Nebraska
%MSG
10-Jan-2024 22:18:15 CET  Successfully opened file root://cmsxrootd.fnal.gov//store/mc/RunIISummer20UL16MiniAODv2/DiPhotonJetsBox_M40_80-sherpa/MINIAODSIM/106X_mcRun2_asymptotic_v17-v2/2520000/434014ED-39F9-C843-BEE1-5DD22B05825E.root
10-Jan-2024 22:18:26 CET  Closed file root://cmsxrootd.fnal.gov//store/mc/RunIISummer20UL16MiniAODv2/DiPhotonJetsBox_M40_80-sherpa/MINIAODSIM/106X_mcRun2_asymptotic_v17-v2/2520000/434014ED-39F9-C843-BEE1-5DD22B05825E.root
10-Jan-2024 22:18:26 CET  Initiating request to open file root://cmsxrootd.fnal.gov//store/mc/RunIISummer20UL16MiniAODv2/DiPhotonJetsBox_M40_80-sherpa/MINIAODSIM/106X_mcRun2_asymptotic_v17-v2/2520000/FAC5952F-ED8A-FE4B-A248-75F6417F2E3D.root
%MSG-w XrdAdaptor:  file_open 10-Jan-2024 22:18:29 CET PostProcessEvent
Data is served from fnal.gov instead of original site US-Regional-Nebraska
%MSG
10-Jan-2024 22:18:30 CET  Successfully opened file root://cmsxrootd.fnal.gov//store/mc/RunIISummer20UL16MiniAODv2/DiPhotonJetsBox_M40_80-sherpa/MINIAODSIM/106X_mcRun2_asymptotic_v17-v2/2520000/FAC5952F-ED8A-FE4B-A248-75F6417F2E3D.root
10-Jan-2024 22:18:42 CET  Closed file root://cmsxrootd.fnal.gov//store/mc/RunIISummer20UL16MiniAODv2/DiPhotonJetsBox_M40_80-sherpa/MINIAODSIM/106X_mcRun2_asymptotic_v17-v2/2520000/FAC5952F-ED8A-FE4B-A248-75F6417F2E3D.root
10-Jan-2024 22:18:42 CET  Initiating request to open file root://cmsxrootd.fnal.gov//store/mc/RunIISummer20UL16MiniAODv2/DiPhotonJetsBox_M40_80-sherpa/MINIAODSIM/106X_mcRun2_asymptotic_v17-v2/2520000/C80DE3FA-78D9-F447-8541-AC90709B1FE9.root
%MSG-w XrdAdaptor:  file_open 10-Jan-2024 22:18:46 CET PostProcessEvent
Data is served from fnal.gov instead of original site US-Regional-Nebraska
%MSG
10-Jan-2024 22:18:46 CET  Successfully opened file root://cmsxrootd.fnal.gov//store/mc/RunIISummer20UL16MiniAODv2/DiPhotonJetsBox_M40_80-sherpa/MINIAODSIM/106X_mcRun2_asymptotic_v17-v2/2520000/C80DE3FA-78D9-F447-8541-AC90709B1FE9.root
Begin processing the 700001st record. Run 1, Event 2140003, LumiSection 2141 on stream 0 at 10-Jan-2024 22:18:54.962 CET
10-Jan-2024 22:18:57 CET  Closed file root://cmsxrootd.fnal.gov//store/mc/RunIISummer20UL16MiniAODv2/DiPhotonJetsBox_M40_80-sherpa/MINIAODSIM/106X_mcRun2_asymptotic_v17-v2/2520000/C80DE3FA-78D9-F447-8541-AC90709B1FE9.root
10-Jan-2024 22:18:57 CET  Initiating request to open file root://cmsxrootd.fnal.gov//store/mc/RunIISummer20UL16MiniAODv2/DiPhotonJetsBox_M40_80-sherpa/MINIAODSIM/106X_mcRun2_asymptotic_v17-v2/2520000/6A62FB6F-1BE2-224E-8759-BDCAF39A52BB.root
%MSG-w XrdAdaptor:  file_open 10-Jan-2024 22:18:59 CET PostProcessEvent
Data is served from fnal.gov instead of original site US-Regional-Nebraska
%MSG
10-Jan-2024 22:18:59 CET  Successfully opened file root://cmsxrootd.fnal.gov//store/mc/RunIISummer20UL16MiniAODv2/DiPhotonJetsBox_M40_80-sherpa/MINIAODSIM/106X_mcRun2_asymptotic_v17-v2/2520000/6A62FB6F-1BE2-224E-8759-BDCAF39A52BB.root
10-Jan-2024 22:19:47 CET  Closed file root://cmsxrootd.fnal.gov//store/mc/RunIISummer20UL16MiniAODv2/DiPhotonJetsBox_M40_80-sherpa/MINIAODSIM/106X_mcRun2_asymptotic_v17-v2/2520000/6A62FB6F-1BE2-224E-8759-BDCAF39A52BB.root
10-Jan-2024 22:19:47 CET  Initiating request to open file root://cmsxrootd.fnal.gov//store/mc/RunIISummer20UL16MiniAODv2/DiPhotonJetsBox_M40_80-sherpa/MINIAODSIM/106X_mcRun2_asymptotic_v17-v2/2520000/A59B2A44-9A06-694E-9B8D-86C7E8F56FA5.root
%MSG-w XrdAdaptor:  file_open 10-Jan-2024 22:19:50 CET PostProcessEvent
Data is served from fnal.gov instead of original site US-Regional-Nebraska
%MSG
10-Jan-2024 22:19:50 CET  Successfully opened file root://cmsxrootd.fnal.gov//store/mc/RunIISummer20UL16MiniAODv2/DiPhotonJetsBox_M40_80-sherpa/MINIAODSIM/106X_mcRun2_asymptotic_v17-v2/2520000/A59B2A44-9A06-694E-9B8D-86C7E8F56FA5.root
Begin processing the 800001st record. Run 1, Event 831007, LumiSection 832 on stream 0 at 10-Jan-2024 22:19:58.611 CET
10-Jan-2024 22:19:58 CET  Closed file root://cmsxrootd.fnal.gov//store/mc/RunIISummer20UL16MiniAODv2/DiPhotonJetsBox_M40_80-sherpa/MINIAODSIM/106X_mcRun2_asymptotic_v17-v2/2520000/A59B2A44-9A06-694E-9B8D-86C7E8F56FA5.root
10-Jan-2024 22:19:58 CET  Initiating request to open file root://cmsxrootd.fnal.gov//store/mc/RunIISummer20UL16MiniAODv2/DiPhotonJetsBox_M40_80-sherpa/MINIAODSIM/106X_mcRun2_asymptotic_v17-v2/2520000/971CBDEB-59A1-E54E-9E0D-E50C0BE0AA1C.root
%MSG-w XrdAdaptor:  file_open 10-Jan-2024 22:20:01 CET PostProcessEvent
Data is served from fnal.gov instead of original site US-Regional-Nebraska
%MSG
10-Jan-2024 22:20:01 CET  Successfully opened file root://cmsxrootd.fnal.gov//store/mc/RunIISummer20UL16MiniAODv2/DiPhotonJetsBox_M40_80-sherpa/MINIAODSIM/106X_mcRun2_asymptotic_v17-v2/2520000/971CBDEB-59A1-E54E-9E0D-E50C0BE0AA1C.root
10-Jan-2024 22:20:16 CET  Closed file root://cmsxrootd.fnal.gov//store/mc/RunIISummer20UL16MiniAODv2/DiPhotonJetsBox_M40_80-sherpa/MINIAODSIM/106X_mcRun2_asymptotic_v17-v2/2520000/971CBDEB-59A1-E54E-9E0D-E50C0BE0AA1C.root
10-Jan-2024 22:20:16 CET  Initiating request to open file root://cmsxrootd.fnal.gov//store/mc/RunIISummer20UL16MiniAODv2/DiPhotonJetsBox_M40_80-sherpa/MINIAODSIM/106X_mcRun2_asymptotic_v17-v2/2520000/36AA0FA7-F4BD-E147-A627-9D3B5362EBAB.root
%MSG-w XrdAdaptor:  file_open 10-Jan-2024 22:20:18 CET PostProcessEvent
Data is served from fnal.gov instead of original site US-Regional-Nebraska
%MSG
10-Jan-2024 22:20:18 CET  Successfully opened file root://cmsxrootd.fnal.gov//store/mc/RunIISummer20UL16MiniAODv2/DiPhotonJetsBox_M40_80-sherpa/MINIAODSIM/106X_mcRun2_asymptotic_v17-v2/2520000/36AA0FA7-F4BD-E147-A627-9D3B5362EBAB.root
Begin processing the 900001st record. Run 1, Event 825010, LumiSection 826 on stream 0 at 10-Jan-2024 22:20:31.556 CET
10-Jan-2024 22:20:31 CET  Closed file root://cmsxrootd.fnal.gov//store/mc/RunIISummer20UL16MiniAODv2/DiPhotonJetsBox_M40_80-sherpa/MINIAODSIM/106X_mcRun2_asymptotic_v17-v2/2520000/36AA0FA7-F4BD-E147-A627-9D3B5362EBAB.root
10-Jan-2024 22:20:31 CET  Initiating request to open file root://cmsxrootd.fnal.gov//store/mc/RunIISummer20UL16MiniAODv2/DiPhotonJetsBox_M40_80-sherpa/MINIAODSIM/106X_mcRun2_asymptotic_v17-v2/2520000/717218EC-1035-CD4A-9CF8-DBDCF2F4CA9E.root
%MSG-w XrdAdaptor:  file_open 10-Jan-2024 22:20:33 CET PostProcessEvent
Data is served from fnal.gov instead of original site US-Regional-Nebraska
%MSG
10-Jan-2024 22:20:34 CET  Successfully opened file root://cmsxrootd.fnal.gov//store/mc/RunIISummer20UL16MiniAODv2/DiPhotonJetsBox_M40_80-sherpa/MINIAODSIM/106X_mcRun2_asymptotic_v17-v2/2520000/717218EC-1035-CD4A-9CF8-DBDCF2F4CA9E.root
10-Jan-2024 22:20:55 CET  Closed file root://cmsxrootd.fnal.gov//store/mc/RunIISummer20UL16MiniAODv2/DiPhotonJetsBox_M40_80-sherpa/MINIAODSIM/106X_mcRun2_asymptotic_v17-v2/2520000/717218EC-1035-CD4A-9CF8-DBDCF2F4CA9E.root
10-Jan-2024 22:20:55 CET  Initiating request to open file root://cmsxrootd.fnal.gov//store/mc/RunIISummer20UL16MiniAODv2/DiPhotonJetsBox_M40_80-sherpa/MINIAODSIM/106X_mcRun2_asymptotic_v17-v2/2520000/C12135C0-44DD-A44D-9D68-E8DD98362799.root
%MSG-w XrdAdaptor:  file_open 10-Jan-2024 22:20:57 CET PostProcessEvent
Data is served from fnal.gov instead of original site US-Regional-Nebraska
%MSG
10-Jan-2024 22:20:58 CET  Successfully opened file root://cmsxrootd.fnal.gov//store/mc/RunIISummer20UL16MiniAODv2/DiPhotonJetsBox_M40_80-sherpa/MINIAODSIM/106X_mcRun2_asymptotic_v17-v2/2520000/C12135C0-44DD-A44D-9D68-E8DD98362799.root
10-Jan-2024 22:21:09 CET  Closed file root://cmsxrootd.fnal.gov//store/mc/RunIISummer20UL16MiniAODv2/DiPhotonJetsBox_M40_80-sherpa/MINIAODSIM/106X_mcRun2_asymptotic_v17-v2/2520000/C12135C0-44DD-A44D-9D68-E8DD98362799.root
10-Jan-2024 22:21:09 CET  Initiating request to open file root://cmsxrootd.fnal.gov//store/mc/RunIISummer20UL16MiniAODv2/DiPhotonJetsBox_M40_80-sherpa/MINIAODSIM/106X_mcRun2_asymptotic_v17-v2/2520000/1684A8A9-F744-7047-8000-17CBDC8BA1D5.root
%MSG-w XrdAdaptor:  file_open 10-Jan-2024 22:21:11 CET PostProcessEvent
Data is served from fnal.gov instead of original site US-Regional-Nebraska
%MSG
10-Jan-2024 22:21:13 CET  Successfully opened file root://cmsxrootd.fnal.gov//store/mc/RunIISummer20UL16MiniAODv2/DiPhotonJetsBox_M40_80-sherpa/MINIAODSIM/106X_mcRun2_asymptotic_v17-v2/2520000/1684A8A9-F744-7047-8000-17CBDC8BA1D5.root
10-Jan-2024 22:21:20 CET  Closed file root://cmsxrootd.fnal.gov//store/mc/RunIISummer20UL16MiniAODv2/DiPhotonJetsBox_M40_80-sherpa/MINIAODSIM/106X_mcRun2_asymptotic_v17-v2/2520000/1684A8A9-F744-7047-8000-17CBDC8BA1D5.root
10-Jan-2024 22:21:20 CET  Initiating request to open file root://cmsxrootd.fnal.gov//store/mc/RunIISummer20UL16MiniAODv2/DiPhotonJetsBox_M40_80-sherpa/MINIAODSIM/106X_mcRun2_asymptotic_v17-v2/2520000/9B05AA2C-46EA-0C4A-8279-CFFD2CBC5ED3.root
%MSG-w XrdAdaptor:  file_open 10-Jan-2024 22:21:22 CET PostProcessEvent
Data is served from fnal.gov instead of original site US-Regional-Nebraska
%MSG
10-Jan-2024 22:21:23 CET  Successfully opened file root://cmsxrootd.fnal.gov//store/mc/RunIISummer20UL16MiniAODv2/DiPhotonJetsBox_M40_80-sherpa/MINIAODSIM/106X_mcRun2_asymptotic_v17-v2/2520000/9B05AA2C-46EA-0C4A-8279-CFFD2CBC5ED3.root
10-Jan-2024 22:21:27 CET  Closed file root://cmsxrootd.fnal.gov//store/mc/RunIISummer20UL16MiniAODv2/DiPhotonJetsBox_M40_80-sherpa/MINIAODSIM/106X_mcRun2_asymptotic_v17-v2/2520000/9B05AA2C-46EA-0C4A-8279-CFFD2CBC5ED3.root
10-Jan-2024 22:21:27 CET  Initiating request to open file root://cmsxrootd.fnal.gov//store/mc/RunIISummer20UL16MiniAODv2/DiPhotonJetsBox_M40_80-sherpa/MINIAODSIM/106X_mcRun2_asymptotic_v17-v2/2520000/5A44DA5D-64A9-8A47-8073-8319181C1735.root
%MSG-w XrdAdaptor:  file_open 10-Jan-2024 22:21:30 CET PostProcessEvent
Data is served from fnal.gov instead of original site US-Regional-Nebraska
%MSG
10-Jan-2024 22:21:31 CET  Successfully opened file root://cmsxrootd.fnal.gov//store/mc/RunIISummer20UL16MiniAODv2/DiPhotonJetsBox_M40_80-sherpa/MINIAODSIM/106X_mcRun2_asymptotic_v17-v2/2520000/5A44DA5D-64A9-8A47-8073-8319181C1735.root
Begin processing the 1000001st record. Run 1, Event 2252012, LumiSection 2253 on stream 0 at 10-Jan-2024 22:21:37.675 CET
10-Jan-2024 22:21:38 CET  Closed file root://cmsxrootd.fnal.gov//store/mc/RunIISummer20UL16MiniAODv2/DiPhotonJetsBox_M40_80-sherpa/MINIAODSIM/106X_mcRun2_asymptotic_v17-v2/2520000/5A44DA5D-64A9-8A47-8073-8319181C1735.root
10-Jan-2024 22:21:38 CET  Initiating request to open file root://cmsxrootd.fnal.gov//store/mc/RunIISummer20UL16MiniAODv2/DiPhotonJetsBox_M40_80-sherpa/MINIAODSIM/106X_mcRun2_asymptotic_v17-v2/2520000/36A77247-D766-EA4D-B155-8CF165F6D6A1.root
%MSG-w XrdAdaptor:  file_open 10-Jan-2024 22:21:40 CET PostProcessEvent
Data is served from fnal.gov instead of original site US-Regional-Nebraska
%MSG
10-Jan-2024 22:21:40 CET  Successfully opened file root://cmsxrootd.fnal.gov//store/mc/RunIISummer20UL16MiniAODv2/DiPhotonJetsBox_M40_80-sherpa/MINIAODSIM/106X_mcRun2_asymptotic_v17-v2/2520000/36A77247-D766-EA4D-B155-8CF165F6D6A1.root
10-Jan-2024 22:22:16 CET  Closed file root://cmsxrootd.fnal.gov//store/mc/RunIISummer20UL16MiniAODv2/DiPhotonJetsBox_M40_80-sherpa/MINIAODSIM/106X_mcRun2_asymptotic_v17-v2/2520000/36A77247-D766-EA4D-B155-8CF165F6D6A1.root
10-Jan-2024 22:22:16 CET  Initiating request to open file root://cmsxrootd.fnal.gov//store/mc/RunIISummer20UL16MiniAODv2/DiPhotonJetsBox_M40_80-sherpa/MINIAODSIM/106X_mcRun2_asymptotic_v17-v2/2520000/6F7AE979-CEA7-B946-B84C-6E2ECC1BFD62.root
%MSG-w XrdAdaptor:  file_open 10-Jan-2024 22:22:18 CET PostProcessEvent
Data is served from fnal.gov instead of original site US-Regional-Nebraska
%MSG
10-Jan-2024 22:22:19 CET  Successfully opened file root://cmsxrootd.fnal.gov//store/mc/RunIISummer20UL16MiniAODv2/DiPhotonJetsBox_M40_80-sherpa/MINIAODSIM/106X_mcRun2_asymptotic_v17-v2/2520000/6F7AE979-CEA7-B946-B84C-6E2ECC1BFD62.root
10-Jan-2024 22:22:43 CET  Closed file root://cmsxrootd.fnal.gov//store/mc/RunIISummer20UL16MiniAODv2/DiPhotonJetsBox_M40_80-sherpa/MINIAODSIM/106X_mcRun2_asymptotic_v17-v2/2520000/6F7AE979-CEA7-B946-B84C-6E2ECC1BFD62.root
10-Jan-2024 22:22:43 CET  Initiating request to open file root://cmsxrootd.fnal.gov//store/mc/RunIISummer20UL16MiniAODv2/DiPhotonJetsBox_M40_80-sherpa/MINIAODSIM/106X_mcRun2_asymptotic_v17-v2/2520000/02F90512-E6D7-0A4A-9B50-319ED6A3C789.root
%MSG-w XrdAdaptor:  file_open 10-Jan-2024 22:22:47 CET PostProcessEvent
Data is served from T2_US_Nebraska instead of original site US-Regional-Nebraska
%MSG
10-Jan-2024 22:22:48 CET  Successfully opened file root://cmsxrootd.fnal.gov//store/mc/RunIISummer20UL16MiniAODv2/DiPhotonJetsBox_M40_80-sherpa/MINIAODSIM/106X_mcRun2_asymptotic_v17-v2/2520000/02F90512-E6D7-0A4A-9B50-319ED6A3C789.root
Begin processing the 1100001st record. Run 1, Event 2172015, LumiSection 2173 on stream 0 at 10-Jan-2024 22:23:00.674 CET
10-Jan-2024 22:23:01 CET  Closed file root://cmsxrootd.fnal.gov//store/mc/RunIISummer20UL16MiniAODv2/DiPhotonJetsBox_M40_80-sherpa/MINIAODSIM/106X_mcRun2_asymptotic_v17-v2/2520000/02F90512-E6D7-0A4A-9B50-319ED6A3C789.root
10-Jan-2024 22:23:01 CET  Initiating request to open file root://cmsxrootd.fnal.gov//store/mc/RunIISummer20UL16MiniAODv2/DiPhotonJetsBox_M40_80-sherpa/MINIAODSIM/106X_mcRun2_asymptotic_v17-v2/2520000/74514662-EA18-AD4A-8859-DD765A2CD31E.root
%MSG-w XrdAdaptor:  file_open 10-Jan-2024 22:23:05 CET PostProcessEvent
Data is served from T2_US_Nebraska instead of original site US-Regional-Nebraska
%MSG
10-Jan-2024 22:23:07 CET  Successfully opened file root://cmsxrootd.fnal.gov//store/mc/RunIISummer20UL16MiniAODv2/DiPhotonJetsBox_M40_80-sherpa/MINIAODSIM/106X_mcRun2_asymptotic_v17-v2/2520000/74514662-EA18-AD4A-8859-DD765A2CD31E.root
10-Jan-2024 22:23:21 CET  Closed file root://cmsxrootd.fnal.gov//store/mc/RunIISummer20UL16MiniAODv2/DiPhotonJetsBox_M40_80-sherpa/MINIAODSIM/106X_mcRun2_asymptotic_v17-v2/2520000/74514662-EA18-AD4A-8859-DD765A2CD31E.root
10-Jan-2024 22:23:21 CET  Initiating request to open file root://cmsxrootd.fnal.gov//store/mc/RunIISummer20UL16MiniAODv2/DiPhotonJetsBox_M40_80-sherpa/MINIAODSIM/106X_mcRun2_asymptotic_v17-v2/2520000/1F892E4A-EFDE-4648-8817-E3EE9E1169AF.root
%MSG-w XrdAdaptor:  file_open 10-Jan-2024 22:23:24 CET PostProcessEvent
Data is served from T2_US_Nebraska instead of original site US-Regional-Nebraska
%MSG
10-Jan-2024 22:23:25 CET  Successfully opened file root://cmsxrootd.fnal.gov//store/mc/RunIISummer20UL16MiniAODv2/DiPhotonJetsBox_M40_80-sherpa/MINIAODSIM/106X_mcRun2_asymptotic_v17-v2/2520000/1F892E4A-EFDE-4648-8817-E3EE9E1169AF.root
10-Jan-2024 22:23:30 CET  Closed file root://cmsxrootd.fnal.gov//store/mc/RunIISummer20UL16MiniAODv2/DiPhotonJetsBox_M40_80-sherpa/MINIAODSIM/106X_mcRun2_asymptotic_v17-v2/2520000/1F892E4A-EFDE-4648-8817-E3EE9E1169AF.root
10-Jan-2024 22:23:30 CET  Initiating request to open file root://cmsxrootd.fnal.gov//store/mc/RunIISummer20UL16MiniAODv2/DiPhotonJetsBox_M40_80-sherpa/MINIAODSIM/106X_mcRun2_asymptotic_v17-v2/2520000/9F6A5AFC-4010-2344-8CBF-F6BCDA1840D0.root
%MSG-w XrdAdaptor:  file_open 10-Jan-2024 22:23:34 CET PostProcessEvent
Data is served from fnal.gov instead of original site US-Regional-Nebraska
%MSG
10-Jan-2024 22:23:36 CET  Successfully opened file root://cmsxrootd.fnal.gov//store/mc/RunIISummer20UL16MiniAODv2/DiPhotonJetsBox_M40_80-sherpa/MINIAODSIM/106X_mcRun2_asymptotic_v17-v2/2520000/9F6A5AFC-4010-2344-8CBF-F6BCDA1840D0.root
10-Jan-2024 22:24:07 CET  Closed file root://cmsxrootd.fnal.gov//store/mc/RunIISummer20UL16MiniAODv2/DiPhotonJetsBox_M40_80-sherpa/MINIAODSIM/106X_mcRun2_asymptotic_v17-v2/2520000/9F6A5AFC-4010-2344-8CBF-F6BCDA1840D0.root
10-Jan-2024 22:24:07 CET  Initiating request to open file root://cmsxrootd.fnal.gov//store/mc/RunIISummer20UL16MiniAODv2/DiPhotonJetsBox_M40_80-sherpa/MINIAODSIM/106X_mcRun2_asymptotic_v17-v2/2520000/EC73C0E4-9A01-9548-8FC6-9B75BC214DF9.root
%MSG-w XrdAdaptor:  file_open 10-Jan-2024 22:24:10 CET PostProcessEvent
Data is served from fnal.gov instead of original site US-Regional-Nebraska
%MSG
10-Jan-2024 22:24:10 CET  Successfully opened file root://cmsxrootd.fnal.gov//store/mc/RunIISummer20UL16MiniAODv2/DiPhotonJetsBox_M40_80-sherpa/MINIAODSIM/106X_mcRun2_asymptotic_v17-v2/2520000/EC73C0E4-9A01-9548-8FC6-9B75BC214DF9.root
Begin processing the 1200001st record. Run 1, Event 65011, LumiSection 66 on stream 0 at 10-Jan-2024 22:24:24.567 CET
10-Jan-2024 22:24:27 CET  Closed file root://cmsxrootd.fnal.gov//store/mc/RunIISummer20UL16MiniAODv2/DiPhotonJetsBox_M40_80-sherpa/MINIAODSIM/106X_mcRun2_asymptotic_v17-v2/2520000/EC73C0E4-9A01-9548-8FC6-9B75BC214DF9.root
10-Jan-2024 22:24:27 CET  Initiating request to open file root://cmsxrootd.fnal.gov//store/mc/RunIISummer20UL16MiniAODv2/DiPhotonJetsBox_M40_80-sherpa/MINIAODSIM/106X_mcRun2_asymptotic_v17-v2/2520000/0DF1B30B-18BD-9842-8B70-3674AED85901.root
%MSG-w XrdAdaptor:  file_open 10-Jan-2024 22:24:30 CET PostProcessEvent
Data is served from fnal.gov instead of original site US-Regional-Nebraska
%MSG
10-Jan-2024 22:24:30 CET  Successfully opened file root://cmsxrootd.fnal.gov//store/mc/RunIISummer20UL16MiniAODv2/DiPhotonJetsBox_M40_80-sherpa/MINIAODSIM/106X_mcRun2_asymptotic_v17-v2/2520000/0DF1B30B-18BD-9842-8B70-3674AED85901.root
10-Jan-2024 22:24:40 CET  Closed file root://cmsxrootd.fnal.gov//store/mc/RunIISummer20UL16MiniAODv2/DiPhotonJetsBox_M40_80-sherpa/MINIAODSIM/106X_mcRun2_asymptotic_v17-v2/2520000/0DF1B30B-18BD-9842-8B70-3674AED85901.root
10-Jan-2024 22:24:40 CET  Initiating request to open file root://cmsxrootd.fnal.gov//store/mc/RunIISummer20UL16MiniAODv2/DiPhotonJetsBox_M40_80-sherpa/MINIAODSIM/106X_mcRun2_asymptotic_v17-v2/2520000/50A258C9-F2F9-CB49-BC81-F8E2F82BF2FD.root
%MSG-w XrdAdaptor:  file_open 10-Jan-2024 22:24:43 CET PostProcessEvent
Data is served from fnal.gov instead of original site US-Regional-Nebraska
%MSG
10-Jan-2024 22:24:43 CET  Successfully opened file root://cmsxrootd.fnal.gov//store/mc/RunIISummer20UL16MiniAODv2/DiPhotonJetsBox_M40_80-sherpa/MINIAODSIM/106X_mcRun2_asymptotic_v17-v2/2520000/50A258C9-F2F9-CB49-BC81-F8E2F82BF2FD.root
Begin processing the 1300001st record. Run 1, Event 261011, LumiSection 262 on stream 0 at 10-Jan-2024 22:24:50.903 CET
10-Jan-2024 22:24:52 CET  Closed file root://cmsxrootd.fnal.gov//store/mc/RunIISummer20UL16MiniAODv2/DiPhotonJetsBox_M40_80-sherpa/MINIAODSIM/106X_mcRun2_asymptotic_v17-v2/2520000/50A258C9-F2F9-CB49-BC81-F8E2F82BF2FD.root
10-Jan-2024 22:24:52 CET  Initiating request to open file root://cmsxrootd.fnal.gov//store/mc/RunIISummer20UL16MiniAODv2/DiPhotonJetsBox_M40_80-sherpa/MINIAODSIM/106X_mcRun2_asymptotic_v17-v2/2520000/D1889EE7-F083-B042-841C-40137D8E76C0.root
%MSG-w XrdAdaptor:  file_open 10-Jan-2024 22:24:54 CET PostProcessEvent
Data is served from fnal.gov instead of original site US-Regional-Nebraska
%MSG
10-Jan-2024 22:24:55 CET  Successfully opened file root://cmsxrootd.fnal.gov//store/mc/RunIISummer20UL16MiniAODv2/DiPhotonJetsBox_M40_80-sherpa/MINIAODSIM/106X_mcRun2_asymptotic_v17-v2/2520000/D1889EE7-F083-B042-841C-40137D8E76C0.root
10-Jan-2024 22:24:59 CET  Closed file root://cmsxrootd.fnal.gov//store/mc/RunIISummer20UL16MiniAODv2/DiPhotonJetsBox_M40_80-sherpa/MINIAODSIM/106X_mcRun2_asymptotic_v17-v2/2520000/D1889EE7-F083-B042-841C-40137D8E76C0.root
10-Jan-2024 22:24:59 CET  Initiating request to open file root://cmsxrootd.fnal.gov//store/mc/RunIISummer20UL16MiniAODv2/DiPhotonJetsBox_M40_80-sherpa/MINIAODSIM/106X_mcRun2_asymptotic_v17-v2/2520000/26DB6E8E-0864-F247-886F-9A85E4755528.root
%MSG-w XrdAdaptor:  file_open 10-Jan-2024 22:25:02 CET PostProcessEvent
Data is served from fnal.gov instead of original site US-Regional-Nebraska
%MSG
10-Jan-2024 22:25:03 CET  Successfully opened file root://cmsxrootd.fnal.gov//store/mc/RunIISummer20UL16MiniAODv2/DiPhotonJetsBox_M40_80-sherpa/MINIAODSIM/106X_mcRun2_asymptotic_v17-v2/2520000/26DB6E8E-0864-F247-886F-9A85E4755528.root
10-Jan-2024 22:25:26 CET  Closed file root://cmsxrootd.fnal.gov//store/mc/RunIISummer20UL16MiniAODv2/DiPhotonJetsBox_M40_80-sherpa/MINIAODSIM/106X_mcRun2_asymptotic_v17-v2/2520000/26DB6E8E-0864-F247-886F-9A85E4755528.root
10-Jan-2024 22:25:26 CET  Initiating request to open file root://cmsxrootd.fnal.gov//store/mc/RunIISummer20UL16MiniAODv2/DiPhotonJetsBox_M40_80-sherpa/MINIAODSIM/106X_mcRun2_asymptotic_v17-v2/2520000/B09FC80D-9587-7845-8182-F2E658983478.root
%MSG-w XrdAdaptor:  file_open 10-Jan-2024 22:25:28 CET PostProcessEvent
Data is served from fnal.gov instead of original site US-Regional-Nebraska
%MSG
10-Jan-2024 22:25:29 CET  Successfully opened file root://cmsxrootd.fnal.gov//store/mc/RunIISummer20UL16MiniAODv2/DiPhotonJetsBox_M40_80-sherpa/MINIAODSIM/106X_mcRun2_asymptotic_v17-v2/2520000/B09FC80D-9587-7845-8182-F2E658983478.root
10-Jan-2024 22:25:34 CET  Closed file root://cmsxrootd.fnal.gov//store/mc/RunIISummer20UL16MiniAODv2/DiPhotonJetsBox_M40_80-sherpa/MINIAODSIM/106X_mcRun2_asymptotic_v17-v2/2520000/B09FC80D-9587-7845-8182-F2E658983478.root
10-Jan-2024 22:25:34 CET  Initiating request to open file root://cmsxrootd.fnal.gov//store/mc/RunIISummer20UL16MiniAODv2/DiPhotonJetsBox_M40_80-sherpa/MINIAODSIM/106X_mcRun2_asymptotic_v17-v2/2520000/4F6BFDC6-0CF6-1140-9585-2AC1409D3A19.root
%MSG-w XrdAdaptor:  file_open 10-Jan-2024 22:25:37 CET PostProcessEvent
Data is served from T2_US_Nebraska instead of original site US-Regional-Nebraska
%MSG
10-Jan-2024 22:25:39 CET  Successfully opened file root://cmsxrootd.fnal.gov//store/mc/RunIISummer20UL16MiniAODv2/DiPhotonJetsBox_M40_80-sherpa/MINIAODSIM/106X_mcRun2_asymptotic_v17-v2/2520000/4F6BFDC6-0CF6-1140-9585-2AC1409D3A19.root
10-Jan-2024 22:25:47 CET  Closed file root://cmsxrootd.fnal.gov//store/mc/RunIISummer20UL16MiniAODv2/DiPhotonJetsBox_M40_80-sherpa/MINIAODSIM/106X_mcRun2_asymptotic_v17-v2/2520000/4F6BFDC6-0CF6-1140-9585-2AC1409D3A19.root
10-Jan-2024 22:25:47 CET  Initiating request to open file root://cmsxrootd.fnal.gov//store/mc/RunIISummer20UL16MiniAODv2/DiPhotonJetsBox_M40_80-sherpa/MINIAODSIM/106X_mcRun2_asymptotic_v17-v2/2520000/5579EFE0-CF6A-DB45-9767-2DD14B4E1CE4.root
%MSG-w XrdAdaptor:  file_open 10-Jan-2024 22:25:50 CET PostProcessEvent
Data is served from T2_US_Nebraska instead of original site US-Regional-Nebraska
%MSG
10-Jan-2024 22:25:51 CET  Successfully opened file root://cmsxrootd.fnal.gov//store/mc/RunIISummer20UL16MiniAODv2/DiPhotonJetsBox_M40_80-sherpa/MINIAODSIM/106X_mcRun2_asymptotic_v17-v2/2520000/5579EFE0-CF6A-DB45-9767-2DD14B4E1CE4.root
10-Jan-2024 22:25:56 CET  Closed file root://cmsxrootd.fnal.gov//store/mc/RunIISummer20UL16MiniAODv2/DiPhotonJetsBox_M40_80-sherpa/MINIAODSIM/106X_mcRun2_asymptotic_v17-v2/2520000/5579EFE0-CF6A-DB45-9767-2DD14B4E1CE4.root
10-Jan-2024 22:25:56 CET  Initiating request to open file root://cmsxrootd.fnal.gov//store/mc/RunIISummer20UL16MiniAODv2/DiPhotonJetsBox_M40_80-sherpa/MINIAODSIM/106X_mcRun2_asymptotic_v17-v2/2520000/D044F1FD-9C1F-7C4C-A03C-0DE49AD04C38.root
%MSG-w XrdAdaptor:  file_open 10-Jan-2024 22:26:00 CET PostProcessEvent
Data is served from fnal.gov instead of original site US-Regional-Nebraska
%MSG
10-Jan-2024 22:26:02 CET  Successfully opened file root://cmsxrootd.fnal.gov//store/mc/RunIISummer20UL16MiniAODv2/DiPhotonJetsBox_M40_80-sherpa/MINIAODSIM/106X_mcRun2_asymptotic_v17-v2/2520000/D044F1FD-9C1F-7C4C-A03C-0DE49AD04C38.root
10-Jan-2024 22:26:08 CET  Closed file root://cmsxrootd.fnal.gov//store/mc/RunIISummer20UL16MiniAODv2/DiPhotonJetsBox_M40_80-sherpa/MINIAODSIM/106X_mcRun2_asymptotic_v17-v2/2520000/D044F1FD-9C1F-7C4C-A03C-0DE49AD04C38.root
10-Jan-2024 22:26:08 CET  Initiating request to open file root://cmsxrootd.fnal.gov//store/mc/RunIISummer20UL16MiniAODv2/DiPhotonJetsBox_M40_80-sherpa/MINIAODSIM/106X_mcRun2_asymptotic_v17-v2/2520000/942DADFA-1C4F-3E4B-85E3-C8D48111EF0B.root
%MSG-w XrdAdaptor:  file_open 10-Jan-2024 22:26:10 CET PostProcessEvent
Data is served from fnal.gov instead of original site US-Regional-Nebraska
%MSG
10-Jan-2024 22:26:11 CET  Successfully opened file root://cmsxrootd.fnal.gov//store/mc/RunIISummer20UL16MiniAODv2/DiPhotonJetsBox_M40_80-sherpa/MINIAODSIM/106X_mcRun2_asymptotic_v17-v2/2520000/942DADFA-1C4F-3E4B-85E3-C8D48111EF0B.root
Begin processing the 1400001st record. Run 1, Event 391004, LumiSection 392 on stream 0 at 10-Jan-2024 22:26:19.712 CET
10-Jan-2024 22:26:21 CET  Closed file root://cmsxrootd.fnal.gov//store/mc/RunIISummer20UL16MiniAODv2/DiPhotonJetsBox_M40_80-sherpa/MINIAODSIM/106X_mcRun2_asymptotic_v17-v2/2520000/942DADFA-1C4F-3E4B-85E3-C8D48111EF0B.root
10-Jan-2024 22:26:21 CET  Initiating request to open file root://cmsxrootd.fnal.gov//store/mc/RunIISummer20UL16MiniAODv2/DiPhotonJetsBox_M40_80-sherpa/MINIAODSIM/106X_mcRun2_asymptotic_v17-v2/2520000/00CE5E78-2EBA-F643-A5F7-0E7CE1A3E440.root
%MSG-w XrdAdaptor:  file_open 10-Jan-2024 22:26:24 CET PostProcessEvent
Data is served from fnal.gov instead of original site US-Regional-Nebraska
%MSG
10-Jan-2024 22:26:25 CET  Successfully opened file root://cmsxrootd.fnal.gov//store/mc/RunIISummer20UL16MiniAODv2/DiPhotonJetsBox_M40_80-sherpa/MINIAODSIM/106X_mcRun2_asymptotic_v17-v2/2520000/00CE5E78-2EBA-F643-A5F7-0E7CE1A3E440.root
10-Jan-2024 22:26:53 CET  Closed file root://cmsxrootd.fnal.gov//store/mc/RunIISummer20UL16MiniAODv2/DiPhotonJetsBox_M40_80-sherpa/MINIAODSIM/106X_mcRun2_asymptotic_v17-v2/2520000/00CE5E78-2EBA-F643-A5F7-0E7CE1A3E440.root
10-Jan-2024 22:26:53 CET  Initiating request to open file root://cmsxrootd.fnal.gov//store/mc/RunIISummer20UL16MiniAODv2/DiPhotonJetsBox_M40_80-sherpa/MINIAODSIM/106X_mcRun2_asymptotic_v17-v2/2520000/15DBACED-6F85-2544-8B2B-B992B4AE422B.root
%MSG-w XrdAdaptor:  file_open 10-Jan-2024 22:26:55 CET PostProcessEvent
Data is served from fnal.gov instead of original site US-Regional-Nebraska
%MSG
10-Jan-2024 22:26:56 CET  Successfully opened file root://cmsxrootd.fnal.gov//store/mc/RunIISummer20UL16MiniAODv2/DiPhotonJetsBox_M40_80-sherpa/MINIAODSIM/106X_mcRun2_asymptotic_v17-v2/2520000/15DBACED-6F85-2544-8B2B-B992B4AE422B.root
10-Jan-2024 22:27:05 CET  Closed file root://cmsxrootd.fnal.gov//store/mc/RunIISummer20UL16MiniAODv2/DiPhotonJetsBox_M40_80-sherpa/MINIAODSIM/106X_mcRun2_asymptotic_v17-v2/2520000/15DBACED-6F85-2544-8B2B-B992B4AE422B.root
10-Jan-2024 22:27:05 CET  Initiating request to open file root://cmsxrootd.fnal.gov//store/mc/RunIISummer20UL16MiniAODv2/DiPhotonJetsBox_M40_80-sherpa/MINIAODSIM/106X_mcRun2_asymptotic_v17-v2/2530000/B42990A2-D4F8-A54F-98D2-8A0D6148C027.root
%MSG-w XrdAdaptor:  file_open 10-Jan-2024 22:27:06 CET PostProcessEvent
Data is served from fnal.gov instead of original site US-Regional-Nebraska
%MSG
10-Jan-2024 22:27:07 CET  Successfully opened file root://cmsxrootd.fnal.gov//store/mc/RunIISummer20UL16MiniAODv2/DiPhotonJetsBox_M40_80-sherpa/MINIAODSIM/106X_mcRun2_asymptotic_v17-v2/2530000/B42990A2-D4F8-A54F-98D2-8A0D6148C027.root
Begin processing the 1500001st record. Run 1, Event 1000014, LumiSection 1001 on stream 0 at 10-Jan-2024 22:27:50.702 CET
10-Jan-2024 22:27:56 CET  Closed file root://cmsxrootd.fnal.gov//store/mc/RunIISummer20UL16MiniAODv2/DiPhotonJetsBox_M40_80-sherpa/MINIAODSIM/106X_mcRun2_asymptotic_v17-v2/2530000/B42990A2-D4F8-A54F-98D2-8A0D6148C027.root
10-Jan-2024 22:27:56 CET  Initiating request to open file root://cmsxrootd.fnal.gov//store/mc/RunIISummer20UL16MiniAODv2/DiPhotonJetsBox_M40_80-sherpa/MINIAODSIM/106X_mcRun2_asymptotic_v17-v2/2530000/A743B8B9-D06E-6949-A1EA-58A39E9BA271.root
%MSG-w XrdAdaptor:  file_open 10-Jan-2024 22:27:59 CET PostProcessEvent
Data is served from fnal.gov instead of original site US-Regional-Nebraska
%MSG
10-Jan-2024 22:27:59 CET  Successfully opened file root://cmsxrootd.fnal.gov//store/mc/RunIISummer20UL16MiniAODv2/DiPhotonJetsBox_M40_80-sherpa/MINIAODSIM/106X_mcRun2_asymptotic_v17-v2/2530000/A743B8B9-D06E-6949-A1EA-58A39E9BA271.root
Begin processing the 1600001st record. Run 1, Event 1592019, LumiSection 1593 on stream 0 at 10-Jan-2024 22:28:30.450 CET
10-Jan-2024 22:28:30 CET  Closed file root://cmsxrootd.fnal.gov//store/mc/RunIISummer20UL16MiniAODv2/DiPhotonJetsBox_M40_80-sherpa/MINIAODSIM/106X_mcRun2_asymptotic_v17-v2/2530000/A743B8B9-D06E-6949-A1EA-58A39E9BA271.root
10-Jan-2024 22:28:30 CET  Initiating request to open file root://cmsxrootd.fnal.gov//store/mc/RunIISummer20UL16MiniAODv2/DiPhotonJetsBox_M40_80-sherpa/MINIAODSIM/106X_mcRun2_asymptotic_v17-v2/2530000/9A46E316-5934-E547-922A-43E3EE4813AB.root
%MSG-w XrdAdaptor:  file_open 10-Jan-2024 22:28:32 CET PostProcessEvent
Data is served from fnal.gov instead of original site US-Regional-Nebraska
%MSG
10-Jan-2024 22:28:33 CET  Successfully opened file root://cmsxrootd.fnal.gov//store/mc/RunIISummer20UL16MiniAODv2/DiPhotonJetsBox_M40_80-sherpa/MINIAODSIM/106X_mcRun2_asymptotic_v17-v2/2530000/9A46E316-5934-E547-922A-43E3EE4813AB.root
10-Jan-2024 22:29:09 CET  Closed file root://cmsxrootd.fnal.gov//store/mc/RunIISummer20UL16MiniAODv2/DiPhotonJetsBox_M40_80-sherpa/MINIAODSIM/106X_mcRun2_asymptotic_v17-v2/2530000/9A46E316-5934-E547-922A-43E3EE4813AB.root
10-Jan-2024 22:29:09 CET  Initiating request to open file root://cmsxrootd.fnal.gov//store/mc/RunIISummer20UL16MiniAODv2/DiPhotonJetsBox_M40_80-sherpa/MINIAODSIM/106X_mcRun2_asymptotic_v17-v2/2530000/90212EE0-AA8B-504D-A646-AEDB29B33500.root
%MSG-w XrdAdaptor:  file_open 10-Jan-2024 22:29:11 CET PostProcessEvent
Data is served from fnal.gov instead of original site US-Regional-Nebraska
%MSG
10-Jan-2024 22:29:12 CET  Successfully opened file root://cmsxrootd.fnal.gov//store/mc/RunIISummer20UL16MiniAODv2/DiPhotonJetsBox_M40_80-sherpa/MINIAODSIM/106X_mcRun2_asymptotic_v17-v2/2530000/90212EE0-AA8B-504D-A646-AEDB29B33500.root
10-Jan-2024 22:29:16 CET  Closed file root://cmsxrootd.fnal.gov//store/mc/RunIISummer20UL16MiniAODv2/DiPhotonJetsBox_M40_80-sherpa/MINIAODSIM/106X_mcRun2_asymptotic_v17-v2/2530000/90212EE0-AA8B-504D-A646-AEDB29B33500.root
10-Jan-2024 22:29:16 CET  Initiating request to open file root://cmsxrootd.fnal.gov//store/mc/RunIISummer20UL16MiniAODv2/DiPhotonJetsBox_M40_80-sherpa/MINIAODSIM/106X_mcRun2_asymptotic_v17-v2/2530000/109B3880-65B0-A542-8BE3-38B7C42D3009.root
%MSG-w XrdAdaptor:  file_open 10-Jan-2024 22:29:20 CET PostProcessEvent
Data is served from T2_US_Nebraska instead of original site US-Regional-Nebraska
%MSG
10-Jan-2024 22:29:21 CET  Successfully opened file root://cmsxrootd.fnal.gov//store/mc/RunIISummer20UL16MiniAODv2/DiPhotonJetsBox_M40_80-sherpa/MINIAODSIM/106X_mcRun2_asymptotic_v17-v2/2530000/109B3880-65B0-A542-8BE3-38B7C42D3009.root
10-Jan-2024 22:29:30 CET  Closed file root://cmsxrootd.fnal.gov//store/mc/RunIISummer20UL16MiniAODv2/DiPhotonJetsBox_M40_80-sherpa/MINIAODSIM/106X_mcRun2_asymptotic_v17-v2/2530000/109B3880-65B0-A542-8BE3-38B7C42D3009.root
10-Jan-2024 22:29:30 CET  Initiating request to open file root://cmsxrootd.fnal.gov//store/mc/RunIISummer20UL16MiniAODv2/DiPhotonJetsBox_M40_80-sherpa/MINIAODSIM/106X_mcRun2_asymptotic_v17-v2/2530000/36FBC50F-457C-5C4C-9C4E-649C1FCAFD56.root
%MSG-w XrdAdaptor:  file_open 10-Jan-2024 22:29:32 CET PostProcessEvent
Data is served from fnal.gov instead of original site US-Regional-Nebraska
%MSG
10-Jan-2024 22:29:32 CET  Successfully opened file root://cmsxrootd.fnal.gov//store/mc/RunIISummer20UL16MiniAODv2/DiPhotonJetsBox_M40_80-sherpa/MINIAODSIM/106X_mcRun2_asymptotic_v17-v2/2530000/36FBC50F-457C-5C4C-9C4E-649C1FCAFD56.root
Begin processing the 1700001st record. Run 1, Event 1379015, LumiSection 1380 on stream 0 at 10-Jan-2024 22:29:37.749 CET
10-Jan-2024 22:29:38 CET  Closed file root://cmsxrootd.fnal.gov//store/mc/RunIISummer20UL16MiniAODv2/DiPhotonJetsBox_M40_80-sherpa/MINIAODSIM/106X_mcRun2_asymptotic_v17-v2/2530000/36FBC50F-457C-5C4C-9C4E-649C1FCAFD56.root
10-Jan-2024 22:29:38 CET  Initiating request to open file root://cmsxrootd.fnal.gov//store/mc/RunIISummer20UL16MiniAODv2/DiPhotonJetsBox_M40_80-sherpa/MINIAODSIM/106X_mcRun2_asymptotic_v17-v2/2530000/FFE36DC8-3156-0940-86BC-1612A41D51BD.root
%MSG-w XrdAdaptor:  file_open 10-Jan-2024 22:29:40 CET PostProcessEvent
Data is served from fnal.gov instead of original site US-Regional-Nebraska
%MSG
10-Jan-2024 22:29:40 CET  Successfully opened file root://cmsxrootd.fnal.gov//store/mc/RunIISummer20UL16MiniAODv2/DiPhotonJetsBox_M40_80-sherpa/MINIAODSIM/106X_mcRun2_asymptotic_v17-v2/2530000/FFE36DC8-3156-0940-86BC-1612A41D51BD.root
10-Jan-2024 22:29:51 CET  Closed file root://cmsxrootd.fnal.gov//store/mc/RunIISummer20UL16MiniAODv2/DiPhotonJetsBox_M40_80-sherpa/MINIAODSIM/106X_mcRun2_asymptotic_v17-v2/2530000/FFE36DC8-3156-0940-86BC-1612A41D51BD.root
10-Jan-2024 22:29:51 CET  Initiating request to open file root://cmsxrootd.fnal.gov//store/mc/RunIISummer20UL16MiniAODv2/DiPhotonJetsBox_M40_80-sherpa/MINIAODSIM/106X_mcRun2_asymptotic_v17-v2/2530000/6F0C87C6-4764-DE42-9514-91CA3D9974DC.root
%MSG-w XrdAdaptor:  file_open 10-Jan-2024 22:29:54 CET PostProcessEvent
Data is served from fnal.gov instead of original site US-Regional-Nebraska
%MSG
10-Jan-2024 22:29:54 CET  Successfully opened file root://cmsxrootd.fnal.gov//store/mc/RunIISummer20UL16MiniAODv2/DiPhotonJetsBox_M40_80-sherpa/MINIAODSIM/106X_mcRun2_asymptotic_v17-v2/2530000/6F0C87C6-4764-DE42-9514-91CA3D9974DC.root
10-Jan-2024 22:30:00 CET  Closed file root://cmsxrootd.fnal.gov//store/mc/RunIISummer20UL16MiniAODv2/DiPhotonJetsBox_M40_80-sherpa/MINIAODSIM/106X_mcRun2_asymptotic_v17-v2/2530000/6F0C87C6-4764-DE42-9514-91CA3D9974DC.root
10-Jan-2024 22:30:00 CET  Initiating request to open file root://cmsxrootd.fnal.gov//store/mc/RunIISummer20UL16MiniAODv2/DiPhotonJetsBox_M40_80-sherpa/MINIAODSIM/106X_mcRun2_asymptotic_v17-v2/2530000/90CF02D1-0DEA-454A-850A-D8C64CC1EBF8.root
%MSG-w XrdAdaptor:  file_open 10-Jan-2024 22:30:03 CET PostProcessEvent
Data is served from T2_US_Nebraska instead of original site US-Regional-Nebraska
%MSG
10-Jan-2024 22:30:04 CET  Successfully opened file root://cmsxrootd.fnal.gov//store/mc/RunIISummer20UL16MiniAODv2/DiPhotonJetsBox_M40_80-sherpa/MINIAODSIM/106X_mcRun2_asymptotic_v17-v2/2530000/90CF02D1-0DEA-454A-850A-D8C64CC1EBF8.root
10-Jan-2024 22:30:08 CET  Closed file root://cmsxrootd.fnal.gov//store/mc/RunIISummer20UL16MiniAODv2/DiPhotonJetsBox_M40_80-sherpa/MINIAODSIM/106X_mcRun2_asymptotic_v17-v2/2530000/90CF02D1-0DEA-454A-850A-D8C64CC1EBF8.root
10-Jan-2024 22:30:08 CET  Initiating request to open file root://cmsxrootd.fnal.gov//store/mc/RunIISummer20UL16MiniAODv2/DiPhotonJetsBox_M40_80-sherpa/MINIAODSIM/106X_mcRun2_asymptotic_v17-v2/2530000/120A4C5D-EB7E-C346-9D6D-7033C1BE1950.root
%MSG-w XrdAdaptor:  file_open 10-Jan-2024 22:30:11 CET PostProcessEvent
Data is served from fnal.gov instead of original site US-Regional-Nebraska
%MSG
10-Jan-2024 22:30:11 CET  Successfully opened file root://cmsxrootd.fnal.gov//store/mc/RunIISummer20UL16MiniAODv2/DiPhotonJetsBox_M40_80-sherpa/MINIAODSIM/106X_mcRun2_asymptotic_v17-v2/2530000/120A4C5D-EB7E-C346-9D6D-7033C1BE1950.root
10-Jan-2024 22:30:57 CET  Closed file root://cmsxrootd.fnal.gov//store/mc/RunIISummer20UL16MiniAODv2/DiPhotonJetsBox_M40_80-sherpa/MINIAODSIM/106X_mcRun2_asymptotic_v17-v2/2530000/120A4C5D-EB7E-C346-9D6D-7033C1BE1950.root
10-Jan-2024 22:30:57 CET  Initiating request to open file root://cmsxrootd.fnal.gov//store/mc/RunIISummer20UL16MiniAODv2/DiPhotonJetsBox_M40_80-sherpa/MINIAODSIM/106X_mcRun2_asymptotic_v17-v2/2530000/8DE8794E-19E7-DE47-936B-5E65F32A6267.root
%MSG-w XrdAdaptor:  file_open 10-Jan-2024 22:31:00 CET PostProcessEvent
Data is served from fnal.gov instead of original site US-Regional-Nebraska
%MSG
10-Jan-2024 22:31:00 CET  Successfully opened file root://cmsxrootd.fnal.gov//store/mc/RunIISummer20UL16MiniAODv2/DiPhotonJetsBox_M40_80-sherpa/MINIAODSIM/106X_mcRun2_asymptotic_v17-v2/2530000/8DE8794E-19E7-DE47-936B-5E65F32A6267.root
10-Jan-2024 22:31:10 CET  Closed file root://cmsxrootd.fnal.gov//store/mc/RunIISummer20UL16MiniAODv2/DiPhotonJetsBox_M40_80-sherpa/MINIAODSIM/106X_mcRun2_asymptotic_v17-v2/2530000/8DE8794E-19E7-DE47-936B-5E65F32A6267.root
10-Jan-2024 22:31:10 CET  Initiating request to open file root://cmsxrootd.fnal.gov//store/mc/RunIISummer20UL16MiniAODv2/DiPhotonJetsBox_M40_80-sherpa/MINIAODSIM/106X_mcRun2_asymptotic_v17-v2/2530000/61641225-CCFD-FF42-9F60-0C337CD5D02C.root
%MSG-w XrdAdaptor:  file_open 10-Jan-2024 22:31:13 CET PostProcessEvent
Data is served from fnal.gov instead of original site US-Regional-Nebraska
%MSG
10-Jan-2024 22:31:13 CET  Successfully opened file root://cmsxrootd.fnal.gov//store/mc/RunIISummer20UL16MiniAODv2/DiPhotonJetsBox_M40_80-sherpa/MINIAODSIM/106X_mcRun2_asymptotic_v17-v2/2530000/61641225-CCFD-FF42-9F60-0C337CD5D02C.root
Begin processing the 1800001st record. Run 1, Event 1448012, LumiSection 1449 on stream 0 at 10-Jan-2024 22:31:27.815 CET
10-Jan-2024 22:31:30 CET  Closed file root://cmsxrootd.fnal.gov//store/mc/RunIISummer20UL16MiniAODv2/DiPhotonJetsBox_M40_80-sherpa/MINIAODSIM/106X_mcRun2_asymptotic_v17-v2/2530000/61641225-CCFD-FF42-9F60-0C337CD5D02C.root
10-Jan-2024 22:31:30 CET  Initiating request to open file root://cmsxrootd.fnal.gov//store/mc/RunIISummer20UL16MiniAODv2/DiPhotonJetsBox_M40_80-sherpa/MINIAODSIM/106X_mcRun2_asymptotic_v17-v2/2530000/3BBE37B2-6629-2B47-9D6F-86DCA9FEAD42.root
%MSG-w XrdAdaptor:  file_open 10-Jan-2024 22:31:32 CET PostProcessEvent
Data is served from fnal.gov instead of original site US-Regional-Nebraska
%MSG
10-Jan-2024 22:31:32 CET  Successfully opened file root://cmsxrootd.fnal.gov//store/mc/RunIISummer20UL16MiniAODv2/DiPhotonJetsBox_M40_80-sherpa/MINIAODSIM/106X_mcRun2_asymptotic_v17-v2/2530000/3BBE37B2-6629-2B47-9D6F-86DCA9FEAD42.root
10-Jan-2024 22:31:39 CET  Closed file root://cmsxrootd.fnal.gov//store/mc/RunIISummer20UL16MiniAODv2/DiPhotonJetsBox_M40_80-sherpa/MINIAODSIM/106X_mcRun2_asymptotic_v17-v2/2530000/3BBE37B2-6629-2B47-9D6F-86DCA9FEAD42.root
10-Jan-2024 22:31:39 CET  Initiating request to open file root://cmsxrootd.fnal.gov//store/mc/RunIISummer20UL16MiniAODv2/DiPhotonJetsBox_M40_80-sherpa/MINIAODSIM/106X_mcRun2_asymptotic_v17-v2/2530000/A0AFEFF5-43F7-4842-95DC-E8864ED9769C.root
%MSG-w XrdAdaptor:  file_open 10-Jan-2024 22:31:43 CET PostProcessEvent
Data is served from fnal.gov instead of original site US-Regional-Nebraska
%MSG
10-Jan-2024 22:31:43 CET  Successfully opened file root://cmsxrootd.fnal.gov//store/mc/RunIISummer20UL16MiniAODv2/DiPhotonJetsBox_M40_80-sherpa/MINIAODSIM/106X_mcRun2_asymptotic_v17-v2/2530000/A0AFEFF5-43F7-4842-95DC-E8864ED9769C.root
10-Jan-2024 22:31:50 CET  Closed file root://cmsxrootd.fnal.gov//store/mc/RunIISummer20UL16MiniAODv2/DiPhotonJetsBox_M40_80-sherpa/MINIAODSIM/106X_mcRun2_asymptotic_v17-v2/2530000/A0AFEFF5-43F7-4842-95DC-E8864ED9769C.root
10-Jan-2024 22:31:50 CET  Initiating request to open file root://cmsxrootd.fnal.gov//store/mc/RunIISummer20UL16MiniAODv2/DiPhotonJetsBox_M40_80-sherpa/MINIAODSIM/106X_mcRun2_asymptotic_v17-v2/2530000/8F45D308-9E09-4243-AC0F-E75860476ACE.root
%MSG-w XrdAdaptor:  file_open 10-Jan-2024 22:31:52 CET PostProcessEvent
Data is served from fnal.gov instead of original site US-Regional-Nebraska
%MSG
10-Jan-2024 22:31:53 CET  Successfully opened file root://cmsxrootd.fnal.gov//store/mc/RunIISummer20UL16MiniAODv2/DiPhotonJetsBox_M40_80-sherpa/MINIAODSIM/106X_mcRun2_asymptotic_v17-v2/2530000/8F45D308-9E09-4243-AC0F-E75860476ACE.root
Begin processing the 1900001st record. Run 1, Event 1767019, LumiSection 1768 on stream 0 at 10-Jan-2024 22:32:14.114 CET
10-Jan-2024 22:32:15 CET  Closed file root://cmsxrootd.fnal.gov//store/mc/RunIISummer20UL16MiniAODv2/DiPhotonJetsBox_M40_80-sherpa/MINIAODSIM/106X_mcRun2_asymptotic_v17-v2/2530000/8F45D308-9E09-4243-AC0F-E75860476ACE.root
10-Jan-2024 22:32:15 CET  Initiating request to open file root://cmsxrootd.fnal.gov//store/mc/RunIISummer20UL16MiniAODv2/DiPhotonJetsBox_M40_80-sherpa/MINIAODSIM/106X_mcRun2_asymptotic_v17-v2/2530000/DC7D00E9-93CA-654D-A057-B4ADCE99027C.root
%MSG-w XrdAdaptor:  file_open 10-Jan-2024 22:32:17 CET PostProcessEvent
Data is served from fnal.gov instead of original site US-Regional-Nebraska
%MSG
10-Jan-2024 22:32:18 CET  Successfully opened file root://cmsxrootd.fnal.gov//store/mc/RunIISummer20UL16MiniAODv2/DiPhotonJetsBox_M40_80-sherpa/MINIAODSIM/106X_mcRun2_asymptotic_v17-v2/2530000/DC7D00E9-93CA-654D-A057-B4ADCE99027C.root
10-Jan-2024 22:32:29 CET  Closed file root://cmsxrootd.fnal.gov//store/mc/RunIISummer20UL16MiniAODv2/DiPhotonJetsBox_M40_80-sherpa/MINIAODSIM/106X_mcRun2_asymptotic_v17-v2/2530000/DC7D00E9-93CA-654D-A057-B4ADCE99027C.root
10-Jan-2024 22:32:29 CET  Initiating request to open file root://cmsxrootd.fnal.gov//store/mc/RunIISummer20UL16MiniAODv2/DiPhotonJetsBox_M40_80-sherpa/MINIAODSIM/106X_mcRun2_asymptotic_v17-v2/2530000/E89F2561-DD83-B245-A151-9B4F99FDB21A.root
%MSG-w XrdAdaptor:  file_open 10-Jan-2024 22:32:31 CET PostProcessEvent
Data is served from fnal.gov instead of original site US-Regional-Nebraska
%MSG
10-Jan-2024 22:32:32 CET  Successfully opened file root://cmsxrootd.fnal.gov//store/mc/RunIISummer20UL16MiniAODv2/DiPhotonJetsBox_M40_80-sherpa/MINIAODSIM/106X_mcRun2_asymptotic_v17-v2/2530000/E89F2561-DD83-B245-A151-9B4F99FDB21A.root
10-Jan-2024 22:32:44 CET  Closed file root://cmsxrootd.fnal.gov//store/mc/RunIISummer20UL16MiniAODv2/DiPhotonJetsBox_M40_80-sherpa/MINIAODSIM/106X_mcRun2_asymptotic_v17-v2/2530000/E89F2561-DD83-B245-A151-9B4F99FDB21A.root
10-Jan-2024 22:32:44 CET  Initiating request to open file root://cmsxrootd.fnal.gov//store/mc/RunIISummer20UL16MiniAODv2/DiPhotonJetsBox_M40_80-sherpa/MINIAODSIM/106X_mcRun2_asymptotic_v17-v2/2530000/38273EEA-F19B-F244-AE7B-8950B55DA96C.root
%MSG-w XrdAdaptor:  file_open 10-Jan-2024 22:32:48 CET PostProcessEvent
Data is served from T2_US_Nebraska instead of original site US-Regional-Nebraska
%MSG
10-Jan-2024 22:32:49 CET  Successfully opened file root://cmsxrootd.fnal.gov//store/mc/RunIISummer20UL16MiniAODv2/DiPhotonJetsBox_M40_80-sherpa/MINIAODSIM/106X_mcRun2_asymptotic_v17-v2/2530000/38273EEA-F19B-F244-AE7B-8950B55DA96C.root
Begin processing the 2000001st record. Run 1, Event 1290023, LumiSection 1291 on stream 0 at 10-Jan-2024 22:33:01.691 CET
10-Jan-2024 22:33:02 CET  Closed file root://cmsxrootd.fnal.gov//store/mc/RunIISummer20UL16MiniAODv2/DiPhotonJetsBox_M40_80-sherpa/MINIAODSIM/106X_mcRun2_asymptotic_v17-v2/2530000/38273EEA-F19B-F244-AE7B-8950B55DA96C.root
10-Jan-2024 22:33:02 CET  Initiating request to open file root://cmsxrootd.fnal.gov//store/mc/RunIISummer20UL16MiniAODv2/DiPhotonJetsBox_M40_80-sherpa/MINIAODSIM/106X_mcRun2_asymptotic_v17-v2/2530000/B34DFEA3-E393-614E-9E0F-D96452224B8D.root
%MSG-w XrdAdaptor:  file_open 10-Jan-2024 22:33:05 CET PostProcessEvent
Data is served from T2_US_Nebraska instead of original site US-Regional-Nebraska
%MSG
10-Jan-2024 22:33:06 CET  Successfully opened file root://cmsxrootd.fnal.gov//store/mc/RunIISummer20UL16MiniAODv2/DiPhotonJetsBox_M40_80-sherpa/MINIAODSIM/106X_mcRun2_asymptotic_v17-v2/2530000/B34DFEA3-E393-614E-9E0F-D96452224B8D.root
10-Jan-2024 22:33:21 CET  Closed file root://cmsxrootd.fnal.gov//store/mc/RunIISummer20UL16MiniAODv2/DiPhotonJetsBox_M40_80-sherpa/MINIAODSIM/106X_mcRun2_asymptotic_v17-v2/2530000/B34DFEA3-E393-614E-9E0F-D96452224B8D.root
10-Jan-2024 22:33:21 CET  Initiating request to open file root://cmsxrootd.fnal.gov//store/mc/RunIISummer20UL16MiniAODv2/DiPhotonJetsBox_M40_80-sherpa/MINIAODSIM/106X_mcRun2_asymptotic_v17-v2/2530000/7D81A408-8732-3843-9083-34431B448591.root
%MSG-w XrdAdaptor:  file_open 10-Jan-2024 22:33:23 CET PostProcessEvent
Data is served from T2_US_Nebraska instead of original site US-Regional-Nebraska
%MSG
10-Jan-2024 22:33:24 CET  Successfully opened file root://cmsxrootd.fnal.gov//store/mc/RunIISummer20UL16MiniAODv2/DiPhotonJetsBox_M40_80-sherpa/MINIAODSIM/106X_mcRun2_asymptotic_v17-v2/2530000/7D81A408-8732-3843-9083-34431B448591.root
Begin processing the 2100001st record. Run 1, Event 1846022, LumiSection 1847 on stream 0 at 10-Jan-2024 22:33:36.969 CET
10-Jan-2024 22:33:38 CET  Closed file root://cmsxrootd.fnal.gov//store/mc/RunIISummer20UL16MiniAODv2/DiPhotonJetsBox_M40_80-sherpa/MINIAODSIM/106X_mcRun2_asymptotic_v17-v2/2530000/7D81A408-8732-3843-9083-34431B448591.root
10-Jan-2024 22:33:38 CET  Initiating request to open file root://cmsxrootd.fnal.gov//store/mc/RunIISummer20UL16MiniAODv2/DiPhotonJetsBox_M40_80-sherpa/MINIAODSIM/106X_mcRun2_asymptotic_v17-v2/2530000/D11DC65C-269A-0E4C-B426-CFF7EF581D28.root
%MSG-w XrdAdaptor:  file_open 10-Jan-2024 22:33:40 CET PostProcessEvent
Data is served from T2_US_Nebraska instead of original site US-Regional-Nebraska
%MSG
10-Jan-2024 22:33:41 CET  Successfully opened file root://cmsxrootd.fnal.gov//store/mc/RunIISummer20UL16MiniAODv2/DiPhotonJetsBox_M40_80-sherpa/MINIAODSIM/106X_mcRun2_asymptotic_v17-v2/2530000/D11DC65C-269A-0E4C-B426-CFF7EF581D28.root
10-Jan-2024 22:33:47 CET  Closed file root://cmsxrootd.fnal.gov//store/mc/RunIISummer20UL16MiniAODv2/DiPhotonJetsBox_M40_80-sherpa/MINIAODSIM/106X_mcRun2_asymptotic_v17-v2/2530000/D11DC65C-269A-0E4C-B426-CFF7EF581D28.root
10-Jan-2024 22:33:47 CET  Initiating request to open file root://cmsxrootd.fnal.gov//store/mc/RunIISummer20UL16MiniAODv2/DiPhotonJetsBox_M40_80-sherpa/MINIAODSIM/106X_mcRun2_asymptotic_v17-v2/2530000/60984BA7-176B-DF4F-89A5-9DB921C29A18.root
%MSG-w XrdAdaptor:  file_open 10-Jan-2024 22:33:49 CET PostProcessEvent
Data is served from fnal.gov instead of original site US-Regional-Nebraska
%MSG
10-Jan-2024 22:33:50 CET  Successfully opened file root://cmsxrootd.fnal.gov//store/mc/RunIISummer20UL16MiniAODv2/DiPhotonJetsBox_M40_80-sherpa/MINIAODSIM/106X_mcRun2_asymptotic_v17-v2/2530000/60984BA7-176B-DF4F-89A5-9DB921C29A18.root
%MSG-w XrdAdaptor:  (NoModuleName) 10-Jan-2024 22:34:01 CET pre-events
Data is now served from fnal.gov, T2_US_MIT instead of previous fnal.gov
%MSG
%MSG-w XrdAdaptor:  AfterFile 10-Jan-2024 22:34:02 CET PostProcessEvent
Data is now served from T2_US_MIT instead of previous fnal.gov, T2_US_MIT
%MSG
10-Jan-2024 22:34:35 CET  Closed file root://cmsxrootd.fnal.gov//store/mc/RunIISummer20UL16MiniAODv2/DiPhotonJetsBox_M40_80-sherpa/MINIAODSIM/106X_mcRun2_asymptotic_v17-v2/2530000/60984BA7-176B-DF4F-89A5-9DB921C29A18.root
10-Jan-2024 22:34:35 CET  Initiating request to open file root://cmsxrootd.fnal.gov//store/mc/RunIISummer20UL16MiniAODv2/DiPhotonJetsBox_M40_80-sherpa/MINIAODSIM/106X_mcRun2_asymptotic_v17-v2/2530000/B1D6F43D-1518-3042-898D-B49EA0DAF75F.root
%MSG-w XrdAdaptor:  file_open 10-Jan-2024 22:34:37 CET PostProcessEvent
Data is served from fnal.gov instead of original site US-Regional-Nebraska
%MSG
10-Jan-2024 22:34:38 CET  Successfully opened file root://cmsxrootd.fnal.gov//store/mc/RunIISummer20UL16MiniAODv2/DiPhotonJetsBox_M40_80-sherpa/MINIAODSIM/106X_mcRun2_asymptotic_v17-v2/2530000/B1D6F43D-1518-3042-898D-B49EA0DAF75F.root
%MSG-w XrdAdaptor:  (NoModuleName) 10-Jan-2024 22:34:50 CET pre-events
Data is now served from fnal.gov, T2_US_MIT instead of previous fnal.gov
%MSG
%MSG-w XrdAdaptor:  AfterFile 10-Jan-2024 22:34:50 CET PostProcessEvent
Data is now served from T2_US_MIT instead of previous fnal.gov, T2_US_MIT
%MSG
Begin processing the 2200001st record. Run 1, Event 1529023, LumiSection 1530 on stream 0 at 10-Jan-2024 22:34:55.674 CET
10-Jan-2024 22:34:56 CET  Closed file root://cmsxrootd.fnal.gov//store/mc/RunIISummer20UL16MiniAODv2/DiPhotonJetsBox_M40_80-sherpa/MINIAODSIM/106X_mcRun2_asymptotic_v17-v2/2530000/B1D6F43D-1518-3042-898D-B49EA0DAF75F.root
10-Jan-2024 22:34:56 CET  Initiating request to open file root://cmsxrootd.fnal.gov//store/mc/RunIISummer20UL16MiniAODv2/DiPhotonJetsBox_M40_80-sherpa/MINIAODSIM/106X_mcRun2_asymptotic_v17-v2/2530000/9EF4673A-D71F-DB4D-A375-B605DC410A11.root
%MSG-w XrdAdaptor:  file_open 10-Jan-2024 22:34:58 CET PostProcessEvent
Data is served from fnal.gov instead of original site US-Regional-Nebraska
%MSG
10-Jan-2024 22:34:59 CET  Successfully opened file root://cmsxrootd.fnal.gov//store/mc/RunIISummer20UL16MiniAODv2/DiPhotonJetsBox_M40_80-sherpa/MINIAODSIM/106X_mcRun2_asymptotic_v17-v2/2530000/9EF4673A-D71F-DB4D-A375-B605DC410A11.root
10-Jan-2024 22:35:25 CET  Closed file root://cmsxrootd.fnal.gov//store/mc/RunIISummer20UL16MiniAODv2/DiPhotonJetsBox_M40_80-sherpa/MINIAODSIM/106X_mcRun2_asymptotic_v17-v2/2530000/9EF4673A-D71F-DB4D-A375-B605DC410A11.root
10-Jan-2024 22:35:25 CET  Initiating request to open file root://cmsxrootd.fnal.gov//store/mc/RunIISummer20UL16MiniAODv2/DiPhotonJetsBox_M40_80-sherpa/MINIAODSIM/106X_mcRun2_asymptotic_v17-v2/2530000/A343B37E-8F13-0946-87A0-C8A65BB72985.root
%MSG-w XrdAdaptor:  file_open 10-Jan-2024 22:35:27 CET PostProcessEvent
Data is served from fnal.gov instead of original site US-Regional-Nebraska
%MSG
10-Jan-2024 22:35:28 CET  Successfully opened file root://cmsxrootd.fnal.gov//store/mc/RunIISummer20UL16MiniAODv2/DiPhotonJetsBox_M40_80-sherpa/MINIAODSIM/106X_mcRun2_asymptotic_v17-v2/2530000/A343B37E-8F13-0946-87A0-C8A65BB72985.root
10-Jan-2024 22:35:34 CET  Closed file root://cmsxrootd.fnal.gov//store/mc/RunIISummer20UL16MiniAODv2/DiPhotonJetsBox_M40_80-sherpa/MINIAODSIM/106X_mcRun2_asymptotic_v17-v2/2530000/A343B37E-8F13-0946-87A0-C8A65BB72985.root
10-Jan-2024 22:35:34 CET  Initiating request to open file root://cmsxrootd.fnal.gov//store/mc/RunIISummer20UL16MiniAODv2/DiPhotonJetsBox_M40_80-sherpa/MINIAODSIM/106X_mcRun2_asymptotic_v17-v2/2530000/6F29FD06-E4DD-AE43-BF49-51CE61EF9AFC.root
%MSG-w XrdAdaptor:  file_open 10-Jan-2024 22:35:37 CET PostProcessEvent
Data is served from fnal.gov instead of original site US-Regional-Nebraska
%MSG
10-Jan-2024 22:35:37 CET  Successfully opened file root://cmsxrootd.fnal.gov//store/mc/RunIISummer20UL16MiniAODv2/DiPhotonJetsBox_M40_80-sherpa/MINIAODSIM/106X_mcRun2_asymptotic_v17-v2/2530000/6F29FD06-E4DD-AE43-BF49-51CE61EF9AFC.root
10-Jan-2024 22:35:42 CET  Closed file root://cmsxrootd.fnal.gov//store/mc/RunIISummer20UL16MiniAODv2/DiPhotonJetsBox_M40_80-sherpa/MINIAODSIM/106X_mcRun2_asymptotic_v17-v2/2530000/6F29FD06-E4DD-AE43-BF49-51CE61EF9AFC.root
10-Jan-2024 22:35:42 CET  Initiating request to open file root://cmsxrootd.fnal.gov//store/mc/RunIISummer20UL16MiniAODv2/DiPhotonJetsBox_M40_80-sherpa/MINIAODSIM/106X_mcRun2_asymptotic_v17-v2/2530000/1393F4C8-8D9D-664F-97B8-24504B9DD3F7.root
%MSG-w XrdAdaptor:  file_open 10-Jan-2024 22:35:45 CET PostProcessEvent
Data is served from fnal.gov instead of original site US-Regional-Nebraska
%MSG
10-Jan-2024 22:35:46 CET  Successfully opened file root://cmsxrootd.fnal.gov//store/mc/RunIISummer20UL16MiniAODv2/DiPhotonJetsBox_M40_80-sherpa/MINIAODSIM/106X_mcRun2_asymptotic_v17-v2/2530000/1393F4C8-8D9D-664F-97B8-24504B9DD3F7.root
10-Jan-2024 22:36:07 CET  Closed file root://cmsxrootd.fnal.gov//store/mc/RunIISummer20UL16MiniAODv2/DiPhotonJetsBox_M40_80-sherpa/MINIAODSIM/106X_mcRun2_asymptotic_v17-v2/2530000/1393F4C8-8D9D-664F-97B8-24504B9DD3F7.root
10-Jan-2024 22:36:07 CET  Initiating request to open file root://cmsxrootd.fnal.gov//store/mc/RunIISummer20UL16MiniAODv2/DiPhotonJetsBox_M40_80-sherpa/MINIAODSIM/106X_mcRun2_asymptotic_v17-v2/2530000/EC6BD28E-4A33-D04E-8BB5-90E5E47C8F85.root
%MSG-w XrdAdaptor:  file_open 10-Jan-2024 22:36:09 CET PostProcessEvent
Data is served from fnal.gov instead of original site US-Regional-Nebraska
%MSG
10-Jan-2024 22:36:10 CET  Successfully opened file root://cmsxrootd.fnal.gov//store/mc/RunIISummer20UL16MiniAODv2/DiPhotonJetsBox_M40_80-sherpa/MINIAODSIM/106X_mcRun2_asymptotic_v17-v2/2530000/EC6BD28E-4A33-D04E-8BB5-90E5E47C8F85.root
10-Jan-2024 22:36:23 CET  Closed file root://cmsxrootd.fnal.gov//store/mc/RunIISummer20UL16MiniAODv2/DiPhotonJetsBox_M40_80-sherpa/MINIAODSIM/106X_mcRun2_asymptotic_v17-v2/2530000/EC6BD28E-4A33-D04E-8BB5-90E5E47C8F85.root
10-Jan-2024 22:36:23 CET  Initiating request to open file root://cmsxrootd.fnal.gov//store/mc/RunIISummer20UL16MiniAODv2/DiPhotonJetsBox_M40_80-sherpa/MINIAODSIM/106X_mcRun2_asymptotic_v17-v2/2530000/957B41B5-1F3C-8B4D-9B1D-54937BB8C812.root
%MSG-w XrdAdaptor:  file_open 10-Jan-2024 22:36:25 CET PostProcessEvent
Data is served from fnal.gov instead of original site US-Regional-Nebraska
%MSG
10-Jan-2024 22:36:26 CET  Successfully opened file root://cmsxrootd.fnal.gov//store/mc/RunIISummer20UL16MiniAODv2/DiPhotonJetsBox_M40_80-sherpa/MINIAODSIM/106X_mcRun2_asymptotic_v17-v2/2530000/957B41B5-1F3C-8B4D-9B1D-54937BB8C812.root
10-Jan-2024 22:36:32 CET  Closed file root://cmsxrootd.fnal.gov//store/mc/RunIISummer20UL16MiniAODv2/DiPhotonJetsBox_M40_80-sherpa/MINIAODSIM/106X_mcRun2_asymptotic_v17-v2/2530000/957B41B5-1F3C-8B4D-9B1D-54937BB8C812.root
10-Jan-2024 22:36:32 CET  Initiating request to open file root://cmsxrootd.fnal.gov//store/mc/RunIISummer20UL16MiniAODv2/DiPhotonJetsBox_M40_80-sherpa/MINIAODSIM/106X_mcRun2_asymptotic_v17-v2/2530000/195DE40B-ACBE-3349-83C5-211014949D8A.root
%MSG-w XrdAdaptor:  file_open 10-Jan-2024 22:36:34 CET PostProcessEvent
Data is served from fnal.gov instead of original site US-Regional-Nebraska
%MSG
10-Jan-2024 22:36:34 CET  Successfully opened file root://cmsxrootd.fnal.gov//store/mc/RunIISummer20UL16MiniAODv2/DiPhotonJetsBox_M40_80-sherpa/MINIAODSIM/106X_mcRun2_asymptotic_v17-v2/2530000/195DE40B-ACBE-3349-83C5-211014949D8A.root
10-Jan-2024 22:36:46 CET  Closed file root://cmsxrootd.fnal.gov//store/mc/RunIISummer20UL16MiniAODv2/DiPhotonJetsBox_M40_80-sherpa/MINIAODSIM/106X_mcRun2_asymptotic_v17-v2/2530000/195DE40B-ACBE-3349-83C5-211014949D8A.root
10-Jan-2024 22:36:46 CET  Initiating request to open file root://cmsxrootd.fnal.gov//store/mc/RunIISummer20UL16MiniAODv2/DiPhotonJetsBox_M40_80-sherpa/MINIAODSIM/106X_mcRun2_asymptotic_v17-v2/2530000/962A8EF9-71CF-674A-8DF4-05104F8C6524.root
%MSG-w XrdAdaptor:  file_open 10-Jan-2024 22:36:49 CET PostProcessEvent
Data is served from fnal.gov instead of original site US-Regional-Nebraska
%MSG
10-Jan-2024 22:36:50 CET  Successfully opened file root://cmsxrootd.fnal.gov//store/mc/RunIISummer20UL16MiniAODv2/DiPhotonJetsBox_M40_80-sherpa/MINIAODSIM/106X_mcRun2_asymptotic_v17-v2/2530000/962A8EF9-71CF-674A-8DF4-05104F8C6524.root
Begin processing the 2300001st record. Run 1, Event 1660020, LumiSection 1661 on stream 0 at 10-Jan-2024 22:37:06.264 CET
10-Jan-2024 22:37:06 CET  Closed file root://cmsxrootd.fnal.gov//store/mc/RunIISummer20UL16MiniAODv2/DiPhotonJetsBox_M40_80-sherpa/MINIAODSIM/106X_mcRun2_asymptotic_v17-v2/2530000/962A8EF9-71CF-674A-8DF4-05104F8C6524.root
10-Jan-2024 22:37:06 CET  Initiating request to open file root://cmsxrootd.fnal.gov//store/mc/RunIISummer20UL16MiniAODv2/DiPhotonJetsBox_M40_80-sherpa/MINIAODSIM/106X_mcRun2_asymptotic_v17-v2/2530000/62E78FCC-1F4D-F94E-8D27-D1B9D1839C09.root
%MSG-w XrdAdaptor:  file_open 10-Jan-2024 22:37:08 CET PostProcessEvent
Data is served from fnal.gov instead of original site US-Regional-Nebraska
%MSG
10-Jan-2024 22:37:09 CET  Successfully opened file root://cmsxrootd.fnal.gov//store/mc/RunIISummer20UL16MiniAODv2/DiPhotonJetsBox_M40_80-sherpa/MINIAODSIM/106X_mcRun2_asymptotic_v17-v2/2530000/62E78FCC-1F4D-F94E-8D27-D1B9D1839C09.root
10-Jan-2024 22:37:14 CET  Closed file root://cmsxrootd.fnal.gov//store/mc/RunIISummer20UL16MiniAODv2/DiPhotonJetsBox_M40_80-sherpa/MINIAODSIM/106X_mcRun2_asymptotic_v17-v2/2530000/62E78FCC-1F4D-F94E-8D27-D1B9D1839C09.root
10-Jan-2024 22:37:14 CET  Initiating request to open file root://cmsxrootd.fnal.gov//store/mc/RunIISummer20UL16MiniAODv2/DiPhotonJetsBox_M40_80-sherpa/MINIAODSIM/106X_mcRun2_asymptotic_v17-v2/2530000/ABA62521-3DA2-D74D-914F-08C51964171D.root
%MSG-w XrdAdaptor:  file_open 10-Jan-2024 22:37:16 CET PostProcessEvent
Data is served from fnal.gov instead of original site US-Regional-Nebraska
%MSG
10-Jan-2024 22:37:17 CET  Successfully opened file root://cmsxrootd.fnal.gov//store/mc/RunIISummer20UL16MiniAODv2/DiPhotonJetsBox_M40_80-sherpa/MINIAODSIM/106X_mcRun2_asymptotic_v17-v2/2530000/ABA62521-3DA2-D74D-914F-08C51964171D.root
10-Jan-2024 22:38:04 CET  Closed file root://cmsxrootd.fnal.gov//store/mc/RunIISummer20UL16MiniAODv2/DiPhotonJetsBox_M40_80-sherpa/MINIAODSIM/106X_mcRun2_asymptotic_v17-v2/2530000/ABA62521-3DA2-D74D-914F-08C51964171D.root
10-Jan-2024 22:38:04 CET  Initiating request to open file root://cmsxrootd.fnal.gov//store/mc/RunIISummer20UL16MiniAODv2/DiPhotonJetsBox_M40_80-sherpa/MINIAODSIM/106X_mcRun2_asymptotic_v17-v2/2530000/190CEEE8-4C1D-6C4C-AE05-0E9667E88859.root
%MSG-w XrdAdaptor:  file_open 10-Jan-2024 22:38:06 CET PostProcessEvent
Data is served from fnal.gov instead of original site US-Regional-Nebraska
%MSG
10-Jan-2024 22:38:07 CET  Successfully opened file root://cmsxrootd.fnal.gov//store/mc/RunIISummer20UL16MiniAODv2/DiPhotonJetsBox_M40_80-sherpa/MINIAODSIM/106X_mcRun2_asymptotic_v17-v2/2530000/190CEEE8-4C1D-6C4C-AE05-0E9667E88859.root
10-Jan-2024 22:38:30 CET  Closed file root://cmsxrootd.fnal.gov//store/mc/RunIISummer20UL16MiniAODv2/DiPhotonJetsBox_M40_80-sherpa/MINIAODSIM/106X_mcRun2_asymptotic_v17-v2/2530000/190CEEE8-4C1D-6C4C-AE05-0E9667E88859.root
10-Jan-2024 22:38:30 CET  Initiating request to open file root://cmsxrootd.fnal.gov//store/mc/RunIISummer20UL16MiniAODv2/DiPhotonJetsBox_M40_80-sherpa/MINIAODSIM/106X_mcRun2_asymptotic_v17-v2/2530000/E3F6D4E7-9667-964F-AA18-7859DF66DCC1.root
%MSG-w XrdAdaptor:  file_open 10-Jan-2024 22:38:32 CET PostProcessEvent
Data is served from fnal.gov instead of original site US-Regional-Nebraska
%MSG
10-Jan-2024 22:38:33 CET  Successfully opened file root://cmsxrootd.fnal.gov//store/mc/RunIISummer20UL16MiniAODv2/DiPhotonJetsBox_M40_80-sherpa/MINIAODSIM/106X_mcRun2_asymptotic_v17-v2/2530000/E3F6D4E7-9667-964F-AA18-7859DF66DCC1.root
Begin processing the 2400001st record. Run 1, Event 1399023, LumiSection 1400 on stream 0 at 10-Jan-2024 22:38:52.466 CET
10-Jan-2024 22:38:55 CET  Closed file root://cmsxrootd.fnal.gov//store/mc/RunIISummer20UL16MiniAODv2/DiPhotonJetsBox_M40_80-sherpa/MINIAODSIM/106X_mcRun2_asymptotic_v17-v2/2530000/E3F6D4E7-9667-964F-AA18-7859DF66DCC1.root
10-Jan-2024 22:38:55 CET  Initiating request to open file root://cmsxrootd.fnal.gov//store/mc/RunIISummer20UL16MiniAODv2/DiPhotonJetsBox_M40_80-sherpa/MINIAODSIM/106X_mcRun2_asymptotic_v17-v2/2530000/99B026C5-75BF-3544-87DF-C6F9AA33A39B.root
%MSG-w XrdAdaptor:  file_open 10-Jan-2024 22:38:57 CET PostProcessEvent
Data is served from fnal.gov instead of original site US-Regional-Nebraska
%MSG
10-Jan-2024 22:38:57 CET  Successfully opened file root://cmsxrootd.fnal.gov//store/mc/RunIISummer20UL16MiniAODv2/DiPhotonJetsBox_M40_80-sherpa/MINIAODSIM/106X_mcRun2_asymptotic_v17-v2/2530000/99B026C5-75BF-3544-87DF-C6F9AA33A39B.root
10-Jan-2024 22:39:31 CET  Closed file root://cmsxrootd.fnal.gov//store/mc/RunIISummer20UL16MiniAODv2/DiPhotonJetsBox_M40_80-sherpa/MINIAODSIM/106X_mcRun2_asymptotic_v17-v2/2530000/99B026C5-75BF-3544-87DF-C6F9AA33A39B.root
10-Jan-2024 22:39:31 CET  Initiating request to open file root://cmsxrootd.fnal.gov//store/mc/RunIISummer20UL16MiniAODv2/DiPhotonJetsBox_M40_80-sherpa/MINIAODSIM/106X_mcRun2_asymptotic_v17-v2/2530000/08C0429B-D2DF-F74C-B653-C105BB46FD08.root
%MSG-w XrdAdaptor:  file_open 10-Jan-2024 22:39:33 CET PostProcessEvent
Data is served from fnal.gov instead of original site US-Regional-Nebraska
%MSG
10-Jan-2024 22:39:34 CET  Successfully opened file root://cmsxrootd.fnal.gov//store/mc/RunIISummer20UL16MiniAODv2/DiPhotonJetsBox_M40_80-sherpa/MINIAODSIM/106X_mcRun2_asymptotic_v17-v2/2530000/08C0429B-D2DF-F74C-B653-C105BB46FD08.root
10-Jan-2024 22:39:43 CET  Closed file root://cmsxrootd.fnal.gov//store/mc/RunIISummer20UL16MiniAODv2/DiPhotonJetsBox_M40_80-sherpa/MINIAODSIM/106X_mcRun2_asymptotic_v17-v2/2530000/08C0429B-D2DF-F74C-B653-C105BB46FD08.root
10-Jan-2024 22:39:43 CET  Initiating request to open file root://cmsxrootd.fnal.gov//store/mc/RunIISummer20UL16MiniAODv2/DiPhotonJetsBox_M40_80-sherpa/MINIAODSIM/106X_mcRun2_asymptotic_v17-v2/2530000/24ED8CB7-624E-9C41-9D9A-8C45DFEC1D57.root
%MSG-w XrdAdaptor:  file_open 10-Jan-2024 22:39:45 CET PostProcessEvent
Data is served from fnal.gov instead of original site US-Regional-Nebraska
%MSG
10-Jan-2024 22:39:47 CET  Successfully opened file root://cmsxrootd.fnal.gov//store/mc/RunIISummer20UL16MiniAODv2/DiPhotonJetsBox_M40_80-sherpa/MINIAODSIM/106X_mcRun2_asymptotic_v17-v2/2530000/24ED8CB7-624E-9C41-9D9A-8C45DFEC1D57.root
10-Jan-2024 22:40:19 CET  Closed file root://cmsxrootd.fnal.gov//store/mc/RunIISummer20UL16MiniAODv2/DiPhotonJetsBox_M40_80-sherpa/MINIAODSIM/106X_mcRun2_asymptotic_v17-v2/2530000/24ED8CB7-624E-9C41-9D9A-8C45DFEC1D57.root
10-Jan-2024 22:40:19 CET  Initiating request to open file root://cmsxrootd.fnal.gov//store/mc/RunIISummer20UL16MiniAODv2/DiPhotonJetsBox_M40_80-sherpa/MINIAODSIM/106X_mcRun2_asymptotic_v17-v2/2530000/83EBC946-28FD-524C-8CE0-090F0D8F5E2A.root
%MSG-w XrdAdaptor:  file_open 10-Jan-2024 22:40:21 CET PostProcessEvent
Data is served from fnal.gov instead of original site US-Regional-Nebraska
%MSG
10-Jan-2024 22:40:22 CET  Successfully opened file root://cmsxrootd.fnal.gov//store/mc/RunIISummer20UL16MiniAODv2/DiPhotonJetsBox_M40_80-sherpa/MINIAODSIM/106X_mcRun2_asymptotic_v17-v2/2530000/83EBC946-28FD-524C-8CE0-090F0D8F5E2A.root
10-Jan-2024 22:40:53 CET  Closed file root://cmsxrootd.fnal.gov//store/mc/RunIISummer20UL16MiniAODv2/DiPhotonJetsBox_M40_80-sherpa/MINIAODSIM/106X_mcRun2_asymptotic_v17-v2/2530000/83EBC946-28FD-524C-8CE0-090F0D8F5E2A.root

------------------------------------
GenXsecAnalyzer:
------------------------------------
Before Filter: total cross section = 3.058e+02 +- 2.165e-01 pb
Filter efficiency (taking into account weights)= (1.84915e+06) / (1.84915e+06) = 1.000e+00 +- 0.000e+00
Filter efficiency (event-level)= (2.49998e+06) / (2.49998e+06) = 1.000e+00 +- 0.000e+00    [TO BE USED IN MCM]

After filter: final cross section = 3.058e+02 +- 2.165e-01 pb
After filter: final fraction of events with negative weights = 8.600e-05 +- 1.353e-11
After filter: final equivalent lumi for 1M events (1/fb) = 3.269e+00 +- 4.004e-03

=============================================

MessageLogger Summary

 type     category        sev    module        subroutine        count    total
 ---- -------------------- -- ---------------- ----------------  -----    -----
    1 GenXSecAnalyzer      -w GenXSecAnalyzer:                       7        7
    2 XrdAdaptor           -w (NoModuleName)                         2        2
    3 XrdAdaptor           -w AfterFile                              2        2
    4 XrdAdaptor           -w file_open                             90       90
    5 fileAction           -s file_close                            90       90
    6 fileAction           -s file_open                            180      180

 type    category    Examples: run/evt        run/evt          run/evt
 ---- -------------------- ---------------- ---------------- ----------------
    1 GenXSecAnalyzer      PostGlobalEndRun PostGlobalEndRun PostGlobalEndRun
    2 XrdAdaptor           pre-events       pre-events       
    3 XrdAdaptor           PostProcessEvent PostProcessEvent 
    4 XrdAdaptor           pre-events       PostProcessEvent PostProcessEvent
    5 fileAction           PostProcessEvent PostProcessEvent PostGlobalEndRun
    6 fileAction           pre-events       pre-events       PostProcessEvent

Severity    # Occurrences   Total Occurrences
--------    -------------   -----------------
Warning               101                 101
System                270                 270

dropped waiting message count 0
