12-Jan-2024 02:21:07 CET  Initiating request to open file root://cmsxrootd.fnal.gov//store/mc/RunIISummer20UL16MiniAODv2/VBS_OSWW_LT_noTop_TuneCP5_13TeV-madgraph-pythia8/MINIAODSIM/106X_mcRun2_asymptotic_v17-v1/130000/BB5AD175-000D-1141-97B5-B39F32843ED4.root
%MSG-w XrdAdaptor:  file_open 12-Jan-2024 02:21:14 CET pre-events
Data is served from T2_US_Caltech instead of original site US-Regional-Nebraska
%MSG
12-Jan-2024 02:21:17 CET  Successfully opened file root://cmsxrootd.fnal.gov//store/mc/RunIISummer20UL16MiniAODv2/VBS_OSWW_LT_noTop_TuneCP5_13TeV-madgraph-pythia8/MINIAODSIM/106X_mcRun2_asymptotic_v17-v1/130000/BB5AD175-000D-1141-97B5-B39F32843ED4.root
Begin processing the 1st record. Run 1, Event 1, LumiSection 1 on stream 0 at 12-Jan-2024 02:21:24.151 CET
12-Jan-2024 02:21:24 CET  Closed file root://cmsxrootd.fnal.gov//store/mc/RunIISummer20UL16MiniAODv2/VBS_OSWW_LT_noTop_TuneCP5_13TeV-madgraph-pythia8/MINIAODSIM/106X_mcRun2_asymptotic_v17-v1/130000/BB5AD175-000D-1141-97B5-B39F32843ED4.root
12-Jan-2024 02:21:24 CET  Initiating request to open file root://cmsxrootd.fnal.gov//store/mc/RunIISummer20UL16MiniAODv2/VBS_OSWW_LT_noTop_TuneCP5_13TeV-madgraph-pythia8/MINIAODSIM/106X_mcRun2_asymptotic_v17-v1/70000/8A9A96BB-5B2F-404C-BF7F-814A090BB516.root
Unable to load sec.protocol plugin libXrdSecztn.so
%MSG-w XrdAdaptor:  file_open 12-Jan-2024 02:21:28 CET PostProcessEvent
Data is served from fnal.gov instead of original site US-Regional-Nebraska
%MSG
12-Jan-2024 02:21:28 CET  Successfully opened file root://cmsxrootd.fnal.gov//store/mc/RunIISummer20UL16MiniAODv2/VBS_OSWW_LT_noTop_TuneCP5_13TeV-madgraph-pythia8/MINIAODSIM/106X_mcRun2_asymptotic_v17-v1/70000/8A9A96BB-5B2F-404C-BF7F-814A090BB516.root
12-Jan-2024 02:21:32 CET  Closed file root://cmsxrootd.fnal.gov//store/mc/RunIISummer20UL16MiniAODv2/VBS_OSWW_LT_noTop_TuneCP5_13TeV-madgraph-pythia8/MINIAODSIM/106X_mcRun2_asymptotic_v17-v1/70000/8A9A96BB-5B2F-404C-BF7F-814A090BB516.root
12-Jan-2024 02:21:32 CET  Initiating request to open file root://cmsxrootd.fnal.gov//store/mc/RunIISummer20UL16MiniAODv2/VBS_OSWW_LT_noTop_TuneCP5_13TeV-madgraph-pythia8/MINIAODSIM/106X_mcRun2_asymptotic_v17-v1/70000/A2AB2052-DD07-B442-AFD0-A28AE66920BC.root
%MSG-w XrdAdaptor:  file_open 12-Jan-2024 02:21:37 CET PostProcessEvent
Data is served from T2_US_Wisconsin instead of original site US-Regional-Nebraska
%MSG
12-Jan-2024 02:21:37 CET  Successfully opened file root://cmsxrootd.fnal.gov//store/mc/RunIISummer20UL16MiniAODv2/VBS_OSWW_LT_noTop_TuneCP5_13TeV-madgraph-pythia8/MINIAODSIM/106X_mcRun2_asymptotic_v17-v1/70000/A2AB2052-DD07-B442-AFD0-A28AE66920BC.root
12-Jan-2024 02:21:42 CET  Closed file root://cmsxrootd.fnal.gov//store/mc/RunIISummer20UL16MiniAODv2/VBS_OSWW_LT_noTop_TuneCP5_13TeV-madgraph-pythia8/MINIAODSIM/106X_mcRun2_asymptotic_v17-v1/70000/A2AB2052-DD07-B442-AFD0-A28AE66920BC.root
12-Jan-2024 02:21:42 CET  Initiating request to open file root://cmsxrootd.fnal.gov//store/mc/RunIISummer20UL16MiniAODv2/VBS_OSWW_LT_noTop_TuneCP5_13TeV-madgraph-pythia8/MINIAODSIM/106X_mcRun2_asymptotic_v17-v1/280000/FB05C23D-DC46-9740-8146-3BC772365703.root
%MSG-w XrdAdaptor:  file_open 12-Jan-2024 02:21:48 CET PostProcessEvent
Data is served from T2_US_MIT instead of original site US-Regional-Nebraska
%MSG
12-Jan-2024 02:21:49 CET  Successfully opened file root://cmsxrootd.fnal.gov//store/mc/RunIISummer20UL16MiniAODv2/VBS_OSWW_LT_noTop_TuneCP5_13TeV-madgraph-pythia8/MINIAODSIM/106X_mcRun2_asymptotic_v17-v1/280000/FB05C23D-DC46-9740-8146-3BC772365703.root
12-Jan-2024 02:21:53 CET  Closed file root://cmsxrootd.fnal.gov//store/mc/RunIISummer20UL16MiniAODv2/VBS_OSWW_LT_noTop_TuneCP5_13TeV-madgraph-pythia8/MINIAODSIM/106X_mcRun2_asymptotic_v17-v1/280000/FB05C23D-DC46-9740-8146-3BC772365703.root
12-Jan-2024 02:21:53 CET  Initiating request to open file root://cmsxrootd.fnal.gov//store/mc/RunIISummer20UL16MiniAODv2/VBS_OSWW_LT_noTop_TuneCP5_13TeV-madgraph-pythia8/MINIAODSIM/106X_mcRun2_asymptotic_v17-v1/70000/345C8D6A-3634-C84F-8C73-D57920CB1833.root
Unable to load sec.protocol plugin libXrdSecztn.so
%MSG-w XrdAdaptor:  file_open 12-Jan-2024 02:21:56 CET PostProcessEvent
Data is served from fnal.gov instead of original site US-Regional-Nebraska
%MSG
12-Jan-2024 02:21:57 CET  Successfully opened file root://cmsxrootd.fnal.gov//store/mc/RunIISummer20UL16MiniAODv2/VBS_OSWW_LT_noTop_TuneCP5_13TeV-madgraph-pythia8/MINIAODSIM/106X_mcRun2_asymptotic_v17-v1/70000/345C8D6A-3634-C84F-8C73-D57920CB1833.root
12-Jan-2024 02:22:01 CET  Closed file root://cmsxrootd.fnal.gov//store/mc/RunIISummer20UL16MiniAODv2/VBS_OSWW_LT_noTop_TuneCP5_13TeV-madgraph-pythia8/MINIAODSIM/106X_mcRun2_asymptotic_v17-v1/70000/345C8D6A-3634-C84F-8C73-D57920CB1833.root
12-Jan-2024 02:22:01 CET  Initiating request to open file root://cmsxrootd.fnal.gov//store/mc/RunIISummer20UL16MiniAODv2/VBS_OSWW_LT_noTop_TuneCP5_13TeV-madgraph-pythia8/MINIAODSIM/106X_mcRun2_asymptotic_v17-v1/70000/D2E86286-9871-F74E-9A6E-690AE812284F.root
%MSG-w XrdAdaptor:  file_open 12-Jan-2024 02:22:03 CET PostProcessEvent
Data is served from fnal.gov instead of original site US-Regional-Nebraska
%MSG
12-Jan-2024 02:22:04 CET  Successfully opened file root://cmsxrootd.fnal.gov//store/mc/RunIISummer20UL16MiniAODv2/VBS_OSWW_LT_noTop_TuneCP5_13TeV-madgraph-pythia8/MINIAODSIM/106X_mcRun2_asymptotic_v17-v1/70000/D2E86286-9871-F74E-9A6E-690AE812284F.root
12-Jan-2024 02:22:08 CET  Closed file root://cmsxrootd.fnal.gov//store/mc/RunIISummer20UL16MiniAODv2/VBS_OSWW_LT_noTop_TuneCP5_13TeV-madgraph-pythia8/MINIAODSIM/106X_mcRun2_asymptotic_v17-v1/70000/D2E86286-9871-F74E-9A6E-690AE812284F.root
12-Jan-2024 02:22:08 CET  Initiating request to open file root://cmsxrootd.fnal.gov//store/mc/RunIISummer20UL16MiniAODv2/VBS_OSWW_LT_noTop_TuneCP5_13TeV-madgraph-pythia8/MINIAODSIM/106X_mcRun2_asymptotic_v17-v1/270000/9AA55622-DEC4-9649-81C3-956F5CAC832E.root
%MSG-w XrdAdaptor:  file_open 12-Jan-2024 02:22:12 CET PostProcessEvent
Data is served from T2_US_Vanderbilt instead of original site US-Regional-Nebraska
%MSG
12-Jan-2024 02:22:13 CET  Successfully opened file root://cmsxrootd.fnal.gov//store/mc/RunIISummer20UL16MiniAODv2/VBS_OSWW_LT_noTop_TuneCP5_13TeV-madgraph-pythia8/MINIAODSIM/106X_mcRun2_asymptotic_v17-v1/270000/9AA55622-DEC4-9649-81C3-956F5CAC832E.root
12-Jan-2024 02:23:56 CET  Closed file root://cmsxrootd.fnal.gov//store/mc/RunIISummer20UL16MiniAODv2/VBS_OSWW_LT_noTop_TuneCP5_13TeV-madgraph-pythia8/MINIAODSIM/106X_mcRun2_asymptotic_v17-v1/270000/9AA55622-DEC4-9649-81C3-956F5CAC832E.root
12-Jan-2024 02:23:56 CET  Initiating request to open file root://cmsxrootd.fnal.gov//store/mc/RunIISummer20UL16MiniAODv2/VBS_OSWW_LT_noTop_TuneCP5_13TeV-madgraph-pythia8/MINIAODSIM/106X_mcRun2_asymptotic_v17-v1/280000/2721CB66-D016-104B-A8E9-D00AF38EA987.root
%MSG-w XrdAdaptor:  file_open 12-Jan-2024 02:23:59 CET PostProcessEvent
Data is served from T2_US_Caltech instead of original site US-Regional-Nebraska
%MSG
12-Jan-2024 02:24:00 CET  Successfully opened file root://cmsxrootd.fnal.gov//store/mc/RunIISummer20UL16MiniAODv2/VBS_OSWW_LT_noTop_TuneCP5_13TeV-madgraph-pythia8/MINIAODSIM/106X_mcRun2_asymptotic_v17-v1/280000/2721CB66-D016-104B-A8E9-D00AF38EA987.root
12-Jan-2024 02:24:33 CET  Closed file root://cmsxrootd.fnal.gov//store/mc/RunIISummer20UL16MiniAODv2/VBS_OSWW_LT_noTop_TuneCP5_13TeV-madgraph-pythia8/MINIAODSIM/106X_mcRun2_asymptotic_v17-v1/280000/2721CB66-D016-104B-A8E9-D00AF38EA987.root
12-Jan-2024 02:24:33 CET  Initiating request to open file root://cmsxrootd.fnal.gov//store/mc/RunIISummer20UL16MiniAODv2/VBS_OSWW_LT_noTop_TuneCP5_13TeV-madgraph-pythia8/MINIAODSIM/106X_mcRun2_asymptotic_v17-v1/280000/4DC32747-399C-9B4A-A1C9-F3581384917E.root
%MSG-w XrdAdaptor:  file_open 12-Jan-2024 02:24:36 CET PostProcessEvent
Data is served from T2_US_Caltech instead of original site US-Regional-Nebraska
%MSG
12-Jan-2024 02:24:37 CET  Successfully opened file root://cmsxrootd.fnal.gov//store/mc/RunIISummer20UL16MiniAODv2/VBS_OSWW_LT_noTop_TuneCP5_13TeV-madgraph-pythia8/MINIAODSIM/106X_mcRun2_asymptotic_v17-v1/280000/4DC32747-399C-9B4A-A1C9-F3581384917E.root
Begin processing the 100001st record. Run 1, Event 656004, LumiSection 657 on stream 0 at 12-Jan-2024 02:25:01.081 CET
12-Jan-2024 02:25:02 CET  Closed file root://cmsxrootd.fnal.gov//store/mc/RunIISummer20UL16MiniAODv2/VBS_OSWW_LT_noTop_TuneCP5_13TeV-madgraph-pythia8/MINIAODSIM/106X_mcRun2_asymptotic_v17-v1/280000/4DC32747-399C-9B4A-A1C9-F3581384917E.root
12-Jan-2024 02:25:02 CET  Initiating request to open file root://cmsxrootd.fnal.gov//store/mc/RunIISummer20UL16MiniAODv2/VBS_OSWW_LT_noTop_TuneCP5_13TeV-madgraph-pythia8/MINIAODSIM/106X_mcRun2_asymptotic_v17-v1/280000/4751888A-D8DF-1F43-8FC3-AE77ECFC0875.root
%MSG-w XrdAdaptor:  file_open 12-Jan-2024 02:25:05 CET PostProcessEvent
Data is served from T2_US_Caltech instead of original site US-Regional-Nebraska
%MSG
12-Jan-2024 02:25:06 CET  Successfully opened file root://cmsxrootd.fnal.gov//store/mc/RunIISummer20UL16MiniAODv2/VBS_OSWW_LT_noTop_TuneCP5_13TeV-madgraph-pythia8/MINIAODSIM/106X_mcRun2_asymptotic_v17-v1/280000/4751888A-D8DF-1F43-8FC3-AE77ECFC0875.root
12-Jan-2024 02:25:37 CET  Closed file root://cmsxrootd.fnal.gov//store/mc/RunIISummer20UL16MiniAODv2/VBS_OSWW_LT_noTop_TuneCP5_13TeV-madgraph-pythia8/MINIAODSIM/106X_mcRun2_asymptotic_v17-v1/280000/4751888A-D8DF-1F43-8FC3-AE77ECFC0875.root
12-Jan-2024 02:25:37 CET  Initiating request to open file root://cmsxrootd.fnal.gov//store/mc/RunIISummer20UL16MiniAODv2/VBS_OSWW_LT_noTop_TuneCP5_13TeV-madgraph-pythia8/MINIAODSIM/106X_mcRun2_asymptotic_v17-v1/280000/7E93FC98-0BE4-A943-ACF6-FB5E8119D11D.root
%MSG-w XrdAdaptor:  file_open 12-Jan-2024 02:25:39 CET PostProcessEvent
Data is served from T2_US_Caltech instead of original site US-Regional-Nebraska
%MSG
12-Jan-2024 02:25:40 CET  Successfully opened file root://cmsxrootd.fnal.gov//store/mc/RunIISummer20UL16MiniAODv2/VBS_OSWW_LT_noTop_TuneCP5_13TeV-madgraph-pythia8/MINIAODSIM/106X_mcRun2_asymptotic_v17-v1/280000/7E93FC98-0BE4-A943-ACF6-FB5E8119D11D.root
Begin processing the 200001st record. Run 1, Event 178004, LumiSection 179 on stream 0 at 12-Jan-2024 02:26:01.922 CET
12-Jan-2024 02:26:02 CET  Closed file root://cmsxrootd.fnal.gov//store/mc/RunIISummer20UL16MiniAODv2/VBS_OSWW_LT_noTop_TuneCP5_13TeV-madgraph-pythia8/MINIAODSIM/106X_mcRun2_asymptotic_v17-v1/280000/7E93FC98-0BE4-A943-ACF6-FB5E8119D11D.root
12-Jan-2024 02:26:02 CET  Initiating request to open file root://cmsxrootd.fnal.gov//store/mc/RunIISummer20UL16MiniAODv2/VBS_OSWW_LT_noTop_TuneCP5_13TeV-madgraph-pythia8/MINIAODSIM/106X_mcRun2_asymptotic_v17-v1/280000/959C9C33-6FB3-BA44-B601-BFE8C680662B.root
%MSG-w XrdAdaptor:  file_open 12-Jan-2024 02:26:05 CET PostProcessEvent
Data is served from T2_US_Caltech instead of original site US-Regional-Nebraska
%MSG
12-Jan-2024 02:26:05 CET  Successfully opened file root://cmsxrootd.fnal.gov//store/mc/RunIISummer20UL16MiniAODv2/VBS_OSWW_LT_noTop_TuneCP5_13TeV-madgraph-pythia8/MINIAODSIM/106X_mcRun2_asymptotic_v17-v1/280000/959C9C33-6FB3-BA44-B601-BFE8C680662B.root
12-Jan-2024 02:26:26 CET  Closed file root://cmsxrootd.fnal.gov//store/mc/RunIISummer20UL16MiniAODv2/VBS_OSWW_LT_noTop_TuneCP5_13TeV-madgraph-pythia8/MINIAODSIM/106X_mcRun2_asymptotic_v17-v1/280000/959C9C33-6FB3-BA44-B601-BFE8C680662B.root
12-Jan-2024 02:26:26 CET  Initiating request to open file root://cmsxrootd.fnal.gov//store/mc/RunIISummer20UL16MiniAODv2/VBS_OSWW_LT_noTop_TuneCP5_13TeV-madgraph-pythia8/MINIAODSIM/106X_mcRun2_asymptotic_v17-v1/280000/8E4A876B-AF90-7A43-AE5E-04ECC22B35E4.root
%MSG-w XrdAdaptor:  file_open 12-Jan-2024 02:26:29 CET PostProcessEvent
Data is served from T2_US_Caltech instead of original site US-Regional-Nebraska
%MSG
12-Jan-2024 02:26:30 CET  Successfully opened file root://cmsxrootd.fnal.gov//store/mc/RunIISummer20UL16MiniAODv2/VBS_OSWW_LT_noTop_TuneCP5_13TeV-madgraph-pythia8/MINIAODSIM/106X_mcRun2_asymptotic_v17-v1/280000/8E4A876B-AF90-7A43-AE5E-04ECC22B35E4.root
Begin processing the 300001st record. Run 1, Event 425016, LumiSection 426 on stream 0 at 12-Jan-2024 02:26:58.744 CET
12-Jan-2024 02:26:59 CET  Closed file root://cmsxrootd.fnal.gov//store/mc/RunIISummer20UL16MiniAODv2/VBS_OSWW_LT_noTop_TuneCP5_13TeV-madgraph-pythia8/MINIAODSIM/106X_mcRun2_asymptotic_v17-v1/280000/8E4A876B-AF90-7A43-AE5E-04ECC22B35E4.root
12-Jan-2024 02:26:59 CET  Initiating request to open file root://cmsxrootd.fnal.gov//store/mc/RunIISummer20UL16MiniAODv2/VBS_OSWW_LT_noTop_TuneCP5_13TeV-madgraph-pythia8/MINIAODSIM/106X_mcRun2_asymptotic_v17-v1/280000/81D2B9FA-F1D6-3049-8EE4-7BB7066B32BE.root
%MSG-w XrdAdaptor:  file_open 12-Jan-2024 02:27:01 CET PostProcessEvent
Data is served from T2_US_Caltech instead of original site US-Regional-Nebraska
%MSG
12-Jan-2024 02:27:02 CET  Successfully opened file root://cmsxrootd.fnal.gov//store/mc/RunIISummer20UL16MiniAODv2/VBS_OSWW_LT_noTop_TuneCP5_13TeV-madgraph-pythia8/MINIAODSIM/106X_mcRun2_asymptotic_v17-v1/280000/81D2B9FA-F1D6-3049-8EE4-7BB7066B32BE.root
12-Jan-2024 02:27:26 CET  Closed file root://cmsxrootd.fnal.gov//store/mc/RunIISummer20UL16MiniAODv2/VBS_OSWW_LT_noTop_TuneCP5_13TeV-madgraph-pythia8/MINIAODSIM/106X_mcRun2_asymptotic_v17-v1/280000/81D2B9FA-F1D6-3049-8EE4-7BB7066B32BE.root
12-Jan-2024 02:27:26 CET  Initiating request to open file root://cmsxrootd.fnal.gov//store/mc/RunIISummer20UL16MiniAODv2/VBS_OSWW_LT_noTop_TuneCP5_13TeV-madgraph-pythia8/MINIAODSIM/106X_mcRun2_asymptotic_v17-v1/280000/A0ABE586-F5FC-B140-894D-788B3B31EBBD.root
%MSG-w XrdAdaptor:  file_open 12-Jan-2024 02:27:29 CET PostProcessEvent
Data is served from T2_US_Caltech instead of original site US-Regional-Nebraska
%MSG
12-Jan-2024 02:27:29 CET  Successfully opened file root://cmsxrootd.fnal.gov//store/mc/RunIISummer20UL16MiniAODv2/VBS_OSWW_LT_noTop_TuneCP5_13TeV-madgraph-pythia8/MINIAODSIM/106X_mcRun2_asymptotic_v17-v1/280000/A0ABE586-F5FC-B140-894D-788B3B31EBBD.root
Begin processing the 400001st record. Run 1, Event 591010, LumiSection 592 on stream 0 at 12-Jan-2024 02:28:02.359 CET
12-Jan-2024 02:28:02 CET  Closed file root://cmsxrootd.fnal.gov//store/mc/RunIISummer20UL16MiniAODv2/VBS_OSWW_LT_noTop_TuneCP5_13TeV-madgraph-pythia8/MINIAODSIM/106X_mcRun2_asymptotic_v17-v1/280000/A0ABE586-F5FC-B140-894D-788B3B31EBBD.root
12-Jan-2024 02:28:02 CET  Initiating request to open file root://cmsxrootd.fnal.gov//store/mc/RunIISummer20UL16MiniAODv2/VBS_OSWW_LT_noTop_TuneCP5_13TeV-madgraph-pythia8/MINIAODSIM/106X_mcRun2_asymptotic_v17-v1/280000/7A7552C4-FACA-BF42-A488-BCB379729121.root
%MSG-w XrdAdaptor:  file_open 12-Jan-2024 02:28:08 CET PostProcessEvent
Data is served from T2_US_Caltech instead of original site US-Regional-Nebraska
%MSG
12-Jan-2024 02:28:09 CET  Successfully opened file root://cmsxrootd.fnal.gov//store/mc/RunIISummer20UL16MiniAODv2/VBS_OSWW_LT_noTop_TuneCP5_13TeV-madgraph-pythia8/MINIAODSIM/106X_mcRun2_asymptotic_v17-v1/280000/7A7552C4-FACA-BF42-A488-BCB379729121.root
12-Jan-2024 02:28:31 CET  Closed file root://cmsxrootd.fnal.gov//store/mc/RunIISummer20UL16MiniAODv2/VBS_OSWW_LT_noTop_TuneCP5_13TeV-madgraph-pythia8/MINIAODSIM/106X_mcRun2_asymptotic_v17-v1/280000/7A7552C4-FACA-BF42-A488-BCB379729121.root
12-Jan-2024 02:28:31 CET  Initiating request to open file root://cmsxrootd.fnal.gov//store/mc/RunIISummer20UL16MiniAODv2/VBS_OSWW_LT_noTop_TuneCP5_13TeV-madgraph-pythia8/MINIAODSIM/106X_mcRun2_asymptotic_v17-v1/280000/D20F20F4-B792-A34C-8843-1D3CE4B4E6A9.root
%MSG-w XrdAdaptor:  file_open 12-Jan-2024 02:28:34 CET PostProcessEvent
Data is served from T2_US_Caltech instead of original site US-Regional-Nebraska
%MSG
12-Jan-2024 02:28:35 CET  Successfully opened file root://cmsxrootd.fnal.gov//store/mc/RunIISummer20UL16MiniAODv2/VBS_OSWW_LT_noTop_TuneCP5_13TeV-madgraph-pythia8/MINIAODSIM/106X_mcRun2_asymptotic_v17-v1/280000/D20F20F4-B792-A34C-8843-1D3CE4B4E6A9.root
12-Jan-2024 02:28:57 CET  Closed file root://cmsxrootd.fnal.gov//store/mc/RunIISummer20UL16MiniAODv2/VBS_OSWW_LT_noTop_TuneCP5_13TeV-madgraph-pythia8/MINIAODSIM/106X_mcRun2_asymptotic_v17-v1/280000/D20F20F4-B792-A34C-8843-1D3CE4B4E6A9.root
12-Jan-2024 02:28:57 CET  Initiating request to open file root://cmsxrootd.fnal.gov//store/mc/RunIISummer20UL16MiniAODv2/VBS_OSWW_LT_noTop_TuneCP5_13TeV-madgraph-pythia8/MINIAODSIM/106X_mcRun2_asymptotic_v17-v1/280000/915E1082-8B7D-F041-9CD6-B8EDDC41256B.root
%MSG-w XrdAdaptor:  file_open 12-Jan-2024 02:28:59 CET PostProcessEvent
Data is served from T2_US_Caltech instead of original site US-Regional-Nebraska
%MSG
12-Jan-2024 02:29:01 CET  Successfully opened file root://cmsxrootd.fnal.gov//store/mc/RunIISummer20UL16MiniAODv2/VBS_OSWW_LT_noTop_TuneCP5_13TeV-madgraph-pythia8/MINIAODSIM/106X_mcRun2_asymptotic_v17-v1/280000/915E1082-8B7D-F041-9CD6-B8EDDC41256B.root
Begin processing the 500001st record. Run 1, Event 881001, LumiSection 882 on stream 0 at 12-Jan-2024 02:29:22.646 CET
12-Jan-2024 02:29:24 CET  Closed file root://cmsxrootd.fnal.gov//store/mc/RunIISummer20UL16MiniAODv2/VBS_OSWW_LT_noTop_TuneCP5_13TeV-madgraph-pythia8/MINIAODSIM/106X_mcRun2_asymptotic_v17-v1/280000/915E1082-8B7D-F041-9CD6-B8EDDC41256B.root
12-Jan-2024 02:29:24 CET  Initiating request to open file root://cmsxrootd.fnal.gov//store/mc/RunIISummer20UL16MiniAODv2/VBS_OSWW_LT_noTop_TuneCP5_13TeV-madgraph-pythia8/MINIAODSIM/106X_mcRun2_asymptotic_v17-v1/280000/DDB39143-7B3D-414D-9AB7-16B9801E3492.root
%MSG-w XrdAdaptor:  file_open 12-Jan-2024 02:29:26 CET PostProcessEvent
Data is served from T2_US_Caltech instead of original site US-Regional-Nebraska
%MSG
12-Jan-2024 02:29:27 CET  Successfully opened file root://cmsxrootd.fnal.gov//store/mc/RunIISummer20UL16MiniAODv2/VBS_OSWW_LT_noTop_TuneCP5_13TeV-madgraph-pythia8/MINIAODSIM/106X_mcRun2_asymptotic_v17-v1/280000/DDB39143-7B3D-414D-9AB7-16B9801E3492.root
12-Jan-2024 02:29:44 CET  Closed file root://cmsxrootd.fnal.gov//store/mc/RunIISummer20UL16MiniAODv2/VBS_OSWW_LT_noTop_TuneCP5_13TeV-madgraph-pythia8/MINIAODSIM/106X_mcRun2_asymptotic_v17-v1/280000/DDB39143-7B3D-414D-9AB7-16B9801E3492.root
12-Jan-2024 02:29:44 CET  Initiating request to open file root://cmsxrootd.fnal.gov//store/mc/RunIISummer20UL16MiniAODv2/VBS_OSWW_LT_noTop_TuneCP5_13TeV-madgraph-pythia8/MINIAODSIM/106X_mcRun2_asymptotic_v17-v1/280000/1DCBEEBB-45EC-8A45-BFD6-2A5ED3A4C2CC.root
%MSG-w XrdAdaptor:  file_open 12-Jan-2024 02:29:46 CET PostProcessEvent
Data is served from T2_US_Caltech instead of original site US-Regional-Nebraska
%MSG
12-Jan-2024 02:29:47 CET  Successfully opened file root://cmsxrootd.fnal.gov//store/mc/RunIISummer20UL16MiniAODv2/VBS_OSWW_LT_noTop_TuneCP5_13TeV-madgraph-pythia8/MINIAODSIM/106X_mcRun2_asymptotic_v17-v1/280000/1DCBEEBB-45EC-8A45-BFD6-2A5ED3A4C2CC.root
Begin processing the 600001st record. Run 1, Event 22007, LumiSection 23 on stream 0 at 12-Jan-2024 02:30:11.459 CET
12-Jan-2024 02:30:12 CET  Closed file root://cmsxrootd.fnal.gov//store/mc/RunIISummer20UL16MiniAODv2/VBS_OSWW_LT_noTop_TuneCP5_13TeV-madgraph-pythia8/MINIAODSIM/106X_mcRun2_asymptotic_v17-v1/280000/1DCBEEBB-45EC-8A45-BFD6-2A5ED3A4C2CC.root
12-Jan-2024 02:30:12 CET  Initiating request to open file root://cmsxrootd.fnal.gov//store/mc/RunIISummer20UL16MiniAODv2/VBS_OSWW_LT_noTop_TuneCP5_13TeV-madgraph-pythia8/MINIAODSIM/106X_mcRun2_asymptotic_v17-v1/280000/6086D1FC-3520-DF4B-A553-F0F76329BCE7.root
%MSG-w XrdAdaptor:  file_open 12-Jan-2024 02:30:14 CET PostProcessEvent
Data is served from T2_US_Caltech instead of original site US-Regional-Nebraska
%MSG
12-Jan-2024 02:30:15 CET  Successfully opened file root://cmsxrootd.fnal.gov//store/mc/RunIISummer20UL16MiniAODv2/VBS_OSWW_LT_noTop_TuneCP5_13TeV-madgraph-pythia8/MINIAODSIM/106X_mcRun2_asymptotic_v17-v1/280000/6086D1FC-3520-DF4B-A553-F0F76329BCE7.root
12-Jan-2024 02:30:40 CET  Closed file root://cmsxrootd.fnal.gov//store/mc/RunIISummer20UL16MiniAODv2/VBS_OSWW_LT_noTop_TuneCP5_13TeV-madgraph-pythia8/MINIAODSIM/106X_mcRun2_asymptotic_v17-v1/280000/6086D1FC-3520-DF4B-A553-F0F76329BCE7.root
12-Jan-2024 02:30:40 CET  Initiating request to open file root://cmsxrootd.fnal.gov//store/mc/RunIISummer20UL16MiniAODv2/VBS_OSWW_LT_noTop_TuneCP5_13TeV-madgraph-pythia8/MINIAODSIM/106X_mcRun2_asymptotic_v17-v1/280000/C807C7A5-A709-8746-B84C-34074CF1B424.root
%MSG-w XrdAdaptor:  file_open 12-Jan-2024 02:30:43 CET PostProcessEvent
Data is served from T2_US_Caltech instead of original site US-Regional-Nebraska
%MSG
12-Jan-2024 02:30:44 CET  Successfully opened file root://cmsxrootd.fnal.gov//store/mc/RunIISummer20UL16MiniAODv2/VBS_OSWW_LT_noTop_TuneCP5_13TeV-madgraph-pythia8/MINIAODSIM/106X_mcRun2_asymptotic_v17-v1/280000/C807C7A5-A709-8746-B84C-34074CF1B424.root
Begin processing the 700001st record. Run 1, Event 232015, LumiSection 233 on stream 0 at 12-Jan-2024 02:31:00.425 CET
12-Jan-2024 02:31:01 CET  Closed file root://cmsxrootd.fnal.gov//store/mc/RunIISummer20UL16MiniAODv2/VBS_OSWW_LT_noTop_TuneCP5_13TeV-madgraph-pythia8/MINIAODSIM/106X_mcRun2_asymptotic_v17-v1/280000/C807C7A5-A709-8746-B84C-34074CF1B424.root
12-Jan-2024 02:31:01 CET  Initiating request to open file root://cmsxrootd.fnal.gov//store/mc/RunIISummer20UL16MiniAODv2/VBS_OSWW_LT_noTop_TuneCP5_13TeV-madgraph-pythia8/MINIAODSIM/106X_mcRun2_asymptotic_v17-v1/280000/EF6E6656-8FBB-5343-A000-2A5ACD28554A.root
%MSG-w XrdAdaptor:  file_open 12-Jan-2024 02:31:03 CET PostProcessEvent
Data is served from T2_US_Caltech instead of original site US-Regional-Nebraska
%MSG
12-Jan-2024 02:31:04 CET  Successfully opened file root://cmsxrootd.fnal.gov//store/mc/RunIISummer20UL16MiniAODv2/VBS_OSWW_LT_noTop_TuneCP5_13TeV-madgraph-pythia8/MINIAODSIM/106X_mcRun2_asymptotic_v17-v1/280000/EF6E6656-8FBB-5343-A000-2A5ACD28554A.root
12-Jan-2024 02:31:20 CET  Closed file root://cmsxrootd.fnal.gov//store/mc/RunIISummer20UL16MiniAODv2/VBS_OSWW_LT_noTop_TuneCP5_13TeV-madgraph-pythia8/MINIAODSIM/106X_mcRun2_asymptotic_v17-v1/280000/EF6E6656-8FBB-5343-A000-2A5ACD28554A.root
12-Jan-2024 02:31:20 CET  Initiating request to open file root://cmsxrootd.fnal.gov//store/mc/RunIISummer20UL16MiniAODv2/VBS_OSWW_LT_noTop_TuneCP5_13TeV-madgraph-pythia8/MINIAODSIM/106X_mcRun2_asymptotic_v17-v1/280000/93BD4358-1FA2-2742-9525-9B5EEC40D179.root
%MSG-w XrdAdaptor:  file_open 12-Jan-2024 02:31:22 CET PostProcessEvent
Data is served from T2_US_Caltech instead of original site US-Regional-Nebraska
%MSG
12-Jan-2024 02:31:23 CET  Successfully opened file root://cmsxrootd.fnal.gov//store/mc/RunIISummer20UL16MiniAODv2/VBS_OSWW_LT_noTop_TuneCP5_13TeV-madgraph-pythia8/MINIAODSIM/106X_mcRun2_asymptotic_v17-v1/280000/93BD4358-1FA2-2742-9525-9B5EEC40D179.root
Begin processing the 800001st record. Run 1, Event 746012, LumiSection 747 on stream 0 at 12-Jan-2024 02:31:45.359 CET
12-Jan-2024 02:31:45 CET  Closed file root://cmsxrootd.fnal.gov//store/mc/RunIISummer20UL16MiniAODv2/VBS_OSWW_LT_noTop_TuneCP5_13TeV-madgraph-pythia8/MINIAODSIM/106X_mcRun2_asymptotic_v17-v1/280000/93BD4358-1FA2-2742-9525-9B5EEC40D179.root
12-Jan-2024 02:31:45 CET  Initiating request to open file root://cmsxrootd.fnal.gov//store/mc/RunIISummer20UL16MiniAODv2/VBS_OSWW_LT_noTop_TuneCP5_13TeV-madgraph-pythia8/MINIAODSIM/106X_mcRun2_asymptotic_v17-v1/280000/6E79EEA8-1551-7D4C-B0FD-6EFEBC9E2116.root
%MSG-w XrdAdaptor:  file_open 12-Jan-2024 02:31:48 CET PostProcessEvent
Data is served from T2_US_Caltech instead of original site US-Regional-Nebraska
%MSG
12-Jan-2024 02:31:49 CET  Successfully opened file root://cmsxrootd.fnal.gov//store/mc/RunIISummer20UL16MiniAODv2/VBS_OSWW_LT_noTop_TuneCP5_13TeV-madgraph-pythia8/MINIAODSIM/106X_mcRun2_asymptotic_v17-v1/280000/6E79EEA8-1551-7D4C-B0FD-6EFEBC9E2116.root
12-Jan-2024 02:32:15 CET  Closed file root://cmsxrootd.fnal.gov//store/mc/RunIISummer20UL16MiniAODv2/VBS_OSWW_LT_noTop_TuneCP5_13TeV-madgraph-pythia8/MINIAODSIM/106X_mcRun2_asymptotic_v17-v1/280000/6E79EEA8-1551-7D4C-B0FD-6EFEBC9E2116.root
12-Jan-2024 02:32:15 CET  Initiating request to open file root://cmsxrootd.fnal.gov//store/mc/RunIISummer20UL16MiniAODv2/VBS_OSWW_LT_noTop_TuneCP5_13TeV-madgraph-pythia8/MINIAODSIM/106X_mcRun2_asymptotic_v17-v1/280000/FC902AEF-F15C-B74B-9C58-9A2C74C86F50.root
%MSG-w XrdAdaptor:  file_open 12-Jan-2024 02:32:18 CET PostProcessEvent
Data is served from T2_US_Caltech instead of original site US-Regional-Nebraska
%MSG
12-Jan-2024 02:32:19 CET  Successfully opened file root://cmsxrootd.fnal.gov//store/mc/RunIISummer20UL16MiniAODv2/VBS_OSWW_LT_noTop_TuneCP5_13TeV-madgraph-pythia8/MINIAODSIM/106X_mcRun2_asymptotic_v17-v1/280000/FC902AEF-F15C-B74B-9C58-9A2C74C86F50.root
Begin processing the 900001st record. Run 1, Event 859018, LumiSection 860 on stream 0 at 12-Jan-2024 02:32:39.895 CET
12-Jan-2024 02:32:40 CET  Closed file root://cmsxrootd.fnal.gov//store/mc/RunIISummer20UL16MiniAODv2/VBS_OSWW_LT_noTop_TuneCP5_13TeV-madgraph-pythia8/MINIAODSIM/106X_mcRun2_asymptotic_v17-v1/280000/FC902AEF-F15C-B74B-9C58-9A2C74C86F50.root
12-Jan-2024 02:32:40 CET  Initiating request to open file root://cmsxrootd.fnal.gov//store/mc/RunIISummer20UL16MiniAODv2/VBS_OSWW_LT_noTop_TuneCP5_13TeV-madgraph-pythia8/MINIAODSIM/106X_mcRun2_asymptotic_v17-v1/280000/30B6A42A-E6D8-414F-8FAB-00E313F15FC2.root
%MSG-w XrdAdaptor:  file_open 12-Jan-2024 02:32:42 CET PostProcessEvent
Data is served from T2_US_Caltech instead of original site US-Regional-Nebraska
%MSG
12-Jan-2024 02:32:43 CET  Successfully opened file root://cmsxrootd.fnal.gov//store/mc/RunIISummer20UL16MiniAODv2/VBS_OSWW_LT_noTop_TuneCP5_13TeV-madgraph-pythia8/MINIAODSIM/106X_mcRun2_asymptotic_v17-v1/280000/30B6A42A-E6D8-414F-8FAB-00E313F15FC2.root
      0.014328      0.000131      0.000014             1
 
12-Jan-2024 02:32:48 CET  Closed file root://cmsxrootd.fnal.gov//store/mc/RunIISummer20UL16MiniAODv2/VBS_OSWW_LT_noTop_TuneCP5_13TeV-madgraph-pythia8/MINIAODSIM/106X_mcRun2_asymptotic_v17-v1/280000/30B6A42A-E6D8-414F-8FAB-00E313F15FC2.root

------------------------------------
GenXsecAnalyzer:
------------------------------------
-------------------------------------------------------------------------------------------------------------------------------------------------------------------------- 
Overall cross-section summary 
--------------------------------------------------------------------------------------------------------------------------------------------------------------------------
Process		xsec_before [pb]		passed	nposw	nnegw	tried	nposw	nnegw 	xsec_match [pb]			accepted [%]	 event_eff [%]
0		1.439e-02 +/- 4.066e-06		918000	918000	0	918000	918000	0	1.439e-02 +/- 4.066e-06		100.0 +/- 0.0	100.0 +/- 0.0
-------------------------------------------------------------------------------------------------------------------------------------------------------------------------- 
Total		1.439e-02 +/- 4.066e-06		918000	918000	0	918000	918000	0	1.439e-02 +/- 4.066e-06		100.0 +/- 0.0	100.0 +/- 0.0
--------------------------------------------------------------------------------------------------------------------------------------------------------------------------
Before matching: total cross section = 1.439e-02 +- 4.066e-06 pb
After matching: total cross section = 1.439e-02 +- 4.066e-06 pb
Matching efficiency = 1.0 +/- 0.0   [TO BE USED IN MCM]
Filter efficiency (taking into account weights)= (918000) / (918000) = 1.000e+00 +- 0.000e+00
Filter efficiency (event-level)= (918000) / (918000) = 1.000e+00 +- 0.000e+00    [TO BE USED IN MCM]

After filter: final cross section = 1.439e-02 +- 4.066e-06 pb
After filter: final fraction of events with negative weights = 0.000e+00 +- 0.000e+00
After filter: final equivalent lumi for 1M events (1/fb) = 6.951e+04 +- 7.223e+01

=============================================

MessageLogger Summary

 type     category        sev    module        subroutine        count    total
 ---- -------------------- -- ---------------- ----------------  -----    -----
    1 GenXSecAnalyzer      -w GenXSecAnalyzer:                      15       15
    2 XrdAdaptor           -w file_open                             27       27
    3 fileAction           -s file_close                            27       27
    4 fileAction           -s file_open                             54       54

 type    category    Examples: run/evt        run/evt          run/evt
 ---- -------------------- ---------------- ---------------- ----------------
    1 GenXSecAnalyzer      PostGlobalEndRun PostGlobalEndRun PostGlobalEndRun
    2 XrdAdaptor           pre-events       PostProcessEvent PostProcessEvent
    3 fileAction           PostProcessEvent PostProcessEvent PostGlobalEndRun
    4 fileAction           pre-events       pre-events       PostProcessEvent

Severity    # Occurrences   Total Occurrences
--------    -------------   -----------------
Warning                42                  42
System                 81                  81

dropped waiting message count 0
