10-Jan-2024 23:21:48 CET  Initiating request to open file root://cmsxrootd.fnal.gov//store/mc/RunIISummer20UL16MiniAODv2/EWKWminus2Jets_WToQQ_dipoleRecoilOn_TuneCP5_13TeV-madgraph-pythia8/MINIAODSIM/106X_mcRun2_asymptotic_v17-v2/2830000/93A8F9C7-50C9-544B-B455-AE12420B79D7.root
%MSG-w XrdAdaptor:  file_open 10-Jan-2024 23:21:52 CET pre-events
Data is served from T2_US_Caltech instead of original site US-Regional-Nebraska
%MSG
10-Jan-2024 23:21:56 CET  Successfully opened file root://cmsxrootd.fnal.gov//store/mc/RunIISummer20UL16MiniAODv2/EWKWminus2Jets_WToQQ_dipoleRecoilOn_TuneCP5_13TeV-madgraph-pythia8/MINIAODSIM/106X_mcRun2_asymptotic_v17-v2/2830000/93A8F9C7-50C9-544B-B455-AE12420B79D7.root
Begin processing the 1st record. Run 1, Event 78541, LumiSection 85 on stream 0 at 10-Jan-2024 23:22:10.783 CET
10-Jan-2024 23:22:12 CET  Closed file root://cmsxrootd.fnal.gov//store/mc/RunIISummer20UL16MiniAODv2/EWKWminus2Jets_WToQQ_dipoleRecoilOn_TuneCP5_13TeV-madgraph-pythia8/MINIAODSIM/106X_mcRun2_asymptotic_v17-v2/2830000/93A8F9C7-50C9-544B-B455-AE12420B79D7.root
10-Jan-2024 23:22:12 CET  Initiating request to open file root://cmsxrootd.fnal.gov//store/mc/RunIISummer20UL16MiniAODv2/EWKWminus2Jets_WToQQ_dipoleRecoilOn_TuneCP5_13TeV-madgraph-pythia8/MINIAODSIM/106X_mcRun2_asymptotic_v17-v2/2830000/689F9335-C4D0-944D-B5DA-9682315558F0.root
%MSG-w XrdAdaptor:  file_open 10-Jan-2024 23:22:16 CET PostProcessEvent
Data is served from T2_US_Caltech instead of original site US-Regional-Nebraska
%MSG
10-Jan-2024 23:22:17 CET  Successfully opened file root://cmsxrootd.fnal.gov//store/mc/RunIISummer20UL16MiniAODv2/EWKWminus2Jets_WToQQ_dipoleRecoilOn_TuneCP5_13TeV-madgraph-pythia8/MINIAODSIM/106X_mcRun2_asymptotic_v17-v2/2830000/689F9335-C4D0-944D-B5DA-9682315558F0.root
10-Jan-2024 23:22:41 CET  Closed file root://cmsxrootd.fnal.gov//store/mc/RunIISummer20UL16MiniAODv2/EWKWminus2Jets_WToQQ_dipoleRecoilOn_TuneCP5_13TeV-madgraph-pythia8/MINIAODSIM/106X_mcRun2_asymptotic_v17-v2/2830000/689F9335-C4D0-944D-B5DA-9682315558F0.root
10-Jan-2024 23:22:41 CET  Initiating request to open file root://cmsxrootd.fnal.gov//store/mc/RunIISummer20UL16MiniAODv2/EWKWminus2Jets_WToQQ_dipoleRecoilOn_TuneCP5_13TeV-madgraph-pythia8/MINIAODSIM/106X_mcRun2_asymptotic_v17-v2/2830000/6F59ECCB-0611-1348-86FC-DBFCD6451096.root
%MSG-w XrdAdaptor:  file_open 10-Jan-2024 23:22:44 CET PostProcessEvent
Data is served from T2_US_Caltech instead of original site US-Regional-Nebraska
%MSG
10-Jan-2024 23:22:45 CET  Successfully opened file root://cmsxrootd.fnal.gov//store/mc/RunIISummer20UL16MiniAODv2/EWKWminus2Jets_WToQQ_dipoleRecoilOn_TuneCP5_13TeV-madgraph-pythia8/MINIAODSIM/106X_mcRun2_asymptotic_v17-v2/2830000/6F59ECCB-0611-1348-86FC-DBFCD6451096.root
Begin processing the 100001st record. Run 1, Event 1915747, LumiSection 2049 on stream 0 at 10-Jan-2024 23:23:02.859 CET
10-Jan-2024 23:23:03 CET  Closed file root://cmsxrootd.fnal.gov//store/mc/RunIISummer20UL16MiniAODv2/EWKWminus2Jets_WToQQ_dipoleRecoilOn_TuneCP5_13TeV-madgraph-pythia8/MINIAODSIM/106X_mcRun2_asymptotic_v17-v2/2830000/6F59ECCB-0611-1348-86FC-DBFCD6451096.root
10-Jan-2024 23:23:03 CET  Initiating request to open file root://cmsxrootd.fnal.gov//store/mc/RunIISummer20UL16MiniAODv2/EWKWminus2Jets_WToQQ_dipoleRecoilOn_TuneCP5_13TeV-madgraph-pythia8/MINIAODSIM/106X_mcRun2_asymptotic_v17-v2/2830000/AD2AB05A-B381-EE46-815D-0EADA611A6F1.root
%MSG-w XrdAdaptor:  file_open 10-Jan-2024 23:23:06 CET PostProcessEvent
Data is served from T2_US_Caltech instead of original site US-Regional-Nebraska
%MSG
10-Jan-2024 23:23:07 CET  Successfully opened file root://cmsxrootd.fnal.gov//store/mc/RunIISummer20UL16MiniAODv2/EWKWminus2Jets_WToQQ_dipoleRecoilOn_TuneCP5_13TeV-madgraph-pythia8/MINIAODSIM/106X_mcRun2_asymptotic_v17-v2/2830000/AD2AB05A-B381-EE46-815D-0EADA611A6F1.root
10-Jan-2024 23:23:15 CET  Closed file root://cmsxrootd.fnal.gov//store/mc/RunIISummer20UL16MiniAODv2/EWKWminus2Jets_WToQQ_dipoleRecoilOn_TuneCP5_13TeV-madgraph-pythia8/MINIAODSIM/106X_mcRun2_asymptotic_v17-v2/2830000/AD2AB05A-B381-EE46-815D-0EADA611A6F1.root
10-Jan-2024 23:23:15 CET  Initiating request to open file root://cmsxrootd.fnal.gov//store/mc/RunIISummer20UL16MiniAODv2/EWKWminus2Jets_WToQQ_dipoleRecoilOn_TuneCP5_13TeV-madgraph-pythia8/MINIAODSIM/106X_mcRun2_asymptotic_v17-v2/2830000/DE91A91A-07D6-EA40-8CAE-5259F29DE458.root
%MSG-w XrdAdaptor:  file_open 10-Jan-2024 23:23:19 CET PostProcessEvent
Data is served from T2_US_Florida instead of original site US-Regional-Nebraska
%MSG
10-Jan-2024 23:23:19 CET  Successfully opened file root://cmsxrootd.fnal.gov//store/mc/RunIISummer20UL16MiniAODv2/EWKWminus2Jets_WToQQ_dipoleRecoilOn_TuneCP5_13TeV-madgraph-pythia8/MINIAODSIM/106X_mcRun2_asymptotic_v17-v2/2830000/DE91A91A-07D6-EA40-8CAE-5259F29DE458.root
10-Jan-2024 23:23:25 CET  Closed file root://cmsxrootd.fnal.gov//store/mc/RunIISummer20UL16MiniAODv2/EWKWminus2Jets_WToQQ_dipoleRecoilOn_TuneCP5_13TeV-madgraph-pythia8/MINIAODSIM/106X_mcRun2_asymptotic_v17-v2/2830000/DE91A91A-07D6-EA40-8CAE-5259F29DE458.root
10-Jan-2024 23:23:25 CET  Initiating request to open file root://cmsxrootd.fnal.gov//store/mc/RunIISummer20UL16MiniAODv2/EWKWminus2Jets_WToQQ_dipoleRecoilOn_TuneCP5_13TeV-madgraph-pythia8/MINIAODSIM/106X_mcRun2_asymptotic_v17-v2/2830000/F969542F-4913-B947-9BB8-06EB34E24104.root
Unable to load sec.protocol plugin libXrdSecztn.so
%MSG-w XrdAdaptor:  file_open 10-Jan-2024 23:23:30 CET PostProcessEvent
Data is served from fnal.gov instead of original site US-Regional-Nebraska
%MSG
10-Jan-2024 23:23:31 CET  Successfully opened file root://cmsxrootd.fnal.gov//store/mc/RunIISummer20UL16MiniAODv2/EWKWminus2Jets_WToQQ_dipoleRecoilOn_TuneCP5_13TeV-madgraph-pythia8/MINIAODSIM/106X_mcRun2_asymptotic_v17-v2/2830000/F969542F-4913-B947-9BB8-06EB34E24104.root
Unable to load sec.protocol plugin libXrdSecztn.so
Unable to load sec.protocol plugin libXrdSecztn.so
10-Jan-2024 23:24:31 CET  Closed file root://cmsxrootd.fnal.gov//store/mc/RunIISummer20UL16MiniAODv2/EWKWminus2Jets_WToQQ_dipoleRecoilOn_TuneCP5_13TeV-madgraph-pythia8/MINIAODSIM/106X_mcRun2_asymptotic_v17-v2/2830000/F969542F-4913-B947-9BB8-06EB34E24104.root
10-Jan-2024 23:24:31 CET  Initiating request to open file root://cmsxrootd.fnal.gov//store/mc/RunIISummer20UL16MiniAODv2/EWKWminus2Jets_WToQQ_dipoleRecoilOn_TuneCP5_13TeV-madgraph-pythia8/MINIAODSIM/106X_mcRun2_asymptotic_v17-v2/2830000/9A910CD3-99FD-0542-9C07-361957AA9FB7.root
%MSG-w XrdAdaptor:  file_open 10-Jan-2024 23:24:35 CET PostProcessEvent
Data is served from T2_US_Wisconsin instead of original site US-Regional-Nebraska
%MSG
10-Jan-2024 23:24:35 CET  Successfully opened file root://cmsxrootd.fnal.gov//store/mc/RunIISummer20UL16MiniAODv2/EWKWminus2Jets_WToQQ_dipoleRecoilOn_TuneCP5_13TeV-madgraph-pythia8/MINIAODSIM/106X_mcRun2_asymptotic_v17-v2/2830000/9A910CD3-99FD-0542-9C07-361957AA9FB7.root
10-Jan-2024 23:24:42 CET  Closed file root://cmsxrootd.fnal.gov//store/mc/RunIISummer20UL16MiniAODv2/EWKWminus2Jets_WToQQ_dipoleRecoilOn_TuneCP5_13TeV-madgraph-pythia8/MINIAODSIM/106X_mcRun2_asymptotic_v17-v2/2830000/9A910CD3-99FD-0542-9C07-361957AA9FB7.root
10-Jan-2024 23:24:42 CET  Initiating request to open file root://cmsxrootd.fnal.gov//store/mc/RunIISummer20UL16MiniAODv2/EWKWminus2Jets_WToQQ_dipoleRecoilOn_TuneCP5_13TeV-madgraph-pythia8/MINIAODSIM/106X_mcRun2_asymptotic_v17-v2/2830000/60556ED2-D6DB-C940-9E34-5D2FE112D59E.root
%MSG-w XrdAdaptor:  file_open 10-Jan-2024 23:24:46 CET PostProcessEvent
Data is served from cms.rcac.purdue.edu instead of original site US-Regional-Nebraska
%MSG
10-Jan-2024 23:24:46 CET  Successfully opened file root://cmsxrootd.fnal.gov//store/mc/RunIISummer20UL16MiniAODv2/EWKWminus2Jets_WToQQ_dipoleRecoilOn_TuneCP5_13TeV-madgraph-pythia8/MINIAODSIM/106X_mcRun2_asymptotic_v17-v2/2830000/60556ED2-D6DB-C940-9E34-5D2FE112D59E.root
Begin processing the 200001st record. Run 1, Event 754463, LumiSection 807 on stream 0 at 10-Jan-2024 23:24:53.761 CET
10-Jan-2024 23:24:54 CET  Closed file root://cmsxrootd.fnal.gov//store/mc/RunIISummer20UL16MiniAODv2/EWKWminus2Jets_WToQQ_dipoleRecoilOn_TuneCP5_13TeV-madgraph-pythia8/MINIAODSIM/106X_mcRun2_asymptotic_v17-v2/2830000/60556ED2-D6DB-C940-9E34-5D2FE112D59E.root
10-Jan-2024 23:24:54 CET  Initiating request to open file root://cmsxrootd.fnal.gov//store/mc/RunIISummer20UL16MiniAODv2/EWKWminus2Jets_WToQQ_dipoleRecoilOn_TuneCP5_13TeV-madgraph-pythia8/MINIAODSIM/106X_mcRun2_asymptotic_v17-v2/2830000/E705B960-91D8-C246-B34C-D01194741361.root
%MSG-w XrdAdaptor:  file_open 10-Jan-2024 23:24:57 CET PostProcessEvent
Data is served from cms.rcac.purdue.edu instead of original site US-Regional-Nebraska
%MSG
10-Jan-2024 23:24:58 CET  Successfully opened file root://cmsxrootd.fnal.gov//store/mc/RunIISummer20UL16MiniAODv2/EWKWminus2Jets_WToQQ_dipoleRecoilOn_TuneCP5_13TeV-madgraph-pythia8/MINIAODSIM/106X_mcRun2_asymptotic_v17-v2/2830000/E705B960-91D8-C246-B34C-D01194741361.root
10-Jan-2024 23:25:04 CET  Closed file root://cmsxrootd.fnal.gov//store/mc/RunIISummer20UL16MiniAODv2/EWKWminus2Jets_WToQQ_dipoleRecoilOn_TuneCP5_13TeV-madgraph-pythia8/MINIAODSIM/106X_mcRun2_asymptotic_v17-v2/2830000/E705B960-91D8-C246-B34C-D01194741361.root
10-Jan-2024 23:25:04 CET  Initiating request to open file root://cmsxrootd.fnal.gov//store/mc/RunIISummer20UL16MiniAODv2/EWKWminus2Jets_WToQQ_dipoleRecoilOn_TuneCP5_13TeV-madgraph-pythia8/MINIAODSIM/106X_mcRun2_asymptotic_v17-v2/2830000/A17926D0-2FB9-624C-A749-EC25CAA2230E.root
%MSG-w XrdAdaptor:  file_open 10-Jan-2024 23:25:06 CET PostProcessEvent
Data is served from cms.rcac.purdue.edu instead of original site US-Regional-Nebraska
%MSG
10-Jan-2024 23:25:07 CET  Successfully opened file root://cmsxrootd.fnal.gov//store/mc/RunIISummer20UL16MiniAODv2/EWKWminus2Jets_WToQQ_dipoleRecoilOn_TuneCP5_13TeV-madgraph-pythia8/MINIAODSIM/106X_mcRun2_asymptotic_v17-v2/2830000/A17926D0-2FB9-624C-A749-EC25CAA2230E.root
Begin processing the 300001st record. Run 1, Event 3694058, LumiSection 3951 on stream 0 at 10-Jan-2024 23:25:14.006 CET
10-Jan-2024 23:25:14 CET  Closed file root://cmsxrootd.fnal.gov//store/mc/RunIISummer20UL16MiniAODv2/EWKWminus2Jets_WToQQ_dipoleRecoilOn_TuneCP5_13TeV-madgraph-pythia8/MINIAODSIM/106X_mcRun2_asymptotic_v17-v2/2830000/A17926D0-2FB9-624C-A749-EC25CAA2230E.root
10-Jan-2024 23:25:14 CET  Initiating request to open file root://cmsxrootd.fnal.gov//store/mc/RunIISummer20UL16MiniAODv2/EWKWminus2Jets_WToQQ_dipoleRecoilOn_TuneCP5_13TeV-madgraph-pythia8/MINIAODSIM/106X_mcRun2_asymptotic_v17-v2/2830000/60767750-50A0-E741-A95F-68152E670A32.root
%MSG-w XrdAdaptor:  file_open 10-Jan-2024 23:25:16 CET PostProcessEvent
Data is served from cms.rcac.purdue.edu instead of original site US-Regional-Nebraska
%MSG
10-Jan-2024 23:25:17 CET  Successfully opened file root://cmsxrootd.fnal.gov//store/mc/RunIISummer20UL16MiniAODv2/EWKWminus2Jets_WToQQ_dipoleRecoilOn_TuneCP5_13TeV-madgraph-pythia8/MINIAODSIM/106X_mcRun2_asymptotic_v17-v2/2830000/60767750-50A0-E741-A95F-68152E670A32.root
10-Jan-2024 23:25:26 CET  Closed file root://cmsxrootd.fnal.gov//store/mc/RunIISummer20UL16MiniAODv2/EWKWminus2Jets_WToQQ_dipoleRecoilOn_TuneCP5_13TeV-madgraph-pythia8/MINIAODSIM/106X_mcRun2_asymptotic_v17-v2/2830000/60767750-50A0-E741-A95F-68152E670A32.root
10-Jan-2024 23:25:26 CET  Initiating request to open file root://cmsxrootd.fnal.gov//store/mc/RunIISummer20UL16MiniAODv2/EWKWminus2Jets_WToQQ_dipoleRecoilOn_TuneCP5_13TeV-madgraph-pythia8/MINIAODSIM/106X_mcRun2_asymptotic_v17-v2/2830000/FE72A66F-C172-F64B-B038-C996F2550798.root
%MSG-w XrdAdaptor:  file_open 10-Jan-2024 23:25:29 CET PostProcessEvent
Data is served from cms.rcac.purdue.edu instead of original site US-Regional-Nebraska
%MSG
10-Jan-2024 23:25:30 CET  Successfully opened file root://cmsxrootd.fnal.gov//store/mc/RunIISummer20UL16MiniAODv2/EWKWminus2Jets_WToQQ_dipoleRecoilOn_TuneCP5_13TeV-madgraph-pythia8/MINIAODSIM/106X_mcRun2_asymptotic_v17-v2/2830000/FE72A66F-C172-F64B-B038-C996F2550798.root
10-Jan-2024 23:25:34 CET  Closed file root://cmsxrootd.fnal.gov//store/mc/RunIISummer20UL16MiniAODv2/EWKWminus2Jets_WToQQ_dipoleRecoilOn_TuneCP5_13TeV-madgraph-pythia8/MINIAODSIM/106X_mcRun2_asymptotic_v17-v2/2830000/FE72A66F-C172-F64B-B038-C996F2550798.root
10-Jan-2024 23:25:34 CET  Initiating request to open file root://cmsxrootd.fnal.gov//store/mc/RunIISummer20UL16MiniAODv2/EWKWminus2Jets_WToQQ_dipoleRecoilOn_TuneCP5_13TeV-madgraph-pythia8/MINIAODSIM/106X_mcRun2_asymptotic_v17-v2/2830000/C442012F-13F9-A944-8B1D-F6BEA6113907.root
%MSG-w XrdAdaptor:  file_open 10-Jan-2024 23:25:37 CET PostProcessEvent
Data is served from cms.rcac.purdue.edu instead of original site US-Regional-Nebraska
%MSG
10-Jan-2024 23:25:37 CET  Successfully opened file root://cmsxrootd.fnal.gov//store/mc/RunIISummer20UL16MiniAODv2/EWKWminus2Jets_WToQQ_dipoleRecoilOn_TuneCP5_13TeV-madgraph-pythia8/MINIAODSIM/106X_mcRun2_asymptotic_v17-v2/2830000/C442012F-13F9-A944-8B1D-F6BEA6113907.root
10-Jan-2024 23:25:45 CET  Closed file root://cmsxrootd.fnal.gov//store/mc/RunIISummer20UL16MiniAODv2/EWKWminus2Jets_WToQQ_dipoleRecoilOn_TuneCP5_13TeV-madgraph-pythia8/MINIAODSIM/106X_mcRun2_asymptotic_v17-v2/2830000/C442012F-13F9-A944-8B1D-F6BEA6113907.root
10-Jan-2024 23:25:45 CET  Initiating request to open file root://cmsxrootd.fnal.gov//store/mc/RunIISummer20UL16MiniAODv2/EWKWminus2Jets_WToQQ_dipoleRecoilOn_TuneCP5_13TeV-madgraph-pythia8/MINIAODSIM/106X_mcRun2_asymptotic_v17-v2/2830000/D897A40E-176C-C742-8131-25EB2185D7F3.root
%MSG-w XrdAdaptor:  file_open 10-Jan-2024 23:25:48 CET PostProcessEvent
Data is served from cms.rcac.purdue.edu instead of original site US-Regional-Nebraska
%MSG
10-Jan-2024 23:25:49 CET  Successfully opened file root://cmsxrootd.fnal.gov//store/mc/RunIISummer20UL16MiniAODv2/EWKWminus2Jets_WToQQ_dipoleRecoilOn_TuneCP5_13TeV-madgraph-pythia8/MINIAODSIM/106X_mcRun2_asymptotic_v17-v2/2830000/D897A40E-176C-C742-8131-25EB2185D7F3.root
Begin processing the 400001st record. Run 1, Event 2421859, LumiSection 2591 on stream 0 at 10-Jan-2024 23:25:58.841 CET
10-Jan-2024 23:26:00 CET  Closed file root://cmsxrootd.fnal.gov//store/mc/RunIISummer20UL16MiniAODv2/EWKWminus2Jets_WToQQ_dipoleRecoilOn_TuneCP5_13TeV-madgraph-pythia8/MINIAODSIM/106X_mcRun2_asymptotic_v17-v2/2830000/D897A40E-176C-C742-8131-25EB2185D7F3.root
10-Jan-2024 23:26:00 CET  Initiating request to open file root://cmsxrootd.fnal.gov//store/mc/RunIISummer20UL16MiniAODv2/EWKWminus2Jets_WToQQ_dipoleRecoilOn_TuneCP5_13TeV-madgraph-pythia8/MINIAODSIM/106X_mcRun2_asymptotic_v17-v2/2830000/BD6CB2F7-4CE8-4B45-9A35-3AD417BB48FE.root
%MSG-w XrdAdaptor:  file_open 10-Jan-2024 23:26:02 CET PostProcessEvent
Data is served from cms.rcac.purdue.edu instead of original site US-Regional-Nebraska
%MSG
10-Jan-2024 23:26:03 CET  Successfully opened file root://cmsxrootd.fnal.gov//store/mc/RunIISummer20UL16MiniAODv2/EWKWminus2Jets_WToQQ_dipoleRecoilOn_TuneCP5_13TeV-madgraph-pythia8/MINIAODSIM/106X_mcRun2_asymptotic_v17-v2/2830000/BD6CB2F7-4CE8-4B45-9A35-3AD417BB48FE.root
Begin processing the 500001st record. Run 1, Event 459241, LumiSection 492 on stream 0 at 10-Jan-2024 23:26:12.326 CET
10-Jan-2024 23:26:13 CET  Closed file root://cmsxrootd.fnal.gov//store/mc/RunIISummer20UL16MiniAODv2/EWKWminus2Jets_WToQQ_dipoleRecoilOn_TuneCP5_13TeV-madgraph-pythia8/MINIAODSIM/106X_mcRun2_asymptotic_v17-v2/2830000/BD6CB2F7-4CE8-4B45-9A35-3AD417BB48FE.root
10-Jan-2024 23:26:13 CET  Initiating request to open file root://cmsxrootd.fnal.gov//store/mc/RunIISummer20UL16MiniAODv2/EWKWminus2Jets_WToQQ_dipoleRecoilOn_TuneCP5_13TeV-madgraph-pythia8/MINIAODSIM/106X_mcRun2_asymptotic_v17-v2/2830000/48B6A48A-24D6-E845-BA5D-25045ED4DA54.root
%MSG-w XrdAdaptor:  file_open 10-Jan-2024 23:26:15 CET PostProcessEvent
Data is served from cms.rcac.purdue.edu instead of original site US-Regional-Nebraska
%MSG
10-Jan-2024 23:26:16 CET  Successfully opened file root://cmsxrootd.fnal.gov//store/mc/RunIISummer20UL16MiniAODv2/EWKWminus2Jets_WToQQ_dipoleRecoilOn_TuneCP5_13TeV-madgraph-pythia8/MINIAODSIM/106X_mcRun2_asymptotic_v17-v2/2830000/48B6A48A-24D6-E845-BA5D-25045ED4DA54.root
10-Jan-2024 23:26:23 CET  Closed file root://cmsxrootd.fnal.gov//store/mc/RunIISummer20UL16MiniAODv2/EWKWminus2Jets_WToQQ_dipoleRecoilOn_TuneCP5_13TeV-madgraph-pythia8/MINIAODSIM/106X_mcRun2_asymptotic_v17-v2/2830000/48B6A48A-24D6-E845-BA5D-25045ED4DA54.root
10-Jan-2024 23:26:23 CET  Initiating request to open file root://cmsxrootd.fnal.gov//store/mc/RunIISummer20UL16MiniAODv2/EWKWminus2Jets_WToQQ_dipoleRecoilOn_TuneCP5_13TeV-madgraph-pythia8/MINIAODSIM/106X_mcRun2_asymptotic_v17-v2/2830000/850C9265-E18D-9249-A91B-556A08959218.root
%MSG-w XrdAdaptor:  file_open 10-Jan-2024 23:26:26 CET PostProcessEvent
Data is served from cms.rcac.purdue.edu instead of original site US-Regional-Nebraska
%MSG
10-Jan-2024 23:26:28 CET  Successfully opened file root://cmsxrootd.fnal.gov//store/mc/RunIISummer20UL16MiniAODv2/EWKWminus2Jets_WToQQ_dipoleRecoilOn_TuneCP5_13TeV-madgraph-pythia8/MINIAODSIM/106X_mcRun2_asymptotic_v17-v2/2830000/850C9265-E18D-9249-A91B-556A08959218.root
10-Jan-2024 23:26:37 CET  Closed file root://cmsxrootd.fnal.gov//store/mc/RunIISummer20UL16MiniAODv2/EWKWminus2Jets_WToQQ_dipoleRecoilOn_TuneCP5_13TeV-madgraph-pythia8/MINIAODSIM/106X_mcRun2_asymptotic_v17-v2/2830000/850C9265-E18D-9249-A91B-556A08959218.root
10-Jan-2024 23:26:37 CET  Initiating request to open file root://cmsxrootd.fnal.gov//store/mc/RunIISummer20UL16MiniAODv2/EWKWminus2Jets_WToQQ_dipoleRecoilOn_TuneCP5_13TeV-madgraph-pythia8/MINIAODSIM/106X_mcRun2_asymptotic_v17-v2/2830000/148CFB0C-6465-DE40-AB62-302373B36D79.root
%MSG-w XrdAdaptor:  file_open 10-Jan-2024 23:26:41 CET PostProcessEvent
Data is served from cms.rcac.purdue.edu instead of original site US-Regional-Nebraska
%MSG
10-Jan-2024 23:26:43 CET  Successfully opened file root://cmsxrootd.fnal.gov//store/mc/RunIISummer20UL16MiniAODv2/EWKWminus2Jets_WToQQ_dipoleRecoilOn_TuneCP5_13TeV-madgraph-pythia8/MINIAODSIM/106X_mcRun2_asymptotic_v17-v2/2830000/148CFB0C-6465-DE40-AB62-302373B36D79.root
Begin processing the 600001st record. Run 1, Event 21617, LumiSection 24 on stream 0 at 10-Jan-2024 23:26:50.582 CET
10-Jan-2024 23:26:52 CET  Closed file root://cmsxrootd.fnal.gov//store/mc/RunIISummer20UL16MiniAODv2/EWKWminus2Jets_WToQQ_dipoleRecoilOn_TuneCP5_13TeV-madgraph-pythia8/MINIAODSIM/106X_mcRun2_asymptotic_v17-v2/2830000/148CFB0C-6465-DE40-AB62-302373B36D79.root
10-Jan-2024 23:26:52 CET  Initiating request to open file root://cmsxrootd.fnal.gov//store/mc/RunIISummer20UL16MiniAODv2/EWKWminus2Jets_WToQQ_dipoleRecoilOn_TuneCP5_13TeV-madgraph-pythia8/MINIAODSIM/106X_mcRun2_asymptotic_v17-v2/2830000/D2AA8AC0-2D06-EA45-A938-FD1877724E2A.root
%MSG-w XrdAdaptor:  file_open 10-Jan-2024 23:26:55 CET PostProcessEvent
Data is served from cms.rcac.purdue.edu instead of original site US-Regional-Nebraska
%MSG
10-Jan-2024 23:26:55 CET  Successfully opened file root://cmsxrootd.fnal.gov//store/mc/RunIISummer20UL16MiniAODv2/EWKWminus2Jets_WToQQ_dipoleRecoilOn_TuneCP5_13TeV-madgraph-pythia8/MINIAODSIM/106X_mcRun2_asymptotic_v17-v2/2830000/D2AA8AC0-2D06-EA45-A938-FD1877724E2A.root
Begin processing the 700001st record. Run 1, Event 2542325, LumiSection 2720 on stream 0 at 10-Jan-2024 23:27:05.792 CET
10-Jan-2024 23:27:05 CET  Closed file root://cmsxrootd.fnal.gov//store/mc/RunIISummer20UL16MiniAODv2/EWKWminus2Jets_WToQQ_dipoleRecoilOn_TuneCP5_13TeV-madgraph-pythia8/MINIAODSIM/106X_mcRun2_asymptotic_v17-v2/2830000/D2AA8AC0-2D06-EA45-A938-FD1877724E2A.root
10-Jan-2024 23:27:05 CET  Initiating request to open file root://cmsxrootd.fnal.gov//store/mc/RunIISummer20UL16MiniAODv2/EWKWminus2Jets_WToQQ_dipoleRecoilOn_TuneCP5_13TeV-madgraph-pythia8/MINIAODSIM/106X_mcRun2_asymptotic_v17-v2/2830000/27C062EC-33CD-CC43-B16D-F856388BE68A.root
%MSG-w XrdAdaptor:  file_open 10-Jan-2024 23:27:08 CET PostProcessEvent
Data is served from cms.rcac.purdue.edu instead of original site US-Regional-Nebraska
%MSG
10-Jan-2024 23:27:09 CET  Successfully opened file root://cmsxrootd.fnal.gov//store/mc/RunIISummer20UL16MiniAODv2/EWKWminus2Jets_WToQQ_dipoleRecoilOn_TuneCP5_13TeV-madgraph-pythia8/MINIAODSIM/106X_mcRun2_asymptotic_v17-v2/2830000/27C062EC-33CD-CC43-B16D-F856388BE68A.root
10-Jan-2024 23:27:16 CET  Closed file root://cmsxrootd.fnal.gov//store/mc/RunIISummer20UL16MiniAODv2/EWKWminus2Jets_WToQQ_dipoleRecoilOn_TuneCP5_13TeV-madgraph-pythia8/MINIAODSIM/106X_mcRun2_asymptotic_v17-v2/2830000/27C062EC-33CD-CC43-B16D-F856388BE68A.root
10-Jan-2024 23:27:16 CET  Initiating request to open file root://cmsxrootd.fnal.gov//store/mc/RunIISummer20UL16MiniAODv2/EWKWminus2Jets_WToQQ_dipoleRecoilOn_TuneCP5_13TeV-madgraph-pythia8/MINIAODSIM/106X_mcRun2_asymptotic_v17-v2/2830000/595D5630-1528-574C-A78D-00801E664F76.root
%MSG-w XrdAdaptor:  file_open 10-Jan-2024 23:27:19 CET PostProcessEvent
Data is served from cms.rcac.purdue.edu instead of original site US-Regional-Nebraska
%MSG
10-Jan-2024 23:27:20 CET  Successfully opened file root://cmsxrootd.fnal.gov//store/mc/RunIISummer20UL16MiniAODv2/EWKWminus2Jets_WToQQ_dipoleRecoilOn_TuneCP5_13TeV-madgraph-pythia8/MINIAODSIM/106X_mcRun2_asymptotic_v17-v2/2830000/595D5630-1528-574C-A78D-00801E664F76.root
Begin processing the 800001st record. Run 1, Event 2437560, LumiSection 2608 on stream 0 at 10-Jan-2024 23:27:28.397 CET
10-Jan-2024 23:27:28 CET  Closed file root://cmsxrootd.fnal.gov//store/mc/RunIISummer20UL16MiniAODv2/EWKWminus2Jets_WToQQ_dipoleRecoilOn_TuneCP5_13TeV-madgraph-pythia8/MINIAODSIM/106X_mcRun2_asymptotic_v17-v2/2830000/595D5630-1528-574C-A78D-00801E664F76.root
10-Jan-2024 23:27:28 CET  Initiating request to open file root://cmsxrootd.fnal.gov//store/mc/RunIISummer20UL16MiniAODv2/EWKWminus2Jets_WToQQ_dipoleRecoilOn_TuneCP5_13TeV-madgraph-pythia8/MINIAODSIM/106X_mcRun2_asymptotic_v17-v2/2830000/1958C2E0-BC57-A444-A123-74B6D8FCCEF3.root
%MSG-w XrdAdaptorInternal:  file_open 10-Jan-2024 23:27:30 CET PostProcessEvent
Failed to open file at URL root://eos-c01.cms.rcac.purdue.edu:1102//store/mc/RunIISummer20UL16MiniAODv2/EWKWminus2Jets_WToQQ_dipoleRecoilOn_TuneCP5_13TeV-madgraph-pythia8/MINIAODSIM/106X_mcRun2_asymptotic_v17-v2/2830000/1958C2E0-BC57-A444-A123-74B6D8FCCEF3.root?cap.msg=d9J3goYSFLAUInNxGNsU1Ur8UvaMAWcICOqppuMfSEMFeKsPR13YF75ampMwWejEWI8etKZol8+oA+H+obcH5TGaX0yfZ/NsHRxUtflYCTIMpJzw/i596JPUcq7bbf8aPm5NO9L9TpZUpZf7JgdQY7z953f6YDKWisFMaN5QlMdXOeoP2hlKtAM2iHEcC4Ld98t9xW7ZNzoqMqtMUqdgDwzO0Vw/2djEI1/43h2FSm7xFXpUCisOU/70LdU1FlKJOSudzC6pOPk92obnEfzeB8gRUZeMIneODUfFpHhlChd7Y86TropoTQIlgbRmAV5zyWuXnPLhYNQC8xTJZWdQgdcJLnM59L7D+9YgiopgdgPzsn6JKv2T1kHLSy6D/7uOoZW3WPq66uunyLfdvqiJwxpv0Tgzi+uS6v+4B6xSuk+8JT4OAnLXUhU+9yvZSqn4qhXRaVvInNrhKD1XKbtmX6BpuWusfLPPKSd7Or2h45aLbYH8KSxRDV5Wj95lAl0hNnwS02BGDrL/6aSWt/MbNVjx+S3KUgKodGxjzjzxpgLvD6tRC5gM5h4RqIXYREMV51rSEWXHgbn+iS1D2oskChwkvOLqGcYbSkJrc7JwCSy/i3pqQPIqdIZyraaDZ3CvjkRvLMlIbH1G9k1SFK/SsGbuXF6Csdam/9hNR5KusSM+m5kxSZHOKOxQ+5nlxKG0o0hjFXJaEToYmf6QJd4YQi8Y4hwKZaEl2V4MUV90XRfgio6tA6+j7atwOR50WF+thiyK16Vl+iGbsrYWbTyzETL5uE3CGe4aZJPXBrZ0qd4+6FONWSBK+JOmoyE5f0h2f5u5W6qdF7lvtDMqZIOlP9uncH7g+1PuMyfHQ+1wsdrOPz72lzFRbBA7dC1Gfm3MQO3+6IBXKlJ6LznujSdLpg==&cap.sym=xU6mGpv9T0+hMNHFH2SXcWOdliY=&eos.clientinfo=zbase64:MDAwMDAwNmZ4nBXIQQrDMAwF0avkAhF2QjcGHSaRvqmhjY1sUXr7xLs3UxuuZIMDvfal1HT+uFx5qssbymFy/Bv49Jxh0DmalcqKfPhnzH52Mchg1L5KiCTfTiaHUHNTB0E9xRi2G4YgJuE=&mgm.blockchecksum=ignore&mgm.id=0011ba51&mgm.logid=7102b8cc-b007-11ee-b734-5c6f69a9c0f0&mgm.mtime=1670186690&mgm.replicahead=0&mgm.replicaindex=0.
%MSG
%MSG-w XrdAdaptorInternal:  file_open 10-Jan-2024 23:27:31 CET PostProcessEvent
Failed to open file at URL root://eos-c01.cms.rcac.purdue.edu:1102//store/mc/RunIISummer20UL16MiniAODv2/EWKWminus2Jets_WToQQ_dipoleRecoilOn_TuneCP5_13TeV-madgraph-pythia8/MINIAODSIM/106X_mcRun2_asymptotic_v17-v2/2830000/1958C2E0-BC57-A444-A123-74B6D8FCCEF3.root?cap.msg=d9J3goYSFLAUInNxGNsU1Ur8UvaMAWcICOqppuMfSEMFeKsPR13YF75ampMwWejEWI8etKZol8+oA+H+obcH5TGaX0yfZ/NsHRxUtflYCTIMpJzw/i596JPUcq7bbf8aPm5NO9L9TpZUpZf7JgdQY7z953f6YDKWisFMaN5QlMdXOeoP2hlKtAM2iHEcC4Ld98t9xW7ZNzoqMqtMUqdgDwzO0Vw/2djEI1/43h2FSm7xFXpUCisOU/70LdU1FlKJOSudzC6pOPk92obnEfzeB8gRUZeMIneODUfFpHhlChd7Y86TropoTQIlgbRmAV5zyWuXnPLhYNQC8xTJZWdQgdcJLnM59L7D+9YgiopgdgPzsn6JKv2T1kHLSy6D/7uOoZW3WPq66uunyLfdvqiJwxpv0Tgzi+uS6v+4B6xSuk+8JT4OAnLXUhU+9yvZSqn4qhXRaVvInNrhKD1XKbtmX6BpuWusfLPPKSd7Or2h45aLbYH8KSxRDV5Wj95lAl0hNnwS02BGDrL/6aSWt/MbNVjx+S3KUgKodGxjzjzxpgLvD6tRC5gM5h4RqIXYREMV51rSEWXHgbn+iS1D2oskChwkvOLqGcYbSkJrc7JwCSy/i3pqQPIqdIZyraaDZ3CvjkRvLMlIbH1G9k1SFK/SsGbuXF6Csdam/9hNR5KusSM+m5kxSZHOKOxQ+5nlxKG0o0hjFXJaEToYmf6QJd4YQi8Y4hwKZaEl2V4MUV90XRfgio6tA6+j7atwOR50WF+thiyK16Vl+iGbsrYWbTyzETL5uE3CGe4aZJPXBrZ0qd4+6FONWSBK+JOmoyE5f0h2f5u5W6qdF7lvtDMqZIOlP9uncH7g+1PuMyfHQ+1wsdrOPz72lzFRbBA7dC1Gfm3MQO3+6IBXKlKnDzOTTecOPw==&cap.sym=xU6mGpv9T0+hMNHFH2SXcWOdliY=&eos.clientinfo=zbase64:MDAwMDAwNmZ4nBXIQQ7DIAwF0avkArEg6QrJh0nsj4rUBmSwqt4+YfdmasOVbHCg/bWUms4flytPdXlDOUyOfwOfnjMMOkezUlmRD/+M2c8uBhmM2lcJkeTbyeQQam7qIKinGMN2A4W6JuA=&mgm.blockchecksum=ignore&mgm.id=0011ba51&mgm.logid=718b3fc6-b007-11ee-b734-5c6f69a9c0f0&mgm.mtime=1670186690&mgm.replicahead=0&mgm.replicaindex=0&tried=.
%MSG
----- Begin Fatal Exception 10-Jan-2024 23:27:31 CET-----------------------
An exception of category 'FileOpenError' occurred while
   [0] Calling InputSource::readFile_
   [1] Calling RootFileSequenceBase::initTheFile()
   [2] Calling StorageFactory::open()
   [3] Calling XrdFile::open()
Exception Message:
Failed to open the file 'root://cmsxrootd.fnal.gov//store/mc/RunIISummer20UL16MiniAODv2/EWKWminus2Jets_WToQQ_dipoleRecoilOn_TuneCP5_13TeV-madgraph-pythia8/MINIAODSIM/106X_mcRun2_asymptotic_v17-v2/2830000/1958C2E0-BC57-A444-A123-74B6D8FCCEF3.root'
   Additional Info:
      [a] Input file root://cmsxrootd.fnal.gov//store/mc/RunIISummer20UL16MiniAODv2/EWKWminus2Jets_WToQQ_dipoleRecoilOn_TuneCP5_13TeV-madgraph-pythia8/MINIAODSIM/106X_mcRun2_asymptotic_v17-v2/2830000/1958C2E0-BC57-A444-A123-74B6D8FCCEF3.root could not be opened.
      [b] XrdCl::File::Open(name='root://cmsxrootd.fnal.gov//store/mc/RunIISummer20UL16MiniAODv2/EWKWminus2Jets_WToQQ_dipoleRecoilOn_TuneCP5_13TeV-madgraph-pythia8/MINIAODSIM/106X_mcRun2_asymptotic_v17-v2/2830000/1958C2E0-BC57-A444-A123-74B6D8FCCEF3.root', flags=0x10, permissions=0660) => error '[ERROR] Server responded with an error: [3000] Unable to open - cannot determine the prefix path to use for the given filesystem id /store/mc/RunIISummer20UL16MiniAODv2/EWKWminus2Jets_WToQQ_dipoleRecoilOn_TuneCP5_13TeV-madgraph-pythia8/MINIAODSIM/106X_mcRun2_asymptotic_v17-v2/2830000/1958C2E0-BC57-A444-A123-74B6D8FCCEF3.root; invalid argument
' (errno=3000, code=400). No additional data servers were found.
      [c] Last URL tried: root://eos-c01.cms.rcac.purdue.edu:1102//store/mc/RunIISummer20UL16MiniAODv2/EWKWminus2Jets_WToQQ_dipoleRecoilOn_TuneCP5_13TeV-madgraph-pythia8/MINIAODSIM/106X_mcRun2_asymptotic_v17-v2/2830000/1958C2E0-BC57-A444-A123-74B6D8FCCEF3.root?cap.msg=d9J3goYSFLAUInNxGNsU1Ur8UvaMAWcICOqppuMfSEMFeKsPR13YF75ampMwWejEWI8etKZol8+oA+H+obcH5TGaX0yfZ/NsHRxUtflYCTIMpJzw/i596JPUcq7bbf8aPm5NO9L9TpZUpZf7JgdQY7z953f6YDKWisFMaN5QlMdXOeoP2hlKtAM2iHEcC4Ld98t9xW7ZNzoqMqtMUqdgDwzO0Vw/2djEI1/43h2FSm7xFXpUCisOU/70LdU1FlKJOSudzC6pOPk92obnEfzeB8gRUZeMIneODUfFpHhlChd7Y86TropoTQIlgbRmAV5zyWuXnPLhYNQC8xTJZWdQgdcJLnM59L7D+9YgiopgdgPzsn6JKv2T1kHLSy6D/7uOoZW3WPq66uunyLfdvqiJwxpv0Tgzi+uS6v+4B6xSuk+8JT4OAnLXUhU+9yvZSqn4qhXRaVvInNrhKD1XKbtmX6BpuWusfLPPKSd7Or2h45aLbYH8KSxRDV5Wj95lAl0hNnwS02BGDrL/6aSWt/MbNVjx+S3KUgKodGxjzjzxpgLvD6tRC5gM5h4RqIXYREMV51rSEWXHgbn+iS1D2oskChwkvOLqGcYbSkJrc7JwCSy/i3pqQPIqdIZyraaDZ3CvjkRvLMlIbH1G9k1SFK/SsGbuXF6Csdam/9hNR5KusSM+m5kxSZHOKOxQ+5nlxKG0o0hjFXJaEToYmf6QJd4YQi8Y4hwKZaEl2V4MUV90XRfgio6tA6+j7atwOR50WF+thiyK16Vl+iGbsrYWbTyzETL5uE3CGe4aZJPXBrZ0qd4+6FONWSBK+JOmoyE5f0h2f5u5W6qdF7lvtDMqZIOlP9uncH7g+1PuMyfHQ+1wsdrOPz72lzFRbBA7dC1Gfm3MQO3+6IBXKlKnDzOTTecOPw==&cap.sym=xU6mGpv9T0+hMNHFH2SXcWOdliY=&eos.clientinfo=zbase64:MDAwMDAwNmZ4nBXIQQ7DIAwF0avkArEg6QrJh0nsj4rUBmSwqt4+YfdmasOVbHCg/bWUms4flytPdXlDOUyOfwOfnjMMOkezUlmRD/+M2c8uBhmM2lcJkeTbyeQQam7qIKinGMN2A4W6JuA=&mgm.blockchecksum=ignore&mgm.id=0011ba51&mgm.logid=718b3fc6-b007-11ee-b734-5c6f69a9c0f0&mgm.mtime=1670186690&mgm.replicahead=0&mgm.replicaindex=0&tried=
      [d] Problematic data server: eos-c01.cms.rcac.purdue.edu:1102
      [e] Disabled source: eos-c01.cms.rcac.purdue.edu:1102
----- End Fatal Exception -------------------------------------------------
     19.172430      0.302416      0.082285             1
 

------------------------------------
GenXsecAnalyzer:
------------------------------------
-------------------------------------------------------------------------------------------------------------------------------------------------------------------------- 
Overall cross-section summary 
--------------------------------------------------------------------------------------------------------------------------------------------------------------------------
Process		xsec_before [pb]		passed	nposw	nnegw	tried	nposw	nnegw 	xsec_match [pb]			accepted [%]	 event_eff [%]
0		1.916e+01 +/- 4.933e-03		817745	817745	0	817745	817745	0	1.916e+01 +/- 4.933e-03		100.0 +/- 0.0	100.0 +/- 0.0
-------------------------------------------------------------------------------------------------------------------------------------------------------------------------- 
Total		1.916e+01 +/- 4.933e-03		817745	817745	0	817745	817745	0	1.916e+01 +/- 4.933e-03		100.0 +/- 0.0	100.0 +/- 0.0
--------------------------------------------------------------------------------------------------------------------------------------------------------------------------
Before matching: total cross section = 1.916e+01 +- 4.933e-03 pb
After matching: total cross section = 1.916e+01 +- 4.933e-03 pb
Matching efficiency = 1.0 +/- 0.0   [TO BE USED IN MCM]
Filter efficiency (taking into account weights)= (817745) / (817745) = 1.000e+00 +- 0.000e+00
Filter efficiency (event-level)= (817745) / (817745) = 1.000e+00 +- 0.000e+00    [TO BE USED IN MCM]

After filter: final cross section = 1.916e+01 +- 4.933e-03 pb
After filter: final fraction of events with negative weights = 0.000e+00 +- 0.000e+00
After filter: final equivalent lumi for 1M events (1/fb) = 5.218e+01 +- 5.389e-02

=============================================

MessageLogger Summary

 type     category        sev    module        subroutine        count    total
 ---- -------------------- -- ---------------- ----------------  -----    -----
    1 GenXSecAnalyzer      -w GenXSecAnalyzer:                      15       15
    2 XrdAdaptor           -w file_open                             21       21
    3 XrdAdaptorInternal   -w file_open                              2        2
    4 Fatal Exception      -s AfterFile                              1        1
    5 fileAction           -s file_close                            21       21
    6 fileAction           -s file_open                             43       43

 type    category    Examples: run/evt        run/evt          run/evt
 ---- -------------------- ---------------- ---------------- ----------------
    1 GenXSecAnalyzer      PostGlobalEndRun PostGlobalEndRun PostGlobalEndRun
    2 XrdAdaptor           pre-events       PostProcessEvent PostProcessEvent
    3 XrdAdaptorInternal   PostProcessEvent PostProcessEvent 
    4 Fatal Exception      PostProcessEvent                  
    5 fileAction           PostProcessEvent PostProcessEvent PostProcessEvent
    6 fileAction           pre-events       pre-events       PostProcessEvent

Severity    # Occurrences   Total Occurrences
--------    -------------   -----------------
Warning                38                  38
System                 65                  65

dropped waiting message count 0
