11-Jan-2024 10:09:45 CET  Initiating request to open file root://cmsxrootd.fnal.gov//store/mc/RunIISummer20UL16MiniAODv2/GGToLL_TuneCP5_13TeV-pythia8/MINIAODSIM/106X_mcRun2_asymptotic_v17-v2/40000/A6AA6891-DAE3-B243-BB57-5BA7335F495D.root
%MSG-w XrdAdaptor:  file_open 11-Jan-2024 10:09:49 CET pre-events
Data is served from T2_US_Caltech instead of original site US-Regional-Nebraska
%MSG
11-Jan-2024 10:09:53 CET  Successfully opened file root://cmsxrootd.fnal.gov//store/mc/RunIISummer20UL16MiniAODv2/GGToLL_TuneCP5_13TeV-pythia8/MINIAODSIM/106X_mcRun2_asymptotic_v17-v2/40000/A6AA6891-DAE3-B243-BB57-5BA7335F495D.root
Begin processing the 1st record. Run 1, Event 509365, LumiSection 540 on stream 0 at 11-Jan-2024 10:09:59.806 CET
11-Jan-2024 10:10:00 CET  Closed file root://cmsxrootd.fnal.gov//store/mc/RunIISummer20UL16MiniAODv2/GGToLL_TuneCP5_13TeV-pythia8/MINIAODSIM/106X_mcRun2_asymptotic_v17-v2/40000/A6AA6891-DAE3-B243-BB57-5BA7335F495D.root
11-Jan-2024 10:10:00 CET  Initiating request to open file root://cmsxrootd.fnal.gov//store/mc/RunIISummer20UL16MiniAODv2/GGToLL_TuneCP5_13TeV-pythia8/MINIAODSIM/106X_mcRun2_asymptotic_v17-v2/40000/A9D3A094-1001-A846-AE89-A80ABD20A2EF.root
Unable to load sec.protocol plugin libXrdSecztn.so
%MSG-w XrdAdaptor:  file_open 11-Jan-2024 10:10:04 CET PostProcessEvent
Data is served from fnal.gov instead of original site US-Regional-Nebraska
%MSG
11-Jan-2024 10:10:05 CET  Successfully opened file root://cmsxrootd.fnal.gov//store/mc/RunIISummer20UL16MiniAODv2/GGToLL_TuneCP5_13TeV-pythia8/MINIAODSIM/106X_mcRun2_asymptotic_v17-v2/40000/A9D3A094-1001-A846-AE89-A80ABD20A2EF.root
Unable to load sec.protocol plugin libXrdSecztn.so
11-Jan-2024 10:10:13 CET  Closed file root://cmsxrootd.fnal.gov//store/mc/RunIISummer20UL16MiniAODv2/GGToLL_TuneCP5_13TeV-pythia8/MINIAODSIM/106X_mcRun2_asymptotic_v17-v2/40000/A9D3A094-1001-A846-AE89-A80ABD20A2EF.root
11-Jan-2024 10:10:13 CET  Initiating request to open file root://cmsxrootd.fnal.gov//store/mc/RunIISummer20UL16MiniAODv2/GGToLL_TuneCP5_13TeV-pythia8/MINIAODSIM/106X_mcRun2_asymptotic_v17-v2/40000/18FE28DA-D2B2-6748-B4D0-6D1F4FE3CA76.root
%MSG-w XrdAdaptor:  file_open 11-Jan-2024 10:10:17 CET PostProcessEvent
Data is served from T2_US_Nebraska instead of original site US-Regional-Nebraska
%MSG
11-Jan-2024 10:10:18 CET  Successfully opened file root://cmsxrootd.fnal.gov//store/mc/RunIISummer20UL16MiniAODv2/GGToLL_TuneCP5_13TeV-pythia8/MINIAODSIM/106X_mcRun2_asymptotic_v17-v2/40000/18FE28DA-D2B2-6748-B4D0-6D1F4FE3CA76.root
11-Jan-2024 10:10:23 CET  Closed file root://cmsxrootd.fnal.gov//store/mc/RunIISummer20UL16MiniAODv2/GGToLL_TuneCP5_13TeV-pythia8/MINIAODSIM/106X_mcRun2_asymptotic_v17-v2/40000/18FE28DA-D2B2-6748-B4D0-6D1F4FE3CA76.root
11-Jan-2024 10:10:23 CET  Initiating request to open file root://cmsxrootd.fnal.gov//store/mc/RunIISummer20UL16MiniAODv2/GGToLL_TuneCP5_13TeV-pythia8/MINIAODSIM/106X_mcRun2_asymptotic_v17-v2/40000/0AD640BB-9990-6A40-A26C-07F496478C08.root
%MSG-w XrdAdaptor:  file_open 11-Jan-2024 10:10:25 CET PostProcessEvent
Data is served from T2_US_Nebraska instead of original site US-Regional-Nebraska
%MSG
11-Jan-2024 10:10:26 CET  Successfully opened file root://cmsxrootd.fnal.gov//store/mc/RunIISummer20UL16MiniAODv2/GGToLL_TuneCP5_13TeV-pythia8/MINIAODSIM/106X_mcRun2_asymptotic_v17-v2/40000/0AD640BB-9990-6A40-A26C-07F496478C08.root
11-Jan-2024 10:10:32 CET  Closed file root://cmsxrootd.fnal.gov//store/mc/RunIISummer20UL16MiniAODv2/GGToLL_TuneCP5_13TeV-pythia8/MINIAODSIM/106X_mcRun2_asymptotic_v17-v2/40000/0AD640BB-9990-6A40-A26C-07F496478C08.root
11-Jan-2024 10:10:32 CET  Initiating request to open file root://cmsxrootd.fnal.gov//store/mc/RunIISummer20UL16MiniAODv2/GGToLL_TuneCP5_13TeV-pythia8/MINIAODSIM/106X_mcRun2_asymptotic_v17-v2/40000/776EAD69-60DE-FE4A-BE69-85F9BFA34E68.root
%MSG-w XrdAdaptor:  file_open 11-Jan-2024 10:10:37 CET PostProcessEvent
Data is served from T2_US_Wisconsin instead of original site US-Regional-Nebraska
%MSG
11-Jan-2024 10:10:37 CET  Successfully opened file root://cmsxrootd.fnal.gov//store/mc/RunIISummer20UL16MiniAODv2/GGToLL_TuneCP5_13TeV-pythia8/MINIAODSIM/106X_mcRun2_asymptotic_v17-v2/40000/776EAD69-60DE-FE4A-BE69-85F9BFA34E68.root
11-Jan-2024 10:10:43 CET  Closed file root://cmsxrootd.fnal.gov//store/mc/RunIISummer20UL16MiniAODv2/GGToLL_TuneCP5_13TeV-pythia8/MINIAODSIM/106X_mcRun2_asymptotic_v17-v2/40000/776EAD69-60DE-FE4A-BE69-85F9BFA34E68.root
11-Jan-2024 10:10:43 CET  Initiating request to open file root://cmsxrootd.fnal.gov//store/mc/RunIISummer20UL16MiniAODv2/GGToLL_TuneCP5_13TeV-pythia8/MINIAODSIM/106X_mcRun2_asymptotic_v17-v2/40000/C6938CD2-DB99-9945-AF49-B1242319B314.root
%MSG-w XrdAdaptor:  file_open 11-Jan-2024 10:10:45 CET PostProcessEvent
Data is served from T2_US_Nebraska instead of original site US-Regional-Nebraska
%MSG
11-Jan-2024 10:10:46 CET  Successfully opened file root://cmsxrootd.fnal.gov//store/mc/RunIISummer20UL16MiniAODv2/GGToLL_TuneCP5_13TeV-pythia8/MINIAODSIM/106X_mcRun2_asymptotic_v17-v2/40000/C6938CD2-DB99-9945-AF49-B1242319B314.root
Begin processing the 100001st record. Run 1, Event 1199983, LumiSection 1270 on stream 0 at 11-Jan-2024 10:10:51.556 CET
11-Jan-2024 10:10:51 CET  Closed file root://cmsxrootd.fnal.gov//store/mc/RunIISummer20UL16MiniAODv2/GGToLL_TuneCP5_13TeV-pythia8/MINIAODSIM/106X_mcRun2_asymptotic_v17-v2/40000/C6938CD2-DB99-9945-AF49-B1242319B314.root
11-Jan-2024 10:10:51 CET  Initiating request to open file root://cmsxrootd.fnal.gov//store/mc/RunIISummer20UL16MiniAODv2/GGToLL_TuneCP5_13TeV-pythia8/MINIAODSIM/106X_mcRun2_asymptotic_v17-v2/40000/CB97F541-1E1A-E24D-8E74-811DE80702CA.root
%MSG-w XrdAdaptor:  file_open 11-Jan-2024 10:10:55 CET PostProcessEvent
Data is served from T2_US_Nebraska instead of original site US-Regional-Nebraska
%MSG
11-Jan-2024 10:10:55 CET  Successfully opened file root://cmsxrootd.fnal.gov//store/mc/RunIISummer20UL16MiniAODv2/GGToLL_TuneCP5_13TeV-pythia8/MINIAODSIM/106X_mcRun2_asymptotic_v17-v2/40000/CB97F541-1E1A-E24D-8E74-811DE80702CA.root
11-Jan-2024 10:11:06 CET  Closed file root://cmsxrootd.fnal.gov//store/mc/RunIISummer20UL16MiniAODv2/GGToLL_TuneCP5_13TeV-pythia8/MINIAODSIM/106X_mcRun2_asymptotic_v17-v2/40000/CB97F541-1E1A-E24D-8E74-811DE80702CA.root
11-Jan-2024 10:11:06 CET  Initiating request to open file root://cmsxrootd.fnal.gov//store/mc/RunIISummer20UL16MiniAODv2/GGToLL_TuneCP5_13TeV-pythia8/MINIAODSIM/106X_mcRun2_asymptotic_v17-v2/40000/37BC7522-6656-BB4C-A733-1D40A7651584.root
%MSG-w XrdAdaptor:  file_open 11-Jan-2024 10:11:09 CET PostProcessEvent
Data is served from T2_US_Nebraska instead of original site US-Regional-Nebraska
%MSG
11-Jan-2024 10:11:10 CET  Successfully opened file root://cmsxrootd.fnal.gov//store/mc/RunIISummer20UL16MiniAODv2/GGToLL_TuneCP5_13TeV-pythia8/MINIAODSIM/106X_mcRun2_asymptotic_v17-v2/40000/37BC7522-6656-BB4C-A733-1D40A7651584.root
Begin processing the 200001st record. Run 1, Event 482696, LumiSection 511 on stream 0 at 11-Jan-2024 10:11:18.344 CET
Begin processing the 300001st record. Run 1, Event 464588, LumiSection 492 on stream 0 at 11-Jan-2024 10:11:21.402 CET
11-Jan-2024 10:11:21 CET  Closed file root://cmsxrootd.fnal.gov//store/mc/RunIISummer20UL16MiniAODv2/GGToLL_TuneCP5_13TeV-pythia8/MINIAODSIM/106X_mcRun2_asymptotic_v17-v2/40000/37BC7522-6656-BB4C-A733-1D40A7651584.root
11-Jan-2024 10:11:21 CET  Initiating request to open file root://cmsxrootd.fnal.gov//store/mc/RunIISummer20UL16MiniAODv2/GGToLL_TuneCP5_13TeV-pythia8/MINIAODSIM/106X_mcRun2_asymptotic_v17-v2/40000/6BD61200-10FF-E441-88CA-FB6BC9B8987A.root
%MSG-w XrdAdaptor:  file_open 11-Jan-2024 10:11:24 CET PostProcessEvent
Data is served from T2_US_Nebraska instead of original site US-Regional-Nebraska
%MSG
11-Jan-2024 10:11:25 CET  Successfully opened file root://cmsxrootd.fnal.gov//store/mc/RunIISummer20UL16MiniAODv2/GGToLL_TuneCP5_13TeV-pythia8/MINIAODSIM/106X_mcRun2_asymptotic_v17-v2/40000/6BD61200-10FF-E441-88CA-FB6BC9B8987A.root
Begin processing the 400001st record. Run 1, Event 330229, LumiSection 350 on stream 0 at 11-Jan-2024 10:11:36.462 CET
11-Jan-2024 10:11:37 CET  Closed file root://cmsxrootd.fnal.gov//store/mc/RunIISummer20UL16MiniAODv2/GGToLL_TuneCP5_13TeV-pythia8/MINIAODSIM/106X_mcRun2_asymptotic_v17-v2/40000/6BD61200-10FF-E441-88CA-FB6BC9B8987A.root
11-Jan-2024 10:11:37 CET  Initiating request to open file root://cmsxrootd.fnal.gov//store/mc/RunIISummer20UL16MiniAODv2/GGToLL_TuneCP5_13TeV-pythia8/MINIAODSIM/106X_mcRun2_asymptotic_v17-v2/40000/279C0694-3225-A246-ADD5-FC45B3ED5A27.root
%MSG-w XrdAdaptor:  file_open 11-Jan-2024 10:11:40 CET PostProcessEvent
Data is served from T2_US_Nebraska instead of original site US-Regional-Nebraska
%MSG
11-Jan-2024 10:11:41 CET  Successfully opened file root://cmsxrootd.fnal.gov//store/mc/RunIISummer20UL16MiniAODv2/GGToLL_TuneCP5_13TeV-pythia8/MINIAODSIM/106X_mcRun2_asymptotic_v17-v2/40000/279C0694-3225-A246-ADD5-FC45B3ED5A27.root
Begin processing the 500001st record. Run 1, Event 948090, LumiSection 1004 on stream 0 at 11-Jan-2024 10:11:50.869 CET
11-Jan-2024 10:11:51 CET  Closed file root://cmsxrootd.fnal.gov//store/mc/RunIISummer20UL16MiniAODv2/GGToLL_TuneCP5_13TeV-pythia8/MINIAODSIM/106X_mcRun2_asymptotic_v17-v2/40000/279C0694-3225-A246-ADD5-FC45B3ED5A27.root
11-Jan-2024 10:11:51 CET  Initiating request to open file root://cmsxrootd.fnal.gov//store/mc/RunIISummer20UL16MiniAODv2/GGToLL_TuneCP5_13TeV-pythia8/MINIAODSIM/106X_mcRun2_asymptotic_v17-v2/40000/6DF19A9D-953D-2641-B507-623BD1005BA5.root
%MSG-w XrdAdaptor:  file_open 11-Jan-2024 10:11:54 CET PostProcessEvent
Data is served from T2_US_Nebraska instead of original site US-Regional-Nebraska
%MSG
11-Jan-2024 10:11:55 CET  Successfully opened file root://cmsxrootd.fnal.gov//store/mc/RunIISummer20UL16MiniAODv2/GGToLL_TuneCP5_13TeV-pythia8/MINIAODSIM/106X_mcRun2_asymptotic_v17-v2/40000/6DF19A9D-953D-2641-B507-623BD1005BA5.root
11-Jan-2024 10:12:05 CET  Closed file root://cmsxrootd.fnal.gov//store/mc/RunIISummer20UL16MiniAODv2/GGToLL_TuneCP5_13TeV-pythia8/MINIAODSIM/106X_mcRun2_asymptotic_v17-v2/40000/6DF19A9D-953D-2641-B507-623BD1005BA5.root
11-Jan-2024 10:12:05 CET  Initiating request to open file root://cmsxrootd.fnal.gov//store/mc/RunIISummer20UL16MiniAODv2/GGToLL_TuneCP5_13TeV-pythia8/MINIAODSIM/106X_mcRun2_asymptotic_v17-v2/40000/E2AC6159-1199-014E-AD5F-F086C469CDDB.root
%MSG-w XrdAdaptor:  file_open 11-Jan-2024 10:12:07 CET PostProcessEvent
Data is served from T2_US_Nebraska instead of original site US-Regional-Nebraska
%MSG
11-Jan-2024 10:12:08 CET  Successfully opened file root://cmsxrootd.fnal.gov//store/mc/RunIISummer20UL16MiniAODv2/GGToLL_TuneCP5_13TeV-pythia8/MINIAODSIM/106X_mcRun2_asymptotic_v17-v2/40000/E2AC6159-1199-014E-AD5F-F086C469CDDB.root
Begin processing the 600001st record. Run 1, Event 844905, LumiSection 895 on stream 0 at 11-Jan-2024 10:12:15.769 CET
11-Jan-2024 10:12:18 CET  Closed file root://cmsxrootd.fnal.gov//store/mc/RunIISummer20UL16MiniAODv2/GGToLL_TuneCP5_13TeV-pythia8/MINIAODSIM/106X_mcRun2_asymptotic_v17-v2/40000/E2AC6159-1199-014E-AD5F-F086C469CDDB.root
11-Jan-2024 10:12:18 CET  Initiating request to open file root://cmsxrootd.fnal.gov//store/mc/RunIISummer20UL16MiniAODv2/GGToLL_TuneCP5_13TeV-pythia8/MINIAODSIM/106X_mcRun2_asymptotic_v17-v2/40000/113243AD-4F14-2D4B-975D-199EFB49A2E6.root
%MSG-w XrdAdaptor:  file_open 11-Jan-2024 10:12:20 CET PostProcessEvent
Data is served from T2_US_Nebraska instead of original site US-Regional-Nebraska
%MSG
11-Jan-2024 10:12:21 CET  Successfully opened file root://cmsxrootd.fnal.gov//store/mc/RunIISummer20UL16MiniAODv2/GGToLL_TuneCP5_13TeV-pythia8/MINIAODSIM/106X_mcRun2_asymptotic_v17-v2/40000/113243AD-4F14-2D4B-975D-199EFB49A2E6.root
Begin processing the 700001st record. Run 1, Event 699195, LumiSection 740 on stream 0 at 11-Jan-2024 10:12:28.900 CET
11-Jan-2024 10:12:31 CET  Closed file root://cmsxrootd.fnal.gov//store/mc/RunIISummer20UL16MiniAODv2/GGToLL_TuneCP5_13TeV-pythia8/MINIAODSIM/106X_mcRun2_asymptotic_v17-v2/40000/113243AD-4F14-2D4B-975D-199EFB49A2E6.root
11-Jan-2024 10:12:31 CET  Initiating request to open file root://cmsxrootd.fnal.gov//store/mc/RunIISummer20UL16MiniAODv2/GGToLL_TuneCP5_13TeV-pythia8/MINIAODSIM/106X_mcRun2_asymptotic_v17-v2/40000/F73C11FB-ADC5-2E4E-9AB1-E8DCA8516997.root
%MSG-w XrdAdaptor:  file_open 11-Jan-2024 10:12:33 CET PostProcessEvent
Data is served from T2_US_Nebraska instead of original site US-Regional-Nebraska
%MSG
11-Jan-2024 10:12:34 CET  Successfully opened file root://cmsxrootd.fnal.gov//store/mc/RunIISummer20UL16MiniAODv2/GGToLL_TuneCP5_13TeV-pythia8/MINIAODSIM/106X_mcRun2_asymptotic_v17-v2/40000/F73C11FB-ADC5-2E4E-9AB1-E8DCA8516997.root
Begin processing the 800001st record. Run 1, Event 730210, LumiSection 773 on stream 0 at 11-Jan-2024 10:12:41.629 CET
11-Jan-2024 10:12:43 CET  Closed file root://cmsxrootd.fnal.gov//store/mc/RunIISummer20UL16MiniAODv2/GGToLL_TuneCP5_13TeV-pythia8/MINIAODSIM/106X_mcRun2_asymptotic_v17-v2/40000/F73C11FB-ADC5-2E4E-9AB1-E8DCA8516997.root
11-Jan-2024 10:12:43 CET  Initiating request to open file root://cmsxrootd.fnal.gov//store/mc/RunIISummer20UL16MiniAODv2/GGToLL_TuneCP5_13TeV-pythia8/MINIAODSIM/106X_mcRun2_asymptotic_v17-v2/40000/E3493947-AC3F-F94C-99CB-27C36A0EE068.root
%MSG-w XrdAdaptor:  file_open 11-Jan-2024 10:12:46 CET PostProcessEvent
Data is served from T2_US_Nebraska instead of original site US-Regional-Nebraska
%MSG
11-Jan-2024 10:12:47 CET  Successfully opened file root://cmsxrootd.fnal.gov//store/mc/RunIISummer20UL16MiniAODv2/GGToLL_TuneCP5_13TeV-pythia8/MINIAODSIM/106X_mcRun2_asymptotic_v17-v2/40000/E3493947-AC3F-F94C-99CB-27C36A0EE068.root
Begin processing the 900001st record. Run 1, Event 1002215, LumiSection 1061 on stream 0 at 11-Jan-2024 10:12:56.124 CET
11-Jan-2024 10:12:57 CET  Closed file root://cmsxrootd.fnal.gov//store/mc/RunIISummer20UL16MiniAODv2/GGToLL_TuneCP5_13TeV-pythia8/MINIAODSIM/106X_mcRun2_asymptotic_v17-v2/40000/E3493947-AC3F-F94C-99CB-27C36A0EE068.root
11-Jan-2024 10:12:57 CET  Initiating request to open file root://cmsxrootd.fnal.gov//store/mc/RunIISummer20UL16MiniAODv2/GGToLL_TuneCP5_13TeV-pythia8/MINIAODSIM/106X_mcRun2_asymptotic_v17-v2/40000/2AEC0220-0B07-B246-A5B6-59B9F7F8DC44.root
Unable to load sec.protocol plugin libXrdSecztn.so
%MSG-w XrdAdaptor:  file_open 11-Jan-2024 10:13:02 CET PostProcessEvent
Data is served from T2_US_UCSD-ceph instead of original site US-Regional-Nebraska
%MSG
11-Jan-2024 10:13:03 CET  Successfully opened file root://cmsxrootd.fnal.gov//store/mc/RunIISummer20UL16MiniAODv2/GGToLL_TuneCP5_13TeV-pythia8/MINIAODSIM/106X_mcRun2_asymptotic_v17-v2/40000/2AEC0220-0B07-B246-A5B6-59B9F7F8DC44.root
Unable to load sec.protocol plugin libXrdSecztn.so
Begin processing the 1000001st record. Run 1, Event 866901, LumiSection 918 on stream 0 at 11-Jan-2024 10:13:14.027 CET
11-Jan-2024 10:13:14 CET  Closed file root://cmsxrootd.fnal.gov//store/mc/RunIISummer20UL16MiniAODv2/GGToLL_TuneCP5_13TeV-pythia8/MINIAODSIM/106X_mcRun2_asymptotic_v17-v2/40000/2AEC0220-0B07-B246-A5B6-59B9F7F8DC44.root
11-Jan-2024 10:13:14 CET  Initiating request to open file root://cmsxrootd.fnal.gov//store/mc/RunIISummer20UL16MiniAODv2/GGToLL_TuneCP5_13TeV-pythia8/MINIAODSIM/106X_mcRun2_asymptotic_v17-v2/40000/6F3C21F3-C7E3-394A-968B-93306F96FDB8.root
%MSG-w XrdAdaptor:  file_open 11-Jan-2024 10:13:18 CET PostProcessEvent
Data is served from T2_US_MIT instead of original site US-Regional-Nebraska
%MSG
11-Jan-2024 10:13:18 CET  Successfully opened file root://cmsxrootd.fnal.gov//store/mc/RunIISummer20UL16MiniAODv2/GGToLL_TuneCP5_13TeV-pythia8/MINIAODSIM/106X_mcRun2_asymptotic_v17-v2/40000/6F3C21F3-C7E3-394A-968B-93306F96FDB8.root
11-Jan-2024 10:13:23 CET  Closed file root://cmsxrootd.fnal.gov//store/mc/RunIISummer20UL16MiniAODv2/GGToLL_TuneCP5_13TeV-pythia8/MINIAODSIM/106X_mcRun2_asymptotic_v17-v2/40000/6F3C21F3-C7E3-394A-968B-93306F96FDB8.root
11-Jan-2024 10:13:23 CET  Initiating request to open file root://cmsxrootd.fnal.gov//store/mc/RunIISummer20UL16MiniAODv2/GGToLL_TuneCP5_13TeV-pythia8/MINIAODSIM/106X_mcRun2_asymptotic_v17-v2/40000/41F32F60-C220-DD4E-A148-40B86CDE4168.root
%MSG-w XrdAdaptor:  file_open 11-Jan-2024 10:13:26 CET PostProcessEvent
Data is served from T2_US_Caltech instead of original site US-Regional-Nebraska
%MSG
11-Jan-2024 10:13:27 CET  Successfully opened file root://cmsxrootd.fnal.gov//store/mc/RunIISummer20UL16MiniAODv2/GGToLL_TuneCP5_13TeV-pythia8/MINIAODSIM/106X_mcRun2_asymptotic_v17-v2/40000/41F32F60-C220-DD4E-A148-40B86CDE4168.root
11-Jan-2024 10:13:38 CET  Closed file root://cmsxrootd.fnal.gov//store/mc/RunIISummer20UL16MiniAODv2/GGToLL_TuneCP5_13TeV-pythia8/MINIAODSIM/106X_mcRun2_asymptotic_v17-v2/40000/41F32F60-C220-DD4E-A148-40B86CDE4168.root
11-Jan-2024 10:13:38 CET  Initiating request to open file root://cmsxrootd.fnal.gov//store/mc/RunIISummer20UL16MiniAODv2/GGToLL_TuneCP5_13TeV-pythia8/MINIAODSIM/106X_mcRun2_asymptotic_v17-v2/40000/FA3782B6-9EAD-4647-AFAA-36F09F2F1620.root
%MSG-w XrdAdaptor:  file_open 11-Jan-2024 10:13:42 CET PostProcessEvent
Data is served from cms.rcac.purdue.edu instead of original site US-Regional-Nebraska
%MSG
11-Jan-2024 10:13:43 CET  Successfully opened file root://cmsxrootd.fnal.gov//store/mc/RunIISummer20UL16MiniAODv2/GGToLL_TuneCP5_13TeV-pythia8/MINIAODSIM/106X_mcRun2_asymptotic_v17-v2/40000/FA3782B6-9EAD-4647-AFAA-36F09F2F1620.root
11-Jan-2024 10:13:47 CET  Closed file root://cmsxrootd.fnal.gov//store/mc/RunIISummer20UL16MiniAODv2/GGToLL_TuneCP5_13TeV-pythia8/MINIAODSIM/106X_mcRun2_asymptotic_v17-v2/40000/FA3782B6-9EAD-4647-AFAA-36F09F2F1620.root
11-Jan-2024 10:13:47 CET  Initiating request to open file root://cmsxrootd.fnal.gov//store/mc/RunIISummer20UL16MiniAODv2/GGToLL_TuneCP5_13TeV-pythia8/MINIAODSIM/106X_mcRun2_asymptotic_v17-v2/2560000/E1C66E5A-735D-D244-8349-30FA9D18BE26.root
%MSG-w XrdAdaptor:  file_open 11-Jan-2024 10:13:49 CET PostProcessEvent
Data is served from fnal.gov instead of original site US-Regional-Nebraska
%MSG
11-Jan-2024 10:13:50 CET  Successfully opened file root://cmsxrootd.fnal.gov//store/mc/RunIISummer20UL16MiniAODv2/GGToLL_TuneCP5_13TeV-pythia8/MINIAODSIM/106X_mcRun2_asymptotic_v17-v2/2560000/E1C66E5A-735D-D244-8349-30FA9D18BE26.root
11-Jan-2024 10:14:02 CET  Closed file root://cmsxrootd.fnal.gov//store/mc/RunIISummer20UL16MiniAODv2/GGToLL_TuneCP5_13TeV-pythia8/MINIAODSIM/106X_mcRun2_asymptotic_v17-v2/2560000/E1C66E5A-735D-D244-8349-30FA9D18BE26.root
11-Jan-2024 10:14:02 CET  Initiating request to open file root://cmsxrootd.fnal.gov//store/mc/RunIISummer20UL16MiniAODv2/GGToLL_TuneCP5_13TeV-pythia8/MINIAODSIM/106X_mcRun2_asymptotic_v17-v2/2560000/C3867E43-D5FB-B742-96B5-1348FA0913DB.root
%MSG-w XrdAdaptor:  file_open 11-Jan-2024 10:14:05 CET PostProcessEvent
Data is served from fnal.gov instead of original site US-Regional-Nebraska
%MSG
11-Jan-2024 10:14:05 CET  Successfully opened file root://cmsxrootd.fnal.gov//store/mc/RunIISummer20UL16MiniAODv2/GGToLL_TuneCP5_13TeV-pythia8/MINIAODSIM/106X_mcRun2_asymptotic_v17-v2/2560000/C3867E43-D5FB-B742-96B5-1348FA0913DB.root
Unable to load sec.protocol plugin libXrdSecztn.so
Begin processing the 1100001st record. Run 1, Event 1171034, LumiSection 1240 on stream 0 at 11-Jan-2024 10:14:16.206 CET
11-Jan-2024 10:14:18 CET  Closed file root://cmsxrootd.fnal.gov//store/mc/RunIISummer20UL16MiniAODv2/GGToLL_TuneCP5_13TeV-pythia8/MINIAODSIM/106X_mcRun2_asymptotic_v17-v2/2560000/C3867E43-D5FB-B742-96B5-1348FA0913DB.root
11-Jan-2024 10:14:18 CET  Initiating request to open file root://cmsxrootd.fnal.gov//store/mc/RunIISummer20UL16MiniAODv2/GGToLL_TuneCP5_13TeV-pythia8/MINIAODSIM/106X_mcRun2_asymptotic_v17-v2/40000/C394D04D-783A-8E4A-B618-E2B538D70931.root
%MSG-w XrdAdaptor:  file_open 11-Jan-2024 10:14:21 CET PostProcessEvent
Data is served from T2_US_Wisconsin instead of original site US-Regional-Nebraska
%MSG
11-Jan-2024 10:14:22 CET  Successfully opened file root://cmsxrootd.fnal.gov//store/mc/RunIISummer20UL16MiniAODv2/GGToLL_TuneCP5_13TeV-pythia8/MINIAODSIM/106X_mcRun2_asymptotic_v17-v2/40000/C394D04D-783A-8E4A-B618-E2B538D70931.root
11-Jan-2024 10:14:28 CET  Closed file root://cmsxrootd.fnal.gov//store/mc/RunIISummer20UL16MiniAODv2/GGToLL_TuneCP5_13TeV-pythia8/MINIAODSIM/106X_mcRun2_asymptotic_v17-v2/40000/C394D04D-783A-8E4A-B618-E2B538D70931.root

------------------------------------
GenXsecAnalyzer:
------------------------------------
Before Filter: total cross section = 1.493e+01 +- 7.406e-03 pb
Filter efficiency (taking into account weights)= (1.2e+06) / (1.2e+06) = 1.000e+00 +- 0.000e+00
Filter efficiency (event-level)= (1.2e+06) / (1.2e+06) = 1.000e+00 +- 0.000e+00    [TO BE USED IN MCM]

After filter: final cross section = 1.493e+01 +- 7.406e-03 pb
After filter: final fraction of events with negative weights = 0.000e+00 +- 0.000e+00
After filter: final equivalent lumi for 1M events (1/fb) = 6.696e+01 +- 7.474e-02

=============================================

MessageLogger Summary

 type     category        sev    module        subroutine        count    total
 ---- -------------------- -- ---------------- ----------------  -----    -----
    1 GenXSecAnalyzer      -w GenXSecAnalyzer:                       7        7
    2 XrdAdaptor           -w file_open                             22       22
    3 fileAction           -s file_close                            22       22
    4 fileAction           -s file_open                             44       44

 type    category    Examples: run/evt        run/evt          run/evt
 ---- -------------------- ---------------- ---------------- ----------------
    1 GenXSecAnalyzer      PostGlobalEndRun PostGlobalEndRun PostGlobalEndRun
    2 XrdAdaptor           pre-events       PostProcessEvent PostProcessEvent
    3 fileAction           PostProcessEvent PostProcessEvent PostGlobalEndRun
    4 fileAction           pre-events       pre-events       PostProcessEvent

Severity    # Occurrences   Total Occurrences
--------    -------------   -----------------
Warning                29                  29
System                 66                  66

dropped waiting message count 0
