12-Jan-2024 10:51:48 CET  Initiating request to open file root://cmsxrootd.fnal.gov//store/mc/RunIISummer20UL16MiniAODv2/W3JetsToLNu_TuneCP5_13TeV-madgraphMLM-pythia8/MINIAODSIM/106X_mcRun2_asymptotic_v17-v1/70000/96BC3514-972A-814A-8620-2CA62DF9022B.root
Unable to load sec.protocol plugin libXrdSecztn.so
%MSG-w XrdAdaptor:  file_open 12-Jan-2024 10:51:52 CET pre-events
Data is served from fnal.gov instead of original site US-Regional-FNAL
%MSG
12-Jan-2024 10:51:55 CET  Successfully opened file root://cmsxrootd.fnal.gov//store/mc/RunIISummer20UL16MiniAODv2/W3JetsToLNu_TuneCP5_13TeV-madgraphMLM-pythia8/MINIAODSIM/106X_mcRun2_asymptotic_v17-v1/70000/96BC3514-972A-814A-8620-2CA62DF9022B.root
Unable to load sec.protocol plugin libXrdSecztn.so
Begin processing the 1st record. Run 1, Event 206462418, LumiSection 17297 on stream 0 at 12-Jan-2024 10:52:01.119 CET
12-Jan-2024 10:52:03 CET  Closed file root://cmsxrootd.fnal.gov//store/mc/RunIISummer20UL16MiniAODv2/W3JetsToLNu_TuneCP5_13TeV-madgraphMLM-pythia8/MINIAODSIM/106X_mcRun2_asymptotic_v17-v1/70000/96BC3514-972A-814A-8620-2CA62DF9022B.root
12-Jan-2024 10:52:03 CET  Initiating request to open file root://cmsxrootd.fnal.gov//store/mc/RunIISummer20UL16MiniAODv2/W3JetsToLNu_TuneCP5_13TeV-madgraphMLM-pythia8/MINIAODSIM/106X_mcRun2_asymptotic_v17-v1/70000/987B0501-CC44-804C-8CAD-4F74F50695DE.root
%MSG-w XrdAdaptor:  file_open 12-Jan-2024 10:52:05 CET PostProcessEvent
Data is served from fnal.gov instead of original site US-Regional-FNAL
%MSG
12-Jan-2024 10:52:05 CET  Successfully opened file root://cmsxrootd.fnal.gov//store/mc/RunIISummer20UL16MiniAODv2/W3JetsToLNu_TuneCP5_13TeV-madgraphMLM-pythia8/MINIAODSIM/106X_mcRun2_asymptotic_v17-v1/70000/987B0501-CC44-804C-8CAD-4F74F50695DE.root
Unable to load sec.protocol plugin libXrdSecztn.so
Begin processing the 100001st record. Run 1, Event 48474447, LumiSection 4061 on stream 0 at 12-Jan-2024 10:52:13.301 CET
12-Jan-2024 10:52:14 CET  Closed file root://cmsxrootd.fnal.gov//store/mc/RunIISummer20UL16MiniAODv2/W3JetsToLNu_TuneCP5_13TeV-madgraphMLM-pythia8/MINIAODSIM/106X_mcRun2_asymptotic_v17-v1/70000/987B0501-CC44-804C-8CAD-4F74F50695DE.root
12-Jan-2024 10:52:14 CET  Initiating request to open file root://cmsxrootd.fnal.gov//store/mc/RunIISummer20UL16MiniAODv2/W3JetsToLNu_TuneCP5_13TeV-madgraphMLM-pythia8/MINIAODSIM/106X_mcRun2_asymptotic_v17-v1/70000/9A4246C9-C88F-094B-9675-446FDB5E139D.root
%MSG-w XrdAdaptor:  file_open 12-Jan-2024 10:52:17 CET PostProcessEvent
Data is served from fnal.gov instead of original site US-Regional-FNAL
%MSG
12-Jan-2024 10:52:17 CET  Successfully opened file root://cmsxrootd.fnal.gov//store/mc/RunIISummer20UL16MiniAODv2/W3JetsToLNu_TuneCP5_13TeV-madgraphMLM-pythia8/MINIAODSIM/106X_mcRun2_asymptotic_v17-v1/70000/9A4246C9-C88F-094B-9675-446FDB5E139D.root
Begin processing the 200001st record. Run 1, Event 129718297, LumiSection 10867 on stream 0 at 12-Jan-2024 10:52:25.520 CET
12-Jan-2024 10:52:26 CET  Closed file root://cmsxrootd.fnal.gov//store/mc/RunIISummer20UL16MiniAODv2/W3JetsToLNu_TuneCP5_13TeV-madgraphMLM-pythia8/MINIAODSIM/106X_mcRun2_asymptotic_v17-v1/70000/9A4246C9-C88F-094B-9675-446FDB5E139D.root
12-Jan-2024 10:52:26 CET  Initiating request to open file root://cmsxrootd.fnal.gov//store/mc/RunIISummer20UL16MiniAODv2/W3JetsToLNu_TuneCP5_13TeV-madgraphMLM-pythia8/MINIAODSIM/106X_mcRun2_asymptotic_v17-v1/130000/1722ADC2-048F-7640-BD37-0860E50016BB.root
%MSG-w XrdAdaptor:  file_open 12-Jan-2024 10:52:31 CET PostProcessEvent
Data is served from T2_US_Wisconsin instead of original site US-Regional-FNAL
%MSG
12-Jan-2024 10:52:31 CET  Successfully opened file root://cmsxrootd.fnal.gov//store/mc/RunIISummer20UL16MiniAODv2/W3JetsToLNu_TuneCP5_13TeV-madgraphMLM-pythia8/MINIAODSIM/106X_mcRun2_asymptotic_v17-v1/130000/1722ADC2-048F-7640-BD37-0860E50016BB.root
12-Jan-2024 10:52:40 CET  Closed file root://cmsxrootd.fnal.gov//store/mc/RunIISummer20UL16MiniAODv2/W3JetsToLNu_TuneCP5_13TeV-madgraphMLM-pythia8/MINIAODSIM/106X_mcRun2_asymptotic_v17-v1/130000/1722ADC2-048F-7640-BD37-0860E50016BB.root
12-Jan-2024 10:52:40 CET  Initiating request to open file root://cmsxrootd.fnal.gov//store/mc/RunIISummer20UL16MiniAODv2/W3JetsToLNu_TuneCP5_13TeV-madgraphMLM-pythia8/MINIAODSIM/106X_mcRun2_asymptotic_v17-v1/70000/935E6CFE-09A4-9445-922B-C75BC9DC8B96.root
%MSG-w XrdAdaptor:  file_open 12-Jan-2024 10:52:43 CET PostProcessEvent
Data is served from fnal.gov instead of original site US-Regional-FNAL
%MSG
12-Jan-2024 10:52:43 CET  Successfully opened file root://cmsxrootd.fnal.gov//store/mc/RunIISummer20UL16MiniAODv2/W3JetsToLNu_TuneCP5_13TeV-madgraphMLM-pythia8/MINIAODSIM/106X_mcRun2_asymptotic_v17-v1/70000/935E6CFE-09A4-9445-922B-C75BC9DC8B96.root
12-Jan-2024 10:52:48 CET  Closed file root://cmsxrootd.fnal.gov//store/mc/RunIISummer20UL16MiniAODv2/W3JetsToLNu_TuneCP5_13TeV-madgraphMLM-pythia8/MINIAODSIM/106X_mcRun2_asymptotic_v17-v1/70000/935E6CFE-09A4-9445-922B-C75BC9DC8B96.root
12-Jan-2024 10:52:48 CET  Initiating request to open file root://cmsxrootd.fnal.gov//store/mc/RunIISummer20UL16MiniAODv2/W3JetsToLNu_TuneCP5_13TeV-madgraphMLM-pythia8/MINIAODSIM/106X_mcRun2_asymptotic_v17-v1/280000/233B3F29-AC12-9C4D-BF76-612D0EA8098D.root
%MSG-w XrdAdaptor:  file_open 12-Jan-2024 10:52:50 CET PostProcessEvent
Data is served from fnal.gov instead of original site US-Regional-FNAL
%MSG
12-Jan-2024 10:52:51 CET  Successfully opened file root://cmsxrootd.fnal.gov//store/mc/RunIISummer20UL16MiniAODv2/W3JetsToLNu_TuneCP5_13TeV-madgraphMLM-pythia8/MINIAODSIM/106X_mcRun2_asymptotic_v17-v1/280000/233B3F29-AC12-9C4D-BF76-612D0EA8098D.root
Begin processing the 300001st record. Run 1, Event 2177989, LumiSection 183 on stream 0 at 12-Jan-2024 10:52:58.203 CET
12-Jan-2024 10:53:00 CET  Closed file root://cmsxrootd.fnal.gov//store/mc/RunIISummer20UL16MiniAODv2/W3JetsToLNu_TuneCP5_13TeV-madgraphMLM-pythia8/MINIAODSIM/106X_mcRun2_asymptotic_v17-v1/280000/233B3F29-AC12-9C4D-BF76-612D0EA8098D.root
12-Jan-2024 10:53:00 CET  Initiating request to open file root://cmsxrootd.fnal.gov//store/mc/RunIISummer20UL16MiniAODv2/W3JetsToLNu_TuneCP5_13TeV-madgraphMLM-pythia8/MINIAODSIM/106X_mcRun2_asymptotic_v17-v1/280000/6C8B6D20-69B3-2542-B052-852AAEFA64C9.root
%MSG-w XrdAdaptor:  file_open 12-Jan-2024 10:53:02 CET PostProcessEvent
Data is served from fnal.gov instead of original site US-Regional-FNAL
%MSG
12-Jan-2024 10:53:02 CET  Successfully opened file root://cmsxrootd.fnal.gov//store/mc/RunIISummer20UL16MiniAODv2/W3JetsToLNu_TuneCP5_13TeV-madgraphMLM-pythia8/MINIAODSIM/106X_mcRun2_asymptotic_v17-v1/280000/6C8B6D20-69B3-2542-B052-852AAEFA64C9.root
Begin processing the 400001st record. Run 1, Event 106475207, LumiSection 8920 on stream 0 at 12-Jan-2024 10:53:13.800 CET
12-Jan-2024 10:53:15 CET  Closed file root://cmsxrootd.fnal.gov//store/mc/RunIISummer20UL16MiniAODv2/W3JetsToLNu_TuneCP5_13TeV-madgraphMLM-pythia8/MINIAODSIM/106X_mcRun2_asymptotic_v17-v1/280000/6C8B6D20-69B3-2542-B052-852AAEFA64C9.root
12-Jan-2024 10:53:15 CET  Initiating request to open file root://cmsxrootd.fnal.gov//store/mc/RunIISummer20UL16MiniAODv2/W3JetsToLNu_TuneCP5_13TeV-madgraphMLM-pythia8/MINIAODSIM/106X_mcRun2_asymptotic_v17-v1/280000/701AC7B4-4AEA-A348-B07B-9E5CDF1C03D3.root
%MSG-w XrdAdaptor:  file_open 12-Jan-2024 10:53:17 CET PostProcessEvent
Data is served from fnal.gov instead of original site US-Regional-FNAL
%MSG
12-Jan-2024 10:53:18 CET  Successfully opened file root://cmsxrootd.fnal.gov//store/mc/RunIISummer20UL16MiniAODv2/W3JetsToLNu_TuneCP5_13TeV-madgraphMLM-pythia8/MINIAODSIM/106X_mcRun2_asymptotic_v17-v1/280000/701AC7B4-4AEA-A348-B07B-9E5CDF1C03D3.root
Begin processing the 500001st record. Run 1, Event 8206308, LumiSection 688 on stream 0 at 12-Jan-2024 10:53:29.196 CET
12-Jan-2024 10:53:30 CET  Closed file root://cmsxrootd.fnal.gov//store/mc/RunIISummer20UL16MiniAODv2/W3JetsToLNu_TuneCP5_13TeV-madgraphMLM-pythia8/MINIAODSIM/106X_mcRun2_asymptotic_v17-v1/280000/701AC7B4-4AEA-A348-B07B-9E5CDF1C03D3.root
12-Jan-2024 10:53:30 CET  Initiating request to open file root://cmsxrootd.fnal.gov//store/mc/RunIISummer20UL16MiniAODv2/W3JetsToLNu_TuneCP5_13TeV-madgraphMLM-pythia8/MINIAODSIM/106X_mcRun2_asymptotic_v17-v1/280000/5829F4FD-DA75-564A-ABCC-285615170BCF.root
%MSG-w XrdAdaptor:  file_open 12-Jan-2024 10:53:32 CET PostProcessEvent
Data is served from fnal.gov instead of original site US-Regional-FNAL
%MSG
12-Jan-2024 10:53:33 CET  Successfully opened file root://cmsxrootd.fnal.gov//store/mc/RunIISummer20UL16MiniAODv2/W3JetsToLNu_TuneCP5_13TeV-madgraphMLM-pythia8/MINIAODSIM/106X_mcRun2_asymptotic_v17-v1/280000/5829F4FD-DA75-564A-ABCC-285615170BCF.root
Unable to load sec.protocol plugin libXrdSecztn.so
Begin processing the 600001st record. Run 1, Event 106110005, LumiSection 8890 on stream 0 at 12-Jan-2024 10:53:41.965 CET
12-Jan-2024 10:53:42 CET  Closed file root://cmsxrootd.fnal.gov//store/mc/RunIISummer20UL16MiniAODv2/W3JetsToLNu_TuneCP5_13TeV-madgraphMLM-pythia8/MINIAODSIM/106X_mcRun2_asymptotic_v17-v1/280000/5829F4FD-DA75-564A-ABCC-285615170BCF.root
12-Jan-2024 10:53:42 CET  Initiating request to open file root://cmsxrootd.fnal.gov//store/mc/RunIISummer20UL16MiniAODv2/W3JetsToLNu_TuneCP5_13TeV-madgraphMLM-pythia8/MINIAODSIM/106X_mcRun2_asymptotic_v17-v1/280000/6FD2E4CA-5795-5741-8DD4-FE249E252F8F.root
%MSG-w XrdAdaptor:  file_open 12-Jan-2024 10:53:44 CET PostProcessEvent
Data is served from fnal.gov instead of original site US-Regional-FNAL
%MSG
12-Jan-2024 10:53:45 CET  Successfully opened file root://cmsxrootd.fnal.gov//store/mc/RunIISummer20UL16MiniAODv2/W3JetsToLNu_TuneCP5_13TeV-madgraphMLM-pythia8/MINIAODSIM/106X_mcRun2_asymptotic_v17-v1/280000/6FD2E4CA-5795-5741-8DD4-FE249E252F8F.root
Begin processing the 700001st record. Run 1, Event 229091536, LumiSection 19192 on stream 0 at 12-Jan-2024 10:54:05.447 CET
12-Jan-2024 10:54:05 CET  Closed file root://cmsxrootd.fnal.gov//store/mc/RunIISummer20UL16MiniAODv2/W3JetsToLNu_TuneCP5_13TeV-madgraphMLM-pythia8/MINIAODSIM/106X_mcRun2_asymptotic_v17-v1/280000/6FD2E4CA-5795-5741-8DD4-FE249E252F8F.root
12-Jan-2024 10:54:05 CET  Initiating request to open file root://cmsxrootd.fnal.gov//store/mc/RunIISummer20UL16MiniAODv2/W3JetsToLNu_TuneCP5_13TeV-madgraphMLM-pythia8/MINIAODSIM/106X_mcRun2_asymptotic_v17-v1/280000/99655033-862B-854A-9430-0D14BE7DC6D5.root
%MSG-w XrdAdaptor:  file_open 12-Jan-2024 10:54:08 CET PostProcessEvent
Data is served from fnal.gov instead of original site US-Regional-FNAL
%MSG
12-Jan-2024 10:54:08 CET  Successfully opened file root://cmsxrootd.fnal.gov//store/mc/RunIISummer20UL16MiniAODv2/W3JetsToLNu_TuneCP5_13TeV-madgraphMLM-pythia8/MINIAODSIM/106X_mcRun2_asymptotic_v17-v1/280000/99655033-862B-854A-9430-0D14BE7DC6D5.root
Begin processing the 800001st record. Run 1, Event 106976702, LumiSection 8962 on stream 0 at 12-Jan-2024 10:54:17.341 CET
12-Jan-2024 10:54:17 CET  Closed file root://cmsxrootd.fnal.gov//store/mc/RunIISummer20UL16MiniAODv2/W3JetsToLNu_TuneCP5_13TeV-madgraphMLM-pythia8/MINIAODSIM/106X_mcRun2_asymptotic_v17-v1/280000/99655033-862B-854A-9430-0D14BE7DC6D5.root
12-Jan-2024 10:54:17 CET  Initiating request to open file root://cmsxrootd.fnal.gov//store/mc/RunIISummer20UL16MiniAODv2/W3JetsToLNu_TuneCP5_13TeV-madgraphMLM-pythia8/MINIAODSIM/106X_mcRun2_asymptotic_v17-v1/280000/D89BE761-8023-2F4C-9567-D46061617446.root
%MSG-w XrdAdaptor:  file_open 12-Jan-2024 10:54:19 CET PostProcessEvent
Data is served from fnal.gov instead of original site US-Regional-FNAL
%MSG
12-Jan-2024 10:54:20 CET  Successfully opened file root://cmsxrootd.fnal.gov//store/mc/RunIISummer20UL16MiniAODv2/W3JetsToLNu_TuneCP5_13TeV-madgraphMLM-pythia8/MINIAODSIM/106X_mcRun2_asymptotic_v17-v1/280000/D89BE761-8023-2F4C-9567-D46061617446.root
Begin processing the 900001st record. Run 1, Event 230741649, LumiSection 19330 on stream 0 at 12-Jan-2024 10:54:34.469 CET
12-Jan-2024 10:54:34 CET  Closed file root://cmsxrootd.fnal.gov//store/mc/RunIISummer20UL16MiniAODv2/W3JetsToLNu_TuneCP5_13TeV-madgraphMLM-pythia8/MINIAODSIM/106X_mcRun2_asymptotic_v17-v1/280000/D89BE761-8023-2F4C-9567-D46061617446.root
12-Jan-2024 10:54:34 CET  Initiating request to open file root://cmsxrootd.fnal.gov//store/mc/RunIISummer20UL16MiniAODv2/W3JetsToLNu_TuneCP5_13TeV-madgraphMLM-pythia8/MINIAODSIM/106X_mcRun2_asymptotic_v17-v1/280000/486E0597-DE4B-FD42-AEEE-6500A8A311EC.root
%MSG-w XrdAdaptor:  file_open 12-Jan-2024 10:54:36 CET PostProcessEvent
Data is served from fnal.gov instead of original site US-Regional-FNAL
%MSG
12-Jan-2024 10:54:37 CET  Successfully opened file root://cmsxrootd.fnal.gov//store/mc/RunIISummer20UL16MiniAODv2/W3JetsToLNu_TuneCP5_13TeV-madgraphMLM-pythia8/MINIAODSIM/106X_mcRun2_asymptotic_v17-v1/280000/486E0597-DE4B-FD42-AEEE-6500A8A311EC.root
12-Jan-2024 10:54:48 CET  Closed file root://cmsxrootd.fnal.gov//store/mc/RunIISummer20UL16MiniAODv2/W3JetsToLNu_TuneCP5_13TeV-madgraphMLM-pythia8/MINIAODSIM/106X_mcRun2_asymptotic_v17-v1/280000/486E0597-DE4B-FD42-AEEE-6500A8A311EC.root
12-Jan-2024 10:54:48 CET  Initiating request to open file root://cmsxrootd.fnal.gov//store/mc/RunIISummer20UL16MiniAODv2/W3JetsToLNu_TuneCP5_13TeV-madgraphMLM-pythia8/MINIAODSIM/106X_mcRun2_asymptotic_v17-v1/280000/7970522F-1DD2-AA41-B9D5-B45F2803FD39.root
%MSG-w XrdAdaptor:  file_open 12-Jan-2024 10:54:50 CET PostProcessEvent
Data is served from fnal.gov instead of original site US-Regional-FNAL
%MSG
12-Jan-2024 10:54:50 CET  Successfully opened file root://cmsxrootd.fnal.gov//store/mc/RunIISummer20UL16MiniAODv2/W3JetsToLNu_TuneCP5_13TeV-madgraphMLM-pythia8/MINIAODSIM/106X_mcRun2_asymptotic_v17-v1/280000/7970522F-1DD2-AA41-B9D5-B45F2803FD39.root
Begin processing the 1000001st record. Run 1, Event 49303584, LumiSection 4131 on stream 0 at 12-Jan-2024 10:54:56.660 CET
12-Jan-2024 10:54:56 CET  Closed file root://cmsxrootd.fnal.gov//store/mc/RunIISummer20UL16MiniAODv2/W3JetsToLNu_TuneCP5_13TeV-madgraphMLM-pythia8/MINIAODSIM/106X_mcRun2_asymptotic_v17-v1/280000/7970522F-1DD2-AA41-B9D5-B45F2803FD39.root
12-Jan-2024 10:54:56 CET  Initiating request to open file root://cmsxrootd.fnal.gov//store/mc/RunIISummer20UL16MiniAODv2/W3JetsToLNu_TuneCP5_13TeV-madgraphMLM-pythia8/MINIAODSIM/106X_mcRun2_asymptotic_v17-v1/120000/615975FE-DA4E-0D4A-93ED-B5F9E14B0FC9.root
%MSG-w XrdAdaptor:  file_open 12-Jan-2024 10:54:59 CET PostProcessEvent
Data is served from fnal.gov instead of original site US-Regional-FNAL
%MSG
12-Jan-2024 10:54:59 CET  Successfully opened file root://cmsxrootd.fnal.gov//store/mc/RunIISummer20UL16MiniAODv2/W3JetsToLNu_TuneCP5_13TeV-madgraphMLM-pythia8/MINIAODSIM/106X_mcRun2_asymptotic_v17-v1/120000/615975FE-DA4E-0D4A-93ED-B5F9E14B0FC9.root
Begin processing the 1100001st record. Run 1, Event 224868666, LumiSection 18838 on stream 0 at 12-Jan-2024 10:55:11.039 CET
12-Jan-2024 10:55:11 CET  Closed file root://cmsxrootd.fnal.gov//store/mc/RunIISummer20UL16MiniAODv2/W3JetsToLNu_TuneCP5_13TeV-madgraphMLM-pythia8/MINIAODSIM/106X_mcRun2_asymptotic_v17-v1/120000/615975FE-DA4E-0D4A-93ED-B5F9E14B0FC9.root
12-Jan-2024 10:55:11 CET  Initiating request to open file root://cmsxrootd.fnal.gov//store/mc/RunIISummer20UL16MiniAODv2/W3JetsToLNu_TuneCP5_13TeV-madgraphMLM-pythia8/MINIAODSIM/106X_mcRun2_asymptotic_v17-v1/120000/6EE9C80B-6CCA-6B43-A6B0-8E5031C7E2BC.root
%MSG-w XrdAdaptor:  file_open 12-Jan-2024 10:55:13 CET PostProcessEvent
Data is served from fnal.gov instead of original site US-Regional-FNAL
%MSG
12-Jan-2024 10:55:13 CET  Successfully opened file root://cmsxrootd.fnal.gov//store/mc/RunIISummer20UL16MiniAODv2/W3JetsToLNu_TuneCP5_13TeV-madgraphMLM-pythia8/MINIAODSIM/106X_mcRun2_asymptotic_v17-v1/120000/6EE9C80B-6CCA-6B43-A6B0-8E5031C7E2BC.root
12-Jan-2024 10:55:21 CET  Closed file root://cmsxrootd.fnal.gov//store/mc/RunIISummer20UL16MiniAODv2/W3JetsToLNu_TuneCP5_13TeV-madgraphMLM-pythia8/MINIAODSIM/106X_mcRun2_asymptotic_v17-v1/120000/6EE9C80B-6CCA-6B43-A6B0-8E5031C7E2BC.root
12-Jan-2024 10:55:21 CET  Initiating request to open file root://cmsxrootd.fnal.gov//store/mc/RunIISummer20UL16MiniAODv2/W3JetsToLNu_TuneCP5_13TeV-madgraphMLM-pythia8/MINIAODSIM/106X_mcRun2_asymptotic_v17-v1/120000/CE2E9D84-9D9E-ED45-8681-07E14B5AA63D.root
%MSG-w XrdAdaptor:  file_open 12-Jan-2024 10:55:23 CET PostProcessEvent
Data is served from fnal.gov instead of original site US-Regional-FNAL
%MSG
12-Jan-2024 10:55:24 CET  Successfully opened file root://cmsxrootd.fnal.gov//store/mc/RunIISummer20UL16MiniAODv2/W3JetsToLNu_TuneCP5_13TeV-madgraphMLM-pythia8/MINIAODSIM/106X_mcRun2_asymptotic_v17-v1/120000/CE2E9D84-9D9E-ED45-8681-07E14B5AA63D.root
Begin processing the 1200001st record. Run 1, Event 108371162, LumiSection 9079 on stream 0 at 12-Jan-2024 10:55:31.351 CET
12-Jan-2024 10:55:33 CET  Closed file root://cmsxrootd.fnal.gov//store/mc/RunIISummer20UL16MiniAODv2/W3JetsToLNu_TuneCP5_13TeV-madgraphMLM-pythia8/MINIAODSIM/106X_mcRun2_asymptotic_v17-v1/120000/CE2E9D84-9D9E-ED45-8681-07E14B5AA63D.root
12-Jan-2024 10:55:33 CET  Initiating request to open file root://cmsxrootd.fnal.gov//store/mc/RunIISummer20UL16MiniAODv2/W3JetsToLNu_TuneCP5_13TeV-madgraphMLM-pythia8/MINIAODSIM/106X_mcRun2_asymptotic_v17-v1/130000/418789F6-4E0E-CF4A-A3C2-86D6E5D5974E.root
%MSG-w XrdAdaptor:  file_open 12-Jan-2024 10:55:35 CET PostProcessEvent
Data is served from fnal.gov instead of original site US-Regional-FNAL
%MSG
12-Jan-2024 10:55:35 CET  Successfully opened file root://cmsxrootd.fnal.gov//store/mc/RunIISummer20UL16MiniAODv2/W3JetsToLNu_TuneCP5_13TeV-madgraphMLM-pythia8/MINIAODSIM/106X_mcRun2_asymptotic_v17-v1/130000/418789F6-4E0E-CF4A-A3C2-86D6E5D5974E.root
Begin processing the 1300001st record. Run 1, Event 192987991, LumiSection 16168 on stream 0 at 12-Jan-2024 10:55:42.806 CET
12-Jan-2024 10:55:43 CET  Closed file root://cmsxrootd.fnal.gov//store/mc/RunIISummer20UL16MiniAODv2/W3JetsToLNu_TuneCP5_13TeV-madgraphMLM-pythia8/MINIAODSIM/106X_mcRun2_asymptotic_v17-v1/130000/418789F6-4E0E-CF4A-A3C2-86D6E5D5974E.root
12-Jan-2024 10:55:43 CET  Initiating request to open file root://cmsxrootd.fnal.gov//store/mc/RunIISummer20UL16MiniAODv2/W3JetsToLNu_TuneCP5_13TeV-madgraphMLM-pythia8/MINIAODSIM/106X_mcRun2_asymptotic_v17-v1/130000/25A0ACD2-B7B6-7646-A4A2-CA52A5C1695E.root
%MSG-w XrdAdaptor:  file_open 12-Jan-2024 10:55:45 CET PostProcessEvent
Data is served from fnal.gov instead of original site US-Regional-FNAL
%MSG
12-Jan-2024 10:55:46 CET  Successfully opened file root://cmsxrootd.fnal.gov//store/mc/RunIISummer20UL16MiniAODv2/W3JetsToLNu_TuneCP5_13TeV-madgraphMLM-pythia8/MINIAODSIM/106X_mcRun2_asymptotic_v17-v1/130000/25A0ACD2-B7B6-7646-A4A2-CA52A5C1695E.root
12-Jan-2024 10:55:54 CET  Closed file root://cmsxrootd.fnal.gov//store/mc/RunIISummer20UL16MiniAODv2/W3JetsToLNu_TuneCP5_13TeV-madgraphMLM-pythia8/MINIAODSIM/106X_mcRun2_asymptotic_v17-v1/130000/25A0ACD2-B7B6-7646-A4A2-CA52A5C1695E.root
12-Jan-2024 10:55:54 CET  Initiating request to open file root://cmsxrootd.fnal.gov//store/mc/RunIISummer20UL16MiniAODv2/W3JetsToLNu_TuneCP5_13TeV-madgraphMLM-pythia8/MINIAODSIM/106X_mcRun2_asymptotic_v17-v1/70000/23365EA9-4CE7-274E-B391-472736D70ABC.root
%MSG-w XrdAdaptor:  file_open 12-Jan-2024 10:56:01 CET PostProcessEvent
Data is served from cms.rcac.purdue.edu instead of original site US-Regional-FNAL
%MSG
12-Jan-2024 10:56:01 CET  Successfully opened file root://cmsxrootd.fnal.gov//store/mc/RunIISummer20UL16MiniAODv2/W3JetsToLNu_TuneCP5_13TeV-madgraphMLM-pythia8/MINIAODSIM/106X_mcRun2_asymptotic_v17-v1/70000/23365EA9-4CE7-274E-B391-472736D70ABC.root
Begin processing the 1400001st record. Run 1, Event 200823640, LumiSection 16824 on stream 0 at 12-Jan-2024 10:56:06.637 CET
12-Jan-2024 10:56:06 CET  Closed file root://cmsxrootd.fnal.gov//store/mc/RunIISummer20UL16MiniAODv2/W3JetsToLNu_TuneCP5_13TeV-madgraphMLM-pythia8/MINIAODSIM/106X_mcRun2_asymptotic_v17-v1/70000/23365EA9-4CE7-274E-B391-472736D70ABC.root
12-Jan-2024 10:56:06 CET  Initiating request to open file root://cmsxrootd.fnal.gov//store/mc/RunIISummer20UL16MiniAODv2/W3JetsToLNu_TuneCP5_13TeV-madgraphMLM-pythia8/MINIAODSIM/106X_mcRun2_asymptotic_v17-v1/70000/D0FF7AAA-9AF3-D44B-8A68-CEA4CD791479.root
%MSG-w XrdAdaptor:  file_open 12-Jan-2024 10:56:09 CET PostProcessEvent
Data is served from cms.rcac.purdue.edu instead of original site US-Regional-FNAL
%MSG
12-Jan-2024 10:56:10 CET  Successfully opened file root://cmsxrootd.fnal.gov//store/mc/RunIISummer20UL16MiniAODv2/W3JetsToLNu_TuneCP5_13TeV-madgraphMLM-pythia8/MINIAODSIM/106X_mcRun2_asymptotic_v17-v1/70000/D0FF7AAA-9AF3-D44B-8A68-CEA4CD791479.root
12-Jan-2024 10:56:19 CET  Closed file root://cmsxrootd.fnal.gov//store/mc/RunIISummer20UL16MiniAODv2/W3JetsToLNu_TuneCP5_13TeV-madgraphMLM-pythia8/MINIAODSIM/106X_mcRun2_asymptotic_v17-v1/70000/D0FF7AAA-9AF3-D44B-8A68-CEA4CD791479.root
12-Jan-2024 10:56:19 CET  Initiating request to open file root://cmsxrootd.fnal.gov//store/mc/RunIISummer20UL16MiniAODv2/W3JetsToLNu_TuneCP5_13TeV-madgraphMLM-pythia8/MINIAODSIM/106X_mcRun2_asymptotic_v17-v1/70000/D435FCC9-F5AB-4644-BCDC-32E2345678F6.root
%MSG-w XrdAdaptor:  file_open 12-Jan-2024 10:56:21 CET PostProcessEvent
Data is served from fnal.gov instead of original site US-Regional-FNAL
%MSG
12-Jan-2024 10:56:22 CET  Successfully opened file root://cmsxrootd.fnal.gov//store/mc/RunIISummer20UL16MiniAODv2/W3JetsToLNu_TuneCP5_13TeV-madgraphMLM-pythia8/MINIAODSIM/106X_mcRun2_asymptotic_v17-v1/70000/D435FCC9-F5AB-4644-BCDC-32E2345678F6.root
Begin processing the 1500001st record. Run 1, Event 15576901, LumiSection 1305 on stream 0 at 12-Jan-2024 10:56:29.780 CET
12-Jan-2024 10:56:30 CET  Closed file root://cmsxrootd.fnal.gov//store/mc/RunIISummer20UL16MiniAODv2/W3JetsToLNu_TuneCP5_13TeV-madgraphMLM-pythia8/MINIAODSIM/106X_mcRun2_asymptotic_v17-v1/70000/D435FCC9-F5AB-4644-BCDC-32E2345678F6.root
12-Jan-2024 10:56:30 CET  Initiating request to open file root://cmsxrootd.fnal.gov//store/mc/RunIISummer20UL16MiniAODv2/W3JetsToLNu_TuneCP5_13TeV-madgraphMLM-pythia8/MINIAODSIM/106X_mcRun2_asymptotic_v17-v1/280000/9248F369-7321-D745-BF9F-39E5CE0CCEA6.root
%MSG-w XrdAdaptor:  file_open 12-Jan-2024 10:56:32 CET PostProcessEvent
Data is served from fnal.gov instead of original site US-Regional-FNAL
%MSG
12-Jan-2024 10:56:33 CET  Successfully opened file root://cmsxrootd.fnal.gov//store/mc/RunIISummer20UL16MiniAODv2/W3JetsToLNu_TuneCP5_13TeV-madgraphMLM-pythia8/MINIAODSIM/106X_mcRun2_asymptotic_v17-v1/280000/9248F369-7321-D745-BF9F-39E5CE0CCEA6.root
12-Jan-2024 10:56:41 CET  Closed file root://cmsxrootd.fnal.gov//store/mc/RunIISummer20UL16MiniAODv2/W3JetsToLNu_TuneCP5_13TeV-madgraphMLM-pythia8/MINIAODSIM/106X_mcRun2_asymptotic_v17-v1/280000/9248F369-7321-D745-BF9F-39E5CE0CCEA6.root
12-Jan-2024 10:56:41 CET  Initiating request to open file root://cmsxrootd.fnal.gov//store/mc/RunIISummer20UL16MiniAODv2/W3JetsToLNu_TuneCP5_13TeV-madgraphMLM-pythia8/MINIAODSIM/106X_mcRun2_asymptotic_v17-v1/280000/DCAD8CBC-0D5E-E34B-A8DD-BC5BE6ED2AFC.root
%MSG-w XrdAdaptor:  file_open 12-Jan-2024 10:56:43 CET PostProcessEvent
Data is served from fnal.gov instead of original site US-Regional-FNAL
%MSG
12-Jan-2024 10:56:44 CET  Successfully opened file root://cmsxrootd.fnal.gov//store/mc/RunIISummer20UL16MiniAODv2/W3JetsToLNu_TuneCP5_13TeV-madgraphMLM-pythia8/MINIAODSIM/106X_mcRun2_asymptotic_v17-v1/280000/DCAD8CBC-0D5E-E34B-A8DD-BC5BE6ED2AFC.root
Begin processing the 1600001st record. Run 1, Event 152326376, LumiSection 12761 on stream 0 at 12-Jan-2024 10:56:52.708 CET
12-Jan-2024 10:56:56 CET  Closed file root://cmsxrootd.fnal.gov//store/mc/RunIISummer20UL16MiniAODv2/W3JetsToLNu_TuneCP5_13TeV-madgraphMLM-pythia8/MINIAODSIM/106X_mcRun2_asymptotic_v17-v1/280000/DCAD8CBC-0D5E-E34B-A8DD-BC5BE6ED2AFC.root
12-Jan-2024 10:56:56 CET  Initiating request to open file root://cmsxrootd.fnal.gov//store/mc/RunIISummer20UL16MiniAODv2/W3JetsToLNu_TuneCP5_13TeV-madgraphMLM-pythia8/MINIAODSIM/106X_mcRun2_asymptotic_v17-v1/280000/0F8C32C1-D7F0-E643-A948-792DC0047AB6.root
%MSG-w XrdAdaptor:  file_open 12-Jan-2024 10:56:58 CET PostProcessEvent
Data is served from fnal.gov instead of original site US-Regional-FNAL
%MSG
12-Jan-2024 10:56:58 CET  Successfully opened file root://cmsxrootd.fnal.gov//store/mc/RunIISummer20UL16MiniAODv2/W3JetsToLNu_TuneCP5_13TeV-madgraphMLM-pythia8/MINIAODSIM/106X_mcRun2_asymptotic_v17-v1/280000/0F8C32C1-D7F0-E643-A948-792DC0047AB6.root
Begin processing the 1700001st record. Run 1, Event 224148370, LumiSection 18778 on stream 0 at 12-Jan-2024 10:57:05.833 CET
12-Jan-2024 10:57:06 CET  Closed file root://cmsxrootd.fnal.gov//store/mc/RunIISummer20UL16MiniAODv2/W3JetsToLNu_TuneCP5_13TeV-madgraphMLM-pythia8/MINIAODSIM/106X_mcRun2_asymptotic_v17-v1/280000/0F8C32C1-D7F0-E643-A948-792DC0047AB6.root
12-Jan-2024 10:57:06 CET  Initiating request to open file root://cmsxrootd.fnal.gov//store/mc/RunIISummer20UL16MiniAODv2/W3JetsToLNu_TuneCP5_13TeV-madgraphMLM-pythia8/MINIAODSIM/106X_mcRun2_asymptotic_v17-v1/70000/C6608B85-C39C-C848-9EE7-1804298E34F1.root
%MSG-w XrdAdaptor:  file_open 12-Jan-2024 10:57:08 CET PostProcessEvent
Data is served from fnal.gov instead of original site US-Regional-FNAL
%MSG
12-Jan-2024 10:57:09 CET  Successfully opened file root://cmsxrootd.fnal.gov//store/mc/RunIISummer20UL16MiniAODv2/W3JetsToLNu_TuneCP5_13TeV-madgraphMLM-pythia8/MINIAODSIM/106X_mcRun2_asymptotic_v17-v1/70000/C6608B85-C39C-C848-9EE7-1804298E34F1.root
12-Jan-2024 10:57:15 CET  Closed file root://cmsxrootd.fnal.gov//store/mc/RunIISummer20UL16MiniAODv2/W3JetsToLNu_TuneCP5_13TeV-madgraphMLM-pythia8/MINIAODSIM/106X_mcRun2_asymptotic_v17-v1/70000/C6608B85-C39C-C848-9EE7-1804298E34F1.root
12-Jan-2024 10:57:15 CET  Initiating request to open file root://cmsxrootd.fnal.gov//store/mc/RunIISummer20UL16MiniAODv2/W3JetsToLNu_TuneCP5_13TeV-madgraphMLM-pythia8/MINIAODSIM/106X_mcRun2_asymptotic_v17-v1/120000/D4EC78BA-8A4D-E044-839A-D6248275B765.root
%MSG-w XrdAdaptor:  file_open 12-Jan-2024 10:57:16 CET PostProcessEvent
Data is served from fnal.gov instead of original site US-Regional-FNAL
%MSG
12-Jan-2024 10:57:17 CET  Successfully opened file root://cmsxrootd.fnal.gov//store/mc/RunIISummer20UL16MiniAODv2/W3JetsToLNu_TuneCP5_13TeV-madgraphMLM-pythia8/MINIAODSIM/106X_mcRun2_asymptotic_v17-v1/120000/D4EC78BA-8A4D-E044-839A-D6248275B765.root
Begin processing the 1800001st record. Run 1, Event 71827325, LumiSection 6018 on stream 0 at 12-Jan-2024 10:57:27.078 CET
12-Jan-2024 10:57:28 CET  Closed file root://cmsxrootd.fnal.gov//store/mc/RunIISummer20UL16MiniAODv2/W3JetsToLNu_TuneCP5_13TeV-madgraphMLM-pythia8/MINIAODSIM/106X_mcRun2_asymptotic_v17-v1/120000/D4EC78BA-8A4D-E044-839A-D6248275B765.root
12-Jan-2024 10:57:28 CET  Initiating request to open file root://cmsxrootd.fnal.gov//store/mc/RunIISummer20UL16MiniAODv2/W3JetsToLNu_TuneCP5_13TeV-madgraphMLM-pythia8/MINIAODSIM/106X_mcRun2_asymptotic_v17-v1/120000/D638C9AA-425E-C641-849C-41B94332EB4B.root
%MSG-w XrdAdaptor:  file_open 12-Jan-2024 10:57:30 CET PostProcessEvent
Data is served from fnal.gov instead of original site US-Regional-FNAL
%MSG
12-Jan-2024 10:57:30 CET  Successfully opened file root://cmsxrootd.fnal.gov//store/mc/RunIISummer20UL16MiniAODv2/W3JetsToLNu_TuneCP5_13TeV-madgraphMLM-pythia8/MINIAODSIM/106X_mcRun2_asymptotic_v17-v1/120000/D638C9AA-425E-C641-849C-41B94332EB4B.root
Begin processing the 1900001st record. Run 1, Event 118127401, LumiSection 9896 on stream 0 at 12-Jan-2024 10:57:38.650 CET
12-Jan-2024 10:57:39 CET  Closed file root://cmsxrootd.fnal.gov//store/mc/RunIISummer20UL16MiniAODv2/W3JetsToLNu_TuneCP5_13TeV-madgraphMLM-pythia8/MINIAODSIM/106X_mcRun2_asymptotic_v17-v1/120000/D638C9AA-425E-C641-849C-41B94332EB4B.root
12-Jan-2024 10:57:39 CET  Initiating request to open file root://cmsxrootd.fnal.gov//store/mc/RunIISummer20UL16MiniAODv2/W3JetsToLNu_TuneCP5_13TeV-madgraphMLM-pythia8/MINIAODSIM/106X_mcRun2_asymptotic_v17-v1/120000/5B211B46-3E6F-D849-84BE-AD06E6BDDA3F.root
%MSG-w XrdAdaptor:  file_open 12-Jan-2024 10:57:41 CET PostProcessEvent
Data is served from fnal.gov instead of original site US-Regional-FNAL
%MSG
12-Jan-2024 10:57:42 CET  Successfully opened file root://cmsxrootd.fnal.gov//store/mc/RunIISummer20UL16MiniAODv2/W3JetsToLNu_TuneCP5_13TeV-madgraphMLM-pythia8/MINIAODSIM/106X_mcRun2_asymptotic_v17-v1/120000/5B211B46-3E6F-D849-84BE-AD06E6BDDA3F.root
12-Jan-2024 10:57:50 CET  Closed file root://cmsxrootd.fnal.gov//store/mc/RunIISummer20UL16MiniAODv2/W3JetsToLNu_TuneCP5_13TeV-madgraphMLM-pythia8/MINIAODSIM/106X_mcRun2_asymptotic_v17-v1/120000/5B211B46-3E6F-D849-84BE-AD06E6BDDA3F.root
12-Jan-2024 10:57:50 CET  Initiating request to open file root://cmsxrootd.fnal.gov//store/mc/RunIISummer20UL16MiniAODv2/W3JetsToLNu_TuneCP5_13TeV-madgraphMLM-pythia8/MINIAODSIM/106X_mcRun2_asymptotic_v17-v1/120000/B6BA5A13-F6CB-9848-88BD-BED458FF67AB.root
%MSG-w XrdAdaptor:  file_open 12-Jan-2024 10:57:52 CET PostProcessEvent
Data is served from fnal.gov instead of original site US-Regional-FNAL
%MSG
12-Jan-2024 10:57:52 CET  Successfully opened file root://cmsxrootd.fnal.gov//store/mc/RunIISummer20UL16MiniAODv2/W3JetsToLNu_TuneCP5_13TeV-madgraphMLM-pythia8/MINIAODSIM/106X_mcRun2_asymptotic_v17-v1/120000/B6BA5A13-F6CB-9848-88BD-BED458FF67AB.root
Begin processing the 2000001st record. Run 1, Event 110410181, LumiSection 9250 on stream 0 at 12-Jan-2024 10:57:59.144 CET
12-Jan-2024 10:58:02 CET  Closed file root://cmsxrootd.fnal.gov//store/mc/RunIISummer20UL16MiniAODv2/W3JetsToLNu_TuneCP5_13TeV-madgraphMLM-pythia8/MINIAODSIM/106X_mcRun2_asymptotic_v17-v1/120000/B6BA5A13-F6CB-9848-88BD-BED458FF67AB.root
12-Jan-2024 10:58:02 CET  Initiating request to open file root://cmsxrootd.fnal.gov//store/mc/RunIISummer20UL16MiniAODv2/W3JetsToLNu_TuneCP5_13TeV-madgraphMLM-pythia8/MINIAODSIM/106X_mcRun2_asymptotic_v17-v1/120000/606203B0-F21B-484E-A612-84CDC5D06C12.root
%MSG-w XrdAdaptor:  file_open 12-Jan-2024 10:58:04 CET PostProcessEvent
Data is served from fnal.gov instead of original site US-Regional-FNAL
%MSG
12-Jan-2024 10:58:05 CET  Successfully opened file root://cmsxrootd.fnal.gov//store/mc/RunIISummer20UL16MiniAODv2/W3JetsToLNu_TuneCP5_13TeV-madgraphMLM-pythia8/MINIAODSIM/106X_mcRun2_asymptotic_v17-v1/120000/606203B0-F21B-484E-A612-84CDC5D06C12.root
Begin processing the 2100001st record. Run 1, Event 114199489, LumiSection 9567 on stream 0 at 12-Jan-2024 10:58:11.495 CET
12-Jan-2024 10:58:14 CET  Closed file root://cmsxrootd.fnal.gov//store/mc/RunIISummer20UL16MiniAODv2/W3JetsToLNu_TuneCP5_13TeV-madgraphMLM-pythia8/MINIAODSIM/106X_mcRun2_asymptotic_v17-v1/120000/606203B0-F21B-484E-A612-84CDC5D06C12.root
12-Jan-2024 10:58:14 CET  Initiating request to open file root://cmsxrootd.fnal.gov//store/mc/RunIISummer20UL16MiniAODv2/W3JetsToLNu_TuneCP5_13TeV-madgraphMLM-pythia8/MINIAODSIM/106X_mcRun2_asymptotic_v17-v1/120000/CE7FB0A5-7FEE-464A-AA8E-D99231B896AB.root
%MSG-w XrdAdaptor:  file_open 12-Jan-2024 10:58:16 CET PostProcessEvent
Data is served from fnal.gov instead of original site US-Regional-FNAL
%MSG
12-Jan-2024 10:58:17 CET  Successfully opened file root://cmsxrootd.fnal.gov//store/mc/RunIISummer20UL16MiniAODv2/W3JetsToLNu_TuneCP5_13TeV-madgraphMLM-pythia8/MINIAODSIM/106X_mcRun2_asymptotic_v17-v1/120000/CE7FB0A5-7FEE-464A-AA8E-D99231B896AB.root
Begin processing the 2200001st record. Run 1, Event 116725864, LumiSection 9779 on stream 0 at 12-Jan-2024 10:58:23.867 CET
12-Jan-2024 10:58:25 CET  Closed file root://cmsxrootd.fnal.gov//store/mc/RunIISummer20UL16MiniAODv2/W3JetsToLNu_TuneCP5_13TeV-madgraphMLM-pythia8/MINIAODSIM/106X_mcRun2_asymptotic_v17-v1/120000/CE7FB0A5-7FEE-464A-AA8E-D99231B896AB.root
12-Jan-2024 10:58:25 CET  Initiating request to open file root://cmsxrootd.fnal.gov//store/mc/RunIISummer20UL16MiniAODv2/W3JetsToLNu_TuneCP5_13TeV-madgraphMLM-pythia8/MINIAODSIM/106X_mcRun2_asymptotic_v17-v1/280000/03FFC5E3-8EB9-B64F-8CAB-C0A2ED2920D7.root
%MSG-w XrdAdaptor:  file_open 12-Jan-2024 10:58:27 CET PostProcessEvent
Data is served from fnal.gov instead of original site US-Regional-FNAL
%MSG
12-Jan-2024 10:58:27 CET  Successfully opened file root://cmsxrootd.fnal.gov//store/mc/RunIISummer20UL16MiniAODv2/W3JetsToLNu_TuneCP5_13TeV-madgraphMLM-pythia8/MINIAODSIM/106X_mcRun2_asymptotic_v17-v1/280000/03FFC5E3-8EB9-B64F-8CAB-C0A2ED2920D7.root
12-Jan-2024 10:58:34 CET  Closed file root://cmsxrootd.fnal.gov//store/mc/RunIISummer20UL16MiniAODv2/W3JetsToLNu_TuneCP5_13TeV-madgraphMLM-pythia8/MINIAODSIM/106X_mcRun2_asymptotic_v17-v1/280000/03FFC5E3-8EB9-B64F-8CAB-C0A2ED2920D7.root
12-Jan-2024 10:58:34 CET  Initiating request to open file root://cmsxrootd.fnal.gov//store/mc/RunIISummer20UL16MiniAODv2/W3JetsToLNu_TuneCP5_13TeV-madgraphMLM-pythia8/MINIAODSIM/106X_mcRun2_asymptotic_v17-v1/280000/2FE4C49B-F3BA-0E42-84F0-FD3D924E517B.root
%MSG-w XrdAdaptor:  file_open 12-Jan-2024 10:58:36 CET PostProcessEvent
Data is served from fnal.gov instead of original site US-Regional-FNAL
%MSG
12-Jan-2024 10:58:37 CET  Successfully opened file root://cmsxrootd.fnal.gov//store/mc/RunIISummer20UL16MiniAODv2/W3JetsToLNu_TuneCP5_13TeV-madgraphMLM-pythia8/MINIAODSIM/106X_mcRun2_asymptotic_v17-v1/280000/2FE4C49B-F3BA-0E42-84F0-FD3D924E517B.root
Begin processing the 2300001st record. Run 1, Event 168107020, LumiSection 14083 on stream 0 at 12-Jan-2024 10:58:44.278 CET
12-Jan-2024 10:58:47 CET  Closed file root://cmsxrootd.fnal.gov//store/mc/RunIISummer20UL16MiniAODv2/W3JetsToLNu_TuneCP5_13TeV-madgraphMLM-pythia8/MINIAODSIM/106X_mcRun2_asymptotic_v17-v1/280000/2FE4C49B-F3BA-0E42-84F0-FD3D924E517B.root
12-Jan-2024 10:58:47 CET  Initiating request to open file root://cmsxrootd.fnal.gov//store/mc/RunIISummer20UL16MiniAODv2/W3JetsToLNu_TuneCP5_13TeV-madgraphMLM-pythia8/MINIAODSIM/106X_mcRun2_asymptotic_v17-v1/280000/5636A56E-4264-C74F-A2C7-30267AA65D6E.root
%MSG-w XrdAdaptor:  file_open 12-Jan-2024 10:58:49 CET PostProcessEvent
Data is served from fnal.gov instead of original site US-Regional-FNAL
%MSG
12-Jan-2024 10:58:49 CET  Successfully opened file root://cmsxrootd.fnal.gov//store/mc/RunIISummer20UL16MiniAODv2/W3JetsToLNu_TuneCP5_13TeV-madgraphMLM-pythia8/MINIAODSIM/106X_mcRun2_asymptotic_v17-v1/280000/5636A56E-4264-C74F-A2C7-30267AA65D6E.root
Begin processing the 2400001st record. Run 1, Event 35927843, LumiSection 3010 on stream 0 at 12-Jan-2024 10:58:56.201 CET
12-Jan-2024 10:58:59 CET  Closed file root://cmsxrootd.fnal.gov//store/mc/RunIISummer20UL16MiniAODv2/W3JetsToLNu_TuneCP5_13TeV-madgraphMLM-pythia8/MINIAODSIM/106X_mcRun2_asymptotic_v17-v1/280000/5636A56E-4264-C74F-A2C7-30267AA65D6E.root
12-Jan-2024 10:58:59 CET  Initiating request to open file root://cmsxrootd.fnal.gov//store/mc/RunIISummer20UL16MiniAODv2/W3JetsToLNu_TuneCP5_13TeV-madgraphMLM-pythia8/MINIAODSIM/106X_mcRun2_asymptotic_v17-v1/280000/0399026B-E37A-3841-98AA-89BC35832C72.root
%MSG-w XrdAdaptor:  file_open 12-Jan-2024 10:59:01 CET PostProcessEvent
Data is served from fnal.gov instead of original site US-Regional-FNAL
%MSG
12-Jan-2024 10:59:02 CET  Successfully opened file root://cmsxrootd.fnal.gov//store/mc/RunIISummer20UL16MiniAODv2/W3JetsToLNu_TuneCP5_13TeV-madgraphMLM-pythia8/MINIAODSIM/106X_mcRun2_asymptotic_v17-v1/280000/0399026B-E37A-3841-98AA-89BC35832C72.root
Begin processing the 2500001st record. Run 1, Event 90111436, LumiSection 7549 on stream 0 at 12-Jan-2024 10:59:09.053 CET
12-Jan-2024 10:59:09 CET  Closed file root://cmsxrootd.fnal.gov//store/mc/RunIISummer20UL16MiniAODv2/W3JetsToLNu_TuneCP5_13TeV-madgraphMLM-pythia8/MINIAODSIM/106X_mcRun2_asymptotic_v17-v1/280000/0399026B-E37A-3841-98AA-89BC35832C72.root
12-Jan-2024 10:59:09 CET  Initiating request to open file root://cmsxrootd.fnal.gov//store/mc/RunIISummer20UL16MiniAODv2/W3JetsToLNu_TuneCP5_13TeV-madgraphMLM-pythia8/MINIAODSIM/106X_mcRun2_asymptotic_v17-v1/70000/6D50BED6-9965-BA42-AB80-1B147703AEFA.root
%MSG-w XrdAdaptor:  file_open 12-Jan-2024 10:59:12 CET PostProcessEvent
Data is served from cms.rcac.purdue.edu instead of original site US-Regional-FNAL
%MSG
12-Jan-2024 10:59:13 CET  Successfully opened file root://cmsxrootd.fnal.gov//store/mc/RunIISummer20UL16MiniAODv2/W3JetsToLNu_TuneCP5_13TeV-madgraphMLM-pythia8/MINIAODSIM/106X_mcRun2_asymptotic_v17-v1/70000/6D50BED6-9965-BA42-AB80-1B147703AEFA.root
Begin processing the 2600001st record. Run 1, Event 132074938, LumiSection 11065 on stream 0 at 12-Jan-2024 10:59:22.697 CET
12-Jan-2024 10:59:23 CET  Closed file root://cmsxrootd.fnal.gov//store/mc/RunIISummer20UL16MiniAODv2/W3JetsToLNu_TuneCP5_13TeV-madgraphMLM-pythia8/MINIAODSIM/106X_mcRun2_asymptotic_v17-v1/70000/6D50BED6-9965-BA42-AB80-1B147703AEFA.root
12-Jan-2024 10:59:23 CET  Initiating request to open file root://cmsxrootd.fnal.gov//store/mc/RunIISummer20UL16MiniAODv2/W3JetsToLNu_TuneCP5_13TeV-madgraphMLM-pythia8/MINIAODSIM/106X_mcRun2_asymptotic_v17-v1/70000/BD555B79-DDCE-774C-9BC5-EA7245BA78C4.root
%MSG-w XrdAdaptor:  file_open 12-Jan-2024 10:59:25 CET PostProcessEvent
Data is served from cms.rcac.purdue.edu instead of original site US-Regional-FNAL
%MSG
12-Jan-2024 10:59:26 CET  Successfully opened file root://cmsxrootd.fnal.gov//store/mc/RunIISummer20UL16MiniAODv2/W3JetsToLNu_TuneCP5_13TeV-madgraphMLM-pythia8/MINIAODSIM/106X_mcRun2_asymptotic_v17-v1/70000/BD555B79-DDCE-774C-9BC5-EA7245BA78C4.root
Begin processing the 2700001st record. Run 1, Event 170847229, LumiSection 14313 on stream 0 at 12-Jan-2024 10:59:36.791 CET
12-Jan-2024 10:59:36 CET  Closed file root://cmsxrootd.fnal.gov//store/mc/RunIISummer20UL16MiniAODv2/W3JetsToLNu_TuneCP5_13TeV-madgraphMLM-pythia8/MINIAODSIM/106X_mcRun2_asymptotic_v17-v1/70000/BD555B79-DDCE-774C-9BC5-EA7245BA78C4.root
12-Jan-2024 10:59:36 CET  Initiating request to open file root://cmsxrootd.fnal.gov//store/mc/RunIISummer20UL16MiniAODv2/W3JetsToLNu_TuneCP5_13TeV-madgraphMLM-pythia8/MINIAODSIM/106X_mcRun2_asymptotic_v17-v1/70000/12974D48-D69B-5144-BCE7-F2A3964E88CE.root
%MSG-w XrdAdaptor:  file_open 12-Jan-2024 10:59:39 CET PostProcessEvent
Data is served from cms.rcac.purdue.edu instead of original site US-Regional-FNAL
%MSG
12-Jan-2024 10:59:39 CET  Successfully opened file root://cmsxrootd.fnal.gov//store/mc/RunIISummer20UL16MiniAODv2/W3JetsToLNu_TuneCP5_13TeV-madgraphMLM-pythia8/MINIAODSIM/106X_mcRun2_asymptotic_v17-v1/70000/12974D48-D69B-5144-BCE7-F2A3964E88CE.root
12-Jan-2024 10:59:51 CET  Closed file root://cmsxrootd.fnal.gov//store/mc/RunIISummer20UL16MiniAODv2/W3JetsToLNu_TuneCP5_13TeV-madgraphMLM-pythia8/MINIAODSIM/106X_mcRun2_asymptotic_v17-v1/70000/12974D48-D69B-5144-BCE7-F2A3964E88CE.root
12-Jan-2024 10:59:51 CET  Initiating request to open file root://cmsxrootd.fnal.gov//store/mc/RunIISummer20UL16MiniAODv2/W3JetsToLNu_TuneCP5_13TeV-madgraphMLM-pythia8/MINIAODSIM/106X_mcRun2_asymptotic_v17-v1/70000/FECEBF55-5C80-0946-9A0A-7C392A90AE36.root
%MSG-w XrdAdaptorInternal:  file_open 12-Jan-2024 10:59:53 CET PostProcessEvent
Failed to open file at URL root://eos-c01.cms.rcac.purdue.edu:1101//store/mc/RunIISummer20UL16MiniAODv2/W3JetsToLNu_TuneCP5_13TeV-madgraphMLM-pythia8/MINIAODSIM/106X_mcRun2_asymptotic_v17-v1/70000/FECEBF55-5C80-0946-9A0A-7C392A90AE36.root?cap.msg=d9J3goYSFLAUInNxGNsU1Ur8UvaMAWcICOqppuMfSEMFeKsPR13YF75ampMwWejEWI8etKZol8+oA+H+obcH5TGaX0yfZ/NsHRxUtflYCTIMpJzw/i596JPUcq7bbf8aPm5NO9L9TpYPnAohl42ku3QQ1zY7f8ikbHIzW3jnDidB1pOrIuluAWP6f6sNujr5UVqreLrgOvrtJqXNUv9GrxvhvPophEs6qlRPYTPAIqGNmMiT5fFR42wpWh57Nc1cq7o42OS67L99Mz5mdu8XHDKxD4HOWWNrpM367URt3pzUd3CNG7vKLYCfSmqRXxRvMeEqmSgUf7eWRCHMCwO4da95r5As4mCf4oJPI1Iwnq9b7vmFg2dR+FsywqTexoc0YGa5nfGQZKa1fWwcML6iTA4yehYIW9+ebvbYPa4LRVCSK6dGA5r14/V+I5Kz/i5OUx0ZlIcqezhUfUjb9BLy8n/2lzT5317kLYOy2mBsLzS9dEC/+7/vYwHew0fDXi02FP5aTK3+tBcKzX+okrInm03urRekEcQz1jotF2KtKareOwO7leulJVXsys99yJ/OZE7hOeGfcrgTDSgKnIzwECIWP1baw+nMxxuBjkl5j4bwJNb5GSQaTo6rd4Vi1p5GA3goBY/y7vgOPRWd0IpKQz11LWPU6rlecGtUDlTaxkG/unDpxIQaaY7Gz6dYnDN6e8M8GvirrGpzQv+buQ0g5sc9p3EJrBPIWKaaAYIrq7S/z5J7vlO7vaHpUUduH6atbTa8l9xJCAInPTpfZXIVNkSy11o3JIQGmc4cKgIlUac+mGH0mUYFYpJlqUG1ip7T4+07fbKefNCwlbi0V0V/VzQDz0lDmoUq4555QUTazw4Ijsci7XnznQ==&cap.sym=xU6mGpv9T0+hMNHFH2SXcWOdliY=&eos.clientinfo=zbase64:MDAwMDAwNmZ4nBXIQQ6EIAxG4avMBWxgFrMg6WG0/YkkKqTQmLm9svveqw1XssGBft9PqWm7uVx5qssO5TA5/g28ec4w6BzNSmVFXv0Ys99dDDIYtS8SIsnZyWQVam7qIKinGEN8AIYgJuA=&mgm.blockchecksum=ignore&mgm.id=0023924b&mgm.logid=5487ef98-b131-11ee-bf13-5c6f69a9c0f0&mgm.mtime=1671552974&mgm.replicahead=1&mgm.replicaindex=1.
%MSG
%MSG-w XrdAdaptor:  file_open 12-Jan-2024 10:59:54 CET PostProcessEvent
Data is served from cms.rcac.purdue.edu instead of original site US-Regional-FNAL
%MSG
12-Jan-2024 10:59:55 CET  Successfully opened file root://cmsxrootd.fnal.gov//store/mc/RunIISummer20UL16MiniAODv2/W3JetsToLNu_TuneCP5_13TeV-madgraphMLM-pythia8/MINIAODSIM/106X_mcRun2_asymptotic_v17-v1/70000/FECEBF55-5C80-0946-9A0A-7C392A90AE36.root
Begin processing the 2800001st record. Run 1, Event 99082960, LumiSection 8301 on stream 0 at 12-Jan-2024 11:00:00.621 CET
12-Jan-2024 11:00:02 CET  Closed file root://cmsxrootd.fnal.gov//store/mc/RunIISummer20UL16MiniAODv2/W3JetsToLNu_TuneCP5_13TeV-madgraphMLM-pythia8/MINIAODSIM/106X_mcRun2_asymptotic_v17-v1/70000/FECEBF55-5C80-0946-9A0A-7C392A90AE36.root
12-Jan-2024 11:00:02 CET  Initiating request to open file root://cmsxrootd.fnal.gov//store/mc/RunIISummer20UL16MiniAODv2/W3JetsToLNu_TuneCP5_13TeV-madgraphMLM-pythia8/MINIAODSIM/106X_mcRun2_asymptotic_v17-v1/70000/0420D13F-7956-E34A-ADD7-CA8D2C3165A3.root
%MSG-w XrdAdaptorInternal:  file_open 12-Jan-2024 11:00:03 CET PostProcessEvent
Failed to open file at URL root://eos-c01.cms.rcac.purdue.edu:1101//store/mc/RunIISummer20UL16MiniAODv2/W3JetsToLNu_TuneCP5_13TeV-madgraphMLM-pythia8/MINIAODSIM/106X_mcRun2_asymptotic_v17-v1/70000/0420D13F-7956-E34A-ADD7-CA8D2C3165A3.root?cap.msg=d9J3goYSFLAUInNxGNsU1Ur8UvaMAWcICOqppuMfSEMFeKsPR13YF75ampMwWejEWI8etKZol8+oA+H+obcH5TGaX0yfZ/NsHRxUtflYCTIMpJzw/i596JPUcq7bbf8aPm5NO9L9TpYPnAohl42ku3QQ1zY7f8ikbHIzW3jnDidB1pOrIuluAWP6f6sNujr5UVqreLrgOvrtJqXNUv9GrxvhvPophEs6qlRPYTPAIqGNmMiT5fFR42wpWh57Nc1cq7o42OS67L/m+nxa5ZsDO2OlyvLR0Iiah80pd7MUqVB/JCAMS+ScOYsK+UPhj1b1Iauor4uS74/5gAYS/SAxXpGmOQpQVJXwhhBynLVK/kApTnygCyOwFrXpACUdSfDWXcZ9/phPR2++aDXXJLaBHKD8pbzVZ95xVSqKifziu8G8uvyAuLIiM5XY+k3DXlkC9G38X9toE1PK4OJY4lgWAPhMNsObWGozFlEAR98v9jFNzU7zT7QdAv9B2po+W/6UX3jHGk+Yp4dvvMKCVShGUxDJ2Zrx8VPTfaYlnEMNwZlVydjQWu0BOiLbJxRR/9jNi6kxLZoeqh9TJW0O+krIekT5vPtVSs9iAHfrE1QeiskedcvHeqkXLb0USO9GmPCmdTcx8uLIiyIi41Qx2zqxBeXGMXD8+O4TvVGMuIeVRD/EBV7HOkfx7zlh0cQN3KTTg0wkZ5nroX3Mxct49wD7EO0h1fpkj8X3cLdwJdsyOvv5n2Xber2zjv7wyyDKHFTLrgtYBjYKnRM8WLZLtm8RKai05jzCzVQ4ZPPAc75T7aHv26SClq+Bkb3XM5QPaIHVWPuLu0aGQc/EE5u3cFCscET7I1igmgGPAlOxp933ddDnWSb+stBxFg==&cap.sym=xU6mGpv9T0+hMNHFH2SXcWOdliY=&eos.clientinfo=zbase64:MDAwMDAwNmZ4nBXIUQrEIAxF0a3MBhoU5meELKZNnlRoq0RDmd23/p17a8OVbHCg7+9TatpuLlee6rJDOUyOfwNvnjMMOkezUlmRVz/G7HcXgwxG7YuESHJ2MlmFmps6COopxhAfiBIm5Q==&mgm.blockchecksum=ignore&mgm.id=0019f761&mgm.logid=5b2d1012-b131-11ee-9449-5c6f69a9c0f0&mgm.mtime=1670601100&mgm.replicahead=1&mgm.replicaindex=1.
%MSG
%MSG-w XrdAdaptorInternal:  file_open 12-Jan-2024 11:00:04 CET PostProcessEvent
Failed to open file at URL root://eos-c01.cms.rcac.purdue.edu:1101//store/mc/RunIISummer20UL16MiniAODv2/W3JetsToLNu_TuneCP5_13TeV-madgraphMLM-pythia8/MINIAODSIM/106X_mcRun2_asymptotic_v17-v1/70000/0420D13F-7956-E34A-ADD7-CA8D2C3165A3.root?cap.msg=d9J3goYSFLAUInNxGNsU1Ur8UvaMAWcICOqppuMfSEMFeKsPR13YF75ampMwWejEWI8etKZol8+oA+H+obcH5TGaX0yfZ/NsHRxUtflYCTIMpJzw/i596JPUcq7bbf8aPm5NO9L9TpYPnAohl42ku3QQ1zY7f8ikbHIzW3jnDidB1pOrIuluAWP6f6sNujr5UVqreLrgOvrtJqXNUv9GrxvhvPophEs6qlRPYTPAIqGNmMiT5fFR42wpWh57Nc1cq7o42OS67L/m+nxa5ZsDO2OlyvLR0Iiah80pd7MUqVB/JCAMS+ScOYsK+UPhj1b1Iauor4uS74/5gAYS/SAxXpGmOQpQVJXwhhBynLVK/kApTnygCyOwFrXpACUdSfDWXcZ9/phPR2++aDXXJLaBHKD8pbzVZ95xVSqKifziu8G8uvyAuLIiM5XY+k3DXlkC9G38X9toE1PK4OJY4lgWAPhMNsObWGozFlEAR98v9jFNzU7zT7QdAv9B2po+W/6UX3jHGk+Yp4dvvMKCVShGUxDJ2Zrx8VPTfaYlnEMNwZlVydjQWu0BOiLbJxRR/9jNi6kxLZoeqh9TJW0O+krIekT5vPtVSs9iAHfrE1QeiskedcvHeqkXLb0USO9GmPCmdTcx8uLIiyIi41Qx2zqxBeXGMXD8+O4TvVGMuIeVRD/EBV7HOkfx7zlh0cQN3KTTg0wkZ5nroX3Mxct49wD7EO0h1fpkj8X3cLdwJdsyOvv5n2Xber2zjv7wyyDKHFTLrgtYBjYKnRM8WLZLtm8RKai05jzCzVQ4ZPPAc75T7aHv26SClq+Bkb3XM5QPaIHVWPuLu0aGQc/EE5u3cFCscET7I1igmgGPAlOxp933ddBS3oe7amQ0pA==&cap.sym=xU6mGpv9T0+hMNHFH2SXcWOdliY=&eos.clientinfo=zbase64:MDAwMDAwNmZ4nBXIQQ6FIAxF0a38DdjAwAlJF6PtI59EhRQa4+6V2bm3NlzJBgda11+pab+5XHmqyx/KYXI8Dbx7zjDoHM1KZUXe/Bizv10MMhi1LxIiydnJZBNqbuogqKcYQ3wBhucm4g==&mgm.blockchecksum=ignore&mgm.id=0019f761&mgm.logid=5b70aeee-b131-11ee-9449-5c6f69a9c0f0&mgm.mtime=1670601100&mgm.replicahead=1&mgm.replicaindex=1&tried=.
%MSG
----- Begin Fatal Exception 12-Jan-2024 11:00:04 CET-----------------------
An exception of category 'FileOpenError' occurred while
   [0] Calling InputSource::readFile_
   [1] Calling RootFileSequenceBase::initTheFile()
   [2] Calling StorageFactory::open()
   [3] Calling XrdFile::open()
Exception Message:
Failed to open the file 'root://cmsxrootd.fnal.gov//store/mc/RunIISummer20UL16MiniAODv2/W3JetsToLNu_TuneCP5_13TeV-madgraphMLM-pythia8/MINIAODSIM/106X_mcRun2_asymptotic_v17-v1/70000/0420D13F-7956-E34A-ADD7-CA8D2C3165A3.root'
   Additional Info:
      [a] Input file root://cmsxrootd.fnal.gov//store/mc/RunIISummer20UL16MiniAODv2/W3JetsToLNu_TuneCP5_13TeV-madgraphMLM-pythia8/MINIAODSIM/106X_mcRun2_asymptotic_v17-v1/70000/0420D13F-7956-E34A-ADD7-CA8D2C3165A3.root could not be opened.
      [b] XrdCl::File::Open(name='root://cmsxrootd.fnal.gov//store/mc/RunIISummer20UL16MiniAODv2/W3JetsToLNu_TuneCP5_13TeV-madgraphMLM-pythia8/MINIAODSIM/106X_mcRun2_asymptotic_v17-v1/70000/0420D13F-7956-E34A-ADD7-CA8D2C3165A3.root', flags=0x10, permissions=0660) => error '[ERROR] Server responded with an error: [3000] Unable to open - cannot determine the prefix path to use for the given filesystem id /store/mc/RunIISummer20UL16MiniAODv2/W3JetsToLNu_TuneCP5_13TeV-madgraphMLM-pythia8/MINIAODSIM/106X_mcRun2_asymptotic_v17-v1/70000/0420D13F-7956-E34A-ADD7-CA8D2C3165A3.root; invalid argument
' (errno=3000, code=400). No additional data servers were found.
      [c] Last URL tried: root://eos-c01.cms.rcac.purdue.edu:1101//store/mc/RunIISummer20UL16MiniAODv2/W3JetsToLNu_TuneCP5_13TeV-madgraphMLM-pythia8/MINIAODSIM/106X_mcRun2_asymptotic_v17-v1/70000/0420D13F-7956-E34A-ADD7-CA8D2C3165A3.root?cap.msg=d9J3goYSFLAUInNxGNsU1Ur8UvaMAWcICOqppuMfSEMFeKsPR13YF75ampMwWejEWI8etKZol8+oA+H+obcH5TGaX0yfZ/NsHRxUtflYCTIMpJzw/i596JPUcq7bbf8aPm5NO9L9TpYPnAohl42ku3QQ1zY7f8ikbHIzW3jnDidB1pOrIuluAWP6f6sNujr5UVqreLrgOvrtJqXNUv9GrxvhvPophEs6qlRPYTPAIqGNmMiT5fFR42wpWh57Nc1cq7o42OS67L/m+nxa5ZsDO2OlyvLR0Iiah80pd7MUqVB/JCAMS+ScOYsK+UPhj1b1Iauor4uS74/5gAYS/SAxXpGmOQpQVJXwhhBynLVK/kApTnygCyOwFrXpACUdSfDWXcZ9/phPR2++aDXXJLaBHKD8pbzVZ95xVSqKifziu8G8uvyAuLIiM5XY+k3DXlkC9G38X9toE1PK4OJY4lgWAPhMNsObWGozFlEAR98v9jFNzU7zT7QdAv9B2po+W/6UX3jHGk+Yp4dvvMKCVShGUxDJ2Zrx8VPTfaYlnEMNwZlVydjQWu0BOiLbJxRR/9jNi6kxLZoeqh9TJW0O+krIekT5vPtVSs9iAHfrE1QeiskedcvHeqkXLb0USO9GmPCmdTcx8uLIiyIi41Qx2zqxBeXGMXD8+O4TvVGMuIeVRD/EBV7HOkfx7zlh0cQN3KTTg0wkZ5nroX3Mxct49wD7EO0h1fpkj8X3cLdwJdsyOvv5n2Xber2zjv7wyyDKHFTLrgtYBjYKnRM8WLZLtm8RKai05jzCzVQ4ZPPAc75T7aHv26SClq+Bkb3XM5QPaIHVWPuLu0aGQc/EE5u3cFCscET7I1igmgGPAlOxp933ddBS3oe7amQ0pA==&cap.sym=xU6mGpv9T0+hMNHFH2SXcWOdliY=&eos.clientinfo=zbase64:MDAwMDAwNmZ4nBXIQQ6FIAxF0a38DdjAwAlJF6PtI59EhRQa4+6V2bm3NlzJBgda11+pab+5XHmqyx/KYXI8Dbx7zjDoHM1KZUXe/Bizv10MMhi1LxIiydnJZBNqbuogqKcYQ3wBhucm4g==&mgm.blockchecksum=ignore&mgm.id=0019f761&mgm.logid=5b70aeee-b131-11ee-9449-5c6f69a9c0f0&mgm.mtime=1670601100&mgm.replicahead=1&mgm.replicaindex=1&tried=
      [d] Problematic data server: eos-c01.cms.rcac.purdue.edu:1101
      [e] Disabled source: eos-c01.cms.rcac.purdue.edu:1101
----- End Fatal Exception -------------------------------------------------
   6428.293171      9.514611  11084.470000             0
   4546.321198      7.713871  11084.470000             1
 

------------------------------------
GenXsecAnalyzer:
------------------------------------
-------------------------------------------------------------------------------------------------------------------------------------------------------------------------- 
Overall cross-section summary 
--------------------------------------------------------------------------------------------------------------------------------------------------------------------------
Process		xsec_before [pb]		passed	nposw	nnegw	tried	nposw	nnegw 	xsec_match [pb]			accepted [%]	 event_eff [%]
0		6.427e+03 +/- 3.776e-01		1655885	1655885	0	22260095	22260095	0	4.781e+02 +/- 3.586e-01		7.4 +/- 0.0	7.4 +/- 0.0
1		4.538e+03 +/- 3.122e-01		1193057	1193057	0	15687628	15687628	0	3.452e+02 +/- 3.047e-01		7.6 +/- 0.0	7.6 +/- 0.0
-------------------------------------------------------------------------------------------------------------------------------------------------------------------------- 
Total		1.097e+04 +/- 4.900e-01		2848942	2848942	0	37947723	37947723	0	8.233e+02 +/- 4.705e-01		7.5 +/- 0.0	7.5 +/- 0.0
--------------------------------------------------------------------------------------------------------------------------------------------------------------------------
Before matching: total cross section = 1.097e+04 +- 4.900e-01 pb
After matching: total cross section = 8.233e+02 +- 4.705e-01 pb
Matching efficiency = 0.1 +/- 0.0   [TO BE USED IN MCM]
Filter efficiency (taking into account weights)= (2.6168e+06) / (2.6168e+06) = 1.000e+00 +- 0.000e+00
Filter efficiency (event-level)= (2.84894e+06) / (2.84894e+06) = 1.000e+00 +- 0.000e+00    [TO BE USED IN MCM]

After filter: final cross section = 8.233e+02 +- 4.705e-01 pb
After filter: final fraction of events with negative weights = 0.000e+00 +- 0.000e+00
After filter: final equivalent lumi for 1M events (1/fb) = 1.215e+00 +- 1.399e-03

=============================================

MessageLogger Summary

 type     category        sev    module        subroutine        count    total
 ---- -------------------- -- ---------------- ----------------  -----    -----
    1 GenXSecAnalyzer      -w GenXSecAnalyzer:                      16       16
    2 XrdAdaptor           -w file_open                             40       40
    3 XrdAdaptorInternal   -w file_open                              3        3
    4 Fatal Exception      -s AfterFile                              1        1
    5 fileAction           -s file_close                            40       40
    6 fileAction           -s file_open                             81       81

 type    category    Examples: run/evt        run/evt          run/evt
 ---- -------------------- ---------------- ---------------- ----------------
    1 GenXSecAnalyzer      PostGlobalEndRun PostGlobalEndRun PostGlobalEndRun
    2 XrdAdaptor           pre-events       PostProcessEvent PostProcessEvent
    3 XrdAdaptorInternal   PostProcessEvent PostProcessEvent PostProcessEvent
    4 Fatal Exception      PostProcessEvent                  
    5 fileAction           PostProcessEvent PostProcessEvent PostProcessEvent
    6 fileAction           pre-events       pre-events       PostProcessEvent

Severity    # Occurrences   Total Occurrences
--------    -------------   -----------------
Warning                59                  59
System                122                 122

dropped waiting message count 0
