11-Jan-2024 18:06:21 CET  Initiating request to open file root://cmsxrootd.fnal.gov//store/mc/RunIISummer20UL16MiniAODv2/GJets_HT-200To400_TuneCP5_13TeV-madgraphMLM-pythia8/MINIAODSIM/106X_mcRun2_asymptotic_v17-v1/120000/3AA68126-D6A6-1346-AC89-C9DC0F9E0E33.root
Unable to load sec.protocol plugin libXrdSecztn.so
%MSG-w XrdAdaptor:  file_open 11-Jan-2024 18:06:26 CET pre-events
Data is served from fnal.gov instead of original site US-Regional-Nebraska
%MSG
11-Jan-2024 18:06:30 CET  Successfully opened file root://cmsxrootd.fnal.gov//store/mc/RunIISummer20UL16MiniAODv2/GJets_HT-200To400_TuneCP5_13TeV-madgraphMLM-pythia8/MINIAODSIM/106X_mcRun2_asymptotic_v17-v1/120000/3AA68126-D6A6-1346-AC89-C9DC0F9E0E33.root
Unable to load sec.protocol plugin libXrdSecztn.so
Begin processing the 1st record. Run 1, Event 24268402, LumiSection 3156 on stream 0 at 11-Jan-2024 18:06:36.561 CET
11-Jan-2024 18:06:38 CET  Closed file root://cmsxrootd.fnal.gov//store/mc/RunIISummer20UL16MiniAODv2/GJets_HT-200To400_TuneCP5_13TeV-madgraphMLM-pythia8/MINIAODSIM/106X_mcRun2_asymptotic_v17-v1/120000/3AA68126-D6A6-1346-AC89-C9DC0F9E0E33.root
11-Jan-2024 18:06:38 CET  Initiating request to open file root://cmsxrootd.fnal.gov//store/mc/RunIISummer20UL16MiniAODv2/GJets_HT-200To400_TuneCP5_13TeV-madgraphMLM-pythia8/MINIAODSIM/106X_mcRun2_asymptotic_v17-v1/120000/7ECC2AF5-F1FE-9840-90E1-548E21BA9AEA.root
%MSG-w XrdAdaptor:  file_open 11-Jan-2024 18:06:40 CET PostProcessEvent
Data is served from fnal.gov instead of original site US-Regional-Nebraska
%MSG
11-Jan-2024 18:06:41 CET  Successfully opened file root://cmsxrootd.fnal.gov//store/mc/RunIISummer20UL16MiniAODv2/GJets_HT-200To400_TuneCP5_13TeV-madgraphMLM-pythia8/MINIAODSIM/106X_mcRun2_asymptotic_v17-v1/120000/7ECC2AF5-F1FE-9840-90E1-548E21BA9AEA.root
11-Jan-2024 18:06:56 CET  Closed file root://cmsxrootd.fnal.gov//store/mc/RunIISummer20UL16MiniAODv2/GJets_HT-200To400_TuneCP5_13TeV-madgraphMLM-pythia8/MINIAODSIM/106X_mcRun2_asymptotic_v17-v1/120000/7ECC2AF5-F1FE-9840-90E1-548E21BA9AEA.root
11-Jan-2024 18:06:56 CET  Initiating request to open file root://cmsxrootd.fnal.gov//store/mc/RunIISummer20UL16MiniAODv2/GJets_HT-200To400_TuneCP5_13TeV-madgraphMLM-pythia8/MINIAODSIM/106X_mcRun2_asymptotic_v17-v1/120000/53DFEBE0-A4A1-1144-908C-1FEBEE7CDA75.root
%MSG-w XrdAdaptor:  file_open 11-Jan-2024 18:06:58 CET PostProcessEvent
Data is served from fnal.gov instead of original site US-Regional-Nebraska
%MSG
11-Jan-2024 18:06:59 CET  Successfully opened file root://cmsxrootd.fnal.gov//store/mc/RunIISummer20UL16MiniAODv2/GJets_HT-200To400_TuneCP5_13TeV-madgraphMLM-pythia8/MINIAODSIM/106X_mcRun2_asymptotic_v17-v1/120000/53DFEBE0-A4A1-1144-908C-1FEBEE7CDA75.root
Begin processing the 100001st record. Run 1, Event 113711727, LumiSection 14784 on stream 0 at 11-Jan-2024 18:07:05.220 CET
11-Jan-2024 18:07:06 CET  Closed file root://cmsxrootd.fnal.gov//store/mc/RunIISummer20UL16MiniAODv2/GJets_HT-200To400_TuneCP5_13TeV-madgraphMLM-pythia8/MINIAODSIM/106X_mcRun2_asymptotic_v17-v1/120000/53DFEBE0-A4A1-1144-908C-1FEBEE7CDA75.root
11-Jan-2024 18:07:06 CET  Initiating request to open file root://cmsxrootd.fnal.gov//store/mc/RunIISummer20UL16MiniAODv2/GJets_HT-200To400_TuneCP5_13TeV-madgraphMLM-pythia8/MINIAODSIM/106X_mcRun2_asymptotic_v17-v1/130000/991BCA31-6266-3844-AFD3-7E0395AD2FBF.root
%MSG-w XrdAdaptor:  file_open 11-Jan-2024 18:07:10 CET PostProcessEvent
Data is served from T2_US_Wisconsin instead of original site US-Regional-Nebraska
%MSG
11-Jan-2024 18:07:11 CET  Successfully opened file root://cmsxrootd.fnal.gov//store/mc/RunIISummer20UL16MiniAODv2/GJets_HT-200To400_TuneCP5_13TeV-madgraphMLM-pythia8/MINIAODSIM/106X_mcRun2_asymptotic_v17-v1/130000/991BCA31-6266-3844-AFD3-7E0395AD2FBF.root
11-Jan-2024 18:07:20 CET  Closed file root://cmsxrootd.fnal.gov//store/mc/RunIISummer20UL16MiniAODv2/GJets_HT-200To400_TuneCP5_13TeV-madgraphMLM-pythia8/MINIAODSIM/106X_mcRun2_asymptotic_v17-v1/130000/991BCA31-6266-3844-AFD3-7E0395AD2FBF.root
11-Jan-2024 18:07:20 CET  Initiating request to open file root://cmsxrootd.fnal.gov//store/mc/RunIISummer20UL16MiniAODv2/GJets_HT-200To400_TuneCP5_13TeV-madgraphMLM-pythia8/MINIAODSIM/106X_mcRun2_asymptotic_v17-v1/130000/8E46B621-1A9A-D04C-AB11-0180FF56545C.root
%MSG-w XrdAdaptor:  file_open 11-Jan-2024 18:07:22 CET PostProcessEvent
Data is served from fnal.gov instead of original site US-Regional-Nebraska
%MSG
11-Jan-2024 18:07:22 CET  Successfully opened file root://cmsxrootd.fnal.gov//store/mc/RunIISummer20UL16MiniAODv2/GJets_HT-200To400_TuneCP5_13TeV-madgraphMLM-pythia8/MINIAODSIM/106X_mcRun2_asymptotic_v17-v1/130000/8E46B621-1A9A-D04C-AB11-0180FF56545C.root
Begin processing the 200001st record. Run 1, Event 85374281, LumiSection 11100 on stream 0 at 11-Jan-2024 18:07:32.008 CET
11-Jan-2024 18:07:32 CET  Closed file root://cmsxrootd.fnal.gov//store/mc/RunIISummer20UL16MiniAODv2/GJets_HT-200To400_TuneCP5_13TeV-madgraphMLM-pythia8/MINIAODSIM/106X_mcRun2_asymptotic_v17-v1/130000/8E46B621-1A9A-D04C-AB11-0180FF56545C.root
11-Jan-2024 18:07:32 CET  Initiating request to open file root://cmsxrootd.fnal.gov//store/mc/RunIISummer20UL16MiniAODv2/GJets_HT-200To400_TuneCP5_13TeV-madgraphMLM-pythia8/MINIAODSIM/106X_mcRun2_asymptotic_v17-v1/130000/81872B77-95AD-8B44-80A9-DD81973078FF.root
%MSG-w XrdAdaptor:  file_open 11-Jan-2024 18:07:35 CET PostProcessEvent
Data is served from T2_US_Wisconsin instead of original site US-Regional-Nebraska
%MSG
11-Jan-2024 18:07:36 CET  Successfully opened file root://cmsxrootd.fnal.gov//store/mc/RunIISummer20UL16MiniAODv2/GJets_HT-200To400_TuneCP5_13TeV-madgraphMLM-pythia8/MINIAODSIM/106X_mcRun2_asymptotic_v17-v1/130000/81872B77-95AD-8B44-80A9-DD81973078FF.root
11-Jan-2024 18:07:45 CET  Closed file root://cmsxrootd.fnal.gov//store/mc/RunIISummer20UL16MiniAODv2/GJets_HT-200To400_TuneCP5_13TeV-madgraphMLM-pythia8/MINIAODSIM/106X_mcRun2_asymptotic_v17-v1/130000/81872B77-95AD-8B44-80A9-DD81973078FF.root
11-Jan-2024 18:07:45 CET  Initiating request to open file root://cmsxrootd.fnal.gov//store/mc/RunIISummer20UL16MiniAODv2/GJets_HT-200To400_TuneCP5_13TeV-madgraphMLM-pythia8/MINIAODSIM/106X_mcRun2_asymptotic_v17-v1/130000/F8D08D90-FF95-6548-B8CE-DB0B368E7D99.root
%MSG-w XrdAdaptor:  file_open 11-Jan-2024 18:07:47 CET PostProcessEvent
Data is served from fnal.gov instead of original site US-Regional-Nebraska
%MSG
11-Jan-2024 18:07:48 CET  Successfully opened file root://cmsxrootd.fnal.gov//store/mc/RunIISummer20UL16MiniAODv2/GJets_HT-200To400_TuneCP5_13TeV-madgraphMLM-pythia8/MINIAODSIM/106X_mcRun2_asymptotic_v17-v1/130000/F8D08D90-FF95-6548-B8CE-DB0B368E7D99.root
Unable to load sec.protocol plugin libXrdSecztn.so
Begin processing the 300001st record. Run 1, Event 108250340, LumiSection 14074 on stream 0 at 11-Jan-2024 18:07:58.527 CET
11-Jan-2024 18:07:58 CET  Closed file root://cmsxrootd.fnal.gov//store/mc/RunIISummer20UL16MiniAODv2/GJets_HT-200To400_TuneCP5_13TeV-madgraphMLM-pythia8/MINIAODSIM/106X_mcRun2_asymptotic_v17-v1/130000/F8D08D90-FF95-6548-B8CE-DB0B368E7D99.root
11-Jan-2024 18:07:58 CET  Initiating request to open file root://cmsxrootd.fnal.gov//store/mc/RunIISummer20UL16MiniAODv2/GJets_HT-200To400_TuneCP5_13TeV-madgraphMLM-pythia8/MINIAODSIM/106X_mcRun2_asymptotic_v17-v1/130000/CD3552A0-6C3D-8444-8737-205E1171FAF6.root
%MSG-w XrdAdaptor:  file_open 11-Jan-2024 18:08:02 CET PostProcessEvent
Data is served from T2_US_Wisconsin instead of original site US-Regional-Nebraska
%MSG
11-Jan-2024 18:08:03 CET  Successfully opened file root://cmsxrootd.fnal.gov//store/mc/RunIISummer20UL16MiniAODv2/GJets_HT-200To400_TuneCP5_13TeV-madgraphMLM-pythia8/MINIAODSIM/106X_mcRun2_asymptotic_v17-v1/130000/CD3552A0-6C3D-8444-8737-205E1171FAF6.root
11-Jan-2024 18:08:13 CET  Closed file root://cmsxrootd.fnal.gov//store/mc/RunIISummer20UL16MiniAODv2/GJets_HT-200To400_TuneCP5_13TeV-madgraphMLM-pythia8/MINIAODSIM/106X_mcRun2_asymptotic_v17-v1/130000/CD3552A0-6C3D-8444-8737-205E1171FAF6.root
11-Jan-2024 18:08:13 CET  Initiating request to open file root://cmsxrootd.fnal.gov//store/mc/RunIISummer20UL16MiniAODv2/GJets_HT-200To400_TuneCP5_13TeV-madgraphMLM-pythia8/MINIAODSIM/106X_mcRun2_asymptotic_v17-v1/130000/8C5287A4-87D5-1A42-8EAD-B70D02D1D6A8.root
%MSG-w XrdAdaptor:  file_open 11-Jan-2024 18:08:16 CET PostProcessEvent
Data is served from T2_US_Wisconsin instead of original site US-Regional-Nebraska
%MSG
11-Jan-2024 18:08:17 CET  Successfully opened file root://cmsxrootd.fnal.gov//store/mc/RunIISummer20UL16MiniAODv2/GJets_HT-200To400_TuneCP5_13TeV-madgraphMLM-pythia8/MINIAODSIM/106X_mcRun2_asymptotic_v17-v1/130000/8C5287A4-87D5-1A42-8EAD-B70D02D1D6A8.root
Begin processing the 400001st record. Run 1, Event 75357860, LumiSection 9797 on stream 0 at 11-Jan-2024 18:08:26.457 CET
11-Jan-2024 18:08:26 CET  Closed file root://cmsxrootd.fnal.gov//store/mc/RunIISummer20UL16MiniAODv2/GJets_HT-200To400_TuneCP5_13TeV-madgraphMLM-pythia8/MINIAODSIM/106X_mcRun2_asymptotic_v17-v1/130000/8C5287A4-87D5-1A42-8EAD-B70D02D1D6A8.root
11-Jan-2024 18:08:26 CET  Initiating request to open file root://cmsxrootd.fnal.gov//store/mc/RunIISummer20UL16MiniAODv2/GJets_HT-200To400_TuneCP5_13TeV-madgraphMLM-pythia8/MINIAODSIM/106X_mcRun2_asymptotic_v17-v1/130000/D7D74B72-643E-1145-BACF-2422572123B4.root
%MSG-w XrdAdaptor:  file_open 11-Jan-2024 18:08:28 CET PostProcessEvent
Data is served from T2_US_Wisconsin instead of original site US-Regional-Nebraska
%MSG
11-Jan-2024 18:08:29 CET  Successfully opened file root://cmsxrootd.fnal.gov//store/mc/RunIISummer20UL16MiniAODv2/GJets_HT-200To400_TuneCP5_13TeV-madgraphMLM-pythia8/MINIAODSIM/106X_mcRun2_asymptotic_v17-v1/130000/D7D74B72-643E-1145-BACF-2422572123B4.root
11-Jan-2024 18:08:35 CET  Closed file root://cmsxrootd.fnal.gov//store/mc/RunIISummer20UL16MiniAODv2/GJets_HT-200To400_TuneCP5_13TeV-madgraphMLM-pythia8/MINIAODSIM/106X_mcRun2_asymptotic_v17-v1/130000/D7D74B72-643E-1145-BACF-2422572123B4.root
11-Jan-2024 18:08:35 CET  Initiating request to open file root://cmsxrootd.fnal.gov//store/mc/RunIISummer20UL16MiniAODv2/GJets_HT-200To400_TuneCP5_13TeV-madgraphMLM-pythia8/MINIAODSIM/106X_mcRun2_asymptotic_v17-v1/140000/F7E742C2-1338-3240-A262-2B1D0DC26ED3.root
%MSG-w XrdAdaptor:  file_open 11-Jan-2024 18:08:37 CET PostProcessEvent
Data is served from fnal.gov instead of original site US-Regional-Nebraska
%MSG
11-Jan-2024 18:08:37 CET  Successfully opened file root://cmsxrootd.fnal.gov//store/mc/RunIISummer20UL16MiniAODv2/GJets_HT-200To400_TuneCP5_13TeV-madgraphMLM-pythia8/MINIAODSIM/106X_mcRun2_asymptotic_v17-v1/140000/F7E742C2-1338-3240-A262-2B1D0DC26ED3.root
Unable to load sec.protocol plugin libXrdSecztn.so
11-Jan-2024 18:08:50 CET  Closed file root://cmsxrootd.fnal.gov//store/mc/RunIISummer20UL16MiniAODv2/GJets_HT-200To400_TuneCP5_13TeV-madgraphMLM-pythia8/MINIAODSIM/106X_mcRun2_asymptotic_v17-v1/140000/F7E742C2-1338-3240-A262-2B1D0DC26ED3.root
11-Jan-2024 18:08:50 CET  Initiating request to open file root://cmsxrootd.fnal.gov//store/mc/RunIISummer20UL16MiniAODv2/GJets_HT-200To400_TuneCP5_13TeV-madgraphMLM-pythia8/MINIAODSIM/106X_mcRun2_asymptotic_v17-v1/140000/B218B508-FA5E-9D4D-AB32-52DA4A594368.root
%MSG-w XrdAdaptor:  file_open 11-Jan-2024 18:08:53 CET PostProcessEvent
Data is served from fnal.gov instead of original site US-Regional-Nebraska
%MSG
11-Jan-2024 18:08:53 CET  Successfully opened file root://cmsxrootd.fnal.gov//store/mc/RunIISummer20UL16MiniAODv2/GJets_HT-200To400_TuneCP5_13TeV-madgraphMLM-pythia8/MINIAODSIM/106X_mcRun2_asymptotic_v17-v1/140000/B218B508-FA5E-9D4D-AB32-52DA4A594368.root
Begin processing the 500001st record. Run 1, Event 47903895, LumiSection 6228 on stream 0 at 11-Jan-2024 18:09:06.128 CET
11-Jan-2024 18:09:06 CET  Closed file root://cmsxrootd.fnal.gov//store/mc/RunIISummer20UL16MiniAODv2/GJets_HT-200To400_TuneCP5_13TeV-madgraphMLM-pythia8/MINIAODSIM/106X_mcRun2_asymptotic_v17-v1/140000/B218B508-FA5E-9D4D-AB32-52DA4A594368.root
11-Jan-2024 18:09:06 CET  Initiating request to open file root://cmsxrootd.fnal.gov//store/mc/RunIISummer20UL16MiniAODv2/GJets_HT-200To400_TuneCP5_13TeV-madgraphMLM-pythia8/MINIAODSIM/106X_mcRun2_asymptotic_v17-v1/140000/003C8690-E800-5A4F-866B-951B7E243F1B.root
%MSG-w XrdAdaptor:  file_open 11-Jan-2024 18:09:08 CET PostProcessEvent
Data is served from fnal.gov instead of original site US-Regional-Nebraska
%MSG
11-Jan-2024 18:09:09 CET  Successfully opened file root://cmsxrootd.fnal.gov//store/mc/RunIISummer20UL16MiniAODv2/GJets_HT-200To400_TuneCP5_13TeV-madgraphMLM-pythia8/MINIAODSIM/106X_mcRun2_asymptotic_v17-v1/140000/003C8690-E800-5A4F-866B-951B7E243F1B.root
11-Jan-2024 18:09:16 CET  Closed file root://cmsxrootd.fnal.gov//store/mc/RunIISummer20UL16MiniAODv2/GJets_HT-200To400_TuneCP5_13TeV-madgraphMLM-pythia8/MINIAODSIM/106X_mcRun2_asymptotic_v17-v1/140000/003C8690-E800-5A4F-866B-951B7E243F1B.root
11-Jan-2024 18:09:16 CET  Initiating request to open file root://cmsxrootd.fnal.gov//store/mc/RunIISummer20UL16MiniAODv2/GJets_HT-200To400_TuneCP5_13TeV-madgraphMLM-pythia8/MINIAODSIM/106X_mcRun2_asymptotic_v17-v1/140000/5C5BA90D-390A-8447-9903-C6C5E2552B54.root
%MSG-w XrdAdaptor:  file_open 11-Jan-2024 18:09:18 CET PostProcessEvent
Data is served from fnal.gov instead of original site US-Regional-Nebraska
%MSG
11-Jan-2024 18:09:19 CET  Successfully opened file root://cmsxrootd.fnal.gov//store/mc/RunIISummer20UL16MiniAODv2/GJets_HT-200To400_TuneCP5_13TeV-madgraphMLM-pythia8/MINIAODSIM/106X_mcRun2_asymptotic_v17-v1/140000/5C5BA90D-390A-8447-9903-C6C5E2552B54.root
11-Jan-2024 18:09:24 CET  Closed file root://cmsxrootd.fnal.gov//store/mc/RunIISummer20UL16MiniAODv2/GJets_HT-200To400_TuneCP5_13TeV-madgraphMLM-pythia8/MINIAODSIM/106X_mcRun2_asymptotic_v17-v1/140000/5C5BA90D-390A-8447-9903-C6C5E2552B54.root
11-Jan-2024 18:09:24 CET  Initiating request to open file root://cmsxrootd.fnal.gov//store/mc/RunIISummer20UL16MiniAODv2/GJets_HT-200To400_TuneCP5_13TeV-madgraphMLM-pythia8/MINIAODSIM/106X_mcRun2_asymptotic_v17-v1/130000/B1AF501C-B3A7-4D48-B3F8-B9E7DFE8CD5C.root
%MSG-w XrdAdaptor:  file_open 11-Jan-2024 18:09:26 CET PostProcessEvent
Data is served from fnal.gov instead of original site US-Regional-Nebraska
%MSG
11-Jan-2024 18:09:26 CET  Successfully opened file root://cmsxrootd.fnal.gov//store/mc/RunIISummer20UL16MiniAODv2/GJets_HT-200To400_TuneCP5_13TeV-madgraphMLM-pythia8/MINIAODSIM/106X_mcRun2_asymptotic_v17-v1/130000/B1AF501C-B3A7-4D48-B3F8-B9E7DFE8CD5C.root
Begin processing the 600001st record. Run 1, Event 29365594, LumiSection 3818 on stream 0 at 11-Jan-2024 18:09:33.566 CET
11-Jan-2024 18:09:34 CET  Closed file root://cmsxrootd.fnal.gov//store/mc/RunIISummer20UL16MiniAODv2/GJets_HT-200To400_TuneCP5_13TeV-madgraphMLM-pythia8/MINIAODSIM/106X_mcRun2_asymptotic_v17-v1/130000/B1AF501C-B3A7-4D48-B3F8-B9E7DFE8CD5C.root
11-Jan-2024 18:09:34 CET  Initiating request to open file root://cmsxrootd.fnal.gov//store/mc/RunIISummer20UL16MiniAODv2/GJets_HT-200To400_TuneCP5_13TeV-madgraphMLM-pythia8/MINIAODSIM/106X_mcRun2_asymptotic_v17-v1/130000/C40682FC-6B9E-F249-B8D7-C65293985E9E.root
%MSG-w XrdAdaptor:  file_open 11-Jan-2024 18:09:36 CET PostProcessEvent
Data is served from fnal.gov instead of original site US-Regional-Nebraska
%MSG
11-Jan-2024 18:09:37 CET  Successfully opened file root://cmsxrootd.fnal.gov//store/mc/RunIISummer20UL16MiniAODv2/GJets_HT-200To400_TuneCP5_13TeV-madgraphMLM-pythia8/MINIAODSIM/106X_mcRun2_asymptotic_v17-v1/130000/C40682FC-6B9E-F249-B8D7-C65293985E9E.root
11-Jan-2024 18:09:45 CET  Closed file root://cmsxrootd.fnal.gov//store/mc/RunIISummer20UL16MiniAODv2/GJets_HT-200To400_TuneCP5_13TeV-madgraphMLM-pythia8/MINIAODSIM/106X_mcRun2_asymptotic_v17-v1/130000/C40682FC-6B9E-F249-B8D7-C65293985E9E.root
11-Jan-2024 18:09:45 CET  Initiating request to open file root://cmsxrootd.fnal.gov//store/mc/RunIISummer20UL16MiniAODv2/GJets_HT-200To400_TuneCP5_13TeV-madgraphMLM-pythia8/MINIAODSIM/106X_mcRun2_asymptotic_v17-v1/130000/976696E0-3669-E049-8D91-64D36F20C396.root
%MSG-w XrdAdaptor:  file_open 11-Jan-2024 18:09:47 CET PostProcessEvent
Data is served from fnal.gov instead of original site US-Regional-Nebraska
%MSG
11-Jan-2024 18:09:48 CET  Successfully opened file root://cmsxrootd.fnal.gov//store/mc/RunIISummer20UL16MiniAODv2/GJets_HT-200To400_TuneCP5_13TeV-madgraphMLM-pythia8/MINIAODSIM/106X_mcRun2_asymptotic_v17-v1/130000/976696E0-3669-E049-8D91-64D36F20C396.root
Begin processing the 700001st record. Run 1, Event 13332442, LumiSection 1734 on stream 0 at 11-Jan-2024 18:10:00.423 CET
11-Jan-2024 18:10:01 CET  Closed file root://cmsxrootd.fnal.gov//store/mc/RunIISummer20UL16MiniAODv2/GJets_HT-200To400_TuneCP5_13TeV-madgraphMLM-pythia8/MINIAODSIM/106X_mcRun2_asymptotic_v17-v1/130000/976696E0-3669-E049-8D91-64D36F20C396.root
11-Jan-2024 18:10:01 CET  Initiating request to open file root://cmsxrootd.fnal.gov//store/mc/RunIISummer20UL16MiniAODv2/GJets_HT-200To400_TuneCP5_13TeV-madgraphMLM-pythia8/MINIAODSIM/106X_mcRun2_asymptotic_v17-v1/130000/1080869E-A201-6743-BDCF-A631266F2FF4.root
%MSG-w XrdAdaptor:  file_open 11-Jan-2024 18:10:03 CET PostProcessEvent
Data is served from fnal.gov instead of original site US-Regional-Nebraska
%MSG
11-Jan-2024 18:10:03 CET  Successfully opened file root://cmsxrootd.fnal.gov//store/mc/RunIISummer20UL16MiniAODv2/GJets_HT-200To400_TuneCP5_13TeV-madgraphMLM-pythia8/MINIAODSIM/106X_mcRun2_asymptotic_v17-v1/130000/1080869E-A201-6743-BDCF-A631266F2FF4.root
11-Jan-2024 18:10:12 CET  Closed file root://cmsxrootd.fnal.gov//store/mc/RunIISummer20UL16MiniAODv2/GJets_HT-200To400_TuneCP5_13TeV-madgraphMLM-pythia8/MINIAODSIM/106X_mcRun2_asymptotic_v17-v1/130000/1080869E-A201-6743-BDCF-A631266F2FF4.root
11-Jan-2024 18:10:12 CET  Initiating request to open file root://cmsxrootd.fnal.gov//store/mc/RunIISummer20UL16MiniAODv2/GJets_HT-200To400_TuneCP5_13TeV-madgraphMLM-pythia8/MINIAODSIM/106X_mcRun2_asymptotic_v17-v1/130000/CFF022D0-73D4-7544-A48A-6BA430BA1662.root
%MSG-w XrdAdaptor:  file_open 11-Jan-2024 18:10:14 CET PostProcessEvent
Data is served from fnal.gov instead of original site US-Regional-Nebraska
%MSG
11-Jan-2024 18:10:15 CET  Successfully opened file root://cmsxrootd.fnal.gov//store/mc/RunIISummer20UL16MiniAODv2/GJets_HT-200To400_TuneCP5_13TeV-madgraphMLM-pythia8/MINIAODSIM/106X_mcRun2_asymptotic_v17-v1/130000/CFF022D0-73D4-7544-A48A-6BA430BA1662.root
Begin processing the 800001st record. Run 1, Event 94317096, LumiSection 12262 on stream 0 at 11-Jan-2024 18:10:23.059 CET
11-Jan-2024 18:10:23 CET  Closed file root://cmsxrootd.fnal.gov//store/mc/RunIISummer20UL16MiniAODv2/GJets_HT-200To400_TuneCP5_13TeV-madgraphMLM-pythia8/MINIAODSIM/106X_mcRun2_asymptotic_v17-v1/130000/CFF022D0-73D4-7544-A48A-6BA430BA1662.root
11-Jan-2024 18:10:23 CET  Initiating request to open file root://cmsxrootd.fnal.gov//store/mc/RunIISummer20UL16MiniAODv2/GJets_HT-200To400_TuneCP5_13TeV-madgraphMLM-pythia8/MINIAODSIM/106X_mcRun2_asymptotic_v17-v1/130000/9C68B5C7-9891-794E-B653-3A0389CAC5D3.root
%MSG-w XrdAdaptor:  file_open 11-Jan-2024 18:10:25 CET PostProcessEvent
Data is served from fnal.gov instead of original site US-Regional-Nebraska
%MSG
11-Jan-2024 18:10:26 CET  Successfully opened file root://cmsxrootd.fnal.gov//store/mc/RunIISummer20UL16MiniAODv2/GJets_HT-200To400_TuneCP5_13TeV-madgraphMLM-pythia8/MINIAODSIM/106X_mcRun2_asymptotic_v17-v1/130000/9C68B5C7-9891-794E-B653-3A0389CAC5D3.root
11-Jan-2024 18:10:40 CET  Closed file root://cmsxrootd.fnal.gov//store/mc/RunIISummer20UL16MiniAODv2/GJets_HT-200To400_TuneCP5_13TeV-madgraphMLM-pythia8/MINIAODSIM/106X_mcRun2_asymptotic_v17-v1/130000/9C68B5C7-9891-794E-B653-3A0389CAC5D3.root
11-Jan-2024 18:10:40 CET  Initiating request to open file root://cmsxrootd.fnal.gov//store/mc/RunIISummer20UL16MiniAODv2/GJets_HT-200To400_TuneCP5_13TeV-madgraphMLM-pythia8/MINIAODSIM/106X_mcRun2_asymptotic_v17-v1/130000/C9618B95-4F5F-4645-B593-FC0D642BB8D7.root
%MSG-w XrdAdaptor:  file_open 11-Jan-2024 18:10:42 CET PostProcessEvent
Data is served from fnal.gov instead of original site US-Regional-Nebraska
%MSG
11-Jan-2024 18:10:42 CET  Successfully opened file root://cmsxrootd.fnal.gov//store/mc/RunIISummer20UL16MiniAODv2/GJets_HT-200To400_TuneCP5_13TeV-madgraphMLM-pythia8/MINIAODSIM/106X_mcRun2_asymptotic_v17-v1/130000/C9618B95-4F5F-4645-B593-FC0D642BB8D7.root
Begin processing the 900001st record. Run 1, Event 150409686, LumiSection 19555 on stream 0 at 11-Jan-2024 18:10:49.935 CET
11-Jan-2024 18:10:50 CET  Closed file root://cmsxrootd.fnal.gov//store/mc/RunIISummer20UL16MiniAODv2/GJets_HT-200To400_TuneCP5_13TeV-madgraphMLM-pythia8/MINIAODSIM/106X_mcRun2_asymptotic_v17-v1/130000/C9618B95-4F5F-4645-B593-FC0D642BB8D7.root
11-Jan-2024 18:10:50 CET  Initiating request to open file root://cmsxrootd.fnal.gov//store/mc/RunIISummer20UL16MiniAODv2/GJets_HT-200To400_TuneCP5_13TeV-madgraphMLM-pythia8/MINIAODSIM/106X_mcRun2_asymptotic_v17-v1/130000/66B21884-2986-6745-A4B9-A9DA78C94A50.root
%MSG-w XrdAdaptor:  file_open 11-Jan-2024 18:10:52 CET PostProcessEvent
Data is served from fnal.gov instead of original site US-Regional-Nebraska
%MSG
11-Jan-2024 18:10:52 CET  Successfully opened file root://cmsxrootd.fnal.gov//store/mc/RunIISummer20UL16MiniAODv2/GJets_HT-200To400_TuneCP5_13TeV-madgraphMLM-pythia8/MINIAODSIM/106X_mcRun2_asymptotic_v17-v1/130000/66B21884-2986-6745-A4B9-A9DA78C94A50.root
11-Jan-2024 18:11:00 CET  Closed file root://cmsxrootd.fnal.gov//store/mc/RunIISummer20UL16MiniAODv2/GJets_HT-200To400_TuneCP5_13TeV-madgraphMLM-pythia8/MINIAODSIM/106X_mcRun2_asymptotic_v17-v1/130000/66B21884-2986-6745-A4B9-A9DA78C94A50.root
11-Jan-2024 18:11:00 CET  Initiating request to open file root://cmsxrootd.fnal.gov//store/mc/RunIISummer20UL16MiniAODv2/GJets_HT-200To400_TuneCP5_13TeV-madgraphMLM-pythia8/MINIAODSIM/106X_mcRun2_asymptotic_v17-v1/130000/101DC9FA-F08A-A247-A52A-D00B8FA46A55.root
%MSG-w XrdAdaptor:  file_open 11-Jan-2024 18:11:03 CET PostProcessEvent
Data is served from fnal.gov instead of original site US-Regional-Nebraska
%MSG
11-Jan-2024 18:11:03 CET  Successfully opened file root://cmsxrootd.fnal.gov//store/mc/RunIISummer20UL16MiniAODv2/GJets_HT-200To400_TuneCP5_13TeV-madgraphMLM-pythia8/MINIAODSIM/106X_mcRun2_asymptotic_v17-v1/130000/101DC9FA-F08A-A247-A52A-D00B8FA46A55.root
11-Jan-2024 18:11:09 CET  Closed file root://cmsxrootd.fnal.gov//store/mc/RunIISummer20UL16MiniAODv2/GJets_HT-200To400_TuneCP5_13TeV-madgraphMLM-pythia8/MINIAODSIM/106X_mcRun2_asymptotic_v17-v1/130000/101DC9FA-F08A-A247-A52A-D00B8FA46A55.root
11-Jan-2024 18:11:09 CET  Initiating request to open file root://cmsxrootd.fnal.gov//store/mc/RunIISummer20UL16MiniAODv2/GJets_HT-200To400_TuneCP5_13TeV-madgraphMLM-pythia8/MINIAODSIM/106X_mcRun2_asymptotic_v17-v1/130000/1282430B-ED17-9940-81F3-8F3B19C521F2.root
%MSG-w XrdAdaptor:  file_open 11-Jan-2024 18:11:11 CET PostProcessEvent
Data is served from fnal.gov instead of original site US-Regional-Nebraska
%MSG
11-Jan-2024 18:11:12 CET  Successfully opened file root://cmsxrootd.fnal.gov//store/mc/RunIISummer20UL16MiniAODv2/GJets_HT-200To400_TuneCP5_13TeV-madgraphMLM-pythia8/MINIAODSIM/106X_mcRun2_asymptotic_v17-v1/130000/1282430B-ED17-9940-81F3-8F3B19C521F2.root
Begin processing the 1000001st record. Run 1, Event 38144306, LumiSection 4959 on stream 0 at 11-Jan-2024 18:11:21.727 CET
11-Jan-2024 18:11:22 CET  Closed file root://cmsxrootd.fnal.gov//store/mc/RunIISummer20UL16MiniAODv2/GJets_HT-200To400_TuneCP5_13TeV-madgraphMLM-pythia8/MINIAODSIM/106X_mcRun2_asymptotic_v17-v1/130000/1282430B-ED17-9940-81F3-8F3B19C521F2.root
11-Jan-2024 18:11:22 CET  Initiating request to open file root://cmsxrootd.fnal.gov//store/mc/RunIISummer20UL16MiniAODv2/GJets_HT-200To400_TuneCP5_13TeV-madgraphMLM-pythia8/MINIAODSIM/106X_mcRun2_asymptotic_v17-v1/130000/168532BA-708C-FC48-9C29-18CEA228115A.root
%MSG-w XrdAdaptor:  file_open 11-Jan-2024 18:11:25 CET PostProcessEvent
Data is served from fnal.gov instead of original site US-Regional-Nebraska
%MSG
11-Jan-2024 18:11:25 CET  Successfully opened file root://cmsxrootd.fnal.gov//store/mc/RunIISummer20UL16MiniAODv2/GJets_HT-200To400_TuneCP5_13TeV-madgraphMLM-pythia8/MINIAODSIM/106X_mcRun2_asymptotic_v17-v1/130000/168532BA-708C-FC48-9C29-18CEA228115A.root
%MSG-w XrdAdaptor:  (NoModuleName) 11-Jan-2024 18:11:33 CET pre-events
Data is now served from fnal.gov, T2_US_MIT instead of previous fnal.gov
%MSG
Begin processing the 1100001st record. Run 1, Event 58749637, LumiSection 7638 on stream 0 at 11-Jan-2024 18:11:34.629 CET
11-Jan-2024 18:11:35 CET  Closed file root://cmsxrootd.fnal.gov//store/mc/RunIISummer20UL16MiniAODv2/GJets_HT-200To400_TuneCP5_13TeV-madgraphMLM-pythia8/MINIAODSIM/106X_mcRun2_asymptotic_v17-v1/130000/168532BA-708C-FC48-9C29-18CEA228115A.root
11-Jan-2024 18:11:35 CET  Initiating request to open file root://cmsxrootd.fnal.gov//store/mc/RunIISummer20UL16MiniAODv2/GJets_HT-200To400_TuneCP5_13TeV-madgraphMLM-pythia8/MINIAODSIM/106X_mcRun2_asymptotic_v17-v1/130000/B2B29A20-DCF5-5A41-A1DF-AE659BA7303C.root
%MSG-w XrdAdaptor:  file_open 11-Jan-2024 18:11:37 CET PostProcessEvent
Data is served from fnal.gov instead of original site US-Regional-Nebraska
%MSG
11-Jan-2024 18:11:37 CET  Successfully opened file root://cmsxrootd.fnal.gov//store/mc/RunIISummer20UL16MiniAODv2/GJets_HT-200To400_TuneCP5_13TeV-madgraphMLM-pythia8/MINIAODSIM/106X_mcRun2_asymptotic_v17-v1/130000/B2B29A20-DCF5-5A41-A1DF-AE659BA7303C.root
%MSG-w XrdAdaptor:  (NoModuleName) 11-Jan-2024 18:11:44 CET pre-events
Data is now served from fnal.gov, T2_US_MIT instead of previous fnal.gov
%MSG
11-Jan-2024 18:11:46 CET  Closed file root://cmsxrootd.fnal.gov//store/mc/RunIISummer20UL16MiniAODv2/GJets_HT-200To400_TuneCP5_13TeV-madgraphMLM-pythia8/MINIAODSIM/106X_mcRun2_asymptotic_v17-v1/130000/B2B29A20-DCF5-5A41-A1DF-AE659BA7303C.root
11-Jan-2024 18:11:46 CET  Initiating request to open file root://cmsxrootd.fnal.gov//store/mc/RunIISummer20UL16MiniAODv2/GJets_HT-200To400_TuneCP5_13TeV-madgraphMLM-pythia8/MINIAODSIM/106X_mcRun2_asymptotic_v17-v1/130000/27E1F0BC-05F3-DA43-99FF-284D7B432204.root
%MSG-w XrdAdaptor:  file_open 11-Jan-2024 18:11:48 CET PostProcessEvent
Data is served from fnal.gov instead of original site US-Regional-Nebraska
%MSG
11-Jan-2024 18:11:49 CET  Successfully opened file root://cmsxrootd.fnal.gov//store/mc/RunIISummer20UL16MiniAODv2/GJets_HT-200To400_TuneCP5_13TeV-madgraphMLM-pythia8/MINIAODSIM/106X_mcRun2_asymptotic_v17-v1/130000/27E1F0BC-05F3-DA43-99FF-284D7B432204.root
11-Jan-2024 18:11:55 CET  Closed file root://cmsxrootd.fnal.gov//store/mc/RunIISummer20UL16MiniAODv2/GJets_HT-200To400_TuneCP5_13TeV-madgraphMLM-pythia8/MINIAODSIM/106X_mcRun2_asymptotic_v17-v1/130000/27E1F0BC-05F3-DA43-99FF-284D7B432204.root
11-Jan-2024 18:11:55 CET  Initiating request to open file root://cmsxrootd.fnal.gov//store/mc/RunIISummer20UL16MiniAODv2/GJets_HT-200To400_TuneCP5_13TeV-madgraphMLM-pythia8/MINIAODSIM/106X_mcRun2_asymptotic_v17-v1/120000/6B6B37B5-916D-7D45-8666-C632D7881D7E.root
%MSG-w XrdAdaptor:  file_open 11-Jan-2024 18:11:59 CET PostProcessEvent
Data is served from T2_US_Nebraska instead of original site US-Regional-Nebraska
%MSG
11-Jan-2024 18:11:59 CET  Successfully opened file root://cmsxrootd.fnal.gov//store/mc/RunIISummer20UL16MiniAODv2/GJets_HT-200To400_TuneCP5_13TeV-madgraphMLM-pythia8/MINIAODSIM/106X_mcRun2_asymptotic_v17-v1/120000/6B6B37B5-916D-7D45-8666-C632D7881D7E.root
Begin processing the 1200001st record. Run 1, Event 15421495, LumiSection 2005 on stream 0 at 11-Jan-2024 18:12:17.141 CET
11-Jan-2024 18:12:18 CET  Closed file root://cmsxrootd.fnal.gov//store/mc/RunIISummer20UL16MiniAODv2/GJets_HT-200To400_TuneCP5_13TeV-madgraphMLM-pythia8/MINIAODSIM/106X_mcRun2_asymptotic_v17-v1/120000/6B6B37B5-916D-7D45-8666-C632D7881D7E.root
11-Jan-2024 18:12:18 CET  Initiating request to open file root://cmsxrootd.fnal.gov//store/mc/RunIISummer20UL16MiniAODv2/GJets_HT-200To400_TuneCP5_13TeV-madgraphMLM-pythia8/MINIAODSIM/106X_mcRun2_asymptotic_v17-v1/120000/20AC3370-8E99-8E4B-8E80-FD276EF56667.root
%MSG-w XrdAdaptor:  file_open 11-Jan-2024 18:12:21 CET PostProcessEvent
Data is served from T2_US_Nebraska instead of original site US-Regional-Nebraska
%MSG
11-Jan-2024 18:12:22 CET  Successfully opened file root://cmsxrootd.fnal.gov//store/mc/RunIISummer20UL16MiniAODv2/GJets_HT-200To400_TuneCP5_13TeV-madgraphMLM-pythia8/MINIAODSIM/106X_mcRun2_asymptotic_v17-v1/120000/20AC3370-8E99-8E4B-8E80-FD276EF56667.root
11-Jan-2024 18:12:38 CET  Closed file root://cmsxrootd.fnal.gov//store/mc/RunIISummer20UL16MiniAODv2/GJets_HT-200To400_TuneCP5_13TeV-madgraphMLM-pythia8/MINIAODSIM/106X_mcRun2_asymptotic_v17-v1/120000/20AC3370-8E99-8E4B-8E80-FD276EF56667.root
11-Jan-2024 18:12:38 CET  Initiating request to open file root://cmsxrootd.fnal.gov//store/mc/RunIISummer20UL16MiniAODv2/GJets_HT-200To400_TuneCP5_13TeV-madgraphMLM-pythia8/MINIAODSIM/106X_mcRun2_asymptotic_v17-v1/120000/3985D504-54C7-944C-9506-46DDB4A37D8F.root
%MSG-w XrdAdaptor:  file_open 11-Jan-2024 18:12:41 CET PostProcessEvent
Data is served from T2_US_Nebraska instead of original site US-Regional-Nebraska
%MSG
11-Jan-2024 18:12:42 CET  Successfully opened file root://cmsxrootd.fnal.gov//store/mc/RunIISummer20UL16MiniAODv2/GJets_HT-200To400_TuneCP5_13TeV-madgraphMLM-pythia8/MINIAODSIM/106X_mcRun2_asymptotic_v17-v1/120000/3985D504-54C7-944C-9506-46DDB4A37D8F.root
Begin processing the 1300001st record. Run 1, Event 61017844, LumiSection 7933 on stream 0 at 11-Jan-2024 18:12:57.369 CET
11-Jan-2024 18:12:58 CET  Closed file root://cmsxrootd.fnal.gov//store/mc/RunIISummer20UL16MiniAODv2/GJets_HT-200To400_TuneCP5_13TeV-madgraphMLM-pythia8/MINIAODSIM/106X_mcRun2_asymptotic_v17-v1/120000/3985D504-54C7-944C-9506-46DDB4A37D8F.root
11-Jan-2024 18:12:58 CET  Initiating request to open file root://cmsxrootd.fnal.gov//store/mc/RunIISummer20UL16MiniAODv2/GJets_HT-200To400_TuneCP5_13TeV-madgraphMLM-pythia8/MINIAODSIM/106X_mcRun2_asymptotic_v17-v1/120000/91CDC9C4-F31C-1847-A162-0D9CADB712E4.root
%MSG-w XrdAdaptor:  file_open 11-Jan-2024 18:13:01 CET PostProcessEvent
Data is served from T2_US_Nebraska instead of original site US-Regional-Nebraska
%MSG
11-Jan-2024 18:13:02 CET  Successfully opened file root://cmsxrootd.fnal.gov//store/mc/RunIISummer20UL16MiniAODv2/GJets_HT-200To400_TuneCP5_13TeV-madgraphMLM-pythia8/MINIAODSIM/106X_mcRun2_asymptotic_v17-v1/120000/91CDC9C4-F31C-1847-A162-0D9CADB712E4.root
11-Jan-2024 18:13:07 CET  Closed file root://cmsxrootd.fnal.gov//store/mc/RunIISummer20UL16MiniAODv2/GJets_HT-200To400_TuneCP5_13TeV-madgraphMLM-pythia8/MINIAODSIM/106X_mcRun2_asymptotic_v17-v1/120000/91CDC9C4-F31C-1847-A162-0D9CADB712E4.root
11-Jan-2024 18:13:07 CET  Initiating request to open file root://cmsxrootd.fnal.gov//store/mc/RunIISummer20UL16MiniAODv2/GJets_HT-200To400_TuneCP5_13TeV-madgraphMLM-pythia8/MINIAODSIM/106X_mcRun2_asymptotic_v17-v1/130000/0025E01D-40B3-6645-9098-3E9D856761C9.root
%MSG-w XrdAdaptor:  file_open 11-Jan-2024 18:13:10 CET PostProcessEvent
Data is served from T2_US_Wisconsin instead of original site US-Regional-Nebraska
%MSG
11-Jan-2024 18:13:11 CET  Successfully opened file root://cmsxrootd.fnal.gov//store/mc/RunIISummer20UL16MiniAODv2/GJets_HT-200To400_TuneCP5_13TeV-madgraphMLM-pythia8/MINIAODSIM/106X_mcRun2_asymptotic_v17-v1/130000/0025E01D-40B3-6645-9098-3E9D856761C9.root
11-Jan-2024 18:13:20 CET  Closed file root://cmsxrootd.fnal.gov//store/mc/RunIISummer20UL16MiniAODv2/GJets_HT-200To400_TuneCP5_13TeV-madgraphMLM-pythia8/MINIAODSIM/106X_mcRun2_asymptotic_v17-v1/130000/0025E01D-40B3-6645-9098-3E9D856761C9.root
11-Jan-2024 18:13:20 CET  Initiating request to open file root://cmsxrootd.fnal.gov//store/mc/RunIISummer20UL16MiniAODv2/GJets_HT-200To400_TuneCP5_13TeV-madgraphMLM-pythia8/MINIAODSIM/106X_mcRun2_asymptotic_v17-v1/130000/8CCE390B-33CA-2545-9E83-F89A53C1A50D.root
%MSG-w XrdAdaptor:  file_open 11-Jan-2024 18:13:24 CET PostProcessEvent
Data is served from T2_US_Wisconsin instead of original site US-Regional-Nebraska
%MSG
11-Jan-2024 18:13:24 CET  Successfully opened file root://cmsxrootd.fnal.gov//store/mc/RunIISummer20UL16MiniAODv2/GJets_HT-200To400_TuneCP5_13TeV-madgraphMLM-pythia8/MINIAODSIM/106X_mcRun2_asymptotic_v17-v1/130000/8CCE390B-33CA-2545-9E83-F89A53C1A50D.root
Begin processing the 1400001st record. Run 1, Event 91171482, LumiSection 11853 on stream 0 at 11-Jan-2024 18:13:30.866 CET
11-Jan-2024 18:13:31 CET  Closed file root://cmsxrootd.fnal.gov//store/mc/RunIISummer20UL16MiniAODv2/GJets_HT-200To400_TuneCP5_13TeV-madgraphMLM-pythia8/MINIAODSIM/106X_mcRun2_asymptotic_v17-v1/130000/8CCE390B-33CA-2545-9E83-F89A53C1A50D.root
11-Jan-2024 18:13:31 CET  Initiating request to open file root://cmsxrootd.fnal.gov//store/mc/RunIISummer20UL16MiniAODv2/GJets_HT-200To400_TuneCP5_13TeV-madgraphMLM-pythia8/MINIAODSIM/106X_mcRun2_asymptotic_v17-v1/130000/460EC7EF-B989-824F-AC39-5641B7A4B5DC.root
%MSG-w XrdAdaptor:  file_open 11-Jan-2024 18:13:33 CET PostProcessEvent
Data is served from fnal.gov instead of original site US-Regional-Nebraska
%MSG
11-Jan-2024 18:13:34 CET  Successfully opened file root://cmsxrootd.fnal.gov//store/mc/RunIISummer20UL16MiniAODv2/GJets_HT-200To400_TuneCP5_13TeV-madgraphMLM-pythia8/MINIAODSIM/106X_mcRun2_asymptotic_v17-v1/130000/460EC7EF-B989-824F-AC39-5641B7A4B5DC.root
11-Jan-2024 18:13:43 CET  Closed file root://cmsxrootd.fnal.gov//store/mc/RunIISummer20UL16MiniAODv2/GJets_HT-200To400_TuneCP5_13TeV-madgraphMLM-pythia8/MINIAODSIM/106X_mcRun2_asymptotic_v17-v1/130000/460EC7EF-B989-824F-AC39-5641B7A4B5DC.root
11-Jan-2024 18:13:43 CET  Initiating request to open file root://cmsxrootd.fnal.gov//store/mc/RunIISummer20UL16MiniAODv2/GJets_HT-200To400_TuneCP5_13TeV-madgraphMLM-pythia8/MINIAODSIM/106X_mcRun2_asymptotic_v17-v1/130000/EDA2F741-45EB-C943-93FE-2D46AE45AF69.root
%MSG-w XrdAdaptor:  file_open 11-Jan-2024 18:13:46 CET PostProcessEvent
Data is served from fnal.gov instead of original site US-Regional-Nebraska
%MSG
11-Jan-2024 18:13:46 CET  Successfully opened file root://cmsxrootd.fnal.gov//store/mc/RunIISummer20UL16MiniAODv2/GJets_HT-200To400_TuneCP5_13TeV-madgraphMLM-pythia8/MINIAODSIM/106X_mcRun2_asymptotic_v17-v1/130000/EDA2F741-45EB-C943-93FE-2D46AE45AF69.root
Begin processing the 1500001st record. Run 1, Event 38276940, LumiSection 4977 on stream 0 at 11-Jan-2024 18:14:00.157 CET
11-Jan-2024 18:14:00 CET  Closed file root://cmsxrootd.fnal.gov//store/mc/RunIISummer20UL16MiniAODv2/GJets_HT-200To400_TuneCP5_13TeV-madgraphMLM-pythia8/MINIAODSIM/106X_mcRun2_asymptotic_v17-v1/130000/EDA2F741-45EB-C943-93FE-2D46AE45AF69.root
11-Jan-2024 18:14:00 CET  Initiating request to open file root://cmsxrootd.fnal.gov//store/mc/RunIISummer20UL16MiniAODv2/GJets_HT-200To400_TuneCP5_13TeV-madgraphMLM-pythia8/MINIAODSIM/106X_mcRun2_asymptotic_v17-v1/130000/B17EAF40-9905-5943-B891-708AC6BB66D8.root
%MSG-w XrdAdaptor:  file_open 11-Jan-2024 18:14:02 CET PostProcessEvent
Data is served from fnal.gov instead of original site US-Regional-Nebraska
%MSG
11-Jan-2024 18:14:02 CET  Successfully opened file root://cmsxrootd.fnal.gov//store/mc/RunIISummer20UL16MiniAODv2/GJets_HT-200To400_TuneCP5_13TeV-madgraphMLM-pythia8/MINIAODSIM/106X_mcRun2_asymptotic_v17-v1/130000/B17EAF40-9905-5943-B891-708AC6BB66D8.root
11-Jan-2024 18:14:13 CET  Closed file root://cmsxrootd.fnal.gov//store/mc/RunIISummer20UL16MiniAODv2/GJets_HT-200To400_TuneCP5_13TeV-madgraphMLM-pythia8/MINIAODSIM/106X_mcRun2_asymptotic_v17-v1/130000/B17EAF40-9905-5943-B891-708AC6BB66D8.root
11-Jan-2024 18:14:13 CET  Initiating request to open file root://cmsxrootd.fnal.gov//store/mc/RunIISummer20UL16MiniAODv2/GJets_HT-200To400_TuneCP5_13TeV-madgraphMLM-pythia8/MINIAODSIM/106X_mcRun2_asymptotic_v17-v1/130000/FD09B3DB-AD21-A14C-944C-2998F33D9597.root
%MSG-w XrdAdaptor:  file_open 11-Jan-2024 18:14:15 CET PostProcessEvent
Data is served from fnal.gov instead of original site US-Regional-Nebraska
%MSG
11-Jan-2024 18:14:16 CET  Successfully opened file root://cmsxrootd.fnal.gov//store/mc/RunIISummer20UL16MiniAODv2/GJets_HT-200To400_TuneCP5_13TeV-madgraphMLM-pythia8/MINIAODSIM/106X_mcRun2_asymptotic_v17-v1/130000/FD09B3DB-AD21-A14C-944C-2998F33D9597.root
11-Jan-2024 18:14:29 CET  Closed file root://cmsxrootd.fnal.gov//store/mc/RunIISummer20UL16MiniAODv2/GJets_HT-200To400_TuneCP5_13TeV-madgraphMLM-pythia8/MINIAODSIM/106X_mcRun2_asymptotic_v17-v1/130000/FD09B3DB-AD21-A14C-944C-2998F33D9597.root
11-Jan-2024 18:14:29 CET  Initiating request to open file root://cmsxrootd.fnal.gov//store/mc/RunIISummer20UL16MiniAODv2/GJets_HT-200To400_TuneCP5_13TeV-madgraphMLM-pythia8/MINIAODSIM/106X_mcRun2_asymptotic_v17-v1/130000/0C41F4BA-7579-4C40-A6F1-1C69E805FFE0.root
%MSG-w XrdAdaptor:  file_open 11-Jan-2024 18:14:31 CET PostProcessEvent
Data is served from fnal.gov instead of original site US-Regional-Nebraska
%MSG
11-Jan-2024 18:14:32 CET  Successfully opened file root://cmsxrootd.fnal.gov//store/mc/RunIISummer20UL16MiniAODv2/GJets_HT-200To400_TuneCP5_13TeV-madgraphMLM-pythia8/MINIAODSIM/106X_mcRun2_asymptotic_v17-v1/130000/0C41F4BA-7579-4C40-A6F1-1C69E805FFE0.root
Begin processing the 1600001st record. Run 1, Event 72191233, LumiSection 9386 on stream 0 at 11-Jan-2024 18:14:39.343 CET
11-Jan-2024 18:14:40 CET  Closed file root://cmsxrootd.fnal.gov//store/mc/RunIISummer20UL16MiniAODv2/GJets_HT-200To400_TuneCP5_13TeV-madgraphMLM-pythia8/MINIAODSIM/106X_mcRun2_asymptotic_v17-v1/130000/0C41F4BA-7579-4C40-A6F1-1C69E805FFE0.root
11-Jan-2024 18:14:40 CET  Initiating request to open file root://cmsxrootd.fnal.gov//store/mc/RunIISummer20UL16MiniAODv2/GJets_HT-200To400_TuneCP5_13TeV-madgraphMLM-pythia8/MINIAODSIM/106X_mcRun2_asymptotic_v17-v1/130000/EE277ACC-E071-774D-878C-D0B070F17DC6.root
%MSG-w XrdAdaptor:  file_open 11-Jan-2024 18:14:42 CET PostProcessEvent
Data is served from fnal.gov instead of original site US-Regional-Nebraska
%MSG
11-Jan-2024 18:14:43 CET  Successfully opened file root://cmsxrootd.fnal.gov//store/mc/RunIISummer20UL16MiniAODv2/GJets_HT-200To400_TuneCP5_13TeV-madgraphMLM-pythia8/MINIAODSIM/106X_mcRun2_asymptotic_v17-v1/130000/EE277ACC-E071-774D-878C-D0B070F17DC6.root
11-Jan-2024 18:14:51 CET  Closed file root://cmsxrootd.fnal.gov//store/mc/RunIISummer20UL16MiniAODv2/GJets_HT-200To400_TuneCP5_13TeV-madgraphMLM-pythia8/MINIAODSIM/106X_mcRun2_asymptotic_v17-v1/130000/EE277ACC-E071-774D-878C-D0B070F17DC6.root
11-Jan-2024 18:14:51 CET  Initiating request to open file root://cmsxrootd.fnal.gov//store/mc/RunIISummer20UL16MiniAODv2/GJets_HT-200To400_TuneCP5_13TeV-madgraphMLM-pythia8/MINIAODSIM/106X_mcRun2_asymptotic_v17-v1/130000/A9F0A362-465F-504D-9974-4B1E7A22CC8E.root
%MSG-w XrdAdaptor:  file_open 11-Jan-2024 18:14:53 CET PostProcessEvent
Data is served from fnal.gov instead of original site US-Regional-Nebraska
%MSG
11-Jan-2024 18:14:54 CET  Successfully opened file root://cmsxrootd.fnal.gov//store/mc/RunIISummer20UL16MiniAODv2/GJets_HT-200To400_TuneCP5_13TeV-madgraphMLM-pythia8/MINIAODSIM/106X_mcRun2_asymptotic_v17-v1/130000/A9F0A362-465F-504D-9974-4B1E7A22CC8E.root
Begin processing the 1700001st record. Run 1, Event 32529480, LumiSection 4230 on stream 0 at 11-Jan-2024 18:15:00.223 CET
11-Jan-2024 18:15:02 CET  Closed file root://cmsxrootd.fnal.gov//store/mc/RunIISummer20UL16MiniAODv2/GJets_HT-200To400_TuneCP5_13TeV-madgraphMLM-pythia8/MINIAODSIM/106X_mcRun2_asymptotic_v17-v1/130000/A9F0A362-465F-504D-9974-4B1E7A22CC8E.root
11-Jan-2024 18:15:02 CET  Initiating request to open file root://cmsxrootd.fnal.gov//store/mc/RunIISummer20UL16MiniAODv2/GJets_HT-200To400_TuneCP5_13TeV-madgraphMLM-pythia8/MINIAODSIM/106X_mcRun2_asymptotic_v17-v1/130000/AD3434D2-68EC-FD47-8E2B-A5D88178FD27.root
%MSG-w XrdAdaptor:  file_open 11-Jan-2024 18:15:04 CET PostProcessEvent
Data is served from fnal.gov instead of original site US-Regional-Nebraska
%MSG
11-Jan-2024 18:15:05 CET  Successfully opened file root://cmsxrootd.fnal.gov//store/mc/RunIISummer20UL16MiniAODv2/GJets_HT-200To400_TuneCP5_13TeV-madgraphMLM-pythia8/MINIAODSIM/106X_mcRun2_asymptotic_v17-v1/130000/AD3434D2-68EC-FD47-8E2B-A5D88178FD27.root
%MSG-w XrdAdaptor:  (NoModuleName) 11-Jan-2024 18:15:11 CET pre-events
Data is now served from fnal.gov, T2_US_MIT instead of previous fnal.gov
%MSG
Begin processing the 1800001st record. Run 1, Event 26574072, LumiSection 3455 on stream 0 at 11-Jan-2024 18:15:12.001 CET
11-Jan-2024 18:15:13 CET  Closed file root://cmsxrootd.fnal.gov//store/mc/RunIISummer20UL16MiniAODv2/GJets_HT-200To400_TuneCP5_13TeV-madgraphMLM-pythia8/MINIAODSIM/106X_mcRun2_asymptotic_v17-v1/130000/AD3434D2-68EC-FD47-8E2B-A5D88178FD27.root
11-Jan-2024 18:15:13 CET  Initiating request to open file root://cmsxrootd.fnal.gov//store/mc/RunIISummer20UL16MiniAODv2/GJets_HT-200To400_TuneCP5_13TeV-madgraphMLM-pythia8/MINIAODSIM/106X_mcRun2_asymptotic_v17-v1/130000/4617C585-1C05-4D4F-9FB2-E7AD7C8F00E3.root
%MSG-w XrdAdaptor:  file_open 11-Jan-2024 18:15:15 CET PostProcessEvent
Data is served from fnal.gov instead of original site US-Regional-Nebraska
%MSG
11-Jan-2024 18:15:15 CET  Successfully opened file root://cmsxrootd.fnal.gov//store/mc/RunIISummer20UL16MiniAODv2/GJets_HT-200To400_TuneCP5_13TeV-madgraphMLM-pythia8/MINIAODSIM/106X_mcRun2_asymptotic_v17-v1/130000/4617C585-1C05-4D4F-9FB2-E7AD7C8F00E3.root
%MSG-w XrdAdaptor:  (NoModuleName) 11-Jan-2024 18:15:23 CET pre-events
Data is now served from fnal.gov, T2_US_MIT instead of previous fnal.gov
%MSG
%MSG-w XrdAdaptor:  source 11-Jan-2024 18:15:26 CET PostStreamBeginLumi
Data is now served from fnal.gov instead of previous fnal.gov, T2_US_MIT
%MSG
%MSG-w XrdAdaptor:  (NoModuleName) 11-Jan-2024 18:15:28 CET pre-events
Data is now served from fnal.gov, T2_US_MIT instead of previous fnal.gov
%MSG
11-Jan-2024 18:15:32 CET  Closed file root://cmsxrootd.fnal.gov//store/mc/RunIISummer20UL16MiniAODv2/GJets_HT-200To400_TuneCP5_13TeV-madgraphMLM-pythia8/MINIAODSIM/106X_mcRun2_asymptotic_v17-v1/130000/4617C585-1C05-4D4F-9FB2-E7AD7C8F00E3.root
11-Jan-2024 18:15:32 CET  Initiating request to open file root://cmsxrootd.fnal.gov//store/mc/RunIISummer20UL16MiniAODv2/GJets_HT-200To400_TuneCP5_13TeV-madgraphMLM-pythia8/MINIAODSIM/106X_mcRun2_asymptotic_v17-v1/130000/304AD415-43AD-0746-AE77-0AE72B4D27CC.root
%MSG-w XrdAdaptor:  file_open 11-Jan-2024 18:15:34 CET PostProcessEvent
Data is served from fnal.gov instead of original site US-Regional-Nebraska
%MSG
11-Jan-2024 18:15:34 CET  Successfully opened file root://cmsxrootd.fnal.gov//store/mc/RunIISummer20UL16MiniAODv2/GJets_HT-200To400_TuneCP5_13TeV-madgraphMLM-pythia8/MINIAODSIM/106X_mcRun2_asymptotic_v17-v1/130000/304AD415-43AD-0746-AE77-0AE72B4D27CC.root
Begin processing the 1900001st record. Run 1, Event 64094595, LumiSection 8333 on stream 0 at 11-Jan-2024 18:15:45.193 CET
11-Jan-2024 18:15:46 CET  Closed file root://cmsxrootd.fnal.gov//store/mc/RunIISummer20UL16MiniAODv2/GJets_HT-200To400_TuneCP5_13TeV-madgraphMLM-pythia8/MINIAODSIM/106X_mcRun2_asymptotic_v17-v1/130000/304AD415-43AD-0746-AE77-0AE72B4D27CC.root
11-Jan-2024 18:15:46 CET  Initiating request to open file root://cmsxrootd.fnal.gov//store/mc/RunIISummer20UL16MiniAODv2/GJets_HT-200To400_TuneCP5_13TeV-madgraphMLM-pythia8/MINIAODSIM/106X_mcRun2_asymptotic_v17-v1/130000/5E204BD8-9E80-8142-806B-561A67F99E51.root
%MSG-w XrdAdaptor:  file_open 11-Jan-2024 18:15:48 CET PostProcessEvent
Data is served from fnal.gov instead of original site US-Regional-Nebraska
%MSG
11-Jan-2024 18:15:50 CET  Successfully opened file root://cmsxrootd.fnal.gov//store/mc/RunIISummer20UL16MiniAODv2/GJets_HT-200To400_TuneCP5_13TeV-madgraphMLM-pythia8/MINIAODSIM/106X_mcRun2_asymptotic_v17-v1/130000/5E204BD8-9E80-8142-806B-561A67F99E51.root
%MSG-w XrdAdaptor:  (NoModuleName) 11-Jan-2024 18:15:56 CET pre-events
Data is now served from fnal.gov, T2_US_MIT instead of previous fnal.gov
%MSG
11-Jan-2024 18:15:58 CET  Closed file root://cmsxrootd.fnal.gov//store/mc/RunIISummer20UL16MiniAODv2/GJets_HT-200To400_TuneCP5_13TeV-madgraphMLM-pythia8/MINIAODSIM/106X_mcRun2_asymptotic_v17-v1/130000/5E204BD8-9E80-8142-806B-561A67F99E51.root
11-Jan-2024 18:15:58 CET  Initiating request to open file root://cmsxrootd.fnal.gov//store/mc/RunIISummer20UL16MiniAODv2/GJets_HT-200To400_TuneCP5_13TeV-madgraphMLM-pythia8/MINIAODSIM/106X_mcRun2_asymptotic_v17-v1/130000/942C6C78-E961-2A42-85A8-82BDAAAAFF75.root
%MSG-w XrdAdaptor:  file_open 11-Jan-2024 18:16:00 CET PostProcessEvent
Data is served from fnal.gov instead of original site US-Regional-Nebraska
%MSG
11-Jan-2024 18:16:01 CET  Successfully opened file root://cmsxrootd.fnal.gov//store/mc/RunIISummer20UL16MiniAODv2/GJets_HT-200To400_TuneCP5_13TeV-madgraphMLM-pythia8/MINIAODSIM/106X_mcRun2_asymptotic_v17-v1/130000/942C6C78-E961-2A42-85A8-82BDAAAAFF75.root
Begin processing the 2000001st record. Run 1, Event 122785227, LumiSection 15963 on stream 0 at 11-Jan-2024 18:16:10.554 CET
11-Jan-2024 18:16:11 CET  Closed file root://cmsxrootd.fnal.gov//store/mc/RunIISummer20UL16MiniAODv2/GJets_HT-200To400_TuneCP5_13TeV-madgraphMLM-pythia8/MINIAODSIM/106X_mcRun2_asymptotic_v17-v1/130000/942C6C78-E961-2A42-85A8-82BDAAAAFF75.root
11-Jan-2024 18:16:11 CET  Initiating request to open file root://cmsxrootd.fnal.gov//store/mc/RunIISummer20UL16MiniAODv2/GJets_HT-200To400_TuneCP5_13TeV-madgraphMLM-pythia8/MINIAODSIM/106X_mcRun2_asymptotic_v17-v1/130000/D8987FD6-DD76-FC42-9D48-19D7C62501B9.root
%MSG-w XrdAdaptor:  file_open 11-Jan-2024 18:16:13 CET PostProcessEvent
Data is served from fnal.gov instead of original site US-Regional-Nebraska
%MSG
11-Jan-2024 18:16:13 CET  Successfully opened file root://cmsxrootd.fnal.gov//store/mc/RunIISummer20UL16MiniAODv2/GJets_HT-200To400_TuneCP5_13TeV-madgraphMLM-pythia8/MINIAODSIM/106X_mcRun2_asymptotic_v17-v1/130000/D8987FD6-DD76-FC42-9D48-19D7C62501B9.root
11-Jan-2024 18:16:19 CET  Closed file root://cmsxrootd.fnal.gov//store/mc/RunIISummer20UL16MiniAODv2/GJets_HT-200To400_TuneCP5_13TeV-madgraphMLM-pythia8/MINIAODSIM/106X_mcRun2_asymptotic_v17-v1/130000/D8987FD6-DD76-FC42-9D48-19D7C62501B9.root
11-Jan-2024 18:16:19 CET  Initiating request to open file root://cmsxrootd.fnal.gov//store/mc/RunIISummer20UL16MiniAODv2/GJets_HT-200To400_TuneCP5_13TeV-madgraphMLM-pythia8/MINIAODSIM/106X_mcRun2_asymptotic_v17-v1/130000/79250261-A2F4-6D46-A57D-0D566074C73A.root
%MSG-w XrdAdaptor:  file_open 11-Jan-2024 18:16:22 CET PostProcessEvent
Data is served from fnal.gov instead of original site US-Regional-Nebraska
%MSG
11-Jan-2024 18:16:22 CET  Successfully opened file root://cmsxrootd.fnal.gov//store/mc/RunIISummer20UL16MiniAODv2/GJets_HT-200To400_TuneCP5_13TeV-madgraphMLM-pythia8/MINIAODSIM/106X_mcRun2_asymptotic_v17-v1/130000/79250261-A2F4-6D46-A57D-0D566074C73A.root
Begin processing the 2100001st record. Run 1, Event 46133054, LumiSection 5998 on stream 0 at 11-Jan-2024 18:16:35.045 CET
11-Jan-2024 18:16:35 CET  Closed file root://cmsxrootd.fnal.gov//store/mc/RunIISummer20UL16MiniAODv2/GJets_HT-200To400_TuneCP5_13TeV-madgraphMLM-pythia8/MINIAODSIM/106X_mcRun2_asymptotic_v17-v1/130000/79250261-A2F4-6D46-A57D-0D566074C73A.root
11-Jan-2024 18:16:35 CET  Initiating request to open file root://cmsxrootd.fnal.gov//store/mc/RunIISummer20UL16MiniAODv2/GJets_HT-200To400_TuneCP5_13TeV-madgraphMLM-pythia8/MINIAODSIM/106X_mcRun2_asymptotic_v17-v1/130000/EC599D3C-6654-E643-8FE8-B223ADB04FB9.root
%MSG-w XrdAdaptor:  file_open 11-Jan-2024 18:16:37 CET PostProcessEvent
Data is served from fnal.gov instead of original site US-Regional-Nebraska
%MSG
11-Jan-2024 18:16:38 CET  Successfully opened file root://cmsxrootd.fnal.gov//store/mc/RunIISummer20UL16MiniAODv2/GJets_HT-200To400_TuneCP5_13TeV-madgraphMLM-pythia8/MINIAODSIM/106X_mcRun2_asymptotic_v17-v1/130000/EC599D3C-6654-E643-8FE8-B223ADB04FB9.root
11-Jan-2024 18:16:49 CET  Closed file root://cmsxrootd.fnal.gov//store/mc/RunIISummer20UL16MiniAODv2/GJets_HT-200To400_TuneCP5_13TeV-madgraphMLM-pythia8/MINIAODSIM/106X_mcRun2_asymptotic_v17-v1/130000/EC599D3C-6654-E643-8FE8-B223ADB04FB9.root
11-Jan-2024 18:16:49 CET  Initiating request to open file root://cmsxrootd.fnal.gov//store/mc/RunIISummer20UL16MiniAODv2/GJets_HT-200To400_TuneCP5_13TeV-madgraphMLM-pythia8/MINIAODSIM/106X_mcRun2_asymptotic_v17-v1/130000/16705772-947E-0C47-B3DD-F24C4821EA66.root
%MSG-w XrdAdaptor:  file_open 11-Jan-2024 18:16:51 CET PostProcessEvent
Data is served from fnal.gov instead of original site US-Regional-Nebraska
%MSG
11-Jan-2024 18:16:51 CET  Successfully opened file root://cmsxrootd.fnal.gov//store/mc/RunIISummer20UL16MiniAODv2/GJets_HT-200To400_TuneCP5_13TeV-madgraphMLM-pythia8/MINIAODSIM/106X_mcRun2_asymptotic_v17-v1/130000/16705772-947E-0C47-B3DD-F24C4821EA66.root
Begin processing the 2200001st record. Run 1, Event 18769984, LumiSection 2441 on stream 0 at 11-Jan-2024 18:17:00.312 CET
11-Jan-2024 18:17:00 CET  Closed file root://cmsxrootd.fnal.gov//store/mc/RunIISummer20UL16MiniAODv2/GJets_HT-200To400_TuneCP5_13TeV-madgraphMLM-pythia8/MINIAODSIM/106X_mcRun2_asymptotic_v17-v1/130000/16705772-947E-0C47-B3DD-F24C4821EA66.root
11-Jan-2024 18:17:00 CET  Initiating request to open file root://cmsxrootd.fnal.gov//store/mc/RunIISummer20UL16MiniAODv2/GJets_HT-200To400_TuneCP5_13TeV-madgraphMLM-pythia8/MINIAODSIM/106X_mcRun2_asymptotic_v17-v1/130000/C0692BA1-C9FB-6643-9EC6-5BC31AF4F71A.root
%MSG-w XrdAdaptor:  file_open 11-Jan-2024 18:17:02 CET PostProcessEvent
Data is served from fnal.gov instead of original site US-Regional-Nebraska
%MSG
11-Jan-2024 18:17:03 CET  Successfully opened file root://cmsxrootd.fnal.gov//store/mc/RunIISummer20UL16MiniAODv2/GJets_HT-200To400_TuneCP5_13TeV-madgraphMLM-pythia8/MINIAODSIM/106X_mcRun2_asymptotic_v17-v1/130000/C0692BA1-C9FB-6643-9EC6-5BC31AF4F71A.root
11-Jan-2024 18:17:14 CET  Closed file root://cmsxrootd.fnal.gov//store/mc/RunIISummer20UL16MiniAODv2/GJets_HT-200To400_TuneCP5_13TeV-madgraphMLM-pythia8/MINIAODSIM/106X_mcRun2_asymptotic_v17-v1/130000/C0692BA1-C9FB-6643-9EC6-5BC31AF4F71A.root
11-Jan-2024 18:17:14 CET  Initiating request to open file root://cmsxrootd.fnal.gov//store/mc/RunIISummer20UL16MiniAODv2/GJets_HT-200To400_TuneCP5_13TeV-madgraphMLM-pythia8/MINIAODSIM/106X_mcRun2_asymptotic_v17-v1/130000/2CD27725-24B4-7645-B484-54F24F799E73.root
%MSG-w XrdAdaptor:  file_open 11-Jan-2024 18:17:16 CET PostProcessEvent
Data is served from fnal.gov instead of original site US-Regional-Nebraska
%MSG
11-Jan-2024 18:17:16 CET  Successfully opened file root://cmsxrootd.fnal.gov//store/mc/RunIISummer20UL16MiniAODv2/GJets_HT-200To400_TuneCP5_13TeV-madgraphMLM-pythia8/MINIAODSIM/106X_mcRun2_asymptotic_v17-v1/130000/2CD27725-24B4-7645-B484-54F24F799E73.root
11-Jan-2024 18:17:25 CET  Closed file root://cmsxrootd.fnal.gov//store/mc/RunIISummer20UL16MiniAODv2/GJets_HT-200To400_TuneCP5_13TeV-madgraphMLM-pythia8/MINIAODSIM/106X_mcRun2_asymptotic_v17-v1/130000/2CD27725-24B4-7645-B484-54F24F799E73.root
11-Jan-2024 18:17:25 CET  Initiating request to open file root://cmsxrootd.fnal.gov//store/mc/RunIISummer20UL16MiniAODv2/GJets_HT-200To400_TuneCP5_13TeV-madgraphMLM-pythia8/MINIAODSIM/106X_mcRun2_asymptotic_v17-v1/130000/B038A01E-2EBE-A744-AF9E-4C0973EBA064.root
%MSG-w XrdAdaptor:  file_open 11-Jan-2024 18:17:27 CET PostProcessEvent
Data is served from fnal.gov instead of original site US-Regional-Nebraska
%MSG
11-Jan-2024 18:17:27 CET  Successfully opened file root://cmsxrootd.fnal.gov//store/mc/RunIISummer20UL16MiniAODv2/GJets_HT-200To400_TuneCP5_13TeV-madgraphMLM-pythia8/MINIAODSIM/106X_mcRun2_asymptotic_v17-v1/130000/B038A01E-2EBE-A744-AF9E-4C0973EBA064.root
Begin processing the 2300001st record. Run 1, Event 89438278, LumiSection 11628 on stream 0 at 11-Jan-2024 18:17:39.676 CET
11-Jan-2024 18:17:40 CET  Closed file root://cmsxrootd.fnal.gov//store/mc/RunIISummer20UL16MiniAODv2/GJets_HT-200To400_TuneCP5_13TeV-madgraphMLM-pythia8/MINIAODSIM/106X_mcRun2_asymptotic_v17-v1/130000/B038A01E-2EBE-A744-AF9E-4C0973EBA064.root
11-Jan-2024 18:17:40 CET  Initiating request to open file root://cmsxrootd.fnal.gov//store/mc/RunIISummer20UL16MiniAODv2/GJets_HT-200To400_TuneCP5_13TeV-madgraphMLM-pythia8/MINIAODSIM/106X_mcRun2_asymptotic_v17-v1/130000/2A6F0870-0CCA-9D41-93F4-D91A66F1612A.root
%MSG-w XrdAdaptor:  file_open 11-Jan-2024 18:17:43 CET PostProcessEvent
Data is served from fnal.gov instead of original site US-Regional-Nebraska
%MSG
11-Jan-2024 18:17:43 CET  Successfully opened file root://cmsxrootd.fnal.gov//store/mc/RunIISummer20UL16MiniAODv2/GJets_HT-200To400_TuneCP5_13TeV-madgraphMLM-pythia8/MINIAODSIM/106X_mcRun2_asymptotic_v17-v1/130000/2A6F0870-0CCA-9D41-93F4-D91A66F1612A.root
11-Jan-2024 18:17:52 CET  Closed file root://cmsxrootd.fnal.gov//store/mc/RunIISummer20UL16MiniAODv2/GJets_HT-200To400_TuneCP5_13TeV-madgraphMLM-pythia8/MINIAODSIM/106X_mcRun2_asymptotic_v17-v1/130000/2A6F0870-0CCA-9D41-93F4-D91A66F1612A.root
11-Jan-2024 18:17:52 CET  Initiating request to open file root://cmsxrootd.fnal.gov//store/mc/RunIISummer20UL16MiniAODv2/GJets_HT-200To400_TuneCP5_13TeV-madgraphMLM-pythia8/MINIAODSIM/106X_mcRun2_asymptotic_v17-v1/130000/73995AD9-4BB6-6D4D-972D-8D1C7634F866.root
%MSG-w XrdAdaptor:  file_open 11-Jan-2024 18:17:54 CET PostProcessEvent
Data is served from fnal.gov instead of original site US-Regional-Nebraska
%MSG
11-Jan-2024 18:17:54 CET  Successfully opened file root://cmsxrootd.fnal.gov//store/mc/RunIISummer20UL16MiniAODv2/GJets_HT-200To400_TuneCP5_13TeV-madgraphMLM-pythia8/MINIAODSIM/106X_mcRun2_asymptotic_v17-v1/130000/73995AD9-4BB6-6D4D-972D-8D1C7634F866.root
Begin processing the 2400001st record. Run 1, Event 108844770, LumiSection 14151 on stream 0 at 11-Jan-2024 18:18:02.706 CET
11-Jan-2024 18:18:03 CET  Closed file root://cmsxrootd.fnal.gov//store/mc/RunIISummer20UL16MiniAODv2/GJets_HT-200To400_TuneCP5_13TeV-madgraphMLM-pythia8/MINIAODSIM/106X_mcRun2_asymptotic_v17-v1/130000/73995AD9-4BB6-6D4D-972D-8D1C7634F866.root
11-Jan-2024 18:18:03 CET  Initiating request to open file root://cmsxrootd.fnal.gov//store/mc/RunIISummer20UL16MiniAODv2/GJets_HT-200To400_TuneCP5_13TeV-madgraphMLM-pythia8/MINIAODSIM/106X_mcRun2_asymptotic_v17-v1/130000/66860E66-FEDB-A348-90E4-B8E093330706.root
%MSG-w XrdAdaptor:  file_open 11-Jan-2024 18:18:05 CET PostProcessEvent
Data is served from fnal.gov instead of original site US-Regional-Nebraska
%MSG
11-Jan-2024 18:18:06 CET  Successfully opened file root://cmsxrootd.fnal.gov//store/mc/RunIISummer20UL16MiniAODv2/GJets_HT-200To400_TuneCP5_13TeV-madgraphMLM-pythia8/MINIAODSIM/106X_mcRun2_asymptotic_v17-v1/130000/66860E66-FEDB-A348-90E4-B8E093330706.root
11-Jan-2024 18:18:16 CET  Closed file root://cmsxrootd.fnal.gov//store/mc/RunIISummer20UL16MiniAODv2/GJets_HT-200To400_TuneCP5_13TeV-madgraphMLM-pythia8/MINIAODSIM/106X_mcRun2_asymptotic_v17-v1/130000/66860E66-FEDB-A348-90E4-B8E093330706.root
11-Jan-2024 18:18:16 CET  Initiating request to open file root://cmsxrootd.fnal.gov//store/mc/RunIISummer20UL16MiniAODv2/GJets_HT-200To400_TuneCP5_13TeV-madgraphMLM-pythia8/MINIAODSIM/106X_mcRun2_asymptotic_v17-v1/130000/AD9F85C1-B954-0045-80BA-BAA181A80927.root
%MSG-w XrdAdaptor:  file_open 11-Jan-2024 18:18:18 CET PostProcessEvent
Data is served from fnal.gov instead of original site US-Regional-Nebraska
%MSG
11-Jan-2024 18:18:18 CET  Successfully opened file root://cmsxrootd.fnal.gov//store/mc/RunIISummer20UL16MiniAODv2/GJets_HT-200To400_TuneCP5_13TeV-madgraphMLM-pythia8/MINIAODSIM/106X_mcRun2_asymptotic_v17-v1/130000/AD9F85C1-B954-0045-80BA-BAA181A80927.root
Begin processing the 2500001st record. Run 1, Event 23355620, LumiSection 3037 on stream 0 at 11-Jan-2024 18:18:24.359 CET
11-Jan-2024 18:18:25 CET  Closed file root://cmsxrootd.fnal.gov//store/mc/RunIISummer20UL16MiniAODv2/GJets_HT-200To400_TuneCP5_13TeV-madgraphMLM-pythia8/MINIAODSIM/106X_mcRun2_asymptotic_v17-v1/130000/AD9F85C1-B954-0045-80BA-BAA181A80927.root
11-Jan-2024 18:18:25 CET  Initiating request to open file root://cmsxrootd.fnal.gov//store/mc/RunIISummer20UL16MiniAODv2/GJets_HT-200To400_TuneCP5_13TeV-madgraphMLM-pythia8/MINIAODSIM/106X_mcRun2_asymptotic_v17-v1/270000/3A8E3348-C679-2943-A4F0-3206CF27E8FC.root
%MSG-w XrdAdaptor:  file_open 11-Jan-2024 18:18:27 CET PostProcessEvent
Data is served from fnal.gov instead of original site US-Regional-Nebraska
%MSG
11-Jan-2024 18:18:28 CET  Successfully opened file root://cmsxrootd.fnal.gov//store/mc/RunIISummer20UL16MiniAODv2/GJets_HT-200To400_TuneCP5_13TeV-madgraphMLM-pythia8/MINIAODSIM/106X_mcRun2_asymptotic_v17-v1/270000/3A8E3348-C679-2943-A4F0-3206CF27E8FC.root
11-Jan-2024 18:18:36 CET  Closed file root://cmsxrootd.fnal.gov//store/mc/RunIISummer20UL16MiniAODv2/GJets_HT-200To400_TuneCP5_13TeV-madgraphMLM-pythia8/MINIAODSIM/106X_mcRun2_asymptotic_v17-v1/270000/3A8E3348-C679-2943-A4F0-3206CF27E8FC.root
11-Jan-2024 18:18:36 CET  Initiating request to open file root://cmsxrootd.fnal.gov//store/mc/RunIISummer20UL16MiniAODv2/GJets_HT-200To400_TuneCP5_13TeV-madgraphMLM-pythia8/MINIAODSIM/106X_mcRun2_asymptotic_v17-v1/270000/904B1BD4-C73B-6C4B-B106-F7FBE8087ADF.root
[2024-01-11 18:21:39.068360 +0100][Error  ][XRootD            ] [cmsdcadisk.fnal.gov:1095] Unable to get the response to request kXR_open (file: /store/mc/RunIISummer20UL16MiniAODv2/GJets_HT-200To400_TuneCP5_13TeV-madgraphMLM-pythia8/MINIAODSIM/106X_mcRun2_asymptotic_v17-v1/270000/904B1BD4-C73B-6C4B-B106-F7FBE8087ADF.root, mode: 0660, flags: kXR_open_read kXR_async kXR_retstat )
%MSG-w XrdAdaptorInternal:  file_open 11-Jan-2024 18:21:39 CET PostProcessEvent
Failed to open file at URL root://cmsdcadisk.fnal.gov:1095//store/mc/RunIISummer20UL16MiniAODv2/GJets_HT-200To400_TuneCP5_13TeV-madgraphMLM-pythia8/MINIAODSIM/106X_mcRun2_asymptotic_v17-v1/270000/904B1BD4-C73B-6C4B-B106-F7FBE8087ADF.root.
%MSG
[2024-01-11 18:24:39.164587 +0100][Error  ][XRootD            ] [cmsdcadisk.fnal.gov:1095] Unable to get the response to request kXR_open (file: /store/mc/RunIISummer20UL16MiniAODv2/GJets_HT-200To400_TuneCP5_13TeV-madgraphMLM-pythia8/MINIAODSIM/106X_mcRun2_asymptotic_v17-v1/270000/904B1BD4-C73B-6C4B-B106-F7FBE8087ADF.root?tried=, mode: 0660, flags: kXR_open_read kXR_async kXR_retstat )
%MSG-w XrdAdaptorInternal:  file_open 11-Jan-2024 18:24:39 CET PostProcessEvent
Failed to open file at URL root://cmsdcadisk.fnal.gov:1095//store/mc/RunIISummer20UL16MiniAODv2/GJets_HT-200To400_TuneCP5_13TeV-madgraphMLM-pythia8/MINIAODSIM/106X_mcRun2_asymptotic_v17-v1/270000/904B1BD4-C73B-6C4B-B106-F7FBE8087ADF.root?tried=.
%MSG
----- Begin Fatal Exception 11-Jan-2024 18:24:39 CET-----------------------
An exception of category 'FileOpenError' occurred while
   [0] Calling InputSource::readFile_
   [1] Calling RootFileSequenceBase::initTheFile()
   [2] Calling StorageFactory::open()
   [3] Calling XrdFile::open()
Exception Message:
Failed to open the file 'root://cmsxrootd.fnal.gov//store/mc/RunIISummer20UL16MiniAODv2/GJets_HT-200To400_TuneCP5_13TeV-madgraphMLM-pythia8/MINIAODSIM/106X_mcRun2_asymptotic_v17-v1/270000/904B1BD4-C73B-6C4B-B106-F7FBE8087ADF.root'
   Additional Info:
      [a] Input file root://cmsxrootd.fnal.gov//store/mc/RunIISummer20UL16MiniAODv2/GJets_HT-200To400_TuneCP5_13TeV-madgraphMLM-pythia8/MINIAODSIM/106X_mcRun2_asymptotic_v17-v1/270000/904B1BD4-C73B-6C4B-B106-F7FBE8087ADF.root could not be opened.
      [b] XrdCl::File::Open(name='root://cmsxrootd.fnal.gov//store/mc/RunIISummer20UL16MiniAODv2/GJets_HT-200To400_TuneCP5_13TeV-madgraphMLM-pythia8/MINIAODSIM/106X_mcRun2_asymptotic_v17-v1/270000/904B1BD4-C73B-6C4B-B106-F7FBE8087ADF.root', flags=0x10, permissions=0660) => error '[ERROR] Operation expired' (errno=0, code=206). No additional data servers were found.
      [c] Last URL tried: root://cmsdcadisk.fnal.gov:1095//store/mc/RunIISummer20UL16MiniAODv2/GJets_HT-200To400_TuneCP5_13TeV-madgraphMLM-pythia8/MINIAODSIM/106X_mcRun2_asymptotic_v17-v1/270000/904B1BD4-C73B-6C4B-B106-F7FBE8087ADF.root?tried=
      [d] Problematic data server: cmsdcadisk.fnal.gov:1095
      [e] Disabled source: cmsdcadisk.fnal.gov:1095
----- End Fatal Exception -------------------------------------------------
     35.850228      0.652111      2.200614             0
   1582.314773     16.784044      2.200614             1
   5569.747159     25.059164      2.200614             2
   9716.629474     28.086112      2.200614             3
 

------------------------------------
GenXsecAnalyzer:
------------------------------------
-------------------------------------------------------------------------------------------------------------------------------------------------------------------------- 
Overall cross-section summary 
--------------------------------------------------------------------------------------------------------------------------------------------------------------------------
Process		xsec_before [pb]		passed	nposw	nnegw	tried	nposw	nnegw 	xsec_match [pb]			accepted [%]	 event_eff [%]
0		3.582e+01 +/- 1.808e-02		9010	9010	0	42722	42722	0	7.555e+00 +/- 7.081e-02		21.1 +/- 0.2	21.1 +/- 0.2
1		1.576e+03 +/- 4.606e-01		394629	394629	0	1862530	1862530	0	3.339e+02 +/- 4.819e-01		21.2 +/- 0.0	21.2 +/- 0.0
2		5.541e+03 +/- 6.858e-01		781764	781764	0	6476084	6476084	0	6.689e+02 +/- 7.142e-01		12.1 +/- 0.0	12.1 +/- 0.0
3		9.689e+03 +/- 7.619e-01		1390313	1390313	0	11416333	11416333	0	1.180e+03 +/- 9.424e-01		12.2 +/- 0.0	12.2 +/- 0.0
-------------------------------------------------------------------------------------------------------------------------------------------------------------------------- 
Total		1.684e+04 +/- 1.124e+00		2575716	2575716	0	19797669	19797669	0	2.191e+03 +/- 1.282e+00		13.0 +/- 0.0	13.0 +/- 0.0
--------------------------------------------------------------------------------------------------------------------------------------------------------------------------
Before matching: total cross section = 1.684e+04 +- 1.124e+00 pb
After matching: total cross section = 2.191e+03 +- 1.282e+00 pb
Matching efficiency = 0.1 +/- 0.0   [TO BE USED IN MCM]
Filter efficiency (taking into account weights)= (2.57572e+06) / (2.57572e+06) = 1.000e+00 +- 0.000e+00
Filter efficiency (event-level)= (2.57572e+06) / (2.57572e+06) = 1.000e+00 +- 0.000e+00    [TO BE USED IN MCM]

After filter: final cross section = 2.191e+03 +- 1.282e+00 pb
After filter: final fraction of events with negative weights = 0.000e+00 +- 0.000e+00
After filter: final equivalent lumi for 1M events (1/fb) = 4.564e-01 +- 5.287e-04

=============================================

MessageLogger Summary

 type     category        sev    module        subroutine        count    total
 ---- -------------------- -- ---------------- ----------------  -----    -----
    1 GenXSecAnalyzer      -w GenXSecAnalyzer:                      18       18
    2 XrdAdaptor           -w (NoModuleName)                         6        6
    3 XrdAdaptor           -w file_open                             57       57
    4 XrdAdaptor           -w source                                 1        1
    5 XrdAdaptorInternal   -w file_open                              2        2
    6 Fatal Exception      -s AfterFile                              1        1
    7 fileAction           -s file_close                            57       57
    8 fileAction           -s file_open                            115      115

 type    category    Examples: run/evt        run/evt          run/evt
 ---- -------------------- ---------------- ---------------- ----------------
    1 GenXSecAnalyzer      PostGlobalEndRun PostGlobalEndRun PostGlobalEndRun
    2 XrdAdaptor           pre-events       pre-events       pre-events
    3 XrdAdaptor           pre-events       PostProcessEvent PostProcessEvent
    4 XrdAdaptor           PostStreamBeginL                  
    5 XrdAdaptorInternal   PostProcessEvent PostProcessEvent 
    6 Fatal Exception      PostProcessEvent                  
    7 fileAction           PostProcessEvent PostProcessEvent PostProcessEvent
    8 fileAction           pre-events       pre-events       PostProcessEvent

Severity    # Occurrences   Total Occurrences
--------    -------------   -----------------
Warning                84                  84
System                173                 173

dropped waiting message count 0
