12-Jan-2024 01:16:05 CET  Initiating request to open file root://cmsxrootd.fnal.gov//store/mc/RunIISummer20UL16MiniAODv2/VBFToContinToZZTo2mu2nueJJ_TuneCP5_withDipoleRecoil_13TeV-phantom-pythia8/MINIAODSIM/106X_mcRun2_asymptotic_v17-v2/2430000/E23C4890-FE8C-624D-9689-8F217E44EF17.root
%MSG-w XrdAdaptor:  file_open 12-Jan-2024 01:16:09 CET pre-events
Data is served from T2_US_Wisconsin instead of original site US-Regional-FNAL
%MSG
12-Jan-2024 01:16:13 CET  Successfully opened file root://cmsxrootd.fnal.gov//store/mc/RunIISummer20UL16MiniAODv2/VBFToContinToZZTo2mu2nueJJ_TuneCP5_withDipoleRecoil_13TeV-phantom-pythia8/MINIAODSIM/106X_mcRun2_asymptotic_v17-v2/2430000/E23C4890-FE8C-624D-9689-8F217E44EF17.root
Begin processing the 1st record. Run 1, Event 26009, LumiSection 27 on stream 0 at 12-Jan-2024 01:16:18.747 CET
12-Jan-2024 01:16:18 CET  Closed file root://cmsxrootd.fnal.gov//store/mc/RunIISummer20UL16MiniAODv2/VBFToContinToZZTo2mu2nueJJ_TuneCP5_withDipoleRecoil_13TeV-phantom-pythia8/MINIAODSIM/106X_mcRun2_asymptotic_v17-v2/2430000/E23C4890-FE8C-624D-9689-8F217E44EF17.root
12-Jan-2024 01:16:18 CET  Initiating request to open file root://cmsxrootd.fnal.gov//store/mc/RunIISummer20UL16MiniAODv2/VBFToContinToZZTo2mu2nueJJ_TuneCP5_withDipoleRecoil_13TeV-phantom-pythia8/MINIAODSIM/106X_mcRun2_asymptotic_v17-v2/2430000/056C6EAD-9EC0-D244-B845-302B7BE11CF7.root
%MSG-w XrdAdaptor:  file_open 12-Jan-2024 01:16:22 CET PostProcessEvent
Data is served from T2_US_Wisconsin instead of original site US-Regional-FNAL
%MSG
12-Jan-2024 01:16:22 CET  Successfully opened file root://cmsxrootd.fnal.gov//store/mc/RunIISummer20UL16MiniAODv2/VBFToContinToZZTo2mu2nueJJ_TuneCP5_withDipoleRecoil_13TeV-phantom-pythia8/MINIAODSIM/106X_mcRun2_asymptotic_v17-v2/2430000/056C6EAD-9EC0-D244-B845-302B7BE11CF7.root
12-Jan-2024 01:16:27 CET  Closed file root://cmsxrootd.fnal.gov//store/mc/RunIISummer20UL16MiniAODv2/VBFToContinToZZTo2mu2nueJJ_TuneCP5_withDipoleRecoil_13TeV-phantom-pythia8/MINIAODSIM/106X_mcRun2_asymptotic_v17-v2/2430000/056C6EAD-9EC0-D244-B845-302B7BE11CF7.root
12-Jan-2024 01:16:27 CET  Initiating request to open file root://cmsxrootd.fnal.gov//store/mc/RunIISummer20UL16MiniAODv2/VBFToContinToZZTo2mu2nueJJ_TuneCP5_withDipoleRecoil_13TeV-phantom-pythia8/MINIAODSIM/106X_mcRun2_asymptotic_v17-v2/2430000/9E888B9C-E224-6847-898F-7483D96DFFF4.root
%MSG-w XrdAdaptor:  file_open 12-Jan-2024 01:16:30 CET PostProcessEvent
Data is served from T2_US_Wisconsin instead of original site US-Regional-FNAL
%MSG
12-Jan-2024 01:16:31 CET  Successfully opened file root://cmsxrootd.fnal.gov//store/mc/RunIISummer20UL16MiniAODv2/VBFToContinToZZTo2mu2nueJJ_TuneCP5_withDipoleRecoil_13TeV-phantom-pythia8/MINIAODSIM/106X_mcRun2_asymptotic_v17-v2/2430000/9E888B9C-E224-6847-898F-7483D96DFFF4.root
12-Jan-2024 01:16:36 CET  Closed file root://cmsxrootd.fnal.gov//store/mc/RunIISummer20UL16MiniAODv2/VBFToContinToZZTo2mu2nueJJ_TuneCP5_withDipoleRecoil_13TeV-phantom-pythia8/MINIAODSIM/106X_mcRun2_asymptotic_v17-v2/2430000/9E888B9C-E224-6847-898F-7483D96DFFF4.root
12-Jan-2024 01:16:36 CET  Initiating request to open file root://cmsxrootd.fnal.gov//store/mc/RunIISummer20UL16MiniAODv2/VBFToContinToZZTo2mu2nueJJ_TuneCP5_withDipoleRecoil_13TeV-phantom-pythia8/MINIAODSIM/106X_mcRun2_asymptotic_v17-v2/40000/9CD16975-F604-DB4C-99F8-00C98CE6FB02.root
%MSG-w XrdAdaptor:  file_open 12-Jan-2024 01:16:40 CET PostProcessEvent
Data is served from T2_US_Wisconsin instead of original site US-Regional-FNAL
%MSG
12-Jan-2024 01:16:40 CET  Successfully opened file root://cmsxrootd.fnal.gov//store/mc/RunIISummer20UL16MiniAODv2/VBFToContinToZZTo2mu2nueJJ_TuneCP5_withDipoleRecoil_13TeV-phantom-pythia8/MINIAODSIM/106X_mcRun2_asymptotic_v17-v2/40000/9CD16975-F604-DB4C-99F8-00C98CE6FB02.root
12-Jan-2024 01:16:50 CET  Closed file root://cmsxrootd.fnal.gov//store/mc/RunIISummer20UL16MiniAODv2/VBFToContinToZZTo2mu2nueJJ_TuneCP5_withDipoleRecoil_13TeV-phantom-pythia8/MINIAODSIM/106X_mcRun2_asymptotic_v17-v2/40000/9CD16975-F604-DB4C-99F8-00C98CE6FB02.root
12-Jan-2024 01:16:50 CET  Initiating request to open file root://cmsxrootd.fnal.gov//store/mc/RunIISummer20UL16MiniAODv2/VBFToContinToZZTo2mu2nueJJ_TuneCP5_withDipoleRecoil_13TeV-phantom-pythia8/MINIAODSIM/106X_mcRun2_asymptotic_v17-v2/40000/F88CD8D8-306F-0C43-BD10-E66839418169.root
%MSG-w XrdAdaptor:  file_open 12-Jan-2024 01:16:54 CET PostProcessEvent
Data is served from T2_US_Wisconsin instead of original site US-Regional-FNAL
%MSG
12-Jan-2024 01:16:54 CET  Successfully opened file root://cmsxrootd.fnal.gov//store/mc/RunIISummer20UL16MiniAODv2/VBFToContinToZZTo2mu2nueJJ_TuneCP5_withDipoleRecoil_13TeV-phantom-pythia8/MINIAODSIM/106X_mcRun2_asymptotic_v17-v2/40000/F88CD8D8-306F-0C43-BD10-E66839418169.root
Begin processing the 100001st record. Run 1, Event 50026, LumiSection 51 on stream 0 at 12-Jan-2024 01:17:04.931 CET
12-Jan-2024 01:17:07 CET  Closed file root://cmsxrootd.fnal.gov//store/mc/RunIISummer20UL16MiniAODv2/VBFToContinToZZTo2mu2nueJJ_TuneCP5_withDipoleRecoil_13TeV-phantom-pythia8/MINIAODSIM/106X_mcRun2_asymptotic_v17-v2/40000/F88CD8D8-306F-0C43-BD10-E66839418169.root
12-Jan-2024 01:17:07 CET  Initiating request to open file root://cmsxrootd.fnal.gov//store/mc/RunIISummer20UL16MiniAODv2/VBFToContinToZZTo2mu2nueJJ_TuneCP5_withDipoleRecoil_13TeV-phantom-pythia8/MINIAODSIM/106X_mcRun2_asymptotic_v17-v2/40000/3D1FAF02-EF89-3B40-AFFC-C22E2B8B77FD.root
%MSG-w XrdAdaptor:  file_open 12-Jan-2024 01:17:10 CET PostProcessEvent
Data is served from T2_US_Wisconsin instead of original site US-Regional-FNAL
%MSG
12-Jan-2024 01:17:11 CET  Successfully opened file root://cmsxrootd.fnal.gov//store/mc/RunIISummer20UL16MiniAODv2/VBFToContinToZZTo2mu2nueJJ_TuneCP5_withDipoleRecoil_13TeV-phantom-pythia8/MINIAODSIM/106X_mcRun2_asymptotic_v17-v2/40000/3D1FAF02-EF89-3B40-AFFC-C22E2B8B77FD.root
Begin processing the 200001st record. Run 1, Event 118061, LumiSection 119 on stream 0 at 12-Jan-2024 01:17:19.811 CET
12-Jan-2024 01:17:20 CET  Closed file root://cmsxrootd.fnal.gov//store/mc/RunIISummer20UL16MiniAODv2/VBFToContinToZZTo2mu2nueJJ_TuneCP5_withDipoleRecoil_13TeV-phantom-pythia8/MINIAODSIM/106X_mcRun2_asymptotic_v17-v2/40000/3D1FAF02-EF89-3B40-AFFC-C22E2B8B77FD.root
12-Jan-2024 01:17:20 CET  Initiating request to open file root://cmsxrootd.fnal.gov//store/mc/RunIISummer20UL16MiniAODv2/VBFToContinToZZTo2mu2nueJJ_TuneCP5_withDipoleRecoil_13TeV-phantom-pythia8/MINIAODSIM/106X_mcRun2_asymptotic_v17-v2/40000/E52EB10F-CF02-C648-A5C4-2013E9B6418E.root
%MSG-w XrdAdaptor:  file_open 12-Jan-2024 01:17:24 CET PostProcessEvent
Data is served from T2_US_Wisconsin instead of original site US-Regional-FNAL
%MSG
12-Jan-2024 01:17:24 CET  Successfully opened file root://cmsxrootd.fnal.gov//store/mc/RunIISummer20UL16MiniAODv2/VBFToContinToZZTo2mu2nueJJ_TuneCP5_withDipoleRecoil_13TeV-phantom-pythia8/MINIAODSIM/106X_mcRun2_asymptotic_v17-v2/40000/E52EB10F-CF02-C648-A5C4-2013E9B6418E.root
12-Jan-2024 01:17:30 CET  Closed file root://cmsxrootd.fnal.gov//store/mc/RunIISummer20UL16MiniAODv2/VBFToContinToZZTo2mu2nueJJ_TuneCP5_withDipoleRecoil_13TeV-phantom-pythia8/MINIAODSIM/106X_mcRun2_asymptotic_v17-v2/40000/E52EB10F-CF02-C648-A5C4-2013E9B6418E.root
12-Jan-2024 01:17:30 CET  Initiating request to open file root://cmsxrootd.fnal.gov//store/mc/RunIISummer20UL16MiniAODv2/VBFToContinToZZTo2mu2nueJJ_TuneCP5_withDipoleRecoil_13TeV-phantom-pythia8/MINIAODSIM/106X_mcRun2_asymptotic_v17-v2/40000/08FEEA28-6A9D-FB49-B93F-9742AE15E930.root
%MSG-w XrdAdaptor:  file_open 12-Jan-2024 01:17:34 CET PostProcessEvent
Data is served from T2_US_Wisconsin instead of original site US-Regional-FNAL
%MSG
12-Jan-2024 01:17:34 CET  Successfully opened file root://cmsxrootd.fnal.gov//store/mc/RunIISummer20UL16MiniAODv2/VBFToContinToZZTo2mu2nueJJ_TuneCP5_withDipoleRecoil_13TeV-phantom-pythia8/MINIAODSIM/106X_mcRun2_asymptotic_v17-v2/40000/08FEEA28-6A9D-FB49-B93F-9742AE15E930.root
      0.000770      0.000000     -1.000000            -1
 
12-Jan-2024 01:17:38 CET  Closed file root://cmsxrootd.fnal.gov//store/mc/RunIISummer20UL16MiniAODv2/VBFToContinToZZTo2mu2nueJJ_TuneCP5_withDipoleRecoil_13TeV-phantom-pythia8/MINIAODSIM/106X_mcRun2_asymptotic_v17-v2/40000/08FEEA28-6A9D-FB49-B93F-9742AE15E930.root

------------------------------------
GenXsecAnalyzer:
------------------------------------
-------------------------------------------------------------------------------------------------------------------------------------------------------------------------- 
Overall cross-section summary 
--------------------------------------------------------------------------------------------------------------------------------------------------------------------------
Process		xsec_before [pb]		passed	nposw	nnegw	tried	nposw	nnegw 	xsec_match [pb]			accepted [%]	 event_eff [%]
0		7.699e-04 +/- 2.519e-07		0	0	0	0	0	0	0.000e+00 +/- 0.000e+00		-100.0 +/- -100.0	-100.0 +/- -100.0
-------------------------------------------------------------------------------------------------------------------------------------------------------------------------- 
Total		7.699e-04 +/- 2.519e-07		0	0	0	0	0	0	-7.699e-04 +/- 0.000e+00		-100.0 +/- -100.0	-100.0 +/- -100.0
--------------------------------------------------------------------------------------------------------------------------------------------------------------------------
Before matching: total cross section = 7.699e-04 +- 2.519e-07 pb
After matching: total cross section = -7.699e-04 +- 0.000e+00 pb
Matching efficiency = -1.0 +/- -1.0   [TO BE USED IN MCM]
Filter efficiency (taking into account weights)= (249934) / (249934) = 1.000e+00 +- 0.000e+00
Filter efficiency (event-level)= (249934) / (249934) = 1.000e+00 +- 0.000e+00    [TO BE USED IN MCM]

After filter: final cross section = 0.000e+00 +- 0.000e+00 pb
After filter: final fraction of events with negative weights = 0.000e+00 +- 0.000e+00
After filter: final equivalent lumi for 1M events (1/fb) = 0.000e+00 +- 0.000e+00

=============================================

MessageLogger Summary

 type     category        sev    module        subroutine        count    total
 ---- -------------------- -- ---------------- ----------------  -----    -----
    1 GenXSecAnalyzer      -w GenXSecAnalyzer:                      15       15
    2 XrdAdaptor           -w file_open                              8        8
    3 fileAction           -s file_close                             8        8
    4 fileAction           -s file_open                             16       16

 type    category    Examples: run/evt        run/evt          run/evt
 ---- -------------------- ---------------- ---------------- ----------------
    1 GenXSecAnalyzer      PostGlobalEndRun PostGlobalEndRun PostGlobalEndRun
    2 XrdAdaptor           pre-events       PostProcessEvent PostProcessEvent
    3 fileAction           PostProcessEvent PostProcessEvent PostGlobalEndRun
    4 fileAction           pre-events       pre-events       PostProcessEvent

Severity    # Occurrences   Total Occurrences
--------    -------------   -----------------
Warning                23                  23
System                 24                  24

dropped waiting message count 0
