12-Jan-2024 00:56:11 CET  Initiating request to open file root://cmsxrootd.fnal.gov//store/mc/RunIISummer20UL16MiniAODv2/VBFToContinToZZTo2e2muJJ_TuneCP5_withDipoleRecoil_13TeV-phantom-pythia8/MINIAODSIM/106X_mcRun2_asymptotic_v17-v1/40000/F2E921C8-707B-B748-B377-6584EE263D7F.root
Unable to load sec.protocol plugin libXrdSecztn.so
%MSG-w XrdAdaptor:  file_open 12-Jan-2024 00:56:15 CET pre-events
Data is served from fnal.gov instead of original site US-Regional-Nebraska
%MSG
12-Jan-2024 00:56:18 CET  Successfully opened file root://cmsxrootd.fnal.gov//store/mc/RunIISummer20UL16MiniAODv2/VBFToContinToZZTo2e2muJJ_TuneCP5_withDipoleRecoil_13TeV-phantom-pythia8/MINIAODSIM/106X_mcRun2_asymptotic_v17-v1/40000/F2E921C8-707B-B748-B377-6584EE263D7F.root
Unable to load sec.protocol plugin libXrdSecztn.so
Begin processing the 1st record. Run 1, Event 24003, LumiSection 25 on stream 0 at 12-Jan-2024 00:56:25.391 CET
12-Jan-2024 00:56:27 CET  Closed file root://cmsxrootd.fnal.gov//store/mc/RunIISummer20UL16MiniAODv2/VBFToContinToZZTo2e2muJJ_TuneCP5_withDipoleRecoil_13TeV-phantom-pythia8/MINIAODSIM/106X_mcRun2_asymptotic_v17-v1/40000/F2E921C8-707B-B748-B377-6584EE263D7F.root
12-Jan-2024 00:56:27 CET  Initiating request to open file root://cmsxrootd.fnal.gov//store/mc/RunIISummer20UL16MiniAODv2/VBFToContinToZZTo2e2muJJ_TuneCP5_withDipoleRecoil_13TeV-phantom-pythia8/MINIAODSIM/106X_mcRun2_asymptotic_v17-v1/40000/2DA76147-6765-5546-A920-1BAB4505F3F8.root
Unable to load sec.protocol plugin libXrdSecztn.so
%MSG-w XrdAdaptor:  file_open 12-Jan-2024 00:56:30 CET PostProcessEvent
Data is served from fnal.gov instead of original site US-Regional-Nebraska
%MSG
12-Jan-2024 00:56:30 CET  Successfully opened file root://cmsxrootd.fnal.gov//store/mc/RunIISummer20UL16MiniAODv2/VBFToContinToZZTo2e2muJJ_TuneCP5_withDipoleRecoil_13TeV-phantom-pythia8/MINIAODSIM/106X_mcRun2_asymptotic_v17-v1/40000/2DA76147-6765-5546-A920-1BAB4505F3F8.root
12-Jan-2024 00:56:39 CET  Closed file root://cmsxrootd.fnal.gov//store/mc/RunIISummer20UL16MiniAODv2/VBFToContinToZZTo2e2muJJ_TuneCP5_withDipoleRecoil_13TeV-phantom-pythia8/MINIAODSIM/106X_mcRun2_asymptotic_v17-v1/40000/2DA76147-6765-5546-A920-1BAB4505F3F8.root
12-Jan-2024 00:56:39 CET  Initiating request to open file root://cmsxrootd.fnal.gov//store/mc/RunIISummer20UL16MiniAODv2/VBFToContinToZZTo2e2muJJ_TuneCP5_withDipoleRecoil_13TeV-phantom-pythia8/MINIAODSIM/106X_mcRun2_asymptotic_v17-v1/40000/A08E9BD9-5763-784C-81C0-B80C2F25EEC7.root
%MSG-w XrdAdaptor:  file_open 12-Jan-2024 00:56:41 CET PostProcessEvent
Data is served from fnal.gov instead of original site US-Regional-Nebraska
%MSG
12-Jan-2024 00:56:42 CET  Successfully opened file root://cmsxrootd.fnal.gov//store/mc/RunIISummer20UL16MiniAODv2/VBFToContinToZZTo2e2muJJ_TuneCP5_withDipoleRecoil_13TeV-phantom-pythia8/MINIAODSIM/106X_mcRun2_asymptotic_v17-v1/40000/A08E9BD9-5763-784C-81C0-B80C2F25EEC7.root
Begin processing the 100001st record. Run 1, Event 482042, LumiSection 483 on stream 0 at 12-Jan-2024 00:56:54.709 CET
12-Jan-2024 00:56:55 CET  Closed file root://cmsxrootd.fnal.gov//store/mc/RunIISummer20UL16MiniAODv2/VBFToContinToZZTo2e2muJJ_TuneCP5_withDipoleRecoil_13TeV-phantom-pythia8/MINIAODSIM/106X_mcRun2_asymptotic_v17-v1/40000/A08E9BD9-5763-784C-81C0-B80C2F25EEC7.root
12-Jan-2024 00:56:55 CET  Initiating request to open file root://cmsxrootd.fnal.gov//store/mc/RunIISummer20UL16MiniAODv2/VBFToContinToZZTo2e2muJJ_TuneCP5_withDipoleRecoil_13TeV-phantom-pythia8/MINIAODSIM/106X_mcRun2_asymptotic_v17-v1/50000/E9560379-3D1A-304A-8C14-CBC7DA5AEABB.root
%MSG-w XrdAdaptor:  file_open 12-Jan-2024 00:56:57 CET PostProcessEvent
Data is served from fnal.gov instead of original site US-Regional-Nebraska
%MSG
12-Jan-2024 00:56:58 CET  Successfully opened file root://cmsxrootd.fnal.gov//store/mc/RunIISummer20UL16MiniAODv2/VBFToContinToZZTo2e2muJJ_TuneCP5_withDipoleRecoil_13TeV-phantom-pythia8/MINIAODSIM/106X_mcRun2_asymptotic_v17-v1/50000/E9560379-3D1A-304A-8C14-CBC7DA5AEABB.root
Unable to load sec.protocol plugin libXrdSecztn.so
12-Jan-2024 00:57:03 CET  Closed file root://cmsxrootd.fnal.gov//store/mc/RunIISummer20UL16MiniAODv2/VBFToContinToZZTo2e2muJJ_TuneCP5_withDipoleRecoil_13TeV-phantom-pythia8/MINIAODSIM/106X_mcRun2_asymptotic_v17-v1/50000/E9560379-3D1A-304A-8C14-CBC7DA5AEABB.root
12-Jan-2024 00:57:03 CET  Initiating request to open file root://cmsxrootd.fnal.gov//store/mc/RunIISummer20UL16MiniAODv2/VBFToContinToZZTo2e2muJJ_TuneCP5_withDipoleRecoil_13TeV-phantom-pythia8/MINIAODSIM/106X_mcRun2_asymptotic_v17-v1/2430000/44835FF9-3241-2348-A9F3-6409A9E19D21.root
%MSG-w XrdAdaptor:  file_open 12-Jan-2024 00:57:05 CET PostProcessEvent
Data is served from fnal.gov instead of original site US-Regional-Nebraska
%MSG
12-Jan-2024 00:57:06 CET  Successfully opened file root://cmsxrootd.fnal.gov//store/mc/RunIISummer20UL16MiniAODv2/VBFToContinToZZTo2e2muJJ_TuneCP5_withDipoleRecoil_13TeV-phantom-pythia8/MINIAODSIM/106X_mcRun2_asymptotic_v17-v1/2430000/44835FF9-3241-2348-A9F3-6409A9E19D21.root
Begin processing the 200001st record. Run 1, Event 364049, LumiSection 365 on stream 0 at 12-Jan-2024 00:57:12.976 CET
12-Jan-2024 00:57:13 CET  Closed file root://cmsxrootd.fnal.gov//store/mc/RunIISummer20UL16MiniAODv2/VBFToContinToZZTo2e2muJJ_TuneCP5_withDipoleRecoil_13TeV-phantom-pythia8/MINIAODSIM/106X_mcRun2_asymptotic_v17-v1/2430000/44835FF9-3241-2348-A9F3-6409A9E19D21.root
12-Jan-2024 00:57:13 CET  Initiating request to open file root://cmsxrootd.fnal.gov//store/mc/RunIISummer20UL16MiniAODv2/VBFToContinToZZTo2e2muJJ_TuneCP5_withDipoleRecoil_13TeV-phantom-pythia8/MINIAODSIM/106X_mcRun2_asymptotic_v17-v1/2430000/352ED3B1-CF6B-4143-9DF4-4C992E71899F.root
%MSG-w XrdAdaptor:  file_open 12-Jan-2024 00:57:15 CET PostProcessEvent
Data is served from fnal.gov instead of original site US-Regional-Nebraska
%MSG
12-Jan-2024 00:57:15 CET  Successfully opened file root://cmsxrootd.fnal.gov//store/mc/RunIISummer20UL16MiniAODv2/VBFToContinToZZTo2e2muJJ_TuneCP5_withDipoleRecoil_13TeV-phantom-pythia8/MINIAODSIM/106X_mcRun2_asymptotic_v17-v1/2430000/352ED3B1-CF6B-4143-9DF4-4C992E71899F.root
12-Jan-2024 00:57:25 CET  Closed file root://cmsxrootd.fnal.gov//store/mc/RunIISummer20UL16MiniAODv2/VBFToContinToZZTo2e2muJJ_TuneCP5_withDipoleRecoil_13TeV-phantom-pythia8/MINIAODSIM/106X_mcRun2_asymptotic_v17-v1/2430000/352ED3B1-CF6B-4143-9DF4-4C992E71899F.root
12-Jan-2024 00:57:25 CET  Initiating request to open file root://cmsxrootd.fnal.gov//store/mc/RunIISummer20UL16MiniAODv2/VBFToContinToZZTo2e2muJJ_TuneCP5_withDipoleRecoil_13TeV-phantom-pythia8/MINIAODSIM/106X_mcRun2_asymptotic_v17-v1/2430000/2D20F584-466C-CD4E-9AF9-F0934E52F4F3.root
%MSG-w XrdAdaptor:  file_open 12-Jan-2024 00:57:27 CET PostProcessEvent
Data is served from fnal.gov instead of original site US-Regional-Nebraska
%MSG
12-Jan-2024 00:57:28 CET  Successfully opened file root://cmsxrootd.fnal.gov//store/mc/RunIISummer20UL16MiniAODv2/VBFToContinToZZTo2e2muJJ_TuneCP5_withDipoleRecoil_13TeV-phantom-pythia8/MINIAODSIM/106X_mcRun2_asymptotic_v17-v1/2430000/2D20F584-466C-CD4E-9AF9-F0934E52F4F3.root
12-Jan-2024 00:57:42 CET  Closed file root://cmsxrootd.fnal.gov//store/mc/RunIISummer20UL16MiniAODv2/VBFToContinToZZTo2e2muJJ_TuneCP5_withDipoleRecoil_13TeV-phantom-pythia8/MINIAODSIM/106X_mcRun2_asymptotic_v17-v1/2430000/2D20F584-466C-CD4E-9AF9-F0934E52F4F3.root
12-Jan-2024 00:57:42 CET  Initiating request to open file root://cmsxrootd.fnal.gov//store/mc/RunIISummer20UL16MiniAODv2/VBFToContinToZZTo2e2muJJ_TuneCP5_withDipoleRecoil_13TeV-phantom-pythia8/MINIAODSIM/106X_mcRun2_asymptotic_v17-v1/2430000/29C123B6-D190-B340-BBE8-A9E301E45AA6.root
%MSG-w XrdAdaptor:  file_open 12-Jan-2024 00:57:44 CET PostProcessEvent
Data is served from fnal.gov instead of original site US-Regional-Nebraska
%MSG
12-Jan-2024 00:57:45 CET  Successfully opened file root://cmsxrootd.fnal.gov//store/mc/RunIISummer20UL16MiniAODv2/VBFToContinToZZTo2e2muJJ_TuneCP5_withDipoleRecoil_13TeV-phantom-pythia8/MINIAODSIM/106X_mcRun2_asymptotic_v17-v1/2430000/29C123B6-D190-B340-BBE8-A9E301E45AA6.root
Begin processing the 300001st record. Run 1, Event 98099, LumiSection 99 on stream 0 at 12-Jan-2024 00:57:50.683 CET
12-Jan-2024 00:57:51 CET  Closed file root://cmsxrootd.fnal.gov//store/mc/RunIISummer20UL16MiniAODv2/VBFToContinToZZTo2e2muJJ_TuneCP5_withDipoleRecoil_13TeV-phantom-pythia8/MINIAODSIM/106X_mcRun2_asymptotic_v17-v1/2430000/29C123B6-D190-B340-BBE8-A9E301E45AA6.root
12-Jan-2024 00:57:51 CET  Initiating request to open file root://cmsxrootd.fnal.gov//store/mc/RunIISummer20UL16MiniAODv2/VBFToContinToZZTo2e2muJJ_TuneCP5_withDipoleRecoil_13TeV-phantom-pythia8/MINIAODSIM/106X_mcRun2_asymptotic_v17-v1/2430000/B263D97F-A7A0-3A49-AEC6-F5A6E2219ED7.root
%MSG-w XrdAdaptor:  file_open 12-Jan-2024 00:57:53 CET PostProcessEvent
Data is served from fnal.gov instead of original site US-Regional-Nebraska
%MSG
12-Jan-2024 00:57:54 CET  Successfully opened file root://cmsxrootd.fnal.gov//store/mc/RunIISummer20UL16MiniAODv2/VBFToContinToZZTo2e2muJJ_TuneCP5_withDipoleRecoil_13TeV-phantom-pythia8/MINIAODSIM/106X_mcRun2_asymptotic_v17-v1/2430000/B263D97F-A7A0-3A49-AEC6-F5A6E2219ED7.root
12-Jan-2024 00:57:59 CET  Closed file root://cmsxrootd.fnal.gov//store/mc/RunIISummer20UL16MiniAODv2/VBFToContinToZZTo2e2muJJ_TuneCP5_withDipoleRecoil_13TeV-phantom-pythia8/MINIAODSIM/106X_mcRun2_asymptotic_v17-v1/2430000/B263D97F-A7A0-3A49-AEC6-F5A6E2219ED7.root
12-Jan-2024 00:57:59 CET  Initiating request to open file root://cmsxrootd.fnal.gov//store/mc/RunIISummer20UL16MiniAODv2/VBFToContinToZZTo2e2muJJ_TuneCP5_withDipoleRecoil_13TeV-phantom-pythia8/MINIAODSIM/106X_mcRun2_asymptotic_v17-v1/50000/D8BDC2B1-E3E0-2942-B574-A8F32A8C0AB3.root
%MSG-w XrdAdaptor:  file_open 12-Jan-2024 00:58:04 CET PostProcessEvent
Data is served from T2_US_Nebraska instead of original site US-Regional-Nebraska
%MSG
12-Jan-2024 00:58:04 CET  Successfully opened file root://cmsxrootd.fnal.gov//store/mc/RunIISummer20UL16MiniAODv2/VBFToContinToZZTo2e2muJJ_TuneCP5_withDipoleRecoil_13TeV-phantom-pythia8/MINIAODSIM/106X_mcRun2_asymptotic_v17-v1/50000/D8BDC2B1-E3E0-2942-B574-A8F32A8C0AB3.root
12-Jan-2024 00:58:09 CET  Closed file root://cmsxrootd.fnal.gov//store/mc/RunIISummer20UL16MiniAODv2/VBFToContinToZZTo2e2muJJ_TuneCP5_withDipoleRecoil_13TeV-phantom-pythia8/MINIAODSIM/106X_mcRun2_asymptotic_v17-v1/50000/D8BDC2B1-E3E0-2942-B574-A8F32A8C0AB3.root
12-Jan-2024 00:58:09 CET  Initiating request to open file root://cmsxrootd.fnal.gov//store/mc/RunIISummer20UL16MiniAODv2/VBFToContinToZZTo2e2muJJ_TuneCP5_withDipoleRecoil_13TeV-phantom-pythia8/MINIAODSIM/106X_mcRun2_asymptotic_v17-v1/50000/18DCAF9C-CDAC-5C41-8F66-3968E94602D2.root
%MSG-w XrdAdaptor:  file_open 12-Jan-2024 00:58:11 CET PostProcessEvent
Data is served from fnal.gov instead of original site US-Regional-Nebraska
%MSG
12-Jan-2024 00:58:12 CET  Successfully opened file root://cmsxrootd.fnal.gov//store/mc/RunIISummer20UL16MiniAODv2/VBFToContinToZZTo2e2muJJ_TuneCP5_withDipoleRecoil_13TeV-phantom-pythia8/MINIAODSIM/106X_mcRun2_asymptotic_v17-v1/50000/18DCAF9C-CDAC-5C41-8F66-3968E94602D2.root
Begin processing the 400001st record. Run 1, Event 459119, LumiSection 460 on stream 0 at 12-Jan-2024 00:58:21.243 CET
12-Jan-2024 00:58:21 CET  Closed file root://cmsxrootd.fnal.gov//store/mc/RunIISummer20UL16MiniAODv2/VBFToContinToZZTo2e2muJJ_TuneCP5_withDipoleRecoil_13TeV-phantom-pythia8/MINIAODSIM/106X_mcRun2_asymptotic_v17-v1/50000/18DCAF9C-CDAC-5C41-8F66-3968E94602D2.root
12-Jan-2024 00:58:21 CET  Initiating request to open file root://cmsxrootd.fnal.gov//store/mc/RunIISummer20UL16MiniAODv2/VBFToContinToZZTo2e2muJJ_TuneCP5_withDipoleRecoil_13TeV-phantom-pythia8/MINIAODSIM/106X_mcRun2_asymptotic_v17-v1/50000/DA4ABFE7-64A1-FC4F-948E-8B69DE59879E.root
%MSG-w XrdAdaptor:  file_open 12-Jan-2024 00:58:23 CET PostProcessEvent
Data is served from fnal.gov instead of original site US-Regional-Nebraska
%MSG
12-Jan-2024 00:58:24 CET  Successfully opened file root://cmsxrootd.fnal.gov//store/mc/RunIISummer20UL16MiniAODv2/VBFToContinToZZTo2e2muJJ_TuneCP5_withDipoleRecoil_13TeV-phantom-pythia8/MINIAODSIM/106X_mcRun2_asymptotic_v17-v1/50000/DA4ABFE7-64A1-FC4F-948E-8B69DE59879E.root
12-Jan-2024 00:58:32 CET  Closed file root://cmsxrootd.fnal.gov//store/mc/RunIISummer20UL16MiniAODv2/VBFToContinToZZTo2e2muJJ_TuneCP5_withDipoleRecoil_13TeV-phantom-pythia8/MINIAODSIM/106X_mcRun2_asymptotic_v17-v1/50000/DA4ABFE7-64A1-FC4F-948E-8B69DE59879E.root
12-Jan-2024 00:58:32 CET  Initiating request to open file root://cmsxrootd.fnal.gov//store/mc/RunIISummer20UL16MiniAODv2/VBFToContinToZZTo2e2muJJ_TuneCP5_withDipoleRecoil_13TeV-phantom-pythia8/MINIAODSIM/106X_mcRun2_asymptotic_v17-v1/50000/D12BD2CC-663E-AC43-87D2-38794455813E.root
%MSG-w XrdAdaptor:  file_open 12-Jan-2024 00:58:34 CET PostProcessEvent
Data is served from fnal.gov instead of original site US-Regional-Nebraska
%MSG
12-Jan-2024 00:58:34 CET  Successfully opened file root://cmsxrootd.fnal.gov//store/mc/RunIISummer20UL16MiniAODv2/VBFToContinToZZTo2e2muJJ_TuneCP5_withDipoleRecoil_13TeV-phantom-pythia8/MINIAODSIM/106X_mcRun2_asymptotic_v17-v1/50000/D12BD2CC-663E-AC43-87D2-38794455813E.root
12-Jan-2024 00:58:39 CET  Closed file root://cmsxrootd.fnal.gov//store/mc/RunIISummer20UL16MiniAODv2/VBFToContinToZZTo2e2muJJ_TuneCP5_withDipoleRecoil_13TeV-phantom-pythia8/MINIAODSIM/106X_mcRun2_asymptotic_v17-v1/50000/D12BD2CC-663E-AC43-87D2-38794455813E.root
12-Jan-2024 00:58:39 CET  Initiating request to open file root://cmsxrootd.fnal.gov//store/mc/RunIISummer20UL16MiniAODv2/VBFToContinToZZTo2e2muJJ_TuneCP5_withDipoleRecoil_13TeV-phantom-pythia8/MINIAODSIM/106X_mcRun2_asymptotic_v17-v1/50000/771F47F4-FE0E-6342-A0A2-734979F9EC7A.root
%MSG-w XrdAdaptor:  file_open 12-Jan-2024 00:58:41 CET PostProcessEvent
Data is served from fnal.gov instead of original site US-Regional-Nebraska
%MSG
12-Jan-2024 00:58:42 CET  Successfully opened file root://cmsxrootd.fnal.gov//store/mc/RunIISummer20UL16MiniAODv2/VBFToContinToZZTo2e2muJJ_TuneCP5_withDipoleRecoil_13TeV-phantom-pythia8/MINIAODSIM/106X_mcRun2_asymptotic_v17-v1/50000/771F47F4-FE0E-6342-A0A2-734979F9EC7A.root
12-Jan-2024 00:58:46 CET  Closed file root://cmsxrootd.fnal.gov//store/mc/RunIISummer20UL16MiniAODv2/VBFToContinToZZTo2e2muJJ_TuneCP5_withDipoleRecoil_13TeV-phantom-pythia8/MINIAODSIM/106X_mcRun2_asymptotic_v17-v1/50000/771F47F4-FE0E-6342-A0A2-734979F9EC7A.root
12-Jan-2024 00:58:46 CET  Initiating request to open file root://cmsxrootd.fnal.gov//store/mc/RunIISummer20UL16MiniAODv2/VBFToContinToZZTo2e2muJJ_TuneCP5_withDipoleRecoil_13TeV-phantom-pythia8/MINIAODSIM/106X_mcRun2_asymptotic_v17-v1/40000/9736596E-12C8-C24F-B7E4-590283B4D10E.root
%MSG-w XrdAdaptor:  file_open 12-Jan-2024 00:58:50 CET PostProcessEvent
Data is served from T2_US_Florida instead of original site US-Regional-Nebraska
%MSG
12-Jan-2024 00:58:51 CET  Successfully opened file root://cmsxrootd.fnal.gov//store/mc/RunIISummer20UL16MiniAODv2/VBFToContinToZZTo2e2muJJ_TuneCP5_withDipoleRecoil_13TeV-phantom-pythia8/MINIAODSIM/106X_mcRun2_asymptotic_v17-v1/40000/9736596E-12C8-C24F-B7E4-590283B4D10E.root
12-Jan-2024 00:58:56 CET  Closed file root://cmsxrootd.fnal.gov//store/mc/RunIISummer20UL16MiniAODv2/VBFToContinToZZTo2e2muJJ_TuneCP5_withDipoleRecoil_13TeV-phantom-pythia8/MINIAODSIM/106X_mcRun2_asymptotic_v17-v1/40000/9736596E-12C8-C24F-B7E4-590283B4D10E.root
12-Jan-2024 00:58:56 CET  Initiating request to open file root://cmsxrootd.fnal.gov//store/mc/RunIISummer20UL16MiniAODv2/VBFToContinToZZTo2e2muJJ_TuneCP5_withDipoleRecoil_13TeV-phantom-pythia8/MINIAODSIM/106X_mcRun2_asymptotic_v17-v1/50000/298AFDF9-DF00-0B46-8E8D-7D32F0A3142B.root
%MSG-w XrdAdaptor:  file_open 12-Jan-2024 00:58:58 CET PostProcessEvent
Data is served from fnal.gov instead of original site US-Regional-Nebraska
%MSG
12-Jan-2024 00:58:58 CET  Successfully opened file root://cmsxrootd.fnal.gov//store/mc/RunIISummer20UL16MiniAODv2/VBFToContinToZZTo2e2muJJ_TuneCP5_withDipoleRecoil_13TeV-phantom-pythia8/MINIAODSIM/106X_mcRun2_asymptotic_v17-v1/50000/298AFDF9-DF00-0B46-8E8D-7D32F0A3142B.root
      0.000634      0.000001     -1.000000            -1
 
12-Jan-2024 00:59:02 CET  Closed file root://cmsxrootd.fnal.gov//store/mc/RunIISummer20UL16MiniAODv2/VBFToContinToZZTo2e2muJJ_TuneCP5_withDipoleRecoil_13TeV-phantom-pythia8/MINIAODSIM/106X_mcRun2_asymptotic_v17-v1/50000/298AFDF9-DF00-0B46-8E8D-7D32F0A3142B.root

------------------------------------
GenXsecAnalyzer:
------------------------------------
-------------------------------------------------------------------------------------------------------------------------------------------------------------------------- 
Overall cross-section summary 
--------------------------------------------------------------------------------------------------------------------------------------------------------------------------
Process		xsec_before [pb]		passed	nposw	nnegw	tried	nposw	nnegw 	xsec_match [pb]			accepted [%]	 event_eff [%]
0		6.336e-04 +/- 9.601e-07		0	0	0	0	0	0	0.000e+00 +/- 0.000e+00		-100.0 +/- -100.0	-100.0 +/- -100.0
-------------------------------------------------------------------------------------------------------------------------------------------------------------------------- 
Total		6.336e-04 +/- 9.601e-07		0	0	0	0	0	0	-6.336e-04 +/- 0.000e+00		-100.0 +/- -100.0	-100.0 +/- -100.0
--------------------------------------------------------------------------------------------------------------------------------------------------------------------------
Before matching: total cross section = 6.336e-04 +- 9.601e-07 pb
After matching: total cross section = -6.336e-04 +- 0.000e+00 pb
Matching efficiency = -1.0 +/- -1.0   [TO BE USED IN MCM]
Filter efficiency (taking into account weights)= (499855) / (499855) = 1.000e+00 +- 0.000e+00
Filter efficiency (event-level)= (499855) / (499855) = 1.000e+00 +- 0.000e+00    [TO BE USED IN MCM]

After filter: final cross section = 0.000e+00 +- 0.000e+00 pb
After filter: final fraction of events with negative weights = 0.000e+00 +- 0.000e+00
After filter: final equivalent lumi for 1M events (1/fb) = 0.000e+00 +- 0.000e+00

=============================================

MessageLogger Summary

 type     category        sev    module        subroutine        count    total
 ---- -------------------- -- ---------------- ----------------  -----    -----
    1 GenXSecAnalyzer      -w GenXSecAnalyzer:                      15       15
    2 XrdAdaptor           -w file_open                             16       16
    3 fileAction           -s file_close                            16       16
    4 fileAction           -s file_open                             32       32

 type    category    Examples: run/evt        run/evt          run/evt
 ---- -------------------- ---------------- ---------------- ----------------
    1 GenXSecAnalyzer      PostGlobalEndRun PostGlobalEndRun PostGlobalEndRun
    2 XrdAdaptor           pre-events       PostProcessEvent PostProcessEvent
    3 fileAction           PostProcessEvent PostProcessEvent PostGlobalEndRun
    4 fileAction           pre-events       pre-events       PostProcessEvent

Severity    # Occurrences   Total Occurrences
--------    -------------   -----------------
Warning                31                  31
System                 48                  48

dropped waiting message count 0
