05-Oct-2023 02:53:44 CEST  Initiating request to open file root://eospublic.cern.ch//eos/opendata/cms/mc/RunIIFall15MiniAODv2/DYJetsToNuNu_BGenFilter_Zpt-40toInf_TuneCUETP8M1_13TeV-madgraphMLM-pythia8/MINIAODSIM/PU25nsData2015v1_76X_mcRun2_asymptotic_v12-v3/50000/02FDBF3D-B222-E611-A626-A0000420FE80.root
%MSG-w XrdAdaptor:  file_open 05-Oct-2023 02:53:45 CEST pre-events
Data is served from cern.ch instead of original site eospublic
%MSG
05-Oct-2023 02:53:46 CEST  Successfully opened file root://eospublic.cern.ch//eos/opendata/cms/mc/RunIIFall15MiniAODv2/DYJetsToNuNu_BGenFilter_Zpt-40toInf_TuneCUETP8M1_13TeV-madgraphMLM-pythia8/MINIAODSIM/PU25nsData2015v1_76X_mcRun2_asymptotic_v12-v3/50000/02FDBF3D-B222-E611-A626-A0000420FE80.root
Begin processing the 1st record. Run 1, Event 1203815, LumiSection 952 at 05-Oct-2023 02:53:47.530 CEST
05-Oct-2023 02:53:50 CEST  Closed file root://eospublic.cern.ch//eos/opendata/cms/mc/RunIIFall15MiniAODv2/DYJetsToNuNu_BGenFilter_Zpt-40toInf_TuneCUETP8M1_13TeV-madgraphMLM-pythia8/MINIAODSIM/PU25nsData2015v1_76X_mcRun2_asymptotic_v12-v3/50000/02FDBF3D-B222-E611-A626-A0000420FE80.root
05-Oct-2023 02:53:50 CEST  Initiating request to open file root://eospublic.cern.ch//eos/opendata/cms/mc/RunIIFall15MiniAODv2/DYJetsToNuNu_BGenFilter_Zpt-40toInf_TuneCUETP8M1_13TeV-madgraphMLM-pythia8/MINIAODSIM/PU25nsData2015v1_76X_mcRun2_asymptotic_v12-v3/50000/0A47C612-B222-E611-8EB9-20CF3019DF0C.root
%MSG-w XrdAdaptor:  file_open 05-Oct-2023 02:53:50 CEST PostProcessEvent
Data is served from cern.ch instead of original site eospublic
%MSG
05-Oct-2023 02:53:50 CEST  Successfully opened file root://eospublic.cern.ch//eos/opendata/cms/mc/RunIIFall15MiniAODv2/DYJetsToNuNu_BGenFilter_Zpt-40toInf_TuneCUETP8M1_13TeV-madgraphMLM-pythia8/MINIAODSIM/PU25nsData2015v1_76X_mcRun2_asymptotic_v12-v3/50000/0A47C612-B222-E611-8EB9-20CF3019DF0C.root
05-Oct-2023 02:53:53 CEST  Closed file root://eospublic.cern.ch//eos/opendata/cms/mc/RunIIFall15MiniAODv2/DYJetsToNuNu_BGenFilter_Zpt-40toInf_TuneCUETP8M1_13TeV-madgraphMLM-pythia8/MINIAODSIM/PU25nsData2015v1_76X_mcRun2_asymptotic_v12-v3/50000/0A47C612-B222-E611-8EB9-20CF3019DF0C.root
05-Oct-2023 02:53:53 CEST  Initiating request to open file root://eospublic.cern.ch//eos/opendata/cms/mc/RunIIFall15MiniAODv2/DYJetsToNuNu_BGenFilter_Zpt-40toInf_TuneCUETP8M1_13TeV-madgraphMLM-pythia8/MINIAODSIM/PU25nsData2015v1_76X_mcRun2_asymptotic_v12-v3/50000/0E1EC33F-B222-E611-B72A-0CC47A4D7616.root
%MSG-w XrdAdaptor:  file_open 05-Oct-2023 02:53:53 CEST PostProcessEvent
Data is served from cern.ch instead of original site eospublic
%MSG
05-Oct-2023 02:53:53 CEST  Successfully opened file root://eospublic.cern.ch//eos/opendata/cms/mc/RunIIFall15MiniAODv2/DYJetsToNuNu_BGenFilter_Zpt-40toInf_TuneCUETP8M1_13TeV-madgraphMLM-pythia8/MINIAODSIM/PU25nsData2015v1_76X_mcRun2_asymptotic_v12-v3/50000/0E1EC33F-B222-E611-B72A-0CC47A4D7616.root
Begin processing the 100001st record. Run 1, Event 690261, LumiSection 545 at 05-Oct-2023 02:53:54.960 CEST
05-Oct-2023 02:53:56 CEST  Closed file root://eospublic.cern.ch//eos/opendata/cms/mc/RunIIFall15MiniAODv2/DYJetsToNuNu_BGenFilter_Zpt-40toInf_TuneCUETP8M1_13TeV-madgraphMLM-pythia8/MINIAODSIM/PU25nsData2015v1_76X_mcRun2_asymptotic_v12-v3/50000/0E1EC33F-B222-E611-B72A-0CC47A4D7616.root
05-Oct-2023 02:53:56 CEST  Initiating request to open file root://eospublic.cern.ch//eos/opendata/cms/mc/RunIIFall15MiniAODv2/DYJetsToNuNu_BGenFilter_Zpt-40toInf_TuneCUETP8M1_13TeV-madgraphMLM-pythia8/MINIAODSIM/PU25nsData2015v1_76X_mcRun2_asymptotic_v12-v3/50000/0E9A1120-B222-E611-BA8F-A0000420FE80.root
%MSG-w XrdAdaptor:  file_open 05-Oct-2023 02:53:57 CEST PostProcessEvent
Data is served from cern.ch instead of original site eospublic
%MSG
05-Oct-2023 02:53:57 CEST  Successfully opened file root://eospublic.cern.ch//eos/opendata/cms/mc/RunIIFall15MiniAODv2/DYJetsToNuNu_BGenFilter_Zpt-40toInf_TuneCUETP8M1_13TeV-madgraphMLM-pythia8/MINIAODSIM/PU25nsData2015v1_76X_mcRun2_asymptotic_v12-v3/50000/0E9A1120-B222-E611-BA8F-A0000420FE80.root
05-Oct-2023 02:54:00 CEST  Closed file root://eospublic.cern.ch//eos/opendata/cms/mc/RunIIFall15MiniAODv2/DYJetsToNuNu_BGenFilter_Zpt-40toInf_TuneCUETP8M1_13TeV-madgraphMLM-pythia8/MINIAODSIM/PU25nsData2015v1_76X_mcRun2_asymptotic_v12-v3/50000/0E9A1120-B222-E611-BA8F-A0000420FE80.root
05-Oct-2023 02:54:00 CEST  Initiating request to open file root://eospublic.cern.ch//eos/opendata/cms/mc/RunIIFall15MiniAODv2/DYJetsToNuNu_BGenFilter_Zpt-40toInf_TuneCUETP8M1_13TeV-madgraphMLM-pythia8/MINIAODSIM/PU25nsData2015v1_76X_mcRun2_asymptotic_v12-v3/50000/18C5731F-B222-E611-A097-0CC47A4C8E2E.root
%MSG-w XrdAdaptor:  file_open 05-Oct-2023 02:54:00 CEST PostProcessEvent
Data is served from cern.ch instead of original site eospublic
%MSG
05-Oct-2023 02:54:00 CEST  Successfully opened file root://eospublic.cern.ch//eos/opendata/cms/mc/RunIIFall15MiniAODv2/DYJetsToNuNu_BGenFilter_Zpt-40toInf_TuneCUETP8M1_13TeV-madgraphMLM-pythia8/MINIAODSIM/PU25nsData2015v1_76X_mcRun2_asymptotic_v12-v3/50000/18C5731F-B222-E611-A097-0CC47A4C8E2E.root
Begin processing the 200001st record. Run 1, Event 7403426, LumiSection 5849 at 05-Oct-2023 02:54:02.069 CEST
05-Oct-2023 02:54:03 CEST  Closed file root://eospublic.cern.ch//eos/opendata/cms/mc/RunIIFall15MiniAODv2/DYJetsToNuNu_BGenFilter_Zpt-40toInf_TuneCUETP8M1_13TeV-madgraphMLM-pythia8/MINIAODSIM/PU25nsData2015v1_76X_mcRun2_asymptotic_v12-v3/50000/18C5731F-B222-E611-A097-0CC47A4C8E2E.root
05-Oct-2023 02:54:03 CEST  Initiating request to open file root://eospublic.cern.ch//eos/opendata/cms/mc/RunIIFall15MiniAODv2/DYJetsToNuNu_BGenFilter_Zpt-40toInf_TuneCUETP8M1_13TeV-madgraphMLM-pythia8/MINIAODSIM/PU25nsData2015v1_76X_mcRun2_asymptotic_v12-v3/50000/209527BB-B222-E611-AFCA-5065F3818281.root
%MSG-w XrdAdaptor:  file_open 05-Oct-2023 02:54:03 CEST PostProcessEvent
Data is served from cern.ch instead of original site eospublic
%MSG
05-Oct-2023 02:54:03 CEST  Successfully opened file root://eospublic.cern.ch//eos/opendata/cms/mc/RunIIFall15MiniAODv2/DYJetsToNuNu_BGenFilter_Zpt-40toInf_TuneCUETP8M1_13TeV-madgraphMLM-pythia8/MINIAODSIM/PU25nsData2015v1_76X_mcRun2_asymptotic_v12-v3/50000/209527BB-B222-E611-AFCA-5065F3818281.root
05-Oct-2023 02:54:06 CEST  Closed file root://eospublic.cern.ch//eos/opendata/cms/mc/RunIIFall15MiniAODv2/DYJetsToNuNu_BGenFilter_Zpt-40toInf_TuneCUETP8M1_13TeV-madgraphMLM-pythia8/MINIAODSIM/PU25nsData2015v1_76X_mcRun2_asymptotic_v12-v3/50000/209527BB-B222-E611-AFCA-5065F3818281.root
05-Oct-2023 02:54:06 CEST  Initiating request to open file root://eospublic.cern.ch//eos/opendata/cms/mc/RunIIFall15MiniAODv2/DYJetsToNuNu_BGenFilter_Zpt-40toInf_TuneCUETP8M1_13TeV-madgraphMLM-pythia8/MINIAODSIM/PU25nsData2015v1_76X_mcRun2_asymptotic_v12-v3/50000/242DDB39-B222-E611-93D3-0CC47A4D7634.root
%MSG-w XrdAdaptor:  file_open 05-Oct-2023 02:54:06 CEST PostProcessEvent
Data is served from cern.ch instead of original site eospublic
%MSG
05-Oct-2023 02:54:06 CEST  Successfully opened file root://eospublic.cern.ch//eos/opendata/cms/mc/RunIIFall15MiniAODv2/DYJetsToNuNu_BGenFilter_Zpt-40toInf_TuneCUETP8M1_13TeV-madgraphMLM-pythia8/MINIAODSIM/PU25nsData2015v1_76X_mcRun2_asymptotic_v12-v3/50000/242DDB39-B222-E611-93D3-0CC47A4D7634.root
Begin processing the 300001st record. Run 1, Event 7192671, LumiSection 5683 at 05-Oct-2023 02:54:09.262 CEST
05-Oct-2023 02:54:09 CEST  Closed file root://eospublic.cern.ch//eos/opendata/cms/mc/RunIIFall15MiniAODv2/DYJetsToNuNu_BGenFilter_Zpt-40toInf_TuneCUETP8M1_13TeV-madgraphMLM-pythia8/MINIAODSIM/PU25nsData2015v1_76X_mcRun2_asymptotic_v12-v3/50000/242DDB39-B222-E611-93D3-0CC47A4D7634.root
05-Oct-2023 02:54:09 CEST  Initiating request to open file root://eospublic.cern.ch//eos/opendata/cms/mc/RunIIFall15MiniAODv2/DYJetsToNuNu_BGenFilter_Zpt-40toInf_TuneCUETP8M1_13TeV-madgraphMLM-pythia8/MINIAODSIM/PU25nsData2015v1_76X_mcRun2_asymptotic_v12-v3/50000/28E0AF1B-B322-E611-AD5B-002590200970.root
%MSG-w XrdAdaptor:  file_open 05-Oct-2023 02:54:09 CEST PostProcessEvent
Data is served from cern.ch instead of original site eospublic
%MSG
05-Oct-2023 02:54:09 CEST  Successfully opened file root://eospublic.cern.ch//eos/opendata/cms/mc/RunIIFall15MiniAODv2/DYJetsToNuNu_BGenFilter_Zpt-40toInf_TuneCUETP8M1_13TeV-madgraphMLM-pythia8/MINIAODSIM/PU25nsData2015v1_76X_mcRun2_asymptotic_v12-v3/50000/28E0AF1B-B322-E611-AD5B-002590200970.root
05-Oct-2023 02:54:13 CEST  Closed file root://eospublic.cern.ch//eos/opendata/cms/mc/RunIIFall15MiniAODv2/DYJetsToNuNu_BGenFilter_Zpt-40toInf_TuneCUETP8M1_13TeV-madgraphMLM-pythia8/MINIAODSIM/PU25nsData2015v1_76X_mcRun2_asymptotic_v12-v3/50000/28E0AF1B-B322-E611-AD5B-002590200970.root
05-Oct-2023 02:54:13 CEST  Initiating request to open file root://eospublic.cern.ch//eos/opendata/cms/mc/RunIIFall15MiniAODv2/DYJetsToNuNu_BGenFilter_Zpt-40toInf_TuneCUETP8M1_13TeV-madgraphMLM-pythia8/MINIAODSIM/PU25nsData2015v1_76X_mcRun2_asymptotic_v12-v3/50000/2A43F45E-B222-E611-802B-002590A80DEA.root
%MSG-w XrdAdaptor:  file_open 05-Oct-2023 02:54:13 CEST PostProcessEvent
Data is served from cern.ch instead of original site eospublic
%MSG
05-Oct-2023 02:54:13 CEST  Successfully opened file root://eospublic.cern.ch//eos/opendata/cms/mc/RunIIFall15MiniAODv2/DYJetsToNuNu_BGenFilter_Zpt-40toInf_TuneCUETP8M1_13TeV-madgraphMLM-pythia8/MINIAODSIM/PU25nsData2015v1_76X_mcRun2_asymptotic_v12-v3/50000/2A43F45E-B222-E611-802B-002590A80DEA.root
05-Oct-2023 02:54:16 CEST  Closed file root://eospublic.cern.ch//eos/opendata/cms/mc/RunIIFall15MiniAODv2/DYJetsToNuNu_BGenFilter_Zpt-40toInf_TuneCUETP8M1_13TeV-madgraphMLM-pythia8/MINIAODSIM/PU25nsData2015v1_76X_mcRun2_asymptotic_v12-v3/50000/2A43F45E-B222-E611-802B-002590A80DEA.root
05-Oct-2023 02:54:16 CEST  Initiating request to open file root://eospublic.cern.ch//eos/opendata/cms/mc/RunIIFall15MiniAODv2/DYJetsToNuNu_BGenFilter_Zpt-40toInf_TuneCUETP8M1_13TeV-madgraphMLM-pythia8/MINIAODSIM/PU25nsData2015v1_76X_mcRun2_asymptotic_v12-v3/50000/40675121-B322-E611-A8BC-0002C94CD9E2.root
%MSG-w XrdAdaptor:  file_open 05-Oct-2023 02:54:16 CEST PostProcessEvent
Data is served from cern.ch instead of original site eospublic
%MSG
05-Oct-2023 02:54:16 CEST  Successfully opened file root://eospublic.cern.ch//eos/opendata/cms/mc/RunIIFall15MiniAODv2/DYJetsToNuNu_BGenFilter_Zpt-40toInf_TuneCUETP8M1_13TeV-madgraphMLM-pythia8/MINIAODSIM/PU25nsData2015v1_76X_mcRun2_asymptotic_v12-v3/50000/40675121-B322-E611-A8BC-0002C94CD9E2.root
Begin processing the 400001st record. Run 1, Event 6599917, LumiSection 5214 at 05-Oct-2023 02:54:17.444 CEST
05-Oct-2023 02:54:19 CEST  Closed file root://eospublic.cern.ch//eos/opendata/cms/mc/RunIIFall15MiniAODv2/DYJetsToNuNu_BGenFilter_Zpt-40toInf_TuneCUETP8M1_13TeV-madgraphMLM-pythia8/MINIAODSIM/PU25nsData2015v1_76X_mcRun2_asymptotic_v12-v3/50000/40675121-B322-E611-A8BC-0002C94CD9E2.root
05-Oct-2023 02:54:19 CEST  Initiating request to open file root://eospublic.cern.ch//eos/opendata/cms/mc/RunIIFall15MiniAODv2/DYJetsToNuNu_BGenFilter_Zpt-40toInf_TuneCUETP8M1_13TeV-madgraphMLM-pythia8/MINIAODSIM/PU25nsData2015v1_76X_mcRun2_asymptotic_v12-v3/50000/5098AA0A-E922-E611-BCBD-003048F5970A.root
%MSG-w XrdAdaptor:  file_open 05-Oct-2023 02:54:19 CEST PostProcessEvent
Data is served from cern.ch instead of original site eospublic
%MSG
05-Oct-2023 02:54:19 CEST  Successfully opened file root://eospublic.cern.ch//eos/opendata/cms/mc/RunIIFall15MiniAODv2/DYJetsToNuNu_BGenFilter_Zpt-40toInf_TuneCUETP8M1_13TeV-madgraphMLM-pythia8/MINIAODSIM/PU25nsData2015v1_76X_mcRun2_asymptotic_v12-v3/50000/5098AA0A-E922-E611-BCBD-003048F5970A.root
05-Oct-2023 02:54:20 CEST  Closed file root://eospublic.cern.ch//eos/opendata/cms/mc/RunIIFall15MiniAODv2/DYJetsToNuNu_BGenFilter_Zpt-40toInf_TuneCUETP8M1_13TeV-madgraphMLM-pythia8/MINIAODSIM/PU25nsData2015v1_76X_mcRun2_asymptotic_v12-v3/50000/5098AA0A-E922-E611-BCBD-003048F5970A.root
05-Oct-2023 02:54:20 CEST  Initiating request to open file root://eospublic.cern.ch//eos/opendata/cms/mc/RunIIFall15MiniAODv2/DYJetsToNuNu_BGenFilter_Zpt-40toInf_TuneCUETP8M1_13TeV-madgraphMLM-pythia8/MINIAODSIM/PU25nsData2015v1_76X_mcRun2_asymptotic_v12-v3/50000/647E1302-E922-E611-AE95-A0369F7FC974.root
%MSG-w XrdAdaptor:  file_open 05-Oct-2023 02:54:20 CEST PostProcessEvent
Data is served from cern.ch instead of original site eospublic
%MSG
05-Oct-2023 02:54:20 CEST  Successfully opened file root://eospublic.cern.ch//eos/opendata/cms/mc/RunIIFall15MiniAODv2/DYJetsToNuNu_BGenFilter_Zpt-40toInf_TuneCUETP8M1_13TeV-madgraphMLM-pythia8/MINIAODSIM/PU25nsData2015v1_76X_mcRun2_asymptotic_v12-v3/50000/647E1302-E922-E611-AE95-A0369F7FC974.root
05-Oct-2023 02:54:21 CEST  Closed file root://eospublic.cern.ch//eos/opendata/cms/mc/RunIIFall15MiniAODv2/DYJetsToNuNu_BGenFilter_Zpt-40toInf_TuneCUETP8M1_13TeV-madgraphMLM-pythia8/MINIAODSIM/PU25nsData2015v1_76X_mcRun2_asymptotic_v12-v3/50000/647E1302-E922-E611-AE95-A0369F7FC974.root
05-Oct-2023 02:54:21 CEST  Initiating request to open file root://eospublic.cern.ch//eos/opendata/cms/mc/RunIIFall15MiniAODv2/DYJetsToNuNu_BGenFilter_Zpt-40toInf_TuneCUETP8M1_13TeV-madgraphMLM-pythia8/MINIAODSIM/PU25nsData2015v1_76X_mcRun2_asymptotic_v12-v3/50000/64F94866-E822-E611-808F-0022195E69EF.root
%MSG-w XrdAdaptor:  file_open 05-Oct-2023 02:54:21 CEST PostProcessEvent
Data is served from cern.ch instead of original site eospublic
%MSG
05-Oct-2023 02:54:21 CEST  Successfully opened file root://eospublic.cern.ch//eos/opendata/cms/mc/RunIIFall15MiniAODv2/DYJetsToNuNu_BGenFilter_Zpt-40toInf_TuneCUETP8M1_13TeV-madgraphMLM-pythia8/MINIAODSIM/PU25nsData2015v1_76X_mcRun2_asymptotic_v12-v3/50000/64F94866-E822-E611-808F-0022195E69EF.root
05-Oct-2023 02:54:22 CEST  Closed file root://eospublic.cern.ch//eos/opendata/cms/mc/RunIIFall15MiniAODv2/DYJetsToNuNu_BGenFilter_Zpt-40toInf_TuneCUETP8M1_13TeV-madgraphMLM-pythia8/MINIAODSIM/PU25nsData2015v1_76X_mcRun2_asymptotic_v12-v3/50000/64F94866-E822-E611-808F-0022195E69EF.root
05-Oct-2023 02:54:22 CEST  Initiating request to open file root://eospublic.cern.ch//eos/opendata/cms/mc/RunIIFall15MiniAODv2/DYJetsToNuNu_BGenFilter_Zpt-40toInf_TuneCUETP8M1_13TeV-madgraphMLM-pythia8/MINIAODSIM/PU25nsData2015v1_76X_mcRun2_asymptotic_v12-v3/50000/6841B5CF-B222-E611-8A38-F04DA23BCE4C.root
%MSG-w XrdAdaptor:  file_open 05-Oct-2023 02:54:22 CEST PostProcessEvent
Data is served from cern.ch instead of original site eospublic
%MSG
05-Oct-2023 02:54:22 CEST  Successfully opened file root://eospublic.cern.ch//eos/opendata/cms/mc/RunIIFall15MiniAODv2/DYJetsToNuNu_BGenFilter_Zpt-40toInf_TuneCUETP8M1_13TeV-madgraphMLM-pythia8/MINIAODSIM/PU25nsData2015v1_76X_mcRun2_asymptotic_v12-v3/50000/6841B5CF-B222-E611-8A38-F04DA23BCE4C.root
Begin processing the 500001st record. Run 1, Event 4681218, LumiSection 3698 at 05-Oct-2023 02:54:26.092 CEST
05-Oct-2023 02:54:26 CEST  Closed file root://eospublic.cern.ch//eos/opendata/cms/mc/RunIIFall15MiniAODv2/DYJetsToNuNu_BGenFilter_Zpt-40toInf_TuneCUETP8M1_13TeV-madgraphMLM-pythia8/MINIAODSIM/PU25nsData2015v1_76X_mcRun2_asymptotic_v12-v3/50000/6841B5CF-B222-E611-8A38-F04DA23BCE4C.root
05-Oct-2023 02:54:26 CEST  Initiating request to open file root://eospublic.cern.ch//eos/opendata/cms/mc/RunIIFall15MiniAODv2/DYJetsToNuNu_BGenFilter_Zpt-40toInf_TuneCUETP8M1_13TeV-madgraphMLM-pythia8/MINIAODSIM/PU25nsData2015v1_76X_mcRun2_asymptotic_v12-v3/50000/6C73C31D-B222-E611-AB8C-002590200970.root
%MSG-w XrdAdaptor:  file_open 05-Oct-2023 02:54:26 CEST PostProcessEvent
Data is served from cern.ch instead of original site eospublic
%MSG
05-Oct-2023 02:54:26 CEST  Successfully opened file root://eospublic.cern.ch//eos/opendata/cms/mc/RunIIFall15MiniAODv2/DYJetsToNuNu_BGenFilter_Zpt-40toInf_TuneCUETP8M1_13TeV-madgraphMLM-pythia8/MINIAODSIM/PU25nsData2015v1_76X_mcRun2_asymptotic_v12-v3/50000/6C73C31D-B222-E611-AB8C-002590200970.root
05-Oct-2023 02:54:28 CEST  Closed file root://eospublic.cern.ch//eos/opendata/cms/mc/RunIIFall15MiniAODv2/DYJetsToNuNu_BGenFilter_Zpt-40toInf_TuneCUETP8M1_13TeV-madgraphMLM-pythia8/MINIAODSIM/PU25nsData2015v1_76X_mcRun2_asymptotic_v12-v3/50000/6C73C31D-B222-E611-AB8C-002590200970.root
05-Oct-2023 02:54:28 CEST  Initiating request to open file root://eospublic.cern.ch//eos/opendata/cms/mc/RunIIFall15MiniAODv2/DYJetsToNuNu_BGenFilter_Zpt-40toInf_TuneCUETP8M1_13TeV-madgraphMLM-pythia8/MINIAODSIM/PU25nsData2015v1_76X_mcRun2_asymptotic_v12-v3/50000/7E3B1E1F-B322-E611-819D-0002C94CD048.root
%MSG-w XrdAdaptor:  file_open 05-Oct-2023 02:54:28 CEST PostProcessEvent
Data is served from cern.ch instead of original site eospublic
%MSG
05-Oct-2023 02:54:28 CEST  Successfully opened file root://eospublic.cern.ch//eos/opendata/cms/mc/RunIIFall15MiniAODv2/DYJetsToNuNu_BGenFilter_Zpt-40toInf_TuneCUETP8M1_13TeV-madgraphMLM-pythia8/MINIAODSIM/PU25nsData2015v1_76X_mcRun2_asymptotic_v12-v3/50000/7E3B1E1F-B322-E611-819D-0002C94CD048.root
05-Oct-2023 02:54:31 CEST  Closed file root://eospublic.cern.ch//eos/opendata/cms/mc/RunIIFall15MiniAODv2/DYJetsToNuNu_BGenFilter_Zpt-40toInf_TuneCUETP8M1_13TeV-madgraphMLM-pythia8/MINIAODSIM/PU25nsData2015v1_76X_mcRun2_asymptotic_v12-v3/50000/7E3B1E1F-B322-E611-819D-0002C94CD048.root
05-Oct-2023 02:54:31 CEST  Initiating request to open file root://eospublic.cern.ch//eos/opendata/cms/mc/RunIIFall15MiniAODv2/DYJetsToNuNu_BGenFilter_Zpt-40toInf_TuneCUETP8M1_13TeV-madgraphMLM-pythia8/MINIAODSIM/PU25nsData2015v1_76X_mcRun2_asymptotic_v12-v3/50000/84D9C240-F322-E611-850C-02163E015D84.root
%MSG-w XrdAdaptor:  file_open 05-Oct-2023 02:54:32 CEST PostProcessEvent
Data is served from cern.ch instead of original site eospublic
%MSG
05-Oct-2023 02:54:32 CEST  Successfully opened file root://eospublic.cern.ch//eos/opendata/cms/mc/RunIIFall15MiniAODv2/DYJetsToNuNu_BGenFilter_Zpt-40toInf_TuneCUETP8M1_13TeV-madgraphMLM-pythia8/MINIAODSIM/PU25nsData2015v1_76X_mcRun2_asymptotic_v12-v3/50000/84D9C240-F322-E611-850C-02163E015D84.root
05-Oct-2023 02:54:32 CEST  Closed file root://eospublic.cern.ch//eos/opendata/cms/mc/RunIIFall15MiniAODv2/DYJetsToNuNu_BGenFilter_Zpt-40toInf_TuneCUETP8M1_13TeV-madgraphMLM-pythia8/MINIAODSIM/PU25nsData2015v1_76X_mcRun2_asymptotic_v12-v3/50000/84D9C240-F322-E611-850C-02163E015D84.root
05-Oct-2023 02:54:32 CEST  Initiating request to open file root://eospublic.cern.ch//eos/opendata/cms/mc/RunIIFall15MiniAODv2/DYJetsToNuNu_BGenFilter_Zpt-40toInf_TuneCUETP8M1_13TeV-madgraphMLM-pythia8/MINIAODSIM/PU25nsData2015v1_76X_mcRun2_asymptotic_v12-v3/50000/9A0CEE17-E922-E611-90FF-1CB72C1B2D88.root
%MSG-w XrdAdaptor:  file_open 05-Oct-2023 02:54:32 CEST PostProcessEvent
Data is served from cern.ch instead of original site eospublic
%MSG
05-Oct-2023 02:54:33 CEST  Successfully opened file root://eospublic.cern.ch//eos/opendata/cms/mc/RunIIFall15MiniAODv2/DYJetsToNuNu_BGenFilter_Zpt-40toInf_TuneCUETP8M1_13TeV-madgraphMLM-pythia8/MINIAODSIM/PU25nsData2015v1_76X_mcRun2_asymptotic_v12-v3/50000/9A0CEE17-E922-E611-90FF-1CB72C1B2D88.root
05-Oct-2023 02:54:33 CEST  Closed file root://eospublic.cern.ch//eos/opendata/cms/mc/RunIIFall15MiniAODv2/DYJetsToNuNu_BGenFilter_Zpt-40toInf_TuneCUETP8M1_13TeV-madgraphMLM-pythia8/MINIAODSIM/PU25nsData2015v1_76X_mcRun2_asymptotic_v12-v3/50000/9A0CEE17-E922-E611-90FF-1CB72C1B2D88.root
05-Oct-2023 02:54:33 CEST  Initiating request to open file root://eospublic.cern.ch//eos/opendata/cms/mc/RunIIFall15MiniAODv2/DYJetsToNuNu_BGenFilter_Zpt-40toInf_TuneCUETP8M1_13TeV-madgraphMLM-pythia8/MINIAODSIM/PU25nsData2015v1_76X_mcRun2_asymptotic_v12-v3/50000/9ADEEF11-B222-E611-BE2B-0CC47A78A2EC.root
%MSG-w XrdAdaptor:  file_open 05-Oct-2023 02:54:33 CEST PostProcessEvent
Data is served from cern.ch instead of original site eospublic
%MSG
05-Oct-2023 02:54:33 CEST  Successfully opened file root://eospublic.cern.ch//eos/opendata/cms/mc/RunIIFall15MiniAODv2/DYJetsToNuNu_BGenFilter_Zpt-40toInf_TuneCUETP8M1_13TeV-madgraphMLM-pythia8/MINIAODSIM/PU25nsData2015v1_76X_mcRun2_asymptotic_v12-v3/50000/9ADEEF11-B222-E611-BE2B-0CC47A78A2EC.root
Begin processing the 600001st record. Run 1, Event 3957138, LumiSection 3126 at 05-Oct-2023 02:54:35.632 CEST
05-Oct-2023 02:54:37 CEST  Closed file root://eospublic.cern.ch//eos/opendata/cms/mc/RunIIFall15MiniAODv2/DYJetsToNuNu_BGenFilter_Zpt-40toInf_TuneCUETP8M1_13TeV-madgraphMLM-pythia8/MINIAODSIM/PU25nsData2015v1_76X_mcRun2_asymptotic_v12-v3/50000/9ADEEF11-B222-E611-BE2B-0CC47A78A2EC.root
05-Oct-2023 02:54:37 CEST  Initiating request to open file root://eospublic.cern.ch//eos/opendata/cms/mc/RunIIFall15MiniAODv2/DYJetsToNuNu_BGenFilter_Zpt-40toInf_TuneCUETP8M1_13TeV-madgraphMLM-pythia8/MINIAODSIM/PU25nsData2015v1_76X_mcRun2_asymptotic_v12-v3/50000/9C4FD1F4-E822-E611-9F2D-002590A371AE.root
%MSG-w XrdAdaptor:  file_open 05-Oct-2023 02:54:37 CEST PostProcessEvent
Data is served from cern.ch instead of original site eospublic
%MSG
05-Oct-2023 02:54:37 CEST  Successfully opened file root://eospublic.cern.ch//eos/opendata/cms/mc/RunIIFall15MiniAODv2/DYJetsToNuNu_BGenFilter_Zpt-40toInf_TuneCUETP8M1_13TeV-madgraphMLM-pythia8/MINIAODSIM/PU25nsData2015v1_76X_mcRun2_asymptotic_v12-v3/50000/9C4FD1F4-E822-E611-9F2D-002590A371AE.root
05-Oct-2023 02:54:39 CEST  Closed file root://eospublic.cern.ch//eos/opendata/cms/mc/RunIIFall15MiniAODv2/DYJetsToNuNu_BGenFilter_Zpt-40toInf_TuneCUETP8M1_13TeV-madgraphMLM-pythia8/MINIAODSIM/PU25nsData2015v1_76X_mcRun2_asymptotic_v12-v3/50000/9C4FD1F4-E822-E611-9F2D-002590A371AE.root
05-Oct-2023 02:54:39 CEST  Initiating request to open file root://eospublic.cern.ch//eos/opendata/cms/mc/RunIIFall15MiniAODv2/DYJetsToNuNu_BGenFilter_Zpt-40toInf_TuneCUETP8M1_13TeV-madgraphMLM-pythia8/MINIAODSIM/PU25nsData2015v1_76X_mcRun2_asymptotic_v12-v3/50000/AE580716-B322-E611-A482-0002C94CD0C0.root
%MSG-w XrdAdaptor:  file_open 05-Oct-2023 02:54:39 CEST PostProcessEvent
Data is served from cern.ch instead of original site eospublic
%MSG
05-Oct-2023 02:54:39 CEST  Successfully opened file root://eospublic.cern.ch//eos/opendata/cms/mc/RunIIFall15MiniAODv2/DYJetsToNuNu_BGenFilter_Zpt-40toInf_TuneCUETP8M1_13TeV-madgraphMLM-pythia8/MINIAODSIM/PU25nsData2015v1_76X_mcRun2_asymptotic_v12-v3/50000/AE580716-B322-E611-A482-0002C94CD0C0.root
05-Oct-2023 02:54:42 CEST  Closed file root://eospublic.cern.ch//eos/opendata/cms/mc/RunIIFall15MiniAODv2/DYJetsToNuNu_BGenFilter_Zpt-40toInf_TuneCUETP8M1_13TeV-madgraphMLM-pythia8/MINIAODSIM/PU25nsData2015v1_76X_mcRun2_asymptotic_v12-v3/50000/AE580716-B322-E611-A482-0002C94CD0C0.root
05-Oct-2023 02:54:42 CEST  Initiating request to open file root://eospublic.cern.ch//eos/opendata/cms/mc/RunIIFall15MiniAODv2/DYJetsToNuNu_BGenFilter_Zpt-40toInf_TuneCUETP8M1_13TeV-madgraphMLM-pythia8/MINIAODSIM/PU25nsData2015v1_76X_mcRun2_asymptotic_v12-v3/50000/B459083C-B222-E611-9A3F-24BE05C3DB21.root
%MSG-w XrdAdaptor:  file_open 05-Oct-2023 02:54:42 CEST PostProcessEvent
Data is served from cern.ch instead of original site eospublic
%MSG
05-Oct-2023 02:54:42 CEST  Successfully opened file root://eospublic.cern.ch//eos/opendata/cms/mc/RunIIFall15MiniAODv2/DYJetsToNuNu_BGenFilter_Zpt-40toInf_TuneCUETP8M1_13TeV-madgraphMLM-pythia8/MINIAODSIM/PU25nsData2015v1_76X_mcRun2_asymptotic_v12-v3/50000/B459083C-B222-E611-9A3F-24BE05C3DB21.root
Begin processing the 700001st record. Run 1, Event 1797944, LumiSection 1420 at 05-Oct-2023 02:54:43.568 CEST
05-Oct-2023 02:54:45 CEST  Closed file root://eospublic.cern.ch//eos/opendata/cms/mc/RunIIFall15MiniAODv2/DYJetsToNuNu_BGenFilter_Zpt-40toInf_TuneCUETP8M1_13TeV-madgraphMLM-pythia8/MINIAODSIM/PU25nsData2015v1_76X_mcRun2_asymptotic_v12-v3/50000/B459083C-B222-E611-9A3F-24BE05C3DB21.root
05-Oct-2023 02:54:45 CEST  Initiating request to open file root://eospublic.cern.ch//eos/opendata/cms/mc/RunIIFall15MiniAODv2/DYJetsToNuNu_BGenFilter_Zpt-40toInf_TuneCUETP8M1_13TeV-madgraphMLM-pythia8/MINIAODSIM/PU25nsData2015v1_76X_mcRun2_asymptotic_v12-v3/50000/B4AAB35D-B222-E611-B3C6-001E67397616.root
%MSG-w XrdAdaptor:  file_open 05-Oct-2023 02:54:45 CEST PostProcessEvent
Data is served from cern.ch instead of original site eospublic
%MSG
05-Oct-2023 02:54:45 CEST  Successfully opened file root://eospublic.cern.ch//eos/opendata/cms/mc/RunIIFall15MiniAODv2/DYJetsToNuNu_BGenFilter_Zpt-40toInf_TuneCUETP8M1_13TeV-madgraphMLM-pythia8/MINIAODSIM/PU25nsData2015v1_76X_mcRun2_asymptotic_v12-v3/50000/B4AAB35D-B222-E611-B3C6-001E67397616.root
05-Oct-2023 02:54:49 CEST  Closed file root://eospublic.cern.ch//eos/opendata/cms/mc/RunIIFall15MiniAODv2/DYJetsToNuNu_BGenFilter_Zpt-40toInf_TuneCUETP8M1_13TeV-madgraphMLM-pythia8/MINIAODSIM/PU25nsData2015v1_76X_mcRun2_asymptotic_v12-v3/50000/B4AAB35D-B222-E611-B3C6-001E67397616.root
05-Oct-2023 02:54:49 CEST  Initiating request to open file root://eospublic.cern.ch//eos/opendata/cms/mc/RunIIFall15MiniAODv2/DYJetsToNuNu_BGenFilter_Zpt-40toInf_TuneCUETP8M1_13TeV-madgraphMLM-pythia8/MINIAODSIM/PU25nsData2015v1_76X_mcRun2_asymptotic_v12-v3/50000/B623930D-B222-E611-81F7-0CC47A4D7638.root
%MSG-w XrdAdaptor:  file_open 05-Oct-2023 02:54:49 CEST PostProcessEvent
Data is served from cern.ch instead of original site eospublic
%MSG
05-Oct-2023 02:54:49 CEST  Successfully opened file root://eospublic.cern.ch//eos/opendata/cms/mc/RunIIFall15MiniAODv2/DYJetsToNuNu_BGenFilter_Zpt-40toInf_TuneCUETP8M1_13TeV-madgraphMLM-pythia8/MINIAODSIM/PU25nsData2015v1_76X_mcRun2_asymptotic_v12-v3/50000/B623930D-B222-E611-81F7-0CC47A4D7638.root
Begin processing the 800001st record. Run 1, Event 7701386, LumiSection 6085 at 05-Oct-2023 02:54:50.857 CEST
05-Oct-2023 02:54:52 CEST  Closed file root://eospublic.cern.ch//eos/opendata/cms/mc/RunIIFall15MiniAODv2/DYJetsToNuNu_BGenFilter_Zpt-40toInf_TuneCUETP8M1_13TeV-madgraphMLM-pythia8/MINIAODSIM/PU25nsData2015v1_76X_mcRun2_asymptotic_v12-v3/50000/B623930D-B222-E611-81F7-0CC47A4D7638.root
05-Oct-2023 02:54:52 CEST  Initiating request to open file root://eospublic.cern.ch//eos/opendata/cms/mc/RunIIFall15MiniAODv2/DYJetsToNuNu_BGenFilter_Zpt-40toInf_TuneCUETP8M1_13TeV-madgraphMLM-pythia8/MINIAODSIM/PU25nsData2015v1_76X_mcRun2_asymptotic_v12-v3/50000/D2705121-B322-E611-B395-0002C94CD9E2.root
%MSG-w XrdAdaptor:  file_open 05-Oct-2023 02:54:52 CEST PostProcessEvent
Data is served from cern.ch instead of original site eospublic
%MSG
05-Oct-2023 02:54:52 CEST  Successfully opened file root://eospublic.cern.ch//eos/opendata/cms/mc/RunIIFall15MiniAODv2/DYJetsToNuNu_BGenFilter_Zpt-40toInf_TuneCUETP8M1_13TeV-madgraphMLM-pythia8/MINIAODSIM/PU25nsData2015v1_76X_mcRun2_asymptotic_v12-v3/50000/D2705121-B322-E611-B395-0002C94CD9E2.root
05-Oct-2023 02:54:55 CEST  Closed file root://eospublic.cern.ch//eos/opendata/cms/mc/RunIIFall15MiniAODv2/DYJetsToNuNu_BGenFilter_Zpt-40toInf_TuneCUETP8M1_13TeV-madgraphMLM-pythia8/MINIAODSIM/PU25nsData2015v1_76X_mcRun2_asymptotic_v12-v3/50000/D2705121-B322-E611-B395-0002C94CD9E2.root
05-Oct-2023 02:54:55 CEST  Initiating request to open file root://eospublic.cern.ch//eos/opendata/cms/mc/RunIIFall15MiniAODv2/DYJetsToNuNu_BGenFilter_Zpt-40toInf_TuneCUETP8M1_13TeV-madgraphMLM-pythia8/MINIAODSIM/PU25nsData2015v1_76X_mcRun2_asymptotic_v12-v3/50000/DC050421-E922-E611-B0FD-B083FED04276.root
%MSG-w XrdAdaptor:  file_open 05-Oct-2023 02:54:55 CEST PostProcessEvent
Data is served from cern.ch instead of original site eospublic
%MSG
05-Oct-2023 02:54:55 CEST  Successfully opened file root://eospublic.cern.ch//eos/opendata/cms/mc/RunIIFall15MiniAODv2/DYJetsToNuNu_BGenFilter_Zpt-40toInf_TuneCUETP8M1_13TeV-madgraphMLM-pythia8/MINIAODSIM/PU25nsData2015v1_76X_mcRun2_asymptotic_v12-v3/50000/DC050421-E922-E611-B0FD-B083FED04276.root
05-Oct-2023 02:54:56 CEST  Closed file root://eospublic.cern.ch//eos/opendata/cms/mc/RunIIFall15MiniAODv2/DYJetsToNuNu_BGenFilter_Zpt-40toInf_TuneCUETP8M1_13TeV-madgraphMLM-pythia8/MINIAODSIM/PU25nsData2015v1_76X_mcRun2_asymptotic_v12-v3/50000/DC050421-E922-E611-B0FD-B083FED04276.root
05-Oct-2023 02:54:56 CEST  Initiating request to open file root://eospublic.cern.ch//eos/opendata/cms/mc/RunIIFall15MiniAODv2/DYJetsToNuNu_BGenFilter_Zpt-40toInf_TuneCUETP8M1_13TeV-madgraphMLM-pythia8/MINIAODSIM/PU25nsData2015v1_76X_mcRun2_asymptotic_v12-v3/50000/E0635D38-B222-E611-B12D-D4AE526A0AB5.root
%MSG-w XrdAdaptor:  file_open 05-Oct-2023 02:54:56 CEST PostProcessEvent
Data is served from cern.ch instead of original site eospublic
%MSG
05-Oct-2023 02:54:56 CEST  Successfully opened file root://eospublic.cern.ch//eos/opendata/cms/mc/RunIIFall15MiniAODv2/DYJetsToNuNu_BGenFilter_Zpt-40toInf_TuneCUETP8M1_13TeV-madgraphMLM-pythia8/MINIAODSIM/PU25nsData2015v1_76X_mcRun2_asymptotic_v12-v3/50000/E0635D38-B222-E611-B12D-D4AE526A0AB5.root
05-Oct-2023 02:54:57 CEST  Closed file root://eospublic.cern.ch//eos/opendata/cms/mc/RunIIFall15MiniAODv2/DYJetsToNuNu_BGenFilter_Zpt-40toInf_TuneCUETP8M1_13TeV-madgraphMLM-pythia8/MINIAODSIM/PU25nsData2015v1_76X_mcRun2_asymptotic_v12-v3/50000/E0635D38-B222-E611-B12D-D4AE526A0AB5.root
05-Oct-2023 02:54:57 CEST  Initiating request to open file root://eospublic.cern.ch//eos/opendata/cms/mc/RunIIFall15MiniAODv2/DYJetsToNuNu_BGenFilter_Zpt-40toInf_TuneCUETP8M1_13TeV-madgraphMLM-pythia8/MINIAODSIM/PU25nsData2015v1_76X_mcRun2_asymptotic_v12-v3/50000/E28835C6-E822-E611-8C3C-00259055C878.root
%MSG-w XrdAdaptor:  file_open 05-Oct-2023 02:54:57 CEST PostProcessEvent
Data is served from cern.ch instead of original site eospublic
%MSG
05-Oct-2023 02:54:57 CEST  Successfully opened file root://eospublic.cern.ch//eos/opendata/cms/mc/RunIIFall15MiniAODv2/DYJetsToNuNu_BGenFilter_Zpt-40toInf_TuneCUETP8M1_13TeV-madgraphMLM-pythia8/MINIAODSIM/PU25nsData2015v1_76X_mcRun2_asymptotic_v12-v3/50000/E28835C6-E822-E611-8C3C-00259055C878.root
05-Oct-2023 02:54:58 CEST  Closed file root://eospublic.cern.ch//eos/opendata/cms/mc/RunIIFall15MiniAODv2/DYJetsToNuNu_BGenFilter_Zpt-40toInf_TuneCUETP8M1_13TeV-madgraphMLM-pythia8/MINIAODSIM/PU25nsData2015v1_76X_mcRun2_asymptotic_v12-v3/50000/E28835C6-E822-E611-8C3C-00259055C878.root
05-Oct-2023 02:54:58 CEST  Initiating request to open file root://eospublic.cern.ch//eos/opendata/cms/mc/RunIIFall15MiniAODv2/DYJetsToNuNu_BGenFilter_Zpt-40toInf_TuneCUETP8M1_13TeV-madgraphMLM-pythia8/MINIAODSIM/PU25nsData2015v1_76X_mcRun2_asymptotic_v12-v3/50000/E2A88568-EA22-E611-B637-00259073E474.root
%MSG-w XrdAdaptor:  file_open 05-Oct-2023 02:54:58 CEST PostProcessEvent
Data is served from cern.ch instead of original site eospublic
%MSG
05-Oct-2023 02:54:58 CEST  Successfully opened file root://eospublic.cern.ch//eos/opendata/cms/mc/RunIIFall15MiniAODv2/DYJetsToNuNu_BGenFilter_Zpt-40toInf_TuneCUETP8M1_13TeV-madgraphMLM-pythia8/MINIAODSIM/PU25nsData2015v1_76X_mcRun2_asymptotic_v12-v3/50000/E2A88568-EA22-E611-B637-00259073E474.root
Begin processing the 900001st record. Run 1, Event 7908850, LumiSection 6248 at 05-Oct-2023 02:54:59.801 CEST
05-Oct-2023 02:54:59 CEST  Closed file root://eospublic.cern.ch//eos/opendata/cms/mc/RunIIFall15MiniAODv2/DYJetsToNuNu_BGenFilter_Zpt-40toInf_TuneCUETP8M1_13TeV-madgraphMLM-pythia8/MINIAODSIM/PU25nsData2015v1_76X_mcRun2_asymptotic_v12-v3/50000/E2A88568-EA22-E611-B637-00259073E474.root
05-Oct-2023 02:54:59 CEST  Initiating request to open file root://eospublic.cern.ch//eos/opendata/cms/mc/RunIIFall15MiniAODv2/DYJetsToNuNu_BGenFilter_Zpt-40toInf_TuneCUETP8M1_13TeV-madgraphMLM-pythia8/MINIAODSIM/PU25nsData2015v1_76X_mcRun2_asymptotic_v12-v3/50000/EE1A981F-B222-E611-812C-0025905A48F2.root
%MSG-w XrdAdaptor:  file_open 05-Oct-2023 02:54:59 CEST PostProcessEvent
Data is served from cern.ch instead of original site eospublic
%MSG
05-Oct-2023 02:54:59 CEST  Successfully opened file root://eospublic.cern.ch//eos/opendata/cms/mc/RunIIFall15MiniAODv2/DYJetsToNuNu_BGenFilter_Zpt-40toInf_TuneCUETP8M1_13TeV-madgraphMLM-pythia8/MINIAODSIM/PU25nsData2015v1_76X_mcRun2_asymptotic_v12-v3/50000/EE1A981F-B222-E611-812C-0025905A48F2.root
05-Oct-2023 02:55:02 CEST  Closed file root://eospublic.cern.ch//eos/opendata/cms/mc/RunIIFall15MiniAODv2/DYJetsToNuNu_BGenFilter_Zpt-40toInf_TuneCUETP8M1_13TeV-madgraphMLM-pythia8/MINIAODSIM/PU25nsData2015v1_76X_mcRun2_asymptotic_v12-v3/50000/EE1A981F-B222-E611-812C-0025905A48F2.root
05-Oct-2023 02:55:02 CEST  Initiating request to open file root://eospublic.cern.ch//eos/opendata/cms/mc/RunIIFall15MiniAODv2/DYJetsToNuNu_BGenFilter_Zpt-40toInf_TuneCUETP8M1_13TeV-madgraphMLM-pythia8/MINIAODSIM/PU25nsData2015v1_76X_mcRun2_asymptotic_v12-v3/50000/F2F72141-EE22-E611-9549-00269E95B128.root
%MSG-w XrdAdaptor:  file_open 05-Oct-2023 02:55:02 CEST PostProcessEvent
Data is served from cern.ch instead of original site eospublic
%MSG
05-Oct-2023 02:55:02 CEST  Successfully opened file root://eospublic.cern.ch//eos/opendata/cms/mc/RunIIFall15MiniAODv2/DYJetsToNuNu_BGenFilter_Zpt-40toInf_TuneCUETP8M1_13TeV-madgraphMLM-pythia8/MINIAODSIM/PU25nsData2015v1_76X_mcRun2_asymptotic_v12-v3/50000/F2F72141-EE22-E611-9549-00269E95B128.root
05-Oct-2023 02:55:03 CEST  Closed file root://eospublic.cern.ch//eos/opendata/cms/mc/RunIIFall15MiniAODv2/DYJetsToNuNu_BGenFilter_Zpt-40toInf_TuneCUETP8M1_13TeV-madgraphMLM-pythia8/MINIAODSIM/PU25nsData2015v1_76X_mcRun2_asymptotic_v12-v3/50000/F2F72141-EE22-E611-9549-00269E95B128.root
05-Oct-2023 02:55:03 CEST  Initiating request to open file root://eospublic.cern.ch//eos/opendata/cms/mc/RunIIFall15MiniAODv2/DYJetsToNuNu_BGenFilter_Zpt-40toInf_TuneCUETP8M1_13TeV-madgraphMLM-pythia8/MINIAODSIM/PU25nsData2015v1_76X_mcRun2_asymptotic_v12-v3/50000/FAC79815-B222-E611-B3FF-0CC47A4D7690.root
%MSG-w XrdAdaptor:  file_open 05-Oct-2023 02:55:03 CEST PostProcessEvent
Data is served from cern.ch instead of original site eospublic
%MSG
05-Oct-2023 02:55:03 CEST  Successfully opened file root://eospublic.cern.ch//eos/opendata/cms/mc/RunIIFall15MiniAODv2/DYJetsToNuNu_BGenFilter_Zpt-40toInf_TuneCUETP8M1_13TeV-madgraphMLM-pythia8/MINIAODSIM/PU25nsData2015v1_76X_mcRun2_asymptotic_v12-v3/50000/FAC79815-B222-E611-B3FF-0CC47A4D7690.root
05-Oct-2023 02:55:05 CEST  Closed file root://eospublic.cern.ch//eos/opendata/cms/mc/RunIIFall15MiniAODv2/DYJetsToNuNu_BGenFilter_Zpt-40toInf_TuneCUETP8M1_13TeV-madgraphMLM-pythia8/MINIAODSIM/PU25nsData2015v1_76X_mcRun2_asymptotic_v12-v3/50000/FAC79815-B222-E611-B3FF-0CC47A4D7690.root
05-Oct-2023 02:55:05 CEST  Initiating request to open file root://eospublic.cern.ch//eos/opendata/cms/mc/RunIIFall15MiniAODv2/DYJetsToNuNu_BGenFilter_Zpt-40toInf_TuneCUETP8M1_13TeV-madgraphMLM-pythia8/MINIAODSIM/PU25nsData2015v1_76X_mcRun2_asymptotic_v12-v3/50000/FE295114-B322-E611-A647-0002C94D561C.root
%MSG-w XrdAdaptor:  file_open 05-Oct-2023 02:55:05 CEST PostProcessEvent
Data is served from cern.ch instead of original site eospublic
%MSG
05-Oct-2023 02:55:06 CEST  Successfully opened file root://eospublic.cern.ch//eos/opendata/cms/mc/RunIIFall15MiniAODv2/DYJetsToNuNu_BGenFilter_Zpt-40toInf_TuneCUETP8M1_13TeV-madgraphMLM-pythia8/MINIAODSIM/PU25nsData2015v1_76X_mcRun2_asymptotic_v12-v3/50000/FE295114-B322-E611-A647-0002C94D561C.root
Begin processing the 1000001st record. Run 1, Event 3417409, LumiSection 2700 at 05-Oct-2023 02:55:08.519 CEST
05-Oct-2023 02:55:09 CEST  Closed file root://eospublic.cern.ch//eos/opendata/cms/mc/RunIIFall15MiniAODv2/DYJetsToNuNu_BGenFilter_Zpt-40toInf_TuneCUETP8M1_13TeV-madgraphMLM-pythia8/MINIAODSIM/PU25nsData2015v1_76X_mcRun2_asymptotic_v12-v3/50000/FE295114-B322-E611-A647-0002C94D561C.root
05-Oct-2023 02:55:09 CEST  Initiating request to open file root://eospublic.cern.ch//eos/opendata/cms/mc/RunIIFall15MiniAODv2/DYJetsToNuNu_BGenFilter_Zpt-40toInf_TuneCUETP8M1_13TeV-madgraphMLM-pythia8/MINIAODSIM/PU25nsData2015v1_76X_mcRun2_asymptotic_v12-v3/60000/6CB2E28E-1720-E611-A527-002590200B14.root
%MSG-w XrdAdaptor:  file_open 05-Oct-2023 02:55:09 CEST PostProcessEvent
Data is served from cern.ch instead of original site eospublic
%MSG
05-Oct-2023 02:55:09 CEST  Successfully opened file root://eospublic.cern.ch//eos/opendata/cms/mc/RunIIFall15MiniAODv2/DYJetsToNuNu_BGenFilter_Zpt-40toInf_TuneCUETP8M1_13TeV-madgraphMLM-pythia8/MINIAODSIM/PU25nsData2015v1_76X_mcRun2_asymptotic_v12-v3/60000/6CB2E28E-1720-E611-A527-002590200B14.root
   1088.325686      0.011842      0.395552             1
   1784.390321      0.019416      0.395552             2
   1739.971225      0.018933      0.395552             3
   1490.969974      0.016225      0.395552             4
 
05-Oct-2023 02:55:10 CEST  Closed file root://eospublic.cern.ch//eos/opendata/cms/mc/RunIIFall15MiniAODv2/DYJetsToNuNu_BGenFilter_Zpt-40toInf_TuneCUETP8M1_13TeV-madgraphMLM-pythia8/MINIAODSIM/PU25nsData2015v1_76X_mcRun2_asymptotic_v12-v3/60000/6CB2E28E-1720-E611-A527-002590200B14.root

------------------------------------
GenXsecAnalyzer:
------------------------------------
-------------------------------------------------------------------------------------------------------------------------------------------------------------------------- 
Overall cross-section summary 
--------------------------------------------------------------------------------------------------------------------------------------------------------------------------
Process		xsec_before [pb]		passed	nposw	nnegw	tried	nposw	nnegw 	xsec_match [pb]			accepted [%]	 event_eff [%]
0		1.088e+03 +/- 4.668e-02		11711836	11711836	0	29589296	29589296	0	4.308e+02 +/- 9.957e-02		39.6 +/- 0.0	39.6 +/- 0.0
1		1.784e+03 +/- 7.653e-02		7781502	7781502	0	47545300	47545300	0	2.920e+02 +/- 9.656e-02		16.4 +/- 0.0	16.4 +/- 0.0
2		1.740e+03 +/- 7.464e-02		3001152	3001152	0	45728716	45728716	0	1.142e+02 +/- 6.391e-02		6.6 +/- 0.0	6.6 +/- 0.0
3		1.491e+03 +/- 6.396e-02		1916731	1916731	0	38956236	38956236	0	7.336e+01 +/- 5.177e-02		4.9 +/- 0.0	4.9 +/- 0.0
-------------------------------------------------------------------------------------------------------------------------------------------------------------------------- 
Total		6.104e+03 +/- 1.330e-01		24411221	24411221	0	161819548	161819548	0	9.208e+02 +/- 1.729e-01		15.1 +/- 0.0	15.1 +/- 0.0
--------------------------------------------------------------------------------------------------------------------------------------------------------------------------
Before matching: total cross section = 6.104e+03 +- 1.330e-01 pb
After matching: total cross section = 9.208e+02 +- 1.729e-01 pb
HepMC filter efficiency (taking into account weights)= (1.23252e+06) / (2.44112e+07) = 5.049e-02 +- 4.432e-05
HepMC filter efficiency (event-level)= (1.23252e+06) / (2.44112e+07) = 5.049e-02 +- 4.432e-05
Filter efficiency (taking into account weights)= (56023.6) / (56023.6) = 1.000e+00 +- 0.000e+00
Filter efficiency (event-level)= (1.02435e+06) / (1.02435e+06) = 1.000e+00 +- 0.000e+00
After filter: final cross section = 4.649e+01 +- 4.173e-02 pb

=============================================

MessageLogger Summary

 type     category        sev    module        subroutine        count    total
 ---- -------------------- -- ---------------- ----------------  -----    -----
    1 GenXSecAnalyzer      -w GenXSecAnalyzer:                      17       17
    2 XrdAdaptor           -w file_open                             34       34
    3 fileAction           -s file_close                            34       34
    4 fileAction           -s file_open                             68       68

 type    category    Examples: run/evt        run/evt          run/evt
 ---- -------------------- ---------------- ---------------- ----------------
    1 GenXSecAnalyzer      PostEndRun       PostEndRun       PostEndRun
    2 XrdAdaptor           pre-events       PostProcessEvent PostProcessEvent
    3 fileAction           PostProcessEvent PostProcessEvent PostEndRun
    4 fileAction           pre-events       pre-events       PostProcessEvent

Severity    # Occurrences   Total Occurrences
--------    -------------   -----------------
Warning                51                  51
System                102                 102
