04-Oct-2023 19:09:28 CEST  Initiating request to open file root://eospublic.cern.ch//eos/opendata/cms/mc/RunIIFall15MiniAODv2/DYJetsToLL_M-5to50_HT-600toInf_TuneCUETP8M1_13TeV-madgraphMLM-pythia8/MINIAODSIM/PU25nsData2015v1_76X_mcRun2_asymptotic_v12-v1/60000/021A5D0B-E0B8-E511-AD8E-90B11C282313.root
%MSG-w XrdAdaptor:  file_open 04-Oct-2023 19:09:28 CEST pre-events
Data is served from cern.ch instead of original site eospublic
%MSG
04-Oct-2023 19:09:29 CEST  Successfully opened file root://eospublic.cern.ch//eos/opendata/cms/mc/RunIIFall15MiniAODv2/DYJetsToLL_M-5to50_HT-600toInf_TuneCUETP8M1_13TeV-madgraphMLM-pythia8/MINIAODSIM/PU25nsData2015v1_76X_mcRun2_asymptotic_v12-v1/60000/021A5D0B-E0B8-E511-AD8E-90B11C282313.root
Begin processing the 1st record. Run 1, Event 47252, LumiSection 28 at 04-Oct-2023 19:09:31.440 CEST
04-Oct-2023 19:09:33 CEST  Closed file root://eospublic.cern.ch//eos/opendata/cms/mc/RunIIFall15MiniAODv2/DYJetsToLL_M-5to50_HT-600toInf_TuneCUETP8M1_13TeV-madgraphMLM-pythia8/MINIAODSIM/PU25nsData2015v1_76X_mcRun2_asymptotic_v12-v1/60000/021A5D0B-E0B8-E511-AD8E-90B11C282313.root
04-Oct-2023 19:09:33 CEST  Initiating request to open file root://eospublic.cern.ch//eos/opendata/cms/mc/RunIIFall15MiniAODv2/DYJetsToLL_M-5to50_HT-600toInf_TuneCUETP8M1_13TeV-madgraphMLM-pythia8/MINIAODSIM/PU25nsData2015v1_76X_mcRun2_asymptotic_v12-v1/60000/044A59FA-E0B8-E511-A075-0CC47A13CEAC.root
%MSG-w XrdAdaptor:  file_open 04-Oct-2023 19:09:34 CEST PostProcessEvent
Data is served from cern.ch instead of original site eospublic
%MSG
04-Oct-2023 19:09:34 CEST  Successfully opened file root://eospublic.cern.ch//eos/opendata/cms/mc/RunIIFall15MiniAODv2/DYJetsToLL_M-5to50_HT-600toInf_TuneCUETP8M1_13TeV-madgraphMLM-pythia8/MINIAODSIM/PU25nsData2015v1_76X_mcRun2_asymptotic_v12-v1/60000/044A59FA-E0B8-E511-A075-0CC47A13CEAC.root
04-Oct-2023 19:09:37 CEST  Closed file root://eospublic.cern.ch//eos/opendata/cms/mc/RunIIFall15MiniAODv2/DYJetsToLL_M-5to50_HT-600toInf_TuneCUETP8M1_13TeV-madgraphMLM-pythia8/MINIAODSIM/PU25nsData2015v1_76X_mcRun2_asymptotic_v12-v1/60000/044A59FA-E0B8-E511-A075-0CC47A13CEAC.root
04-Oct-2023 19:09:37 CEST  Initiating request to open file root://eospublic.cern.ch//eos/opendata/cms/mc/RunIIFall15MiniAODv2/DYJetsToLL_M-5to50_HT-600toInf_TuneCUETP8M1_13TeV-madgraphMLM-pythia8/MINIAODSIM/PU25nsData2015v1_76X_mcRun2_asymptotic_v12-v1/60000/0AC0BC5F-64B9-E511-9B77-0025905A60BE.root
%MSG-w XrdAdaptor:  file_open 04-Oct-2023 19:09:37 CEST PostProcessEvent
Data is served from cern.ch instead of original site eospublic
%MSG
04-Oct-2023 19:09:37 CEST  Successfully opened file root://eospublic.cern.ch//eos/opendata/cms/mc/RunIIFall15MiniAODv2/DYJetsToLL_M-5to50_HT-600toInf_TuneCUETP8M1_13TeV-madgraphMLM-pythia8/MINIAODSIM/PU25nsData2015v1_76X_mcRun2_asymptotic_v12-v1/60000/0AC0BC5F-64B9-E511-9B77-0025905A60BE.root
Begin processing the 100001st record. Run 1, Event 563297, LumiSection 322 at 04-Oct-2023 19:09:39.710 CEST
04-Oct-2023 19:09:40 CEST  Closed file root://eospublic.cern.ch//eos/opendata/cms/mc/RunIIFall15MiniAODv2/DYJetsToLL_M-5to50_HT-600toInf_TuneCUETP8M1_13TeV-madgraphMLM-pythia8/MINIAODSIM/PU25nsData2015v1_76X_mcRun2_asymptotic_v12-v1/60000/0AC0BC5F-64B9-E511-9B77-0025905A60BE.root
04-Oct-2023 19:09:40 CEST  Initiating request to open file root://eospublic.cern.ch//eos/opendata/cms/mc/RunIIFall15MiniAODv2/DYJetsToLL_M-5to50_HT-600toInf_TuneCUETP8M1_13TeV-madgraphMLM-pythia8/MINIAODSIM/PU25nsData2015v1_76X_mcRun2_asymptotic_v12-v1/60000/0EB8555C-64B9-E511-B582-0CC47A4C8ECE.root
%MSG-w XrdAdaptor:  file_open 04-Oct-2023 19:09:40 CEST PostProcessEvent
Data is served from cern.ch instead of original site eospublic
%MSG
04-Oct-2023 19:09:40 CEST  Successfully opened file root://eospublic.cern.ch//eos/opendata/cms/mc/RunIIFall15MiniAODv2/DYJetsToLL_M-5to50_HT-600toInf_TuneCUETP8M1_13TeV-madgraphMLM-pythia8/MINIAODSIM/PU25nsData2015v1_76X_mcRun2_asymptotic_v12-v1/60000/0EB8555C-64B9-E511-B582-0CC47A4C8ECE.root
04-Oct-2023 19:09:44 CEST  Closed file root://eospublic.cern.ch//eos/opendata/cms/mc/RunIIFall15MiniAODv2/DYJetsToLL_M-5to50_HT-600toInf_TuneCUETP8M1_13TeV-madgraphMLM-pythia8/MINIAODSIM/PU25nsData2015v1_76X_mcRun2_asymptotic_v12-v1/60000/0EB8555C-64B9-E511-B582-0CC47A4C8ECE.root
04-Oct-2023 19:09:44 CEST  Initiating request to open file root://eospublic.cern.ch//eos/opendata/cms/mc/RunIIFall15MiniAODv2/DYJetsToLL_M-5to50_HT-600toInf_TuneCUETP8M1_13TeV-madgraphMLM-pythia8/MINIAODSIM/PU25nsData2015v1_76X_mcRun2_asymptotic_v12-v1/60000/12BFB262-64B9-E511-884F-0025905A6088.root
%MSG-w XrdAdaptor:  file_open 04-Oct-2023 19:09:44 CEST PostProcessEvent
Data is served from cern.ch instead of original site eospublic
%MSG
04-Oct-2023 19:09:44 CEST  Successfully opened file root://eospublic.cern.ch//eos/opendata/cms/mc/RunIIFall15MiniAODv2/DYJetsToLL_M-5to50_HT-600toInf_TuneCUETP8M1_13TeV-madgraphMLM-pythia8/MINIAODSIM/PU25nsData2015v1_76X_mcRun2_asymptotic_v12-v1/60000/12BFB262-64B9-E511-884F-0025905A6088.root
04-Oct-2023 19:09:48 CEST  Closed file root://eospublic.cern.ch//eos/opendata/cms/mc/RunIIFall15MiniAODv2/DYJetsToLL_M-5to50_HT-600toInf_TuneCUETP8M1_13TeV-madgraphMLM-pythia8/MINIAODSIM/PU25nsData2015v1_76X_mcRun2_asymptotic_v12-v1/60000/12BFB262-64B9-E511-884F-0025905A6088.root
04-Oct-2023 19:09:48 CEST  Initiating request to open file root://eospublic.cern.ch//eos/opendata/cms/mc/RunIIFall15MiniAODv2/DYJetsToLL_M-5to50_HT-600toInf_TuneCUETP8M1_13TeV-madgraphMLM-pythia8/MINIAODSIM/PU25nsData2015v1_76X_mcRun2_asymptotic_v12-v1/60000/1E41AD5C-64B9-E511-ABB2-0CC47A4C8F2C.root
%MSG-w XrdAdaptor:  file_open 04-Oct-2023 19:09:48 CEST PostProcessEvent
Data is served from cern.ch instead of original site eospublic
%MSG
04-Oct-2023 19:09:48 CEST  Successfully opened file root://eospublic.cern.ch//eos/opendata/cms/mc/RunIIFall15MiniAODv2/DYJetsToLL_M-5to50_HT-600toInf_TuneCUETP8M1_13TeV-madgraphMLM-pythia8/MINIAODSIM/PU25nsData2015v1_76X_mcRun2_asymptotic_v12-v1/60000/1E41AD5C-64B9-E511-ABB2-0CC47A4C8F2C.root
Begin processing the 200001st record. Run 1, Event 1521463, LumiSection 870 at 04-Oct-2023 19:09:49.910 CEST
04-Oct-2023 19:09:52 CEST  Closed file root://eospublic.cern.ch//eos/opendata/cms/mc/RunIIFall15MiniAODv2/DYJetsToLL_M-5to50_HT-600toInf_TuneCUETP8M1_13TeV-madgraphMLM-pythia8/MINIAODSIM/PU25nsData2015v1_76X_mcRun2_asymptotic_v12-v1/60000/1E41AD5C-64B9-E511-ABB2-0CC47A4C8F2C.root
04-Oct-2023 19:09:52 CEST  Initiating request to open file root://eospublic.cern.ch//eos/opendata/cms/mc/RunIIFall15MiniAODv2/DYJetsToLL_M-5to50_HT-600toInf_TuneCUETP8M1_13TeV-madgraphMLM-pythia8/MINIAODSIM/PU25nsData2015v1_76X_mcRun2_asymptotic_v12-v1/60000/30FAB265-E0B8-E511-BDE1-003048F5B69A.root
%MSG-w XrdAdaptor:  file_open 04-Oct-2023 19:09:52 CEST PostProcessEvent
Data is served from cern.ch instead of original site eospublic
%MSG
04-Oct-2023 19:09:52 CEST  Successfully opened file root://eospublic.cern.ch//eos/opendata/cms/mc/RunIIFall15MiniAODv2/DYJetsToLL_M-5to50_HT-600toInf_TuneCUETP8M1_13TeV-madgraphMLM-pythia8/MINIAODSIM/PU25nsData2015v1_76X_mcRun2_asymptotic_v12-v1/60000/30FAB265-E0B8-E511-BDE1-003048F5B69A.root
04-Oct-2023 19:09:56 CEST  Closed file root://eospublic.cern.ch//eos/opendata/cms/mc/RunIIFall15MiniAODv2/DYJetsToLL_M-5to50_HT-600toInf_TuneCUETP8M1_13TeV-madgraphMLM-pythia8/MINIAODSIM/PU25nsData2015v1_76X_mcRun2_asymptotic_v12-v1/60000/30FAB265-E0B8-E511-BDE1-003048F5B69A.root
04-Oct-2023 19:09:56 CEST  Initiating request to open file root://eospublic.cern.ch//eos/opendata/cms/mc/RunIIFall15MiniAODv2/DYJetsToLL_M-5to50_HT-600toInf_TuneCUETP8M1_13TeV-madgraphMLM-pythia8/MINIAODSIM/PU25nsData2015v1_76X_mcRun2_asymptotic_v12-v1/60000/3424235C-64B9-E511-AA79-003048FFCBA4.root
%MSG-w XrdAdaptor:  file_open 04-Oct-2023 19:09:56 CEST PostProcessEvent
Data is served from cern.ch instead of original site eospublic
%MSG
04-Oct-2023 19:09:56 CEST  Successfully opened file root://eospublic.cern.ch//eos/opendata/cms/mc/RunIIFall15MiniAODv2/DYJetsToLL_M-5to50_HT-600toInf_TuneCUETP8M1_13TeV-madgraphMLM-pythia8/MINIAODSIM/PU25nsData2015v1_76X_mcRun2_asymptotic_v12-v1/60000/3424235C-64B9-E511-AA79-003048FFCBA4.root
Begin processing the 300001st record. Run 1, Event 746799, LumiSection 427 at 04-Oct-2023 19:09:58.723 CEST
04-Oct-2023 19:10:00 CEST  Closed file root://eospublic.cern.ch//eos/opendata/cms/mc/RunIIFall15MiniAODv2/DYJetsToLL_M-5to50_HT-600toInf_TuneCUETP8M1_13TeV-madgraphMLM-pythia8/MINIAODSIM/PU25nsData2015v1_76X_mcRun2_asymptotic_v12-v1/60000/3424235C-64B9-E511-AA79-003048FFCBA4.root
04-Oct-2023 19:10:00 CEST  Initiating request to open file root://eospublic.cern.ch//eos/opendata/cms/mc/RunIIFall15MiniAODv2/DYJetsToLL_M-5to50_HT-600toInf_TuneCUETP8M1_13TeV-madgraphMLM-pythia8/MINIAODSIM/PU25nsData2015v1_76X_mcRun2_asymptotic_v12-v1/60000/5A8FF160-64B9-E511-852F-0025905A48C0.root
%MSG-w XrdAdaptor:  file_open 04-Oct-2023 19:10:00 CEST PostProcessEvent
Data is served from cern.ch instead of original site eospublic
%MSG
04-Oct-2023 19:10:00 CEST  Successfully opened file root://eospublic.cern.ch//eos/opendata/cms/mc/RunIIFall15MiniAODv2/DYJetsToLL_M-5to50_HT-600toInf_TuneCUETP8M1_13TeV-madgraphMLM-pythia8/MINIAODSIM/PU25nsData2015v1_76X_mcRun2_asymptotic_v12-v1/60000/5A8FF160-64B9-E511-852F-0025905A48C0.root
04-Oct-2023 19:10:03 CEST  Closed file root://eospublic.cern.ch//eos/opendata/cms/mc/RunIIFall15MiniAODv2/DYJetsToLL_M-5to50_HT-600toInf_TuneCUETP8M1_13TeV-madgraphMLM-pythia8/MINIAODSIM/PU25nsData2015v1_76X_mcRun2_asymptotic_v12-v1/60000/5A8FF160-64B9-E511-852F-0025905A48C0.root
04-Oct-2023 19:10:03 CEST  Initiating request to open file root://eospublic.cern.ch//eos/opendata/cms/mc/RunIIFall15MiniAODv2/DYJetsToLL_M-5to50_HT-600toInf_TuneCUETP8M1_13TeV-madgraphMLM-pythia8/MINIAODSIM/PU25nsData2015v1_76X_mcRun2_asymptotic_v12-v1/60000/6AB03B00-E1B8-E511-957E-003048341B00.root
%MSG-w XrdAdaptor:  file_open 04-Oct-2023 19:10:03 CEST PostProcessEvent
Data is served from cern.ch instead of original site eospublic
%MSG
04-Oct-2023 19:10:03 CEST  Successfully opened file root://eospublic.cern.ch//eos/opendata/cms/mc/RunIIFall15MiniAODv2/DYJetsToLL_M-5to50_HT-600toInf_TuneCUETP8M1_13TeV-madgraphMLM-pythia8/MINIAODSIM/PU25nsData2015v1_76X_mcRun2_asymptotic_v12-v1/60000/6AB03B00-E1B8-E511-957E-003048341B00.root
04-Oct-2023 19:10:07 CEST  Closed file root://eospublic.cern.ch//eos/opendata/cms/mc/RunIIFall15MiniAODv2/DYJetsToLL_M-5to50_HT-600toInf_TuneCUETP8M1_13TeV-madgraphMLM-pythia8/MINIAODSIM/PU25nsData2015v1_76X_mcRun2_asymptotic_v12-v1/60000/6AB03B00-E1B8-E511-957E-003048341B00.root
04-Oct-2023 19:10:07 CEST  Initiating request to open file root://eospublic.cern.ch//eos/opendata/cms/mc/RunIIFall15MiniAODv2/DYJetsToLL_M-5to50_HT-600toInf_TuneCUETP8M1_13TeV-madgraphMLM-pythia8/MINIAODSIM/PU25nsData2015v1_76X_mcRun2_asymptotic_v12-v1/60000/7440C75B-64B9-E511-ADDA-0025905A60B0.root
%MSG-w XrdAdaptor:  file_open 04-Oct-2023 19:10:07 CEST PostProcessEvent
Data is served from cern.ch instead of original site eospublic
%MSG
04-Oct-2023 19:10:07 CEST  Successfully opened file root://eospublic.cern.ch//eos/opendata/cms/mc/RunIIFall15MiniAODv2/DYJetsToLL_M-5to50_HT-600toInf_TuneCUETP8M1_13TeV-madgraphMLM-pythia8/MINIAODSIM/PU25nsData2015v1_76X_mcRun2_asymptotic_v12-v1/60000/7440C75B-64B9-E511-ADDA-0025905A60B0.root
Begin processing the 400001st record. Run 1, Event 555654, LumiSection 318 at 04-Oct-2023 19:10:08.862 CEST
04-Oct-2023 19:10:11 CEST  Closed file root://eospublic.cern.ch//eos/opendata/cms/mc/RunIIFall15MiniAODv2/DYJetsToLL_M-5to50_HT-600toInf_TuneCUETP8M1_13TeV-madgraphMLM-pythia8/MINIAODSIM/PU25nsData2015v1_76X_mcRun2_asymptotic_v12-v1/60000/7440C75B-64B9-E511-ADDA-0025905A60B0.root
04-Oct-2023 19:10:11 CEST  Initiating request to open file root://eospublic.cern.ch//eos/opendata/cms/mc/RunIIFall15MiniAODv2/DYJetsToLL_M-5to50_HT-600toInf_TuneCUETP8M1_13TeV-madgraphMLM-pythia8/MINIAODSIM/PU25nsData2015v1_76X_mcRun2_asymptotic_v12-v1/60000/76285863-64B9-E511-91DA-0025905A6110.root
%MSG-w XrdAdaptor:  file_open 04-Oct-2023 19:10:11 CEST PostProcessEvent
Data is served from cern.ch instead of original site eospublic
%MSG
04-Oct-2023 19:10:11 CEST  Successfully opened file root://eospublic.cern.ch//eos/opendata/cms/mc/RunIIFall15MiniAODv2/DYJetsToLL_M-5to50_HT-600toInf_TuneCUETP8M1_13TeV-madgraphMLM-pythia8/MINIAODSIM/PU25nsData2015v1_76X_mcRun2_asymptotic_v12-v1/60000/76285863-64B9-E511-91DA-0025905A6110.root
04-Oct-2023 19:10:13 CEST  Closed file root://eospublic.cern.ch//eos/opendata/cms/mc/RunIIFall15MiniAODv2/DYJetsToLL_M-5to50_HT-600toInf_TuneCUETP8M1_13TeV-madgraphMLM-pythia8/MINIAODSIM/PU25nsData2015v1_76X_mcRun2_asymptotic_v12-v1/60000/76285863-64B9-E511-91DA-0025905A6110.root
04-Oct-2023 19:10:13 CEST  Initiating request to open file root://eospublic.cern.ch//eos/opendata/cms/mc/RunIIFall15MiniAODv2/DYJetsToLL_M-5to50_HT-600toInf_TuneCUETP8M1_13TeV-madgraphMLM-pythia8/MINIAODSIM/PU25nsData2015v1_76X_mcRun2_asymptotic_v12-v1/60000/78B52B2B-E0B8-E511-AED7-90B11C2AA16C.root
%MSG-w XrdAdaptor:  file_open 04-Oct-2023 19:10:13 CEST PostProcessEvent
Data is served from cern.ch instead of original site eospublic
%MSG
04-Oct-2023 19:10:13 CEST  Successfully opened file root://eospublic.cern.ch//eos/opendata/cms/mc/RunIIFall15MiniAODv2/DYJetsToLL_M-5to50_HT-600toInf_TuneCUETP8M1_13TeV-madgraphMLM-pythia8/MINIAODSIM/PU25nsData2015v1_76X_mcRun2_asymptotic_v12-v1/60000/78B52B2B-E0B8-E511-AED7-90B11C2AA16C.root
Begin processing the 500001st record. Run 1, Event 6456133, LumiSection 3690 at 04-Oct-2023 19:10:17.531 CEST
04-Oct-2023 19:10:18 CEST  Closed file root://eospublic.cern.ch//eos/opendata/cms/mc/RunIIFall15MiniAODv2/DYJetsToLL_M-5to50_HT-600toInf_TuneCUETP8M1_13TeV-madgraphMLM-pythia8/MINIAODSIM/PU25nsData2015v1_76X_mcRun2_asymptotic_v12-v1/60000/78B52B2B-E0B8-E511-AED7-90B11C2AA16C.root
04-Oct-2023 19:10:18 CEST  Initiating request to open file root://eospublic.cern.ch//eos/opendata/cms/mc/RunIIFall15MiniAODv2/DYJetsToLL_M-5to50_HT-600toInf_TuneCUETP8M1_13TeV-madgraphMLM-pythia8/MINIAODSIM/PU25nsData2015v1_76X_mcRun2_asymptotic_v12-v1/60000/86CF835D-64B9-E511-8BAB-0025905A48F2.root
%MSG-w XrdAdaptor:  file_open 04-Oct-2023 19:10:18 CEST PostProcessEvent
Data is served from cern.ch instead of original site eospublic
%MSG
04-Oct-2023 19:10:18 CEST  Successfully opened file root://eospublic.cern.ch//eos/opendata/cms/mc/RunIIFall15MiniAODv2/DYJetsToLL_M-5to50_HT-600toInf_TuneCUETP8M1_13TeV-madgraphMLM-pythia8/MINIAODSIM/PU25nsData2015v1_76X_mcRun2_asymptotic_v12-v1/60000/86CF835D-64B9-E511-8BAB-0025905A48F2.root
04-Oct-2023 19:10:22 CEST  Closed file root://eospublic.cern.ch//eos/opendata/cms/mc/RunIIFall15MiniAODv2/DYJetsToLL_M-5to50_HT-600toInf_TuneCUETP8M1_13TeV-madgraphMLM-pythia8/MINIAODSIM/PU25nsData2015v1_76X_mcRun2_asymptotic_v12-v1/60000/86CF835D-64B9-E511-8BAB-0025905A48F2.root
04-Oct-2023 19:10:22 CEST  Initiating request to open file root://eospublic.cern.ch//eos/opendata/cms/mc/RunIIFall15MiniAODv2/DYJetsToLL_M-5to50_HT-600toInf_TuneCUETP8M1_13TeV-madgraphMLM-pythia8/MINIAODSIM/PU25nsData2015v1_76X_mcRun2_asymptotic_v12-v1/60000/ACC5065F-64B9-E511-B59C-0CC47A4C8E16.root
%MSG-w XrdAdaptor:  file_open 04-Oct-2023 19:10:22 CEST PostProcessEvent
Data is served from cern.ch instead of original site eospublic
%MSG
04-Oct-2023 19:10:22 CEST  Successfully opened file root://eospublic.cern.ch//eos/opendata/cms/mc/RunIIFall15MiniAODv2/DYJetsToLL_M-5to50_HT-600toInf_TuneCUETP8M1_13TeV-madgraphMLM-pythia8/MINIAODSIM/PU25nsData2015v1_76X_mcRun2_asymptotic_v12-v1/60000/ACC5065F-64B9-E511-B59C-0CC47A4C8E16.root
Begin processing the 600001st record. Run 1, Event 11965473, LumiSection 6838 at 04-Oct-2023 19:10:26.216 CEST
04-Oct-2023 19:10:26 CEST  Closed file root://eospublic.cern.ch//eos/opendata/cms/mc/RunIIFall15MiniAODv2/DYJetsToLL_M-5to50_HT-600toInf_TuneCUETP8M1_13TeV-madgraphMLM-pythia8/MINIAODSIM/PU25nsData2015v1_76X_mcRun2_asymptotic_v12-v1/60000/ACC5065F-64B9-E511-B59C-0CC47A4C8E16.root
04-Oct-2023 19:10:26 CEST  Initiating request to open file root://eospublic.cern.ch//eos/opendata/cms/mc/RunIIFall15MiniAODv2/DYJetsToLL_M-5to50_HT-600toInf_TuneCUETP8M1_13TeV-madgraphMLM-pythia8/MINIAODSIM/PU25nsData2015v1_76X_mcRun2_asymptotic_v12-v1/60000/B41C2F31-E3B8-E511-A986-0CC47A6C1034.root
%MSG-w XrdAdaptor:  file_open 04-Oct-2023 19:10:26 CEST PostProcessEvent
Data is served from cern.ch instead of original site eospublic
%MSG
04-Oct-2023 19:10:26 CEST  Successfully opened file root://eospublic.cern.ch//eos/opendata/cms/mc/RunIIFall15MiniAODv2/DYJetsToLL_M-5to50_HT-600toInf_TuneCUETP8M1_13TeV-madgraphMLM-pythia8/MINIAODSIM/PU25nsData2015v1_76X_mcRun2_asymptotic_v12-v1/60000/B41C2F31-E3B8-E511-A986-0CC47A6C1034.root
04-Oct-2023 19:10:30 CEST  Closed file root://eospublic.cern.ch//eos/opendata/cms/mc/RunIIFall15MiniAODv2/DYJetsToLL_M-5to50_HT-600toInf_TuneCUETP8M1_13TeV-madgraphMLM-pythia8/MINIAODSIM/PU25nsData2015v1_76X_mcRun2_asymptotic_v12-v1/60000/B41C2F31-E3B8-E511-A986-0CC47A6C1034.root
04-Oct-2023 19:10:30 CEST  Initiating request to open file root://eospublic.cern.ch//eos/opendata/cms/mc/RunIIFall15MiniAODv2/DYJetsToLL_M-5to50_HT-600toInf_TuneCUETP8M1_13TeV-madgraphMLM-pythia8/MINIAODSIM/PU25nsData2015v1_76X_mcRun2_asymptotic_v12-v1/60000/B8613913-E0B8-E511-A164-002590E39D90.root
%MSG-w XrdAdaptor:  file_open 04-Oct-2023 19:10:30 CEST PostProcessEvent
Data is served from cern.ch instead of original site eospublic
%MSG
04-Oct-2023 19:10:30 CEST  Successfully opened file root://eospublic.cern.ch//eos/opendata/cms/mc/RunIIFall15MiniAODv2/DYJetsToLL_M-5to50_HT-600toInf_TuneCUETP8M1_13TeV-madgraphMLM-pythia8/MINIAODSIM/PU25nsData2015v1_76X_mcRun2_asymptotic_v12-v1/60000/B8613913-E0B8-E511-A164-002590E39D90.root
04-Oct-2023 19:10:34 CEST  Closed file root://eospublic.cern.ch//eos/opendata/cms/mc/RunIIFall15MiniAODv2/DYJetsToLL_M-5to50_HT-600toInf_TuneCUETP8M1_13TeV-madgraphMLM-pythia8/MINIAODSIM/PU25nsData2015v1_76X_mcRun2_asymptotic_v12-v1/60000/B8613913-E0B8-E511-A164-002590E39D90.root
04-Oct-2023 19:10:34 CEST  Initiating request to open file root://eospublic.cern.ch//eos/opendata/cms/mc/RunIIFall15MiniAODv2/DYJetsToLL_M-5to50_HT-600toInf_TuneCUETP8M1_13TeV-madgraphMLM-pythia8/MINIAODSIM/PU25nsData2015v1_76X_mcRun2_asymptotic_v12-v1/60000/C2487518-E0B8-E511-915C-0CC47A6C14C8.root
%MSG-w XrdAdaptor:  file_open 04-Oct-2023 19:10:34 CEST PostProcessEvent
Data is served from cern.ch instead of original site eospublic
%MSG
04-Oct-2023 19:10:34 CEST  Successfully opened file root://eospublic.cern.ch//eos/opendata/cms/mc/RunIIFall15MiniAODv2/DYJetsToLL_M-5to50_HT-600toInf_TuneCUETP8M1_13TeV-madgraphMLM-pythia8/MINIAODSIM/PU25nsData2015v1_76X_mcRun2_asymptotic_v12-v1/60000/C2487518-E0B8-E511-915C-0CC47A6C14C8.root
Begin processing the 700001st record. Run 1, Event 2907002, LumiSection 1662 at 04-Oct-2023 19:10:36.090 CEST
04-Oct-2023 19:10:38 CEST  Closed file root://eospublic.cern.ch//eos/opendata/cms/mc/RunIIFall15MiniAODv2/DYJetsToLL_M-5to50_HT-600toInf_TuneCUETP8M1_13TeV-madgraphMLM-pythia8/MINIAODSIM/PU25nsData2015v1_76X_mcRun2_asymptotic_v12-v1/60000/C2487518-E0B8-E511-915C-0CC47A6C14C8.root
04-Oct-2023 19:10:38 CEST  Initiating request to open file root://eospublic.cern.ch//eos/opendata/cms/mc/RunIIFall15MiniAODv2/DYJetsToLL_M-5to50_HT-600toInf_TuneCUETP8M1_13TeV-madgraphMLM-pythia8/MINIAODSIM/PU25nsData2015v1_76X_mcRun2_asymptotic_v12-v1/60000/D09C865C-64B9-E511-BE72-0025905A60B6.root
%MSG-w XrdAdaptor:  file_open 04-Oct-2023 19:10:38 CEST PostProcessEvent
Data is served from cern.ch instead of original site eospublic
%MSG
04-Oct-2023 19:10:38 CEST  Successfully opened file root://eospublic.cern.ch//eos/opendata/cms/mc/RunIIFall15MiniAODv2/DYJetsToLL_M-5to50_HT-600toInf_TuneCUETP8M1_13TeV-madgraphMLM-pythia8/MINIAODSIM/PU25nsData2015v1_76X_mcRun2_asymptotic_v12-v1/60000/D09C865C-64B9-E511-BE72-0025905A60B6.root
04-Oct-2023 19:10:41 CEST  Closed file root://eospublic.cern.ch//eos/opendata/cms/mc/RunIIFall15MiniAODv2/DYJetsToLL_M-5to50_HT-600toInf_TuneCUETP8M1_13TeV-madgraphMLM-pythia8/MINIAODSIM/PU25nsData2015v1_76X_mcRun2_asymptotic_v12-v1/60000/D09C865C-64B9-E511-BE72-0025905A60B6.root
04-Oct-2023 19:10:41 CEST  Initiating request to open file root://eospublic.cern.ch//eos/opendata/cms/mc/RunIIFall15MiniAODv2/DYJetsToLL_M-5to50_HT-600toInf_TuneCUETP8M1_13TeV-madgraphMLM-pythia8/MINIAODSIM/PU25nsData2015v1_76X_mcRun2_asymptotic_v12-v1/60000/D4556E32-E0B8-E511-A786-002590E3A224.root
%MSG-w XrdAdaptor:  file_open 04-Oct-2023 19:10:42 CEST PostProcessEvent
Data is served from cern.ch instead of original site eospublic
%MSG
04-Oct-2023 19:10:42 CEST  Successfully opened file root://eospublic.cern.ch//eos/opendata/cms/mc/RunIIFall15MiniAODv2/DYJetsToLL_M-5to50_HT-600toInf_TuneCUETP8M1_13TeV-madgraphMLM-pythia8/MINIAODSIM/PU25nsData2015v1_76X_mcRun2_asymptotic_v12-v1/60000/D4556E32-E0B8-E511-A786-002590E3A224.root
Begin processing the 800001st record. Run 1, Event 9598741, LumiSection 5485 at 04-Oct-2023 19:10:45.126 CEST
04-Oct-2023 19:10:46 CEST  Closed file root://eospublic.cern.ch//eos/opendata/cms/mc/RunIIFall15MiniAODv2/DYJetsToLL_M-5to50_HT-600toInf_TuneCUETP8M1_13TeV-madgraphMLM-pythia8/MINIAODSIM/PU25nsData2015v1_76X_mcRun2_asymptotic_v12-v1/60000/D4556E32-E0B8-E511-A786-002590E3A224.root
04-Oct-2023 19:10:46 CEST  Initiating request to open file root://eospublic.cern.ch//eos/opendata/cms/mc/RunIIFall15MiniAODv2/DYJetsToLL_M-5to50_HT-600toInf_TuneCUETP8M1_13TeV-madgraphMLM-pythia8/MINIAODSIM/PU25nsData2015v1_76X_mcRun2_asymptotic_v12-v1/60000/DA11F25D-64B9-E511-B68C-0025905A60B0.root
%MSG-w XrdAdaptor:  file_open 04-Oct-2023 19:10:46 CEST PostProcessEvent
Data is served from cern.ch instead of original site eospublic
%MSG
04-Oct-2023 19:10:46 CEST  Successfully opened file root://eospublic.cern.ch//eos/opendata/cms/mc/RunIIFall15MiniAODv2/DYJetsToLL_M-5to50_HT-600toInf_TuneCUETP8M1_13TeV-madgraphMLM-pythia8/MINIAODSIM/PU25nsData2015v1_76X_mcRun2_asymptotic_v12-v1/60000/DA11F25D-64B9-E511-B68C-0025905A60B0.root
04-Oct-2023 19:10:48 CEST  Closed file root://eospublic.cern.ch//eos/opendata/cms/mc/RunIIFall15MiniAODv2/DYJetsToLL_M-5to50_HT-600toInf_TuneCUETP8M1_13TeV-madgraphMLM-pythia8/MINIAODSIM/PU25nsData2015v1_76X_mcRun2_asymptotic_v12-v1/60000/DA11F25D-64B9-E511-B68C-0025905A60B0.root
04-Oct-2023 19:10:48 CEST  Initiating request to open file root://eospublic.cern.ch//eos/opendata/cms/mc/RunIIFall15MiniAODv2/DYJetsToLL_M-5to50_HT-600toInf_TuneCUETP8M1_13TeV-madgraphMLM-pythia8/MINIAODSIM/PU25nsData2015v1_76X_mcRun2_asymptotic_v12-v1/60000/E41B5100-E1B8-E511-981C-0CC47A13D052.root
%MSG-w XrdAdaptor:  file_open 04-Oct-2023 19:10:48 CEST PostProcessEvent
Data is served from cern.ch instead of original site eospublic
%MSG
04-Oct-2023 19:10:48 CEST  Successfully opened file root://eospublic.cern.ch//eos/opendata/cms/mc/RunIIFall15MiniAODv2/DYJetsToLL_M-5to50_HT-600toInf_TuneCUETP8M1_13TeV-madgraphMLM-pythia8/MINIAODSIM/PU25nsData2015v1_76X_mcRun2_asymptotic_v12-v1/60000/E41B5100-E1B8-E511-981C-0CC47A13D052.root
04-Oct-2023 19:10:52 CEST  Closed file root://eospublic.cern.ch//eos/opendata/cms/mc/RunIIFall15MiniAODv2/DYJetsToLL_M-5to50_HT-600toInf_TuneCUETP8M1_13TeV-madgraphMLM-pythia8/MINIAODSIM/PU25nsData2015v1_76X_mcRun2_asymptotic_v12-v1/60000/E41B5100-E1B8-E511-981C-0CC47A13D052.root
04-Oct-2023 19:10:52 CEST  Initiating request to open file root://eospublic.cern.ch//eos/opendata/cms/mc/RunIIFall15MiniAODv2/DYJetsToLL_M-5to50_HT-600toInf_TuneCUETP8M1_13TeV-madgraphMLM-pythia8/MINIAODSIM/PU25nsData2015v1_76X_mcRun2_asymptotic_v12-v1/60000/E4E9865F-64B9-E511-BBA6-0025905A612E.root
%MSG-w XrdAdaptor:  file_open 04-Oct-2023 19:10:52 CEST PostProcessEvent
Data is served from cern.ch instead of original site eospublic
%MSG
04-Oct-2023 19:10:52 CEST  Successfully opened file root://eospublic.cern.ch//eos/opendata/cms/mc/RunIIFall15MiniAODv2/DYJetsToLL_M-5to50_HT-600toInf_TuneCUETP8M1_13TeV-madgraphMLM-pythia8/MINIAODSIM/PU25nsData2015v1_76X_mcRun2_asymptotic_v12-v1/60000/E4E9865F-64B9-E511-BBA6-0025905A612E.root
Begin processing the 900001st record. Run 1, Event 886129, LumiSection 507 at 04-Oct-2023 19:10:55.011 CEST
04-Oct-2023 19:10:56 CEST  Closed file root://eospublic.cern.ch//eos/opendata/cms/mc/RunIIFall15MiniAODv2/DYJetsToLL_M-5to50_HT-600toInf_TuneCUETP8M1_13TeV-madgraphMLM-pythia8/MINIAODSIM/PU25nsData2015v1_76X_mcRun2_asymptotic_v12-v1/60000/E4E9865F-64B9-E511-BBA6-0025905A612E.root
04-Oct-2023 19:10:56 CEST  Initiating request to open file root://eospublic.cern.ch//eos/opendata/cms/mc/RunIIFall15MiniAODv2/DYJetsToLL_M-5to50_HT-600toInf_TuneCUETP8M1_13TeV-madgraphMLM-pythia8/MINIAODSIM/PU25nsData2015v1_76X_mcRun2_asymptotic_v12-v1/60000/EA0EBEC8-DFB8-E511-815F-90B11C1DBFB4.root
%MSG-w XrdAdaptor:  file_open 04-Oct-2023 19:10:56 CEST PostProcessEvent
Data is served from cern.ch instead of original site eospublic
%MSG
04-Oct-2023 19:10:56 CEST  Successfully opened file root://eospublic.cern.ch//eos/opendata/cms/mc/RunIIFall15MiniAODv2/DYJetsToLL_M-5to50_HT-600toInf_TuneCUETP8M1_13TeV-madgraphMLM-pythia8/MINIAODSIM/PU25nsData2015v1_76X_mcRun2_asymptotic_v12-v1/60000/EA0EBEC8-DFB8-E511-815F-90B11C1DBFB4.root
04-Oct-2023 19:11:00 CEST  Closed file root://eospublic.cern.ch//eos/opendata/cms/mc/RunIIFall15MiniAODv2/DYJetsToLL_M-5to50_HT-600toInf_TuneCUETP8M1_13TeV-madgraphMLM-pythia8/MINIAODSIM/PU25nsData2015v1_76X_mcRun2_asymptotic_v12-v1/60000/EA0EBEC8-DFB8-E511-815F-90B11C1DBFB4.root
04-Oct-2023 19:11:00 CEST  Initiating request to open file root://eospublic.cern.ch//eos/opendata/cms/mc/RunIIFall15MiniAODv2/DYJetsToLL_M-5to50_HT-600toInf_TuneCUETP8M1_13TeV-madgraphMLM-pythia8/MINIAODSIM/PU25nsData2015v1_76X_mcRun2_asymptotic_v12-v1/60000/F67BC957-E0B8-E511-B9FF-90B11C2C93C9.root
%MSG-w XrdAdaptor:  file_open 04-Oct-2023 19:11:00 CEST PostProcessEvent
Data is served from cern.ch instead of original site eospublic
%MSG
04-Oct-2023 19:11:00 CEST  Successfully opened file root://eospublic.cern.ch//eos/opendata/cms/mc/RunIIFall15MiniAODv2/DYJetsToLL_M-5to50_HT-600toInf_TuneCUETP8M1_13TeV-madgraphMLM-pythia8/MINIAODSIM/PU25nsData2015v1_76X_mcRun2_asymptotic_v12-v1/60000/F67BC957-E0B8-E511-B9FF-90B11C2C93C9.root
Begin processing the 1000001st record. Run 1, Event 9158617, LumiSection 5234 at 04-Oct-2023 19:11:03.973 CEST
      0.003741      0.000000      0.008093             1
      0.592239      0.000004      0.028032             2
      3.337731      0.000025      0.028032             3
      9.819062      0.000073      0.028032             4
 
04-Oct-2023 19:11:05 CEST  Closed file root://eospublic.cern.ch//eos/opendata/cms/mc/RunIIFall15MiniAODv2/DYJetsToLL_M-5to50_HT-600toInf_TuneCUETP8M1_13TeV-madgraphMLM-pythia8/MINIAODSIM/PU25nsData2015v1_76X_mcRun2_asymptotic_v12-v1/60000/F67BC957-E0B8-E511-B9FF-90B11C2C93C9.root

------------------------------------
GenXsecAnalyzer:
------------------------------------
-------------------------------------------------------------------------------------------------------------------------------------------------------------------------- 
Overall cross-section summary 
--------------------------------------------------------------------------------------------------------------------------------------------------------------------------
Process		xsec_before [pb]		passed	nposw	nnegw	tried	nposw	nnegw 	xsec_match [pb]			accepted [%]	 event_eff [%]
0		3.732e-03 +/- 1.394e-07		119	119	0	2158	2158	0	2.058e-04 +/- 1.834e-05		5.5 +/- 0.5	5.5 +/- 0.5
1		5.924e-01 +/- 1.148e-05		31072	31072	0	556517	556517	0	3.307e-02 +/- 1.823e-04		5.6 +/- 0.0	5.6 +/- 0.0
2		3.338e+00 +/- 6.464e-05		95456	95456	0	3108625	3108625	0	1.025e-01 +/- 3.266e-04		3.1 +/- 0.0	3.1 +/- 0.0
3		9.819e+00 +/- 1.901e-04		892747	892747	0	9083700	9083700	0	9.650e-01 +/- 9.700e-04		9.8 +/- 0.0	9.8 +/- 0.0
-------------------------------------------------------------------------------------------------------------------------------------------------------------------------- 
Total		1.375e+01 +/- 2.012e-04		1019394	1019394	0	12751000	12751000	0	1.099e+00 +/- 1.045e-03		8.0 +/- 0.0	8.0 +/- 0.0
--------------------------------------------------------------------------------------------------------------------------------------------------------------------------
Before matching: total cross section = 1.375e+01 +- 2.012e-04 pb
After matching: total cross section = 1.099e+00 +- 1.045e-03 pb
Filter efficiency (taking into account weights)= (1.01939e+06) / (1.01939e+06) = 1.000e+00 +- 0.000e+00
Filter efficiency (event-level)= (1.01939e+06) / (1.01939e+06) = 1.000e+00 +- 0.000e+00
After filter: final cross section = 1.099e+00 +- 1.045e-03 pb

=============================================

MessageLogger Summary

 type     category        sev    module        subroutine        count    total
 ---- -------------------- -- ---------------- ----------------  -----    -----
    1 GenXSecAnalyzer      -w GenXSecAnalyzer:                      15       15
    2 XrdAdaptor           -w file_open                             25       25
    3 fileAction           -s file_close                            25       25
    4 fileAction           -s file_open                             50       50

 type    category    Examples: run/evt        run/evt          run/evt
 ---- -------------------- ---------------- ---------------- ----------------
    1 GenXSecAnalyzer      PostEndRun       PostEndRun       PostEndRun
    2 XrdAdaptor           pre-events       PostProcessEvent PostProcessEvent
    3 fileAction           PostProcessEvent PostProcessEvent PostEndRun
    4 fileAction           pre-events       pre-events       PostProcessEvent

Severity    # Occurrences   Total Occurrences
--------    -------------   -----------------
Warning                40                  40
System                 75                  75
