05-Oct-2023 02:11:57 CEST  Initiating request to open file root://eospublic.cern.ch//eos/opendata/cms/mc/RunIIFall15MiniAODv2/DYJetsToTauTau_ForcedMuDecay_M-50_TuneCUETP8M1_13TeV-amcatnloFXFX-pythia8/MINIAODSIM/PU25nsData2015v1_76X_mcRun2_asymptotic_v12-v1/00000/0EBE7CF5-F7C8-E511-B6F2-0025905C2CBC.root
%MSG-w XrdAdaptor:  file_open 05-Oct-2023 02:11:58 CEST pre-events
Data is served from cern.ch instead of original site eospublic
%MSG
05-Oct-2023 02:12:00 CEST  Successfully opened file root://eospublic.cern.ch//eos/opendata/cms/mc/RunIIFall15MiniAODv2/DYJetsToTauTau_ForcedMuDecay_M-50_TuneCUETP8M1_13TeV-amcatnloFXFX-pythia8/MINIAODSIM/PU25nsData2015v1_76X_mcRun2_asymptotic_v12-v1/00000/0EBE7CF5-F7C8-E511-B6F2-0025905C2CBC.root
Begin processing the 1st record. Run 1, Event 188958, LumiSection 335 at 05-Oct-2023 02:12:00.956 CEST
05-Oct-2023 02:12:01 CEST  Closed file root://eospublic.cern.ch//eos/opendata/cms/mc/RunIIFall15MiniAODv2/DYJetsToTauTau_ForcedMuDecay_M-50_TuneCUETP8M1_13TeV-amcatnloFXFX-pythia8/MINIAODSIM/PU25nsData2015v1_76X_mcRun2_asymptotic_v12-v1/00000/0EBE7CF5-F7C8-E511-B6F2-0025905C2CBC.root
05-Oct-2023 02:12:01 CEST  Initiating request to open file root://eospublic.cern.ch//eos/opendata/cms/mc/RunIIFall15MiniAODv2/DYJetsToTauTau_ForcedMuDecay_M-50_TuneCUETP8M1_13TeV-amcatnloFXFX-pythia8/MINIAODSIM/PU25nsData2015v1_76X_mcRun2_asymptotic_v12-v1/20000/186E6EA6-30CA-E511-A25A-001517F8083C.root
%MSG-w XrdAdaptor:  file_open 05-Oct-2023 02:12:01 CEST PostProcessEvent
Data is served from cern.ch instead of original site eospublic
%MSG
05-Oct-2023 02:12:01 CEST  Successfully opened file root://eospublic.cern.ch//eos/opendata/cms/mc/RunIIFall15MiniAODv2/DYJetsToTauTau_ForcedMuDecay_M-50_TuneCUETP8M1_13TeV-amcatnloFXFX-pythia8/MINIAODSIM/PU25nsData2015v1_76X_mcRun2_asymptotic_v12-v1/20000/186E6EA6-30CA-E511-A25A-001517F8083C.root
05-Oct-2023 02:12:04 CEST  Closed file root://eospublic.cern.ch//eos/opendata/cms/mc/RunIIFall15MiniAODv2/DYJetsToTauTau_ForcedMuDecay_M-50_TuneCUETP8M1_13TeV-amcatnloFXFX-pythia8/MINIAODSIM/PU25nsData2015v1_76X_mcRun2_asymptotic_v12-v1/20000/186E6EA6-30CA-E511-A25A-001517F8083C.root
05-Oct-2023 02:12:04 CEST  Initiating request to open file root://eospublic.cern.ch//eos/opendata/cms/mc/RunIIFall15MiniAODv2/DYJetsToTauTau_ForcedMuDecay_M-50_TuneCUETP8M1_13TeV-amcatnloFXFX-pythia8/MINIAODSIM/PU25nsData2015v1_76X_mcRun2_asymptotic_v12-v1/20000/3A69566F-E5C9-E511-B826-74867AF198F1.root
%MSG-w XrdAdaptor:  file_open 05-Oct-2023 02:12:04 CEST PostProcessEvent
Data is served from cern.ch instead of original site eospublic
%MSG
05-Oct-2023 02:12:04 CEST  Successfully opened file root://eospublic.cern.ch//eos/opendata/cms/mc/RunIIFall15MiniAODv2/DYJetsToTauTau_ForcedMuDecay_M-50_TuneCUETP8M1_13TeV-amcatnloFXFX-pythia8/MINIAODSIM/PU25nsData2015v1_76X_mcRun2_asymptotic_v12-v1/20000/3A69566F-E5C9-E511-B826-74867AF198F1.root
05-Oct-2023 02:12:07 CEST  Closed file root://eospublic.cern.ch//eos/opendata/cms/mc/RunIIFall15MiniAODv2/DYJetsToTauTau_ForcedMuDecay_M-50_TuneCUETP8M1_13TeV-amcatnloFXFX-pythia8/MINIAODSIM/PU25nsData2015v1_76X_mcRun2_asymptotic_v12-v1/20000/3A69566F-E5C9-E511-B826-74867AF198F1.root
05-Oct-2023 02:12:07 CEST  Initiating request to open file root://eospublic.cern.ch//eos/opendata/cms/mc/RunIIFall15MiniAODv2/DYJetsToTauTau_ForcedMuDecay_M-50_TuneCUETP8M1_13TeV-amcatnloFXFX-pythia8/MINIAODSIM/PU25nsData2015v1_76X_mcRun2_asymptotic_v12-v1/20000/901EFE12-F8C9-E511-AC35-001E67A3EC05.root
%MSG-w XrdAdaptor:  file_open 05-Oct-2023 02:12:07 CEST PostProcessEvent
Data is served from cern.ch instead of original site eospublic
%MSG
05-Oct-2023 02:12:07 CEST  Successfully opened file root://eospublic.cern.ch//eos/opendata/cms/mc/RunIIFall15MiniAODv2/DYJetsToTauTau_ForcedMuDecay_M-50_TuneCUETP8M1_13TeV-amcatnloFXFX-pythia8/MINIAODSIM/PU25nsData2015v1_76X_mcRun2_asymptotic_v12-v1/20000/901EFE12-F8C9-E511-AC35-001E67A3EC05.root
Begin processing the 100001st record. Run 1, Event 1599024, LumiSection 2831 at 05-Oct-2023 02:12:09.002 CEST
05-Oct-2023 02:12:10 CEST  Closed file root://eospublic.cern.ch//eos/opendata/cms/mc/RunIIFall15MiniAODv2/DYJetsToTauTau_ForcedMuDecay_M-50_TuneCUETP8M1_13TeV-amcatnloFXFX-pythia8/MINIAODSIM/PU25nsData2015v1_76X_mcRun2_asymptotic_v12-v1/20000/901EFE12-F8C9-E511-AC35-001E67A3EC05.root
05-Oct-2023 02:12:10 CEST  Initiating request to open file root://eospublic.cern.ch//eos/opendata/cms/mc/RunIIFall15MiniAODv2/DYJetsToTauTau_ForcedMuDecay_M-50_TuneCUETP8M1_13TeV-amcatnloFXFX-pythia8/MINIAODSIM/PU25nsData2015v1_76X_mcRun2_asymptotic_v12-v1/20000/BE635304-11CA-E511-83A4-001E67DDC051.root
%MSG-w XrdAdaptor:  file_open 05-Oct-2023 02:12:10 CEST PostProcessEvent
Data is served from cern.ch instead of original site eospublic
%MSG
05-Oct-2023 02:12:10 CEST  Successfully opened file root://eospublic.cern.ch//eos/opendata/cms/mc/RunIIFall15MiniAODv2/DYJetsToTauTau_ForcedMuDecay_M-50_TuneCUETP8M1_13TeV-amcatnloFXFX-pythia8/MINIAODSIM/PU25nsData2015v1_76X_mcRun2_asymptotic_v12-v1/20000/BE635304-11CA-E511-83A4-001E67DDC051.root
05-Oct-2023 02:12:13 CEST  Closed file root://eospublic.cern.ch//eos/opendata/cms/mc/RunIIFall15MiniAODv2/DYJetsToTauTau_ForcedMuDecay_M-50_TuneCUETP8M1_13TeV-amcatnloFXFX-pythia8/MINIAODSIM/PU25nsData2015v1_76X_mcRun2_asymptotic_v12-v1/20000/BE635304-11CA-E511-83A4-001E67DDC051.root
05-Oct-2023 02:12:13 CEST  Initiating request to open file root://eospublic.cern.ch//eos/opendata/cms/mc/RunIIFall15MiniAODv2/DYJetsToTauTau_ForcedMuDecay_M-50_TuneCUETP8M1_13TeV-amcatnloFXFX-pythia8/MINIAODSIM/PU25nsData2015v1_76X_mcRun2_asymptotic_v12-v1/20000/C8A72961-35CA-E511-BC7E-001E67A3F70E.root
%MSG-w XrdAdaptor:  file_open 05-Oct-2023 02:12:13 CEST PostProcessEvent
Data is served from cern.ch instead of original site eospublic
%MSG
05-Oct-2023 02:12:13 CEST  Successfully opened file root://eospublic.cern.ch//eos/opendata/cms/mc/RunIIFall15MiniAODv2/DYJetsToTauTau_ForcedMuDecay_M-50_TuneCUETP8M1_13TeV-amcatnloFXFX-pythia8/MINIAODSIM/PU25nsData2015v1_76X_mcRun2_asymptotic_v12-v1/20000/C8A72961-35CA-E511-BC7E-001E67A3F70E.root
05-Oct-2023 02:12:16 CEST  Closed file root://eospublic.cern.ch//eos/opendata/cms/mc/RunIIFall15MiniAODv2/DYJetsToTauTau_ForcedMuDecay_M-50_TuneCUETP8M1_13TeV-amcatnloFXFX-pythia8/MINIAODSIM/PU25nsData2015v1_76X_mcRun2_asymptotic_v12-v1/20000/C8A72961-35CA-E511-BC7E-001E67A3F70E.root
05-Oct-2023 02:12:16 CEST  Initiating request to open file root://eospublic.cern.ch//eos/opendata/cms/mc/RunIIFall15MiniAODv2/DYJetsToTauTau_ForcedMuDecay_M-50_TuneCUETP8M1_13TeV-amcatnloFXFX-pythia8/MINIAODSIM/PU25nsData2015v1_76X_mcRun2_asymptotic_v12-v1/20000/CCC96A04-E0C9-E511-B094-782BCB5301D0.root
%MSG-w XrdAdaptor:  file_open 05-Oct-2023 02:12:16 CEST PostProcessEvent
Data is served from cern.ch instead of original site eospublic
%MSG
05-Oct-2023 02:12:16 CEST  Successfully opened file root://eospublic.cern.ch//eos/opendata/cms/mc/RunIIFall15MiniAODv2/DYJetsToTauTau_ForcedMuDecay_M-50_TuneCUETP8M1_13TeV-amcatnloFXFX-pythia8/MINIAODSIM/PU25nsData2015v1_76X_mcRun2_asymptotic_v12-v1/20000/CCC96A04-E0C9-E511-B094-782BCB5301D0.root
Begin processing the 200001st record. Run 1, Event 2435563, LumiSection 4312 at 05-Oct-2023 02:12:17.195 CEST
05-Oct-2023 02:12:19 CEST  Closed file root://eospublic.cern.ch//eos/opendata/cms/mc/RunIIFall15MiniAODv2/DYJetsToTauTau_ForcedMuDecay_M-50_TuneCUETP8M1_13TeV-amcatnloFXFX-pythia8/MINIAODSIM/PU25nsData2015v1_76X_mcRun2_asymptotic_v12-v1/20000/CCC96A04-E0C9-E511-B094-782BCB5301D0.root
05-Oct-2023 02:12:19 CEST  Initiating request to open file root://eospublic.cern.ch//eos/opendata/cms/mc/RunIIFall15MiniAODv2/DYJetsToTauTau_ForcedMuDecay_M-50_TuneCUETP8M1_13TeV-amcatnloFXFX-pythia8/MINIAODSIM/PU25nsData2015v1_76X_mcRun2_asymptotic_v12-v1/20000/D20D1ED5-EEC9-E511-B09A-B083FECF8ACE.root
%MSG-w XrdAdaptor:  file_open 05-Oct-2023 02:12:19 CEST PostProcessEvent
Data is served from cern.ch instead of original site eospublic
%MSG
05-Oct-2023 02:12:19 CEST  Successfully opened file root://eospublic.cern.ch//eos/opendata/cms/mc/RunIIFall15MiniAODv2/DYJetsToTauTau_ForcedMuDecay_M-50_TuneCUETP8M1_13TeV-amcatnloFXFX-pythia8/MINIAODSIM/PU25nsData2015v1_76X_mcRun2_asymptotic_v12-v1/20000/D20D1ED5-EEC9-E511-B09A-B083FECF8ACE.root
05-Oct-2023 02:12:20 CEST  Closed file root://eospublic.cern.ch//eos/opendata/cms/mc/RunIIFall15MiniAODv2/DYJetsToTauTau_ForcedMuDecay_M-50_TuneCUETP8M1_13TeV-amcatnloFXFX-pythia8/MINIAODSIM/PU25nsData2015v1_76X_mcRun2_asymptotic_v12-v1/20000/D20D1ED5-EEC9-E511-B09A-B083FECF8ACE.root
05-Oct-2023 02:12:20 CEST  Initiating request to open file root://eospublic.cern.ch//eos/opendata/cms/mc/RunIIFall15MiniAODv2/DYJetsToTauTau_ForcedMuDecay_M-50_TuneCUETP8M1_13TeV-amcatnloFXFX-pythia8/MINIAODSIM/PU25nsData2015v1_76X_mcRun2_asymptotic_v12-v1/20000/DEE1CE91-C3CA-E511-8827-549F3525B9A0.root
%MSG-w XrdAdaptor:  file_open 05-Oct-2023 02:12:20 CEST PostProcessEvent
Data is served from cern.ch instead of original site eospublic
%MSG
05-Oct-2023 02:12:20 CEST  Successfully opened file root://eospublic.cern.ch//eos/opendata/cms/mc/RunIIFall15MiniAODv2/DYJetsToTauTau_ForcedMuDecay_M-50_TuneCUETP8M1_13TeV-amcatnloFXFX-pythia8/MINIAODSIM/PU25nsData2015v1_76X_mcRun2_asymptotic_v12-v1/20000/DEE1CE91-C3CA-E511-8827-549F3525B9A0.root
05-Oct-2023 02:12:21 CEST  Closed file root://eospublic.cern.ch//eos/opendata/cms/mc/RunIIFall15MiniAODv2/DYJetsToTauTau_ForcedMuDecay_M-50_TuneCUETP8M1_13TeV-amcatnloFXFX-pythia8/MINIAODSIM/PU25nsData2015v1_76X_mcRun2_asymptotic_v12-v1/20000/DEE1CE91-C3CA-E511-8827-549F3525B9A0.root
05-Oct-2023 02:12:21 CEST  Initiating request to open file root://eospublic.cern.ch//eos/opendata/cms/mc/RunIIFall15MiniAODv2/DYJetsToTauTau_ForcedMuDecay_M-50_TuneCUETP8M1_13TeV-amcatnloFXFX-pythia8/MINIAODSIM/PU25nsData2015v1_76X_mcRun2_asymptotic_v12-v1/20000/EA037FA9-C3CA-E511-9942-001E67A3ED40.root
%MSG-w XrdAdaptor:  file_open 05-Oct-2023 02:12:21 CEST PostProcessEvent
Data is served from cern.ch instead of original site eospublic
%MSG
05-Oct-2023 02:12:21 CEST  Successfully opened file root://eospublic.cern.ch//eos/opendata/cms/mc/RunIIFall15MiniAODv2/DYJetsToTauTau_ForcedMuDecay_M-50_TuneCUETP8M1_13TeV-amcatnloFXFX-pythia8/MINIAODSIM/PU25nsData2015v1_76X_mcRun2_asymptotic_v12-v1/20000/EA037FA9-C3CA-E511-9942-001E67A3ED40.root
05-Oct-2023 02:12:22 CEST  Closed file root://eospublic.cern.ch//eos/opendata/cms/mc/RunIIFall15MiniAODv2/DYJetsToTauTau_ForcedMuDecay_M-50_TuneCUETP8M1_13TeV-amcatnloFXFX-pythia8/MINIAODSIM/PU25nsData2015v1_76X_mcRun2_asymptotic_v12-v1/20000/EA037FA9-C3CA-E511-9942-001E67A3ED40.root
05-Oct-2023 02:12:22 CEST  Initiating request to open file root://eospublic.cern.ch//eos/opendata/cms/mc/RunIIFall15MiniAODv2/DYJetsToTauTau_ForcedMuDecay_M-50_TuneCUETP8M1_13TeV-amcatnloFXFX-pythia8/MINIAODSIM/PU25nsData2015v1_76X_mcRun2_asymptotic_v12-v1/20000/FA3594D8-10CA-E511-9CA4-001E67A4061D.root
%MSG-w XrdAdaptor:  file_open 05-Oct-2023 02:12:22 CEST PostProcessEvent
Data is served from cern.ch instead of original site eospublic
%MSG
05-Oct-2023 02:12:22 CEST  Successfully opened file root://eospublic.cern.ch//eos/opendata/cms/mc/RunIIFall15MiniAODv2/DYJetsToTauTau_ForcedMuDecay_M-50_TuneCUETP8M1_13TeV-amcatnloFXFX-pythia8/MINIAODSIM/PU25nsData2015v1_76X_mcRun2_asymptotic_v12-v1/20000/FA3594D8-10CA-E511-9CA4-001E67A4061D.root
Begin processing the 300001st record. Run 1, Event 2808506, LumiSection 4972 at 05-Oct-2023 02:12:25.845 CEST
05-Oct-2023 02:12:26 CEST  Closed file root://eospublic.cern.ch//eos/opendata/cms/mc/RunIIFall15MiniAODv2/DYJetsToTauTau_ForcedMuDecay_M-50_TuneCUETP8M1_13TeV-amcatnloFXFX-pythia8/MINIAODSIM/PU25nsData2015v1_76X_mcRun2_asymptotic_v12-v1/20000/FA3594D8-10CA-E511-9CA4-001E67A4061D.root
05-Oct-2023 02:12:26 CEST  Initiating request to open file root://eospublic.cern.ch//eos/opendata/cms/mc/RunIIFall15MiniAODv2/DYJetsToTauTau_ForcedMuDecay_M-50_TuneCUETP8M1_13TeV-amcatnloFXFX-pythia8/MINIAODSIM/PU25nsData2015v1_76X_mcRun2_asymptotic_v12-v1/60000/029A1E2C-E5C9-E511-8F92-C81F66B78FF5.root
%MSG-w XrdAdaptor:  file_open 05-Oct-2023 02:12:26 CEST PostProcessEvent
Data is served from cern.ch instead of original site eospublic
%MSG
05-Oct-2023 02:12:26 CEST  Successfully opened file root://eospublic.cern.ch//eos/opendata/cms/mc/RunIIFall15MiniAODv2/DYJetsToTauTau_ForcedMuDecay_M-50_TuneCUETP8M1_13TeV-amcatnloFXFX-pythia8/MINIAODSIM/PU25nsData2015v1_76X_mcRun2_asymptotic_v12-v1/60000/029A1E2C-E5C9-E511-8F92-C81F66B78FF5.root
05-Oct-2023 02:12:29 CEST  Closed file root://eospublic.cern.ch//eos/opendata/cms/mc/RunIIFall15MiniAODv2/DYJetsToTauTau_ForcedMuDecay_M-50_TuneCUETP8M1_13TeV-amcatnloFXFX-pythia8/MINIAODSIM/PU25nsData2015v1_76X_mcRun2_asymptotic_v12-v1/60000/029A1E2C-E5C9-E511-8F92-C81F66B78FF5.root
05-Oct-2023 02:12:29 CEST  Initiating request to open file root://eospublic.cern.ch//eos/opendata/cms/mc/RunIIFall15MiniAODv2/DYJetsToTauTau_ForcedMuDecay_M-50_TuneCUETP8M1_13TeV-amcatnloFXFX-pythia8/MINIAODSIM/PU25nsData2015v1_76X_mcRun2_asymptotic_v12-v1/60000/0C3C74E5-6ACA-E511-A897-0025905C95FA.root
%MSG-w XrdAdaptor:  file_open 05-Oct-2023 02:12:29 CEST PostProcessEvent
Data is served from cern.ch instead of original site eospublic
%MSG
05-Oct-2023 02:12:29 CEST  Successfully opened file root://eospublic.cern.ch//eos/opendata/cms/mc/RunIIFall15MiniAODv2/DYJetsToTauTau_ForcedMuDecay_M-50_TuneCUETP8M1_13TeV-amcatnloFXFX-pythia8/MINIAODSIM/PU25nsData2015v1_76X_mcRun2_asymptotic_v12-v1/60000/0C3C74E5-6ACA-E511-A897-0025905C95FA.root
05-Oct-2023 02:12:30 CEST  Closed file root://eospublic.cern.ch//eos/opendata/cms/mc/RunIIFall15MiniAODv2/DYJetsToTauTau_ForcedMuDecay_M-50_TuneCUETP8M1_13TeV-amcatnloFXFX-pythia8/MINIAODSIM/PU25nsData2015v1_76X_mcRun2_asymptotic_v12-v1/60000/0C3C74E5-6ACA-E511-A897-0025905C95FA.root
05-Oct-2023 02:12:30 CEST  Initiating request to open file root://eospublic.cern.ch//eos/opendata/cms/mc/RunIIFall15MiniAODv2/DYJetsToTauTau_ForcedMuDecay_M-50_TuneCUETP8M1_13TeV-amcatnloFXFX-pythia8/MINIAODSIM/PU25nsData2015v1_76X_mcRun2_asymptotic_v12-v1/60000/1085070C-F6C9-E511-9483-782BCB21110D.root
%MSG-w XrdAdaptor:  file_open 05-Oct-2023 02:12:30 CEST PostProcessEvent
Data is served from cern.ch instead of original site eospublic
%MSG
05-Oct-2023 02:12:30 CEST  Successfully opened file root://eospublic.cern.ch//eos/opendata/cms/mc/RunIIFall15MiniAODv2/DYJetsToTauTau_ForcedMuDecay_M-50_TuneCUETP8M1_13TeV-amcatnloFXFX-pythia8/MINIAODSIM/PU25nsData2015v1_76X_mcRun2_asymptotic_v12-v1/60000/1085070C-F6C9-E511-9483-782BCB21110D.root
Begin processing the 400001st record. Run 1, Event 4362718, LumiSection 7723 at 05-Oct-2023 02:12:33.813 CEST
05-Oct-2023 02:12:33 CEST  Closed file root://eospublic.cern.ch//eos/opendata/cms/mc/RunIIFall15MiniAODv2/DYJetsToTauTau_ForcedMuDecay_M-50_TuneCUETP8M1_13TeV-amcatnloFXFX-pythia8/MINIAODSIM/PU25nsData2015v1_76X_mcRun2_asymptotic_v12-v1/60000/1085070C-F6C9-E511-9483-782BCB21110D.root
05-Oct-2023 02:12:33 CEST  Initiating request to open file root://eospublic.cern.ch//eos/opendata/cms/mc/RunIIFall15MiniAODv2/DYJetsToTauTau_ForcedMuDecay_M-50_TuneCUETP8M1_13TeV-amcatnloFXFX-pythia8/MINIAODSIM/PU25nsData2015v1_76X_mcRun2_asymptotic_v12-v1/60000/22CDF559-F1C9-E511-A78F-C81F66B78E01.root
%MSG-w XrdAdaptor:  file_open 05-Oct-2023 02:12:33 CEST PostProcessEvent
Data is served from cern.ch instead of original site eospublic
%MSG
05-Oct-2023 02:12:33 CEST  Successfully opened file root://eospublic.cern.ch//eos/opendata/cms/mc/RunIIFall15MiniAODv2/DYJetsToTauTau_ForcedMuDecay_M-50_TuneCUETP8M1_13TeV-amcatnloFXFX-pythia8/MINIAODSIM/PU25nsData2015v1_76X_mcRun2_asymptotic_v12-v1/60000/22CDF559-F1C9-E511-A78F-C81F66B78E01.root
05-Oct-2023 02:12:36 CEST  Closed file root://eospublic.cern.ch//eos/opendata/cms/mc/RunIIFall15MiniAODv2/DYJetsToTauTau_ForcedMuDecay_M-50_TuneCUETP8M1_13TeV-amcatnloFXFX-pythia8/MINIAODSIM/PU25nsData2015v1_76X_mcRun2_asymptotic_v12-v1/60000/22CDF559-F1C9-E511-A78F-C81F66B78E01.root
05-Oct-2023 02:12:36 CEST  Initiating request to open file root://eospublic.cern.ch//eos/opendata/cms/mc/RunIIFall15MiniAODv2/DYJetsToTauTau_ForcedMuDecay_M-50_TuneCUETP8M1_13TeV-amcatnloFXFX-pythia8/MINIAODSIM/PU25nsData2015v1_76X_mcRun2_asymptotic_v12-v1/60000/24367EBE-07CA-E511-87C1-001E6758651B.root
%MSG-w XrdAdaptor:  file_open 05-Oct-2023 02:12:36 CEST PostProcessEvent
Data is served from cern.ch instead of original site eospublic
%MSG
05-Oct-2023 02:12:36 CEST  Successfully opened file root://eospublic.cern.ch//eos/opendata/cms/mc/RunIIFall15MiniAODv2/DYJetsToTauTau_ForcedMuDecay_M-50_TuneCUETP8M1_13TeV-amcatnloFXFX-pythia8/MINIAODSIM/PU25nsData2015v1_76X_mcRun2_asymptotic_v12-v1/60000/24367EBE-07CA-E511-87C1-001E6758651B.root
05-Oct-2023 02:12:39 CEST  Closed file root://eospublic.cern.ch//eos/opendata/cms/mc/RunIIFall15MiniAODv2/DYJetsToTauTau_ForcedMuDecay_M-50_TuneCUETP8M1_13TeV-amcatnloFXFX-pythia8/MINIAODSIM/PU25nsData2015v1_76X_mcRun2_asymptotic_v12-v1/60000/24367EBE-07CA-E511-87C1-001E6758651B.root
05-Oct-2023 02:12:39 CEST  Initiating request to open file root://eospublic.cern.ch//eos/opendata/cms/mc/RunIIFall15MiniAODv2/DYJetsToTauTau_ForcedMuDecay_M-50_TuneCUETP8M1_13TeV-amcatnloFXFX-pythia8/MINIAODSIM/PU25nsData2015v1_76X_mcRun2_asymptotic_v12-v1/60000/2C6E8F8F-BCCA-E511-B9F5-141877410522.root
%MSG-w XrdAdaptor:  file_open 05-Oct-2023 02:12:39 CEST PostProcessEvent
Data is served from cern.ch instead of original site eospublic
%MSG
05-Oct-2023 02:12:39 CEST  Successfully opened file root://eospublic.cern.ch//eos/opendata/cms/mc/RunIIFall15MiniAODv2/DYJetsToTauTau_ForcedMuDecay_M-50_TuneCUETP8M1_13TeV-amcatnloFXFX-pythia8/MINIAODSIM/PU25nsData2015v1_76X_mcRun2_asymptotic_v12-v1/60000/2C6E8F8F-BCCA-E511-B9F5-141877410522.root
05-Oct-2023 02:12:40 CEST  Closed file root://eospublic.cern.ch//eos/opendata/cms/mc/RunIIFall15MiniAODv2/DYJetsToTauTau_ForcedMuDecay_M-50_TuneCUETP8M1_13TeV-amcatnloFXFX-pythia8/MINIAODSIM/PU25nsData2015v1_76X_mcRun2_asymptotic_v12-v1/60000/2C6E8F8F-BCCA-E511-B9F5-141877410522.root
05-Oct-2023 02:12:40 CEST  Initiating request to open file root://eospublic.cern.ch//eos/opendata/cms/mc/RunIIFall15MiniAODv2/DYJetsToTauTau_ForcedMuDecay_M-50_TuneCUETP8M1_13TeV-amcatnloFXFX-pythia8/MINIAODSIM/PU25nsData2015v1_76X_mcRun2_asymptotic_v12-v1/60000/2CC2FFEE-DAC9-E511-BB55-F8BC1234F309.root
%MSG-w XrdAdaptor:  file_open 05-Oct-2023 02:12:41 CEST PostProcessEvent
Data is served from cern.ch instead of original site eospublic
%MSG
05-Oct-2023 02:12:41 CEST  Successfully opened file root://eospublic.cern.ch//eos/opendata/cms/mc/RunIIFall15MiniAODv2/DYJetsToTauTau_ForcedMuDecay_M-50_TuneCUETP8M1_13TeV-amcatnloFXFX-pythia8/MINIAODSIM/PU25nsData2015v1_76X_mcRun2_asymptotic_v12-v1/60000/2CC2FFEE-DAC9-E511-BB55-F8BC1234F309.root
Begin processing the 500001st record. Run 1, Event 156020, LumiSection 277 at 05-Oct-2023 02:12:42.283 CEST
05-Oct-2023 02:12:44 CEST  Closed file root://eospublic.cern.ch//eos/opendata/cms/mc/RunIIFall15MiniAODv2/DYJetsToTauTau_ForcedMuDecay_M-50_TuneCUETP8M1_13TeV-amcatnloFXFX-pythia8/MINIAODSIM/PU25nsData2015v1_76X_mcRun2_asymptotic_v12-v1/60000/2CC2FFEE-DAC9-E511-BB55-F8BC1234F309.root
05-Oct-2023 02:12:44 CEST  Initiating request to open file root://eospublic.cern.ch//eos/opendata/cms/mc/RunIIFall15MiniAODv2/DYJetsToTauTau_ForcedMuDecay_M-50_TuneCUETP8M1_13TeV-amcatnloFXFX-pythia8/MINIAODSIM/PU25nsData2015v1_76X_mcRun2_asymptotic_v12-v1/60000/2ED0BEFB-E0C9-E511-AE2F-C81F66B78FF5.root
%MSG-w XrdAdaptor:  file_open 05-Oct-2023 02:12:44 CEST PostProcessEvent
Data is served from cern.ch instead of original site eospublic
%MSG
05-Oct-2023 02:12:44 CEST  Successfully opened file root://eospublic.cern.ch//eos/opendata/cms/mc/RunIIFall15MiniAODv2/DYJetsToTauTau_ForcedMuDecay_M-50_TuneCUETP8M1_13TeV-amcatnloFXFX-pythia8/MINIAODSIM/PU25nsData2015v1_76X_mcRun2_asymptotic_v12-v1/60000/2ED0BEFB-E0C9-E511-AE2F-C81F66B78FF5.root
05-Oct-2023 02:12:48 CEST  Closed file root://eospublic.cern.ch//eos/opendata/cms/mc/RunIIFall15MiniAODv2/DYJetsToTauTau_ForcedMuDecay_M-50_TuneCUETP8M1_13TeV-amcatnloFXFX-pythia8/MINIAODSIM/PU25nsData2015v1_76X_mcRun2_asymptotic_v12-v1/60000/2ED0BEFB-E0C9-E511-AE2F-C81F66B78FF5.root
05-Oct-2023 02:12:48 CEST  Initiating request to open file root://eospublic.cern.ch//eos/opendata/cms/mc/RunIIFall15MiniAODv2/DYJetsToTauTau_ForcedMuDecay_M-50_TuneCUETP8M1_13TeV-amcatnloFXFX-pythia8/MINIAODSIM/PU25nsData2015v1_76X_mcRun2_asymptotic_v12-v1/60000/30EA762E-F8C9-E511-9761-001E67A402B2.root
%MSG-w XrdAdaptor:  file_open 05-Oct-2023 02:12:48 CEST PostProcessEvent
Data is served from cern.ch instead of original site eospublic
%MSG
05-Oct-2023 02:12:48 CEST  Successfully opened file root://eospublic.cern.ch//eos/opendata/cms/mc/RunIIFall15MiniAODv2/DYJetsToTauTau_ForcedMuDecay_M-50_TuneCUETP8M1_13TeV-amcatnloFXFX-pythia8/MINIAODSIM/PU25nsData2015v1_76X_mcRun2_asymptotic_v12-v1/60000/30EA762E-F8C9-E511-9761-001E67A402B2.root
Begin processing the 600001st record. Run 1, Event 4195798, LumiSection 7427 at 05-Oct-2023 02:12:49.399 CEST
05-Oct-2023 02:12:51 CEST  Closed file root://eospublic.cern.ch//eos/opendata/cms/mc/RunIIFall15MiniAODv2/DYJetsToTauTau_ForcedMuDecay_M-50_TuneCUETP8M1_13TeV-amcatnloFXFX-pythia8/MINIAODSIM/PU25nsData2015v1_76X_mcRun2_asymptotic_v12-v1/60000/30EA762E-F8C9-E511-9761-001E67A402B2.root
05-Oct-2023 02:12:51 CEST  Initiating request to open file root://eospublic.cern.ch//eos/opendata/cms/mc/RunIIFall15MiniAODv2/DYJetsToTauTau_ForcedMuDecay_M-50_TuneCUETP8M1_13TeV-amcatnloFXFX-pythia8/MINIAODSIM/PU25nsData2015v1_76X_mcRun2_asymptotic_v12-v1/60000/34DDD77F-E0C9-E511-82BE-C81F66B7910D.root
%MSG-w XrdAdaptor:  file_open 05-Oct-2023 02:12:51 CEST PostProcessEvent
Data is served from cern.ch instead of original site eospublic
%MSG
05-Oct-2023 02:12:51 CEST  Successfully opened file root://eospublic.cern.ch//eos/opendata/cms/mc/RunIIFall15MiniAODv2/DYJetsToTauTau_ForcedMuDecay_M-50_TuneCUETP8M1_13TeV-amcatnloFXFX-pythia8/MINIAODSIM/PU25nsData2015v1_76X_mcRun2_asymptotic_v12-v1/60000/34DDD77F-E0C9-E511-82BE-C81F66B7910D.root
05-Oct-2023 02:12:53 CEST  Closed file root://eospublic.cern.ch//eos/opendata/cms/mc/RunIIFall15MiniAODv2/DYJetsToTauTau_ForcedMuDecay_M-50_TuneCUETP8M1_13TeV-amcatnloFXFX-pythia8/MINIAODSIM/PU25nsData2015v1_76X_mcRun2_asymptotic_v12-v1/60000/34DDD77F-E0C9-E511-82BE-C81F66B7910D.root
05-Oct-2023 02:12:53 CEST  Initiating request to open file root://eospublic.cern.ch//eos/opendata/cms/mc/RunIIFall15MiniAODv2/DYJetsToTauTau_ForcedMuDecay_M-50_TuneCUETP8M1_13TeV-amcatnloFXFX-pythia8/MINIAODSIM/PU25nsData2015v1_76X_mcRun2_asymptotic_v12-v1/60000/38219D90-BCCA-E511-A11D-001517FAD640.root
%MSG-w XrdAdaptor:  file_open 05-Oct-2023 02:12:54 CEST PostProcessEvent
Data is served from cern.ch instead of original site eospublic
%MSG
05-Oct-2023 02:12:54 CEST  Successfully opened file root://eospublic.cern.ch//eos/opendata/cms/mc/RunIIFall15MiniAODv2/DYJetsToTauTau_ForcedMuDecay_M-50_TuneCUETP8M1_13TeV-amcatnloFXFX-pythia8/MINIAODSIM/PU25nsData2015v1_76X_mcRun2_asymptotic_v12-v1/60000/38219D90-BCCA-E511-A11D-001517FAD640.root
05-Oct-2023 02:12:55 CEST  Closed file root://eospublic.cern.ch//eos/opendata/cms/mc/RunIIFall15MiniAODv2/DYJetsToTauTau_ForcedMuDecay_M-50_TuneCUETP8M1_13TeV-amcatnloFXFX-pythia8/MINIAODSIM/PU25nsData2015v1_76X_mcRun2_asymptotic_v12-v1/60000/38219D90-BCCA-E511-A11D-001517FAD640.root
05-Oct-2023 02:12:55 CEST  Initiating request to open file root://eospublic.cern.ch//eos/opendata/cms/mc/RunIIFall15MiniAODv2/DYJetsToTauTau_ForcedMuDecay_M-50_TuneCUETP8M1_13TeV-amcatnloFXFX-pythia8/MINIAODSIM/PU25nsData2015v1_76X_mcRun2_asymptotic_v12-v1/60000/448B0B67-FDC9-E511-88AF-A4BADB1C5D42.root
%MSG-w XrdAdaptor:  file_open 05-Oct-2023 02:12:55 CEST PostProcessEvent
Data is served from cern.ch instead of original site eospublic
%MSG
05-Oct-2023 02:12:55 CEST  Successfully opened file root://eospublic.cern.ch//eos/opendata/cms/mc/RunIIFall15MiniAODv2/DYJetsToTauTau_ForcedMuDecay_M-50_TuneCUETP8M1_13TeV-amcatnloFXFX-pythia8/MINIAODSIM/PU25nsData2015v1_76X_mcRun2_asymptotic_v12-v1/60000/448B0B67-FDC9-E511-88AF-A4BADB1C5D42.root
Begin processing the 700001st record. Run 1, Event 4200489, LumiSection 7436 at 05-Oct-2023 02:12:57.222 CEST
05-Oct-2023 02:12:58 CEST  Closed file root://eospublic.cern.ch//eos/opendata/cms/mc/RunIIFall15MiniAODv2/DYJetsToTauTau_ForcedMuDecay_M-50_TuneCUETP8M1_13TeV-amcatnloFXFX-pythia8/MINIAODSIM/PU25nsData2015v1_76X_mcRun2_asymptotic_v12-v1/60000/448B0B67-FDC9-E511-88AF-A4BADB1C5D42.root
05-Oct-2023 02:12:58 CEST  Initiating request to open file root://eospublic.cern.ch//eos/opendata/cms/mc/RunIIFall15MiniAODv2/DYJetsToTauTau_ForcedMuDecay_M-50_TuneCUETP8M1_13TeV-amcatnloFXFX-pythia8/MINIAODSIM/PU25nsData2015v1_76X_mcRun2_asymptotic_v12-v1/60000/4676B127-27CA-E511-A22A-001E675A6928.root
%MSG-w XrdAdaptor:  file_open 05-Oct-2023 02:12:58 CEST PostProcessEvent
Data is served from cern.ch instead of original site eospublic
%MSG
05-Oct-2023 02:12:58 CEST  Successfully opened file root://eospublic.cern.ch//eos/opendata/cms/mc/RunIIFall15MiniAODv2/DYJetsToTauTau_ForcedMuDecay_M-50_TuneCUETP8M1_13TeV-amcatnloFXFX-pythia8/MINIAODSIM/PU25nsData2015v1_76X_mcRun2_asymptotic_v12-v1/60000/4676B127-27CA-E511-A22A-001E675A6928.root
05-Oct-2023 02:13:01 CEST  Closed file root://eospublic.cern.ch//eos/opendata/cms/mc/RunIIFall15MiniAODv2/DYJetsToTauTau_ForcedMuDecay_M-50_TuneCUETP8M1_13TeV-amcatnloFXFX-pythia8/MINIAODSIM/PU25nsData2015v1_76X_mcRun2_asymptotic_v12-v1/60000/4676B127-27CA-E511-A22A-001E675A6928.root
05-Oct-2023 02:13:01 CEST  Initiating request to open file root://eospublic.cern.ch//eos/opendata/cms/mc/RunIIFall15MiniAODv2/DYJetsToTauTau_ForcedMuDecay_M-50_TuneCUETP8M1_13TeV-amcatnloFXFX-pythia8/MINIAODSIM/PU25nsData2015v1_76X_mcRun2_asymptotic_v12-v1/60000/72AB943A-DFC9-E511-8039-C81F66B78625.root
%MSG-w XrdAdaptor:  file_open 05-Oct-2023 02:13:01 CEST PostProcessEvent
Data is served from cern.ch instead of original site eospublic
%MSG
05-Oct-2023 02:13:01 CEST  Successfully opened file root://eospublic.cern.ch//eos/opendata/cms/mc/RunIIFall15MiniAODv2/DYJetsToTauTau_ForcedMuDecay_M-50_TuneCUETP8M1_13TeV-amcatnloFXFX-pythia8/MINIAODSIM/PU25nsData2015v1_76X_mcRun2_asymptotic_v12-v1/60000/72AB943A-DFC9-E511-8039-C81F66B78625.root
Begin processing the 800001st record. Run 1, Event 3919886, LumiSection 6939 at 05-Oct-2023 02:13:04.507 CEST
05-Oct-2023 02:13:05 CEST  Closed file root://eospublic.cern.ch//eos/opendata/cms/mc/RunIIFall15MiniAODv2/DYJetsToTauTau_ForcedMuDecay_M-50_TuneCUETP8M1_13TeV-amcatnloFXFX-pythia8/MINIAODSIM/PU25nsData2015v1_76X_mcRun2_asymptotic_v12-v1/60000/72AB943A-DFC9-E511-8039-C81F66B78625.root
05-Oct-2023 02:13:05 CEST  Initiating request to open file root://eospublic.cern.ch//eos/opendata/cms/mc/RunIIFall15MiniAODv2/DYJetsToTauTau_ForcedMuDecay_M-50_TuneCUETP8M1_13TeV-amcatnloFXFX-pythia8/MINIAODSIM/PU25nsData2015v1_76X_mcRun2_asymptotic_v12-v1/60000/7C91BE19-77CA-E511-924B-0026B927862A.root
%MSG-w XrdAdaptor:  file_open 05-Oct-2023 02:13:05 CEST PostProcessEvent
Data is served from cern.ch instead of original site eospublic
%MSG
05-Oct-2023 02:13:05 CEST  Successfully opened file root://eospublic.cern.ch//eos/opendata/cms/mc/RunIIFall15MiniAODv2/DYJetsToTauTau_ForcedMuDecay_M-50_TuneCUETP8M1_13TeV-amcatnloFXFX-pythia8/MINIAODSIM/PU25nsData2015v1_76X_mcRun2_asymptotic_v12-v1/60000/7C91BE19-77CA-E511-924B-0026B927862A.root
05-Oct-2023 02:13:05 CEST  Closed file root://eospublic.cern.ch//eos/opendata/cms/mc/RunIIFall15MiniAODv2/DYJetsToTauTau_ForcedMuDecay_M-50_TuneCUETP8M1_13TeV-amcatnloFXFX-pythia8/MINIAODSIM/PU25nsData2015v1_76X_mcRun2_asymptotic_v12-v1/60000/7C91BE19-77CA-E511-924B-0026B927862A.root
05-Oct-2023 02:13:05 CEST  Initiating request to open file root://eospublic.cern.ch//eos/opendata/cms/mc/RunIIFall15MiniAODv2/DYJetsToTauTau_ForcedMuDecay_M-50_TuneCUETP8M1_13TeV-amcatnloFXFX-pythia8/MINIAODSIM/PU25nsData2015v1_76X_mcRun2_asymptotic_v12-v1/60000/7EC7E729-DEC9-E511-9B98-B083FED177B1.root
%MSG-w XrdAdaptor:  file_open 05-Oct-2023 02:13:05 CEST PostProcessEvent
Data is served from cern.ch instead of original site eospublic
%MSG
05-Oct-2023 02:13:05 CEST  Successfully opened file root://eospublic.cern.ch//eos/opendata/cms/mc/RunIIFall15MiniAODv2/DYJetsToTauTau_ForcedMuDecay_M-50_TuneCUETP8M1_13TeV-amcatnloFXFX-pythia8/MINIAODSIM/PU25nsData2015v1_76X_mcRun2_asymptotic_v12-v1/60000/7EC7E729-DEC9-E511-9B98-B083FED177B1.root
05-Oct-2023 02:13:09 CEST  Closed file root://eospublic.cern.ch//eos/opendata/cms/mc/RunIIFall15MiniAODv2/DYJetsToTauTau_ForcedMuDecay_M-50_TuneCUETP8M1_13TeV-amcatnloFXFX-pythia8/MINIAODSIM/PU25nsData2015v1_76X_mcRun2_asymptotic_v12-v1/60000/7EC7E729-DEC9-E511-9B98-B083FED177B1.root
05-Oct-2023 02:13:09 CEST  Initiating request to open file root://eospublic.cern.ch//eos/opendata/cms/mc/RunIIFall15MiniAODv2/DYJetsToTauTau_ForcedMuDecay_M-50_TuneCUETP8M1_13TeV-amcatnloFXFX-pythia8/MINIAODSIM/PU25nsData2015v1_76X_mcRun2_asymptotic_v12-v1/60000/88488E1C-F6C9-E511-A708-0024E87C6B37.root
%MSG-w XrdAdaptor:  file_open 05-Oct-2023 02:13:09 CEST PostProcessEvent
Data is served from cern.ch instead of original site eospublic
%MSG
05-Oct-2023 02:13:09 CEST  Successfully opened file root://eospublic.cern.ch//eos/opendata/cms/mc/RunIIFall15MiniAODv2/DYJetsToTauTau_ForcedMuDecay_M-50_TuneCUETP8M1_13TeV-amcatnloFXFX-pythia8/MINIAODSIM/PU25nsData2015v1_76X_mcRun2_asymptotic_v12-v1/60000/88488E1C-F6C9-E511-A708-0024E87C6B37.root
05-Oct-2023 02:13:11 CEST  Closed file root://eospublic.cern.ch//eos/opendata/cms/mc/RunIIFall15MiniAODv2/DYJetsToTauTau_ForcedMuDecay_M-50_TuneCUETP8M1_13TeV-amcatnloFXFX-pythia8/MINIAODSIM/PU25nsData2015v1_76X_mcRun2_asymptotic_v12-v1/60000/88488E1C-F6C9-E511-A708-0024E87C6B37.root
05-Oct-2023 02:13:11 CEST  Initiating request to open file root://eospublic.cern.ch//eos/opendata/cms/mc/RunIIFall15MiniAODv2/DYJetsToTauTau_ForcedMuDecay_M-50_TuneCUETP8M1_13TeV-amcatnloFXFX-pythia8/MINIAODSIM/PU25nsData2015v1_76X_mcRun2_asymptotic_v12-v1/60000/8EBC412C-F5C9-E511-8B71-C81F66B78FF5.root
%MSG-w XrdAdaptor:  file_open 05-Oct-2023 02:13:11 CEST PostProcessEvent
Data is served from cern.ch instead of original site eospublic
%MSG
05-Oct-2023 02:13:11 CEST  Successfully opened file root://eospublic.cern.ch//eos/opendata/cms/mc/RunIIFall15MiniAODv2/DYJetsToTauTau_ForcedMuDecay_M-50_TuneCUETP8M1_13TeV-amcatnloFXFX-pythia8/MINIAODSIM/PU25nsData2015v1_76X_mcRun2_asymptotic_v12-v1/60000/8EBC412C-F5C9-E511-8B71-C81F66B78FF5.root
Begin processing the 900001st record. Run 1, Event 4133981, LumiSection 7318 at 05-Oct-2023 02:13:12.895 CEST
05-Oct-2023 02:13:14 CEST  Closed file root://eospublic.cern.ch//eos/opendata/cms/mc/RunIIFall15MiniAODv2/DYJetsToTauTau_ForcedMuDecay_M-50_TuneCUETP8M1_13TeV-amcatnloFXFX-pythia8/MINIAODSIM/PU25nsData2015v1_76X_mcRun2_asymptotic_v12-v1/60000/8EBC412C-F5C9-E511-8B71-C81F66B78FF5.root
05-Oct-2023 02:13:14 CEST  Initiating request to open file root://eospublic.cern.ch//eos/opendata/cms/mc/RunIIFall15MiniAODv2/DYJetsToTauTau_ForcedMuDecay_M-50_TuneCUETP8M1_13TeV-amcatnloFXFX-pythia8/MINIAODSIM/PU25nsData2015v1_76X_mcRun2_asymptotic_v12-v1/60000/908352D9-E6C9-E511-B905-842B2B173478.root
%MSG-w XrdAdaptor:  file_open 05-Oct-2023 02:13:14 CEST PostProcessEvent
Data is served from cern.ch instead of original site eospublic
%MSG
05-Oct-2023 02:13:14 CEST  Successfully opened file root://eospublic.cern.ch//eos/opendata/cms/mc/RunIIFall15MiniAODv2/DYJetsToTauTau_ForcedMuDecay_M-50_TuneCUETP8M1_13TeV-amcatnloFXFX-pythia8/MINIAODSIM/PU25nsData2015v1_76X_mcRun2_asymptotic_v12-v1/60000/908352D9-E6C9-E511-B905-842B2B173478.root
05-Oct-2023 02:13:18 CEST  Closed file root://eospublic.cern.ch//eos/opendata/cms/mc/RunIIFall15MiniAODv2/DYJetsToTauTau_ForcedMuDecay_M-50_TuneCUETP8M1_13TeV-amcatnloFXFX-pythia8/MINIAODSIM/PU25nsData2015v1_76X_mcRun2_asymptotic_v12-v1/60000/908352D9-E6C9-E511-B905-842B2B173478.root
05-Oct-2023 02:13:18 CEST  Initiating request to open file root://eospublic.cern.ch//eos/opendata/cms/mc/RunIIFall15MiniAODv2/DYJetsToTauTau_ForcedMuDecay_M-50_TuneCUETP8M1_13TeV-amcatnloFXFX-pythia8/MINIAODSIM/PU25nsData2015v1_76X_mcRun2_asymptotic_v12-v1/60000/90DEC249-C3CA-E511-9A02-0CC47A57CD00.root
%MSG-w XrdAdaptor:  file_open 05-Oct-2023 02:13:18 CEST PostProcessEvent
Data is served from cern.ch instead of original site eospublic
%MSG
05-Oct-2023 02:13:18 CEST  Successfully opened file root://eospublic.cern.ch//eos/opendata/cms/mc/RunIIFall15MiniAODv2/DYJetsToTauTau_ForcedMuDecay_M-50_TuneCUETP8M1_13TeV-amcatnloFXFX-pythia8/MINIAODSIM/PU25nsData2015v1_76X_mcRun2_asymptotic_v12-v1/60000/90DEC249-C3CA-E511-9A02-0CC47A57CD00.root
05-Oct-2023 02:13:18 CEST  Closed file root://eospublic.cern.ch//eos/opendata/cms/mc/RunIIFall15MiniAODv2/DYJetsToTauTau_ForcedMuDecay_M-50_TuneCUETP8M1_13TeV-amcatnloFXFX-pythia8/MINIAODSIM/PU25nsData2015v1_76X_mcRun2_asymptotic_v12-v1/60000/90DEC249-C3CA-E511-9A02-0CC47A57CD00.root
05-Oct-2023 02:13:18 CEST  Initiating request to open file root://eospublic.cern.ch//eos/opendata/cms/mc/RunIIFall15MiniAODv2/DYJetsToTauTau_ForcedMuDecay_M-50_TuneCUETP8M1_13TeV-amcatnloFXFX-pythia8/MINIAODSIM/PU25nsData2015v1_76X_mcRun2_asymptotic_v12-v1/60000/98468569-DBC9-E511-86D1-B083FED42A1A.root
%MSG-w XrdAdaptor:  file_open 05-Oct-2023 02:13:19 CEST PostProcessEvent
Data is served from cern.ch instead of original site eospublic
%MSG
05-Oct-2023 02:13:19 CEST  Successfully opened file root://eospublic.cern.ch//eos/opendata/cms/mc/RunIIFall15MiniAODv2/DYJetsToTauTau_ForcedMuDecay_M-50_TuneCUETP8M1_13TeV-amcatnloFXFX-pythia8/MINIAODSIM/PU25nsData2015v1_76X_mcRun2_asymptotic_v12-v1/60000/98468569-DBC9-E511-86D1-B083FED42A1A.root
Begin processing the 1000001st record. Run 1, Event 4348068, LumiSection 7697 at 05-Oct-2023 02:13:20.645 CEST
05-Oct-2023 02:13:22 CEST  Closed file root://eospublic.cern.ch//eos/opendata/cms/mc/RunIIFall15MiniAODv2/DYJetsToTauTau_ForcedMuDecay_M-50_TuneCUETP8M1_13TeV-amcatnloFXFX-pythia8/MINIAODSIM/PU25nsData2015v1_76X_mcRun2_asymptotic_v12-v1/60000/98468569-DBC9-E511-86D1-B083FED42A1A.root
05-Oct-2023 02:13:22 CEST  Initiating request to open file root://eospublic.cern.ch//eos/opendata/cms/mc/RunIIFall15MiniAODv2/DYJetsToTauTau_ForcedMuDecay_M-50_TuneCUETP8M1_13TeV-amcatnloFXFX-pythia8/MINIAODSIM/PU25nsData2015v1_76X_mcRun2_asymptotic_v12-v1/60000/A224CB4C-3DCA-E511-BEE5-001E67583BE0.root
%MSG-w XrdAdaptor:  file_open 05-Oct-2023 02:13:22 CEST PostProcessEvent
Data is served from cern.ch instead of original site eospublic
%MSG
05-Oct-2023 02:13:22 CEST  Successfully opened file root://eospublic.cern.ch//eos/opendata/cms/mc/RunIIFall15MiniAODv2/DYJetsToTauTau_ForcedMuDecay_M-50_TuneCUETP8M1_13TeV-amcatnloFXFX-pythia8/MINIAODSIM/PU25nsData2015v1_76X_mcRun2_asymptotic_v12-v1/60000/A224CB4C-3DCA-E511-BEE5-001E67583BE0.root
05-Oct-2023 02:13:23 CEST  Closed file root://eospublic.cern.ch//eos/opendata/cms/mc/RunIIFall15MiniAODv2/DYJetsToTauTau_ForcedMuDecay_M-50_TuneCUETP8M1_13TeV-amcatnloFXFX-pythia8/MINIAODSIM/PU25nsData2015v1_76X_mcRun2_asymptotic_v12-v1/60000/A224CB4C-3DCA-E511-BEE5-001E67583BE0.root
05-Oct-2023 02:13:23 CEST  Initiating request to open file root://eospublic.cern.ch//eos/opendata/cms/mc/RunIIFall15MiniAODv2/DYJetsToTauTau_ForcedMuDecay_M-50_TuneCUETP8M1_13TeV-amcatnloFXFX-pythia8/MINIAODSIM/PU25nsData2015v1_76X_mcRun2_asymptotic_v12-v1/60000/AE8482FF-DAC9-E511-916A-0026B939FF29.root
%MSG-w XrdAdaptor:  file_open 05-Oct-2023 02:13:23 CEST PostProcessEvent
Data is served from cern.ch instead of original site eospublic
%MSG
05-Oct-2023 02:13:24 CEST  Successfully opened file root://eospublic.cern.ch//eos/opendata/cms/mc/RunIIFall15MiniAODv2/DYJetsToTauTau_ForcedMuDecay_M-50_TuneCUETP8M1_13TeV-amcatnloFXFX-pythia8/MINIAODSIM/PU25nsData2015v1_76X_mcRun2_asymptotic_v12-v1/60000/AE8482FF-DAC9-E511-916A-0026B939FF29.root
05-Oct-2023 02:13:27 CEST  Closed file root://eospublic.cern.ch//eos/opendata/cms/mc/RunIIFall15MiniAODv2/DYJetsToTauTau_ForcedMuDecay_M-50_TuneCUETP8M1_13TeV-amcatnloFXFX-pythia8/MINIAODSIM/PU25nsData2015v1_76X_mcRun2_asymptotic_v12-v1/60000/AE8482FF-DAC9-E511-916A-0026B939FF29.root
05-Oct-2023 02:13:27 CEST  Initiating request to open file root://eospublic.cern.ch//eos/opendata/cms/mc/RunIIFall15MiniAODv2/DYJetsToTauTau_ForcedMuDecay_M-50_TuneCUETP8M1_13TeV-amcatnloFXFX-pythia8/MINIAODSIM/PU25nsData2015v1_76X_mcRun2_asymptotic_v12-v1/60000/B8F4DED3-07CA-E511-A807-001E67A3AEB8.root
%MSG-w XrdAdaptor:  file_open 05-Oct-2023 02:13:27 CEST PostProcessEvent
Data is served from cern.ch instead of original site eospublic
%MSG
05-Oct-2023 02:13:27 CEST  Successfully opened file root://eospublic.cern.ch//eos/opendata/cms/mc/RunIIFall15MiniAODv2/DYJetsToTauTau_ForcedMuDecay_M-50_TuneCUETP8M1_13TeV-amcatnloFXFX-pythia8/MINIAODSIM/PU25nsData2015v1_76X_mcRun2_asymptotic_v12-v1/60000/B8F4DED3-07CA-E511-A807-001E67A3AEB8.root
Begin processing the 1100001st record. Run 1, Event 1965619, LumiSection 3480 at 05-Oct-2023 02:13:28.580 CEST
05-Oct-2023 02:13:30 CEST  Closed file root://eospublic.cern.ch//eos/opendata/cms/mc/RunIIFall15MiniAODv2/DYJetsToTauTau_ForcedMuDecay_M-50_TuneCUETP8M1_13TeV-amcatnloFXFX-pythia8/MINIAODSIM/PU25nsData2015v1_76X_mcRun2_asymptotic_v12-v1/60000/B8F4DED3-07CA-E511-A807-001E67A3AEB8.root
05-Oct-2023 02:13:30 CEST  Initiating request to open file root://eospublic.cern.ch//eos/opendata/cms/mc/RunIIFall15MiniAODv2/DYJetsToTauTau_ForcedMuDecay_M-50_TuneCUETP8M1_13TeV-amcatnloFXFX-pythia8/MINIAODSIM/PU25nsData2015v1_76X_mcRun2_asymptotic_v12-v1/60000/BEDD0DBC-6ACA-E511-B236-003048F29C9C.root
%MSG-w XrdAdaptor:  file_open 05-Oct-2023 02:13:30 CEST PostProcessEvent
Data is served from cern.ch instead of original site eospublic
%MSG
05-Oct-2023 02:13:30 CEST  Successfully opened file root://eospublic.cern.ch//eos/opendata/cms/mc/RunIIFall15MiniAODv2/DYJetsToTauTau_ForcedMuDecay_M-50_TuneCUETP8M1_13TeV-amcatnloFXFX-pythia8/MINIAODSIM/PU25nsData2015v1_76X_mcRun2_asymptotic_v12-v1/60000/BEDD0DBC-6ACA-E511-B236-003048F29C9C.root
05-Oct-2023 02:13:31 CEST  Closed file root://eospublic.cern.ch//eos/opendata/cms/mc/RunIIFall15MiniAODv2/DYJetsToTauTau_ForcedMuDecay_M-50_TuneCUETP8M1_13TeV-amcatnloFXFX-pythia8/MINIAODSIM/PU25nsData2015v1_76X_mcRun2_asymptotic_v12-v1/60000/BEDD0DBC-6ACA-E511-B236-003048F29C9C.root
05-Oct-2023 02:13:31 CEST  Initiating request to open file root://eospublic.cern.ch//eos/opendata/cms/mc/RunIIFall15MiniAODv2/DYJetsToTauTau_ForcedMuDecay_M-50_TuneCUETP8M1_13TeV-amcatnloFXFX-pythia8/MINIAODSIM/PU25nsData2015v1_76X_mcRun2_asymptotic_v12-v1/60000/C0609556-E7C9-E511-9312-842B2B42C164.root
%MSG-w XrdAdaptor:  file_open 05-Oct-2023 02:13:31 CEST PostProcessEvent
Data is served from cern.ch instead of original site eospublic
%MSG
05-Oct-2023 02:13:31 CEST  Successfully opened file root://eospublic.cern.ch//eos/opendata/cms/mc/RunIIFall15MiniAODv2/DYJetsToTauTau_ForcedMuDecay_M-50_TuneCUETP8M1_13TeV-amcatnloFXFX-pythia8/MINIAODSIM/PU25nsData2015v1_76X_mcRun2_asymptotic_v12-v1/60000/C0609556-E7C9-E511-9312-842B2B42C164.root
05-Oct-2023 02:13:34 CEST  Closed file root://eospublic.cern.ch//eos/opendata/cms/mc/RunIIFall15MiniAODv2/DYJetsToTauTau_ForcedMuDecay_M-50_TuneCUETP8M1_13TeV-amcatnloFXFX-pythia8/MINIAODSIM/PU25nsData2015v1_76X_mcRun2_asymptotic_v12-v1/60000/C0609556-E7C9-E511-9312-842B2B42C164.root
05-Oct-2023 02:13:34 CEST  Initiating request to open file root://eospublic.cern.ch//eos/opendata/cms/mc/RunIIFall15MiniAODv2/DYJetsToTauTau_ForcedMuDecay_M-50_TuneCUETP8M1_13TeV-amcatnloFXFX-pythia8/MINIAODSIM/PU25nsData2015v1_76X_mcRun2_asymptotic_v12-v1/60000/C2D211D5-F0C9-E511-9DC1-549F3525B154.root
%MSG-w XrdAdaptor:  file_open 05-Oct-2023 02:13:34 CEST PostProcessEvent
Data is served from cern.ch instead of original site eospublic
%MSG
05-Oct-2023 02:13:34 CEST  Successfully opened file root://eospublic.cern.ch//eos/opendata/cms/mc/RunIIFall15MiniAODv2/DYJetsToTauTau_ForcedMuDecay_M-50_TuneCUETP8M1_13TeV-amcatnloFXFX-pythia8/MINIAODSIM/PU25nsData2015v1_76X_mcRun2_asymptotic_v12-v1/60000/C2D211D5-F0C9-E511-9DC1-549F3525B154.root
Begin processing the 1200001st record. Run 1, Event 2287947, LumiSection 4050 at 05-Oct-2023 02:13:36.413 CEST
05-Oct-2023 02:13:37 CEST  Closed file root://eospublic.cern.ch//eos/opendata/cms/mc/RunIIFall15MiniAODv2/DYJetsToTauTau_ForcedMuDecay_M-50_TuneCUETP8M1_13TeV-amcatnloFXFX-pythia8/MINIAODSIM/PU25nsData2015v1_76X_mcRun2_asymptotic_v12-v1/60000/C2D211D5-F0C9-E511-9DC1-549F3525B154.root
05-Oct-2023 02:13:37 CEST  Initiating request to open file root://eospublic.cern.ch//eos/opendata/cms/mc/RunIIFall15MiniAODv2/DYJetsToTauTau_ForcedMuDecay_M-50_TuneCUETP8M1_13TeV-amcatnloFXFX-pythia8/MINIAODSIM/PU25nsData2015v1_76X_mcRun2_asymptotic_v12-v1/60000/C4F83FCF-FAC9-E511-A6AB-001517FB25E4.root
%MSG-w XrdAdaptor:  file_open 05-Oct-2023 02:13:37 CEST PostProcessEvent
Data is served from cern.ch instead of original site eospublic
%MSG
05-Oct-2023 02:13:37 CEST  Successfully opened file root://eospublic.cern.ch//eos/opendata/cms/mc/RunIIFall15MiniAODv2/DYJetsToTauTau_ForcedMuDecay_M-50_TuneCUETP8M1_13TeV-amcatnloFXFX-pythia8/MINIAODSIM/PU25nsData2015v1_76X_mcRun2_asymptotic_v12-v1/60000/C4F83FCF-FAC9-E511-A6AB-001517FB25E4.root
05-Oct-2023 02:13:41 CEST  Closed file root://eospublic.cern.ch//eos/opendata/cms/mc/RunIIFall15MiniAODv2/DYJetsToTauTau_ForcedMuDecay_M-50_TuneCUETP8M1_13TeV-amcatnloFXFX-pythia8/MINIAODSIM/PU25nsData2015v1_76X_mcRun2_asymptotic_v12-v1/60000/C4F83FCF-FAC9-E511-A6AB-001517FB25E4.root
05-Oct-2023 02:13:41 CEST  Initiating request to open file root://eospublic.cern.ch//eos/opendata/cms/mc/RunIIFall15MiniAODv2/DYJetsToTauTau_ForcedMuDecay_M-50_TuneCUETP8M1_13TeV-amcatnloFXFX-pythia8/MINIAODSIM/PU25nsData2015v1_76X_mcRun2_asymptotic_v12-v1/60000/C62A697D-F4C9-E511-AE47-001E67A3EC00.root
%MSG-w XrdAdaptor:  file_open 05-Oct-2023 02:13:41 CEST PostProcessEvent
Data is served from cern.ch instead of original site eospublic
%MSG
05-Oct-2023 02:13:41 CEST  Successfully opened file root://eospublic.cern.ch//eos/opendata/cms/mc/RunIIFall15MiniAODv2/DYJetsToTauTau_ForcedMuDecay_M-50_TuneCUETP8M1_13TeV-amcatnloFXFX-pythia8/MINIAODSIM/PU25nsData2015v1_76X_mcRun2_asymptotic_v12-v1/60000/C62A697D-F4C9-E511-AE47-001E67A3EC00.root
Begin processing the 1300001st record. Run 1, Event 4971496, LumiSection 8800 at 05-Oct-2023 02:13:43.600 CEST
05-Oct-2023 02:13:44 CEST  Closed file root://eospublic.cern.ch//eos/opendata/cms/mc/RunIIFall15MiniAODv2/DYJetsToTauTau_ForcedMuDecay_M-50_TuneCUETP8M1_13TeV-amcatnloFXFX-pythia8/MINIAODSIM/PU25nsData2015v1_76X_mcRun2_asymptotic_v12-v1/60000/C62A697D-F4C9-E511-AE47-001E67A3EC00.root
05-Oct-2023 02:13:44 CEST  Initiating request to open file root://eospublic.cern.ch//eos/opendata/cms/mc/RunIIFall15MiniAODv2/DYJetsToTauTau_ForcedMuDecay_M-50_TuneCUETP8M1_13TeV-amcatnloFXFX-pythia8/MINIAODSIM/PU25nsData2015v1_76X_mcRun2_asymptotic_v12-v1/60000/C8F28878-F1C9-E511-A124-D4AE526DF550.root
%MSG-w XrdAdaptor:  file_open 05-Oct-2023 02:13:44 CEST PostProcessEvent
Data is served from cern.ch instead of original site eospublic
%MSG
05-Oct-2023 02:13:44 CEST  Successfully opened file root://eospublic.cern.ch//eos/opendata/cms/mc/RunIIFall15MiniAODv2/DYJetsToTauTau_ForcedMuDecay_M-50_TuneCUETP8M1_13TeV-amcatnloFXFX-pythia8/MINIAODSIM/PU25nsData2015v1_76X_mcRun2_asymptotic_v12-v1/60000/C8F28878-F1C9-E511-A124-D4AE526DF550.root
05-Oct-2023 02:13:47 CEST  Closed file root://eospublic.cern.ch//eos/opendata/cms/mc/RunIIFall15MiniAODv2/DYJetsToTauTau_ForcedMuDecay_M-50_TuneCUETP8M1_13TeV-amcatnloFXFX-pythia8/MINIAODSIM/PU25nsData2015v1_76X_mcRun2_asymptotic_v12-v1/60000/C8F28878-F1C9-E511-A124-D4AE526DF550.root
05-Oct-2023 02:13:47 CEST  Initiating request to open file root://eospublic.cern.ch//eos/opendata/cms/mc/RunIIFall15MiniAODv2/DYJetsToTauTau_ForcedMuDecay_M-50_TuneCUETP8M1_13TeV-amcatnloFXFX-pythia8/MINIAODSIM/PU25nsData2015v1_76X_mcRun2_asymptotic_v12-v1/60000/D450897B-47CA-E511-AE17-90B11C050429.root
%MSG-w XrdAdaptor:  file_open 05-Oct-2023 02:13:47 CEST PostProcessEvent
Data is served from cern.ch instead of original site eospublic
%MSG
05-Oct-2023 02:13:47 CEST  Successfully opened file root://eospublic.cern.ch//eos/opendata/cms/mc/RunIIFall15MiniAODv2/DYJetsToTauTau_ForcedMuDecay_M-50_TuneCUETP8M1_13TeV-amcatnloFXFX-pythia8/MINIAODSIM/PU25nsData2015v1_76X_mcRun2_asymptotic_v12-v1/60000/D450897B-47CA-E511-AE17-90B11C050429.root
Begin processing the 1400001st record. Run 1, Event 4526345, LumiSection 8012 at 05-Oct-2023 02:13:50.610 CEST
05-Oct-2023 02:13:50 CEST  Closed file root://eospublic.cern.ch//eos/opendata/cms/mc/RunIIFall15MiniAODv2/DYJetsToTauTau_ForcedMuDecay_M-50_TuneCUETP8M1_13TeV-amcatnloFXFX-pythia8/MINIAODSIM/PU25nsData2015v1_76X_mcRun2_asymptotic_v12-v1/60000/D450897B-47CA-E511-AE17-90B11C050429.root
05-Oct-2023 02:13:50 CEST  Initiating request to open file root://eospublic.cern.ch//eos/opendata/cms/mc/RunIIFall15MiniAODv2/DYJetsToTauTau_ForcedMuDecay_M-50_TuneCUETP8M1_13TeV-amcatnloFXFX-pythia8/MINIAODSIM/PU25nsData2015v1_76X_mcRun2_asymptotic_v12-v1/60000/D82F0133-E0C9-E511-9B22-C81F66B786B1.root
%MSG-w XrdAdaptor:  file_open 05-Oct-2023 02:13:50 CEST PostProcessEvent
Data is served from cern.ch instead of original site eospublic
%MSG
05-Oct-2023 02:13:50 CEST  Successfully opened file root://eospublic.cern.ch//eos/opendata/cms/mc/RunIIFall15MiniAODv2/DYJetsToTauTau_ForcedMuDecay_M-50_TuneCUETP8M1_13TeV-amcatnloFXFX-pythia8/MINIAODSIM/PU25nsData2015v1_76X_mcRun2_asymptotic_v12-v1/60000/D82F0133-E0C9-E511-9B22-C81F66B786B1.root
05-Oct-2023 02:13:54 CEST  Closed file root://eospublic.cern.ch//eos/opendata/cms/mc/RunIIFall15MiniAODv2/DYJetsToTauTau_ForcedMuDecay_M-50_TuneCUETP8M1_13TeV-amcatnloFXFX-pythia8/MINIAODSIM/PU25nsData2015v1_76X_mcRun2_asymptotic_v12-v1/60000/D82F0133-E0C9-E511-9B22-C81F66B786B1.root
05-Oct-2023 02:13:54 CEST  Initiating request to open file root://eospublic.cern.ch//eos/opendata/cms/mc/RunIIFall15MiniAODv2/DYJetsToTauTau_ForcedMuDecay_M-50_TuneCUETP8M1_13TeV-amcatnloFXFX-pythia8/MINIAODSIM/PU25nsData2015v1_76X_mcRun2_asymptotic_v12-v1/60000/DA3AE1E0-F4C9-E511-BCC7-782BCB21110D.root
%MSG-w XrdAdaptor:  file_open 05-Oct-2023 02:13:54 CEST PostProcessEvent
Data is served from cern.ch instead of original site eospublic
%MSG
05-Oct-2023 02:13:54 CEST  Successfully opened file root://eospublic.cern.ch//eos/opendata/cms/mc/RunIIFall15MiniAODv2/DYJetsToTauTau_ForcedMuDecay_M-50_TuneCUETP8M1_13TeV-amcatnloFXFX-pythia8/MINIAODSIM/PU25nsData2015v1_76X_mcRun2_asymptotic_v12-v1/60000/DA3AE1E0-F4C9-E511-BCC7-782BCB21110D.root
05-Oct-2023 02:13:57 CEST  Closed file root://eospublic.cern.ch//eos/opendata/cms/mc/RunIIFall15MiniAODv2/DYJetsToTauTau_ForcedMuDecay_M-50_TuneCUETP8M1_13TeV-amcatnloFXFX-pythia8/MINIAODSIM/PU25nsData2015v1_76X_mcRun2_asymptotic_v12-v1/60000/DA3AE1E0-F4C9-E511-BCC7-782BCB21110D.root
05-Oct-2023 02:13:57 CEST  Initiating request to open file root://eospublic.cern.ch//eos/opendata/cms/mc/RunIIFall15MiniAODv2/DYJetsToTauTau_ForcedMuDecay_M-50_TuneCUETP8M1_13TeV-amcatnloFXFX-pythia8/MINIAODSIM/PU25nsData2015v1_76X_mcRun2_asymptotic_v12-v1/60000/DE4FAF56-FCC9-E511-BC83-0019B9CABFB6.root
%MSG-w XrdAdaptor:  file_open 05-Oct-2023 02:13:57 CEST PostProcessEvent
Data is served from cern.ch instead of original site eospublic
%MSG
05-Oct-2023 02:13:57 CEST  Successfully opened file root://eospublic.cern.ch//eos/opendata/cms/mc/RunIIFall15MiniAODv2/DYJetsToTauTau_ForcedMuDecay_M-50_TuneCUETP8M1_13TeV-amcatnloFXFX-pythia8/MINIAODSIM/PU25nsData2015v1_76X_mcRun2_asymptotic_v12-v1/60000/DE4FAF56-FCC9-E511-BC83-0019B9CABFB6.root
Begin processing the 1500001st record. Run 1, Event 1053612, LumiSection 1866 at 05-Oct-2023 02:13:58.543 CEST
05-Oct-2023 02:14:00 CEST  Closed file root://eospublic.cern.ch//eos/opendata/cms/mc/RunIIFall15MiniAODv2/DYJetsToTauTau_ForcedMuDecay_M-50_TuneCUETP8M1_13TeV-amcatnloFXFX-pythia8/MINIAODSIM/PU25nsData2015v1_76X_mcRun2_asymptotic_v12-v1/60000/DE4FAF56-FCC9-E511-BC83-0019B9CABFB6.root
05-Oct-2023 02:14:00 CEST  Initiating request to open file root://eospublic.cern.ch//eos/opendata/cms/mc/RunIIFall15MiniAODv2/DYJetsToTauTau_ForcedMuDecay_M-50_TuneCUETP8M1_13TeV-amcatnloFXFX-pythia8/MINIAODSIM/PU25nsData2015v1_76X_mcRun2_asymptotic_v12-v1/60000/E0B22B87-E0C9-E511-8A05-D4AE527EE0EB.root
%MSG-w XrdAdaptor:  file_open 05-Oct-2023 02:14:00 CEST PostProcessEvent
Data is served from cern.ch instead of original site eospublic
%MSG
05-Oct-2023 02:14:00 CEST  Successfully opened file root://eospublic.cern.ch//eos/opendata/cms/mc/RunIIFall15MiniAODv2/DYJetsToTauTau_ForcedMuDecay_M-50_TuneCUETP8M1_13TeV-amcatnloFXFX-pythia8/MINIAODSIM/PU25nsData2015v1_76X_mcRun2_asymptotic_v12-v1/60000/E0B22B87-E0C9-E511-8A05-D4AE527EE0EB.root
05-Oct-2023 02:14:03 CEST  Closed file root://eospublic.cern.ch//eos/opendata/cms/mc/RunIIFall15MiniAODv2/DYJetsToTauTau_ForcedMuDecay_M-50_TuneCUETP8M1_13TeV-amcatnloFXFX-pythia8/MINIAODSIM/PU25nsData2015v1_76X_mcRun2_asymptotic_v12-v1/60000/E0B22B87-E0C9-E511-8A05-D4AE527EE0EB.root
05-Oct-2023 02:14:03 CEST  Initiating request to open file root://eospublic.cern.ch//eos/opendata/cms/mc/RunIIFall15MiniAODv2/DYJetsToTauTau_ForcedMuDecay_M-50_TuneCUETP8M1_13TeV-amcatnloFXFX-pythia8/MINIAODSIM/PU25nsData2015v1_76X_mcRun2_asymptotic_v12-v1/60000/E608CC56-46CA-E511-9022-001E67A3EAB1.root
%MSG-w XrdAdaptor:  file_open 05-Oct-2023 02:14:03 CEST PostProcessEvent
Data is served from cern.ch instead of original site eospublic
%MSG
05-Oct-2023 02:14:03 CEST  Successfully opened file root://eospublic.cern.ch//eos/opendata/cms/mc/RunIIFall15MiniAODv2/DYJetsToTauTau_ForcedMuDecay_M-50_TuneCUETP8M1_13TeV-amcatnloFXFX-pythia8/MINIAODSIM/PU25nsData2015v1_76X_mcRun2_asymptotic_v12-v1/60000/E608CC56-46CA-E511-9022-001E67A3EAB1.root
Begin processing the 1600001st record. Run 1, Event 3959133, LumiSection 7009 at 05-Oct-2023 02:14:05.787 CEST
05-Oct-2023 02:14:06 CEST  Closed file root://eospublic.cern.ch//eos/opendata/cms/mc/RunIIFall15MiniAODv2/DYJetsToTauTau_ForcedMuDecay_M-50_TuneCUETP8M1_13TeV-amcatnloFXFX-pythia8/MINIAODSIM/PU25nsData2015v1_76X_mcRun2_asymptotic_v12-v1/60000/E608CC56-46CA-E511-9022-001E67A3EAB1.root
05-Oct-2023 02:14:06 CEST  Initiating request to open file root://eospublic.cern.ch//eos/opendata/cms/mc/RunIIFall15MiniAODv2/DYJetsToTauTau_ForcedMuDecay_M-50_TuneCUETP8M1_13TeV-amcatnloFXFX-pythia8/MINIAODSIM/PU25nsData2015v1_76X_mcRun2_asymptotic_v12-v1/60000/EA036E8A-E5C9-E511-9C0B-842B2B42C164.root
%MSG-w XrdAdaptor:  file_open 05-Oct-2023 02:14:06 CEST PostProcessEvent
Data is served from cern.ch instead of original site eospublic
%MSG
05-Oct-2023 02:14:06 CEST  Successfully opened file root://eospublic.cern.ch//eos/opendata/cms/mc/RunIIFall15MiniAODv2/DYJetsToTauTau_ForcedMuDecay_M-50_TuneCUETP8M1_13TeV-amcatnloFXFX-pythia8/MINIAODSIM/PU25nsData2015v1_76X_mcRun2_asymptotic_v12-v1/60000/EA036E8A-E5C9-E511-9C0B-842B2B42C164.root
05-Oct-2023 02:14:10 CEST  Closed file root://eospublic.cern.ch//eos/opendata/cms/mc/RunIIFall15MiniAODv2/DYJetsToTauTau_ForcedMuDecay_M-50_TuneCUETP8M1_13TeV-amcatnloFXFX-pythia8/MINIAODSIM/PU25nsData2015v1_76X_mcRun2_asymptotic_v12-v1/60000/EA036E8A-E5C9-E511-9C0B-842B2B42C164.root
05-Oct-2023 02:14:10 CEST  Initiating request to open file root://eospublic.cern.ch//eos/opendata/cms/mc/RunIIFall15MiniAODv2/DYJetsToTauTau_ForcedMuDecay_M-50_TuneCUETP8M1_13TeV-amcatnloFXFX-pythia8/MINIAODSIM/PU25nsData2015v1_76X_mcRun2_asymptotic_v12-v1/60000/F41462DA-26CA-E511-8F34-001E6758651B.root
%MSG-w XrdAdaptor:  file_open 05-Oct-2023 02:14:10 CEST PostProcessEvent
Data is served from cern.ch instead of original site eospublic
%MSG
05-Oct-2023 02:14:10 CEST  Successfully opened file root://eospublic.cern.ch//eos/opendata/cms/mc/RunIIFall15MiniAODv2/DYJetsToTauTau_ForcedMuDecay_M-50_TuneCUETP8M1_13TeV-amcatnloFXFX-pythia8/MINIAODSIM/PU25nsData2015v1_76X_mcRun2_asymptotic_v12-v1/60000/F41462DA-26CA-E511-8F34-001E6758651B.root
Begin processing the 1700001st record. Run 1, Event 1319598, LumiSection 2336 at 05-Oct-2023 02:14:13.050 CEST
05-Oct-2023 02:14:13 CEST  Closed file root://eospublic.cern.ch//eos/opendata/cms/mc/RunIIFall15MiniAODv2/DYJetsToTauTau_ForcedMuDecay_M-50_TuneCUETP8M1_13TeV-amcatnloFXFX-pythia8/MINIAODSIM/PU25nsData2015v1_76X_mcRun2_asymptotic_v12-v1/60000/F41462DA-26CA-E511-8F34-001E6758651B.root
05-Oct-2023 02:14:13 CEST  Initiating request to open file root://eospublic.cern.ch//eos/opendata/cms/mc/RunIIFall15MiniAODv2/DYJetsToTauTau_ForcedMuDecay_M-50_TuneCUETP8M1_13TeV-amcatnloFXFX-pythia8/MINIAODSIM/PU25nsData2015v1_76X_mcRun2_asymptotic_v12-v1/60000/F447DCFC-FCC9-E511-A88A-C81F66B7910D.root
%MSG-w XrdAdaptor:  file_open 05-Oct-2023 02:14:13 CEST PostProcessEvent
Data is served from cern.ch instead of original site eospublic
%MSG
05-Oct-2023 02:14:13 CEST  Successfully opened file root://eospublic.cern.ch//eos/opendata/cms/mc/RunIIFall15MiniAODv2/DYJetsToTauTau_ForcedMuDecay_M-50_TuneCUETP8M1_13TeV-amcatnloFXFX-pythia8/MINIAODSIM/PU25nsData2015v1_76X_mcRun2_asymptotic_v12-v1/60000/F447DCFC-FCC9-E511-A88A-C81F66B7910D.root
   1931.560900      3.688121   8469.314000             0
   1146.011000      3.706493   8469.314000             1
    541.125220      3.690396   8469.314000             2
 
05-Oct-2023 02:14:16 CEST  Closed file root://eospublic.cern.ch//eos/opendata/cms/mc/RunIIFall15MiniAODv2/DYJetsToTauTau_ForcedMuDecay_M-50_TuneCUETP8M1_13TeV-amcatnloFXFX-pythia8/MINIAODSIM/PU25nsData2015v1_76X_mcRun2_asymptotic_v12-v1/60000/F447DCFC-FCC9-E511-A88A-C81F66B7910D.root

------------------------------------
GenXsecAnalyzer:
------------------------------------
-------------------------------------------------------------------------------------------------------------------------------------------------------------------------- 
Overall cross-section summary 
--------------------------------------------------------------------------------------------------------------------------------------------------------------------------
Process		xsec_before [pb]		passed	nposw	nnegw	tried	nposw	nnegw 	xsec_match [pb]			accepted [%]	 event_eff [%]
0		1.932e+03 +/- 3.688e+00		1129896	1027040	102856	1362487	1244527	117960	1.585e+03 +/- 3.118e+00		82.0 +/- 0.0	82.9 +/- 0.0
1		1.146e+03 +/- 3.706e+00		383551	278882	104669	1924642	1298282	626360	2.971e+02 +/- 1.355e+00		25.9 +/- 0.1	19.9 +/- 0.0
2		5.411e+02 +/- 3.690e+00		235601	151491	84110	1660640	991363	669277	1.132e+02 +/- 1.090e+00		20.9 +/- 0.1	14.2 +/- 0.0
-------------------------------------------------------------------------------------------------------------------------------------------------------------------------- 
Total		3.619e+03 +/- 6.400e+00		1749048	1457413	291635	4947769	3534172	1413597	1.989e+03 +/- 4.028e+00		55.0 +/- 0.1	35.4 +/- 0.0
--------------------------------------------------------------------------------------------------------------------------------------------------------------------------
Before matching: total cross section = 3.619e+03 +- 6.400e+00 pb
After matching: total cross section = 1.989e+03 +- 4.028e+00 pb
Filter efficiency (taking into account weights)= (9.87334e+09) / (9.87334e+09) = 1.000e+00 +- 0.000e+00
Filter efficiency (event-level)= (1.74905e+06) / (1.74905e+06) = 1.000e+00 +- 0.000e+00
After filter: final cross section = 1.989e+03 +- 4.028e+00 pb

=============================================

MessageLogger Summary

 type     category        sev    module        subroutine        count    total
 ---- -------------------- -- ---------------- ----------------  -----    -----
    1 GenXSecAnalyzer      -w GenXSecAnalyzer:                      14       14
    2 XrdAdaptor           -w file_open                             50       50
    3 fileAction           -s file_close                            50       50
    4 fileAction           -s file_open                            100      100

 type    category    Examples: run/evt        run/evt          run/evt
 ---- -------------------- ---------------- ---------------- ----------------
    1 GenXSecAnalyzer      PostEndRun       PostEndRun       PostEndRun
    2 XrdAdaptor           pre-events       PostProcessEvent PostProcessEvent
    3 fileAction           PostProcessEvent PostProcessEvent PostEndRun
    4 fileAction           pre-events       pre-events       PostProcessEvent

Severity    # Occurrences   Total Occurrences
--------    -------------   -----------------
Warning                64                  64
System                150                 150
