04-Oct-2023 19:46:31 CEST  Initiating request to open file root://eospublic.cern.ch//eos/opendata/cms/mc/RunIIFall15MiniAODv2/DYJetsToLL_M-5to50_HT-100to200_TuneCUETP8M1_13TeV-madgraphMLM-pythia8/MINIAODSIM/PU25nsData2015v1_76X_mcRun2_asymptotic_v12-v1/00000/082F502F-99C3-E511-96E5-02163E00E5F2.root
%MSG-w XrdAdaptor:  file_open 04-Oct-2023 19:46:31 CEST pre-events
Data is served from cern.ch instead of original site eospublic
%MSG
04-Oct-2023 19:46:33 CEST  Successfully opened file root://eospublic.cern.ch//eos/opendata/cms/mc/RunIIFall15MiniAODv2/DYJetsToLL_M-5to50_HT-100to200_TuneCUETP8M1_13TeV-madgraphMLM-pythia8/MINIAODSIM/PU25nsData2015v1_76X_mcRun2_asymptotic_v12-v1/00000/082F502F-99C3-E511-96E5-02163E00E5F2.root
Begin processing the 1st record. Run 1, Event 451587, LumiSection 312 at 04-Oct-2023 19:46:34.977 CEST
04-Oct-2023 19:46:37 CEST  Closed file root://eospublic.cern.ch//eos/opendata/cms/mc/RunIIFall15MiniAODv2/DYJetsToLL_M-5to50_HT-100to200_TuneCUETP8M1_13TeV-madgraphMLM-pythia8/MINIAODSIM/PU25nsData2015v1_76X_mcRun2_asymptotic_v12-v1/00000/082F502F-99C3-E511-96E5-02163E00E5F2.root
04-Oct-2023 19:46:37 CEST  Initiating request to open file root://eospublic.cern.ch//eos/opendata/cms/mc/RunIIFall15MiniAODv2/DYJetsToLL_M-5to50_HT-100to200_TuneCUETP8M1_13TeV-madgraphMLM-pythia8/MINIAODSIM/PU25nsData2015v1_76X_mcRun2_asymptotic_v12-v1/00000/0C796094-9EC3-E511-AD5B-02163E017639.root
%MSG-w XrdAdaptor:  file_open 04-Oct-2023 19:46:37 CEST PostProcessEvent
Data is served from cern.ch instead of original site eospublic
%MSG
04-Oct-2023 19:46:37 CEST  Successfully opened file root://eospublic.cern.ch//eos/opendata/cms/mc/RunIIFall15MiniAODv2/DYJetsToLL_M-5to50_HT-100to200_TuneCUETP8M1_13TeV-madgraphMLM-pythia8/MINIAODSIM/PU25nsData2015v1_76X_mcRun2_asymptotic_v12-v1/00000/0C796094-9EC3-E511-AD5B-02163E017639.root
04-Oct-2023 19:46:40 CEST  Closed file root://eospublic.cern.ch//eos/opendata/cms/mc/RunIIFall15MiniAODv2/DYJetsToLL_M-5to50_HT-100to200_TuneCUETP8M1_13TeV-madgraphMLM-pythia8/MINIAODSIM/PU25nsData2015v1_76X_mcRun2_asymptotic_v12-v1/00000/0C796094-9EC3-E511-AD5B-02163E017639.root
04-Oct-2023 19:46:40 CEST  Initiating request to open file root://eospublic.cern.ch//eos/opendata/cms/mc/RunIIFall15MiniAODv2/DYJetsToLL_M-5to50_HT-100to200_TuneCUETP8M1_13TeV-madgraphMLM-pythia8/MINIAODSIM/PU25nsData2015v1_76X_mcRun2_asymptotic_v12-v1/00000/16389C24-A0C3-E511-8D32-02163E0176D8.root
%MSG-w XrdAdaptor:  file_open 04-Oct-2023 19:46:40 CEST PostProcessEvent
Data is served from cern.ch instead of original site eospublic
%MSG
04-Oct-2023 19:46:40 CEST  Successfully opened file root://eospublic.cern.ch//eos/opendata/cms/mc/RunIIFall15MiniAODv2/DYJetsToLL_M-5to50_HT-100to200_TuneCUETP8M1_13TeV-madgraphMLM-pythia8/MINIAODSIM/PU25nsData2015v1_76X_mcRun2_asymptotic_v12-v1/00000/16389C24-A0C3-E511-8D32-02163E0176D8.root
04-Oct-2023 19:46:43 CEST  Closed file root://eospublic.cern.ch//eos/opendata/cms/mc/RunIIFall15MiniAODv2/DYJetsToLL_M-5to50_HT-100to200_TuneCUETP8M1_13TeV-madgraphMLM-pythia8/MINIAODSIM/PU25nsData2015v1_76X_mcRun2_asymptotic_v12-v1/00000/16389C24-A0C3-E511-8D32-02163E0176D8.root
04-Oct-2023 19:46:43 CEST  Initiating request to open file root://eospublic.cern.ch//eos/opendata/cms/mc/RunIIFall15MiniAODv2/DYJetsToLL_M-5to50_HT-100to200_TuneCUETP8M1_13TeV-madgraphMLM-pythia8/MINIAODSIM/PU25nsData2015v1_76X_mcRun2_asymptotic_v12-v1/00000/1C1433E1-8DC3-E511-B4FE-02163E00E662.root
%MSG-w XrdAdaptor:  file_open 04-Oct-2023 19:46:43 CEST PostProcessEvent
Data is served from cern.ch instead of original site eospublic
%MSG
04-Oct-2023 19:46:43 CEST  Successfully opened file root://eospublic.cern.ch//eos/opendata/cms/mc/RunIIFall15MiniAODv2/DYJetsToLL_M-5to50_HT-100to200_TuneCUETP8M1_13TeV-madgraphMLM-pythia8/MINIAODSIM/PU25nsData2015v1_76X_mcRun2_asymptotic_v12-v1/00000/1C1433E1-8DC3-E511-B4FE-02163E00E662.root
Begin processing the 100001st record. Run 1, Event 4528136, LumiSection 3119 at 04-Oct-2023 19:46:45.491 CEST
04-Oct-2023 19:46:48 CEST  Closed file root://eospublic.cern.ch//eos/opendata/cms/mc/RunIIFall15MiniAODv2/DYJetsToLL_M-5to50_HT-100to200_TuneCUETP8M1_13TeV-madgraphMLM-pythia8/MINIAODSIM/PU25nsData2015v1_76X_mcRun2_asymptotic_v12-v1/00000/1C1433E1-8DC3-E511-B4FE-02163E00E662.root
04-Oct-2023 19:46:48 CEST  Initiating request to open file root://eospublic.cern.ch//eos/opendata/cms/mc/RunIIFall15MiniAODv2/DYJetsToLL_M-5to50_HT-100to200_TuneCUETP8M1_13TeV-madgraphMLM-pythia8/MINIAODSIM/PU25nsData2015v1_76X_mcRun2_asymptotic_v12-v1/00000/1E591F2B-9DC3-E511-A1F9-02163E01764F.root
%MSG-w XrdAdaptor:  file_open 04-Oct-2023 19:46:48 CEST PostProcessEvent
Data is served from cern.ch instead of original site eospublic
%MSG
04-Oct-2023 19:46:48 CEST  Successfully opened file root://eospublic.cern.ch//eos/opendata/cms/mc/RunIIFall15MiniAODv2/DYJetsToLL_M-5to50_HT-100to200_TuneCUETP8M1_13TeV-madgraphMLM-pythia8/MINIAODSIM/PU25nsData2015v1_76X_mcRun2_asymptotic_v12-v1/00000/1E591F2B-9DC3-E511-A1F9-02163E01764F.root
04-Oct-2023 19:46:51 CEST  Closed file root://eospublic.cern.ch//eos/opendata/cms/mc/RunIIFall15MiniAODv2/DYJetsToLL_M-5to50_HT-100to200_TuneCUETP8M1_13TeV-madgraphMLM-pythia8/MINIAODSIM/PU25nsData2015v1_76X_mcRun2_asymptotic_v12-v1/00000/1E591F2B-9DC3-E511-A1F9-02163E01764F.root
04-Oct-2023 19:46:51 CEST  Initiating request to open file root://eospublic.cern.ch//eos/opendata/cms/mc/RunIIFall15MiniAODv2/DYJetsToLL_M-5to50_HT-100to200_TuneCUETP8M1_13TeV-madgraphMLM-pythia8/MINIAODSIM/PU25nsData2015v1_76X_mcRun2_asymptotic_v12-v1/00000/24084393-98C3-E511-9CE5-02163E0165A3.root
%MSG-w XrdAdaptor:  file_open 04-Oct-2023 19:46:51 CEST PostProcessEvent
Data is served from cern.ch instead of original site eospublic
%MSG
04-Oct-2023 19:46:51 CEST  Successfully opened file root://eospublic.cern.ch//eos/opendata/cms/mc/RunIIFall15MiniAODv2/DYJetsToLL_M-5to50_HT-100to200_TuneCUETP8M1_13TeV-madgraphMLM-pythia8/MINIAODSIM/PU25nsData2015v1_76X_mcRun2_asymptotic_v12-v1/00000/24084393-98C3-E511-9CE5-02163E0165A3.root
Begin processing the 200001st record. Run 1, Event 751868, LumiSection 518 at 04-Oct-2023 19:46:54.501 CEST
04-Oct-2023 19:46:56 CEST  Closed file root://eospublic.cern.ch//eos/opendata/cms/mc/RunIIFall15MiniAODv2/DYJetsToLL_M-5to50_HT-100to200_TuneCUETP8M1_13TeV-madgraphMLM-pythia8/MINIAODSIM/PU25nsData2015v1_76X_mcRun2_asymptotic_v12-v1/00000/24084393-98C3-E511-9CE5-02163E0165A3.root
04-Oct-2023 19:46:56 CEST  Initiating request to open file root://eospublic.cern.ch//eos/opendata/cms/mc/RunIIFall15MiniAODv2/DYJetsToLL_M-5to50_HT-100to200_TuneCUETP8M1_13TeV-madgraphMLM-pythia8/MINIAODSIM/PU25nsData2015v1_76X_mcRun2_asymptotic_v12-v1/00000/36CBC3AA-94C3-E511-9F99-001E6750478D.root
%MSG-w XrdAdaptor:  file_open 04-Oct-2023 19:46:56 CEST PostProcessEvent
Data is served from cern.ch instead of original site eospublic
%MSG
04-Oct-2023 19:46:56 CEST  Successfully opened file root://eospublic.cern.ch//eos/opendata/cms/mc/RunIIFall15MiniAODv2/DYJetsToLL_M-5to50_HT-100to200_TuneCUETP8M1_13TeV-madgraphMLM-pythia8/MINIAODSIM/PU25nsData2015v1_76X_mcRun2_asymptotic_v12-v1/00000/36CBC3AA-94C3-E511-9F99-001E6750478D.root
04-Oct-2023 19:47:00 CEST  Closed file root://eospublic.cern.ch//eos/opendata/cms/mc/RunIIFall15MiniAODv2/DYJetsToLL_M-5to50_HT-100to200_TuneCUETP8M1_13TeV-madgraphMLM-pythia8/MINIAODSIM/PU25nsData2015v1_76X_mcRun2_asymptotic_v12-v1/00000/36CBC3AA-94C3-E511-9F99-001E6750478D.root
04-Oct-2023 19:47:00 CEST  Initiating request to open file root://eospublic.cern.ch//eos/opendata/cms/mc/RunIIFall15MiniAODv2/DYJetsToLL_M-5to50_HT-100to200_TuneCUETP8M1_13TeV-madgraphMLM-pythia8/MINIAODSIM/PU25nsData2015v1_76X_mcRun2_asymptotic_v12-v1/00000/3C6CAED2-9EC3-E511-824B-02163E00E624.root
%MSG-w XrdAdaptor:  file_open 04-Oct-2023 19:47:00 CEST PostProcessEvent
Data is served from cern.ch instead of original site eospublic
%MSG
04-Oct-2023 19:47:00 CEST  Successfully opened file root://eospublic.cern.ch//eos/opendata/cms/mc/RunIIFall15MiniAODv2/DYJetsToLL_M-5to50_HT-100to200_TuneCUETP8M1_13TeV-madgraphMLM-pythia8/MINIAODSIM/PU25nsData2015v1_76X_mcRun2_asymptotic_v12-v1/00000/3C6CAED2-9EC3-E511-824B-02163E00E624.root
Begin processing the 300001st record. Run 1, Event 1410007, LumiSection 972 at 04-Oct-2023 19:47:03.790 CEST
04-Oct-2023 19:47:04 CEST  Closed file root://eospublic.cern.ch//eos/opendata/cms/mc/RunIIFall15MiniAODv2/DYJetsToLL_M-5to50_HT-100to200_TuneCUETP8M1_13TeV-madgraphMLM-pythia8/MINIAODSIM/PU25nsData2015v1_76X_mcRun2_asymptotic_v12-v1/00000/3C6CAED2-9EC3-E511-824B-02163E00E624.root
04-Oct-2023 19:47:04 CEST  Initiating request to open file root://eospublic.cern.ch//eos/opendata/cms/mc/RunIIFall15MiniAODv2/DYJetsToLL_M-5to50_HT-100to200_TuneCUETP8M1_13TeV-madgraphMLM-pythia8/MINIAODSIM/PU25nsData2015v1_76X_mcRun2_asymptotic_v12-v1/00000/469FEC96-91C3-E511-A425-02163E00C14F.root
%MSG-w XrdAdaptor:  file_open 04-Oct-2023 19:47:04 CEST PostProcessEvent
Data is served from cern.ch instead of original site eospublic
%MSG
04-Oct-2023 19:47:04 CEST  Successfully opened file root://eospublic.cern.ch//eos/opendata/cms/mc/RunIIFall15MiniAODv2/DYJetsToLL_M-5to50_HT-100to200_TuneCUETP8M1_13TeV-madgraphMLM-pythia8/MINIAODSIM/PU25nsData2015v1_76X_mcRun2_asymptotic_v12-v1/00000/469FEC96-91C3-E511-A425-02163E00C14F.root
04-Oct-2023 19:47:08 CEST  Closed file root://eospublic.cern.ch//eos/opendata/cms/mc/RunIIFall15MiniAODv2/DYJetsToLL_M-5to50_HT-100to200_TuneCUETP8M1_13TeV-madgraphMLM-pythia8/MINIAODSIM/PU25nsData2015v1_76X_mcRun2_asymptotic_v12-v1/00000/469FEC96-91C3-E511-A425-02163E00C14F.root
04-Oct-2023 19:47:08 CEST  Initiating request to open file root://eospublic.cern.ch//eos/opendata/cms/mc/RunIIFall15MiniAODv2/DYJetsToLL_M-5to50_HT-100to200_TuneCUETP8M1_13TeV-madgraphMLM-pythia8/MINIAODSIM/PU25nsData2015v1_76X_mcRun2_asymptotic_v12-v1/00000/62AD5932-A0C3-E511-90B8-02163E0179B6.root
%MSG-w XrdAdaptor:  file_open 04-Oct-2023 19:47:08 CEST PostProcessEvent
Data is served from cern.ch instead of original site eospublic
%MSG
04-Oct-2023 19:47:08 CEST  Successfully opened file root://eospublic.cern.ch//eos/opendata/cms/mc/RunIIFall15MiniAODv2/DYJetsToLL_M-5to50_HT-100to200_TuneCUETP8M1_13TeV-madgraphMLM-pythia8/MINIAODSIM/PU25nsData2015v1_76X_mcRun2_asymptotic_v12-v1/00000/62AD5932-A0C3-E511-90B8-02163E0179B6.root
04-Oct-2023 19:47:11 CEST  Closed file root://eospublic.cern.ch//eos/opendata/cms/mc/RunIIFall15MiniAODv2/DYJetsToLL_M-5to50_HT-100to200_TuneCUETP8M1_13TeV-madgraphMLM-pythia8/MINIAODSIM/PU25nsData2015v1_76X_mcRun2_asymptotic_v12-v1/00000/62AD5932-A0C3-E511-90B8-02163E0179B6.root
04-Oct-2023 19:47:11 CEST  Initiating request to open file root://eospublic.cern.ch//eos/opendata/cms/mc/RunIIFall15MiniAODv2/DYJetsToLL_M-5to50_HT-100to200_TuneCUETP8M1_13TeV-madgraphMLM-pythia8/MINIAODSIM/PU25nsData2015v1_76X_mcRun2_asymptotic_v12-v1/00000/68274188-8DC3-E511-9A6B-02163E0178A7.root
%MSG-w XrdAdaptor:  file_open 04-Oct-2023 19:47:11 CEST PostProcessEvent
Data is served from cern.ch instead of original site eospublic
%MSG
04-Oct-2023 19:47:11 CEST  Successfully opened file root://eospublic.cern.ch//eos/opendata/cms/mc/RunIIFall15MiniAODv2/DYJetsToLL_M-5to50_HT-100to200_TuneCUETP8M1_13TeV-madgraphMLM-pythia8/MINIAODSIM/PU25nsData2015v1_76X_mcRun2_asymptotic_v12-v1/00000/68274188-8DC3-E511-9A6B-02163E0178A7.root
Begin processing the 400001st record. Run 1, Event 6590554, LumiSection 4539 at 04-Oct-2023 19:47:14.250 CEST
04-Oct-2023 19:47:15 CEST  Closed file root://eospublic.cern.ch//eos/opendata/cms/mc/RunIIFall15MiniAODv2/DYJetsToLL_M-5to50_HT-100to200_TuneCUETP8M1_13TeV-madgraphMLM-pythia8/MINIAODSIM/PU25nsData2015v1_76X_mcRun2_asymptotic_v12-v1/00000/68274188-8DC3-E511-9A6B-02163E0178A7.root
04-Oct-2023 19:47:15 CEST  Initiating request to open file root://eospublic.cern.ch//eos/opendata/cms/mc/RunIIFall15MiniAODv2/DYJetsToLL_M-5to50_HT-100to200_TuneCUETP8M1_13TeV-madgraphMLM-pythia8/MINIAODSIM/PU25nsData2015v1_76X_mcRun2_asymptotic_v12-v1/00000/6A2C811C-8AC3-E511-ABA6-2C600CAFEE76.root
%MSG-w XrdAdaptor:  file_open 04-Oct-2023 19:47:15 CEST PostProcessEvent
Data is served from cern.ch instead of original site eospublic
%MSG
04-Oct-2023 19:47:15 CEST  Successfully opened file root://eospublic.cern.ch//eos/opendata/cms/mc/RunIIFall15MiniAODv2/DYJetsToLL_M-5to50_HT-100to200_TuneCUETP8M1_13TeV-madgraphMLM-pythia8/MINIAODSIM/PU25nsData2015v1_76X_mcRun2_asymptotic_v12-v1/00000/6A2C811C-8AC3-E511-ABA6-2C600CAFEE76.root
04-Oct-2023 19:47:18 CEST  Closed file root://eospublic.cern.ch//eos/opendata/cms/mc/RunIIFall15MiniAODv2/DYJetsToLL_M-5to50_HT-100to200_TuneCUETP8M1_13TeV-madgraphMLM-pythia8/MINIAODSIM/PU25nsData2015v1_76X_mcRun2_asymptotic_v12-v1/00000/6A2C811C-8AC3-E511-ABA6-2C600CAFEE76.root
04-Oct-2023 19:47:18 CEST  Initiating request to open file root://eospublic.cern.ch//eos/opendata/cms/mc/RunIIFall15MiniAODv2/DYJetsToLL_M-5to50_HT-100to200_TuneCUETP8M1_13TeV-madgraphMLM-pythia8/MINIAODSIM/PU25nsData2015v1_76X_mcRun2_asymptotic_v12-v1/00000/7E3BD1F7-9AC3-E511-B2A6-02163E0176BE.root
%MSG-w XrdAdaptor:  file_open 04-Oct-2023 19:47:18 CEST PostProcessEvent
Data is served from cern.ch instead of original site eospublic
%MSG
04-Oct-2023 19:47:18 CEST  Successfully opened file root://eospublic.cern.ch//eos/opendata/cms/mc/RunIIFall15MiniAODv2/DYJetsToLL_M-5to50_HT-100to200_TuneCUETP8M1_13TeV-madgraphMLM-pythia8/MINIAODSIM/PU25nsData2015v1_76X_mcRun2_asymptotic_v12-v1/00000/7E3BD1F7-9AC3-E511-B2A6-02163E0176BE.root
04-Oct-2023 19:47:21 CEST  Closed file root://eospublic.cern.ch//eos/opendata/cms/mc/RunIIFall15MiniAODv2/DYJetsToLL_M-5to50_HT-100to200_TuneCUETP8M1_13TeV-madgraphMLM-pythia8/MINIAODSIM/PU25nsData2015v1_76X_mcRun2_asymptotic_v12-v1/00000/7E3BD1F7-9AC3-E511-B2A6-02163E0176BE.root
04-Oct-2023 19:47:21 CEST  Initiating request to open file root://eospublic.cern.ch//eos/opendata/cms/mc/RunIIFall15MiniAODv2/DYJetsToLL_M-5to50_HT-100to200_TuneCUETP8M1_13TeV-madgraphMLM-pythia8/MINIAODSIM/PU25nsData2015v1_76X_mcRun2_asymptotic_v12-v1/00000/80C1B9B0-94C3-E511-A25C-02163E00C723.root
%MSG-w XrdAdaptor:  file_open 04-Oct-2023 19:47:21 CEST PostProcessEvent
Data is served from cern.ch instead of original site eospublic
%MSG
04-Oct-2023 19:47:21 CEST  Successfully opened file root://eospublic.cern.ch//eos/opendata/cms/mc/RunIIFall15MiniAODv2/DYJetsToLL_M-5to50_HT-100to200_TuneCUETP8M1_13TeV-madgraphMLM-pythia8/MINIAODSIM/PU25nsData2015v1_76X_mcRun2_asymptotic_v12-v1/00000/80C1B9B0-94C3-E511-A25C-02163E00C723.root
Begin processing the 500001st record. Run 1, Event 5124528, LumiSection 3530 at 04-Oct-2023 19:47:24.583 CEST
04-Oct-2023 19:47:25 CEST  Closed file root://eospublic.cern.ch//eos/opendata/cms/mc/RunIIFall15MiniAODv2/DYJetsToLL_M-5to50_HT-100to200_TuneCUETP8M1_13TeV-madgraphMLM-pythia8/MINIAODSIM/PU25nsData2015v1_76X_mcRun2_asymptotic_v12-v1/00000/80C1B9B0-94C3-E511-A25C-02163E00C723.root
04-Oct-2023 19:47:25 CEST  Initiating request to open file root://eospublic.cern.ch//eos/opendata/cms/mc/RunIIFall15MiniAODv2/DYJetsToLL_M-5to50_HT-100to200_TuneCUETP8M1_13TeV-madgraphMLM-pythia8/MINIAODSIM/PU25nsData2015v1_76X_mcRun2_asymptotic_v12-v1/00000/82FD369B-94C3-E511-A276-02163E017965.root
%MSG-w XrdAdaptor:  file_open 04-Oct-2023 19:47:25 CEST PostProcessEvent
Data is served from cern.ch instead of original site eospublic
%MSG
04-Oct-2023 19:47:25 CEST  Successfully opened file root://eospublic.cern.ch//eos/opendata/cms/mc/RunIIFall15MiniAODv2/DYJetsToLL_M-5to50_HT-100to200_TuneCUETP8M1_13TeV-madgraphMLM-pythia8/MINIAODSIM/PU25nsData2015v1_76X_mcRun2_asymptotic_v12-v1/00000/82FD369B-94C3-E511-A276-02163E017965.root
04-Oct-2023 19:47:29 CEST  Closed file root://eospublic.cern.ch//eos/opendata/cms/mc/RunIIFall15MiniAODv2/DYJetsToLL_M-5to50_HT-100to200_TuneCUETP8M1_13TeV-madgraphMLM-pythia8/MINIAODSIM/PU25nsData2015v1_76X_mcRun2_asymptotic_v12-v1/00000/82FD369B-94C3-E511-A276-02163E017965.root
04-Oct-2023 19:47:29 CEST  Initiating request to open file root://eospublic.cern.ch//eos/opendata/cms/mc/RunIIFall15MiniAODv2/DYJetsToLL_M-5to50_HT-100to200_TuneCUETP8M1_13TeV-madgraphMLM-pythia8/MINIAODSIM/PU25nsData2015v1_76X_mcRun2_asymptotic_v12-v1/00000/8AEE59A7-94C3-E511-B69A-02163E01795B.root
%MSG-w XrdAdaptor:  file_open 04-Oct-2023 19:47:29 CEST PostProcessEvent
Data is served from cern.ch instead of original site eospublic
%MSG
04-Oct-2023 19:47:29 CEST  Successfully opened file root://eospublic.cern.ch//eos/opendata/cms/mc/RunIIFall15MiniAODv2/DYJetsToLL_M-5to50_HT-100to200_TuneCUETP8M1_13TeV-madgraphMLM-pythia8/MINIAODSIM/PU25nsData2015v1_76X_mcRun2_asymptotic_v12-v1/00000/8AEE59A7-94C3-E511-B69A-02163E01795B.root
Begin processing the 600001st record. Run 1, Event 4835881, LumiSection 3331 at 04-Oct-2023 19:47:33.116 CEST
04-Oct-2023 19:47:33 CEST  Closed file root://eospublic.cern.ch//eos/opendata/cms/mc/RunIIFall15MiniAODv2/DYJetsToLL_M-5to50_HT-100to200_TuneCUETP8M1_13TeV-madgraphMLM-pythia8/MINIAODSIM/PU25nsData2015v1_76X_mcRun2_asymptotic_v12-v1/00000/8AEE59A7-94C3-E511-B69A-02163E01795B.root
04-Oct-2023 19:47:33 CEST  Initiating request to open file root://eospublic.cern.ch//eos/opendata/cms/mc/RunIIFall15MiniAODv2/DYJetsToLL_M-5to50_HT-100to200_TuneCUETP8M1_13TeV-madgraphMLM-pythia8/MINIAODSIM/PU25nsData2015v1_76X_mcRun2_asymptotic_v12-v1/00000/8ECFECD0-98C3-E511-B86A-02163E01685E.root
%MSG-w XrdAdaptor:  file_open 04-Oct-2023 19:47:33 CEST PostProcessEvent
Data is served from cern.ch instead of original site eospublic
%MSG
04-Oct-2023 19:47:33 CEST  Successfully opened file root://eospublic.cern.ch//eos/opendata/cms/mc/RunIIFall15MiniAODv2/DYJetsToLL_M-5to50_HT-100to200_TuneCUETP8M1_13TeV-madgraphMLM-pythia8/MINIAODSIM/PU25nsData2015v1_76X_mcRun2_asymptotic_v12-v1/00000/8ECFECD0-98C3-E511-B86A-02163E01685E.root
04-Oct-2023 19:47:37 CEST  Closed file root://eospublic.cern.ch//eos/opendata/cms/mc/RunIIFall15MiniAODv2/DYJetsToLL_M-5to50_HT-100to200_TuneCUETP8M1_13TeV-madgraphMLM-pythia8/MINIAODSIM/PU25nsData2015v1_76X_mcRun2_asymptotic_v12-v1/00000/8ECFECD0-98C3-E511-B86A-02163E01685E.root
04-Oct-2023 19:47:37 CEST  Initiating request to open file root://eospublic.cern.ch//eos/opendata/cms/mc/RunIIFall15MiniAODv2/DYJetsToLL_M-5to50_HT-100to200_TuneCUETP8M1_13TeV-madgraphMLM-pythia8/MINIAODSIM/PU25nsData2015v1_76X_mcRun2_asymptotic_v12-v1/00000/94242351-91C3-E511-9BA9-02163E012E89.root
%MSG-w XrdAdaptor:  file_open 04-Oct-2023 19:47:37 CEST PostProcessEvent
Data is served from cern.ch instead of original site eospublic
%MSG
04-Oct-2023 19:47:37 CEST  Successfully opened file root://eospublic.cern.ch//eos/opendata/cms/mc/RunIIFall15MiniAODv2/DYJetsToLL_M-5to50_HT-100to200_TuneCUETP8M1_13TeV-madgraphMLM-pythia8/MINIAODSIM/PU25nsData2015v1_76X_mcRun2_asymptotic_v12-v1/00000/94242351-91C3-E511-9BA9-02163E012E89.root
04-Oct-2023 19:47:41 CEST  Closed file root://eospublic.cern.ch//eos/opendata/cms/mc/RunIIFall15MiniAODv2/DYJetsToLL_M-5to50_HT-100to200_TuneCUETP8M1_13TeV-madgraphMLM-pythia8/MINIAODSIM/PU25nsData2015v1_76X_mcRun2_asymptotic_v12-v1/00000/94242351-91C3-E511-9BA9-02163E012E89.root
04-Oct-2023 19:47:41 CEST  Initiating request to open file root://eospublic.cern.ch//eos/opendata/cms/mc/RunIIFall15MiniAODv2/DYJetsToLL_M-5to50_HT-100to200_TuneCUETP8M1_13TeV-madgraphMLM-pythia8/MINIAODSIM/PU25nsData2015v1_76X_mcRun2_asymptotic_v12-v1/00000/A4FF62FE-9AC3-E511-9B8C-02163E016514.root
%MSG-w XrdAdaptor:  file_open 04-Oct-2023 19:47:41 CEST PostProcessEvent
Data is served from cern.ch instead of original site eospublic
%MSG
04-Oct-2023 19:47:41 CEST  Successfully opened file root://eospublic.cern.ch//eos/opendata/cms/mc/RunIIFall15MiniAODv2/DYJetsToLL_M-5to50_HT-100to200_TuneCUETP8M1_13TeV-madgraphMLM-pythia8/MINIAODSIM/PU25nsData2015v1_76X_mcRun2_asymptotic_v12-v1/00000/A4FF62FE-9AC3-E511-9B8C-02163E016514.root
Begin processing the 700001st record. Run 1, Event 2980019, LumiSection 2053 at 04-Oct-2023 19:47:43.312 CEST
04-Oct-2023 19:47:44 CEST  Closed file root://eospublic.cern.ch//eos/opendata/cms/mc/RunIIFall15MiniAODv2/DYJetsToLL_M-5to50_HT-100to200_TuneCUETP8M1_13TeV-madgraphMLM-pythia8/MINIAODSIM/PU25nsData2015v1_76X_mcRun2_asymptotic_v12-v1/00000/A4FF62FE-9AC3-E511-9B8C-02163E016514.root
04-Oct-2023 19:47:44 CEST  Initiating request to open file root://eospublic.cern.ch//eos/opendata/cms/mc/RunIIFall15MiniAODv2/DYJetsToLL_M-5to50_HT-100to200_TuneCUETP8M1_13TeV-madgraphMLM-pythia8/MINIAODSIM/PU25nsData2015v1_76X_mcRun2_asymptotic_v12-v1/00000/A81B4F26-8AC3-E511-9909-02163E00BFF9.root
%MSG-w XrdAdaptor:  file_open 04-Oct-2023 19:47:44 CEST PostProcessEvent
Data is served from cern.ch instead of original site eospublic
%MSG
04-Oct-2023 19:47:44 CEST  Successfully opened file root://eospublic.cern.ch//eos/opendata/cms/mc/RunIIFall15MiniAODv2/DYJetsToLL_M-5to50_HT-100to200_TuneCUETP8M1_13TeV-madgraphMLM-pythia8/MINIAODSIM/PU25nsData2015v1_76X_mcRun2_asymptotic_v12-v1/00000/A81B4F26-8AC3-E511-9909-02163E00BFF9.root
04-Oct-2023 19:47:49 CEST  Closed file root://eospublic.cern.ch//eos/opendata/cms/mc/RunIIFall15MiniAODv2/DYJetsToLL_M-5to50_HT-100to200_TuneCUETP8M1_13TeV-madgraphMLM-pythia8/MINIAODSIM/PU25nsData2015v1_76X_mcRun2_asymptotic_v12-v1/00000/A81B4F26-8AC3-E511-9909-02163E00BFF9.root
04-Oct-2023 19:47:49 CEST  Initiating request to open file root://eospublic.cern.ch//eos/opendata/cms/mc/RunIIFall15MiniAODv2/DYJetsToLL_M-5to50_HT-100to200_TuneCUETP8M1_13TeV-madgraphMLM-pythia8/MINIAODSIM/PU25nsData2015v1_76X_mcRun2_asymptotic_v12-v1/00000/B063B869-8DC3-E511-B6F3-02163E017942.root
%MSG-w XrdAdaptor:  file_open 04-Oct-2023 19:47:49 CEST PostProcessEvent
Data is served from cern.ch instead of original site eospublic
%MSG
04-Oct-2023 19:47:49 CEST  Successfully opened file root://eospublic.cern.ch//eos/opendata/cms/mc/RunIIFall15MiniAODv2/DYJetsToLL_M-5to50_HT-100to200_TuneCUETP8M1_13TeV-madgraphMLM-pythia8/MINIAODSIM/PU25nsData2015v1_76X_mcRun2_asymptotic_v12-v1/00000/B063B869-8DC3-E511-B6F3-02163E017942.root
Begin processing the 800001st record. Run 1, Event 2067028, LumiSection 1424 at 04-Oct-2023 19:47:52.089 CEST
04-Oct-2023 19:47:53 CEST  Closed file root://eospublic.cern.ch//eos/opendata/cms/mc/RunIIFall15MiniAODv2/DYJetsToLL_M-5to50_HT-100to200_TuneCUETP8M1_13TeV-madgraphMLM-pythia8/MINIAODSIM/PU25nsData2015v1_76X_mcRun2_asymptotic_v12-v1/00000/B063B869-8DC3-E511-B6F3-02163E017942.root
04-Oct-2023 19:47:53 CEST  Initiating request to open file root://eospublic.cern.ch//eos/opendata/cms/mc/RunIIFall15MiniAODv2/DYJetsToLL_M-5to50_HT-100to200_TuneCUETP8M1_13TeV-madgraphMLM-pythia8/MINIAODSIM/PU25nsData2015v1_76X_mcRun2_asymptotic_v12-v1/00000/BA51F247-91C3-E511-8497-001E67E95A40.root
%MSG-w XrdAdaptor:  file_open 04-Oct-2023 19:47:53 CEST PostProcessEvent
Data is served from cern.ch instead of original site eospublic
%MSG
04-Oct-2023 19:47:53 CEST  Successfully opened file root://eospublic.cern.ch//eos/opendata/cms/mc/RunIIFall15MiniAODv2/DYJetsToLL_M-5to50_HT-100to200_TuneCUETP8M1_13TeV-madgraphMLM-pythia8/MINIAODSIM/PU25nsData2015v1_76X_mcRun2_asymptotic_v12-v1/00000/BA51F247-91C3-E511-8497-001E67E95A40.root
04-Oct-2023 19:47:57 CEST  Closed file root://eospublic.cern.ch//eos/opendata/cms/mc/RunIIFall15MiniAODv2/DYJetsToLL_M-5to50_HT-100to200_TuneCUETP8M1_13TeV-madgraphMLM-pythia8/MINIAODSIM/PU25nsData2015v1_76X_mcRun2_asymptotic_v12-v1/00000/BA51F247-91C3-E511-8497-001E67E95A40.root
04-Oct-2023 19:47:57 CEST  Initiating request to open file root://eospublic.cern.ch//eos/opendata/cms/mc/RunIIFall15MiniAODv2/DYJetsToLL_M-5to50_HT-100to200_TuneCUETP8M1_13TeV-madgraphMLM-pythia8/MINIAODSIM/PU25nsData2015v1_76X_mcRun2_asymptotic_v12-v1/00000/D2EAB88C-98C3-E511-AC3D-02163E0178F1.root
%MSG-w XrdAdaptor:  file_open 04-Oct-2023 19:47:57 CEST PostProcessEvent
Data is served from cern.ch instead of original site eospublic
%MSG
04-Oct-2023 19:47:57 CEST  Successfully opened file root://eospublic.cern.ch//eos/opendata/cms/mc/RunIIFall15MiniAODv2/DYJetsToLL_M-5to50_HT-100to200_TuneCUETP8M1_13TeV-madgraphMLM-pythia8/MINIAODSIM/PU25nsData2015v1_76X_mcRun2_asymptotic_v12-v1/00000/D2EAB88C-98C3-E511-AC3D-02163E0178F1.root
Begin processing the 900001st record. Run 1, Event 7006756, LumiSection 4826 at 04-Oct-2023 19:48:00.755 CEST
04-Oct-2023 19:48:01 CEST  Closed file root://eospublic.cern.ch//eos/opendata/cms/mc/RunIIFall15MiniAODv2/DYJetsToLL_M-5to50_HT-100to200_TuneCUETP8M1_13TeV-madgraphMLM-pythia8/MINIAODSIM/PU25nsData2015v1_76X_mcRun2_asymptotic_v12-v1/00000/D2EAB88C-98C3-E511-AC3D-02163E0178F1.root
04-Oct-2023 19:48:01 CEST  Initiating request to open file root://eospublic.cern.ch//eos/opendata/cms/mc/RunIIFall15MiniAODv2/DYJetsToLL_M-5to50_HT-100to200_TuneCUETP8M1_13TeV-madgraphMLM-pythia8/MINIAODSIM/PU25nsData2015v1_76X_mcRun2_asymptotic_v12-v1/00000/E4965917-9BC3-E511-999F-02163E016694.root
%MSG-w XrdAdaptor:  file_open 04-Oct-2023 19:48:01 CEST PostProcessEvent
Data is served from cern.ch instead of original site eospublic
%MSG
04-Oct-2023 19:48:01 CEST  Successfully opened file root://eospublic.cern.ch//eos/opendata/cms/mc/RunIIFall15MiniAODv2/DYJetsToLL_M-5to50_HT-100to200_TuneCUETP8M1_13TeV-madgraphMLM-pythia8/MINIAODSIM/PU25nsData2015v1_76X_mcRun2_asymptotic_v12-v1/00000/E4965917-9BC3-E511-999F-02163E016694.root
04-Oct-2023 19:48:06 CEST  Closed file root://eospublic.cern.ch//eos/opendata/cms/mc/RunIIFall15MiniAODv2/DYJetsToLL_M-5to50_HT-100to200_TuneCUETP8M1_13TeV-madgraphMLM-pythia8/MINIAODSIM/PU25nsData2015v1_76X_mcRun2_asymptotic_v12-v1/00000/E4965917-9BC3-E511-999F-02163E016694.root
04-Oct-2023 19:48:06 CEST  Initiating request to open file root://eospublic.cern.ch//eos/opendata/cms/mc/RunIIFall15MiniAODv2/DYJetsToLL_M-5to50_HT-100to200_TuneCUETP8M1_13TeV-madgraphMLM-pythia8/MINIAODSIM/PU25nsData2015v1_76X_mcRun2_asymptotic_v12-v1/00000/F0407B62-B7C5-E511-8E46-0025904B2012.root
%MSG-w XrdAdaptor:  file_open 04-Oct-2023 19:48:06 CEST PostProcessEvent
Data is served from cern.ch instead of original site eospublic
%MSG
04-Oct-2023 19:48:06 CEST  Successfully opened file root://eospublic.cern.ch//eos/opendata/cms/mc/RunIIFall15MiniAODv2/DYJetsToLL_M-5to50_HT-100to200_TuneCUETP8M1_13TeV-madgraphMLM-pythia8/MINIAODSIM/PU25nsData2015v1_76X_mcRun2_asymptotic_v12-v1/00000/F0407B62-B7C5-E511-8E46-0025904B2012.root
04-Oct-2023 19:48:08 CEST  Closed file root://eospublic.cern.ch//eos/opendata/cms/mc/RunIIFall15MiniAODv2/DYJetsToLL_M-5to50_HT-100to200_TuneCUETP8M1_13TeV-madgraphMLM-pythia8/MINIAODSIM/PU25nsData2015v1_76X_mcRun2_asymptotic_v12-v1/00000/F0407B62-B7C5-E511-8E46-0025904B2012.root
04-Oct-2023 19:48:08 CEST  Initiating request to open file root://eospublic.cern.ch//eos/opendata/cms/mc/RunIIFall15MiniAODv2/DYJetsToLL_M-5to50_HT-100to200_TuneCUETP8M1_13TeV-madgraphMLM-pythia8/MINIAODSIM/PU25nsData2015v1_76X_mcRun2_asymptotic_v12-v1/00000/F8C4B0FB-9AC3-E511-B784-001E67C9B1BD.root
%MSG-w XrdAdaptor:  file_open 04-Oct-2023 19:48:08 CEST PostProcessEvent
Data is served from cern.ch instead of original site eospublic
%MSG
04-Oct-2023 19:48:08 CEST  Successfully opened file root://eospublic.cern.ch//eos/opendata/cms/mc/RunIIFall15MiniAODv2/DYJetsToLL_M-5to50_HT-100to200_TuneCUETP8M1_13TeV-madgraphMLM-pythia8/MINIAODSIM/PU25nsData2015v1_76X_mcRun2_asymptotic_v12-v1/00000/F8C4B0FB-9AC3-E511-B784-001E67C9B1BD.root
Begin processing the 1000001st record. Run 1, Event 41285, LumiSection 29 at 04-Oct-2023 19:48:10.585 CEST
      6.406196      0.000034      1.937446             1
    228.924585      0.001183      1.937446             2
    649.500397      0.003355      1.937446             3
    874.507355      0.004517      1.937446             4
 
04-Oct-2023 19:48:11 CEST  Closed file root://eospublic.cern.ch//eos/opendata/cms/mc/RunIIFall15MiniAODv2/DYJetsToLL_M-5to50_HT-100to200_TuneCUETP8M1_13TeV-madgraphMLM-pythia8/MINIAODSIM/PU25nsData2015v1_76X_mcRun2_asymptotic_v12-v1/00000/F8C4B0FB-9AC3-E511-B784-001E67C9B1BD.root

------------------------------------
GenXsecAnalyzer:
------------------------------------
-------------------------------------------------------------------------------------------------------------------------------------------------------------------------- 
Overall cross-section summary 
--------------------------------------------------------------------------------------------------------------------------------------------------------------------------
Process		xsec_before [pb]		passed	nposw	nnegw	tried	nposw	nnegw 	xsec_match [pb]			accepted [%]	 event_eff [%]
0		6.409e+00 +/- 1.319e-04		8862	8862	0	31773	31773	0	1.788e+00 +/- 1.612e-02		27.9 +/- 0.3	27.9 +/- 0.3
1		2.289e+02 +/- 4.633e-03		322282	322282	0	1046978	1046978	0	7.047e+01 +/- 1.033e-01		30.8 +/- 0.0	30.8 +/- 0.0
2		6.496e+02 +/- 1.314e-02		434614	434614	0	2950326	2950326	0	9.570e+01 +/- 1.341e-01		14.7 +/- 0.0	14.7 +/- 0.0
3		8.744e+02 +/- 1.769e-02		252701	252701	0	3965115	3965115	0	5.573e+01 +/- 1.073e-01		6.4 +/- 0.0	6.4 +/- 0.0
-------------------------------------------------------------------------------------------------------------------------------------------------------------------------- 
Total		1.759e+03 +/- 2.252e-02		1018459	1018459	0	7994192	7994192	0	2.241e+02 +/- 2.075e-01		12.7 +/- 0.0	12.7 +/- 0.0
--------------------------------------------------------------------------------------------------------------------------------------------------------------------------
Before matching: total cross section = 1.759e+03 +- 2.252e-02 pb
After matching: total cross section = 2.241e+02 +- 2.075e-01 pb
Filter efficiency (taking into account weights)= (1.01846e+06) / (1.01846e+06) = 1.000e+00 +- 0.000e+00
Filter efficiency (event-level)= (1.01846e+06) / (1.01846e+06) = 1.000e+00 +- 0.000e+00
After filter: final cross section = 2.241e+02 +- 2.075e-01 pb

=============================================

MessageLogger Summary

 type     category        sev    module        subroutine        count    total
 ---- -------------------- -- ---------------- ----------------  -----    -----
    1 GenXSecAnalyzer      -w GenXSecAnalyzer:                      15       15
    2 XrdAdaptor           -w file_open                             26       26
    3 fileAction           -s file_close                            26       26
    4 fileAction           -s file_open                             52       52

 type    category    Examples: run/evt        run/evt          run/evt
 ---- -------------------- ---------------- ---------------- ----------------
    1 GenXSecAnalyzer      PostEndRun       PostEndRun       PostEndRun
    2 XrdAdaptor           pre-events       PostProcessEvent PostProcessEvent
    3 fileAction           PostProcessEvent PostProcessEvent PostEndRun
    4 fileAction           pre-events       pre-events       PostProcessEvent

Severity    # Occurrences   Total Occurrences
--------    -------------   -----------------
Warning                41                  41
System                 78                  78
