05-Oct-2023 02:08:55 CEST  Initiating request to open file root://eospublic.cern.ch//eos/opendata/cms/mc/RunIIFall15MiniAODv2/DYJetsToLL_M-50_TuneCUETP8M1_13TeV-madgraphMLM-pythia8_PythiaFragment_Down/MINIAODSIM/PU25nsData2015v1_76X_mcRun2_asymptotic_v12-v1/50000/0648B823-1722-E611-BBA3-0CC47A78A414.root
%MSG-w XrdAdaptor:  file_open 05-Oct-2023 02:08:55 CEST pre-events
Data is served from cern.ch instead of original site eospublic
%MSG
05-Oct-2023 02:08:56 CEST  Successfully opened file root://eospublic.cern.ch//eos/opendata/cms/mc/RunIIFall15MiniAODv2/DYJetsToLL_M-50_TuneCUETP8M1_13TeV-madgraphMLM-pythia8_PythiaFragment_Down/MINIAODSIM/PU25nsData2015v1_76X_mcRun2_asymptotic_v12-v1/50000/0648B823-1722-E611-BBA3-0CC47A78A414.root
Begin processing the 1st record. Run 1, Event 397402602, LumiSection 1987014 at 05-Oct-2023 02:08:57.693 CEST
05-Oct-2023 02:08:59 CEST  Closed file root://eospublic.cern.ch//eos/opendata/cms/mc/RunIIFall15MiniAODv2/DYJetsToLL_M-50_TuneCUETP8M1_13TeV-madgraphMLM-pythia8_PythiaFragment_Down/MINIAODSIM/PU25nsData2015v1_76X_mcRun2_asymptotic_v12-v1/50000/0648B823-1722-E611-BBA3-0CC47A78A414.root
05-Oct-2023 02:08:59 CEST  Initiating request to open file root://eospublic.cern.ch//eos/opendata/cms/mc/RunIIFall15MiniAODv2/DYJetsToLL_M-50_TuneCUETP8M1_13TeV-madgraphMLM-pythia8_PythiaFragment_Down/MINIAODSIM/PU25nsData2015v1_76X_mcRun2_asymptotic_v12-v1/50000/4A571D89-1722-E611-9C29-B083FED02AD1.root
%MSG-w XrdAdaptor:  file_open 05-Oct-2023 02:08:59 CEST PostProcessEvent
Data is served from cern.ch instead of original site eospublic
%MSG
05-Oct-2023 02:09:00 CEST  Successfully opened file root://eospublic.cern.ch//eos/opendata/cms/mc/RunIIFall15MiniAODv2/DYJetsToLL_M-50_TuneCUETP8M1_13TeV-madgraphMLM-pythia8_PythiaFragment_Down/MINIAODSIM/PU25nsData2015v1_76X_mcRun2_asymptotic_v12-v1/50000/4A571D89-1722-E611-9C29-B083FED02AD1.root
05-Oct-2023 02:09:01 CEST  Closed file root://eospublic.cern.ch//eos/opendata/cms/mc/RunIIFall15MiniAODv2/DYJetsToLL_M-50_TuneCUETP8M1_13TeV-madgraphMLM-pythia8_PythiaFragment_Down/MINIAODSIM/PU25nsData2015v1_76X_mcRun2_asymptotic_v12-v1/50000/4A571D89-1722-E611-9C29-B083FED02AD1.root
05-Oct-2023 02:09:01 CEST  Initiating request to open file root://eospublic.cern.ch//eos/opendata/cms/mc/RunIIFall15MiniAODv2/DYJetsToLL_M-50_TuneCUETP8M1_13TeV-madgraphMLM-pythia8_PythiaFragment_Down/MINIAODSIM/PU25nsData2015v1_76X_mcRun2_asymptotic_v12-v1/50000/60754127-1722-E611-A416-0025905A612C.root
%MSG-w XrdAdaptor:  file_open 05-Oct-2023 02:09:01 CEST PostProcessEvent
Data is served from cern.ch instead of original site eospublic
%MSG
05-Oct-2023 02:09:01 CEST  Successfully opened file root://eospublic.cern.ch//eos/opendata/cms/mc/RunIIFall15MiniAODv2/DYJetsToLL_M-50_TuneCUETP8M1_13TeV-madgraphMLM-pythia8_PythiaFragment_Down/MINIAODSIM/PU25nsData2015v1_76X_mcRun2_asymptotic_v12-v1/50000/60754127-1722-E611-A416-0025905A612C.root
05-Oct-2023 02:09:04 CEST  Closed file root://eospublic.cern.ch//eos/opendata/cms/mc/RunIIFall15MiniAODv2/DYJetsToLL_M-50_TuneCUETP8M1_13TeV-madgraphMLM-pythia8_PythiaFragment_Down/MINIAODSIM/PU25nsData2015v1_76X_mcRun2_asymptotic_v12-v1/50000/60754127-1722-E611-A416-0025905A612C.root
05-Oct-2023 02:09:04 CEST  Initiating request to open file root://eospublic.cern.ch//eos/opendata/cms/mc/RunIIFall15MiniAODv2/DYJetsToLL_M-50_TuneCUETP8M1_13TeV-madgraphMLM-pythia8_PythiaFragment_Down/MINIAODSIM/PU25nsData2015v1_76X_mcRun2_asymptotic_v12-v1/50000/AC539422-1722-E611-B923-0025905B85D2.root
%MSG-w XrdAdaptor:  file_open 05-Oct-2023 02:09:04 CEST PostProcessEvent
Data is served from cern.ch instead of original site eospublic
%MSG
05-Oct-2023 02:09:04 CEST  Successfully opened file root://eospublic.cern.ch//eos/opendata/cms/mc/RunIIFall15MiniAODv2/DYJetsToLL_M-50_TuneCUETP8M1_13TeV-madgraphMLM-pythia8_PythiaFragment_Down/MINIAODSIM/PU25nsData2015v1_76X_mcRun2_asymptotic_v12-v1/50000/AC539422-1722-E611-B923-0025905B85D2.root
Begin processing the 100001st record. Run 1, Event 683829037, LumiSection 3419146 at 05-Oct-2023 02:09:06.028 CEST
05-Oct-2023 02:09:08 CEST  Closed file root://eospublic.cern.ch//eos/opendata/cms/mc/RunIIFall15MiniAODv2/DYJetsToLL_M-50_TuneCUETP8M1_13TeV-madgraphMLM-pythia8_PythiaFragment_Down/MINIAODSIM/PU25nsData2015v1_76X_mcRun2_asymptotic_v12-v1/50000/AC539422-1722-E611-B923-0025905B85D2.root
05-Oct-2023 02:09:08 CEST  Initiating request to open file root://eospublic.cern.ch//eos/opendata/cms/mc/RunIIFall15MiniAODv2/DYJetsToLL_M-50_TuneCUETP8M1_13TeV-madgraphMLM-pythia8_PythiaFragment_Down/MINIAODSIM/PU25nsData2015v1_76X_mcRun2_asymptotic_v12-v1/50000/B4E58F20-1A22-E611-82F7-0025902008FC.root
%MSG-w XrdAdaptor:  file_open 05-Oct-2023 02:09:08 CEST PostProcessEvent
Data is served from cern.ch instead of original site eospublic
%MSG
05-Oct-2023 02:09:08 CEST  Successfully opened file root://eospublic.cern.ch//eos/opendata/cms/mc/RunIIFall15MiniAODv2/DYJetsToLL_M-50_TuneCUETP8M1_13TeV-madgraphMLM-pythia8_PythiaFragment_Down/MINIAODSIM/PU25nsData2015v1_76X_mcRun2_asymptotic_v12-v1/50000/B4E58F20-1A22-E611-82F7-0025902008FC.root
05-Oct-2023 02:09:09 CEST  Closed file root://eospublic.cern.ch//eos/opendata/cms/mc/RunIIFall15MiniAODv2/DYJetsToLL_M-50_TuneCUETP8M1_13TeV-madgraphMLM-pythia8_PythiaFragment_Down/MINIAODSIM/PU25nsData2015v1_76X_mcRun2_asymptotic_v12-v1/50000/B4E58F20-1A22-E611-82F7-0025902008FC.root
05-Oct-2023 02:09:09 CEST  Initiating request to open file root://eospublic.cern.ch//eos/opendata/cms/mc/RunIIFall15MiniAODv2/DYJetsToLL_M-50_TuneCUETP8M1_13TeV-madgraphMLM-pythia8_PythiaFragment_Down/MINIAODSIM/PU25nsData2015v1_76X_mcRun2_asymptotic_v12-v1/50000/C409282F-1722-E611-8660-0CC47A4C8F0C.root
%MSG-w XrdAdaptor:  file_open 05-Oct-2023 02:09:09 CEST PostProcessEvent
Data is served from cern.ch instead of original site eospublic
%MSG
05-Oct-2023 02:09:09 CEST  Successfully opened file root://eospublic.cern.ch//eos/opendata/cms/mc/RunIIFall15MiniAODv2/DYJetsToLL_M-50_TuneCUETP8M1_13TeV-madgraphMLM-pythia8_PythiaFragment_Down/MINIAODSIM/PU25nsData2015v1_76X_mcRun2_asymptotic_v12-v1/50000/C409282F-1722-E611-8660-0CC47A4C8F0C.root
Begin processing the 200001st record. Run 1, Event 615990559, LumiSection 3079953 at 05-Oct-2023 02:09:13.308 CEST
05-Oct-2023 02:09:13 CEST  Closed file root://eospublic.cern.ch//eos/opendata/cms/mc/RunIIFall15MiniAODv2/DYJetsToLL_M-50_TuneCUETP8M1_13TeV-madgraphMLM-pythia8_PythiaFragment_Down/MINIAODSIM/PU25nsData2015v1_76X_mcRun2_asymptotic_v12-v1/50000/C409282F-1722-E611-8660-0CC47A4C8F0C.root
05-Oct-2023 02:09:13 CEST  Initiating request to open file root://eospublic.cern.ch//eos/opendata/cms/mc/RunIIFall15MiniAODv2/DYJetsToLL_M-50_TuneCUETP8M1_13TeV-madgraphMLM-pythia8_PythiaFragment_Down/MINIAODSIM/PU25nsData2015v1_76X_mcRun2_asymptotic_v12-v1/60000/047CF272-9F1F-E611-965D-001E675A690A.root
%MSG-w XrdAdaptor:  file_open 05-Oct-2023 02:09:13 CEST PostProcessEvent
Data is served from cern.ch instead of original site eospublic
%MSG
05-Oct-2023 02:09:13 CEST  Successfully opened file root://eospublic.cern.ch//eos/opendata/cms/mc/RunIIFall15MiniAODv2/DYJetsToLL_M-50_TuneCUETP8M1_13TeV-madgraphMLM-pythia8_PythiaFragment_Down/MINIAODSIM/PU25nsData2015v1_76X_mcRun2_asymptotic_v12-v1/60000/047CF272-9F1F-E611-965D-001E675A690A.root
05-Oct-2023 02:09:16 CEST  Closed file root://eospublic.cern.ch//eos/opendata/cms/mc/RunIIFall15MiniAODv2/DYJetsToLL_M-50_TuneCUETP8M1_13TeV-madgraphMLM-pythia8_PythiaFragment_Down/MINIAODSIM/PU25nsData2015v1_76X_mcRun2_asymptotic_v12-v1/60000/047CF272-9F1F-E611-965D-001E675A690A.root
05-Oct-2023 02:09:16 CEST  Initiating request to open file root://eospublic.cern.ch//eos/opendata/cms/mc/RunIIFall15MiniAODv2/DYJetsToLL_M-50_TuneCUETP8M1_13TeV-madgraphMLM-pythia8_PythiaFragment_Down/MINIAODSIM/PU25nsData2015v1_76X_mcRun2_asymptotic_v12-v1/60000/04E704AE-E020-E611-9A1C-14187740D279.root
%MSG-w XrdAdaptor:  file_open 05-Oct-2023 02:09:16 CEST PostProcessEvent
Data is served from cern.ch instead of original site eospublic
%MSG
05-Oct-2023 02:09:16 CEST  Successfully opened file root://eospublic.cern.ch//eos/opendata/cms/mc/RunIIFall15MiniAODv2/DYJetsToLL_M-50_TuneCUETP8M1_13TeV-madgraphMLM-pythia8_PythiaFragment_Down/MINIAODSIM/PU25nsData2015v1_76X_mcRun2_asymptotic_v12-v1/60000/04E704AE-E020-E611-9A1C-14187740D279.root
05-Oct-2023 02:09:18 CEST  Closed file root://eospublic.cern.ch//eos/opendata/cms/mc/RunIIFall15MiniAODv2/DYJetsToLL_M-50_TuneCUETP8M1_13TeV-madgraphMLM-pythia8_PythiaFragment_Down/MINIAODSIM/PU25nsData2015v1_76X_mcRun2_asymptotic_v12-v1/60000/04E704AE-E020-E611-9A1C-14187740D279.root
05-Oct-2023 02:09:18 CEST  Initiating request to open file root://eospublic.cern.ch//eos/opendata/cms/mc/RunIIFall15MiniAODv2/DYJetsToLL_M-50_TuneCUETP8M1_13TeV-madgraphMLM-pythia8_PythiaFragment_Down/MINIAODSIM/PU25nsData2015v1_76X_mcRun2_asymptotic_v12-v1/60000/0AB6ACAA-4321-E611-95BA-0CC47A4D765E.root
%MSG-w XrdAdaptor:  file_open 05-Oct-2023 02:09:18 CEST PostProcessEvent
Data is served from cern.ch instead of original site eospublic
%MSG
05-Oct-2023 02:09:18 CEST  Successfully opened file root://eospublic.cern.ch//eos/opendata/cms/mc/RunIIFall15MiniAODv2/DYJetsToLL_M-50_TuneCUETP8M1_13TeV-madgraphMLM-pythia8_PythiaFragment_Down/MINIAODSIM/PU25nsData2015v1_76X_mcRun2_asymptotic_v12-v1/60000/0AB6ACAA-4321-E611-95BA-0CC47A4D765E.root
05-Oct-2023 02:09:21 CEST  Closed file root://eospublic.cern.ch//eos/opendata/cms/mc/RunIIFall15MiniAODv2/DYJetsToLL_M-50_TuneCUETP8M1_13TeV-madgraphMLM-pythia8_PythiaFragment_Down/MINIAODSIM/PU25nsData2015v1_76X_mcRun2_asymptotic_v12-v1/60000/0AB6ACAA-4321-E611-95BA-0CC47A4D765E.root
05-Oct-2023 02:09:21 CEST  Initiating request to open file root://eospublic.cern.ch//eos/opendata/cms/mc/RunIIFall15MiniAODv2/DYJetsToLL_M-50_TuneCUETP8M1_13TeV-madgraphMLM-pythia8_PythiaFragment_Down/MINIAODSIM/PU25nsData2015v1_76X_mcRun2_asymptotic_v12-v1/60000/0E7DB3B0-4321-E611-A882-0025905B85F6.root
%MSG-w XrdAdaptor:  file_open 05-Oct-2023 02:09:21 CEST PostProcessEvent
Data is served from cern.ch instead of original site eospublic
%MSG
05-Oct-2023 02:09:21 CEST  Successfully opened file root://eospublic.cern.ch//eos/opendata/cms/mc/RunIIFall15MiniAODv2/DYJetsToLL_M-50_TuneCUETP8M1_13TeV-madgraphMLM-pythia8_PythiaFragment_Down/MINIAODSIM/PU25nsData2015v1_76X_mcRun2_asymptotic_v12-v1/60000/0E7DB3B0-4321-E611-A882-0025905B85F6.root
Begin processing the 300001st record. Run 1, Event 721839711, LumiSection 3609199 at 05-Oct-2023 02:09:23.012 CEST
05-Oct-2023 02:09:23 CEST  Closed file root://eospublic.cern.ch//eos/opendata/cms/mc/RunIIFall15MiniAODv2/DYJetsToLL_M-50_TuneCUETP8M1_13TeV-madgraphMLM-pythia8_PythiaFragment_Down/MINIAODSIM/PU25nsData2015v1_76X_mcRun2_asymptotic_v12-v1/60000/0E7DB3B0-4321-E611-A882-0025905B85F6.root
05-Oct-2023 02:09:23 CEST  Initiating request to open file root://eospublic.cern.ch//eos/opendata/cms/mc/RunIIFall15MiniAODv2/DYJetsToLL_M-50_TuneCUETP8M1_13TeV-madgraphMLM-pythia8_PythiaFragment_Down/MINIAODSIM/PU25nsData2015v1_76X_mcRun2_asymptotic_v12-v1/60000/1432E5A4-C220-E611-A6FA-0025905A4964.root
%MSG-w XrdAdaptor:  file_open 05-Oct-2023 02:09:23 CEST PostProcessEvent
Data is served from cern.ch instead of original site eospublic
%MSG
05-Oct-2023 02:09:23 CEST  Successfully opened file root://eospublic.cern.ch//eos/opendata/cms/mc/RunIIFall15MiniAODv2/DYJetsToLL_M-50_TuneCUETP8M1_13TeV-madgraphMLM-pythia8_PythiaFragment_Down/MINIAODSIM/PU25nsData2015v1_76X_mcRun2_asymptotic_v12-v1/60000/1432E5A4-C220-E611-A6FA-0025905A4964.root
05-Oct-2023 02:09:27 CEST  Closed file root://eospublic.cern.ch//eos/opendata/cms/mc/RunIIFall15MiniAODv2/DYJetsToLL_M-50_TuneCUETP8M1_13TeV-madgraphMLM-pythia8_PythiaFragment_Down/MINIAODSIM/PU25nsData2015v1_76X_mcRun2_asymptotic_v12-v1/60000/1432E5A4-C220-E611-A6FA-0025905A4964.root
05-Oct-2023 02:09:27 CEST  Initiating request to open file root://eospublic.cern.ch//eos/opendata/cms/mc/RunIIFall15MiniAODv2/DYJetsToLL_M-50_TuneCUETP8M1_13TeV-madgraphMLM-pythia8_PythiaFragment_Down/MINIAODSIM/PU25nsData2015v1_76X_mcRun2_asymptotic_v12-v1/60000/1449F246-A31F-E611-BB4B-002590200A6C.root
%MSG-w XrdAdaptor:  file_open 05-Oct-2023 02:09:27 CEST PostProcessEvent
Data is served from cern.ch instead of original site eospublic
%MSG
05-Oct-2023 02:09:27 CEST  Successfully opened file root://eospublic.cern.ch//eos/opendata/cms/mc/RunIIFall15MiniAODv2/DYJetsToLL_M-50_TuneCUETP8M1_13TeV-madgraphMLM-pythia8_PythiaFragment_Down/MINIAODSIM/PU25nsData2015v1_76X_mcRun2_asymptotic_v12-v1/60000/1449F246-A31F-E611-BB4B-002590200A6C.root
05-Oct-2023 02:09:28 CEST  Closed file root://eospublic.cern.ch//eos/opendata/cms/mc/RunIIFall15MiniAODv2/DYJetsToLL_M-50_TuneCUETP8M1_13TeV-madgraphMLM-pythia8_PythiaFragment_Down/MINIAODSIM/PU25nsData2015v1_76X_mcRun2_asymptotic_v12-v1/60000/1449F246-A31F-E611-BB4B-002590200A6C.root
05-Oct-2023 02:09:28 CEST  Initiating request to open file root://eospublic.cern.ch//eos/opendata/cms/mc/RunIIFall15MiniAODv2/DYJetsToLL_M-50_TuneCUETP8M1_13TeV-madgraphMLM-pythia8_PythiaFragment_Down/MINIAODSIM/PU25nsData2015v1_76X_mcRun2_asymptotic_v12-v1/60000/16FEBA39-4321-E611-81D7-549F3525BBCC.root
%MSG-w XrdAdaptor:  file_open 05-Oct-2023 02:09:28 CEST PostProcessEvent
Data is served from cern.ch instead of original site eospublic
%MSG
05-Oct-2023 02:09:28 CEST  Successfully opened file root://eospublic.cern.ch//eos/opendata/cms/mc/RunIIFall15MiniAODv2/DYJetsToLL_M-50_TuneCUETP8M1_13TeV-madgraphMLM-pythia8_PythiaFragment_Down/MINIAODSIM/PU25nsData2015v1_76X_mcRun2_asymptotic_v12-v1/60000/16FEBA39-4321-E611-81D7-549F3525BBCC.root
05-Oct-2023 02:09:31 CEST  Closed file root://eospublic.cern.ch//eos/opendata/cms/mc/RunIIFall15MiniAODv2/DYJetsToLL_M-50_TuneCUETP8M1_13TeV-madgraphMLM-pythia8_PythiaFragment_Down/MINIAODSIM/PU25nsData2015v1_76X_mcRun2_asymptotic_v12-v1/60000/16FEBA39-4321-E611-81D7-549F3525BBCC.root
05-Oct-2023 02:09:31 CEST  Initiating request to open file root://eospublic.cern.ch//eos/opendata/cms/mc/RunIIFall15MiniAODv2/DYJetsToLL_M-50_TuneCUETP8M1_13TeV-madgraphMLM-pythia8_PythiaFragment_Down/MINIAODSIM/PU25nsData2015v1_76X_mcRun2_asymptotic_v12-v1/60000/1A266E3C-9F1F-E611-8914-001E67A3E8F9.root
%MSG-w XrdAdaptor:  file_open 05-Oct-2023 02:09:31 CEST PostProcessEvent
Data is served from cern.ch instead of original site eospublic
%MSG
05-Oct-2023 02:09:31 CEST  Successfully opened file root://eospublic.cern.ch//eos/opendata/cms/mc/RunIIFall15MiniAODv2/DYJetsToLL_M-50_TuneCUETP8M1_13TeV-madgraphMLM-pythia8_PythiaFragment_Down/MINIAODSIM/PU25nsData2015v1_76X_mcRun2_asymptotic_v12-v1/60000/1A266E3C-9F1F-E611-8914-001E67A3E8F9.root
Begin processing the 400001st record. Run 1, Event 680375366, LumiSection 3401877 at 05-Oct-2023 02:09:32.244 CEST
05-Oct-2023 02:09:32 CEST  Closed file root://eospublic.cern.ch//eos/opendata/cms/mc/RunIIFall15MiniAODv2/DYJetsToLL_M-50_TuneCUETP8M1_13TeV-madgraphMLM-pythia8_PythiaFragment_Down/MINIAODSIM/PU25nsData2015v1_76X_mcRun2_asymptotic_v12-v1/60000/1A266E3C-9F1F-E611-8914-001E67A3E8F9.root
05-Oct-2023 02:09:32 CEST  Initiating request to open file root://eospublic.cern.ch//eos/opendata/cms/mc/RunIIFall15MiniAODv2/DYJetsToLL_M-50_TuneCUETP8M1_13TeV-madgraphMLM-pythia8_PythiaFragment_Down/MINIAODSIM/PU25nsData2015v1_76X_mcRun2_asymptotic_v12-v1/60000/24F3F831-1A20-E611-9529-B8CA3A70A5E8.root
%MSG-w XrdAdaptor:  file_open 05-Oct-2023 02:09:32 CEST PostProcessEvent
Data is served from cern.ch instead of original site eospublic
%MSG
05-Oct-2023 02:09:32 CEST  Successfully opened file root://eospublic.cern.ch//eos/opendata/cms/mc/RunIIFall15MiniAODv2/DYJetsToLL_M-50_TuneCUETP8M1_13TeV-madgraphMLM-pythia8_PythiaFragment_Down/MINIAODSIM/PU25nsData2015v1_76X_mcRun2_asymptotic_v12-v1/60000/24F3F831-1A20-E611-9529-B8CA3A70A5E8.root
05-Oct-2023 02:09:33 CEST  Closed file root://eospublic.cern.ch//eos/opendata/cms/mc/RunIIFall15MiniAODv2/DYJetsToLL_M-50_TuneCUETP8M1_13TeV-madgraphMLM-pythia8_PythiaFragment_Down/MINIAODSIM/PU25nsData2015v1_76X_mcRun2_asymptotic_v12-v1/60000/24F3F831-1A20-E611-9529-B8CA3A70A5E8.root
05-Oct-2023 02:09:33 CEST  Initiating request to open file root://eospublic.cern.ch//eos/opendata/cms/mc/RunIIFall15MiniAODv2/DYJetsToLL_M-50_TuneCUETP8M1_13TeV-madgraphMLM-pythia8_PythiaFragment_Down/MINIAODSIM/PU25nsData2015v1_76X_mcRun2_asymptotic_v12-v1/60000/2A4DDCD8-4221-E611-B873-141877410522.root
%MSG-w XrdAdaptor:  file_open 05-Oct-2023 02:09:33 CEST PostProcessEvent
Data is served from cern.ch instead of original site eospublic
%MSG
05-Oct-2023 02:09:33 CEST  Successfully opened file root://eospublic.cern.ch//eos/opendata/cms/mc/RunIIFall15MiniAODv2/DYJetsToLL_M-50_TuneCUETP8M1_13TeV-madgraphMLM-pythia8_PythiaFragment_Down/MINIAODSIM/PU25nsData2015v1_76X_mcRun2_asymptotic_v12-v1/60000/2A4DDCD8-4221-E611-B873-141877410522.root
05-Oct-2023 02:09:35 CEST  Closed file root://eospublic.cern.ch//eos/opendata/cms/mc/RunIIFall15MiniAODv2/DYJetsToLL_M-50_TuneCUETP8M1_13TeV-madgraphMLM-pythia8_PythiaFragment_Down/MINIAODSIM/PU25nsData2015v1_76X_mcRun2_asymptotic_v12-v1/60000/2A4DDCD8-4221-E611-B873-141877410522.root
05-Oct-2023 02:09:35 CEST  Initiating request to open file root://eospublic.cern.ch//eos/opendata/cms/mc/RunIIFall15MiniAODv2/DYJetsToLL_M-50_TuneCUETP8M1_13TeV-madgraphMLM-pythia8_PythiaFragment_Down/MINIAODSIM/PU25nsData2015v1_76X_mcRun2_asymptotic_v12-v1/60000/2AE06B2E-4321-E611-AB22-782BCB539226.root
%MSG-w XrdAdaptor:  file_open 05-Oct-2023 02:09:35 CEST PostProcessEvent
Data is served from cern.ch instead of original site eospublic
%MSG
05-Oct-2023 02:09:35 CEST  Successfully opened file root://eospublic.cern.ch//eos/opendata/cms/mc/RunIIFall15MiniAODv2/DYJetsToLL_M-50_TuneCUETP8M1_13TeV-madgraphMLM-pythia8_PythiaFragment_Down/MINIAODSIM/PU25nsData2015v1_76X_mcRun2_asymptotic_v12-v1/60000/2AE06B2E-4321-E611-AB22-782BCB539226.root
05-Oct-2023 02:09:39 CEST  Closed file root://eospublic.cern.ch//eos/opendata/cms/mc/RunIIFall15MiniAODv2/DYJetsToLL_M-50_TuneCUETP8M1_13TeV-madgraphMLM-pythia8_PythiaFragment_Down/MINIAODSIM/PU25nsData2015v1_76X_mcRun2_asymptotic_v12-v1/60000/2AE06B2E-4321-E611-AB22-782BCB539226.root
05-Oct-2023 02:09:39 CEST  Initiating request to open file root://eospublic.cern.ch//eos/opendata/cms/mc/RunIIFall15MiniAODv2/DYJetsToLL_M-50_TuneCUETP8M1_13TeV-madgraphMLM-pythia8_PythiaFragment_Down/MINIAODSIM/PU25nsData2015v1_76X_mcRun2_asymptotic_v12-v1/60000/2C68A08C-0420-E611-8553-234D115B37C2.root
%MSG-w XrdAdaptor:  file_open 05-Oct-2023 02:09:39 CEST PostProcessEvent
Data is served from cern.ch instead of original site eospublic
%MSG
05-Oct-2023 02:09:39 CEST  Successfully opened file root://eospublic.cern.ch//eos/opendata/cms/mc/RunIIFall15MiniAODv2/DYJetsToLL_M-50_TuneCUETP8M1_13TeV-madgraphMLM-pythia8_PythiaFragment_Down/MINIAODSIM/PU25nsData2015v1_76X_mcRun2_asymptotic_v12-v1/60000/2C68A08C-0420-E611-8553-234D115B37C2.root
Begin processing the 500001st record. Run 1, Event 614089067, LumiSection 3070446 at 05-Oct-2023 02:09:41.534 CEST
05-Oct-2023 02:09:42 CEST  Closed file root://eospublic.cern.ch//eos/opendata/cms/mc/RunIIFall15MiniAODv2/DYJetsToLL_M-50_TuneCUETP8M1_13TeV-madgraphMLM-pythia8_PythiaFragment_Down/MINIAODSIM/PU25nsData2015v1_76X_mcRun2_asymptotic_v12-v1/60000/2C68A08C-0420-E611-8553-234D115B37C2.root
05-Oct-2023 02:09:42 CEST  Initiating request to open file root://eospublic.cern.ch//eos/opendata/cms/mc/RunIIFall15MiniAODv2/DYJetsToLL_M-50_TuneCUETP8M1_13TeV-madgraphMLM-pythia8_PythiaFragment_Down/MINIAODSIM/PU25nsData2015v1_76X_mcRun2_asymptotic_v12-v1/60000/2E82E1AC-C220-E611-9686-0CC47A4D7632.root
%MSG-w XrdAdaptor:  file_open 05-Oct-2023 02:09:43 CEST PostProcessEvent
Data is served from cern.ch instead of original site eospublic
%MSG
05-Oct-2023 02:09:43 CEST  Successfully opened file root://eospublic.cern.ch//eos/opendata/cms/mc/RunIIFall15MiniAODv2/DYJetsToLL_M-50_TuneCUETP8M1_13TeV-madgraphMLM-pythia8_PythiaFragment_Down/MINIAODSIM/PU25nsData2015v1_76X_mcRun2_asymptotic_v12-v1/60000/2E82E1AC-C220-E611-9686-0CC47A4D7632.root
05-Oct-2023 02:09:46 CEST  Closed file root://eospublic.cern.ch//eos/opendata/cms/mc/RunIIFall15MiniAODv2/DYJetsToLL_M-50_TuneCUETP8M1_13TeV-madgraphMLM-pythia8_PythiaFragment_Down/MINIAODSIM/PU25nsData2015v1_76X_mcRun2_asymptotic_v12-v1/60000/2E82E1AC-C220-E611-9686-0CC47A4D7632.root
05-Oct-2023 02:09:46 CEST  Initiating request to open file root://eospublic.cern.ch//eos/opendata/cms/mc/RunIIFall15MiniAODv2/DYJetsToLL_M-50_TuneCUETP8M1_13TeV-madgraphMLM-pythia8_PythiaFragment_Down/MINIAODSIM/PU25nsData2015v1_76X_mcRun2_asymptotic_v12-v1/60000/34E2B7CF-9B1F-E611-A65C-0025904AC2CC.root
%MSG-w XrdAdaptor:  file_open 05-Oct-2023 02:09:47 CEST PostProcessEvent
Data is served from cern.ch instead of original site eospublic
%MSG
05-Oct-2023 02:09:47 CEST  Successfully opened file root://eospublic.cern.ch//eos/opendata/cms/mc/RunIIFall15MiniAODv2/DYJetsToLL_M-50_TuneCUETP8M1_13TeV-madgraphMLM-pythia8_PythiaFragment_Down/MINIAODSIM/PU25nsData2015v1_76X_mcRun2_asymptotic_v12-v1/60000/34E2B7CF-9B1F-E611-A65C-0025904AC2CC.root
05-Oct-2023 02:09:48 CEST  Closed file root://eospublic.cern.ch//eos/opendata/cms/mc/RunIIFall15MiniAODv2/DYJetsToLL_M-50_TuneCUETP8M1_13TeV-madgraphMLM-pythia8_PythiaFragment_Down/MINIAODSIM/PU25nsData2015v1_76X_mcRun2_asymptotic_v12-v1/60000/34E2B7CF-9B1F-E611-A65C-0025904AC2CC.root
05-Oct-2023 02:09:48 CEST  Initiating request to open file root://eospublic.cern.ch//eos/opendata/cms/mc/RunIIFall15MiniAODv2/DYJetsToLL_M-50_TuneCUETP8M1_13TeV-madgraphMLM-pythia8_PythiaFragment_Down/MINIAODSIM/PU25nsData2015v1_76X_mcRun2_asymptotic_v12-v1/60000/3A3B050D-9E1F-E611-B999-001E67A3E8F9.root
%MSG-w XrdAdaptor:  file_open 05-Oct-2023 02:09:48 CEST PostProcessEvent
Data is served from cern.ch instead of original site eospublic
%MSG
05-Oct-2023 02:09:48 CEST  Successfully opened file root://eospublic.cern.ch//eos/opendata/cms/mc/RunIIFall15MiniAODv2/DYJetsToLL_M-50_TuneCUETP8M1_13TeV-madgraphMLM-pythia8_PythiaFragment_Down/MINIAODSIM/PU25nsData2015v1_76X_mcRun2_asymptotic_v12-v1/60000/3A3B050D-9E1F-E611-B999-001E67A3E8F9.root
Begin processing the 600001st record. Run 1, Event 249854133, LumiSection 1249271 at 05-Oct-2023 02:09:50.230 CEST
05-Oct-2023 02:09:51 CEST  Closed file root://eospublic.cern.ch//eos/opendata/cms/mc/RunIIFall15MiniAODv2/DYJetsToLL_M-50_TuneCUETP8M1_13TeV-madgraphMLM-pythia8_PythiaFragment_Down/MINIAODSIM/PU25nsData2015v1_76X_mcRun2_asymptotic_v12-v1/60000/3A3B050D-9E1F-E611-B999-001E67A3E8F9.root
05-Oct-2023 02:09:51 CEST  Initiating request to open file root://eospublic.cern.ch//eos/opendata/cms/mc/RunIIFall15MiniAODv2/DYJetsToLL_M-50_TuneCUETP8M1_13TeV-madgraphMLM-pythia8_PythiaFragment_Down/MINIAODSIM/PU25nsData2015v1_76X_mcRun2_asymptotic_v12-v1/60000/3A51CE62-0420-E611-88A0-93A8FF61264C.root
%MSG-w XrdAdaptor:  file_open 05-Oct-2023 02:09:51 CEST PostProcessEvent
Data is served from cern.ch instead of original site eospublic
%MSG
05-Oct-2023 02:09:51 CEST  Successfully opened file root://eospublic.cern.ch//eos/opendata/cms/mc/RunIIFall15MiniAODv2/DYJetsToLL_M-50_TuneCUETP8M1_13TeV-madgraphMLM-pythia8_PythiaFragment_Down/MINIAODSIM/PU25nsData2015v1_76X_mcRun2_asymptotic_v12-v1/60000/3A51CE62-0420-E611-88A0-93A8FF61264C.root
05-Oct-2023 02:09:55 CEST  Closed file root://eospublic.cern.ch//eos/opendata/cms/mc/RunIIFall15MiniAODv2/DYJetsToLL_M-50_TuneCUETP8M1_13TeV-madgraphMLM-pythia8_PythiaFragment_Down/MINIAODSIM/PU25nsData2015v1_76X_mcRun2_asymptotic_v12-v1/60000/3A51CE62-0420-E611-88A0-93A8FF61264C.root
05-Oct-2023 02:09:55 CEST  Initiating request to open file root://eospublic.cern.ch//eos/opendata/cms/mc/RunIIFall15MiniAODv2/DYJetsToLL_M-50_TuneCUETP8M1_13TeV-madgraphMLM-pythia8_PythiaFragment_Down/MINIAODSIM/PU25nsData2015v1_76X_mcRun2_asymptotic_v12-v1/60000/3AFF4897-CF1F-E611-BECF-008CFA197404.root
%MSG-w XrdAdaptor:  file_open 05-Oct-2023 02:09:55 CEST PostProcessEvent
Data is served from cern.ch instead of original site eospublic
%MSG
05-Oct-2023 02:09:55 CEST  Successfully opened file root://eospublic.cern.ch//eos/opendata/cms/mc/RunIIFall15MiniAODv2/DYJetsToLL_M-50_TuneCUETP8M1_13TeV-madgraphMLM-pythia8_PythiaFragment_Down/MINIAODSIM/PU25nsData2015v1_76X_mcRun2_asymptotic_v12-v1/60000/3AFF4897-CF1F-E611-BECF-008CFA197404.root
05-Oct-2023 02:09:57 CEST  Closed file root://eospublic.cern.ch//eos/opendata/cms/mc/RunIIFall15MiniAODv2/DYJetsToLL_M-50_TuneCUETP8M1_13TeV-madgraphMLM-pythia8_PythiaFragment_Down/MINIAODSIM/PU25nsData2015v1_76X_mcRun2_asymptotic_v12-v1/60000/3AFF4897-CF1F-E611-BECF-008CFA197404.root
05-Oct-2023 02:09:57 CEST  Initiating request to open file root://eospublic.cern.ch//eos/opendata/cms/mc/RunIIFall15MiniAODv2/DYJetsToLL_M-50_TuneCUETP8M1_13TeV-madgraphMLM-pythia8_PythiaFragment_Down/MINIAODSIM/PU25nsData2015v1_76X_mcRun2_asymptotic_v12-v1/60000/3EEE2D76-9B1F-E611-9559-003048341ADC.root
%MSG-w XrdAdaptor:  file_open 05-Oct-2023 02:09:57 CEST PostProcessEvent
Data is served from cern.ch instead of original site eospublic
%MSG
05-Oct-2023 02:09:57 CEST  Successfully opened file root://eospublic.cern.ch//eos/opendata/cms/mc/RunIIFall15MiniAODv2/DYJetsToLL_M-50_TuneCUETP8M1_13TeV-madgraphMLM-pythia8_PythiaFragment_Down/MINIAODSIM/PU25nsData2015v1_76X_mcRun2_asymptotic_v12-v1/60000/3EEE2D76-9B1F-E611-9559-003048341ADC.root
Begin processing the 700001st record. Run 1, Event 622275417, LumiSection 3111378 at 05-Oct-2023 02:09:58.643 CEST
05-Oct-2023 02:09:59 CEST  Closed file root://eospublic.cern.ch//eos/opendata/cms/mc/RunIIFall15MiniAODv2/DYJetsToLL_M-50_TuneCUETP8M1_13TeV-madgraphMLM-pythia8_PythiaFragment_Down/MINIAODSIM/PU25nsData2015v1_76X_mcRun2_asymptotic_v12-v1/60000/3EEE2D76-9B1F-E611-9559-003048341ADC.root
05-Oct-2023 02:09:59 CEST  Initiating request to open file root://eospublic.cern.ch//eos/opendata/cms/mc/RunIIFall15MiniAODv2/DYJetsToLL_M-50_TuneCUETP8M1_13TeV-madgraphMLM-pythia8_PythiaFragment_Down/MINIAODSIM/PU25nsData2015v1_76X_mcRun2_asymptotic_v12-v1/60000/40558507-4321-E611-A902-B083FED18BA0.root
%MSG-w XrdAdaptor:  file_open 05-Oct-2023 02:09:59 CEST PostProcessEvent
Data is served from cern.ch instead of original site eospublic
%MSG
05-Oct-2023 02:09:59 CEST  Successfully opened file root://eospublic.cern.ch//eos/opendata/cms/mc/RunIIFall15MiniAODv2/DYJetsToLL_M-50_TuneCUETP8M1_13TeV-madgraphMLM-pythia8_PythiaFragment_Down/MINIAODSIM/PU25nsData2015v1_76X_mcRun2_asymptotic_v12-v1/60000/40558507-4321-E611-A902-B083FED18BA0.root
05-Oct-2023 02:10:02 CEST  Closed file root://eospublic.cern.ch//eos/opendata/cms/mc/RunIIFall15MiniAODv2/DYJetsToLL_M-50_TuneCUETP8M1_13TeV-madgraphMLM-pythia8_PythiaFragment_Down/MINIAODSIM/PU25nsData2015v1_76X_mcRun2_asymptotic_v12-v1/60000/40558507-4321-E611-A902-B083FED18BA0.root
05-Oct-2023 02:10:02 CEST  Initiating request to open file root://eospublic.cern.ch//eos/opendata/cms/mc/RunIIFall15MiniAODv2/DYJetsToLL_M-50_TuneCUETP8M1_13TeV-madgraphMLM-pythia8_PythiaFragment_Down/MINIAODSIM/PU25nsData2015v1_76X_mcRun2_asymptotic_v12-v1/60000/42F33CB1-251F-E611-ACDC-34E6D7E05F01.root
%MSG-w XrdAdaptor:  file_open 05-Oct-2023 02:10:02 CEST PostProcessEvent
Data is served from cern.ch instead of original site eospublic
%MSG
05-Oct-2023 02:10:02 CEST  Successfully opened file root://eospublic.cern.ch//eos/opendata/cms/mc/RunIIFall15MiniAODv2/DYJetsToLL_M-50_TuneCUETP8M1_13TeV-madgraphMLM-pythia8_PythiaFragment_Down/MINIAODSIM/PU25nsData2015v1_76X_mcRun2_asymptotic_v12-v1/60000/42F33CB1-251F-E611-ACDC-34E6D7E05F01.root
05-Oct-2023 02:10:02 CEST  Closed file root://eospublic.cern.ch//eos/opendata/cms/mc/RunIIFall15MiniAODv2/DYJetsToLL_M-50_TuneCUETP8M1_13TeV-madgraphMLM-pythia8_PythiaFragment_Down/MINIAODSIM/PU25nsData2015v1_76X_mcRun2_asymptotic_v12-v1/60000/42F33CB1-251F-E611-ACDC-34E6D7E05F01.root
05-Oct-2023 02:10:02 CEST  Initiating request to open file root://eospublic.cern.ch//eos/opendata/cms/mc/RunIIFall15MiniAODv2/DYJetsToLL_M-50_TuneCUETP8M1_13TeV-madgraphMLM-pythia8_PythiaFragment_Down/MINIAODSIM/PU25nsData2015v1_76X_mcRun2_asymptotic_v12-v1/60000/44752E30-4321-E611-9757-B083FED42A1A.root
%MSG-w XrdAdaptor:  file_open 05-Oct-2023 02:10:02 CEST PostProcessEvent
Data is served from cern.ch instead of original site eospublic
%MSG
05-Oct-2023 02:10:02 CEST  Successfully opened file root://eospublic.cern.ch//eos/opendata/cms/mc/RunIIFall15MiniAODv2/DYJetsToLL_M-50_TuneCUETP8M1_13TeV-madgraphMLM-pythia8_PythiaFragment_Down/MINIAODSIM/PU25nsData2015v1_76X_mcRun2_asymptotic_v12-v1/60000/44752E30-4321-E611-9757-B083FED42A1A.root
05-Oct-2023 02:10:06 CEST  Closed file root://eospublic.cern.ch//eos/opendata/cms/mc/RunIIFall15MiniAODv2/DYJetsToLL_M-50_TuneCUETP8M1_13TeV-madgraphMLM-pythia8_PythiaFragment_Down/MINIAODSIM/PU25nsData2015v1_76X_mcRun2_asymptotic_v12-v1/60000/44752E30-4321-E611-9757-B083FED42A1A.root
05-Oct-2023 02:10:06 CEST  Initiating request to open file root://eospublic.cern.ch//eos/opendata/cms/mc/RunIIFall15MiniAODv2/DYJetsToLL_M-50_TuneCUETP8M1_13TeV-madgraphMLM-pythia8_PythiaFragment_Down/MINIAODSIM/PU25nsData2015v1_76X_mcRun2_asymptotic_v12-v1/60000/46D53B3E-9F1F-E611-BCB3-001517F807D4.root
%MSG-w XrdAdaptor:  file_open 05-Oct-2023 02:10:06 CEST PostProcessEvent
Data is served from cern.ch instead of original site eospublic
%MSG
05-Oct-2023 02:10:06 CEST  Successfully opened file root://eospublic.cern.ch//eos/opendata/cms/mc/RunIIFall15MiniAODv2/DYJetsToLL_M-50_TuneCUETP8M1_13TeV-madgraphMLM-pythia8_PythiaFragment_Down/MINIAODSIM/PU25nsData2015v1_76X_mcRun2_asymptotic_v12-v1/60000/46D53B3E-9F1F-E611-BCB3-001517F807D4.root
Begin processing the 800001st record. Run 1, Event 295716237, LumiSection 1478582 at 05-Oct-2023 02:10:07.945 CEST
05-Oct-2023 02:10:09 CEST  Closed file root://eospublic.cern.ch//eos/opendata/cms/mc/RunIIFall15MiniAODv2/DYJetsToLL_M-50_TuneCUETP8M1_13TeV-madgraphMLM-pythia8_PythiaFragment_Down/MINIAODSIM/PU25nsData2015v1_76X_mcRun2_asymptotic_v12-v1/60000/46D53B3E-9F1F-E611-BCB3-001517F807D4.root
05-Oct-2023 02:10:09 CEST  Initiating request to open file root://eospublic.cern.ch//eos/opendata/cms/mc/RunIIFall15MiniAODv2/DYJetsToLL_M-50_TuneCUETP8M1_13TeV-madgraphMLM-pythia8_PythiaFragment_Down/MINIAODSIM/PU25nsData2015v1_76X_mcRun2_asymptotic_v12-v1/60000/4A6ACDA9-4321-E611-9B07-0CC47A4C8E38.root
%MSG-w XrdAdaptor:  file_open 05-Oct-2023 02:10:10 CEST PostProcessEvent
Data is served from cern.ch instead of original site eospublic
%MSG
05-Oct-2023 02:10:10 CEST  Successfully opened file root://eospublic.cern.ch//eos/opendata/cms/mc/RunIIFall15MiniAODv2/DYJetsToLL_M-50_TuneCUETP8M1_13TeV-madgraphMLM-pythia8_PythiaFragment_Down/MINIAODSIM/PU25nsData2015v1_76X_mcRun2_asymptotic_v12-v1/60000/4A6ACDA9-4321-E611-9B07-0CC47A4C8E38.root
05-Oct-2023 02:10:12 CEST  Closed file root://eospublic.cern.ch//eos/opendata/cms/mc/RunIIFall15MiniAODv2/DYJetsToLL_M-50_TuneCUETP8M1_13TeV-madgraphMLM-pythia8_PythiaFragment_Down/MINIAODSIM/PU25nsData2015v1_76X_mcRun2_asymptotic_v12-v1/60000/4A6ACDA9-4321-E611-9B07-0CC47A4C8E38.root
05-Oct-2023 02:10:12 CEST  Initiating request to open file root://eospublic.cern.ch//eos/opendata/cms/mc/RunIIFall15MiniAODv2/DYJetsToLL_M-50_TuneCUETP8M1_13TeV-madgraphMLM-pythia8_PythiaFragment_Down/MINIAODSIM/PU25nsData2015v1_76X_mcRun2_asymptotic_v12-v1/60000/4A8D147F-D31F-E611-A5C3-14187741278B.root
%MSG-w XrdAdaptor:  file_open 05-Oct-2023 02:10:12 CEST PostProcessEvent
Data is served from cern.ch instead of original site eospublic
%MSG
05-Oct-2023 02:10:12 CEST  Successfully opened file root://eospublic.cern.ch//eos/opendata/cms/mc/RunIIFall15MiniAODv2/DYJetsToLL_M-50_TuneCUETP8M1_13TeV-madgraphMLM-pythia8_PythiaFragment_Down/MINIAODSIM/PU25nsData2015v1_76X_mcRun2_asymptotic_v12-v1/60000/4A8D147F-D31F-E611-A5C3-14187741278B.root
Begin processing the 900001st record. Run 1, Event 383870689, LumiSection 1919354 at 05-Oct-2023 02:10:15.630 CEST
05-Oct-2023 02:10:16 CEST  Closed file root://eospublic.cern.ch//eos/opendata/cms/mc/RunIIFall15MiniAODv2/DYJetsToLL_M-50_TuneCUETP8M1_13TeV-madgraphMLM-pythia8_PythiaFragment_Down/MINIAODSIM/PU25nsData2015v1_76X_mcRun2_asymptotic_v12-v1/60000/4A8D147F-D31F-E611-A5C3-14187741278B.root
05-Oct-2023 02:10:16 CEST  Initiating request to open file root://eospublic.cern.ch//eos/opendata/cms/mc/RunIIFall15MiniAODv2/DYJetsToLL_M-50_TuneCUETP8M1_13TeV-madgraphMLM-pythia8_PythiaFragment_Down/MINIAODSIM/PU25nsData2015v1_76X_mcRun2_asymptotic_v12-v1/60000/541FD8BC-4321-E611-A22F-0025905A48F2.root
%MSG-w XrdAdaptor:  file_open 05-Oct-2023 02:10:16 CEST PostProcessEvent
Data is served from cern.ch instead of original site eospublic
%MSG
05-Oct-2023 02:10:16 CEST  Successfully opened file root://eospublic.cern.ch//eos/opendata/cms/mc/RunIIFall15MiniAODv2/DYJetsToLL_M-50_TuneCUETP8M1_13TeV-madgraphMLM-pythia8_PythiaFragment_Down/MINIAODSIM/PU25nsData2015v1_76X_mcRun2_asymptotic_v12-v1/60000/541FD8BC-4321-E611-A22F-0025905A48F2.root
05-Oct-2023 02:10:19 CEST  Closed file root://eospublic.cern.ch//eos/opendata/cms/mc/RunIIFall15MiniAODv2/DYJetsToLL_M-50_TuneCUETP8M1_13TeV-madgraphMLM-pythia8_PythiaFragment_Down/MINIAODSIM/PU25nsData2015v1_76X_mcRun2_asymptotic_v12-v1/60000/541FD8BC-4321-E611-A22F-0025905A48F2.root
05-Oct-2023 02:10:19 CEST  Initiating request to open file root://eospublic.cern.ch//eos/opendata/cms/mc/RunIIFall15MiniAODv2/DYJetsToLL_M-50_TuneCUETP8M1_13TeV-madgraphMLM-pythia8_PythiaFragment_Down/MINIAODSIM/PU25nsData2015v1_76X_mcRun2_asymptotic_v12-v1/60000/54A4BAA5-271F-E611-8DBA-0025904C7DF0.root
%MSG-w XrdAdaptor:  file_open 05-Oct-2023 02:10:19 CEST PostProcessEvent
Data is served from cern.ch instead of original site eospublic
%MSG
05-Oct-2023 02:10:19 CEST  Successfully opened file root://eospublic.cern.ch//eos/opendata/cms/mc/RunIIFall15MiniAODv2/DYJetsToLL_M-50_TuneCUETP8M1_13TeV-madgraphMLM-pythia8_PythiaFragment_Down/MINIAODSIM/PU25nsData2015v1_76X_mcRun2_asymptotic_v12-v1/60000/54A4BAA5-271F-E611-8DBA-0025904C7DF0.root
05-Oct-2023 02:10:20 CEST  Closed file root://eospublic.cern.ch//eos/opendata/cms/mc/RunIIFall15MiniAODv2/DYJetsToLL_M-50_TuneCUETP8M1_13TeV-madgraphMLM-pythia8_PythiaFragment_Down/MINIAODSIM/PU25nsData2015v1_76X_mcRun2_asymptotic_v12-v1/60000/54A4BAA5-271F-E611-8DBA-0025904C7DF0.root
05-Oct-2023 02:10:20 CEST  Initiating request to open file root://eospublic.cern.ch//eos/opendata/cms/mc/RunIIFall15MiniAODv2/DYJetsToLL_M-50_TuneCUETP8M1_13TeV-madgraphMLM-pythia8_PythiaFragment_Down/MINIAODSIM/PU25nsData2015v1_76X_mcRun2_asymptotic_v12-v1/60000/568F70AD-4321-E611-A8BE-0025905A607E.root
%MSG-w XrdAdaptor:  file_open 05-Oct-2023 02:10:20 CEST PostProcessEvent
Data is served from cern.ch instead of original site eospublic
%MSG
05-Oct-2023 02:10:20 CEST  Successfully opened file root://eospublic.cern.ch//eos/opendata/cms/mc/RunIIFall15MiniAODv2/DYJetsToLL_M-50_TuneCUETP8M1_13TeV-madgraphMLM-pythia8_PythiaFragment_Down/MINIAODSIM/PU25nsData2015v1_76X_mcRun2_asymptotic_v12-v1/60000/568F70AD-4321-E611-A8BE-0025905A607E.root
05-Oct-2023 02:10:22 CEST  Closed file root://eospublic.cern.ch//eos/opendata/cms/mc/RunIIFall15MiniAODv2/DYJetsToLL_M-50_TuneCUETP8M1_13TeV-madgraphMLM-pythia8_PythiaFragment_Down/MINIAODSIM/PU25nsData2015v1_76X_mcRun2_asymptotic_v12-v1/60000/568F70AD-4321-E611-A8BE-0025905A607E.root
05-Oct-2023 02:10:22 CEST  Initiating request to open file root://eospublic.cern.ch//eos/opendata/cms/mc/RunIIFall15MiniAODv2/DYJetsToLL_M-50_TuneCUETP8M1_13TeV-madgraphMLM-pythia8_PythiaFragment_Down/MINIAODSIM/PU25nsData2015v1_76X_mcRun2_asymptotic_v12-v1/60000/5CDB1E30-DF20-E611-AAC8-000F53273498.root
%MSG-w XrdAdaptor:  file_open 05-Oct-2023 02:10:23 CEST PostProcessEvent
Data is served from cern.ch instead of original site eospublic
%MSG
05-Oct-2023 02:10:23 CEST  Successfully opened file root://eospublic.cern.ch//eos/opendata/cms/mc/RunIIFall15MiniAODv2/DYJetsToLL_M-50_TuneCUETP8M1_13TeV-madgraphMLM-pythia8_PythiaFragment_Down/MINIAODSIM/PU25nsData2015v1_76X_mcRun2_asymptotic_v12-v1/60000/5CDB1E30-DF20-E611-AAC8-000F53273498.root
Begin processing the 1000001st record. Run 1, Event 576942382, LumiSection 2884712 at 05-Oct-2023 02:10:24.779 CEST
05-Oct-2023 02:10:25 CEST  Closed file root://eospublic.cern.ch//eos/opendata/cms/mc/RunIIFall15MiniAODv2/DYJetsToLL_M-50_TuneCUETP8M1_13TeV-madgraphMLM-pythia8_PythiaFragment_Down/MINIAODSIM/PU25nsData2015v1_76X_mcRun2_asymptotic_v12-v1/60000/5CDB1E30-DF20-E611-AAC8-000F53273498.root
05-Oct-2023 02:10:25 CEST  Initiating request to open file root://eospublic.cern.ch//eos/opendata/cms/mc/RunIIFall15MiniAODv2/DYJetsToLL_M-50_TuneCUETP8M1_13TeV-madgraphMLM-pythia8_PythiaFragment_Down/MINIAODSIM/PU25nsData2015v1_76X_mcRun2_asymptotic_v12-v1/60000/5E684192-4321-E611-8604-C81F66B78DC1.root
%MSG-w XrdAdaptor:  file_open 05-Oct-2023 02:10:25 CEST PostProcessEvent
Data is served from cern.ch instead of original site eospublic
%MSG
05-Oct-2023 02:10:25 CEST  Successfully opened file root://eospublic.cern.ch//eos/opendata/cms/mc/RunIIFall15MiniAODv2/DYJetsToLL_M-50_TuneCUETP8M1_13TeV-madgraphMLM-pythia8_PythiaFragment_Down/MINIAODSIM/PU25nsData2015v1_76X_mcRun2_asymptotic_v12-v1/60000/5E684192-4321-E611-8604-C81F66B78DC1.root
05-Oct-2023 02:10:29 CEST  Closed file root://eospublic.cern.ch//eos/opendata/cms/mc/RunIIFall15MiniAODv2/DYJetsToLL_M-50_TuneCUETP8M1_13TeV-madgraphMLM-pythia8_PythiaFragment_Down/MINIAODSIM/PU25nsData2015v1_76X_mcRun2_asymptotic_v12-v1/60000/5E684192-4321-E611-8604-C81F66B78DC1.root
05-Oct-2023 02:10:29 CEST  Initiating request to open file root://eospublic.cern.ch//eos/opendata/cms/mc/RunIIFall15MiniAODv2/DYJetsToLL_M-50_TuneCUETP8M1_13TeV-madgraphMLM-pythia8_PythiaFragment_Down/MINIAODSIM/PU25nsData2015v1_76X_mcRun2_asymptotic_v12-v1/60000/5E70E5B8-4321-E611-93D3-0025905B85D2.root
%MSG-w XrdAdaptor:  file_open 05-Oct-2023 02:10:29 CEST PostProcessEvent
Data is served from cern.ch instead of original site eospublic
%MSG
05-Oct-2023 02:10:29 CEST  Successfully opened file root://eospublic.cern.ch//eos/opendata/cms/mc/RunIIFall15MiniAODv2/DYJetsToLL_M-50_TuneCUETP8M1_13TeV-madgraphMLM-pythia8_PythiaFragment_Down/MINIAODSIM/PU25nsData2015v1_76X_mcRun2_asymptotic_v12-v1/60000/5E70E5B8-4321-E611-93D3-0025905B85D2.root
Begin processing the 1100001st record. Run 1, Event 575982258, LumiSection 2879912 at 05-Oct-2023 02:10:32.700 CEST
05-Oct-2023 02:10:33 CEST  Closed file root://eospublic.cern.ch//eos/opendata/cms/mc/RunIIFall15MiniAODv2/DYJetsToLL_M-50_TuneCUETP8M1_13TeV-madgraphMLM-pythia8_PythiaFragment_Down/MINIAODSIM/PU25nsData2015v1_76X_mcRun2_asymptotic_v12-v1/60000/5E70E5B8-4321-E611-93D3-0025905B85D2.root
05-Oct-2023 02:10:33 CEST  Initiating request to open file root://eospublic.cern.ch//eos/opendata/cms/mc/RunIIFall15MiniAODv2/DYJetsToLL_M-50_TuneCUETP8M1_13TeV-madgraphMLM-pythia8_PythiaFragment_Down/MINIAODSIM/PU25nsData2015v1_76X_mcRun2_asymptotic_v12-v1/60000/685AAFAF-4321-E611-9BA9-0025905B8600.root
%MSG-w XrdAdaptor:  file_open 05-Oct-2023 02:10:33 CEST PostProcessEvent
Data is served from cern.ch instead of original site eospublic
%MSG
05-Oct-2023 02:10:33 CEST  Successfully opened file root://eospublic.cern.ch//eos/opendata/cms/mc/RunIIFall15MiniAODv2/DYJetsToLL_M-50_TuneCUETP8M1_13TeV-madgraphMLM-pythia8_PythiaFragment_Down/MINIAODSIM/PU25nsData2015v1_76X_mcRun2_asymptotic_v12-v1/60000/685AAFAF-4321-E611-9BA9-0025905B8600.root
05-Oct-2023 02:10:36 CEST  Closed file root://eospublic.cern.ch//eos/opendata/cms/mc/RunIIFall15MiniAODv2/DYJetsToLL_M-50_TuneCUETP8M1_13TeV-madgraphMLM-pythia8_PythiaFragment_Down/MINIAODSIM/PU25nsData2015v1_76X_mcRun2_asymptotic_v12-v1/60000/685AAFAF-4321-E611-9BA9-0025905B8600.root
05-Oct-2023 02:10:36 CEST  Initiating request to open file root://eospublic.cern.ch//eos/opendata/cms/mc/RunIIFall15MiniAODv2/DYJetsToLL_M-50_TuneCUETP8M1_13TeV-madgraphMLM-pythia8_PythiaFragment_Down/MINIAODSIM/PU25nsData2015v1_76X_mcRun2_asymptotic_v12-v1/60000/6AD33D0A-D21F-E611-AEA1-003048CBA4EC.root
%MSG-w XrdAdaptor:  file_open 05-Oct-2023 02:10:36 CEST PostProcessEvent
Data is served from cern.ch instead of original site eospublic
%MSG
05-Oct-2023 02:10:36 CEST  Successfully opened file root://eospublic.cern.ch//eos/opendata/cms/mc/RunIIFall15MiniAODv2/DYJetsToLL_M-50_TuneCUETP8M1_13TeV-madgraphMLM-pythia8_PythiaFragment_Down/MINIAODSIM/PU25nsData2015v1_76X_mcRun2_asymptotic_v12-v1/60000/6AD33D0A-D21F-E611-AEA1-003048CBA4EC.root
05-Oct-2023 02:10:39 CEST  Closed file root://eospublic.cern.ch//eos/opendata/cms/mc/RunIIFall15MiniAODv2/DYJetsToLL_M-50_TuneCUETP8M1_13TeV-madgraphMLM-pythia8_PythiaFragment_Down/MINIAODSIM/PU25nsData2015v1_76X_mcRun2_asymptotic_v12-v1/60000/6AD33D0A-D21F-E611-AEA1-003048CBA4EC.root
05-Oct-2023 02:10:39 CEST  Initiating request to open file root://eospublic.cern.ch//eos/opendata/cms/mc/RunIIFall15MiniAODv2/DYJetsToLL_M-50_TuneCUETP8M1_13TeV-madgraphMLM-pythia8_PythiaFragment_Down/MINIAODSIM/PU25nsData2015v1_76X_mcRun2_asymptotic_v12-v1/60000/6AEC4FB2-271F-E611-B389-00259090840A.root
%MSG-w XrdAdaptor:  file_open 05-Oct-2023 02:10:39 CEST PostProcessEvent
Data is served from cern.ch instead of original site eospublic
%MSG
05-Oct-2023 02:10:39 CEST  Successfully opened file root://eospublic.cern.ch//eos/opendata/cms/mc/RunIIFall15MiniAODv2/DYJetsToLL_M-50_TuneCUETP8M1_13TeV-madgraphMLM-pythia8_PythiaFragment_Down/MINIAODSIM/PU25nsData2015v1_76X_mcRun2_asymptotic_v12-v1/60000/6AEC4FB2-271F-E611-B389-00259090840A.root
05-Oct-2023 02:10:40 CEST  Closed file root://eospublic.cern.ch//eos/opendata/cms/mc/RunIIFall15MiniAODv2/DYJetsToLL_M-50_TuneCUETP8M1_13TeV-madgraphMLM-pythia8_PythiaFragment_Down/MINIAODSIM/PU25nsData2015v1_76X_mcRun2_asymptotic_v12-v1/60000/6AEC4FB2-271F-E611-B389-00259090840A.root
05-Oct-2023 02:10:40 CEST  Initiating request to open file root://eospublic.cern.ch//eos/opendata/cms/mc/RunIIFall15MiniAODv2/DYJetsToLL_M-50_TuneCUETP8M1_13TeV-madgraphMLM-pythia8_PythiaFragment_Down/MINIAODSIM/PU25nsData2015v1_76X_mcRun2_asymptotic_v12-v1/60000/6C16BA75-9B1F-E611-963D-0025904897C2.root
%MSG-w XrdAdaptor:  file_open 05-Oct-2023 02:10:40 CEST PostProcessEvent
Data is served from cern.ch instead of original site eospublic
%MSG
05-Oct-2023 02:10:40 CEST  Successfully opened file root://eospublic.cern.ch//eos/opendata/cms/mc/RunIIFall15MiniAODv2/DYJetsToLL_M-50_TuneCUETP8M1_13TeV-madgraphMLM-pythia8_PythiaFragment_Down/MINIAODSIM/PU25nsData2015v1_76X_mcRun2_asymptotic_v12-v1/60000/6C16BA75-9B1F-E611-963D-0025904897C2.root
Begin processing the 1200001st record. Run 1, Event 383706982, LumiSection 1918535 at 05-Oct-2023 02:10:42.127 CEST
05-Oct-2023 02:10:43 CEST  Closed file root://eospublic.cern.ch//eos/opendata/cms/mc/RunIIFall15MiniAODv2/DYJetsToLL_M-50_TuneCUETP8M1_13TeV-madgraphMLM-pythia8_PythiaFragment_Down/MINIAODSIM/PU25nsData2015v1_76X_mcRun2_asymptotic_v12-v1/60000/6C16BA75-9B1F-E611-963D-0025904897C2.root
05-Oct-2023 02:10:43 CEST  Initiating request to open file root://eospublic.cern.ch//eos/opendata/cms/mc/RunIIFall15MiniAODv2/DYJetsToLL_M-50_TuneCUETP8M1_13TeV-madgraphMLM-pythia8_PythiaFragment_Down/MINIAODSIM/PU25nsData2015v1_76X_mcRun2_asymptotic_v12-v1/60000/6CB4A168-9B1F-E611-BE89-008CFA197E94.root
%MSG-w XrdAdaptor:  file_open 05-Oct-2023 02:10:43 CEST PostProcessEvent
Data is served from cern.ch instead of original site eospublic
%MSG
05-Oct-2023 02:10:43 CEST  Successfully opened file root://eospublic.cern.ch//eos/opendata/cms/mc/RunIIFall15MiniAODv2/DYJetsToLL_M-50_TuneCUETP8M1_13TeV-madgraphMLM-pythia8_PythiaFragment_Down/MINIAODSIM/PU25nsData2015v1_76X_mcRun2_asymptotic_v12-v1/60000/6CB4A168-9B1F-E611-BE89-008CFA197E94.root
05-Oct-2023 02:10:47 CEST  Closed file root://eospublic.cern.ch//eos/opendata/cms/mc/RunIIFall15MiniAODv2/DYJetsToLL_M-50_TuneCUETP8M1_13TeV-madgraphMLM-pythia8_PythiaFragment_Down/MINIAODSIM/PU25nsData2015v1_76X_mcRun2_asymptotic_v12-v1/60000/6CB4A168-9B1F-E611-BE89-008CFA197E94.root
05-Oct-2023 02:10:47 CEST  Initiating request to open file root://eospublic.cern.ch//eos/opendata/cms/mc/RunIIFall15MiniAODv2/DYJetsToLL_M-50_TuneCUETP8M1_13TeV-madgraphMLM-pythia8_PythiaFragment_Down/MINIAODSIM/PU25nsData2015v1_76X_mcRun2_asymptotic_v12-v1/60000/6E9729BF-C220-E611-B396-0CC47A4C8E64.root
%MSG-w XrdAdaptor:  file_open 05-Oct-2023 02:10:47 CEST PostProcessEvent
Data is served from cern.ch instead of original site eospublic
%MSG
05-Oct-2023 02:10:47 CEST  Successfully opened file root://eospublic.cern.ch//eos/opendata/cms/mc/RunIIFall15MiniAODv2/DYJetsToLL_M-50_TuneCUETP8M1_13TeV-madgraphMLM-pythia8_PythiaFragment_Down/MINIAODSIM/PU25nsData2015v1_76X_mcRun2_asymptotic_v12-v1/60000/6E9729BF-C220-E611-B396-0CC47A4C8E64.root
05-Oct-2023 02:10:48 CEST  Closed file root://eospublic.cern.ch//eos/opendata/cms/mc/RunIIFall15MiniAODv2/DYJetsToLL_M-50_TuneCUETP8M1_13TeV-madgraphMLM-pythia8_PythiaFragment_Down/MINIAODSIM/PU25nsData2015v1_76X_mcRun2_asymptotic_v12-v1/60000/6E9729BF-C220-E611-B396-0CC47A4C8E64.root
05-Oct-2023 02:10:48 CEST  Initiating request to open file root://eospublic.cern.ch//eos/opendata/cms/mc/RunIIFall15MiniAODv2/DYJetsToLL_M-50_TuneCUETP8M1_13TeV-madgraphMLM-pythia8_PythiaFragment_Down/MINIAODSIM/PU25nsData2015v1_76X_mcRun2_asymptotic_v12-v1/60000/7434AA78-9B1F-E611-BDBD-0CC47A6C186C.root
%MSG-w XrdAdaptor:  file_open 05-Oct-2023 02:10:48 CEST PostProcessEvent
Data is served from cern.ch instead of original site eospublic
%MSG
05-Oct-2023 02:10:48 CEST  Successfully opened file root://eospublic.cern.ch//eos/opendata/cms/mc/RunIIFall15MiniAODv2/DYJetsToLL_M-50_TuneCUETP8M1_13TeV-madgraphMLM-pythia8_PythiaFragment_Down/MINIAODSIM/PU25nsData2015v1_76X_mcRun2_asymptotic_v12-v1/60000/7434AA78-9B1F-E611-BDBD-0CC47A6C186C.root
Begin processing the 1300001st record. Run 1, Event 362940332, LumiSection 1814702 at 05-Oct-2023 02:10:50.593 CEST
05-Oct-2023 02:10:52 CEST  Closed file root://eospublic.cern.ch//eos/opendata/cms/mc/RunIIFall15MiniAODv2/DYJetsToLL_M-50_TuneCUETP8M1_13TeV-madgraphMLM-pythia8_PythiaFragment_Down/MINIAODSIM/PU25nsData2015v1_76X_mcRun2_asymptotic_v12-v1/60000/7434AA78-9B1F-E611-BDBD-0CC47A6C186C.root
05-Oct-2023 02:10:52 CEST  Initiating request to open file root://eospublic.cern.ch//eos/opendata/cms/mc/RunIIFall15MiniAODv2/DYJetsToLL_M-50_TuneCUETP8M1_13TeV-madgraphMLM-pythia8_PythiaFragment_Down/MINIAODSIM/PU25nsData2015v1_76X_mcRun2_asymptotic_v12-v1/60000/7601BA59-4321-E611-9922-A4BADB1CF89C.root
%MSG-w XrdAdaptor:  file_open 05-Oct-2023 02:10:52 CEST PostProcessEvent
Data is served from cern.ch instead of original site eospublic
%MSG
05-Oct-2023 02:10:52 CEST  Successfully opened file root://eospublic.cern.ch//eos/opendata/cms/mc/RunIIFall15MiniAODv2/DYJetsToLL_M-50_TuneCUETP8M1_13TeV-madgraphMLM-pythia8_PythiaFragment_Down/MINIAODSIM/PU25nsData2015v1_76X_mcRun2_asymptotic_v12-v1/60000/7601BA59-4321-E611-9922-A4BADB1CF89C.root
05-Oct-2023 02:10:55 CEST  Closed file root://eospublic.cern.ch//eos/opendata/cms/mc/RunIIFall15MiniAODv2/DYJetsToLL_M-50_TuneCUETP8M1_13TeV-madgraphMLM-pythia8_PythiaFragment_Down/MINIAODSIM/PU25nsData2015v1_76X_mcRun2_asymptotic_v12-v1/60000/7601BA59-4321-E611-9922-A4BADB1CF89C.root
05-Oct-2023 02:10:55 CEST  Initiating request to open file root://eospublic.cern.ch//eos/opendata/cms/mc/RunIIFall15MiniAODv2/DYJetsToLL_M-50_TuneCUETP8M1_13TeV-madgraphMLM-pythia8_PythiaFragment_Down/MINIAODSIM/PU25nsData2015v1_76X_mcRun2_asymptotic_v12-v1/60000/78868560-4421-E611-9872-1C6A7A26BD4F.root
%MSG-w XrdAdaptor:  file_open 05-Oct-2023 02:10:55 CEST PostProcessEvent
Data is served from cern.ch instead of original site eospublic
%MSG
05-Oct-2023 02:10:55 CEST  Successfully opened file root://eospublic.cern.ch//eos/opendata/cms/mc/RunIIFall15MiniAODv2/DYJetsToLL_M-50_TuneCUETP8M1_13TeV-madgraphMLM-pythia8_PythiaFragment_Down/MINIAODSIM/PU25nsData2015v1_76X_mcRun2_asymptotic_v12-v1/60000/78868560-4421-E611-9872-1C6A7A26BD4F.root
05-Oct-2023 02:10:56 CEST  Closed file root://eospublic.cern.ch//eos/opendata/cms/mc/RunIIFall15MiniAODv2/DYJetsToLL_M-50_TuneCUETP8M1_13TeV-madgraphMLM-pythia8_PythiaFragment_Down/MINIAODSIM/PU25nsData2015v1_76X_mcRun2_asymptotic_v12-v1/60000/78868560-4421-E611-9872-1C6A7A26BD4F.root
05-Oct-2023 02:10:56 CEST  Initiating request to open file root://eospublic.cern.ch//eos/opendata/cms/mc/RunIIFall15MiniAODv2/DYJetsToLL_M-50_TuneCUETP8M1_13TeV-madgraphMLM-pythia8_PythiaFragment_Down/MINIAODSIM/PU25nsData2015v1_76X_mcRun2_asymptotic_v12-v1/60000/7CD83474-9B1F-E611-91F5-003048341ADC.root
%MSG-w XrdAdaptor:  file_open 05-Oct-2023 02:10:56 CEST PostProcessEvent
Data is served from cern.ch instead of original site eospublic
%MSG
05-Oct-2023 02:10:56 CEST  Successfully opened file root://eospublic.cern.ch//eos/opendata/cms/mc/RunIIFall15MiniAODv2/DYJetsToLL_M-50_TuneCUETP8M1_13TeV-madgraphMLM-pythia8_PythiaFragment_Down/MINIAODSIM/PU25nsData2015v1_76X_mcRun2_asymptotic_v12-v1/60000/7CD83474-9B1F-E611-91F5-003048341ADC.root
Begin processing the 1400001st record. Run 1, Event 74910907, LumiSection 374555 at 05-Oct-2023 02:10:58.856 CEST
05-Oct-2023 02:10:59 CEST  Closed file root://eospublic.cern.ch//eos/opendata/cms/mc/RunIIFall15MiniAODv2/DYJetsToLL_M-50_TuneCUETP8M1_13TeV-madgraphMLM-pythia8_PythiaFragment_Down/MINIAODSIM/PU25nsData2015v1_76X_mcRun2_asymptotic_v12-v1/60000/7CD83474-9B1F-E611-91F5-003048341ADC.root
05-Oct-2023 02:10:59 CEST  Initiating request to open file root://eospublic.cern.ch//eos/opendata/cms/mc/RunIIFall15MiniAODv2/DYJetsToLL_M-50_TuneCUETP8M1_13TeV-madgraphMLM-pythia8_PythiaFragment_Down/MINIAODSIM/PU25nsData2015v1_76X_mcRun2_asymptotic_v12-v1/60000/7EEACEF6-241F-E611-B0D2-0017A4770C28.root
%MSG-w XrdAdaptor:  file_open 05-Oct-2023 02:10:59 CEST PostProcessEvent
Data is served from cern.ch instead of original site eospublic
%MSG
05-Oct-2023 02:10:59 CEST  Successfully opened file root://eospublic.cern.ch//eos/opendata/cms/mc/RunIIFall15MiniAODv2/DYJetsToLL_M-50_TuneCUETP8M1_13TeV-madgraphMLM-pythia8_PythiaFragment_Down/MINIAODSIM/PU25nsData2015v1_76X_mcRun2_asymptotic_v12-v1/60000/7EEACEF6-241F-E611-B0D2-0017A4770C28.root
05-Oct-2023 02:11:00 CEST  Closed file root://eospublic.cern.ch//eos/opendata/cms/mc/RunIIFall15MiniAODv2/DYJetsToLL_M-50_TuneCUETP8M1_13TeV-madgraphMLM-pythia8_PythiaFragment_Down/MINIAODSIM/PU25nsData2015v1_76X_mcRun2_asymptotic_v12-v1/60000/7EEACEF6-241F-E611-B0D2-0017A4770C28.root
05-Oct-2023 02:11:00 CEST  Initiating request to open file root://eospublic.cern.ch//eos/opendata/cms/mc/RunIIFall15MiniAODv2/DYJetsToLL_M-50_TuneCUETP8M1_13TeV-madgraphMLM-pythia8_PythiaFragment_Down/MINIAODSIM/PU25nsData2015v1_76X_mcRun2_asymptotic_v12-v1/60000/84989EA7-4321-E611-A4C6-0025905B85BC.root
%MSG-w XrdAdaptor:  file_open 05-Oct-2023 02:11:00 CEST PostProcessEvent
Data is served from cern.ch instead of original site eospublic
%MSG
05-Oct-2023 02:11:00 CEST  Successfully opened file root://eospublic.cern.ch//eos/opendata/cms/mc/RunIIFall15MiniAODv2/DYJetsToLL_M-50_TuneCUETP8M1_13TeV-madgraphMLM-pythia8_PythiaFragment_Down/MINIAODSIM/PU25nsData2015v1_76X_mcRun2_asymptotic_v12-v1/60000/84989EA7-4321-E611-A4C6-0025905B85BC.root
05-Oct-2023 02:11:04 CEST  Closed file root://eospublic.cern.ch//eos/opendata/cms/mc/RunIIFall15MiniAODv2/DYJetsToLL_M-50_TuneCUETP8M1_13TeV-madgraphMLM-pythia8_PythiaFragment_Down/MINIAODSIM/PU25nsData2015v1_76X_mcRun2_asymptotic_v12-v1/60000/84989EA7-4321-E611-A4C6-0025905B85BC.root
05-Oct-2023 02:11:04 CEST  Initiating request to open file root://eospublic.cern.ch//eos/opendata/cms/mc/RunIIFall15MiniAODv2/DYJetsToLL_M-50_TuneCUETP8M1_13TeV-madgraphMLM-pythia8_PythiaFragment_Down/MINIAODSIM/PU25nsData2015v1_76X_mcRun2_asymptotic_v12-v1/60000/88AE9B63-4321-E611-9272-A4BADB1C0EF3.root
%MSG-w XrdAdaptor:  file_open 05-Oct-2023 02:11:04 CEST PostProcessEvent
Data is served from cern.ch instead of original site eospublic
%MSG
05-Oct-2023 02:11:04 CEST  Successfully opened file root://eospublic.cern.ch//eos/opendata/cms/mc/RunIIFall15MiniAODv2/DYJetsToLL_M-50_TuneCUETP8M1_13TeV-madgraphMLM-pythia8_PythiaFragment_Down/MINIAODSIM/PU25nsData2015v1_76X_mcRun2_asymptotic_v12-v1/60000/88AE9B63-4321-E611-9272-A4BADB1C0EF3.root
Begin processing the 1500001st record. Run 1, Event 680376302, LumiSection 3401882 at 05-Oct-2023 02:11:07.184 CEST
05-Oct-2023 02:11:07 CEST  Closed file root://eospublic.cern.ch//eos/opendata/cms/mc/RunIIFall15MiniAODv2/DYJetsToLL_M-50_TuneCUETP8M1_13TeV-madgraphMLM-pythia8_PythiaFragment_Down/MINIAODSIM/PU25nsData2015v1_76X_mcRun2_asymptotic_v12-v1/60000/88AE9B63-4321-E611-9272-A4BADB1C0EF3.root
05-Oct-2023 02:11:07 CEST  Initiating request to open file root://eospublic.cern.ch//eos/opendata/cms/mc/RunIIFall15MiniAODv2/DYJetsToLL_M-50_TuneCUETP8M1_13TeV-madgraphMLM-pythia8_PythiaFragment_Down/MINIAODSIM/PU25nsData2015v1_76X_mcRun2_asymptotic_v12-v1/60000/945719D1-4321-E611-8587-842B2B1814E3.root
%MSG-w XrdAdaptor:  file_open 05-Oct-2023 02:11:07 CEST PostProcessEvent
Data is served from cern.ch instead of original site eospublic
%MSG
05-Oct-2023 02:11:07 CEST  Successfully opened file root://eospublic.cern.ch//eos/opendata/cms/mc/RunIIFall15MiniAODv2/DYJetsToLL_M-50_TuneCUETP8M1_13TeV-madgraphMLM-pythia8_PythiaFragment_Down/MINIAODSIM/PU25nsData2015v1_76X_mcRun2_asymptotic_v12-v1/60000/945719D1-4321-E611-8587-842B2B1814E3.root
05-Oct-2023 02:11:10 CEST  Closed file root://eospublic.cern.ch//eos/opendata/cms/mc/RunIIFall15MiniAODv2/DYJetsToLL_M-50_TuneCUETP8M1_13TeV-madgraphMLM-pythia8_PythiaFragment_Down/MINIAODSIM/PU25nsData2015v1_76X_mcRun2_asymptotic_v12-v1/60000/945719D1-4321-E611-8587-842B2B1814E3.root
05-Oct-2023 02:11:10 CEST  Initiating request to open file root://eospublic.cern.ch//eos/opendata/cms/mc/RunIIFall15MiniAODv2/DYJetsToLL_M-50_TuneCUETP8M1_13TeV-madgraphMLM-pythia8_PythiaFragment_Down/MINIAODSIM/PU25nsData2015v1_76X_mcRun2_asymptotic_v12-v1/60000/9605066C-9F1F-E611-B4B5-001E67DFF519.root
%MSG-w XrdAdaptor:  file_open 05-Oct-2023 02:11:10 CEST PostProcessEvent
Data is served from cern.ch instead of original site eospublic
%MSG
05-Oct-2023 02:11:10 CEST  Successfully opened file root://eospublic.cern.ch//eos/opendata/cms/mc/RunIIFall15MiniAODv2/DYJetsToLL_M-50_TuneCUETP8M1_13TeV-madgraphMLM-pythia8_PythiaFragment_Down/MINIAODSIM/PU25nsData2015v1_76X_mcRun2_asymptotic_v12-v1/60000/9605066C-9F1F-E611-B4B5-001E67DFF519.root
05-Oct-2023 02:11:13 CEST  Closed file root://eospublic.cern.ch//eos/opendata/cms/mc/RunIIFall15MiniAODv2/DYJetsToLL_M-50_TuneCUETP8M1_13TeV-madgraphMLM-pythia8_PythiaFragment_Down/MINIAODSIM/PU25nsData2015v1_76X_mcRun2_asymptotic_v12-v1/60000/9605066C-9F1F-E611-B4B5-001E67DFF519.root
05-Oct-2023 02:11:13 CEST  Initiating request to open file root://eospublic.cern.ch//eos/opendata/cms/mc/RunIIFall15MiniAODv2/DYJetsToLL_M-50_TuneCUETP8M1_13TeV-madgraphMLM-pythia8_PythiaFragment_Down/MINIAODSIM/PU25nsData2015v1_76X_mcRun2_asymptotic_v12-v1/60000/A44471F0-A720-E611-B3FE-001E675A5262.root
%MSG-w XrdAdaptor:  file_open 05-Oct-2023 02:11:13 CEST PostProcessEvent
Data is served from cern.ch instead of original site eospublic
%MSG
05-Oct-2023 02:11:13 CEST  Successfully opened file root://eospublic.cern.ch//eos/opendata/cms/mc/RunIIFall15MiniAODv2/DYJetsToLL_M-50_TuneCUETP8M1_13TeV-madgraphMLM-pythia8_PythiaFragment_Down/MINIAODSIM/PU25nsData2015v1_76X_mcRun2_asymptotic_v12-v1/60000/A44471F0-A720-E611-B3FE-001E675A5262.root
05-Oct-2023 02:11:15 CEST  Closed file root://eospublic.cern.ch//eos/opendata/cms/mc/RunIIFall15MiniAODv2/DYJetsToLL_M-50_TuneCUETP8M1_13TeV-madgraphMLM-pythia8_PythiaFragment_Down/MINIAODSIM/PU25nsData2015v1_76X_mcRun2_asymptotic_v12-v1/60000/A44471F0-A720-E611-B3FE-001E675A5262.root
05-Oct-2023 02:11:15 CEST  Initiating request to open file root://eospublic.cern.ch//eos/opendata/cms/mc/RunIIFall15MiniAODv2/DYJetsToLL_M-50_TuneCUETP8M1_13TeV-madgraphMLM-pythia8_PythiaFragment_Down/MINIAODSIM/PU25nsData2015v1_76X_mcRun2_asymptotic_v12-v1/60000/A81B9FA4-A420-E611-A354-0CC47A1DF1A4.root
%MSG-w XrdAdaptor:  file_open 05-Oct-2023 02:11:15 CEST PostProcessEvent
Data is served from cern.ch instead of original site eospublic
%MSG
05-Oct-2023 02:11:16 CEST  Successfully opened file root://eospublic.cern.ch//eos/opendata/cms/mc/RunIIFall15MiniAODv2/DYJetsToLL_M-50_TuneCUETP8M1_13TeV-madgraphMLM-pythia8_PythiaFragment_Down/MINIAODSIM/PU25nsData2015v1_76X_mcRun2_asymptotic_v12-v1/60000/A81B9FA4-A420-E611-A354-0CC47A1DF1A4.root
05-Oct-2023 02:11:16 CEST  Closed file root://eospublic.cern.ch//eos/opendata/cms/mc/RunIIFall15MiniAODv2/DYJetsToLL_M-50_TuneCUETP8M1_13TeV-madgraphMLM-pythia8_PythiaFragment_Down/MINIAODSIM/PU25nsData2015v1_76X_mcRun2_asymptotic_v12-v1/60000/A81B9FA4-A420-E611-A354-0CC47A1DF1A4.root
05-Oct-2023 02:11:16 CEST  Initiating request to open file root://eospublic.cern.ch//eos/opendata/cms/mc/RunIIFall15MiniAODv2/DYJetsToLL_M-50_TuneCUETP8M1_13TeV-madgraphMLM-pythia8_PythiaFragment_Down/MINIAODSIM/PU25nsData2015v1_76X_mcRun2_asymptotic_v12-v1/60000/AA1E0E0A-4321-E611-9411-B083FED4263D.root
%MSG-w XrdAdaptor:  file_open 05-Oct-2023 02:11:16 CEST PostProcessEvent
Data is served from cern.ch instead of original site eospublic
%MSG
05-Oct-2023 02:11:16 CEST  Successfully opened file root://eospublic.cern.ch//eos/opendata/cms/mc/RunIIFall15MiniAODv2/DYJetsToLL_M-50_TuneCUETP8M1_13TeV-madgraphMLM-pythia8_PythiaFragment_Down/MINIAODSIM/PU25nsData2015v1_76X_mcRun2_asymptotic_v12-v1/60000/AA1E0E0A-4321-E611-9411-B083FED4263D.root
Begin processing the 1600001st record. Run 1, Event 27126637, LumiSection 135634 at 05-Oct-2023 02:11:17.954 CEST
05-Oct-2023 02:11:20 CEST  Closed file root://eospublic.cern.ch//eos/opendata/cms/mc/RunIIFall15MiniAODv2/DYJetsToLL_M-50_TuneCUETP8M1_13TeV-madgraphMLM-pythia8_PythiaFragment_Down/MINIAODSIM/PU25nsData2015v1_76X_mcRun2_asymptotic_v12-v1/60000/AA1E0E0A-4321-E611-9411-B083FED4263D.root
05-Oct-2023 02:11:20 CEST  Initiating request to open file root://eospublic.cern.ch//eos/opendata/cms/mc/RunIIFall15MiniAODv2/DYJetsToLL_M-50_TuneCUETP8M1_13TeV-madgraphMLM-pythia8_PythiaFragment_Down/MINIAODSIM/PU25nsData2015v1_76X_mcRun2_asymptotic_v12-v1/60000/B225CDA9-4321-E611-9702-0CC47A78A30E.root
%MSG-w XrdAdaptor:  file_open 05-Oct-2023 02:11:20 CEST PostProcessEvent
Data is served from cern.ch instead of original site eospublic
%MSG
05-Oct-2023 02:11:20 CEST  Successfully opened file root://eospublic.cern.ch//eos/opendata/cms/mc/RunIIFall15MiniAODv2/DYJetsToLL_M-50_TuneCUETP8M1_13TeV-madgraphMLM-pythia8_PythiaFragment_Down/MINIAODSIM/PU25nsData2015v1_76X_mcRun2_asymptotic_v12-v1/60000/B225CDA9-4321-E611-9702-0CC47A78A30E.root
05-Oct-2023 02:11:24 CEST  Closed file root://eospublic.cern.ch//eos/opendata/cms/mc/RunIIFall15MiniAODv2/DYJetsToLL_M-50_TuneCUETP8M1_13TeV-madgraphMLM-pythia8_PythiaFragment_Down/MINIAODSIM/PU25nsData2015v1_76X_mcRun2_asymptotic_v12-v1/60000/B225CDA9-4321-E611-9702-0CC47A78A30E.root
05-Oct-2023 02:11:24 CEST  Initiating request to open file root://eospublic.cern.ch//eos/opendata/cms/mc/RunIIFall15MiniAODv2/DYJetsToLL_M-50_TuneCUETP8M1_13TeV-madgraphMLM-pythia8_PythiaFragment_Down/MINIAODSIM/PU25nsData2015v1_76X_mcRun2_asymptotic_v12-v1/60000/B68D2C7F-9A1F-E611-BD9E-A0369F7FE960.root
%MSG-w XrdAdaptor:  file_open 05-Oct-2023 02:11:24 CEST PostProcessEvent
Data is served from cern.ch instead of original site eospublic
%MSG
05-Oct-2023 02:11:24 CEST  Successfully opened file root://eospublic.cern.ch//eos/opendata/cms/mc/RunIIFall15MiniAODv2/DYJetsToLL_M-50_TuneCUETP8M1_13TeV-madgraphMLM-pythia8_PythiaFragment_Down/MINIAODSIM/PU25nsData2015v1_76X_mcRun2_asymptotic_v12-v1/60000/B68D2C7F-9A1F-E611-BD9E-A0369F7FE960.root
05-Oct-2023 02:11:25 CEST  Closed file root://eospublic.cern.ch//eos/opendata/cms/mc/RunIIFall15MiniAODv2/DYJetsToLL_M-50_TuneCUETP8M1_13TeV-madgraphMLM-pythia8_PythiaFragment_Down/MINIAODSIM/PU25nsData2015v1_76X_mcRun2_asymptotic_v12-v1/60000/B68D2C7F-9A1F-E611-BD9E-A0369F7FE960.root
05-Oct-2023 02:11:25 CEST  Initiating request to open file root://eospublic.cern.ch//eos/opendata/cms/mc/RunIIFall15MiniAODv2/DYJetsToLL_M-50_TuneCUETP8M1_13TeV-madgraphMLM-pythia8_PythiaFragment_Down/MINIAODSIM/PU25nsData2015v1_76X_mcRun2_asymptotic_v12-v1/60000/BE0990E8-A720-E611-98DB-001E67DFF5D7.root
%MSG-w XrdAdaptor:  file_open 05-Oct-2023 02:11:25 CEST PostProcessEvent
Data is served from cern.ch instead of original site eospublic
%MSG
05-Oct-2023 02:11:25 CEST  Successfully opened file root://eospublic.cern.ch//eos/opendata/cms/mc/RunIIFall15MiniAODv2/DYJetsToLL_M-50_TuneCUETP8M1_13TeV-madgraphMLM-pythia8_PythiaFragment_Down/MINIAODSIM/PU25nsData2015v1_76X_mcRun2_asymptotic_v12-v1/60000/BE0990E8-A720-E611-98DB-001E67DFF5D7.root
Begin processing the 1700001st record. Run 1, Event 154974516, LumiSection 774873 at 05-Oct-2023 02:11:26.749 CEST
05-Oct-2023 02:11:29 CEST  Closed file root://eospublic.cern.ch//eos/opendata/cms/mc/RunIIFall15MiniAODv2/DYJetsToLL_M-50_TuneCUETP8M1_13TeV-madgraphMLM-pythia8_PythiaFragment_Down/MINIAODSIM/PU25nsData2015v1_76X_mcRun2_asymptotic_v12-v1/60000/BE0990E8-A720-E611-98DB-001E67DFF5D7.root
05-Oct-2023 02:11:29 CEST  Initiating request to open file root://eospublic.cern.ch//eos/opendata/cms/mc/RunIIFall15MiniAODv2/DYJetsToLL_M-50_TuneCUETP8M1_13TeV-madgraphMLM-pythia8_PythiaFragment_Down/MINIAODSIM/PU25nsData2015v1_76X_mcRun2_asymptotic_v12-v1/60000/C2336BCF-0320-E611-AED0-9F2D31BD71DA.root
%MSG-w XrdAdaptor:  file_open 05-Oct-2023 02:11:29 CEST PostProcessEvent
Data is served from cern.ch instead of original site eospublic
%MSG
05-Oct-2023 02:11:29 CEST  Successfully opened file root://eospublic.cern.ch//eos/opendata/cms/mc/RunIIFall15MiniAODv2/DYJetsToLL_M-50_TuneCUETP8M1_13TeV-madgraphMLM-pythia8_PythiaFragment_Down/MINIAODSIM/PU25nsData2015v1_76X_mcRun2_asymptotic_v12-v1/60000/C2336BCF-0320-E611-AED0-9F2D31BD71DA.root
05-Oct-2023 02:11:30 CEST  Closed file root://eospublic.cern.ch//eos/opendata/cms/mc/RunIIFall15MiniAODv2/DYJetsToLL_M-50_TuneCUETP8M1_13TeV-madgraphMLM-pythia8_PythiaFragment_Down/MINIAODSIM/PU25nsData2015v1_76X_mcRun2_asymptotic_v12-v1/60000/C2336BCF-0320-E611-AED0-9F2D31BD71DA.root
05-Oct-2023 02:11:30 CEST  Initiating request to open file root://eospublic.cern.ch//eos/opendata/cms/mc/RunIIFall15MiniAODv2/DYJetsToLL_M-50_TuneCUETP8M1_13TeV-madgraphMLM-pythia8_PythiaFragment_Down/MINIAODSIM/PU25nsData2015v1_76X_mcRun2_asymptotic_v12-v1/60000/CEE01C81-D31F-E611-8553-1418774121A1.root
%MSG-w XrdAdaptor:  file_open 05-Oct-2023 02:11:30 CEST PostProcessEvent
Data is served from cern.ch instead of original site eospublic
%MSG
05-Oct-2023 02:11:30 CEST  Successfully opened file root://eospublic.cern.ch//eos/opendata/cms/mc/RunIIFall15MiniAODv2/DYJetsToLL_M-50_TuneCUETP8M1_13TeV-madgraphMLM-pythia8_PythiaFragment_Down/MINIAODSIM/PU25nsData2015v1_76X_mcRun2_asymptotic_v12-v1/60000/CEE01C81-D31F-E611-8553-1418774121A1.root
05-Oct-2023 02:11:33 CEST  Closed file root://eospublic.cern.ch//eos/opendata/cms/mc/RunIIFall15MiniAODv2/DYJetsToLL_M-50_TuneCUETP8M1_13TeV-madgraphMLM-pythia8_PythiaFragment_Down/MINIAODSIM/PU25nsData2015v1_76X_mcRun2_asymptotic_v12-v1/60000/CEE01C81-D31F-E611-8553-1418774121A1.root
05-Oct-2023 02:11:33 CEST  Initiating request to open file root://eospublic.cern.ch//eos/opendata/cms/mc/RunIIFall15MiniAODv2/DYJetsToLL_M-50_TuneCUETP8M1_13TeV-madgraphMLM-pythia8_PythiaFragment_Down/MINIAODSIM/PU25nsData2015v1_76X_mcRun2_asymptotic_v12-v1/60000/D619413D-351F-E611-8046-7845C4FC39F8.root
%MSG-w XrdAdaptor:  file_open 05-Oct-2023 02:11:33 CEST PostProcessEvent
Data is served from cern.ch instead of original site eospublic
%MSG
05-Oct-2023 02:11:33 CEST  Successfully opened file root://eospublic.cern.ch//eos/opendata/cms/mc/RunIIFall15MiniAODv2/DYJetsToLL_M-50_TuneCUETP8M1_13TeV-madgraphMLM-pythia8_PythiaFragment_Down/MINIAODSIM/PU25nsData2015v1_76X_mcRun2_asymptotic_v12-v1/60000/D619413D-351F-E611-8046-7845C4FC39F8.root
Begin processing the 1800001st record. Run 1, Event 669990135, LumiSection 3349951 at 05-Oct-2023 02:11:35.068 CEST
05-Oct-2023 02:11:35 CEST  Closed file root://eospublic.cern.ch//eos/opendata/cms/mc/RunIIFall15MiniAODv2/DYJetsToLL_M-50_TuneCUETP8M1_13TeV-madgraphMLM-pythia8_PythiaFragment_Down/MINIAODSIM/PU25nsData2015v1_76X_mcRun2_asymptotic_v12-v1/60000/D619413D-351F-E611-8046-7845C4FC39F8.root
05-Oct-2023 02:11:35 CEST  Initiating request to open file root://eospublic.cern.ch//eos/opendata/cms/mc/RunIIFall15MiniAODv2/DYJetsToLL_M-50_TuneCUETP8M1_13TeV-madgraphMLM-pythia8_PythiaFragment_Down/MINIAODSIM/PU25nsData2015v1_76X_mcRun2_asymptotic_v12-v1/60000/D803BDB0-9F1F-E611-9866-001E675A6630.root
%MSG-w XrdAdaptor:  file_open 05-Oct-2023 02:11:35 CEST PostProcessEvent
Data is served from cern.ch instead of original site eospublic
%MSG
05-Oct-2023 02:11:35 CEST  Successfully opened file root://eospublic.cern.ch//eos/opendata/cms/mc/RunIIFall15MiniAODv2/DYJetsToLL_M-50_TuneCUETP8M1_13TeV-madgraphMLM-pythia8_PythiaFragment_Down/MINIAODSIM/PU25nsData2015v1_76X_mcRun2_asymptotic_v12-v1/60000/D803BDB0-9F1F-E611-9866-001E675A6630.root
05-Oct-2023 02:11:39 CEST  Closed file root://eospublic.cern.ch//eos/opendata/cms/mc/RunIIFall15MiniAODv2/DYJetsToLL_M-50_TuneCUETP8M1_13TeV-madgraphMLM-pythia8_PythiaFragment_Down/MINIAODSIM/PU25nsData2015v1_76X_mcRun2_asymptotic_v12-v1/60000/D803BDB0-9F1F-E611-9866-001E675A6630.root
05-Oct-2023 02:11:39 CEST  Initiating request to open file root://eospublic.cern.ch//eos/opendata/cms/mc/RunIIFall15MiniAODv2/DYJetsToLL_M-50_TuneCUETP8M1_13TeV-madgraphMLM-pythia8_PythiaFragment_Down/MINIAODSIM/PU25nsData2015v1_76X_mcRun2_asymptotic_v12-v1/60000/DA73D531-A720-E611-BAC6-0025907254BC.root
%MSG-w XrdAdaptor:  file_open 05-Oct-2023 02:11:39 CEST PostProcessEvent
Data is served from cern.ch instead of original site eospublic
%MSG
05-Oct-2023 02:11:39 CEST  Successfully opened file root://eospublic.cern.ch//eos/opendata/cms/mc/RunIIFall15MiniAODv2/DYJetsToLL_M-50_TuneCUETP8M1_13TeV-madgraphMLM-pythia8_PythiaFragment_Down/MINIAODSIM/PU25nsData2015v1_76X_mcRun2_asymptotic_v12-v1/60000/DA73D531-A720-E611-BAC6-0025907254BC.root
05-Oct-2023 02:11:40 CEST  Closed file root://eospublic.cern.ch//eos/opendata/cms/mc/RunIIFall15MiniAODv2/DYJetsToLL_M-50_TuneCUETP8M1_13TeV-madgraphMLM-pythia8_PythiaFragment_Down/MINIAODSIM/PU25nsData2015v1_76X_mcRun2_asymptotic_v12-v1/60000/DA73D531-A720-E611-BAC6-0025907254BC.root
05-Oct-2023 02:11:40 CEST  Initiating request to open file root://eospublic.cern.ch//eos/opendata/cms/mc/RunIIFall15MiniAODv2/DYJetsToLL_M-50_TuneCUETP8M1_13TeV-madgraphMLM-pythia8_PythiaFragment_Down/MINIAODSIM/PU25nsData2015v1_76X_mcRun2_asymptotic_v12-v1/60000/E62BCB71-4321-E611-BD86-C81F66B78E01.root
%MSG-w XrdAdaptor:  file_open 05-Oct-2023 02:11:40 CEST PostProcessEvent
Data is served from cern.ch instead of original site eospublic
%MSG
05-Oct-2023 02:11:40 CEST  Successfully opened file root://eospublic.cern.ch//eos/opendata/cms/mc/RunIIFall15MiniAODv2/DYJetsToLL_M-50_TuneCUETP8M1_13TeV-madgraphMLM-pythia8_PythiaFragment_Down/MINIAODSIM/PU25nsData2015v1_76X_mcRun2_asymptotic_v12-v1/60000/E62BCB71-4321-E611-BD86-C81F66B78E01.root
Begin processing the 1900001st record. Run 1, Event 615021581, LumiSection 3075108 at 05-Oct-2023 02:11:43.567 CEST
05-Oct-2023 02:11:43 CEST  Closed file root://eospublic.cern.ch//eos/opendata/cms/mc/RunIIFall15MiniAODv2/DYJetsToLL_M-50_TuneCUETP8M1_13TeV-madgraphMLM-pythia8_PythiaFragment_Down/MINIAODSIM/PU25nsData2015v1_76X_mcRun2_asymptotic_v12-v1/60000/E62BCB71-4321-E611-BD86-C81F66B78E01.root
05-Oct-2023 02:11:43 CEST  Initiating request to open file root://eospublic.cern.ch//eos/opendata/cms/mc/RunIIFall15MiniAODv2/DYJetsToLL_M-50_TuneCUETP8M1_13TeV-madgraphMLM-pythia8_PythiaFragment_Down/MINIAODSIM/PU25nsData2015v1_76X_mcRun2_asymptotic_v12-v1/60000/EC91090E-4321-E611-89C3-001517E73D34.root
%MSG-w XrdAdaptor:  file_open 05-Oct-2023 02:11:43 CEST PostProcessEvent
Data is served from cern.ch instead of original site eospublic
%MSG
05-Oct-2023 02:11:43 CEST  Successfully opened file root://eospublic.cern.ch//eos/opendata/cms/mc/RunIIFall15MiniAODv2/DYJetsToLL_M-50_TuneCUETP8M1_13TeV-madgraphMLM-pythia8_PythiaFragment_Down/MINIAODSIM/PU25nsData2015v1_76X_mcRun2_asymptotic_v12-v1/60000/EC91090E-4321-E611-89C3-001517E73D34.root
05-Oct-2023 02:11:46 CEST  Closed file root://eospublic.cern.ch//eos/opendata/cms/mc/RunIIFall15MiniAODv2/DYJetsToLL_M-50_TuneCUETP8M1_13TeV-madgraphMLM-pythia8_PythiaFragment_Down/MINIAODSIM/PU25nsData2015v1_76X_mcRun2_asymptotic_v12-v1/60000/EC91090E-4321-E611-89C3-001517E73D34.root
05-Oct-2023 02:11:46 CEST  Initiating request to open file root://eospublic.cern.ch//eos/opendata/cms/mc/RunIIFall15MiniAODv2/DYJetsToLL_M-50_TuneCUETP8M1_13TeV-madgraphMLM-pythia8_PythiaFragment_Down/MINIAODSIM/PU25nsData2015v1_76X_mcRun2_asymptotic_v12-v1/60000/F29AF792-4321-E611-87FE-C81F66B73FCF.root
%MSG-w XrdAdaptor:  file_open 05-Oct-2023 02:11:46 CEST PostProcessEvent
Data is served from cern.ch instead of original site eospublic
%MSG
05-Oct-2023 02:11:46 CEST  Successfully opened file root://eospublic.cern.ch//eos/opendata/cms/mc/RunIIFall15MiniAODv2/DYJetsToLL_M-50_TuneCUETP8M1_13TeV-madgraphMLM-pythia8_PythiaFragment_Down/MINIAODSIM/PU25nsData2015v1_76X_mcRun2_asymptotic_v12-v1/60000/F29AF792-4321-E611-87FE-C81F66B73FCF.root
05-Oct-2023 02:11:49 CEST  Closed file root://eospublic.cern.ch//eos/opendata/cms/mc/RunIIFall15MiniAODv2/DYJetsToLL_M-50_TuneCUETP8M1_13TeV-madgraphMLM-pythia8_PythiaFragment_Down/MINIAODSIM/PU25nsData2015v1_76X_mcRun2_asymptotic_v12-v1/60000/F29AF792-4321-E611-87FE-C81F66B73FCF.root
05-Oct-2023 02:11:49 CEST  Initiating request to open file root://eospublic.cern.ch//eos/opendata/cms/mc/RunIIFall15MiniAODv2/DYJetsToLL_M-50_TuneCUETP8M1_13TeV-madgraphMLM-pythia8_PythiaFragment_Down/MINIAODSIM/PU25nsData2015v1_76X_mcRun2_asymptotic_v12-v1/60000/F4F954AB-E020-E611-84C4-842B2B1807B2.root
%MSG-w XrdAdaptor:  file_open 05-Oct-2023 02:11:49 CEST PostProcessEvent
Data is served from cern.ch instead of original site eospublic
%MSG
05-Oct-2023 02:11:49 CEST  Successfully opened file root://eospublic.cern.ch//eos/opendata/cms/mc/RunIIFall15MiniAODv2/DYJetsToLL_M-50_TuneCUETP8M1_13TeV-madgraphMLM-pythia8_PythiaFragment_Down/MINIAODSIM/PU25nsData2015v1_76X_mcRun2_asymptotic_v12-v1/60000/F4F954AB-E020-E611-84C4-842B2B1807B2.root
Begin processing the 2000001st record. Run 1, Event 418221263, LumiSection 2091107 at 05-Oct-2023 02:11:52.105 CEST
   5139.477547      0.025443      2.908800             0
   3725.028060      0.018442      2.908800             1
   2489.380063      0.012325      2.908800             2
   1713.610095      0.008485      2.908800             3
   1265.570377      0.006268      2.908800             4
 
05-Oct-2023 02:11:53 CEST  Closed file root://eospublic.cern.ch//eos/opendata/cms/mc/RunIIFall15MiniAODv2/DYJetsToLL_M-50_TuneCUETP8M1_13TeV-madgraphMLM-pythia8_PythiaFragment_Down/MINIAODSIM/PU25nsData2015v1_76X_mcRun2_asymptotic_v12-v1/60000/F4F954AB-E020-E611-84C4-842B2B1807B2.root

------------------------------------
GenXsecAnalyzer:
------------------------------------
-------------------------------------------------------------------------------------------------------------------------------------------------------------------------- 
Overall cross-section summary 
--------------------------------------------------------------------------------------------------------------------------------------------------------------------------
Process		xsec_before [pb]		passed	nposw	nnegw	tried	nposw	nnegw 	xsec_match [pb]			accepted [%]	 event_eff [%]
0		5.139e+03 +/- 9.819e-02		1406433	1406433	0	2096684	2096684	0	3.447e+03 +/- 1.669e+00		67.1 +/- 0.0	67.1 +/- 0.0
1		3.725e+03 +/- 7.118e-02		411478	411478	0	1511547	1511547	0	1.014e+03 +/- 1.349e+00		27.2 +/- 0.0	27.2 +/- 0.0
2		2.489e+03 +/- 4.757e-02		136062	136062	0	1014110	1014110	0	3.340e+02 +/- 8.426e-01		13.4 +/- 0.0	13.4 +/- 0.0
3		1.714e+03 +/- 3.275e-02		41338	41338	0	694777	694777	0	1.020e+02 +/- 4.863e-01		5.9 +/- 0.0	5.9 +/- 0.0
4		1.265e+03 +/- 2.419e-02		22468	22468	0	515482	515482	0	5.515e+01 +/- 3.598e-01		4.4 +/- 0.0	4.4 +/- 0.0
-------------------------------------------------------------------------------------------------------------------------------------------------------------------------- 
Total		1.433e+04 +/- 1.365e-01		2017779	2017779	0	5832600	5832600	0	4.958e+03 +/- 2.823e+00		34.6 +/- 0.0	34.6 +/- 0.0
--------------------------------------------------------------------------------------------------------------------------------------------------------------------------
Before matching: total cross section = 1.433e+04 +- 1.365e-01 pb
After matching: total cross section = 4.958e+03 +- 2.823e+00 pb
Filter efficiency (taking into account weights)= (2.01778e+06) / (2.01778e+06) = 1.000e+00 +- 0.000e+00
Filter efficiency (event-level)= (2.01778e+06) / (2.01778e+06) = 1.000e+00 +- 0.000e+00
After filter: final cross section = 4.958e+03 +- 2.823e+00 pb

=============================================

MessageLogger Summary

 type     category        sev    module        subroutine        count    total
 ---- -------------------- -- ---------------- ----------------  -----    -----
    1 GenXSecAnalyzer      -w GenXSecAnalyzer:                      16       16
    2 XrdAdaptor           -w file_open                             66       66
    3 fileAction           -s file_close                            66       66
    4 fileAction           -s file_open                            132      132

 type    category    Examples: run/evt        run/evt          run/evt
 ---- -------------------- ---------------- ---------------- ----------------
    1 GenXSecAnalyzer      PostEndRun       PostEndRun       PostEndRun
    2 XrdAdaptor           pre-events       PostProcessEvent PostProcessEvent
    3 fileAction           PostProcessEvent PostProcessEvent PostEndRun
    4 fileAction           pre-events       pre-events       PostProcessEvent

Severity    # Occurrences   Total Occurrences
--------    -------------   -----------------
Warning                82                  82
System                198                 198
