11-Jan-2024 04:06:36 CET  Initiating request to open file root://cmsxrootd.fnal.gov//store/mc/RunIISummer20UL16MiniAODv2/QCD_HT100to200_TuneCP5_PSWeights_13TeV-madgraph-pythia8/MINIAODSIM/106X_mcRun2_asymptotic_v17-v1/260000/AD64A2DE-DCBB-B048-833A-AEEE01D9A8B3.root
%MSG-w XrdAdaptor:  file_open 11-Jan-2024 04:06:41 CET pre-events
Data is served from T2_US_Wisconsin instead of original site US-Regional-FNAL
%MSG
11-Jan-2024 04:06:45 CET  Successfully opened file root://cmsxrootd.fnal.gov//store/mc/RunIISummer20UL16MiniAODv2/QCD_HT100to200_TuneCP5_PSWeights_13TeV-madgraph-pythia8/MINIAODSIM/106X_mcRun2_asymptotic_v17-v1/260000/AD64A2DE-DCBB-B048-833A-AEEE01D9A8B3.root
Begin processing the 1st record. Run 1, Event 13386672, LumiSection 20101 on stream 0 at 11-Jan-2024 04:06:53.771 CET
Begin processing the 100001st record. Run 1, Event 146284532, LumiSection 219647 on stream 0 at 11-Jan-2024 04:06:59.279 CET
11-Jan-2024 04:06:59 CET  Closed file root://cmsxrootd.fnal.gov//store/mc/RunIISummer20UL16MiniAODv2/QCD_HT100to200_TuneCP5_PSWeights_13TeV-madgraph-pythia8/MINIAODSIM/106X_mcRun2_asymptotic_v17-v1/260000/AD64A2DE-DCBB-B048-833A-AEEE01D9A8B3.root
11-Jan-2024 04:06:59 CET  Initiating request to open file root://cmsxrootd.fnal.gov//store/mc/RunIISummer20UL16MiniAODv2/QCD_HT100to200_TuneCP5_PSWeights_13TeV-madgraph-pythia8/MINIAODSIM/106X_mcRun2_asymptotic_v17-v1/260000/67C82BD1-7ADD-4A46-A7B4-37545417D9BA.root
%MSG-w XrdAdaptor:  file_open 11-Jan-2024 04:07:03 CET PostProcessEvent
Data is served from T2_US_Wisconsin instead of original site US-Regional-FNAL
%MSG
11-Jan-2024 04:07:03 CET  Successfully opened file root://cmsxrootd.fnal.gov//store/mc/RunIISummer20UL16MiniAODv2/QCD_HT100to200_TuneCP5_PSWeights_13TeV-madgraph-pythia8/MINIAODSIM/106X_mcRun2_asymptotic_v17-v1/260000/67C82BD1-7ADD-4A46-A7B4-37545417D9BA.root
11-Jan-2024 04:07:14 CET  Closed file root://cmsxrootd.fnal.gov//store/mc/RunIISummer20UL16MiniAODv2/QCD_HT100to200_TuneCP5_PSWeights_13TeV-madgraph-pythia8/MINIAODSIM/106X_mcRun2_asymptotic_v17-v1/260000/67C82BD1-7ADD-4A46-A7B4-37545417D9BA.root
11-Jan-2024 04:07:14 CET  Initiating request to open file root://cmsxrootd.fnal.gov//store/mc/RunIISummer20UL16MiniAODv2/QCD_HT100to200_TuneCP5_PSWeights_13TeV-madgraph-pythia8/MINIAODSIM/106X_mcRun2_asymptotic_v17-v1/260000/A0A74FE3-2DDD-BA44-BBA2-2CC82F23F346.root
%MSG-w XrdAdaptor:  file_open 11-Jan-2024 04:07:17 CET PostProcessEvent
Data is served from T2_US_Wisconsin instead of original site US-Regional-FNAL
%MSG
11-Jan-2024 04:07:18 CET  Successfully opened file root://cmsxrootd.fnal.gov//store/mc/RunIISummer20UL16MiniAODv2/QCD_HT100to200_TuneCP5_PSWeights_13TeV-madgraph-pythia8/MINIAODSIM/106X_mcRun2_asymptotic_v17-v1/260000/A0A74FE3-2DDD-BA44-BBA2-2CC82F23F346.root
Begin processing the 200001st record. Run 1, Event 114459185, LumiSection 171861 on stream 0 at 11-Jan-2024 04:07:28.513 CET
11-Jan-2024 04:07:32 CET  Closed file root://cmsxrootd.fnal.gov//store/mc/RunIISummer20UL16MiniAODv2/QCD_HT100to200_TuneCP5_PSWeights_13TeV-madgraph-pythia8/MINIAODSIM/106X_mcRun2_asymptotic_v17-v1/260000/A0A74FE3-2DDD-BA44-BBA2-2CC82F23F346.root
11-Jan-2024 04:07:32 CET  Initiating request to open file root://cmsxrootd.fnal.gov//store/mc/RunIISummer20UL16MiniAODv2/QCD_HT100to200_TuneCP5_PSWeights_13TeV-madgraph-pythia8/MINIAODSIM/106X_mcRun2_asymptotic_v17-v1/260000/3BC7D3B2-4415-B346-B8F0-CBEFF77E6783.root
%MSG-w XrdAdaptor:  file_open 11-Jan-2024 04:07:35 CET PostProcessEvent
Data is served from T2_US_Wisconsin instead of original site US-Regional-FNAL
%MSG
11-Jan-2024 04:07:36 CET  Successfully opened file root://cmsxrootd.fnal.gov//store/mc/RunIISummer20UL16MiniAODv2/QCD_HT100to200_TuneCP5_PSWeights_13TeV-madgraph-pythia8/MINIAODSIM/106X_mcRun2_asymptotic_v17-v1/260000/3BC7D3B2-4415-B346-B8F0-CBEFF77E6783.root
Begin processing the 300001st record. Run 1, Event 92504035, LumiSection 138895 on stream 0 at 11-Jan-2024 04:07:43.675 CET
11-Jan-2024 04:07:47 CET  Closed file root://cmsxrootd.fnal.gov//store/mc/RunIISummer20UL16MiniAODv2/QCD_HT100to200_TuneCP5_PSWeights_13TeV-madgraph-pythia8/MINIAODSIM/106X_mcRun2_asymptotic_v17-v1/260000/3BC7D3B2-4415-B346-B8F0-CBEFF77E6783.root
11-Jan-2024 04:07:47 CET  Initiating request to open file root://cmsxrootd.fnal.gov//store/mc/RunIISummer20UL16MiniAODv2/QCD_HT100to200_TuneCP5_PSWeights_13TeV-madgraph-pythia8/MINIAODSIM/106X_mcRun2_asymptotic_v17-v1/260000/FD88D8A4-526C-2C48-BC08-BC33849179F5.root
%MSG-w XrdAdaptor:  file_open 11-Jan-2024 04:07:50 CET PostProcessEvent
Data is served from T2_US_Wisconsin instead of original site US-Regional-FNAL
%MSG
11-Jan-2024 04:07:51 CET  Successfully opened file root://cmsxrootd.fnal.gov//store/mc/RunIISummer20UL16MiniAODv2/QCD_HT100to200_TuneCP5_PSWeights_13TeV-madgraph-pythia8/MINIAODSIM/106X_mcRun2_asymptotic_v17-v1/260000/FD88D8A4-526C-2C48-BC08-BC33849179F5.root
Begin processing the 400001st record. Run 1, Event 409540, LumiSection 615 on stream 0 at 11-Jan-2024 04:08:00.308 CET
11-Jan-2024 04:08:04 CET  Closed file root://cmsxrootd.fnal.gov//store/mc/RunIISummer20UL16MiniAODv2/QCD_HT100to200_TuneCP5_PSWeights_13TeV-madgraph-pythia8/MINIAODSIM/106X_mcRun2_asymptotic_v17-v1/260000/FD88D8A4-526C-2C48-BC08-BC33849179F5.root
11-Jan-2024 04:08:04 CET  Initiating request to open file root://cmsxrootd.fnal.gov//store/mc/RunIISummer20UL16MiniAODv2/QCD_HT100to200_TuneCP5_PSWeights_13TeV-madgraph-pythia8/MINIAODSIM/106X_mcRun2_asymptotic_v17-v1/260000/79C40A56-22CD-8B4C-B5FA-550E47EDFABF.root
%MSG-w XrdAdaptor:  file_open 11-Jan-2024 04:08:07 CET PostProcessEvent
Data is served from T2_US_Wisconsin instead of original site US-Regional-FNAL
%MSG
11-Jan-2024 04:08:08 CET  Successfully opened file root://cmsxrootd.fnal.gov//store/mc/RunIISummer20UL16MiniAODv2/QCD_HT100to200_TuneCP5_PSWeights_13TeV-madgraph-pythia8/MINIAODSIM/106X_mcRun2_asymptotic_v17-v1/260000/79C40A56-22CD-8B4C-B5FA-550E47EDFABF.root
Begin processing the 500001st record. Run 1, Event 24550761, LumiSection 36864 on stream 0 at 11-Jan-2024 04:08:21.542 CET
11-Jan-2024 04:08:25 CET  Closed file root://cmsxrootd.fnal.gov//store/mc/RunIISummer20UL16MiniAODv2/QCD_HT100to200_TuneCP5_PSWeights_13TeV-madgraph-pythia8/MINIAODSIM/106X_mcRun2_asymptotic_v17-v1/260000/79C40A56-22CD-8B4C-B5FA-550E47EDFABF.root
11-Jan-2024 04:08:25 CET  Initiating request to open file root://cmsxrootd.fnal.gov//store/mc/RunIISummer20UL16MiniAODv2/QCD_HT100to200_TuneCP5_PSWeights_13TeV-madgraph-pythia8/MINIAODSIM/106X_mcRun2_asymptotic_v17-v1/260000/16E8BDFD-3D61-C44F-AAD4-1577324BC3F3.root
%MSG-w XrdAdaptor:  file_open 11-Jan-2024 04:08:28 CET PostProcessEvent
Data is served from T2_US_Wisconsin instead of original site US-Regional-FNAL
%MSG
11-Jan-2024 04:08:29 CET  Successfully opened file root://cmsxrootd.fnal.gov//store/mc/RunIISummer20UL16MiniAODv2/QCD_HT100to200_TuneCP5_PSWeights_13TeV-madgraph-pythia8/MINIAODSIM/106X_mcRun2_asymptotic_v17-v1/260000/16E8BDFD-3D61-C44F-AAD4-1577324BC3F3.root
Begin processing the 600001st record. Run 1, Event 143210139, LumiSection 215031 on stream 0 at 11-Jan-2024 04:08:40.015 CET
11-Jan-2024 04:08:42 CET  Closed file root://cmsxrootd.fnal.gov//store/mc/RunIISummer20UL16MiniAODv2/QCD_HT100to200_TuneCP5_PSWeights_13TeV-madgraph-pythia8/MINIAODSIM/106X_mcRun2_asymptotic_v17-v1/260000/16E8BDFD-3D61-C44F-AAD4-1577324BC3F3.root
11-Jan-2024 04:08:42 CET  Initiating request to open file root://cmsxrootd.fnal.gov//store/mc/RunIISummer20UL16MiniAODv2/QCD_HT100to200_TuneCP5_PSWeights_13TeV-madgraph-pythia8/MINIAODSIM/106X_mcRun2_asymptotic_v17-v1/260000/F330A359-E14B-B94A-929D-E0C943C84C42.root
%MSG-w XrdAdaptor:  file_open 11-Jan-2024 04:08:46 CET PostProcessEvent
Data is served from T2_US_Wisconsin instead of original site US-Regional-FNAL
%MSG
11-Jan-2024 04:08:46 CET  Successfully opened file root://cmsxrootd.fnal.gov//store/mc/RunIISummer20UL16MiniAODv2/QCD_HT100to200_TuneCP5_PSWeights_13TeV-madgraph-pythia8/MINIAODSIM/106X_mcRun2_asymptotic_v17-v1/260000/F330A359-E14B-B94A-929D-E0C943C84C42.root
Begin processing the 700001st record. Run 1, Event 16564223, LumiSection 24872 on stream 0 at 11-Jan-2024 04:08:56.851 CET
11-Jan-2024 04:09:00 CET  Closed file root://cmsxrootd.fnal.gov//store/mc/RunIISummer20UL16MiniAODv2/QCD_HT100to200_TuneCP5_PSWeights_13TeV-madgraph-pythia8/MINIAODSIM/106X_mcRun2_asymptotic_v17-v1/260000/F330A359-E14B-B94A-929D-E0C943C84C42.root
11-Jan-2024 04:09:00 CET  Initiating request to open file root://cmsxrootd.fnal.gov//store/mc/RunIISummer20UL16MiniAODv2/QCD_HT100to200_TuneCP5_PSWeights_13TeV-madgraph-pythia8/MINIAODSIM/106X_mcRun2_asymptotic_v17-v1/260000/D647A1A5-6C1C-5045-B0C8-3B86AF308E70.root
%MSG-w XrdAdaptor:  file_open 11-Jan-2024 04:09:02 CET PostProcessEvent
Data is served from T2_US_Wisconsin instead of original site US-Regional-FNAL
%MSG
11-Jan-2024 04:09:03 CET  Successfully opened file root://cmsxrootd.fnal.gov//store/mc/RunIISummer20UL16MiniAODv2/QCD_HT100to200_TuneCP5_PSWeights_13TeV-madgraph-pythia8/MINIAODSIM/106X_mcRun2_asymptotic_v17-v1/260000/D647A1A5-6C1C-5045-B0C8-3B86AF308E70.root
Begin processing the 800001st record. Run 1, Event 13572198, LumiSection 20379 on stream 0 at 11-Jan-2024 04:09:14.704 CET
11-Jan-2024 04:09:16 CET  Closed file root://cmsxrootd.fnal.gov//store/mc/RunIISummer20UL16MiniAODv2/QCD_HT100to200_TuneCP5_PSWeights_13TeV-madgraph-pythia8/MINIAODSIM/106X_mcRun2_asymptotic_v17-v1/260000/D647A1A5-6C1C-5045-B0C8-3B86AF308E70.root
11-Jan-2024 04:09:16 CET  Initiating request to open file root://cmsxrootd.fnal.gov//store/mc/RunIISummer20UL16MiniAODv2/QCD_HT100to200_TuneCP5_PSWeights_13TeV-madgraph-pythia8/MINIAODSIM/106X_mcRun2_asymptotic_v17-v1/260000/FF87937E-B8F8-2342-BA71-6676562A918E.root
%MSG-w XrdAdaptor:  file_open 11-Jan-2024 04:09:19 CET PostProcessEvent
Data is served from T2_US_Wisconsin instead of original site US-Regional-FNAL
%MSG
11-Jan-2024 04:09:19 CET  Successfully opened file root://cmsxrootd.fnal.gov//store/mc/RunIISummer20UL16MiniAODv2/QCD_HT100to200_TuneCP5_PSWeights_13TeV-madgraph-pythia8/MINIAODSIM/106X_mcRun2_asymptotic_v17-v1/260000/FF87937E-B8F8-2342-BA71-6676562A918E.root
Begin processing the 900001st record. Run 1, Event 19068647, LumiSection 28632 on stream 0 at 11-Jan-2024 04:09:31.964 CET
11-Jan-2024 04:09:33 CET  Closed file root://cmsxrootd.fnal.gov//store/mc/RunIISummer20UL16MiniAODv2/QCD_HT100to200_TuneCP5_PSWeights_13TeV-madgraph-pythia8/MINIAODSIM/106X_mcRun2_asymptotic_v17-v1/260000/FF87937E-B8F8-2342-BA71-6676562A918E.root
11-Jan-2024 04:09:33 CET  Initiating request to open file root://cmsxrootd.fnal.gov//store/mc/RunIISummer20UL16MiniAODv2/QCD_HT100to200_TuneCP5_PSWeights_13TeV-madgraph-pythia8/MINIAODSIM/106X_mcRun2_asymptotic_v17-v1/260000/6C11C7A3-29EF-234D-AE35-AA3798EF234A.root
%MSG-w XrdAdaptor:  file_open 11-Jan-2024 04:09:35 CET PostProcessEvent
Data is served from T2_US_Wisconsin instead of original site US-Regional-FNAL
%MSG
11-Jan-2024 04:09:36 CET  Successfully opened file root://cmsxrootd.fnal.gov//store/mc/RunIISummer20UL16MiniAODv2/QCD_HT100to200_TuneCP5_PSWeights_13TeV-madgraph-pythia8/MINIAODSIM/106X_mcRun2_asymptotic_v17-v1/260000/6C11C7A3-29EF-234D-AE35-AA3798EF234A.root
Begin processing the 1000001st record. Run 1, Event 154527887, LumiSection 232024 on stream 0 at 11-Jan-2024 04:09:47.879 CET
11-Jan-2024 04:09:48 CET  Closed file root://cmsxrootd.fnal.gov//store/mc/RunIISummer20UL16MiniAODv2/QCD_HT100to200_TuneCP5_PSWeights_13TeV-madgraph-pythia8/MINIAODSIM/106X_mcRun2_asymptotic_v17-v1/260000/6C11C7A3-29EF-234D-AE35-AA3798EF234A.root
11-Jan-2024 04:09:48 CET  Initiating request to open file root://cmsxrootd.fnal.gov//store/mc/RunIISummer20UL16MiniAODv2/QCD_HT100to200_TuneCP5_PSWeights_13TeV-madgraph-pythia8/MINIAODSIM/106X_mcRun2_asymptotic_v17-v1/260000/FF8EAC6E-C0BA-4446-A4BB-C4BE30314975.root
%MSG-w XrdAdaptor:  file_open 11-Jan-2024 04:09:52 CET PostProcessEvent
Data is served from T2_US_Wisconsin instead of original site US-Regional-FNAL
%MSG
11-Jan-2024 04:09:52 CET  Successfully opened file root://cmsxrootd.fnal.gov//store/mc/RunIISummer20UL16MiniAODv2/QCD_HT100to200_TuneCP5_PSWeights_13TeV-madgraph-pythia8/MINIAODSIM/106X_mcRun2_asymptotic_v17-v1/260000/FF8EAC6E-C0BA-4446-A4BB-C4BE30314975.root
Begin processing the 1100001st record. Run 1, Event 73545848, LumiSection 110430 on stream 0 at 11-Jan-2024 04:10:05.189 CET
11-Jan-2024 04:10:05 CET  Closed file root://cmsxrootd.fnal.gov//store/mc/RunIISummer20UL16MiniAODv2/QCD_HT100to200_TuneCP5_PSWeights_13TeV-madgraph-pythia8/MINIAODSIM/106X_mcRun2_asymptotic_v17-v1/260000/FF8EAC6E-C0BA-4446-A4BB-C4BE30314975.root
11-Jan-2024 04:10:05 CET  Initiating request to open file root://cmsxrootd.fnal.gov//store/mc/RunIISummer20UL16MiniAODv2/QCD_HT100to200_TuneCP5_PSWeights_13TeV-madgraph-pythia8/MINIAODSIM/106X_mcRun2_asymptotic_v17-v1/260000/3B3DBBEE-308F-254B-88E9-41DFFC672831.root
%MSG-w XrdAdaptor:  file_open 11-Jan-2024 04:10:08 CET PostProcessEvent
Data is served from T2_US_Wisconsin instead of original site US-Regional-FNAL
%MSG
11-Jan-2024 04:10:09 CET  Successfully opened file root://cmsxrootd.fnal.gov//store/mc/RunIISummer20UL16MiniAODv2/QCD_HT100to200_TuneCP5_PSWeights_13TeV-madgraph-pythia8/MINIAODSIM/106X_mcRun2_asymptotic_v17-v1/260000/3B3DBBEE-308F-254B-88E9-41DFFC672831.root
Begin processing the 1200001st record. Run 1, Event 115779343, LumiSection 173843 on stream 0 at 11-Jan-2024 04:10:20.441 CET
11-Jan-2024 04:10:20 CET  Closed file root://cmsxrootd.fnal.gov//store/mc/RunIISummer20UL16MiniAODv2/QCD_HT100to200_TuneCP5_PSWeights_13TeV-madgraph-pythia8/MINIAODSIM/106X_mcRun2_asymptotic_v17-v1/260000/3B3DBBEE-308F-254B-88E9-41DFFC672831.root
11-Jan-2024 04:10:20 CET  Initiating request to open file root://cmsxrootd.fnal.gov//store/mc/RunIISummer20UL16MiniAODv2/QCD_HT100to200_TuneCP5_PSWeights_13TeV-madgraph-pythia8/MINIAODSIM/106X_mcRun2_asymptotic_v17-v1/260000/982B4FB2-B31D-634C-8E04-DF247FD34F83.root
%MSG-w XrdAdaptor:  file_open 11-Jan-2024 04:10:24 CET PostProcessEvent
Data is served from T2_US_Wisconsin instead of original site US-Regional-FNAL
%MSG
11-Jan-2024 04:10:24 CET  Successfully opened file root://cmsxrootd.fnal.gov//store/mc/RunIISummer20UL16MiniAODv2/QCD_HT100to200_TuneCP5_PSWeights_13TeV-madgraph-pythia8/MINIAODSIM/106X_mcRun2_asymptotic_v17-v1/260000/982B4FB2-B31D-634C-8E04-DF247FD34F83.root
Begin processing the 1300001st record. Run 1, Event 79346264, LumiSection 119139 on stream 0 at 11-Jan-2024 04:10:38.235 CET
11-Jan-2024 04:10:38 CET  Closed file root://cmsxrootd.fnal.gov//store/mc/RunIISummer20UL16MiniAODv2/QCD_HT100to200_TuneCP5_PSWeights_13TeV-madgraph-pythia8/MINIAODSIM/106X_mcRun2_asymptotic_v17-v1/260000/982B4FB2-B31D-634C-8E04-DF247FD34F83.root
11-Jan-2024 04:10:38 CET  Initiating request to open file root://cmsxrootd.fnal.gov//store/mc/RunIISummer20UL16MiniAODv2/QCD_HT100to200_TuneCP5_PSWeights_13TeV-madgraph-pythia8/MINIAODSIM/106X_mcRun2_asymptotic_v17-v1/260000/C4E8589E-0154-8C46-8D79-54971D847EE1.root
%MSG-w XrdAdaptor:  file_open 11-Jan-2024 04:10:40 CET PostProcessEvent
Data is served from T2_US_Wisconsin instead of original site US-Regional-FNAL
%MSG
11-Jan-2024 04:10:41 CET  Successfully opened file root://cmsxrootd.fnal.gov//store/mc/RunIISummer20UL16MiniAODv2/QCD_HT100to200_TuneCP5_PSWeights_13TeV-madgraph-pythia8/MINIAODSIM/106X_mcRun2_asymptotic_v17-v1/260000/C4E8589E-0154-8C46-8D79-54971D847EE1.root
11-Jan-2024 04:10:52 CET  Closed file root://cmsxrootd.fnal.gov//store/mc/RunIISummer20UL16MiniAODv2/QCD_HT100to200_TuneCP5_PSWeights_13TeV-madgraph-pythia8/MINIAODSIM/106X_mcRun2_asymptotic_v17-v1/260000/C4E8589E-0154-8C46-8D79-54971D847EE1.root
11-Jan-2024 04:10:52 CET  Initiating request to open file root://cmsxrootd.fnal.gov//store/mc/RunIISummer20UL16MiniAODv2/QCD_HT100to200_TuneCP5_PSWeights_13TeV-madgraph-pythia8/MINIAODSIM/106X_mcRun2_asymptotic_v17-v1/260000/74E8EF06-5990-7241-860F-D0EBE6E0D461.root
%MSG-w XrdAdaptor:  file_open 11-Jan-2024 04:10:55 CET PostProcessEvent
Data is served from T2_US_Wisconsin instead of original site US-Regional-FNAL
%MSG
11-Jan-2024 04:10:56 CET  Successfully opened file root://cmsxrootd.fnal.gov//store/mc/RunIISummer20UL16MiniAODv2/QCD_HT100to200_TuneCP5_PSWeights_13TeV-madgraph-pythia8/MINIAODSIM/106X_mcRun2_asymptotic_v17-v1/260000/74E8EF06-5990-7241-860F-D0EBE6E0D461.root
Begin processing the 1400001st record. Run 1, Event 78968946, LumiSection 118572 on stream 0 at 11-Jan-2024 04:11:03.184 CET
11-Jan-2024 04:11:06 CET  Closed file root://cmsxrootd.fnal.gov//store/mc/RunIISummer20UL16MiniAODv2/QCD_HT100to200_TuneCP5_PSWeights_13TeV-madgraph-pythia8/MINIAODSIM/106X_mcRun2_asymptotic_v17-v1/260000/74E8EF06-5990-7241-860F-D0EBE6E0D461.root
11-Jan-2024 04:11:06 CET  Initiating request to open file root://cmsxrootd.fnal.gov//store/mc/RunIISummer20UL16MiniAODv2/QCD_HT100to200_TuneCP5_PSWeights_13TeV-madgraph-pythia8/MINIAODSIM/106X_mcRun2_asymptotic_v17-v1/260000/0DBD4890-DE0E-C647-A8FD-005530967108.root
%MSG-w XrdAdaptor:  file_open 11-Jan-2024 04:11:09 CET PostProcessEvent
Data is served from T2_US_Wisconsin instead of original site US-Regional-FNAL
%MSG
11-Jan-2024 04:11:09 CET  Successfully opened file root://cmsxrootd.fnal.gov//store/mc/RunIISummer20UL16MiniAODv2/QCD_HT100to200_TuneCP5_PSWeights_13TeV-madgraph-pythia8/MINIAODSIM/106X_mcRun2_asymptotic_v17-v1/260000/0DBD4890-DE0E-C647-A8FD-005530967108.root
Begin processing the 1500001st record. Run 1, Event 36193563, LumiSection 54345 on stream 0 at 11-Jan-2024 04:11:19.210 CET
11-Jan-2024 04:11:22 CET  Closed file root://cmsxrootd.fnal.gov//store/mc/RunIISummer20UL16MiniAODv2/QCD_HT100to200_TuneCP5_PSWeights_13TeV-madgraph-pythia8/MINIAODSIM/106X_mcRun2_asymptotic_v17-v1/260000/0DBD4890-DE0E-C647-A8FD-005530967108.root
11-Jan-2024 04:11:22 CET  Initiating request to open file root://cmsxrootd.fnal.gov//store/mc/RunIISummer20UL16MiniAODv2/QCD_HT100to200_TuneCP5_PSWeights_13TeV-madgraph-pythia8/MINIAODSIM/106X_mcRun2_asymptotic_v17-v1/260000/DD902089-5D68-ED4D-BBF3-8414856D03A1.root
Unable to load sec.protocol plugin libXrdSecztn.so
%MSG-w XrdAdaptor:  file_open 11-Jan-2024 04:11:26 CET PostProcessEvent
Data is served from fnal.gov instead of original site US-Regional-FNAL
%MSG
11-Jan-2024 04:11:27 CET  Successfully opened file root://cmsxrootd.fnal.gov//store/mc/RunIISummer20UL16MiniAODv2/QCD_HT100to200_TuneCP5_PSWeights_13TeV-madgraph-pythia8/MINIAODSIM/106X_mcRun2_asymptotic_v17-v1/260000/DD902089-5D68-ED4D-BBF3-8414856D03A1.root
Unable to load sec.protocol plugin libXrdSecztn.so
Begin processing the 1600001st record. Run 1, Event 124158188, LumiSection 186424 on stream 0 at 11-Jan-2024 04:11:51.898 CET
Unable to load sec.protocol plugin libXrdSecztn.so
11-Jan-2024 04:11:56 CET  Closed file root://cmsxrootd.fnal.gov//store/mc/RunIISummer20UL16MiniAODv2/QCD_HT100to200_TuneCP5_PSWeights_13TeV-madgraph-pythia8/MINIAODSIM/106X_mcRun2_asymptotic_v17-v1/260000/DD902089-5D68-ED4D-BBF3-8414856D03A1.root
11-Jan-2024 04:11:56 CET  Initiating request to open file root://cmsxrootd.fnal.gov//store/mc/RunIISummer20UL16MiniAODv2/QCD_HT100to200_TuneCP5_PSWeights_13TeV-madgraph-pythia8/MINIAODSIM/106X_mcRun2_asymptotic_v17-v1/260000/D47EDC31-F03A-D147-A018-54B17A512BF2.root
%MSG-w XrdAdaptor:  file_open 11-Jan-2024 04:11:59 CET PostProcessEvent
Data is served from fnal.gov instead of original site US-Regional-FNAL
%MSG
11-Jan-2024 04:11:59 CET  Successfully opened file root://cmsxrootd.fnal.gov//store/mc/RunIISummer20UL16MiniAODv2/QCD_HT100to200_TuneCP5_PSWeights_13TeV-madgraph-pythia8/MINIAODSIM/106X_mcRun2_asymptotic_v17-v1/260000/D47EDC31-F03A-D147-A018-54B17A512BF2.root
Begin processing the 1700001st record. Run 1, Event 123339612, LumiSection 185195 on stream 0 at 11-Jan-2024 04:12:07.005 CET
11-Jan-2024 04:12:11 CET  Closed file root://cmsxrootd.fnal.gov//store/mc/RunIISummer20UL16MiniAODv2/QCD_HT100to200_TuneCP5_PSWeights_13TeV-madgraph-pythia8/MINIAODSIM/106X_mcRun2_asymptotic_v17-v1/260000/D47EDC31-F03A-D147-A018-54B17A512BF2.root
11-Jan-2024 04:12:11 CET  Initiating request to open file root://cmsxrootd.fnal.gov//store/mc/RunIISummer20UL16MiniAODv2/QCD_HT100to200_TuneCP5_PSWeights_13TeV-madgraph-pythia8/MINIAODSIM/106X_mcRun2_asymptotic_v17-v1/260000/C8F424BF-45F1-E241-9B54-11E6986ACDC7.root
%MSG-w XrdAdaptor:  file_open 11-Jan-2024 04:12:13 CET PostProcessEvent
Data is served from fnal.gov instead of original site US-Regional-FNAL
%MSG
11-Jan-2024 04:12:14 CET  Successfully opened file root://cmsxrootd.fnal.gov//store/mc/RunIISummer20UL16MiniAODv2/QCD_HT100to200_TuneCP5_PSWeights_13TeV-madgraph-pythia8/MINIAODSIM/106X_mcRun2_asymptotic_v17-v1/260000/C8F424BF-45F1-E241-9B54-11E6986ACDC7.root
Begin processing the 1800001st record. Run 1, Event 25830928, LumiSection 38786 on stream 0 at 11-Jan-2024 04:12:23.092 CET
11-Jan-2024 04:12:26 CET  Closed file root://cmsxrootd.fnal.gov//store/mc/RunIISummer20UL16MiniAODv2/QCD_HT100to200_TuneCP5_PSWeights_13TeV-madgraph-pythia8/MINIAODSIM/106X_mcRun2_asymptotic_v17-v1/260000/C8F424BF-45F1-E241-9B54-11E6986ACDC7.root
11-Jan-2024 04:12:26 CET  Initiating request to open file root://cmsxrootd.fnal.gov//store/mc/RunIISummer20UL16MiniAODv2/QCD_HT100to200_TuneCP5_PSWeights_13TeV-madgraph-pythia8/MINIAODSIM/106X_mcRun2_asymptotic_v17-v1/260000/4B4A7CC2-4B0B-0444-A502-BB4CE94ECE23.root
%MSG-w XrdAdaptor:  file_open 11-Jan-2024 04:12:29 CET PostProcessEvent
Data is served from fnal.gov instead of original site US-Regional-FNAL
%MSG
11-Jan-2024 04:12:29 CET  Successfully opened file root://cmsxrootd.fnal.gov//store/mc/RunIISummer20UL16MiniAODv2/QCD_HT100to200_TuneCP5_PSWeights_13TeV-madgraph-pythia8/MINIAODSIM/106X_mcRun2_asymptotic_v17-v1/260000/4B4A7CC2-4B0B-0444-A502-BB4CE94ECE23.root
Begin processing the 1900001st record. Run 1, Event 30904396, LumiSection 46403 on stream 0 at 11-Jan-2024 04:12:39.099 CET
11-Jan-2024 04:12:41 CET  Closed file root://cmsxrootd.fnal.gov//store/mc/RunIISummer20UL16MiniAODv2/QCD_HT100to200_TuneCP5_PSWeights_13TeV-madgraph-pythia8/MINIAODSIM/106X_mcRun2_asymptotic_v17-v1/260000/4B4A7CC2-4B0B-0444-A502-BB4CE94ECE23.root
11-Jan-2024 04:12:41 CET  Initiating request to open file root://cmsxrootd.fnal.gov//store/mc/RunIISummer20UL16MiniAODv2/QCD_HT100to200_TuneCP5_PSWeights_13TeV-madgraph-pythia8/MINIAODSIM/106X_mcRun2_asymptotic_v17-v1/260000/390A4F4F-2A47-E54B-B3E1-E16C4AE643C5.root
Unable to load sec.protocol plugin libXrdSecztn.so
%MSG-w XrdAdaptor:  file_open 11-Jan-2024 04:12:45 CET PostProcessEvent
Data is served from fnal.gov instead of original site US-Regional-FNAL
%MSG
11-Jan-2024 04:12:46 CET  Successfully opened file root://cmsxrootd.fnal.gov//store/mc/RunIISummer20UL16MiniAODv2/QCD_HT100to200_TuneCP5_PSWeights_13TeV-madgraph-pythia8/MINIAODSIM/106X_mcRun2_asymptotic_v17-v1/260000/390A4F4F-2A47-E54B-B3E1-E16C4AE643C5.root
Begin processing the 2000001st record. Run 1, Event 17573057, LumiSection 26386 on stream 0 at 11-Jan-2024 04:13:01.134 CET
11-Jan-2024 04:13:06 CET  Closed file root://cmsxrootd.fnal.gov//store/mc/RunIISummer20UL16MiniAODv2/QCD_HT100to200_TuneCP5_PSWeights_13TeV-madgraph-pythia8/MINIAODSIM/106X_mcRun2_asymptotic_v17-v1/260000/390A4F4F-2A47-E54B-B3E1-E16C4AE643C5.root
11-Jan-2024 04:13:06 CET  Initiating request to open file root://cmsxrootd.fnal.gov//store/mc/RunIISummer20UL16MiniAODv2/QCD_HT100to200_TuneCP5_PSWeights_13TeV-madgraph-pythia8/MINIAODSIM/106X_mcRun2_asymptotic_v17-v1/260000/07325021-F6DD-E249-83EC-D5B7BEE13146.root
%MSG-w XrdAdaptor:  file_open 11-Jan-2024 04:13:09 CET PostProcessEvent
Data is served from fnal.gov instead of original site US-Regional-FNAL
%MSG
11-Jan-2024 04:13:09 CET  Successfully opened file root://cmsxrootd.fnal.gov//store/mc/RunIISummer20UL16MiniAODv2/QCD_HT100to200_TuneCP5_PSWeights_13TeV-madgraph-pythia8/MINIAODSIM/106X_mcRun2_asymptotic_v17-v1/260000/07325021-F6DD-E249-83EC-D5B7BEE13146.root
11-Jan-2024 04:13:17 CET  Closed file root://cmsxrootd.fnal.gov//store/mc/RunIISummer20UL16MiniAODv2/QCD_HT100to200_TuneCP5_PSWeights_13TeV-madgraph-pythia8/MINIAODSIM/106X_mcRun2_asymptotic_v17-v1/260000/07325021-F6DD-E249-83EC-D5B7BEE13146.root
11-Jan-2024 04:13:17 CET  Initiating request to open file root://cmsxrootd.fnal.gov//store/mc/RunIISummer20UL16MiniAODv2/QCD_HT100to200_TuneCP5_PSWeights_13TeV-madgraph-pythia8/MINIAODSIM/106X_mcRun2_asymptotic_v17-v1/260000/F4CF524D-718D-3A4E-B7CB-D2F255254FDB.root
%MSG-w XrdAdaptor:  file_open 11-Jan-2024 04:13:20 CET PostProcessEvent
Data is served from T2_US_Wisconsin instead of original site US-Regional-FNAL
%MSG
11-Jan-2024 04:13:20 CET  Successfully opened file root://cmsxrootd.fnal.gov//store/mc/RunIISummer20UL16MiniAODv2/QCD_HT100to200_TuneCP5_PSWeights_13TeV-madgraph-pythia8/MINIAODSIM/106X_mcRun2_asymptotic_v17-v1/260000/F4CF524D-718D-3A4E-B7CB-D2F255254FDB.root
Begin processing the 2100001st record. Run 1, Event 135985818, LumiSection 204183 on stream 0 at 11-Jan-2024 04:13:28.646 CET
11-Jan-2024 04:13:30 CET  Closed file root://cmsxrootd.fnal.gov//store/mc/RunIISummer20UL16MiniAODv2/QCD_HT100to200_TuneCP5_PSWeights_13TeV-madgraph-pythia8/MINIAODSIM/106X_mcRun2_asymptotic_v17-v1/260000/F4CF524D-718D-3A4E-B7CB-D2F255254FDB.root
11-Jan-2024 04:13:30 CET  Initiating request to open file root://cmsxrootd.fnal.gov//store/mc/RunIISummer20UL16MiniAODv2/QCD_HT100to200_TuneCP5_PSWeights_13TeV-madgraph-pythia8/MINIAODSIM/106X_mcRun2_asymptotic_v17-v1/270000/2EC02C5D-B3EC-E544-B920-2A381D3D9037.root
%MSG-w XrdAdaptor:  file_open 11-Jan-2024 04:13:34 CET PostProcessEvent
Data is served from T2_US_MIT instead of original site US-Regional-FNAL
%MSG
11-Jan-2024 04:13:34 CET  Successfully opened file root://cmsxrootd.fnal.gov//store/mc/RunIISummer20UL16MiniAODv2/QCD_HT100to200_TuneCP5_PSWeights_13TeV-madgraph-pythia8/MINIAODSIM/106X_mcRun2_asymptotic_v17-v1/270000/2EC02C5D-B3EC-E544-B920-2A381D3D9037.root
Begin processing the 2200001st record. Run 1, Event 47777298, LumiSection 71738 on stream 0 at 11-Jan-2024 04:13:49.618 CET
11-Jan-2024 04:13:51 CET  Closed file root://cmsxrootd.fnal.gov//store/mc/RunIISummer20UL16MiniAODv2/QCD_HT100to200_TuneCP5_PSWeights_13TeV-madgraph-pythia8/MINIAODSIM/106X_mcRun2_asymptotic_v17-v1/270000/2EC02C5D-B3EC-E544-B920-2A381D3D9037.root
11-Jan-2024 04:13:51 CET  Initiating request to open file root://cmsxrootd.fnal.gov//store/mc/RunIISummer20UL16MiniAODv2/QCD_HT100to200_TuneCP5_PSWeights_13TeV-madgraph-pythia8/MINIAODSIM/106X_mcRun2_asymptotic_v17-v1/270000/4509E01B-E9A5-7048-A177-B5F2F0AF2AF8.root
%MSG-w XrdAdaptor:  file_open 11-Jan-2024 04:13:54 CET PostProcessEvent
Data is served from T2_US_MIT instead of original site US-Regional-FNAL
%MSG
11-Jan-2024 04:13:55 CET  Successfully opened file root://cmsxrootd.fnal.gov//store/mc/RunIISummer20UL16MiniAODv2/QCD_HT100to200_TuneCP5_PSWeights_13TeV-madgraph-pythia8/MINIAODSIM/106X_mcRun2_asymptotic_v17-v1/270000/4509E01B-E9A5-7048-A177-B5F2F0AF2AF8.root
11-Jan-2024 04:14:04 CET  Closed file root://cmsxrootd.fnal.gov//store/mc/RunIISummer20UL16MiniAODv2/QCD_HT100to200_TuneCP5_PSWeights_13TeV-madgraph-pythia8/MINIAODSIM/106X_mcRun2_asymptotic_v17-v1/270000/4509E01B-E9A5-7048-A177-B5F2F0AF2AF8.root
11-Jan-2024 04:14:04 CET  Initiating request to open file root://cmsxrootd.fnal.gov//store/mc/RunIISummer20UL16MiniAODv2/QCD_HT100to200_TuneCP5_PSWeights_13TeV-madgraph-pythia8/MINIAODSIM/106X_mcRun2_asymptotic_v17-v1/270000/6B1A3299-39CC-3D41-B8E2-5E8B0F92970B.root
%MSG-w XrdAdaptor:  file_open 11-Jan-2024 04:14:07 CET PostProcessEvent
Data is served from T2_US_MIT instead of original site US-Regional-FNAL
%MSG
11-Jan-2024 04:14:08 CET  Successfully opened file root://cmsxrootd.fnal.gov//store/mc/RunIISummer20UL16MiniAODv2/QCD_HT100to200_TuneCP5_PSWeights_13TeV-madgraph-pythia8/MINIAODSIM/106X_mcRun2_asymptotic_v17-v1/270000/6B1A3299-39CC-3D41-B8E2-5E8B0F92970B.root
Begin processing the 2300001st record. Run 1, Event 28904871, LumiSection 43401 on stream 0 at 11-Jan-2024 04:14:13.583 CET
11-Jan-2024 04:14:17 CET  Closed file root://cmsxrootd.fnal.gov//store/mc/RunIISummer20UL16MiniAODv2/QCD_HT100to200_TuneCP5_PSWeights_13TeV-madgraph-pythia8/MINIAODSIM/106X_mcRun2_asymptotic_v17-v1/270000/6B1A3299-39CC-3D41-B8E2-5E8B0F92970B.root
11-Jan-2024 04:14:17 CET  Initiating request to open file root://cmsxrootd.fnal.gov//store/mc/RunIISummer20UL16MiniAODv2/QCD_HT100to200_TuneCP5_PSWeights_13TeV-madgraph-pythia8/MINIAODSIM/106X_mcRun2_asymptotic_v17-v1/270000/AB7AB39D-2A8E-B24C-873B-2E3CFD61ABBD.root
%MSG-w XrdAdaptor:  file_open 11-Jan-2024 04:14:20 CET PostProcessEvent
Data is served from T2_US_MIT instead of original site US-Regional-FNAL
%MSG
11-Jan-2024 04:14:21 CET  Successfully opened file root://cmsxrootd.fnal.gov//store/mc/RunIISummer20UL16MiniAODv2/QCD_HT100to200_TuneCP5_PSWeights_13TeV-madgraph-pythia8/MINIAODSIM/106X_mcRun2_asymptotic_v17-v1/270000/AB7AB39D-2A8E-B24C-873B-2E3CFD61ABBD.root
Begin processing the 2400001st record. Run 1, Event 19901583, LumiSection 29883 on stream 0 at 11-Jan-2024 04:14:30.103 CET
11-Jan-2024 04:14:33 CET  Closed file root://cmsxrootd.fnal.gov//store/mc/RunIISummer20UL16MiniAODv2/QCD_HT100to200_TuneCP5_PSWeights_13TeV-madgraph-pythia8/MINIAODSIM/106X_mcRun2_asymptotic_v17-v1/270000/AB7AB39D-2A8E-B24C-873B-2E3CFD61ABBD.root
11-Jan-2024 04:14:33 CET  Initiating request to open file root://cmsxrootd.fnal.gov//store/mc/RunIISummer20UL16MiniAODv2/QCD_HT100to200_TuneCP5_PSWeights_13TeV-madgraph-pythia8/MINIAODSIM/106X_mcRun2_asymptotic_v17-v1/270000/ECFA95E6-3638-374E-995F-52DAF74E4265.root
%MSG-w XrdAdaptor:  file_open 11-Jan-2024 04:14:36 CET PostProcessEvent
Data is served from T2_US_MIT instead of original site US-Regional-FNAL
%MSG
11-Jan-2024 04:14:36 CET  Successfully opened file root://cmsxrootd.fnal.gov//store/mc/RunIISummer20UL16MiniAODv2/QCD_HT100to200_TuneCP5_PSWeights_13TeV-madgraph-pythia8/MINIAODSIM/106X_mcRun2_asymptotic_v17-v1/270000/ECFA95E6-3638-374E-995F-52DAF74E4265.root
Begin processing the 2500001st record. Run 1, Event 102537419, LumiSection 153961 on stream 0 at 11-Jan-2024 04:14:45.103 CET
11-Jan-2024 04:14:50 CET  Closed file root://cmsxrootd.fnal.gov//store/mc/RunIISummer20UL16MiniAODv2/QCD_HT100to200_TuneCP5_PSWeights_13TeV-madgraph-pythia8/MINIAODSIM/106X_mcRun2_asymptotic_v17-v1/270000/ECFA95E6-3638-374E-995F-52DAF74E4265.root
11-Jan-2024 04:14:50 CET  Initiating request to open file root://cmsxrootd.fnal.gov//store/mc/RunIISummer20UL16MiniAODv2/QCD_HT100to200_TuneCP5_PSWeights_13TeV-madgraph-pythia8/MINIAODSIM/106X_mcRun2_asymptotic_v17-v1/270000/61A673C0-1B41-8642-A1F2-25CEFFAB14BD.root
%MSG-w XrdAdaptor:  file_open 11-Jan-2024 04:14:52 CET PostProcessEvent
Data is served from T2_US_MIT instead of original site US-Regional-FNAL
%MSG
11-Jan-2024 04:14:52 CET  Successfully opened file root://cmsxrootd.fnal.gov//store/mc/RunIISummer20UL16MiniAODv2/QCD_HT100to200_TuneCP5_PSWeights_13TeV-madgraph-pythia8/MINIAODSIM/106X_mcRun2_asymptotic_v17-v1/270000/61A673C0-1B41-8642-A1F2-25CEFFAB14BD.root
Begin processing the 2600001st record. Run 1, Event 59006138, LumiSection 88598 on stream 0 at 11-Jan-2024 04:15:02.948 CET
11-Jan-2024 04:15:06 CET  Closed file root://cmsxrootd.fnal.gov//store/mc/RunIISummer20UL16MiniAODv2/QCD_HT100to200_TuneCP5_PSWeights_13TeV-madgraph-pythia8/MINIAODSIM/106X_mcRun2_asymptotic_v17-v1/270000/61A673C0-1B41-8642-A1F2-25CEFFAB14BD.root
11-Jan-2024 04:15:06 CET  Initiating request to open file root://cmsxrootd.fnal.gov//store/mc/RunIISummer20UL16MiniAODv2/QCD_HT100to200_TuneCP5_PSWeights_13TeV-madgraph-pythia8/MINIAODSIM/106X_mcRun2_asymptotic_v17-v1/270000/A4F9D969-B7D9-ED44-A617-B9FEFC7A972B.root
%MSG-w XrdAdaptor:  file_open 11-Jan-2024 04:15:09 CET PostProcessEvent
Data is served from T2_US_MIT instead of original site US-Regional-FNAL
%MSG
11-Jan-2024 04:15:09 CET  Successfully opened file root://cmsxrootd.fnal.gov//store/mc/RunIISummer20UL16MiniAODv2/QCD_HT100to200_TuneCP5_PSWeights_13TeV-madgraph-pythia8/MINIAODSIM/106X_mcRun2_asymptotic_v17-v1/270000/A4F9D969-B7D9-ED44-A617-B9FEFC7A972B.root
Begin processing the 2700001st record. Run 1, Event 52971855, LumiSection 79538 on stream 0 at 11-Jan-2024 04:15:42.212 CET
11-Jan-2024 04:15:43 CET  Closed file root://cmsxrootd.fnal.gov//store/mc/RunIISummer20UL16MiniAODv2/QCD_HT100to200_TuneCP5_PSWeights_13TeV-madgraph-pythia8/MINIAODSIM/106X_mcRun2_asymptotic_v17-v1/270000/A4F9D969-B7D9-ED44-A617-B9FEFC7A972B.root
11-Jan-2024 04:15:43 CET  Initiating request to open file root://cmsxrootd.fnal.gov//store/mc/RunIISummer20UL16MiniAODv2/QCD_HT100to200_TuneCP5_PSWeights_13TeV-madgraph-pythia8/MINIAODSIM/106X_mcRun2_asymptotic_v17-v1/270000/51A1652F-4C1F-0249-A7B7-442EDE661BC5.root
%MSG-w XrdAdaptor:  file_open 11-Jan-2024 04:15:45 CET PostProcessEvent
Data is served from T2_US_MIT instead of original site US-Regional-FNAL
%MSG
11-Jan-2024 04:15:46 CET  Successfully opened file root://cmsxrootd.fnal.gov//store/mc/RunIISummer20UL16MiniAODv2/QCD_HT100to200_TuneCP5_PSWeights_13TeV-madgraph-pythia8/MINIAODSIM/106X_mcRun2_asymptotic_v17-v1/270000/51A1652F-4C1F-0249-A7B7-442EDE661BC5.root
Begin processing the 2800001st record. Run 1, Event 37902404, LumiSection 56911 on stream 0 at 11-Jan-2024 04:15:55.538 CET
11-Jan-2024 04:15:56 CET  Closed file root://cmsxrootd.fnal.gov//store/mc/RunIISummer20UL16MiniAODv2/QCD_HT100to200_TuneCP5_PSWeights_13TeV-madgraph-pythia8/MINIAODSIM/106X_mcRun2_asymptotic_v17-v1/270000/51A1652F-4C1F-0249-A7B7-442EDE661BC5.root
11-Jan-2024 04:15:56 CET  Initiating request to open file root://cmsxrootd.fnal.gov//store/mc/RunIISummer20UL16MiniAODv2/QCD_HT100to200_TuneCP5_PSWeights_13TeV-madgraph-pythia8/MINIAODSIM/106X_mcRun2_asymptotic_v17-v1/270000/A6BBA816-0205-1B44-BC76-83A05C6B085A.root
%MSG-w XrdAdaptor:  file_open 11-Jan-2024 04:15:58 CET PostProcessEvent
Data is served from T2_US_MIT instead of original site US-Regional-FNAL
%MSG
11-Jan-2024 04:15:59 CET  Successfully opened file root://cmsxrootd.fnal.gov//store/mc/RunIISummer20UL16MiniAODv2/QCD_HT100to200_TuneCP5_PSWeights_13TeV-madgraph-pythia8/MINIAODSIM/106X_mcRun2_asymptotic_v17-v1/270000/A6BBA816-0205-1B44-BC76-83A05C6B085A.root
Begin processing the 2900001st record. Run 1, Event 45471448, LumiSection 68276 on stream 0 at 11-Jan-2024 04:16:08.483 CET
11-Jan-2024 04:16:09 CET  Closed file root://cmsxrootd.fnal.gov//store/mc/RunIISummer20UL16MiniAODv2/QCD_HT100to200_TuneCP5_PSWeights_13TeV-madgraph-pythia8/MINIAODSIM/106X_mcRun2_asymptotic_v17-v1/270000/A6BBA816-0205-1B44-BC76-83A05C6B085A.root
11-Jan-2024 04:16:09 CET  Initiating request to open file root://cmsxrootd.fnal.gov//store/mc/RunIISummer20UL16MiniAODv2/QCD_HT100to200_TuneCP5_PSWeights_13TeV-madgraph-pythia8/MINIAODSIM/106X_mcRun2_asymptotic_v17-v1/270000/513C312E-9826-6B48-8072-0889C8D022C8.root
%MSG-w XrdAdaptor:  file_open 11-Jan-2024 04:16:11 CET PostProcessEvent
Data is served from T2_US_MIT instead of original site US-Regional-FNAL
%MSG
11-Jan-2024 04:16:12 CET  Successfully opened file root://cmsxrootd.fnal.gov//store/mc/RunIISummer20UL16MiniAODv2/QCD_HT100to200_TuneCP5_PSWeights_13TeV-madgraph-pythia8/MINIAODSIM/106X_mcRun2_asymptotic_v17-v1/270000/513C312E-9826-6B48-8072-0889C8D022C8.root
Begin processing the 3000001st record. Run 1, Event 54739823, LumiSection 82192 on stream 0 at 11-Jan-2024 04:16:22.106 CET
11-Jan-2024 04:16:22 CET  Closed file root://cmsxrootd.fnal.gov//store/mc/RunIISummer20UL16MiniAODv2/QCD_HT100to200_TuneCP5_PSWeights_13TeV-madgraph-pythia8/MINIAODSIM/106X_mcRun2_asymptotic_v17-v1/270000/513C312E-9826-6B48-8072-0889C8D022C8.root
11-Jan-2024 04:16:22 CET  Initiating request to open file root://cmsxrootd.fnal.gov//store/mc/RunIISummer20UL16MiniAODv2/QCD_HT100to200_TuneCP5_PSWeights_13TeV-madgraph-pythia8/MINIAODSIM/106X_mcRun2_asymptotic_v17-v1/270000/09D3ECD5-BB1F-AF4A-A5E4-962F3EAEEE2B.root
%MSG-w XrdAdaptor:  file_open 11-Jan-2024 04:16:25 CET PostProcessEvent
Data is served from T2_US_MIT instead of original site US-Regional-FNAL
%MSG
11-Jan-2024 04:16:25 CET  Successfully opened file root://cmsxrootd.fnal.gov//store/mc/RunIISummer20UL16MiniAODv2/QCD_HT100to200_TuneCP5_PSWeights_13TeV-madgraph-pythia8/MINIAODSIM/106X_mcRun2_asymptotic_v17-v1/270000/09D3ECD5-BB1F-AF4A-A5E4-962F3EAEEE2B.root
Begin processing the 3100001st record. Run 1, Event 109154414, LumiSection 163896 on stream 0 at 11-Jan-2024 04:16:36.201 CET
11-Jan-2024 04:16:36 CET  Closed file root://cmsxrootd.fnal.gov//store/mc/RunIISummer20UL16MiniAODv2/QCD_HT100to200_TuneCP5_PSWeights_13TeV-madgraph-pythia8/MINIAODSIM/106X_mcRun2_asymptotic_v17-v1/270000/09D3ECD5-BB1F-AF4A-A5E4-962F3EAEEE2B.root
11-Jan-2024 04:16:36 CET  Initiating request to open file root://cmsxrootd.fnal.gov//store/mc/RunIISummer20UL16MiniAODv2/QCD_HT100to200_TuneCP5_PSWeights_13TeV-madgraph-pythia8/MINIAODSIM/106X_mcRun2_asymptotic_v17-v1/270000/F624E33C-9246-B045-BF72-582CC647B266.root
%MSG-w XrdAdaptor:  file_open 11-Jan-2024 04:16:39 CET PostProcessEvent
Data is served from T2_US_MIT instead of original site US-Regional-FNAL
%MSG
11-Jan-2024 04:16:40 CET  Successfully opened file root://cmsxrootd.fnal.gov//store/mc/RunIISummer20UL16MiniAODv2/QCD_HT100to200_TuneCP5_PSWeights_13TeV-madgraph-pythia8/MINIAODSIM/106X_mcRun2_asymptotic_v17-v1/270000/F624E33C-9246-B045-BF72-582CC647B266.root
Begin processing the 3200001st record. Run 1, Event 16098867, LumiSection 24173 on stream 0 at 11-Jan-2024 04:16:49.866 CET
11-Jan-2024 04:16:50 CET  Closed file root://cmsxrootd.fnal.gov//store/mc/RunIISummer20UL16MiniAODv2/QCD_HT100to200_TuneCP5_PSWeights_13TeV-madgraph-pythia8/MINIAODSIM/106X_mcRun2_asymptotic_v17-v1/270000/F624E33C-9246-B045-BF72-582CC647B266.root
11-Jan-2024 04:16:50 CET  Initiating request to open file root://cmsxrootd.fnal.gov//store/mc/RunIISummer20UL16MiniAODv2/QCD_HT100to200_TuneCP5_PSWeights_13TeV-madgraph-pythia8/MINIAODSIM/106X_mcRun2_asymptotic_v17-v1/270000/EB5A2FD1-B9CA-A143-BFB9-F99BE2B5B57D.root
%MSG-w XrdAdaptor:  file_open 11-Jan-2024 04:16:53 CET PostProcessEvent
Data is served from T2_US_MIT instead of original site US-Regional-FNAL
%MSG
11-Jan-2024 04:16:53 CET  Successfully opened file root://cmsxrootd.fnal.gov//store/mc/RunIISummer20UL16MiniAODv2/QCD_HT100to200_TuneCP5_PSWeights_13TeV-madgraph-pythia8/MINIAODSIM/106X_mcRun2_asymptotic_v17-v1/270000/EB5A2FD1-B9CA-A143-BFB9-F99BE2B5B57D.root
11-Jan-2024 04:17:02 CET  Closed file root://cmsxrootd.fnal.gov//store/mc/RunIISummer20UL16MiniAODv2/QCD_HT100to200_TuneCP5_PSWeights_13TeV-madgraph-pythia8/MINIAODSIM/106X_mcRun2_asymptotic_v17-v1/270000/EB5A2FD1-B9CA-A143-BFB9-F99BE2B5B57D.root
11-Jan-2024 04:17:02 CET  Initiating request to open file root://cmsxrootd.fnal.gov//store/mc/RunIISummer20UL16MiniAODv2/QCD_HT100to200_TuneCP5_PSWeights_13TeV-madgraph-pythia8/MINIAODSIM/106X_mcRun2_asymptotic_v17-v1/270000/460A3FCA-4CE6-9747-84CE-CDFECF77D1F8.root
%MSG-w XrdAdaptor:  file_open 11-Jan-2024 04:17:05 CET PostProcessEvent
Data is served from T2_US_MIT instead of original site US-Regional-FNAL
%MSG
11-Jan-2024 04:17:05 CET  Successfully opened file root://cmsxrootd.fnal.gov//store/mc/RunIISummer20UL16MiniAODv2/QCD_HT100to200_TuneCP5_PSWeights_13TeV-madgraph-pythia8/MINIAODSIM/106X_mcRun2_asymptotic_v17-v1/270000/460A3FCA-4CE6-9747-84CE-CDFECF77D1F8.root
Begin processing the 3300001st record. Run 1, Event 12554619, LumiSection 18851 on stream 0 at 11-Jan-2024 04:17:13.105 CET
11-Jan-2024 04:17:16 CET  Closed file root://cmsxrootd.fnal.gov//store/mc/RunIISummer20UL16MiniAODv2/QCD_HT100to200_TuneCP5_PSWeights_13TeV-madgraph-pythia8/MINIAODSIM/106X_mcRun2_asymptotic_v17-v1/270000/460A3FCA-4CE6-9747-84CE-CDFECF77D1F8.root
11-Jan-2024 04:17:16 CET  Initiating request to open file root://cmsxrootd.fnal.gov//store/mc/RunIISummer20UL16MiniAODv2/QCD_HT100to200_TuneCP5_PSWeights_13TeV-madgraph-pythia8/MINIAODSIM/106X_mcRun2_asymptotic_v17-v1/270000/36EEE2FB-EC6D-0946-8366-7BF85CDB7952.root
%MSG-w XrdAdaptor:  file_open 11-Jan-2024 04:17:19 CET PostProcessEvent
Data is served from T2_US_MIT instead of original site US-Regional-FNAL
%MSG
11-Jan-2024 04:17:19 CET  Successfully opened file root://cmsxrootd.fnal.gov//store/mc/RunIISummer20UL16MiniAODv2/QCD_HT100to200_TuneCP5_PSWeights_13TeV-madgraph-pythia8/MINIAODSIM/106X_mcRun2_asymptotic_v17-v1/270000/36EEE2FB-EC6D-0946-8366-7BF85CDB7952.root
Begin processing the 3400001st record. Run 1, Event 19753458, LumiSection 29660 on stream 0 at 11-Jan-2024 04:17:29.505 CET
11-Jan-2024 04:17:34 CET  Closed file root://cmsxrootd.fnal.gov//store/mc/RunIISummer20UL16MiniAODv2/QCD_HT100to200_TuneCP5_PSWeights_13TeV-madgraph-pythia8/MINIAODSIM/106X_mcRun2_asymptotic_v17-v1/270000/36EEE2FB-EC6D-0946-8366-7BF85CDB7952.root
11-Jan-2024 04:17:34 CET  Initiating request to open file root://cmsxrootd.fnal.gov//store/mc/RunIISummer20UL16MiniAODv2/QCD_HT100to200_TuneCP5_PSWeights_13TeV-madgraph-pythia8/MINIAODSIM/106X_mcRun2_asymptotic_v17-v1/270000/60D6B424-04FA-D040-9315-028521DE4DE2.root
%MSG-w XrdAdaptor:  file_open 11-Jan-2024 04:17:36 CET PostProcessEvent
Data is served from T2_US_MIT instead of original site US-Regional-FNAL
%MSG
11-Jan-2024 04:17:37 CET  Successfully opened file root://cmsxrootd.fnal.gov//store/mc/RunIISummer20UL16MiniAODv2/QCD_HT100to200_TuneCP5_PSWeights_13TeV-madgraph-pythia8/MINIAODSIM/106X_mcRun2_asymptotic_v17-v1/270000/60D6B424-04FA-D040-9315-028521DE4DE2.root
Begin processing the 3500001st record. Run 1, Event 39106086, LumiSection 58718 on stream 0 at 11-Jan-2024 04:17:45.184 CET
11-Jan-2024 04:17:48 CET  Closed file root://cmsxrootd.fnal.gov//store/mc/RunIISummer20UL16MiniAODv2/QCD_HT100to200_TuneCP5_PSWeights_13TeV-madgraph-pythia8/MINIAODSIM/106X_mcRun2_asymptotic_v17-v1/270000/60D6B424-04FA-D040-9315-028521DE4DE2.root
11-Jan-2024 04:17:48 CET  Initiating request to open file root://cmsxrootd.fnal.gov//store/mc/RunIISummer20UL16MiniAODv2/QCD_HT100to200_TuneCP5_PSWeights_13TeV-madgraph-pythia8/MINIAODSIM/106X_mcRun2_asymptotic_v17-v1/270000/B9F3C3BA-4018-7442-A90E-6F50D866165A.root
%MSG-w XrdAdaptor:  file_open 11-Jan-2024 04:18:11 CET PostProcessEvent
Data is served from T2_US_MIT instead of original site US-Regional-FNAL
%MSG
[2024-01-11 04:18:30.886982 +0100][Error  ][File              ] [0x555fae00@root://cmsxrootd.fnal.gov:1094//store/mc/RunIISummer20UL16MiniAODv2/QCD_HT100to200_TuneCP5_PSWeights_13TeV-madgraph-pythia8/MINIAODSIM/106X_mcRun2_asymptotic_v17-v1/270000/B9F3C3BA-4018-7442-A90E-6F50D866165A.root] Fatal file state error. Message kXR_read (handle: 0x00000000, offset: 0, size: 300) returned with [ERROR] Server responded with an error: [3005] Unable to read /store/mc/RunIISummer20UL16MiniAODv2/QCD_HT100to200_TuneCP5_PSWeights_13TeV-madgraph-pythia8/MINIAODSIM/106X_mcRun2_asymptotic_v17-v1/270000/B9F3C3BA-4018-7442-A90E-6F50D866165A.root; unknown error 255
%MSG-w XrdAdaptorInternal:  (NoModuleName) 11-Jan-2024 04:18:30 CET pre-events
XrdRequestManager::handle(name='root://cmsxrootd.fnal.gov//store/mc/RunIISummer20UL16MiniAODv2/QCD_HT100to200_TuneCP5_PSWeights_13TeV-madgraph-pythia8/MINIAODSIM/106X_mcRun2_asymptotic_v17-v1/270000/B9F3C3BA-4018-7442-A90E-6F50D866165A.root) failure when reading from xrootd16.cmsaf.mit.edu:1094 (site T2_US_MIT); failed with error '[ERROR] Server responded with an error: [3005] Unable to read /store/mc/RunIISummer20UL16MiniAODv2/QCD_HT100to200_TuneCP5_PSWeights_13TeV-madgraph-pythia8/MINIAODSIM/106X_mcRun2_asymptotic_v17-v1/270000/B9F3C3BA-4018-7442-A90E-6F50D866165A.root; unknown error 255
' (errno=3005, code=400).
%MSG
%MSG-w XrdAdaptorInternal:  (NoModuleName) 11-Jan-2024 04:18:30 CET pre-events
Request failure when reading from xrootd16.cmsaf.mit.edu:1094 (site T2_US_MIT)
%MSG
%MSG-w XrdAdaptor:  (NoModuleName) 11-Jan-2024 04:18:30 CET pre-events
Data is now served from  instead of previous T2_US_MIT
%MSG
[2024-01-11 04:19:04.665653 +0100][Error  ][File              ] [0x555fb100@root://cmsxrootd.fnal.gov:1094//store/mc/RunIISummer20UL16MiniAODv2/QCD_HT100to200_TuneCP5_PSWeights_13TeV-madgraph-pythia8/MINIAODSIM/106X_mcRun2_asymptotic_v17-v1/270000/B9F3C3BA-4018-7442-A90E-6F50D866165A.root?tried=xrootd16.cmsaf.mit.edu] Fatal file state error. Message kXR_read (handle: 0x00000000, offset: 0, size: 300) returned with [ERROR] Server responded with an error: [3005] Unable to read /store/mc/RunIISummer20UL16MiniAODv2/QCD_HT100to200_TuneCP5_PSWeights_13TeV-madgraph-pythia8/MINIAODSIM/106X_mcRun2_asymptotic_v17-v1/270000/B9F3C3BA-4018-7442-A90E-6F50D866165A.root; unknown error 255
%MSG-w XrdAdaptorInternal:  (NoModuleName) 11-Jan-2024 04:19:04 CET pre-events
XrdRequestManager::handle(name='root://cmsxrootd.fnal.gov//store/mc/RunIISummer20UL16MiniAODv2/QCD_HT100to200_TuneCP5_PSWeights_13TeV-madgraph-pythia8/MINIAODSIM/106X_mcRun2_asymptotic_v17-v1/270000/B9F3C3BA-4018-7442-A90E-6F50D866165A.root) failure when reading from xrootd13.cmsaf.mit.edu:1094 (site T2_US_MIT); failed with error '[ERROR] Server responded with an error: [3005] Unable to read /store/mc/RunIISummer20UL16MiniAODv2/QCD_HT100to200_TuneCP5_PSWeights_13TeV-madgraph-pythia8/MINIAODSIM/106X_mcRun2_asymptotic_v17-v1/270000/B9F3C3BA-4018-7442-A90E-6F50D866165A.root; unknown error 255
' (errno=3005, code=400).
%MSG
%MSG-w XrdAdaptorInternal:  (NoModuleName) 11-Jan-2024 04:19:04 CET pre-events
Request failure when reading from xrootd13.cmsaf.mit.edu:1094 (site T2_US_MIT)
%MSG
[2024-01-11 04:19:17.593347 +0100][Error  ][File              ] [0x555fb100@root://cmsxrootd.fnal.gov:1094//store/mc/RunIISummer20UL16MiniAODv2/QCD_HT100to200_TuneCP5_PSWeights_13TeV-madgraph-pythia8/MINIAODSIM/106X_mcRun2_asymptotic_v17-v1/270000/B9F3C3BA-4018-7442-A90E-6F50D866165A.root?tried=xrootd16.cmsaf.mit.edu] Fatal file state error. Message kXR_read (handle: 0x00000000, offset: 0, size: 300) returned with [ERROR] Server responded with an error: [3005] Unable to read /store/mc/RunIISummer20UL16MiniAODv2/QCD_HT100to200_TuneCP5_PSWeights_13TeV-madgraph-pythia8/MINIAODSIM/106X_mcRun2_asymptotic_v17-v1/270000/B9F3C3BA-4018-7442-A90E-6F50D866165A.root; unknown error 255
%MSG-w XrdAdaptorInternal:  (NoModuleName) 11-Jan-2024 04:19:17 CET pre-events
XrdRequestManager::handle(name='root://cmsxrootd.fnal.gov//store/mc/RunIISummer20UL16MiniAODv2/QCD_HT100to200_TuneCP5_PSWeights_13TeV-madgraph-pythia8/MINIAODSIM/106X_mcRun2_asymptotic_v17-v1/270000/B9F3C3BA-4018-7442-A90E-6F50D866165A.root) failure when reading from xrootd13.cmsaf.mit.edu:1094 (site T2_US_MIT); failed with error '[ERROR] Server responded with an error: [3005] Unable to read /store/mc/RunIISummer20UL16MiniAODv2/QCD_HT100to200_TuneCP5_PSWeights_13TeV-madgraph-pythia8/MINIAODSIM/106X_mcRun2_asymptotic_v17-v1/270000/B9F3C3BA-4018-7442-A90E-6F50D866165A.root; unknown error 255
' (errno=3005, code=400).
%MSG
%MSG-w XrdAdaptorInternal:  (NoModuleName) 11-Jan-2024 04:19:17 CET pre-events
Request failure when reading from xrootd13.cmsaf.mit.edu:1094 (site T2_US_MIT)
%MSG
%MSG-w XrdAdaptor:  (NoModuleName) 11-Jan-2024 04:19:17 CET pre-events
Data is now served from  instead of previous T2_US_MIT
%MSG
%MSG-w XrdAdaptorInternal:  (NoModuleName) 11-Jan-2024 04:22:16 CET pre-events
Caught a CMSSW exception when running connection recovery.
%MSG
----- Begin Fatal Exception 11-Jan-2024 04:22:16 CET-----------------------
An exception of category 'FileOpenError' occurred while
   [0] Calling InputSource::readFile_
   [1] Calling RootFileSequenceBase::initTheFile()
   [2] XrdAdaptor::ClientRequest::HandleResponse() failure while running connection recovery
   [3] Handling XrdAdaptor::RequestManager::requestFailure()
   [4] In XrdAdaptor::RequestManager::OpenHandler::HandleResponseWithHosts()
Exception Message:
XrdCl::File::Open(name='root://cmsxrootd.fnal.gov//store/mc/RunIISummer20UL16MiniAODv2/QCD_HT100to200_TuneCP5_PSWeights_13TeV-madgraph-pythia8/MINIAODSIM/106X_mcRun2_asymptotic_v17-v1/270000/B9F3C3BA-4018-7442-A90E-6F50D866165A.root', flags=0x10, permissions=0660) => error '[ERROR] Operation expired' (errno=0, code=206)
   Additional Info:
      [a] Input file root://cmsxrootd.fnal.gov//store/mc/RunIISummer20UL16MiniAODv2/QCD_HT100to200_TuneCP5_PSWeights_13TeV-madgraph-pythia8/MINIAODSIM/106X_mcRun2_asymptotic_v17-v1/270000/B9F3C3BA-4018-7442-A90E-6F50D866165A.root could not be opened.
      [b] Original error: '[ERROR] Server responded with an error: [3005] Unable to read /store/mc/RunIISummer20UL16MiniAODv2/QCD_HT100to200_TuneCP5_PSWeights_13TeV-madgraph-pythia8/MINIAODSIM/106X_mcRun2_asymptotic_v17-v1/270000/B9F3C3BA-4018-7442-A90E-6F50D866165A.root; unknown error 255
' (errno=3005, code=400, source=xrootd13.cmsaf.mit.edu:1094 (site T2_US_MIT)).
      [c] Original failed source is xrootd13.cmsaf.mit.edu:1094 (site T2_US_MIT)
      [d] Disabled source: xrootd16.cmsaf.mit.edu:1094
      [e] Disabled source: xrootd13.cmsaf.mit.edu:1094
----- End Fatal Exception -------------------------------------------------
56589090.000000 289422.200000  14720.180000             1
17567390.000000 133991.100000  14720.180000             0
72898100.000000 285993.400000  14720.180000             2
 

------------------------------------
GenXsecAnalyzer:
------------------------------------
-------------------------------------------------------------------------------------------------------------------------------------------------------------------------- 
Overall cross-section summary 
--------------------------------------------------------------------------------------------------------------------------------------------------------------------------
Process		xsec_before [pb]		passed	nposw	nnegw	tried	nposw	nnegw 	xsec_match [pb]			accepted [%]	 event_eff [%]
0		1.740e+07 +/- 2.133e+03		572593	572593	0	2650821	2650821	0	3.758e+06 +/- 4.421e+03		21.6 +/- 0.0	21.6 +/- 0.0
1		5.629e+07 +/- 4.844e+03		1289213	1289213	0	8536290	8536290	0	8.501e+06 +/- 6.937e+03		15.1 +/- 0.0	15.1 +/- 0.0
2		7.279e+07 +/- 4.449e+03		1712597	1712597	0	10962717	10962717	0	1.137e+07 +/- 8.012e+03		15.6 +/- 0.0	15.6 +/- 0.0
-------------------------------------------------------------------------------------------------------------------------------------------------------------------------- 
Total		1.465e+08 +/- 6.914e+03		3574403	3574403	0	22149828	22149828	0	2.364e+07 +/- 1.150e+04		16.1 +/- 0.0	16.1 +/- 0.0
--------------------------------------------------------------------------------------------------------------------------------------------------------------------------
Before matching: total cross section = 1.465e+08 +- 6.914e+03 pb
After matching: total cross section = 2.364e+07 +- 1.150e+04 pb
Matching efficiency = 0.2 +/- 0.0   [TO BE USED IN MCM]
Filter efficiency (taking into account weights)= (3.5744e+06) / (3.5744e+06) = 1.000e+00 +- 0.000e+00
Filter efficiency (event-level)= (3.5744e+06) / (3.5744e+06) = 1.000e+00 +- 0.000e+00    [TO BE USED IN MCM]

After filter: final cross section = 2.364e+07 +- 1.150e+04 pb
After filter: final fraction of events with negative weights = 0.000e+00 +- 0.000e+00
After filter: final equivalent lumi for 1M events (1/fb) = 4.231e-05 +- 4.705e-08

=============================================

MessageLogger Summary

 type     category        sev    module        subroutine        count    total
 ---- -------------------- -- ---------------- ----------------  -----    -----
    1 GenXSecAnalyzer      -w GenXSecAnalyzer:                      17       17
    2 XrdAdaptor           -w (NoModuleName)                         2        2
    3 XrdAdaptor           -w file_open                             41       41
    4 XrdAdaptorInternal   -w (NoModuleName)                         7        7
    5 Fatal Exception      -s AfterFile                              1        1
    6 fileAction           -s file_close                            40       40
    7 fileAction           -s file_open                             81       81

 type    category    Examples: run/evt        run/evt          run/evt
 ---- -------------------- ---------------- ---------------- ----------------
    1 GenXSecAnalyzer      PostGlobalEndRun PostGlobalEndRun PostGlobalEndRun
    2 XrdAdaptor           pre-events       pre-events       
    3 XrdAdaptor           pre-events       PostProcessEvent PostProcessEvent
    4 XrdAdaptorInternal   pre-events       pre-events       pre-events
    5 Fatal Exception      PostProcessEvent                  
    6 fileAction           PostProcessEvent PostProcessEvent PostProcessEvent
    7 fileAction           pre-events       pre-events       PostProcessEvent

Severity    # Occurrences   Total Occurrences
--------    -------------   -----------------
Warning                67                  67
System                122                 122

dropped waiting message count 0
