12-Jan-2024 16:07:37 CET  Initiating request to open file root://cmsxrootd.fnal.gov//store/mc/RunIISummer20UL16MiniAODv2/QCD_Pt_2400to3200_TuneCP5_13TeV_pythia8/MINIAODSIM/106X_mcRun2_asymptotic_v17-v1/280000/436BD25C-970D-934D-B84E-2383D5BB2F54.root
%MSG-w XrdAdaptor:  file_open 12-Jan-2024 16:07:44 CET pre-events
Data is served from cms.rcac.purdue.edu instead of original site US-Regional-FNAL
%MSG
12-Jan-2024 16:07:48 CET  Successfully opened file root://cmsxrootd.fnal.gov//store/mc/RunIISummer20UL16MiniAODv2/QCD_Pt_2400to3200_TuneCP5_13TeV_pythia8/MINIAODSIM/106X_mcRun2_asymptotic_v17-v1/280000/436BD25C-970D-934D-B84E-2383D5BB2F54.root
Begin processing the 1st record. Run 1, Event 388017, LumiSection 389 on stream 0 at 12-Jan-2024 16:07:53.655 CET
12-Jan-2024 16:07:54 CET  Closed file root://cmsxrootd.fnal.gov//store/mc/RunIISummer20UL16MiniAODv2/QCD_Pt_2400to3200_TuneCP5_13TeV_pythia8/MINIAODSIM/106X_mcRun2_asymptotic_v17-v1/280000/436BD25C-970D-934D-B84E-2383D5BB2F54.root
12-Jan-2024 16:07:54 CET  Initiating request to open file root://cmsxrootd.fnal.gov//store/mc/RunIISummer20UL16MiniAODv2/QCD_Pt_2400to3200_TuneCP5_13TeV_pythia8/MINIAODSIM/106X_mcRun2_asymptotic_v17-v1/280000/02C4D874-D249-7749-95BB-423AA79233F6.root
%MSG-w XrdAdaptor:  file_open 12-Jan-2024 16:07:57 CET PostProcessEvent
Data is served from cms.rcac.purdue.edu instead of original site US-Regional-FNAL
%MSG
12-Jan-2024 16:07:57 CET  Successfully opened file root://cmsxrootd.fnal.gov//store/mc/RunIISummer20UL16MiniAODv2/QCD_Pt_2400to3200_TuneCP5_13TeV_pythia8/MINIAODSIM/106X_mcRun2_asymptotic_v17-v1/280000/02C4D874-D249-7749-95BB-423AA79233F6.root
12-Jan-2024 16:08:04 CET  Closed file root://cmsxrootd.fnal.gov//store/mc/RunIISummer20UL16MiniAODv2/QCD_Pt_2400to3200_TuneCP5_13TeV_pythia8/MINIAODSIM/106X_mcRun2_asymptotic_v17-v1/280000/02C4D874-D249-7749-95BB-423AA79233F6.root
12-Jan-2024 16:08:04 CET  Initiating request to open file root://cmsxrootd.fnal.gov//store/mc/RunIISummer20UL16MiniAODv2/QCD_Pt_2400to3200_TuneCP5_13TeV_pythia8/MINIAODSIM/106X_mcRun2_asymptotic_v17-v1/280000/E907D4FA-42E7-674C-B75E-2BDA046BBDEB.root
%MSG-w XrdAdaptor:  file_open 12-Jan-2024 16:08:07 CET PostProcessEvent
Data is served from cms.rcac.purdue.edu instead of original site US-Regional-FNAL
%MSG
12-Jan-2024 16:08:08 CET  Successfully opened file root://cmsxrootd.fnal.gov//store/mc/RunIISummer20UL16MiniAODv2/QCD_Pt_2400to3200_TuneCP5_13TeV_pythia8/MINIAODSIM/106X_mcRun2_asymptotic_v17-v1/280000/E907D4FA-42E7-674C-B75E-2BDA046BBDEB.root
Begin processing the 100001st record. Run 1, Event 96005, LumiSection 97 on stream 0 at 12-Jan-2024 16:08:15.028 CET
12-Jan-2024 16:08:15 CET  Closed file root://cmsxrootd.fnal.gov//store/mc/RunIISummer20UL16MiniAODv2/QCD_Pt_2400to3200_TuneCP5_13TeV_pythia8/MINIAODSIM/106X_mcRun2_asymptotic_v17-v1/280000/E907D4FA-42E7-674C-B75E-2BDA046BBDEB.root
12-Jan-2024 16:08:15 CET  Initiating request to open file root://cmsxrootd.fnal.gov//store/mc/RunIISummer20UL16MiniAODv2/QCD_Pt_2400to3200_TuneCP5_13TeV_pythia8/MINIAODSIM/106X_mcRun2_asymptotic_v17-v1/70000/2E027984-2367-0B48-A7C4-91FC3CCFD999.root
%MSG-w XrdAdaptor:  file_open 12-Jan-2024 16:08:24 CET PostProcessEvent
Data is served from T2_US_MIT instead of original site US-Regional-FNAL
%MSG
12-Jan-2024 16:08:24 CET  Successfully opened file root://cmsxrootd.fnal.gov//store/mc/RunIISummer20UL16MiniAODv2/QCD_Pt_2400to3200_TuneCP5_13TeV_pythia8/MINIAODSIM/106X_mcRun2_asymptotic_v17-v1/70000/2E027984-2367-0B48-A7C4-91FC3CCFD999.root
12-Jan-2024 16:08:44 CET  Closed file root://cmsxrootd.fnal.gov//store/mc/RunIISummer20UL16MiniAODv2/QCD_Pt_2400to3200_TuneCP5_13TeV_pythia8/MINIAODSIM/106X_mcRun2_asymptotic_v17-v1/70000/2E027984-2367-0B48-A7C4-91FC3CCFD999.root
12-Jan-2024 16:08:44 CET  Initiating request to open file root://cmsxrootd.fnal.gov//store/mc/RunIISummer20UL16MiniAODv2/QCD_Pt_2400to3200_TuneCP5_13TeV_pythia8/MINIAODSIM/106X_mcRun2_asymptotic_v17-v1/70000/1DAE238F-4993-E248-A099-B836B029ED54.root
%MSG-w XrdAdaptor:  file_open 12-Jan-2024 16:08:48 CET PostProcessEvent
Data is served from T2_US_MIT instead of original site US-Regional-FNAL
%MSG
12-Jan-2024 16:08:48 CET  Successfully opened file root://cmsxrootd.fnal.gov//store/mc/RunIISummer20UL16MiniAODv2/QCD_Pt_2400to3200_TuneCP5_13TeV_pythia8/MINIAODSIM/106X_mcRun2_asymptotic_v17-v1/70000/1DAE238F-4993-E248-A099-B836B029ED54.root
12-Jan-2024 16:09:22 CET  Closed file root://cmsxrootd.fnal.gov//store/mc/RunIISummer20UL16MiniAODv2/QCD_Pt_2400to3200_TuneCP5_13TeV_pythia8/MINIAODSIM/106X_mcRun2_asymptotic_v17-v1/70000/1DAE238F-4993-E248-A099-B836B029ED54.root
12-Jan-2024 16:09:22 CET  Initiating request to open file root://cmsxrootd.fnal.gov//store/mc/RunIISummer20UL16MiniAODv2/QCD_Pt_2400to3200_TuneCP5_13TeV_pythia8/MINIAODSIM/106X_mcRun2_asymptotic_v17-v1/70000/B0469EB4-CE88-2143-8F91-6C91C2285ADB.root
%MSG-w XrdAdaptor:  file_open 12-Jan-2024 16:09:26 CET PostProcessEvent
Data is served from T2_US_MIT instead of original site US-Regional-FNAL
%MSG
12-Jan-2024 16:09:27 CET  Successfully opened file root://cmsxrootd.fnal.gov//store/mc/RunIISummer20UL16MiniAODv2/QCD_Pt_2400to3200_TuneCP5_13TeV_pythia8/MINIAODSIM/106X_mcRun2_asymptotic_v17-v1/70000/B0469EB4-CE88-2143-8F91-6C91C2285ADB.root
Begin processing the 200001st record. Run 1, Event 2212003, LumiSection 2213 on stream 0 at 12-Jan-2024 16:09:39.914 CET
12-Jan-2024 16:09:41 CET  Closed file root://cmsxrootd.fnal.gov//store/mc/RunIISummer20UL16MiniAODv2/QCD_Pt_2400to3200_TuneCP5_13TeV_pythia8/MINIAODSIM/106X_mcRun2_asymptotic_v17-v1/70000/B0469EB4-CE88-2143-8F91-6C91C2285ADB.root
12-Jan-2024 16:09:41 CET  Initiating request to open file root://cmsxrootd.fnal.gov//store/mc/RunIISummer20UL16MiniAODv2/QCD_Pt_2400to3200_TuneCP5_13TeV_pythia8/MINIAODSIM/106X_mcRun2_asymptotic_v17-v1/70000/99C5ACF5-AB7A-4948-B46A-46A9D86287D2.root
%MSG-w XrdAdaptor:  file_open 12-Jan-2024 16:09:43 CET PostProcessEvent
Data is served from T2_US_MIT instead of original site US-Regional-FNAL
%MSG
12-Jan-2024 16:09:44 CET  Successfully opened file root://cmsxrootd.fnal.gov//store/mc/RunIISummer20UL16MiniAODv2/QCD_Pt_2400to3200_TuneCP5_13TeV_pythia8/MINIAODSIM/106X_mcRun2_asymptotic_v17-v1/70000/99C5ACF5-AB7A-4948-B46A-46A9D86287D2.root
12-Jan-2024 16:10:00 CET  Closed file root://cmsxrootd.fnal.gov//store/mc/RunIISummer20UL16MiniAODv2/QCD_Pt_2400to3200_TuneCP5_13TeV_pythia8/MINIAODSIM/106X_mcRun2_asymptotic_v17-v1/70000/99C5ACF5-AB7A-4948-B46A-46A9D86287D2.root
12-Jan-2024 16:10:00 CET  Initiating request to open file root://cmsxrootd.fnal.gov//store/mc/RunIISummer20UL16MiniAODv2/QCD_Pt_2400to3200_TuneCP5_13TeV_pythia8/MINIAODSIM/106X_mcRun2_asymptotic_v17-v1/70000/F8E11F86-0290-1E43-A928-49E09EEE87E0.root
%MSG-w XrdAdaptor:  file_open 12-Jan-2024 16:10:04 CET PostProcessEvent
Data is served from T2_US_MIT instead of original site US-Regional-FNAL
%MSG
12-Jan-2024 16:10:05 CET  Successfully opened file root://cmsxrootd.fnal.gov//store/mc/RunIISummer20UL16MiniAODv2/QCD_Pt_2400to3200_TuneCP5_13TeV_pythia8/MINIAODSIM/106X_mcRun2_asymptotic_v17-v1/70000/F8E11F86-0290-1E43-A928-49E09EEE87E0.root
Begin processing the 300001st record. Run 1, Event 2920015, LumiSection 2921 on stream 0 at 12-Jan-2024 16:10:22.226 CET
12-Jan-2024 16:10:23 CET  Closed file root://cmsxrootd.fnal.gov//store/mc/RunIISummer20UL16MiniAODv2/QCD_Pt_2400to3200_TuneCP5_13TeV_pythia8/MINIAODSIM/106X_mcRun2_asymptotic_v17-v1/70000/F8E11F86-0290-1E43-A928-49E09EEE87E0.root
12-Jan-2024 16:10:23 CET  Initiating request to open file root://cmsxrootd.fnal.gov//store/mc/RunIISummer20UL16MiniAODv2/QCD_Pt_2400to3200_TuneCP5_13TeV_pythia8/MINIAODSIM/106X_mcRun2_asymptotic_v17-v1/70000/211E55D7-F5E9-A54E-8B7C-2C971FCCA59D.root
%MSG-w XrdAdaptor:  file_open 12-Jan-2024 16:10:25 CET PostProcessEvent
Data is served from T2_US_MIT instead of original site US-Regional-FNAL
%MSG
12-Jan-2024 16:10:26 CET  Successfully opened file root://cmsxrootd.fnal.gov//store/mc/RunIISummer20UL16MiniAODv2/QCD_Pt_2400to3200_TuneCP5_13TeV_pythia8/MINIAODSIM/106X_mcRun2_asymptotic_v17-v1/70000/211E55D7-F5E9-A54E-8B7C-2C971FCCA59D.root
12-Jan-2024 16:10:39 CET  Closed file root://cmsxrootd.fnal.gov//store/mc/RunIISummer20UL16MiniAODv2/QCD_Pt_2400to3200_TuneCP5_13TeV_pythia8/MINIAODSIM/106X_mcRun2_asymptotic_v17-v1/70000/211E55D7-F5E9-A54E-8B7C-2C971FCCA59D.root
12-Jan-2024 16:10:39 CET  Initiating request to open file root://cmsxrootd.fnal.gov//store/mc/RunIISummer20UL16MiniAODv2/QCD_Pt_2400to3200_TuneCP5_13TeV_pythia8/MINIAODSIM/106X_mcRun2_asymptotic_v17-v1/140000/FA70A044-B48A-D847-9889-DA43397B270F.root
%MSG-w XrdAdaptor:  file_open 12-Jan-2024 16:10:42 CET PostProcessEvent
Data is served from T2_US_MIT instead of original site US-Regional-FNAL
%MSG
12-Jan-2024 16:11:42 CET  Successfully opened file root://cmsxrootd.fnal.gov//store/mc/RunIISummer20UL16MiniAODv2/QCD_Pt_2400to3200_TuneCP5_13TeV_pythia8/MINIAODSIM/106X_mcRun2_asymptotic_v17-v1/140000/FA70A044-B48A-D847-9889-DA43397B270F.root
12-Jan-2024 16:13:16 CET  Closed file root://cmsxrootd.fnal.gov//store/mc/RunIISummer20UL16MiniAODv2/QCD_Pt_2400to3200_TuneCP5_13TeV_pythia8/MINIAODSIM/106X_mcRun2_asymptotic_v17-v1/140000/FA70A044-B48A-D847-9889-DA43397B270F.root
12-Jan-2024 16:13:16 CET  Initiating request to open file root://cmsxrootd.fnal.gov//store/mc/RunIISummer20UL16MiniAODv2/QCD_Pt_2400to3200_TuneCP5_13TeV_pythia8/MINIAODSIM/106X_mcRun2_asymptotic_v17-v1/270000/05BC39C0-F8DF-A643-803E-0DA187FF28C0.root
%MSG-w XrdAdaptor:  file_open 12-Jan-2024 16:13:19 CET PostProcessEvent
Data is served from cms.rcac.purdue.edu instead of original site US-Regional-FNAL
%MSG
12-Jan-2024 16:13:19 CET  Successfully opened file root://cmsxrootd.fnal.gov//store/mc/RunIISummer20UL16MiniAODv2/QCD_Pt_2400to3200_TuneCP5_13TeV_pythia8/MINIAODSIM/106X_mcRun2_asymptotic_v17-v1/270000/05BC39C0-F8DF-A643-803E-0DA187FF28C0.root
Begin processing the 400001st record. Run 1, Event 2458014, LumiSection 2459 on stream 0 at 12-Jan-2024 16:13:24.493 CET
12-Jan-2024 16:13:24 CET  Closed file root://cmsxrootd.fnal.gov//store/mc/RunIISummer20UL16MiniAODv2/QCD_Pt_2400to3200_TuneCP5_13TeV_pythia8/MINIAODSIM/106X_mcRun2_asymptotic_v17-v1/270000/05BC39C0-F8DF-A643-803E-0DA187FF28C0.root
12-Jan-2024 16:13:24 CET  Initiating request to open file root://cmsxrootd.fnal.gov//store/mc/RunIISummer20UL16MiniAODv2/QCD_Pt_2400to3200_TuneCP5_13TeV_pythia8/MINIAODSIM/106X_mcRun2_asymptotic_v17-v1/270000/16DA84DB-72EF-924C-9AEA-E7918D0A9DC5.root
Unable to load sec.protocol plugin libXrdSecztn.so
%MSG-w XrdAdaptor:  file_open 12-Jan-2024 16:13:28 CET PostProcessEvent
Data is served from fnal.gov instead of original site US-Regional-FNAL
%MSG
12-Jan-2024 16:13:29 CET  Successfully opened file root://cmsxrootd.fnal.gov//store/mc/RunIISummer20UL16MiniAODv2/QCD_Pt_2400to3200_TuneCP5_13TeV_pythia8/MINIAODSIM/106X_mcRun2_asymptotic_v17-v1/270000/16DA84DB-72EF-924C-9AEA-E7918D0A9DC5.root
12-Jan-2024 16:13:33 CET  Closed file root://cmsxrootd.fnal.gov//store/mc/RunIISummer20UL16MiniAODv2/QCD_Pt_2400to3200_TuneCP5_13TeV_pythia8/MINIAODSIM/106X_mcRun2_asymptotic_v17-v1/270000/16DA84DB-72EF-924C-9AEA-E7918D0A9DC5.root
12-Jan-2024 16:13:33 CET  Initiating request to open file root://cmsxrootd.fnal.gov//store/mc/RunIISummer20UL16MiniAODv2/QCD_Pt_2400to3200_TuneCP5_13TeV_pythia8/MINIAODSIM/106X_mcRun2_asymptotic_v17-v1/270000/C6E3D659-03CB-7044-BB51-CF0646E3C97B.root
%MSG-w XrdAdaptor:  file_open 12-Jan-2024 16:13:35 CET PostProcessEvent
Data is served from fnal.gov instead of original site US-Regional-FNAL
%MSG
12-Jan-2024 16:13:36 CET  Successfully opened file root://cmsxrootd.fnal.gov//store/mc/RunIISummer20UL16MiniAODv2/QCD_Pt_2400to3200_TuneCP5_13TeV_pythia8/MINIAODSIM/106X_mcRun2_asymptotic_v17-v1/270000/C6E3D659-03CB-7044-BB51-CF0646E3C97B.root
Unable to load sec.protocol plugin libXrdSecztn.so
12-Jan-2024 16:13:44 CET  Closed file root://cmsxrootd.fnal.gov//store/mc/RunIISummer20UL16MiniAODv2/QCD_Pt_2400to3200_TuneCP5_13TeV_pythia8/MINIAODSIM/106X_mcRun2_asymptotic_v17-v1/270000/C6E3D659-03CB-7044-BB51-CF0646E3C97B.root
12-Jan-2024 16:13:44 CET  Initiating request to open file root://cmsxrootd.fnal.gov//store/mc/RunIISummer20UL16MiniAODv2/QCD_Pt_2400to3200_TuneCP5_13TeV_pythia8/MINIAODSIM/106X_mcRun2_asymptotic_v17-v1/270000/0456FF3C-0D55-A249-909A-83C6374E5763.root
Unable to load sec.protocol plugin libXrdSecztn.so
%MSG-w XrdAdaptor:  file_open 12-Jan-2024 16:13:48 CET PostProcessEvent
Data is served from fnal.gov instead of original site US-Regional-FNAL
%MSG
12-Jan-2024 16:13:49 CET  Successfully opened file root://cmsxrootd.fnal.gov//store/mc/RunIISummer20UL16MiniAODv2/QCD_Pt_2400to3200_TuneCP5_13TeV_pythia8/MINIAODSIM/106X_mcRun2_asymptotic_v17-v1/270000/0456FF3C-0D55-A249-909A-83C6374E5763.root
Unable to load sec.protocol plugin libXrdSecztn.so
12-Jan-2024 16:14:07 CET  Closed file root://cmsxrootd.fnal.gov//store/mc/RunIISummer20UL16MiniAODv2/QCD_Pt_2400to3200_TuneCP5_13TeV_pythia8/MINIAODSIM/106X_mcRun2_asymptotic_v17-v1/270000/0456FF3C-0D55-A249-909A-83C6374E5763.root
12-Jan-2024 16:14:07 CET  Initiating request to open file root://cmsxrootd.fnal.gov//store/mc/RunIISummer20UL16MiniAODv2/QCD_Pt_2400to3200_TuneCP5_13TeV_pythia8/MINIAODSIM/106X_mcRun2_asymptotic_v17-v1/270000/F2D26C24-5B0D-4C4B-8236-0B0BA1F194C9.root
%MSG-w XrdAdaptor:  file_open 12-Jan-2024 16:14:09 CET PostProcessEvent
Data is served from fnal.gov instead of original site US-Regional-FNAL
%MSG
12-Jan-2024 16:14:09 CET  Successfully opened file root://cmsxrootd.fnal.gov//store/mc/RunIISummer20UL16MiniAODv2/QCD_Pt_2400to3200_TuneCP5_13TeV_pythia8/MINIAODSIM/106X_mcRun2_asymptotic_v17-v1/270000/F2D26C24-5B0D-4C4B-8236-0B0BA1F194C9.root
Begin processing the 500001st record. Run 1, Event 2060002, LumiSection 2061 on stream 0 at 12-Jan-2024 16:14:16.556 CET
12-Jan-2024 16:14:17 CET  Closed file root://cmsxrootd.fnal.gov//store/mc/RunIISummer20UL16MiniAODv2/QCD_Pt_2400to3200_TuneCP5_13TeV_pythia8/MINIAODSIM/106X_mcRun2_asymptotic_v17-v1/270000/F2D26C24-5B0D-4C4B-8236-0B0BA1F194C9.root
12-Jan-2024 16:14:17 CET  Initiating request to open file root://cmsxrootd.fnal.gov//store/mc/RunIISummer20UL16MiniAODv2/QCD_Pt_2400to3200_TuneCP5_13TeV_pythia8/MINIAODSIM/106X_mcRun2_asymptotic_v17-v1/270000/5238353A-2CC2-924F-BB1C-9977DE303A36.root
%MSG-w XrdAdaptor:  file_open 12-Jan-2024 16:14:19 CET PostProcessEvent
Data is served from fnal.gov instead of original site US-Regional-FNAL
%MSG
12-Jan-2024 16:14:20 CET  Successfully opened file root://cmsxrootd.fnal.gov//store/mc/RunIISummer20UL16MiniAODv2/QCD_Pt_2400to3200_TuneCP5_13TeV_pythia8/MINIAODSIM/106X_mcRun2_asymptotic_v17-v1/270000/5238353A-2CC2-924F-BB1C-9977DE303A36.root
12-Jan-2024 16:14:30 CET  Closed file root://cmsxrootd.fnal.gov//store/mc/RunIISummer20UL16MiniAODv2/QCD_Pt_2400to3200_TuneCP5_13TeV_pythia8/MINIAODSIM/106X_mcRun2_asymptotic_v17-v1/270000/5238353A-2CC2-924F-BB1C-9977DE303A36.root
12-Jan-2024 16:14:30 CET  Initiating request to open file root://cmsxrootd.fnal.gov//store/mc/RunIISummer20UL16MiniAODv2/QCD_Pt_2400to3200_TuneCP5_13TeV_pythia8/MINIAODSIM/106X_mcRun2_asymptotic_v17-v1/270000/7E4126E5-50A2-844E-A6FC-26BA997B4803.root
%MSG-w XrdAdaptor:  file_open 12-Jan-2024 16:14:32 CET PostProcessEvent
Data is served from fnal.gov instead of original site US-Regional-FNAL
%MSG
12-Jan-2024 16:14:32 CET  Successfully opened file root://cmsxrootd.fnal.gov//store/mc/RunIISummer20UL16MiniAODv2/QCD_Pt_2400to3200_TuneCP5_13TeV_pythia8/MINIAODSIM/106X_mcRun2_asymptotic_v17-v1/270000/7E4126E5-50A2-844E-A6FC-26BA997B4803.root
Begin processing the 600001st record. Run 1, Event 2416004, LumiSection 2417 on stream 0 at 12-Jan-2024 16:14:40.455 CET
12-Jan-2024 16:14:41 CET  Closed file root://cmsxrootd.fnal.gov//store/mc/RunIISummer20UL16MiniAODv2/QCD_Pt_2400to3200_TuneCP5_13TeV_pythia8/MINIAODSIM/106X_mcRun2_asymptotic_v17-v1/270000/7E4126E5-50A2-844E-A6FC-26BA997B4803.root
12-Jan-2024 16:14:41 CET  Initiating request to open file root://cmsxrootd.fnal.gov//store/mc/RunIISummer20UL16MiniAODv2/QCD_Pt_2400to3200_TuneCP5_13TeV_pythia8/MINIAODSIM/106X_mcRun2_asymptotic_v17-v1/270000/5FA2505D-B406-BF4E-8738-9A13A198DC87.root
%MSG-w XrdAdaptor:  file_open 12-Jan-2024 16:14:43 CET PostProcessEvent
Data is served from fnal.gov instead of original site US-Regional-FNAL
%MSG
12-Jan-2024 16:14:44 CET  Successfully opened file root://cmsxrootd.fnal.gov//store/mc/RunIISummer20UL16MiniAODv2/QCD_Pt_2400to3200_TuneCP5_13TeV_pythia8/MINIAODSIM/106X_mcRun2_asymptotic_v17-v1/270000/5FA2505D-B406-BF4E-8738-9A13A198DC87.root
12-Jan-2024 16:14:54 CET  Closed file root://cmsxrootd.fnal.gov//store/mc/RunIISummer20UL16MiniAODv2/QCD_Pt_2400to3200_TuneCP5_13TeV_pythia8/MINIAODSIM/106X_mcRun2_asymptotic_v17-v1/270000/5FA2505D-B406-BF4E-8738-9A13A198DC87.root
12-Jan-2024 16:14:54 CET  Initiating request to open file root://cmsxrootd.fnal.gov//store/mc/RunIISummer20UL16MiniAODv2/QCD_Pt_2400to3200_TuneCP5_13TeV_pythia8/MINIAODSIM/106X_mcRun2_asymptotic_v17-v1/270000/9EE44101-D921-B94C-AA28-FE3277C40584.root
%MSG-w XrdAdaptor:  file_open 12-Jan-2024 16:14:56 CET PostProcessEvent
Data is served from fnal.gov instead of original site US-Regional-FNAL
%MSG
12-Jan-2024 16:14:57 CET  Successfully opened file root://cmsxrootd.fnal.gov//store/mc/RunIISummer20UL16MiniAODv2/QCD_Pt_2400to3200_TuneCP5_13TeV_pythia8/MINIAODSIM/106X_mcRun2_asymptotic_v17-v1/270000/9EE44101-D921-B94C-AA28-FE3277C40584.root
Begin processing the 700001st record. Run 1, Event 2996009, LumiSection 2997 on stream 0 at 12-Jan-2024 16:15:07.240 CET
12-Jan-2024 16:15:07 CET  Closed file root://cmsxrootd.fnal.gov//store/mc/RunIISummer20UL16MiniAODv2/QCD_Pt_2400to3200_TuneCP5_13TeV_pythia8/MINIAODSIM/106X_mcRun2_asymptotic_v17-v1/270000/9EE44101-D921-B94C-AA28-FE3277C40584.root
12-Jan-2024 16:15:07 CET  Initiating request to open file root://cmsxrootd.fnal.gov//store/mc/RunIISummer20UL16MiniAODv2/QCD_Pt_2400to3200_TuneCP5_13TeV_pythia8/MINIAODSIM/106X_mcRun2_asymptotic_v17-v1/270000/47F654AB-2694-1646-9AC9-4B0123AF24E6.root
%MSG-w XrdAdaptor:  file_open 12-Jan-2024 16:15:09 CET PostProcessEvent
Data is served from fnal.gov instead of original site US-Regional-FNAL
%MSG
12-Jan-2024 16:15:10 CET  Successfully opened file root://cmsxrootd.fnal.gov//store/mc/RunIISummer20UL16MiniAODv2/QCD_Pt_2400to3200_TuneCP5_13TeV_pythia8/MINIAODSIM/106X_mcRun2_asymptotic_v17-v1/270000/47F654AB-2694-1646-9AC9-4B0123AF24E6.root
12-Jan-2024 16:15:19 CET  Closed file root://cmsxrootd.fnal.gov//store/mc/RunIISummer20UL16MiniAODv2/QCD_Pt_2400to3200_TuneCP5_13TeV_pythia8/MINIAODSIM/106X_mcRun2_asymptotic_v17-v1/270000/47F654AB-2694-1646-9AC9-4B0123AF24E6.root
12-Jan-2024 16:15:19 CET  Initiating request to open file root://cmsxrootd.fnal.gov//store/mc/RunIISummer20UL16MiniAODv2/QCD_Pt_2400to3200_TuneCP5_13TeV_pythia8/MINIAODSIM/106X_mcRun2_asymptotic_v17-v1/270000/8AFCBB4E-DEFF-BA46-B5E7-4ED4B71125EA.root
%MSG-w XrdAdaptor:  file_open 12-Jan-2024 16:15:21 CET PostProcessEvent
Data is served from fnal.gov instead of original site US-Regional-FNAL
%MSG
12-Jan-2024 16:15:22 CET  Successfully opened file root://cmsxrootd.fnal.gov//store/mc/RunIISummer20UL16MiniAODv2/QCD_Pt_2400to3200_TuneCP5_13TeV_pythia8/MINIAODSIM/106X_mcRun2_asymptotic_v17-v1/270000/8AFCBB4E-DEFF-BA46-B5E7-4ED4B71125EA.root
Begin processing the 800001st record. Run 1, Event 2286004, LumiSection 2287 on stream 0 at 12-Jan-2024 16:15:29.791 CET
12-Jan-2024 16:15:30 CET  Closed file root://cmsxrootd.fnal.gov//store/mc/RunIISummer20UL16MiniAODv2/QCD_Pt_2400to3200_TuneCP5_13TeV_pythia8/MINIAODSIM/106X_mcRun2_asymptotic_v17-v1/270000/8AFCBB4E-DEFF-BA46-B5E7-4ED4B71125EA.root
12-Jan-2024 16:15:30 CET  Initiating request to open file root://cmsxrootd.fnal.gov//store/mc/RunIISummer20UL16MiniAODv2/QCD_Pt_2400to3200_TuneCP5_13TeV_pythia8/MINIAODSIM/106X_mcRun2_asymptotic_v17-v1/280000/FDF30960-46B8-A341-9222-EE788F3EDE9B.root
%MSG-w XrdAdaptor:  file_open 12-Jan-2024 16:15:32 CET PostProcessEvent
Data is served from fnal.gov instead of original site US-Regional-FNAL
%MSG
12-Jan-2024 16:15:33 CET  Successfully opened file root://cmsxrootd.fnal.gov//store/mc/RunIISummer20UL16MiniAODv2/QCD_Pt_2400to3200_TuneCP5_13TeV_pythia8/MINIAODSIM/106X_mcRun2_asymptotic_v17-v1/280000/FDF30960-46B8-A341-9222-EE788F3EDE9B.root
12-Jan-2024 16:15:37 CET  Closed file root://cmsxrootd.fnal.gov//store/mc/RunIISummer20UL16MiniAODv2/QCD_Pt_2400to3200_TuneCP5_13TeV_pythia8/MINIAODSIM/106X_mcRun2_asymptotic_v17-v1/280000/FDF30960-46B8-A341-9222-EE788F3EDE9B.root
12-Jan-2024 16:15:37 CET  Initiating request to open file root://cmsxrootd.fnal.gov//store/mc/RunIISummer20UL16MiniAODv2/QCD_Pt_2400to3200_TuneCP5_13TeV_pythia8/MINIAODSIM/106X_mcRun2_asymptotic_v17-v1/140000/C2FE46B4-D8AE-5C43-B310-6C052D32D3DC.root
%MSG-w XrdAdaptor:  file_open 12-Jan-2024 16:15:41 CET PostProcessEvent
Data is served from T2_US_MIT instead of original site US-Regional-FNAL
%MSG
12-Jan-2024 16:15:41 CET  Successfully opened file root://cmsxrootd.fnal.gov//store/mc/RunIISummer20UL16MiniAODv2/QCD_Pt_2400to3200_TuneCP5_13TeV_pythia8/MINIAODSIM/106X_mcRun2_asymptotic_v17-v1/140000/C2FE46B4-D8AE-5C43-B310-6C052D32D3DC.root
12-Jan-2024 16:15:46 CET  Closed file root://cmsxrootd.fnal.gov//store/mc/RunIISummer20UL16MiniAODv2/QCD_Pt_2400to3200_TuneCP5_13TeV_pythia8/MINIAODSIM/106X_mcRun2_asymptotic_v17-v1/140000/C2FE46B4-D8AE-5C43-B310-6C052D32D3DC.root
12-Jan-2024 16:15:46 CET  Initiating request to open file root://cmsxrootd.fnal.gov//store/mc/RunIISummer20UL16MiniAODv2/QCD_Pt_2400to3200_TuneCP5_13TeV_pythia8/MINIAODSIM/106X_mcRun2_asymptotic_v17-v1/140000/BB1CA8D4-6AF9-4640-B097-9E67ECE36523.root
%MSG-w XrdAdaptor:  file_open 12-Jan-2024 16:15:49 CET PostProcessEvent
Data is served from cms.rcac.purdue.edu instead of original site US-Regional-FNAL
%MSG
12-Jan-2024 16:15:50 CET  Successfully opened file root://cmsxrootd.fnal.gov//store/mc/RunIISummer20UL16MiniAODv2/QCD_Pt_2400to3200_TuneCP5_13TeV_pythia8/MINIAODSIM/106X_mcRun2_asymptotic_v17-v1/140000/BB1CA8D4-6AF9-4640-B097-9E67ECE36523.root
12-Jan-2024 16:15:55 CET  Closed file root://cmsxrootd.fnal.gov//store/mc/RunIISummer20UL16MiniAODv2/QCD_Pt_2400to3200_TuneCP5_13TeV_pythia8/MINIAODSIM/106X_mcRun2_asymptotic_v17-v1/140000/BB1CA8D4-6AF9-4640-B097-9E67ECE36523.root
12-Jan-2024 16:15:55 CET  Initiating request to open file root://cmsxrootd.fnal.gov//store/mc/RunIISummer20UL16MiniAODv2/QCD_Pt_2400to3200_TuneCP5_13TeV_pythia8/MINIAODSIM/106X_mcRun2_asymptotic_v17-v1/130000/7B0F800B-79D6-5240-B450-450CBA4A2139.root
%MSG-w XrdAdaptor:  file_open 12-Jan-2024 16:15:57 CET PostProcessEvent
Data is served from fnal.gov instead of original site US-Regional-FNAL
%MSG
12-Jan-2024 16:15:58 CET  Successfully opened file root://cmsxrootd.fnal.gov//store/mc/RunIISummer20UL16MiniAODv2/QCD_Pt_2400to3200_TuneCP5_13TeV_pythia8/MINIAODSIM/106X_mcRun2_asymptotic_v17-v1/130000/7B0F800B-79D6-5240-B450-450CBA4A2139.root
12-Jan-2024 16:16:05 CET  Closed file root://cmsxrootd.fnal.gov//store/mc/RunIISummer20UL16MiniAODv2/QCD_Pt_2400to3200_TuneCP5_13TeV_pythia8/MINIAODSIM/106X_mcRun2_asymptotic_v17-v1/130000/7B0F800B-79D6-5240-B450-450CBA4A2139.root
12-Jan-2024 16:16:05 CET  Initiating request to open file root://cmsxrootd.fnal.gov//store/mc/RunIISummer20UL16MiniAODv2/QCD_Pt_2400to3200_TuneCP5_13TeV_pythia8/MINIAODSIM/106X_mcRun2_asymptotic_v17-v1/280000/FE59DAD4-CD6F-0745-8B57-D69918822674.root
%MSG-w XrdAdaptor:  file_open 12-Jan-2024 16:16:09 CET PostProcessEvent
Data is served from T2_US_Florida instead of original site US-Regional-FNAL
%MSG
12-Jan-2024 16:16:10 CET  Successfully opened file root://cmsxrootd.fnal.gov//store/mc/RunIISummer20UL16MiniAODv2/QCD_Pt_2400to3200_TuneCP5_13TeV_pythia8/MINIAODSIM/106X_mcRun2_asymptotic_v17-v1/280000/FE59DAD4-CD6F-0745-8B57-D69918822674.root
12-Jan-2024 16:16:14 CET  Closed file root://cmsxrootd.fnal.gov//store/mc/RunIISummer20UL16MiniAODv2/QCD_Pt_2400to3200_TuneCP5_13TeV_pythia8/MINIAODSIM/106X_mcRun2_asymptotic_v17-v1/280000/FE59DAD4-CD6F-0745-8B57-D69918822674.root
12-Jan-2024 16:16:14 CET  Initiating request to open file root://cmsxrootd.fnal.gov//store/mc/RunIISummer20UL16MiniAODv2/QCD_Pt_2400to3200_TuneCP5_13TeV_pythia8/MINIAODSIM/106X_mcRun2_asymptotic_v17-v1/140000/FDC2C87B-18F9-4C4A-BDA3-E09EE21028CD.root
%MSG-w XrdAdaptor:  file_open 12-Jan-2024 16:16:18 CET PostProcessEvent
Data is served from T2_US_Florida instead of original site US-Regional-FNAL
%MSG
12-Jan-2024 16:16:18 CET  Successfully opened file root://cmsxrootd.fnal.gov//store/mc/RunIISummer20UL16MiniAODv2/QCD_Pt_2400to3200_TuneCP5_13TeV_pythia8/MINIAODSIM/106X_mcRun2_asymptotic_v17-v1/140000/FDC2C87B-18F9-4C4A-BDA3-E09EE21028CD.root
Begin processing the 900001st record. Run 1, Event 126007, LumiSection 127 on stream 0 at 12-Jan-2024 16:16:24.989 CET
12-Jan-2024 16:16:25 CET  Closed file root://cmsxrootd.fnal.gov//store/mc/RunIISummer20UL16MiniAODv2/QCD_Pt_2400to3200_TuneCP5_13TeV_pythia8/MINIAODSIM/106X_mcRun2_asymptotic_v17-v1/140000/FDC2C87B-18F9-4C4A-BDA3-E09EE21028CD.root
12-Jan-2024 16:16:25 CET  Initiating request to open file root://cmsxrootd.fnal.gov//store/mc/RunIISummer20UL16MiniAODv2/QCD_Pt_2400to3200_TuneCP5_13TeV_pythia8/MINIAODSIM/106X_mcRun2_asymptotic_v17-v1/140000/4AEBC9DE-11B0-B241-B262-985A8854840E.root
%MSG-w XrdAdaptor:  file_open 12-Jan-2024 16:16:28 CET PostProcessEvent
Data is served from T2_US_Florida instead of original site US-Regional-FNAL
%MSG
12-Jan-2024 16:16:28 CET  Successfully opened file root://cmsxrootd.fnal.gov//store/mc/RunIISummer20UL16MiniAODv2/QCD_Pt_2400to3200_TuneCP5_13TeV_pythia8/MINIAODSIM/106X_mcRun2_asymptotic_v17-v1/140000/4AEBC9DE-11B0-B241-B262-985A8854840E.root
12-Jan-2024 16:16:35 CET  Closed file root://cmsxrootd.fnal.gov//store/mc/RunIISummer20UL16MiniAODv2/QCD_Pt_2400to3200_TuneCP5_13TeV_pythia8/MINIAODSIM/106X_mcRun2_asymptotic_v17-v1/140000/4AEBC9DE-11B0-B241-B262-985A8854840E.root
12-Jan-2024 16:16:35 CET  Initiating request to open file root://cmsxrootd.fnal.gov//store/mc/RunIISummer20UL16MiniAODv2/QCD_Pt_2400to3200_TuneCP5_13TeV_pythia8/MINIAODSIM/106X_mcRun2_asymptotic_v17-v1/280000/7E179F12-C5E8-504B-A139-0DACF3B74867.root
%MSG-w XrdAdaptor:  file_open 12-Jan-2024 16:16:37 CET PostProcessEvent
Data is served from fnal.gov instead of original site US-Regional-FNAL
%MSG
12-Jan-2024 16:16:38 CET  Successfully opened file root://cmsxrootd.fnal.gov//store/mc/RunIISummer20UL16MiniAODv2/QCD_Pt_2400to3200_TuneCP5_13TeV_pythia8/MINIAODSIM/106X_mcRun2_asymptotic_v17-v1/280000/7E179F12-C5E8-504B-A139-0DACF3B74867.root
Begin processing the 1000001st record. Run 1, Event 2880014, LumiSection 2881 on stream 0 at 12-Jan-2024 16:16:54.805 CET
12-Jan-2024 16:16:54 CET  Closed file root://cmsxrootd.fnal.gov//store/mc/RunIISummer20UL16MiniAODv2/QCD_Pt_2400to3200_TuneCP5_13TeV_pythia8/MINIAODSIM/106X_mcRun2_asymptotic_v17-v1/280000/7E179F12-C5E8-504B-A139-0DACF3B74867.root
12-Jan-2024 16:16:54 CET  Initiating request to open file root://cmsxrootd.fnal.gov//store/mc/RunIISummer20UL16MiniAODv2/QCD_Pt_2400to3200_TuneCP5_13TeV_pythia8/MINIAODSIM/106X_mcRun2_asymptotic_v17-v1/280000/560DDA6F-A784-FE43-B3ED-DC961B1DEA0D.root
%MSG-w XrdAdaptor:  file_open 12-Jan-2024 16:16:56 CET PostProcessEvent
Data is served from fnal.gov instead of original site US-Regional-FNAL
%MSG
12-Jan-2024 16:16:57 CET  Successfully opened file root://cmsxrootd.fnal.gov//store/mc/RunIISummer20UL16MiniAODv2/QCD_Pt_2400to3200_TuneCP5_13TeV_pythia8/MINIAODSIM/106X_mcRun2_asymptotic_v17-v1/280000/560DDA6F-A784-FE43-B3ED-DC961B1DEA0D.root
12-Jan-2024 16:17:03 CET  Closed file root://cmsxrootd.fnal.gov//store/mc/RunIISummer20UL16MiniAODv2/QCD_Pt_2400to3200_TuneCP5_13TeV_pythia8/MINIAODSIM/106X_mcRun2_asymptotic_v17-v1/280000/560DDA6F-A784-FE43-B3ED-DC961B1DEA0D.root
12-Jan-2024 16:17:03 CET  Initiating request to open file root://cmsxrootd.fnal.gov//store/mc/RunIISummer20UL16MiniAODv2/QCD_Pt_2400to3200_TuneCP5_13TeV_pythia8/MINIAODSIM/106X_mcRun2_asymptotic_v17-v1/270000/3E1DB182-5343-E542-A05F-DBCC5AB635A8.root
%MSG-w XrdAdaptor:  file_open 12-Jan-2024 16:17:05 CET PostProcessEvent
Data is served from fnal.gov instead of original site US-Regional-FNAL
%MSG
12-Jan-2024 16:17:05 CET  Successfully opened file root://cmsxrootd.fnal.gov//store/mc/RunIISummer20UL16MiniAODv2/QCD_Pt_2400to3200_TuneCP5_13TeV_pythia8/MINIAODSIM/106X_mcRun2_asymptotic_v17-v1/270000/3E1DB182-5343-E542-A05F-DBCC5AB635A8.root
12-Jan-2024 16:17:12 CET  Closed file root://cmsxrootd.fnal.gov//store/mc/RunIISummer20UL16MiniAODv2/QCD_Pt_2400to3200_TuneCP5_13TeV_pythia8/MINIAODSIM/106X_mcRun2_asymptotic_v17-v1/270000/3E1DB182-5343-E542-A05F-DBCC5AB635A8.root
12-Jan-2024 16:17:12 CET  Initiating request to open file root://cmsxrootd.fnal.gov//store/mc/RunIISummer20UL16MiniAODv2/QCD_Pt_2400to3200_TuneCP5_13TeV_pythia8/MINIAODSIM/106X_mcRun2_asymptotic_v17-v1/280000/E0D8E7CE-0888-114B-A67C-A2FDF6389E6B.root
%MSG-w XrdAdaptor:  file_open 12-Jan-2024 16:17:14 CET PostProcessEvent
Data is served from T2_US_Florida instead of original site US-Regional-FNAL
%MSG
12-Jan-2024 16:17:15 CET  Successfully opened file root://cmsxrootd.fnal.gov//store/mc/RunIISummer20UL16MiniAODv2/QCD_Pt_2400to3200_TuneCP5_13TeV_pythia8/MINIAODSIM/106X_mcRun2_asymptotic_v17-v1/280000/E0D8E7CE-0888-114B-A67C-A2FDF6389E6B.root
12-Jan-2024 16:17:21 CET  Closed file root://cmsxrootd.fnal.gov//store/mc/RunIISummer20UL16MiniAODv2/QCD_Pt_2400to3200_TuneCP5_13TeV_pythia8/MINIAODSIM/106X_mcRun2_asymptotic_v17-v1/280000/E0D8E7CE-0888-114B-A67C-A2FDF6389E6B.root
12-Jan-2024 16:17:21 CET  Initiating request to open file root://cmsxrootd.fnal.gov//store/mc/RunIISummer20UL16MiniAODv2/QCD_Pt_2400to3200_TuneCP5_13TeV_pythia8/MINIAODSIM/106X_mcRun2_asymptotic_v17-v1/280000/F2FAE456-34FF-4F40-A3F1-461957DD5C36.root
%MSG-w XrdAdaptor:  file_open 12-Jan-2024 16:17:23 CET PostProcessEvent
Data is served from T2_US_Florida instead of original site US-Regional-FNAL
%MSG
12-Jan-2024 16:17:24 CET  Successfully opened file root://cmsxrootd.fnal.gov//store/mc/RunIISummer20UL16MiniAODv2/QCD_Pt_2400to3200_TuneCP5_13TeV_pythia8/MINIAODSIM/106X_mcRun2_asymptotic_v17-v1/280000/F2FAE456-34FF-4F40-A3F1-461957DD5C36.root
Begin processing the 1100001st record. Run 1, Event 264007, LumiSection 265 on stream 0 at 12-Jan-2024 16:17:30.630 CET
12-Jan-2024 16:17:31 CET  Closed file root://cmsxrootd.fnal.gov//store/mc/RunIISummer20UL16MiniAODv2/QCD_Pt_2400to3200_TuneCP5_13TeV_pythia8/MINIAODSIM/106X_mcRun2_asymptotic_v17-v1/280000/F2FAE456-34FF-4F40-A3F1-461957DD5C36.root
12-Jan-2024 16:17:31 CET  Initiating request to open file root://cmsxrootd.fnal.gov//store/mc/RunIISummer20UL16MiniAODv2/QCD_Pt_2400to3200_TuneCP5_13TeV_pythia8/MINIAODSIM/106X_mcRun2_asymptotic_v17-v1/280000/30123807-5067-3142-9975-A961873BFFD9.root
%MSG-w XrdAdaptor:  file_open 12-Jan-2024 16:17:33 CET PostProcessEvent
Data is served from T2_US_Florida instead of original site US-Regional-FNAL
%MSG
12-Jan-2024 16:17:34 CET  Successfully opened file root://cmsxrootd.fnal.gov//store/mc/RunIISummer20UL16MiniAODv2/QCD_Pt_2400to3200_TuneCP5_13TeV_pythia8/MINIAODSIM/106X_mcRun2_asymptotic_v17-v1/280000/30123807-5067-3142-9975-A961873BFFD9.root
12-Jan-2024 16:17:41 CET  Closed file root://cmsxrootd.fnal.gov//store/mc/RunIISummer20UL16MiniAODv2/QCD_Pt_2400to3200_TuneCP5_13TeV_pythia8/MINIAODSIM/106X_mcRun2_asymptotic_v17-v1/280000/30123807-5067-3142-9975-A961873BFFD9.root
12-Jan-2024 16:17:41 CET  Initiating request to open file root://cmsxrootd.fnal.gov//store/mc/RunIISummer20UL16MiniAODv2/QCD_Pt_2400to3200_TuneCP5_13TeV_pythia8/MINIAODSIM/106X_mcRun2_asymptotic_v17-v1/280000/882228F9-76F5-8D48-A93B-86776008B3DD.root
%MSG-w XrdAdaptor:  file_open 12-Jan-2024 16:17:44 CET PostProcessEvent
Data is served from T2_US_Florida instead of original site US-Regional-FNAL
%MSG
12-Jan-2024 16:17:44 CET  Successfully opened file root://cmsxrootd.fnal.gov//store/mc/RunIISummer20UL16MiniAODv2/QCD_Pt_2400to3200_TuneCP5_13TeV_pythia8/MINIAODSIM/106X_mcRun2_asymptotic_v17-v1/280000/882228F9-76F5-8D48-A93B-86776008B3DD.root
Begin processing the 1200001st record. Run 1, Event 1274019, LumiSection 1275 on stream 0 at 12-Jan-2024 16:17:53.381 CET
12-Jan-2024 16:17:54 CET  Closed file root://cmsxrootd.fnal.gov//store/mc/RunIISummer20UL16MiniAODv2/QCD_Pt_2400to3200_TuneCP5_13TeV_pythia8/MINIAODSIM/106X_mcRun2_asymptotic_v17-v1/280000/882228F9-76F5-8D48-A93B-86776008B3DD.root
12-Jan-2024 16:17:54 CET  Initiating request to open file root://cmsxrootd.fnal.gov//store/mc/RunIISummer20UL16MiniAODv2/QCD_Pt_2400to3200_TuneCP5_13TeV_pythia8/MINIAODSIM/106X_mcRun2_asymptotic_v17-v1/280000/843FC98A-FAA3-2A46-A237-67BF2503A07B.root
%MSG-w XrdAdaptor:  file_open 12-Jan-2024 16:17:56 CET PostProcessEvent
Data is served from T2_US_Florida instead of original site US-Regional-FNAL
%MSG
12-Jan-2024 16:17:57 CET  Successfully opened file root://cmsxrootd.fnal.gov//store/mc/RunIISummer20UL16MiniAODv2/QCD_Pt_2400to3200_TuneCP5_13TeV_pythia8/MINIAODSIM/106X_mcRun2_asymptotic_v17-v1/280000/843FC98A-FAA3-2A46-A237-67BF2503A07B.root
12-Jan-2024 16:18:05 CET  Closed file root://cmsxrootd.fnal.gov//store/mc/RunIISummer20UL16MiniAODv2/QCD_Pt_2400to3200_TuneCP5_13TeV_pythia8/MINIAODSIM/106X_mcRun2_asymptotic_v17-v1/280000/843FC98A-FAA3-2A46-A237-67BF2503A07B.root
12-Jan-2024 16:18:05 CET  Initiating request to open file root://cmsxrootd.fnal.gov//store/mc/RunIISummer20UL16MiniAODv2/QCD_Pt_2400to3200_TuneCP5_13TeV_pythia8/MINIAODSIM/106X_mcRun2_asymptotic_v17-v1/280000/511B28C4-0C05-F14C-8329-653B98A307BE.root
%MSG-w XrdAdaptor:  file_open 12-Jan-2024 16:18:07 CET PostProcessEvent
Data is served from T2_US_Florida instead of original site US-Regional-FNAL
%MSG
12-Jan-2024 16:18:08 CET  Successfully opened file root://cmsxrootd.fnal.gov//store/mc/RunIISummer20UL16MiniAODv2/QCD_Pt_2400to3200_TuneCP5_13TeV_pythia8/MINIAODSIM/106X_mcRun2_asymptotic_v17-v1/280000/511B28C4-0C05-F14C-8329-653B98A307BE.root
12-Jan-2024 16:18:14 CET  Closed file root://cmsxrootd.fnal.gov//store/mc/RunIISummer20UL16MiniAODv2/QCD_Pt_2400to3200_TuneCP5_13TeV_pythia8/MINIAODSIM/106X_mcRun2_asymptotic_v17-v1/280000/511B28C4-0C05-F14C-8329-653B98A307BE.root
12-Jan-2024 16:18:14 CET  Initiating request to open file root://cmsxrootd.fnal.gov//store/mc/RunIISummer20UL16MiniAODv2/QCD_Pt_2400to3200_TuneCP5_13TeV_pythia8/MINIAODSIM/106X_mcRun2_asymptotic_v17-v1/280000/87E79E15-086C-4740-8769-F84B0B7843AB.root
%MSG-w XrdAdaptor:  file_open 12-Jan-2024 16:18:17 CET PostProcessEvent
Data is served from T2_US_Florida instead of original site US-Regional-FNAL
%MSG
12-Jan-2024 16:18:17 CET  Successfully opened file root://cmsxrootd.fnal.gov//store/mc/RunIISummer20UL16MiniAODv2/QCD_Pt_2400to3200_TuneCP5_13TeV_pythia8/MINIAODSIM/106X_mcRun2_asymptotic_v17-v1/280000/87E79E15-086C-4740-8769-F84B0B7843AB.root
Begin processing the 1300001st record. Run 1, Event 859004, LumiSection 860 on stream 0 at 12-Jan-2024 16:18:24.423 CET
12-Jan-2024 16:18:26 CET  Closed file root://cmsxrootd.fnal.gov//store/mc/RunIISummer20UL16MiniAODv2/QCD_Pt_2400to3200_TuneCP5_13TeV_pythia8/MINIAODSIM/106X_mcRun2_asymptotic_v17-v1/280000/87E79E15-086C-4740-8769-F84B0B7843AB.root
12-Jan-2024 16:18:26 CET  Initiating request to open file root://cmsxrootd.fnal.gov//store/mc/RunIISummer20UL16MiniAODv2/QCD_Pt_2400to3200_TuneCP5_13TeV_pythia8/MINIAODSIM/106X_mcRun2_asymptotic_v17-v1/280000/0E926FA2-A303-2545-93A1-3D750C7EB6E7.root
%MSG-w XrdAdaptor:  file_open 12-Jan-2024 16:18:28 CET PostProcessEvent
Data is served from T2_US_Florida instead of original site US-Regional-FNAL
%MSG
12-Jan-2024 16:18:29 CET  Successfully opened file root://cmsxrootd.fnal.gov//store/mc/RunIISummer20UL16MiniAODv2/QCD_Pt_2400to3200_TuneCP5_13TeV_pythia8/MINIAODSIM/106X_mcRun2_asymptotic_v17-v1/280000/0E926FA2-A303-2545-93A1-3D750C7EB6E7.root
12-Jan-2024 16:18:36 CET  Closed file root://cmsxrootd.fnal.gov//store/mc/RunIISummer20UL16MiniAODv2/QCD_Pt_2400to3200_TuneCP5_13TeV_pythia8/MINIAODSIM/106X_mcRun2_asymptotic_v17-v1/280000/0E926FA2-A303-2545-93A1-3D750C7EB6E7.root
12-Jan-2024 16:18:36 CET  Initiating request to open file root://cmsxrootd.fnal.gov//store/mc/RunIISummer20UL16MiniAODv2/QCD_Pt_2400to3200_TuneCP5_13TeV_pythia8/MINIAODSIM/106X_mcRun2_asymptotic_v17-v1/280000/91A1E54D-A666-974C-9033-0C8BE1DD6BF4.root
%MSG-w XrdAdaptor:  file_open 12-Jan-2024 16:18:38 CET PostProcessEvent
Data is served from T2_US_Florida instead of original site US-Regional-FNAL
%MSG
12-Jan-2024 16:18:39 CET  Successfully opened file root://cmsxrootd.fnal.gov//store/mc/RunIISummer20UL16MiniAODv2/QCD_Pt_2400to3200_TuneCP5_13TeV_pythia8/MINIAODSIM/106X_mcRun2_asymptotic_v17-v1/280000/91A1E54D-A666-974C-9033-0C8BE1DD6BF4.root
Begin processing the 1400001st record. Run 1, Event 90005, LumiSection 91 on stream 0 at 12-Jan-2024 16:18:47.163 CET
12-Jan-2024 16:18:48 CET  Closed file root://cmsxrootd.fnal.gov//store/mc/RunIISummer20UL16MiniAODv2/QCD_Pt_2400to3200_TuneCP5_13TeV_pythia8/MINIAODSIM/106X_mcRun2_asymptotic_v17-v1/280000/91A1E54D-A666-974C-9033-0C8BE1DD6BF4.root
12-Jan-2024 16:18:48 CET  Initiating request to open file root://cmsxrootd.fnal.gov//store/mc/RunIISummer20UL16MiniAODv2/QCD_Pt_2400to3200_TuneCP5_13TeV_pythia8/MINIAODSIM/106X_mcRun2_asymptotic_v17-v1/280000/E84D4493-75AA-7C4B-AB70-F77BA9ACC49F.root
%MSG-w XrdAdaptor:  file_open 12-Jan-2024 16:18:50 CET PostProcessEvent
Data is served from T2_US_Florida instead of original site US-Regional-FNAL
%MSG
12-Jan-2024 16:18:51 CET  Successfully opened file root://cmsxrootd.fnal.gov//store/mc/RunIISummer20UL16MiniAODv2/QCD_Pt_2400to3200_TuneCP5_13TeV_pythia8/MINIAODSIM/106X_mcRun2_asymptotic_v17-v1/280000/E84D4493-75AA-7C4B-AB70-F77BA9ACC49F.root
12-Jan-2024 16:18:59 CET  Closed file root://cmsxrootd.fnal.gov//store/mc/RunIISummer20UL16MiniAODv2/QCD_Pt_2400to3200_TuneCP5_13TeV_pythia8/MINIAODSIM/106X_mcRun2_asymptotic_v17-v1/280000/E84D4493-75AA-7C4B-AB70-F77BA9ACC49F.root
12-Jan-2024 16:18:59 CET  Initiating request to open file root://cmsxrootd.fnal.gov//store/mc/RunIISummer20UL16MiniAODv2/QCD_Pt_2400to3200_TuneCP5_13TeV_pythia8/MINIAODSIM/106X_mcRun2_asymptotic_v17-v1/280000/1A8B44D6-104F-E242-8877-B2892FC8CB28.root
%MSG-w XrdAdaptor:  file_open 12-Jan-2024 16:19:01 CET PostProcessEvent
Data is served from T2_US_Florida instead of original site US-Regional-FNAL
%MSG
12-Jan-2024 16:19:02 CET  Successfully opened file root://cmsxrootd.fnal.gov//store/mc/RunIISummer20UL16MiniAODv2/QCD_Pt_2400to3200_TuneCP5_13TeV_pythia8/MINIAODSIM/106X_mcRun2_asymptotic_v17-v1/280000/1A8B44D6-104F-E242-8877-B2892FC8CB28.root
12-Jan-2024 16:19:08 CET  Closed file root://cmsxrootd.fnal.gov//store/mc/RunIISummer20UL16MiniAODv2/QCD_Pt_2400to3200_TuneCP5_13TeV_pythia8/MINIAODSIM/106X_mcRun2_asymptotic_v17-v1/280000/1A8B44D6-104F-E242-8877-B2892FC8CB28.root
12-Jan-2024 16:19:08 CET  Initiating request to open file root://cmsxrootd.fnal.gov//store/mc/RunIISummer20UL16MiniAODv2/QCD_Pt_2400to3200_TuneCP5_13TeV_pythia8/MINIAODSIM/106X_mcRun2_asymptotic_v17-v1/270000/8E0A2C71-078B-034E-B87B-0AF0C2754145.root
[2024-01-12 16:19:55.343851 +0100][Error  ][AsyncSock         ] [xrootd-se4-vanderbilt.sites.opensciencegrid.org:1094 #0.0] Socket error while handshaking: [ERROR] Socket timeout
[2024-01-12 16:19:55.343975 +0100][Error  ][PostMaster        ] [xrootd-se4-vanderbilt.sites.opensciencegrid.org:1094 #0] elapsed = 45, pConnectionWindow = 31 seconds.
%MSG-w XrdAdaptor:  file_open 12-Jan-2024 16:19:57 CET PostProcessEvent
Data is served from T2_US_Vanderbilt instead of original site US-Regional-FNAL
%MSG
12-Jan-2024 16:19:57 CET  Successfully opened file root://cmsxrootd.fnal.gov//store/mc/RunIISummer20UL16MiniAODv2/QCD_Pt_2400to3200_TuneCP5_13TeV_pythia8/MINIAODSIM/106X_mcRun2_asymptotic_v17-v1/270000/8E0A2C71-078B-034E-B87B-0AF0C2754145.root
Begin processing the 1500001st record. Run 1, Event 2012010, LumiSection 2013 on stream 0 at 12-Jan-2024 16:20:06.528 CET
12-Jan-2024 16:20:09 CET  Closed file root://cmsxrootd.fnal.gov//store/mc/RunIISummer20UL16MiniAODv2/QCD_Pt_2400to3200_TuneCP5_13TeV_pythia8/MINIAODSIM/106X_mcRun2_asymptotic_v17-v1/270000/8E0A2C71-078B-034E-B87B-0AF0C2754145.root
12-Jan-2024 16:20:09 CET  Initiating request to open file root://cmsxrootd.fnal.gov//store/mc/RunIISummer20UL16MiniAODv2/QCD_Pt_2400to3200_TuneCP5_13TeV_pythia8/MINIAODSIM/106X_mcRun2_asymptotic_v17-v1/120000/7E5AFD10-B69B-5C4F-B11A-8054F974926A.root
%MSG-w XrdAdaptor:  file_open 12-Jan-2024 16:20:11 CET PostProcessEvent
Data is served from fnal.gov instead of original site US-Regional-FNAL
%MSG
12-Jan-2024 16:20:11 CET  Successfully opened file root://cmsxrootd.fnal.gov//store/mc/RunIISummer20UL16MiniAODv2/QCD_Pt_2400to3200_TuneCP5_13TeV_pythia8/MINIAODSIM/106X_mcRun2_asymptotic_v17-v1/120000/7E5AFD10-B69B-5C4F-B11A-8054F974926A.root
12-Jan-2024 16:20:17 CET  Closed file root://cmsxrootd.fnal.gov//store/mc/RunIISummer20UL16MiniAODv2/QCD_Pt_2400to3200_TuneCP5_13TeV_pythia8/MINIAODSIM/106X_mcRun2_asymptotic_v17-v1/120000/7E5AFD10-B69B-5C4F-B11A-8054F974926A.root
12-Jan-2024 16:20:17 CET  Initiating request to open file root://cmsxrootd.fnal.gov//store/mc/RunIISummer20UL16MiniAODv2/QCD_Pt_2400to3200_TuneCP5_13TeV_pythia8/MINIAODSIM/106X_mcRun2_asymptotic_v17-v1/280000/E215456F-2943-AA47-A30A-5718DE4C8740.root
%MSG-w XrdAdaptor:  file_open 12-Jan-2024 16:20:19 CET PostProcessEvent
Data is served from fnal.gov instead of original site US-Regional-FNAL
%MSG
12-Jan-2024 16:20:20 CET  Successfully opened file root://cmsxrootd.fnal.gov//store/mc/RunIISummer20UL16MiniAODv2/QCD_Pt_2400to3200_TuneCP5_13TeV_pythia8/MINIAODSIM/106X_mcRun2_asymptotic_v17-v1/280000/E215456F-2943-AA47-A30A-5718DE4C8740.root
Begin processing the 1600001st record. Run 1, Event 1616018, LumiSection 1617 on stream 0 at 12-Jan-2024 16:20:30.426 CET
12-Jan-2024 16:20:30 CET  Closed file root://cmsxrootd.fnal.gov//store/mc/RunIISummer20UL16MiniAODv2/QCD_Pt_2400to3200_TuneCP5_13TeV_pythia8/MINIAODSIM/106X_mcRun2_asymptotic_v17-v1/280000/E215456F-2943-AA47-A30A-5718DE4C8740.root
12-Jan-2024 16:20:30 CET  Initiating request to open file root://cmsxrootd.fnal.gov//store/mc/RunIISummer20UL16MiniAODv2/QCD_Pt_2400to3200_TuneCP5_13TeV_pythia8/MINIAODSIM/106X_mcRun2_asymptotic_v17-v1/280000/89E65E65-1F7C-8145-8019-133C66522825.root
%MSG-w XrdAdaptor:  file_open 12-Jan-2024 16:20:32 CET PostProcessEvent
Data is served from fnal.gov instead of original site US-Regional-FNAL
%MSG
12-Jan-2024 16:20:33 CET  Successfully opened file root://cmsxrootd.fnal.gov//store/mc/RunIISummer20UL16MiniAODv2/QCD_Pt_2400to3200_TuneCP5_13TeV_pythia8/MINIAODSIM/106X_mcRun2_asymptotic_v17-v1/280000/89E65E65-1F7C-8145-8019-133C66522825.root
12-Jan-2024 16:20:41 CET  Closed file root://cmsxrootd.fnal.gov//store/mc/RunIISummer20UL16MiniAODv2/QCD_Pt_2400to3200_TuneCP5_13TeV_pythia8/MINIAODSIM/106X_mcRun2_asymptotic_v17-v1/280000/89E65E65-1F7C-8145-8019-133C66522825.root
12-Jan-2024 16:20:41 CET  Initiating request to open file root://cmsxrootd.fnal.gov//store/mc/RunIISummer20UL16MiniAODv2/QCD_Pt_2400to3200_TuneCP5_13TeV_pythia8/MINIAODSIM/106X_mcRun2_asymptotic_v17-v1/280000/B02E3AB1-19FC-9D47-8A7C-ED17710968C1.root
Unable to load sec.protocol plugin libXrdSecztn.so
%MSG-w XrdAdaptor:  file_open 12-Jan-2024 16:20:44 CET PostProcessEvent
Data is served from fnal.gov instead of original site US-Regional-FNAL
%MSG
12-Jan-2024 16:20:44 CET  Successfully opened file root://cmsxrootd.fnal.gov//store/mc/RunIISummer20UL16MiniAODv2/QCD_Pt_2400to3200_TuneCP5_13TeV_pythia8/MINIAODSIM/106X_mcRun2_asymptotic_v17-v1/280000/B02E3AB1-19FC-9D47-8A7C-ED17710968C1.root
12-Jan-2024 16:20:50 CET  Closed file root://cmsxrootd.fnal.gov//store/mc/RunIISummer20UL16MiniAODv2/QCD_Pt_2400to3200_TuneCP5_13TeV_pythia8/MINIAODSIM/106X_mcRun2_asymptotic_v17-v1/280000/B02E3AB1-19FC-9D47-8A7C-ED17710968C1.root
12-Jan-2024 16:20:50 CET  Initiating request to open file root://cmsxrootd.fnal.gov//store/mc/RunIISummer20UL16MiniAODv2/QCD_Pt_2400to3200_TuneCP5_13TeV_pythia8/MINIAODSIM/106X_mcRun2_asymptotic_v17-v1/270000/D0DF0E03-B3CA-9048-B580-1C2110BDA70B.root
%MSG-w XrdAdaptor:  file_open 12-Jan-2024 16:20:54 CET PostProcessEvent
Data is served from T2_US_Nebraska instead of original site US-Regional-FNAL
%MSG
12-Jan-2024 16:20:55 CET  Successfully opened file root://cmsxrootd.fnal.gov//store/mc/RunIISummer20UL16MiniAODv2/QCD_Pt_2400to3200_TuneCP5_13TeV_pythia8/MINIAODSIM/106X_mcRun2_asymptotic_v17-v1/270000/D0DF0E03-B3CA-9048-B580-1C2110BDA70B.root
Begin processing the 1700001st record. Run 1, Event 698007, LumiSection 699 on stream 0 at 12-Jan-2024 16:21:10.582 CET
12-Jan-2024 16:21:11 CET  Closed file root://cmsxrootd.fnal.gov//store/mc/RunIISummer20UL16MiniAODv2/QCD_Pt_2400to3200_TuneCP5_13TeV_pythia8/MINIAODSIM/106X_mcRun2_asymptotic_v17-v1/270000/D0DF0E03-B3CA-9048-B580-1C2110BDA70B.root
12-Jan-2024 16:21:11 CET  Initiating request to open file root://cmsxrootd.fnal.gov//store/mc/RunIISummer20UL16MiniAODv2/QCD_Pt_2400to3200_TuneCP5_13TeV_pythia8/MINIAODSIM/106X_mcRun2_asymptotic_v17-v1/270000/15630EBA-3E6E-4E44-9290-8F6D40D93874.root
%MSG-w XrdAdaptor:  file_open 12-Jan-2024 16:21:14 CET PostProcessEvent
Data is served from T2_US_Nebraska instead of original site US-Regional-FNAL
%MSG
12-Jan-2024 16:21:15 CET  Successfully opened file root://cmsxrootd.fnal.gov//store/mc/RunIISummer20UL16MiniAODv2/QCD_Pt_2400to3200_TuneCP5_13TeV_pythia8/MINIAODSIM/106X_mcRun2_asymptotic_v17-v1/270000/15630EBA-3E6E-4E44-9290-8F6D40D93874.root
12-Jan-2024 16:21:23 CET  Closed file root://cmsxrootd.fnal.gov//store/mc/RunIISummer20UL16MiniAODv2/QCD_Pt_2400to3200_TuneCP5_13TeV_pythia8/MINIAODSIM/106X_mcRun2_asymptotic_v17-v1/270000/15630EBA-3E6E-4E44-9290-8F6D40D93874.root
12-Jan-2024 16:21:23 CET  Initiating request to open file root://cmsxrootd.fnal.gov//store/mc/RunIISummer20UL16MiniAODv2/QCD_Pt_2400to3200_TuneCP5_13TeV_pythia8/MINIAODSIM/106X_mcRun2_asymptotic_v17-v1/120000/D242645C-83DC-E74D-845A-CF89CF952F3F.root
%MSG-w XrdAdaptor:  file_open 12-Jan-2024 16:21:27 CET PostProcessEvent
Data is served from T2_US_Caltech instead of original site US-Regional-FNAL
%MSG
12-Jan-2024 16:21:28 CET  Successfully opened file root://cmsxrootd.fnal.gov//store/mc/RunIISummer20UL16MiniAODv2/QCD_Pt_2400to3200_TuneCP5_13TeV_pythia8/MINIAODSIM/106X_mcRun2_asymptotic_v17-v1/120000/D242645C-83DC-E74D-845A-CF89CF952F3F.root
Begin processing the 1800001st record. Run 1, Event 2492014, LumiSection 2493 on stream 0 at 12-Jan-2024 16:21:38.979 CET
12-Jan-2024 16:21:39 CET  Closed file root://cmsxrootd.fnal.gov//store/mc/RunIISummer20UL16MiniAODv2/QCD_Pt_2400to3200_TuneCP5_13TeV_pythia8/MINIAODSIM/106X_mcRun2_asymptotic_v17-v1/120000/D242645C-83DC-E74D-845A-CF89CF952F3F.root
12-Jan-2024 16:21:39 CET  Initiating request to open file root://cmsxrootd.fnal.gov//store/mc/RunIISummer20UL16MiniAODv2/QCD_Pt_2400to3200_TuneCP5_13TeV_pythia8/MINIAODSIM/106X_mcRun2_asymptotic_v17-v1/120000/6DEF72BE-B4E9-9649-A8B7-AB8A1F9008CE.root
%MSG-w XrdAdaptor:  file_open 12-Jan-2024 16:21:42 CET PostProcessEvent
Data is served from T2_US_Caltech instead of original site US-Regional-FNAL
%MSG
12-Jan-2024 16:21:42 CET  Successfully opened file root://cmsxrootd.fnal.gov//store/mc/RunIISummer20UL16MiniAODv2/QCD_Pt_2400to3200_TuneCP5_13TeV_pythia8/MINIAODSIM/106X_mcRun2_asymptotic_v17-v1/120000/6DEF72BE-B4E9-9649-A8B7-AB8A1F9008CE.root
12-Jan-2024 16:22:03 CET  Closed file root://cmsxrootd.fnal.gov//store/mc/RunIISummer20UL16MiniAODv2/QCD_Pt_2400to3200_TuneCP5_13TeV_pythia8/MINIAODSIM/106X_mcRun2_asymptotic_v17-v1/120000/6DEF72BE-B4E9-9649-A8B7-AB8A1F9008CE.root
12-Jan-2024 16:22:03 CET  Initiating request to open file root://cmsxrootd.fnal.gov//store/mc/RunIISummer20UL16MiniAODv2/QCD_Pt_2400to3200_TuneCP5_13TeV_pythia8/MINIAODSIM/106X_mcRun2_asymptotic_v17-v1/120000/DCBE1F76-B786-3C4C-85E9-2538AB1E7517.root
%MSG-w XrdAdaptor:  file_open 12-Jan-2024 16:22:07 CET PostProcessEvent
Data is served from T2_US_Caltech instead of original site US-Regional-FNAL
%MSG
12-Jan-2024 16:22:08 CET  Successfully opened file root://cmsxrootd.fnal.gov//store/mc/RunIISummer20UL16MiniAODv2/QCD_Pt_2400to3200_TuneCP5_13TeV_pythia8/MINIAODSIM/106X_mcRun2_asymptotic_v17-v1/120000/DCBE1F76-B786-3C4C-85E9-2538AB1E7517.root
Begin processing the 1900001st record. Run 1, Event 1404007, LumiSection 1405 on stream 0 at 12-Jan-2024 16:22:17.864 CET
12-Jan-2024 16:22:18 CET  Closed file root://cmsxrootd.fnal.gov//store/mc/RunIISummer20UL16MiniAODv2/QCD_Pt_2400to3200_TuneCP5_13TeV_pythia8/MINIAODSIM/106X_mcRun2_asymptotic_v17-v1/120000/DCBE1F76-B786-3C4C-85E9-2538AB1E7517.root
12-Jan-2024 16:22:18 CET  Initiating request to open file root://cmsxrootd.fnal.gov//store/mc/RunIISummer20UL16MiniAODv2/QCD_Pt_2400to3200_TuneCP5_13TeV_pythia8/MINIAODSIM/106X_mcRun2_asymptotic_v17-v1/120000/1B3ED928-172A-464D-A5EF-0C0B9D1B8269.root
%MSG-w XrdAdaptor:  file_open 12-Jan-2024 16:22:20 CET PostProcessEvent
Data is served from T2_US_Caltech instead of original site US-Regional-FNAL
%MSG
12-Jan-2024 16:22:21 CET  Successfully opened file root://cmsxrootd.fnal.gov//store/mc/RunIISummer20UL16MiniAODv2/QCD_Pt_2400to3200_TuneCP5_13TeV_pythia8/MINIAODSIM/106X_mcRun2_asymptotic_v17-v1/120000/1B3ED928-172A-464D-A5EF-0C0B9D1B8269.root
12-Jan-2024 16:22:50 CET  Closed file root://cmsxrootd.fnal.gov//store/mc/RunIISummer20UL16MiniAODv2/QCD_Pt_2400to3200_TuneCP5_13TeV_pythia8/MINIAODSIM/106X_mcRun2_asymptotic_v17-v1/120000/1B3ED928-172A-464D-A5EF-0C0B9D1B8269.root
12-Jan-2024 16:22:50 CET  Initiating request to open file root://cmsxrootd.fnal.gov//store/mc/RunIISummer20UL16MiniAODv2/QCD_Pt_2400to3200_TuneCP5_13TeV_pythia8/MINIAODSIM/106X_mcRun2_asymptotic_v17-v1/280000/14059C3E-9380-0846-A5F2-82FEE522C057.root
%MSG-w XrdAdaptor:  file_open 12-Jan-2024 16:22:53 CET PostProcessEvent
Data is served from T2_US_Nebraska instead of original site US-Regional-FNAL
%MSG
12-Jan-2024 16:22:53 CET  Successfully opened file root://cmsxrootd.fnal.gov//store/mc/RunIISummer20UL16MiniAODv2/QCD_Pt_2400to3200_TuneCP5_13TeV_pythia8/MINIAODSIM/106X_mcRun2_asymptotic_v17-v1/280000/14059C3E-9380-0846-A5F2-82FEE522C057.root
12-Jan-2024 16:23:07 CET  Closed file root://cmsxrootd.fnal.gov//store/mc/RunIISummer20UL16MiniAODv2/QCD_Pt_2400to3200_TuneCP5_13TeV_pythia8/MINIAODSIM/106X_mcRun2_asymptotic_v17-v1/280000/14059C3E-9380-0846-A5F2-82FEE522C057.root
12-Jan-2024 16:23:07 CET  Initiating request to open file root://cmsxrootd.fnal.gov//store/mc/RunIISummer20UL16MiniAODv2/QCD_Pt_2400to3200_TuneCP5_13TeV_pythia8/MINIAODSIM/106X_mcRun2_asymptotic_v17-v1/280000/28FB8D81-2400-3147-BE79-0FEAFAE098D9.root
%MSG-w XrdAdaptor:  file_open 12-Jan-2024 16:23:09 CET PostProcessEvent
Data is served from T2_US_Nebraska instead of original site US-Regional-FNAL
%MSG
12-Jan-2024 16:23:10 CET  Successfully opened file root://cmsxrootd.fnal.gov//store/mc/RunIISummer20UL16MiniAODv2/QCD_Pt_2400to3200_TuneCP5_13TeV_pythia8/MINIAODSIM/106X_mcRun2_asymptotic_v17-v1/280000/28FB8D81-2400-3147-BE79-0FEAFAE098D9.root
Begin processing the 2000001st record. Run 1, Event 1158010, LumiSection 1159 on stream 0 at 12-Jan-2024 16:23:17.655 CET
12-Jan-2024 16:23:19 CET  Closed file root://cmsxrootd.fnal.gov//store/mc/RunIISummer20UL16MiniAODv2/QCD_Pt_2400to3200_TuneCP5_13TeV_pythia8/MINIAODSIM/106X_mcRun2_asymptotic_v17-v1/280000/28FB8D81-2400-3147-BE79-0FEAFAE098D9.root
12-Jan-2024 16:23:19 CET  Initiating request to open file root://cmsxrootd.fnal.gov//store/mc/RunIISummer20UL16MiniAODv2/QCD_Pt_2400to3200_TuneCP5_13TeV_pythia8/MINIAODSIM/106X_mcRun2_asymptotic_v17-v1/280000/129D358B-A5C6-B844-9A2B-14D16F6BC4DE.root
%MSG-w XrdAdaptor:  file_open 12-Jan-2024 16:23:21 CET PostProcessEvent
Data is served from T2_US_Nebraska instead of original site US-Regional-FNAL
%MSG
12-Jan-2024 16:23:22 CET  Successfully opened file root://cmsxrootd.fnal.gov//store/mc/RunIISummer20UL16MiniAODv2/QCD_Pt_2400to3200_TuneCP5_13TeV_pythia8/MINIAODSIM/106X_mcRun2_asymptotic_v17-v1/280000/129D358B-A5C6-B844-9A2B-14D16F6BC4DE.root
12-Jan-2024 16:23:38 CET  Closed file root://cmsxrootd.fnal.gov//store/mc/RunIISummer20UL16MiniAODv2/QCD_Pt_2400to3200_TuneCP5_13TeV_pythia8/MINIAODSIM/106X_mcRun2_asymptotic_v17-v1/280000/129D358B-A5C6-B844-9A2B-14D16F6BC4DE.root
12-Jan-2024 16:23:38 CET  Initiating request to open file root://cmsxrootd.fnal.gov//store/mc/RunIISummer20UL16MiniAODv2/QCD_Pt_2400to3200_TuneCP5_13TeV_pythia8/MINIAODSIM/106X_mcRun2_asymptotic_v17-v1/280000/90101A4C-4420-584B-8013-8FA66882CAEB.root
%MSG-w XrdAdaptor:  file_open 12-Jan-2024 16:23:41 CET PostProcessEvent
Data is served from T2_US_Nebraska instead of original site US-Regional-FNAL
%MSG
12-Jan-2024 16:23:42 CET  Successfully opened file root://cmsxrootd.fnal.gov//store/mc/RunIISummer20UL16MiniAODv2/QCD_Pt_2400to3200_TuneCP5_13TeV_pythia8/MINIAODSIM/106X_mcRun2_asymptotic_v17-v1/280000/90101A4C-4420-584B-8013-8FA66882CAEB.root
Begin processing the 2100001st record. Run 1, Event 428009, LumiSection 429 on stream 0 at 12-Jan-2024 16:23:54.380 CET
12-Jan-2024 16:23:55 CET  Closed file root://cmsxrootd.fnal.gov//store/mc/RunIISummer20UL16MiniAODv2/QCD_Pt_2400to3200_TuneCP5_13TeV_pythia8/MINIAODSIM/106X_mcRun2_asymptotic_v17-v1/280000/90101A4C-4420-584B-8013-8FA66882CAEB.root
12-Jan-2024 16:23:55 CET  Initiating request to open file root://cmsxrootd.fnal.gov//store/mc/RunIISummer20UL16MiniAODv2/QCD_Pt_2400to3200_TuneCP5_13TeV_pythia8/MINIAODSIM/106X_mcRun2_asymptotic_v17-v1/120000/C50282FD-A4B4-1F42-B2C4-F76EAD593C1C.root
%MSG-w XrdAdaptor:  file_open 12-Jan-2024 16:23:58 CET PostProcessEvent
Data is served from cms.rcac.purdue.edu instead of original site US-Regional-FNAL
%MSG
12-Jan-2024 16:23:59 CET  Successfully opened file root://cmsxrootd.fnal.gov//store/mc/RunIISummer20UL16MiniAODv2/QCD_Pt_2400to3200_TuneCP5_13TeV_pythia8/MINIAODSIM/106X_mcRun2_asymptotic_v17-v1/120000/C50282FD-A4B4-1F42-B2C4-F76EAD593C1C.root
12-Jan-2024 16:24:05 CET  Closed file root://cmsxrootd.fnal.gov//store/mc/RunIISummer20UL16MiniAODv2/QCD_Pt_2400to3200_TuneCP5_13TeV_pythia8/MINIAODSIM/106X_mcRun2_asymptotic_v17-v1/120000/C50282FD-A4B4-1F42-B2C4-F76EAD593C1C.root
12-Jan-2024 16:24:05 CET  Initiating request to open file root://cmsxrootd.fnal.gov//store/mc/RunIISummer20UL16MiniAODv2/QCD_Pt_2400to3200_TuneCP5_13TeV_pythia8/MINIAODSIM/106X_mcRun2_asymptotic_v17-v1/120000/536CB20B-C171-EE44-8D83-2FE821F105D2.root
%MSG-w XrdAdaptor:  file_open 12-Jan-2024 16:24:08 CET PostProcessEvent
Data is served from cms.rcac.purdue.edu instead of original site US-Regional-FNAL
%MSG
12-Jan-2024 16:24:09 CET  Successfully opened file root://cmsxrootd.fnal.gov//store/mc/RunIISummer20UL16MiniAODv2/QCD_Pt_2400to3200_TuneCP5_13TeV_pythia8/MINIAODSIM/106X_mcRun2_asymptotic_v17-v1/120000/536CB20B-C171-EE44-8D83-2FE821F105D2.root
Begin processing the 2200001st record. Run 1, Event 114006, LumiSection 115 on stream 0 at 12-Jan-2024 16:24:15.587 CET
12-Jan-2024 16:24:16 CET  Closed file root://cmsxrootd.fnal.gov//store/mc/RunIISummer20UL16MiniAODv2/QCD_Pt_2400to3200_TuneCP5_13TeV_pythia8/MINIAODSIM/106X_mcRun2_asymptotic_v17-v1/120000/536CB20B-C171-EE44-8D83-2FE821F105D2.root
12-Jan-2024 16:24:16 CET  Initiating request to open file root://cmsxrootd.fnal.gov//store/mc/RunIISummer20UL16MiniAODv2/QCD_Pt_2400to3200_TuneCP5_13TeV_pythia8/MINIAODSIM/106X_mcRun2_asymptotic_v17-v1/120000/73D8865A-7742-2846-9D5D-43FB844DC5A4.root
%MSG-w XrdAdaptor:  file_open 12-Jan-2024 16:24:19 CET PostProcessEvent
Data is served from cms.rcac.purdue.edu instead of original site US-Regional-FNAL
%MSG
12-Jan-2024 16:24:19 CET  Successfully opened file root://cmsxrootd.fnal.gov//store/mc/RunIISummer20UL16MiniAODv2/QCD_Pt_2400to3200_TuneCP5_13TeV_pythia8/MINIAODSIM/106X_mcRun2_asymptotic_v17-v1/120000/73D8865A-7742-2846-9D5D-43FB844DC5A4.root
12-Jan-2024 16:24:26 CET  Closed file root://cmsxrootd.fnal.gov//store/mc/RunIISummer20UL16MiniAODv2/QCD_Pt_2400to3200_TuneCP5_13TeV_pythia8/MINIAODSIM/106X_mcRun2_asymptotic_v17-v1/120000/73D8865A-7742-2846-9D5D-43FB844DC5A4.root
12-Jan-2024 16:24:26 CET  Initiating request to open file root://cmsxrootd.fnal.gov//store/mc/RunIISummer20UL16MiniAODv2/QCD_Pt_2400to3200_TuneCP5_13TeV_pythia8/MINIAODSIM/106X_mcRun2_asymptotic_v17-v1/120000/46134CA1-E7A7-BD4F-9501-6D3B852CE28B.root
%MSG-w XrdAdaptor:  file_open 12-Jan-2024 16:24:29 CET PostProcessEvent
Data is served from cms.rcac.purdue.edu instead of original site US-Regional-FNAL
%MSG
12-Jan-2024 16:24:29 CET  Successfully opened file root://cmsxrootd.fnal.gov//store/mc/RunIISummer20UL16MiniAODv2/QCD_Pt_2400to3200_TuneCP5_13TeV_pythia8/MINIAODSIM/106X_mcRun2_asymptotic_v17-v1/120000/46134CA1-E7A7-BD4F-9501-6D3B852CE28B.root
Begin processing the 2300001st record. Run 1, Event 1608007, LumiSection 1609 on stream 0 at 12-Jan-2024 16:24:36.237 CET
12-Jan-2024 16:24:36 CET  Closed file root://cmsxrootd.fnal.gov//store/mc/RunIISummer20UL16MiniAODv2/QCD_Pt_2400to3200_TuneCP5_13TeV_pythia8/MINIAODSIM/106X_mcRun2_asymptotic_v17-v1/120000/46134CA1-E7A7-BD4F-9501-6D3B852CE28B.root
12-Jan-2024 16:24:36 CET  Initiating request to open file root://cmsxrootd.fnal.gov//store/mc/RunIISummer20UL16MiniAODv2/QCD_Pt_2400to3200_TuneCP5_13TeV_pythia8/MINIAODSIM/106X_mcRun2_asymptotic_v17-v1/120000/5E4D4B5E-8BC3-CF41-BDA7-8A48BD1C6BC6.root
%MSG-w XrdAdaptor:  file_open 12-Jan-2024 16:24:39 CET PostProcessEvent
Data is served from cms.rcac.purdue.edu instead of original site US-Regional-FNAL
%MSG
12-Jan-2024 16:24:40 CET  Successfully opened file root://cmsxrootd.fnal.gov//store/mc/RunIISummer20UL16MiniAODv2/QCD_Pt_2400to3200_TuneCP5_13TeV_pythia8/MINIAODSIM/106X_mcRun2_asymptotic_v17-v1/120000/5E4D4B5E-8BC3-CF41-BDA7-8A48BD1C6BC6.root
12-Jan-2024 16:24:46 CET  Closed file root://cmsxrootd.fnal.gov//store/mc/RunIISummer20UL16MiniAODv2/QCD_Pt_2400to3200_TuneCP5_13TeV_pythia8/MINIAODSIM/106X_mcRun2_asymptotic_v17-v1/120000/5E4D4B5E-8BC3-CF41-BDA7-8A48BD1C6BC6.root
12-Jan-2024 16:24:46 CET  Initiating request to open file root://cmsxrootd.fnal.gov//store/mc/RunIISummer20UL16MiniAODv2/QCD_Pt_2400to3200_TuneCP5_13TeV_pythia8/MINIAODSIM/106X_mcRun2_asymptotic_v17-v1/120000/DC66F4B7-5BBA-3E44-B858-16B4B6AD54E2.root
%MSG-w XrdAdaptorInternal:  file_open 12-Jan-2024 16:24:48 CET PostProcessEvent
Failed to open file at URL root://eos-c01.cms.rcac.purdue.edu:1102//store/mc/RunIISummer20UL16MiniAODv2/QCD_Pt_2400to3200_TuneCP5_13TeV_pythia8/MINIAODSIM/106X_mcRun2_asymptotic_v17-v1/120000/DC66F4B7-5BBA-3E44-B858-16B4B6AD54E2.root?cap.msg=d9J3goYSFLAUInNxGNsU1Ur8UvaMAWcICOqppuMfSEMFeKsPR13YF75ampMwWejEWI8etKZol8+oA+H+obcH5TGaX0yfZ/NsHRxUtflYCTIMpJzw/i596JPUcq7bbf8aPm5NO9L9TpYRdRS3mQJDsq0oUb/PaRYDl99BLt5LXqdTRLITLHCJoRzuBA52PnkeH1Z6cWkVltK5F2En3wgZ3nIlizysO2darM5Zst4t8KfLFTa6dBMszsnoPEoTkV88Qy7v5hENZ73qghbOGzjDTfqqNu5OdYjcqPkiaqgdvpSlET4AvQmpG/PykyTrkFuoAdddI8UYu07ARcNKr+dYB3F3wvkwu3e9XUJYkM8fRD8aQozXphGD/Q2GR4aGRZXLiMt9e4b0+THOVnMvL/9E4fLOPnR7pU37LrwrVXM1zu26kQcG0o0DmWciNIjDSNEMNOrNnNFNA1RyPPmf6QjOm8VDRLm9VaZomFSQzqcinetDv/MRchtFdt7rJTOZH4OtKt2lTm44VxXA6kyEYSAqVNJALdXx4Esexoe27hLU5wt8yVck6LR7NoKV97ZY7uLWdj336qWFVTa7mezBzmeuq65o7FzKB1KDrpIB/QgI/Zl1GQ9TtyHCaP2U4oNwH9s3fM5pWaQt7Yv63pREDnjY0mJks0jmpy8xvkzR5913ccc9+2tcfw1ocK4s0FdgcGvISQLaxQDwnlQdcfo5v+dxE5C8sFnY2bE9rOfVRiveONbWhCwaNFXAnuN0Z9AxKxbvhkTkqsaypw5D2i2QhSarYXGSk468yJ9WSzG0TC2X2f6Vx71/KfE6R6UMriY6wwcFqSMTyQEJ3B1YtxHYXHIeVn8cVHzd9CR7i+IKYAR5Jwu7oZVt6Q/SqQ==&cap.sym=xU6mGpv9T0+hMNHFH2SXcWOdliY=&eos.clientinfo=zbase64:MDAwMDAwNmZ4nBXIQQ6EIAxG4at4gWnAhQuSHkbbn0jiCCk0Zm4/svveqw13ssGBtm0pNR0PlztPdTmhHCbHr4EPzxkGnaNZqazIu19j9ruLQQaj9o+ESPLtZLILNTd1ENRTjGH9A4exJuU=&mgm.blockchecksum=ignore&mgm.id=0017c433&mgm.logid=b8e3039c-b15e-11ee-9f62-5c6f69a9c0f0&mgm.mtime=1670492183&mgm.replicahead=1&mgm.replicaindex=1.
%MSG
%MSG-w XrdAdaptorInternal:  file_open 12-Jan-2024 16:24:49 CET PostProcessEvent
Failed to open file at URL root://eos-c01.cms.rcac.purdue.edu:1102//store/mc/RunIISummer20UL16MiniAODv2/QCD_Pt_2400to3200_TuneCP5_13TeV_pythia8/MINIAODSIM/106X_mcRun2_asymptotic_v17-v1/120000/DC66F4B7-5BBA-3E44-B858-16B4B6AD54E2.root?cap.msg=d9J3goYSFLAUInNxGNsU1Ur8UvaMAWcICOqppuMfSEMFeKsPR13YF75ampMwWejEWI8etKZol8+oA+H+obcH5TGaX0yfZ/NsHRxUtflYCTIMpJzw/i596JPUcq7bbf8aPm5NO9L9TpYRdRS3mQJDsq0oUb/PaRYDl99BLt5LXqdTRLITLHCJoRzuBA52PnkeH1Z6cWkVltK5F2En3wgZ3nIlizysO2darM5Zst4t8KfLFTa6dBMszsnoPEoTkV88Qy7v5hENZ73qghbOGzjDTfqqNu5OdYjcqPkiaqgdvpSlET4AvQmpG/PykyTrkFuoAdddI8UYu07ARcNKr+dYB3F3wvkwu3e9XUJYkM8fRD8aQozXphGD/Q2GR4aGRZXLiMt9e4b0+THOVnMvL/9E4fLOPnR7pU37LrwrVXM1zu26kQcG0o0DmWciNIjDSNEMNOrNnNFNA1RyPPmf6QjOm8VDRLm9VaZomFSQzqcinetDv/MRchtFdt7rJTOZH4OtKt2lTm44VxXA6kyEYSAqVNJALdXx4Esexoe27hLU5wt8yVck6LR7NoKV97ZY7uLWdj336qWFVTa7mezBzmeuq65o7FzKB1KDrpIB/QgI/Zl1GQ9TtyHCaP2U4oNwH9s3fM5pWaQt7Yv63pREDnjY0mJks0jmpy8xvkzR5913ccc9+2tcfw1ocK4s0FdgcGvISQLaxQDwnlQdcfo5v+dxE5C8sFnY2bE9rOfVRiveONbWhCwaNFXAnuN0Z9AxKxbvhkTkqsaypw5D2i2QhSarYXGSk468yJ9WSzG0TC2X2f6Vx71/KfE6R6UMriY6wwcFqSMTyQEJ3B1YtxHYXHIeVn8cVHzd9CR743xUcn+/h5t7AK+X+ORCxw==&cap.sym=xU6mGpv9T0+hMNHFH2SXcWOdliY=&eos.clientinfo=zbase64:MDAwMDAwNmZ4nB3IQQrDMAwF0avkAhF2ycqgwyTSNzW0sZEtQm+fuLuZVxvOZIMDbWEpNR0XlzPP6vKG8h/Hr4EPzxkGndCsVFbk3T9j/sPFIINR+yohknw7mexCzU0dBPUUY3jdhI8m3Q==&mgm.blockchecksum=ignore&mgm.id=0017c433&mgm.logid=b96e72ce-b15e-11ee-9f62-5c6f69a9c0f0&mgm.mtime=1670492183&mgm.replicahead=1&mgm.replicaindex=1&tried=.
%MSG
----- Begin Fatal Exception 12-Jan-2024 16:24:49 CET-----------------------
An exception of category 'FileOpenError' occurred while
   [0] Calling InputSource::readFile_
   [1] Calling RootFileSequenceBase::initTheFile()
   [2] Calling StorageFactory::open()
   [3] Calling XrdFile::open()
Exception Message:
Failed to open the file 'root://cmsxrootd.fnal.gov//store/mc/RunIISummer20UL16MiniAODv2/QCD_Pt_2400to3200_TuneCP5_13TeV_pythia8/MINIAODSIM/106X_mcRun2_asymptotic_v17-v1/120000/DC66F4B7-5BBA-3E44-B858-16B4B6AD54E2.root'
   Additional Info:
      [a] Input file root://cmsxrootd.fnal.gov//store/mc/RunIISummer20UL16MiniAODv2/QCD_Pt_2400to3200_TuneCP5_13TeV_pythia8/MINIAODSIM/106X_mcRun2_asymptotic_v17-v1/120000/DC66F4B7-5BBA-3E44-B858-16B4B6AD54E2.root could not be opened.
      [b] XrdCl::File::Open(name='root://cmsxrootd.fnal.gov//store/mc/RunIISummer20UL16MiniAODv2/QCD_Pt_2400to3200_TuneCP5_13TeV_pythia8/MINIAODSIM/106X_mcRun2_asymptotic_v17-v1/120000/DC66F4B7-5BBA-3E44-B858-16B4B6AD54E2.root', flags=0x10, permissions=0660) => error '[ERROR] Server responded with an error: [3000] Unable to open - cannot determine the prefix path to use for the given filesystem id /store/mc/RunIISummer20UL16MiniAODv2/QCD_Pt_2400to3200_TuneCP5_13TeV_pythia8/MINIAODSIM/106X_mcRun2_asymptotic_v17-v1/120000/DC66F4B7-5BBA-3E44-B858-16B4B6AD54E2.root; invalid argument
' (errno=3000, code=400). No additional data servers were found.
      [c] Last URL tried: root://eos-c01.cms.rcac.purdue.edu:1102//store/mc/RunIISummer20UL16MiniAODv2/QCD_Pt_2400to3200_TuneCP5_13TeV_pythia8/MINIAODSIM/106X_mcRun2_asymptotic_v17-v1/120000/DC66F4B7-5BBA-3E44-B858-16B4B6AD54E2.root?cap.msg=d9J3goYSFLAUInNxGNsU1Ur8UvaMAWcICOqppuMfSEMFeKsPR13YF75ampMwWejEWI8etKZol8+oA+H+obcH5TGaX0yfZ/NsHRxUtflYCTIMpJzw/i596JPUcq7bbf8aPm5NO9L9TpYRdRS3mQJDsq0oUb/PaRYDl99BLt5LXqdTRLITLHCJoRzuBA52PnkeH1Z6cWkVltK5F2En3wgZ3nIlizysO2darM5Zst4t8KfLFTa6dBMszsnoPEoTkV88Qy7v5hENZ73qghbOGzjDTfqqNu5OdYjcqPkiaqgdvpSlET4AvQmpG/PykyTrkFuoAdddI8UYu07ARcNKr+dYB3F3wvkwu3e9XUJYkM8fRD8aQozXphGD/Q2GR4aGRZXLiMt9e4b0+THOVnMvL/9E4fLOPnR7pU37LrwrVXM1zu26kQcG0o0DmWciNIjDSNEMNOrNnNFNA1RyPPmf6QjOm8VDRLm9VaZomFSQzqcinetDv/MRchtFdt7rJTOZH4OtKt2lTm44VxXA6kyEYSAqVNJALdXx4Esexoe27hLU5wt8yVck6LR7NoKV97ZY7uLWdj336qWFVTa7mezBzmeuq65o7FzKB1KDrpIB/QgI/Zl1GQ9TtyHCaP2U4oNwH9s3fM5pWaQt7Yv63pREDnjY0mJks0jmpy8xvkzR5913ccc9+2tcfw1ocK4s0FdgcGvISQLaxQDwnlQdcfo5v+dxE5C8sFnY2bE9rOfVRiveONbWhCwaNFXAnuN0Z9AxKxbvhkTkqsaypw5D2i2QhSarYXGSk468yJ9WSzG0TC2X2f6Vx71/KfE6R6UMriY6wwcFqSMTyQEJ3B1YtxHYXHIeVn8cVHzd9CR743xUcn+/h5t7AK+X+ORCxw==&cap.sym=xU6mGpv9T0+hMNHFH2SXcWOdliY=&eos.clientinfo=zbase64:MDAwMDAwNmZ4nB3IQQrDMAwF0avkAhF2ycqgwyTSNzW0sZEtQm+fuLuZVxvOZIMDbWEpNR0XlzPP6vKG8h/Hr4EPzxkGndCsVFbk3T9j/sPFIINR+yohknw7mexCzU0dBPUUY3jdhI8m3Q==&mgm.blockchecksum=ignore&mgm.id=0017c433&mgm.logid=b96e72ce-b15e-11ee-9f62-5c6f69a9c0f0&mgm.mtime=1670492183&mgm.replicahead=1&mgm.replicaindex=1&tried=
      [d] Problematic data server: eos-c01.cms.rcac.purdue.edu:1102
      [e] Disabled source: eos-c01.cms.rcac.purdue.edu:1102
----- End Fatal Exception -------------------------------------------------

------------------------------------
GenXsecAnalyzer:
------------------------------------
Before Filter: total cross section = 5.235e-03 +- 1.707e-06 pb
Filter efficiency (taking into account weights)= (2.356e+06) / (2.356e+06) = 1.000e+00 +- 0.000e+00
Filter efficiency (event-level)= (2.356e+06) / (2.356e+06) = 1.000e+00 +- 0.000e+00    [TO BE USED IN MCM]

After filter: final cross section = 5.235e-03 +- 1.707e-06 pb
After filter: final fraction of events with negative weights = 0.000e+00 +- 0.000e+00
After filter: final equivalent lumi for 1M events (1/fb) = 1.910e+05 +- 2.009e+02

=============================================

MessageLogger Summary

 type     category        sev    module        subroutine        count    total
 ---- -------------------- -- ---------------- ----------------  -----    -----
    1 GenXSecAnalyzer      -w GenXSecAnalyzer:                       7        7
    2 XrdAdaptor           -w file_open                             62       62
    3 XrdAdaptorInternal   -w file_open                              2        2
    4 Fatal Exception      -s AfterFile                              1        1
    5 fileAction           -s file_close                            62       62
    6 fileAction           -s file_open                            125      125

 type    category    Examples: run/evt        run/evt          run/evt
 ---- -------------------- ---------------- ---------------- ----------------
    1 GenXSecAnalyzer      PostGlobalEndRun PostGlobalEndRun PostGlobalEndRun
    2 XrdAdaptor           pre-events       PostProcessEvent PostProcessEvent
    3 XrdAdaptorInternal   PostProcessEvent PostProcessEvent 
    4 Fatal Exception      PostProcessEvent                  
    5 fileAction           PostProcessEvent PostProcessEvent PostProcessEvent
    6 fileAction           pre-events       pre-events       PostProcessEvent

Severity    # Occurrences   Total Occurrences
--------    -------------   -----------------
Warning                71                  71
System                188                 188

dropped waiting message count 0
