11-Jan-2024 10:51:49 CET  Initiating request to open file root://cmsxrootd.fnal.gov//store/mc/RunIISummer20UL16MiniAODv2/QCD_HT300to500_BGenFilter_TuneCP5_13TeV-madgraph-pythia8/MINIAODSIM/106X_mcRun2_asymptotic_v17-v2/2530000/15AC4D2E-4B47-F447-B6F9-024CAEB4A856.root
Unable to load sec.protocol plugin libXrdSecztn.so
%MSG-w XrdAdaptor:  file_open 11-Jan-2024 10:51:57 CET pre-events
Data is served from fnal.gov instead of original site US-Regional-Nebraska
%MSG
11-Jan-2024 10:52:19 CET  Successfully opened file root://cmsxrootd.fnal.gov//store/mc/RunIISummer20UL16MiniAODv2/QCD_HT300to500_BGenFilter_TuneCP5_13TeV-madgraph-pythia8/MINIAODSIM/106X_mcRun2_asymptotic_v17-v2/2530000/15AC4D2E-4B47-F447-B6F9-024CAEB4A856.root
Unable to load sec.protocol plugin libXrdSecztn.so
Begin processing the 1st record. Run 1, Event 5826294, LumiSection 9006 on stream 0 at 11-Jan-2024 10:52:27.013 CET
11-Jan-2024 10:52:30 CET  Closed file root://cmsxrootd.fnal.gov//store/mc/RunIISummer20UL16MiniAODv2/QCD_HT300to500_BGenFilter_TuneCP5_13TeV-madgraph-pythia8/MINIAODSIM/106X_mcRun2_asymptotic_v17-v2/2530000/15AC4D2E-4B47-F447-B6F9-024CAEB4A856.root
11-Jan-2024 10:52:30 CET  Initiating request to open file root://cmsxrootd.fnal.gov//store/mc/RunIISummer20UL16MiniAODv2/QCD_HT300to500_BGenFilter_TuneCP5_13TeV-madgraph-pythia8/MINIAODSIM/106X_mcRun2_asymptotic_v17-v2/2530000/1D6410BC-27D3-814B-9D52-991B4E72A906.root
%MSG-w XrdAdaptor:  file_open 11-Jan-2024 10:52:33 CET PostProcessEvent
Data is served from fnal.gov instead of original site US-Regional-Nebraska
%MSG
11-Jan-2024 10:52:34 CET  Successfully opened file root://cmsxrootd.fnal.gov//store/mc/RunIISummer20UL16MiniAODv2/QCD_HT300to500_BGenFilter_TuneCP5_13TeV-madgraph-pythia8/MINIAODSIM/106X_mcRun2_asymptotic_v17-v2/2530000/1D6410BC-27D3-814B-9D52-991B4E72A906.root
Unable to load sec.protocol plugin libXrdSecztn.so
Begin processing the 100001st record. Run 1, Event 23544933, LumiSection 36391 on stream 0 at 11-Jan-2024 10:52:50.252 CET
11-Jan-2024 10:52:51 CET  Closed file root://cmsxrootd.fnal.gov//store/mc/RunIISummer20UL16MiniAODv2/QCD_HT300to500_BGenFilter_TuneCP5_13TeV-madgraph-pythia8/MINIAODSIM/106X_mcRun2_asymptotic_v17-v2/2530000/1D6410BC-27D3-814B-9D52-991B4E72A906.root
11-Jan-2024 10:52:51 CET  Initiating request to open file root://cmsxrootd.fnal.gov//store/mc/RunIISummer20UL16MiniAODv2/QCD_HT300to500_BGenFilter_TuneCP5_13TeV-madgraph-pythia8/MINIAODSIM/106X_mcRun2_asymptotic_v17-v2/2530000/F798C115-0FEF-EA45-845E-ED08F5FA7408.root
Unable to load sec.protocol plugin libXrdSecztn.so
%MSG-w XrdAdaptor:  file_open 11-Jan-2024 10:52:56 CET PostProcessEvent
Data is served from fnal.gov instead of original site US-Regional-Nebraska
%MSG
11-Jan-2024 10:52:56 CET  Successfully opened file root://cmsxrootd.fnal.gov//store/mc/RunIISummer20UL16MiniAODv2/QCD_HT300to500_BGenFilter_TuneCP5_13TeV-madgraph-pythia8/MINIAODSIM/106X_mcRun2_asymptotic_v17-v2/2530000/F798C115-0FEF-EA45-845E-ED08F5FA7408.root
Begin processing the 200001st record. Run 1, Event 47838390, LumiSection 73939 on stream 0 at 11-Jan-2024 10:53:15.564 CET
11-Jan-2024 10:53:15 CET  Closed file root://cmsxrootd.fnal.gov//store/mc/RunIISummer20UL16MiniAODv2/QCD_HT300to500_BGenFilter_TuneCP5_13TeV-madgraph-pythia8/MINIAODSIM/106X_mcRun2_asymptotic_v17-v2/2530000/F798C115-0FEF-EA45-845E-ED08F5FA7408.root
11-Jan-2024 10:53:15 CET  Initiating request to open file root://cmsxrootd.fnal.gov//store/mc/RunIISummer20UL16MiniAODv2/QCD_HT300to500_BGenFilter_TuneCP5_13TeV-madgraph-pythia8/MINIAODSIM/106X_mcRun2_asymptotic_v17-v2/2530000/EDC533FC-CA84-024D-9F04-387F32D7D5CA.root
%MSG-w XrdAdaptor:  file_open 11-Jan-2024 10:53:18 CET PostProcessEvent
Data is served from fnal.gov instead of original site US-Regional-Nebraska
%MSG
11-Jan-2024 10:53:18 CET  Successfully opened file root://cmsxrootd.fnal.gov//store/mc/RunIISummer20UL16MiniAODv2/QCD_HT300to500_BGenFilter_TuneCP5_13TeV-madgraph-pythia8/MINIAODSIM/106X_mcRun2_asymptotic_v17-v2/2530000/EDC533FC-CA84-024D-9F04-387F32D7D5CA.root
11-Jan-2024 10:53:46 CET  Closed file root://cmsxrootd.fnal.gov//store/mc/RunIISummer20UL16MiniAODv2/QCD_HT300to500_BGenFilter_TuneCP5_13TeV-madgraph-pythia8/MINIAODSIM/106X_mcRun2_asymptotic_v17-v2/2530000/EDC533FC-CA84-024D-9F04-387F32D7D5CA.root
11-Jan-2024 10:53:46 CET  Initiating request to open file root://cmsxrootd.fnal.gov//store/mc/RunIISummer20UL16MiniAODv2/QCD_HT300to500_BGenFilter_TuneCP5_13TeV-madgraph-pythia8/MINIAODSIM/106X_mcRun2_asymptotic_v17-v2/2530000/D13D76C5-4C62-E544-AC68-5406DEFEB032.root
%MSG-w XrdAdaptor:  file_open 11-Jan-2024 10:53:49 CET PostProcessEvent
Data is served from fnal.gov instead of original site US-Regional-Nebraska
%MSG
11-Jan-2024 10:53:49 CET  Successfully opened file root://cmsxrootd.fnal.gov//store/mc/RunIISummer20UL16MiniAODv2/QCD_HT300to500_BGenFilter_TuneCP5_13TeV-madgraph-pythia8/MINIAODSIM/106X_mcRun2_asymptotic_v17-v2/2530000/D13D76C5-4C62-E544-AC68-5406DEFEB032.root
Begin processing the 300001st record. Run 1, Event 42091393, LumiSection 65057 on stream 0 at 11-Jan-2024 10:54:02.155 CET
11-Jan-2024 10:54:06 CET  Closed file root://cmsxrootd.fnal.gov//store/mc/RunIISummer20UL16MiniAODv2/QCD_HT300to500_BGenFilter_TuneCP5_13TeV-madgraph-pythia8/MINIAODSIM/106X_mcRun2_asymptotic_v17-v2/2530000/D13D76C5-4C62-E544-AC68-5406DEFEB032.root
11-Jan-2024 10:54:06 CET  Initiating request to open file root://cmsxrootd.fnal.gov//store/mc/RunIISummer20UL16MiniAODv2/QCD_HT300to500_BGenFilter_TuneCP5_13TeV-madgraph-pythia8/MINIAODSIM/106X_mcRun2_asymptotic_v17-v2/2530000/8DA737C2-4EFA-5045-A0EC-5AEC57347A82.root
%MSG-w XrdAdaptor:  file_open 11-Jan-2024 10:54:08 CET PostProcessEvent
Data is served from fnal.gov instead of original site US-Regional-Nebraska
%MSG
11-Jan-2024 10:54:09 CET  Successfully opened file root://cmsxrootd.fnal.gov//store/mc/RunIISummer20UL16MiniAODv2/QCD_HT300to500_BGenFilter_TuneCP5_13TeV-madgraph-pythia8/MINIAODSIM/106X_mcRun2_asymptotic_v17-v2/2530000/8DA737C2-4EFA-5045-A0EC-5AEC57347A82.root
Begin processing the 400001st record. Run 1, Event 14022789, LumiSection 21674 on stream 0 at 11-Jan-2024 10:54:19.521 CET
11-Jan-2024 10:54:22 CET  Closed file root://cmsxrootd.fnal.gov//store/mc/RunIISummer20UL16MiniAODv2/QCD_HT300to500_BGenFilter_TuneCP5_13TeV-madgraph-pythia8/MINIAODSIM/106X_mcRun2_asymptotic_v17-v2/2530000/8DA737C2-4EFA-5045-A0EC-5AEC57347A82.root
11-Jan-2024 10:54:22 CET  Initiating request to open file root://cmsxrootd.fnal.gov//store/mc/RunIISummer20UL16MiniAODv2/QCD_HT300to500_BGenFilter_TuneCP5_13TeV-madgraph-pythia8/MINIAODSIM/106X_mcRun2_asymptotic_v17-v2/2530000/826686FF-5DE2-AB47-9493-68E638DA4030.root
%MSG-w XrdAdaptor:  file_open 11-Jan-2024 10:54:25 CET PostProcessEvent
Data is served from fnal.gov instead of original site US-Regional-Nebraska
%MSG
11-Jan-2024 10:54:26 CET  Successfully opened file root://cmsxrootd.fnal.gov//store/mc/RunIISummer20UL16MiniAODv2/QCD_HT300to500_BGenFilter_TuneCP5_13TeV-madgraph-pythia8/MINIAODSIM/106X_mcRun2_asymptotic_v17-v2/2530000/826686FF-5DE2-AB47-9493-68E638DA4030.root
Begin processing the 500001st record. Run 1, Event 2157882, LumiSection 3336 on stream 0 at 11-Jan-2024 10:54:55.855 CET
11-Jan-2024 10:54:57 CET  Closed file root://cmsxrootd.fnal.gov//store/mc/RunIISummer20UL16MiniAODv2/QCD_HT300to500_BGenFilter_TuneCP5_13TeV-madgraph-pythia8/MINIAODSIM/106X_mcRun2_asymptotic_v17-v2/2530000/826686FF-5DE2-AB47-9493-68E638DA4030.root
11-Jan-2024 10:54:57 CET  Initiating request to open file root://cmsxrootd.fnal.gov//store/mc/RunIISummer20UL16MiniAODv2/QCD_HT300to500_BGenFilter_TuneCP5_13TeV-madgraph-pythia8/MINIAODSIM/106X_mcRun2_asymptotic_v17-v2/2530000/DAF1E824-4F65-2143-BE02-37EC60F75646.root
%MSG-w XrdAdaptor:  file_open 11-Jan-2024 10:55:00 CET PostProcessEvent
Data is served from fnal.gov instead of original site US-Regional-Nebraska
%MSG
11-Jan-2024 10:55:03 CET  Successfully opened file root://cmsxrootd.fnal.gov//store/mc/RunIISummer20UL16MiniAODv2/QCD_HT300to500_BGenFilter_TuneCP5_13TeV-madgraph-pythia8/MINIAODSIM/106X_mcRun2_asymptotic_v17-v2/2530000/DAF1E824-4F65-2143-BE02-37EC60F75646.root
11-Jan-2024 10:55:39 CET  Closed file root://cmsxrootd.fnal.gov//store/mc/RunIISummer20UL16MiniAODv2/QCD_HT300to500_BGenFilter_TuneCP5_13TeV-madgraph-pythia8/MINIAODSIM/106X_mcRun2_asymptotic_v17-v2/2530000/DAF1E824-4F65-2143-BE02-37EC60F75646.root
11-Jan-2024 10:55:39 CET  Initiating request to open file root://cmsxrootd.fnal.gov//store/mc/RunIISummer20UL16MiniAODv2/QCD_HT300to500_BGenFilter_TuneCP5_13TeV-madgraph-pythia8/MINIAODSIM/106X_mcRun2_asymptotic_v17-v2/2530000/6D795CB4-6DAE-854B-8CD7-B5D17D96FCCD.root
%MSG-w XrdAdaptor:  file_open 11-Jan-2024 10:55:42 CET PostProcessEvent
Data is served from fnal.gov instead of original site US-Regional-Nebraska
%MSG
11-Jan-2024 10:55:42 CET  Successfully opened file root://cmsxrootd.fnal.gov//store/mc/RunIISummer20UL16MiniAODv2/QCD_HT300to500_BGenFilter_TuneCP5_13TeV-madgraph-pythia8/MINIAODSIM/106X_mcRun2_asymptotic_v17-v2/2530000/6D795CB4-6DAE-854B-8CD7-B5D17D96FCCD.root
Begin processing the 600001st record. Run 1, Event 42561434, LumiSection 65783 on stream 0 at 11-Jan-2024 10:55:51.327 CET
11-Jan-2024 10:55:58 CET  Closed file root://cmsxrootd.fnal.gov//store/mc/RunIISummer20UL16MiniAODv2/QCD_HT300to500_BGenFilter_TuneCP5_13TeV-madgraph-pythia8/MINIAODSIM/106X_mcRun2_asymptotic_v17-v2/2530000/6D795CB4-6DAE-854B-8CD7-B5D17D96FCCD.root
11-Jan-2024 10:55:58 CET  Initiating request to open file root://cmsxrootd.fnal.gov//store/mc/RunIISummer20UL16MiniAODv2/QCD_HT300to500_BGenFilter_TuneCP5_13TeV-madgraph-pythia8/MINIAODSIM/106X_mcRun2_asymptotic_v17-v2/2530000/23DA717F-96C6-3E4C-AA0E-C8160870598C.root
%MSG-w XrdAdaptor:  file_open 11-Jan-2024 10:56:00 CET PostProcessEvent
Data is served from fnal.gov instead of original site US-Regional-Nebraska
%MSG
11-Jan-2024 10:56:01 CET  Successfully opened file root://cmsxrootd.fnal.gov//store/mc/RunIISummer20UL16MiniAODv2/QCD_HT300to500_BGenFilter_TuneCP5_13TeV-madgraph-pythia8/MINIAODSIM/106X_mcRun2_asymptotic_v17-v2/2530000/23DA717F-96C6-3E4C-AA0E-C8160870598C.root
Begin processing the 700001st record. Run 1, Event 910665, LumiSection 1408 on stream 0 at 11-Jan-2024 10:56:08.752 CET
11-Jan-2024 10:56:11 CET  Closed file root://cmsxrootd.fnal.gov//store/mc/RunIISummer20UL16MiniAODv2/QCD_HT300to500_BGenFilter_TuneCP5_13TeV-madgraph-pythia8/MINIAODSIM/106X_mcRun2_asymptotic_v17-v2/2530000/23DA717F-96C6-3E4C-AA0E-C8160870598C.root
11-Jan-2024 10:56:11 CET  Initiating request to open file root://cmsxrootd.fnal.gov//store/mc/RunIISummer20UL16MiniAODv2/QCD_HT300to500_BGenFilter_TuneCP5_13TeV-madgraph-pythia8/MINIAODSIM/106X_mcRun2_asymptotic_v17-v2/2530000/92CC53EB-7DA9-3148-9454-AD662AAE8222.root
%MSG-w XrdAdaptor:  file_open 11-Jan-2024 10:56:13 CET PostProcessEvent
Data is served from fnal.gov instead of original site US-Regional-Nebraska
%MSG
11-Jan-2024 10:56:15 CET  Successfully opened file root://cmsxrootd.fnal.gov//store/mc/RunIISummer20UL16MiniAODv2/QCD_HT300to500_BGenFilter_TuneCP5_13TeV-madgraph-pythia8/MINIAODSIM/106X_mcRun2_asymptotic_v17-v2/2530000/92CC53EB-7DA9-3148-9454-AD662AAE8222.root
11-Jan-2024 10:56:48 CET  Closed file root://cmsxrootd.fnal.gov//store/mc/RunIISummer20UL16MiniAODv2/QCD_HT300to500_BGenFilter_TuneCP5_13TeV-madgraph-pythia8/MINIAODSIM/106X_mcRun2_asymptotic_v17-v2/2530000/92CC53EB-7DA9-3148-9454-AD662AAE8222.root
11-Jan-2024 10:56:48 CET  Initiating request to open file root://cmsxrootd.fnal.gov//store/mc/RunIISummer20UL16MiniAODv2/QCD_HT300to500_BGenFilter_TuneCP5_13TeV-madgraph-pythia8/MINIAODSIM/106X_mcRun2_asymptotic_v17-v2/2530000/3CC9797E-036D-DF47-816C-378450710593.root
%MSG-w XrdAdaptor:  file_open 11-Jan-2024 10:56:51 CET PostProcessEvent
Data is served from fnal.gov instead of original site US-Regional-Nebraska
%MSG
11-Jan-2024 10:56:51 CET  Successfully opened file root://cmsxrootd.fnal.gov//store/mc/RunIISummer20UL16MiniAODv2/QCD_HT300to500_BGenFilter_TuneCP5_13TeV-madgraph-pythia8/MINIAODSIM/106X_mcRun2_asymptotic_v17-v2/2530000/3CC9797E-036D-DF47-816C-378450710593.root
Begin processing the 800001st record. Run 1, Event 21041196, LumiSection 32522 on stream 0 at 11-Jan-2024 10:57:21.826 CET
11-Jan-2024 10:57:32 CET  Closed file root://cmsxrootd.fnal.gov//store/mc/RunIISummer20UL16MiniAODv2/QCD_HT300to500_BGenFilter_TuneCP5_13TeV-madgraph-pythia8/MINIAODSIM/106X_mcRun2_asymptotic_v17-v2/2530000/3CC9797E-036D-DF47-816C-378450710593.root
11-Jan-2024 10:57:32 CET  Initiating request to open file root://cmsxrootd.fnal.gov//store/mc/RunIISummer20UL16MiniAODv2/QCD_HT300to500_BGenFilter_TuneCP5_13TeV-madgraph-pythia8/MINIAODSIM/106X_mcRun2_asymptotic_v17-v2/2530000/30AE5014-09DA-9F4A-BA4F-C4B139786B9F.root
%MSG-w XrdAdaptor:  file_open 11-Jan-2024 10:57:35 CET PostProcessEvent
Data is served from fnal.gov instead of original site US-Regional-Nebraska
%MSG
11-Jan-2024 10:57:36 CET  Successfully opened file root://cmsxrootd.fnal.gov//store/mc/RunIISummer20UL16MiniAODv2/QCD_HT300to500_BGenFilter_TuneCP5_13TeV-madgraph-pythia8/MINIAODSIM/106X_mcRun2_asymptotic_v17-v2/2530000/30AE5014-09DA-9F4A-BA4F-C4B139786B9F.root
Begin processing the 900001st record. Run 1, Event 30120284, LumiSection 46554 on stream 0 at 11-Jan-2024 10:58:06.125 CET
11-Jan-2024 10:58:11 CET  Closed file root://cmsxrootd.fnal.gov//store/mc/RunIISummer20UL16MiniAODv2/QCD_HT300to500_BGenFilter_TuneCP5_13TeV-madgraph-pythia8/MINIAODSIM/106X_mcRun2_asymptotic_v17-v2/2530000/30AE5014-09DA-9F4A-BA4F-C4B139786B9F.root
11-Jan-2024 10:58:11 CET  Initiating request to open file root://cmsxrootd.fnal.gov//store/mc/RunIISummer20UL16MiniAODv2/QCD_HT300to500_BGenFilter_TuneCP5_13TeV-madgraph-pythia8/MINIAODSIM/106X_mcRun2_asymptotic_v17-v2/2530000/47165018-FFF2-8145-966B-5F0B43A6AEEB.root
%MSG-w XrdAdaptor:  file_open 11-Jan-2024 10:58:13 CET PostProcessEvent
Data is served from fnal.gov instead of original site US-Regional-Nebraska
%MSG
11-Jan-2024 10:58:14 CET  Successfully opened file root://cmsxrootd.fnal.gov//store/mc/RunIISummer20UL16MiniAODv2/QCD_HT300to500_BGenFilter_TuneCP5_13TeV-madgraph-pythia8/MINIAODSIM/106X_mcRun2_asymptotic_v17-v2/2530000/47165018-FFF2-8145-966B-5F0B43A6AEEB.root
Begin processing the 1000001st record. Run 1, Event 34907727, LumiSection 53954 on stream 0 at 11-Jan-2024 10:58:41.495 CET
11-Jan-2024 10:58:41 CET  Closed file root://cmsxrootd.fnal.gov//store/mc/RunIISummer20UL16MiniAODv2/QCD_HT300to500_BGenFilter_TuneCP5_13TeV-madgraph-pythia8/MINIAODSIM/106X_mcRun2_asymptotic_v17-v2/2530000/47165018-FFF2-8145-966B-5F0B43A6AEEB.root
11-Jan-2024 10:58:41 CET  Initiating request to open file root://cmsxrootd.fnal.gov//store/mc/RunIISummer20UL16MiniAODv2/QCD_HT300to500_BGenFilter_TuneCP5_13TeV-madgraph-pythia8/MINIAODSIM/106X_mcRun2_asymptotic_v17-v2/2530000/599559E4-C091-6840-802D-BE3115042AB7.root
%MSG-w XrdAdaptor:  file_open 11-Jan-2024 10:58:43 CET PostProcessEvent
Data is served from fnal.gov instead of original site US-Regional-Nebraska
%MSG
11-Jan-2024 10:58:44 CET  Successfully opened file root://cmsxrootd.fnal.gov//store/mc/RunIISummer20UL16MiniAODv2/QCD_HT300to500_BGenFilter_TuneCP5_13TeV-madgraph-pythia8/MINIAODSIM/106X_mcRun2_asymptotic_v17-v2/2530000/599559E4-C091-6840-802D-BE3115042AB7.root
11-Jan-2024 10:58:52 CET  Closed file root://cmsxrootd.fnal.gov//store/mc/RunIISummer20UL16MiniAODv2/QCD_HT300to500_BGenFilter_TuneCP5_13TeV-madgraph-pythia8/MINIAODSIM/106X_mcRun2_asymptotic_v17-v2/2530000/599559E4-C091-6840-802D-BE3115042AB7.root
11-Jan-2024 10:58:52 CET  Initiating request to open file root://cmsxrootd.fnal.gov//store/mc/RunIISummer20UL16MiniAODv2/QCD_HT300to500_BGenFilter_TuneCP5_13TeV-madgraph-pythia8/MINIAODSIM/106X_mcRun2_asymptotic_v17-v2/2520000/2BAF0830-6960-6D48-9E89-760FFAC8A1F8.root
%MSG-w XrdAdaptor:  file_open 11-Jan-2024 10:58:58 CET PostProcessEvent
Data is served from T2_US_MIT instead of original site US-Regional-Nebraska
%MSG
11-Jan-2024 10:58:58 CET  Successfully opened file root://cmsxrootd.fnal.gov//store/mc/RunIISummer20UL16MiniAODv2/QCD_HT300to500_BGenFilter_TuneCP5_13TeV-madgraph-pythia8/MINIAODSIM/106X_mcRun2_asymptotic_v17-v2/2520000/2BAF0830-6960-6D48-9E89-760FFAC8A1F8.root
11-Jan-2024 10:59:03 CET  Closed file root://cmsxrootd.fnal.gov//store/mc/RunIISummer20UL16MiniAODv2/QCD_HT300to500_BGenFilter_TuneCP5_13TeV-madgraph-pythia8/MINIAODSIM/106X_mcRun2_asymptotic_v17-v2/2520000/2BAF0830-6960-6D48-9E89-760FFAC8A1F8.root
11-Jan-2024 10:59:03 CET  Initiating request to open file root://cmsxrootd.fnal.gov//store/mc/RunIISummer20UL16MiniAODv2/QCD_HT300to500_BGenFilter_TuneCP5_13TeV-madgraph-pythia8/MINIAODSIM/106X_mcRun2_asymptotic_v17-v2/2520000/47A2263E-830D-7446-A149-A4A8499D6C47.root
%MSG-w XrdAdaptor:  file_open 11-Jan-2024 10:59:07 CET PostProcessEvent
Data is served from T2_US_Nebraska instead of original site US-Regional-Nebraska
%MSG
11-Jan-2024 10:59:08 CET  Successfully opened file root://cmsxrootd.fnal.gov//store/mc/RunIISummer20UL16MiniAODv2/QCD_HT300to500_BGenFilter_TuneCP5_13TeV-madgraph-pythia8/MINIAODSIM/106X_mcRun2_asymptotic_v17-v2/2520000/47A2263E-830D-7446-A149-A4A8499D6C47.root
11-Jan-2024 10:59:17 CET  Closed file root://cmsxrootd.fnal.gov//store/mc/RunIISummer20UL16MiniAODv2/QCD_HT300to500_BGenFilter_TuneCP5_13TeV-madgraph-pythia8/MINIAODSIM/106X_mcRun2_asymptotic_v17-v2/2520000/47A2263E-830D-7446-A149-A4A8499D6C47.root
11-Jan-2024 10:59:17 CET  Initiating request to open file root://cmsxrootd.fnal.gov//store/mc/RunIISummer20UL16MiniAODv2/QCD_HT300to500_BGenFilter_TuneCP5_13TeV-madgraph-pythia8/MINIAODSIM/106X_mcRun2_asymptotic_v17-v2/2530000/5C7FEB57-973B-FA4D-A30B-223261DA35C2.root
%MSG-w XrdAdaptor:  file_open 11-Jan-2024 10:59:19 CET PostProcessEvent
Data is served from fnal.gov instead of original site US-Regional-Nebraska
%MSG
11-Jan-2024 10:59:20 CET  Successfully opened file root://cmsxrootd.fnal.gov//store/mc/RunIISummer20UL16MiniAODv2/QCD_HT300to500_BGenFilter_TuneCP5_13TeV-madgraph-pythia8/MINIAODSIM/106X_mcRun2_asymptotic_v17-v2/2530000/5C7FEB57-973B-FA4D-A30B-223261DA35C2.root
Begin processing the 1100001st record. Run 1, Event 31605943, LumiSection 48850 on stream 0 at 11-Jan-2024 10:59:32.794 CET
11-Jan-2024 10:59:34 CET  Closed file root://cmsxrootd.fnal.gov//store/mc/RunIISummer20UL16MiniAODv2/QCD_HT300to500_BGenFilter_TuneCP5_13TeV-madgraph-pythia8/MINIAODSIM/106X_mcRun2_asymptotic_v17-v2/2530000/5C7FEB57-973B-FA4D-A30B-223261DA35C2.root
11-Jan-2024 10:59:34 CET  Initiating request to open file root://cmsxrootd.fnal.gov//store/mc/RunIISummer20UL16MiniAODv2/QCD_HT300to500_BGenFilter_TuneCP5_13TeV-madgraph-pythia8/MINIAODSIM/106X_mcRun2_asymptotic_v17-v2/2530000/414F55B7-A1AF-5F45-8B61-089CEF0C3B11.root
%MSG-w XrdAdaptor:  file_open 11-Jan-2024 10:59:36 CET PostProcessEvent
Data is served from fnal.gov instead of original site US-Regional-Nebraska
%MSG
11-Jan-2024 10:59:37 CET  Successfully opened file root://cmsxrootd.fnal.gov//store/mc/RunIISummer20UL16MiniAODv2/QCD_HT300to500_BGenFilter_TuneCP5_13TeV-madgraph-pythia8/MINIAODSIM/106X_mcRun2_asymptotic_v17-v2/2530000/414F55B7-A1AF-5F45-8B61-089CEF0C3B11.root
11-Jan-2024 11:00:13 CET  Closed file root://cmsxrootd.fnal.gov//store/mc/RunIISummer20UL16MiniAODv2/QCD_HT300to500_BGenFilter_TuneCP5_13TeV-madgraph-pythia8/MINIAODSIM/106X_mcRun2_asymptotic_v17-v2/2530000/414F55B7-A1AF-5F45-8B61-089CEF0C3B11.root
11-Jan-2024 11:00:13 CET  Initiating request to open file root://cmsxrootd.fnal.gov//store/mc/RunIISummer20UL16MiniAODv2/QCD_HT300to500_BGenFilter_TuneCP5_13TeV-madgraph-pythia8/MINIAODSIM/106X_mcRun2_asymptotic_v17-v2/2530000/CDDBAB2B-2762-9D44-8237-4B2E42D7FB08.root
%MSG-w XrdAdaptor:  file_open 11-Jan-2024 11:00:15 CET PostProcessEvent
Data is served from fnal.gov instead of original site US-Regional-Nebraska
%MSG
11-Jan-2024 11:00:16 CET  Successfully opened file root://cmsxrootd.fnal.gov//store/mc/RunIISummer20UL16MiniAODv2/QCD_HT300to500_BGenFilter_TuneCP5_13TeV-madgraph-pythia8/MINIAODSIM/106X_mcRun2_asymptotic_v17-v2/2530000/CDDBAB2B-2762-9D44-8237-4B2E42D7FB08.root
Begin processing the 1200001st record. Run 1, Event 19583270, LumiSection 30268 on stream 0 at 11-Jan-2024 11:00:23.147 CET
11-Jan-2024 11:00:25 CET  Closed file root://cmsxrootd.fnal.gov//store/mc/RunIISummer20UL16MiniAODv2/QCD_HT300to500_BGenFilter_TuneCP5_13TeV-madgraph-pythia8/MINIAODSIM/106X_mcRun2_asymptotic_v17-v2/2530000/CDDBAB2B-2762-9D44-8237-4B2E42D7FB08.root
11-Jan-2024 11:00:25 CET  Initiating request to open file root://cmsxrootd.fnal.gov//store/mc/RunIISummer20UL16MiniAODv2/QCD_HT300to500_BGenFilter_TuneCP5_13TeV-madgraph-pythia8/MINIAODSIM/106X_mcRun2_asymptotic_v17-v2/2530000/1E49FC30-C5DF-9344-AE2F-C54ED75B5923.root
%MSG-w XrdAdaptor:  file_open 11-Jan-2024 11:00:28 CET PostProcessEvent
Data is served from fnal.gov instead of original site US-Regional-Nebraska
%MSG
11-Jan-2024 11:00:29 CET  Successfully opened file root://cmsxrootd.fnal.gov//store/mc/RunIISummer20UL16MiniAODv2/QCD_HT300to500_BGenFilter_TuneCP5_13TeV-madgraph-pythia8/MINIAODSIM/106X_mcRun2_asymptotic_v17-v2/2530000/1E49FC30-C5DF-9344-AE2F-C54ED75B5923.root
Begin processing the 1300001st record. Run 1, Event 40131756, LumiSection 62028 on stream 0 at 11-Jan-2024 11:01:06.714 CET
11-Jan-2024 11:01:06 CET  Closed file root://cmsxrootd.fnal.gov//store/mc/RunIISummer20UL16MiniAODv2/QCD_HT300to500_BGenFilter_TuneCP5_13TeV-madgraph-pythia8/MINIAODSIM/106X_mcRun2_asymptotic_v17-v2/2530000/1E49FC30-C5DF-9344-AE2F-C54ED75B5923.root
11-Jan-2024 11:01:06 CET  Initiating request to open file root://cmsxrootd.fnal.gov//store/mc/RunIISummer20UL16MiniAODv2/QCD_HT300to500_BGenFilter_TuneCP5_13TeV-madgraph-pythia8/MINIAODSIM/106X_mcRun2_asymptotic_v17-v2/2530000/8A58DC13-370F-4941-A2C2-DBE5E0E961B3.root
%MSG-w XrdAdaptor:  file_open 11-Jan-2024 11:01:09 CET PostProcessEvent
Data is served from fnal.gov instead of original site US-Regional-Nebraska
%MSG
11-Jan-2024 11:01:09 CET  Successfully opened file root://cmsxrootd.fnal.gov//store/mc/RunIISummer20UL16MiniAODv2/QCD_HT300to500_BGenFilter_TuneCP5_13TeV-madgraph-pythia8/MINIAODSIM/106X_mcRun2_asymptotic_v17-v2/2530000/8A58DC13-370F-4941-A2C2-DBE5E0E961B3.root
11-Jan-2024 11:01:21 CET  Closed file root://cmsxrootd.fnal.gov//store/mc/RunIISummer20UL16MiniAODv2/QCD_HT300to500_BGenFilter_TuneCP5_13TeV-madgraph-pythia8/MINIAODSIM/106X_mcRun2_asymptotic_v17-v2/2530000/8A58DC13-370F-4941-A2C2-DBE5E0E961B3.root
11-Jan-2024 11:01:21 CET  Initiating request to open file root://cmsxrootd.fnal.gov//store/mc/RunIISummer20UL16MiniAODv2/QCD_HT300to500_BGenFilter_TuneCP5_13TeV-madgraph-pythia8/MINIAODSIM/106X_mcRun2_asymptotic_v17-v2/2530000/FDD0740F-E766-FB44-9746-FBCD15E5A21C.root
%MSG-w XrdAdaptor:  file_open 11-Jan-2024 11:01:23 CET PostProcessEvent
Data is served from fnal.gov instead of original site US-Regional-Nebraska
%MSG
11-Jan-2024 11:01:24 CET  Successfully opened file root://cmsxrootd.fnal.gov//store/mc/RunIISummer20UL16MiniAODv2/QCD_HT300to500_BGenFilter_TuneCP5_13TeV-madgraph-pythia8/MINIAODSIM/106X_mcRun2_asymptotic_v17-v2/2530000/FDD0740F-E766-FB44-9746-FBCD15E5A21C.root
Begin processing the 1400001st record. Run 1, Event 47487007, LumiSection 73396 on stream 0 at 11-Jan-2024 11:01:46.821 CET
11-Jan-2024 11:01:49 CET  Closed file root://cmsxrootd.fnal.gov//store/mc/RunIISummer20UL16MiniAODv2/QCD_HT300to500_BGenFilter_TuneCP5_13TeV-madgraph-pythia8/MINIAODSIM/106X_mcRun2_asymptotic_v17-v2/2530000/FDD0740F-E766-FB44-9746-FBCD15E5A21C.root
11-Jan-2024 11:01:49 CET  Initiating request to open file root://cmsxrootd.fnal.gov//store/mc/RunIISummer20UL16MiniAODv2/QCD_HT300to500_BGenFilter_TuneCP5_13TeV-madgraph-pythia8/MINIAODSIM/106X_mcRun2_asymptotic_v17-v2/2530000/8A5EE120-B2CC-CB48-9E6E-C866D2EB9C7C.root
%MSG-w XrdAdaptor:  file_open 11-Jan-2024 11:01:51 CET PostProcessEvent
Data is served from fnal.gov instead of original site US-Regional-Nebraska
%MSG
11-Jan-2024 11:01:52 CET  Successfully opened file root://cmsxrootd.fnal.gov//store/mc/RunIISummer20UL16MiniAODv2/QCD_HT300to500_BGenFilter_TuneCP5_13TeV-madgraph-pythia8/MINIAODSIM/106X_mcRun2_asymptotic_v17-v2/2530000/8A5EE120-B2CC-CB48-9E6E-C866D2EB9C7C.root
11-Jan-2024 11:02:03 CET  Closed file root://cmsxrootd.fnal.gov//store/mc/RunIISummer20UL16MiniAODv2/QCD_HT300to500_BGenFilter_TuneCP5_13TeV-madgraph-pythia8/MINIAODSIM/106X_mcRun2_asymptotic_v17-v2/2530000/8A5EE120-B2CC-CB48-9E6E-C866D2EB9C7C.root
11-Jan-2024 11:02:03 CET  Initiating request to open file root://cmsxrootd.fnal.gov//store/mc/RunIISummer20UL16MiniAODv2/QCD_HT300to500_BGenFilter_TuneCP5_13TeV-madgraph-pythia8/MINIAODSIM/106X_mcRun2_asymptotic_v17-v2/2530000/3CC2C747-9D4E-9547-B967-91AE05D3B5C0.root
%MSG-w XrdAdaptor:  file_open 11-Jan-2024 11:02:05 CET PostProcessEvent
Data is served from fnal.gov instead of original site US-Regional-Nebraska
%MSG
11-Jan-2024 11:02:06 CET  Successfully opened file root://cmsxrootd.fnal.gov//store/mc/RunIISummer20UL16MiniAODv2/QCD_HT300to500_BGenFilter_TuneCP5_13TeV-madgraph-pythia8/MINIAODSIM/106X_mcRun2_asymptotic_v17-v2/2530000/3CC2C747-9D4E-9547-B967-91AE05D3B5C0.root
Begin processing the 1500001st record. Run 1, Event 10513047, LumiSection 16249 on stream 0 at 11-Jan-2024 11:02:22.642 CET
11-Jan-2024 11:02:27 CET  Closed file root://cmsxrootd.fnal.gov//store/mc/RunIISummer20UL16MiniAODv2/QCD_HT300to500_BGenFilter_TuneCP5_13TeV-madgraph-pythia8/MINIAODSIM/106X_mcRun2_asymptotic_v17-v2/2530000/3CC2C747-9D4E-9547-B967-91AE05D3B5C0.root
11-Jan-2024 11:02:27 CET  Initiating request to open file root://cmsxrootd.fnal.gov//store/mc/RunIISummer20UL16MiniAODv2/QCD_HT300to500_BGenFilter_TuneCP5_13TeV-madgraph-pythia8/MINIAODSIM/106X_mcRun2_asymptotic_v17-v2/2530000/8BD540F3-6CB1-C34A-BE7B-D71FB588D45C.root
%MSG-w XrdAdaptor:  file_open 11-Jan-2024 11:02:29 CET PostProcessEvent
Data is served from fnal.gov instead of original site US-Regional-Nebraska
%MSG
11-Jan-2024 11:02:29 CET  Successfully opened file root://cmsxrootd.fnal.gov//store/mc/RunIISummer20UL16MiniAODv2/QCD_HT300to500_BGenFilter_TuneCP5_13TeV-madgraph-pythia8/MINIAODSIM/106X_mcRun2_asymptotic_v17-v2/2530000/8BD540F3-6CB1-C34A-BE7B-D71FB588D45C.root
Begin processing the 1600001st record. Run 1, Event 47775101, LumiSection 73841 on stream 0 at 11-Jan-2024 11:02:39.698 CET
11-Jan-2024 11:02:39 CET  Closed file root://cmsxrootd.fnal.gov//store/mc/RunIISummer20UL16MiniAODv2/QCD_HT300to500_BGenFilter_TuneCP5_13TeV-madgraph-pythia8/MINIAODSIM/106X_mcRun2_asymptotic_v17-v2/2530000/8BD540F3-6CB1-C34A-BE7B-D71FB588D45C.root
11-Jan-2024 11:02:39 CET  Initiating request to open file root://cmsxrootd.fnal.gov//store/mc/RunIISummer20UL16MiniAODv2/QCD_HT300to500_BGenFilter_TuneCP5_13TeV-madgraph-pythia8/MINIAODSIM/106X_mcRun2_asymptotic_v17-v2/2530000/FB11D1A0-092D-B643-9161-3D4537BD50C9.root
%MSG-w XrdAdaptor:  file_open 11-Jan-2024 11:02:41 CET PostProcessEvent
Data is served from fnal.gov instead of original site US-Regional-Nebraska
%MSG
11-Jan-2024 11:02:42 CET  Successfully opened file root://cmsxrootd.fnal.gov//store/mc/RunIISummer20UL16MiniAODv2/QCD_HT300to500_BGenFilter_TuneCP5_13TeV-madgraph-pythia8/MINIAODSIM/106X_mcRun2_asymptotic_v17-v2/2530000/FB11D1A0-092D-B643-9161-3D4537BD50C9.root
11-Jan-2024 11:02:54 CET  Closed file root://cmsxrootd.fnal.gov//store/mc/RunIISummer20UL16MiniAODv2/QCD_HT300to500_BGenFilter_TuneCP5_13TeV-madgraph-pythia8/MINIAODSIM/106X_mcRun2_asymptotic_v17-v2/2530000/FB11D1A0-092D-B643-9161-3D4537BD50C9.root
11-Jan-2024 11:02:54 CET  Initiating request to open file root://cmsxrootd.fnal.gov//store/mc/RunIISummer20UL16MiniAODv2/QCD_HT300to500_BGenFilter_TuneCP5_13TeV-madgraph-pythia8/MINIAODSIM/106X_mcRun2_asymptotic_v17-v2/2530000/57DE6F25-6694-7E4D-88DC-51FE2C84E4C3.root
%MSG-w XrdAdaptor:  file_open 11-Jan-2024 11:02:56 CET PostProcessEvent
Data is served from fnal.gov instead of original site US-Regional-Nebraska
%MSG
11-Jan-2024 11:02:57 CET  Successfully opened file root://cmsxrootd.fnal.gov//store/mc/RunIISummer20UL16MiniAODv2/QCD_HT300to500_BGenFilter_TuneCP5_13TeV-madgraph-pythia8/MINIAODSIM/106X_mcRun2_asymptotic_v17-v2/2530000/57DE6F25-6694-7E4D-88DC-51FE2C84E4C3.root
11-Jan-2024 11:03:16 CET  Closed file root://cmsxrootd.fnal.gov//store/mc/RunIISummer20UL16MiniAODv2/QCD_HT300to500_BGenFilter_TuneCP5_13TeV-madgraph-pythia8/MINIAODSIM/106X_mcRun2_asymptotic_v17-v2/2530000/57DE6F25-6694-7E4D-88DC-51FE2C84E4C3.root
11-Jan-2024 11:03:16 CET  Initiating request to open file root://cmsxrootd.fnal.gov//store/mc/RunIISummer20UL16MiniAODv2/QCD_HT300to500_BGenFilter_TuneCP5_13TeV-madgraph-pythia8/MINIAODSIM/106X_mcRun2_asymptotic_v17-v2/2530000/D6BDBD29-1693-0545-AC6C-996ADAAEB421.root
%MSG-w XrdAdaptor:  file_open 11-Jan-2024 11:03:19 CET PostProcessEvent
Data is served from T2_US_MIT instead of original site US-Regional-Nebraska
%MSG
11-Jan-2024 11:03:20 CET  Successfully opened file root://cmsxrootd.fnal.gov//store/mc/RunIISummer20UL16MiniAODv2/QCD_HT300to500_BGenFilter_TuneCP5_13TeV-madgraph-pythia8/MINIAODSIM/106X_mcRun2_asymptotic_v17-v2/2530000/D6BDBD29-1693-0545-AC6C-996ADAAEB421.root
Begin processing the 1700001st record. Run 1, Event 5464976, LumiSection 8447 on stream 0 at 11-Jan-2024 11:03:25.617 CET
11-Jan-2024 11:03:26 CET  Closed file root://cmsxrootd.fnal.gov//store/mc/RunIISummer20UL16MiniAODv2/QCD_HT300to500_BGenFilter_TuneCP5_13TeV-madgraph-pythia8/MINIAODSIM/106X_mcRun2_asymptotic_v17-v2/2530000/D6BDBD29-1693-0545-AC6C-996ADAAEB421.root
11-Jan-2024 11:03:26 CET  Initiating request to open file root://cmsxrootd.fnal.gov//store/mc/RunIISummer20UL16MiniAODv2/QCD_HT300to500_BGenFilter_TuneCP5_13TeV-madgraph-pythia8/MINIAODSIM/106X_mcRun2_asymptotic_v17-v2/2520000/8308AB0F-1134-5D46-9A9A-EC263A4F6E75.root
%MSG-w XrdAdaptor:  file_open 11-Jan-2024 11:03:32 CET PostProcessEvent
Data is served from cms.rcac.purdue.edu instead of original site US-Regional-Nebraska
%MSG
11-Jan-2024 11:03:33 CET  Successfully opened file root://cmsxrootd.fnal.gov//store/mc/RunIISummer20UL16MiniAODv2/QCD_HT300to500_BGenFilter_TuneCP5_13TeV-madgraph-pythia8/MINIAODSIM/106X_mcRun2_asymptotic_v17-v2/2520000/8308AB0F-1134-5D46-9A9A-EC263A4F6E75.root
11-Jan-2024 11:03:41 CET  Closed file root://cmsxrootd.fnal.gov//store/mc/RunIISummer20UL16MiniAODv2/QCD_HT300to500_BGenFilter_TuneCP5_13TeV-madgraph-pythia8/MINIAODSIM/106X_mcRun2_asymptotic_v17-v2/2520000/8308AB0F-1134-5D46-9A9A-EC263A4F6E75.root
11-Jan-2024 11:03:41 CET  Initiating request to open file root://cmsxrootd.fnal.gov//store/mc/RunIISummer20UL16MiniAODv2/QCD_HT300to500_BGenFilter_TuneCP5_13TeV-madgraph-pythia8/MINIAODSIM/106X_mcRun2_asymptotic_v17-v2/2520000/AE551545-5CB4-C54B-B60F-B57D4E6BA627.root
%MSG-w XrdAdaptor:  file_open 11-Jan-2024 11:03:43 CET PostProcessEvent
Data is served from fnal.gov instead of original site US-Regional-Nebraska
%MSG
11-Jan-2024 11:03:44 CET  Successfully opened file root://cmsxrootd.fnal.gov//store/mc/RunIISummer20UL16MiniAODv2/QCD_HT300to500_BGenFilter_TuneCP5_13TeV-madgraph-pythia8/MINIAODSIM/106X_mcRun2_asymptotic_v17-v2/2520000/AE551545-5CB4-C54B-B60F-B57D4E6BA627.root
Begin processing the 1800001st record. Run 1, Event 13003898, LumiSection 20099 on stream 0 at 11-Jan-2024 11:03:55.335 CET
11-Jan-2024 11:03:56 CET  Closed file root://cmsxrootd.fnal.gov//store/mc/RunIISummer20UL16MiniAODv2/QCD_HT300to500_BGenFilter_TuneCP5_13TeV-madgraph-pythia8/MINIAODSIM/106X_mcRun2_asymptotic_v17-v2/2520000/AE551545-5CB4-C54B-B60F-B57D4E6BA627.root
11-Jan-2024 11:03:56 CET  Initiating request to open file root://cmsxrootd.fnal.gov//store/mc/RunIISummer20UL16MiniAODv2/QCD_HT300to500_BGenFilter_TuneCP5_13TeV-madgraph-pythia8/MINIAODSIM/106X_mcRun2_asymptotic_v17-v2/2520000/72C9C26C-EF39-7342-B6D2-9AA67D76211E.root
%MSG-w XrdAdaptor:  file_open 11-Jan-2024 11:03:58 CET PostProcessEvent
Data is served from fnal.gov instead of original site US-Regional-Nebraska
%MSG
11-Jan-2024 11:03:59 CET  Successfully opened file root://cmsxrootd.fnal.gov//store/mc/RunIISummer20UL16MiniAODv2/QCD_HT300to500_BGenFilter_TuneCP5_13TeV-madgraph-pythia8/MINIAODSIM/106X_mcRun2_asymptotic_v17-v2/2520000/72C9C26C-EF39-7342-B6D2-9AA67D76211E.root
11-Jan-2024 11:04:28 CET  Closed file root://cmsxrootd.fnal.gov//store/mc/RunIISummer20UL16MiniAODv2/QCD_HT300to500_BGenFilter_TuneCP5_13TeV-madgraph-pythia8/MINIAODSIM/106X_mcRun2_asymptotic_v17-v2/2520000/72C9C26C-EF39-7342-B6D2-9AA67D76211E.root
11-Jan-2024 11:04:28 CET  Initiating request to open file root://cmsxrootd.fnal.gov//store/mc/RunIISummer20UL16MiniAODv2/QCD_HT300to500_BGenFilter_TuneCP5_13TeV-madgraph-pythia8/MINIAODSIM/106X_mcRun2_asymptotic_v17-v2/2520000/08373C18-CCBE-6444-A13F-0C56FF4B5B2C.root
%MSG-w XrdAdaptor:  file_open 11-Jan-2024 11:04:31 CET PostProcessEvent
Data is served from fnal.gov instead of original site US-Regional-Nebraska
%MSG
11-Jan-2024 11:04:32 CET  Successfully opened file root://cmsxrootd.fnal.gov//store/mc/RunIISummer20UL16MiniAODv2/QCD_HT300to500_BGenFilter_TuneCP5_13TeV-madgraph-pythia8/MINIAODSIM/106X_mcRun2_asymptotic_v17-v2/2520000/08373C18-CCBE-6444-A13F-0C56FF4B5B2C.root
Begin processing the 1900001st record. Run 1, Event 7323118, LumiSection 11319 on stream 0 at 11-Jan-2024 11:04:42.167 CET
11-Jan-2024 11:04:42 CET  Closed file root://cmsxrootd.fnal.gov//store/mc/RunIISummer20UL16MiniAODv2/QCD_HT300to500_BGenFilter_TuneCP5_13TeV-madgraph-pythia8/MINIAODSIM/106X_mcRun2_asymptotic_v17-v2/2520000/08373C18-CCBE-6444-A13F-0C56FF4B5B2C.root
11-Jan-2024 11:04:42 CET  Initiating request to open file root://cmsxrootd.fnal.gov//store/mc/RunIISummer20UL16MiniAODv2/QCD_HT300to500_BGenFilter_TuneCP5_13TeV-madgraph-pythia8/MINIAODSIM/106X_mcRun2_asymptotic_v17-v2/2520000/3C350957-FFD7-5940-BDD5-F2D866D28324.root
%MSG-w XrdAdaptor:  file_open 11-Jan-2024 11:04:44 CET PostProcessEvent
Data is served from fnal.gov instead of original site US-Regional-Nebraska
%MSG
11-Jan-2024 11:04:45 CET  Successfully opened file root://cmsxrootd.fnal.gov//store/mc/RunIISummer20UL16MiniAODv2/QCD_HT300to500_BGenFilter_TuneCP5_13TeV-madgraph-pythia8/MINIAODSIM/106X_mcRun2_asymptotic_v17-v2/2520000/3C350957-FFD7-5940-BDD5-F2D866D28324.root
11-Jan-2024 11:04:51 CET  Closed file root://cmsxrootd.fnal.gov//store/mc/RunIISummer20UL16MiniAODv2/QCD_HT300to500_BGenFilter_TuneCP5_13TeV-madgraph-pythia8/MINIAODSIM/106X_mcRun2_asymptotic_v17-v2/2520000/3C350957-FFD7-5940-BDD5-F2D866D28324.root
11-Jan-2024 11:04:51 CET  Initiating request to open file root://cmsxrootd.fnal.gov//store/mc/RunIISummer20UL16MiniAODv2/QCD_HT300to500_BGenFilter_TuneCP5_13TeV-madgraph-pythia8/MINIAODSIM/106X_mcRun2_asymptotic_v17-v2/2520000/541F57BB-6B90-0347-ADB1-89B6E1C8A98F.root
%MSG-w XrdAdaptor:  file_open 11-Jan-2024 11:04:53 CET PostProcessEvent
Data is served from fnal.gov instead of original site US-Regional-Nebraska
%MSG
11-Jan-2024 11:04:54 CET  Successfully opened file root://cmsxrootd.fnal.gov//store/mc/RunIISummer20UL16MiniAODv2/QCD_HT300to500_BGenFilter_TuneCP5_13TeV-madgraph-pythia8/MINIAODSIM/106X_mcRun2_asymptotic_v17-v2/2520000/541F57BB-6B90-0347-ADB1-89B6E1C8A98F.root
11-Jan-2024 11:05:02 CET  Closed file root://cmsxrootd.fnal.gov//store/mc/RunIISummer20UL16MiniAODv2/QCD_HT300to500_BGenFilter_TuneCP5_13TeV-madgraph-pythia8/MINIAODSIM/106X_mcRun2_asymptotic_v17-v2/2520000/541F57BB-6B90-0347-ADB1-89B6E1C8A98F.root
11-Jan-2024 11:05:02 CET  Initiating request to open file root://cmsxrootd.fnal.gov//store/mc/RunIISummer20UL16MiniAODv2/QCD_HT300to500_BGenFilter_TuneCP5_13TeV-madgraph-pythia8/MINIAODSIM/106X_mcRun2_asymptotic_v17-v2/2530000/83A56F62-BB6F-5744-8A6B-F68E2288F8A8.root
%MSG-w XrdAdaptor:  file_open 11-Jan-2024 11:05:07 CET PostProcessEvent
Data is served from T2_US_Wisconsin instead of original site US-Regional-Nebraska
%MSG
11-Jan-2024 11:05:08 CET  Successfully opened file root://cmsxrootd.fnal.gov//store/mc/RunIISummer20UL16MiniAODv2/QCD_HT300to500_BGenFilter_TuneCP5_13TeV-madgraph-pythia8/MINIAODSIM/106X_mcRun2_asymptotic_v17-v2/2530000/83A56F62-BB6F-5744-8A6B-F68E2288F8A8.root
Begin processing the 2000001st record. Run 1, Event 12045431, LumiSection 18618 on stream 0 at 11-Jan-2024 11:05:16.255 CET
11-Jan-2024 11:05:17 CET  Closed file root://cmsxrootd.fnal.gov//store/mc/RunIISummer20UL16MiniAODv2/QCD_HT300to500_BGenFilter_TuneCP5_13TeV-madgraph-pythia8/MINIAODSIM/106X_mcRun2_asymptotic_v17-v2/2530000/83A56F62-BB6F-5744-8A6B-F68E2288F8A8.root
11-Jan-2024 11:05:17 CET  Initiating request to open file root://cmsxrootd.fnal.gov//store/mc/RunIISummer20UL16MiniAODv2/QCD_HT300to500_BGenFilter_TuneCP5_13TeV-madgraph-pythia8/MINIAODSIM/106X_mcRun2_asymptotic_v17-v2/2530000/2404809D-4EF7-3F4C-83F9-F3565C14DDD7.root
%MSG-w XrdAdaptor:  file_open 11-Jan-2024 11:05:20 CET PostProcessEvent
Data is served from T2_US_Wisconsin instead of original site US-Regional-Nebraska
%MSG
11-Jan-2024 11:05:21 CET  Successfully opened file root://cmsxrootd.fnal.gov//store/mc/RunIISummer20UL16MiniAODv2/QCD_HT300to500_BGenFilter_TuneCP5_13TeV-madgraph-pythia8/MINIAODSIM/106X_mcRun2_asymptotic_v17-v2/2530000/2404809D-4EF7-3F4C-83F9-F3565C14DDD7.root
11-Jan-2024 11:05:27 CET  Closed file root://cmsxrootd.fnal.gov//store/mc/RunIISummer20UL16MiniAODv2/QCD_HT300to500_BGenFilter_TuneCP5_13TeV-madgraph-pythia8/MINIAODSIM/106X_mcRun2_asymptotic_v17-v2/2530000/2404809D-4EF7-3F4C-83F9-F3565C14DDD7.root
11-Jan-2024 11:05:27 CET  Initiating request to open file root://cmsxrootd.fnal.gov//store/mc/RunIISummer20UL16MiniAODv2/QCD_HT300to500_BGenFilter_TuneCP5_13TeV-madgraph-pythia8/MINIAODSIM/106X_mcRun2_asymptotic_v17-v2/2530000/A23BCA13-FED2-514E-B5EA-9D478B2AB5FB.root
Unable to load sec.protocol plugin libXrdSecztn.so
%MSG-w XrdAdaptor:  file_open 11-Jan-2024 11:05:31 CET PostProcessEvent
Data is served from T2_US_UCSD-ceph instead of original site US-Regional-Nebraska
%MSG
11-Jan-2024 11:05:32 CET  Successfully opened file root://cmsxrootd.fnal.gov//store/mc/RunIISummer20UL16MiniAODv2/QCD_HT300to500_BGenFilter_TuneCP5_13TeV-madgraph-pythia8/MINIAODSIM/106X_mcRun2_asymptotic_v17-v2/2530000/A23BCA13-FED2-514E-B5EA-9D478B2AB5FB.root
Unable to load sec.protocol plugin libXrdSecztn.so
11-Jan-2024 11:05:45 CET  Closed file root://cmsxrootd.fnal.gov//store/mc/RunIISummer20UL16MiniAODv2/QCD_HT300to500_BGenFilter_TuneCP5_13TeV-madgraph-pythia8/MINIAODSIM/106X_mcRun2_asymptotic_v17-v2/2530000/A23BCA13-FED2-514E-B5EA-9D478B2AB5FB.root
11-Jan-2024 11:05:45 CET  Initiating request to open file root://cmsxrootd.fnal.gov//store/mc/RunIISummer20UL16MiniAODv2/QCD_HT300to500_BGenFilter_TuneCP5_13TeV-madgraph-pythia8/MINIAODSIM/106X_mcRun2_asymptotic_v17-v2/2530000/967558DB-2E6C-D549-B490-2608C5B40CAD.root
Unable to load sec.protocol plugin libXrdSecztn.so
%MSG-w XrdAdaptor:  file_open 11-Jan-2024 11:05:48 CET PostProcessEvent
Data is served from T2_US_UCSD-ceph instead of original site US-Regional-Nebraska
%MSG
11-Jan-2024 11:05:49 CET  Successfully opened file root://cmsxrootd.fnal.gov//store/mc/RunIISummer20UL16MiniAODv2/QCD_HT300to500_BGenFilter_TuneCP5_13TeV-madgraph-pythia8/MINIAODSIM/106X_mcRun2_asymptotic_v17-v2/2530000/967558DB-2E6C-D549-B490-2608C5B40CAD.root
Unable to load sec.protocol plugin libXrdSecztn.so
11-Jan-2024 11:05:58 CET  Closed file root://cmsxrootd.fnal.gov//store/mc/RunIISummer20UL16MiniAODv2/QCD_HT300to500_BGenFilter_TuneCP5_13TeV-madgraph-pythia8/MINIAODSIM/106X_mcRun2_asymptotic_v17-v2/2530000/967558DB-2E6C-D549-B490-2608C5B40CAD.root
11-Jan-2024 11:05:58 CET  Initiating request to open file root://cmsxrootd.fnal.gov//store/mc/RunIISummer20UL16MiniAODv2/QCD_HT300to500_BGenFilter_TuneCP5_13TeV-madgraph-pythia8/MINIAODSIM/106X_mcRun2_asymptotic_v17-v2/2530000/818BF40A-4F13-034D-B9E3-3E36B11039C5.root
%MSG-w XrdAdaptor:  file_open 11-Jan-2024 11:06:01 CET PostProcessEvent
Data is served from fnal.gov instead of original site US-Regional-Nebraska
%MSG
11-Jan-2024 11:06:01 CET  Successfully opened file root://cmsxrootd.fnal.gov//store/mc/RunIISummer20UL16MiniAODv2/QCD_HT300to500_BGenFilter_TuneCP5_13TeV-madgraph-pythia8/MINIAODSIM/106X_mcRun2_asymptotic_v17-v2/2530000/818BF40A-4F13-034D-B9E3-3E36B11039C5.root
Begin processing the 2100001st record. Run 1, Event 44562683, LumiSection 68876 on stream 0 at 11-Jan-2024 11:06:06.515 CET
11-Jan-2024 11:06:06 CET  Closed file root://cmsxrootd.fnal.gov//store/mc/RunIISummer20UL16MiniAODv2/QCD_HT300to500_BGenFilter_TuneCP5_13TeV-madgraph-pythia8/MINIAODSIM/106X_mcRun2_asymptotic_v17-v2/2530000/818BF40A-4F13-034D-B9E3-3E36B11039C5.root
11-Jan-2024 11:06:06 CET  Initiating request to open file root://cmsxrootd.fnal.gov//store/mc/RunIISummer20UL16MiniAODv2/QCD_HT300to500_BGenFilter_TuneCP5_13TeV-madgraph-pythia8/MINIAODSIM/106X_mcRun2_asymptotic_v17-v2/2520000/0064FCE1-9688-844E-8E16-26E14749F20C.root
%MSG-w XrdAdaptor:  file_open 11-Jan-2024 11:06:09 CET PostProcessEvent
Data is served from T2_US_Wisconsin instead of original site US-Regional-Nebraska
%MSG
11-Jan-2024 11:06:10 CET  Successfully opened file root://cmsxrootd.fnal.gov//store/mc/RunIISummer20UL16MiniAODv2/QCD_HT300to500_BGenFilter_TuneCP5_13TeV-madgraph-pythia8/MINIAODSIM/106X_mcRun2_asymptotic_v17-v2/2520000/0064FCE1-9688-844E-8E16-26E14749F20C.root
11-Jan-2024 11:06:21 CET  Closed file root://cmsxrootd.fnal.gov//store/mc/RunIISummer20UL16MiniAODv2/QCD_HT300to500_BGenFilter_TuneCP5_13TeV-madgraph-pythia8/MINIAODSIM/106X_mcRun2_asymptotic_v17-v2/2520000/0064FCE1-9688-844E-8E16-26E14749F20C.root
11-Jan-2024 11:06:21 CET  Initiating request to open file root://cmsxrootd.fnal.gov//store/mc/RunIISummer20UL16MiniAODv2/QCD_HT300to500_BGenFilter_TuneCP5_13TeV-madgraph-pythia8/MINIAODSIM/106X_mcRun2_asymptotic_v17-v2/2520000/8791C85F-0888-784F-91B5-4CC6DAE1EDE5.root
%MSG-w XrdAdaptor:  file_open 11-Jan-2024 11:06:24 CET PostProcessEvent
Data is served from T2_US_Wisconsin instead of original site US-Regional-Nebraska
%MSG
11-Jan-2024 11:06:25 CET  Successfully opened file root://cmsxrootd.fnal.gov//store/mc/RunIISummer20UL16MiniAODv2/QCD_HT300to500_BGenFilter_TuneCP5_13TeV-madgraph-pythia8/MINIAODSIM/106X_mcRun2_asymptotic_v17-v2/2520000/8791C85F-0888-784F-91B5-4CC6DAE1EDE5.root
Begin processing the 2200001st record. Run 1, Event 42869228, LumiSection 66259 on stream 0 at 11-Jan-2024 11:06:35.491 CET
11-Jan-2024 11:06:35 CET  Closed file root://cmsxrootd.fnal.gov//store/mc/RunIISummer20UL16MiniAODv2/QCD_HT300to500_BGenFilter_TuneCP5_13TeV-madgraph-pythia8/MINIAODSIM/106X_mcRun2_asymptotic_v17-v2/2520000/8791C85F-0888-784F-91B5-4CC6DAE1EDE5.root
11-Jan-2024 11:06:35 CET  Initiating request to open file root://cmsxrootd.fnal.gov//store/mc/RunIISummer20UL16MiniAODv2/QCD_HT300to500_BGenFilter_TuneCP5_13TeV-madgraph-pythia8/MINIAODSIM/106X_mcRun2_asymptotic_v17-v2/2520000/5E561C60-BB9E-8343-92DF-5A0FE4D8604D.root
%MSG-w XrdAdaptor:  file_open 11-Jan-2024 11:06:39 CET PostProcessEvent
Data is served from T2_US_Wisconsin instead of original site US-Regional-Nebraska
%MSG
11-Jan-2024 11:06:39 CET  Successfully opened file root://cmsxrootd.fnal.gov//store/mc/RunIISummer20UL16MiniAODv2/QCD_HT300to500_BGenFilter_TuneCP5_13TeV-madgraph-pythia8/MINIAODSIM/106X_mcRun2_asymptotic_v17-v2/2520000/5E561C60-BB9E-8343-92DF-5A0FE4D8604D.root
11-Jan-2024 11:06:48 CET  Closed file root://cmsxrootd.fnal.gov//store/mc/RunIISummer20UL16MiniAODv2/QCD_HT300to500_BGenFilter_TuneCP5_13TeV-madgraph-pythia8/MINIAODSIM/106X_mcRun2_asymptotic_v17-v2/2520000/5E561C60-BB9E-8343-92DF-5A0FE4D8604D.root
11-Jan-2024 11:06:48 CET  Initiating request to open file root://cmsxrootd.fnal.gov//store/mc/RunIISummer20UL16MiniAODv2/QCD_HT300to500_BGenFilter_TuneCP5_13TeV-madgraph-pythia8/MINIAODSIM/106X_mcRun2_asymptotic_v17-v2/2520000/455A33F0-793D-6940-96CB-DA844C22CA8C.root
%MSG-w XrdAdaptor:  file_open 11-Jan-2024 11:06:50 CET PostProcessEvent
Data is served from T2_US_Wisconsin instead of original site US-Regional-Nebraska
%MSG
11-Jan-2024 11:06:51 CET  Successfully opened file root://cmsxrootd.fnal.gov//store/mc/RunIISummer20UL16MiniAODv2/QCD_HT300to500_BGenFilter_TuneCP5_13TeV-madgraph-pythia8/MINIAODSIM/106X_mcRun2_asymptotic_v17-v2/2520000/455A33F0-793D-6940-96CB-DA844C22CA8C.root
Begin processing the 2300001st record. Run 1, Event 46150433, LumiSection 71330 on stream 0 at 11-Jan-2024 11:06:59.281 CET
11-Jan-2024 11:07:01 CET  Closed file root://cmsxrootd.fnal.gov//store/mc/RunIISummer20UL16MiniAODv2/QCD_HT300to500_BGenFilter_TuneCP5_13TeV-madgraph-pythia8/MINIAODSIM/106X_mcRun2_asymptotic_v17-v2/2520000/455A33F0-793D-6940-96CB-DA844C22CA8C.root
11-Jan-2024 11:07:01 CET  Initiating request to open file root://cmsxrootd.fnal.gov//store/mc/RunIISummer20UL16MiniAODv2/QCD_HT300to500_BGenFilter_TuneCP5_13TeV-madgraph-pythia8/MINIAODSIM/106X_mcRun2_asymptotic_v17-v2/2520000/1814FF3F-4E84-8742-88AF-7C92E097D9D4.root
%MSG-w XrdAdaptor:  file_open 11-Jan-2024 11:07:04 CET PostProcessEvent
Data is served from T2_US_Wisconsin instead of original site US-Regional-Nebraska
%MSG
11-Jan-2024 11:07:05 CET  Successfully opened file root://cmsxrootd.fnal.gov//store/mc/RunIISummer20UL16MiniAODv2/QCD_HT300to500_BGenFilter_TuneCP5_13TeV-madgraph-pythia8/MINIAODSIM/106X_mcRun2_asymptotic_v17-v2/2520000/1814FF3F-4E84-8742-88AF-7C92E097D9D4.root
11-Jan-2024 11:07:11 CET  Closed file root://cmsxrootd.fnal.gov//store/mc/RunIISummer20UL16MiniAODv2/QCD_HT300to500_BGenFilter_TuneCP5_13TeV-madgraph-pythia8/MINIAODSIM/106X_mcRun2_asymptotic_v17-v2/2520000/1814FF3F-4E84-8742-88AF-7C92E097D9D4.root
11-Jan-2024 11:07:11 CET  Initiating request to open file root://cmsxrootd.fnal.gov//store/mc/RunIISummer20UL16MiniAODv2/QCD_HT300to500_BGenFilter_TuneCP5_13TeV-madgraph-pythia8/MINIAODSIM/106X_mcRun2_asymptotic_v17-v2/2520000/CEB26D3D-A31B-F640-9A1E-C7A9DEB72D76.root
%MSG-w XrdAdaptor:  file_open 11-Jan-2024 11:07:13 CET PostProcessEvent
Data is served from fnal.gov instead of original site US-Regional-Nebraska
%MSG
11-Jan-2024 11:07:14 CET  Successfully opened file root://cmsxrootd.fnal.gov//store/mc/RunIISummer20UL16MiniAODv2/QCD_HT300to500_BGenFilter_TuneCP5_13TeV-madgraph-pythia8/MINIAODSIM/106X_mcRun2_asymptotic_v17-v2/2520000/CEB26D3D-A31B-F640-9A1E-C7A9DEB72D76.root
Begin processing the 2400001st record. Run 1, Event 37038044, LumiSection 57246 on stream 0 at 11-Jan-2024 11:07:22.401 CET
11-Jan-2024 11:07:23 CET  Closed file root://cmsxrootd.fnal.gov//store/mc/RunIISummer20UL16MiniAODv2/QCD_HT300to500_BGenFilter_TuneCP5_13TeV-madgraph-pythia8/MINIAODSIM/106X_mcRun2_asymptotic_v17-v2/2520000/CEB26D3D-A31B-F640-9A1E-C7A9DEB72D76.root
11-Jan-2024 11:07:23 CET  Initiating request to open file root://cmsxrootd.fnal.gov//store/mc/RunIISummer20UL16MiniAODv2/QCD_HT300to500_BGenFilter_TuneCP5_13TeV-madgraph-pythia8/MINIAODSIM/106X_mcRun2_asymptotic_v17-v2/2520000/62B18C99-81A5-A049-B8F1-1EB401378A12.root
%MSG-w XrdAdaptor:  file_open 11-Jan-2024 11:07:25 CET PostProcessEvent
Data is served from fnal.gov instead of original site US-Regional-Nebraska
%MSG
11-Jan-2024 11:07:25 CET  Successfully opened file root://cmsxrootd.fnal.gov//store/mc/RunIISummer20UL16MiniAODv2/QCD_HT300to500_BGenFilter_TuneCP5_13TeV-madgraph-pythia8/MINIAODSIM/106X_mcRun2_asymptotic_v17-v2/2520000/62B18C99-81A5-A049-B8F1-1EB401378A12.root
11-Jan-2024 11:07:33 CET  Closed file root://cmsxrootd.fnal.gov//store/mc/RunIISummer20UL16MiniAODv2/QCD_HT300to500_BGenFilter_TuneCP5_13TeV-madgraph-pythia8/MINIAODSIM/106X_mcRun2_asymptotic_v17-v2/2520000/62B18C99-81A5-A049-B8F1-1EB401378A12.root
11-Jan-2024 11:07:33 CET  Initiating request to open file root://cmsxrootd.fnal.gov//store/mc/RunIISummer20UL16MiniAODv2/QCD_HT300to500_BGenFilter_TuneCP5_13TeV-madgraph-pythia8/MINIAODSIM/106X_mcRun2_asymptotic_v17-v2/2520000/ABBBEB77-8190-2B4B-B37B-CBED54C9CD30.root
%MSG-w XrdAdaptor:  file_open 11-Jan-2024 11:07:36 CET PostProcessEvent
Data is served from fnal.gov instead of original site US-Regional-Nebraska
%MSG
11-Jan-2024 11:07:36 CET  Successfully opened file root://cmsxrootd.fnal.gov//store/mc/RunIISummer20UL16MiniAODv2/QCD_HT300to500_BGenFilter_TuneCP5_13TeV-madgraph-pythia8/MINIAODSIM/106X_mcRun2_asymptotic_v17-v2/2520000/ABBBEB77-8190-2B4B-B37B-CBED54C9CD30.root
11-Jan-2024 11:07:42 CET  Closed file root://cmsxrootd.fnal.gov//store/mc/RunIISummer20UL16MiniAODv2/QCD_HT300to500_BGenFilter_TuneCP5_13TeV-madgraph-pythia8/MINIAODSIM/106X_mcRun2_asymptotic_v17-v2/2520000/ABBBEB77-8190-2B4B-B37B-CBED54C9CD30.root
11-Jan-2024 11:07:42 CET  Initiating request to open file root://cmsxrootd.fnal.gov//store/mc/RunIISummer20UL16MiniAODv2/QCD_HT300to500_BGenFilter_TuneCP5_13TeV-madgraph-pythia8/MINIAODSIM/106X_mcRun2_asymptotic_v17-v2/2530000/FBCC2BC2-91BF-A048-A2ED-B02B4E7C536C.root
%MSG-w XrdAdaptor:  file_open 11-Jan-2024 11:07:46 CET PostProcessEvent
Data is served from cms.rcac.purdue.edu instead of original site US-Regional-Nebraska
%MSG
11-Jan-2024 11:07:47 CET  Successfully opened file root://cmsxrootd.fnal.gov//store/mc/RunIISummer20UL16MiniAODv2/QCD_HT300to500_BGenFilter_TuneCP5_13TeV-madgraph-pythia8/MINIAODSIM/106X_mcRun2_asymptotic_v17-v2/2530000/FBCC2BC2-91BF-A048-A2ED-B02B4E7C536C.root
Begin processing the 2500001st record. Run 1, Event 14145891, LumiSection 21864 on stream 0 at 11-Jan-2024 11:07:55.147 CET
11-Jan-2024 11:07:55 CET  Closed file root://cmsxrootd.fnal.gov//store/mc/RunIISummer20UL16MiniAODv2/QCD_HT300to500_BGenFilter_TuneCP5_13TeV-madgraph-pythia8/MINIAODSIM/106X_mcRun2_asymptotic_v17-v2/2530000/FBCC2BC2-91BF-A048-A2ED-B02B4E7C536C.root
11-Jan-2024 11:07:55 CET  Initiating request to open file root://cmsxrootd.fnal.gov//store/mc/RunIISummer20UL16MiniAODv2/QCD_HT300to500_BGenFilter_TuneCP5_13TeV-madgraph-pythia8/MINIAODSIM/106X_mcRun2_asymptotic_v17-v2/2530000/7CB45B6C-6B0D-EA46-ABC6-825141747446.root
%MSG-w XrdAdaptor:  file_open 11-Jan-2024 11:07:58 CET PostProcessEvent
Data is served from cms.rcac.purdue.edu instead of original site US-Regional-Nebraska
%MSG
11-Jan-2024 11:07:59 CET  Successfully opened file root://cmsxrootd.fnal.gov//store/mc/RunIISummer20UL16MiniAODv2/QCD_HT300to500_BGenFilter_TuneCP5_13TeV-madgraph-pythia8/MINIAODSIM/106X_mcRun2_asymptotic_v17-v2/2530000/7CB45B6C-6B0D-EA46-ABC6-825141747446.root
11-Jan-2024 11:08:09 CET  Closed file root://cmsxrootd.fnal.gov//store/mc/RunIISummer20UL16MiniAODv2/QCD_HT300to500_BGenFilter_TuneCP5_13TeV-madgraph-pythia8/MINIAODSIM/106X_mcRun2_asymptotic_v17-v2/2530000/7CB45B6C-6B0D-EA46-ABC6-825141747446.root
11-Jan-2024 11:08:09 CET  Initiating request to open file root://cmsxrootd.fnal.gov//store/mc/RunIISummer20UL16MiniAODv2/QCD_HT300to500_BGenFilter_TuneCP5_13TeV-madgraph-pythia8/MINIAODSIM/106X_mcRun2_asymptotic_v17-v2/2530000/A4252557-139B-CA4C-9A64-C6164CE1B7BE.root
%MSG-w XrdAdaptor:  file_open 11-Jan-2024 11:08:12 CET PostProcessEvent
Data is served from cms.rcac.purdue.edu instead of original site US-Regional-Nebraska
%MSG
11-Jan-2024 11:08:12 CET  Successfully opened file root://cmsxrootd.fnal.gov//store/mc/RunIISummer20UL16MiniAODv2/QCD_HT300to500_BGenFilter_TuneCP5_13TeV-madgraph-pythia8/MINIAODSIM/106X_mcRun2_asymptotic_v17-v2/2530000/A4252557-139B-CA4C-9A64-C6164CE1B7BE.root
Begin processing the 2600001st record. Run 1, Event 37175362, LumiSection 57459 on stream 0 at 11-Jan-2024 11:08:22.063 CET
11-Jan-2024 11:08:22 CET  Closed file root://cmsxrootd.fnal.gov//store/mc/RunIISummer20UL16MiniAODv2/QCD_HT300to500_BGenFilter_TuneCP5_13TeV-madgraph-pythia8/MINIAODSIM/106X_mcRun2_asymptotic_v17-v2/2530000/A4252557-139B-CA4C-9A64-C6164CE1B7BE.root
11-Jan-2024 11:08:22 CET  Initiating request to open file root://cmsxrootd.fnal.gov//store/mc/RunIISummer20UL16MiniAODv2/QCD_HT300to500_BGenFilter_TuneCP5_13TeV-madgraph-pythia8/MINIAODSIM/106X_mcRun2_asymptotic_v17-v2/2530000/50459C14-55AB-6C45-927C-E435541753EB.root
%MSG-w XrdAdaptor:  file_open 11-Jan-2024 11:08:25 CET PostProcessEvent
Data is served from cms.rcac.purdue.edu instead of original site US-Regional-Nebraska
%MSG
11-Jan-2024 11:08:26 CET  Successfully opened file root://cmsxrootd.fnal.gov//store/mc/RunIISummer20UL16MiniAODv2/QCD_HT300to500_BGenFilter_TuneCP5_13TeV-madgraph-pythia8/MINIAODSIM/106X_mcRun2_asymptotic_v17-v2/2530000/50459C14-55AB-6C45-927C-E435541753EB.root
11-Jan-2024 11:08:36 CET  Closed file root://cmsxrootd.fnal.gov//store/mc/RunIISummer20UL16MiniAODv2/QCD_HT300to500_BGenFilter_TuneCP5_13TeV-madgraph-pythia8/MINIAODSIM/106X_mcRun2_asymptotic_v17-v2/2530000/50459C14-55AB-6C45-927C-E435541753EB.root
11-Jan-2024 11:08:36 CET  Initiating request to open file root://cmsxrootd.fnal.gov//store/mc/RunIISummer20UL16MiniAODv2/QCD_HT300to500_BGenFilter_TuneCP5_13TeV-madgraph-pythia8/MINIAODSIM/106X_mcRun2_asymptotic_v17-v2/2530000/A7A85921-0D85-8E40-AA63-907BE16264DB.root
%MSG-w XrdAdaptor:  file_open 11-Jan-2024 11:08:38 CET PostProcessEvent
Data is served from cms.rcac.purdue.edu instead of original site US-Regional-Nebraska
%MSG
11-Jan-2024 11:08:39 CET  Successfully opened file root://cmsxrootd.fnal.gov//store/mc/RunIISummer20UL16MiniAODv2/QCD_HT300to500_BGenFilter_TuneCP5_13TeV-madgraph-pythia8/MINIAODSIM/106X_mcRun2_asymptotic_v17-v2/2530000/A7A85921-0D85-8E40-AA63-907BE16264DB.root
Begin processing the 2700001st record. Run 1, Event 39569821, LumiSection 61159 on stream 0 at 11-Jan-2024 11:08:46.614 CET
11-Jan-2024 11:08:50 CET  Closed file root://cmsxrootd.fnal.gov//store/mc/RunIISummer20UL16MiniAODv2/QCD_HT300to500_BGenFilter_TuneCP5_13TeV-madgraph-pythia8/MINIAODSIM/106X_mcRun2_asymptotic_v17-v2/2530000/A7A85921-0D85-8E40-AA63-907BE16264DB.root
11-Jan-2024 11:08:50 CET  Initiating request to open file root://cmsxrootd.fnal.gov//store/mc/RunIISummer20UL16MiniAODv2/QCD_HT300to500_BGenFilter_TuneCP5_13TeV-madgraph-pythia8/MINIAODSIM/106X_mcRun2_asymptotic_v17-v2/2530000/0243E4D5-591A-3E4C-8B97-11C824D90AEB.root
%MSG-w XrdAdaptor:  file_open 11-Jan-2024 11:08:53 CET PostProcessEvent
Data is served from cms.rcac.purdue.edu instead of original site US-Regional-Nebraska
%MSG
11-Jan-2024 11:08:53 CET  Successfully opened file root://cmsxrootd.fnal.gov//store/mc/RunIISummer20UL16MiniAODv2/QCD_HT300to500_BGenFilter_TuneCP5_13TeV-madgraph-pythia8/MINIAODSIM/106X_mcRun2_asymptotic_v17-v2/2530000/0243E4D5-591A-3E4C-8B97-11C824D90AEB.root
Begin processing the 2800001st record. Run 1, Event 31562725, LumiSection 48784 on stream 0 at 11-Jan-2024 11:09:02.516 CET
11-Jan-2024 11:09:05 CET  Closed file root://cmsxrootd.fnal.gov//store/mc/RunIISummer20UL16MiniAODv2/QCD_HT300to500_BGenFilter_TuneCP5_13TeV-madgraph-pythia8/MINIAODSIM/106X_mcRun2_asymptotic_v17-v2/2530000/0243E4D5-591A-3E4C-8B97-11C824D90AEB.root
11-Jan-2024 11:09:05 CET  Initiating request to open file root://cmsxrootd.fnal.gov//store/mc/RunIISummer20UL16MiniAODv2/QCD_HT300to500_BGenFilter_TuneCP5_13TeV-madgraph-pythia8/MINIAODSIM/106X_mcRun2_asymptotic_v17-v2/2530000/0F6AB943-8906-1D45-860E-A4F4753C25D9.root
%MSG-w XrdAdaptor:  file_open 11-Jan-2024 11:09:08 CET PostProcessEvent
Data is served from cms.rcac.purdue.edu instead of original site US-Regional-Nebraska
%MSG
11-Jan-2024 11:09:08 CET  Successfully opened file root://cmsxrootd.fnal.gov//store/mc/RunIISummer20UL16MiniAODv2/QCD_HT300to500_BGenFilter_TuneCP5_13TeV-madgraph-pythia8/MINIAODSIM/106X_mcRun2_asymptotic_v17-v2/2530000/0F6AB943-8906-1D45-860E-A4F4753C25D9.root
Begin processing the 2900001st record. Run 1, Event 16191762, LumiSection 25026 on stream 0 at 11-Jan-2024 11:09:17.859 CET
11-Jan-2024 11:09:19 CET  Closed file root://cmsxrootd.fnal.gov//store/mc/RunIISummer20UL16MiniAODv2/QCD_HT300to500_BGenFilter_TuneCP5_13TeV-madgraph-pythia8/MINIAODSIM/106X_mcRun2_asymptotic_v17-v2/2530000/0F6AB943-8906-1D45-860E-A4F4753C25D9.root
11-Jan-2024 11:09:19 CET  Initiating request to open file root://cmsxrootd.fnal.gov//store/mc/RunIISummer20UL16MiniAODv2/QCD_HT300to500_BGenFilter_TuneCP5_13TeV-madgraph-pythia8/MINIAODSIM/106X_mcRun2_asymptotic_v17-v2/2530000/BA8D54AB-B4C6-D34C-9885-CCF71928B38F.root
%MSG-w XrdAdaptor:  file_open 11-Jan-2024 11:09:22 CET PostProcessEvent
Data is served from cms.rcac.purdue.edu instead of original site US-Regional-Nebraska
%MSG
11-Jan-2024 11:09:23 CET  Successfully opened file root://cmsxrootd.fnal.gov//store/mc/RunIISummer20UL16MiniAODv2/QCD_HT300to500_BGenFilter_TuneCP5_13TeV-madgraph-pythia8/MINIAODSIM/106X_mcRun2_asymptotic_v17-v2/2530000/BA8D54AB-B4C6-D34C-9885-CCF71928B38F.root
11-Jan-2024 11:09:33 CET  Closed file root://cmsxrootd.fnal.gov//store/mc/RunIISummer20UL16MiniAODv2/QCD_HT300to500_BGenFilter_TuneCP5_13TeV-madgraph-pythia8/MINIAODSIM/106X_mcRun2_asymptotic_v17-v2/2530000/BA8D54AB-B4C6-D34C-9885-CCF71928B38F.root
11-Jan-2024 11:09:33 CET  Initiating request to open file root://cmsxrootd.fnal.gov//store/mc/RunIISummer20UL16MiniAODv2/QCD_HT300to500_BGenFilter_TuneCP5_13TeV-madgraph-pythia8/MINIAODSIM/106X_mcRun2_asymptotic_v17-v2/2530000/649FA269-31F6-2641-890C-7A341CF8E2F6.root
%MSG-w XrdAdaptor:  file_open 11-Jan-2024 11:09:36 CET PostProcessEvent
Data is served from cms.rcac.purdue.edu instead of original site US-Regional-Nebraska
%MSG
11-Jan-2024 11:09:36 CET  Successfully opened file root://cmsxrootd.fnal.gov//store/mc/RunIISummer20UL16MiniAODv2/QCD_HT300to500_BGenFilter_TuneCP5_13TeV-madgraph-pythia8/MINIAODSIM/106X_mcRun2_asymptotic_v17-v2/2530000/649FA269-31F6-2641-890C-7A341CF8E2F6.root
Begin processing the 3000001st record. Run 1, Event 72094, LumiSection 112 on stream 0 at 11-Jan-2024 11:09:48.323 CET
11-Jan-2024 11:09:53 CET  Closed file root://cmsxrootd.fnal.gov//store/mc/RunIISummer20UL16MiniAODv2/QCD_HT300to500_BGenFilter_TuneCP5_13TeV-madgraph-pythia8/MINIAODSIM/106X_mcRun2_asymptotic_v17-v2/2530000/649FA269-31F6-2641-890C-7A341CF8E2F6.root
11-Jan-2024 11:09:53 CET  Initiating request to open file root://cmsxrootd.fnal.gov//store/mc/RunIISummer20UL16MiniAODv2/QCD_HT300to500_BGenFilter_TuneCP5_13TeV-madgraph-pythia8/MINIAODSIM/106X_mcRun2_asymptotic_v17-v2/2530000/5719133C-49D3-4C45-BA2F-C70AB4774ECA.root
%MSG-w XrdAdaptor:  file_open 11-Jan-2024 11:09:55 CET PostProcessEvent
Data is served from cms.rcac.purdue.edu instead of original site US-Regional-Nebraska
%MSG
11-Jan-2024 11:09:56 CET  Successfully opened file root://cmsxrootd.fnal.gov//store/mc/RunIISummer20UL16MiniAODv2/QCD_HT300to500_BGenFilter_TuneCP5_13TeV-madgraph-pythia8/MINIAODSIM/106X_mcRun2_asymptotic_v17-v2/2530000/5719133C-49D3-4C45-BA2F-C70AB4774ECA.root
Begin processing the 3100001st record. Run 1, Event 1596587, LumiSection 2468 on stream 0 at 11-Jan-2024 11:10:05.111 CET
11-Jan-2024 11:10:08 CET  Closed file root://cmsxrootd.fnal.gov//store/mc/RunIISummer20UL16MiniAODv2/QCD_HT300to500_BGenFilter_TuneCP5_13TeV-madgraph-pythia8/MINIAODSIM/106X_mcRun2_asymptotic_v17-v2/2530000/5719133C-49D3-4C45-BA2F-C70AB4774ECA.root
11-Jan-2024 11:10:08 CET  Initiating request to open file root://cmsxrootd.fnal.gov//store/mc/RunIISummer20UL16MiniAODv2/QCD_HT300to500_BGenFilter_TuneCP5_13TeV-madgraph-pythia8/MINIAODSIM/106X_mcRun2_asymptotic_v17-v2/2530000/784A1014-6872-7E47-99C7-E146EDEBEE04.root
%MSG-w XrdAdaptor:  file_open 11-Jan-2024 11:10:11 CET PostProcessEvent
Data is served from cms.rcac.purdue.edu instead of original site US-Regional-Nebraska
%MSG
11-Jan-2024 11:10:11 CET  Successfully opened file root://cmsxrootd.fnal.gov//store/mc/RunIISummer20UL16MiniAODv2/QCD_HT300to500_BGenFilter_TuneCP5_13TeV-madgraph-pythia8/MINIAODSIM/106X_mcRun2_asymptotic_v17-v2/2530000/784A1014-6872-7E47-99C7-E146EDEBEE04.root
Begin processing the 3200001st record. Run 1, Event 1874491, LumiSection 2898 on stream 0 at 11-Jan-2024 11:10:22.219 CET
11-Jan-2024 11:10:24 CET  Closed file root://cmsxrootd.fnal.gov//store/mc/RunIISummer20UL16MiniAODv2/QCD_HT300to500_BGenFilter_TuneCP5_13TeV-madgraph-pythia8/MINIAODSIM/106X_mcRun2_asymptotic_v17-v2/2530000/784A1014-6872-7E47-99C7-E146EDEBEE04.root
11-Jan-2024 11:10:24 CET  Initiating request to open file root://cmsxrootd.fnal.gov//store/mc/RunIISummer20UL16MiniAODv2/QCD_HT300to500_BGenFilter_TuneCP5_13TeV-madgraph-pythia8/MINIAODSIM/106X_mcRun2_asymptotic_v17-v2/2530000/5D820C57-15DD-844F-A374-F5D57E15F1F6.root
%MSG-w XrdAdaptor:  file_open 11-Jan-2024 11:10:27 CET PostProcessEvent
Data is served from cms.rcac.purdue.edu instead of original site US-Regional-Nebraska
%MSG
11-Jan-2024 11:10:27 CET  Successfully opened file root://cmsxrootd.fnal.gov//store/mc/RunIISummer20UL16MiniAODv2/QCD_HT300to500_BGenFilter_TuneCP5_13TeV-madgraph-pythia8/MINIAODSIM/106X_mcRun2_asymptotic_v17-v2/2530000/5D820C57-15DD-844F-A374-F5D57E15F1F6.root
Begin processing the 3300001st record. Run 1, Event 4517867, LumiSection 6983 on stream 0 at 11-Jan-2024 11:10:37.143 CET
11-Jan-2024 11:10:38 CET  Closed file root://cmsxrootd.fnal.gov//store/mc/RunIISummer20UL16MiniAODv2/QCD_HT300to500_BGenFilter_TuneCP5_13TeV-madgraph-pythia8/MINIAODSIM/106X_mcRun2_asymptotic_v17-v2/2530000/5D820C57-15DD-844F-A374-F5D57E15F1F6.root
11-Jan-2024 11:10:38 CET  Initiating request to open file root://cmsxrootd.fnal.gov//store/mc/RunIISummer20UL16MiniAODv2/QCD_HT300to500_BGenFilter_TuneCP5_13TeV-madgraph-pythia8/MINIAODSIM/106X_mcRun2_asymptotic_v17-v2/2530000/BDD3D796-417A-7144-B266-E9DABA1D4D01.root
%MSG-w XrdAdaptor:  file_open 11-Jan-2024 11:10:41 CET PostProcessEvent
Data is served from cms.rcac.purdue.edu instead of original site US-Regional-Nebraska
%MSG
11-Jan-2024 11:10:41 CET  Successfully opened file root://cmsxrootd.fnal.gov//store/mc/RunIISummer20UL16MiniAODv2/QCD_HT300to500_BGenFilter_TuneCP5_13TeV-madgraph-pythia8/MINIAODSIM/106X_mcRun2_asymptotic_v17-v2/2530000/BDD3D796-417A-7144-B266-E9DABA1D4D01.root
Begin processing the 3400001st record. Run 1, Event 25452774, LumiSection 39340 on stream 0 at 11-Jan-2024 11:10:53.906 CET
11-Jan-2024 11:10:54 CET  Closed file root://cmsxrootd.fnal.gov//store/mc/RunIISummer20UL16MiniAODv2/QCD_HT300to500_BGenFilter_TuneCP5_13TeV-madgraph-pythia8/MINIAODSIM/106X_mcRun2_asymptotic_v17-v2/2530000/BDD3D796-417A-7144-B266-E9DABA1D4D01.root
11-Jan-2024 11:10:54 CET  Initiating request to open file root://cmsxrootd.fnal.gov//store/mc/RunIISummer20UL16MiniAODv2/QCD_HT300to500_BGenFilter_TuneCP5_13TeV-madgraph-pythia8/MINIAODSIM/106X_mcRun2_asymptotic_v17-v2/2530000/679957D5-F177-D241-BAFD-07CE8537910A.root
%MSG-w XrdAdaptor:  file_open 11-Jan-2024 11:10:57 CET PostProcessEvent
Data is served from cms.rcac.purdue.edu instead of original site US-Regional-Nebraska
%MSG
11-Jan-2024 11:10:58 CET  Successfully opened file root://cmsxrootd.fnal.gov//store/mc/RunIISummer20UL16MiniAODv2/QCD_HT300to500_BGenFilter_TuneCP5_13TeV-madgraph-pythia8/MINIAODSIM/106X_mcRun2_asymptotic_v17-v2/2530000/679957D5-F177-D241-BAFD-07CE8537910A.root
11-Jan-2024 11:11:07 CET  Closed file root://cmsxrootd.fnal.gov//store/mc/RunIISummer20UL16MiniAODv2/QCD_HT300to500_BGenFilter_TuneCP5_13TeV-madgraph-pythia8/MINIAODSIM/106X_mcRun2_asymptotic_v17-v2/2530000/679957D5-F177-D241-BAFD-07CE8537910A.root
11-Jan-2024 11:11:07 CET  Initiating request to open file root://cmsxrootd.fnal.gov//store/mc/RunIISummer20UL16MiniAODv2/QCD_HT300to500_BGenFilter_TuneCP5_13TeV-madgraph-pythia8/MINIAODSIM/106X_mcRun2_asymptotic_v17-v2/2530000/7FA76F43-C04E-B245-977C-311F02090AE1.root
%MSG-w XrdAdaptor:  file_open 11-Jan-2024 11:11:10 CET PostProcessEvent
Data is served from cms.rcac.purdue.edu instead of original site US-Regional-Nebraska
%MSG
11-Jan-2024 11:11:10 CET  Successfully opened file root://cmsxrootd.fnal.gov//store/mc/RunIISummer20UL16MiniAODv2/QCD_HT300to500_BGenFilter_TuneCP5_13TeV-madgraph-pythia8/MINIAODSIM/106X_mcRun2_asymptotic_v17-v2/2530000/7FA76F43-C04E-B245-977C-311F02090AE1.root
Begin processing the 3500001st record. Run 1, Event 33919921, LumiSection 52427 on stream 0 at 11-Jan-2024 11:11:17.627 CET
11-Jan-2024 11:11:19 CET  Closed file root://cmsxrootd.fnal.gov//store/mc/RunIISummer20UL16MiniAODv2/QCD_HT300to500_BGenFilter_TuneCP5_13TeV-madgraph-pythia8/MINIAODSIM/106X_mcRun2_asymptotic_v17-v2/2530000/7FA76F43-C04E-B245-977C-311F02090AE1.root
11-Jan-2024 11:11:19 CET  Initiating request to open file root://cmsxrootd.fnal.gov//store/mc/RunIISummer20UL16MiniAODv2/QCD_HT300to500_BGenFilter_TuneCP5_13TeV-madgraph-pythia8/MINIAODSIM/106X_mcRun2_asymptotic_v17-v2/2530000/21A636DA-6064-874C-A2A5-191E09243868.root
%MSG-w XrdAdaptorInternal:  file_open 11-Jan-2024 11:11:21 CET PostProcessEvent
Failed to open file at URL root://eos-c01.cms.rcac.purdue.edu:1101//store/mc/RunIISummer20UL16MiniAODv2/QCD_HT300to500_BGenFilter_TuneCP5_13TeV-madgraph-pythia8/MINIAODSIM/106X_mcRun2_asymptotic_v17-v2/2530000/21A636DA-6064-874C-A2A5-191E09243868.root?cap.msg=d9J3goYSFLAUInNxGNsU1Ur8UvaMAWcICOqppuMfSEMFeKsPR13YF75ampMwWejEWI8etKZol8+oA+H+obcH5TGaX0yfZ/NsHRxUtflYCTIMpJzw/i596JPUcq7bbf8aPm5NO9L9TpYRdRS3mQJDsrJBxA2cWryi+W6650Nrd9eX4ut5LFHaePuM5KUHprAKutsCp4LGl1jjEXL1MVQb6tdWAZdrsfh7KhHO2eoBz2PdvMHwQfobe2usTHirhSYaPJKarHrcwiUuSr/6do0vk+QPgjDMrICorz7/TAPCd4JMMe/SfWemVGyPTOXUMNhhT+kG8+Hw8Nmux3HCsy8+p0H9CJN3+Wj/oCvl2JHkGNr+3IzAEhPybjiMlsn4zNpbyv62Rtj0dnkBFGcNWOOSkVRoLYYqpazQbG8kpaBPjyjg+g6N3A2OT+56Qz4HdQiTSPcLEk18pduai8ZwKA7MGZ4RnwWes2u9Bq0rHEYbMju3ltL7Rj6uPVCo7kQM6cVAxSpZIPA9foE+/mebWUZBccm8JWu+5zGN1JLgoU8XkQTWiYEpK0B/JYqCNd44rzv/RwpBOYKtJ8nSoQJI/NMMmvBmcdLpVY8PfzAWVIg5/qIYawzmkLLvyZRt7mNg+faD6YJlwSnqBWR0Od6N2AoP2csw0AlZ6WjKJFcjhWLEenAI6l/tSLdMHM2TIPtcTL9kIQrJSL0NPcbJtqQEsLqKCc18LNzxQWSzUlEeg5by+yFlC0j9tgovsY0Q+M7nPbn779Bo2O0pmw0iR5eP4Cm6vplh+iMQs7jwaeAfkmjr4laAIJHmv4vFiTYS/bjbpaDz6HtqtxqBcElh74I/1+PAWv4tsYlFZ7BBOYPGw/EgUgyNmRU+9TIsMKRrO56a+38KlyPMqsoQh/A=&cap.sym=xU6mGpv9T0+hMNHFH2SXcWOdliY=&eos.clientinfo=zbase64:MDAwMDAwNmZ4nBXIUQrEIAxF0a3MBhoUZn6ELKZNnlRoq0RDmd23/p17a8OVbHCg3/dTatpuLlee6rJDOUyOfwNvnjMMOkezUlmRVz/G7HcXgwxG7YuESHJ2MlmFmps6COopxhAfhoMm4Q==&mgm.blockchecksum=ignore&mgm.id=00177d73&mgm.logid=c46ebb84-b069-11ee-9c79-5c6f69a9c0f0&mgm.mtime=1670474058&mgm.replicahead=1&mgm.replicaindex=1.
%MSG
%MSG-w XrdAdaptorInternal:  file_open 11-Jan-2024 11:11:21 CET PostProcessEvent
Failed to open file at URL root://eos-c01.cms.rcac.purdue.edu:1101//store/mc/RunIISummer20UL16MiniAODv2/QCD_HT300to500_BGenFilter_TuneCP5_13TeV-madgraph-pythia8/MINIAODSIM/106X_mcRun2_asymptotic_v17-v2/2530000/21A636DA-6064-874C-A2A5-191E09243868.root?cap.msg=d9J3goYSFLAUInNxGNsU1Ur8UvaMAWcICOqppuMfSEMFeKsPR13YF75ampMwWejEWI8etKZol8+oA+H+obcH5TGaX0yfZ/NsHRxUtflYCTIMpJzw/i596JPUcq7bbf8aPm5NO9L9TpYRdRS3mQJDsrJBxA2cWryi+W6650Nrd9eX4ut5LFHaePuM5KUHprAKutsCp4LGl1jjEXL1MVQb6tdWAZdrsfh7KhHO2eoBz2PdvMHwQfobe2usTHirhSYaPJKarHrcwiUuSr/6do0vk+QPgjDMrICorz7/TAPCd4JMMe/SfWemVGyPTOXUMNhhT+kG8+Hw8Nmux3HCsy8+p0H9CJN3+Wj/oCvl2JHkGNr+3IzAEhPybjiMlsn4zNpbyv62Rtj0dnkBFGcNWOOSkVRoLYYqpazQbG8kpaBPjyjg+g6N3A2OT+56Qz4HdQiTSPcLEk18pduai8ZwKA7MGZ4RnwWes2u9Bq0rHEYbMju3ltL7Rj6uPVCo7kQM6cVAxSpZIPA9foE+/mebWUZBccm8JWu+5zGN1JLgoU8XkQTWiYEpK0B/JYqCNd44rzv/RwpBOYKtJ8nSoQJI/NMMmvBmcdLpVY8PfzAWVIg5/qIYawzmkLLvyZRt7mNg+faD6YJlwSnqBWR0Od6N2AoP2csw0AlZ6WjKJFcjhWLEenAI6l/tSLdMHM2TIPtcTL9kIQrJSL0NPcbJtqQEsLqKCc18LNzxQWSzUlEeg5by+yFlC0j9tgovsY0Q+M7nPbn779Bo2O0pmw0iR5eP4Cm6vplh+iMQs7jwaeAfkmjr4laAIJHmv4vFiTYS/bjbpaDz6HtqtxqBcElh74I/1+PAWv4tsYlFZ7BBOYPGw/EgUgyNmRU+9TIsMKRrO56a+38KtZdL+mjKGDo=&cap.sym=xU6mGpv9T0+hMNHFH2SXcWOdliY=&eos.clientinfo=zbase64:MDAwMDAwNmZ4nBXIUQqEMAxF0a3MBgwt+FXIYjR5ZQpqS9og7l77d+6tDVeywYHW9Vdq2m8uV57q8odymBxPA++eMww6R7NSWZE3P8bsbxeDDEbti4RIcnYy2YSamzoI6inGEF+GHibg&mgm.blockchecksum=ignore&mgm.id=00177d73&mgm.logid=c4f798e6-b069-11ee-9c79-5c6f69a9c0f0&mgm.mtime=1670474058&mgm.replicahead=1&mgm.replicaindex=1&tried=.
%MSG
----- Begin Fatal Exception 11-Jan-2024 11:11:21 CET-----------------------
An exception of category 'FileOpenError' occurred while
   [0] Calling InputSource::readFile_
   [1] Calling RootFileSequenceBase::initTheFile()
   [2] Calling StorageFactory::open()
   [3] Calling XrdFile::open()
Exception Message:
Failed to open the file 'root://cmsxrootd.fnal.gov//store/mc/RunIISummer20UL16MiniAODv2/QCD_HT300to500_BGenFilter_TuneCP5_13TeV-madgraph-pythia8/MINIAODSIM/106X_mcRun2_asymptotic_v17-v2/2530000/21A636DA-6064-874C-A2A5-191E09243868.root'
   Additional Info:
      [a] Input file root://cmsxrootd.fnal.gov//store/mc/RunIISummer20UL16MiniAODv2/QCD_HT300to500_BGenFilter_TuneCP5_13TeV-madgraph-pythia8/MINIAODSIM/106X_mcRun2_asymptotic_v17-v2/2530000/21A636DA-6064-874C-A2A5-191E09243868.root could not be opened.
      [b] XrdCl::File::Open(name='root://cmsxrootd.fnal.gov//store/mc/RunIISummer20UL16MiniAODv2/QCD_HT300to500_BGenFilter_TuneCP5_13TeV-madgraph-pythia8/MINIAODSIM/106X_mcRun2_asymptotic_v17-v2/2530000/21A636DA-6064-874C-A2A5-191E09243868.root', flags=0x10, permissions=0660) => error '[ERROR] Server responded with an error: [3000] Unable to open - cannot determine the prefix path to use for the given filesystem id /store/mc/RunIISummer20UL16MiniAODv2/QCD_HT300to500_BGenFilter_TuneCP5_13TeV-madgraph-pythia8/MINIAODSIM/106X_mcRun2_asymptotic_v17-v2/2530000/21A636DA-6064-874C-A2A5-191E09243868.root; invalid argument
' (errno=3000, code=400). No additional data servers were found.
      [c] Last URL tried: root://eos-c01.cms.rcac.purdue.edu:1101//store/mc/RunIISummer20UL16MiniAODv2/QCD_HT300to500_BGenFilter_TuneCP5_13TeV-madgraph-pythia8/MINIAODSIM/106X_mcRun2_asymptotic_v17-v2/2530000/21A636DA-6064-874C-A2A5-191E09243868.root?cap.msg=d9J3goYSFLAUInNxGNsU1Ur8UvaMAWcICOqppuMfSEMFeKsPR13YF75ampMwWejEWI8etKZol8+oA+H+obcH5TGaX0yfZ/NsHRxUtflYCTIMpJzw/i596JPUcq7bbf8aPm5NO9L9TpYRdRS3mQJDsrJBxA2cWryi+W6650Nrd9eX4ut5LFHaePuM5KUHprAKutsCp4LGl1jjEXL1MVQb6tdWAZdrsfh7KhHO2eoBz2PdvMHwQfobe2usTHirhSYaPJKarHrcwiUuSr/6do0vk+QPgjDMrICorz7/TAPCd4JMMe/SfWemVGyPTOXUMNhhT+kG8+Hw8Nmux3HCsy8+p0H9CJN3+Wj/oCvl2JHkGNr+3IzAEhPybjiMlsn4zNpbyv62Rtj0dnkBFGcNWOOSkVRoLYYqpazQbG8kpaBPjyjg+g6N3A2OT+56Qz4HdQiTSPcLEk18pduai8ZwKA7MGZ4RnwWes2u9Bq0rHEYbMju3ltL7Rj6uPVCo7kQM6cVAxSpZIPA9foE+/mebWUZBccm8JWu+5zGN1JLgoU8XkQTWiYEpK0B/JYqCNd44rzv/RwpBOYKtJ8nSoQJI/NMMmvBmcdLpVY8PfzAWVIg5/qIYawzmkLLvyZRt7mNg+faD6YJlwSnqBWR0Od6N2AoP2csw0AlZ6WjKJFcjhWLEenAI6l/tSLdMHM2TIPtcTL9kIQrJSL0NPcbJtqQEsLqKCc18LNzxQWSzUlEeg5by+yFlC0j9tgovsY0Q+M7nPbn779Bo2O0pmw0iR5eP4Cm6vplh+iMQs7jwaeAfkmjr4laAIJHmv4vFiTYS/bjbpaDz6HtqtxqBcElh74I/1+PAWv4tsYlFZ7BBOYPGw/EgUgyNmRU+9TIsMKRrO56a+38KtZdL+mjKGDo=&cap.sym=xU6mGpv9T0+hMNHFH2SXcWOdliY=&eos.clientinfo=zbase64:MDAwMDAwNmZ4nBXIUQqEMAxF0a3MBgwt+FXIYjR5ZQpqS9og7l77d+6tDVeywYHW9Vdq2m8uV57q8odymBxPA++eMww6R7NSWZE3P8bsbxeDDEbti4RIcnYy2YSamzoI6inGEF+GHibg&mgm.blockchecksum=ignore&mgm.id=00177d73&mgm.logid=c4f798e6-b069-11ee-9c79-5c6f69a9c0f0&mgm.mtime=1670474058&mgm.replicahead=1&mgm.replicaindex=1&tried=
      [d] Problematic data server: eos-c01.cms.rcac.purdue.edu:1101
      [e] Disabled source: eos-c01.cms.rcac.purdue.edu:1101
----- End Fatal Exception -------------------------------------------------
 857568.500000  15817.880000   4814.347000             1
 174830.200000   3718.237000   4814.347000             0
2082484.000000  22471.640000   4814.347000             2
 

------------------------------------
GenXsecAnalyzer:
------------------------------------
-------------------------------------------------------------------------------------------------------------------------------------------------------------------------- 
Overall cross-section summary 
--------------------------------------------------------------------------------------------------------------------------------------------------------------------------
Process		xsec_before [pb]		passed	nposw	nnegw	tried	nposw	nnegw 	xsec_match [pb]			accepted [%]	 event_eff [%]
0		1.764e+05 +/- 1.895e+01		1946015	1946015	0	30175266	30175266	0	1.138e+04 +/- 7.983e+00		6.4 +/- 0.0	6.4 +/- 0.0
1		8.699e+05 +/- 8.235e+01		6241081	6241081	0	148205332	148205332	0	3.663e+04 +/- 1.476e+01		4.2 +/- 0.0	4.2 +/- 0.0
2		2.094e+06 +/- 1.146e+02		45436181	45436181	0	353066890	353066890	0	2.695e+05 +/- 4.013e+01		12.9 +/- 0.0	12.9 +/- 0.0
-------------------------------------------------------------------------------------------------------------------------------------------------------------------------- 
Total		3.140e+06 +/- 1.424e+02		53623277	53623277	0	531447488	531447488	0	3.169e+05 +/- 4.347e+01		10.1 +/- 0.0	10.1 +/- 0.0
--------------------------------------------------------------------------------------------------------------------------------------------------------------------------
Before matching: total cross section = 3.140e+06 +- 1.424e+02 pb
After matching: total cross section = 3.169e+05 +- 4.347e+01 pb
Matching efficiency = 0.1 +/- 0.0   [TO BE USED IN MCM]
HepMC filter efficiency (taking into account weights)= (4.64419e+06) / (5.36233e+07) = 8.661e-02 +- 3.841e-05
HepMC filter efficiency (event-level)= (4.64419e+06) / (5.36233e+07) = 8.661e-02 +- 3.841e-05
Filter efficiency (taking into account weights)= (211099) / (211099) = 1.000e+00 +- 0.000e+00
Filter efficiency (event-level)= (3.53651e+06) / (3.53651e+06) = 1.000e+00 +- 0.000e+00    [TO BE USED IN MCM]

After filter: final cross section = 2.744e+04 +- 1.274e+01 pb
After filter: final fraction of events with negative weights = 0.000e+00 +- 0.000e+00
After filter: final equivalent lumi for 1M events (1/fb) = 3.644e-02 +- 4.018e-05

=============================================

MessageLogger Summary

 type     category        sev    module        subroutine        count    total
 ---- -------------------- -- ---------------- ----------------  -----    -----
    1 GenXSecAnalyzer      -w GenXSecAnalyzer:                      19       19
    2 XrdAdaptor           -w file_open                             63       63
    3 XrdAdaptorInternal   -w file_open                              2        2
    4 Fatal Exception      -s AfterFile                              1        1
    5 fileAction           -s file_close                            63       63
    6 fileAction           -s file_open                            127      127

 type    category    Examples: run/evt        run/evt          run/evt
 ---- -------------------- ---------------- ---------------- ----------------
    1 GenXSecAnalyzer      PostGlobalEndRun PostGlobalEndRun PostGlobalEndRun
    2 XrdAdaptor           pre-events       PostProcessEvent PostProcessEvent
    3 XrdAdaptorInternal   PostProcessEvent PostProcessEvent 
    4 Fatal Exception      PostProcessEvent                  
    5 fileAction           PostProcessEvent PostProcessEvent PostProcessEvent
    6 fileAction           pre-events       pre-events       PostProcessEvent

Severity    # Occurrences   Total Occurrences
--------    -------------   -----------------
Warning                84                  84
System                191                 191

dropped waiting message count 0
