12-Jan-2024 00:33:44 CET  Initiating request to open file root://cmsxrootd.fnal.gov//store/mc/RunIISummer20UL16MiniAODv2/QCD_Pt-170to300_EMEnriched_TuneCP5_13TeV-pythia8/MINIAODSIM/106X_mcRun2_asymptotic_v17-v2/250000/314E0BC7-A743-3847-A3E1-E7BA10A45DB7.root
Unable to load sec.protocol plugin libXrdSecztn.so
%MSG-w XrdAdaptor:  file_open 12-Jan-2024 00:33:49 CET pre-events
Data is served from fnal.gov instead of original site US-Regional-FNAL
%MSG
12-Jan-2024 00:33:53 CET  Successfully opened file root://cmsxrootd.fnal.gov//store/mc/RunIISummer20UL16MiniAODv2/QCD_Pt-170to300_EMEnriched_TuneCP5_13TeV-pythia8/MINIAODSIM/106X_mcRun2_asymptotic_v17-v2/250000/314E0BC7-A743-3847-A3E1-E7BA10A45DB7.root
Unable to load sec.protocol plugin libXrdSecztn.so
Begin processing the 1st record. Run 1, Event 65, LumiSection 1 on stream 0 at 12-Jan-2024 00:33:59.243 CET
12-Jan-2024 00:34:01 CET  Closed file root://cmsxrootd.fnal.gov//store/mc/RunIISummer20UL16MiniAODv2/QCD_Pt-170to300_EMEnriched_TuneCP5_13TeV-pythia8/MINIAODSIM/106X_mcRun2_asymptotic_v17-v2/250000/314E0BC7-A743-3847-A3E1-E7BA10A45DB7.root
12-Jan-2024 00:34:01 CET  Initiating request to open file root://cmsxrootd.fnal.gov//store/mc/RunIISummer20UL16MiniAODv2/QCD_Pt-170to300_EMEnriched_TuneCP5_13TeV-pythia8/MINIAODSIM/106X_mcRun2_asymptotic_v17-v2/250000/F201470C-E416-6F4D-9683-0B6568FB2CD5.root
%MSG-w XrdAdaptor:  file_open 12-Jan-2024 00:34:03 CET PostProcessEvent
Data is served from fnal.gov instead of original site US-Regional-FNAL
%MSG
12-Jan-2024 00:34:04 CET  Successfully opened file root://cmsxrootd.fnal.gov//store/mc/RunIISummer20UL16MiniAODv2/QCD_Pt-170to300_EMEnriched_TuneCP5_13TeV-pythia8/MINIAODSIM/106X_mcRun2_asymptotic_v17-v2/250000/F201470C-E416-6F4D-9683-0B6568FB2CD5.root
Begin processing the 100001st record. Run 1, Event 6660593, LumiSection 1051 on stream 0 at 12-Jan-2024 00:34:13.626 CET
12-Jan-2024 00:34:15 CET  Closed file root://cmsxrootd.fnal.gov//store/mc/RunIISummer20UL16MiniAODv2/QCD_Pt-170to300_EMEnriched_TuneCP5_13TeV-pythia8/MINIAODSIM/106X_mcRun2_asymptotic_v17-v2/250000/F201470C-E416-6F4D-9683-0B6568FB2CD5.root
12-Jan-2024 00:34:15 CET  Initiating request to open file root://cmsxrootd.fnal.gov//store/mc/RunIISummer20UL16MiniAODv2/QCD_Pt-170to300_EMEnriched_TuneCP5_13TeV-pythia8/MINIAODSIM/106X_mcRun2_asymptotic_v17-v2/250000/C05FA332-EB04-564A-9443-594CAB070EC6.root
%MSG-w XrdAdaptor:  file_open 12-Jan-2024 00:34:17 CET PostProcessEvent
Data is served from fnal.gov instead of original site US-Regional-FNAL
%MSG
12-Jan-2024 00:34:18 CET  Successfully opened file root://cmsxrootd.fnal.gov//store/mc/RunIISummer20UL16MiniAODv2/QCD_Pt-170to300_EMEnriched_TuneCP5_13TeV-pythia8/MINIAODSIM/106X_mcRun2_asymptotic_v17-v2/250000/C05FA332-EB04-564A-9443-594CAB070EC6.root
Unable to load sec.protocol plugin libXrdSecztn.so
Begin processing the 200001st record. Run 1, Event 2044195, LumiSection 323 on stream 0 at 12-Jan-2024 00:34:27.203 CET
12-Jan-2024 00:34:28 CET  Closed file root://cmsxrootd.fnal.gov//store/mc/RunIISummer20UL16MiniAODv2/QCD_Pt-170to300_EMEnriched_TuneCP5_13TeV-pythia8/MINIAODSIM/106X_mcRun2_asymptotic_v17-v2/250000/C05FA332-EB04-564A-9443-594CAB070EC6.root
12-Jan-2024 00:34:28 CET  Initiating request to open file root://cmsxrootd.fnal.gov//store/mc/RunIISummer20UL16MiniAODv2/QCD_Pt-170to300_EMEnriched_TuneCP5_13TeV-pythia8/MINIAODSIM/106X_mcRun2_asymptotic_v17-v2/250000/24925C38-B956-0048-A3D6-2F833C65020A.root
%MSG-w XrdAdaptor:  file_open 12-Jan-2024 00:34:30 CET PostProcessEvent
Data is served from fnal.gov instead of original site US-Regional-FNAL
%MSG
12-Jan-2024 00:34:30 CET  Successfully opened file root://cmsxrootd.fnal.gov//store/mc/RunIISummer20UL16MiniAODv2/QCD_Pt-170to300_EMEnriched_TuneCP5_13TeV-pythia8/MINIAODSIM/106X_mcRun2_asymptotic_v17-v2/250000/24925C38-B956-0048-A3D6-2F833C65020A.root
Begin processing the 300001st record. Run 1, Event 11665526, LumiSection 1840 on stream 0 at 12-Jan-2024 00:34:38.654 CET
12-Jan-2024 00:34:38 CET  Closed file root://cmsxrootd.fnal.gov//store/mc/RunIISummer20UL16MiniAODv2/QCD_Pt-170to300_EMEnriched_TuneCP5_13TeV-pythia8/MINIAODSIM/106X_mcRun2_asymptotic_v17-v2/250000/24925C38-B956-0048-A3D6-2F833C65020A.root
12-Jan-2024 00:34:38 CET  Initiating request to open file root://cmsxrootd.fnal.gov//store/mc/RunIISummer20UL16MiniAODv2/QCD_Pt-170to300_EMEnriched_TuneCP5_13TeV-pythia8/MINIAODSIM/106X_mcRun2_asymptotic_v17-v2/250000/35DCA923-9187-B045-B778-6124D9E6BBDD.root
Unable to load sec.protocol plugin libXrdSecztn.so
%MSG-w XrdAdaptor:  file_open 12-Jan-2024 00:34:42 CET PostProcessEvent
Data is served from fnal.gov instead of original site US-Regional-FNAL
%MSG
12-Jan-2024 00:34:42 CET  Successfully opened file root://cmsxrootd.fnal.gov//store/mc/RunIISummer20UL16MiniAODv2/QCD_Pt-170to300_EMEnriched_TuneCP5_13TeV-pythia8/MINIAODSIM/106X_mcRun2_asymptotic_v17-v2/250000/35DCA923-9187-B045-B778-6124D9E6BBDD.root
12-Jan-2024 00:34:51 CET  Closed file root://cmsxrootd.fnal.gov//store/mc/RunIISummer20UL16MiniAODv2/QCD_Pt-170to300_EMEnriched_TuneCP5_13TeV-pythia8/MINIAODSIM/106X_mcRun2_asymptotic_v17-v2/250000/35DCA923-9187-B045-B778-6124D9E6BBDD.root
12-Jan-2024 00:34:51 CET  Initiating request to open file root://cmsxrootd.fnal.gov//store/mc/RunIISummer20UL16MiniAODv2/QCD_Pt-170to300_EMEnriched_TuneCP5_13TeV-pythia8/MINIAODSIM/106X_mcRun2_asymptotic_v17-v2/250000/B14BF49B-96C9-0E48-90CD-1F68586BF2E0.root
%MSG-w XrdAdaptor:  file_open 12-Jan-2024 00:34:53 CET PostProcessEvent
Data is served from fnal.gov instead of original site US-Regional-FNAL
%MSG
12-Jan-2024 00:34:54 CET  Successfully opened file root://cmsxrootd.fnal.gov//store/mc/RunIISummer20UL16MiniAODv2/QCD_Pt-170to300_EMEnriched_TuneCP5_13TeV-pythia8/MINIAODSIM/106X_mcRun2_asymptotic_v17-v2/250000/B14BF49B-96C9-0E48-90CD-1F68586BF2E0.root
Begin processing the 400001st record. Run 1, Event 6823475, LumiSection 1076 on stream 0 at 12-Jan-2024 00:34:59.697 CET
12-Jan-2024 00:35:02 CET  Closed file root://cmsxrootd.fnal.gov//store/mc/RunIISummer20UL16MiniAODv2/QCD_Pt-170to300_EMEnriched_TuneCP5_13TeV-pythia8/MINIAODSIM/106X_mcRun2_asymptotic_v17-v2/250000/B14BF49B-96C9-0E48-90CD-1F68586BF2E0.root
12-Jan-2024 00:35:02 CET  Initiating request to open file root://cmsxrootd.fnal.gov//store/mc/RunIISummer20UL16MiniAODv2/QCD_Pt-170to300_EMEnriched_TuneCP5_13TeV-pythia8/MINIAODSIM/106X_mcRun2_asymptotic_v17-v2/250000/0FD455B7-A3E5-9247-976C-F542D6FA7160.root
%MSG-w XrdAdaptor:  file_open 12-Jan-2024 00:35:04 CET PostProcessEvent
Data is served from fnal.gov instead of original site US-Regional-FNAL
%MSG
12-Jan-2024 00:35:05 CET  Successfully opened file root://cmsxrootd.fnal.gov//store/mc/RunIISummer20UL16MiniAODv2/QCD_Pt-170to300_EMEnriched_TuneCP5_13TeV-pythia8/MINIAODSIM/106X_mcRun2_asymptotic_v17-v2/250000/0FD455B7-A3E5-9247-976C-F542D6FA7160.root
Begin processing the 500001st record. Run 1, Event 4457989, LumiSection 703 on stream 0 at 12-Jan-2024 00:35:11.032 CET
12-Jan-2024 00:35:13 CET  Closed file root://cmsxrootd.fnal.gov//store/mc/RunIISummer20UL16MiniAODv2/QCD_Pt-170to300_EMEnriched_TuneCP5_13TeV-pythia8/MINIAODSIM/106X_mcRun2_asymptotic_v17-v2/250000/0FD455B7-A3E5-9247-976C-F542D6FA7160.root
12-Jan-2024 00:35:13 CET  Initiating request to open file root://cmsxrootd.fnal.gov//store/mc/RunIISummer20UL16MiniAODv2/QCD_Pt-170to300_EMEnriched_TuneCP5_13TeV-pythia8/MINIAODSIM/106X_mcRun2_asymptotic_v17-v2/250000/13866B2A-AE8D-D64C-86E7-0DFED7734AC3.root
%MSG-w XrdAdaptor:  file_open 12-Jan-2024 00:35:15 CET PostProcessEvent
Data is served from fnal.gov instead of original site US-Regional-FNAL
%MSG
12-Jan-2024 00:35:15 CET  Successfully opened file root://cmsxrootd.fnal.gov//store/mc/RunIISummer20UL16MiniAODv2/QCD_Pt-170to300_EMEnriched_TuneCP5_13TeV-pythia8/MINIAODSIM/106X_mcRun2_asymptotic_v17-v2/250000/13866B2A-AE8D-D64C-86E7-0DFED7734AC3.root
Begin processing the 600001st record. Run 1, Event 10803116, LumiSection 1704 on stream 0 at 12-Jan-2024 00:35:22.398 CET
12-Jan-2024 00:35:22 CET  Closed file root://cmsxrootd.fnal.gov//store/mc/RunIISummer20UL16MiniAODv2/QCD_Pt-170to300_EMEnriched_TuneCP5_13TeV-pythia8/MINIAODSIM/106X_mcRun2_asymptotic_v17-v2/250000/13866B2A-AE8D-D64C-86E7-0DFED7734AC3.root
12-Jan-2024 00:35:22 CET  Initiating request to open file root://cmsxrootd.fnal.gov//store/mc/RunIISummer20UL16MiniAODv2/QCD_Pt-170to300_EMEnriched_TuneCP5_13TeV-pythia8/MINIAODSIM/106X_mcRun2_asymptotic_v17-v2/250000/4D471A1B-8539-1E4B-BE4C-EBD4185D7595.root
%MSG-w XrdAdaptor:  file_open 12-Jan-2024 00:35:24 CET PostProcessEvent
Data is served from fnal.gov instead of original site US-Regional-FNAL
%MSG
12-Jan-2024 00:35:25 CET  Successfully opened file root://cmsxrootd.fnal.gov//store/mc/RunIISummer20UL16MiniAODv2/QCD_Pt-170to300_EMEnriched_TuneCP5_13TeV-pythia8/MINIAODSIM/106X_mcRun2_asymptotic_v17-v2/250000/4D471A1B-8539-1E4B-BE4C-EBD4185D7595.root
12-Jan-2024 00:35:32 CET  Closed file root://cmsxrootd.fnal.gov//store/mc/RunIISummer20UL16MiniAODv2/QCD_Pt-170to300_EMEnriched_TuneCP5_13TeV-pythia8/MINIAODSIM/106X_mcRun2_asymptotic_v17-v2/250000/4D471A1B-8539-1E4B-BE4C-EBD4185D7595.root
12-Jan-2024 00:35:32 CET  Initiating request to open file root://cmsxrootd.fnal.gov//store/mc/RunIISummer20UL16MiniAODv2/QCD_Pt-170to300_EMEnriched_TuneCP5_13TeV-pythia8/MINIAODSIM/106X_mcRun2_asymptotic_v17-v2/2430000/81A35685-8F23-974C-A207-E49C525074C4.root
%MSG-w XrdAdaptor:  file_open 12-Jan-2024 00:35:35 CET PostProcessEvent
Data is served from fnal.gov instead of original site US-Regional-FNAL
%MSG
12-Jan-2024 00:35:35 CET  Successfully opened file root://cmsxrootd.fnal.gov//store/mc/RunIISummer20UL16MiniAODv2/QCD_Pt-170to300_EMEnriched_TuneCP5_13TeV-pythia8/MINIAODSIM/106X_mcRun2_asymptotic_v17-v2/2430000/81A35685-8F23-974C-A207-E49C525074C4.root
Begin processing the 700001st record. Run 1, Event 9925688, LumiSection 1566 on stream 0 at 12-Jan-2024 00:35:40.906 CET
12-Jan-2024 00:35:41 CET  Closed file root://cmsxrootd.fnal.gov//store/mc/RunIISummer20UL16MiniAODv2/QCD_Pt-170to300_EMEnriched_TuneCP5_13TeV-pythia8/MINIAODSIM/106X_mcRun2_asymptotic_v17-v2/2430000/81A35685-8F23-974C-A207-E49C525074C4.root
12-Jan-2024 00:35:41 CET  Initiating request to open file root://cmsxrootd.fnal.gov//store/mc/RunIISummer20UL16MiniAODv2/QCD_Pt-170to300_EMEnriched_TuneCP5_13TeV-pythia8/MINIAODSIM/106X_mcRun2_asymptotic_v17-v2/250000/05439AC6-FB14-064F-823E-A951500EE440.root
%MSG-w XrdAdaptor:  file_open 12-Jan-2024 00:35:43 CET PostProcessEvent
Data is served from fnal.gov instead of original site US-Regional-FNAL
%MSG
12-Jan-2024 00:35:43 CET  Successfully opened file root://cmsxrootd.fnal.gov//store/mc/RunIISummer20UL16MiniAODv2/QCD_Pt-170to300_EMEnriched_TuneCP5_13TeV-pythia8/MINIAODSIM/106X_mcRun2_asymptotic_v17-v2/250000/05439AC6-FB14-064F-823E-A951500EE440.root
12-Jan-2024 00:35:52 CET  Closed file root://cmsxrootd.fnal.gov//store/mc/RunIISummer20UL16MiniAODv2/QCD_Pt-170to300_EMEnriched_TuneCP5_13TeV-pythia8/MINIAODSIM/106X_mcRun2_asymptotic_v17-v2/250000/05439AC6-FB14-064F-823E-A951500EE440.root
12-Jan-2024 00:35:52 CET  Initiating request to open file root://cmsxrootd.fnal.gov//store/mc/RunIISummer20UL16MiniAODv2/QCD_Pt-170to300_EMEnriched_TuneCP5_13TeV-pythia8/MINIAODSIM/106X_mcRun2_asymptotic_v17-v2/250000/296F2E63-0D15-E849-9BFA-1E1770227863.root
%MSG-w XrdAdaptor:  file_open 12-Jan-2024 00:35:54 CET PostProcessEvent
Data is served from fnal.gov instead of original site US-Regional-FNAL
%MSG
12-Jan-2024 00:35:55 CET  Successfully opened file root://cmsxrootd.fnal.gov//store/mc/RunIISummer20UL16MiniAODv2/QCD_Pt-170to300_EMEnriched_TuneCP5_13TeV-pythia8/MINIAODSIM/106X_mcRun2_asymptotic_v17-v2/250000/296F2E63-0D15-E849-9BFA-1E1770227863.root
Begin processing the 800001st record. Run 1, Event 8401102, LumiSection 1325 on stream 0 at 12-Jan-2024 00:36:00.270 CET
12-Jan-2024 00:36:02 CET  Closed file root://cmsxrootd.fnal.gov//store/mc/RunIISummer20UL16MiniAODv2/QCD_Pt-170to300_EMEnriched_TuneCP5_13TeV-pythia8/MINIAODSIM/106X_mcRun2_asymptotic_v17-v2/250000/296F2E63-0D15-E849-9BFA-1E1770227863.root
12-Jan-2024 00:36:02 CET  Initiating request to open file root://cmsxrootd.fnal.gov//store/mc/RunIISummer20UL16MiniAODv2/QCD_Pt-170to300_EMEnriched_TuneCP5_13TeV-pythia8/MINIAODSIM/106X_mcRun2_asymptotic_v17-v2/250000/730B17AC-318B-BE4D-A429-BE00C40F58EA.root
%MSG-w XrdAdaptor:  file_open 12-Jan-2024 00:36:04 CET PostProcessEvent
Data is served from fnal.gov instead of original site US-Regional-FNAL
%MSG
12-Jan-2024 00:36:05 CET  Successfully opened file root://cmsxrootd.fnal.gov//store/mc/RunIISummer20UL16MiniAODv2/QCD_Pt-170to300_EMEnriched_TuneCP5_13TeV-pythia8/MINIAODSIM/106X_mcRun2_asymptotic_v17-v2/250000/730B17AC-318B-BE4D-A429-BE00C40F58EA.root
Begin processing the 900001st record. Run 1, Event 8999383, LumiSection 1420 on stream 0 at 12-Jan-2024 00:36:10.833 CET
12-Jan-2024 00:36:12 CET  Closed file root://cmsxrootd.fnal.gov//store/mc/RunIISummer20UL16MiniAODv2/QCD_Pt-170to300_EMEnriched_TuneCP5_13TeV-pythia8/MINIAODSIM/106X_mcRun2_asymptotic_v17-v2/250000/730B17AC-318B-BE4D-A429-BE00C40F58EA.root
12-Jan-2024 00:36:12 CET  Initiating request to open file root://cmsxrootd.fnal.gov//store/mc/RunIISummer20UL16MiniAODv2/QCD_Pt-170to300_EMEnriched_TuneCP5_13TeV-pythia8/MINIAODSIM/106X_mcRun2_asymptotic_v17-v2/250000/819D500C-DE03-364B-8B40-04F40C401957.root
%MSG-w XrdAdaptor:  file_open 12-Jan-2024 00:36:13 CET PostProcessEvent
Data is served from fnal.gov instead of original site US-Regional-FNAL
%MSG
12-Jan-2024 00:36:14 CET  Successfully opened file root://cmsxrootd.fnal.gov//store/mc/RunIISummer20UL16MiniAODv2/QCD_Pt-170to300_EMEnriched_TuneCP5_13TeV-pythia8/MINIAODSIM/106X_mcRun2_asymptotic_v17-v2/250000/819D500C-DE03-364B-8B40-04F40C401957.root
Begin processing the 1000001st record. Run 1, Event 6107525, LumiSection 964 on stream 0 at 12-Jan-2024 00:36:22.308 CET
12-Jan-2024 00:36:22 CET  Closed file root://cmsxrootd.fnal.gov//store/mc/RunIISummer20UL16MiniAODv2/QCD_Pt-170to300_EMEnriched_TuneCP5_13TeV-pythia8/MINIAODSIM/106X_mcRun2_asymptotic_v17-v2/250000/819D500C-DE03-364B-8B40-04F40C401957.root
12-Jan-2024 00:36:22 CET  Initiating request to open file root://cmsxrootd.fnal.gov//store/mc/RunIISummer20UL16MiniAODv2/QCD_Pt-170to300_EMEnriched_TuneCP5_13TeV-pythia8/MINIAODSIM/106X_mcRun2_asymptotic_v17-v2/250000/18EF63B1-0FC2-B145-AB2B-B2872A9D7452.root
%MSG-w XrdAdaptor:  file_open 12-Jan-2024 00:36:24 CET PostProcessEvent
Data is served from fnal.gov instead of original site US-Regional-FNAL
%MSG
12-Jan-2024 00:36:25 CET  Successfully opened file root://cmsxrootd.fnal.gov//store/mc/RunIISummer20UL16MiniAODv2/QCD_Pt-170to300_EMEnriched_TuneCP5_13TeV-pythia8/MINIAODSIM/106X_mcRun2_asymptotic_v17-v2/250000/18EF63B1-0FC2-B145-AB2B-B2872A9D7452.root
12-Jan-2024 00:36:35 CET  Closed file root://cmsxrootd.fnal.gov//store/mc/RunIISummer20UL16MiniAODv2/QCD_Pt-170to300_EMEnriched_TuneCP5_13TeV-pythia8/MINIAODSIM/106X_mcRun2_asymptotic_v17-v2/250000/18EF63B1-0FC2-B145-AB2B-B2872A9D7452.root
12-Jan-2024 00:36:35 CET  Initiating request to open file root://cmsxrootd.fnal.gov//store/mc/RunIISummer20UL16MiniAODv2/QCD_Pt-170to300_EMEnriched_TuneCP5_13TeV-pythia8/MINIAODSIM/106X_mcRun2_asymptotic_v17-v2/250000/A0317DDC-F25D-2749-AEC0-96553738F7D2.root
%MSG-w XrdAdaptor:  file_open 12-Jan-2024 00:36:37 CET PostProcessEvent
Data is served from fnal.gov instead of original site US-Regional-FNAL
%MSG
12-Jan-2024 00:36:37 CET  Successfully opened file root://cmsxrootd.fnal.gov//store/mc/RunIISummer20UL16MiniAODv2/QCD_Pt-170to300_EMEnriched_TuneCP5_13TeV-pythia8/MINIAODSIM/106X_mcRun2_asymptotic_v17-v2/250000/A0317DDC-F25D-2749-AEC0-96553738F7D2.root
Begin processing the 1100001st record. Run 1, Event 2424139, LumiSection 383 on stream 0 at 12-Jan-2024 00:36:43.458 CET
12-Jan-2024 00:36:46 CET  Closed file root://cmsxrootd.fnal.gov//store/mc/RunIISummer20UL16MiniAODv2/QCD_Pt-170to300_EMEnriched_TuneCP5_13TeV-pythia8/MINIAODSIM/106X_mcRun2_asymptotic_v17-v2/250000/A0317DDC-F25D-2749-AEC0-96553738F7D2.root
12-Jan-2024 00:36:46 CET  Initiating request to open file root://cmsxrootd.fnal.gov//store/mc/RunIISummer20UL16MiniAODv2/QCD_Pt-170to300_EMEnriched_TuneCP5_13TeV-pythia8/MINIAODSIM/106X_mcRun2_asymptotic_v17-v2/250000/34F95BE0-3B6D-C941-899D-AF8704B23A5F.root
%MSG-w XrdAdaptor:  file_open 12-Jan-2024 00:36:48 CET PostProcessEvent
Data is served from fnal.gov instead of original site US-Regional-FNAL
%MSG
12-Jan-2024 00:36:49 CET  Successfully opened file root://cmsxrootd.fnal.gov//store/mc/RunIISummer20UL16MiniAODv2/QCD_Pt-170to300_EMEnriched_TuneCP5_13TeV-pythia8/MINIAODSIM/106X_mcRun2_asymptotic_v17-v2/250000/34F95BE0-3B6D-C941-899D-AF8704B23A5F.root
Begin processing the 1200001st record. Run 1, Event 10473393, LumiSection 1652 on stream 0 at 12-Jan-2024 00:36:54.937 CET
12-Jan-2024 00:36:57 CET  Closed file root://cmsxrootd.fnal.gov//store/mc/RunIISummer20UL16MiniAODv2/QCD_Pt-170to300_EMEnriched_TuneCP5_13TeV-pythia8/MINIAODSIM/106X_mcRun2_asymptotic_v17-v2/250000/34F95BE0-3B6D-C941-899D-AF8704B23A5F.root
12-Jan-2024 00:36:57 CET  Initiating request to open file root://cmsxrootd.fnal.gov//store/mc/RunIISummer20UL16MiniAODv2/QCD_Pt-170to300_EMEnriched_TuneCP5_13TeV-pythia8/MINIAODSIM/106X_mcRun2_asymptotic_v17-v2/250000/F735DB65-C9CE-0143-AF5A-6869EA959E4C.root
%MSG-w XrdAdaptor:  file_open 12-Jan-2024 00:36:59 CET PostProcessEvent
Data is served from fnal.gov instead of original site US-Regional-FNAL
%MSG
12-Jan-2024 00:37:00 CET  Successfully opened file root://cmsxrootd.fnal.gov//store/mc/RunIISummer20UL16MiniAODv2/QCD_Pt-170to300_EMEnriched_TuneCP5_13TeV-pythia8/MINIAODSIM/106X_mcRun2_asymptotic_v17-v2/250000/F735DB65-C9CE-0143-AF5A-6869EA959E4C.root
Begin processing the 1300001st record. Run 1, Event 11213501, LumiSection 1769 on stream 0 at 12-Jan-2024 00:37:05.802 CET
12-Jan-2024 00:37:06 CET  Closed file root://cmsxrootd.fnal.gov//store/mc/RunIISummer20UL16MiniAODv2/QCD_Pt-170to300_EMEnriched_TuneCP5_13TeV-pythia8/MINIAODSIM/106X_mcRun2_asymptotic_v17-v2/250000/F735DB65-C9CE-0143-AF5A-6869EA959E4C.root
12-Jan-2024 00:37:06 CET  Initiating request to open file root://cmsxrootd.fnal.gov//store/mc/RunIISummer20UL16MiniAODv2/QCD_Pt-170to300_EMEnriched_TuneCP5_13TeV-pythia8/MINIAODSIM/106X_mcRun2_asymptotic_v17-v2/250000/1A456A15-909F-3C42-9B99-691AC4FB7D69.root
%MSG-w XrdAdaptor:  file_open 12-Jan-2024 00:37:09 CET PostProcessEvent
Data is served from fnal.gov instead of original site US-Regional-FNAL
%MSG
12-Jan-2024 00:37:09 CET  Successfully opened file root://cmsxrootd.fnal.gov//store/mc/RunIISummer20UL16MiniAODv2/QCD_Pt-170to300_EMEnriched_TuneCP5_13TeV-pythia8/MINIAODSIM/106X_mcRun2_asymptotic_v17-v2/250000/1A456A15-909F-3C42-9B99-691AC4FB7D69.root
Begin processing the 1400001st record. Run 1, Event 813687, LumiSection 129 on stream 0 at 12-Jan-2024 00:37:18.317 CET
12-Jan-2024 00:37:18 CET  Closed file root://cmsxrootd.fnal.gov//store/mc/RunIISummer20UL16MiniAODv2/QCD_Pt-170to300_EMEnriched_TuneCP5_13TeV-pythia8/MINIAODSIM/106X_mcRun2_asymptotic_v17-v2/250000/1A456A15-909F-3C42-9B99-691AC4FB7D69.root
12-Jan-2024 00:37:18 CET  Initiating request to open file root://cmsxrootd.fnal.gov//store/mc/RunIISummer20UL16MiniAODv2/QCD_Pt-170to300_EMEnriched_TuneCP5_13TeV-pythia8/MINIAODSIM/106X_mcRun2_asymptotic_v17-v2/250000/53C99428-6EA4-C549-B2A4-3B3DAC4172E0.root
%MSG-w XrdAdaptor:  file_open 12-Jan-2024 00:37:21 CET PostProcessEvent
Data is served from fnal.gov instead of original site US-Regional-FNAL
%MSG
12-Jan-2024 00:37:21 CET  Successfully opened file root://cmsxrootd.fnal.gov//store/mc/RunIISummer20UL16MiniAODv2/QCD_Pt-170to300_EMEnriched_TuneCP5_13TeV-pythia8/MINIAODSIM/106X_mcRun2_asymptotic_v17-v2/250000/53C99428-6EA4-C549-B2A4-3B3DAC4172E0.root
Begin processing the 1500001st record. Run 1, Event 5892144, LumiSection 930 on stream 0 at 12-Jan-2024 00:37:29.478 CET
12-Jan-2024 00:37:29 CET  Closed file root://cmsxrootd.fnal.gov//store/mc/RunIISummer20UL16MiniAODv2/QCD_Pt-170to300_EMEnriched_TuneCP5_13TeV-pythia8/MINIAODSIM/106X_mcRun2_asymptotic_v17-v2/250000/53C99428-6EA4-C549-B2A4-3B3DAC4172E0.root
12-Jan-2024 00:37:29 CET  Initiating request to open file root://cmsxrootd.fnal.gov//store/mc/RunIISummer20UL16MiniAODv2/QCD_Pt-170to300_EMEnriched_TuneCP5_13TeV-pythia8/MINIAODSIM/106X_mcRun2_asymptotic_v17-v2/250000/2A9C192D-24B6-F046-8D00-9C35833C915F.root
%MSG-w XrdAdaptor:  file_open 12-Jan-2024 00:37:31 CET PostProcessEvent
Data is served from fnal.gov instead of original site US-Regional-FNAL
%MSG
12-Jan-2024 00:37:32 CET  Successfully opened file root://cmsxrootd.fnal.gov//store/mc/RunIISummer20UL16MiniAODv2/QCD_Pt-170to300_EMEnriched_TuneCP5_13TeV-pythia8/MINIAODSIM/106X_mcRun2_asymptotic_v17-v2/250000/2A9C192D-24B6-F046-8D00-9C35833C915F.root
12-Jan-2024 00:37:41 CET  Closed file root://cmsxrootd.fnal.gov//store/mc/RunIISummer20UL16MiniAODv2/QCD_Pt-170to300_EMEnriched_TuneCP5_13TeV-pythia8/MINIAODSIM/106X_mcRun2_asymptotic_v17-v2/250000/2A9C192D-24B6-F046-8D00-9C35833C915F.root
12-Jan-2024 00:37:41 CET  Initiating request to open file root://cmsxrootd.fnal.gov//store/mc/RunIISummer20UL16MiniAODv2/QCD_Pt-170to300_EMEnriched_TuneCP5_13TeV-pythia8/MINIAODSIM/106X_mcRun2_asymptotic_v17-v2/250000/29716561-6B37-BE43-8529-13C1AE639BF5.root
%MSG-w XrdAdaptor:  file_open 12-Jan-2024 00:37:43 CET PostProcessEvent
Data is served from fnal.gov instead of original site US-Regional-FNAL
%MSG
12-Jan-2024 00:37:43 CET  Successfully opened file root://cmsxrootd.fnal.gov//store/mc/RunIISummer20UL16MiniAODv2/QCD_Pt-170to300_EMEnriched_TuneCP5_13TeV-pythia8/MINIAODSIM/106X_mcRun2_asymptotic_v17-v2/250000/29716561-6B37-BE43-8529-13C1AE639BF5.root
Begin processing the 1600001st record. Run 1, Event 6319317, LumiSection 997 on stream 0 at 12-Jan-2024 00:37:52.733 CET
12-Jan-2024 00:37:56 CET  Closed file root://cmsxrootd.fnal.gov//store/mc/RunIISummer20UL16MiniAODv2/QCD_Pt-170to300_EMEnriched_TuneCP5_13TeV-pythia8/MINIAODSIM/106X_mcRun2_asymptotic_v17-v2/250000/29716561-6B37-BE43-8529-13C1AE639BF5.root
12-Jan-2024 00:37:56 CET  Initiating request to open file root://cmsxrootd.fnal.gov//store/mc/RunIISummer20UL16MiniAODv2/QCD_Pt-170to300_EMEnriched_TuneCP5_13TeV-pythia8/MINIAODSIM/106X_mcRun2_asymptotic_v17-v2/250000/0F723C34-6404-0A42-9213-3693C270A3E9.root
%MSG-w XrdAdaptor:  file_open 12-Jan-2024 00:37:58 CET PostProcessEvent
Data is served from fnal.gov instead of original site US-Regional-FNAL
%MSG
12-Jan-2024 00:37:59 CET  Successfully opened file root://cmsxrootd.fnal.gov//store/mc/RunIISummer20UL16MiniAODv2/QCD_Pt-170to300_EMEnriched_TuneCP5_13TeV-pythia8/MINIAODSIM/106X_mcRun2_asymptotic_v17-v2/250000/0F723C34-6404-0A42-9213-3693C270A3E9.root
Begin processing the 1700001st record. Run 1, Event 9681476, LumiSection 1527 on stream 0 at 12-Jan-2024 00:38:04.404 CET
12-Jan-2024 00:38:06 CET  Closed file root://cmsxrootd.fnal.gov//store/mc/RunIISummer20UL16MiniAODv2/QCD_Pt-170to300_EMEnriched_TuneCP5_13TeV-pythia8/MINIAODSIM/106X_mcRun2_asymptotic_v17-v2/250000/0F723C34-6404-0A42-9213-3693C270A3E9.root
12-Jan-2024 00:38:06 CET  Initiating request to open file root://cmsxrootd.fnal.gov//store/mc/RunIISummer20UL16MiniAODv2/QCD_Pt-170to300_EMEnriched_TuneCP5_13TeV-pythia8/MINIAODSIM/106X_mcRun2_asymptotic_v17-v2/250000/C7315AD1-4AC2-DC4C-90F9-5A660133003C.root
%MSG-w XrdAdaptor:  file_open 12-Jan-2024 00:38:08 CET PostProcessEvent
Data is served from fnal.gov instead of original site US-Regional-FNAL
%MSG
12-Jan-2024 00:38:09 CET  Successfully opened file root://cmsxrootd.fnal.gov//store/mc/RunIISummer20UL16MiniAODv2/QCD_Pt-170to300_EMEnriched_TuneCP5_13TeV-pythia8/MINIAODSIM/106X_mcRun2_asymptotic_v17-v2/250000/C7315AD1-4AC2-DC4C-90F9-5A660133003C.root
Begin processing the 1800001st record. Run 1, Event 1164068, LumiSection 184 on stream 0 at 12-Jan-2024 00:38:15.448 CET
12-Jan-2024 00:38:17 CET  Closed file root://cmsxrootd.fnal.gov//store/mc/RunIISummer20UL16MiniAODv2/QCD_Pt-170to300_EMEnriched_TuneCP5_13TeV-pythia8/MINIAODSIM/106X_mcRun2_asymptotic_v17-v2/250000/C7315AD1-4AC2-DC4C-90F9-5A660133003C.root

------------------------------------
GenXsecAnalyzer:
------------------------------------
Before Filter: total cross section = 1.037e+05 +- 1.475e+01 pb
Filter efficiency (taking into account weights)= (1.86113e+06) / (1.16705e+07) = 1.595e-01 +- 1.072e-04
Filter efficiency (event-level)= (1.86113e+06) / (1.16705e+07) = 1.595e-01 +- 1.072e-04    [TO BE USED IN MCM]

After filter: final cross section = 1.654e+04 +- 1.136e+01 pb
After filter: final fraction of events with negative weights = 0.000e+00 +- 0.000e+00
After filter: final equivalent lumi for 1M events (1/fb) = 6.047e-02 +- 7.337e-05

=============================================

MessageLogger Summary

 type     category        sev    module        subroutine        count    total
 ---- -------------------- -- ---------------- ----------------  -----    -----
    1 GenXSecAnalyzer      -w GenXSecAnalyzer:                       7        7
    2 XrdAdaptor           -w file_open                             24       24
    3 fileAction           -s file_close                            24       24
    4 fileAction           -s file_open                             48       48

 type    category    Examples: run/evt        run/evt          run/evt
 ---- -------------------- ---------------- ---------------- ----------------
    1 GenXSecAnalyzer      PostGlobalEndRun PostGlobalEndRun PostGlobalEndRun
    2 XrdAdaptor           pre-events       PostProcessEvent PostProcessEvent
    3 fileAction           PostProcessEvent PostProcessEvent PostGlobalEndRun
    4 fileAction           pre-events       pre-events       PostProcessEvent

Severity    # Occurrences   Total Occurrences
--------    -------------   -----------------
Warning                31                  31
System                 72                  72

dropped waiting message count 0
