11-Jan-2024 06:06:37 CET  Initiating request to open file root://cmsxrootd.fnal.gov//store/mc/RunIISummer20UL16MiniAODv2/QCD_HT2000toInf_TuneCH3_13TeV-madgraphMLM-herwig7/MINIAODSIM/106X_mcRun2_asymptotic_v17-v2/2810000/127B6337-64FA-BE43-89B7-E38CEFDD9B29.root
Unable to load sec.protocol plugin libXrdSecztn.so
%MSG-w XrdAdaptor:  file_open 11-Jan-2024 06:06:41 CET pre-events
Data is served from fnal.gov instead of original site US-Regional-FNAL
%MSG
11-Jan-2024 06:06:44 CET  Successfully opened file root://cmsxrootd.fnal.gov//store/mc/RunIISummer20UL16MiniAODv2/QCD_HT2000toInf_TuneCH3_13TeV-madgraphMLM-herwig7/MINIAODSIM/106X_mcRun2_asymptotic_v17-v2/2810000/127B6337-64FA-BE43-89B7-E38CEFDD9B29.root
Unable to load sec.protocol plugin libXrdSecztn.so
Begin processing the 1st record. Run 1, Event 1553039, LumiSection 388 on stream 0 at 11-Jan-2024 06:06:49.303 CET
11-Jan-2024 06:06:49 CET  Closed file root://cmsxrootd.fnal.gov//store/mc/RunIISummer20UL16MiniAODv2/QCD_HT2000toInf_TuneCH3_13TeV-madgraphMLM-herwig7/MINIAODSIM/106X_mcRun2_asymptotic_v17-v2/2810000/127B6337-64FA-BE43-89B7-E38CEFDD9B29.root
11-Jan-2024 06:06:49 CET  Initiating request to open file root://cmsxrootd.fnal.gov//store/mc/RunIISummer20UL16MiniAODv2/QCD_HT2000toInf_TuneCH3_13TeV-madgraphMLM-herwig7/MINIAODSIM/106X_mcRun2_asymptotic_v17-v2/2810000/01CC3460-2C4E-4C4A-BC45-156E5B6A41BB.root
%MSG-w XrdAdaptor:  file_open 11-Jan-2024 06:06:51 CET PostProcessEvent
Data is served from fnal.gov instead of original site US-Regional-FNAL
%MSG
11-Jan-2024 06:06:52 CET  Successfully opened file root://cmsxrootd.fnal.gov//store/mc/RunIISummer20UL16MiniAODv2/QCD_HT2000toInf_TuneCH3_13TeV-madgraphMLM-herwig7/MINIAODSIM/106X_mcRun2_asymptotic_v17-v2/2810000/01CC3460-2C4E-4C4A-BC45-156E5B6A41BB.root
11-Jan-2024 06:06:56 CET  Closed file root://cmsxrootd.fnal.gov//store/mc/RunIISummer20UL16MiniAODv2/QCD_HT2000toInf_TuneCH3_13TeV-madgraphMLM-herwig7/MINIAODSIM/106X_mcRun2_asymptotic_v17-v2/2810000/01CC3460-2C4E-4C4A-BC45-156E5B6A41BB.root
11-Jan-2024 06:06:56 CET  Initiating request to open file root://cmsxrootd.fnal.gov//store/mc/RunIISummer20UL16MiniAODv2/QCD_HT2000toInf_TuneCH3_13TeV-madgraphMLM-herwig7/MINIAODSIM/106X_mcRun2_asymptotic_v17-v2/2810000/F1793D2B-56B4-B94F-84EA-CC3306AFC58A.root
Unable to load sec.protocol plugin libXrdSecztn.so
%MSG-w XrdAdaptor:  file_open 11-Jan-2024 06:07:01 CET PostProcessEvent
Data is served from T2_US_UCSD-ceph instead of original site US-Regional-FNAL
%MSG
11-Jan-2024 06:07:01 CET  Successfully opened file root://cmsxrootd.fnal.gov//store/mc/RunIISummer20UL16MiniAODv2/QCD_HT2000toInf_TuneCH3_13TeV-madgraphMLM-herwig7/MINIAODSIM/106X_mcRun2_asymptotic_v17-v2/2810000/F1793D2B-56B4-B94F-84EA-CC3306AFC58A.root
Unable to load sec.protocol plugin libXrdSecztn.so
11-Jan-2024 06:07:10 CET  Closed file root://cmsxrootd.fnal.gov//store/mc/RunIISummer20UL16MiniAODv2/QCD_HT2000toInf_TuneCH3_13TeV-madgraphMLM-herwig7/MINIAODSIM/106X_mcRun2_asymptotic_v17-v2/2810000/F1793D2B-56B4-B94F-84EA-CC3306AFC58A.root
11-Jan-2024 06:07:10 CET  Initiating request to open file root://cmsxrootd.fnal.gov//store/mc/RunIISummer20UL16MiniAODv2/QCD_HT2000toInf_TuneCH3_13TeV-madgraphMLM-herwig7/MINIAODSIM/106X_mcRun2_asymptotic_v17-v2/2810000/6E3F14F5-DC7F-B445-9E29-7D83527B4D07.root
%MSG-w XrdAdaptor:  file_open 11-Jan-2024 06:07:12 CET PostProcessEvent
Data is served from fnal.gov instead of original site US-Regional-FNAL
%MSG
11-Jan-2024 06:07:13 CET  Successfully opened file root://cmsxrootd.fnal.gov//store/mc/RunIISummer20UL16MiniAODv2/QCD_HT2000toInf_TuneCH3_13TeV-madgraphMLM-herwig7/MINIAODSIM/106X_mcRun2_asymptotic_v17-v2/2810000/6E3F14F5-DC7F-B445-9E29-7D83527B4D07.root
11-Jan-2024 06:07:21 CET  Closed file root://cmsxrootd.fnal.gov//store/mc/RunIISummer20UL16MiniAODv2/QCD_HT2000toInf_TuneCH3_13TeV-madgraphMLM-herwig7/MINIAODSIM/106X_mcRun2_asymptotic_v17-v2/2810000/6E3F14F5-DC7F-B445-9E29-7D83527B4D07.root
11-Jan-2024 06:07:21 CET  Initiating request to open file root://cmsxrootd.fnal.gov//store/mc/RunIISummer20UL16MiniAODv2/QCD_HT2000toInf_TuneCH3_13TeV-madgraphMLM-herwig7/MINIAODSIM/106X_mcRun2_asymptotic_v17-v2/2810000/DE8B0C9B-8F29-B64A-BA57-93C4ACD12463.root
%MSG-w XrdAdaptor:  file_open 11-Jan-2024 06:07:23 CET PostProcessEvent
Data is served from fnal.gov instead of original site US-Regional-FNAL
%MSG
11-Jan-2024 06:07:24 CET  Successfully opened file root://cmsxrootd.fnal.gov//store/mc/RunIISummer20UL16MiniAODv2/QCD_HT2000toInf_TuneCH3_13TeV-madgraphMLM-herwig7/MINIAODSIM/106X_mcRun2_asymptotic_v17-v2/2810000/DE8B0C9B-8F29-B64A-BA57-93C4ACD12463.root
Unable to load sec.protocol plugin libXrdSecztn.so
11-Jan-2024 06:07:31 CET  Closed file root://cmsxrootd.fnal.gov//store/mc/RunIISummer20UL16MiniAODv2/QCD_HT2000toInf_TuneCH3_13TeV-madgraphMLM-herwig7/MINIAODSIM/106X_mcRun2_asymptotic_v17-v2/2810000/DE8B0C9B-8F29-B64A-BA57-93C4ACD12463.root
11-Jan-2024 06:07:31 CET  Initiating request to open file root://cmsxrootd.fnal.gov//store/mc/RunIISummer20UL16MiniAODv2/QCD_HT2000toInf_TuneCH3_13TeV-madgraphMLM-herwig7/MINIAODSIM/106X_mcRun2_asymptotic_v17-v2/2810000/EA089423-EBE8-534B-A227-0FD0A2B41182.root
%MSG-w XrdAdaptor:  file_open 11-Jan-2024 06:07:34 CET PostProcessEvent
Data is served from fnal.gov instead of original site US-Regional-FNAL
%MSG
11-Jan-2024 06:07:34 CET  Successfully opened file root://cmsxrootd.fnal.gov//store/mc/RunIISummer20UL16MiniAODv2/QCD_HT2000toInf_TuneCH3_13TeV-madgraphMLM-herwig7/MINIAODSIM/106X_mcRun2_asymptotic_v17-v2/2810000/EA089423-EBE8-534B-A227-0FD0A2B41182.root
11-Jan-2024 06:07:42 CET  Closed file root://cmsxrootd.fnal.gov//store/mc/RunIISummer20UL16MiniAODv2/QCD_HT2000toInf_TuneCH3_13TeV-madgraphMLM-herwig7/MINIAODSIM/106X_mcRun2_asymptotic_v17-v2/2810000/EA089423-EBE8-534B-A227-0FD0A2B41182.root
11-Jan-2024 06:07:42 CET  Initiating request to open file root://cmsxrootd.fnal.gov//store/mc/RunIISummer20UL16MiniAODv2/QCD_HT2000toInf_TuneCH3_13TeV-madgraphMLM-herwig7/MINIAODSIM/106X_mcRun2_asymptotic_v17-v2/2810000/73C373AD-69AC-FE47-A70B-F9CB43BE4ED5.root
%MSG-w XrdAdaptor:  file_open 11-Jan-2024 06:07:46 CET PostProcessEvent
Data is served from T2_US_Vanderbilt instead of original site US-Regional-FNAL
%MSG
11-Jan-2024 06:07:47 CET  Successfully opened file root://cmsxrootd.fnal.gov//store/mc/RunIISummer20UL16MiniAODv2/QCD_HT2000toInf_TuneCH3_13TeV-madgraphMLM-herwig7/MINIAODSIM/106X_mcRun2_asymptotic_v17-v2/2810000/73C373AD-69AC-FE47-A70B-F9CB43BE4ED5.root
11-Jan-2024 06:07:56 CET  Closed file root://cmsxrootd.fnal.gov//store/mc/RunIISummer20UL16MiniAODv2/QCD_HT2000toInf_TuneCH3_13TeV-madgraphMLM-herwig7/MINIAODSIM/106X_mcRun2_asymptotic_v17-v2/2810000/73C373AD-69AC-FE47-A70B-F9CB43BE4ED5.root
11-Jan-2024 06:07:56 CET  Initiating request to open file root://cmsxrootd.fnal.gov//store/mc/RunIISummer20UL16MiniAODv2/QCD_HT2000toInf_TuneCH3_13TeV-madgraphMLM-herwig7/MINIAODSIM/106X_mcRun2_asymptotic_v17-v2/2810000/1D4F991E-7902-E24C-89D2-ECE08C485473.root
%MSG-w XrdAdaptor:  file_open 11-Jan-2024 06:07:59 CET PostProcessEvent
Data is served from T2_US_Vanderbilt instead of original site US-Regional-FNAL
%MSG
11-Jan-2024 06:08:00 CET  Successfully opened file root://cmsxrootd.fnal.gov//store/mc/RunIISummer20UL16MiniAODv2/QCD_HT2000toInf_TuneCH3_13TeV-madgraphMLM-herwig7/MINIAODSIM/106X_mcRun2_asymptotic_v17-v2/2810000/1D4F991E-7902-E24C-89D2-ECE08C485473.root
Begin processing the 100001st record. Run 1, Event 847105, LumiSection 212 on stream 0 at 11-Jan-2024 06:08:13.335 CET
11-Jan-2024 06:08:13 CET  Closed file root://cmsxrootd.fnal.gov//store/mc/RunIISummer20UL16MiniAODv2/QCD_HT2000toInf_TuneCH3_13TeV-madgraphMLM-herwig7/MINIAODSIM/106X_mcRun2_asymptotic_v17-v2/2810000/1D4F991E-7902-E24C-89D2-ECE08C485473.root
11-Jan-2024 06:08:13 CET  Initiating request to open file root://cmsxrootd.fnal.gov//store/mc/RunIISummer20UL16MiniAODv2/QCD_HT2000toInf_TuneCH3_13TeV-madgraphMLM-herwig7/MINIAODSIM/106X_mcRun2_asymptotic_v17-v2/2810000/D11D0953-9721-0B41-A475-5C5116EFB317.root
%MSG-w XrdAdaptor:  file_open 11-Jan-2024 06:08:16 CET PostProcessEvent
Data is served from T2_US_Vanderbilt instead of original site US-Regional-FNAL
%MSG
11-Jan-2024 06:08:17 CET  Successfully opened file root://cmsxrootd.fnal.gov//store/mc/RunIISummer20UL16MiniAODv2/QCD_HT2000toInf_TuneCH3_13TeV-madgraphMLM-herwig7/MINIAODSIM/106X_mcRun2_asymptotic_v17-v2/2810000/D11D0953-9721-0B41-A475-5C5116EFB317.root
11-Jan-2024 06:08:22 CET  Closed file root://cmsxrootd.fnal.gov//store/mc/RunIISummer20UL16MiniAODv2/QCD_HT2000toInf_TuneCH3_13TeV-madgraphMLM-herwig7/MINIAODSIM/106X_mcRun2_asymptotic_v17-v2/2810000/D11D0953-9721-0B41-A475-5C5116EFB317.root
11-Jan-2024 06:08:22 CET  Initiating request to open file root://cmsxrootd.fnal.gov//store/mc/RunIISummer20UL16MiniAODv2/QCD_HT2000toInf_TuneCH3_13TeV-madgraphMLM-herwig7/MINIAODSIM/106X_mcRun2_asymptotic_v17-v2/2810000/FE0D5362-4531-0049-A2CC-8C35751584F5.root
%MSG-w XrdAdaptor:  file_open 11-Jan-2024 06:08:24 CET PostProcessEvent
Data is served from fnal.gov instead of original site US-Regional-FNAL
%MSG
11-Jan-2024 06:08:24 CET  Successfully opened file root://cmsxrootd.fnal.gov//store/mc/RunIISummer20UL16MiniAODv2/QCD_HT2000toInf_TuneCH3_13TeV-madgraphMLM-herwig7/MINIAODSIM/106X_mcRun2_asymptotic_v17-v2/2810000/FE0D5362-4531-0049-A2CC-8C35751584F5.root
11-Jan-2024 06:08:29 CET  Closed file root://cmsxrootd.fnal.gov//store/mc/RunIISummer20UL16MiniAODv2/QCD_HT2000toInf_TuneCH3_13TeV-madgraphMLM-herwig7/MINIAODSIM/106X_mcRun2_asymptotic_v17-v2/2810000/FE0D5362-4531-0049-A2CC-8C35751584F5.root
11-Jan-2024 06:08:29 CET  Initiating request to open file root://cmsxrootd.fnal.gov//store/mc/RunIISummer20UL16MiniAODv2/QCD_HT2000toInf_TuneCH3_13TeV-madgraphMLM-herwig7/MINIAODSIM/106X_mcRun2_asymptotic_v17-v2/2810000/3EA390E4-4E33-EA47-8493-76BF903D538F.root
%MSG-w XrdAdaptor:  file_open 11-Jan-2024 06:08:32 CET PostProcessEvent
Data is served from T2_US_Vanderbilt instead of original site US-Regional-FNAL
%MSG
11-Jan-2024 06:08:32 CET  Successfully opened file root://cmsxrootd.fnal.gov//store/mc/RunIISummer20UL16MiniAODv2/QCD_HT2000toInf_TuneCH3_13TeV-madgraphMLM-herwig7/MINIAODSIM/106X_mcRun2_asymptotic_v17-v2/2810000/3EA390E4-4E33-EA47-8493-76BF903D538F.root
11-Jan-2024 06:08:37 CET  Closed file root://cmsxrootd.fnal.gov//store/mc/RunIISummer20UL16MiniAODv2/QCD_HT2000toInf_TuneCH3_13TeV-madgraphMLM-herwig7/MINIAODSIM/106X_mcRun2_asymptotic_v17-v2/2810000/3EA390E4-4E33-EA47-8493-76BF903D538F.root
11-Jan-2024 06:08:37 CET  Initiating request to open file root://cmsxrootd.fnal.gov//store/mc/RunIISummer20UL16MiniAODv2/QCD_HT2000toInf_TuneCH3_13TeV-madgraphMLM-herwig7/MINIAODSIM/106X_mcRun2_asymptotic_v17-v2/2810000/2E340D77-8300-CA49-9B69-75199683E936.root
Unable to load sec.protocol plugin libXrdSecztn.so
%MSG-w XrdAdaptor:  file_open 11-Jan-2024 06:08:40 CET PostProcessEvent
Data is served from T2_US_UCSD-ceph instead of original site US-Regional-FNAL
%MSG
11-Jan-2024 06:08:41 CET  Successfully opened file root://cmsxrootd.fnal.gov//store/mc/RunIISummer20UL16MiniAODv2/QCD_HT2000toInf_TuneCH3_13TeV-madgraphMLM-herwig7/MINIAODSIM/106X_mcRun2_asymptotic_v17-v2/2810000/2E340D77-8300-CA49-9B69-75199683E936.root
Unable to load sec.protocol plugin libXrdSecztn.so
11-Jan-2024 06:08:49 CET  Closed file root://cmsxrootd.fnal.gov//store/mc/RunIISummer20UL16MiniAODv2/QCD_HT2000toInf_TuneCH3_13TeV-madgraphMLM-herwig7/MINIAODSIM/106X_mcRun2_asymptotic_v17-v2/2810000/2E340D77-8300-CA49-9B69-75199683E936.root
11-Jan-2024 06:08:49 CET  Initiating request to open file root://cmsxrootd.fnal.gov//store/mc/RunIISummer20UL16MiniAODv2/QCD_HT2000toInf_TuneCH3_13TeV-madgraphMLM-herwig7/MINIAODSIM/106X_mcRun2_asymptotic_v17-v2/2810000/01AB7331-A72E-D34F-905A-D83FC6BC6DC9.root
%MSG-w XrdAdaptor:  file_open 11-Jan-2024 06:08:53 CET PostProcessEvent
Data is served from T2_US_Nebraska instead of original site US-Regional-FNAL
%MSG
11-Jan-2024 06:08:54 CET  Successfully opened file root://cmsxrootd.fnal.gov//store/mc/RunIISummer20UL16MiniAODv2/QCD_HT2000toInf_TuneCH3_13TeV-madgraphMLM-herwig7/MINIAODSIM/106X_mcRun2_asymptotic_v17-v2/2810000/01AB7331-A72E-D34F-905A-D83FC6BC6DC9.root
11-Jan-2024 06:08:59 CET  Closed file root://cmsxrootd.fnal.gov//store/mc/RunIISummer20UL16MiniAODv2/QCD_HT2000toInf_TuneCH3_13TeV-madgraphMLM-herwig7/MINIAODSIM/106X_mcRun2_asymptotic_v17-v2/2810000/01AB7331-A72E-D34F-905A-D83FC6BC6DC9.root
11-Jan-2024 06:08:59 CET  Initiating request to open file root://cmsxrootd.fnal.gov//store/mc/RunIISummer20UL16MiniAODv2/QCD_HT2000toInf_TuneCH3_13TeV-madgraphMLM-herwig7/MINIAODSIM/106X_mcRun2_asymptotic_v17-v2/2810000/BF684878-49AF-A943-BC3E-E925BF4CCCDC.root
%MSG-w XrdAdaptor:  file_open 11-Jan-2024 06:09:02 CET PostProcessEvent
Data is served from fnal.gov instead of original site US-Regional-FNAL
%MSG
11-Jan-2024 06:09:02 CET  Successfully opened file root://cmsxrootd.fnal.gov//store/mc/RunIISummer20UL16MiniAODv2/QCD_HT2000toInf_TuneCH3_13TeV-madgraphMLM-herwig7/MINIAODSIM/106X_mcRun2_asymptotic_v17-v2/2810000/BF684878-49AF-A943-BC3E-E925BF4CCCDC.root
11-Jan-2024 06:09:07 CET  Closed file root://cmsxrootd.fnal.gov//store/mc/RunIISummer20UL16MiniAODv2/QCD_HT2000toInf_TuneCH3_13TeV-madgraphMLM-herwig7/MINIAODSIM/106X_mcRun2_asymptotic_v17-v2/2810000/BF684878-49AF-A943-BC3E-E925BF4CCCDC.root
11-Jan-2024 06:09:07 CET  Initiating request to open file root://cmsxrootd.fnal.gov//store/mc/RunIISummer20UL16MiniAODv2/QCD_HT2000toInf_TuneCH3_13TeV-madgraphMLM-herwig7/MINIAODSIM/106X_mcRun2_asymptotic_v17-v2/2810000/EEFC3766-7EA0-5B41-9C51-C11114DCFC69.root
Unable to load sec.protocol plugin libXrdSecztn.so
%MSG-w XrdAdaptor:  file_open 11-Jan-2024 06:09:13 CET PostProcessEvent
Data is served from fnal.gov instead of original site US-Regional-FNAL
%MSG
11-Jan-2024 06:09:14 CET  Successfully opened file root://cmsxrootd.fnal.gov//store/mc/RunIISummer20UL16MiniAODv2/QCD_HT2000toInf_TuneCH3_13TeV-madgraphMLM-herwig7/MINIAODSIM/106X_mcRun2_asymptotic_v17-v2/2810000/EEFC3766-7EA0-5B41-9C51-C11114DCFC69.root
11-Jan-2024 06:09:29 CET  Closed file root://cmsxrootd.fnal.gov//store/mc/RunIISummer20UL16MiniAODv2/QCD_HT2000toInf_TuneCH3_13TeV-madgraphMLM-herwig7/MINIAODSIM/106X_mcRun2_asymptotic_v17-v2/2810000/EEFC3766-7EA0-5B41-9C51-C11114DCFC69.root
11-Jan-2024 06:09:29 CET  Initiating request to open file root://cmsxrootd.fnal.gov//store/mc/RunIISummer20UL16MiniAODv2/QCD_HT2000toInf_TuneCH3_13TeV-madgraphMLM-herwig7/MINIAODSIM/106X_mcRun2_asymptotic_v17-v2/2810000/6ADF7418-43B8-4347-AC48-AAB819E97D57.root
%MSG-w XrdAdaptor:  file_open 11-Jan-2024 06:09:31 CET PostProcessEvent
Data is served from fnal.gov instead of original site US-Regional-FNAL
%MSG
11-Jan-2024 06:09:31 CET  Successfully opened file root://cmsxrootd.fnal.gov//store/mc/RunIISummer20UL16MiniAODv2/QCD_HT2000toInf_TuneCH3_13TeV-madgraphMLM-herwig7/MINIAODSIM/106X_mcRun2_asymptotic_v17-v2/2810000/6ADF7418-43B8-4347-AC48-AAB819E97D57.root
11-Jan-2024 06:09:38 CET  Closed file root://cmsxrootd.fnal.gov//store/mc/RunIISummer20UL16MiniAODv2/QCD_HT2000toInf_TuneCH3_13TeV-madgraphMLM-herwig7/MINIAODSIM/106X_mcRun2_asymptotic_v17-v2/2810000/6ADF7418-43B8-4347-AC48-AAB819E97D57.root
11-Jan-2024 06:09:38 CET  Initiating request to open file root://cmsxrootd.fnal.gov//store/mc/RunIISummer20UL16MiniAODv2/QCD_HT2000toInf_TuneCH3_13TeV-madgraphMLM-herwig7/MINIAODSIM/106X_mcRun2_asymptotic_v17-v2/2810000/451ECB53-BD7E-1F45-AD77-7DB857FE69EB.root
%MSG-w XrdAdaptor:  file_open 11-Jan-2024 06:09:42 CET PostProcessEvent
Data is served from T2_US_MIT instead of original site US-Regional-FNAL
%MSG
11-Jan-2024 06:09:42 CET  Successfully opened file root://cmsxrootd.fnal.gov//store/mc/RunIISummer20UL16MiniAODv2/QCD_HT2000toInf_TuneCH3_13TeV-madgraphMLM-herwig7/MINIAODSIM/106X_mcRun2_asymptotic_v17-v2/2810000/451ECB53-BD7E-1F45-AD77-7DB857FE69EB.root
11-Jan-2024 06:09:53 CET  Closed file root://cmsxrootd.fnal.gov//store/mc/RunIISummer20UL16MiniAODv2/QCD_HT2000toInf_TuneCH3_13TeV-madgraphMLM-herwig7/MINIAODSIM/106X_mcRun2_asymptotic_v17-v2/2810000/451ECB53-BD7E-1F45-AD77-7DB857FE69EB.root
11-Jan-2024 06:09:53 CET  Initiating request to open file root://cmsxrootd.fnal.gov//store/mc/RunIISummer20UL16MiniAODv2/QCD_HT2000toInf_TuneCH3_13TeV-madgraphMLM-herwig7/MINIAODSIM/106X_mcRun2_asymptotic_v17-v2/2810000/7B9920DC-9C4F-7542-B229-F5234ED7CC3B.root
%MSG-w XrdAdaptor:  file_open 11-Jan-2024 06:09:56 CET PostProcessEvent
Data is served from T2_US_Nebraska instead of original site US-Regional-FNAL
%MSG
11-Jan-2024 06:09:57 CET  Successfully opened file root://cmsxrootd.fnal.gov//store/mc/RunIISummer20UL16MiniAODv2/QCD_HT2000toInf_TuneCH3_13TeV-madgraphMLM-herwig7/MINIAODSIM/106X_mcRun2_asymptotic_v17-v2/2810000/7B9920DC-9C4F-7542-B229-F5234ED7CC3B.root
11-Jan-2024 06:10:03 CET  Closed file root://cmsxrootd.fnal.gov//store/mc/RunIISummer20UL16MiniAODv2/QCD_HT2000toInf_TuneCH3_13TeV-madgraphMLM-herwig7/MINIAODSIM/106X_mcRun2_asymptotic_v17-v2/2810000/7B9920DC-9C4F-7542-B229-F5234ED7CC3B.root
11-Jan-2024 06:10:03 CET  Initiating request to open file root://cmsxrootd.fnal.gov//store/mc/RunIISummer20UL16MiniAODv2/QCD_HT2000toInf_TuneCH3_13TeV-madgraphMLM-herwig7/MINIAODSIM/106X_mcRun2_asymptotic_v17-v2/2810000/A44A81B2-15F2-8646-B84C-6C874B0DDFC3.root
%MSG-w XrdAdaptor:  file_open 11-Jan-2024 06:10:06 CET PostProcessEvent
Data is served from T2_US_MIT instead of original site US-Regional-FNAL
%MSG
11-Jan-2024 06:10:07 CET  Successfully opened file root://cmsxrootd.fnal.gov//store/mc/RunIISummer20UL16MiniAODv2/QCD_HT2000toInf_TuneCH3_13TeV-madgraphMLM-herwig7/MINIAODSIM/106X_mcRun2_asymptotic_v17-v2/2810000/A44A81B2-15F2-8646-B84C-6C874B0DDFC3.root
11-Jan-2024 06:10:13 CET  Closed file root://cmsxrootd.fnal.gov//store/mc/RunIISummer20UL16MiniAODv2/QCD_HT2000toInf_TuneCH3_13TeV-madgraphMLM-herwig7/MINIAODSIM/106X_mcRun2_asymptotic_v17-v2/2810000/A44A81B2-15F2-8646-B84C-6C874B0DDFC3.root
11-Jan-2024 06:10:13 CET  Initiating request to open file root://cmsxrootd.fnal.gov//store/mc/RunIISummer20UL16MiniAODv2/QCD_HT2000toInf_TuneCH3_13TeV-madgraphMLM-herwig7/MINIAODSIM/106X_mcRun2_asymptotic_v17-v2/2810000/A2A14E1C-BD95-644A-8E1C-F3106C7F7850.root
%MSG-w XrdAdaptor:  file_open 11-Jan-2024 06:10:17 CET PostProcessEvent
Data is served from T2_US_Florida instead of original site US-Regional-FNAL
%MSG
11-Jan-2024 06:10:18 CET  Successfully opened file root://cmsxrootd.fnal.gov//store/mc/RunIISummer20UL16MiniAODv2/QCD_HT2000toInf_TuneCH3_13TeV-madgraphMLM-herwig7/MINIAODSIM/106X_mcRun2_asymptotic_v17-v2/2810000/A2A14E1C-BD95-644A-8E1C-F3106C7F7850.root
11-Jan-2024 06:10:23 CET  Closed file root://cmsxrootd.fnal.gov//store/mc/RunIISummer20UL16MiniAODv2/QCD_HT2000toInf_TuneCH3_13TeV-madgraphMLM-herwig7/MINIAODSIM/106X_mcRun2_asymptotic_v17-v2/2810000/A2A14E1C-BD95-644A-8E1C-F3106C7F7850.root
11-Jan-2024 06:10:23 CET  Initiating request to open file root://cmsxrootd.fnal.gov//store/mc/RunIISummer20UL16MiniAODv2/QCD_HT2000toInf_TuneCH3_13TeV-madgraphMLM-herwig7/MINIAODSIM/106X_mcRun2_asymptotic_v17-v2/2810000/FC0391E9-7526-A84E-BF72-0A7150F9C317.root
%MSG-w XrdAdaptor:  file_open 11-Jan-2024 06:10:25 CET PostProcessEvent
Data is served from fnal.gov instead of original site US-Regional-FNAL
%MSG
11-Jan-2024 06:10:26 CET  Successfully opened file root://cmsxrootd.fnal.gov//store/mc/RunIISummer20UL16MiniAODv2/QCD_HT2000toInf_TuneCH3_13TeV-madgraphMLM-herwig7/MINIAODSIM/106X_mcRun2_asymptotic_v17-v2/2810000/FC0391E9-7526-A84E-BF72-0A7150F9C317.root
11-Jan-2024 06:10:31 CET  Closed file root://cmsxrootd.fnal.gov//store/mc/RunIISummer20UL16MiniAODv2/QCD_HT2000toInf_TuneCH3_13TeV-madgraphMLM-herwig7/MINIAODSIM/106X_mcRun2_asymptotic_v17-v2/2810000/FC0391E9-7526-A84E-BF72-0A7150F9C317.root
11-Jan-2024 06:10:31 CET  Initiating request to open file root://cmsxrootd.fnal.gov//store/mc/RunIISummer20UL16MiniAODv2/QCD_HT2000toInf_TuneCH3_13TeV-madgraphMLM-herwig7/MINIAODSIM/106X_mcRun2_asymptotic_v17-v2/2810000/BCEF5AF3-D151-2C4E-9AFB-8B73181A839C.root
%MSG-w XrdAdaptor:  file_open 11-Jan-2024 06:10:33 CET PostProcessEvent
Data is served from T2_US_Florida instead of original site US-Regional-FNAL
%MSG
11-Jan-2024 06:10:34 CET  Successfully opened file root://cmsxrootd.fnal.gov//store/mc/RunIISummer20UL16MiniAODv2/QCD_HT2000toInf_TuneCH3_13TeV-madgraphMLM-herwig7/MINIAODSIM/106X_mcRun2_asymptotic_v17-v2/2810000/BCEF5AF3-D151-2C4E-9AFB-8B73181A839C.root
11-Jan-2024 06:10:39 CET  Closed file root://cmsxrootd.fnal.gov//store/mc/RunIISummer20UL16MiniAODv2/QCD_HT2000toInf_TuneCH3_13TeV-madgraphMLM-herwig7/MINIAODSIM/106X_mcRun2_asymptotic_v17-v2/2810000/BCEF5AF3-D151-2C4E-9AFB-8B73181A839C.root
11-Jan-2024 06:10:39 CET  Initiating request to open file root://cmsxrootd.fnal.gov//store/mc/RunIISummer20UL16MiniAODv2/QCD_HT2000toInf_TuneCH3_13TeV-madgraphMLM-herwig7/MINIAODSIM/106X_mcRun2_asymptotic_v17-v2/2810000/A702B9AA-6000-B041-9244-21C99B4C052E.root
%MSG-w XrdAdaptor:  file_open 11-Jan-2024 06:10:41 CET PostProcessEvent
Data is served from fnal.gov instead of original site US-Regional-FNAL
%MSG
11-Jan-2024 06:10:42 CET  Successfully opened file root://cmsxrootd.fnal.gov//store/mc/RunIISummer20UL16MiniAODv2/QCD_HT2000toInf_TuneCH3_13TeV-madgraphMLM-herwig7/MINIAODSIM/106X_mcRun2_asymptotic_v17-v2/2810000/A702B9AA-6000-B041-9244-21C99B4C052E.root
11-Jan-2024 06:10:47 CET  Closed file root://cmsxrootd.fnal.gov//store/mc/RunIISummer20UL16MiniAODv2/QCD_HT2000toInf_TuneCH3_13TeV-madgraphMLM-herwig7/MINIAODSIM/106X_mcRun2_asymptotic_v17-v2/2810000/A702B9AA-6000-B041-9244-21C99B4C052E.root
11-Jan-2024 06:10:47 CET  Initiating request to open file root://cmsxrootd.fnal.gov//store/mc/RunIISummer20UL16MiniAODv2/QCD_HT2000toInf_TuneCH3_13TeV-madgraphMLM-herwig7/MINIAODSIM/106X_mcRun2_asymptotic_v17-v2/2810000/1C69FCC4-2F8C-7440-9DD2-79BC35EA5C7B.root
%MSG-w XrdAdaptor:  file_open 11-Jan-2024 06:10:50 CET PostProcessEvent
Data is served from T2_US_Nebraska instead of original site US-Regional-FNAL
%MSG
11-Jan-2024 06:10:51 CET  Successfully opened file root://cmsxrootd.fnal.gov//store/mc/RunIISummer20UL16MiniAODv2/QCD_HT2000toInf_TuneCH3_13TeV-madgraphMLM-herwig7/MINIAODSIM/106X_mcRun2_asymptotic_v17-v2/2810000/1C69FCC4-2F8C-7440-9DD2-79BC35EA5C7B.root
Begin processing the 200001st record. Run 1, Event 1180492, LumiSection 295 on stream 0 at 11-Jan-2024 06:10:58.866 CET
11-Jan-2024 06:10:59 CET  Closed file root://cmsxrootd.fnal.gov//store/mc/RunIISummer20UL16MiniAODv2/QCD_HT2000toInf_TuneCH3_13TeV-madgraphMLM-herwig7/MINIAODSIM/106X_mcRun2_asymptotic_v17-v2/2810000/1C69FCC4-2F8C-7440-9DD2-79BC35EA5C7B.root
11-Jan-2024 06:10:59 CET  Initiating request to open file root://cmsxrootd.fnal.gov//store/mc/RunIISummer20UL16MiniAODv2/QCD_HT2000toInf_TuneCH3_13TeV-madgraphMLM-herwig7/MINIAODSIM/106X_mcRun2_asymptotic_v17-v2/2810000/287A8D55-4C26-E946-8647-0EA1AFABD0FE.root
%MSG-w XrdAdaptor:  file_open 11-Jan-2024 06:11:02 CET PostProcessEvent
Data is served from T2_US_Nebraska instead of original site US-Regional-FNAL
%MSG
11-Jan-2024 06:11:03 CET  Successfully opened file root://cmsxrootd.fnal.gov//store/mc/RunIISummer20UL16MiniAODv2/QCD_HT2000toInf_TuneCH3_13TeV-madgraphMLM-herwig7/MINIAODSIM/106X_mcRun2_asymptotic_v17-v2/2810000/287A8D55-4C26-E946-8647-0EA1AFABD0FE.root
11-Jan-2024 06:11:09 CET  Closed file root://cmsxrootd.fnal.gov//store/mc/RunIISummer20UL16MiniAODv2/QCD_HT2000toInf_TuneCH3_13TeV-madgraphMLM-herwig7/MINIAODSIM/106X_mcRun2_asymptotic_v17-v2/2810000/287A8D55-4C26-E946-8647-0EA1AFABD0FE.root
11-Jan-2024 06:11:09 CET  Initiating request to open file root://cmsxrootd.fnal.gov//store/mc/RunIISummer20UL16MiniAODv2/QCD_HT2000toInf_TuneCH3_13TeV-madgraphMLM-herwig7/MINIAODSIM/106X_mcRun2_asymptotic_v17-v2/2810000/6EBB2587-CD85-4B4A-998E-90D588876C33.root
%MSG-w XrdAdaptor:  file_open 11-Jan-2024 06:11:11 CET PostProcessEvent
Data is served from T2_US_Florida instead of original site US-Regional-FNAL
%MSG
11-Jan-2024 06:11:12 CET  Successfully opened file root://cmsxrootd.fnal.gov//store/mc/RunIISummer20UL16MiniAODv2/QCD_HT2000toInf_TuneCH3_13TeV-madgraphMLM-herwig7/MINIAODSIM/106X_mcRun2_asymptotic_v17-v2/2810000/6EBB2587-CD85-4B4A-998E-90D588876C33.root
11-Jan-2024 06:11:17 CET  Closed file root://cmsxrootd.fnal.gov//store/mc/RunIISummer20UL16MiniAODv2/QCD_HT2000toInf_TuneCH3_13TeV-madgraphMLM-herwig7/MINIAODSIM/106X_mcRun2_asymptotic_v17-v2/2810000/6EBB2587-CD85-4B4A-998E-90D588876C33.root
11-Jan-2024 06:11:17 CET  Initiating request to open file root://cmsxrootd.fnal.gov//store/mc/RunIISummer20UL16MiniAODv2/QCD_HT2000toInf_TuneCH3_13TeV-madgraphMLM-herwig7/MINIAODSIM/106X_mcRun2_asymptotic_v17-v2/2810000/90794023-A22A-2E4A-83D5-AF6D6AD15CE4.root
%MSG-w XrdAdaptor:  file_open 11-Jan-2024 06:11:20 CET PostProcessEvent
Data is served from T2_US_Florida instead of original site US-Regional-FNAL
%MSG
11-Jan-2024 06:11:20 CET  Successfully opened file root://cmsxrootd.fnal.gov//store/mc/RunIISummer20UL16MiniAODv2/QCD_HT2000toInf_TuneCH3_13TeV-madgraphMLM-herwig7/MINIAODSIM/106X_mcRun2_asymptotic_v17-v2/2810000/90794023-A22A-2E4A-83D5-AF6D6AD15CE4.root
11-Jan-2024 06:11:25 CET  Closed file root://cmsxrootd.fnal.gov//store/mc/RunIISummer20UL16MiniAODv2/QCD_HT2000toInf_TuneCH3_13TeV-madgraphMLM-herwig7/MINIAODSIM/106X_mcRun2_asymptotic_v17-v2/2810000/90794023-A22A-2E4A-83D5-AF6D6AD15CE4.root
11-Jan-2024 06:11:25 CET  Initiating request to open file root://cmsxrootd.fnal.gov//store/mc/RunIISummer20UL16MiniAODv2/QCD_HT2000toInf_TuneCH3_13TeV-madgraphMLM-herwig7/MINIAODSIM/106X_mcRun2_asymptotic_v17-v2/2810000/E7825BB8-C413-E343-ADA1-B8E887E77D29.root
%MSG-w XrdAdaptor:  file_open 11-Jan-2024 06:11:29 CET PostProcessEvent
Data is served from T2_US_Wisconsin instead of original site US-Regional-FNAL
%MSG
11-Jan-2024 06:11:30 CET  Successfully opened file root://cmsxrootd.fnal.gov//store/mc/RunIISummer20UL16MiniAODv2/QCD_HT2000toInf_TuneCH3_13TeV-madgraphMLM-herwig7/MINIAODSIM/106X_mcRun2_asymptotic_v17-v2/2810000/E7825BB8-C413-E343-ADA1-B8E887E77D29.root
11-Jan-2024 06:11:35 CET  Closed file root://cmsxrootd.fnal.gov//store/mc/RunIISummer20UL16MiniAODv2/QCD_HT2000toInf_TuneCH3_13TeV-madgraphMLM-herwig7/MINIAODSIM/106X_mcRun2_asymptotic_v17-v2/2810000/E7825BB8-C413-E343-ADA1-B8E887E77D29.root
11-Jan-2024 06:11:35 CET  Initiating request to open file root://cmsxrootd.fnal.gov//store/mc/RunIISummer20UL16MiniAODv2/QCD_HT2000toInf_TuneCH3_13TeV-madgraphMLM-herwig7/MINIAODSIM/106X_mcRun2_asymptotic_v17-v2/2810000/6CBBF356-AC25-EB4B-B5E0-F17EB9E2C38F.root
%MSG-w XrdAdaptor:  file_open 11-Jan-2024 06:11:37 CET PostProcessEvent
Data is served from fnal.gov instead of original site US-Regional-FNAL
%MSG
11-Jan-2024 06:11:38 CET  Successfully opened file root://cmsxrootd.fnal.gov//store/mc/RunIISummer20UL16MiniAODv2/QCD_HT2000toInf_TuneCH3_13TeV-madgraphMLM-herwig7/MINIAODSIM/106X_mcRun2_asymptotic_v17-v2/2810000/6CBBF356-AC25-EB4B-B5E0-F17EB9E2C38F.root
11-Jan-2024 06:11:42 CET  Closed file root://cmsxrootd.fnal.gov//store/mc/RunIISummer20UL16MiniAODv2/QCD_HT2000toInf_TuneCH3_13TeV-madgraphMLM-herwig7/MINIAODSIM/106X_mcRun2_asymptotic_v17-v2/2810000/6CBBF356-AC25-EB4B-B5E0-F17EB9E2C38F.root
11-Jan-2024 06:11:42 CET  Initiating request to open file root://cmsxrootd.fnal.gov//store/mc/RunIISummer20UL16MiniAODv2/QCD_HT2000toInf_TuneCH3_13TeV-madgraphMLM-herwig7/MINIAODSIM/106X_mcRun2_asymptotic_v17-v2/2810000/EE1F0B2E-99E5-884A-8C14-54051DC44216.root
%MSG-w XrdAdaptor:  file_open 11-Jan-2024 06:11:47 CET PostProcessEvent
Data is served from T2_US_Caltech instead of original site US-Regional-FNAL
%MSG
11-Jan-2024 06:11:48 CET  Successfully opened file root://cmsxrootd.fnal.gov//store/mc/RunIISummer20UL16MiniAODv2/QCD_HT2000toInf_TuneCH3_13TeV-madgraphMLM-herwig7/MINIAODSIM/106X_mcRun2_asymptotic_v17-v2/2810000/EE1F0B2E-99E5-884A-8C14-54051DC44216.root
11-Jan-2024 06:12:00 CET  Closed file root://cmsxrootd.fnal.gov//store/mc/RunIISummer20UL16MiniAODv2/QCD_HT2000toInf_TuneCH3_13TeV-madgraphMLM-herwig7/MINIAODSIM/106X_mcRun2_asymptotic_v17-v2/2810000/EE1F0B2E-99E5-884A-8C14-54051DC44216.root
11-Jan-2024 06:12:00 CET  Initiating request to open file root://cmsxrootd.fnal.gov//store/mc/RunIISummer20UL16MiniAODv2/QCD_HT2000toInf_TuneCH3_13TeV-madgraphMLM-herwig7/MINIAODSIM/106X_mcRun2_asymptotic_v17-v2/2810000/F612B862-51EF-1B41-847D-D4C16A8B1030.root
%MSG-w XrdAdaptor:  file_open 11-Jan-2024 06:12:02 CET PostProcessEvent
Data is served from fnal.gov instead of original site US-Regional-FNAL
%MSG
11-Jan-2024 06:12:03 CET  Successfully opened file root://cmsxrootd.fnal.gov//store/mc/RunIISummer20UL16MiniAODv2/QCD_HT2000toInf_TuneCH3_13TeV-madgraphMLM-herwig7/MINIAODSIM/106X_mcRun2_asymptotic_v17-v2/2810000/F612B862-51EF-1B41-847D-D4C16A8B1030.root
11-Jan-2024 06:12:08 CET  Closed file root://cmsxrootd.fnal.gov//store/mc/RunIISummer20UL16MiniAODv2/QCD_HT2000toInf_TuneCH3_13TeV-madgraphMLM-herwig7/MINIAODSIM/106X_mcRun2_asymptotic_v17-v2/2810000/F612B862-51EF-1B41-847D-D4C16A8B1030.root
11-Jan-2024 06:12:08 CET  Initiating request to open file root://cmsxrootd.fnal.gov//store/mc/RunIISummer20UL16MiniAODv2/QCD_HT2000toInf_TuneCH3_13TeV-madgraphMLM-herwig7/MINIAODSIM/106X_mcRun2_asymptotic_v17-v2/2810000/4C0FB8B9-B1D2-C14F-8A18-4E2FC3B04748.root
%MSG-w XrdAdaptor:  file_open 11-Jan-2024 06:12:11 CET PostProcessEvent
Data is served from fnal.gov instead of original site US-Regional-FNAL
%MSG
11-Jan-2024 06:12:13 CET  Successfully opened file root://cmsxrootd.fnal.gov//store/mc/RunIISummer20UL16MiniAODv2/QCD_HT2000toInf_TuneCH3_13TeV-madgraphMLM-herwig7/MINIAODSIM/106X_mcRun2_asymptotic_v17-v2/2810000/4C0FB8B9-B1D2-C14F-8A18-4E2FC3B04748.root
Begin processing the 300001st record. Run 1, Event 1794140, LumiSection 448 on stream 0 at 11-Jan-2024 06:12:29.081 CET
11-Jan-2024 06:12:29 CET  Closed file root://cmsxrootd.fnal.gov//store/mc/RunIISummer20UL16MiniAODv2/QCD_HT2000toInf_TuneCH3_13TeV-madgraphMLM-herwig7/MINIAODSIM/106X_mcRun2_asymptotic_v17-v2/2810000/4C0FB8B9-B1D2-C14F-8A18-4E2FC3B04748.root
11-Jan-2024 06:12:29 CET  Initiating request to open file root://cmsxrootd.fnal.gov//store/mc/RunIISummer20UL16MiniAODv2/QCD_HT2000toInf_TuneCH3_13TeV-madgraphMLM-herwig7/MINIAODSIM/106X_mcRun2_asymptotic_v17-v2/2810000/E2FD8D97-8EA4-FD40-AC6E-FB63B1E3202E.root
%MSG-w XrdAdaptor:  file_open 11-Jan-2024 06:12:32 CET PostProcessEvent
Data is served from T2_US_Nebraska instead of original site US-Regional-FNAL
%MSG
11-Jan-2024 06:12:33 CET  Successfully opened file root://cmsxrootd.fnal.gov//store/mc/RunIISummer20UL16MiniAODv2/QCD_HT2000toInf_TuneCH3_13TeV-madgraphMLM-herwig7/MINIAODSIM/106X_mcRun2_asymptotic_v17-v2/2810000/E2FD8D97-8EA4-FD40-AC6E-FB63B1E3202E.root
11-Jan-2024 06:12:38 CET  Closed file root://cmsxrootd.fnal.gov//store/mc/RunIISummer20UL16MiniAODv2/QCD_HT2000toInf_TuneCH3_13TeV-madgraphMLM-herwig7/MINIAODSIM/106X_mcRun2_asymptotic_v17-v2/2810000/E2FD8D97-8EA4-FD40-AC6E-FB63B1E3202E.root
11-Jan-2024 06:12:38 CET  Initiating request to open file root://cmsxrootd.fnal.gov//store/mc/RunIISummer20UL16MiniAODv2/QCD_HT2000toInf_TuneCH3_13TeV-madgraphMLM-herwig7/MINIAODSIM/106X_mcRun2_asymptotic_v17-v2/2810000/5E2BA440-81AE-B54E-AF6E-BAF4A3CB49D3.root
%MSG-w XrdAdaptor:  file_open 11-Jan-2024 06:12:40 CET PostProcessEvent
Data is served from fnal.gov instead of original site US-Regional-FNAL
%MSG
11-Jan-2024 06:12:41 CET  Successfully opened file root://cmsxrootd.fnal.gov//store/mc/RunIISummer20UL16MiniAODv2/QCD_HT2000toInf_TuneCH3_13TeV-madgraphMLM-herwig7/MINIAODSIM/106X_mcRun2_asymptotic_v17-v2/2810000/5E2BA440-81AE-B54E-AF6E-BAF4A3CB49D3.root
11-Jan-2024 06:12:45 CET  Closed file root://cmsxrootd.fnal.gov//store/mc/RunIISummer20UL16MiniAODv2/QCD_HT2000toInf_TuneCH3_13TeV-madgraphMLM-herwig7/MINIAODSIM/106X_mcRun2_asymptotic_v17-v2/2810000/5E2BA440-81AE-B54E-AF6E-BAF4A3CB49D3.root
11-Jan-2024 06:12:45 CET  Initiating request to open file root://cmsxrootd.fnal.gov//store/mc/RunIISummer20UL16MiniAODv2/QCD_HT2000toInf_TuneCH3_13TeV-madgraphMLM-herwig7/MINIAODSIM/106X_mcRun2_asymptotic_v17-v2/2810000/7A9097DE-235C-0F43-A317-32B3AED3EE0B.root
[2024-01-11 06:13:32.984572 +0100][Error  ][AsyncSock         ] [cmsstor206.fnal.gov:26139 #0.0] Socket error while handshaking: [ERROR] Socket timeout
[2024-01-11 06:13:32.985378 +0100][Error  ][PostMaster        ] [cmsstor206.fnal.gov:26139 #0] elapsed = 45, pConnectionWindow = 31 seconds.
[2024-01-11 06:14:18.142189 +0100][Error  ][AsyncSock         ] [cmsstor206.fnal.gov:26139 #0.0] Socket error while handshaking: [ERROR] Socket timeout
[2024-01-11 06:14:18.143000 +0100][Error  ][PostMaster        ] [cmsstor206.fnal.gov:26139 #0] elapsed = 46, pConnectionWindow = 31 seconds.
%MSG-w XrdAdaptor:  file_open 11-Jan-2024 06:15:01 CET PostProcessEvent
Data is served from fnal.gov instead of original site US-Regional-FNAL
%MSG
11-Jan-2024 06:15:02 CET  Successfully opened file root://cmsxrootd.fnal.gov//store/mc/RunIISummer20UL16MiniAODv2/QCD_HT2000toInf_TuneCH3_13TeV-madgraphMLM-herwig7/MINIAODSIM/106X_mcRun2_asymptotic_v17-v2/2810000/7A9097DE-235C-0F43-A317-32B3AED3EE0B.root
11-Jan-2024 06:15:21 CET  Closed file root://cmsxrootd.fnal.gov//store/mc/RunIISummer20UL16MiniAODv2/QCD_HT2000toInf_TuneCH3_13TeV-madgraphMLM-herwig7/MINIAODSIM/106X_mcRun2_asymptotic_v17-v2/2810000/7A9097DE-235C-0F43-A317-32B3AED3EE0B.root
11-Jan-2024 06:15:21 CET  Initiating request to open file root://cmsxrootd.fnal.gov//store/mc/RunIISummer20UL16MiniAODv2/QCD_HT2000toInf_TuneCH3_13TeV-madgraphMLM-herwig7/MINIAODSIM/106X_mcRun2_asymptotic_v17-v2/2810000/0ECB3E74-F308-1B4F-862F-7F83E7A79846.root
%MSG-w XrdAdaptor:  file_open 11-Jan-2024 06:15:24 CET PostProcessEvent
Data is served from fnal.gov instead of original site US-Regional-FNAL
%MSG
11-Jan-2024 06:15:26 CET  Successfully opened file root://cmsxrootd.fnal.gov//store/mc/RunIISummer20UL16MiniAODv2/QCD_HT2000toInf_TuneCH3_13TeV-madgraphMLM-herwig7/MINIAODSIM/106X_mcRun2_asymptotic_v17-v2/2810000/0ECB3E74-F308-1B4F-862F-7F83E7A79846.root
11-Jan-2024 06:15:43 CET  Closed file root://cmsxrootd.fnal.gov//store/mc/RunIISummer20UL16MiniAODv2/QCD_HT2000toInf_TuneCH3_13TeV-madgraphMLM-herwig7/MINIAODSIM/106X_mcRun2_asymptotic_v17-v2/2810000/0ECB3E74-F308-1B4F-862F-7F83E7A79846.root
11-Jan-2024 06:15:43 CET  Initiating request to open file root://cmsxrootd.fnal.gov//store/mc/RunIISummer20UL16MiniAODv2/QCD_HT2000toInf_TuneCH3_13TeV-madgraphMLM-herwig7/MINIAODSIM/106X_mcRun2_asymptotic_v17-v2/2810000/CC7E8CCA-2E33-2340-AD43-8BF2967B8FE1.root
%MSG-w XrdAdaptor:  file_open 11-Jan-2024 06:15:45 CET PostProcessEvent
Data is served from fnal.gov instead of original site US-Regional-FNAL
%MSG
11-Jan-2024 06:15:46 CET  Successfully opened file root://cmsxrootd.fnal.gov//store/mc/RunIISummer20UL16MiniAODv2/QCD_HT2000toInf_TuneCH3_13TeV-madgraphMLM-herwig7/MINIAODSIM/106X_mcRun2_asymptotic_v17-v2/2810000/CC7E8CCA-2E33-2340-AD43-8BF2967B8FE1.root
11-Jan-2024 06:15:52 CET  Closed file root://cmsxrootd.fnal.gov//store/mc/RunIISummer20UL16MiniAODv2/QCD_HT2000toInf_TuneCH3_13TeV-madgraphMLM-herwig7/MINIAODSIM/106X_mcRun2_asymptotic_v17-v2/2810000/CC7E8CCA-2E33-2340-AD43-8BF2967B8FE1.root
11-Jan-2024 06:15:52 CET  Initiating request to open file root://cmsxrootd.fnal.gov//store/mc/RunIISummer20UL16MiniAODv2/QCD_HT2000toInf_TuneCH3_13TeV-madgraphMLM-herwig7/MINIAODSIM/106X_mcRun2_asymptotic_v17-v2/2810000/A7798030-F212-1F4A-B186-7D61B2F14043.root
%MSG-w XrdAdaptor:  file_open 11-Jan-2024 06:15:55 CET PostProcessEvent
Data is served from T2_US_Florida instead of original site US-Regional-FNAL
%MSG
11-Jan-2024 06:15:56 CET  Successfully opened file root://cmsxrootd.fnal.gov//store/mc/RunIISummer20UL16MiniAODv2/QCD_HT2000toInf_TuneCH3_13TeV-madgraphMLM-herwig7/MINIAODSIM/106X_mcRun2_asymptotic_v17-v2/2810000/A7798030-F212-1F4A-B186-7D61B2F14043.root
11-Jan-2024 06:16:00 CET  Closed file root://cmsxrootd.fnal.gov//store/mc/RunIISummer20UL16MiniAODv2/QCD_HT2000toInf_TuneCH3_13TeV-madgraphMLM-herwig7/MINIAODSIM/106X_mcRun2_asymptotic_v17-v2/2810000/A7798030-F212-1F4A-B186-7D61B2F14043.root
11-Jan-2024 06:16:00 CET  Initiating request to open file root://cmsxrootd.fnal.gov//store/mc/RunIISummer20UL16MiniAODv2/QCD_HT2000toInf_TuneCH3_13TeV-madgraphMLM-herwig7/MINIAODSIM/106X_mcRun2_asymptotic_v17-v2/2810000/85D80F6D-D11A-F443-877A-7FABFB697747.root
%MSG-w XrdAdaptor:  file_open 11-Jan-2024 06:16:03 CET PostProcessEvent
Data is served from fnal.gov instead of original site US-Regional-FNAL
%MSG
11-Jan-2024 06:16:03 CET  Successfully opened file root://cmsxrootd.fnal.gov//store/mc/RunIISummer20UL16MiniAODv2/QCD_HT2000toInf_TuneCH3_13TeV-madgraphMLM-herwig7/MINIAODSIM/106X_mcRun2_asymptotic_v17-v2/2810000/85D80F6D-D11A-F443-877A-7FABFB697747.root
11-Jan-2024 06:16:11 CET  Closed file root://cmsxrootd.fnal.gov//store/mc/RunIISummer20UL16MiniAODv2/QCD_HT2000toInf_TuneCH3_13TeV-madgraphMLM-herwig7/MINIAODSIM/106X_mcRun2_asymptotic_v17-v2/2810000/85D80F6D-D11A-F443-877A-7FABFB697747.root
11-Jan-2024 06:16:11 CET  Initiating request to open file root://cmsxrootd.fnal.gov//store/mc/RunIISummer20UL16MiniAODv2/QCD_HT2000toInf_TuneCH3_13TeV-madgraphMLM-herwig7/MINIAODSIM/106X_mcRun2_asymptotic_v17-v2/2810000/C2A6C3C6-EA3A-D946-9569-1D3F3024758C.root
%MSG-w XrdAdaptor:  file_open 11-Jan-2024 06:16:13 CET PostProcessEvent
Data is served from fnal.gov instead of original site US-Regional-FNAL
%MSG
11-Jan-2024 06:16:14 CET  Successfully opened file root://cmsxrootd.fnal.gov//store/mc/RunIISummer20UL16MiniAODv2/QCD_HT2000toInf_TuneCH3_13TeV-madgraphMLM-herwig7/MINIAODSIM/106X_mcRun2_asymptotic_v17-v2/2810000/C2A6C3C6-EA3A-D946-9569-1D3F3024758C.root
11-Jan-2024 06:16:29 CET  Closed file root://cmsxrootd.fnal.gov//store/mc/RunIISummer20UL16MiniAODv2/QCD_HT2000toInf_TuneCH3_13TeV-madgraphMLM-herwig7/MINIAODSIM/106X_mcRun2_asymptotic_v17-v2/2810000/C2A6C3C6-EA3A-D946-9569-1D3F3024758C.root
11-Jan-2024 06:16:29 CET  Initiating request to open file root://cmsxrootd.fnal.gov//store/mc/RunIISummer20UL16MiniAODv2/QCD_HT2000toInf_TuneCH3_13TeV-madgraphMLM-herwig7/MINIAODSIM/106X_mcRun2_asymptotic_v17-v2/2810000/49BD25C4-0D00-A14B-8543-DF0A7768AC5A.root
%MSG-w XrdAdaptor:  file_open 11-Jan-2024 06:16:32 CET PostProcessEvent
Data is served from fnal.gov instead of original site US-Regional-FNAL
%MSG
11-Jan-2024 06:16:32 CET  Successfully opened file root://cmsxrootd.fnal.gov//store/mc/RunIISummer20UL16MiniAODv2/QCD_HT2000toInf_TuneCH3_13TeV-madgraphMLM-herwig7/MINIAODSIM/106X_mcRun2_asymptotic_v17-v2/2810000/49BD25C4-0D00-A14B-8543-DF0A7768AC5A.root
11-Jan-2024 06:16:41 CET  Closed file root://cmsxrootd.fnal.gov//store/mc/RunIISummer20UL16MiniAODv2/QCD_HT2000toInf_TuneCH3_13TeV-madgraphMLM-herwig7/MINIAODSIM/106X_mcRun2_asymptotic_v17-v2/2810000/49BD25C4-0D00-A14B-8543-DF0A7768AC5A.root
11-Jan-2024 06:16:41 CET  Initiating request to open file root://cmsxrootd.fnal.gov//store/mc/RunIISummer20UL16MiniAODv2/QCD_HT2000toInf_TuneCH3_13TeV-madgraphMLM-herwig7/MINIAODSIM/106X_mcRun2_asymptotic_v17-v2/2810000/68F5F6C4-9AD9-DF4F-8680-76FAA45E5DA1.root
%MSG-w XrdAdaptor:  file_open 11-Jan-2024 06:16:43 CET PostProcessEvent
Data is served from fnal.gov instead of original site US-Regional-FNAL
%MSG
11-Jan-2024 06:16:44 CET  Successfully opened file root://cmsxrootd.fnal.gov//store/mc/RunIISummer20UL16MiniAODv2/QCD_HT2000toInf_TuneCH3_13TeV-madgraphMLM-herwig7/MINIAODSIM/106X_mcRun2_asymptotic_v17-v2/2810000/68F5F6C4-9AD9-DF4F-8680-76FAA45E5DA1.root
11-Jan-2024 06:16:54 CET  Closed file root://cmsxrootd.fnal.gov//store/mc/RunIISummer20UL16MiniAODv2/QCD_HT2000toInf_TuneCH3_13TeV-madgraphMLM-herwig7/MINIAODSIM/106X_mcRun2_asymptotic_v17-v2/2810000/68F5F6C4-9AD9-DF4F-8680-76FAA45E5DA1.root
11-Jan-2024 06:16:54 CET  Initiating request to open file root://cmsxrootd.fnal.gov//store/mc/RunIISummer20UL16MiniAODv2/QCD_HT2000toInf_TuneCH3_13TeV-madgraphMLM-herwig7/MINIAODSIM/106X_mcRun2_asymptotic_v17-v2/2810000/DF79E916-138A-FC41-9169-9AC2BC6EF478.root
%MSG-w XrdAdaptor:  file_open 11-Jan-2024 06:16:56 CET PostProcessEvent
Data is served from fnal.gov instead of original site US-Regional-FNAL
%MSG
11-Jan-2024 06:16:57 CET  Successfully opened file root://cmsxrootd.fnal.gov//store/mc/RunIISummer20UL16MiniAODv2/QCD_HT2000toInf_TuneCH3_13TeV-madgraphMLM-herwig7/MINIAODSIM/106X_mcRun2_asymptotic_v17-v2/2810000/DF79E916-138A-FC41-9169-9AC2BC6EF478.root
11-Jan-2024 06:17:02 CET  Closed file root://cmsxrootd.fnal.gov//store/mc/RunIISummer20UL16MiniAODv2/QCD_HT2000toInf_TuneCH3_13TeV-madgraphMLM-herwig7/MINIAODSIM/106X_mcRun2_asymptotic_v17-v2/2810000/DF79E916-138A-FC41-9169-9AC2BC6EF478.root
11-Jan-2024 06:17:02 CET  Initiating request to open file root://cmsxrootd.fnal.gov//store/mc/RunIISummer20UL16MiniAODv2/QCD_HT2000toInf_TuneCH3_13TeV-madgraphMLM-herwig7/MINIAODSIM/106X_mcRun2_asymptotic_v17-v2/2810000/879174F6-1097-094A-A05B-C71E34E37B85.root
%MSG-w XrdAdaptor:  file_open 11-Jan-2024 06:17:04 CET PostProcessEvent
Data is served from fnal.gov instead of original site US-Regional-FNAL
%MSG
11-Jan-2024 06:17:05 CET  Successfully opened file root://cmsxrootd.fnal.gov//store/mc/RunIISummer20UL16MiniAODv2/QCD_HT2000toInf_TuneCH3_13TeV-madgraphMLM-herwig7/MINIAODSIM/106X_mcRun2_asymptotic_v17-v2/2810000/879174F6-1097-094A-A05B-C71E34E37B85.root
Begin processing the 400001st record. Run 1, Event 1003519, LumiSection 251 on stream 0 at 11-Jan-2024 06:18:44.317 CET
11-Jan-2024 06:18:44 CET  Closed file root://cmsxrootd.fnal.gov//store/mc/RunIISummer20UL16MiniAODv2/QCD_HT2000toInf_TuneCH3_13TeV-madgraphMLM-herwig7/MINIAODSIM/106X_mcRun2_asymptotic_v17-v2/2810000/879174F6-1097-094A-A05B-C71E34E37B85.root
11-Jan-2024 06:18:44 CET  Initiating request to open file root://cmsxrootd.fnal.gov//store/mc/RunIISummer20UL16MiniAODv2/QCD_HT2000toInf_TuneCH3_13TeV-madgraphMLM-herwig7/MINIAODSIM/106X_mcRun2_asymptotic_v17-v2/2810000/8B251B74-6930-FC4E-B153-DA35A765CCD8.root
%MSG-w XrdAdaptor:  file_open 11-Jan-2024 06:18:47 CET PostProcessEvent
Data is served from fnal.gov instead of original site US-Regional-FNAL
%MSG
11-Jan-2024 06:18:48 CET  Successfully opened file root://cmsxrootd.fnal.gov//store/mc/RunIISummer20UL16MiniAODv2/QCD_HT2000toInf_TuneCH3_13TeV-madgraphMLM-herwig7/MINIAODSIM/106X_mcRun2_asymptotic_v17-v2/2810000/8B251B74-6930-FC4E-B153-DA35A765CCD8.root
11-Jan-2024 06:18:59 CET  Closed file root://cmsxrootd.fnal.gov//store/mc/RunIISummer20UL16MiniAODv2/QCD_HT2000toInf_TuneCH3_13TeV-madgraphMLM-herwig7/MINIAODSIM/106X_mcRun2_asymptotic_v17-v2/2810000/8B251B74-6930-FC4E-B153-DA35A765CCD8.root
11-Jan-2024 06:18:59 CET  Initiating request to open file root://cmsxrootd.fnal.gov//store/mc/RunIISummer20UL16MiniAODv2/QCD_HT2000toInf_TuneCH3_13TeV-madgraphMLM-herwig7/MINIAODSIM/106X_mcRun2_asymptotic_v17-v2/2810000/1B95A6B1-4B4D-2844-8D68-4662B51C1BEA.root
%MSG-w XrdAdaptor:  file_open 11-Jan-2024 06:19:02 CET PostProcessEvent
Data is served from fnal.gov instead of original site US-Regional-FNAL
%MSG
11-Jan-2024 06:19:03 CET  Successfully opened file root://cmsxrootd.fnal.gov//store/mc/RunIISummer20UL16MiniAODv2/QCD_HT2000toInf_TuneCH3_13TeV-madgraphMLM-herwig7/MINIAODSIM/106X_mcRun2_asymptotic_v17-v2/2810000/1B95A6B1-4B4D-2844-8D68-4662B51C1BEA.root
11-Jan-2024 06:19:10 CET  Closed file root://cmsxrootd.fnal.gov//store/mc/RunIISummer20UL16MiniAODv2/QCD_HT2000toInf_TuneCH3_13TeV-madgraphMLM-herwig7/MINIAODSIM/106X_mcRun2_asymptotic_v17-v2/2810000/1B95A6B1-4B4D-2844-8D68-4662B51C1BEA.root
11-Jan-2024 06:19:10 CET  Initiating request to open file root://cmsxrootd.fnal.gov//store/mc/RunIISummer20UL16MiniAODv2/QCD_HT2000toInf_TuneCH3_13TeV-madgraphMLM-herwig7/MINIAODSIM/106X_mcRun2_asymptotic_v17-v2/2810000/074B3BCE-D9AF-F74E-A90E-F0B001A351F7.root
%MSG-w XrdAdaptor:  file_open 11-Jan-2024 06:19:13 CET PostProcessEvent
Data is served from fnal.gov instead of original site US-Regional-FNAL
%MSG
11-Jan-2024 06:19:14 CET  Successfully opened file root://cmsxrootd.fnal.gov//store/mc/RunIISummer20UL16MiniAODv2/QCD_HT2000toInf_TuneCH3_13TeV-madgraphMLM-herwig7/MINIAODSIM/106X_mcRun2_asymptotic_v17-v2/2810000/074B3BCE-D9AF-F74E-A90E-F0B001A351F7.root
11-Jan-2024 06:19:32 CET  Closed file root://cmsxrootd.fnal.gov//store/mc/RunIISummer20UL16MiniAODv2/QCD_HT2000toInf_TuneCH3_13TeV-madgraphMLM-herwig7/MINIAODSIM/106X_mcRun2_asymptotic_v17-v2/2810000/074B3BCE-D9AF-F74E-A90E-F0B001A351F7.root
11-Jan-2024 06:19:32 CET  Initiating request to open file root://cmsxrootd.fnal.gov//store/mc/RunIISummer20UL16MiniAODv2/QCD_HT2000toInf_TuneCH3_13TeV-madgraphMLM-herwig7/MINIAODSIM/106X_mcRun2_asymptotic_v17-v2/2810000/666772E9-B14F-0244-9AAF-3B2537D658E4.root
%MSG-w XrdAdaptor:  file_open 11-Jan-2024 06:19:36 CET PostProcessEvent
Data is served from fnal.gov instead of original site US-Regional-FNAL
%MSG
11-Jan-2024 06:19:36 CET  Successfully opened file root://cmsxrootd.fnal.gov//store/mc/RunIISummer20UL16MiniAODv2/QCD_HT2000toInf_TuneCH3_13TeV-madgraphMLM-herwig7/MINIAODSIM/106X_mcRun2_asymptotic_v17-v2/2810000/666772E9-B14F-0244-9AAF-3B2537D658E4.root
     55.956370      0.602342      0.069556             1
      8.133627      0.153798      0.069556             0
    215.037300      0.989480      0.069556             2
 
11-Jan-2024 06:19:42 CET  Closed file root://cmsxrootd.fnal.gov//store/mc/RunIISummer20UL16MiniAODv2/QCD_HT2000toInf_TuneCH3_13TeV-madgraphMLM-herwig7/MINIAODSIM/106X_mcRun2_asymptotic_v17-v2/2810000/666772E9-B14F-0244-9AAF-3B2537D658E4.root

------------------------------------
GenXsecAnalyzer:
------------------------------------
Before Filter: total cross section = 1.470e-02 +- 6.048e-05 pb
Filter efficiency (taking into account weights)= (488875) / (488875) = 1.000e+00 +- 0.000e+00
Filter efficiency (event-level)= (488875) / (488875) = 1.000e+00 +- 0.000e+00    [TO BE USED IN MCM]

After filter: final cross section = 1.470e-02 +- 6.048e-05 pb
After filter: final fraction of events with negative weights = 0.000e+00 +- 0.000e+00
After filter: final equivalent lumi for 1M events (1/fb) = 6.802e+04 +- 2.880e+02

=============================================

MessageLogger Summary

 type     category        sev    module        subroutine        count    total
 ---- -------------------- -- ---------------- ----------------  -----    -----
    1 GenXSecAnalyzer      -w GenXSecAnalyzer:                       7        7
    2 XrdAdaptor           -w file_open                             48       48
    3 fileAction           -s file_close                            48       48
    4 fileAction           -s file_open                             96       96

 type    category    Examples: run/evt        run/evt          run/evt
 ---- -------------------- ---------------- ---------------- ----------------
    1 GenXSecAnalyzer      PostGlobalEndRun PostGlobalEndRun PostGlobalEndRun
    2 XrdAdaptor           pre-events       PostProcessEvent PostProcessEvent
    3 fileAction           PostProcessEvent PostProcessEvent PostGlobalEndRun
    4 fileAction           pre-events       pre-events       PostProcessEvent

Severity    # Occurrences   Total Occurrences
--------    -------------   -----------------
Warning                55                  55
System                144                 144

dropped waiting message count 0
