11-Jan-2024 05:17:10 CET  Initiating request to open file root://cmsxrootd.fnal.gov//store/mc/RunIISummer20UL16MiniAODv2/QCD_HT1500to2000_TuneCH3_13TeV-madgraphMLM-herwig7/MINIAODSIM/106X_mcRun2_asymptotic_v17-v2/2810000/CD80DABE-FEDE-8047-A6C0-9E953408ED60.root
Unable to load sec.protocol plugin libXrdSecztn.so
%MSG-w XrdAdaptor:  file_open 11-Jan-2024 05:17:14 CET pre-events
Data is served from fnal.gov instead of original site US-Regional-Nebraska
%MSG
11-Jan-2024 05:17:18 CET  Successfully opened file root://cmsxrootd.fnal.gov//store/mc/RunIISummer20UL16MiniAODv2/QCD_HT1500to2000_TuneCH3_13TeV-madgraphMLM-herwig7/MINIAODSIM/106X_mcRun2_asymptotic_v17-v2/2810000/CD80DABE-FEDE-8047-A6C0-9E953408ED60.root
Unable to load sec.protocol plugin libXrdSecztn.so
Begin processing the 1st record. Run 1, Event 30286, LumiSection 9 on stream 0 at 11-Jan-2024 05:17:24.237 CET
11-Jan-2024 05:17:25 CET  Closed file root://cmsxrootd.fnal.gov//store/mc/RunIISummer20UL16MiniAODv2/QCD_HT1500to2000_TuneCH3_13TeV-madgraphMLM-herwig7/MINIAODSIM/106X_mcRun2_asymptotic_v17-v2/2810000/CD80DABE-FEDE-8047-A6C0-9E953408ED60.root
11-Jan-2024 05:17:25 CET  Initiating request to open file root://cmsxrootd.fnal.gov//store/mc/RunIISummer20UL16MiniAODv2/QCD_HT1500to2000_TuneCH3_13TeV-madgraphMLM-herwig7/MINIAODSIM/106X_mcRun2_asymptotic_v17-v2/2810000/9169FDB5-6D9B-5848-BB4A-407AA45CC44E.root
Unable to load sec.protocol plugin libXrdSecztn.so
%MSG-w XrdAdaptor:  file_open 11-Jan-2024 05:17:28 CET PostProcessEvent
Data is served from fnal.gov instead of original site US-Regional-Nebraska
%MSG
11-Jan-2024 05:17:29 CET  Successfully opened file root://cmsxrootd.fnal.gov//store/mc/RunIISummer20UL16MiniAODv2/QCD_HT1500to2000_TuneCH3_13TeV-madgraphMLM-herwig7/MINIAODSIM/106X_mcRun2_asymptotic_v17-v2/2810000/9169FDB5-6D9B-5848-BB4A-407AA45CC44E.root
Unable to load sec.protocol plugin libXrdSecztn.so
11-Jan-2024 05:17:51 CET  Closed file root://cmsxrootd.fnal.gov//store/mc/RunIISummer20UL16MiniAODv2/QCD_HT1500to2000_TuneCH3_13TeV-madgraphMLM-herwig7/MINIAODSIM/106X_mcRun2_asymptotic_v17-v2/2810000/9169FDB5-6D9B-5848-BB4A-407AA45CC44E.root
11-Jan-2024 05:17:51 CET  Initiating request to open file root://cmsxrootd.fnal.gov//store/mc/RunIISummer20UL16MiniAODv2/QCD_HT1500to2000_TuneCH3_13TeV-madgraphMLM-herwig7/MINIAODSIM/106X_mcRun2_asymptotic_v17-v2/2810000/DA0B42DC-1B8E-6745-8703-73FDC7EB1E76.root
%MSG-w XrdAdaptor:  file_open 11-Jan-2024 05:17:53 CET PostProcessEvent
Data is served from fnal.gov instead of original site US-Regional-Nebraska
%MSG
11-Jan-2024 05:17:54 CET  Successfully opened file root://cmsxrootd.fnal.gov//store/mc/RunIISummer20UL16MiniAODv2/QCD_HT1500to2000_TuneCH3_13TeV-madgraphMLM-herwig7/MINIAODSIM/106X_mcRun2_asymptotic_v17-v2/2810000/DA0B42DC-1B8E-6745-8703-73FDC7EB1E76.root
11-Jan-2024 05:18:04 CET  Closed file root://cmsxrootd.fnal.gov//store/mc/RunIISummer20UL16MiniAODv2/QCD_HT1500to2000_TuneCH3_13TeV-madgraphMLM-herwig7/MINIAODSIM/106X_mcRun2_asymptotic_v17-v2/2810000/DA0B42DC-1B8E-6745-8703-73FDC7EB1E76.root
11-Jan-2024 05:18:04 CET  Initiating request to open file root://cmsxrootd.fnal.gov//store/mc/RunIISummer20UL16MiniAODv2/QCD_HT1500to2000_TuneCH3_13TeV-madgraphMLM-herwig7/MINIAODSIM/106X_mcRun2_asymptotic_v17-v2/2810000/1D20F2DA-57FE-954A-8F93-B30455E3919D.root
%MSG-w XrdAdaptor:  file_open 11-Jan-2024 05:18:06 CET PostProcessEvent
Data is served from fnal.gov instead of original site US-Regional-Nebraska
%MSG
11-Jan-2024 05:18:08 CET  Successfully opened file root://cmsxrootd.fnal.gov//store/mc/RunIISummer20UL16MiniAODv2/QCD_HT1500to2000_TuneCH3_13TeV-madgraphMLM-herwig7/MINIAODSIM/106X_mcRun2_asymptotic_v17-v2/2810000/1D20F2DA-57FE-954A-8F93-B30455E3919D.root
11-Jan-2024 05:18:21 CET  Closed file root://cmsxrootd.fnal.gov//store/mc/RunIISummer20UL16MiniAODv2/QCD_HT1500to2000_TuneCH3_13TeV-madgraphMLM-herwig7/MINIAODSIM/106X_mcRun2_asymptotic_v17-v2/2810000/1D20F2DA-57FE-954A-8F93-B30455E3919D.root
11-Jan-2024 05:18:21 CET  Initiating request to open file root://cmsxrootd.fnal.gov//store/mc/RunIISummer20UL16MiniAODv2/QCD_HT1500to2000_TuneCH3_13TeV-madgraphMLM-herwig7/MINIAODSIM/106X_mcRun2_asymptotic_v17-v2/2810000/4FB8B786-1807-D54F-8902-4921C0CFAAA4.root
%MSG-w XrdAdaptor:  file_open 11-Jan-2024 05:18:38 CET PostProcessEvent
Data is served from fnal.gov instead of original site US-Regional-Nebraska
%MSG
11-Jan-2024 05:18:40 CET  Successfully opened file root://cmsxrootd.fnal.gov//store/mc/RunIISummer20UL16MiniAODv2/QCD_HT1500to2000_TuneCH3_13TeV-madgraphMLM-herwig7/MINIAODSIM/106X_mcRun2_asymptotic_v17-v2/2810000/4FB8B786-1807-D54F-8902-4921C0CFAAA4.root
11-Jan-2024 05:18:59 CET  Closed file root://cmsxrootd.fnal.gov//store/mc/RunIISummer20UL16MiniAODv2/QCD_HT1500to2000_TuneCH3_13TeV-madgraphMLM-herwig7/MINIAODSIM/106X_mcRun2_asymptotic_v17-v2/2810000/4FB8B786-1807-D54F-8902-4921C0CFAAA4.root
11-Jan-2024 05:18:59 CET  Initiating request to open file root://cmsxrootd.fnal.gov//store/mc/RunIISummer20UL16MiniAODv2/QCD_HT1500to2000_TuneCH3_13TeV-madgraphMLM-herwig7/MINIAODSIM/106X_mcRun2_asymptotic_v17-v2/2810000/6552AFC8-8D22-F542-B04A-1B82674BDABE.root
%MSG-w XrdAdaptor:  file_open 11-Jan-2024 05:19:02 CET PostProcessEvent
Data is served from fnal.gov instead of original site US-Regional-Nebraska
%MSG
11-Jan-2024 05:19:02 CET  Successfully opened file root://cmsxrootd.fnal.gov//store/mc/RunIISummer20UL16MiniAODv2/QCD_HT1500to2000_TuneCH3_13TeV-madgraphMLM-herwig7/MINIAODSIM/106X_mcRun2_asymptotic_v17-v2/2810000/6552AFC8-8D22-F542-B04A-1B82674BDABE.root
Begin processing the 100001st record. Run 1, Event 284275, LumiSection 76 on stream 0 at 11-Jan-2024 05:19:07.305 CET
11-Jan-2024 05:19:07 CET  Closed file root://cmsxrootd.fnal.gov//store/mc/RunIISummer20UL16MiniAODv2/QCD_HT1500to2000_TuneCH3_13TeV-madgraphMLM-herwig7/MINIAODSIM/106X_mcRun2_asymptotic_v17-v2/2810000/6552AFC8-8D22-F542-B04A-1B82674BDABE.root
11-Jan-2024 05:19:07 CET  Initiating request to open file root://cmsxrootd.fnal.gov//store/mc/RunIISummer20UL16MiniAODv2/QCD_HT1500to2000_TuneCH3_13TeV-madgraphMLM-herwig7/MINIAODSIM/106X_mcRun2_asymptotic_v17-v2/2810000/CD57154D-8D33-E346-920E-CAA5CCE3FCC7.root
%MSG-w XrdAdaptor:  file_open 11-Jan-2024 05:19:09 CET PostProcessEvent
Data is served from fnal.gov instead of original site US-Regional-Nebraska
%MSG
11-Jan-2024 05:19:10 CET  Successfully opened file root://cmsxrootd.fnal.gov//store/mc/RunIISummer20UL16MiniAODv2/QCD_HT1500to2000_TuneCH3_13TeV-madgraphMLM-herwig7/MINIAODSIM/106X_mcRun2_asymptotic_v17-v2/2810000/CD57154D-8D33-E346-920E-CAA5CCE3FCC7.root
11-Jan-2024 05:19:14 CET  Closed file root://cmsxrootd.fnal.gov//store/mc/RunIISummer20UL16MiniAODv2/QCD_HT1500to2000_TuneCH3_13TeV-madgraphMLM-herwig7/MINIAODSIM/106X_mcRun2_asymptotic_v17-v2/2810000/CD57154D-8D33-E346-920E-CAA5CCE3FCC7.root
11-Jan-2024 05:19:14 CET  Initiating request to open file root://cmsxrootd.fnal.gov//store/mc/RunIISummer20UL16MiniAODv2/QCD_HT1500to2000_TuneCH3_13TeV-madgraphMLM-herwig7/MINIAODSIM/106X_mcRun2_asymptotic_v17-v2/2810000/FC730970-3F5C-1146-B63C-5CDBD4326F7A.root
%MSG-w XrdAdaptor:  file_open 11-Jan-2024 05:19:16 CET PostProcessEvent
Data is served from fnal.gov instead of original site US-Regional-Nebraska
%MSG
11-Jan-2024 05:19:17 CET  Successfully opened file root://cmsxrootd.fnal.gov//store/mc/RunIISummer20UL16MiniAODv2/QCD_HT1500to2000_TuneCH3_13TeV-madgraphMLM-herwig7/MINIAODSIM/106X_mcRun2_asymptotic_v17-v2/2810000/FC730970-3F5C-1146-B63C-5CDBD4326F7A.root
11-Jan-2024 05:19:24 CET  Closed file root://cmsxrootd.fnal.gov//store/mc/RunIISummer20UL16MiniAODv2/QCD_HT1500to2000_TuneCH3_13TeV-madgraphMLM-herwig7/MINIAODSIM/106X_mcRun2_asymptotic_v17-v2/2810000/FC730970-3F5C-1146-B63C-5CDBD4326F7A.root
11-Jan-2024 05:19:24 CET  Initiating request to open file root://cmsxrootd.fnal.gov//store/mc/RunIISummer20UL16MiniAODv2/QCD_HT1500to2000_TuneCH3_13TeV-madgraphMLM-herwig7/MINIAODSIM/106X_mcRun2_asymptotic_v17-v2/2810000/60FBCABE-E5ED-B74B-A76C-1C90D2CCD8F8.root
%MSG-w XrdAdaptor:  file_open 11-Jan-2024 05:19:26 CET PostProcessEvent
Data is served from fnal.gov instead of original site US-Regional-Nebraska
%MSG
11-Jan-2024 05:19:27 CET  Successfully opened file root://cmsxrootd.fnal.gov//store/mc/RunIISummer20UL16MiniAODv2/QCD_HT1500to2000_TuneCH3_13TeV-madgraphMLM-herwig7/MINIAODSIM/106X_mcRun2_asymptotic_v17-v2/2810000/60FBCABE-E5ED-B74B-A76C-1C90D2CCD8F8.root
11-Jan-2024 05:19:31 CET  Closed file root://cmsxrootd.fnal.gov//store/mc/RunIISummer20UL16MiniAODv2/QCD_HT1500to2000_TuneCH3_13TeV-madgraphMLM-herwig7/MINIAODSIM/106X_mcRun2_asymptotic_v17-v2/2810000/60FBCABE-E5ED-B74B-A76C-1C90D2CCD8F8.root
11-Jan-2024 05:19:31 CET  Initiating request to open file root://cmsxrootd.fnal.gov//store/mc/RunIISummer20UL16MiniAODv2/QCD_HT1500to2000_TuneCH3_13TeV-madgraphMLM-herwig7/MINIAODSIM/106X_mcRun2_asymptotic_v17-v2/2810000/C8DDCDEE-89CE-3040-8592-5367F007034D.root
%MSG-w XrdAdaptor:  file_open 11-Jan-2024 05:19:33 CET PostProcessEvent
Data is served from fnal.gov instead of original site US-Regional-Nebraska
%MSG
11-Jan-2024 05:19:34 CET  Successfully opened file root://cmsxrootd.fnal.gov//store/mc/RunIISummer20UL16MiniAODv2/QCD_HT1500to2000_TuneCH3_13TeV-madgraphMLM-herwig7/MINIAODSIM/106X_mcRun2_asymptotic_v17-v2/2810000/C8DDCDEE-89CE-3040-8592-5367F007034D.root
11-Jan-2024 05:19:40 CET  Closed file root://cmsxrootd.fnal.gov//store/mc/RunIISummer20UL16MiniAODv2/QCD_HT1500to2000_TuneCH3_13TeV-madgraphMLM-herwig7/MINIAODSIM/106X_mcRun2_asymptotic_v17-v2/2810000/C8DDCDEE-89CE-3040-8592-5367F007034D.root
11-Jan-2024 05:19:40 CET  Initiating request to open file root://cmsxrootd.fnal.gov//store/mc/RunIISummer20UL16MiniAODv2/QCD_HT1500to2000_TuneCH3_13TeV-madgraphMLM-herwig7/MINIAODSIM/106X_mcRun2_asymptotic_v17-v2/2810000/47A889F6-73A6-C545-BE0C-F73729F8EFA4.root
%MSG-w XrdAdaptor:  file_open 11-Jan-2024 05:19:51 CET PostProcessEvent
Data is served from fnal.gov instead of original site US-Regional-Nebraska
%MSG
11-Jan-2024 05:19:53 CET  Successfully opened file root://cmsxrootd.fnal.gov//store/mc/RunIISummer20UL16MiniAODv2/QCD_HT1500to2000_TuneCH3_13TeV-madgraphMLM-herwig7/MINIAODSIM/106X_mcRun2_asymptotic_v17-v2/2810000/47A889F6-73A6-C545-BE0C-F73729F8EFA4.root
11-Jan-2024 05:20:06 CET  Closed file root://cmsxrootd.fnal.gov//store/mc/RunIISummer20UL16MiniAODv2/QCD_HT1500to2000_TuneCH3_13TeV-madgraphMLM-herwig7/MINIAODSIM/106X_mcRun2_asymptotic_v17-v2/2810000/47A889F6-73A6-C545-BE0C-F73729F8EFA4.root
11-Jan-2024 05:20:06 CET  Initiating request to open file root://cmsxrootd.fnal.gov//store/mc/RunIISummer20UL16MiniAODv2/QCD_HT1500to2000_TuneCH3_13TeV-madgraphMLM-herwig7/MINIAODSIM/106X_mcRun2_asymptotic_v17-v2/2810000/902E910A-6F03-2F47-BFC8-7AF395D46708.root
%MSG-w XrdAdaptor:  file_open 11-Jan-2024 05:20:09 CET PostProcessEvent
Data is served from fnal.gov instead of original site US-Regional-Nebraska
%MSG
11-Jan-2024 05:20:09 CET  Successfully opened file root://cmsxrootd.fnal.gov//store/mc/RunIISummer20UL16MiniAODv2/QCD_HT1500to2000_TuneCH3_13TeV-madgraphMLM-herwig7/MINIAODSIM/106X_mcRun2_asymptotic_v17-v2/2810000/902E910A-6F03-2F47-BFC8-7AF395D46708.root
11-Jan-2024 05:20:18 CET  Closed file root://cmsxrootd.fnal.gov//store/mc/RunIISummer20UL16MiniAODv2/QCD_HT1500to2000_TuneCH3_13TeV-madgraphMLM-herwig7/MINIAODSIM/106X_mcRun2_asymptotic_v17-v2/2810000/902E910A-6F03-2F47-BFC8-7AF395D46708.root
11-Jan-2024 05:20:18 CET  Initiating request to open file root://cmsxrootd.fnal.gov//store/mc/RunIISummer20UL16MiniAODv2/QCD_HT1500to2000_TuneCH3_13TeV-madgraphMLM-herwig7/MINIAODSIM/106X_mcRun2_asymptotic_v17-v2/2810000/E3F22190-387A-AF43-910F-51F9A8CA8AEC.root
%MSG-w XrdAdaptor:  file_open 11-Jan-2024 05:20:22 CET PostProcessEvent
Data is served from T2_US_Nebraska instead of original site US-Regional-Nebraska
%MSG
11-Jan-2024 05:20:23 CET  Successfully opened file root://cmsxrootd.fnal.gov//store/mc/RunIISummer20UL16MiniAODv2/QCD_HT1500to2000_TuneCH3_13TeV-madgraphMLM-herwig7/MINIAODSIM/106X_mcRun2_asymptotic_v17-v2/2810000/E3F22190-387A-AF43-910F-51F9A8CA8AEC.root
11-Jan-2024 05:20:28 CET  Closed file root://cmsxrootd.fnal.gov//store/mc/RunIISummer20UL16MiniAODv2/QCD_HT1500to2000_TuneCH3_13TeV-madgraphMLM-herwig7/MINIAODSIM/106X_mcRun2_asymptotic_v17-v2/2810000/E3F22190-387A-AF43-910F-51F9A8CA8AEC.root
11-Jan-2024 05:20:28 CET  Initiating request to open file root://cmsxrootd.fnal.gov//store/mc/RunIISummer20UL16MiniAODv2/QCD_HT1500to2000_TuneCH3_13TeV-madgraphMLM-herwig7/MINIAODSIM/106X_mcRun2_asymptotic_v17-v2/2810000/74EAD07D-D7AA-2243-B457-8EAC389A377D.root
%MSG-w XrdAdaptor:  file_open 11-Jan-2024 05:20:31 CET PostProcessEvent
Data is served from fnal.gov instead of original site US-Regional-Nebraska
%MSG
11-Jan-2024 05:20:31 CET  Successfully opened file root://cmsxrootd.fnal.gov//store/mc/RunIISummer20UL16MiniAODv2/QCD_HT1500to2000_TuneCH3_13TeV-madgraphMLM-herwig7/MINIAODSIM/106X_mcRun2_asymptotic_v17-v2/2810000/74EAD07D-D7AA-2243-B457-8EAC389A377D.root
Begin processing the 200001st record. Run 1, Event 2154358, LumiSection 570 on stream 0 at 11-Jan-2024 05:20:38.803 CET
11-Jan-2024 05:20:38 CET  Closed file root://cmsxrootd.fnal.gov//store/mc/RunIISummer20UL16MiniAODv2/QCD_HT1500to2000_TuneCH3_13TeV-madgraphMLM-herwig7/MINIAODSIM/106X_mcRun2_asymptotic_v17-v2/2810000/74EAD07D-D7AA-2243-B457-8EAC389A377D.root
11-Jan-2024 05:20:38 CET  Initiating request to open file root://cmsxrootd.fnal.gov//store/mc/RunIISummer20UL16MiniAODv2/QCD_HT1500to2000_TuneCH3_13TeV-madgraphMLM-herwig7/MINIAODSIM/106X_mcRun2_asymptotic_v17-v2/2810000/B68E17DF-6F67-2A43-A036-D5F9D5FE1893.root
%MSG-w XrdAdaptor:  file_open 11-Jan-2024 05:20:41 CET PostProcessEvent
Data is served from fnal.gov instead of original site US-Regional-Nebraska
%MSG
11-Jan-2024 05:20:41 CET  Successfully opened file root://cmsxrootd.fnal.gov//store/mc/RunIISummer20UL16MiniAODv2/QCD_HT1500to2000_TuneCH3_13TeV-madgraphMLM-herwig7/MINIAODSIM/106X_mcRun2_asymptotic_v17-v2/2810000/B68E17DF-6F67-2A43-A036-D5F9D5FE1893.root
11-Jan-2024 05:20:49 CET  Closed file root://cmsxrootd.fnal.gov//store/mc/RunIISummer20UL16MiniAODv2/QCD_HT1500to2000_TuneCH3_13TeV-madgraphMLM-herwig7/MINIAODSIM/106X_mcRun2_asymptotic_v17-v2/2810000/B68E17DF-6F67-2A43-A036-D5F9D5FE1893.root
11-Jan-2024 05:20:49 CET  Initiating request to open file root://cmsxrootd.fnal.gov//store/mc/RunIISummer20UL16MiniAODv2/QCD_HT1500to2000_TuneCH3_13TeV-madgraphMLM-herwig7/MINIAODSIM/106X_mcRun2_asymptotic_v17-v2/2810000/2C130713-55FD-1344-80BF-2D914534CE96.root
%MSG-w XrdAdaptor:  file_open 11-Jan-2024 05:20:51 CET PostProcessEvent
Data is served from fnal.gov instead of original site US-Regional-Nebraska
%MSG
11-Jan-2024 05:20:51 CET  Successfully opened file root://cmsxrootd.fnal.gov//store/mc/RunIISummer20UL16MiniAODv2/QCD_HT1500to2000_TuneCH3_13TeV-madgraphMLM-herwig7/MINIAODSIM/106X_mcRun2_asymptotic_v17-v2/2810000/2C130713-55FD-1344-80BF-2D914534CE96.root
11-Jan-2024 05:21:01 CET  Closed file root://cmsxrootd.fnal.gov//store/mc/RunIISummer20UL16MiniAODv2/QCD_HT1500to2000_TuneCH3_13TeV-madgraphMLM-herwig7/MINIAODSIM/106X_mcRun2_asymptotic_v17-v2/2810000/2C130713-55FD-1344-80BF-2D914534CE96.root
11-Jan-2024 05:21:01 CET  Initiating request to open file root://cmsxrootd.fnal.gov//store/mc/RunIISummer20UL16MiniAODv2/QCD_HT1500to2000_TuneCH3_13TeV-madgraphMLM-herwig7/MINIAODSIM/106X_mcRun2_asymptotic_v17-v2/2810000/AF8B660B-3370-0B42-9FB7-32984A027615.root
%MSG-w XrdAdaptor:  file_open 11-Jan-2024 05:21:03 CET PostProcessEvent
Data is served from fnal.gov instead of original site US-Regional-Nebraska
%MSG
11-Jan-2024 05:21:04 CET  Successfully opened file root://cmsxrootd.fnal.gov//store/mc/RunIISummer20UL16MiniAODv2/QCD_HT1500to2000_TuneCH3_13TeV-madgraphMLM-herwig7/MINIAODSIM/106X_mcRun2_asymptotic_v17-v2/2810000/AF8B660B-3370-0B42-9FB7-32984A027615.root
11-Jan-2024 05:21:08 CET  Closed file root://cmsxrootd.fnal.gov//store/mc/RunIISummer20UL16MiniAODv2/QCD_HT1500to2000_TuneCH3_13TeV-madgraphMLM-herwig7/MINIAODSIM/106X_mcRun2_asymptotic_v17-v2/2810000/AF8B660B-3370-0B42-9FB7-32984A027615.root
11-Jan-2024 05:21:08 CET  Initiating request to open file root://cmsxrootd.fnal.gov//store/mc/RunIISummer20UL16MiniAODv2/QCD_HT1500to2000_TuneCH3_13TeV-madgraphMLM-herwig7/MINIAODSIM/106X_mcRun2_asymptotic_v17-v2/2810000/916AE07F-CE34-5343-8561-CD9C3E0E3780.root
%MSG-w XrdAdaptor:  file_open 11-Jan-2024 05:21:10 CET PostProcessEvent
Data is served from fnal.gov instead of original site US-Regional-Nebraska
%MSG
11-Jan-2024 05:21:10 CET  Successfully opened file root://cmsxrootd.fnal.gov//store/mc/RunIISummer20UL16MiniAODv2/QCD_HT1500to2000_TuneCH3_13TeV-madgraphMLM-herwig7/MINIAODSIM/106X_mcRun2_asymptotic_v17-v2/2810000/916AE07F-CE34-5343-8561-CD9C3E0E3780.root
11-Jan-2024 05:21:16 CET  Closed file root://cmsxrootd.fnal.gov//store/mc/RunIISummer20UL16MiniAODv2/QCD_HT1500to2000_TuneCH3_13TeV-madgraphMLM-herwig7/MINIAODSIM/106X_mcRun2_asymptotic_v17-v2/2810000/916AE07F-CE34-5343-8561-CD9C3E0E3780.root
11-Jan-2024 05:21:16 CET  Initiating request to open file root://cmsxrootd.fnal.gov//store/mc/RunIISummer20UL16MiniAODv2/QCD_HT1500to2000_TuneCH3_13TeV-madgraphMLM-herwig7/MINIAODSIM/106X_mcRun2_asymptotic_v17-v2/2810000/47624ACA-244B-EC46-9925-17032B1140CA.root
%MSG-w XrdAdaptor:  file_open 11-Jan-2024 05:21:18 CET PostProcessEvent
Data is served from fnal.gov instead of original site US-Regional-Nebraska
%MSG
11-Jan-2024 05:21:19 CET  Successfully opened file root://cmsxrootd.fnal.gov//store/mc/RunIISummer20UL16MiniAODv2/QCD_HT1500to2000_TuneCH3_13TeV-madgraphMLM-herwig7/MINIAODSIM/106X_mcRun2_asymptotic_v17-v2/2810000/47624ACA-244B-EC46-9925-17032B1140CA.root
11-Jan-2024 05:21:25 CET  Closed file root://cmsxrootd.fnal.gov//store/mc/RunIISummer20UL16MiniAODv2/QCD_HT1500to2000_TuneCH3_13TeV-madgraphMLM-herwig7/MINIAODSIM/106X_mcRun2_asymptotic_v17-v2/2810000/47624ACA-244B-EC46-9925-17032B1140CA.root
11-Jan-2024 05:21:25 CET  Initiating request to open file root://cmsxrootd.fnal.gov//store/mc/RunIISummer20UL16MiniAODv2/QCD_HT1500to2000_TuneCH3_13TeV-madgraphMLM-herwig7/MINIAODSIM/106X_mcRun2_asymptotic_v17-v2/2810000/D8035644-6EAA-6C4A-A389-2F619E9BC272.root
%MSG-w XrdAdaptor:  file_open 11-Jan-2024 05:21:27 CET PostProcessEvent
Data is served from fnal.gov instead of original site US-Regional-Nebraska
%MSG
11-Jan-2024 05:21:28 CET  Successfully opened file root://cmsxrootd.fnal.gov//store/mc/RunIISummer20UL16MiniAODv2/QCD_HT1500to2000_TuneCH3_13TeV-madgraphMLM-herwig7/MINIAODSIM/106X_mcRun2_asymptotic_v17-v2/2810000/D8035644-6EAA-6C4A-A389-2F619E9BC272.root
11-Jan-2024 05:21:33 CET  Closed file root://cmsxrootd.fnal.gov//store/mc/RunIISummer20UL16MiniAODv2/QCD_HT1500to2000_TuneCH3_13TeV-madgraphMLM-herwig7/MINIAODSIM/106X_mcRun2_asymptotic_v17-v2/2810000/D8035644-6EAA-6C4A-A389-2F619E9BC272.root
11-Jan-2024 05:21:33 CET  Initiating request to open file root://cmsxrootd.fnal.gov//store/mc/RunIISummer20UL16MiniAODv2/QCD_HT1500to2000_TuneCH3_13TeV-madgraphMLM-herwig7/MINIAODSIM/106X_mcRun2_asymptotic_v17-v2/2810000/0800A838-C8D0-F140-8847-28970556A512.root
%MSG-w XrdAdaptor:  file_open 11-Jan-2024 05:21:35 CET PostProcessEvent
Data is served from fnal.gov instead of original site US-Regional-Nebraska
%MSG
11-Jan-2024 05:21:35 CET  Successfully opened file root://cmsxrootd.fnal.gov//store/mc/RunIISummer20UL16MiniAODv2/QCD_HT1500to2000_TuneCH3_13TeV-madgraphMLM-herwig7/MINIAODSIM/106X_mcRun2_asymptotic_v17-v2/2810000/0800A838-C8D0-F140-8847-28970556A512.root
11-Jan-2024 05:21:39 CET  Closed file root://cmsxrootd.fnal.gov//store/mc/RunIISummer20UL16MiniAODv2/QCD_HT1500to2000_TuneCH3_13TeV-madgraphMLM-herwig7/MINIAODSIM/106X_mcRun2_asymptotic_v17-v2/2810000/0800A838-C8D0-F140-8847-28970556A512.root
11-Jan-2024 05:21:39 CET  Initiating request to open file root://cmsxrootd.fnal.gov//store/mc/RunIISummer20UL16MiniAODv2/QCD_HT1500to2000_TuneCH3_13TeV-madgraphMLM-herwig7/MINIAODSIM/106X_mcRun2_asymptotic_v17-v2/2810000/3AD5A0B5-0144-7E46-9AED-83E9C7D5A122.root
%MSG-w XrdAdaptor:  file_open 11-Jan-2024 05:21:42 CET PostProcessEvent
Data is served from fnal.gov instead of original site US-Regional-Nebraska
%MSG
11-Jan-2024 05:21:43 CET  Successfully opened file root://cmsxrootd.fnal.gov//store/mc/RunIISummer20UL16MiniAODv2/QCD_HT1500to2000_TuneCH3_13TeV-madgraphMLM-herwig7/MINIAODSIM/106X_mcRun2_asymptotic_v17-v2/2810000/3AD5A0B5-0144-7E46-9AED-83E9C7D5A122.root
11-Jan-2024 05:21:47 CET  Closed file root://cmsxrootd.fnal.gov//store/mc/RunIISummer20UL16MiniAODv2/QCD_HT1500to2000_TuneCH3_13TeV-madgraphMLM-herwig7/MINIAODSIM/106X_mcRun2_asymptotic_v17-v2/2810000/3AD5A0B5-0144-7E46-9AED-83E9C7D5A122.root
11-Jan-2024 05:21:47 CET  Initiating request to open file root://cmsxrootd.fnal.gov//store/mc/RunIISummer20UL16MiniAODv2/QCD_HT1500to2000_TuneCH3_13TeV-madgraphMLM-herwig7/MINIAODSIM/106X_mcRun2_asymptotic_v17-v2/2810000/3089A4BB-C7C6-6A4C-8A63-38D971727940.root
%MSG-w XrdAdaptor:  file_open 11-Jan-2024 05:22:00 CET PostProcessEvent
Data is served from fnal.gov instead of original site US-Regional-Nebraska
%MSG
11-Jan-2024 05:22:01 CET  Successfully opened file root://cmsxrootd.fnal.gov//store/mc/RunIISummer20UL16MiniAODv2/QCD_HT1500to2000_TuneCH3_13TeV-madgraphMLM-herwig7/MINIAODSIM/106X_mcRun2_asymptotic_v17-v2/2810000/3089A4BB-C7C6-6A4C-8A63-38D971727940.root
11-Jan-2024 05:22:06 CET  Closed file root://cmsxrootd.fnal.gov//store/mc/RunIISummer20UL16MiniAODv2/QCD_HT1500to2000_TuneCH3_13TeV-madgraphMLM-herwig7/MINIAODSIM/106X_mcRun2_asymptotic_v17-v2/2810000/3089A4BB-C7C6-6A4C-8A63-38D971727940.root
11-Jan-2024 05:22:06 CET  Initiating request to open file root://cmsxrootd.fnal.gov//store/mc/RunIISummer20UL16MiniAODv2/QCD_HT1500to2000_TuneCH3_13TeV-madgraphMLM-herwig7/MINIAODSIM/106X_mcRun2_asymptotic_v17-v2/2810000/D6EA9251-CD8A-174E-B436-8091A64E958D.root
%MSG-w XrdAdaptor:  file_open 11-Jan-2024 05:22:08 CET PostProcessEvent
Data is served from fnal.gov instead of original site US-Regional-Nebraska
%MSG
11-Jan-2024 05:22:10 CET  Successfully opened file root://cmsxrootd.fnal.gov//store/mc/RunIISummer20UL16MiniAODv2/QCD_HT1500to2000_TuneCH3_13TeV-madgraphMLM-herwig7/MINIAODSIM/106X_mcRun2_asymptotic_v17-v2/2810000/D6EA9251-CD8A-174E-B436-8091A64E958D.root
11-Jan-2024 05:22:21 CET  Closed file root://cmsxrootd.fnal.gov//store/mc/RunIISummer20UL16MiniAODv2/QCD_HT1500to2000_TuneCH3_13TeV-madgraphMLM-herwig7/MINIAODSIM/106X_mcRun2_asymptotic_v17-v2/2810000/D6EA9251-CD8A-174E-B436-8091A64E958D.root
11-Jan-2024 05:22:21 CET  Initiating request to open file root://cmsxrootd.fnal.gov//store/mc/RunIISummer20UL16MiniAODv2/QCD_HT1500to2000_TuneCH3_13TeV-madgraphMLM-herwig7/MINIAODSIM/106X_mcRun2_asymptotic_v17-v2/2810000/E4AA5F83-7BC9-B64E-AEB4-AC9475AD375A.root
%MSG-w XrdAdaptor:  file_open 11-Jan-2024 05:22:24 CET PostProcessEvent
Data is served from fnal.gov instead of original site US-Regional-Nebraska
%MSG
11-Jan-2024 05:22:24 CET  Successfully opened file root://cmsxrootd.fnal.gov//store/mc/RunIISummer20UL16MiniAODv2/QCD_HT1500to2000_TuneCH3_13TeV-madgraphMLM-herwig7/MINIAODSIM/106X_mcRun2_asymptotic_v17-v2/2810000/E4AA5F83-7BC9-B64E-AEB4-AC9475AD375A.root
Begin processing the 300001st record. Run 1, Event 1094015, LumiSection 290 on stream 0 at 11-Jan-2024 05:22:34.062 CET
11-Jan-2024 05:22:34 CET  Closed file root://cmsxrootd.fnal.gov//store/mc/RunIISummer20UL16MiniAODv2/QCD_HT1500to2000_TuneCH3_13TeV-madgraphMLM-herwig7/MINIAODSIM/106X_mcRun2_asymptotic_v17-v2/2810000/E4AA5F83-7BC9-B64E-AEB4-AC9475AD375A.root
11-Jan-2024 05:22:34 CET  Initiating request to open file root://cmsxrootd.fnal.gov//store/mc/RunIISummer20UL16MiniAODv2/QCD_HT1500to2000_TuneCH3_13TeV-madgraphMLM-herwig7/MINIAODSIM/106X_mcRun2_asymptotic_v17-v2/2810000/DE266CC4-FB07-7E40-A745-542BE71D9D48.root
%MSG-w XrdAdaptor:  file_open 11-Jan-2024 05:22:37 CET PostProcessEvent
Data is served from fnal.gov instead of original site US-Regional-Nebraska
%MSG
11-Jan-2024 05:22:37 CET  Successfully opened file root://cmsxrootd.fnal.gov//store/mc/RunIISummer20UL16MiniAODv2/QCD_HT1500to2000_TuneCH3_13TeV-madgraphMLM-herwig7/MINIAODSIM/106X_mcRun2_asymptotic_v17-v2/2810000/DE266CC4-FB07-7E40-A745-542BE71D9D48.root
11-Jan-2024 05:22:45 CET  Closed file root://cmsxrootd.fnal.gov//store/mc/RunIISummer20UL16MiniAODv2/QCD_HT1500to2000_TuneCH3_13TeV-madgraphMLM-herwig7/MINIAODSIM/106X_mcRun2_asymptotic_v17-v2/2810000/DE266CC4-FB07-7E40-A745-542BE71D9D48.root
11-Jan-2024 05:22:45 CET  Initiating request to open file root://cmsxrootd.fnal.gov//store/mc/RunIISummer20UL16MiniAODv2/QCD_HT1500to2000_TuneCH3_13TeV-madgraphMLM-herwig7/MINIAODSIM/106X_mcRun2_asymptotic_v17-v2/2810000/6415E961-B6BD-0847-91E9-7334B57EB8EC.root
%MSG-w XrdAdaptor:  file_open 11-Jan-2024 05:22:47 CET PostProcessEvent
Data is served from fnal.gov instead of original site US-Regional-Nebraska
%MSG
11-Jan-2024 05:22:47 CET  Successfully opened file root://cmsxrootd.fnal.gov//store/mc/RunIISummer20UL16MiniAODv2/QCD_HT1500to2000_TuneCH3_13TeV-madgraphMLM-herwig7/MINIAODSIM/106X_mcRun2_asymptotic_v17-v2/2810000/6415E961-B6BD-0847-91E9-7334B57EB8EC.root
11-Jan-2024 05:22:52 CET  Closed file root://cmsxrootd.fnal.gov//store/mc/RunIISummer20UL16MiniAODv2/QCD_HT1500to2000_TuneCH3_13TeV-madgraphMLM-herwig7/MINIAODSIM/106X_mcRun2_asymptotic_v17-v2/2810000/6415E961-B6BD-0847-91E9-7334B57EB8EC.root
11-Jan-2024 05:22:52 CET  Initiating request to open file root://cmsxrootd.fnal.gov//store/mc/RunIISummer20UL16MiniAODv2/QCD_HT1500to2000_TuneCH3_13TeV-madgraphMLM-herwig7/MINIAODSIM/106X_mcRun2_asymptotic_v17-v2/2810000/C8551E8A-C43A-1C41-A10D-590FF0619629.root
%MSG-w XrdAdaptor:  file_open 11-Jan-2024 05:22:54 CET PostProcessEvent
Data is served from fnal.gov instead of original site US-Regional-Nebraska
%MSG
11-Jan-2024 05:22:55 CET  Successfully opened file root://cmsxrootd.fnal.gov//store/mc/RunIISummer20UL16MiniAODv2/QCD_HT1500to2000_TuneCH3_13TeV-madgraphMLM-herwig7/MINIAODSIM/106X_mcRun2_asymptotic_v17-v2/2810000/C8551E8A-C43A-1C41-A10D-590FF0619629.root
11-Jan-2024 05:23:03 CET  Closed file root://cmsxrootd.fnal.gov//store/mc/RunIISummer20UL16MiniAODv2/QCD_HT1500to2000_TuneCH3_13TeV-madgraphMLM-herwig7/MINIAODSIM/106X_mcRun2_asymptotic_v17-v2/2810000/C8551E8A-C43A-1C41-A10D-590FF0619629.root
11-Jan-2024 05:23:03 CET  Initiating request to open file root://cmsxrootd.fnal.gov//store/mc/RunIISummer20UL16MiniAODv2/QCD_HT1500to2000_TuneCH3_13TeV-madgraphMLM-herwig7/MINIAODSIM/106X_mcRun2_asymptotic_v17-v2/2810000/0B22A134-5203-C24C-B7BE-A45EE556572D.root
%MSG-w XrdAdaptor:  file_open 11-Jan-2024 05:23:05 CET PostProcessEvent
Data is served from fnal.gov instead of original site US-Regional-Nebraska
%MSG
11-Jan-2024 05:23:06 CET  Successfully opened file root://cmsxrootd.fnal.gov//store/mc/RunIISummer20UL16MiniAODv2/QCD_HT1500to2000_TuneCH3_13TeV-madgraphMLM-herwig7/MINIAODSIM/106X_mcRun2_asymptotic_v17-v2/2810000/0B22A134-5203-C24C-B7BE-A45EE556572D.root
11-Jan-2024 05:23:12 CET  Closed file root://cmsxrootd.fnal.gov//store/mc/RunIISummer20UL16MiniAODv2/QCD_HT1500to2000_TuneCH3_13TeV-madgraphMLM-herwig7/MINIAODSIM/106X_mcRun2_asymptotic_v17-v2/2810000/0B22A134-5203-C24C-B7BE-A45EE556572D.root
11-Jan-2024 05:23:12 CET  Initiating request to open file root://cmsxrootd.fnal.gov//store/mc/RunIISummer20UL16MiniAODv2/QCD_HT1500to2000_TuneCH3_13TeV-madgraphMLM-herwig7/MINIAODSIM/106X_mcRun2_asymptotic_v17-v2/2810000/C55108CE-5EF7-D046-AA43-4A513FE45062.root
[2024-01-11 05:23:59.744928 +0100][Error  ][AsyncSock         ] [cmsstor201.fnal.gov:26282 #0.0] Socket error while handshaking: [ERROR] Socket timeout
[2024-01-11 05:23:59.745752 +0100][Error  ][PostMaster        ] [cmsstor201.fnal.gov:26282 #0] elapsed = 45, pConnectionWindow = 31 seconds.
%MSG-w XrdAdaptor:  file_open 11-Jan-2024 05:24:00 CET PostProcessEvent
Data is served from fnal.gov instead of original site US-Regional-Nebraska
%MSG
11-Jan-2024 05:24:01 CET  Successfully opened file root://cmsxrootd.fnal.gov//store/mc/RunIISummer20UL16MiniAODv2/QCD_HT1500to2000_TuneCH3_13TeV-madgraphMLM-herwig7/MINIAODSIM/106X_mcRun2_asymptotic_v17-v2/2810000/C55108CE-5EF7-D046-AA43-4A513FE45062.root
11-Jan-2024 05:24:12 CET  Closed file root://cmsxrootd.fnal.gov//store/mc/RunIISummer20UL16MiniAODv2/QCD_HT1500to2000_TuneCH3_13TeV-madgraphMLM-herwig7/MINIAODSIM/106X_mcRun2_asymptotic_v17-v2/2810000/C55108CE-5EF7-D046-AA43-4A513FE45062.root
11-Jan-2024 05:24:12 CET  Initiating request to open file root://cmsxrootd.fnal.gov//store/mc/RunIISummer20UL16MiniAODv2/QCD_HT1500to2000_TuneCH3_13TeV-madgraphMLM-herwig7/MINIAODSIM/106X_mcRun2_asymptotic_v17-v2/2810000/FB1EB2B5-D6E5-CE4E-8AC2-6EA5CC24D139.root
%MSG-w XrdAdaptor:  file_open 11-Jan-2024 05:24:14 CET PostProcessEvent
Data is served from fnal.gov instead of original site US-Regional-Nebraska
%MSG
11-Jan-2024 05:24:15 CET  Successfully opened file root://cmsxrootd.fnal.gov//store/mc/RunIISummer20UL16MiniAODv2/QCD_HT1500to2000_TuneCH3_13TeV-madgraphMLM-herwig7/MINIAODSIM/106X_mcRun2_asymptotic_v17-v2/2810000/FB1EB2B5-D6E5-CE4E-8AC2-6EA5CC24D139.root
11-Jan-2024 05:24:22 CET  Closed file root://cmsxrootd.fnal.gov//store/mc/RunIISummer20UL16MiniAODv2/QCD_HT1500to2000_TuneCH3_13TeV-madgraphMLM-herwig7/MINIAODSIM/106X_mcRun2_asymptotic_v17-v2/2810000/FB1EB2B5-D6E5-CE4E-8AC2-6EA5CC24D139.root
11-Jan-2024 05:24:22 CET  Initiating request to open file root://cmsxrootd.fnal.gov//store/mc/RunIISummer20UL16MiniAODv2/QCD_HT1500to2000_TuneCH3_13TeV-madgraphMLM-herwig7/MINIAODSIM/106X_mcRun2_asymptotic_v17-v2/2810000/FDEC05C7-6738-5C42-B51A-1E627FAC6D7A.root
%MSG-w XrdAdaptor:  file_open 11-Jan-2024 05:24:24 CET PostProcessEvent
Data is served from fnal.gov instead of original site US-Regional-Nebraska
%MSG
11-Jan-2024 05:24:25 CET  Successfully opened file root://cmsxrootd.fnal.gov//store/mc/RunIISummer20UL16MiniAODv2/QCD_HT1500to2000_TuneCH3_13TeV-madgraphMLM-herwig7/MINIAODSIM/106X_mcRun2_asymptotic_v17-v2/2810000/FDEC05C7-6738-5C42-B51A-1E627FAC6D7A.root
11-Jan-2024 05:24:29 CET  Closed file root://cmsxrootd.fnal.gov//store/mc/RunIISummer20UL16MiniAODv2/QCD_HT1500to2000_TuneCH3_13TeV-madgraphMLM-herwig7/MINIAODSIM/106X_mcRun2_asymptotic_v17-v2/2810000/FDEC05C7-6738-5C42-B51A-1E627FAC6D7A.root
11-Jan-2024 05:24:29 CET  Initiating request to open file root://cmsxrootd.fnal.gov//store/mc/RunIISummer20UL16MiniAODv2/QCD_HT1500to2000_TuneCH3_13TeV-madgraphMLM-herwig7/MINIAODSIM/106X_mcRun2_asymptotic_v17-v2/2810000/3A226137-4768-5D41-B4D3-AEC750C9AF7B.root
%MSG-w XrdAdaptor:  file_open 11-Jan-2024 05:24:32 CET PostProcessEvent
Data is served from fnal.gov instead of original site US-Regional-Nebraska
%MSG
11-Jan-2024 05:24:32 CET  Successfully opened file root://cmsxrootd.fnal.gov//store/mc/RunIISummer20UL16MiniAODv2/QCD_HT1500to2000_TuneCH3_13TeV-madgraphMLM-herwig7/MINIAODSIM/106X_mcRun2_asymptotic_v17-v2/2810000/3A226137-4768-5D41-B4D3-AEC750C9AF7B.root
Begin processing the 400001st record. Run 1, Event 1495575, LumiSection 396 on stream 0 at 11-Jan-2024 05:24:56.620 CET
11-Jan-2024 05:24:56 CET  Closed file root://cmsxrootd.fnal.gov//store/mc/RunIISummer20UL16MiniAODv2/QCD_HT1500to2000_TuneCH3_13TeV-madgraphMLM-herwig7/MINIAODSIM/106X_mcRun2_asymptotic_v17-v2/2810000/3A226137-4768-5D41-B4D3-AEC750C9AF7B.root
11-Jan-2024 05:24:56 CET  Initiating request to open file root://cmsxrootd.fnal.gov//store/mc/RunIISummer20UL16MiniAODv2/QCD_HT1500to2000_TuneCH3_13TeV-madgraphMLM-herwig7/MINIAODSIM/106X_mcRun2_asymptotic_v17-v2/2810000/C9A060C9-3842-034D-9875-14F2EB5083AF.root
%MSG-w XrdAdaptor:  file_open 11-Jan-2024 05:24:59 CET PostProcessEvent
Data is served from fnal.gov instead of original site US-Regional-Nebraska
%MSG
11-Jan-2024 05:24:59 CET  Successfully opened file root://cmsxrootd.fnal.gov//store/mc/RunIISummer20UL16MiniAODv2/QCD_HT1500to2000_TuneCH3_13TeV-madgraphMLM-herwig7/MINIAODSIM/106X_mcRun2_asymptotic_v17-v2/2810000/C9A060C9-3842-034D-9875-14F2EB5083AF.root
11-Jan-2024 05:25:03 CET  Closed file root://cmsxrootd.fnal.gov//store/mc/RunIISummer20UL16MiniAODv2/QCD_HT1500to2000_TuneCH3_13TeV-madgraphMLM-herwig7/MINIAODSIM/106X_mcRun2_asymptotic_v17-v2/2810000/C9A060C9-3842-034D-9875-14F2EB5083AF.root
11-Jan-2024 05:25:03 CET  Initiating request to open file root://cmsxrootd.fnal.gov//store/mc/RunIISummer20UL16MiniAODv2/QCD_HT1500to2000_TuneCH3_13TeV-madgraphMLM-herwig7/MINIAODSIM/106X_mcRun2_asymptotic_v17-v2/2810000/0D61EFED-2C6D-214D-9367-0504F656ADBF.root
%MSG-w XrdAdaptor:  file_open 11-Jan-2024 05:25:06 CET PostProcessEvent
Data is served from fnal.gov instead of original site US-Regional-Nebraska
%MSG
11-Jan-2024 05:25:07 CET  Successfully opened file root://cmsxrootd.fnal.gov//store/mc/RunIISummer20UL16MiniAODv2/QCD_HT1500to2000_TuneCH3_13TeV-madgraphMLM-herwig7/MINIAODSIM/106X_mcRun2_asymptotic_v17-v2/2810000/0D61EFED-2C6D-214D-9367-0504F656ADBF.root
11-Jan-2024 05:25:14 CET  Closed file root://cmsxrootd.fnal.gov//store/mc/RunIISummer20UL16MiniAODv2/QCD_HT1500to2000_TuneCH3_13TeV-madgraphMLM-herwig7/MINIAODSIM/106X_mcRun2_asymptotic_v17-v2/2810000/0D61EFED-2C6D-214D-9367-0504F656ADBF.root
11-Jan-2024 05:25:14 CET  Initiating request to open file root://cmsxrootd.fnal.gov//store/mc/RunIISummer20UL16MiniAODv2/QCD_HT1500to2000_TuneCH3_13TeV-madgraphMLM-herwig7/MINIAODSIM/106X_mcRun2_asymptotic_v17-v2/2810000/77961FC7-C411-D147-B342-EDBDDD8B44AA.root
%MSG-w XrdAdaptor:  file_open 11-Jan-2024 05:25:16 CET PostProcessEvent
Data is served from fnal.gov instead of original site US-Regional-Nebraska
%MSG
11-Jan-2024 05:25:17 CET  Successfully opened file root://cmsxrootd.fnal.gov//store/mc/RunIISummer20UL16MiniAODv2/QCD_HT1500to2000_TuneCH3_13TeV-madgraphMLM-herwig7/MINIAODSIM/106X_mcRun2_asymptotic_v17-v2/2810000/77961FC7-C411-D147-B342-EDBDDD8B44AA.root
11-Jan-2024 05:25:24 CET  Closed file root://cmsxrootd.fnal.gov//store/mc/RunIISummer20UL16MiniAODv2/QCD_HT1500to2000_TuneCH3_13TeV-madgraphMLM-herwig7/MINIAODSIM/106X_mcRun2_asymptotic_v17-v2/2810000/77961FC7-C411-D147-B342-EDBDDD8B44AA.root
11-Jan-2024 05:25:24 CET  Initiating request to open file root://cmsxrootd.fnal.gov//store/mc/RunIISummer20UL16MiniAODv2/QCD_HT1500to2000_TuneCH3_13TeV-madgraphMLM-herwig7/MINIAODSIM/106X_mcRun2_asymptotic_v17-v2/2810000/5BBCAEA2-CCA6-AF43-B34E-A1077E2ED219.root
%MSG-w XrdAdaptor:  file_open 11-Jan-2024 05:25:26 CET PostProcessEvent
Data is served from fnal.gov instead of original site US-Regional-Nebraska
%MSG
11-Jan-2024 05:25:27 CET  Successfully opened file root://cmsxrootd.fnal.gov//store/mc/RunIISummer20UL16MiniAODv2/QCD_HT1500to2000_TuneCH3_13TeV-madgraphMLM-herwig7/MINIAODSIM/106X_mcRun2_asymptotic_v17-v2/2810000/5BBCAEA2-CCA6-AF43-B34E-A1077E2ED219.root
11-Jan-2024 05:25:35 CET  Closed file root://cmsxrootd.fnal.gov//store/mc/RunIISummer20UL16MiniAODv2/QCD_HT1500to2000_TuneCH3_13TeV-madgraphMLM-herwig7/MINIAODSIM/106X_mcRun2_asymptotic_v17-v2/2810000/5BBCAEA2-CCA6-AF43-B34E-A1077E2ED219.root
11-Jan-2024 05:25:35 CET  Initiating request to open file root://cmsxrootd.fnal.gov//store/mc/RunIISummer20UL16MiniAODv2/QCD_HT1500to2000_TuneCH3_13TeV-madgraphMLM-herwig7/MINIAODSIM/106X_mcRun2_asymptotic_v17-v2/2810000/D350AF90-C0D2-EA4F-87B8-1EC312107F26.root
%MSG-w XrdAdaptor:  file_open 11-Jan-2024 05:25:37 CET PostProcessEvent
Data is served from fnal.gov instead of original site US-Regional-Nebraska
%MSG
11-Jan-2024 05:25:38 CET  Successfully opened file root://cmsxrootd.fnal.gov//store/mc/RunIISummer20UL16MiniAODv2/QCD_HT1500to2000_TuneCH3_13TeV-madgraphMLM-herwig7/MINIAODSIM/106X_mcRun2_asymptotic_v17-v2/2810000/D350AF90-C0D2-EA4F-87B8-1EC312107F26.root
11-Jan-2024 05:25:44 CET  Closed file root://cmsxrootd.fnal.gov//store/mc/RunIISummer20UL16MiniAODv2/QCD_HT1500to2000_TuneCH3_13TeV-madgraphMLM-herwig7/MINIAODSIM/106X_mcRun2_asymptotic_v17-v2/2810000/D350AF90-C0D2-EA4F-87B8-1EC312107F26.root
11-Jan-2024 05:25:44 CET  Initiating request to open file root://cmsxrootd.fnal.gov//store/mc/RunIISummer20UL16MiniAODv2/QCD_HT1500to2000_TuneCH3_13TeV-madgraphMLM-herwig7/MINIAODSIM/106X_mcRun2_asymptotic_v17-v2/2810000/434B0ADB-521D-224C-BE56-B5F974FA6147.root
%MSG-w XrdAdaptor:  file_open 11-Jan-2024 05:25:46 CET PostProcessEvent
Data is served from fnal.gov instead of original site US-Regional-Nebraska
%MSG
11-Jan-2024 05:25:47 CET  Successfully opened file root://cmsxrootd.fnal.gov//store/mc/RunIISummer20UL16MiniAODv2/QCD_HT1500to2000_TuneCH3_13TeV-madgraphMLM-herwig7/MINIAODSIM/106X_mcRun2_asymptotic_v17-v2/2810000/434B0ADB-521D-224C-BE56-B5F974FA6147.root
11-Jan-2024 05:26:03 CET  Closed file root://cmsxrootd.fnal.gov//store/mc/RunIISummer20UL16MiniAODv2/QCD_HT1500to2000_TuneCH3_13TeV-madgraphMLM-herwig7/MINIAODSIM/106X_mcRun2_asymptotic_v17-v2/2810000/434B0ADB-521D-224C-BE56-B5F974FA6147.root
11-Jan-2024 05:26:03 CET  Initiating request to open file root://cmsxrootd.fnal.gov//store/mc/RunIISummer20UL16MiniAODv2/QCD_HT1500to2000_TuneCH3_13TeV-madgraphMLM-herwig7/MINIAODSIM/106X_mcRun2_asymptotic_v17-v2/2810000/6A1C7776-F191-8F4F-8B57-3BD6B66503DC.root
%MSG-w XrdAdaptor:  file_open 11-Jan-2024 05:26:05 CET PostProcessEvent
Data is served from fnal.gov instead of original site US-Regional-Nebraska
%MSG
11-Jan-2024 05:26:05 CET  Successfully opened file root://cmsxrootd.fnal.gov//store/mc/RunIISummer20UL16MiniAODv2/QCD_HT1500to2000_TuneCH3_13TeV-madgraphMLM-herwig7/MINIAODSIM/106X_mcRun2_asymptotic_v17-v2/2810000/6A1C7776-F191-8F4F-8B57-3BD6B66503DC.root
11-Jan-2024 05:26:10 CET  Closed file root://cmsxrootd.fnal.gov//store/mc/RunIISummer20UL16MiniAODv2/QCD_HT1500to2000_TuneCH3_13TeV-madgraphMLM-herwig7/MINIAODSIM/106X_mcRun2_asymptotic_v17-v2/2810000/6A1C7776-F191-8F4F-8B57-3BD6B66503DC.root
11-Jan-2024 05:26:10 CET  Initiating request to open file root://cmsxrootd.fnal.gov//store/mc/RunIISummer20UL16MiniAODv2/QCD_HT1500to2000_TuneCH3_13TeV-madgraphMLM-herwig7/MINIAODSIM/106X_mcRun2_asymptotic_v17-v2/2810000/FCA3D828-FFEE-074C-9A48-9259B9C5C3DE.root
%MSG-w XrdAdaptor:  file_open 11-Jan-2024 05:26:12 CET PostProcessEvent
Data is served from fnal.gov instead of original site US-Regional-Nebraska
%MSG
11-Jan-2024 05:26:13 CET  Successfully opened file root://cmsxrootd.fnal.gov//store/mc/RunIISummer20UL16MiniAODv2/QCD_HT1500to2000_TuneCH3_13TeV-madgraphMLM-herwig7/MINIAODSIM/106X_mcRun2_asymptotic_v17-v2/2810000/FCA3D828-FFEE-074C-9A48-9259B9C5C3DE.root
11-Jan-2024 05:26:30 CET  Closed file root://cmsxrootd.fnal.gov//store/mc/RunIISummer20UL16MiniAODv2/QCD_HT1500to2000_TuneCH3_13TeV-madgraphMLM-herwig7/MINIAODSIM/106X_mcRun2_asymptotic_v17-v2/2810000/FCA3D828-FFEE-074C-9A48-9259B9C5C3DE.root
11-Jan-2024 05:26:30 CET  Initiating request to open file root://cmsxrootd.fnal.gov//store/mc/RunIISummer20UL16MiniAODv2/QCD_HT1500to2000_TuneCH3_13TeV-madgraphMLM-herwig7/MINIAODSIM/106X_mcRun2_asymptotic_v17-v2/2810000/9FF950BB-7269-D24D-A004-9FE0735E7CC0.root
%MSG-w XrdAdaptor:  file_open 11-Jan-2024 05:26:34 CET PostProcessEvent
Data is served from T2_US_MIT instead of original site US-Regional-Nebraska
%MSG
11-Jan-2024 05:26:35 CET  Successfully opened file root://cmsxrootd.fnal.gov//store/mc/RunIISummer20UL16MiniAODv2/QCD_HT1500to2000_TuneCH3_13TeV-madgraphMLM-herwig7/MINIAODSIM/106X_mcRun2_asymptotic_v17-v2/2810000/9FF950BB-7269-D24D-A004-9FE0735E7CC0.root
%MSG-w XrdAdaptor:  (NoModuleName) 11-Jan-2024 05:26:51 CET pre-events
Data is now served from T2_US_MIT, fnal.gov instead of previous T2_US_MIT
%MSG
%MSG-w XrdAdaptor:  AfterFile 11-Jan-2024 05:26:52 CET PostProcessEvent
Data is now served from fnal.gov instead of previous T2_US_MIT, fnal.gov
%MSG
11-Jan-2024 05:27:01 CET  Closed file root://cmsxrootd.fnal.gov//store/mc/RunIISummer20UL16MiniAODv2/QCD_HT1500to2000_TuneCH3_13TeV-madgraphMLM-herwig7/MINIAODSIM/106X_mcRun2_asymptotic_v17-v2/2810000/9FF950BB-7269-D24D-A004-9FE0735E7CC0.root
11-Jan-2024 05:27:01 CET  Initiating request to open file root://cmsxrootd.fnal.gov//store/mc/RunIISummer20UL16MiniAODv2/QCD_HT1500to2000_TuneCH3_13TeV-madgraphMLM-herwig7/MINIAODSIM/106X_mcRun2_asymptotic_v17-v2/2810000/9DF6A940-43D7-C244-8777-0B88AA647DAE.root
%MSG-w XrdAdaptor:  file_open 11-Jan-2024 05:27:04 CET PostProcessEvent
Data is served from T2_US_Nebraska instead of original site US-Regional-Nebraska
%MSG
11-Jan-2024 05:27:05 CET  Successfully opened file root://cmsxrootd.fnal.gov//store/mc/RunIISummer20UL16MiniAODv2/QCD_HT1500to2000_TuneCH3_13TeV-madgraphMLM-herwig7/MINIAODSIM/106X_mcRun2_asymptotic_v17-v2/2810000/9DF6A940-43D7-C244-8777-0B88AA647DAE.root
11-Jan-2024 05:27:10 CET  Closed file root://cmsxrootd.fnal.gov//store/mc/RunIISummer20UL16MiniAODv2/QCD_HT1500to2000_TuneCH3_13TeV-madgraphMLM-herwig7/MINIAODSIM/106X_mcRun2_asymptotic_v17-v2/2810000/9DF6A940-43D7-C244-8777-0B88AA647DAE.root
11-Jan-2024 05:27:10 CET  Initiating request to open file root://cmsxrootd.fnal.gov//store/mc/RunIISummer20UL16MiniAODv2/QCD_HT1500to2000_TuneCH3_13TeV-madgraphMLM-herwig7/MINIAODSIM/106X_mcRun2_asymptotic_v17-v2/2810000/F11BCDC9-B284-DB4E-B908-FAB693806022.root
%MSG-w XrdAdaptor:  file_open 11-Jan-2024 05:27:12 CET PostProcessEvent
Data is served from fnal.gov instead of original site US-Regional-Nebraska
%MSG
11-Jan-2024 05:27:13 CET  Successfully opened file root://cmsxrootd.fnal.gov//store/mc/RunIISummer20UL16MiniAODv2/QCD_HT1500to2000_TuneCH3_13TeV-madgraphMLM-herwig7/MINIAODSIM/106X_mcRun2_asymptotic_v17-v2/2810000/F11BCDC9-B284-DB4E-B908-FAB693806022.root
    286.036200      3.322458      0.365387             1
     42.772070      0.948781      0.365387             0
   1054.181000      6.199028      0.365387             2
 
11-Jan-2024 05:27:20 CET  Closed file root://cmsxrootd.fnal.gov//store/mc/RunIISummer20UL16MiniAODv2/QCD_HT1500to2000_TuneCH3_13TeV-madgraphMLM-herwig7/MINIAODSIM/106X_mcRun2_asymptotic_v17-v2/2810000/F11BCDC9-B284-DB4E-B908-FAB693806022.root

------------------------------------
GenXsecAnalyzer:
------------------------------------
Before Filter: total cross section = 8.203e-02 +- 3.248e-04 pb
Filter efficiency (taking into account weights)= (492975) / (492975) = 1.000e+00 +- 0.000e+00
Filter efficiency (event-level)= (492975) / (492975) = 1.000e+00 +- 0.000e+00    [TO BE USED IN MCM]

After filter: final cross section = 8.203e-02 +- 3.248e-04 pb
After filter: final fraction of events with negative weights = 0.000e+00 +- 0.000e+00
After filter: final equivalent lumi for 1M events (1/fb) = 1.219e+04 +- 4.979e+01

=============================================

MessageLogger Summary

 type     category        sev    module        subroutine        count    total
 ---- -------------------- -- ---------------- ----------------  -----    -----
    1 GenXSecAnalyzer      -w GenXSecAnalyzer:                       7        7
    2 XrdAdaptor           -w (NoModuleName)                         1        1
    3 XrdAdaptor           -w AfterFile                              1        1
    4 XrdAdaptor           -w file_open                             44       44
    5 fileAction           -s file_close                            44       44
    6 fileAction           -s file_open                             88       88

 type    category    Examples: run/evt        run/evt          run/evt
 ---- -------------------- ---------------- ---------------- ----------------
    1 GenXSecAnalyzer      PostGlobalEndRun PostGlobalEndRun PostGlobalEndRun
    2 XrdAdaptor           pre-events                        
    3 XrdAdaptor           PostProcessEvent                  
    4 XrdAdaptor           pre-events       PostProcessEvent PostProcessEvent
    5 fileAction           PostProcessEvent PostProcessEvent PostGlobalEndRun
    6 fileAction           pre-events       pre-events       PostProcessEvent

Severity    # Occurrences   Total Occurrences
--------    -------------   -----------------
Warning                53                  53
System                132                 132

dropped waiting message count 0
