11-Jan-2024 22:39:12 CET  Initiating request to open file root://cmsxrootd.fnal.gov//store/mc/RunIISummer20UL16MiniAODv2/QCD_Pt-15To20_MuEnrichedPt5_TuneCP5_13TeV-pythia8/MINIAODSIM/106X_mcRun2_asymptotic_v17-v2/280000/E7C48CFD-F50D-0E4E-92B2-D8E14AF5F566.root
Unable to load sec.protocol plugin libXrdSecztn.so
%MSG-w XrdAdaptor:  file_open 11-Jan-2024 22:39:16 CET pre-events
Data is served from fnal.gov instead of original site US-Regional-Nebraska
%MSG
11-Jan-2024 22:39:20 CET  Successfully opened file root://cmsxrootd.fnal.gov//store/mc/RunIISummer20UL16MiniAODv2/QCD_Pt-15To20_MuEnrichedPt5_TuneCP5_13TeV-pythia8/MINIAODSIM/106X_mcRun2_asymptotic_v17-v2/280000/E7C48CFD-F50D-0E4E-92B2-D8E14AF5F566.root
Unable to load sec.protocol plugin libXrdSecztn.so
Begin processing the 1st record. Run 1, Event 19121404, LumiSection 66 on stream 0 at 11-Jan-2024 22:39:35.350 CET
Unable to load sec.protocol plugin libXrdSecztn.so
11-Jan-2024 22:39:39 CET  Closed file root://cmsxrootd.fnal.gov//store/mc/RunIISummer20UL16MiniAODv2/QCD_Pt-15To20_MuEnrichedPt5_TuneCP5_13TeV-pythia8/MINIAODSIM/106X_mcRun2_asymptotic_v17-v2/280000/E7C48CFD-F50D-0E4E-92B2-D8E14AF5F566.root
11-Jan-2024 22:39:39 CET  Initiating request to open file root://cmsxrootd.fnal.gov//store/mc/RunIISummer20UL16MiniAODv2/QCD_Pt-15To20_MuEnrichedPt5_TuneCP5_13TeV-pythia8/MINIAODSIM/106X_mcRun2_asymptotic_v17-v2/280000/D4D0CF39-A9F5-FB46-89EB-AF86ED2657E4.root
%MSG-w XrdAdaptor:  file_open 11-Jan-2024 22:39:41 CET PostProcessEvent
Data is served from fnal.gov instead of original site US-Regional-Nebraska
%MSG
11-Jan-2024 22:39:42 CET  Successfully opened file root://cmsxrootd.fnal.gov//store/mc/RunIISummer20UL16MiniAODv2/QCD_Pt-15To20_MuEnrichedPt5_TuneCP5_13TeV-pythia8/MINIAODSIM/106X_mcRun2_asymptotic_v17-v2/280000/D4D0CF39-A9F5-FB46-89EB-AF86ED2657E4.root
Begin processing the 100001st record. Run 1, Event 207625889, LumiSection 706 on stream 0 at 11-Jan-2024 22:39:48.812 CET
Begin processing the 200001st record. Run 1, Event 858391397, LumiSection 2919 on stream 0 at 11-Jan-2024 22:39:52.439 CET
11-Jan-2024 22:39:52 CET  Closed file root://cmsxrootd.fnal.gov//store/mc/RunIISummer20UL16MiniAODv2/QCD_Pt-15To20_MuEnrichedPt5_TuneCP5_13TeV-pythia8/MINIAODSIM/106X_mcRun2_asymptotic_v17-v2/280000/D4D0CF39-A9F5-FB46-89EB-AF86ED2657E4.root
11-Jan-2024 22:39:52 CET  Initiating request to open file root://cmsxrootd.fnal.gov//store/mc/RunIISummer20UL16MiniAODv2/QCD_Pt-15To20_MuEnrichedPt5_TuneCP5_13TeV-pythia8/MINIAODSIM/106X_mcRun2_asymptotic_v17-v2/280000/D2431914-366D-D64B-902F-FAF97DBC4A2D.root
%MSG-w XrdAdaptor:  file_open 11-Jan-2024 22:39:54 CET PostProcessEvent
Data is served from fnal.gov instead of original site US-Regional-Nebraska
%MSG
11-Jan-2024 22:39:55 CET  Successfully opened file root://cmsxrootd.fnal.gov//store/mc/RunIISummer20UL16MiniAODv2/QCD_Pt-15To20_MuEnrichedPt5_TuneCP5_13TeV-pythia8/MINIAODSIM/106X_mcRun2_asymptotic_v17-v2/280000/D2431914-366D-D64B-902F-FAF97DBC4A2D.root
Unable to load sec.protocol plugin libXrdSecztn.so
Begin processing the 300001st record. Run 1, Event 344581053, LumiSection 1172 on stream 0 at 11-Jan-2024 22:40:05.876 CET
11-Jan-2024 22:40:07 CET  Closed file root://cmsxrootd.fnal.gov//store/mc/RunIISummer20UL16MiniAODv2/QCD_Pt-15To20_MuEnrichedPt5_TuneCP5_13TeV-pythia8/MINIAODSIM/106X_mcRun2_asymptotic_v17-v2/280000/D2431914-366D-D64B-902F-FAF97DBC4A2D.root
11-Jan-2024 22:40:07 CET  Initiating request to open file root://cmsxrootd.fnal.gov//store/mc/RunIISummer20UL16MiniAODv2/QCD_Pt-15To20_MuEnrichedPt5_TuneCP5_13TeV-pythia8/MINIAODSIM/106X_mcRun2_asymptotic_v17-v2/280000/25CEB069-4261-BC40-AC83-FBB1D2261B1C.root
%MSG-w XrdAdaptor:  file_open 11-Jan-2024 22:40:09 CET PostProcessEvent
Data is served from fnal.gov instead of original site US-Regional-Nebraska
%MSG
11-Jan-2024 22:40:09 CET  Successfully opened file root://cmsxrootd.fnal.gov//store/mc/RunIISummer20UL16MiniAODv2/QCD_Pt-15To20_MuEnrichedPt5_TuneCP5_13TeV-pythia8/MINIAODSIM/106X_mcRun2_asymptotic_v17-v2/280000/25CEB069-4261-BC40-AC83-FBB1D2261B1C.root
Begin processing the 400001st record. Run 1, Event 456350923, LumiSection 1552 on stream 0 at 11-Jan-2024 22:40:17.429 CET
11-Jan-2024 22:40:19 CET  Closed file root://cmsxrootd.fnal.gov//store/mc/RunIISummer20UL16MiniAODv2/QCD_Pt-15To20_MuEnrichedPt5_TuneCP5_13TeV-pythia8/MINIAODSIM/106X_mcRun2_asymptotic_v17-v2/280000/25CEB069-4261-BC40-AC83-FBB1D2261B1C.root
11-Jan-2024 22:40:19 CET  Initiating request to open file root://cmsxrootd.fnal.gov//store/mc/RunIISummer20UL16MiniAODv2/QCD_Pt-15To20_MuEnrichedPt5_TuneCP5_13TeV-pythia8/MINIAODSIM/106X_mcRun2_asymptotic_v17-v2/280000/509D5224-835A-DF4D-89CE-6ED4B6545584.root
%MSG-w XrdAdaptor:  file_open 11-Jan-2024 22:40:21 CET PostProcessEvent
Data is served from fnal.gov instead of original site US-Regional-Nebraska
%MSG
11-Jan-2024 22:40:22 CET  Successfully opened file root://cmsxrootd.fnal.gov//store/mc/RunIISummer20UL16MiniAODv2/QCD_Pt-15To20_MuEnrichedPt5_TuneCP5_13TeV-pythia8/MINIAODSIM/106X_mcRun2_asymptotic_v17-v2/280000/509D5224-835A-DF4D-89CE-6ED4B6545584.root
Begin processing the 500001st record. Run 1, Event 63737075, LumiSection 217 on stream 0 at 11-Jan-2024 22:40:29.969 CET
11-Jan-2024 22:40:31 CET  Closed file root://cmsxrootd.fnal.gov//store/mc/RunIISummer20UL16MiniAODv2/QCD_Pt-15To20_MuEnrichedPt5_TuneCP5_13TeV-pythia8/MINIAODSIM/106X_mcRun2_asymptotic_v17-v2/280000/509D5224-835A-DF4D-89CE-6ED4B6545584.root
11-Jan-2024 22:40:31 CET  Initiating request to open file root://cmsxrootd.fnal.gov//store/mc/RunIISummer20UL16MiniAODv2/QCD_Pt-15To20_MuEnrichedPt5_TuneCP5_13TeV-pythia8/MINIAODSIM/106X_mcRun2_asymptotic_v17-v2/280000/D24F2C39-2F95-1041-9253-E3D15DF1B251.root
%MSG-w XrdAdaptor:  file_open 11-Jan-2024 22:40:33 CET PostProcessEvent
Data is served from fnal.gov instead of original site US-Regional-Nebraska
%MSG
11-Jan-2024 22:40:33 CET  Successfully opened file root://cmsxrootd.fnal.gov//store/mc/RunIISummer20UL16MiniAODv2/QCD_Pt-15To20_MuEnrichedPt5_TuneCP5_13TeV-pythia8/MINIAODSIM/106X_mcRun2_asymptotic_v17-v2/280000/D24F2C39-2F95-1041-9253-E3D15DF1B251.root
Begin processing the 600001st record. Run 1, Event 165845227, LumiSection 564 on stream 0 at 11-Jan-2024 22:40:41.539 CET
11-Jan-2024 22:40:42 CET  Closed file root://cmsxrootd.fnal.gov//store/mc/RunIISummer20UL16MiniAODv2/QCD_Pt-15To20_MuEnrichedPt5_TuneCP5_13TeV-pythia8/MINIAODSIM/106X_mcRun2_asymptotic_v17-v2/280000/D24F2C39-2F95-1041-9253-E3D15DF1B251.root
11-Jan-2024 22:40:42 CET  Initiating request to open file root://cmsxrootd.fnal.gov//store/mc/RunIISummer20UL16MiniAODv2/QCD_Pt-15To20_MuEnrichedPt5_TuneCP5_13TeV-pythia8/MINIAODSIM/106X_mcRun2_asymptotic_v17-v2/280000/A65DB541-A0C0-3D4A-BDA2-6BB8909FF217.root
%MSG-w XrdAdaptor:  file_open 11-Jan-2024 22:40:44 CET PostProcessEvent
Data is served from fnal.gov instead of original site US-Regional-Nebraska
%MSG
11-Jan-2024 22:40:45 CET  Successfully opened file root://cmsxrootd.fnal.gov//store/mc/RunIISummer20UL16MiniAODv2/QCD_Pt-15To20_MuEnrichedPt5_TuneCP5_13TeV-pythia8/MINIAODSIM/106X_mcRun2_asymptotic_v17-v2/280000/A65DB541-A0C0-3D4A-BDA2-6BB8909FF217.root
Begin processing the 700001st record. Run 1, Event 86804471, LumiSection 296 on stream 0 at 11-Jan-2024 22:40:53.796 CET
11-Jan-2024 22:40:55 CET  Closed file root://cmsxrootd.fnal.gov//store/mc/RunIISummer20UL16MiniAODv2/QCD_Pt-15To20_MuEnrichedPt5_TuneCP5_13TeV-pythia8/MINIAODSIM/106X_mcRun2_asymptotic_v17-v2/280000/A65DB541-A0C0-3D4A-BDA2-6BB8909FF217.root
11-Jan-2024 22:40:55 CET  Initiating request to open file root://cmsxrootd.fnal.gov//store/mc/RunIISummer20UL16MiniAODv2/QCD_Pt-15To20_MuEnrichedPt5_TuneCP5_13TeV-pythia8/MINIAODSIM/106X_mcRun2_asymptotic_v17-v2/280000/255C5AF7-1FC2-5A49-A35E-4DE5529BDFEF.root
%MSG-w XrdAdaptor:  file_open 11-Jan-2024 22:40:57 CET PostProcessEvent
Data is served from fnal.gov instead of original site US-Regional-Nebraska
%MSG
11-Jan-2024 22:40:58 CET  Successfully opened file root://cmsxrootd.fnal.gov//store/mc/RunIISummer20UL16MiniAODv2/QCD_Pt-15To20_MuEnrichedPt5_TuneCP5_13TeV-pythia8/MINIAODSIM/106X_mcRun2_asymptotic_v17-v2/280000/255C5AF7-1FC2-5A49-A35E-4DE5529BDFEF.root
Begin processing the 800001st record. Run 1, Event 145529536, LumiSection 495 on stream 0 at 11-Jan-2024 22:41:06.506 CET
11-Jan-2024 22:41:09 CET  Closed file root://cmsxrootd.fnal.gov//store/mc/RunIISummer20UL16MiniAODv2/QCD_Pt-15To20_MuEnrichedPt5_TuneCP5_13TeV-pythia8/MINIAODSIM/106X_mcRun2_asymptotic_v17-v2/280000/255C5AF7-1FC2-5A49-A35E-4DE5529BDFEF.root
11-Jan-2024 22:41:09 CET  Initiating request to open file root://cmsxrootd.fnal.gov//store/mc/RunIISummer20UL16MiniAODv2/QCD_Pt-15To20_MuEnrichedPt5_TuneCP5_13TeV-pythia8/MINIAODSIM/106X_mcRun2_asymptotic_v17-v2/280000/ABB4B791-02D1-ED44-8AD5-C19D5C32CB84.root
%MSG-w XrdAdaptor:  file_open 11-Jan-2024 22:41:11 CET PostProcessEvent
Data is served from fnal.gov instead of original site US-Regional-Nebraska
%MSG
11-Jan-2024 22:41:11 CET  Successfully opened file root://cmsxrootd.fnal.gov//store/mc/RunIISummer20UL16MiniAODv2/QCD_Pt-15To20_MuEnrichedPt5_TuneCP5_13TeV-pythia8/MINIAODSIM/106X_mcRun2_asymptotic_v17-v2/280000/ABB4B791-02D1-ED44-8AD5-C19D5C32CB84.root
Begin processing the 900001st record. Run 1, Event 183218278, LumiSection 623 on stream 0 at 11-Jan-2024 22:41:19.386 CET
11-Jan-2024 22:41:22 CET  Closed file root://cmsxrootd.fnal.gov//store/mc/RunIISummer20UL16MiniAODv2/QCD_Pt-15To20_MuEnrichedPt5_TuneCP5_13TeV-pythia8/MINIAODSIM/106X_mcRun2_asymptotic_v17-v2/280000/ABB4B791-02D1-ED44-8AD5-C19D5C32CB84.root
11-Jan-2024 22:41:22 CET  Initiating request to open file root://cmsxrootd.fnal.gov//store/mc/RunIISummer20UL16MiniAODv2/QCD_Pt-15To20_MuEnrichedPt5_TuneCP5_13TeV-pythia8/MINIAODSIM/106X_mcRun2_asymptotic_v17-v2/280000/25240330-0169-944A-9E9D-2797A63AFEC1.root
%MSG-w XrdAdaptor:  file_open 11-Jan-2024 22:41:24 CET PostProcessEvent
Data is served from fnal.gov instead of original site US-Regional-Nebraska
%MSG
11-Jan-2024 22:41:25 CET  Successfully opened file root://cmsxrootd.fnal.gov//store/mc/RunIISummer20UL16MiniAODv2/QCD_Pt-15To20_MuEnrichedPt5_TuneCP5_13TeV-pythia8/MINIAODSIM/106X_mcRun2_asymptotic_v17-v2/280000/25240330-0169-944A-9E9D-2797A63AFEC1.root
Begin processing the 1000001st record. Run 1, Event 258317729, LumiSection 879 on stream 0 at 11-Jan-2024 22:41:31.792 CET
11-Jan-2024 22:41:34 CET  Closed file root://cmsxrootd.fnal.gov//store/mc/RunIISummer20UL16MiniAODv2/QCD_Pt-15To20_MuEnrichedPt5_TuneCP5_13TeV-pythia8/MINIAODSIM/106X_mcRun2_asymptotic_v17-v2/280000/25240330-0169-944A-9E9D-2797A63AFEC1.root
11-Jan-2024 22:41:34 CET  Initiating request to open file root://cmsxrootd.fnal.gov//store/mc/RunIISummer20UL16MiniAODv2/QCD_Pt-15To20_MuEnrichedPt5_TuneCP5_13TeV-pythia8/MINIAODSIM/106X_mcRun2_asymptotic_v17-v2/280000/65223B29-2122-6642-A666-1DF85D3D9250.root
%MSG-w XrdAdaptor:  file_open 11-Jan-2024 22:41:36 CET PostProcessEvent
Data is served from fnal.gov instead of original site US-Regional-Nebraska
%MSG
11-Jan-2024 22:41:37 CET  Successfully opened file root://cmsxrootd.fnal.gov//store/mc/RunIISummer20UL16MiniAODv2/QCD_Pt-15To20_MuEnrichedPt5_TuneCP5_13TeV-pythia8/MINIAODSIM/106X_mcRun2_asymptotic_v17-v2/280000/65223B29-2122-6642-A666-1DF85D3D9250.root
Begin processing the 1100001st record. Run 1, Event 262936457, LumiSection 894 on stream 0 at 11-Jan-2024 22:41:44.278 CET
11-Jan-2024 22:41:46 CET  Closed file root://cmsxrootd.fnal.gov//store/mc/RunIISummer20UL16MiniAODv2/QCD_Pt-15To20_MuEnrichedPt5_TuneCP5_13TeV-pythia8/MINIAODSIM/106X_mcRun2_asymptotic_v17-v2/280000/65223B29-2122-6642-A666-1DF85D3D9250.root
11-Jan-2024 22:41:46 CET  Initiating request to open file root://cmsxrootd.fnal.gov//store/mc/RunIISummer20UL16MiniAODv2/QCD_Pt-15To20_MuEnrichedPt5_TuneCP5_13TeV-pythia8/MINIAODSIM/106X_mcRun2_asymptotic_v17-v2/280000/82C9FF2A-DF5F-AC4D-9149-8682E6A34BD7.root
%MSG-w XrdAdaptor:  file_open 11-Jan-2024 22:41:48 CET PostProcessEvent
Data is served from fnal.gov instead of original site US-Regional-Nebraska
%MSG
11-Jan-2024 22:41:49 CET  Successfully opened file root://cmsxrootd.fnal.gov//store/mc/RunIISummer20UL16MiniAODv2/QCD_Pt-15To20_MuEnrichedPt5_TuneCP5_13TeV-pythia8/MINIAODSIM/106X_mcRun2_asymptotic_v17-v2/280000/82C9FF2A-DF5F-AC4D-9149-8682E6A34BD7.root
Begin processing the 1200001st record. Run 1, Event 909185850, LumiSection 3092 on stream 0 at 11-Jan-2024 22:41:55.606 CET
11-Jan-2024 22:41:56 CET  Closed file root://cmsxrootd.fnal.gov//store/mc/RunIISummer20UL16MiniAODv2/QCD_Pt-15To20_MuEnrichedPt5_TuneCP5_13TeV-pythia8/MINIAODSIM/106X_mcRun2_asymptotic_v17-v2/280000/82C9FF2A-DF5F-AC4D-9149-8682E6A34BD7.root
11-Jan-2024 22:41:56 CET  Initiating request to open file root://cmsxrootd.fnal.gov//store/mc/RunIISummer20UL16MiniAODv2/QCD_Pt-15To20_MuEnrichedPt5_TuneCP5_13TeV-pythia8/MINIAODSIM/106X_mcRun2_asymptotic_v17-v2/280000/0B876189-AE6C-F945-9EF7-891CAA9D4B6B.root
%MSG-w XrdAdaptor:  file_open 11-Jan-2024 22:41:59 CET PostProcessEvent
Data is served from fnal.gov instead of original site US-Regional-Nebraska
%MSG
11-Jan-2024 22:41:59 CET  Successfully opened file root://cmsxrootd.fnal.gov//store/mc/RunIISummer20UL16MiniAODv2/QCD_Pt-15To20_MuEnrichedPt5_TuneCP5_13TeV-pythia8/MINIAODSIM/106X_mcRun2_asymptotic_v17-v2/280000/0B876189-AE6C-F945-9EF7-891CAA9D4B6B.root
Begin processing the 1300001st record. Run 1, Event 962985041, LumiSection 3275 on stream 0 at 11-Jan-2024 22:42:08.692 CET
11-Jan-2024 22:42:10 CET  Closed file root://cmsxrootd.fnal.gov//store/mc/RunIISummer20UL16MiniAODv2/QCD_Pt-15To20_MuEnrichedPt5_TuneCP5_13TeV-pythia8/MINIAODSIM/106X_mcRun2_asymptotic_v17-v2/280000/0B876189-AE6C-F945-9EF7-891CAA9D4B6B.root
11-Jan-2024 22:42:10 CET  Initiating request to open file root://cmsxrootd.fnal.gov//store/mc/RunIISummer20UL16MiniAODv2/QCD_Pt-15To20_MuEnrichedPt5_TuneCP5_13TeV-pythia8/MINIAODSIM/106X_mcRun2_asymptotic_v17-v2/280000/08A7019F-63F6-5040-B156-4E2E35EFF68F.root
%MSG-w XrdAdaptor:  file_open 11-Jan-2024 22:42:12 CET PostProcessEvent
Data is served from fnal.gov instead of original site US-Regional-Nebraska
%MSG
11-Jan-2024 22:42:12 CET  Successfully opened file root://cmsxrootd.fnal.gov//store/mc/RunIISummer20UL16MiniAODv2/QCD_Pt-15To20_MuEnrichedPt5_TuneCP5_13TeV-pythia8/MINIAODSIM/106X_mcRun2_asymptotic_v17-v2/280000/08A7019F-63F6-5040-B156-4E2E35EFF68F.root
Begin processing the 1400001st record. Run 1, Event 1005013271, LumiSection 3418 on stream 0 at 11-Jan-2024 22:42:20.051 CET
11-Jan-2024 22:42:21 CET  Closed file root://cmsxrootd.fnal.gov//store/mc/RunIISummer20UL16MiniAODv2/QCD_Pt-15To20_MuEnrichedPt5_TuneCP5_13TeV-pythia8/MINIAODSIM/106X_mcRun2_asymptotic_v17-v2/280000/08A7019F-63F6-5040-B156-4E2E35EFF68F.root
11-Jan-2024 22:42:21 CET  Initiating request to open file root://cmsxrootd.fnal.gov//store/mc/RunIISummer20UL16MiniAODv2/QCD_Pt-15To20_MuEnrichedPt5_TuneCP5_13TeV-pythia8/MINIAODSIM/106X_mcRun2_asymptotic_v17-v2/280000/D0D319B7-7AEA-DF4F-836B-4ECC9311A88F.root
%MSG-w XrdAdaptor:  file_open 11-Jan-2024 22:42:23 CET PostProcessEvent
Data is served from fnal.gov instead of original site US-Regional-Nebraska
%MSG
11-Jan-2024 22:42:24 CET  Successfully opened file root://cmsxrootd.fnal.gov//store/mc/RunIISummer20UL16MiniAODv2/QCD_Pt-15To20_MuEnrichedPt5_TuneCP5_13TeV-pythia8/MINIAODSIM/106X_mcRun2_asymptotic_v17-v2/280000/D0D319B7-7AEA-DF4F-836B-4ECC9311A88F.root
Begin processing the 1500001st record. Run 1, Event 1068508914, LumiSection 3633 on stream 0 at 11-Jan-2024 22:42:31.559 CET
11-Jan-2024 22:42:33 CET  Closed file root://cmsxrootd.fnal.gov//store/mc/RunIISummer20UL16MiniAODv2/QCD_Pt-15To20_MuEnrichedPt5_TuneCP5_13TeV-pythia8/MINIAODSIM/106X_mcRun2_asymptotic_v17-v2/280000/D0D319B7-7AEA-DF4F-836B-4ECC9311A88F.root
11-Jan-2024 22:42:33 CET  Initiating request to open file root://cmsxrootd.fnal.gov//store/mc/RunIISummer20UL16MiniAODv2/QCD_Pt-15To20_MuEnrichedPt5_TuneCP5_13TeV-pythia8/MINIAODSIM/106X_mcRun2_asymptotic_v17-v2/280000/4AB498A5-294F-BF4C-8E44-24176918BACB.root
%MSG-w XrdAdaptor:  file_open 11-Jan-2024 22:42:35 CET PostProcessEvent
Data is served from fnal.gov instead of original site US-Regional-Nebraska
%MSG
11-Jan-2024 22:42:35 CET  Successfully opened file root://cmsxrootd.fnal.gov//store/mc/RunIISummer20UL16MiniAODv2/QCD_Pt-15To20_MuEnrichedPt5_TuneCP5_13TeV-pythia8/MINIAODSIM/106X_mcRun2_asymptotic_v17-v2/280000/4AB498A5-294F-BF4C-8E44-24176918BACB.root
Begin processing the 1600001st record. Run 1, Event 1100093541, LumiSection 3741 on stream 0 at 11-Jan-2024 22:42:44.769 CET
11-Jan-2024 22:42:46 CET  Closed file root://cmsxrootd.fnal.gov//store/mc/RunIISummer20UL16MiniAODv2/QCD_Pt-15To20_MuEnrichedPt5_TuneCP5_13TeV-pythia8/MINIAODSIM/106X_mcRun2_asymptotic_v17-v2/280000/4AB498A5-294F-BF4C-8E44-24176918BACB.root
11-Jan-2024 22:42:46 CET  Initiating request to open file root://cmsxrootd.fnal.gov//store/mc/RunIISummer20UL16MiniAODv2/QCD_Pt-15To20_MuEnrichedPt5_TuneCP5_13TeV-pythia8/MINIAODSIM/106X_mcRun2_asymptotic_v17-v2/280000/459C5D96-0C6F-B143-A1F4-C683FC232291.root
%MSG-w XrdAdaptor:  file_open 11-Jan-2024 22:42:49 CET PostProcessEvent
Data is served from fnal.gov instead of original site US-Regional-Nebraska
%MSG
11-Jan-2024 22:42:49 CET  Successfully opened file root://cmsxrootd.fnal.gov//store/mc/RunIISummer20UL16MiniAODv2/QCD_Pt-15To20_MuEnrichedPt5_TuneCP5_13TeV-pythia8/MINIAODSIM/106X_mcRun2_asymptotic_v17-v2/280000/459C5D96-0C6F-B143-A1F4-C683FC232291.root
Begin processing the 1700001st record. Run 1, Event 1288601616, LumiSection 4382 on stream 0 at 11-Jan-2024 22:42:56.497 CET
11-Jan-2024 22:42:59 CET  Closed file root://cmsxrootd.fnal.gov//store/mc/RunIISummer20UL16MiniAODv2/QCD_Pt-15To20_MuEnrichedPt5_TuneCP5_13TeV-pythia8/MINIAODSIM/106X_mcRun2_asymptotic_v17-v2/280000/459C5D96-0C6F-B143-A1F4-C683FC232291.root
11-Jan-2024 22:42:59 CET  Initiating request to open file root://cmsxrootd.fnal.gov//store/mc/RunIISummer20UL16MiniAODv2/QCD_Pt-15To20_MuEnrichedPt5_TuneCP5_13TeV-pythia8/MINIAODSIM/106X_mcRun2_asymptotic_v17-v2/280000/E444892D-47E6-5F4C-9A8C-30C2FF29DFA2.root
%MSG-w XrdAdaptor:  file_open 11-Jan-2024 22:43:00 CET PostProcessEvent
Data is served from fnal.gov instead of original site US-Regional-Nebraska
%MSG
11-Jan-2024 22:43:01 CET  Successfully opened file root://cmsxrootd.fnal.gov//store/mc/RunIISummer20UL16MiniAODv2/QCD_Pt-15To20_MuEnrichedPt5_TuneCP5_13TeV-pythia8/MINIAODSIM/106X_mcRun2_asymptotic_v17-v2/280000/E444892D-47E6-5F4C-9A8C-30C2FF29DFA2.root
Begin processing the 1800001st record. Run 1, Event 1230314201, LumiSection 4184 on stream 0 at 11-Jan-2024 22:43:07.794 CET
11-Jan-2024 22:43:10 CET  Closed file root://cmsxrootd.fnal.gov//store/mc/RunIISummer20UL16MiniAODv2/QCD_Pt-15To20_MuEnrichedPt5_TuneCP5_13TeV-pythia8/MINIAODSIM/106X_mcRun2_asymptotic_v17-v2/280000/E444892D-47E6-5F4C-9A8C-30C2FF29DFA2.root
11-Jan-2024 22:43:10 CET  Initiating request to open file root://cmsxrootd.fnal.gov//store/mc/RunIISummer20UL16MiniAODv2/QCD_Pt-15To20_MuEnrichedPt5_TuneCP5_13TeV-pythia8/MINIAODSIM/106X_mcRun2_asymptotic_v17-v2/280000/F274A850-31F7-1949-9C2D-FBB1E94AFDC5.root
%MSG-w XrdAdaptor:  file_open 11-Jan-2024 22:43:12 CET PostProcessEvent
Data is served from fnal.gov instead of original site US-Regional-Nebraska
%MSG
11-Jan-2024 22:43:12 CET  Successfully opened file root://cmsxrootd.fnal.gov//store/mc/RunIISummer20UL16MiniAODv2/QCD_Pt-15To20_MuEnrichedPt5_TuneCP5_13TeV-pythia8/MINIAODSIM/106X_mcRun2_asymptotic_v17-v2/280000/F274A850-31F7-1949-9C2D-FBB1E94AFDC5.root
Begin processing the 1900001st record. Run 1, Event 1333485166, LumiSection 4534 on stream 0 at 11-Jan-2024 22:43:19.424 CET
11-Jan-2024 22:43:21 CET  Closed file root://cmsxrootd.fnal.gov//store/mc/RunIISummer20UL16MiniAODv2/QCD_Pt-15To20_MuEnrichedPt5_TuneCP5_13TeV-pythia8/MINIAODSIM/106X_mcRun2_asymptotic_v17-v2/280000/F274A850-31F7-1949-9C2D-FBB1E94AFDC5.root
11-Jan-2024 22:43:21 CET  Initiating request to open file root://cmsxrootd.fnal.gov//store/mc/RunIISummer20UL16MiniAODv2/QCD_Pt-15To20_MuEnrichedPt5_TuneCP5_13TeV-pythia8/MINIAODSIM/106X_mcRun2_asymptotic_v17-v2/280000/86AED974-F311-BF45-9EAC-FE25FBB8DEF3.root
%MSG-w XrdAdaptor:  file_open 11-Jan-2024 22:43:23 CET PostProcessEvent
Data is served from fnal.gov instead of original site US-Regional-Nebraska
%MSG
11-Jan-2024 22:43:24 CET  Successfully opened file root://cmsxrootd.fnal.gov//store/mc/RunIISummer20UL16MiniAODv2/QCD_Pt-15To20_MuEnrichedPt5_TuneCP5_13TeV-pythia8/MINIAODSIM/106X_mcRun2_asymptotic_v17-v2/280000/86AED974-F311-BF45-9EAC-FE25FBB8DEF3.root
Begin processing the 2000001st record. Run 1, Event 1346742893, LumiSection 4579 on stream 0 at 11-Jan-2024 22:43:31.173 CET
11-Jan-2024 22:43:32 CET  Closed file root://cmsxrootd.fnal.gov//store/mc/RunIISummer20UL16MiniAODv2/QCD_Pt-15To20_MuEnrichedPt5_TuneCP5_13TeV-pythia8/MINIAODSIM/106X_mcRun2_asymptotic_v17-v2/280000/86AED974-F311-BF45-9EAC-FE25FBB8DEF3.root
11-Jan-2024 22:43:32 CET  Initiating request to open file root://cmsxrootd.fnal.gov//store/mc/RunIISummer20UL16MiniAODv2/QCD_Pt-15To20_MuEnrichedPt5_TuneCP5_13TeV-pythia8/MINIAODSIM/106X_mcRun2_asymptotic_v17-v2/270000/CBDD9285-9D22-194B-A79B-99FD675DAE11.root
%MSG-w XrdAdaptor:  file_open 11-Jan-2024 22:43:34 CET PostProcessEvent
Data is served from fnal.gov instead of original site US-Regional-Nebraska
%MSG
11-Jan-2024 22:43:35 CET  Successfully opened file root://cmsxrootd.fnal.gov//store/mc/RunIISummer20UL16MiniAODv2/QCD_Pt-15To20_MuEnrichedPt5_TuneCP5_13TeV-pythia8/MINIAODSIM/106X_mcRun2_asymptotic_v17-v2/270000/CBDD9285-9D22-194B-A79B-99FD675DAE11.root
11-Jan-2024 22:43:41 CET  Closed file root://cmsxrootd.fnal.gov//store/mc/RunIISummer20UL16MiniAODv2/QCD_Pt-15To20_MuEnrichedPt5_TuneCP5_13TeV-pythia8/MINIAODSIM/106X_mcRun2_asymptotic_v17-v2/270000/CBDD9285-9D22-194B-A79B-99FD675DAE11.root
11-Jan-2024 22:43:41 CET  Initiating request to open file root://cmsxrootd.fnal.gov//store/mc/RunIISummer20UL16MiniAODv2/QCD_Pt-15To20_MuEnrichedPt5_TuneCP5_13TeV-pythia8/MINIAODSIM/106X_mcRun2_asymptotic_v17-v2/270000/D99F1824-B328-4440-827A-EC4C80396A4A.root
%MSG-w XrdAdaptor:  file_open 11-Jan-2024 22:43:45 CET PostProcessEvent
Data is served from T2_US_MIT instead of original site US-Regional-Nebraska
%MSG
11-Jan-2024 22:43:45 CET  Successfully opened file root://cmsxrootd.fnal.gov//store/mc/RunIISummer20UL16MiniAODv2/QCD_Pt-15To20_MuEnrichedPt5_TuneCP5_13TeV-pythia8/MINIAODSIM/106X_mcRun2_asymptotic_v17-v2/270000/D99F1824-B328-4440-827A-EC4C80396A4A.root
Begin processing the 2100001st record. Run 1, Event 932394352, LumiSection 3171 on stream 0 at 11-Jan-2024 22:43:52.277 CET
11-Jan-2024 22:43:55 CET  Closed file root://cmsxrootd.fnal.gov//store/mc/RunIISummer20UL16MiniAODv2/QCD_Pt-15To20_MuEnrichedPt5_TuneCP5_13TeV-pythia8/MINIAODSIM/106X_mcRun2_asymptotic_v17-v2/270000/D99F1824-B328-4440-827A-EC4C80396A4A.root
11-Jan-2024 22:43:55 CET  Initiating request to open file root://cmsxrootd.fnal.gov//store/mc/RunIISummer20UL16MiniAODv2/QCD_Pt-15To20_MuEnrichedPt5_TuneCP5_13TeV-pythia8/MINIAODSIM/106X_mcRun2_asymptotic_v17-v2/270000/8BF83664-1145-6F44-BDDF-5D5C944C4D24.root
%MSG-w XrdAdaptor:  file_open 11-Jan-2024 22:43:58 CET PostProcessEvent
Data is served from T2_US_MIT instead of original site US-Regional-Nebraska
%MSG
11-Jan-2024 22:43:58 CET  Successfully opened file root://cmsxrootd.fnal.gov//store/mc/RunIISummer20UL16MiniAODv2/QCD_Pt-15To20_MuEnrichedPt5_TuneCP5_13TeV-pythia8/MINIAODSIM/106X_mcRun2_asymptotic_v17-v2/270000/8BF83664-1145-6F44-BDDF-5D5C944C4D24.root
Begin processing the 2200001st record. Run 1, Event 1115093035, LumiSection 3792 on stream 0 at 11-Jan-2024 22:44:05.903 CET
Begin processing the 2300001st record. Run 1, Event 885387050, LumiSection 3011 on stream 0 at 11-Jan-2024 22:44:09.001 CET
11-Jan-2024 22:44:09 CET  Closed file root://cmsxrootd.fnal.gov//store/mc/RunIISummer20UL16MiniAODv2/QCD_Pt-15To20_MuEnrichedPt5_TuneCP5_13TeV-pythia8/MINIAODSIM/106X_mcRun2_asymptotic_v17-v2/270000/8BF83664-1145-6F44-BDDF-5D5C944C4D24.root
11-Jan-2024 22:44:09 CET  Initiating request to open file root://cmsxrootd.fnal.gov//store/mc/RunIISummer20UL16MiniAODv2/QCD_Pt-15To20_MuEnrichedPt5_TuneCP5_13TeV-pythia8/MINIAODSIM/106X_mcRun2_asymptotic_v17-v2/270000/9A4C2A52-C3B7-004A-8C6B-1FC67F9F3C64.root
%MSG-w XrdAdaptor:  file_open 11-Jan-2024 22:44:12 CET PostProcessEvent
Data is served from T2_US_MIT instead of original site US-Regional-Nebraska
%MSG
11-Jan-2024 22:44:13 CET  Successfully opened file root://cmsxrootd.fnal.gov//store/mc/RunIISummer20UL16MiniAODv2/QCD_Pt-15To20_MuEnrichedPt5_TuneCP5_13TeV-pythia8/MINIAODSIM/106X_mcRun2_asymptotic_v17-v2/270000/9A4C2A52-C3B7-004A-8C6B-1FC67F9F3C64.root
11-Jan-2024 22:44:28 CET  Closed file root://cmsxrootd.fnal.gov//store/mc/RunIISummer20UL16MiniAODv2/QCD_Pt-15To20_MuEnrichedPt5_TuneCP5_13TeV-pythia8/MINIAODSIM/106X_mcRun2_asymptotic_v17-v2/270000/9A4C2A52-C3B7-004A-8C6B-1FC67F9F3C64.root
11-Jan-2024 22:44:28 CET  Initiating request to open file root://cmsxrootd.fnal.gov//store/mc/RunIISummer20UL16MiniAODv2/QCD_Pt-15To20_MuEnrichedPt5_TuneCP5_13TeV-pythia8/MINIAODSIM/106X_mcRun2_asymptotic_v17-v2/120000/99FF4A0E-D27F-E74C-891B-1A965EE691D2.root
%MSG-w XrdAdaptor:  file_open 11-Jan-2024 22:44:31 CET PostProcessEvent
Data is served from T2_US_MIT instead of original site US-Regional-Nebraska
%MSG
11-Jan-2024 22:44:31 CET  Successfully opened file root://cmsxrootd.fnal.gov//store/mc/RunIISummer20UL16MiniAODv2/QCD_Pt-15To20_MuEnrichedPt5_TuneCP5_13TeV-pythia8/MINIAODSIM/106X_mcRun2_asymptotic_v17-v2/120000/99FF4A0E-D27F-E74C-891B-1A965EE691D2.root
11-Jan-2024 22:44:35 CET  Closed file root://cmsxrootd.fnal.gov//store/mc/RunIISummer20UL16MiniAODv2/QCD_Pt-15To20_MuEnrichedPt5_TuneCP5_13TeV-pythia8/MINIAODSIM/106X_mcRun2_asymptotic_v17-v2/120000/99FF4A0E-D27F-E74C-891B-1A965EE691D2.root
11-Jan-2024 22:44:35 CET  Initiating request to open file root://cmsxrootd.fnal.gov//store/mc/RunIISummer20UL16MiniAODv2/QCD_Pt-15To20_MuEnrichedPt5_TuneCP5_13TeV-pythia8/MINIAODSIM/106X_mcRun2_asymptotic_v17-v2/130000/B76B4247-FB7D-804C-B857-2F3FBB87726A.root
%MSG-w XrdAdaptor:  file_open 11-Jan-2024 22:44:39 CET PostProcessEvent
Data is served from T2_US_Caltech instead of original site US-Regional-Nebraska
%MSG
11-Jan-2024 22:44:40 CET  Successfully opened file root://cmsxrootd.fnal.gov//store/mc/RunIISummer20UL16MiniAODv2/QCD_Pt-15To20_MuEnrichedPt5_TuneCP5_13TeV-pythia8/MINIAODSIM/106X_mcRun2_asymptotic_v17-v2/130000/B76B4247-FB7D-804C-B857-2F3FBB87726A.root
11-Jan-2024 22:44:47 CET  Closed file root://cmsxrootd.fnal.gov//store/mc/RunIISummer20UL16MiniAODv2/QCD_Pt-15To20_MuEnrichedPt5_TuneCP5_13TeV-pythia8/MINIAODSIM/106X_mcRun2_asymptotic_v17-v2/130000/B76B4247-FB7D-804C-B857-2F3FBB87726A.root
11-Jan-2024 22:44:47 CET  Initiating request to open file root://cmsxrootd.fnal.gov//store/mc/RunIISummer20UL16MiniAODv2/QCD_Pt-15To20_MuEnrichedPt5_TuneCP5_13TeV-pythia8/MINIAODSIM/106X_mcRun2_asymptotic_v17-v2/280000/2C58DFED-F34E-B54A-B02E-8B77DB355820.root
%MSG-w XrdAdaptor:  file_open 11-Jan-2024 22:44:49 CET PostProcessEvent
Data is served from fnal.gov instead of original site US-Regional-Nebraska
%MSG
11-Jan-2024 22:44:49 CET  Successfully opened file root://cmsxrootd.fnal.gov//store/mc/RunIISummer20UL16MiniAODv2/QCD_Pt-15To20_MuEnrichedPt5_TuneCP5_13TeV-pythia8/MINIAODSIM/106X_mcRun2_asymptotic_v17-v2/280000/2C58DFED-F34E-B54A-B02E-8B77DB355820.root
Begin processing the 2400001st record. Run 1, Event 843393762, LumiSection 2868 on stream 0 at 11-Jan-2024 22:44:54.268 CET
11-Jan-2024 22:44:54 CET  Closed file root://cmsxrootd.fnal.gov//store/mc/RunIISummer20UL16MiniAODv2/QCD_Pt-15To20_MuEnrichedPt5_TuneCP5_13TeV-pythia8/MINIAODSIM/106X_mcRun2_asymptotic_v17-v2/280000/2C58DFED-F34E-B54A-B02E-8B77DB355820.root
11-Jan-2024 22:44:54 CET  Initiating request to open file root://cmsxrootd.fnal.gov//store/mc/RunIISummer20UL16MiniAODv2/QCD_Pt-15To20_MuEnrichedPt5_TuneCP5_13TeV-pythia8/MINIAODSIM/106X_mcRun2_asymptotic_v17-v2/270000/B5011946-2F30-C442-9AFC-8B611CFBEF1F.root
%MSG-w XrdAdaptor:  file_open 11-Jan-2024 22:44:56 CET PostProcessEvent
Data is served from T2_US_MIT instead of original site US-Regional-Nebraska
%MSG
11-Jan-2024 22:44:57 CET  Successfully opened file root://cmsxrootd.fnal.gov//store/mc/RunIISummer20UL16MiniAODv2/QCD_Pt-15To20_MuEnrichedPt5_TuneCP5_13TeV-pythia8/MINIAODSIM/106X_mcRun2_asymptotic_v17-v2/270000/B5011946-2F30-C442-9AFC-8B611CFBEF1F.root
Begin processing the 2500001st record. Run 1, Event 1159548672, LumiSection 3943 on stream 0 at 11-Jan-2024 22:45:06.930 CET
11-Jan-2024 22:45:07 CET  Closed file root://cmsxrootd.fnal.gov//store/mc/RunIISummer20UL16MiniAODv2/QCD_Pt-15To20_MuEnrichedPt5_TuneCP5_13TeV-pythia8/MINIAODSIM/106X_mcRun2_asymptotic_v17-v2/270000/B5011946-2F30-C442-9AFC-8B611CFBEF1F.root
11-Jan-2024 22:45:07 CET  Initiating request to open file root://cmsxrootd.fnal.gov//store/mc/RunIISummer20UL16MiniAODv2/QCD_Pt-15To20_MuEnrichedPt5_TuneCP5_13TeV-pythia8/MINIAODSIM/106X_mcRun2_asymptotic_v17-v2/270000/7DDFF725-0EC6-2648-9AE2-7580C1C8184F.root
%MSG-w XrdAdaptor:  file_open 11-Jan-2024 22:45:10 CET PostProcessEvent
Data is served from T2_US_MIT instead of original site US-Regional-Nebraska
%MSG
11-Jan-2024 22:45:10 CET  Successfully opened file root://cmsxrootd.fnal.gov//store/mc/RunIISummer20UL16MiniAODv2/QCD_Pt-15To20_MuEnrichedPt5_TuneCP5_13TeV-pythia8/MINIAODSIM/106X_mcRun2_asymptotic_v17-v2/270000/7DDFF725-0EC6-2648-9AE2-7580C1C8184F.root
11-Jan-2024 22:45:17 CET  Closed file root://cmsxrootd.fnal.gov//store/mc/RunIISummer20UL16MiniAODv2/QCD_Pt-15To20_MuEnrichedPt5_TuneCP5_13TeV-pythia8/MINIAODSIM/106X_mcRun2_asymptotic_v17-v2/270000/7DDFF725-0EC6-2648-9AE2-7580C1C8184F.root
11-Jan-2024 22:45:17 CET  Initiating request to open file root://cmsxrootd.fnal.gov//store/mc/RunIISummer20UL16MiniAODv2/QCD_Pt-15To20_MuEnrichedPt5_TuneCP5_13TeV-pythia8/MINIAODSIM/106X_mcRun2_asymptotic_v17-v2/120000/A74A1165-9364-F940-8A1C-190B2E6D4D51.root
%MSG-w XrdAdaptor:  file_open 11-Jan-2024 22:45:21 CET PostProcessEvent
Data is served from cms.rcac.purdue.edu instead of original site US-Regional-Nebraska
%MSG
11-Jan-2024 22:45:21 CET  Successfully opened file root://cmsxrootd.fnal.gov//store/mc/RunIISummer20UL16MiniAODv2/QCD_Pt-15To20_MuEnrichedPt5_TuneCP5_13TeV-pythia8/MINIAODSIM/106X_mcRun2_asymptotic_v17-v2/120000/A74A1165-9364-F940-8A1C-190B2E6D4D51.root
11-Jan-2024 22:45:26 CET  Closed file root://cmsxrootd.fnal.gov//store/mc/RunIISummer20UL16MiniAODv2/QCD_Pt-15To20_MuEnrichedPt5_TuneCP5_13TeV-pythia8/MINIAODSIM/106X_mcRun2_asymptotic_v17-v2/120000/A74A1165-9364-F940-8A1C-190B2E6D4D51.root
11-Jan-2024 22:45:26 CET  Initiating request to open file root://cmsxrootd.fnal.gov//store/mc/RunIISummer20UL16MiniAODv2/QCD_Pt-15To20_MuEnrichedPt5_TuneCP5_13TeV-pythia8/MINIAODSIM/106X_mcRun2_asymptotic_v17-v2/270000/4FD2FDD8-AADD-8D4E-A45D-24A827417F79.root
%MSG-w XrdAdaptor:  file_open 11-Jan-2024 22:45:29 CET PostProcessEvent
Data is served from T2_US_MIT instead of original site US-Regional-Nebraska
%MSG
11-Jan-2024 22:45:29 CET  Successfully opened file root://cmsxrootd.fnal.gov//store/mc/RunIISummer20UL16MiniAODv2/QCD_Pt-15To20_MuEnrichedPt5_TuneCP5_13TeV-pythia8/MINIAODSIM/106X_mcRun2_asymptotic_v17-v2/270000/4FD2FDD8-AADD-8D4E-A45D-24A827417F79.root
Begin processing the 2600001st record. Run 1, Event 1351005109, LumiSection 4594 on stream 0 at 11-Jan-2024 22:45:35.463 CET
11-Jan-2024 22:45:35 CET  Closed file root://cmsxrootd.fnal.gov//store/mc/RunIISummer20UL16MiniAODv2/QCD_Pt-15To20_MuEnrichedPt5_TuneCP5_13TeV-pythia8/MINIAODSIM/106X_mcRun2_asymptotic_v17-v2/270000/4FD2FDD8-AADD-8D4E-A45D-24A827417F79.root
11-Jan-2024 22:45:35 CET  Initiating request to open file root://cmsxrootd.fnal.gov//store/mc/RunIISummer20UL16MiniAODv2/QCD_Pt-15To20_MuEnrichedPt5_TuneCP5_13TeV-pythia8/MINIAODSIM/106X_mcRun2_asymptotic_v17-v2/270000/36203379-92D9-AF4F-8426-451AEEDAFFA2.root
%MSG-w XrdAdaptor:  file_open 11-Jan-2024 22:45:37 CET PostProcessEvent
Data is served from fnal.gov instead of original site US-Regional-Nebraska
%MSG
11-Jan-2024 22:45:38 CET  Successfully opened file root://cmsxrootd.fnal.gov//store/mc/RunIISummer20UL16MiniAODv2/QCD_Pt-15To20_MuEnrichedPt5_TuneCP5_13TeV-pythia8/MINIAODSIM/106X_mcRun2_asymptotic_v17-v2/270000/36203379-92D9-AF4F-8426-451AEEDAFFA2.root
Begin processing the 2700001st record. Run 1, Event 452232423, LumiSection 1538 on stream 0 at 11-Jan-2024 22:45:48.304 CET
11-Jan-2024 22:45:49 CET  Closed file root://cmsxrootd.fnal.gov//store/mc/RunIISummer20UL16MiniAODv2/QCD_Pt-15To20_MuEnrichedPt5_TuneCP5_13TeV-pythia8/MINIAODSIM/106X_mcRun2_asymptotic_v17-v2/270000/36203379-92D9-AF4F-8426-451AEEDAFFA2.root
11-Jan-2024 22:45:49 CET  Initiating request to open file root://cmsxrootd.fnal.gov//store/mc/RunIISummer20UL16MiniAODv2/QCD_Pt-15To20_MuEnrichedPt5_TuneCP5_13TeV-pythia8/MINIAODSIM/106X_mcRun2_asymptotic_v17-v2/2430000/ABFD39BD-4786-BB47-95AE-F5A79DEF20BE.root
%MSG-w XrdAdaptor:  file_open 11-Jan-2024 22:45:51 CET PostProcessEvent
Data is served from fnal.gov instead of original site US-Regional-Nebraska
%MSG
11-Jan-2024 22:45:51 CET  Successfully opened file root://cmsxrootd.fnal.gov//store/mc/RunIISummer20UL16MiniAODv2/QCD_Pt-15To20_MuEnrichedPt5_TuneCP5_13TeV-pythia8/MINIAODSIM/106X_mcRun2_asymptotic_v17-v2/2430000/ABFD39BD-4786-BB47-95AE-F5A79DEF20BE.root
11-Jan-2024 22:45:57 CET  Closed file root://cmsxrootd.fnal.gov//store/mc/RunIISummer20UL16MiniAODv2/QCD_Pt-15To20_MuEnrichedPt5_TuneCP5_13TeV-pythia8/MINIAODSIM/106X_mcRun2_asymptotic_v17-v2/2430000/ABFD39BD-4786-BB47-95AE-F5A79DEF20BE.root
11-Jan-2024 22:45:57 CET  Initiating request to open file root://cmsxrootd.fnal.gov//store/mc/RunIISummer20UL16MiniAODv2/QCD_Pt-15To20_MuEnrichedPt5_TuneCP5_13TeV-pythia8/MINIAODSIM/106X_mcRun2_asymptotic_v17-v2/230000/02E88612-E2C8-DB42-A9B9-7AFAD549A96B.root
%MSG-w XrdAdaptor:  file_open 11-Jan-2024 22:45:59 CET PostProcessEvent
Data is served from fnal.gov instead of original site US-Regional-Nebraska
%MSG
11-Jan-2024 22:46:00 CET  Successfully opened file root://cmsxrootd.fnal.gov//store/mc/RunIISummer20UL16MiniAODv2/QCD_Pt-15To20_MuEnrichedPt5_TuneCP5_13TeV-pythia8/MINIAODSIM/106X_mcRun2_asymptotic_v17-v2/230000/02E88612-E2C8-DB42-A9B9-7AFAD549A96B.root
Begin processing the 2800001st record. Run 1, Event 453605401, LumiSection 1543 on stream 0 at 11-Jan-2024 22:46:06.142 CET
11-Jan-2024 22:46:06 CET  Closed file root://cmsxrootd.fnal.gov//store/mc/RunIISummer20UL16MiniAODv2/QCD_Pt-15To20_MuEnrichedPt5_TuneCP5_13TeV-pythia8/MINIAODSIM/106X_mcRun2_asymptotic_v17-v2/230000/02E88612-E2C8-DB42-A9B9-7AFAD549A96B.root
11-Jan-2024 22:46:06 CET  Initiating request to open file root://cmsxrootd.fnal.gov//store/mc/RunIISummer20UL16MiniAODv2/QCD_Pt-15To20_MuEnrichedPt5_TuneCP5_13TeV-pythia8/MINIAODSIM/106X_mcRun2_asymptotic_v17-v2/2430000/D3B8072B-1E79-0344-9D42-BB2A157FACAC.root
%MSG-w XrdAdaptor:  file_open 11-Jan-2024 22:46:07 CET PostProcessEvent
Data is served from fnal.gov instead of original site US-Regional-Nebraska
%MSG
11-Jan-2024 22:46:08 CET  Successfully opened file root://cmsxrootd.fnal.gov//store/mc/RunIISummer20UL16MiniAODv2/QCD_Pt-15To20_MuEnrichedPt5_TuneCP5_13TeV-pythia8/MINIAODSIM/106X_mcRun2_asymptotic_v17-v2/2430000/D3B8072B-1E79-0344-9D42-BB2A157FACAC.root
11-Jan-2024 22:46:17 CET  Closed file root://cmsxrootd.fnal.gov//store/mc/RunIISummer20UL16MiniAODv2/QCD_Pt-15To20_MuEnrichedPt5_TuneCP5_13TeV-pythia8/MINIAODSIM/106X_mcRun2_asymptotic_v17-v2/2430000/D3B8072B-1E79-0344-9D42-BB2A157FACAC.root
11-Jan-2024 22:46:17 CET  Initiating request to open file root://cmsxrootd.fnal.gov//store/mc/RunIISummer20UL16MiniAODv2/QCD_Pt-15To20_MuEnrichedPt5_TuneCP5_13TeV-pythia8/MINIAODSIM/106X_mcRun2_asymptotic_v17-v2/2430000/46412DB9-47C5-AB4B-A997-A6A182B61EBE.root
%MSG-w XrdAdaptor:  file_open 11-Jan-2024 22:46:19 CET PostProcessEvent
Data is served from fnal.gov instead of original site US-Regional-Nebraska
%MSG
11-Jan-2024 22:46:19 CET  Successfully opened file root://cmsxrootd.fnal.gov//store/mc/RunIISummer20UL16MiniAODv2/QCD_Pt-15To20_MuEnrichedPt5_TuneCP5_13TeV-pythia8/MINIAODSIM/106X_mcRun2_asymptotic_v17-v2/2430000/46412DB9-47C5-AB4B-A997-A6A182B61EBE.root
Begin processing the 2900001st record. Run 1, Event 1265583432, LumiSection 4303 on stream 0 at 11-Jan-2024 22:46:25.308 CET
11-Jan-2024 22:46:28 CET  Closed file root://cmsxrootd.fnal.gov//store/mc/RunIISummer20UL16MiniAODv2/QCD_Pt-15To20_MuEnrichedPt5_TuneCP5_13TeV-pythia8/MINIAODSIM/106X_mcRun2_asymptotic_v17-v2/2430000/46412DB9-47C5-AB4B-A997-A6A182B61EBE.root
11-Jan-2024 22:46:28 CET  Initiating request to open file root://cmsxrootd.fnal.gov//store/mc/RunIISummer20UL16MiniAODv2/QCD_Pt-15To20_MuEnrichedPt5_TuneCP5_13TeV-pythia8/MINIAODSIM/106X_mcRun2_asymptotic_v17-v2/2430000/BC97EEAB-8559-2541-A750-7CD88B2A717A.root
%MSG-w XrdAdaptor:  file_open 11-Jan-2024 22:46:30 CET PostProcessEvent
Data is served from fnal.gov instead of original site US-Regional-Nebraska
%MSG
11-Jan-2024 22:46:30 CET  Successfully opened file root://cmsxrootd.fnal.gov//store/mc/RunIISummer20UL16MiniAODv2/QCD_Pt-15To20_MuEnrichedPt5_TuneCP5_13TeV-pythia8/MINIAODSIM/106X_mcRun2_asymptotic_v17-v2/2430000/BC97EEAB-8559-2541-A750-7CD88B2A717A.root
Begin processing the 3000001st record. Run 1, Event 444124602, LumiSection 1511 on stream 0 at 11-Jan-2024 22:46:36.756 CET
11-Jan-2024 22:46:39 CET  Closed file root://cmsxrootd.fnal.gov//store/mc/RunIISummer20UL16MiniAODv2/QCD_Pt-15To20_MuEnrichedPt5_TuneCP5_13TeV-pythia8/MINIAODSIM/106X_mcRun2_asymptotic_v17-v2/2430000/BC97EEAB-8559-2541-A750-7CD88B2A717A.root
11-Jan-2024 22:46:39 CET  Initiating request to open file root://cmsxrootd.fnal.gov//store/mc/RunIISummer20UL16MiniAODv2/QCD_Pt-15To20_MuEnrichedPt5_TuneCP5_13TeV-pythia8/MINIAODSIM/106X_mcRun2_asymptotic_v17-v2/2430000/11294D36-F374-0A44-BDC6-FFFA3F177FB0.root
%MSG-w XrdAdaptor:  file_open 11-Jan-2024 22:46:41 CET PostProcessEvent
Data is served from fnal.gov instead of original site US-Regional-Nebraska
%MSG
11-Jan-2024 22:46:42 CET  Successfully opened file root://cmsxrootd.fnal.gov//store/mc/RunIISummer20UL16MiniAODv2/QCD_Pt-15To20_MuEnrichedPt5_TuneCP5_13TeV-pythia8/MINIAODSIM/106X_mcRun2_asymptotic_v17-v2/2430000/11294D36-F374-0A44-BDC6-FFFA3F177FB0.root
Begin processing the 3100001st record. Run 1, Event 369255148, LumiSection 1256 on stream 0 at 11-Jan-2024 22:46:48.903 CET
11-Jan-2024 22:46:51 CET  Closed file root://cmsxrootd.fnal.gov//store/mc/RunIISummer20UL16MiniAODv2/QCD_Pt-15To20_MuEnrichedPt5_TuneCP5_13TeV-pythia8/MINIAODSIM/106X_mcRun2_asymptotic_v17-v2/2430000/11294D36-F374-0A44-BDC6-FFFA3F177FB0.root
11-Jan-2024 22:46:51 CET  Initiating request to open file root://cmsxrootd.fnal.gov//store/mc/RunIISummer20UL16MiniAODv2/QCD_Pt-15To20_MuEnrichedPt5_TuneCP5_13TeV-pythia8/MINIAODSIM/106X_mcRun2_asymptotic_v17-v2/2430000/022815B0-1682-0242-8AEA-C0A1B3BB41B9.root
%MSG-w XrdAdaptor:  file_open 11-Jan-2024 22:46:53 CET PostProcessEvent
Data is served from fnal.gov instead of original site US-Regional-Nebraska
%MSG
11-Jan-2024 22:46:53 CET  Successfully opened file root://cmsxrootd.fnal.gov//store/mc/RunIISummer20UL16MiniAODv2/QCD_Pt-15To20_MuEnrichedPt5_TuneCP5_13TeV-pythia8/MINIAODSIM/106X_mcRun2_asymptotic_v17-v2/2430000/022815B0-1682-0242-8AEA-C0A1B3BB41B9.root
Begin processing the 3200001st record. Run 1, Event 481786739, LumiSection 1639 on stream 0 at 11-Jan-2024 22:47:00.417 CET
11-Jan-2024 22:47:02 CET  Closed file root://cmsxrootd.fnal.gov//store/mc/RunIISummer20UL16MiniAODv2/QCD_Pt-15To20_MuEnrichedPt5_TuneCP5_13TeV-pythia8/MINIAODSIM/106X_mcRun2_asymptotic_v17-v2/2430000/022815B0-1682-0242-8AEA-C0A1B3BB41B9.root
11-Jan-2024 22:47:02 CET  Initiating request to open file root://cmsxrootd.fnal.gov//store/mc/RunIISummer20UL16MiniAODv2/QCD_Pt-15To20_MuEnrichedPt5_TuneCP5_13TeV-pythia8/MINIAODSIM/106X_mcRun2_asymptotic_v17-v2/2430000/839DFB75-3790-9D4C-AC37-11714B7FB8A7.root
%MSG-w XrdAdaptor:  file_open 11-Jan-2024 22:47:04 CET PostProcessEvent
Data is served from fnal.gov instead of original site US-Regional-Nebraska
%MSG
11-Jan-2024 22:47:04 CET  Successfully opened file root://cmsxrootd.fnal.gov//store/mc/RunIISummer20UL16MiniAODv2/QCD_Pt-15To20_MuEnrichedPt5_TuneCP5_13TeV-pythia8/MINIAODSIM/106X_mcRun2_asymptotic_v17-v2/2430000/839DFB75-3790-9D4C-AC37-11714B7FB8A7.root
Begin processing the 3300001st record. Run 1, Event 593846653, LumiSection 2020 on stream 0 at 11-Jan-2024 22:47:11.883 CET
11-Jan-2024 22:47:13 CET  Closed file root://cmsxrootd.fnal.gov//store/mc/RunIISummer20UL16MiniAODv2/QCD_Pt-15To20_MuEnrichedPt5_TuneCP5_13TeV-pythia8/MINIAODSIM/106X_mcRun2_asymptotic_v17-v2/2430000/839DFB75-3790-9D4C-AC37-11714B7FB8A7.root
11-Jan-2024 22:47:13 CET  Initiating request to open file root://cmsxrootd.fnal.gov//store/mc/RunIISummer20UL16MiniAODv2/QCD_Pt-15To20_MuEnrichedPt5_TuneCP5_13TeV-pythia8/MINIAODSIM/106X_mcRun2_asymptotic_v17-v2/2430000/28429A51-E776-D64B-B9CF-E8C757F464EF.root
%MSG-w XrdAdaptor:  file_open 11-Jan-2024 22:47:15 CET PostProcessEvent
Data is served from fnal.gov instead of original site US-Regional-Nebraska
%MSG
11-Jan-2024 22:47:16 CET  Successfully opened file root://cmsxrootd.fnal.gov//store/mc/RunIISummer20UL16MiniAODv2/QCD_Pt-15To20_MuEnrichedPt5_TuneCP5_13TeV-pythia8/MINIAODSIM/106X_mcRun2_asymptotic_v17-v2/2430000/28429A51-E776-D64B-B9CF-E8C757F464EF.root
Begin processing the 3400001st record. Run 1, Event 725373884, LumiSection 2467 on stream 0 at 11-Jan-2024 22:47:23.471 CET
11-Jan-2024 22:47:24 CET  Closed file root://cmsxrootd.fnal.gov//store/mc/RunIISummer20UL16MiniAODv2/QCD_Pt-15To20_MuEnrichedPt5_TuneCP5_13TeV-pythia8/MINIAODSIM/106X_mcRun2_asymptotic_v17-v2/2430000/28429A51-E776-D64B-B9CF-E8C757F464EF.root
11-Jan-2024 22:47:24 CET  Initiating request to open file root://cmsxrootd.fnal.gov//store/mc/RunIISummer20UL16MiniAODv2/QCD_Pt-15To20_MuEnrichedPt5_TuneCP5_13TeV-pythia8/MINIAODSIM/106X_mcRun2_asymptotic_v17-v2/2430000/0AFD3BE6-8E5E-0847-A514-E6131D2756BD.root
%MSG-w XrdAdaptor:  file_open 11-Jan-2024 22:47:26 CET PostProcessEvent
Data is served from fnal.gov instead of original site US-Regional-Nebraska
%MSG
11-Jan-2024 22:47:27 CET  Successfully opened file root://cmsxrootd.fnal.gov//store/mc/RunIISummer20UL16MiniAODv2/QCD_Pt-15To20_MuEnrichedPt5_TuneCP5_13TeV-pythia8/MINIAODSIM/106X_mcRun2_asymptotic_v17-v2/2430000/0AFD3BE6-8E5E-0847-A514-E6131D2756BD.root
Begin processing the 3500001st record. Run 1, Event 606883183, LumiSection 2064 on stream 0 at 11-Jan-2024 22:47:35.308 CET
11-Jan-2024 22:47:37 CET  Closed file root://cmsxrootd.fnal.gov//store/mc/RunIISummer20UL16MiniAODv2/QCD_Pt-15To20_MuEnrichedPt5_TuneCP5_13TeV-pythia8/MINIAODSIM/106X_mcRun2_asymptotic_v17-v2/2430000/0AFD3BE6-8E5E-0847-A514-E6131D2756BD.root
11-Jan-2024 22:47:37 CET  Initiating request to open file root://cmsxrootd.fnal.gov//store/mc/RunIISummer20UL16MiniAODv2/QCD_Pt-15To20_MuEnrichedPt5_TuneCP5_13TeV-pythia8/MINIAODSIM/106X_mcRun2_asymptotic_v17-v2/2430000/7FA6AC9C-5AC9-424C-AC6D-42C59CB60B59.root
%MSG-w XrdAdaptor:  file_open 11-Jan-2024 22:47:39 CET PostProcessEvent
Data is served from fnal.gov instead of original site US-Regional-Nebraska
%MSG
11-Jan-2024 22:47:40 CET  Successfully opened file root://cmsxrootd.fnal.gov//store/mc/RunIISummer20UL16MiniAODv2/QCD_Pt-15To20_MuEnrichedPt5_TuneCP5_13TeV-pythia8/MINIAODSIM/106X_mcRun2_asymptotic_v17-v2/2430000/7FA6AC9C-5AC9-424C-AC6D-42C59CB60B59.root
Begin processing the 3600001st record. Run 1, Event 735021809, LumiSection 2500 on stream 0 at 11-Jan-2024 22:47:48.681 CET
11-Jan-2024 22:47:50 CET  Closed file root://cmsxrootd.fnal.gov//store/mc/RunIISummer20UL16MiniAODv2/QCD_Pt-15To20_MuEnrichedPt5_TuneCP5_13TeV-pythia8/MINIAODSIM/106X_mcRun2_asymptotic_v17-v2/2430000/7FA6AC9C-5AC9-424C-AC6D-42C59CB60B59.root
11-Jan-2024 22:47:50 CET  Initiating request to open file root://cmsxrootd.fnal.gov//store/mc/RunIISummer20UL16MiniAODv2/QCD_Pt-15To20_MuEnrichedPt5_TuneCP5_13TeV-pythia8/MINIAODSIM/106X_mcRun2_asymptotic_v17-v2/2430000/96411757-5B18-3543-83D1-C2AA31EA6AAF.root
%MSG-w XrdAdaptor:  file_open 11-Jan-2024 22:47:52 CET PostProcessEvent
Data is served from fnal.gov instead of original site US-Regional-Nebraska
%MSG
11-Jan-2024 22:47:53 CET  Successfully opened file root://cmsxrootd.fnal.gov//store/mc/RunIISummer20UL16MiniAODv2/QCD_Pt-15To20_MuEnrichedPt5_TuneCP5_13TeV-pythia8/MINIAODSIM/106X_mcRun2_asymptotic_v17-v2/2430000/96411757-5B18-3543-83D1-C2AA31EA6AAF.root
Begin processing the 3700001st record. Run 1, Event 612863421, LumiSection 2084 on stream 0 at 11-Jan-2024 22:48:01.418 CET
11-Jan-2024 22:48:02 CET  Closed file root://cmsxrootd.fnal.gov//store/mc/RunIISummer20UL16MiniAODv2/QCD_Pt-15To20_MuEnrichedPt5_TuneCP5_13TeV-pythia8/MINIAODSIM/106X_mcRun2_asymptotic_v17-v2/2430000/96411757-5B18-3543-83D1-C2AA31EA6AAF.root
11-Jan-2024 22:48:02 CET  Initiating request to open file root://cmsxrootd.fnal.gov//store/mc/RunIISummer20UL16MiniAODv2/QCD_Pt-15To20_MuEnrichedPt5_TuneCP5_13TeV-pythia8/MINIAODSIM/106X_mcRun2_asymptotic_v17-v2/2430000/8E64CC07-0BB0-A747-9EB8-A152CE9BB54B.root
%MSG-w XrdAdaptor:  file_open 11-Jan-2024 22:48:04 CET PostProcessEvent
Data is served from fnal.gov instead of original site US-Regional-Nebraska
%MSG
11-Jan-2024 22:48:05 CET  Successfully opened file root://cmsxrootd.fnal.gov//store/mc/RunIISummer20UL16MiniAODv2/QCD_Pt-15To20_MuEnrichedPt5_TuneCP5_13TeV-pythia8/MINIAODSIM/106X_mcRun2_asymptotic_v17-v2/2430000/8E64CC07-0BB0-A747-9EB8-A152CE9BB54B.root
Begin processing the 3800001st record. Run 1, Event 696720634, LumiSection 2369 on stream 0 at 11-Jan-2024 22:48:12.788 CET
11-Jan-2024 22:48:13 CET  Closed file root://cmsxrootd.fnal.gov//store/mc/RunIISummer20UL16MiniAODv2/QCD_Pt-15To20_MuEnrichedPt5_TuneCP5_13TeV-pythia8/MINIAODSIM/106X_mcRun2_asymptotic_v17-v2/2430000/8E64CC07-0BB0-A747-9EB8-A152CE9BB54B.root
11-Jan-2024 22:48:13 CET  Initiating request to open file root://cmsxrootd.fnal.gov//store/mc/RunIISummer20UL16MiniAODv2/QCD_Pt-15To20_MuEnrichedPt5_TuneCP5_13TeV-pythia8/MINIAODSIM/106X_mcRun2_asymptotic_v17-v2/2430000/0DB57157-292D-1A45-92B9-978567E78F65.root
%MSG-w XrdAdaptor:  file_open 11-Jan-2024 22:48:15 CET PostProcessEvent
Data is served from fnal.gov instead of original site US-Regional-Nebraska
%MSG
11-Jan-2024 22:48:15 CET  Successfully opened file root://cmsxrootd.fnal.gov//store/mc/RunIISummer20UL16MiniAODv2/QCD_Pt-15To20_MuEnrichedPt5_TuneCP5_13TeV-pythia8/MINIAODSIM/106X_mcRun2_asymptotic_v17-v2/2430000/0DB57157-292D-1A45-92B9-978567E78F65.root
Begin processing the 3900001st record. Run 1, Event 427581094, LumiSection 1454 on stream 0 at 11-Jan-2024 22:48:23.948 CET
11-Jan-2024 22:48:24 CET  Closed file root://cmsxrootd.fnal.gov//store/mc/RunIISummer20UL16MiniAODv2/QCD_Pt-15To20_MuEnrichedPt5_TuneCP5_13TeV-pythia8/MINIAODSIM/106X_mcRun2_asymptotic_v17-v2/2430000/0DB57157-292D-1A45-92B9-978567E78F65.root
11-Jan-2024 22:48:24 CET  Initiating request to open file root://cmsxrootd.fnal.gov//store/mc/RunIISummer20UL16MiniAODv2/QCD_Pt-15To20_MuEnrichedPt5_TuneCP5_13TeV-pythia8/MINIAODSIM/106X_mcRun2_asymptotic_v17-v2/2430000/90D7F3C8-DE14-424B-A12C-399731994887.root
%MSG-w XrdAdaptor:  file_open 11-Jan-2024 22:48:26 CET PostProcessEvent
Data is served from fnal.gov instead of original site US-Regional-Nebraska
%MSG
11-Jan-2024 22:48:26 CET  Successfully opened file root://cmsxrootd.fnal.gov//store/mc/RunIISummer20UL16MiniAODv2/QCD_Pt-15To20_MuEnrichedPt5_TuneCP5_13TeV-pythia8/MINIAODSIM/106X_mcRun2_asymptotic_v17-v2/2430000/90D7F3C8-DE14-424B-A12C-399731994887.root
11-Jan-2024 22:48:35 CET  Closed file root://cmsxrootd.fnal.gov//store/mc/RunIISummer20UL16MiniAODv2/QCD_Pt-15To20_MuEnrichedPt5_TuneCP5_13TeV-pythia8/MINIAODSIM/106X_mcRun2_asymptotic_v17-v2/2430000/90D7F3C8-DE14-424B-A12C-399731994887.root
11-Jan-2024 22:48:35 CET  Initiating request to open file root://cmsxrootd.fnal.gov//store/mc/RunIISummer20UL16MiniAODv2/QCD_Pt-15To20_MuEnrichedPt5_TuneCP5_13TeV-pythia8/MINIAODSIM/106X_mcRun2_asymptotic_v17-v2/2430000/B93C6801-F33E-7444-828A-9BE81A06EEF4.root
%MSG-w XrdAdaptor:  file_open 11-Jan-2024 22:48:37 CET PostProcessEvent
Data is served from fnal.gov instead of original site US-Regional-Nebraska
%MSG
11-Jan-2024 22:48:38 CET  Successfully opened file root://cmsxrootd.fnal.gov//store/mc/RunIISummer20UL16MiniAODv2/QCD_Pt-15To20_MuEnrichedPt5_TuneCP5_13TeV-pythia8/MINIAODSIM/106X_mcRun2_asymptotic_v17-v2/2430000/B93C6801-F33E-7444-828A-9BE81A06EEF4.root
Begin processing the 4000001st record. Run 1, Event 533236617, LumiSection 1814 on stream 0 at 11-Jan-2024 22:48:45.022 CET
Begin processing the 4100001st record. Run 1, Event 854102179, LumiSection 2904 on stream 0 at 11-Jan-2024 22:48:48.654 CET
11-Jan-2024 22:48:49 CET  Closed file root://cmsxrootd.fnal.gov//store/mc/RunIISummer20UL16MiniAODv2/QCD_Pt-15To20_MuEnrichedPt5_TuneCP5_13TeV-pythia8/MINIAODSIM/106X_mcRun2_asymptotic_v17-v2/2430000/B93C6801-F33E-7444-828A-9BE81A06EEF4.root
11-Jan-2024 22:48:49 CET  Initiating request to open file root://cmsxrootd.fnal.gov//store/mc/RunIISummer20UL16MiniAODv2/QCD_Pt-15To20_MuEnrichedPt5_TuneCP5_13TeV-pythia8/MINIAODSIM/106X_mcRun2_asymptotic_v17-v2/2430000/7593E967-DB37-2D4A-8D2A-FF8CEEFAC5BD.root
%MSG-w XrdAdaptor:  file_open 11-Jan-2024 22:48:51 CET PostProcessEvent
Data is served from fnal.gov instead of original site US-Regional-Nebraska
%MSG
11-Jan-2024 22:48:51 CET  Successfully opened file root://cmsxrootd.fnal.gov//store/mc/RunIISummer20UL16MiniAODv2/QCD_Pt-15To20_MuEnrichedPt5_TuneCP5_13TeV-pythia8/MINIAODSIM/106X_mcRun2_asymptotic_v17-v2/2430000/7593E967-DB37-2D4A-8D2A-FF8CEEFAC5BD.root
Begin processing the 4200001st record. Run 1, Event 766864704, LumiSection 2608 on stream 0 at 11-Jan-2024 22:49:01.516 CET
11-Jan-2024 22:49:01 CET  Closed file root://cmsxrootd.fnal.gov//store/mc/RunIISummer20UL16MiniAODv2/QCD_Pt-15To20_MuEnrichedPt5_TuneCP5_13TeV-pythia8/MINIAODSIM/106X_mcRun2_asymptotic_v17-v2/2430000/7593E967-DB37-2D4A-8D2A-FF8CEEFAC5BD.root
11-Jan-2024 22:49:01 CET  Initiating request to open file root://cmsxrootd.fnal.gov//store/mc/RunIISummer20UL16MiniAODv2/QCD_Pt-15To20_MuEnrichedPt5_TuneCP5_13TeV-pythia8/MINIAODSIM/106X_mcRun2_asymptotic_v17-v2/2430000/3B466BD8-79DB-524F-A74B-1E2CA9B4B884.root
%MSG-w XrdAdaptor:  file_open 11-Jan-2024 22:49:03 CET PostProcessEvent
Data is served from fnal.gov instead of original site US-Regional-Nebraska
%MSG
11-Jan-2024 22:49:04 CET  Successfully opened file root://cmsxrootd.fnal.gov//store/mc/RunIISummer20UL16MiniAODv2/QCD_Pt-15To20_MuEnrichedPt5_TuneCP5_13TeV-pythia8/MINIAODSIM/106X_mcRun2_asymptotic_v17-v2/2430000/3B466BD8-79DB-524F-A74B-1E2CA9B4B884.root
11-Jan-2024 22:49:12 CET  Closed file root://cmsxrootd.fnal.gov//store/mc/RunIISummer20UL16MiniAODv2/QCD_Pt-15To20_MuEnrichedPt5_TuneCP5_13TeV-pythia8/MINIAODSIM/106X_mcRun2_asymptotic_v17-v2/2430000/3B466BD8-79DB-524F-A74B-1E2CA9B4B884.root
11-Jan-2024 22:49:12 CET  Initiating request to open file root://cmsxrootd.fnal.gov//store/mc/RunIISummer20UL16MiniAODv2/QCD_Pt-15To20_MuEnrichedPt5_TuneCP5_13TeV-pythia8/MINIAODSIM/106X_mcRun2_asymptotic_v17-v2/2430000/0026AF5C-895F-F342-B985-53DEB91C7609.root
%MSG-w XrdAdaptor:  file_open 11-Jan-2024 22:49:14 CET PostProcessEvent
Data is served from fnal.gov instead of original site US-Regional-Nebraska
%MSG
11-Jan-2024 22:49:15 CET  Successfully opened file root://cmsxrootd.fnal.gov//store/mc/RunIISummer20UL16MiniAODv2/QCD_Pt-15To20_MuEnrichedPt5_TuneCP5_13TeV-pythia8/MINIAODSIM/106X_mcRun2_asymptotic_v17-v2/2430000/0026AF5C-895F-F342-B985-53DEB91C7609.root
Begin processing the 4300001st record. Run 1, Event 1339674438, LumiSection 4555 on stream 0 at 11-Jan-2024 22:49:21.491 CET
11-Jan-2024 22:49:23 CET  Closed file root://cmsxrootd.fnal.gov//store/mc/RunIISummer20UL16MiniAODv2/QCD_Pt-15To20_MuEnrichedPt5_TuneCP5_13TeV-pythia8/MINIAODSIM/106X_mcRun2_asymptotic_v17-v2/2430000/0026AF5C-895F-F342-B985-53DEB91C7609.root
11-Jan-2024 22:49:23 CET  Initiating request to open file root://cmsxrootd.fnal.gov//store/mc/RunIISummer20UL16MiniAODv2/QCD_Pt-15To20_MuEnrichedPt5_TuneCP5_13TeV-pythia8/MINIAODSIM/106X_mcRun2_asymptotic_v17-v2/2430000/C161E874-A467-6245-BBC1-9F09F470E0C5.root
%MSG-w XrdAdaptor:  file_open 11-Jan-2024 22:49:25 CET PostProcessEvent
Data is served from fnal.gov instead of original site US-Regional-Nebraska
%MSG
11-Jan-2024 22:49:26 CET  Successfully opened file root://cmsxrootd.fnal.gov//store/mc/RunIISummer20UL16MiniAODv2/QCD_Pt-15To20_MuEnrichedPt5_TuneCP5_13TeV-pythia8/MINIAODSIM/106X_mcRun2_asymptotic_v17-v2/2430000/C161E874-A467-6245-BBC1-9F09F470E0C5.root
Begin processing the 4400001st record. Run 1, Event 1096806321, LumiSection 3730 on stream 0 at 11-Jan-2024 22:49:32.180 CET
11-Jan-2024 22:49:32 CET  Closed file root://cmsxrootd.fnal.gov//store/mc/RunIISummer20UL16MiniAODv2/QCD_Pt-15To20_MuEnrichedPt5_TuneCP5_13TeV-pythia8/MINIAODSIM/106X_mcRun2_asymptotic_v17-v2/2430000/C161E874-A467-6245-BBC1-9F09F470E0C5.root
11-Jan-2024 22:49:32 CET  Initiating request to open file root://cmsxrootd.fnal.gov//store/mc/RunIISummer20UL16MiniAODv2/QCD_Pt-15To20_MuEnrichedPt5_TuneCP5_13TeV-pythia8/MINIAODSIM/106X_mcRun2_asymptotic_v17-v2/260000/4C2A36A7-FC26-5743-A613-FDD89CAE50E1.root
%MSG-w XrdAdaptor:  file_open 11-Jan-2024 22:49:34 CET PostProcessEvent
Data is served from fnal.gov instead of original site US-Regional-Nebraska
%MSG
11-Jan-2024 22:49:35 CET  Successfully opened file root://cmsxrootd.fnal.gov//store/mc/RunIISummer20UL16MiniAODv2/QCD_Pt-15To20_MuEnrichedPt5_TuneCP5_13TeV-pythia8/MINIAODSIM/106X_mcRun2_asymptotic_v17-v2/260000/4C2A36A7-FC26-5743-A613-FDD89CAE50E1.root
11-Jan-2024 22:49:40 CET  Closed file root://cmsxrootd.fnal.gov//store/mc/RunIISummer20UL16MiniAODv2/QCD_Pt-15To20_MuEnrichedPt5_TuneCP5_13TeV-pythia8/MINIAODSIM/106X_mcRun2_asymptotic_v17-v2/260000/4C2A36A7-FC26-5743-A613-FDD89CAE50E1.root
11-Jan-2024 22:49:40 CET  Initiating request to open file root://cmsxrootd.fnal.gov//store/mc/RunIISummer20UL16MiniAODv2/QCD_Pt-15To20_MuEnrichedPt5_TuneCP5_13TeV-pythia8/MINIAODSIM/106X_mcRun2_asymptotic_v17-v2/250000/9964EC10-1070-8446-B262-47463CFBBBFE.root
%MSG-w XrdAdaptor:  file_open 11-Jan-2024 22:49:42 CET PostProcessEvent
Data is served from fnal.gov instead of original site US-Regional-Nebraska
%MSG
11-Jan-2024 22:49:43 CET  Successfully opened file root://cmsxrootd.fnal.gov//store/mc/RunIISummer20UL16MiniAODv2/QCD_Pt-15To20_MuEnrichedPt5_TuneCP5_13TeV-pythia8/MINIAODSIM/106X_mcRun2_asymptotic_v17-v2/250000/9964EC10-1070-8446-B262-47463CFBBBFE.root
Begin processing the 4500001st record. Run 1, Event 1082100635, LumiSection 3680 on stream 0 at 11-Jan-2024 22:49:50.060 CET
11-Jan-2024 22:49:50 CET  Closed file root://cmsxrootd.fnal.gov//store/mc/RunIISummer20UL16MiniAODv2/QCD_Pt-15To20_MuEnrichedPt5_TuneCP5_13TeV-pythia8/MINIAODSIM/106X_mcRun2_asymptotic_v17-v2/250000/9964EC10-1070-8446-B262-47463CFBBBFE.root

------------------------------------
GenXsecAnalyzer:
------------------------------------
Before Filter: total cross section = 8.491e+08 +- 1.197e+04 pb
Filter efficiency (taking into account weights)= (4.5307e+06) / (1.37226e+09) = 3.302e-03 +- 1.549e-06
Filter efficiency (event-level)= (4.52998e+06) / (1.37176e+09) = 3.302e-03 +- 1.549e-06    [TO BE USED IN MCM]

After filter: final cross section = 2.803e+06 +- 1.316e+03 pb
After filter: final fraction of events with negative weights = 0.000e+00 +- 0.000e+00
After filter: final equivalent lumi for 1M events (1/fb) = 3.567e-04 +- 3.940e-07

=============================================

MessageLogger Summary

 type     category        sev    module        subroutine        count    total
 ---- -------------------- -- ---------------- ----------------  -----    -----
    1 GenXSecAnalyzer      -w GenXSecAnalyzer:                       7        7
    2 XrdAdaptor           -w file_open                             54       54
    3 fileAction           -s file_close                            54       54
    4 fileAction           -s file_open                            108      108

 type    category    Examples: run/evt        run/evt          run/evt
 ---- -------------------- ---------------- ---------------- ----------------
    1 GenXSecAnalyzer      PostGlobalEndRun PostGlobalEndRun PostGlobalEndRun
    2 XrdAdaptor           pre-events       PostProcessEvent PostProcessEvent
    3 fileAction           PostProcessEvent PostProcessEvent PostGlobalEndRun
    4 fileAction           pre-events       pre-events       PostProcessEvent

Severity    # Occurrences   Total Occurrences
--------    -------------   -----------------
Warning                61                  61
System                162                 162

dropped waiting message count 0
