11-Jan-2024 05:30:08 CET  Initiating request to open file root://cmsxrootd.fnal.gov//store/mc/RunIISummer20UL16MiniAODv2/QCD_HT1500to2000_TuneCP5_PSWeights_13TeV-madgraphMLM-pythia8/MINIAODSIM/106X_mcRun2_asymptotic_v17-v1/280000/36FBBB74-0686-1B44-934B-A044E5FA3B43.root
%MSG-w XrdAdaptor:  file_open 11-Jan-2024 05:30:37 CET pre-events
Data is served from T2_US_MIT instead of original site US-Regional-Nebraska
%MSG
11-Jan-2024 05:30:40 CET  Successfully opened file root://cmsxrootd.fnal.gov//store/mc/RunIISummer20UL16MiniAODv2/QCD_HT1500to2000_TuneCP5_PSWeights_13TeV-madgraphMLM-pythia8/MINIAODSIM/106X_mcRun2_asymptotic_v17-v1/280000/36FBBB74-0686-1B44-934B-A044E5FA3B43.root
Begin processing the 1st record. Run 1, Event 9592841, LumiSection 1008 on stream 0 at 11-Jan-2024 05:30:52.511 CET
11-Jan-2024 05:31:01 CET  Closed file root://cmsxrootd.fnal.gov//store/mc/RunIISummer20UL16MiniAODv2/QCD_HT1500to2000_TuneCP5_PSWeights_13TeV-madgraphMLM-pythia8/MINIAODSIM/106X_mcRun2_asymptotic_v17-v1/280000/36FBBB74-0686-1B44-934B-A044E5FA3B43.root
11-Jan-2024 05:31:01 CET  Initiating request to open file root://cmsxrootd.fnal.gov//store/mc/RunIISummer20UL16MiniAODv2/QCD_HT1500to2000_TuneCP5_PSWeights_13TeV-madgraphMLM-pythia8/MINIAODSIM/106X_mcRun2_asymptotic_v17-v1/280000/35CDA51A-B015-014C-AF1A-79E6A222A2DE.root
%MSG-w XrdAdaptor:  file_open 11-Jan-2024 05:31:04 CET PostProcessEvent
Data is served from T2_US_MIT instead of original site US-Regional-Nebraska
%MSG
11-Jan-2024 05:31:05 CET  Successfully opened file root://cmsxrootd.fnal.gov//store/mc/RunIISummer20UL16MiniAODv2/QCD_HT1500to2000_TuneCP5_PSWeights_13TeV-madgraphMLM-pythia8/MINIAODSIM/106X_mcRun2_asymptotic_v17-v1/280000/35CDA51A-B015-014C-AF1A-79E6A222A2DE.root
11-Jan-2024 05:31:28 CET  Closed file root://cmsxrootd.fnal.gov//store/mc/RunIISummer20UL16MiniAODv2/QCD_HT1500to2000_TuneCP5_PSWeights_13TeV-madgraphMLM-pythia8/MINIAODSIM/106X_mcRun2_asymptotic_v17-v1/280000/35CDA51A-B015-014C-AF1A-79E6A222A2DE.root
11-Jan-2024 05:31:28 CET  Initiating request to open file root://cmsxrootd.fnal.gov//store/mc/RunIISummer20UL16MiniAODv2/QCD_HT1500to2000_TuneCP5_PSWeights_13TeV-madgraphMLM-pythia8/MINIAODSIM/106X_mcRun2_asymptotic_v17-v1/280000/CBB73CFD-4C56-344E-94C3-E70BF0E5B99A.root
%MSG-w XrdAdaptor:  file_open 11-Jan-2024 05:31:31 CET PostProcessEvent
Data is served from T2_US_MIT instead of original site US-Regional-Nebraska
%MSG
11-Jan-2024 05:31:32 CET  Successfully opened file root://cmsxrootd.fnal.gov//store/mc/RunIISummer20UL16MiniAODv2/QCD_HT1500to2000_TuneCP5_PSWeights_13TeV-madgraphMLM-pythia8/MINIAODSIM/106X_mcRun2_asymptotic_v17-v1/280000/CBB73CFD-4C56-344E-94C3-E70BF0E5B99A.root
Begin processing the 100001st record. Run 1, Event 28946596, LumiSection 3039 on stream 0 at 11-Jan-2024 05:31:44.018 CET
11-Jan-2024 05:31:45 CET  Closed file root://cmsxrootd.fnal.gov//store/mc/RunIISummer20UL16MiniAODv2/QCD_HT1500to2000_TuneCP5_PSWeights_13TeV-madgraphMLM-pythia8/MINIAODSIM/106X_mcRun2_asymptotic_v17-v1/280000/CBB73CFD-4C56-344E-94C3-E70BF0E5B99A.root
11-Jan-2024 05:31:45 CET  Initiating request to open file root://cmsxrootd.fnal.gov//store/mc/RunIISummer20UL16MiniAODv2/QCD_HT1500to2000_TuneCP5_PSWeights_13TeV-madgraphMLM-pythia8/MINIAODSIM/106X_mcRun2_asymptotic_v17-v1/280000/7F3F3621-ABED-4D40-9735-F0D900C10F99.root
%MSG-w XrdAdaptor:  file_open 11-Jan-2024 05:31:48 CET PostProcessEvent
Data is served from T2_US_MIT instead of original site US-Regional-Nebraska
%MSG
11-Jan-2024 05:31:48 CET  Successfully opened file root://cmsxrootd.fnal.gov//store/mc/RunIISummer20UL16MiniAODv2/QCD_HT1500to2000_TuneCP5_PSWeights_13TeV-madgraphMLM-pythia8/MINIAODSIM/106X_mcRun2_asymptotic_v17-v1/280000/7F3F3621-ABED-4D40-9735-F0D900C10F99.root
11-Jan-2024 05:32:04 CET  Closed file root://cmsxrootd.fnal.gov//store/mc/RunIISummer20UL16MiniAODv2/QCD_HT1500to2000_TuneCP5_PSWeights_13TeV-madgraphMLM-pythia8/MINIAODSIM/106X_mcRun2_asymptotic_v17-v1/280000/7F3F3621-ABED-4D40-9735-F0D900C10F99.root
11-Jan-2024 05:32:04 CET  Initiating request to open file root://cmsxrootd.fnal.gov//store/mc/RunIISummer20UL16MiniAODv2/QCD_HT1500to2000_TuneCP5_PSWeights_13TeV-madgraphMLM-pythia8/MINIAODSIM/106X_mcRun2_asymptotic_v17-v1/280000/86AE98C6-B5F3-2D4F-911D-1CDE994B85E3.root
%MSG-w XrdAdaptor:  file_open 11-Jan-2024 05:32:06 CET PostProcessEvent
Data is served from T2_US_MIT instead of original site US-Regional-Nebraska
%MSG
11-Jan-2024 05:32:07 CET  Successfully opened file root://cmsxrootd.fnal.gov//store/mc/RunIISummer20UL16MiniAODv2/QCD_HT1500to2000_TuneCP5_PSWeights_13TeV-madgraphMLM-pythia8/MINIAODSIM/106X_mcRun2_asymptotic_v17-v1/280000/86AE98C6-B5F3-2D4F-911D-1CDE994B85E3.root
Begin processing the 200001st record. Run 1, Event 110194858, LumiSection 11568 on stream 0 at 11-Jan-2024 05:32:16.616 CET
11-Jan-2024 05:32:17 CET  Closed file root://cmsxrootd.fnal.gov//store/mc/RunIISummer20UL16MiniAODv2/QCD_HT1500to2000_TuneCP5_PSWeights_13TeV-madgraphMLM-pythia8/MINIAODSIM/106X_mcRun2_asymptotic_v17-v1/280000/86AE98C6-B5F3-2D4F-911D-1CDE994B85E3.root
11-Jan-2024 05:32:17 CET  Initiating request to open file root://cmsxrootd.fnal.gov//store/mc/RunIISummer20UL16MiniAODv2/QCD_HT1500to2000_TuneCP5_PSWeights_13TeV-madgraphMLM-pythia8/MINIAODSIM/106X_mcRun2_asymptotic_v17-v1/280000/C1C1C5CF-F6A3-E046-86B3-DB86D119C457.root
%MSG-w XrdAdaptor:  file_open 11-Jan-2024 05:32:19 CET PostProcessEvent
Data is served from T2_US_MIT instead of original site US-Regional-Nebraska
%MSG
11-Jan-2024 05:32:20 CET  Successfully opened file root://cmsxrootd.fnal.gov//store/mc/RunIISummer20UL16MiniAODv2/QCD_HT1500to2000_TuneCP5_PSWeights_13TeV-madgraphMLM-pythia8/MINIAODSIM/106X_mcRun2_asymptotic_v17-v1/280000/C1C1C5CF-F6A3-E046-86B3-DB86D119C457.root
11-Jan-2024 05:32:37 CET  Closed file root://cmsxrootd.fnal.gov//store/mc/RunIISummer20UL16MiniAODv2/QCD_HT1500to2000_TuneCP5_PSWeights_13TeV-madgraphMLM-pythia8/MINIAODSIM/106X_mcRun2_asymptotic_v17-v1/280000/C1C1C5CF-F6A3-E046-86B3-DB86D119C457.root
11-Jan-2024 05:32:37 CET  Initiating request to open file root://cmsxrootd.fnal.gov//store/mc/RunIISummer20UL16MiniAODv2/QCD_HT1500to2000_TuneCP5_PSWeights_13TeV-madgraphMLM-pythia8/MINIAODSIM/106X_mcRun2_asymptotic_v17-v1/280000/4E3824D8-F5B5-9D49-B259-4EE0D6C4E5C6.root
%MSG-w XrdAdaptor:  file_open 11-Jan-2024 05:32:40 CET PostProcessEvent
Data is served from T2_US_MIT instead of original site US-Regional-Nebraska
%MSG
11-Jan-2024 05:32:40 CET  Successfully opened file root://cmsxrootd.fnal.gov//store/mc/RunIISummer20UL16MiniAODv2/QCD_HT1500to2000_TuneCP5_PSWeights_13TeV-madgraphMLM-pythia8/MINIAODSIM/106X_mcRun2_asymptotic_v17-v1/280000/4E3824D8-F5B5-9D49-B259-4EE0D6C4E5C6.root
Begin processing the 300001st record. Run 1, Event 105753411, LumiSection 11102 on stream 0 at 11-Jan-2024 05:32:52.813 CET
11-Jan-2024 05:32:53 CET  Closed file root://cmsxrootd.fnal.gov//store/mc/RunIISummer20UL16MiniAODv2/QCD_HT1500to2000_TuneCP5_PSWeights_13TeV-madgraphMLM-pythia8/MINIAODSIM/106X_mcRun2_asymptotic_v17-v1/280000/4E3824D8-F5B5-9D49-B259-4EE0D6C4E5C6.root
11-Jan-2024 05:32:53 CET  Initiating request to open file root://cmsxrootd.fnal.gov//store/mc/RunIISummer20UL16MiniAODv2/QCD_HT1500to2000_TuneCP5_PSWeights_13TeV-madgraphMLM-pythia8/MINIAODSIM/106X_mcRun2_asymptotic_v17-v1/280000/39D9946F-DB36-4A44-9971-FE1F1AE441D4.root
%MSG-w XrdAdaptor:  file_open 11-Jan-2024 05:32:56 CET PostProcessEvent
Data is served from T2_US_MIT instead of original site US-Regional-Nebraska
%MSG
11-Jan-2024 05:32:57 CET  Successfully opened file root://cmsxrootd.fnal.gov//store/mc/RunIISummer20UL16MiniAODv2/QCD_HT1500to2000_TuneCP5_PSWeights_13TeV-madgraphMLM-pythia8/MINIAODSIM/106X_mcRun2_asymptotic_v17-v1/280000/39D9946F-DB36-4A44-9971-FE1F1AE441D4.root
11-Jan-2024 05:33:03 CET  Closed file root://cmsxrootd.fnal.gov//store/mc/RunIISummer20UL16MiniAODv2/QCD_HT1500to2000_TuneCP5_PSWeights_13TeV-madgraphMLM-pythia8/MINIAODSIM/106X_mcRun2_asymptotic_v17-v1/280000/39D9946F-DB36-4A44-9971-FE1F1AE441D4.root
11-Jan-2024 05:33:03 CET  Initiating request to open file root://cmsxrootd.fnal.gov//store/mc/RunIISummer20UL16MiniAODv2/QCD_HT1500to2000_TuneCP5_PSWeights_13TeV-madgraphMLM-pythia8/MINIAODSIM/106X_mcRun2_asymptotic_v17-v1/280000/0D3031D7-9537-F64A-B6B7-C06F4830F624.root
%MSG-w XrdAdaptor:  file_open 11-Jan-2024 05:33:06 CET PostProcessEvent
Data is served from T2_US_MIT instead of original site US-Regional-Nebraska
%MSG
11-Jan-2024 05:33:06 CET  Successfully opened file root://cmsxrootd.fnal.gov//store/mc/RunIISummer20UL16MiniAODv2/QCD_HT1500to2000_TuneCP5_PSWeights_13TeV-madgraphMLM-pythia8/MINIAODSIM/106X_mcRun2_asymptotic_v17-v1/280000/0D3031D7-9537-F64A-B6B7-C06F4830F624.root
11-Jan-2024 05:33:13 CET  Closed file root://cmsxrootd.fnal.gov//store/mc/RunIISummer20UL16MiniAODv2/QCD_HT1500to2000_TuneCP5_PSWeights_13TeV-madgraphMLM-pythia8/MINIAODSIM/106X_mcRun2_asymptotic_v17-v1/280000/0D3031D7-9537-F64A-B6B7-C06F4830F624.root
11-Jan-2024 05:33:13 CET  Initiating request to open file root://cmsxrootd.fnal.gov//store/mc/RunIISummer20UL16MiniAODv2/QCD_HT1500to2000_TuneCP5_PSWeights_13TeV-madgraphMLM-pythia8/MINIAODSIM/106X_mcRun2_asymptotic_v17-v1/280000/426A9491-4482-A142-82B0-0B26384260A3.root
%MSG-w XrdAdaptor:  file_open 11-Jan-2024 05:33:15 CET PostProcessEvent
Data is served from T2_US_MIT instead of original site US-Regional-Nebraska
%MSG
11-Jan-2024 05:33:16 CET  Successfully opened file root://cmsxrootd.fnal.gov//store/mc/RunIISummer20UL16MiniAODv2/QCD_HT1500to2000_TuneCP5_PSWeights_13TeV-madgraphMLM-pythia8/MINIAODSIM/106X_mcRun2_asymptotic_v17-v1/280000/426A9491-4482-A142-82B0-0B26384260A3.root
Begin processing the 400001st record. Run 1, Event 34312636, LumiSection 3602 on stream 0 at 11-Jan-2024 05:33:22.022 CET
11-Jan-2024 05:33:23 CET  Closed file root://cmsxrootd.fnal.gov//store/mc/RunIISummer20UL16MiniAODv2/QCD_HT1500to2000_TuneCP5_PSWeights_13TeV-madgraphMLM-pythia8/MINIAODSIM/106X_mcRun2_asymptotic_v17-v1/280000/426A9491-4482-A142-82B0-0B26384260A3.root
11-Jan-2024 05:33:23 CET  Initiating request to open file root://cmsxrootd.fnal.gov//store/mc/RunIISummer20UL16MiniAODv2/QCD_HT1500to2000_TuneCP5_PSWeights_13TeV-madgraphMLM-pythia8/MINIAODSIM/106X_mcRun2_asymptotic_v17-v1/280000/52FD1933-84CD-9148-A6FA-19A42CC29192.root
%MSG-w XrdAdaptor:  file_open 11-Jan-2024 05:33:26 CET PostProcessEvent
Data is served from T2_US_MIT instead of original site US-Regional-Nebraska
%MSG
11-Jan-2024 05:33:26 CET  Successfully opened file root://cmsxrootd.fnal.gov//store/mc/RunIISummer20UL16MiniAODv2/QCD_HT1500to2000_TuneCP5_PSWeights_13TeV-madgraphMLM-pythia8/MINIAODSIM/106X_mcRun2_asymptotic_v17-v1/280000/52FD1933-84CD-9148-A6FA-19A42CC29192.root
Begin processing the 500001st record. Run 1, Event 99305920, LumiSection 10425 on stream 0 at 11-Jan-2024 05:33:34.799 CET
11-Jan-2024 05:33:34 CET  Closed file root://cmsxrootd.fnal.gov//store/mc/RunIISummer20UL16MiniAODv2/QCD_HT1500to2000_TuneCP5_PSWeights_13TeV-madgraphMLM-pythia8/MINIAODSIM/106X_mcRun2_asymptotic_v17-v1/280000/52FD1933-84CD-9148-A6FA-19A42CC29192.root
11-Jan-2024 05:33:34 CET  Initiating request to open file root://cmsxrootd.fnal.gov//store/mc/RunIISummer20UL16MiniAODv2/QCD_HT1500to2000_TuneCP5_PSWeights_13TeV-madgraphMLM-pythia8/MINIAODSIM/106X_mcRun2_asymptotic_v17-v1/280000/2F0E95F7-9213-B241-97D4-35AD53A40667.root
%MSG-w XrdAdaptor:  file_open 11-Jan-2024 05:33:38 CET PostProcessEvent
Data is served from T2_US_MIT instead of original site US-Regional-Nebraska
%MSG
11-Jan-2024 05:33:38 CET  Successfully opened file root://cmsxrootd.fnal.gov//store/mc/RunIISummer20UL16MiniAODv2/QCD_HT1500to2000_TuneCP5_PSWeights_13TeV-madgraphMLM-pythia8/MINIAODSIM/106X_mcRun2_asymptotic_v17-v1/280000/2F0E95F7-9213-B241-97D4-35AD53A40667.root
11-Jan-2024 05:36:04 CET  Closed file root://cmsxrootd.fnal.gov//store/mc/RunIISummer20UL16MiniAODv2/QCD_HT1500to2000_TuneCP5_PSWeights_13TeV-madgraphMLM-pythia8/MINIAODSIM/106X_mcRun2_asymptotic_v17-v1/280000/2F0E95F7-9213-B241-97D4-35AD53A40667.root
11-Jan-2024 05:36:04 CET  Initiating request to open file root://cmsxrootd.fnal.gov//store/mc/RunIISummer20UL16MiniAODv2/QCD_HT1500to2000_TuneCP5_PSWeights_13TeV-madgraphMLM-pythia8/MINIAODSIM/106X_mcRun2_asymptotic_v17-v1/280000/E68F68DD-6BF4-9A4F-8F9A-ED489F8ADBD5.root
%MSG-w XrdAdaptor:  file_open 11-Jan-2024 05:36:06 CET PostProcessEvent
Data is served from T2_US_MIT instead of original site US-Regional-Nebraska
%MSG
11-Jan-2024 05:36:06 CET  Successfully opened file root://cmsxrootd.fnal.gov//store/mc/RunIISummer20UL16MiniAODv2/QCD_HT1500to2000_TuneCP5_PSWeights_13TeV-madgraphMLM-pythia8/MINIAODSIM/106X_mcRun2_asymptotic_v17-v1/280000/E68F68DD-6BF4-9A4F-8F9A-ED489F8ADBD5.root
11-Jan-2024 05:36:21 CET  Closed file root://cmsxrootd.fnal.gov//store/mc/RunIISummer20UL16MiniAODv2/QCD_HT1500to2000_TuneCP5_PSWeights_13TeV-madgraphMLM-pythia8/MINIAODSIM/106X_mcRun2_asymptotic_v17-v1/280000/E68F68DD-6BF4-9A4F-8F9A-ED489F8ADBD5.root
11-Jan-2024 05:36:21 CET  Initiating request to open file root://cmsxrootd.fnal.gov//store/mc/RunIISummer20UL16MiniAODv2/QCD_HT1500to2000_TuneCP5_PSWeights_13TeV-madgraphMLM-pythia8/MINIAODSIM/106X_mcRun2_asymptotic_v17-v1/280000/94C87EC8-8499-654E-9737-CED154480ED8.root
%MSG-w XrdAdaptor:  file_open 11-Jan-2024 05:36:24 CET PostProcessEvent
Data is served from T2_US_MIT instead of original site US-Regional-Nebraska
%MSG
11-Jan-2024 05:36:25 CET  Successfully opened file root://cmsxrootd.fnal.gov//store/mc/RunIISummer20UL16MiniAODv2/QCD_HT1500to2000_TuneCP5_PSWeights_13TeV-madgraphMLM-pythia8/MINIAODSIM/106X_mcRun2_asymptotic_v17-v1/280000/94C87EC8-8499-654E-9737-CED154480ED8.root
Begin processing the 600001st record. Run 1, Event 78178497, LumiSection 8207 on stream 0 at 11-Jan-2024 05:36:36.609 CET
11-Jan-2024 05:36:37 CET  Closed file root://cmsxrootd.fnal.gov//store/mc/RunIISummer20UL16MiniAODv2/QCD_HT1500to2000_TuneCP5_PSWeights_13TeV-madgraphMLM-pythia8/MINIAODSIM/106X_mcRun2_asymptotic_v17-v1/280000/94C87EC8-8499-654E-9737-CED154480ED8.root
11-Jan-2024 05:36:37 CET  Initiating request to open file root://cmsxrootd.fnal.gov//store/mc/RunIISummer20UL16MiniAODv2/QCD_HT1500to2000_TuneCP5_PSWeights_13TeV-madgraphMLM-pythia8/MINIAODSIM/106X_mcRun2_asymptotic_v17-v1/280000/5531238F-9922-C645-B392-EF30A0340213.root
%MSG-w XrdAdaptor:  file_open 11-Jan-2024 05:36:40 CET PostProcessEvent
Data is served from T2_US_MIT instead of original site US-Regional-Nebraska
%MSG
11-Jan-2024 05:36:40 CET  Successfully opened file root://cmsxrootd.fnal.gov//store/mc/RunIISummer20UL16MiniAODv2/QCD_HT1500to2000_TuneCP5_PSWeights_13TeV-madgraphMLM-pythia8/MINIAODSIM/106X_mcRun2_asymptotic_v17-v1/280000/5531238F-9922-C645-B392-EF30A0340213.root
11-Jan-2024 05:36:57 CET  Closed file root://cmsxrootd.fnal.gov//store/mc/RunIISummer20UL16MiniAODv2/QCD_HT1500to2000_TuneCP5_PSWeights_13TeV-madgraphMLM-pythia8/MINIAODSIM/106X_mcRun2_asymptotic_v17-v1/280000/5531238F-9922-C645-B392-EF30A0340213.root
11-Jan-2024 05:36:57 CET  Initiating request to open file root://cmsxrootd.fnal.gov//store/mc/RunIISummer20UL16MiniAODv2/QCD_HT1500to2000_TuneCP5_PSWeights_13TeV-madgraphMLM-pythia8/MINIAODSIM/106X_mcRun2_asymptotic_v17-v1/280000/020A6D37-48F6-7341-BD18-79D7AE1EA4FE.root
%MSG-w XrdAdaptor:  file_open 11-Jan-2024 05:36:59 CET PostProcessEvent
Data is served from T2_US_MIT instead of original site US-Regional-Nebraska
%MSG
11-Jan-2024 05:36:59 CET  Successfully opened file root://cmsxrootd.fnal.gov//store/mc/RunIISummer20UL16MiniAODv2/QCD_HT1500to2000_TuneCP5_PSWeights_13TeV-madgraphMLM-pythia8/MINIAODSIM/106X_mcRun2_asymptotic_v17-v1/280000/020A6D37-48F6-7341-BD18-79D7AE1EA4FE.root
Begin processing the 700001st record. Run 1, Event 107990534, LumiSection 11337 on stream 0 at 11-Jan-2024 05:37:09.020 CET
11-Jan-2024 05:37:10 CET  Closed file root://cmsxrootd.fnal.gov//store/mc/RunIISummer20UL16MiniAODv2/QCD_HT1500to2000_TuneCP5_PSWeights_13TeV-madgraphMLM-pythia8/MINIAODSIM/106X_mcRun2_asymptotic_v17-v1/280000/020A6D37-48F6-7341-BD18-79D7AE1EA4FE.root
11-Jan-2024 05:37:10 CET  Initiating request to open file root://cmsxrootd.fnal.gov//store/mc/RunIISummer20UL16MiniAODv2/QCD_HT1500to2000_TuneCP5_PSWeights_13TeV-madgraphMLM-pythia8/MINIAODSIM/106X_mcRun2_asymptotic_v17-v1/280000/8B462904-80E9-A745-A5BB-A8EF18F66ADB.root
%MSG-w XrdAdaptor:  file_open 11-Jan-2024 05:37:12 CET PostProcessEvent
Data is served from T2_US_MIT instead of original site US-Regional-Nebraska
%MSG
11-Jan-2024 05:37:13 CET  Successfully opened file root://cmsxrootd.fnal.gov//store/mc/RunIISummer20UL16MiniAODv2/QCD_HT1500to2000_TuneCP5_PSWeights_13TeV-madgraphMLM-pythia8/MINIAODSIM/106X_mcRun2_asymptotic_v17-v1/280000/8B462904-80E9-A745-A5BB-A8EF18F66ADB.root
11-Jan-2024 05:37:19 CET  Closed file root://cmsxrootd.fnal.gov//store/mc/RunIISummer20UL16MiniAODv2/QCD_HT1500to2000_TuneCP5_PSWeights_13TeV-madgraphMLM-pythia8/MINIAODSIM/106X_mcRun2_asymptotic_v17-v1/280000/8B462904-80E9-A745-A5BB-A8EF18F66ADB.root
11-Jan-2024 05:37:19 CET  Initiating request to open file root://cmsxrootd.fnal.gov//store/mc/RunIISummer20UL16MiniAODv2/QCD_HT1500to2000_TuneCP5_PSWeights_13TeV-madgraphMLM-pythia8/MINIAODSIM/106X_mcRun2_asymptotic_v17-v1/270000/CC87818F-DC26-8344-AC52-3F615046DE2B.root
Unable to load sec.protocol plugin libXrdSecztn.so
%MSG-w XrdAdaptor:  file_open 11-Jan-2024 05:37:24 CET PostProcessEvent
Data is served from fnal.gov instead of original site US-Regional-Nebraska
%MSG
11-Jan-2024 05:37:27 CET  Successfully opened file root://cmsxrootd.fnal.gov//store/mc/RunIISummer20UL16MiniAODv2/QCD_HT1500to2000_TuneCP5_PSWeights_13TeV-madgraphMLM-pythia8/MINIAODSIM/106X_mcRun2_asymptotic_v17-v1/270000/CC87818F-DC26-8344-AC52-3F615046DE2B.root
Unable to load sec.protocol plugin libXrdSecztn.so
11-Jan-2024 05:37:39 CET  Closed file root://cmsxrootd.fnal.gov//store/mc/RunIISummer20UL16MiniAODv2/QCD_HT1500to2000_TuneCP5_PSWeights_13TeV-madgraphMLM-pythia8/MINIAODSIM/106X_mcRun2_asymptotic_v17-v1/270000/CC87818F-DC26-8344-AC52-3F615046DE2B.root
11-Jan-2024 05:37:39 CET  Initiating request to open file root://cmsxrootd.fnal.gov//store/mc/RunIISummer20UL16MiniAODv2/QCD_HT1500to2000_TuneCP5_PSWeights_13TeV-madgraphMLM-pythia8/MINIAODSIM/106X_mcRun2_asymptotic_v17-v1/130000/7085346D-BAD4-F049-9B75-98466AAD2FEB.root
Unable to load sec.protocol plugin libXrdSecztn.so
%MSG-w XrdAdaptor:  file_open 11-Jan-2024 05:37:43 CET PostProcessEvent
Data is served from fnal.gov instead of original site US-Regional-Nebraska
%MSG
11-Jan-2024 05:37:44 CET  Successfully opened file root://cmsxrootd.fnal.gov//store/mc/RunIISummer20UL16MiniAODv2/QCD_HT1500to2000_TuneCP5_PSWeights_13TeV-madgraphMLM-pythia8/MINIAODSIM/106X_mcRun2_asymptotic_v17-v1/130000/7085346D-BAD4-F049-9B75-98466AAD2FEB.root
Unable to load sec.protocol plugin libXrdSecztn.so
Begin processing the 800001st record. Run 1, Event 3304805, LumiSection 347 on stream 0 at 11-Jan-2024 05:38:21.270 CET
11-Jan-2024 05:38:21 CET  Closed file root://cmsxrootd.fnal.gov//store/mc/RunIISummer20UL16MiniAODv2/QCD_HT1500to2000_TuneCP5_PSWeights_13TeV-madgraphMLM-pythia8/MINIAODSIM/106X_mcRun2_asymptotic_v17-v1/130000/7085346D-BAD4-F049-9B75-98466AAD2FEB.root
11-Jan-2024 05:38:21 CET  Initiating request to open file root://cmsxrootd.fnal.gov//store/mc/RunIISummer20UL16MiniAODv2/QCD_HT1500to2000_TuneCP5_PSWeights_13TeV-madgraphMLM-pythia8/MINIAODSIM/106X_mcRun2_asymptotic_v17-v1/130000/97FFDB1E-D417-7B47-A758-BE8F70FA9031.root
%MSG-w XrdAdaptor:  file_open 11-Jan-2024 05:38:23 CET PostProcessEvent
Data is served from fnal.gov instead of original site US-Regional-Nebraska
%MSG
11-Jan-2024 05:38:24 CET  Successfully opened file root://cmsxrootd.fnal.gov//store/mc/RunIISummer20UL16MiniAODv2/QCD_HT1500to2000_TuneCP5_PSWeights_13TeV-madgraphMLM-pythia8/MINIAODSIM/106X_mcRun2_asymptotic_v17-v1/130000/97FFDB1E-D417-7B47-A758-BE8F70FA9031.root
11-Jan-2024 05:38:35 CET  Closed file root://cmsxrootd.fnal.gov//store/mc/RunIISummer20UL16MiniAODv2/QCD_HT1500to2000_TuneCP5_PSWeights_13TeV-madgraphMLM-pythia8/MINIAODSIM/106X_mcRun2_asymptotic_v17-v1/130000/97FFDB1E-D417-7B47-A758-BE8F70FA9031.root
11-Jan-2024 05:38:35 CET  Initiating request to open file root://cmsxrootd.fnal.gov//store/mc/RunIISummer20UL16MiniAODv2/QCD_HT1500to2000_TuneCP5_PSWeights_13TeV-madgraphMLM-pythia8/MINIAODSIM/106X_mcRun2_asymptotic_v17-v1/130000/C235F6F1-A941-494B-8AD8-38123F8B40ED.root
%MSG-w XrdAdaptor:  file_open 11-Jan-2024 05:38:37 CET PostProcessEvent
Data is served from fnal.gov instead of original site US-Regional-Nebraska
%MSG
11-Jan-2024 05:38:38 CET  Successfully opened file root://cmsxrootd.fnal.gov//store/mc/RunIISummer20UL16MiniAODv2/QCD_HT1500to2000_TuneCP5_PSWeights_13TeV-madgraphMLM-pythia8/MINIAODSIM/106X_mcRun2_asymptotic_v17-v1/130000/C235F6F1-A941-494B-8AD8-38123F8B40ED.root
11-Jan-2024 05:38:44 CET  Closed file root://cmsxrootd.fnal.gov//store/mc/RunIISummer20UL16MiniAODv2/QCD_HT1500to2000_TuneCP5_PSWeights_13TeV-madgraphMLM-pythia8/MINIAODSIM/106X_mcRun2_asymptotic_v17-v1/130000/C235F6F1-A941-494B-8AD8-38123F8B40ED.root
11-Jan-2024 05:38:44 CET  Initiating request to open file root://cmsxrootd.fnal.gov//store/mc/RunIISummer20UL16MiniAODv2/QCD_HT1500to2000_TuneCP5_PSWeights_13TeV-madgraphMLM-pythia8/MINIAODSIM/106X_mcRun2_asymptotic_v17-v1/130000/D0A75876-483E-9E45-9240-29821B570C6D.root
%MSG-w XrdAdaptor:  file_open 11-Jan-2024 05:38:47 CET PostProcessEvent
Data is served from fnal.gov instead of original site US-Regional-Nebraska
%MSG
11-Jan-2024 05:38:48 CET  Successfully opened file root://cmsxrootd.fnal.gov//store/mc/RunIISummer20UL16MiniAODv2/QCD_HT1500to2000_TuneCP5_PSWeights_13TeV-madgraphMLM-pythia8/MINIAODSIM/106X_mcRun2_asymptotic_v17-v1/130000/D0A75876-483E-9E45-9240-29821B570C6D.root
Begin processing the 900001st record. Run 1, Event 440651, LumiSection 47 on stream 0 at 11-Jan-2024 05:39:11.284 CET
11-Jan-2024 05:39:11 CET  Closed file root://cmsxrootd.fnal.gov//store/mc/RunIISummer20UL16MiniAODv2/QCD_HT1500to2000_TuneCP5_PSWeights_13TeV-madgraphMLM-pythia8/MINIAODSIM/106X_mcRun2_asymptotic_v17-v1/130000/D0A75876-483E-9E45-9240-29821B570C6D.root
11-Jan-2024 05:39:11 CET  Initiating request to open file root://cmsxrootd.fnal.gov//store/mc/RunIISummer20UL16MiniAODv2/QCD_HT1500to2000_TuneCP5_PSWeights_13TeV-madgraphMLM-pythia8/MINIAODSIM/106X_mcRun2_asymptotic_v17-v1/130000/B722BB81-9894-BD4E-9DB4-58096DA082B4.root
%MSG-w XrdAdaptor:  file_open 11-Jan-2024 05:39:14 CET PostProcessEvent
Data is served from fnal.gov instead of original site US-Regional-Nebraska
%MSG
11-Jan-2024 05:39:14 CET  Successfully opened file root://cmsxrootd.fnal.gov//store/mc/RunIISummer20UL16MiniAODv2/QCD_HT1500to2000_TuneCP5_PSWeights_13TeV-madgraphMLM-pythia8/MINIAODSIM/106X_mcRun2_asymptotic_v17-v1/130000/B722BB81-9894-BD4E-9DB4-58096DA082B4.root
11-Jan-2024 05:39:35 CET  Closed file root://cmsxrootd.fnal.gov//store/mc/RunIISummer20UL16MiniAODv2/QCD_HT1500to2000_TuneCP5_PSWeights_13TeV-madgraphMLM-pythia8/MINIAODSIM/106X_mcRun2_asymptotic_v17-v1/130000/B722BB81-9894-BD4E-9DB4-58096DA082B4.root
11-Jan-2024 05:39:35 CET  Initiating request to open file root://cmsxrootd.fnal.gov//store/mc/RunIISummer20UL16MiniAODv2/QCD_HT1500to2000_TuneCP5_PSWeights_13TeV-madgraphMLM-pythia8/MINIAODSIM/106X_mcRun2_asymptotic_v17-v1/130000/9E3E72BC-7976-B846-8066-AB0ABD643C1E.root
%MSG-w XrdAdaptor:  file_open 11-Jan-2024 05:39:37 CET PostProcessEvent
Data is served from fnal.gov instead of original site US-Regional-Nebraska
%MSG
11-Jan-2024 05:39:37 CET  Successfully opened file root://cmsxrootd.fnal.gov//store/mc/RunIISummer20UL16MiniAODv2/QCD_HT1500to2000_TuneCP5_PSWeights_13TeV-madgraphMLM-pythia8/MINIAODSIM/106X_mcRun2_asymptotic_v17-v1/130000/9E3E72BC-7976-B846-8066-AB0ABD643C1E.root
Begin processing the 1000001st record. Run 1, Event 79443129, LumiSection 8340 on stream 0 at 11-Jan-2024 05:39:58.342 CET
11-Jan-2024 05:39:58 CET  Closed file root://cmsxrootd.fnal.gov//store/mc/RunIISummer20UL16MiniAODv2/QCD_HT1500to2000_TuneCP5_PSWeights_13TeV-madgraphMLM-pythia8/MINIAODSIM/106X_mcRun2_asymptotic_v17-v1/130000/9E3E72BC-7976-B846-8066-AB0ABD643C1E.root
11-Jan-2024 05:39:58 CET  Initiating request to open file root://cmsxrootd.fnal.gov//store/mc/RunIISummer20UL16MiniAODv2/QCD_HT1500to2000_TuneCP5_PSWeights_13TeV-madgraphMLM-pythia8/MINIAODSIM/106X_mcRun2_asymptotic_v17-v1/130000/B7774C8D-B46E-4E49-BBA4-36D97F80CBD4.root
%MSG-w XrdAdaptor:  file_open 11-Jan-2024 05:40:00 CET PostProcessEvent
Data is served from fnal.gov instead of original site US-Regional-Nebraska
%MSG
11-Jan-2024 05:40:01 CET  Successfully opened file root://cmsxrootd.fnal.gov//store/mc/RunIISummer20UL16MiniAODv2/QCD_HT1500to2000_TuneCP5_PSWeights_13TeV-madgraphMLM-pythia8/MINIAODSIM/106X_mcRun2_asymptotic_v17-v1/130000/B7774C8D-B46E-4E49-BBA4-36D97F80CBD4.root
11-Jan-2024 05:40:26 CET  Closed file root://cmsxrootd.fnal.gov//store/mc/RunIISummer20UL16MiniAODv2/QCD_HT1500to2000_TuneCP5_PSWeights_13TeV-madgraphMLM-pythia8/MINIAODSIM/106X_mcRun2_asymptotic_v17-v1/130000/B7774C8D-B46E-4E49-BBA4-36D97F80CBD4.root
11-Jan-2024 05:40:26 CET  Initiating request to open file root://cmsxrootd.fnal.gov//store/mc/RunIISummer20UL16MiniAODv2/QCD_HT1500to2000_TuneCP5_PSWeights_13TeV-madgraphMLM-pythia8/MINIAODSIM/106X_mcRun2_asymptotic_v17-v1/130000/EB76D5EC-6302-974B-8613-74592B75CD85.root
%MSG-w XrdAdaptor:  file_open 11-Jan-2024 05:40:30 CET PostProcessEvent
Data is served from fnal.gov instead of original site US-Regional-Nebraska
%MSG
11-Jan-2024 05:40:31 CET  Successfully opened file root://cmsxrootd.fnal.gov//store/mc/RunIISummer20UL16MiniAODv2/QCD_HT1500to2000_TuneCP5_PSWeights_13TeV-madgraphMLM-pythia8/MINIAODSIM/106X_mcRun2_asymptotic_v17-v1/130000/EB76D5EC-6302-974B-8613-74592B75CD85.root
11-Jan-2024 05:40:44 CET  Closed file root://cmsxrootd.fnal.gov//store/mc/RunIISummer20UL16MiniAODv2/QCD_HT1500to2000_TuneCP5_PSWeights_13TeV-madgraphMLM-pythia8/MINIAODSIM/106X_mcRun2_asymptotic_v17-v1/130000/EB76D5EC-6302-974B-8613-74592B75CD85.root
11-Jan-2024 05:40:44 CET  Initiating request to open file root://cmsxrootd.fnal.gov//store/mc/RunIISummer20UL16MiniAODv2/QCD_HT1500to2000_TuneCP5_PSWeights_13TeV-madgraphMLM-pythia8/MINIAODSIM/106X_mcRun2_asymptotic_v17-v1/130000/28923C5E-4011-844E-973F-4EF30C541641.root
%MSG-w XrdAdaptor:  file_open 11-Jan-2024 05:40:49 CET PostProcessEvent
Data is served from fnal.gov instead of original site US-Regional-Nebraska
%MSG
11-Jan-2024 05:40:50 CET  Successfully opened file root://cmsxrootd.fnal.gov//store/mc/RunIISummer20UL16MiniAODv2/QCD_HT1500to2000_TuneCP5_PSWeights_13TeV-madgraphMLM-pythia8/MINIAODSIM/106X_mcRun2_asymptotic_v17-v1/130000/28923C5E-4011-844E-973F-4EF30C541641.root
Begin processing the 1100001st record. Run 1, Event 98321123, LumiSection 10322 on stream 0 at 11-Jan-2024 05:41:00.074 CET
11-Jan-2024 05:41:01 CET  Closed file root://cmsxrootd.fnal.gov//store/mc/RunIISummer20UL16MiniAODv2/QCD_HT1500to2000_TuneCP5_PSWeights_13TeV-madgraphMLM-pythia8/MINIAODSIM/106X_mcRun2_asymptotic_v17-v1/130000/28923C5E-4011-844E-973F-4EF30C541641.root
11-Jan-2024 05:41:01 CET  Initiating request to open file root://cmsxrootd.fnal.gov//store/mc/RunIISummer20UL16MiniAODv2/QCD_HT1500to2000_TuneCP5_PSWeights_13TeV-madgraphMLM-pythia8/MINIAODSIM/106X_mcRun2_asymptotic_v17-v1/130000/B881039E-8F9D-6245-8552-C8347EE9F01C.root
%MSG-w XrdAdaptor:  file_open 11-Jan-2024 05:41:07 CET PostProcessEvent
Data is served from fnal.gov instead of original site US-Regional-Nebraska
%MSG
11-Jan-2024 05:41:09 CET  Successfully opened file root://cmsxrootd.fnal.gov//store/mc/RunIISummer20UL16MiniAODv2/QCD_HT1500to2000_TuneCP5_PSWeights_13TeV-madgraphMLM-pythia8/MINIAODSIM/106X_mcRun2_asymptotic_v17-v1/130000/B881039E-8F9D-6245-8552-C8347EE9F01C.root
11-Jan-2024 05:41:54 CET  Closed file root://cmsxrootd.fnal.gov//store/mc/RunIISummer20UL16MiniAODv2/QCD_HT1500to2000_TuneCP5_PSWeights_13TeV-madgraphMLM-pythia8/MINIAODSIM/106X_mcRun2_asymptotic_v17-v1/130000/B881039E-8F9D-6245-8552-C8347EE9F01C.root
11-Jan-2024 05:41:54 CET  Initiating request to open file root://cmsxrootd.fnal.gov//store/mc/RunIISummer20UL16MiniAODv2/QCD_HT1500to2000_TuneCP5_PSWeights_13TeV-madgraphMLM-pythia8/MINIAODSIM/106X_mcRun2_asymptotic_v17-v1/130000/073B7E90-CB5A-E942-BA81-6E74F6A63BF9.root
%MSG-w XrdAdaptor:  file_open 11-Jan-2024 05:41:56 CET PostProcessEvent
Data is served from fnal.gov instead of original site US-Regional-Nebraska
%MSG
11-Jan-2024 05:41:57 CET  Successfully opened file root://cmsxrootd.fnal.gov//store/mc/RunIISummer20UL16MiniAODv2/QCD_HT1500to2000_TuneCP5_PSWeights_13TeV-madgraphMLM-pythia8/MINIAODSIM/106X_mcRun2_asymptotic_v17-v1/130000/073B7E90-CB5A-E942-BA81-6E74F6A63BF9.root
Begin processing the 1200001st record. Run 1, Event 14983986, LumiSection 1573 on stream 0 at 11-Jan-2024 05:42:05.198 CET
11-Jan-2024 05:42:06 CET  Closed file root://cmsxrootd.fnal.gov//store/mc/RunIISummer20UL16MiniAODv2/QCD_HT1500to2000_TuneCP5_PSWeights_13TeV-madgraphMLM-pythia8/MINIAODSIM/106X_mcRun2_asymptotic_v17-v1/130000/073B7E90-CB5A-E942-BA81-6E74F6A63BF9.root
11-Jan-2024 05:42:06 CET  Initiating request to open file root://cmsxrootd.fnal.gov//store/mc/RunIISummer20UL16MiniAODv2/QCD_HT1500to2000_TuneCP5_PSWeights_13TeV-madgraphMLM-pythia8/MINIAODSIM/106X_mcRun2_asymptotic_v17-v1/130000/F8118537-7A4F-1949-BC2C-B96A01593B3A.root
%MSG-w XrdAdaptor:  file_open 11-Jan-2024 05:42:10 CET PostProcessEvent
Data is served from fnal.gov instead of original site US-Regional-Nebraska
%MSG
11-Jan-2024 05:42:10 CET  Successfully opened file root://cmsxrootd.fnal.gov//store/mc/RunIISummer20UL16MiniAODv2/QCD_HT1500to2000_TuneCP5_PSWeights_13TeV-madgraphMLM-pythia8/MINIAODSIM/106X_mcRun2_asymptotic_v17-v1/130000/F8118537-7A4F-1949-BC2C-B96A01593B3A.root
11-Jan-2024 05:42:19 CET  Closed file root://cmsxrootd.fnal.gov//store/mc/RunIISummer20UL16MiniAODv2/QCD_HT1500to2000_TuneCP5_PSWeights_13TeV-madgraphMLM-pythia8/MINIAODSIM/106X_mcRun2_asymptotic_v17-v1/130000/F8118537-7A4F-1949-BC2C-B96A01593B3A.root
11-Jan-2024 05:42:19 CET  Initiating request to open file root://cmsxrootd.fnal.gov//store/mc/RunIISummer20UL16MiniAODv2/QCD_HT1500to2000_TuneCP5_PSWeights_13TeV-madgraphMLM-pythia8/MINIAODSIM/106X_mcRun2_asymptotic_v17-v1/130000/0B224032-B69C-654E-9FF6-EE401DE30659.root
%MSG-w XrdAdaptor:  file_open 11-Jan-2024 05:42:24 CET PostProcessEvent
Data is served from fnal.gov instead of original site US-Regional-Nebraska
%MSG
11-Jan-2024 05:42:25 CET  Successfully opened file root://cmsxrootd.fnal.gov//store/mc/RunIISummer20UL16MiniAODv2/QCD_HT1500to2000_TuneCP5_PSWeights_13TeV-madgraphMLM-pythia8/MINIAODSIM/106X_mcRun2_asymptotic_v17-v1/130000/0B224032-B69C-654E-9FF6-EE401DE30659.root
Begin processing the 1300001st record. Run 1, Event 35154563, LumiSection 3691 on stream 0 at 11-Jan-2024 05:42:47.744 CET
11-Jan-2024 05:42:48 CET  Closed file root://cmsxrootd.fnal.gov//store/mc/RunIISummer20UL16MiniAODv2/QCD_HT1500to2000_TuneCP5_PSWeights_13TeV-madgraphMLM-pythia8/MINIAODSIM/106X_mcRun2_asymptotic_v17-v1/130000/0B224032-B69C-654E-9FF6-EE401DE30659.root
11-Jan-2024 05:42:48 CET  Initiating request to open file root://cmsxrootd.fnal.gov//store/mc/RunIISummer20UL16MiniAODv2/QCD_HT1500to2000_TuneCP5_PSWeights_13TeV-madgraphMLM-pythia8/MINIAODSIM/106X_mcRun2_asymptotic_v17-v1/130000/EAF8C137-D4EF-0C49-A384-97DC303F4B2B.root
%MSG-w XrdAdaptor:  file_open 11-Jan-2024 05:42:52 CET PostProcessEvent
Data is served from fnal.gov instead of original site US-Regional-Nebraska
%MSG
11-Jan-2024 05:42:53 CET  Successfully opened file root://cmsxrootd.fnal.gov//store/mc/RunIISummer20UL16MiniAODv2/QCD_HT1500to2000_TuneCP5_PSWeights_13TeV-madgraphMLM-pythia8/MINIAODSIM/106X_mcRun2_asymptotic_v17-v1/130000/EAF8C137-D4EF-0C49-A384-97DC303F4B2B.root
11-Jan-2024 05:43:11 CET  Closed file root://cmsxrootd.fnal.gov//store/mc/RunIISummer20UL16MiniAODv2/QCD_HT1500to2000_TuneCP5_PSWeights_13TeV-madgraphMLM-pythia8/MINIAODSIM/106X_mcRun2_asymptotic_v17-v1/130000/EAF8C137-D4EF-0C49-A384-97DC303F4B2B.root
11-Jan-2024 05:43:11 CET  Initiating request to open file root://cmsxrootd.fnal.gov//store/mc/RunIISummer20UL16MiniAODv2/QCD_HT1500to2000_TuneCP5_PSWeights_13TeV-madgraphMLM-pythia8/MINIAODSIM/106X_mcRun2_asymptotic_v17-v1/130000/EFC387AE-3DDB-6242-AE63-90C14A5D97DF.root
%MSG-w XrdAdaptor:  file_open 11-Jan-2024 05:43:15 CET PostProcessEvent
Data is served from fnal.gov instead of original site US-Regional-Nebraska
%MSG
11-Jan-2024 05:43:16 CET  Successfully opened file root://cmsxrootd.fnal.gov//store/mc/RunIISummer20UL16MiniAODv2/QCD_HT1500to2000_TuneCP5_PSWeights_13TeV-madgraphMLM-pythia8/MINIAODSIM/106X_mcRun2_asymptotic_v17-v1/130000/EFC387AE-3DDB-6242-AE63-90C14A5D97DF.root
Begin processing the 1400001st record. Run 1, Event 30773880, LumiSection 3231 on stream 0 at 11-Jan-2024 05:43:33.507 CET
11-Jan-2024 05:43:34 CET  Closed file root://cmsxrootd.fnal.gov//store/mc/RunIISummer20UL16MiniAODv2/QCD_HT1500to2000_TuneCP5_PSWeights_13TeV-madgraphMLM-pythia8/MINIAODSIM/106X_mcRun2_asymptotic_v17-v1/130000/EFC387AE-3DDB-6242-AE63-90C14A5D97DF.root
11-Jan-2024 05:43:34 CET  Initiating request to open file root://cmsxrootd.fnal.gov//store/mc/RunIISummer20UL16MiniAODv2/QCD_HT1500to2000_TuneCP5_PSWeights_13TeV-madgraphMLM-pythia8/MINIAODSIM/106X_mcRun2_asymptotic_v17-v1/130000/22A15AD9-B1AE-2A4B-BC4A-BEB4F42DB0AB.root
%MSG-w XrdAdaptor:  file_open 11-Jan-2024 05:43:36 CET PostProcessEvent
Data is served from fnal.gov instead of original site US-Regional-Nebraska
%MSG
11-Jan-2024 05:43:37 CET  Successfully opened file root://cmsxrootd.fnal.gov//store/mc/RunIISummer20UL16MiniAODv2/QCD_HT1500to2000_TuneCP5_PSWeights_13TeV-madgraphMLM-pythia8/MINIAODSIM/106X_mcRun2_asymptotic_v17-v1/130000/22A15AD9-B1AE-2A4B-BC4A-BEB4F42DB0AB.root
11-Jan-2024 05:43:50 CET  Closed file root://cmsxrootd.fnal.gov//store/mc/RunIISummer20UL16MiniAODv2/QCD_HT1500to2000_TuneCP5_PSWeights_13TeV-madgraphMLM-pythia8/MINIAODSIM/106X_mcRun2_asymptotic_v17-v1/130000/22A15AD9-B1AE-2A4B-BC4A-BEB4F42DB0AB.root
11-Jan-2024 05:43:50 CET  Initiating request to open file root://cmsxrootd.fnal.gov//store/mc/RunIISummer20UL16MiniAODv2/QCD_HT1500to2000_TuneCP5_PSWeights_13TeV-madgraphMLM-pythia8/MINIAODSIM/106X_mcRun2_asymptotic_v17-v1/130000/7E0605B1-8FE4-344A-BD0F-18DCCD0B8CD4.root
%MSG-w XrdAdaptor:  file_open 11-Jan-2024 05:43:52 CET PostProcessEvent
Data is served from fnal.gov instead of original site US-Regional-Nebraska
%MSG
11-Jan-2024 05:43:53 CET  Successfully opened file root://cmsxrootd.fnal.gov//store/mc/RunIISummer20UL16MiniAODv2/QCD_HT1500to2000_TuneCP5_PSWeights_13TeV-madgraphMLM-pythia8/MINIAODSIM/106X_mcRun2_asymptotic_v17-v1/130000/7E0605B1-8FE4-344A-BD0F-18DCCD0B8CD4.root
Begin processing the 1500001st record. Run 1, Event 32370739, LumiSection 3399 on stream 0 at 11-Jan-2024 05:44:06.559 CET
11-Jan-2024 05:44:06 CET  Closed file root://cmsxrootd.fnal.gov//store/mc/RunIISummer20UL16MiniAODv2/QCD_HT1500to2000_TuneCP5_PSWeights_13TeV-madgraphMLM-pythia8/MINIAODSIM/106X_mcRun2_asymptotic_v17-v1/130000/7E0605B1-8FE4-344A-BD0F-18DCCD0B8CD4.root
11-Jan-2024 05:44:06 CET  Initiating request to open file root://cmsxrootd.fnal.gov//store/mc/RunIISummer20UL16MiniAODv2/QCD_HT1500to2000_TuneCP5_PSWeights_13TeV-madgraphMLM-pythia8/MINIAODSIM/106X_mcRun2_asymptotic_v17-v1/130000/04F75F68-2F06-764F-8DDE-B7F6C4A67EAD.root
%MSG-w XrdAdaptor:  file_open 11-Jan-2024 05:44:09 CET PostProcessEvent
Data is served from fnal.gov instead of original site US-Regional-Nebraska
%MSG
11-Jan-2024 05:44:10 CET  Successfully opened file root://cmsxrootd.fnal.gov//store/mc/RunIISummer20UL16MiniAODv2/QCD_HT1500to2000_TuneCP5_PSWeights_13TeV-madgraphMLM-pythia8/MINIAODSIM/106X_mcRun2_asymptotic_v17-v1/130000/04F75F68-2F06-764F-8DDE-B7F6C4A67EAD.root
11-Jan-2024 05:44:22 CET  Closed file root://cmsxrootd.fnal.gov//store/mc/RunIISummer20UL16MiniAODv2/QCD_HT1500to2000_TuneCP5_PSWeights_13TeV-madgraphMLM-pythia8/MINIAODSIM/106X_mcRun2_asymptotic_v17-v1/130000/04F75F68-2F06-764F-8DDE-B7F6C4A67EAD.root
11-Jan-2024 05:44:22 CET  Initiating request to open file root://cmsxrootd.fnal.gov//store/mc/RunIISummer20UL16MiniAODv2/QCD_HT1500to2000_TuneCP5_PSWeights_13TeV-madgraphMLM-pythia8/MINIAODSIM/106X_mcRun2_asymptotic_v17-v1/130000/014C72CB-4D02-214C-BDF6-B30D5F884A2E.root
%MSG-w XrdAdaptor:  file_open 11-Jan-2024 05:44:25 CET PostProcessEvent
Data is served from fnal.gov instead of original site US-Regional-Nebraska
%MSG
11-Jan-2024 05:44:26 CET  Successfully opened file root://cmsxrootd.fnal.gov//store/mc/RunIISummer20UL16MiniAODv2/QCD_HT1500to2000_TuneCP5_PSWeights_13TeV-madgraphMLM-pythia8/MINIAODSIM/106X_mcRun2_asymptotic_v17-v1/130000/014C72CB-4D02-214C-BDF6-B30D5F884A2E.root
Begin processing the 1600001st record. Run 1, Event 63467045, LumiSection 6663 on stream 0 at 11-Jan-2024 05:44:34.209 CET
11-Jan-2024 05:44:34 CET  Closed file root://cmsxrootd.fnal.gov//store/mc/RunIISummer20UL16MiniAODv2/QCD_HT1500to2000_TuneCP5_PSWeights_13TeV-madgraphMLM-pythia8/MINIAODSIM/106X_mcRun2_asymptotic_v17-v1/130000/014C72CB-4D02-214C-BDF6-B30D5F884A2E.root
11-Jan-2024 05:44:34 CET  Initiating request to open file root://cmsxrootd.fnal.gov//store/mc/RunIISummer20UL16MiniAODv2/QCD_HT1500to2000_TuneCP5_PSWeights_13TeV-madgraphMLM-pythia8/MINIAODSIM/106X_mcRun2_asymptotic_v17-v1/130000/8BF78068-6A76-194B-BA64-A563D921FD3C.root
%MSG-w XrdAdaptor:  file_open 11-Jan-2024 05:44:37 CET PostProcessEvent
Data is served from fnal.gov instead of original site US-Regional-Nebraska
%MSG
11-Jan-2024 05:44:38 CET  Successfully opened file root://cmsxrootd.fnal.gov//store/mc/RunIISummer20UL16MiniAODv2/QCD_HT1500to2000_TuneCP5_PSWeights_13TeV-madgraphMLM-pythia8/MINIAODSIM/106X_mcRun2_asymptotic_v17-v1/130000/8BF78068-6A76-194B-BA64-A563D921FD3C.root
11-Jan-2024 05:44:48 CET  Closed file root://cmsxrootd.fnal.gov//store/mc/RunIISummer20UL16MiniAODv2/QCD_HT1500to2000_TuneCP5_PSWeights_13TeV-madgraphMLM-pythia8/MINIAODSIM/106X_mcRun2_asymptotic_v17-v1/130000/8BF78068-6A76-194B-BA64-A563D921FD3C.root
11-Jan-2024 05:44:48 CET  Initiating request to open file root://cmsxrootd.fnal.gov//store/mc/RunIISummer20UL16MiniAODv2/QCD_HT1500to2000_TuneCP5_PSWeights_13TeV-madgraphMLM-pythia8/MINIAODSIM/106X_mcRun2_asymptotic_v17-v1/130000/45CD30E4-7759-834D-8345-849027AFDA90.root
%MSG-w XrdAdaptor:  file_open 11-Jan-2024 05:44:52 CET PostProcessEvent
Data is served from fnal.gov instead of original site US-Regional-Nebraska
%MSG
11-Jan-2024 05:44:52 CET  Successfully opened file root://cmsxrootd.fnal.gov//store/mc/RunIISummer20UL16MiniAODv2/QCD_HT1500to2000_TuneCP5_PSWeights_13TeV-madgraphMLM-pythia8/MINIAODSIM/106X_mcRun2_asymptotic_v17-v1/130000/45CD30E4-7759-834D-8345-849027AFDA90.root
11-Jan-2024 05:45:00 CET  Closed file root://cmsxrootd.fnal.gov//store/mc/RunIISummer20UL16MiniAODv2/QCD_HT1500to2000_TuneCP5_PSWeights_13TeV-madgraphMLM-pythia8/MINIAODSIM/106X_mcRun2_asymptotic_v17-v1/130000/45CD30E4-7759-834D-8345-849027AFDA90.root
11-Jan-2024 05:45:00 CET  Initiating request to open file root://cmsxrootd.fnal.gov//store/mc/RunIISummer20UL16MiniAODv2/QCD_HT1500to2000_TuneCP5_PSWeights_13TeV-madgraphMLM-pythia8/MINIAODSIM/106X_mcRun2_asymptotic_v17-v1/270000/A5A57B0B-4464-BC4F-8015-A20BD3686AA6.root
%MSG-w XrdAdaptor:  file_open 11-Jan-2024 05:45:04 CET PostProcessEvent
Data is served from T2_US_Florida instead of original site US-Regional-Nebraska
%MSG
11-Jan-2024 05:45:04 CET  Successfully opened file root://cmsxrootd.fnal.gov//store/mc/RunIISummer20UL16MiniAODv2/QCD_HT1500to2000_TuneCP5_PSWeights_13TeV-madgraphMLM-pythia8/MINIAODSIM/106X_mcRun2_asymptotic_v17-v1/270000/A5A57B0B-4464-BC4F-8015-A20BD3686AA6.root
Begin processing the 1700001st record. Run 1, Event 77640742, LumiSection 8151 on stream 0 at 11-Jan-2024 05:45:10.482 CET
11-Jan-2024 05:45:10 CET  Closed file root://cmsxrootd.fnal.gov//store/mc/RunIISummer20UL16MiniAODv2/QCD_HT1500to2000_TuneCP5_PSWeights_13TeV-madgraphMLM-pythia8/MINIAODSIM/106X_mcRun2_asymptotic_v17-v1/270000/A5A57B0B-4464-BC4F-8015-A20BD3686AA6.root
11-Jan-2024 05:45:10 CET  Initiating request to open file root://cmsxrootd.fnal.gov//store/mc/RunIISummer20UL16MiniAODv2/QCD_HT1500to2000_TuneCP5_PSWeights_13TeV-madgraphMLM-pythia8/MINIAODSIM/106X_mcRun2_asymptotic_v17-v1/270000/4A7BCC9D-8D69-F543-848C-C7A92560FD5A.root
%MSG-w XrdAdaptor:  file_open 11-Jan-2024 05:45:14 CET PostProcessEvent
Data is served from T2_US_Florida instead of original site US-Regional-Nebraska
%MSG
11-Jan-2024 05:45:14 CET  Successfully opened file root://cmsxrootd.fnal.gov//store/mc/RunIISummer20UL16MiniAODv2/QCD_HT1500to2000_TuneCP5_PSWeights_13TeV-madgraphMLM-pythia8/MINIAODSIM/106X_mcRun2_asymptotic_v17-v1/270000/4A7BCC9D-8D69-F543-848C-C7A92560FD5A.root
11-Jan-2024 05:45:22 CET  Closed file root://cmsxrootd.fnal.gov//store/mc/RunIISummer20UL16MiniAODv2/QCD_HT1500to2000_TuneCP5_PSWeights_13TeV-madgraphMLM-pythia8/MINIAODSIM/106X_mcRun2_asymptotic_v17-v1/270000/4A7BCC9D-8D69-F543-848C-C7A92560FD5A.root
11-Jan-2024 05:45:22 CET  Initiating request to open file root://cmsxrootd.fnal.gov//store/mc/RunIISummer20UL16MiniAODv2/QCD_HT1500to2000_TuneCP5_PSWeights_13TeV-madgraphMLM-pythia8/MINIAODSIM/106X_mcRun2_asymptotic_v17-v1/270000/EF461A7B-8142-0049-8E60-717EEA7908A1.root
%MSG-w XrdAdaptor:  file_open 11-Jan-2024 05:45:24 CET PostProcessEvent
Data is served from T2_US_Florida instead of original site US-Regional-Nebraska
%MSG
11-Jan-2024 05:45:25 CET  Successfully opened file root://cmsxrootd.fnal.gov//store/mc/RunIISummer20UL16MiniAODv2/QCD_HT1500to2000_TuneCP5_PSWeights_13TeV-madgraphMLM-pythia8/MINIAODSIM/106X_mcRun2_asymptotic_v17-v1/270000/EF461A7B-8142-0049-8E60-717EEA7908A1.root
Begin processing the 1800001st record. Run 1, Event 113814157, LumiSection 11948 on stream 0 at 11-Jan-2024 05:45:36.160 CET
11-Jan-2024 05:45:36 CET  Closed file root://cmsxrootd.fnal.gov//store/mc/RunIISummer20UL16MiniAODv2/QCD_HT1500to2000_TuneCP5_PSWeights_13TeV-madgraphMLM-pythia8/MINIAODSIM/106X_mcRun2_asymptotic_v17-v1/270000/EF461A7B-8142-0049-8E60-717EEA7908A1.root
11-Jan-2024 05:45:36 CET  Initiating request to open file root://cmsxrootd.fnal.gov//store/mc/RunIISummer20UL16MiniAODv2/QCD_HT1500to2000_TuneCP5_PSWeights_13TeV-madgraphMLM-pythia8/MINIAODSIM/106X_mcRun2_asymptotic_v17-v1/270000/D987B3A3-474E-C04F-A5CB-FE751D27FA57.root
%MSG-w XrdAdaptor:  file_open 11-Jan-2024 05:45:38 CET PostProcessEvent
Data is served from T2_US_Florida instead of original site US-Regional-Nebraska
%MSG
11-Jan-2024 05:45:39 CET  Successfully opened file root://cmsxrootd.fnal.gov//store/mc/RunIISummer20UL16MiniAODv2/QCD_HT1500to2000_TuneCP5_PSWeights_13TeV-madgraphMLM-pythia8/MINIAODSIM/106X_mcRun2_asymptotic_v17-v1/270000/D987B3A3-474E-C04F-A5CB-FE751D27FA57.root
11-Jan-2024 05:45:47 CET  Closed file root://cmsxrootd.fnal.gov//store/mc/RunIISummer20UL16MiniAODv2/QCD_HT1500to2000_TuneCP5_PSWeights_13TeV-madgraphMLM-pythia8/MINIAODSIM/106X_mcRun2_asymptotic_v17-v1/270000/D987B3A3-474E-C04F-A5CB-FE751D27FA57.root
11-Jan-2024 05:45:47 CET  Initiating request to open file root://cmsxrootd.fnal.gov//store/mc/RunIISummer20UL16MiniAODv2/QCD_HT1500to2000_TuneCP5_PSWeights_13TeV-madgraphMLM-pythia8/MINIAODSIM/106X_mcRun2_asymptotic_v17-v1/270000/5F3BE05F-82F4-3B4F-BE65-0BEF7E73B933.root
%MSG-w XrdAdaptor:  file_open 11-Jan-2024 05:45:49 CET PostProcessEvent
Data is served from T2_US_Florida instead of original site US-Regional-Nebraska
%MSG
11-Jan-2024 05:45:50 CET  Successfully opened file root://cmsxrootd.fnal.gov//store/mc/RunIISummer20UL16MiniAODv2/QCD_HT1500to2000_TuneCP5_PSWeights_13TeV-madgraphMLM-pythia8/MINIAODSIM/106X_mcRun2_asymptotic_v17-v1/270000/5F3BE05F-82F4-3B4F-BE65-0BEF7E73B933.root
11-Jan-2024 05:45:58 CET  Closed file root://cmsxrootd.fnal.gov//store/mc/RunIISummer20UL16MiniAODv2/QCD_HT1500to2000_TuneCP5_PSWeights_13TeV-madgraphMLM-pythia8/MINIAODSIM/106X_mcRun2_asymptotic_v17-v1/270000/5F3BE05F-82F4-3B4F-BE65-0BEF7E73B933.root
11-Jan-2024 05:45:58 CET  Initiating request to open file root://cmsxrootd.fnal.gov//store/mc/RunIISummer20UL16MiniAODv2/QCD_HT1500to2000_TuneCP5_PSWeights_13TeV-madgraphMLM-pythia8/MINIAODSIM/106X_mcRun2_asymptotic_v17-v1/270000/D93E5E1D-E6D2-D549-A7C2-A6B2F126FCCE.root
%MSG-w XrdAdaptor:  file_open 11-Jan-2024 05:46:00 CET PostProcessEvent
Data is served from T2_US_Florida instead of original site US-Regional-Nebraska
%MSG
11-Jan-2024 05:46:01 CET  Successfully opened file root://cmsxrootd.fnal.gov//store/mc/RunIISummer20UL16MiniAODv2/QCD_HT1500to2000_TuneCP5_PSWeights_13TeV-madgraphMLM-pythia8/MINIAODSIM/106X_mcRun2_asymptotic_v17-v1/270000/D93E5E1D-E6D2-D549-A7C2-A6B2F126FCCE.root
Begin processing the 1900001st record. Run 1, Event 71131987, LumiSection 7468 on stream 0 at 11-Jan-2024 05:46:06.239 CET
11-Jan-2024 05:46:06 CET  Closed file root://cmsxrootd.fnal.gov//store/mc/RunIISummer20UL16MiniAODv2/QCD_HT1500to2000_TuneCP5_PSWeights_13TeV-madgraphMLM-pythia8/MINIAODSIM/106X_mcRun2_asymptotic_v17-v1/270000/D93E5E1D-E6D2-D549-A7C2-A6B2F126FCCE.root
11-Jan-2024 05:46:06 CET  Initiating request to open file root://cmsxrootd.fnal.gov//store/mc/RunIISummer20UL16MiniAODv2/QCD_HT1500to2000_TuneCP5_PSWeights_13TeV-madgraphMLM-pythia8/MINIAODSIM/106X_mcRun2_asymptotic_v17-v1/280000/51FB04B3-A5F5-2747-98D7-E134C529ADA3.root
%MSG-w XrdAdaptor:  file_open 11-Jan-2024 05:46:11 CET PostProcessEvent
Data is served from T2_US_Wisconsin instead of original site US-Regional-Nebraska
%MSG
11-Jan-2024 05:46:12 CET  Successfully opened file root://cmsxrootd.fnal.gov//store/mc/RunIISummer20UL16MiniAODv2/QCD_HT1500to2000_TuneCP5_PSWeights_13TeV-madgraphMLM-pythia8/MINIAODSIM/106X_mcRun2_asymptotic_v17-v1/280000/51FB04B3-A5F5-2747-98D7-E134C529ADA3.root
11-Jan-2024 05:46:20 CET  Closed file root://cmsxrootd.fnal.gov//store/mc/RunIISummer20UL16MiniAODv2/QCD_HT1500to2000_TuneCP5_PSWeights_13TeV-madgraphMLM-pythia8/MINIAODSIM/106X_mcRun2_asymptotic_v17-v1/280000/51FB04B3-A5F5-2747-98D7-E134C529ADA3.root
11-Jan-2024 05:46:20 CET  Initiating request to open file root://cmsxrootd.fnal.gov//store/mc/RunIISummer20UL16MiniAODv2/QCD_HT1500to2000_TuneCP5_PSWeights_13TeV-madgraphMLM-pythia8/MINIAODSIM/106X_mcRun2_asymptotic_v17-v1/280000/3E02DE26-083C-A041-A42D-2E01E66A3463.root
%MSG-w XrdAdaptor:  file_open 11-Jan-2024 05:46:23 CET PostProcessEvent
Data is served from T2_US_Wisconsin instead of original site US-Regional-Nebraska
%MSG
11-Jan-2024 05:46:24 CET  Successfully opened file root://cmsxrootd.fnal.gov//store/mc/RunIISummer20UL16MiniAODv2/QCD_HT1500to2000_TuneCP5_PSWeights_13TeV-madgraphMLM-pythia8/MINIAODSIM/106X_mcRun2_asymptotic_v17-v1/280000/3E02DE26-083C-A041-A42D-2E01E66A3463.root
11-Jan-2024 05:46:33 CET  Closed file root://cmsxrootd.fnal.gov//store/mc/RunIISummer20UL16MiniAODv2/QCD_HT1500to2000_TuneCP5_PSWeights_13TeV-madgraphMLM-pythia8/MINIAODSIM/106X_mcRun2_asymptotic_v17-v1/280000/3E02DE26-083C-A041-A42D-2E01E66A3463.root
11-Jan-2024 05:46:33 CET  Initiating request to open file root://cmsxrootd.fnal.gov//store/mc/RunIISummer20UL16MiniAODv2/QCD_HT1500to2000_TuneCP5_PSWeights_13TeV-madgraphMLM-pythia8/MINIAODSIM/106X_mcRun2_asymptotic_v17-v1/280000/A4CCE3B7-A853-DB44-BDC6-4179227CB138.root
%MSG-w XrdAdaptor:  file_open 11-Jan-2024 05:46:36 CET PostProcessEvent
Data is served from T2_US_Wisconsin instead of original site US-Regional-Nebraska
%MSG
11-Jan-2024 05:46:36 CET  Successfully opened file root://cmsxrootd.fnal.gov//store/mc/RunIISummer20UL16MiniAODv2/QCD_HT1500to2000_TuneCP5_PSWeights_13TeV-madgraphMLM-pythia8/MINIAODSIM/106X_mcRun2_asymptotic_v17-v1/280000/A4CCE3B7-A853-DB44-BDC6-4179227CB138.root
Begin processing the 2000001st record. Run 1, Event 134828987, LumiSection 14154 on stream 0 at 11-Jan-2024 05:46:47.764 CET
11-Jan-2024 05:46:48 CET  Closed file root://cmsxrootd.fnal.gov//store/mc/RunIISummer20UL16MiniAODv2/QCD_HT1500to2000_TuneCP5_PSWeights_13TeV-madgraphMLM-pythia8/MINIAODSIM/106X_mcRun2_asymptotic_v17-v1/280000/A4CCE3B7-A853-DB44-BDC6-4179227CB138.root
11-Jan-2024 05:46:48 CET  Initiating request to open file root://cmsxrootd.fnal.gov//store/mc/RunIISummer20UL16MiniAODv2/QCD_HT1500to2000_TuneCP5_PSWeights_13TeV-madgraphMLM-pythia8/MINIAODSIM/106X_mcRun2_asymptotic_v17-v1/130000/356F5BB8-1B11-9F4E-9C70-9B37F99CC319.root
%MSG-w XrdAdaptor:  file_open 11-Jan-2024 05:46:51 CET PostProcessEvent
Data is served from fnal.gov instead of original site US-Regional-Nebraska
%MSG
11-Jan-2024 05:46:51 CET  Successfully opened file root://cmsxrootd.fnal.gov//store/mc/RunIISummer20UL16MiniAODv2/QCD_HT1500to2000_TuneCP5_PSWeights_13TeV-madgraphMLM-pythia8/MINIAODSIM/106X_mcRun2_asymptotic_v17-v1/130000/356F5BB8-1B11-9F4E-9C70-9B37F99CC319.root
11-Jan-2024 05:46:59 CET  Closed file root://cmsxrootd.fnal.gov//store/mc/RunIISummer20UL16MiniAODv2/QCD_HT1500to2000_TuneCP5_PSWeights_13TeV-madgraphMLM-pythia8/MINIAODSIM/106X_mcRun2_asymptotic_v17-v1/130000/356F5BB8-1B11-9F4E-9C70-9B37F99CC319.root
11-Jan-2024 05:46:59 CET  Initiating request to open file root://cmsxrootd.fnal.gov//store/mc/RunIISummer20UL16MiniAODv2/QCD_HT1500to2000_TuneCP5_PSWeights_13TeV-madgraphMLM-pythia8/MINIAODSIM/106X_mcRun2_asymptotic_v17-v1/280000/D6A9D2F8-D05E-0E4F-B4CE-5DF7BBA36BB7.root
%MSG-w XrdAdaptor:  file_open 11-Jan-2024 05:47:04 CET PostProcessEvent
Data is served from T2_US_Caltech instead of original site US-Regional-Nebraska
%MSG
11-Jan-2024 05:47:06 CET  Successfully opened file root://cmsxrootd.fnal.gov//store/mc/RunIISummer20UL16MiniAODv2/QCD_HT1500to2000_TuneCP5_PSWeights_13TeV-madgraphMLM-pythia8/MINIAODSIM/106X_mcRun2_asymptotic_v17-v1/280000/D6A9D2F8-D05E-0E4F-B4CE-5DF7BBA36BB7.root
Begin processing the 2100001st record. Run 1, Event 109809645, LumiSection 11528 on stream 0 at 11-Jan-2024 05:47:18.924 CET
11-Jan-2024 05:47:19 CET  Closed file root://cmsxrootd.fnal.gov//store/mc/RunIISummer20UL16MiniAODv2/QCD_HT1500to2000_TuneCP5_PSWeights_13TeV-madgraphMLM-pythia8/MINIAODSIM/106X_mcRun2_asymptotic_v17-v1/280000/D6A9D2F8-D05E-0E4F-B4CE-5DF7BBA36BB7.root
11-Jan-2024 05:47:19 CET  Initiating request to open file root://cmsxrootd.fnal.gov//store/mc/RunIISummer20UL16MiniAODv2/QCD_HT1500to2000_TuneCP5_PSWeights_13TeV-madgraphMLM-pythia8/MINIAODSIM/106X_mcRun2_asymptotic_v17-v1/280000/F92AB1CB-47FE-E244-9386-3006A6A3406A.root
%MSG-w XrdAdaptor:  file_open 11-Jan-2024 05:47:23 CET PostProcessEvent
Data is served from T2_US_Caltech instead of original site US-Regional-Nebraska
%MSG
11-Jan-2024 05:47:24 CET  Successfully opened file root://cmsxrootd.fnal.gov//store/mc/RunIISummer20UL16MiniAODv2/QCD_HT1500to2000_TuneCP5_PSWeights_13TeV-madgraphMLM-pythia8/MINIAODSIM/106X_mcRun2_asymptotic_v17-v1/280000/F92AB1CB-47FE-E244-9386-3006A6A3406A.root
11-Jan-2024 05:47:44 CET  Closed file root://cmsxrootd.fnal.gov//store/mc/RunIISummer20UL16MiniAODv2/QCD_HT1500to2000_TuneCP5_PSWeights_13TeV-madgraphMLM-pythia8/MINIAODSIM/106X_mcRun2_asymptotic_v17-v1/280000/F92AB1CB-47FE-E244-9386-3006A6A3406A.root
11-Jan-2024 05:47:44 CET  Initiating request to open file root://cmsxrootd.fnal.gov//store/mc/RunIISummer20UL16MiniAODv2/QCD_HT1500to2000_TuneCP5_PSWeights_13TeV-madgraphMLM-pythia8/MINIAODSIM/106X_mcRun2_asymptotic_v17-v1/280000/DE06B741-B408-B940-B51A-BCF92539C1E3.root
%MSG-w XrdAdaptor:  file_open 11-Jan-2024 05:47:48 CET PostProcessEvent
Data is served from T2_US_Caltech instead of original site US-Regional-Nebraska
%MSG
11-Jan-2024 05:47:49 CET  Successfully opened file root://cmsxrootd.fnal.gov//store/mc/RunIISummer20UL16MiniAODv2/QCD_HT1500to2000_TuneCP5_PSWeights_13TeV-madgraphMLM-pythia8/MINIAODSIM/106X_mcRun2_asymptotic_v17-v1/280000/DE06B741-B408-B940-B51A-BCF92539C1E3.root
Begin processing the 2200001st record. Run 1, Event 104099208, LumiSection 10928 on stream 0 at 11-Jan-2024 05:47:58.446 CET
11-Jan-2024 05:47:58 CET  Closed file root://cmsxrootd.fnal.gov//store/mc/RunIISummer20UL16MiniAODv2/QCD_HT1500to2000_TuneCP5_PSWeights_13TeV-madgraphMLM-pythia8/MINIAODSIM/106X_mcRun2_asymptotic_v17-v1/280000/DE06B741-B408-B940-B51A-BCF92539C1E3.root
11-Jan-2024 05:47:58 CET  Initiating request to open file root://cmsxrootd.fnal.gov//store/mc/RunIISummer20UL16MiniAODv2/QCD_HT1500to2000_TuneCP5_PSWeights_13TeV-madgraphMLM-pythia8/MINIAODSIM/106X_mcRun2_asymptotic_v17-v1/280000/6D120A80-319B-CF4F-B047-5F36FEDD267F.root
%MSG-w XrdAdaptor:  file_open 11-Jan-2024 05:48:00 CET PostProcessEvent
Data is served from T2_US_Caltech instead of original site US-Regional-Nebraska
%MSG
11-Jan-2024 05:48:01 CET  Successfully opened file root://cmsxrootd.fnal.gov//store/mc/RunIISummer20UL16MiniAODv2/QCD_HT1500to2000_TuneCP5_PSWeights_13TeV-madgraphMLM-pythia8/MINIAODSIM/106X_mcRun2_asymptotic_v17-v1/280000/6D120A80-319B-CF4F-B047-5F36FEDD267F.root
11-Jan-2024 05:48:22 CET  Closed file root://cmsxrootd.fnal.gov//store/mc/RunIISummer20UL16MiniAODv2/QCD_HT1500to2000_TuneCP5_PSWeights_13TeV-madgraphMLM-pythia8/MINIAODSIM/106X_mcRun2_asymptotic_v17-v1/280000/6D120A80-319B-CF4F-B047-5F36FEDD267F.root
11-Jan-2024 05:48:22 CET  Initiating request to open file root://cmsxrootd.fnal.gov//store/mc/RunIISummer20UL16MiniAODv2/QCD_HT1500to2000_TuneCP5_PSWeights_13TeV-madgraphMLM-pythia8/MINIAODSIM/106X_mcRun2_asymptotic_v17-v1/280000/24675E06-8090-7041-BA72-F166F54F5516.root
%MSG-w XrdAdaptor:  file_open 11-Jan-2024 05:48:25 CET PostProcessEvent
Data is served from T2_US_Caltech instead of original site US-Regional-Nebraska
%MSG
11-Jan-2024 05:48:27 CET  Successfully opened file root://cmsxrootd.fnal.gov//store/mc/RunIISummer20UL16MiniAODv2/QCD_HT1500to2000_TuneCP5_PSWeights_13TeV-madgraphMLM-pythia8/MINIAODSIM/106X_mcRun2_asymptotic_v17-v1/280000/24675E06-8090-7041-BA72-F166F54F5516.root
11-Jan-2024 05:48:52 CET  Closed file root://cmsxrootd.fnal.gov//store/mc/RunIISummer20UL16MiniAODv2/QCD_HT1500to2000_TuneCP5_PSWeights_13TeV-madgraphMLM-pythia8/MINIAODSIM/106X_mcRun2_asymptotic_v17-v1/280000/24675E06-8090-7041-BA72-F166F54F5516.root
11-Jan-2024 05:48:52 CET  Initiating request to open file root://cmsxrootd.fnal.gov//store/mc/RunIISummer20UL16MiniAODv2/QCD_HT1500to2000_TuneCP5_PSWeights_13TeV-madgraphMLM-pythia8/MINIAODSIM/106X_mcRun2_asymptotic_v17-v1/280000/FAFF5EE2-F08F-0D4F-A43A-8990712DF75B.root
%MSG-w XrdAdaptor:  file_open 11-Jan-2024 05:48:54 CET PostProcessEvent
Data is served from T2_US_Caltech instead of original site US-Regional-Nebraska
%MSG
11-Jan-2024 05:48:55 CET  Successfully opened file root://cmsxrootd.fnal.gov//store/mc/RunIISummer20UL16MiniAODv2/QCD_HT1500to2000_TuneCP5_PSWeights_13TeV-madgraphMLM-pythia8/MINIAODSIM/106X_mcRun2_asymptotic_v17-v1/280000/FAFF5EE2-F08F-0D4F-A43A-8990712DF75B.root
Begin processing the 2300001st record. Run 1, Event 24587657, LumiSection 2582 on stream 0 at 11-Jan-2024 05:49:13.460 CET
11-Jan-2024 05:49:14 CET  Closed file root://cmsxrootd.fnal.gov//store/mc/RunIISummer20UL16MiniAODv2/QCD_HT1500to2000_TuneCP5_PSWeights_13TeV-madgraphMLM-pythia8/MINIAODSIM/106X_mcRun2_asymptotic_v17-v1/280000/FAFF5EE2-F08F-0D4F-A43A-8990712DF75B.root
11-Jan-2024 05:49:14 CET  Initiating request to open file root://cmsxrootd.fnal.gov//store/mc/RunIISummer20UL16MiniAODv2/QCD_HT1500to2000_TuneCP5_PSWeights_13TeV-madgraphMLM-pythia8/MINIAODSIM/106X_mcRun2_asymptotic_v17-v1/270000/B6F754D1-E32C-614B-A1D7-2639D06C0EA5.root
[2024-01-11 05:49:16.399715 +0100][Error  ][AsyncSock         ] [xrootd.cmsaf.mit.edu:1094 #0.0] Socket error encountered: [ERROR] Internal error
%MSG-w XrdAdaptor:  file_open 11-Jan-2024 05:49:16 CET PostProcessEvent
Data is served from fnal.gov instead of original site US-Regional-Nebraska
%MSG
11-Jan-2024 05:49:17 CET  Successfully opened file root://cmsxrootd.fnal.gov//store/mc/RunIISummer20UL16MiniAODv2/QCD_HT1500to2000_TuneCP5_PSWeights_13TeV-madgraphMLM-pythia8/MINIAODSIM/106X_mcRun2_asymptotic_v17-v1/270000/B6F754D1-E32C-614B-A1D7-2639D06C0EA5.root
11-Jan-2024 05:49:35 CET  Closed file root://cmsxrootd.fnal.gov//store/mc/RunIISummer20UL16MiniAODv2/QCD_HT1500to2000_TuneCP5_PSWeights_13TeV-madgraphMLM-pythia8/MINIAODSIM/106X_mcRun2_asymptotic_v17-v1/270000/B6F754D1-E32C-614B-A1D7-2639D06C0EA5.root
11-Jan-2024 05:49:35 CET  Initiating request to open file root://cmsxrootd.fnal.gov//store/mc/RunIISummer20UL16MiniAODv2/QCD_HT1500to2000_TuneCP5_PSWeights_13TeV-madgraphMLM-pythia8/MINIAODSIM/106X_mcRun2_asymptotic_v17-v1/270000/11D28C3D-9A64-BC49-A251-D2A7A73028CC.root
%MSG-w XrdAdaptor:  file_open 11-Jan-2024 05:50:23 CET PostProcessEvent
Data is served from fnal.gov instead of original site US-Regional-Nebraska
%MSG
11-Jan-2024 05:50:24 CET  Successfully opened file root://cmsxrootd.fnal.gov//store/mc/RunIISummer20UL16MiniAODv2/QCD_HT1500to2000_TuneCP5_PSWeights_13TeV-madgraphMLM-pythia8/MINIAODSIM/106X_mcRun2_asymptotic_v17-v1/270000/11D28C3D-9A64-BC49-A251-D2A7A73028CC.root
11-Jan-2024 05:50:34 CET  Closed file root://cmsxrootd.fnal.gov//store/mc/RunIISummer20UL16MiniAODv2/QCD_HT1500to2000_TuneCP5_PSWeights_13TeV-madgraphMLM-pythia8/MINIAODSIM/106X_mcRun2_asymptotic_v17-v1/270000/11D28C3D-9A64-BC49-A251-D2A7A73028CC.root
11-Jan-2024 05:50:34 CET  Initiating request to open file root://cmsxrootd.fnal.gov//store/mc/RunIISummer20UL16MiniAODv2/QCD_HT1500to2000_TuneCP5_PSWeights_13TeV-madgraphMLM-pythia8/MINIAODSIM/106X_mcRun2_asymptotic_v17-v1/270000/136E4671-717E-7F44-A34A-7B3E9B44B51C.root
%MSG-w XrdAdaptor:  file_open 11-Jan-2024 05:50:38 CET PostProcessEvent
Data is served from fnal.gov instead of original site US-Regional-Nebraska
%MSG
11-Jan-2024 05:50:40 CET  Successfully opened file root://cmsxrootd.fnal.gov//store/mc/RunIISummer20UL16MiniAODv2/QCD_HT1500to2000_TuneCP5_PSWeights_13TeV-madgraphMLM-pythia8/MINIAODSIM/106X_mcRun2_asymptotic_v17-v1/270000/136E4671-717E-7F44-A34A-7B3E9B44B51C.root
Begin processing the 2400001st record. Run 1, Event 122541172, LumiSection 12864 on stream 0 at 11-Jan-2024 05:50:46.183 CET
11-Jan-2024 05:50:47 CET  Closed file root://cmsxrootd.fnal.gov//store/mc/RunIISummer20UL16MiniAODv2/QCD_HT1500to2000_TuneCP5_PSWeights_13TeV-madgraphMLM-pythia8/MINIAODSIM/106X_mcRun2_asymptotic_v17-v1/270000/136E4671-717E-7F44-A34A-7B3E9B44B51C.root
11-Jan-2024 05:50:47 CET  Initiating request to open file root://cmsxrootd.fnal.gov//store/mc/RunIISummer20UL16MiniAODv2/QCD_HT1500to2000_TuneCP5_PSWeights_13TeV-madgraphMLM-pythia8/MINIAODSIM/106X_mcRun2_asymptotic_v17-v1/270000/74DCA49C-7670-4843-BA66-78C60310BB36.root
%MSG-w XrdAdaptor:  file_open 11-Jan-2024 05:50:49 CET PostProcessEvent
Data is served from fnal.gov instead of original site US-Regional-Nebraska
%MSG
11-Jan-2024 05:50:50 CET  Successfully opened file root://cmsxrootd.fnal.gov//store/mc/RunIISummer20UL16MiniAODv2/QCD_HT1500to2000_TuneCP5_PSWeights_13TeV-madgraphMLM-pythia8/MINIAODSIM/106X_mcRun2_asymptotic_v17-v1/270000/74DCA49C-7670-4843-BA66-78C60310BB36.root
11-Jan-2024 05:51:02 CET  Closed file root://cmsxrootd.fnal.gov//store/mc/RunIISummer20UL16MiniAODv2/QCD_HT1500to2000_TuneCP5_PSWeights_13TeV-madgraphMLM-pythia8/MINIAODSIM/106X_mcRun2_asymptotic_v17-v1/270000/74DCA49C-7670-4843-BA66-78C60310BB36.root
11-Jan-2024 05:51:02 CET  Initiating request to open file root://cmsxrootd.fnal.gov//store/mc/RunIISummer20UL16MiniAODv2/QCD_HT1500to2000_TuneCP5_PSWeights_13TeV-madgraphMLM-pythia8/MINIAODSIM/106X_mcRun2_asymptotic_v17-v1/270000/9EC10589-2AA3-3542-963D-FA7273F1CC20.root
%MSG-w XrdAdaptor:  file_open 11-Jan-2024 05:51:04 CET PostProcessEvent
Data is served from fnal.gov instead of original site US-Regional-Nebraska
%MSG
11-Jan-2024 05:51:05 CET  Successfully opened file root://cmsxrootd.fnal.gov//store/mc/RunIISummer20UL16MiniAODv2/QCD_HT1500to2000_TuneCP5_PSWeights_13TeV-madgraphMLM-pythia8/MINIAODSIM/106X_mcRun2_asymptotic_v17-v1/270000/9EC10589-2AA3-3542-963D-FA7273F1CC20.root
Begin processing the 2500001st record. Run 1, Event 95581170, LumiSection 10034 on stream 0 at 11-Jan-2024 05:51:14.810 CET
11-Jan-2024 05:51:15 CET  Closed file root://cmsxrootd.fnal.gov//store/mc/RunIISummer20UL16MiniAODv2/QCD_HT1500to2000_TuneCP5_PSWeights_13TeV-madgraphMLM-pythia8/MINIAODSIM/106X_mcRun2_asymptotic_v17-v1/270000/9EC10589-2AA3-3542-963D-FA7273F1CC20.root
11-Jan-2024 05:51:15 CET  Initiating request to open file root://cmsxrootd.fnal.gov//store/mc/RunIISummer20UL16MiniAODv2/QCD_HT1500to2000_TuneCP5_PSWeights_13TeV-madgraphMLM-pythia8/MINIAODSIM/106X_mcRun2_asymptotic_v17-v1/270000/02EAADF5-4ED4-494D-84A4-8489117E3CEE.root
%MSG-w XrdAdaptor:  file_open 11-Jan-2024 05:51:17 CET PostProcessEvent
Data is served from fnal.gov instead of original site US-Regional-Nebraska
%MSG
11-Jan-2024 05:51:18 CET  Successfully opened file root://cmsxrootd.fnal.gov//store/mc/RunIISummer20UL16MiniAODv2/QCD_HT1500to2000_TuneCP5_PSWeights_13TeV-madgraphMLM-pythia8/MINIAODSIM/106X_mcRun2_asymptotic_v17-v1/270000/02EAADF5-4ED4-494D-84A4-8489117E3CEE.root
11-Jan-2024 05:51:29 CET  Closed file root://cmsxrootd.fnal.gov//store/mc/RunIISummer20UL16MiniAODv2/QCD_HT1500to2000_TuneCP5_PSWeights_13TeV-madgraphMLM-pythia8/MINIAODSIM/106X_mcRun2_asymptotic_v17-v1/270000/02EAADF5-4ED4-494D-84A4-8489117E3CEE.root
11-Jan-2024 05:51:29 CET  Initiating request to open file root://cmsxrootd.fnal.gov//store/mc/RunIISummer20UL16MiniAODv2/QCD_HT1500to2000_TuneCP5_PSWeights_13TeV-madgraphMLM-pythia8/MINIAODSIM/106X_mcRun2_asymptotic_v17-v1/270000/206D9FD2-1788-584C-B211-7E4659FDEAD0.root
%MSG-w XrdAdaptor:  file_open 11-Jan-2024 05:51:32 CET PostProcessEvent
Data is served from fnal.gov instead of original site US-Regional-Nebraska
%MSG
11-Jan-2024 05:51:33 CET  Successfully opened file root://cmsxrootd.fnal.gov//store/mc/RunIISummer20UL16MiniAODv2/QCD_HT1500to2000_TuneCP5_PSWeights_13TeV-madgraphMLM-pythia8/MINIAODSIM/106X_mcRun2_asymptotic_v17-v1/270000/206D9FD2-1788-584C-B211-7E4659FDEAD0.root
Begin processing the 2600001st record. Run 1, Event 89052705, LumiSection 9349 on stream 0 at 11-Jan-2024 05:51:47.168 CET
11-Jan-2024 05:51:47 CET  Closed file root://cmsxrootd.fnal.gov//store/mc/RunIISummer20UL16MiniAODv2/QCD_HT1500to2000_TuneCP5_PSWeights_13TeV-madgraphMLM-pythia8/MINIAODSIM/106X_mcRun2_asymptotic_v17-v1/270000/206D9FD2-1788-584C-B211-7E4659FDEAD0.root
11-Jan-2024 05:51:47 CET  Initiating request to open file root://cmsxrootd.fnal.gov//store/mc/RunIISummer20UL16MiniAODv2/QCD_HT1500to2000_TuneCP5_PSWeights_13TeV-madgraphMLM-pythia8/MINIAODSIM/106X_mcRun2_asymptotic_v17-v1/270000/03933158-9ED9-084D-B9AA-9C5553BB8FD3.root
%MSG-w XrdAdaptor:  file_open 11-Jan-2024 05:51:50 CET PostProcessEvent
Data is served from fnal.gov instead of original site US-Regional-Nebraska
%MSG
11-Jan-2024 05:51:51 CET  Successfully opened file root://cmsxrootd.fnal.gov//store/mc/RunIISummer20UL16MiniAODv2/QCD_HT1500to2000_TuneCP5_PSWeights_13TeV-madgraphMLM-pythia8/MINIAODSIM/106X_mcRun2_asymptotic_v17-v1/270000/03933158-9ED9-084D-B9AA-9C5553BB8FD3.root
11-Jan-2024 05:52:09 CET  Closed file root://cmsxrootd.fnal.gov//store/mc/RunIISummer20UL16MiniAODv2/QCD_HT1500to2000_TuneCP5_PSWeights_13TeV-madgraphMLM-pythia8/MINIAODSIM/106X_mcRun2_asymptotic_v17-v1/270000/03933158-9ED9-084D-B9AA-9C5553BB8FD3.root
11-Jan-2024 05:52:09 CET  Initiating request to open file root://cmsxrootd.fnal.gov//store/mc/RunIISummer20UL16MiniAODv2/QCD_HT1500to2000_TuneCP5_PSWeights_13TeV-madgraphMLM-pythia8/MINIAODSIM/106X_mcRun2_asymptotic_v17-v1/270000/7569331C-A47A-5C44-9FCD-5AB16020C390.root
%MSG-w XrdAdaptor:  file_open 11-Jan-2024 05:52:13 CET PostProcessEvent
Data is served from T2_US_Nebraska instead of original site US-Regional-Nebraska
%MSG
11-Jan-2024 05:52:14 CET  Successfully opened file root://cmsxrootd.fnal.gov//store/mc/RunIISummer20UL16MiniAODv2/QCD_HT1500to2000_TuneCP5_PSWeights_13TeV-madgraphMLM-pythia8/MINIAODSIM/106X_mcRun2_asymptotic_v17-v1/270000/7569331C-A47A-5C44-9FCD-5AB16020C390.root
11-Jan-2024 05:52:22 CET  Closed file root://cmsxrootd.fnal.gov//store/mc/RunIISummer20UL16MiniAODv2/QCD_HT1500to2000_TuneCP5_PSWeights_13TeV-madgraphMLM-pythia8/MINIAODSIM/106X_mcRun2_asymptotic_v17-v1/270000/7569331C-A47A-5C44-9FCD-5AB16020C390.root
11-Jan-2024 05:52:22 CET  Initiating request to open file root://cmsxrootd.fnal.gov//store/mc/RunIISummer20UL16MiniAODv2/QCD_HT1500to2000_TuneCP5_PSWeights_13TeV-madgraphMLM-pythia8/MINIAODSIM/106X_mcRun2_asymptotic_v17-v1/270000/F4C68F80-04E2-2A4B-89DA-A8210E38FF1D.root
%MSG-w XrdAdaptor:  file_open 11-Jan-2024 05:52:25 CET PostProcessEvent
Data is served from T2_US_Nebraska instead of original site US-Regional-Nebraska
%MSG
11-Jan-2024 05:52:26 CET  Successfully opened file root://cmsxrootd.fnal.gov//store/mc/RunIISummer20UL16MiniAODv2/QCD_HT1500to2000_TuneCP5_PSWeights_13TeV-madgraphMLM-pythia8/MINIAODSIM/106X_mcRun2_asymptotic_v17-v1/270000/F4C68F80-04E2-2A4B-89DA-A8210E38FF1D.root
Begin processing the 2700001st record. Run 1, Event 10515355, LumiSection 1104 on stream 0 at 11-Jan-2024 05:52:34.050 CET
11-Jan-2024 05:52:36 CET  Closed file root://cmsxrootd.fnal.gov//store/mc/RunIISummer20UL16MiniAODv2/QCD_HT1500to2000_TuneCP5_PSWeights_13TeV-madgraphMLM-pythia8/MINIAODSIM/106X_mcRun2_asymptotic_v17-v1/270000/F4C68F80-04E2-2A4B-89DA-A8210E38FF1D.root
11-Jan-2024 05:52:36 CET  Initiating request to open file root://cmsxrootd.fnal.gov//store/mc/RunIISummer20UL16MiniAODv2/QCD_HT1500to2000_TuneCP5_PSWeights_13TeV-madgraphMLM-pythia8/MINIAODSIM/106X_mcRun2_asymptotic_v17-v1/270000/117DF03E-BADC-9548-A3C4-A702F401A966.root
%MSG-w XrdAdaptor:  file_open 11-Jan-2024 05:52:39 CET PostProcessEvent
Data is served from T2_US_Nebraska instead of original site US-Regional-Nebraska
%MSG
11-Jan-2024 05:52:39 CET  Successfully opened file root://cmsxrootd.fnal.gov//store/mc/RunIISummer20UL16MiniAODv2/QCD_HT1500to2000_TuneCP5_PSWeights_13TeV-madgraphMLM-pythia8/MINIAODSIM/106X_mcRun2_asymptotic_v17-v1/270000/117DF03E-BADC-9548-A3C4-A702F401A966.root
Begin processing the 2800001st record. Run 1, Event 49558683, LumiSection 5203 on stream 0 at 11-Jan-2024 05:52:49.545 CET
11-Jan-2024 05:52:50 CET  Closed file root://cmsxrootd.fnal.gov//store/mc/RunIISummer20UL16MiniAODv2/QCD_HT1500to2000_TuneCP5_PSWeights_13TeV-madgraphMLM-pythia8/MINIAODSIM/106X_mcRun2_asymptotic_v17-v1/270000/117DF03E-BADC-9548-A3C4-A702F401A966.root
11-Jan-2024 05:52:50 CET  Initiating request to open file root://cmsxrootd.fnal.gov//store/mc/RunIISummer20UL16MiniAODv2/QCD_HT1500to2000_TuneCP5_PSWeights_13TeV-madgraphMLM-pythia8/MINIAODSIM/106X_mcRun2_asymptotic_v17-v1/270000/6916AEA6-165A-D143-8FB3-64EC2F29EE1D.root
%MSG-w XrdAdaptor:  file_open 11-Jan-2024 05:52:53 CET PostProcessEvent
Data is served from T2_US_Nebraska instead of original site US-Regional-Nebraska
%MSG
11-Jan-2024 05:52:54 CET  Successfully opened file root://cmsxrootd.fnal.gov//store/mc/RunIISummer20UL16MiniAODv2/QCD_HT1500to2000_TuneCP5_PSWeights_13TeV-madgraphMLM-pythia8/MINIAODSIM/106X_mcRun2_asymptotic_v17-v1/270000/6916AEA6-165A-D143-8FB3-64EC2F29EE1D.root
11-Jan-2024 05:53:04 CET  Closed file root://cmsxrootd.fnal.gov//store/mc/RunIISummer20UL16MiniAODv2/QCD_HT1500to2000_TuneCP5_PSWeights_13TeV-madgraphMLM-pythia8/MINIAODSIM/106X_mcRun2_asymptotic_v17-v1/270000/6916AEA6-165A-D143-8FB3-64EC2F29EE1D.root
11-Jan-2024 05:53:04 CET  Initiating request to open file root://cmsxrootd.fnal.gov//store/mc/RunIISummer20UL16MiniAODv2/QCD_HT1500to2000_TuneCP5_PSWeights_13TeV-madgraphMLM-pythia8/MINIAODSIM/106X_mcRun2_asymptotic_v17-v1/270000/EBAFB08A-0362-744F-B174-ACCCE71CE3A3.root
%MSG-w XrdAdaptor:  file_open 11-Jan-2024 05:53:06 CET PostProcessEvent
Data is served from T2_US_Nebraska instead of original site US-Regional-Nebraska
%MSG
11-Jan-2024 05:53:07 CET  Successfully opened file root://cmsxrootd.fnal.gov//store/mc/RunIISummer20UL16MiniAODv2/QCD_HT1500to2000_TuneCP5_PSWeights_13TeV-madgraphMLM-pythia8/MINIAODSIM/106X_mcRun2_asymptotic_v17-v1/270000/EBAFB08A-0362-744F-B174-ACCCE71CE3A3.root
Begin processing the 2900001st record. Run 1, Event 43097507, LumiSection 4525 on stream 0 at 11-Jan-2024 05:53:15.892 CET
11-Jan-2024 05:53:17 CET  Closed file root://cmsxrootd.fnal.gov//store/mc/RunIISummer20UL16MiniAODv2/QCD_HT1500to2000_TuneCP5_PSWeights_13TeV-madgraphMLM-pythia8/MINIAODSIM/106X_mcRun2_asymptotic_v17-v1/270000/EBAFB08A-0362-744F-B174-ACCCE71CE3A3.root
11-Jan-2024 05:53:17 CET  Initiating request to open file root://cmsxrootd.fnal.gov//store/mc/RunIISummer20UL16MiniAODv2/QCD_HT1500to2000_TuneCP5_PSWeights_13TeV-madgraphMLM-pythia8/MINIAODSIM/106X_mcRun2_asymptotic_v17-v1/270000/417DF689-DA45-654C-BBCE-6EA04B5DC38D.root
%MSG-w XrdAdaptor:  file_open 11-Jan-2024 05:53:21 CET PostProcessEvent
Data is served from T2_US_Nebraska instead of original site US-Regional-Nebraska
%MSG
11-Jan-2024 05:53:21 CET  Successfully opened file root://cmsxrootd.fnal.gov//store/mc/RunIISummer20UL16MiniAODv2/QCD_HT1500to2000_TuneCP5_PSWeights_13TeV-madgraphMLM-pythia8/MINIAODSIM/106X_mcRun2_asymptotic_v17-v1/270000/417DF689-DA45-654C-BBCE-6EA04B5DC38D.root
11-Jan-2024 05:53:40 CET  Closed file root://cmsxrootd.fnal.gov//store/mc/RunIISummer20UL16MiniAODv2/QCD_HT1500to2000_TuneCP5_PSWeights_13TeV-madgraphMLM-pythia8/MINIAODSIM/106X_mcRun2_asymptotic_v17-v1/270000/417DF689-DA45-654C-BBCE-6EA04B5DC38D.root
11-Jan-2024 05:53:40 CET  Initiating request to open file root://cmsxrootd.fnal.gov//store/mc/RunIISummer20UL16MiniAODv2/QCD_HT1500to2000_TuneCP5_PSWeights_13TeV-madgraphMLM-pythia8/MINIAODSIM/106X_mcRun2_asymptotic_v17-v1/270000/FAD7CF6E-2899-AB47-92DF-F77ADB9F64F9.root
%MSG-w XrdAdaptor:  file_open 11-Jan-2024 05:53:43 CET PostProcessEvent
Data is served from T2_US_Nebraska instead of original site US-Regional-Nebraska
%MSG
11-Jan-2024 05:53:44 CET  Successfully opened file root://cmsxrootd.fnal.gov//store/mc/RunIISummer20UL16MiniAODv2/QCD_HT1500to2000_TuneCP5_PSWeights_13TeV-madgraphMLM-pythia8/MINIAODSIM/106X_mcRun2_asymptotic_v17-v1/270000/FAD7CF6E-2899-AB47-92DF-F77ADB9F64F9.root
Begin processing the 3000001st record. Run 1, Event 42891752, LumiSection 4503 on stream 0 at 11-Jan-2024 05:54:01.496 CET
11-Jan-2024 05:54:02 CET  Closed file root://cmsxrootd.fnal.gov//store/mc/RunIISummer20UL16MiniAODv2/QCD_HT1500to2000_TuneCP5_PSWeights_13TeV-madgraphMLM-pythia8/MINIAODSIM/106X_mcRun2_asymptotic_v17-v1/270000/FAD7CF6E-2899-AB47-92DF-F77ADB9F64F9.root
11-Jan-2024 05:54:02 CET  Initiating request to open file root://cmsxrootd.fnal.gov//store/mc/RunIISummer20UL16MiniAODv2/QCD_HT1500to2000_TuneCP5_PSWeights_13TeV-madgraphMLM-pythia8/MINIAODSIM/106X_mcRun2_asymptotic_v17-v1/270000/0E93FB3E-1ACC-8841-A24B-CAF87B4A369A.root
%MSG-w XrdAdaptor:  file_open 11-Jan-2024 05:54:05 CET PostProcessEvent
Data is served from T2_US_Nebraska instead of original site US-Regional-Nebraska
%MSG
11-Jan-2024 05:54:06 CET  Successfully opened file root://cmsxrootd.fnal.gov//store/mc/RunIISummer20UL16MiniAODv2/QCD_HT1500to2000_TuneCP5_PSWeights_13TeV-madgraphMLM-pythia8/MINIAODSIM/106X_mcRun2_asymptotic_v17-v1/270000/0E93FB3E-1ACC-8841-A24B-CAF87B4A369A.root
11-Jan-2024 05:54:24 CET  Closed file root://cmsxrootd.fnal.gov//store/mc/RunIISummer20UL16MiniAODv2/QCD_HT1500to2000_TuneCP5_PSWeights_13TeV-madgraphMLM-pythia8/MINIAODSIM/106X_mcRun2_asymptotic_v17-v1/270000/0E93FB3E-1ACC-8841-A24B-CAF87B4A369A.root
11-Jan-2024 05:54:24 CET  Initiating request to open file root://cmsxrootd.fnal.gov//store/mc/RunIISummer20UL16MiniAODv2/QCD_HT1500to2000_TuneCP5_PSWeights_13TeV-madgraphMLM-pythia8/MINIAODSIM/106X_mcRun2_asymptotic_v17-v1/270000/3512371D-2ADE-8E45-B1F0-10A2E4462836.root
%MSG-w XrdAdaptor:  file_open 11-Jan-2024 05:54:27 CET PostProcessEvent
Data is served from T2_US_Nebraska instead of original site US-Regional-Nebraska
%MSG
11-Jan-2024 05:54:28 CET  Successfully opened file root://cmsxrootd.fnal.gov//store/mc/RunIISummer20UL16MiniAODv2/QCD_HT1500to2000_TuneCP5_PSWeights_13TeV-madgraphMLM-pythia8/MINIAODSIM/106X_mcRun2_asymptotic_v17-v1/270000/3512371D-2ADE-8E45-B1F0-10A2E4462836.root
Begin processing the 3100001st record. Run 1, Event 503693, LumiSection 53 on stream 0 at 11-Jan-2024 05:54:45.958 CET
11-Jan-2024 05:54:46 CET  Closed file root://cmsxrootd.fnal.gov//store/mc/RunIISummer20UL16MiniAODv2/QCD_HT1500to2000_TuneCP5_PSWeights_13TeV-madgraphMLM-pythia8/MINIAODSIM/106X_mcRun2_asymptotic_v17-v1/270000/3512371D-2ADE-8E45-B1F0-10A2E4462836.root
11-Jan-2024 05:54:46 CET  Initiating request to open file root://cmsxrootd.fnal.gov//store/mc/RunIISummer20UL16MiniAODv2/QCD_HT1500to2000_TuneCP5_PSWeights_13TeV-madgraphMLM-pythia8/MINIAODSIM/106X_mcRun2_asymptotic_v17-v1/270000/7EA5D329-8E69-3341-A5F6-B0C5414AB907.root
%MSG-w XrdAdaptor:  file_open 11-Jan-2024 05:54:49 CET PostProcessEvent
Data is served from T2_US_Nebraska instead of original site US-Regional-Nebraska
%MSG
11-Jan-2024 05:54:50 CET  Successfully opened file root://cmsxrootd.fnal.gov//store/mc/RunIISummer20UL16MiniAODv2/QCD_HT1500to2000_TuneCP5_PSWeights_13TeV-madgraphMLM-pythia8/MINIAODSIM/106X_mcRun2_asymptotic_v17-v1/270000/7EA5D329-8E69-3341-A5F6-B0C5414AB907.root
11-Jan-2024 05:55:08 CET  Closed file root://cmsxrootd.fnal.gov//store/mc/RunIISummer20UL16MiniAODv2/QCD_HT1500to2000_TuneCP5_PSWeights_13TeV-madgraphMLM-pythia8/MINIAODSIM/106X_mcRun2_asymptotic_v17-v1/270000/7EA5D329-8E69-3341-A5F6-B0C5414AB907.root
11-Jan-2024 05:55:08 CET  Initiating request to open file root://cmsxrootd.fnal.gov//store/mc/RunIISummer20UL16MiniAODv2/QCD_HT1500to2000_TuneCP5_PSWeights_13TeV-madgraphMLM-pythia8/MINIAODSIM/106X_mcRun2_asymptotic_v17-v1/270000/6887BB6E-1A16-DD40-B8C7-E5E7008C5736.root
%MSG-w XrdAdaptor:  file_open 11-Jan-2024 05:55:10 CET PostProcessEvent
Data is served from T2_US_Nebraska instead of original site US-Regional-Nebraska
%MSG
11-Jan-2024 05:55:11 CET  Successfully opened file root://cmsxrootd.fnal.gov//store/mc/RunIISummer20UL16MiniAODv2/QCD_HT1500to2000_TuneCP5_PSWeights_13TeV-madgraphMLM-pythia8/MINIAODSIM/106X_mcRun2_asymptotic_v17-v1/270000/6887BB6E-1A16-DD40-B8C7-E5E7008C5736.root
Begin processing the 3200001st record. Run 1, Event 42490941, LumiSection 4461 on stream 0 at 11-Jan-2024 05:55:29.459 CET
11-Jan-2024 05:55:30 CET  Closed file root://cmsxrootd.fnal.gov//store/mc/RunIISummer20UL16MiniAODv2/QCD_HT1500to2000_TuneCP5_PSWeights_13TeV-madgraphMLM-pythia8/MINIAODSIM/106X_mcRun2_asymptotic_v17-v1/270000/6887BB6E-1A16-DD40-B8C7-E5E7008C5736.root
11-Jan-2024 05:55:30 CET  Initiating request to open file root://cmsxrootd.fnal.gov//store/mc/RunIISummer20UL16MiniAODv2/QCD_HT1500to2000_TuneCP5_PSWeights_13TeV-madgraphMLM-pythia8/MINIAODSIM/106X_mcRun2_asymptotic_v17-v1/280000/39D6DD27-A68F-C64C-9883-DAB9C355590D.root
%MSG-w XrdAdaptor:  file_open 11-Jan-2024 05:55:34 CET PostProcessEvent
Data is served from T2_US_MIT instead of original site US-Regional-Nebraska
%MSG
11-Jan-2024 05:55:34 CET  Successfully opened file root://cmsxrootd.fnal.gov//store/mc/RunIISummer20UL16MiniAODv2/QCD_HT1500to2000_TuneCP5_PSWeights_13TeV-madgraphMLM-pythia8/MINIAODSIM/106X_mcRun2_asymptotic_v17-v1/280000/39D6DD27-A68F-C64C-9883-DAB9C355590D.root
11-Jan-2024 05:55:41 CET  Closed file root://cmsxrootd.fnal.gov//store/mc/RunIISummer20UL16MiniAODv2/QCD_HT1500to2000_TuneCP5_PSWeights_13TeV-madgraphMLM-pythia8/MINIAODSIM/106X_mcRun2_asymptotic_v17-v1/280000/39D6DD27-A68F-C64C-9883-DAB9C355590D.root
11-Jan-2024 05:55:41 CET  Initiating request to open file root://cmsxrootd.fnal.gov//store/mc/RunIISummer20UL16MiniAODv2/QCD_HT1500to2000_TuneCP5_PSWeights_13TeV-madgraphMLM-pythia8/MINIAODSIM/106X_mcRun2_asymptotic_v17-v1/280000/3FC3F799-1F17-C946-A8CE-D39EEA12B5D8.root
%MSG-w XrdAdaptor:  file_open 11-Jan-2024 05:55:44 CET PostProcessEvent
Data is served from T2_US_MIT instead of original site US-Regional-Nebraska
%MSG
11-Jan-2024 05:55:45 CET  Successfully opened file root://cmsxrootd.fnal.gov//store/mc/RunIISummer20UL16MiniAODv2/QCD_HT1500to2000_TuneCP5_PSWeights_13TeV-madgraphMLM-pythia8/MINIAODSIM/106X_mcRun2_asymptotic_v17-v1/280000/3FC3F799-1F17-C946-A8CE-D39EEA12B5D8.root
11-Jan-2024 05:56:09 CET  Closed file root://cmsxrootd.fnal.gov//store/mc/RunIISummer20UL16MiniAODv2/QCD_HT1500to2000_TuneCP5_PSWeights_13TeV-madgraphMLM-pythia8/MINIAODSIM/106X_mcRun2_asymptotic_v17-v1/280000/3FC3F799-1F17-C946-A8CE-D39EEA12B5D8.root
11-Jan-2024 05:56:09 CET  Initiating request to open file root://cmsxrootd.fnal.gov//store/mc/RunIISummer20UL16MiniAODv2/QCD_HT1500to2000_TuneCP5_PSWeights_13TeV-madgraphMLM-pythia8/MINIAODSIM/106X_mcRun2_asymptotic_v17-v1/280000/FB1821B6-5191-704C-B283-B920D5A68327.root
%MSG-w XrdAdaptor:  file_open 11-Jan-2024 05:56:12 CET PostProcessEvent
Data is served from T2_US_MIT instead of original site US-Regional-Nebraska
%MSG
11-Jan-2024 05:56:13 CET  Successfully opened file root://cmsxrootd.fnal.gov//store/mc/RunIISummer20UL16MiniAODv2/QCD_HT1500to2000_TuneCP5_PSWeights_13TeV-madgraphMLM-pythia8/MINIAODSIM/106X_mcRun2_asymptotic_v17-v1/280000/FB1821B6-5191-704C-B283-B920D5A68327.root
Begin processing the 3300001st record. Run 1, Event 9874312, LumiSection 1037 on stream 0 at 11-Jan-2024 05:56:19.362 CET
11-Jan-2024 05:56:21 CET  Closed file root://cmsxrootd.fnal.gov//store/mc/RunIISummer20UL16MiniAODv2/QCD_HT1500to2000_TuneCP5_PSWeights_13TeV-madgraphMLM-pythia8/MINIAODSIM/106X_mcRun2_asymptotic_v17-v1/280000/FB1821B6-5191-704C-B283-B920D5A68327.root
11-Jan-2024 05:56:21 CET  Initiating request to open file root://cmsxrootd.fnal.gov//store/mc/RunIISummer20UL16MiniAODv2/QCD_HT1500to2000_TuneCP5_PSWeights_13TeV-madgraphMLM-pythia8/MINIAODSIM/106X_mcRun2_asymptotic_v17-v1/280000/936C3014-7282-AB4E-A3E7-2A07E5327F98.root
%MSG-w XrdAdaptor:  file_open 11-Jan-2024 05:56:23 CET PostProcessEvent
Data is served from T2_US_MIT instead of original site US-Regional-Nebraska
%MSG
11-Jan-2024 05:56:24 CET  Successfully opened file root://cmsxrootd.fnal.gov//store/mc/RunIISummer20UL16MiniAODv2/QCD_HT1500to2000_TuneCP5_PSWeights_13TeV-madgraphMLM-pythia8/MINIAODSIM/106X_mcRun2_asymptotic_v17-v1/280000/936C3014-7282-AB4E-A3E7-2A07E5327F98.root
11-Jan-2024 05:56:40 CET  Closed file root://cmsxrootd.fnal.gov//store/mc/RunIISummer20UL16MiniAODv2/QCD_HT1500to2000_TuneCP5_PSWeights_13TeV-madgraphMLM-pythia8/MINIAODSIM/106X_mcRun2_asymptotic_v17-v1/280000/936C3014-7282-AB4E-A3E7-2A07E5327F98.root
11-Jan-2024 05:56:40 CET  Initiating request to open file root://cmsxrootd.fnal.gov//store/mc/RunIISummer20UL16MiniAODv2/QCD_HT1500to2000_TuneCP5_PSWeights_13TeV-madgraphMLM-pythia8/MINIAODSIM/106X_mcRun2_asymptotic_v17-v1/280000/75BC4FEA-04ED-F248-B495-ED20EA87A2B5.root
%MSG-w XrdAdaptor:  file_open 11-Jan-2024 05:56:43 CET PostProcessEvent
Data is served from T2_US_MIT instead of original site US-Regional-Nebraska
%MSG
11-Jan-2024 05:56:43 CET  Successfully opened file root://cmsxrootd.fnal.gov//store/mc/RunIISummer20UL16MiniAODv2/QCD_HT1500to2000_TuneCP5_PSWeights_13TeV-madgraphMLM-pythia8/MINIAODSIM/106X_mcRun2_asymptotic_v17-v1/280000/75BC4FEA-04ED-F248-B495-ED20EA87A2B5.root
Begin processing the 3400001st record. Run 1, Event 121213014, LumiSection 12725 on stream 0 at 11-Jan-2024 05:56:53.436 CET
11-Jan-2024 05:56:54 CET  Closed file root://cmsxrootd.fnal.gov//store/mc/RunIISummer20UL16MiniAODv2/QCD_HT1500to2000_TuneCP5_PSWeights_13TeV-madgraphMLM-pythia8/MINIAODSIM/106X_mcRun2_asymptotic_v17-v1/280000/75BC4FEA-04ED-F248-B495-ED20EA87A2B5.root
11-Jan-2024 05:56:54 CET  Initiating request to open file root://cmsxrootd.fnal.gov//store/mc/RunIISummer20UL16MiniAODv2/QCD_HT1500to2000_TuneCP5_PSWeights_13TeV-madgraphMLM-pythia8/MINIAODSIM/106X_mcRun2_asymptotic_v17-v1/280000/FF0D4D7A-64A2-9745-B2A7-0DA707D88FD5.root
%MSG-w XrdAdaptor:  file_open 11-Jan-2024 05:56:56 CET PostProcessEvent
Data is served from T2_US_MIT instead of original site US-Regional-Nebraska
%MSG
11-Jan-2024 05:56:57 CET  Successfully opened file root://cmsxrootd.fnal.gov//store/mc/RunIISummer20UL16MiniAODv2/QCD_HT1500to2000_TuneCP5_PSWeights_13TeV-madgraphMLM-pythia8/MINIAODSIM/106X_mcRun2_asymptotic_v17-v1/280000/FF0D4D7A-64A2-9745-B2A7-0DA707D88FD5.root
11-Jan-2024 05:57:08 CET  Closed file root://cmsxrootd.fnal.gov//store/mc/RunIISummer20UL16MiniAODv2/QCD_HT1500to2000_TuneCP5_PSWeights_13TeV-madgraphMLM-pythia8/MINIAODSIM/106X_mcRun2_asymptotic_v17-v1/280000/FF0D4D7A-64A2-9745-B2A7-0DA707D88FD5.root
11-Jan-2024 05:57:08 CET  Initiating request to open file root://cmsxrootd.fnal.gov//store/mc/RunIISummer20UL16MiniAODv2/QCD_HT1500to2000_TuneCP5_PSWeights_13TeV-madgraphMLM-pythia8/MINIAODSIM/106X_mcRun2_asymptotic_v17-v1/280000/8166D8DA-79FA-E843-8B32-34005DA29A8C.root
%MSG-w XrdAdaptor:  file_open 11-Jan-2024 05:57:12 CET PostProcessEvent
Data is served from T2_US_MIT instead of original site US-Regional-Nebraska
%MSG
11-Jan-2024 05:57:13 CET  Successfully opened file root://cmsxrootd.fnal.gov//store/mc/RunIISummer20UL16MiniAODv2/QCD_HT1500to2000_TuneCP5_PSWeights_13TeV-madgraphMLM-pythia8/MINIAODSIM/106X_mcRun2_asymptotic_v17-v1/280000/8166D8DA-79FA-E843-8B32-34005DA29A8C.root
Begin processing the 3500001st record. Run 1, Event 120239401, LumiSection 12623 on stream 0 at 11-Jan-2024 05:57:22.723 CET
11-Jan-2024 05:57:23 CET  Closed file root://cmsxrootd.fnal.gov//store/mc/RunIISummer20UL16MiniAODv2/QCD_HT1500to2000_TuneCP5_PSWeights_13TeV-madgraphMLM-pythia8/MINIAODSIM/106X_mcRun2_asymptotic_v17-v1/280000/8166D8DA-79FA-E843-8B32-34005DA29A8C.root
11-Jan-2024 05:57:23 CET  Initiating request to open file root://cmsxrootd.fnal.gov//store/mc/RunIISummer20UL16MiniAODv2/QCD_HT1500to2000_TuneCP5_PSWeights_13TeV-madgraphMLM-pythia8/MINIAODSIM/106X_mcRun2_asymptotic_v17-v1/280000/29C7874F-2A3C-8F4A-A9A4-6902800A2203.root
%MSG-w XrdAdaptor:  file_open 11-Jan-2024 05:57:26 CET PostProcessEvent
Data is served from T2_US_MIT instead of original site US-Regional-Nebraska
%MSG
11-Jan-2024 05:57:27 CET  Successfully opened file root://cmsxrootd.fnal.gov//store/mc/RunIISummer20UL16MiniAODv2/QCD_HT1500to2000_TuneCP5_PSWeights_13TeV-madgraphMLM-pythia8/MINIAODSIM/106X_mcRun2_asymptotic_v17-v1/280000/29C7874F-2A3C-8F4A-A9A4-6902800A2203.root
11-Jan-2024 05:57:34 CET  Closed file root://cmsxrootd.fnal.gov//store/mc/RunIISummer20UL16MiniAODv2/QCD_HT1500to2000_TuneCP5_PSWeights_13TeV-madgraphMLM-pythia8/MINIAODSIM/106X_mcRun2_asymptotic_v17-v1/280000/29C7874F-2A3C-8F4A-A9A4-6902800A2203.root
11-Jan-2024 05:57:34 CET  Initiating request to open file root://cmsxrootd.fnal.gov//store/mc/RunIISummer20UL16MiniAODv2/QCD_HT1500to2000_TuneCP5_PSWeights_13TeV-madgraphMLM-pythia8/MINIAODSIM/106X_mcRun2_asymptotic_v17-v1/280000/5F8BDC08-351D-314E-ABEE-0C5904D192E9.root
%MSG-w XrdAdaptor:  file_open 11-Jan-2024 05:57:38 CET PostProcessEvent
Data is served from T2_US_MIT instead of original site US-Regional-Nebraska
%MSG
11-Jan-2024 05:57:38 CET  Successfully opened file root://cmsxrootd.fnal.gov//store/mc/RunIISummer20UL16MiniAODv2/QCD_HT1500to2000_TuneCP5_PSWeights_13TeV-madgraphMLM-pythia8/MINIAODSIM/106X_mcRun2_asymptotic_v17-v1/280000/5F8BDC08-351D-314E-ABEE-0C5904D192E9.root
Begin processing the 3600001st record. Run 1, Event 123205384, LumiSection 12934 on stream 0 at 11-Jan-2024 05:58:05.469 CET
11-Jan-2024 05:58:06 CET  Closed file root://cmsxrootd.fnal.gov//store/mc/RunIISummer20UL16MiniAODv2/QCD_HT1500to2000_TuneCP5_PSWeights_13TeV-madgraphMLM-pythia8/MINIAODSIM/106X_mcRun2_asymptotic_v17-v1/280000/5F8BDC08-351D-314E-ABEE-0C5904D192E9.root
11-Jan-2024 05:58:06 CET  Initiating request to open file root://cmsxrootd.fnal.gov//store/mc/RunIISummer20UL16MiniAODv2/QCD_HT1500to2000_TuneCP5_PSWeights_13TeV-madgraphMLM-pythia8/MINIAODSIM/106X_mcRun2_asymptotic_v17-v1/280000/B9D9A4CE-6AAF-FF45-9F30-5246BF20AF69.root
%MSG-w XrdAdaptor:  file_open 11-Jan-2024 05:58:08 CET PostProcessEvent
Data is served from T2_US_MIT instead of original site US-Regional-Nebraska
%MSG
11-Jan-2024 05:58:09 CET  Successfully opened file root://cmsxrootd.fnal.gov//store/mc/RunIISummer20UL16MiniAODv2/QCD_HT1500to2000_TuneCP5_PSWeights_13TeV-madgraphMLM-pythia8/MINIAODSIM/106X_mcRun2_asymptotic_v17-v1/280000/B9D9A4CE-6AAF-FF45-9F30-5246BF20AF69.root
11-Jan-2024 05:58:20 CET  Closed file root://cmsxrootd.fnal.gov//store/mc/RunIISummer20UL16MiniAODv2/QCD_HT1500to2000_TuneCP5_PSWeights_13TeV-madgraphMLM-pythia8/MINIAODSIM/106X_mcRun2_asymptotic_v17-v1/280000/B9D9A4CE-6AAF-FF45-9F30-5246BF20AF69.root
11-Jan-2024 05:58:20 CET  Initiating request to open file root://cmsxrootd.fnal.gov//store/mc/RunIISummer20UL16MiniAODv2/QCD_HT1500to2000_TuneCP5_PSWeights_13TeV-madgraphMLM-pythia8/MINIAODSIM/106X_mcRun2_asymptotic_v17-v1/280000/69F71699-F9C7-8946-8EEC-CAB565D97B47.root
%MSG-w XrdAdaptor:  file_open 11-Jan-2024 05:58:23 CET PostProcessEvent
Data is served from T2_US_MIT instead of original site US-Regional-Nebraska
%MSG
11-Jan-2024 05:58:23 CET  Successfully opened file root://cmsxrootd.fnal.gov//store/mc/RunIISummer20UL16MiniAODv2/QCD_HT1500to2000_TuneCP5_PSWeights_13TeV-madgraphMLM-pythia8/MINIAODSIM/106X_mcRun2_asymptotic_v17-v1/280000/69F71699-F9C7-8946-8EEC-CAB565D97B47.root
Begin processing the 3700001st record. Run 1, Event 127046485, LumiSection 13337 on stream 0 at 11-Jan-2024 05:58:33.937 CET
11-Jan-2024 05:58:34 CET  Closed file root://cmsxrootd.fnal.gov//store/mc/RunIISummer20UL16MiniAODv2/QCD_HT1500to2000_TuneCP5_PSWeights_13TeV-madgraphMLM-pythia8/MINIAODSIM/106X_mcRun2_asymptotic_v17-v1/280000/69F71699-F9C7-8946-8EEC-CAB565D97B47.root
11-Jan-2024 05:58:34 CET  Initiating request to open file root://cmsxrootd.fnal.gov//store/mc/RunIISummer20UL16MiniAODv2/QCD_HT1500to2000_TuneCP5_PSWeights_13TeV-madgraphMLM-pythia8/MINIAODSIM/106X_mcRun2_asymptotic_v17-v1/280000/F2A6CF82-3DDC-924D-A990-9B3657196C5E.root
%MSG-w XrdAdaptor:  file_open 11-Jan-2024 05:58:37 CET PostProcessEvent
Data is served from T2_US_MIT instead of original site US-Regional-Nebraska
%MSG
11-Jan-2024 05:58:38 CET  Successfully opened file root://cmsxrootd.fnal.gov//store/mc/RunIISummer20UL16MiniAODv2/QCD_HT1500to2000_TuneCP5_PSWeights_13TeV-madgraphMLM-pythia8/MINIAODSIM/106X_mcRun2_asymptotic_v17-v1/280000/F2A6CF82-3DDC-924D-A990-9B3657196C5E.root
[2024-01-11 05:59:04.138463 +0100][Error  ][File              ] [0x38f82c80@root://cmsxrootd.fnal.gov:1094//store/mc/RunIISummer20UL16MiniAODv2/QCD_HT1500to2000_TuneCP5_PSWeights_13TeV-madgraphMLM-pythia8/MINIAODSIM/106X_mcRun2_asymptotic_v17-v1/280000/F2A6CF82-3DDC-924D-A990-9B3657196C5E.root] Fatal file state error. Message kXR_readv (handle: 0x00000000, chunks: 58, total size: 402096) returned with [ERROR] Server responded with an error: [3005] Unable to readv /store/mc/RunIISummer20UL16MiniAODv2/QCD_HT1500to2000_TuneCP5_PSWeights_13TeV-madgraphMLM-pythia8/MINIAODSIM/106X_mcRun2_asymptotic_v17-v1/280000/F2A6CF82-3DDC-924D-A990-9B3657196C5E.root; unknown error 255
%MSG-w XrdAdaptorInternal:  (NoModuleName) 11-Jan-2024 05:59:04 CET pre-events
XrdRequestManager::handle(name='root://cmsxrootd.fnal.gov//store/mc/RunIISummer20UL16MiniAODv2/QCD_HT1500to2000_TuneCP5_PSWeights_13TeV-madgraphMLM-pythia8/MINIAODSIM/106X_mcRun2_asymptotic_v17-v1/280000/F2A6CF82-3DDC-924D-A990-9B3657196C5E.root) failure when reading from xrootd4.cmsaf.mit.edu:1094 (site T2_US_MIT); failed with error '[ERROR] Server responded with an error: [3005] Unable to readv /store/mc/RunIISummer20UL16MiniAODv2/QCD_HT1500to2000_TuneCP5_PSWeights_13TeV-madgraphMLM-pythia8/MINIAODSIM/106X_mcRun2_asymptotic_v17-v1/280000/F2A6CF82-3DDC-924D-A990-9B3657196C5E.root; unknown error 255
' (errno=3005, code=400).
%MSG
%MSG-w XrdAdaptorInternal:  (NoModuleName) 11-Jan-2024 05:59:04 CET pre-events
Request failure when reading from xrootd4.cmsaf.mit.edu:1094 (site T2_US_MIT)
%MSG
%MSG-w XrdAdaptor:  (NoModuleName) 11-Jan-2024 05:59:04 CET pre-events
Data is now served from  instead of previous T2_US_MIT
%MSG
[2024-01-11 05:59:20.554325 +0100][Error  ][File              ] [0x3147ee80@root://cmsxrootd.fnal.gov:1094//store/mc/RunIISummer20UL16MiniAODv2/QCD_HT1500to2000_TuneCP5_PSWeights_13TeV-madgraphMLM-pythia8/MINIAODSIM/106X_mcRun2_asymptotic_v17-v1/280000/F2A6CF82-3DDC-924D-A990-9B3657196C5E.root?tried=xrootd4.cmsaf.mit.edu] Fatal file state error. Message kXR_readv (handle: 0x00000000, chunks: 58, total size: 402096) returned with [ERROR] Server responded with an error: [3005] Unable to readv /store/mc/RunIISummer20UL16MiniAODv2/QCD_HT1500to2000_TuneCP5_PSWeights_13TeV-madgraphMLM-pythia8/MINIAODSIM/106X_mcRun2_asymptotic_v17-v1/280000/F2A6CF82-3DDC-924D-A990-9B3657196C5E.root; unknown error 255
%MSG-w XrdAdaptorInternal:  (NoModuleName) 11-Jan-2024 05:59:20 CET pre-events
XrdRequestManager::handle(name='root://cmsxrootd.fnal.gov//store/mc/RunIISummer20UL16MiniAODv2/QCD_HT1500to2000_TuneCP5_PSWeights_13TeV-madgraphMLM-pythia8/MINIAODSIM/106X_mcRun2_asymptotic_v17-v1/280000/F2A6CF82-3DDC-924D-A990-9B3657196C5E.root) failure when reading from xrootd2.cmsaf.mit.edu:1094 (site T2_US_MIT); failed with error '[ERROR] Server responded with an error: [3005] Unable to readv /store/mc/RunIISummer20UL16MiniAODv2/QCD_HT1500to2000_TuneCP5_PSWeights_13TeV-madgraphMLM-pythia8/MINIAODSIM/106X_mcRun2_asymptotic_v17-v1/280000/F2A6CF82-3DDC-924D-A990-9B3657196C5E.root; unknown error 255
' (errno=3005, code=400).
%MSG
%MSG-w XrdAdaptorInternal:  (NoModuleName) 11-Jan-2024 05:59:20 CET pre-events
Request failure when reading from xrootd2.cmsaf.mit.edu:1094 (site T2_US_MIT)
%MSG
[2024-01-11 05:59:30.986191 +0100][Error  ][File              ] [0x3147ee80@root://cmsxrootd.fnal.gov:1094//store/mc/RunIISummer20UL16MiniAODv2/QCD_HT1500to2000_TuneCP5_PSWeights_13TeV-madgraphMLM-pythia8/MINIAODSIM/106X_mcRun2_asymptotic_v17-v1/280000/F2A6CF82-3DDC-924D-A990-9B3657196C5E.root?tried=xrootd4.cmsaf.mit.edu] Fatal file state error. Message kXR_readv (handle: 0x00000000, chunks: 58, total size: 402096) returned with [ERROR] Server responded with an error: [3005] Unable to readv /store/mc/RunIISummer20UL16MiniAODv2/QCD_HT1500to2000_TuneCP5_PSWeights_13TeV-madgraphMLM-pythia8/MINIAODSIM/106X_mcRun2_asymptotic_v17-v1/280000/F2A6CF82-3DDC-924D-A990-9B3657196C5E.root; unknown error 255
%MSG-w XrdAdaptorInternal:  (NoModuleName) 11-Jan-2024 05:59:30 CET pre-events
XrdRequestManager::handle(name='root://cmsxrootd.fnal.gov//store/mc/RunIISummer20UL16MiniAODv2/QCD_HT1500to2000_TuneCP5_PSWeights_13TeV-madgraphMLM-pythia8/MINIAODSIM/106X_mcRun2_asymptotic_v17-v1/280000/F2A6CF82-3DDC-924D-A990-9B3657196C5E.root) failure when reading from xrootd2.cmsaf.mit.edu:1094 (site T2_US_MIT); failed with error '[ERROR] Server responded with an error: [3005] Unable to readv /store/mc/RunIISummer20UL16MiniAODv2/QCD_HT1500to2000_TuneCP5_PSWeights_13TeV-madgraphMLM-pythia8/MINIAODSIM/106X_mcRun2_asymptotic_v17-v1/280000/F2A6CF82-3DDC-924D-A990-9B3657196C5E.root; unknown error 255
' (errno=3005, code=400).
%MSG
%MSG-w XrdAdaptorInternal:  (NoModuleName) 11-Jan-2024 05:59:30 CET pre-events
Request failure when reading from xrootd2.cmsaf.mit.edu:1094 (site T2_US_MIT)
%MSG
%MSG-w XrdAdaptor:  (NoModuleName) 11-Jan-2024 05:59:30 CET pre-events
Data is now served from  instead of previous T2_US_MIT
%MSG
%MSG-w XrdAdaptorInternal:  (NoModuleName) 11-Jan-2024 06:02:26 CET pre-events
Caught a CMSSW exception when running connection recovery.
%MSG
11-Jan-2024 06:02:26 CET  Closed file root://cmsxrootd.fnal.gov//store/mc/RunIISummer20UL16MiniAODv2/QCD_HT1500to2000_TuneCP5_PSWeights_13TeV-madgraphMLM-pythia8/MINIAODSIM/106X_mcRun2_asymptotic_v17-v1/280000/F2A6CF82-3DDC-924D-A990-9B3657196C5E.root
----- Begin Fatal Exception 11-Jan-2024 06:02:26 CET-----------------------
An exception of category 'FileReadError' occurred while
   [0] Calling InputSource::readFile_
   [1] Reading branch EventAuxiliary
   [2] Calling XrdFile::readv()
   [3] XrdAdaptor::ClientRequest::HandleResponse() failure while running connection recovery
   [4] Handling XrdAdaptor::RequestManager::requestFailure()
   [5] In XrdAdaptor::RequestManager::OpenHandler::HandleResponseWithHosts()
Exception Message:
XrdCl::File::Open(name='root://cmsxrootd.fnal.gov//store/mc/RunIISummer20UL16MiniAODv2/QCD_HT1500to2000_TuneCP5_PSWeights_13TeV-madgraphMLM-pythia8/MINIAODSIM/106X_mcRun2_asymptotic_v17-v1/280000/F2A6CF82-3DDC-924D-A990-9B3657196C5E.root', flags=0x10, permissions=0660) => error '[ERROR] Operation expired' (errno=0, code=206)
   Additional Info:
      [a] Original error: '[ERROR] Server responded with an error: [3005] Unable to readv /store/mc/RunIISummer20UL16MiniAODv2/QCD_HT1500to2000_TuneCP5_PSWeights_13TeV-madgraphMLM-pythia8/MINIAODSIM/106X_mcRun2_asymptotic_v17-v1/280000/F2A6CF82-3DDC-924D-A990-9B3657196C5E.root; unknown error 255
' (errno=3005, code=400, source=xrootd2.cmsaf.mit.edu:1094 (site T2_US_MIT)).
      [b] Original failed source is xrootd2.cmsaf.mit.edu:1094 (site T2_US_MIT)
      [c] Disabled source: xrootd2.cmsaf.mit.edu:1094
      [d] Disabled source: xrootd4.cmsaf.mit.edu:1094
----- End Fatal Exception -------------------------------------------------
     41.791355      0.302099      0.146642             0
    290.551751      1.021924      0.146642             1
   1060.473511      1.697342      0.146642             2
 

------------------------------------
GenXsecAnalyzer:
------------------------------------
-------------------------------------------------------------------------------------------------------------------------------------------------------------------------- 
Overall cross-section summary 
--------------------------------------------------------------------------------------------------------------------------------------------------------------------------
Process		xsec_before [pb]		passed	nposw	nnegw	tried	nposw	nnegw 	xsec_match [pb]			accepted [%]	 event_eff [%]
0		4.187e+01 +/- 9.535e-03		24652	24652	0	1448765	1448765	0	7.124e-01 +/- 4.502e-03		1.7 +/- 0.0	1.7 +/- 0.0
1		2.881e+02 +/- 3.213e-02		93332	93332	0	9933208	9933208	0	2.707e+00 +/- 8.823e-03		0.9 +/- 0.0	0.9 +/- 0.0
2		1.061e+03 +/- 5.238e-02		3602952	3602952	0	36390917	36390917	0	1.050e+02 +/- 5.279e-02		9.9 +/- 0.0	9.9 +/- 0.0
-------------------------------------------------------------------------------------------------------------------------------------------------------------------------- 
Total		1.391e+03 +/- 6.219e-02		3720936	3720936	0	47772890	47772890	0	1.083e+02 +/- 5.415e-02		7.8 +/- 0.0	7.8 +/- 0.0
--------------------------------------------------------------------------------------------------------------------------------------------------------------------------
Before matching: total cross section = 1.391e+03 +- 6.219e-02 pb
After matching: total cross section = 1.083e+02 +- 5.415e-02 pb
Matching efficiency = 0.1 +/- 0.0   [TO BE USED IN MCM]
Filter efficiency (taking into account weights)= (3.72094e+06) / (3.72094e+06) = 1.000e+00 +- 0.000e+00
Filter efficiency (event-level)= (3.72094e+06) / (3.72094e+06) = 1.000e+00 +- 0.000e+00    [TO BE USED IN MCM]

After filter: final cross section = 1.083e+02 +- 5.415e-02 pb
After filter: final fraction of events with negative weights = 0.000e+00 +- 0.000e+00
After filter: final equivalent lumi for 1M events (1/fb) = 9.230e+00 +- 1.032e-02

=============================================

MessageLogger Summary

 type     category        sev    module        subroutine        count    total
 ---- -------------------- -- ---------------- ----------------  -----    -----
    1 GenXSecAnalyzer      -w GenXSecAnalyzer:                      17       17
    2 XrdAdaptor           -w (NoModuleName)                         2        2
    3 XrdAdaptor           -w file_open                             86       86
    4 XrdAdaptorInternal   -w (NoModuleName)                         7        7
    5 Fatal Exception      -s AfterFile                              1        1
    6 fileAction           -s AfterFile                              1        1
    7 fileAction           -s file_close                            85       85
    8 fileAction           -s file_open                            172      172

 type    category    Examples: run/evt        run/evt          run/evt
 ---- -------------------- ---------------- ---------------- ----------------
    1 GenXSecAnalyzer      PostGlobalEndRun PostGlobalEndRun PostGlobalEndRun
    2 XrdAdaptor           pre-events       pre-events       
    3 XrdAdaptor           pre-events       PostProcessEvent PostProcessEvent
    4 XrdAdaptorInternal   pre-events       pre-events       pre-events
    5 Fatal Exception      PostProcessEvent                  
    6 fileAction           PostProcessEvent                  
    7 fileAction           PostProcessEvent PostProcessEvent PostProcessEvent
    8 fileAction           pre-events       pre-events       PostProcessEvent

Severity    # Occurrences   Total Occurrences
--------    -------------   -----------------
Warning               112                 112
System                259                 259

dropped waiting message count 0
