11-Jan-2024 11:11:29 CET  Initiating request to open file root://cmsxrootd.fnal.gov//store/mc/RunIISummer20UL16MiniAODv2/QCD_HT300to500_TuneCH3_13TeV-madgraphMLM-herwig7/MINIAODSIM/106X_mcRun2_asymptotic_v17-v2/2810000/E373D72E-5708-274C-AA8B-3E2EF5043848.root
Unable to load sec.protocol plugin libXrdSecztn.so
%MSG-w XrdAdaptor:  file_open 11-Jan-2024 11:11:34 CET pre-events
Data is served from fnal.gov instead of original site US-Regional-Nebraska
%MSG
11-Jan-2024 11:11:40 CET  Successfully opened file root://cmsxrootd.fnal.gov//store/mc/RunIISummer20UL16MiniAODv2/QCD_HT300to500_TuneCH3_13TeV-madgraphMLM-herwig7/MINIAODSIM/106X_mcRun2_asymptotic_v17-v2/2810000/E373D72E-5708-274C-AA8B-3E2EF5043848.root
Unable to load sec.protocol plugin libXrdSecztn.so
Begin processing the 1st record. Run 1, Event 43762, LumiSection 16 on stream 0 at 11-Jan-2024 11:11:49.707 CET
11-Jan-2024 11:11:49 CET  Closed file root://cmsxrootd.fnal.gov//store/mc/RunIISummer20UL16MiniAODv2/QCD_HT300to500_TuneCH3_13TeV-madgraphMLM-herwig7/MINIAODSIM/106X_mcRun2_asymptotic_v17-v2/2810000/E373D72E-5708-274C-AA8B-3E2EF5043848.root
11-Jan-2024 11:11:49 CET  Initiating request to open file root://cmsxrootd.fnal.gov//store/mc/RunIISummer20UL16MiniAODv2/QCD_HT300to500_TuneCH3_13TeV-madgraphMLM-herwig7/MINIAODSIM/106X_mcRun2_asymptotic_v17-v2/2810000/B050D281-289D-CD43-8418-62A7782CA922.root
%MSG-w XrdAdaptor:  file_open 11-Jan-2024 11:11:52 CET PostProcessEvent
Data is served from fnal.gov instead of original site US-Regional-Nebraska
%MSG
11-Jan-2024 11:11:52 CET  Successfully opened file root://cmsxrootd.fnal.gov//store/mc/RunIISummer20UL16MiniAODv2/QCD_HT300to500_TuneCH3_13TeV-madgraphMLM-herwig7/MINIAODSIM/106X_mcRun2_asymptotic_v17-v2/2810000/B050D281-289D-CD43-8418-62A7782CA922.root
11-Jan-2024 11:12:04 CET  Closed file root://cmsxrootd.fnal.gov//store/mc/RunIISummer20UL16MiniAODv2/QCD_HT300to500_TuneCH3_13TeV-madgraphMLM-herwig7/MINIAODSIM/106X_mcRun2_asymptotic_v17-v2/2810000/B050D281-289D-CD43-8418-62A7782CA922.root
11-Jan-2024 11:12:04 CET  Initiating request to open file root://cmsxrootd.fnal.gov//store/mc/RunIISummer20UL16MiniAODv2/QCD_HT300to500_TuneCH3_13TeV-madgraphMLM-herwig7/MINIAODSIM/106X_mcRun2_asymptotic_v17-v2/2810000/37238E69-4A70-8B4B-826A-3DC2599EA6DE.root
%MSG-w XrdAdaptor:  file_open 11-Jan-2024 11:12:08 CET PostProcessEvent
Data is served from T2_US_Nebraska instead of original site US-Regional-Nebraska
%MSG
11-Jan-2024 11:12:09 CET  Successfully opened file root://cmsxrootd.fnal.gov//store/mc/RunIISummer20UL16MiniAODv2/QCD_HT300to500_TuneCH3_13TeV-madgraphMLM-herwig7/MINIAODSIM/106X_mcRun2_asymptotic_v17-v2/2810000/37238E69-4A70-8B4B-826A-3DC2599EA6DE.root
11-Jan-2024 11:12:21 CET  Closed file root://cmsxrootd.fnal.gov//store/mc/RunIISummer20UL16MiniAODv2/QCD_HT300to500_TuneCH3_13TeV-madgraphMLM-herwig7/MINIAODSIM/106X_mcRun2_asymptotic_v17-v2/2810000/37238E69-4A70-8B4B-826A-3DC2599EA6DE.root
11-Jan-2024 11:12:21 CET  Initiating request to open file root://cmsxrootd.fnal.gov//store/mc/RunIISummer20UL16MiniAODv2/QCD_HT300to500_TuneCH3_13TeV-madgraphMLM-herwig7/MINIAODSIM/106X_mcRun2_asymptotic_v17-v2/2810000/D487ED4B-2834-3341-94AB-A9F08E64FD7D.root
%MSG-w XrdAdaptor:  file_open 11-Jan-2024 11:12:24 CET PostProcessEvent
Data is served from T2_US_Nebraska instead of original site US-Regional-Nebraska
%MSG
11-Jan-2024 11:12:25 CET  Successfully opened file root://cmsxrootd.fnal.gov//store/mc/RunIISummer20UL16MiniAODv2/QCD_HT300to500_TuneCH3_13TeV-madgraphMLM-herwig7/MINIAODSIM/106X_mcRun2_asymptotic_v17-v2/2810000/D487ED4B-2834-3341-94AB-A9F08E64FD7D.root
11-Jan-2024 11:12:31 CET  Closed file root://cmsxrootd.fnal.gov//store/mc/RunIISummer20UL16MiniAODv2/QCD_HT300to500_TuneCH3_13TeV-madgraphMLM-herwig7/MINIAODSIM/106X_mcRun2_asymptotic_v17-v2/2810000/D487ED4B-2834-3341-94AB-A9F08E64FD7D.root
11-Jan-2024 11:12:31 CET  Initiating request to open file root://cmsxrootd.fnal.gov//store/mc/RunIISummer20UL16MiniAODv2/QCD_HT300to500_TuneCH3_13TeV-madgraphMLM-herwig7/MINIAODSIM/106X_mcRun2_asymptotic_v17-v2/2810000/2C950899-923C-0440-8115-CDF2AAF8AA41.root
Unable to load sec.protocol plugin libXrdSecztn.so
%MSG-w XrdAdaptor:  file_open 11-Jan-2024 11:12:34 CET PostProcessEvent
Data is served from fnal.gov instead of original site US-Regional-Nebraska
%MSG
11-Jan-2024 11:12:35 CET  Successfully opened file root://cmsxrootd.fnal.gov//store/mc/RunIISummer20UL16MiniAODv2/QCD_HT300to500_TuneCH3_13TeV-madgraphMLM-herwig7/MINIAODSIM/106X_mcRun2_asymptotic_v17-v2/2810000/2C950899-923C-0440-8115-CDF2AAF8AA41.root
11-Jan-2024 11:12:40 CET  Closed file root://cmsxrootd.fnal.gov//store/mc/RunIISummer20UL16MiniAODv2/QCD_HT300to500_TuneCH3_13TeV-madgraphMLM-herwig7/MINIAODSIM/106X_mcRun2_asymptotic_v17-v2/2810000/2C950899-923C-0440-8115-CDF2AAF8AA41.root
11-Jan-2024 11:12:40 CET  Initiating request to open file root://cmsxrootd.fnal.gov//store/mc/RunIISummer20UL16MiniAODv2/QCD_HT300to500_TuneCH3_13TeV-madgraphMLM-herwig7/MINIAODSIM/106X_mcRun2_asymptotic_v17-v2/2810000/A198C4ED-D29D-9242-BAAD-F89670F48DB2.root
%MSG-w XrdAdaptor:  file_open 11-Jan-2024 11:12:42 CET PostProcessEvent
Data is served from fnal.gov instead of original site US-Regional-Nebraska
%MSG
11-Jan-2024 11:12:44 CET  Successfully opened file root://cmsxrootd.fnal.gov//store/mc/RunIISummer20UL16MiniAODv2/QCD_HT300to500_TuneCH3_13TeV-madgraphMLM-herwig7/MINIAODSIM/106X_mcRun2_asymptotic_v17-v2/2810000/A198C4ED-D29D-9242-BAAD-F89670F48DB2.root
Unable to load sec.protocol plugin libXrdSecztn.so
11-Jan-2024 11:12:51 CET  Closed file root://cmsxrootd.fnal.gov//store/mc/RunIISummer20UL16MiniAODv2/QCD_HT300to500_TuneCH3_13TeV-madgraphMLM-herwig7/MINIAODSIM/106X_mcRun2_asymptotic_v17-v2/2810000/A198C4ED-D29D-9242-BAAD-F89670F48DB2.root
11-Jan-2024 11:12:51 CET  Initiating request to open file root://cmsxrootd.fnal.gov//store/mc/RunIISummer20UL16MiniAODv2/QCD_HT300to500_TuneCH3_13TeV-madgraphMLM-herwig7/MINIAODSIM/106X_mcRun2_asymptotic_v17-v2/2810000/DBCED563-81F1-A344-9AE3-A73C46EEE514.root
%MSG-w XrdAdaptor:  file_open 11-Jan-2024 11:12:53 CET PostProcessEvent
Data is served from fnal.gov instead of original site US-Regional-Nebraska
%MSG
11-Jan-2024 11:12:54 CET  Successfully opened file root://cmsxrootd.fnal.gov//store/mc/RunIISummer20UL16MiniAODv2/QCD_HT300to500_TuneCH3_13TeV-madgraphMLM-herwig7/MINIAODSIM/106X_mcRun2_asymptotic_v17-v2/2810000/DBCED563-81F1-A344-9AE3-A73C46EEE514.root
Begin processing the 100001st record. Run 1, Event 1884729, LumiSection 647 on stream 0 at 11-Jan-2024 11:13:02.129 CET
11-Jan-2024 11:13:02 CET  Closed file root://cmsxrootd.fnal.gov//store/mc/RunIISummer20UL16MiniAODv2/QCD_HT300to500_TuneCH3_13TeV-madgraphMLM-herwig7/MINIAODSIM/106X_mcRun2_asymptotic_v17-v2/2810000/DBCED563-81F1-A344-9AE3-A73C46EEE514.root
11-Jan-2024 11:13:02 CET  Initiating request to open file root://cmsxrootd.fnal.gov//store/mc/RunIISummer20UL16MiniAODv2/QCD_HT300to500_TuneCH3_13TeV-madgraphMLM-herwig7/MINIAODSIM/106X_mcRun2_asymptotic_v17-v2/2810000/0B9D06A8-59B1-7947-97C5-CE5A3F74D8FF.root
%MSG-w XrdAdaptor:  file_open 11-Jan-2024 11:13:07 CET PostProcessEvent
Data is served from cms.rcac.purdue.edu instead of original site US-Regional-Nebraska
%MSG
11-Jan-2024 11:13:08 CET  Successfully opened file root://cmsxrootd.fnal.gov//store/mc/RunIISummer20UL16MiniAODv2/QCD_HT300to500_TuneCH3_13TeV-madgraphMLM-herwig7/MINIAODSIM/106X_mcRun2_asymptotic_v17-v2/2810000/0B9D06A8-59B1-7947-97C5-CE5A3F74D8FF.root
11-Jan-2024 11:13:14 CET  Closed file root://cmsxrootd.fnal.gov//store/mc/RunIISummer20UL16MiniAODv2/QCD_HT300to500_TuneCH3_13TeV-madgraphMLM-herwig7/MINIAODSIM/106X_mcRun2_asymptotic_v17-v2/2810000/0B9D06A8-59B1-7947-97C5-CE5A3F74D8FF.root
11-Jan-2024 11:13:14 CET  Initiating request to open file root://cmsxrootd.fnal.gov//store/mc/RunIISummer20UL16MiniAODv2/QCD_HT300to500_TuneCH3_13TeV-madgraphMLM-herwig7/MINIAODSIM/106X_mcRun2_asymptotic_v17-v2/2810000/28EA1660-5291-D44C-8837-09D8BC530A58.root
%MSG-w XrdAdaptor:  file_open 11-Jan-2024 11:13:16 CET PostProcessEvent
Data is served from fnal.gov instead of original site US-Regional-Nebraska
%MSG
11-Jan-2024 11:13:17 CET  Successfully opened file root://cmsxrootd.fnal.gov//store/mc/RunIISummer20UL16MiniAODv2/QCD_HT300to500_TuneCH3_13TeV-madgraphMLM-herwig7/MINIAODSIM/106X_mcRun2_asymptotic_v17-v2/2810000/28EA1660-5291-D44C-8837-09D8BC530A58.root
11-Jan-2024 11:13:27 CET  Closed file root://cmsxrootd.fnal.gov//store/mc/RunIISummer20UL16MiniAODv2/QCD_HT300to500_TuneCH3_13TeV-madgraphMLM-herwig7/MINIAODSIM/106X_mcRun2_asymptotic_v17-v2/2810000/28EA1660-5291-D44C-8837-09D8BC530A58.root
11-Jan-2024 11:13:27 CET  Initiating request to open file root://cmsxrootd.fnal.gov//store/mc/RunIISummer20UL16MiniAODv2/QCD_HT300to500_TuneCH3_13TeV-madgraphMLM-herwig7/MINIAODSIM/106X_mcRun2_asymptotic_v17-v2/2810000/E5F195D6-4EF9-0241-893C-77696B0F7C5D.root
Unable to load sec.protocol plugin libXrdSecztn.so
%MSG-w XrdAdaptor:  file_open 11-Jan-2024 11:13:32 CET PostProcessEvent
Data is served from T2_US_UCSD-ceph instead of original site US-Regional-Nebraska
%MSG
11-Jan-2024 11:13:33 CET  Successfully opened file root://cmsxrootd.fnal.gov//store/mc/RunIISummer20UL16MiniAODv2/QCD_HT300to500_TuneCH3_13TeV-madgraphMLM-herwig7/MINIAODSIM/106X_mcRun2_asymptotic_v17-v2/2810000/E5F195D6-4EF9-0241-893C-77696B0F7C5D.root
Unable to load sec.protocol plugin libXrdSecztn.so
11-Jan-2024 11:13:44 CET  Closed file root://cmsxrootd.fnal.gov//store/mc/RunIISummer20UL16MiniAODv2/QCD_HT300to500_TuneCH3_13TeV-madgraphMLM-herwig7/MINIAODSIM/106X_mcRun2_asymptotic_v17-v2/2810000/E5F195D6-4EF9-0241-893C-77696B0F7C5D.root
11-Jan-2024 11:13:44 CET  Initiating request to open file root://cmsxrootd.fnal.gov//store/mc/RunIISummer20UL16MiniAODv2/QCD_HT300to500_TuneCH3_13TeV-madgraphMLM-herwig7/MINIAODSIM/106X_mcRun2_asymptotic_v17-v2/2810000/C54609C7-E299-1148-8658-0094C01BED16.root
%MSG-w XrdAdaptor:  file_open 11-Jan-2024 11:13:46 CET PostProcessEvent
Data is served from fnal.gov instead of original site US-Regional-Nebraska
%MSG
11-Jan-2024 11:13:46 CET  Successfully opened file root://cmsxrootd.fnal.gov//store/mc/RunIISummer20UL16MiniAODv2/QCD_HT300to500_TuneCH3_13TeV-madgraphMLM-herwig7/MINIAODSIM/106X_mcRun2_asymptotic_v17-v2/2810000/C54609C7-E299-1148-8658-0094C01BED16.root
11-Jan-2024 11:13:57 CET  Closed file root://cmsxrootd.fnal.gov//store/mc/RunIISummer20UL16MiniAODv2/QCD_HT300to500_TuneCH3_13TeV-madgraphMLM-herwig7/MINIAODSIM/106X_mcRun2_asymptotic_v17-v2/2810000/C54609C7-E299-1148-8658-0094C01BED16.root
11-Jan-2024 11:13:57 CET  Initiating request to open file root://cmsxrootd.fnal.gov//store/mc/RunIISummer20UL16MiniAODv2/QCD_HT300to500_TuneCH3_13TeV-madgraphMLM-herwig7/MINIAODSIM/106X_mcRun2_asymptotic_v17-v2/2810000/916E46E2-B34A-9C44-A339-8A55134D9B2D.root
%MSG-w XrdAdaptor:  file_open 11-Jan-2024 11:14:00 CET PostProcessEvent
Data is served from cms.rcac.purdue.edu instead of original site US-Regional-Nebraska
%MSG
11-Jan-2024 11:14:00 CET  Successfully opened file root://cmsxrootd.fnal.gov//store/mc/RunIISummer20UL16MiniAODv2/QCD_HT300to500_TuneCH3_13TeV-madgraphMLM-herwig7/MINIAODSIM/106X_mcRun2_asymptotic_v17-v2/2810000/916E46E2-B34A-9C44-A339-8A55134D9B2D.root
Begin processing the 200001st record. Run 1, Event 2144463, LumiSection 736 on stream 0 at 11-Jan-2024 11:14:09.443 CET
11-Jan-2024 11:14:09 CET  Closed file root://cmsxrootd.fnal.gov//store/mc/RunIISummer20UL16MiniAODv2/QCD_HT300to500_TuneCH3_13TeV-madgraphMLM-herwig7/MINIAODSIM/106X_mcRun2_asymptotic_v17-v2/2810000/916E46E2-B34A-9C44-A339-8A55134D9B2D.root
11-Jan-2024 11:14:09 CET  Initiating request to open file root://cmsxrootd.fnal.gov//store/mc/RunIISummer20UL16MiniAODv2/QCD_HT300to500_TuneCH3_13TeV-madgraphMLM-herwig7/MINIAODSIM/106X_mcRun2_asymptotic_v17-v2/2810000/303D77CB-A95C-CF46-9FD8-2D2BDFA5FE5D.root
%MSG-w XrdAdaptor:  file_open 11-Jan-2024 11:14:12 CET PostProcessEvent
Data is served from cms.rcac.purdue.edu instead of original site US-Regional-Nebraska
%MSG
11-Jan-2024 11:14:13 CET  Successfully opened file root://cmsxrootd.fnal.gov//store/mc/RunIISummer20UL16MiniAODv2/QCD_HT300to500_TuneCH3_13TeV-madgraphMLM-herwig7/MINIAODSIM/106X_mcRun2_asymptotic_v17-v2/2810000/303D77CB-A95C-CF46-9FD8-2D2BDFA5FE5D.root
11-Jan-2024 11:14:19 CET  Closed file root://cmsxrootd.fnal.gov//store/mc/RunIISummer20UL16MiniAODv2/QCD_HT300to500_TuneCH3_13TeV-madgraphMLM-herwig7/MINIAODSIM/106X_mcRun2_asymptotic_v17-v2/2810000/303D77CB-A95C-CF46-9FD8-2D2BDFA5FE5D.root
11-Jan-2024 11:14:19 CET  Initiating request to open file root://cmsxrootd.fnal.gov//store/mc/RunIISummer20UL16MiniAODv2/QCD_HT300to500_TuneCH3_13TeV-madgraphMLM-herwig7/MINIAODSIM/106X_mcRun2_asymptotic_v17-v2/2810000/4004A6B0-3378-B142-A595-DD641A17F706.root
%MSG-w XrdAdaptor:  file_open 11-Jan-2024 11:14:22 CET PostProcessEvent
Data is served from cms.rcac.purdue.edu instead of original site US-Regional-Nebraska
%MSG
11-Jan-2024 11:14:23 CET  Successfully opened file root://cmsxrootd.fnal.gov//store/mc/RunIISummer20UL16MiniAODv2/QCD_HT300to500_TuneCH3_13TeV-madgraphMLM-herwig7/MINIAODSIM/106X_mcRun2_asymptotic_v17-v2/2810000/4004A6B0-3378-B142-A595-DD641A17F706.root
11-Jan-2024 11:14:42 CET  Closed file root://cmsxrootd.fnal.gov//store/mc/RunIISummer20UL16MiniAODv2/QCD_HT300to500_TuneCH3_13TeV-madgraphMLM-herwig7/MINIAODSIM/106X_mcRun2_asymptotic_v17-v2/2810000/4004A6B0-3378-B142-A595-DD641A17F706.root
11-Jan-2024 11:14:42 CET  Initiating request to open file root://cmsxrootd.fnal.gov//store/mc/RunIISummer20UL16MiniAODv2/QCD_HT300to500_TuneCH3_13TeV-madgraphMLM-herwig7/MINIAODSIM/106X_mcRun2_asymptotic_v17-v2/2810000/1E8D76C5-9804-0845-AFF7-76DB4E8DA410.root
%MSG-w XrdAdaptor:  file_open 11-Jan-2024 11:14:45 CET PostProcessEvent
Data is served from cms.rcac.purdue.edu instead of original site US-Regional-Nebraska
%MSG
11-Jan-2024 11:14:46 CET  Successfully opened file root://cmsxrootd.fnal.gov//store/mc/RunIISummer20UL16MiniAODv2/QCD_HT300to500_TuneCH3_13TeV-madgraphMLM-herwig7/MINIAODSIM/106X_mcRun2_asymptotic_v17-v2/2810000/1E8D76C5-9804-0845-AFF7-76DB4E8DA410.root
11-Jan-2024 11:14:50 CET  Closed file root://cmsxrootd.fnal.gov//store/mc/RunIISummer20UL16MiniAODv2/QCD_HT300to500_TuneCH3_13TeV-madgraphMLM-herwig7/MINIAODSIM/106X_mcRun2_asymptotic_v17-v2/2810000/1E8D76C5-9804-0845-AFF7-76DB4E8DA410.root
11-Jan-2024 11:14:50 CET  Initiating request to open file root://cmsxrootd.fnal.gov//store/mc/RunIISummer20UL16MiniAODv2/QCD_HT300to500_TuneCH3_13TeV-madgraphMLM-herwig7/MINIAODSIM/106X_mcRun2_asymptotic_v17-v2/2810000/EF8ABF92-366B-344C-B7CF-CF451E9704C7.root
%MSG-w XrdAdaptor:  file_open 11-Jan-2024 11:14:52 CET PostProcessEvent
Data is served from fnal.gov instead of original site US-Regional-Nebraska
%MSG
11-Jan-2024 11:14:53 CET  Successfully opened file root://cmsxrootd.fnal.gov//store/mc/RunIISummer20UL16MiniAODv2/QCD_HT300to500_TuneCH3_13TeV-madgraphMLM-herwig7/MINIAODSIM/106X_mcRun2_asymptotic_v17-v2/2810000/EF8ABF92-366B-344C-B7CF-CF451E9704C7.root
11-Jan-2024 11:15:04 CET  Closed file root://cmsxrootd.fnal.gov//store/mc/RunIISummer20UL16MiniAODv2/QCD_HT300to500_TuneCH3_13TeV-madgraphMLM-herwig7/MINIAODSIM/106X_mcRun2_asymptotic_v17-v2/2810000/EF8ABF92-366B-344C-B7CF-CF451E9704C7.root
11-Jan-2024 11:15:04 CET  Initiating request to open file root://cmsxrootd.fnal.gov//store/mc/RunIISummer20UL16MiniAODv2/QCD_HT300to500_TuneCH3_13TeV-madgraphMLM-herwig7/MINIAODSIM/106X_mcRun2_asymptotic_v17-v2/2810000/825F764D-5A45-9142-B792-27E5FAE1CE93.root
%MSG-w XrdAdaptor:  file_open 11-Jan-2024 11:15:07 CET PostProcessEvent
Data is served from T2_US_Vanderbilt instead of original site US-Regional-Nebraska
%MSG
11-Jan-2024 11:15:08 CET  Successfully opened file root://cmsxrootd.fnal.gov//store/mc/RunIISummer20UL16MiniAODv2/QCD_HT300to500_TuneCH3_13TeV-madgraphMLM-herwig7/MINIAODSIM/106X_mcRun2_asymptotic_v17-v2/2810000/825F764D-5A45-9142-B792-27E5FAE1CE93.root
Begin processing the 300001st record. Run 1, Event 1989989, LumiSection 683 on stream 0 at 11-Jan-2024 11:15:15.115 CET
11-Jan-2024 11:15:15 CET  Closed file root://cmsxrootd.fnal.gov//store/mc/RunIISummer20UL16MiniAODv2/QCD_HT300to500_TuneCH3_13TeV-madgraphMLM-herwig7/MINIAODSIM/106X_mcRun2_asymptotic_v17-v2/2810000/825F764D-5A45-9142-B792-27E5FAE1CE93.root
11-Jan-2024 11:15:15 CET  Initiating request to open file root://cmsxrootd.fnal.gov//store/mc/RunIISummer20UL16MiniAODv2/QCD_HT300to500_TuneCH3_13TeV-madgraphMLM-herwig7/MINIAODSIM/106X_mcRun2_asymptotic_v17-v2/2810000/F6B6D3AE-562F-0C4B-8306-6E4002CC838D.root
%MSG-w XrdAdaptor:  file_open 11-Jan-2024 11:15:17 CET PostProcessEvent
Data is served from fnal.gov instead of original site US-Regional-Nebraska
%MSG
11-Jan-2024 11:15:18 CET  Successfully opened file root://cmsxrootd.fnal.gov//store/mc/RunIISummer20UL16MiniAODv2/QCD_HT300to500_TuneCH3_13TeV-madgraphMLM-herwig7/MINIAODSIM/106X_mcRun2_asymptotic_v17-v2/2810000/F6B6D3AE-562F-0C4B-8306-6E4002CC838D.root
11-Jan-2024 11:15:37 CET  Closed file root://cmsxrootd.fnal.gov//store/mc/RunIISummer20UL16MiniAODv2/QCD_HT300to500_TuneCH3_13TeV-madgraphMLM-herwig7/MINIAODSIM/106X_mcRun2_asymptotic_v17-v2/2810000/F6B6D3AE-562F-0C4B-8306-6E4002CC838D.root
11-Jan-2024 11:15:37 CET  Initiating request to open file root://cmsxrootd.fnal.gov//store/mc/RunIISummer20UL16MiniAODv2/QCD_HT300to500_TuneCH3_13TeV-madgraphMLM-herwig7/MINIAODSIM/106X_mcRun2_asymptotic_v17-v2/2810000/84EC59FA-34AB-DF42-A811-A579014523AF.root
%MSG-w XrdAdaptor:  file_open 11-Jan-2024 11:15:39 CET PostProcessEvent
Data is served from fnal.gov instead of original site US-Regional-Nebraska
%MSG
11-Jan-2024 11:15:40 CET  Successfully opened file root://cmsxrootd.fnal.gov//store/mc/RunIISummer20UL16MiniAODv2/QCD_HT300to500_TuneCH3_13TeV-madgraphMLM-herwig7/MINIAODSIM/106X_mcRun2_asymptotic_v17-v2/2810000/84EC59FA-34AB-DF42-A811-A579014523AF.root
11-Jan-2024 11:15:54 CET  Closed file root://cmsxrootd.fnal.gov//store/mc/RunIISummer20UL16MiniAODv2/QCD_HT300to500_TuneCH3_13TeV-madgraphMLM-herwig7/MINIAODSIM/106X_mcRun2_asymptotic_v17-v2/2810000/84EC59FA-34AB-DF42-A811-A579014523AF.root
11-Jan-2024 11:15:54 CET  Initiating request to open file root://cmsxrootd.fnal.gov//store/mc/RunIISummer20UL16MiniAODv2/QCD_HT300to500_TuneCH3_13TeV-madgraphMLM-herwig7/MINIAODSIM/106X_mcRun2_asymptotic_v17-v2/2810000/61E4B409-F0EE-D14C-A10D-29E35A78ABE2.root
%MSG-w XrdAdaptor:  file_open 11-Jan-2024 11:15:58 CET PostProcessEvent
Data is served from T2_US_Nebraska instead of original site US-Regional-Nebraska
%MSG
11-Jan-2024 11:15:59 CET  Successfully opened file root://cmsxrootd.fnal.gov//store/mc/RunIISummer20UL16MiniAODv2/QCD_HT300to500_TuneCH3_13TeV-madgraphMLM-herwig7/MINIAODSIM/106X_mcRun2_asymptotic_v17-v2/2810000/61E4B409-F0EE-D14C-A10D-29E35A78ABE2.root
11-Jan-2024 11:16:06 CET  Closed file root://cmsxrootd.fnal.gov//store/mc/RunIISummer20UL16MiniAODv2/QCD_HT300to500_TuneCH3_13TeV-madgraphMLM-herwig7/MINIAODSIM/106X_mcRun2_asymptotic_v17-v2/2810000/61E4B409-F0EE-D14C-A10D-29E35A78ABE2.root
11-Jan-2024 11:16:06 CET  Initiating request to open file root://cmsxrootd.fnal.gov//store/mc/RunIISummer20UL16MiniAODv2/QCD_HT300to500_TuneCH3_13TeV-madgraphMLM-herwig7/MINIAODSIM/106X_mcRun2_asymptotic_v17-v2/2810000/B51BA07B-AC23-9A46-843A-16390A7E6F08.root
%MSG-w XrdAdaptor:  file_open 11-Jan-2024 11:16:08 CET PostProcessEvent
Data is served from fnal.gov instead of original site US-Regional-Nebraska
%MSG
11-Jan-2024 11:16:09 CET  Successfully opened file root://cmsxrootd.fnal.gov//store/mc/RunIISummer20UL16MiniAODv2/QCD_HT300to500_TuneCH3_13TeV-madgraphMLM-herwig7/MINIAODSIM/106X_mcRun2_asymptotic_v17-v2/2810000/B51BA07B-AC23-9A46-843A-16390A7E6F08.root
11-Jan-2024 11:16:14 CET  Closed file root://cmsxrootd.fnal.gov//store/mc/RunIISummer20UL16MiniAODv2/QCD_HT300to500_TuneCH3_13TeV-madgraphMLM-herwig7/MINIAODSIM/106X_mcRun2_asymptotic_v17-v2/2810000/B51BA07B-AC23-9A46-843A-16390A7E6F08.root
11-Jan-2024 11:16:14 CET  Initiating request to open file root://cmsxrootd.fnal.gov//store/mc/RunIISummer20UL16MiniAODv2/QCD_HT300to500_TuneCH3_13TeV-madgraphMLM-herwig7/MINIAODSIM/106X_mcRun2_asymptotic_v17-v2/2810000/A165D38C-B03F-F44B-8A33-0FACC56776E1.root
%MSG-w XrdAdaptor:  file_open 11-Jan-2024 11:16:17 CET PostProcessEvent
Data is served from fnal.gov instead of original site US-Regional-Nebraska
%MSG
11-Jan-2024 11:16:18 CET  Successfully opened file root://cmsxrootd.fnal.gov//store/mc/RunIISummer20UL16MiniAODv2/QCD_HT300to500_TuneCH3_13TeV-madgraphMLM-herwig7/MINIAODSIM/106X_mcRun2_asymptotic_v17-v2/2810000/A165D38C-B03F-F44B-8A33-0FACC56776E1.root
11-Jan-2024 11:16:29 CET  Closed file root://cmsxrootd.fnal.gov//store/mc/RunIISummer20UL16MiniAODv2/QCD_HT300to500_TuneCH3_13TeV-madgraphMLM-herwig7/MINIAODSIM/106X_mcRun2_asymptotic_v17-v2/2810000/A165D38C-B03F-F44B-8A33-0FACC56776E1.root
11-Jan-2024 11:16:29 CET  Initiating request to open file root://cmsxrootd.fnal.gov//store/mc/RunIISummer20UL16MiniAODv2/QCD_HT300to500_TuneCH3_13TeV-madgraphMLM-herwig7/MINIAODSIM/106X_mcRun2_asymptotic_v17-v2/2810000/04DC1EFA-39E0-9C4E-81FC-0328BB275628.root
%MSG-w XrdAdaptor:  file_open 11-Jan-2024 11:16:30 CET PostProcessEvent
Data is served from fnal.gov instead of original site US-Regional-Nebraska
%MSG
11-Jan-2024 11:16:31 CET  Successfully opened file root://cmsxrootd.fnal.gov//store/mc/RunIISummer20UL16MiniAODv2/QCD_HT300to500_TuneCH3_13TeV-madgraphMLM-herwig7/MINIAODSIM/106X_mcRun2_asymptotic_v17-v2/2810000/04DC1EFA-39E0-9C4E-81FC-0328BB275628.root
11-Jan-2024 11:16:47 CET  Closed file root://cmsxrootd.fnal.gov//store/mc/RunIISummer20UL16MiniAODv2/QCD_HT300to500_TuneCH3_13TeV-madgraphMLM-herwig7/MINIAODSIM/106X_mcRun2_asymptotic_v17-v2/2810000/04DC1EFA-39E0-9C4E-81FC-0328BB275628.root
11-Jan-2024 11:16:47 CET  Initiating request to open file root://cmsxrootd.fnal.gov//store/mc/RunIISummer20UL16MiniAODv2/QCD_HT300to500_TuneCH3_13TeV-madgraphMLM-herwig7/MINIAODSIM/106X_mcRun2_asymptotic_v17-v2/2810000/39D72998-0960-894C-BFFF-64941FF84AC3.root
%MSG-w XrdAdaptor:  file_open 11-Jan-2024 11:16:49 CET PostProcessEvent
Data is served from fnal.gov instead of original site US-Regional-Nebraska
%MSG
11-Jan-2024 11:16:50 CET  Successfully opened file root://cmsxrootd.fnal.gov//store/mc/RunIISummer20UL16MiniAODv2/QCD_HT300to500_TuneCH3_13TeV-madgraphMLM-herwig7/MINIAODSIM/106X_mcRun2_asymptotic_v17-v2/2810000/39D72998-0960-894C-BFFF-64941FF84AC3.root
Begin processing the 400001st record. Run 1, Event 1356578, LumiSection 466 on stream 0 at 11-Jan-2024 11:16:57.281 CET
11-Jan-2024 11:16:57 CET  Closed file root://cmsxrootd.fnal.gov//store/mc/RunIISummer20UL16MiniAODv2/QCD_HT300to500_TuneCH3_13TeV-madgraphMLM-herwig7/MINIAODSIM/106X_mcRun2_asymptotic_v17-v2/2810000/39D72998-0960-894C-BFFF-64941FF84AC3.root
11-Jan-2024 11:16:57 CET  Initiating request to open file root://cmsxrootd.fnal.gov//store/mc/RunIISummer20UL16MiniAODv2/QCD_HT300to500_TuneCH3_13TeV-madgraphMLM-herwig7/MINIAODSIM/106X_mcRun2_asymptotic_v17-v2/2810000/586D5279-8B41-644F-A921-CBAE6807C595.root
%MSG-w XrdAdaptor:  file_open 11-Jan-2024 11:17:00 CET PostProcessEvent
Data is served from fnal.gov instead of original site US-Regional-Nebraska
%MSG
11-Jan-2024 11:17:00 CET  Successfully opened file root://cmsxrootd.fnal.gov//store/mc/RunIISummer20UL16MiniAODv2/QCD_HT300to500_TuneCH3_13TeV-madgraphMLM-herwig7/MINIAODSIM/106X_mcRun2_asymptotic_v17-v2/2810000/586D5279-8B41-644F-A921-CBAE6807C595.root
11-Jan-2024 11:17:10 CET  Closed file root://cmsxrootd.fnal.gov//store/mc/RunIISummer20UL16MiniAODv2/QCD_HT300to500_TuneCH3_13TeV-madgraphMLM-herwig7/MINIAODSIM/106X_mcRun2_asymptotic_v17-v2/2810000/586D5279-8B41-644F-A921-CBAE6807C595.root
11-Jan-2024 11:17:10 CET  Initiating request to open file root://cmsxrootd.fnal.gov//store/mc/RunIISummer20UL16MiniAODv2/QCD_HT300to500_TuneCH3_13TeV-madgraphMLM-herwig7/MINIAODSIM/106X_mcRun2_asymptotic_v17-v2/2810000/28477709-62ED-4C40-B651-ACB163EA76F1.root
%MSG-w XrdAdaptor:  file_open 11-Jan-2024 11:17:13 CET PostProcessEvent
Data is served from fnal.gov instead of original site US-Regional-Nebraska
%MSG
11-Jan-2024 11:17:13 CET  Successfully opened file root://cmsxrootd.fnal.gov//store/mc/RunIISummer20UL16MiniAODv2/QCD_HT300to500_TuneCH3_13TeV-madgraphMLM-herwig7/MINIAODSIM/106X_mcRun2_asymptotic_v17-v2/2810000/28477709-62ED-4C40-B651-ACB163EA76F1.root
11-Jan-2024 11:17:29 CET  Closed file root://cmsxrootd.fnal.gov//store/mc/RunIISummer20UL16MiniAODv2/QCD_HT300to500_TuneCH3_13TeV-madgraphMLM-herwig7/MINIAODSIM/106X_mcRun2_asymptotic_v17-v2/2810000/28477709-62ED-4C40-B651-ACB163EA76F1.root
11-Jan-2024 11:17:29 CET  Initiating request to open file root://cmsxrootd.fnal.gov//store/mc/RunIISummer20UL16MiniAODv2/QCD_HT300to500_TuneCH3_13TeV-madgraphMLM-herwig7/MINIAODSIM/106X_mcRun2_asymptotic_v17-v2/2810000/DFBCE164-E66E-CC44-8ECF-C5E13B16F975.root
%MSG-w XrdAdaptor:  file_open 11-Jan-2024 11:17:32 CET PostProcessEvent
Data is served from fnal.gov instead of original site US-Regional-Nebraska
%MSG
11-Jan-2024 11:17:32 CET  Successfully opened file root://cmsxrootd.fnal.gov//store/mc/RunIISummer20UL16MiniAODv2/QCD_HT300to500_TuneCH3_13TeV-madgraphMLM-herwig7/MINIAODSIM/106X_mcRun2_asymptotic_v17-v2/2810000/DFBCE164-E66E-CC44-8ECF-C5E13B16F975.root
11-Jan-2024 11:17:40 CET  Closed file root://cmsxrootd.fnal.gov//store/mc/RunIISummer20UL16MiniAODv2/QCD_HT300to500_TuneCH3_13TeV-madgraphMLM-herwig7/MINIAODSIM/106X_mcRun2_asymptotic_v17-v2/2810000/DFBCE164-E66E-CC44-8ECF-C5E13B16F975.root
11-Jan-2024 11:17:40 CET  Initiating request to open file root://cmsxrootd.fnal.gov//store/mc/RunIISummer20UL16MiniAODv2/QCD_HT300to500_TuneCH3_13TeV-madgraphMLM-herwig7/MINIAODSIM/106X_mcRun2_asymptotic_v17-v2/2810000/C5FA7E0E-71D6-5747-BEE8-26754C90DEF7.root
%MSG-w XrdAdaptor:  file_open 11-Jan-2024 11:17:42 CET PostProcessEvent
Data is served from fnal.gov instead of original site US-Regional-Nebraska
%MSG
11-Jan-2024 11:17:43 CET  Successfully opened file root://cmsxrootd.fnal.gov//store/mc/RunIISummer20UL16MiniAODv2/QCD_HT300to500_TuneCH3_13TeV-madgraphMLM-herwig7/MINIAODSIM/106X_mcRun2_asymptotic_v17-v2/2810000/C5FA7E0E-71D6-5747-BEE8-26754C90DEF7.root
11-Jan-2024 11:18:01 CET  Closed file root://cmsxrootd.fnal.gov//store/mc/RunIISummer20UL16MiniAODv2/QCD_HT300to500_TuneCH3_13TeV-madgraphMLM-herwig7/MINIAODSIM/106X_mcRun2_asymptotic_v17-v2/2810000/C5FA7E0E-71D6-5747-BEE8-26754C90DEF7.root
11-Jan-2024 11:18:01 CET  Initiating request to open file root://cmsxrootd.fnal.gov//store/mc/RunIISummer20UL16MiniAODv2/QCD_HT300to500_TuneCH3_13TeV-madgraphMLM-herwig7/MINIAODSIM/106X_mcRun2_asymptotic_v17-v2/2810000/40EB7DE5-09F0-5445-B75F-14C47CC956AF.root
%MSG-w XrdAdaptor:  file_open 11-Jan-2024 11:18:04 CET PostProcessEvent
Data is served from fnal.gov instead of original site US-Regional-Nebraska
%MSG
11-Jan-2024 11:18:05 CET  Successfully opened file root://cmsxrootd.fnal.gov//store/mc/RunIISummer20UL16MiniAODv2/QCD_HT300to500_TuneCH3_13TeV-madgraphMLM-herwig7/MINIAODSIM/106X_mcRun2_asymptotic_v17-v2/2810000/40EB7DE5-09F0-5445-B75F-14C47CC956AF.root
11-Jan-2024 11:19:00 CET  Closed file root://cmsxrootd.fnal.gov//store/mc/RunIISummer20UL16MiniAODv2/QCD_HT300to500_TuneCH3_13TeV-madgraphMLM-herwig7/MINIAODSIM/106X_mcRun2_asymptotic_v17-v2/2810000/40EB7DE5-09F0-5445-B75F-14C47CC956AF.root
11-Jan-2024 11:19:00 CET  Initiating request to open file root://cmsxrootd.fnal.gov//store/mc/RunIISummer20UL16MiniAODv2/QCD_HT300to500_TuneCH3_13TeV-madgraphMLM-herwig7/MINIAODSIM/106X_mcRun2_asymptotic_v17-v2/2810000/783FAA58-0370-DF4C-9C12-4D4571010835.root
%MSG-w XrdAdaptor:  file_open 11-Jan-2024 11:19:03 CET PostProcessEvent
Data is served from fnal.gov instead of original site US-Regional-Nebraska
%MSG
11-Jan-2024 11:19:05 CET  Successfully opened file root://cmsxrootd.fnal.gov//store/mc/RunIISummer20UL16MiniAODv2/QCD_HT300to500_TuneCH3_13TeV-madgraphMLM-herwig7/MINIAODSIM/106X_mcRun2_asymptotic_v17-v2/2810000/783FAA58-0370-DF4C-9C12-4D4571010835.root
11-Jan-2024 11:19:50 CET  Closed file root://cmsxrootd.fnal.gov//store/mc/RunIISummer20UL16MiniAODv2/QCD_HT300to500_TuneCH3_13TeV-madgraphMLM-herwig7/MINIAODSIM/106X_mcRun2_asymptotic_v17-v2/2810000/783FAA58-0370-DF4C-9C12-4D4571010835.root
11-Jan-2024 11:19:50 CET  Initiating request to open file root://cmsxrootd.fnal.gov//store/mc/RunIISummer20UL16MiniAODv2/QCD_HT300to500_TuneCH3_13TeV-madgraphMLM-herwig7/MINIAODSIM/106X_mcRun2_asymptotic_v17-v2/2810000/4A27E1F0-1006-3940-9459-762B7447F492.root
%MSG-w XrdAdaptor:  file_open 11-Jan-2024 11:19:52 CET PostProcessEvent
Data is served from fnal.gov instead of original site US-Regional-Nebraska
%MSG
11-Jan-2024 11:19:52 CET  Successfully opened file root://cmsxrootd.fnal.gov//store/mc/RunIISummer20UL16MiniAODv2/QCD_HT300to500_TuneCH3_13TeV-madgraphMLM-herwig7/MINIAODSIM/106X_mcRun2_asymptotic_v17-v2/2810000/4A27E1F0-1006-3940-9459-762B7447F492.root
Begin processing the 500001st record. Run 1, Event 1811472, LumiSection 622 on stream 0 at 11-Jan-2024 11:20:01.150 CET
11-Jan-2024 11:20:01 CET  Closed file root://cmsxrootd.fnal.gov//store/mc/RunIISummer20UL16MiniAODv2/QCD_HT300to500_TuneCH3_13TeV-madgraphMLM-herwig7/MINIAODSIM/106X_mcRun2_asymptotic_v17-v2/2810000/4A27E1F0-1006-3940-9459-762B7447F492.root
11-Jan-2024 11:20:01 CET  Initiating request to open file root://cmsxrootd.fnal.gov//store/mc/RunIISummer20UL16MiniAODv2/QCD_HT300to500_TuneCH3_13TeV-madgraphMLM-herwig7/MINIAODSIM/106X_mcRun2_asymptotic_v17-v2/2810000/298A4E46-ECED-C44A-B2B2-A16C0186B866.root
%MSG-w XrdAdaptor:  file_open 11-Jan-2024 11:20:06 CET PostProcessEvent
Data is served from T2_US_MIT instead of original site US-Regional-Nebraska
%MSG
11-Jan-2024 11:20:07 CET  Successfully opened file root://cmsxrootd.fnal.gov//store/mc/RunIISummer20UL16MiniAODv2/QCD_HT300to500_TuneCH3_13TeV-madgraphMLM-herwig7/MINIAODSIM/106X_mcRun2_asymptotic_v17-v2/2810000/298A4E46-ECED-C44A-B2B2-A16C0186B866.root
11-Jan-2024 11:20:11 CET  Closed file root://cmsxrootd.fnal.gov//store/mc/RunIISummer20UL16MiniAODv2/QCD_HT300to500_TuneCH3_13TeV-madgraphMLM-herwig7/MINIAODSIM/106X_mcRun2_asymptotic_v17-v2/2810000/298A4E46-ECED-C44A-B2B2-A16C0186B866.root
11-Jan-2024 11:20:11 CET  Initiating request to open file root://cmsxrootd.fnal.gov//store/mc/RunIISummer20UL16MiniAODv2/QCD_HT300to500_TuneCH3_13TeV-madgraphMLM-herwig7/MINIAODSIM/106X_mcRun2_asymptotic_v17-v2/2810000/F2D0FEF6-D25D-8648-B611-625271C83CC4.root
%MSG-w XrdAdaptor:  file_open 11-Jan-2024 11:20:14 CET PostProcessEvent
Data is served from fnal.gov instead of original site US-Regional-Nebraska
%MSG
11-Jan-2024 11:20:15 CET  Successfully opened file root://cmsxrootd.fnal.gov//store/mc/RunIISummer20UL16MiniAODv2/QCD_HT300to500_TuneCH3_13TeV-madgraphMLM-herwig7/MINIAODSIM/106X_mcRun2_asymptotic_v17-v2/2810000/F2D0FEF6-D25D-8648-B611-625271C83CC4.root
11-Jan-2024 11:22:06 CET  Closed file root://cmsxrootd.fnal.gov//store/mc/RunIISummer20UL16MiniAODv2/QCD_HT300to500_TuneCH3_13TeV-madgraphMLM-herwig7/MINIAODSIM/106X_mcRun2_asymptotic_v17-v2/2810000/F2D0FEF6-D25D-8648-B611-625271C83CC4.root
11-Jan-2024 11:22:06 CET  Initiating request to open file root://cmsxrootd.fnal.gov//store/mc/RunIISummer20UL16MiniAODv2/QCD_HT300to500_TuneCH3_13TeV-madgraphMLM-herwig7/MINIAODSIM/106X_mcRun2_asymptotic_v17-v2/2810000/08758B3D-49EF-0640-ABC9-55A06CDE37AE.root
%MSG-w XrdAdaptor:  file_open 11-Jan-2024 11:22:10 CET PostProcessEvent
Data is served from fnal.gov instead of original site US-Regional-Nebraska
%MSG
11-Jan-2024 11:22:11 CET  Successfully opened file root://cmsxrootd.fnal.gov//store/mc/RunIISummer20UL16MiniAODv2/QCD_HT300to500_TuneCH3_13TeV-madgraphMLM-herwig7/MINIAODSIM/106X_mcRun2_asymptotic_v17-v2/2810000/08758B3D-49EF-0640-ABC9-55A06CDE37AE.root
11-Jan-2024 11:23:52 CET  Closed file root://cmsxrootd.fnal.gov//store/mc/RunIISummer20UL16MiniAODv2/QCD_HT300to500_TuneCH3_13TeV-madgraphMLM-herwig7/MINIAODSIM/106X_mcRun2_asymptotic_v17-v2/2810000/08758B3D-49EF-0640-ABC9-55A06CDE37AE.root
11-Jan-2024 11:23:52 CET  Initiating request to open file root://cmsxrootd.fnal.gov//store/mc/RunIISummer20UL16MiniAODv2/QCD_HT300to500_TuneCH3_13TeV-madgraphMLM-herwig7/MINIAODSIM/106X_mcRun2_asymptotic_v17-v2/2810000/D4454486-233C-0349-9417-DF4B50E5041C.root
%MSG-w XrdAdaptor:  file_open 11-Jan-2024 11:23:57 CET PostProcessEvent
Data is served from fnal.gov instead of original site US-Regional-Nebraska
%MSG
11-Jan-2024 11:23:57 CET  Successfully opened file root://cmsxrootd.fnal.gov//store/mc/RunIISummer20UL16MiniAODv2/QCD_HT300to500_TuneCH3_13TeV-madgraphMLM-herwig7/MINIAODSIM/106X_mcRun2_asymptotic_v17-v2/2810000/D4454486-233C-0349-9417-DF4B50E5041C.root
Begin processing the 600001st record. Run 1, Event 542775, LumiSection 187 on stream 0 at 11-Jan-2024 11:25:45.214 CET
11-Jan-2024 11:25:45 CET  Closed file root://cmsxrootd.fnal.gov//store/mc/RunIISummer20UL16MiniAODv2/QCD_HT300to500_TuneCH3_13TeV-madgraphMLM-herwig7/MINIAODSIM/106X_mcRun2_asymptotic_v17-v2/2810000/D4454486-233C-0349-9417-DF4B50E5041C.root
11-Jan-2024 11:25:45 CET  Initiating request to open file root://cmsxrootd.fnal.gov//store/mc/RunIISummer20UL16MiniAODv2/QCD_HT300to500_TuneCH3_13TeV-madgraphMLM-herwig7/MINIAODSIM/106X_mcRun2_asymptotic_v17-v2/2810000/000BF868-1E63-D646-BF11-F6CF8E654DC4.root
%MSG-w XrdAdaptor:  file_open 11-Jan-2024 11:25:48 CET PostProcessEvent
Data is served from fnal.gov instead of original site US-Regional-Nebraska
%MSG
11-Jan-2024 11:25:49 CET  Successfully opened file root://cmsxrootd.fnal.gov//store/mc/RunIISummer20UL16MiniAODv2/QCD_HT300to500_TuneCH3_13TeV-madgraphMLM-herwig7/MINIAODSIM/106X_mcRun2_asymptotic_v17-v2/2810000/000BF868-1E63-D646-BF11-F6CF8E654DC4.root
11-Jan-2024 11:27:13 CET  Closed file root://cmsxrootd.fnal.gov//store/mc/RunIISummer20UL16MiniAODv2/QCD_HT300to500_TuneCH3_13TeV-madgraphMLM-herwig7/MINIAODSIM/106X_mcRun2_asymptotic_v17-v2/2810000/000BF868-1E63-D646-BF11-F6CF8E654DC4.root
11-Jan-2024 11:27:13 CET  Initiating request to open file root://cmsxrootd.fnal.gov//store/mc/RunIISummer20UL16MiniAODv2/QCD_HT300to500_TuneCH3_13TeV-madgraphMLM-herwig7/MINIAODSIM/106X_mcRun2_asymptotic_v17-v2/2810000/19DA545E-A70A-0A42-990C-FCFB3D0CF294.root
%MSG-w XrdAdaptor:  file_open 11-Jan-2024 11:27:16 CET PostProcessEvent
Data is served from fnal.gov instead of original site US-Regional-Nebraska
%MSG
11-Jan-2024 11:27:17 CET  Successfully opened file root://cmsxrootd.fnal.gov//store/mc/RunIISummer20UL16MiniAODv2/QCD_HT300to500_TuneCH3_13TeV-madgraphMLM-herwig7/MINIAODSIM/106X_mcRun2_asymptotic_v17-v2/2810000/19DA545E-A70A-0A42-990C-FCFB3D0CF294.root
11-Jan-2024 11:28:18 CET  Closed file root://cmsxrootd.fnal.gov//store/mc/RunIISummer20UL16MiniAODv2/QCD_HT300to500_TuneCH3_13TeV-madgraphMLM-herwig7/MINIAODSIM/106X_mcRun2_asymptotic_v17-v2/2810000/19DA545E-A70A-0A42-990C-FCFB3D0CF294.root
11-Jan-2024 11:28:18 CET  Initiating request to open file root://cmsxrootd.fnal.gov//store/mc/RunIISummer20UL16MiniAODv2/QCD_HT300to500_TuneCH3_13TeV-madgraphMLM-herwig7/MINIAODSIM/106X_mcRun2_asymptotic_v17-v2/2810000/88595A86-AE6C-D74D-AEA4-2E09E6AB2482.root
%MSG-w XrdAdaptor:  file_open 11-Jan-2024 11:28:22 CET PostProcessEvent
Data is served from fnal.gov instead of original site US-Regional-Nebraska
%MSG
11-Jan-2024 11:28:22 CET  Successfully opened file root://cmsxrootd.fnal.gov//store/mc/RunIISummer20UL16MiniAODv2/QCD_HT300to500_TuneCH3_13TeV-madgraphMLM-herwig7/MINIAODSIM/106X_mcRun2_asymptotic_v17-v2/2810000/88595A86-AE6C-D74D-AEA4-2E09E6AB2482.root
11-Jan-2024 11:28:43 CET  Closed file root://cmsxrootd.fnal.gov//store/mc/RunIISummer20UL16MiniAODv2/QCD_HT300to500_TuneCH3_13TeV-madgraphMLM-herwig7/MINIAODSIM/106X_mcRun2_asymptotic_v17-v2/2810000/88595A86-AE6C-D74D-AEA4-2E09E6AB2482.root
11-Jan-2024 11:28:43 CET  Initiating request to open file root://cmsxrootd.fnal.gov//store/mc/RunIISummer20UL16MiniAODv2/QCD_HT300to500_TuneCH3_13TeV-madgraphMLM-herwig7/MINIAODSIM/106X_mcRun2_asymptotic_v17-v2/2810000/997131A0-0F0F-9142-AD6C-4DC31C6853FA.root
%MSG-w XrdAdaptor:  file_open 11-Jan-2024 11:28:46 CET PostProcessEvent
Data is served from T2_US_MIT instead of original site US-Regional-Nebraska
%MSG
11-Jan-2024 11:28:46 CET  Successfully opened file root://cmsxrootd.fnal.gov//store/mc/RunIISummer20UL16MiniAODv2/QCD_HT300to500_TuneCH3_13TeV-madgraphMLM-herwig7/MINIAODSIM/106X_mcRun2_asymptotic_v17-v2/2810000/997131A0-0F0F-9142-AD6C-4DC31C6853FA.root
Begin processing the 700001st record. Run 1, Event 1675044, LumiSection 575 on stream 0 at 11-Jan-2024 11:29:56.983 CET
11-Jan-2024 11:29:57 CET  Closed file root://cmsxrootd.fnal.gov//store/mc/RunIISummer20UL16MiniAODv2/QCD_HT300to500_TuneCH3_13TeV-madgraphMLM-herwig7/MINIAODSIM/106X_mcRun2_asymptotic_v17-v2/2810000/997131A0-0F0F-9142-AD6C-4DC31C6853FA.root
11-Jan-2024 11:29:57 CET  Initiating request to open file root://cmsxrootd.fnal.gov//store/mc/RunIISummer20UL16MiniAODv2/QCD_HT300to500_TuneCH3_13TeV-madgraphMLM-herwig7/MINIAODSIM/106X_mcRun2_asymptotic_v17-v2/2810000/A71EC6E2-A6B2-7942-A9E4-54D78143FD96.root
%MSG-w XrdAdaptor:  file_open 11-Jan-2024 11:30:00 CET PostProcessEvent
Data is served from T2_US_MIT instead of original site US-Regional-Nebraska
%MSG
11-Jan-2024 11:30:01 CET  Successfully opened file root://cmsxrootd.fnal.gov//store/mc/RunIISummer20UL16MiniAODv2/QCD_HT300to500_TuneCH3_13TeV-madgraphMLM-herwig7/MINIAODSIM/106X_mcRun2_asymptotic_v17-v2/2810000/A71EC6E2-A6B2-7942-A9E4-54D78143FD96.root
11-Jan-2024 11:30:06 CET  Closed file root://cmsxrootd.fnal.gov//store/mc/RunIISummer20UL16MiniAODv2/QCD_HT300to500_TuneCH3_13TeV-madgraphMLM-herwig7/MINIAODSIM/106X_mcRun2_asymptotic_v17-v2/2810000/A71EC6E2-A6B2-7942-A9E4-54D78143FD96.root
11-Jan-2024 11:30:06 CET  Initiating request to open file root://cmsxrootd.fnal.gov//store/mc/RunIISummer20UL16MiniAODv2/QCD_HT300to500_TuneCH3_13TeV-madgraphMLM-herwig7/MINIAODSIM/106X_mcRun2_asymptotic_v17-v2/2810000/DCB9DA57-B38D-C046-AB5E-D1EC88488F33.root
%MSG-w XrdAdaptor:  file_open 11-Jan-2024 11:30:11 CET PostProcessEvent
Data is served from fnal.gov instead of original site US-Regional-Nebraska
%MSG
11-Jan-2024 11:30:12 CET  Successfully opened file root://cmsxrootd.fnal.gov//store/mc/RunIISummer20UL16MiniAODv2/QCD_HT300to500_TuneCH3_13TeV-madgraphMLM-herwig7/MINIAODSIM/106X_mcRun2_asymptotic_v17-v2/2810000/DCB9DA57-B38D-C046-AB5E-D1EC88488F33.root
11-Jan-2024 11:31:02 CET  Closed file root://cmsxrootd.fnal.gov//store/mc/RunIISummer20UL16MiniAODv2/QCD_HT300to500_TuneCH3_13TeV-madgraphMLM-herwig7/MINIAODSIM/106X_mcRun2_asymptotic_v17-v2/2810000/DCB9DA57-B38D-C046-AB5E-D1EC88488F33.root
11-Jan-2024 11:31:02 CET  Initiating request to open file root://cmsxrootd.fnal.gov//store/mc/RunIISummer20UL16MiniAODv2/QCD_HT300to500_TuneCH3_13TeV-madgraphMLM-herwig7/MINIAODSIM/106X_mcRun2_asymptotic_v17-v2/2810000/AD181E17-A9BC-F84A-8AA1-1642E28AD38F.root
%MSG-w XrdAdaptor:  file_open 11-Jan-2024 11:31:07 CET PostProcessEvent
Data is served from T2_US_Florida instead of original site US-Regional-Nebraska
%MSG
11-Jan-2024 11:31:07 CET  Successfully opened file root://cmsxrootd.fnal.gov//store/mc/RunIISummer20UL16MiniAODv2/QCD_HT300to500_TuneCH3_13TeV-madgraphMLM-herwig7/MINIAODSIM/106X_mcRun2_asymptotic_v17-v2/2810000/AD181E17-A9BC-F84A-8AA1-1642E28AD38F.root
11-Jan-2024 11:31:14 CET  Closed file root://cmsxrootd.fnal.gov//store/mc/RunIISummer20UL16MiniAODv2/QCD_HT300to500_TuneCH3_13TeV-madgraphMLM-herwig7/MINIAODSIM/106X_mcRun2_asymptotic_v17-v2/2810000/AD181E17-A9BC-F84A-8AA1-1642E28AD38F.root
11-Jan-2024 11:31:14 CET  Initiating request to open file root://cmsxrootd.fnal.gov//store/mc/RunIISummer20UL16MiniAODv2/QCD_HT300to500_TuneCH3_13TeV-madgraphMLM-herwig7/MINIAODSIM/106X_mcRun2_asymptotic_v17-v2/2810000/C7E2B6E5-1666-2E4F-B486-532031C02A99.root
%MSG-w XrdAdaptor:  file_open 11-Jan-2024 11:31:17 CET PostProcessEvent
Data is served from T2_US_Florida instead of original site US-Regional-Nebraska
%MSG
11-Jan-2024 11:31:17 CET  Successfully opened file root://cmsxrootd.fnal.gov//store/mc/RunIISummer20UL16MiniAODv2/QCD_HT300to500_TuneCH3_13TeV-madgraphMLM-herwig7/MINIAODSIM/106X_mcRun2_asymptotic_v17-v2/2810000/C7E2B6E5-1666-2E4F-B486-532031C02A99.root
11-Jan-2024 11:31:23 CET  Closed file root://cmsxrootd.fnal.gov//store/mc/RunIISummer20UL16MiniAODv2/QCD_HT300to500_TuneCH3_13TeV-madgraphMLM-herwig7/MINIAODSIM/106X_mcRun2_asymptotic_v17-v2/2810000/C7E2B6E5-1666-2E4F-B486-532031C02A99.root
11-Jan-2024 11:31:23 CET  Initiating request to open file root://cmsxrootd.fnal.gov//store/mc/RunIISummer20UL16MiniAODv2/QCD_HT300to500_TuneCH3_13TeV-madgraphMLM-herwig7/MINIAODSIM/106X_mcRun2_asymptotic_v17-v2/2810000/268191A4-BEB2-8C44-991A-EB6FA2898199.root
%MSG-w XrdAdaptor:  file_open 11-Jan-2024 11:31:26 CET PostProcessEvent
Data is served from T2_US_MIT instead of original site US-Regional-Nebraska
%MSG
11-Jan-2024 11:31:26 CET  Successfully opened file root://cmsxrootd.fnal.gov//store/mc/RunIISummer20UL16MiniAODv2/QCD_HT300to500_TuneCH3_13TeV-madgraphMLM-herwig7/MINIAODSIM/106X_mcRun2_asymptotic_v17-v2/2810000/268191A4-BEB2-8C44-991A-EB6FA2898199.root
11-Jan-2024 11:31:34 CET  Closed file root://cmsxrootd.fnal.gov//store/mc/RunIISummer20UL16MiniAODv2/QCD_HT300to500_TuneCH3_13TeV-madgraphMLM-herwig7/MINIAODSIM/106X_mcRun2_asymptotic_v17-v2/2810000/268191A4-BEB2-8C44-991A-EB6FA2898199.root
11-Jan-2024 11:31:34 CET  Initiating request to open file root://cmsxrootd.fnal.gov//store/mc/RunIISummer20UL16MiniAODv2/QCD_HT300to500_TuneCH3_13TeV-madgraphMLM-herwig7/MINIAODSIM/106X_mcRun2_asymptotic_v17-v2/2810000/C85788B0-B7CE-A74A-8EBD-215DCBE9B534.root
Unable to load sec.protocol plugin libXrdSecztn.so
%MSG-w XrdAdaptor:  file_open 11-Jan-2024 11:31:38 CET PostProcessEvent
Data is served from T2_US_UCSD-ceph instead of original site US-Regional-Nebraska
%MSG
11-Jan-2024 11:31:40 CET  Successfully opened file root://cmsxrootd.fnal.gov//store/mc/RunIISummer20UL16MiniAODv2/QCD_HT300to500_TuneCH3_13TeV-madgraphMLM-herwig7/MINIAODSIM/106X_mcRun2_asymptotic_v17-v2/2810000/C85788B0-B7CE-A74A-8EBD-215DCBE9B534.root
Unable to load sec.protocol plugin libXrdSecztn.so
11-Jan-2024 11:31:58 CET  Closed file root://cmsxrootd.fnal.gov//store/mc/RunIISummer20UL16MiniAODv2/QCD_HT300to500_TuneCH3_13TeV-madgraphMLM-herwig7/MINIAODSIM/106X_mcRun2_asymptotic_v17-v2/2810000/C85788B0-B7CE-A74A-8EBD-215DCBE9B534.root
11-Jan-2024 11:31:58 CET  Initiating request to open file root://cmsxrootd.fnal.gov//store/mc/RunIISummer20UL16MiniAODv2/QCD_HT300to500_TuneCH3_13TeV-madgraphMLM-herwig7/MINIAODSIM/106X_mcRun2_asymptotic_v17-v2/2810000/EE6A105E-2681-AC45-A8D9-A3AC0B774B91.root
%MSG-w XrdAdaptor:  file_open 11-Jan-2024 11:32:01 CET PostProcessEvent
Data is served from fnal.gov instead of original site US-Regional-Nebraska
%MSG
11-Jan-2024 11:32:02 CET  Successfully opened file root://cmsxrootd.fnal.gov//store/mc/RunIISummer20UL16MiniAODv2/QCD_HT300to500_TuneCH3_13TeV-madgraphMLM-herwig7/MINIAODSIM/106X_mcRun2_asymptotic_v17-v2/2810000/EE6A105E-2681-AC45-A8D9-A3AC0B774B91.root
Begin processing the 800001st record. Run 1, Event 1359990, LumiSection 467 on stream 0 at 11-Jan-2024 11:32:35.432 CET
11-Jan-2024 11:32:35 CET  Closed file root://cmsxrootd.fnal.gov//store/mc/RunIISummer20UL16MiniAODv2/QCD_HT300to500_TuneCH3_13TeV-madgraphMLM-herwig7/MINIAODSIM/106X_mcRun2_asymptotic_v17-v2/2810000/EE6A105E-2681-AC45-A8D9-A3AC0B774B91.root
11-Jan-2024 11:32:35 CET  Initiating request to open file root://cmsxrootd.fnal.gov//store/mc/RunIISummer20UL16MiniAODv2/QCD_HT300to500_TuneCH3_13TeV-madgraphMLM-herwig7/MINIAODSIM/106X_mcRun2_asymptotic_v17-v2/2810000/D5234F35-3819-9E46-908D-290CF03B73A6.root
%MSG-w XrdAdaptor:  file_open 11-Jan-2024 11:32:38 CET PostProcessEvent
Data is served from fnal.gov instead of original site US-Regional-Nebraska
%MSG
11-Jan-2024 11:32:38 CET  Successfully opened file root://cmsxrootd.fnal.gov//store/mc/RunIISummer20UL16MiniAODv2/QCD_HT300to500_TuneCH3_13TeV-madgraphMLM-herwig7/MINIAODSIM/106X_mcRun2_asymptotic_v17-v2/2810000/D5234F35-3819-9E46-908D-290CF03B73A6.root
11-Jan-2024 11:33:16 CET  Closed file root://cmsxrootd.fnal.gov//store/mc/RunIISummer20UL16MiniAODv2/QCD_HT300to500_TuneCH3_13TeV-madgraphMLM-herwig7/MINIAODSIM/106X_mcRun2_asymptotic_v17-v2/2810000/D5234F35-3819-9E46-908D-290CF03B73A6.root
11-Jan-2024 11:33:16 CET  Initiating request to open file root://cmsxrootd.fnal.gov//store/mc/RunIISummer20UL16MiniAODv2/QCD_HT300to500_TuneCH3_13TeV-madgraphMLM-herwig7/MINIAODSIM/106X_mcRun2_asymptotic_v17-v2/2810000/95BBE71D-E066-F049-99A8-CFB1308533CE.root
%MSG-w XrdAdaptor:  file_open 11-Jan-2024 11:33:18 CET PostProcessEvent
Data is served from T2_US_Florida instead of original site US-Regional-Nebraska
%MSG
11-Jan-2024 11:33:19 CET  Successfully opened file root://cmsxrootd.fnal.gov//store/mc/RunIISummer20UL16MiniAODv2/QCD_HT300to500_TuneCH3_13TeV-madgraphMLM-herwig7/MINIAODSIM/106X_mcRun2_asymptotic_v17-v2/2810000/95BBE71D-E066-F049-99A8-CFB1308533CE.root
11-Jan-2024 11:33:27 CET  Closed file root://cmsxrootd.fnal.gov//store/mc/RunIISummer20UL16MiniAODv2/QCD_HT300to500_TuneCH3_13TeV-madgraphMLM-herwig7/MINIAODSIM/106X_mcRun2_asymptotic_v17-v2/2810000/95BBE71D-E066-F049-99A8-CFB1308533CE.root
11-Jan-2024 11:33:27 CET  Initiating request to open file root://cmsxrootd.fnal.gov//store/mc/RunIISummer20UL16MiniAODv2/QCD_HT300to500_TuneCH3_13TeV-madgraphMLM-herwig7/MINIAODSIM/106X_mcRun2_asymptotic_v17-v2/2810000/39F70FF4-A2B1-9A43-B11E-76CF800D7130.root
%MSG-w XrdAdaptor:  file_open 11-Jan-2024 11:33:29 CET PostProcessEvent
Data is served from T2_US_Florida instead of original site US-Regional-Nebraska
%MSG
11-Jan-2024 11:33:30 CET  Successfully opened file root://cmsxrootd.fnal.gov//store/mc/RunIISummer20UL16MiniAODv2/QCD_HT300to500_TuneCH3_13TeV-madgraphMLM-herwig7/MINIAODSIM/106X_mcRun2_asymptotic_v17-v2/2810000/39F70FF4-A2B1-9A43-B11E-76CF800D7130.root
11-Jan-2024 11:33:35 CET  Closed file root://cmsxrootd.fnal.gov//store/mc/RunIISummer20UL16MiniAODv2/QCD_HT300to500_TuneCH3_13TeV-madgraphMLM-herwig7/MINIAODSIM/106X_mcRun2_asymptotic_v17-v2/2810000/39F70FF4-A2B1-9A43-B11E-76CF800D7130.root
11-Jan-2024 11:33:35 CET  Initiating request to open file root://cmsxrootd.fnal.gov//store/mc/RunIISummer20UL16MiniAODv2/QCD_HT300to500_TuneCH3_13TeV-madgraphMLM-herwig7/MINIAODSIM/106X_mcRun2_asymptotic_v17-v2/2810000/2375D4B2-1D7C-4241-8B83-EE5E73AE83EA.root
%MSG-w XrdAdaptor:  file_open 11-Jan-2024 11:33:37 CET PostProcessEvent
Data is served from fnal.gov instead of original site US-Regional-Nebraska
%MSG
11-Jan-2024 11:33:37 CET  Successfully opened file root://cmsxrootd.fnal.gov//store/mc/RunIISummer20UL16MiniAODv2/QCD_HT300to500_TuneCH3_13TeV-madgraphMLM-herwig7/MINIAODSIM/106X_mcRun2_asymptotic_v17-v2/2810000/2375D4B2-1D7C-4241-8B83-EE5E73AE83EA.root
11-Jan-2024 11:33:51 CET  Closed file root://cmsxrootd.fnal.gov//store/mc/RunIISummer20UL16MiniAODv2/QCD_HT300to500_TuneCH3_13TeV-madgraphMLM-herwig7/MINIAODSIM/106X_mcRun2_asymptotic_v17-v2/2810000/2375D4B2-1D7C-4241-8B83-EE5E73AE83EA.root
11-Jan-2024 11:33:51 CET  Initiating request to open file root://cmsxrootd.fnal.gov//store/mc/RunIISummer20UL16MiniAODv2/QCD_HT300to500_TuneCH3_13TeV-madgraphMLM-herwig7/MINIAODSIM/106X_mcRun2_asymptotic_v17-v2/2810000/389F9656-5F4A-614E-BA6E-2E1874F1FD62.root
%MSG-w XrdAdaptor:  file_open 11-Jan-2024 11:33:55 CET PostProcessEvent
Data is served from T2_US_Wisconsin instead of original site US-Regional-Nebraska
%MSG
11-Jan-2024 11:33:56 CET  Successfully opened file root://cmsxrootd.fnal.gov//store/mc/RunIISummer20UL16MiniAODv2/QCD_HT300to500_TuneCH3_13TeV-madgraphMLM-herwig7/MINIAODSIM/106X_mcRun2_asymptotic_v17-v2/2810000/389F9656-5F4A-614E-BA6E-2E1874F1FD62.root
11-Jan-2024 11:34:07 CET  Closed file root://cmsxrootd.fnal.gov//store/mc/RunIISummer20UL16MiniAODv2/QCD_HT300to500_TuneCH3_13TeV-madgraphMLM-herwig7/MINIAODSIM/106X_mcRun2_asymptotic_v17-v2/2810000/389F9656-5F4A-614E-BA6E-2E1874F1FD62.root
11-Jan-2024 11:34:07 CET  Initiating request to open file root://cmsxrootd.fnal.gov//store/mc/RunIISummer20UL16MiniAODv2/QCD_HT300to500_TuneCH3_13TeV-madgraphMLM-herwig7/MINIAODSIM/106X_mcRun2_asymptotic_v17-v2/2810000/1B731584-56E2-D747-8EA2-78678E1A2B4F.root
%MSG-w XrdAdaptor:  file_open 11-Jan-2024 11:34:10 CET PostProcessEvent
Data is served from T2_US_Wisconsin instead of original site US-Regional-Nebraska
%MSG
11-Jan-2024 11:34:11 CET  Successfully opened file root://cmsxrootd.fnal.gov//store/mc/RunIISummer20UL16MiniAODv2/QCD_HT300to500_TuneCH3_13TeV-madgraphMLM-herwig7/MINIAODSIM/106X_mcRun2_asymptotic_v17-v2/2810000/1B731584-56E2-D747-8EA2-78678E1A2B4F.root
11-Jan-2024 11:34:17 CET  Closed file root://cmsxrootd.fnal.gov//store/mc/RunIISummer20UL16MiniAODv2/QCD_HT300to500_TuneCH3_13TeV-madgraphMLM-herwig7/MINIAODSIM/106X_mcRun2_asymptotic_v17-v2/2810000/1B731584-56E2-D747-8EA2-78678E1A2B4F.root
11-Jan-2024 11:34:17 CET  Initiating request to open file root://cmsxrootd.fnal.gov//store/mc/RunIISummer20UL16MiniAODv2/QCD_HT300to500_TuneCH3_13TeV-madgraphMLM-herwig7/MINIAODSIM/106X_mcRun2_asymptotic_v17-v2/2810000/1E971769-5361-B043-8991-9845212E1120.root
%MSG-w XrdAdaptor:  file_open 11-Jan-2024 11:34:20 CET PostProcessEvent
Data is served from fnal.gov instead of original site US-Regional-Nebraska
%MSG
11-Jan-2024 11:34:21 CET  Successfully opened file root://cmsxrootd.fnal.gov//store/mc/RunIISummer20UL16MiniAODv2/QCD_HT300to500_TuneCH3_13TeV-madgraphMLM-herwig7/MINIAODSIM/106X_mcRun2_asymptotic_v17-v2/2810000/1E971769-5361-B043-8991-9845212E1120.root
Begin processing the 900001st record. Run 1, Event 1659851, LumiSection 570 on stream 0 at 11-Jan-2024 11:34:52.720 CET
11-Jan-2024 11:34:52 CET  Closed file root://cmsxrootd.fnal.gov//store/mc/RunIISummer20UL16MiniAODv2/QCD_HT300to500_TuneCH3_13TeV-madgraphMLM-herwig7/MINIAODSIM/106X_mcRun2_asymptotic_v17-v2/2810000/1E971769-5361-B043-8991-9845212E1120.root
11-Jan-2024 11:34:52 CET  Initiating request to open file root://cmsxrootd.fnal.gov//store/mc/RunIISummer20UL16MiniAODv2/QCD_HT300to500_TuneCH3_13TeV-madgraphMLM-herwig7/MINIAODSIM/106X_mcRun2_asymptotic_v17-v2/2810000/EF2ED0B0-999C-CE4C-B663-E61C0A0863F6.root
%MSG-w XrdAdaptor:  file_open 11-Jan-2024 11:34:57 CET PostProcessEvent
Data is served from T2_US_Caltech instead of original site US-Regional-Nebraska
%MSG
11-Jan-2024 11:34:58 CET  Successfully opened file root://cmsxrootd.fnal.gov//store/mc/RunIISummer20UL16MiniAODv2/QCD_HT300to500_TuneCH3_13TeV-madgraphMLM-herwig7/MINIAODSIM/106X_mcRun2_asymptotic_v17-v2/2810000/EF2ED0B0-999C-CE4C-B663-E61C0A0863F6.root
11-Jan-2024 11:35:20 CET  Closed file root://cmsxrootd.fnal.gov//store/mc/RunIISummer20UL16MiniAODv2/QCD_HT300to500_TuneCH3_13TeV-madgraphMLM-herwig7/MINIAODSIM/106X_mcRun2_asymptotic_v17-v2/2810000/EF2ED0B0-999C-CE4C-B663-E61C0A0863F6.root
11-Jan-2024 11:35:20 CET  Initiating request to open file root://cmsxrootd.fnal.gov//store/mc/RunIISummer20UL16MiniAODv2/QCD_HT300to500_TuneCH3_13TeV-madgraphMLM-herwig7/MINIAODSIM/106X_mcRun2_asymptotic_v17-v2/2810000/943353C9-8461-A948-9B14-8F8DCA80F230.root
%MSG-w XrdAdaptor:  file_open 11-Jan-2024 11:35:23 CET PostProcessEvent
Data is served from T2_US_Caltech instead of original site US-Regional-Nebraska
%MSG
11-Jan-2024 11:35:24 CET  Successfully opened file root://cmsxrootd.fnal.gov//store/mc/RunIISummer20UL16MiniAODv2/QCD_HT300to500_TuneCH3_13TeV-madgraphMLM-herwig7/MINIAODSIM/106X_mcRun2_asymptotic_v17-v2/2810000/943353C9-8461-A948-9B14-8F8DCA80F230.root
11-Jan-2024 11:35:37 CET  Closed file root://cmsxrootd.fnal.gov//store/mc/RunIISummer20UL16MiniAODv2/QCD_HT300to500_TuneCH3_13TeV-madgraphMLM-herwig7/MINIAODSIM/106X_mcRun2_asymptotic_v17-v2/2810000/943353C9-8461-A948-9B14-8F8DCA80F230.root
11-Jan-2024 11:35:37 CET  Initiating request to open file root://cmsxrootd.fnal.gov//store/mc/RunIISummer20UL16MiniAODv2/QCD_HT300to500_TuneCH3_13TeV-madgraphMLM-herwig7/MINIAODSIM/106X_mcRun2_asymptotic_v17-v2/2810000/9C2D29BD-8119-074E-8C54-0521BEA1E23F.root
%MSG-w XrdAdaptor:  file_open 11-Jan-2024 11:35:39 CET PostProcessEvent
Data is served from T2_US_Caltech instead of original site US-Regional-Nebraska
%MSG
11-Jan-2024 11:35:40 CET  Successfully opened file root://cmsxrootd.fnal.gov//store/mc/RunIISummer20UL16MiniAODv2/QCD_HT300to500_TuneCH3_13TeV-madgraphMLM-herwig7/MINIAODSIM/106X_mcRun2_asymptotic_v17-v2/2810000/9C2D29BD-8119-074E-8C54-0521BEA1E23F.root
11-Jan-2024 11:35:55 CET  Closed file root://cmsxrootd.fnal.gov//store/mc/RunIISummer20UL16MiniAODv2/QCD_HT300to500_TuneCH3_13TeV-madgraphMLM-herwig7/MINIAODSIM/106X_mcRun2_asymptotic_v17-v2/2810000/9C2D29BD-8119-074E-8C54-0521BEA1E23F.root
11-Jan-2024 11:35:55 CET  Initiating request to open file root://cmsxrootd.fnal.gov//store/mc/RunIISummer20UL16MiniAODv2/QCD_HT300to500_TuneCH3_13TeV-madgraphMLM-herwig7/MINIAODSIM/106X_mcRun2_asymptotic_v17-v2/2810000/3B97ACE6-7009-264E-B457-B2787A5F66EC.root
%MSG-w XrdAdaptor:  file_open 11-Jan-2024 11:35:58 CET PostProcessEvent
Data is served from T2_US_Caltech instead of original site US-Regional-Nebraska
%MSG
11-Jan-2024 11:35:59 CET  Successfully opened file root://cmsxrootd.fnal.gov//store/mc/RunIISummer20UL16MiniAODv2/QCD_HT300to500_TuneCH3_13TeV-madgraphMLM-herwig7/MINIAODSIM/106X_mcRun2_asymptotic_v17-v2/2810000/3B97ACE6-7009-264E-B457-B2787A5F66EC.root
11-Jan-2024 11:36:05 CET  Closed file root://cmsxrootd.fnal.gov//store/mc/RunIISummer20UL16MiniAODv2/QCD_HT300to500_TuneCH3_13TeV-madgraphMLM-herwig7/MINIAODSIM/106X_mcRun2_asymptotic_v17-v2/2810000/3B97ACE6-7009-264E-B457-B2787A5F66EC.root
11-Jan-2024 11:36:05 CET  Initiating request to open file root://cmsxrootd.fnal.gov//store/mc/RunIISummer20UL16MiniAODv2/QCD_HT300to500_TuneCH3_13TeV-madgraphMLM-herwig7/MINIAODSIM/106X_mcRun2_asymptotic_v17-v2/2810000/3B97BA8D-09D7-504F-A1D0-0695E974E779.root
%MSG-w XrdAdaptor:  file_open 11-Jan-2024 11:36:07 CET PostProcessEvent
Data is served from fnal.gov instead of original site US-Regional-Nebraska
%MSG
11-Jan-2024 11:36:08 CET  Successfully opened file root://cmsxrootd.fnal.gov//store/mc/RunIISummer20UL16MiniAODv2/QCD_HT300to500_TuneCH3_13TeV-madgraphMLM-herwig7/MINIAODSIM/106X_mcRun2_asymptotic_v17-v2/2810000/3B97BA8D-09D7-504F-A1D0-0695E974E779.root
Unable to load sec.protocol plugin libXrdSecztn.so
Begin processing the 1000001st record. Run 1, Event 2518181, LumiSection 864 on stream 0 at 11-Jan-2024 11:36:42.851 CET
 869797.100000  10918.840000   1065.138000             1
 176318.300000   3031.532000   1065.138000             0
2060892.000000  13615.760000   1065.138000             2
 
11-Jan-2024 11:36:43 CET  Closed file root://cmsxrootd.fnal.gov//store/mc/RunIISummer20UL16MiniAODv2/QCD_HT300to500_TuneCH3_13TeV-madgraphMLM-herwig7/MINIAODSIM/106X_mcRun2_asymptotic_v17-v2/2810000/3B97BA8D-09D7-504F-A1D0-0695E974E779.root

------------------------------------
GenXsecAnalyzer:
------------------------------------
Before Filter: total cross section = 3.110e+02 +- 7.360e-01 pb
Filter efficiency (taking into account weights)= (1.00606e+06) / (1.00606e+06) = 1.000e+00 +- 0.000e+00
Filter efficiency (event-level)= (1.00606e+06) / (1.00606e+06) = 1.000e+00 +- 0.000e+00    [TO BE USED IN MCM]

After filter: final cross section = 3.110e+02 +- 7.360e-01 pb
After filter: final fraction of events with negative weights = 0.000e+00 +- 0.000e+00
After filter: final equivalent lumi for 1M events (1/fb) = 3.215e+00 +- 8.259e-03

=============================================

MessageLogger Summary

 type     category        sev    module        subroutine        count    total
 ---- -------------------- -- ---------------- ----------------  -----    -----
    1 GenXSecAnalyzer      -w GenXSecAnalyzer:                       7        7
    2 XrdAdaptor           -w file_open                             58       58
    3 fileAction           -s file_close                            58       58
    4 fileAction           -s file_open                            116      116

 type    category    Examples: run/evt        run/evt          run/evt
 ---- -------------------- ---------------- ---------------- ----------------
    1 GenXSecAnalyzer      PostGlobalEndRun PostGlobalEndRun PostGlobalEndRun
    2 XrdAdaptor           pre-events       PostProcessEvent PostProcessEvent
    3 fileAction           PostProcessEvent PostProcessEvent PostGlobalEndRun
    4 fileAction           pre-events       pre-events       PostProcessEvent

Severity    # Occurrences   Total Occurrences
--------    -------------   -----------------
Warning                65                  65
System                174                 174

dropped waiting message count 0
