10-Jan-2024 22:01:12 CET  Initiating request to open file root://cmsxrootd.fnal.gov//store/mc/RunIISummer20UL16MiniAODv2/QCD_HT1000to1500_TuneCH3_13TeV-madgraphMLM-herwig7/MINIAODSIM/106X_mcRun2_asymptotic_v17-v2/2810000/D10F12B1-D42D-544E-BC1E-AF58A5E9CDA7.root
Unable to load sec.protocol plugin libXrdSecztn.so
%MSG-w XrdAdaptor:  file_open 10-Jan-2024 22:01:17 CET pre-events
Data is served from fnal.gov instead of original site US-Regional-FNAL
%MSG
10-Jan-2024 22:01:21 CET  Successfully opened file root://cmsxrootd.fnal.gov//store/mc/RunIISummer20UL16MiniAODv2/QCD_HT1000to1500_TuneCH3_13TeV-madgraphMLM-herwig7/MINIAODSIM/106X_mcRun2_asymptotic_v17-v2/2810000/D10F12B1-D42D-544E-BC1E-AF58A5E9CDA7.root
Unable to load sec.protocol plugin libXrdSecztn.so
Unable to load sec.protocol plugin libXrdSecztn.so
Begin processing the 1st record. Run 1, Event 224677, LumiSection 545 on stream 0 at 10-Jan-2024 22:01:34.226 CET
10-Jan-2024 22:01:36 CET  Closed file root://cmsxrootd.fnal.gov//store/mc/RunIISummer20UL16MiniAODv2/QCD_HT1000to1500_TuneCH3_13TeV-madgraphMLM-herwig7/MINIAODSIM/106X_mcRun2_asymptotic_v17-v2/2810000/D10F12B1-D42D-544E-BC1E-AF58A5E9CDA7.root
10-Jan-2024 22:01:36 CET  Initiating request to open file root://cmsxrootd.fnal.gov//store/mc/RunIISummer20UL16MiniAODv2/QCD_HT1000to1500_TuneCH3_13TeV-madgraphMLM-herwig7/MINIAODSIM/106X_mcRun2_asymptotic_v17-v2/2810000/E5A68A65-B56C-E34A-99EC-03D3E592502A.root
Unable to load sec.protocol plugin libXrdSecztn.so
%MSG-w XrdAdaptor:  file_open 10-Jan-2024 22:01:39 CET PostStreamBeginLumi
Data is served from fnal.gov instead of original site US-Regional-FNAL
%MSG
10-Jan-2024 22:01:40 CET  Successfully opened file root://cmsxrootd.fnal.gov//store/mc/RunIISummer20UL16MiniAODv2/QCD_HT1000to1500_TuneCH3_13TeV-madgraphMLM-herwig7/MINIAODSIM/106X_mcRun2_asymptotic_v17-v2/2810000/E5A68A65-B56C-E34A-99EC-03D3E592502A.root
10-Jan-2024 22:01:47 CET  Closed file root://cmsxrootd.fnal.gov//store/mc/RunIISummer20UL16MiniAODv2/QCD_HT1000to1500_TuneCH3_13TeV-madgraphMLM-herwig7/MINIAODSIM/106X_mcRun2_asymptotic_v17-v2/2810000/E5A68A65-B56C-E34A-99EC-03D3E592502A.root
10-Jan-2024 22:01:47 CET  Initiating request to open file root://cmsxrootd.fnal.gov//store/mc/RunIISummer20UL16MiniAODv2/QCD_HT1000to1500_TuneCH3_13TeV-madgraphMLM-herwig7/MINIAODSIM/106X_mcRun2_asymptotic_v17-v2/2810000/EA23CE94-F36B-0B4A-B586-7BA4D2270164.root
%MSG-w XrdAdaptor:  file_open 10-Jan-2024 22:01:50 CET PostStreamBeginLumi
Data is served from fnal.gov instead of original site US-Regional-FNAL
%MSG
10-Jan-2024 22:01:50 CET  Successfully opened file root://cmsxrootd.fnal.gov//store/mc/RunIISummer20UL16MiniAODv2/QCD_HT1000to1500_TuneCH3_13TeV-madgraphMLM-herwig7/MINIAODSIM/106X_mcRun2_asymptotic_v17-v2/2810000/EA23CE94-F36B-0B4A-B586-7BA4D2270164.root
10-Jan-2024 22:02:04 CET  Closed file root://cmsxrootd.fnal.gov//store/mc/RunIISummer20UL16MiniAODv2/QCD_HT1000to1500_TuneCH3_13TeV-madgraphMLM-herwig7/MINIAODSIM/106X_mcRun2_asymptotic_v17-v2/2810000/EA23CE94-F36B-0B4A-B586-7BA4D2270164.root
10-Jan-2024 22:02:04 CET  Initiating request to open file root://cmsxrootd.fnal.gov//store/mc/RunIISummer20UL16MiniAODv2/QCD_HT1000to1500_TuneCH3_13TeV-madgraphMLM-herwig7/MINIAODSIM/106X_mcRun2_asymptotic_v17-v2/2810000/2B3CB55A-75E3-8B4A-B6D4-AA6913FA33E8.root
%MSG-w XrdAdaptor:  file_open 10-Jan-2024 22:02:06 CET PostStreamBeginLumi
Data is served from fnal.gov instead of original site US-Regional-FNAL
%MSG
10-Jan-2024 22:02:07 CET  Successfully opened file root://cmsxrootd.fnal.gov//store/mc/RunIISummer20UL16MiniAODv2/QCD_HT1000to1500_TuneCH3_13TeV-madgraphMLM-herwig7/MINIAODSIM/106X_mcRun2_asymptotic_v17-v2/2810000/2B3CB55A-75E3-8B4A-B6D4-AA6913FA33E8.root
10-Jan-2024 22:02:14 CET  Closed file root://cmsxrootd.fnal.gov//store/mc/RunIISummer20UL16MiniAODv2/QCD_HT1000to1500_TuneCH3_13TeV-madgraphMLM-herwig7/MINIAODSIM/106X_mcRun2_asymptotic_v17-v2/2810000/2B3CB55A-75E3-8B4A-B6D4-AA6913FA33E8.root
10-Jan-2024 22:02:14 CET  Initiating request to open file root://cmsxrootd.fnal.gov//store/mc/RunIISummer20UL16MiniAODv2/QCD_HT1000to1500_TuneCH3_13TeV-madgraphMLM-herwig7/MINIAODSIM/106X_mcRun2_asymptotic_v17-v2/2810000/CCC1A80C-E479-4542-A77E-5A8E646B7A1D.root
%MSG-w XrdAdaptor:  file_open 10-Jan-2024 22:02:16 CET PostStreamBeginLumi
Data is served from fnal.gov instead of original site US-Regional-FNAL
%MSG
10-Jan-2024 22:02:16 CET  Successfully opened file root://cmsxrootd.fnal.gov//store/mc/RunIISummer20UL16MiniAODv2/QCD_HT1000to1500_TuneCH3_13TeV-madgraphMLM-herwig7/MINIAODSIM/106X_mcRun2_asymptotic_v17-v2/2810000/CCC1A80C-E479-4542-A77E-5A8E646B7A1D.root
10-Jan-2024 22:02:21 CET  Closed file root://cmsxrootd.fnal.gov//store/mc/RunIISummer20UL16MiniAODv2/QCD_HT1000to1500_TuneCH3_13TeV-madgraphMLM-herwig7/MINIAODSIM/106X_mcRun2_asymptotic_v17-v2/2810000/CCC1A80C-E479-4542-A77E-5A8E646B7A1D.root
10-Jan-2024 22:02:21 CET  Initiating request to open file root://cmsxrootd.fnal.gov//store/mc/RunIISummer20UL16MiniAODv2/QCD_HT1000to1500_TuneCH3_13TeV-madgraphMLM-herwig7/MINIAODSIM/106X_mcRun2_asymptotic_v17-v2/2810000/3F7635B7-CC79-C44D-B290-86EBAB21FED5.root
%MSG-w XrdAdaptor:  file_open 10-Jan-2024 22:02:25 CET PostStreamBeginLumi
Data is served from T2_US_Florida instead of original site US-Regional-FNAL
%MSG
10-Jan-2024 22:02:26 CET  Successfully opened file root://cmsxrootd.fnal.gov//store/mc/RunIISummer20UL16MiniAODv2/QCD_HT1000to1500_TuneCH3_13TeV-madgraphMLM-herwig7/MINIAODSIM/106X_mcRun2_asymptotic_v17-v2/2810000/3F7635B7-CC79-C44D-B290-86EBAB21FED5.root
10-Jan-2024 22:02:32 CET  Closed file root://cmsxrootd.fnal.gov//store/mc/RunIISummer20UL16MiniAODv2/QCD_HT1000to1500_TuneCH3_13TeV-madgraphMLM-herwig7/MINIAODSIM/106X_mcRun2_asymptotic_v17-v2/2810000/3F7635B7-CC79-C44D-B290-86EBAB21FED5.root
10-Jan-2024 22:02:32 CET  Initiating request to open file root://cmsxrootd.fnal.gov//store/mc/RunIISummer20UL16MiniAODv2/QCD_HT1000to1500_TuneCH3_13TeV-madgraphMLM-herwig7/MINIAODSIM/106X_mcRun2_asymptotic_v17-v2/2810000/D997A5CF-B43F-7F4C-B778-4A2D11A3278A.root
%MSG-w XrdAdaptor:  file_open 10-Jan-2024 22:02:35 CET PostStreamBeginLumi
Data is served from fnal.gov instead of original site US-Regional-FNAL
%MSG
10-Jan-2024 22:02:35 CET  Successfully opened file root://cmsxrootd.fnal.gov//store/mc/RunIISummer20UL16MiniAODv2/QCD_HT1000to1500_TuneCH3_13TeV-madgraphMLM-herwig7/MINIAODSIM/106X_mcRun2_asymptotic_v17-v2/2810000/D997A5CF-B43F-7F4C-B778-4A2D11A3278A.root
10-Jan-2024 22:02:42 CET  Closed file root://cmsxrootd.fnal.gov//store/mc/RunIISummer20UL16MiniAODv2/QCD_HT1000to1500_TuneCH3_13TeV-madgraphMLM-herwig7/MINIAODSIM/106X_mcRun2_asymptotic_v17-v2/2810000/D997A5CF-B43F-7F4C-B778-4A2D11A3278A.root
10-Jan-2024 22:02:42 CET  Initiating request to open file root://cmsxrootd.fnal.gov//store/mc/RunIISummer20UL16MiniAODv2/QCD_HT1000to1500_TuneCH3_13TeV-madgraphMLM-herwig7/MINIAODSIM/106X_mcRun2_asymptotic_v17-v2/2810000/2008335D-0DBA-954C-BBC3-BF25DA7722AA.root
%MSG-w XrdAdaptor:  file_open 10-Jan-2024 22:02:44 CET PostStreamBeginLumi
Data is served from fnal.gov instead of original site US-Regional-FNAL
%MSG
10-Jan-2024 22:02:44 CET  Successfully opened file root://cmsxrootd.fnal.gov//store/mc/RunIISummer20UL16MiniAODv2/QCD_HT1000to1500_TuneCH3_13TeV-madgraphMLM-herwig7/MINIAODSIM/106X_mcRun2_asymptotic_v17-v2/2810000/2008335D-0DBA-954C-BBC3-BF25DA7722AA.root
Begin processing the 100001st record. Run 1, Event 2059027, LumiSection 4986 on stream 0 at 10-Jan-2024 22:02:50.064 CET
10-Jan-2024 22:02:50 CET  Closed file root://cmsxrootd.fnal.gov//store/mc/RunIISummer20UL16MiniAODv2/QCD_HT1000to1500_TuneCH3_13TeV-madgraphMLM-herwig7/MINIAODSIM/106X_mcRun2_asymptotic_v17-v2/2810000/2008335D-0DBA-954C-BBC3-BF25DA7722AA.root
10-Jan-2024 22:02:50 CET  Initiating request to open file root://cmsxrootd.fnal.gov//store/mc/RunIISummer20UL16MiniAODv2/QCD_HT1000to1500_TuneCH3_13TeV-madgraphMLM-herwig7/MINIAODSIM/106X_mcRun2_asymptotic_v17-v2/2810000/5D1FC018-356E-F74B-91B8-70AA0AF2726A.root
%MSG-w XrdAdaptor:  file_open 10-Jan-2024 22:02:52 CET PostStreamBeginLumi
Data is served from fnal.gov instead of original site US-Regional-FNAL
%MSG
10-Jan-2024 22:02:52 CET  Successfully opened file root://cmsxrootd.fnal.gov//store/mc/RunIISummer20UL16MiniAODv2/QCD_HT1000to1500_TuneCH3_13TeV-madgraphMLM-herwig7/MINIAODSIM/106X_mcRun2_asymptotic_v17-v2/2810000/5D1FC018-356E-F74B-91B8-70AA0AF2726A.root
10-Jan-2024 22:02:57 CET  Closed file root://cmsxrootd.fnal.gov//store/mc/RunIISummer20UL16MiniAODv2/QCD_HT1000to1500_TuneCH3_13TeV-madgraphMLM-herwig7/MINIAODSIM/106X_mcRun2_asymptotic_v17-v2/2810000/5D1FC018-356E-F74B-91B8-70AA0AF2726A.root
10-Jan-2024 22:02:57 CET  Initiating request to open file root://cmsxrootd.fnal.gov//store/mc/RunIISummer20UL16MiniAODv2/QCD_HT1000to1500_TuneCH3_13TeV-madgraphMLM-herwig7/MINIAODSIM/106X_mcRun2_asymptotic_v17-v2/2810000/34125D33-319D-274B-887B-A4D8F6E556EA.root
%MSG-w XrdAdaptor:  file_open 10-Jan-2024 22:03:00 CET PostStreamBeginLumi
Data is served from fnal.gov instead of original site US-Regional-FNAL
%MSG
10-Jan-2024 22:03:00 CET  Successfully opened file root://cmsxrootd.fnal.gov//store/mc/RunIISummer20UL16MiniAODv2/QCD_HT1000to1500_TuneCH3_13TeV-madgraphMLM-herwig7/MINIAODSIM/106X_mcRun2_asymptotic_v17-v2/2810000/34125D33-319D-274B-887B-A4D8F6E556EA.root
10-Jan-2024 22:03:04 CET  Closed file root://cmsxrootd.fnal.gov//store/mc/RunIISummer20UL16MiniAODv2/QCD_HT1000to1500_TuneCH3_13TeV-madgraphMLM-herwig7/MINIAODSIM/106X_mcRun2_asymptotic_v17-v2/2810000/34125D33-319D-274B-887B-A4D8F6E556EA.root
10-Jan-2024 22:03:04 CET  Initiating request to open file root://cmsxrootd.fnal.gov//store/mc/RunIISummer20UL16MiniAODv2/QCD_HT1000to1500_TuneCH3_13TeV-madgraphMLM-herwig7/MINIAODSIM/106X_mcRun2_asymptotic_v17-v2/2810000/7431403A-1556-0D4F-B2C4-A8C4B1FDDCD1.root
%MSG-w XrdAdaptor:  file_open 10-Jan-2024 22:03:06 CET PostStreamBeginLumi
Data is served from fnal.gov instead of original site US-Regional-FNAL
%MSG
10-Jan-2024 22:03:07 CET  Successfully opened file root://cmsxrootd.fnal.gov//store/mc/RunIISummer20UL16MiniAODv2/QCD_HT1000to1500_TuneCH3_13TeV-madgraphMLM-herwig7/MINIAODSIM/106X_mcRun2_asymptotic_v17-v2/2810000/7431403A-1556-0D4F-B2C4-A8C4B1FDDCD1.root
10-Jan-2024 22:03:15 CET  Closed file root://cmsxrootd.fnal.gov//store/mc/RunIISummer20UL16MiniAODv2/QCD_HT1000to1500_TuneCH3_13TeV-madgraphMLM-herwig7/MINIAODSIM/106X_mcRun2_asymptotic_v17-v2/2810000/7431403A-1556-0D4F-B2C4-A8C4B1FDDCD1.root
10-Jan-2024 22:03:15 CET  Initiating request to open file root://cmsxrootd.fnal.gov//store/mc/RunIISummer20UL16MiniAODv2/QCD_HT1000to1500_TuneCH3_13TeV-madgraphMLM-herwig7/MINIAODSIM/106X_mcRun2_asymptotic_v17-v2/2810000/30F8A137-3CE5-594A-A75A-DD54D3F90663.root
%MSG-w XrdAdaptor:  file_open 10-Jan-2024 22:03:21 CET PostStreamBeginLumi
Data is served from T2_US_MIT instead of original site US-Regional-FNAL
%MSG
10-Jan-2024 22:03:22 CET  Successfully opened file root://cmsxrootd.fnal.gov//store/mc/RunIISummer20UL16MiniAODv2/QCD_HT1000to1500_TuneCH3_13TeV-madgraphMLM-herwig7/MINIAODSIM/106X_mcRun2_asymptotic_v17-v2/2810000/30F8A137-3CE5-594A-A75A-DD54D3F90663.root
10-Jan-2024 22:03:40 CET  Closed file root://cmsxrootd.fnal.gov//store/mc/RunIISummer20UL16MiniAODv2/QCD_HT1000to1500_TuneCH3_13TeV-madgraphMLM-herwig7/MINIAODSIM/106X_mcRun2_asymptotic_v17-v2/2810000/30F8A137-3CE5-594A-A75A-DD54D3F90663.root
10-Jan-2024 22:03:40 CET  Initiating request to open file root://cmsxrootd.fnal.gov//store/mc/RunIISummer20UL16MiniAODv2/QCD_HT1000to1500_TuneCH3_13TeV-madgraphMLM-herwig7/MINIAODSIM/106X_mcRun2_asymptotic_v17-v2/2810000/ED888914-971D-6149-B56E-A0F656A61265.root
%MSG-w XrdAdaptor:  file_open 10-Jan-2024 22:03:44 CET PostProcessEvent
Data is served from T2_US_MIT instead of original site US-Regional-FNAL
%MSG
10-Jan-2024 22:03:45 CET  Successfully opened file root://cmsxrootd.fnal.gov//store/mc/RunIISummer20UL16MiniAODv2/QCD_HT1000to1500_TuneCH3_13TeV-madgraphMLM-herwig7/MINIAODSIM/106X_mcRun2_asymptotic_v17-v2/2810000/ED888914-971D-6149-B56E-A0F656A61265.root
10-Jan-2024 22:04:04 CET  Closed file root://cmsxrootd.fnal.gov//store/mc/RunIISummer20UL16MiniAODv2/QCD_HT1000to1500_TuneCH3_13TeV-madgraphMLM-herwig7/MINIAODSIM/106X_mcRun2_asymptotic_v17-v2/2810000/ED888914-971D-6149-B56E-A0F656A61265.root
10-Jan-2024 22:04:04 CET  Initiating request to open file root://cmsxrootd.fnal.gov//store/mc/RunIISummer20UL16MiniAODv2/QCD_HT1000to1500_TuneCH3_13TeV-madgraphMLM-herwig7/MINIAODSIM/106X_mcRun2_asymptotic_v17-v2/2810000/9EB68508-9BA0-4145-BC78-3BE14E988132.root
Unable to load sec.protocol plugin libXrdSecztn.so
%MSG-w XrdAdaptor:  file_open 10-Jan-2024 22:04:09 CET PostStreamBeginLumi
Data is served from T2_US_UCSD-ceph instead of original site US-Regional-FNAL
%MSG
10-Jan-2024 22:04:10 CET  Successfully opened file root://cmsxrootd.fnal.gov//store/mc/RunIISummer20UL16MiniAODv2/QCD_HT1000to1500_TuneCH3_13TeV-madgraphMLM-herwig7/MINIAODSIM/106X_mcRun2_asymptotic_v17-v2/2810000/9EB68508-9BA0-4145-BC78-3BE14E988132.root
Unable to load sec.protocol plugin libXrdSecztn.so
10-Jan-2024 22:04:17 CET  Closed file root://cmsxrootd.fnal.gov//store/mc/RunIISummer20UL16MiniAODv2/QCD_HT1000to1500_TuneCH3_13TeV-madgraphMLM-herwig7/MINIAODSIM/106X_mcRun2_asymptotic_v17-v2/2810000/9EB68508-9BA0-4145-BC78-3BE14E988132.root
10-Jan-2024 22:04:17 CET  Initiating request to open file root://cmsxrootd.fnal.gov//store/mc/RunIISummer20UL16MiniAODv2/QCD_HT1000to1500_TuneCH3_13TeV-madgraphMLM-herwig7/MINIAODSIM/106X_mcRun2_asymptotic_v17-v2/2810000/B34007B2-5745-FB49-ADDB-90F30E6DEDB8.root
%MSG-w XrdAdaptor:  file_open 10-Jan-2024 22:04:20 CET PostStreamBeginLumi
Data is served from T2_US_UCSD-ceph instead of original site US-Regional-FNAL
%MSG
10-Jan-2024 22:04:21 CET  Successfully opened file root://cmsxrootd.fnal.gov//store/mc/RunIISummer20UL16MiniAODv2/QCD_HT1000to1500_TuneCH3_13TeV-madgraphMLM-herwig7/MINIAODSIM/106X_mcRun2_asymptotic_v17-v2/2810000/B34007B2-5745-FB49-ADDB-90F30E6DEDB8.root
Unable to load sec.protocol plugin libXrdSecztn.so
10-Jan-2024 22:04:31 CET  Closed file root://cmsxrootd.fnal.gov//store/mc/RunIISummer20UL16MiniAODv2/QCD_HT1000to1500_TuneCH3_13TeV-madgraphMLM-herwig7/MINIAODSIM/106X_mcRun2_asymptotic_v17-v2/2810000/B34007B2-5745-FB49-ADDB-90F30E6DEDB8.root
10-Jan-2024 22:04:31 CET  Initiating request to open file root://cmsxrootd.fnal.gov//store/mc/RunIISummer20UL16MiniAODv2/QCD_HT1000to1500_TuneCH3_13TeV-madgraphMLM-herwig7/MINIAODSIM/106X_mcRun2_asymptotic_v17-v2/2810000/DC46C799-5661-6242-90F6-1CFE95C47FF4.root
%MSG-w XrdAdaptor:  file_open 10-Jan-2024 22:04:33 CET PostStreamBeginLumi
Data is served from fnal.gov instead of original site US-Regional-FNAL
%MSG
10-Jan-2024 22:04:34 CET  Successfully opened file root://cmsxrootd.fnal.gov//store/mc/RunIISummer20UL16MiniAODv2/QCD_HT1000to1500_TuneCH3_13TeV-madgraphMLM-herwig7/MINIAODSIM/106X_mcRun2_asymptotic_v17-v2/2810000/DC46C799-5661-6242-90F6-1CFE95C47FF4.root
10-Jan-2024 22:04:39 CET  Closed file root://cmsxrootd.fnal.gov//store/mc/RunIISummer20UL16MiniAODv2/QCD_HT1000to1500_TuneCH3_13TeV-madgraphMLM-herwig7/MINIAODSIM/106X_mcRun2_asymptotic_v17-v2/2810000/DC46C799-5661-6242-90F6-1CFE95C47FF4.root
10-Jan-2024 22:04:39 CET  Initiating request to open file root://cmsxrootd.fnal.gov//store/mc/RunIISummer20UL16MiniAODv2/QCD_HT1000to1500_TuneCH3_13TeV-madgraphMLM-herwig7/MINIAODSIM/106X_mcRun2_asymptotic_v17-v2/2810000/1AB92DB3-1A59-7B4E-82DE-CAFE32E793ED.root
%MSG-w XrdAdaptor:  file_open 10-Jan-2024 22:04:41 CET PostStreamBeginLumi
Data is served from fnal.gov instead of original site US-Regional-FNAL
%MSG
10-Jan-2024 22:04:42 CET  Successfully opened file root://cmsxrootd.fnal.gov//store/mc/RunIISummer20UL16MiniAODv2/QCD_HT1000to1500_TuneCH3_13TeV-madgraphMLM-herwig7/MINIAODSIM/106X_mcRun2_asymptotic_v17-v2/2810000/1AB92DB3-1A59-7B4E-82DE-CAFE32E793ED.root
10-Jan-2024 22:04:49 CET  Closed file root://cmsxrootd.fnal.gov//store/mc/RunIISummer20UL16MiniAODv2/QCD_HT1000to1500_TuneCH3_13TeV-madgraphMLM-herwig7/MINIAODSIM/106X_mcRun2_asymptotic_v17-v2/2810000/1AB92DB3-1A59-7B4E-82DE-CAFE32E793ED.root
10-Jan-2024 22:04:49 CET  Initiating request to open file root://cmsxrootd.fnal.gov//store/mc/RunIISummer20UL16MiniAODv2/QCD_HT1000to1500_TuneCH3_13TeV-madgraphMLM-herwig7/MINIAODSIM/106X_mcRun2_asymptotic_v17-v2/2810000/CEDE616B-7E29-7846-89A1-1769D2E23CDC.root
%MSG-w XrdAdaptor:  file_open 10-Jan-2024 22:04:51 CET PostStreamBeginLumi
Data is served from fnal.gov instead of original site US-Regional-FNAL
%MSG
10-Jan-2024 22:04:52 CET  Successfully opened file root://cmsxrootd.fnal.gov//store/mc/RunIISummer20UL16MiniAODv2/QCD_HT1000to1500_TuneCH3_13TeV-madgraphMLM-herwig7/MINIAODSIM/106X_mcRun2_asymptotic_v17-v2/2810000/CEDE616B-7E29-7846-89A1-1769D2E23CDC.root
10-Jan-2024 22:04:57 CET  Closed file root://cmsxrootd.fnal.gov//store/mc/RunIISummer20UL16MiniAODv2/QCD_HT1000to1500_TuneCH3_13TeV-madgraphMLM-herwig7/MINIAODSIM/106X_mcRun2_asymptotic_v17-v2/2810000/CEDE616B-7E29-7846-89A1-1769D2E23CDC.root
10-Jan-2024 22:04:57 CET  Initiating request to open file root://cmsxrootd.fnal.gov//store/mc/RunIISummer20UL16MiniAODv2/QCD_HT1000to1500_TuneCH3_13TeV-madgraphMLM-herwig7/MINIAODSIM/106X_mcRun2_asymptotic_v17-v2/2810000/2DE76160-EF92-DF45-BAC4-9DDDEDE2044F.root
%MSG-w XrdAdaptor:  file_open 10-Jan-2024 22:05:01 CET PostStreamBeginLumi
Data is served from cms.rcac.purdue.edu instead of original site US-Regional-FNAL
%MSG
10-Jan-2024 22:05:02 CET  Successfully opened file root://cmsxrootd.fnal.gov//store/mc/RunIISummer20UL16MiniAODv2/QCD_HT1000to1500_TuneCH3_13TeV-madgraphMLM-herwig7/MINIAODSIM/106X_mcRun2_asymptotic_v17-v2/2810000/2DE76160-EF92-DF45-BAC4-9DDDEDE2044F.root
10-Jan-2024 22:05:06 CET  Closed file root://cmsxrootd.fnal.gov//store/mc/RunIISummer20UL16MiniAODv2/QCD_HT1000to1500_TuneCH3_13TeV-madgraphMLM-herwig7/MINIAODSIM/106X_mcRun2_asymptotic_v17-v2/2810000/2DE76160-EF92-DF45-BAC4-9DDDEDE2044F.root
10-Jan-2024 22:05:06 CET  Initiating request to open file root://cmsxrootd.fnal.gov//store/mc/RunIISummer20UL16MiniAODv2/QCD_HT1000to1500_TuneCH3_13TeV-madgraphMLM-herwig7/MINIAODSIM/106X_mcRun2_asymptotic_v17-v2/2810000/2F68AF92-E817-9E4D-B085-021542C5C4AB.root
%MSG-w XrdAdaptor:  file_open 10-Jan-2024 22:05:08 CET PostStreamBeginLumi
Data is served from fnal.gov instead of original site US-Regional-FNAL
%MSG
10-Jan-2024 22:05:09 CET  Successfully opened file root://cmsxrootd.fnal.gov//store/mc/RunIISummer20UL16MiniAODv2/QCD_HT1000to1500_TuneCH3_13TeV-madgraphMLM-herwig7/MINIAODSIM/106X_mcRun2_asymptotic_v17-v2/2810000/2F68AF92-E817-9E4D-B085-021542C5C4AB.root
10-Jan-2024 22:05:15 CET  Closed file root://cmsxrootd.fnal.gov//store/mc/RunIISummer20UL16MiniAODv2/QCD_HT1000to1500_TuneCH3_13TeV-madgraphMLM-herwig7/MINIAODSIM/106X_mcRun2_asymptotic_v17-v2/2810000/2F68AF92-E817-9E4D-B085-021542C5C4AB.root
10-Jan-2024 22:05:15 CET  Initiating request to open file root://cmsxrootd.fnal.gov//store/mc/RunIISummer20UL16MiniAODv2/QCD_HT1000to1500_TuneCH3_13TeV-madgraphMLM-herwig7/MINIAODSIM/106X_mcRun2_asymptotic_v17-v2/2810000/BC32B7AE-2CC1-9240-8C78-9C4A6ED416BD.root
%MSG-w XrdAdaptor:  file_open 10-Jan-2024 22:05:17 CET PostStreamBeginLumi
Data is served from fnal.gov instead of original site US-Regional-FNAL
%MSG
10-Jan-2024 22:05:18 CET  Successfully opened file root://cmsxrootd.fnal.gov//store/mc/RunIISummer20UL16MiniAODv2/QCD_HT1000to1500_TuneCH3_13TeV-madgraphMLM-herwig7/MINIAODSIM/106X_mcRun2_asymptotic_v17-v2/2810000/BC32B7AE-2CC1-9240-8C78-9C4A6ED416BD.root
Begin processing the 200001st record. Run 1, Event 1671939, LumiSection 4049 on stream 0 at 10-Jan-2024 22:05:23.011 CET
10-Jan-2024 22:05:23 CET  Closed file root://cmsxrootd.fnal.gov//store/mc/RunIISummer20UL16MiniAODv2/QCD_HT1000to1500_TuneCH3_13TeV-madgraphMLM-herwig7/MINIAODSIM/106X_mcRun2_asymptotic_v17-v2/2810000/BC32B7AE-2CC1-9240-8C78-9C4A6ED416BD.root
10-Jan-2024 22:05:23 CET  Initiating request to open file root://cmsxrootd.fnal.gov//store/mc/RunIISummer20UL16MiniAODv2/QCD_HT1000to1500_TuneCH3_13TeV-madgraphMLM-herwig7/MINIAODSIM/106X_mcRun2_asymptotic_v17-v2/2810000/9EB3A8F7-8C92-774D-9AA7-0FDE2F7E4BED.root
%MSG-w XrdAdaptor:  file_open 10-Jan-2024 22:05:25 CET PostStreamBeginLumi
Data is served from fnal.gov instead of original site US-Regional-FNAL
%MSG
10-Jan-2024 22:05:26 CET  Successfully opened file root://cmsxrootd.fnal.gov//store/mc/RunIISummer20UL16MiniAODv2/QCD_HT1000to1500_TuneCH3_13TeV-madgraphMLM-herwig7/MINIAODSIM/106X_mcRun2_asymptotic_v17-v2/2810000/9EB3A8F7-8C92-774D-9AA7-0FDE2F7E4BED.root
10-Jan-2024 22:05:32 CET  Closed file root://cmsxrootd.fnal.gov//store/mc/RunIISummer20UL16MiniAODv2/QCD_HT1000to1500_TuneCH3_13TeV-madgraphMLM-herwig7/MINIAODSIM/106X_mcRun2_asymptotic_v17-v2/2810000/9EB3A8F7-8C92-774D-9AA7-0FDE2F7E4BED.root
10-Jan-2024 22:05:32 CET  Initiating request to open file root://cmsxrootd.fnal.gov//store/mc/RunIISummer20UL16MiniAODv2/QCD_HT1000to1500_TuneCH3_13TeV-madgraphMLM-herwig7/MINIAODSIM/106X_mcRun2_asymptotic_v17-v2/2810000/39B214A3-6078-3844-B527-B0BF61A5E816.root
%MSG-w XrdAdaptor:  file_open 10-Jan-2024 22:05:34 CET PostStreamBeginLumi
Data is served from fnal.gov instead of original site US-Regional-FNAL
%MSG
10-Jan-2024 22:05:35 CET  Successfully opened file root://cmsxrootd.fnal.gov//store/mc/RunIISummer20UL16MiniAODv2/QCD_HT1000to1500_TuneCH3_13TeV-madgraphMLM-herwig7/MINIAODSIM/106X_mcRun2_asymptotic_v17-v2/2810000/39B214A3-6078-3844-B527-B0BF61A5E816.root
10-Jan-2024 22:05:39 CET  Closed file root://cmsxrootd.fnal.gov//store/mc/RunIISummer20UL16MiniAODv2/QCD_HT1000to1500_TuneCH3_13TeV-madgraphMLM-herwig7/MINIAODSIM/106X_mcRun2_asymptotic_v17-v2/2810000/39B214A3-6078-3844-B527-B0BF61A5E816.root
10-Jan-2024 22:05:39 CET  Initiating request to open file root://cmsxrootd.fnal.gov//store/mc/RunIISummer20UL16MiniAODv2/QCD_HT1000to1500_TuneCH3_13TeV-madgraphMLM-herwig7/MINIAODSIM/106X_mcRun2_asymptotic_v17-v2/2810000/F0488C28-3802-EF41-883E-E12FE3D30BF9.root
Unable to load sec.protocol plugin libXrdSecztn.so
%MSG-w XrdAdaptor:  file_open 10-Jan-2024 22:05:43 CET PostStreamBeginLumi
Data is served from T2_US_UCSD-ceph instead of original site US-Regional-FNAL
%MSG
10-Jan-2024 22:05:44 CET  Successfully opened file root://cmsxrootd.fnal.gov//store/mc/RunIISummer20UL16MiniAODv2/QCD_HT1000to1500_TuneCH3_13TeV-madgraphMLM-herwig7/MINIAODSIM/106X_mcRun2_asymptotic_v17-v2/2810000/F0488C28-3802-EF41-883E-E12FE3D30BF9.root
Unable to load sec.protocol plugin libXrdSecztn.so
10-Jan-2024 22:06:02 CET  Closed file root://cmsxrootd.fnal.gov//store/mc/RunIISummer20UL16MiniAODv2/QCD_HT1000to1500_TuneCH3_13TeV-madgraphMLM-herwig7/MINIAODSIM/106X_mcRun2_asymptotic_v17-v2/2810000/F0488C28-3802-EF41-883E-E12FE3D30BF9.root
10-Jan-2024 22:06:02 CET  Initiating request to open file root://cmsxrootd.fnal.gov//store/mc/RunIISummer20UL16MiniAODv2/QCD_HT1000to1500_TuneCH3_13TeV-madgraphMLM-herwig7/MINIAODSIM/106X_mcRun2_asymptotic_v17-v2/2810000/05213F4E-9000-E64F-B315-A5D2AE5AF4D8.root
%MSG-w XrdAdaptor:  file_open 10-Jan-2024 22:06:06 CET PostStreamBeginLumi
Data is served from T2_US_Vanderbilt instead of original site US-Regional-FNAL
%MSG
10-Jan-2024 22:06:09 CET  Successfully opened file root://cmsxrootd.fnal.gov//store/mc/RunIISummer20UL16MiniAODv2/QCD_HT1000to1500_TuneCH3_13TeV-madgraphMLM-herwig7/MINIAODSIM/106X_mcRun2_asymptotic_v17-v2/2810000/05213F4E-9000-E64F-B315-A5D2AE5AF4D8.root
10-Jan-2024 22:06:24 CET  Closed file root://cmsxrootd.fnal.gov//store/mc/RunIISummer20UL16MiniAODv2/QCD_HT1000to1500_TuneCH3_13TeV-madgraphMLM-herwig7/MINIAODSIM/106X_mcRun2_asymptotic_v17-v2/2810000/05213F4E-9000-E64F-B315-A5D2AE5AF4D8.root
10-Jan-2024 22:06:24 CET  Initiating request to open file root://cmsxrootd.fnal.gov//store/mc/RunIISummer20UL16MiniAODv2/QCD_HT1000to1500_TuneCH3_13TeV-madgraphMLM-herwig7/MINIAODSIM/106X_mcRun2_asymptotic_v17-v2/2810000/7615059E-5A1D-B84E-8429-E32A969DC33C.root
%MSG-w XrdAdaptor:  file_open 10-Jan-2024 22:06:29 CET PostStreamBeginLumi
Data is served from T2_US_Caltech instead of original site US-Regional-FNAL
%MSG
10-Jan-2024 22:06:30 CET  Successfully opened file root://cmsxrootd.fnal.gov//store/mc/RunIISummer20UL16MiniAODv2/QCD_HT1000to1500_TuneCH3_13TeV-madgraphMLM-herwig7/MINIAODSIM/106X_mcRun2_asymptotic_v17-v2/2810000/7615059E-5A1D-B84E-8429-E32A969DC33C.root
10-Jan-2024 22:06:47 CET  Closed file root://cmsxrootd.fnal.gov//store/mc/RunIISummer20UL16MiniAODv2/QCD_HT1000to1500_TuneCH3_13TeV-madgraphMLM-herwig7/MINIAODSIM/106X_mcRun2_asymptotic_v17-v2/2810000/7615059E-5A1D-B84E-8429-E32A969DC33C.root
10-Jan-2024 22:06:47 CET  Initiating request to open file root://cmsxrootd.fnal.gov//store/mc/RunIISummer20UL16MiniAODv2/QCD_HT1000to1500_TuneCH3_13TeV-madgraphMLM-herwig7/MINIAODSIM/106X_mcRun2_asymptotic_v17-v2/2810000/EBBA3856-7F63-1D4E-83AE-26CB239C6C3F.root
%MSG-w XrdAdaptor:  file_open 10-Jan-2024 22:06:50 CET PostStreamBeginLumi
Data is served from T2_US_Caltech instead of original site US-Regional-FNAL
%MSG
10-Jan-2024 22:06:51 CET  Successfully opened file root://cmsxrootd.fnal.gov//store/mc/RunIISummer20UL16MiniAODv2/QCD_HT1000to1500_TuneCH3_13TeV-madgraphMLM-herwig7/MINIAODSIM/106X_mcRun2_asymptotic_v17-v2/2810000/EBBA3856-7F63-1D4E-83AE-26CB239C6C3F.root
10-Jan-2024 22:06:58 CET  Closed file root://cmsxrootd.fnal.gov//store/mc/RunIISummer20UL16MiniAODv2/QCD_HT1000to1500_TuneCH3_13TeV-madgraphMLM-herwig7/MINIAODSIM/106X_mcRun2_asymptotic_v17-v2/2810000/EBBA3856-7F63-1D4E-83AE-26CB239C6C3F.root
10-Jan-2024 22:06:58 CET  Initiating request to open file root://cmsxrootd.fnal.gov//store/mc/RunIISummer20UL16MiniAODv2/QCD_HT1000to1500_TuneCH3_13TeV-madgraphMLM-herwig7/MINIAODSIM/106X_mcRun2_asymptotic_v17-v2/2810000/8FF6936C-8244-3640-9BA8-F00026093EC7.root
%MSG-w XrdAdaptor:  file_open 10-Jan-2024 22:06:59 CET PostStreamBeginLumi
Data is served from fnal.gov instead of original site US-Regional-FNAL
%MSG
10-Jan-2024 22:07:00 CET  Successfully opened file root://cmsxrootd.fnal.gov//store/mc/RunIISummer20UL16MiniAODv2/QCD_HT1000to1500_TuneCH3_13TeV-madgraphMLM-herwig7/MINIAODSIM/106X_mcRun2_asymptotic_v17-v2/2810000/8FF6936C-8244-3640-9BA8-F00026093EC7.root
10-Jan-2024 22:07:09 CET  Closed file root://cmsxrootd.fnal.gov//store/mc/RunIISummer20UL16MiniAODv2/QCD_HT1000to1500_TuneCH3_13TeV-madgraphMLM-herwig7/MINIAODSIM/106X_mcRun2_asymptotic_v17-v2/2810000/8FF6936C-8244-3640-9BA8-F00026093EC7.root
10-Jan-2024 22:07:09 CET  Initiating request to open file root://cmsxrootd.fnal.gov//store/mc/RunIISummer20UL16MiniAODv2/QCD_HT1000to1500_TuneCH3_13TeV-madgraphMLM-herwig7/MINIAODSIM/106X_mcRun2_asymptotic_v17-v2/2810000/9CDE43DF-CA37-2941-B7AE-445B4787D028.root
%MSG-w XrdAdaptor:  file_open 10-Jan-2024 22:07:11 CET PostStreamBeginLumi
Data is served from fnal.gov instead of original site US-Regional-FNAL
%MSG
10-Jan-2024 22:07:11 CET  Successfully opened file root://cmsxrootd.fnal.gov//store/mc/RunIISummer20UL16MiniAODv2/QCD_HT1000to1500_TuneCH3_13TeV-madgraphMLM-herwig7/MINIAODSIM/106X_mcRun2_asymptotic_v17-v2/2810000/9CDE43DF-CA37-2941-B7AE-445B4787D028.root
Begin processing the 300001st record. Run 1, Event 449627, LumiSection 1089 on stream 0 at 10-Jan-2024 22:07:18.925 CET
10-Jan-2024 22:07:20 CET  Closed file root://cmsxrootd.fnal.gov//store/mc/RunIISummer20UL16MiniAODv2/QCD_HT1000to1500_TuneCH3_13TeV-madgraphMLM-herwig7/MINIAODSIM/106X_mcRun2_asymptotic_v17-v2/2810000/9CDE43DF-CA37-2941-B7AE-445B4787D028.root
10-Jan-2024 22:07:20 CET  Initiating request to open file root://cmsxrootd.fnal.gov//store/mc/RunIISummer20UL16MiniAODv2/QCD_HT1000to1500_TuneCH3_13TeV-madgraphMLM-herwig7/MINIAODSIM/106X_mcRun2_asymptotic_v17-v2/2810000/131B8E2F-88B2-0644-8BF3-3DA688543A3C.root
%MSG-w XrdAdaptor:  file_open 10-Jan-2024 22:07:22 CET PostStreamBeginLumi
Data is served from fnal.gov instead of original site US-Regional-FNAL
%MSG
10-Jan-2024 22:07:22 CET  Successfully opened file root://cmsxrootd.fnal.gov//store/mc/RunIISummer20UL16MiniAODv2/QCD_HT1000to1500_TuneCH3_13TeV-madgraphMLM-herwig7/MINIAODSIM/106X_mcRun2_asymptotic_v17-v2/2810000/131B8E2F-88B2-0644-8BF3-3DA688543A3C.root
10-Jan-2024 22:07:30 CET  Closed file root://cmsxrootd.fnal.gov//store/mc/RunIISummer20UL16MiniAODv2/QCD_HT1000to1500_TuneCH3_13TeV-madgraphMLM-herwig7/MINIAODSIM/106X_mcRun2_asymptotic_v17-v2/2810000/131B8E2F-88B2-0644-8BF3-3DA688543A3C.root
10-Jan-2024 22:07:30 CET  Initiating request to open file root://cmsxrootd.fnal.gov//store/mc/RunIISummer20UL16MiniAODv2/QCD_HT1000to1500_TuneCH3_13TeV-madgraphMLM-herwig7/MINIAODSIM/106X_mcRun2_asymptotic_v17-v2/2810000/8A3075F4-7405-F34E-949B-9EA3AFE32129.root
%MSG-w XrdAdaptor:  file_open 10-Jan-2024 22:07:35 CET PostStreamBeginLumi
Data is served from T2_US_Wisconsin instead of original site US-Regional-FNAL
%MSG
10-Jan-2024 22:07:36 CET  Successfully opened file root://cmsxrootd.fnal.gov//store/mc/RunIISummer20UL16MiniAODv2/QCD_HT1000to1500_TuneCH3_13TeV-madgraphMLM-herwig7/MINIAODSIM/106X_mcRun2_asymptotic_v17-v2/2810000/8A3075F4-7405-F34E-949B-9EA3AFE32129.root
10-Jan-2024 22:07:46 CET  Closed file root://cmsxrootd.fnal.gov//store/mc/RunIISummer20UL16MiniAODv2/QCD_HT1000to1500_TuneCH3_13TeV-madgraphMLM-herwig7/MINIAODSIM/106X_mcRun2_asymptotic_v17-v2/2810000/8A3075F4-7405-F34E-949B-9EA3AFE32129.root
10-Jan-2024 22:07:46 CET  Initiating request to open file root://cmsxrootd.fnal.gov//store/mc/RunIISummer20UL16MiniAODv2/QCD_HT1000to1500_TuneCH3_13TeV-madgraphMLM-herwig7/MINIAODSIM/106X_mcRun2_asymptotic_v17-v2/2810000/FC0DCBBB-5069-4246-9BD3-EDB044D22F0B.root
%MSG-w XrdAdaptor:  file_open 10-Jan-2024 22:07:49 CET PostStreamBeginLumi
Data is served from T2_US_Wisconsin instead of original site US-Regional-FNAL
%MSG
10-Jan-2024 22:07:50 CET  Successfully opened file root://cmsxrootd.fnal.gov//store/mc/RunIISummer20UL16MiniAODv2/QCD_HT1000to1500_TuneCH3_13TeV-madgraphMLM-herwig7/MINIAODSIM/106X_mcRun2_asymptotic_v17-v2/2810000/FC0DCBBB-5069-4246-9BD3-EDB044D22F0B.root
10-Jan-2024 22:07:58 CET  Closed file root://cmsxrootd.fnal.gov//store/mc/RunIISummer20UL16MiniAODv2/QCD_HT1000to1500_TuneCH3_13TeV-madgraphMLM-herwig7/MINIAODSIM/106X_mcRun2_asymptotic_v17-v2/2810000/FC0DCBBB-5069-4246-9BD3-EDB044D22F0B.root
10-Jan-2024 22:07:58 CET  Initiating request to open file root://cmsxrootd.fnal.gov//store/mc/RunIISummer20UL16MiniAODv2/QCD_HT1000to1500_TuneCH3_13TeV-madgraphMLM-herwig7/MINIAODSIM/106X_mcRun2_asymptotic_v17-v2/2810000/D3F5BA41-4675-BB4F-A5C4-48EDC40B474F.root
%MSG-w XrdAdaptor:  file_open 10-Jan-2024 22:08:03 CET PostStreamBeginLumi
Data is served from T2_US_Nebraska instead of original site US-Regional-FNAL
%MSG
[2024-01-10 22:08:04.601688 +0100][Error  ][AsyncSock         ] [xrootd3.cmsaf.mit.edu:1094 #0.0] Socket error encountered: [ERROR] Internal error: Inappropriate ioctl for device
[2024-01-10 22:08:04.639195 +0100][Error  ][AsyncSock         ] [xrootd13.cmsaf.mit.edu:1094 #0.0] Socket error encountered: [ERROR] Internal error: Inappropriate ioctl for device
[2024-01-10 22:08:04.667304 +0100][Error  ][AsyncSock         ] [xrootd.cmsaf.mit.edu:1094 #0.0] Socket error encountered: [ERROR] Internal error: Inappropriate ioctl for device
10-Jan-2024 22:08:05 CET  Successfully opened file root://cmsxrootd.fnal.gov//store/mc/RunIISummer20UL16MiniAODv2/QCD_HT1000to1500_TuneCH3_13TeV-madgraphMLM-herwig7/MINIAODSIM/106X_mcRun2_asymptotic_v17-v2/2810000/D3F5BA41-4675-BB4F-A5C4-48EDC40B474F.root
[2024-01-10 22:08:08.352323 +0100][Error  ][AsyncSock         ] [xrootd10.cmsaf.mit.edu:1094 #0.0] Socket error encountered: [ERROR] Internal error
Begin processing the 400001st record. Run 1, Event 350272, LumiSection 849 on stream 0 at 10-Jan-2024 22:08:13.729 CET
10-Jan-2024 22:08:13 CET  Closed file root://cmsxrootd.fnal.gov//store/mc/RunIISummer20UL16MiniAODv2/QCD_HT1000to1500_TuneCH3_13TeV-madgraphMLM-herwig7/MINIAODSIM/106X_mcRun2_asymptotic_v17-v2/2810000/D3F5BA41-4675-BB4F-A5C4-48EDC40B474F.root
10-Jan-2024 22:08:13 CET  Initiating request to open file root://cmsxrootd.fnal.gov//store/mc/RunIISummer20UL16MiniAODv2/QCD_HT1000to1500_TuneCH3_13TeV-madgraphMLM-herwig7/MINIAODSIM/106X_mcRun2_asymptotic_v17-v2/2810000/0EF4355D-5A8A-7941-BDD5-3159C958FB5B.root
%MSG-w XrdAdaptor:  file_open 10-Jan-2024 22:08:16 CET PostStreamBeginLumi
Data is served from fnal.gov instead of original site US-Regional-FNAL
%MSG
10-Jan-2024 22:08:16 CET  Successfully opened file root://cmsxrootd.fnal.gov//store/mc/RunIISummer20UL16MiniAODv2/QCD_HT1000to1500_TuneCH3_13TeV-madgraphMLM-herwig7/MINIAODSIM/106X_mcRun2_asymptotic_v17-v2/2810000/0EF4355D-5A8A-7941-BDD5-3159C958FB5B.root
10-Jan-2024 22:08:24 CET  Closed file root://cmsxrootd.fnal.gov//store/mc/RunIISummer20UL16MiniAODv2/QCD_HT1000to1500_TuneCH3_13TeV-madgraphMLM-herwig7/MINIAODSIM/106X_mcRun2_asymptotic_v17-v2/2810000/0EF4355D-5A8A-7941-BDD5-3159C958FB5B.root
10-Jan-2024 22:08:24 CET  Initiating request to open file root://cmsxrootd.fnal.gov//store/mc/RunIISummer20UL16MiniAODv2/QCD_HT1000to1500_TuneCH3_13TeV-madgraphMLM-herwig7/MINIAODSIM/106X_mcRun2_asymptotic_v17-v2/2810000/CD412F88-FF48-294E-8EC7-5FD3F94E0EF4.root
Unable to load sec.protocol plugin libXrdSecztn.so
%MSG-w XrdAdaptor:  file_open 10-Jan-2024 22:08:27 CET PostStreamBeginLumi
Data is served from T2_US_UCSD-ceph instead of original site US-Regional-FNAL
%MSG
10-Jan-2024 22:08:28 CET  Successfully opened file root://cmsxrootd.fnal.gov//store/mc/RunIISummer20UL16MiniAODv2/QCD_HT1000to1500_TuneCH3_13TeV-madgraphMLM-herwig7/MINIAODSIM/106X_mcRun2_asymptotic_v17-v2/2810000/CD412F88-FF48-294E-8EC7-5FD3F94E0EF4.root
Unable to load sec.protocol plugin libXrdSecztn.so
10-Jan-2024 22:08:39 CET  Closed file root://cmsxrootd.fnal.gov//store/mc/RunIISummer20UL16MiniAODv2/QCD_HT1000to1500_TuneCH3_13TeV-madgraphMLM-herwig7/MINIAODSIM/106X_mcRun2_asymptotic_v17-v2/2810000/CD412F88-FF48-294E-8EC7-5FD3F94E0EF4.root
10-Jan-2024 22:08:39 CET  Initiating request to open file root://cmsxrootd.fnal.gov//store/mc/RunIISummer20UL16MiniAODv2/QCD_HT1000to1500_TuneCH3_13TeV-madgraphMLM-herwig7/MINIAODSIM/106X_mcRun2_asymptotic_v17-v2/2810000/B32B0ACA-FD25-1647-A8ED-559F7F7CEA96.root
%MSG-w XrdAdaptor:  file_open 10-Jan-2024 22:08:42 CET PostStreamBeginLumi
Data is served from T2_US_Florida instead of original site US-Regional-FNAL
%MSG
10-Jan-2024 22:08:43 CET  Successfully opened file root://cmsxrootd.fnal.gov//store/mc/RunIISummer20UL16MiniAODv2/QCD_HT1000to1500_TuneCH3_13TeV-madgraphMLM-herwig7/MINIAODSIM/106X_mcRun2_asymptotic_v17-v2/2810000/B32B0ACA-FD25-1647-A8ED-559F7F7CEA96.root
10-Jan-2024 22:08:47 CET  Closed file root://cmsxrootd.fnal.gov//store/mc/RunIISummer20UL16MiniAODv2/QCD_HT1000to1500_TuneCH3_13TeV-madgraphMLM-herwig7/MINIAODSIM/106X_mcRun2_asymptotic_v17-v2/2810000/B32B0ACA-FD25-1647-A8ED-559F7F7CEA96.root
10-Jan-2024 22:08:47 CET  Initiating request to open file root://cmsxrootd.fnal.gov//store/mc/RunIISummer20UL16MiniAODv2/QCD_HT1000to1500_TuneCH3_13TeV-madgraphMLM-herwig7/MINIAODSIM/106X_mcRun2_asymptotic_v17-v2/2810000/3B216B96-766F-BE41-BBCD-367299854B10.root
%MSG-w XrdAdaptor:  file_open 10-Jan-2024 22:08:49 CET PostStreamBeginLumi
Data is served from fnal.gov instead of original site US-Regional-FNAL
%MSG
10-Jan-2024 22:08:50 CET  Successfully opened file root://cmsxrootd.fnal.gov//store/mc/RunIISummer20UL16MiniAODv2/QCD_HT1000to1500_TuneCH3_13TeV-madgraphMLM-herwig7/MINIAODSIM/106X_mcRun2_asymptotic_v17-v2/2810000/3B216B96-766F-BE41-BBCD-367299854B10.root
10-Jan-2024 22:08:56 CET  Closed file root://cmsxrootd.fnal.gov//store/mc/RunIISummer20UL16MiniAODv2/QCD_HT1000to1500_TuneCH3_13TeV-madgraphMLM-herwig7/MINIAODSIM/106X_mcRun2_asymptotic_v17-v2/2810000/3B216B96-766F-BE41-BBCD-367299854B10.root
10-Jan-2024 22:08:56 CET  Initiating request to open file root://cmsxrootd.fnal.gov//store/mc/RunIISummer20UL16MiniAODv2/QCD_HT1000to1500_TuneCH3_13TeV-madgraphMLM-herwig7/MINIAODSIM/106X_mcRun2_asymptotic_v17-v2/2810000/12D3CC27-DD15-F942-BFA7-A898141D86CF.root
%MSG-w XrdAdaptor:  file_open 10-Jan-2024 22:08:59 CET PostStreamBeginLumi
Data is served from T2_US_Florida instead of original site US-Regional-FNAL
%MSG
10-Jan-2024 22:08:59 CET  Successfully opened file root://cmsxrootd.fnal.gov//store/mc/RunIISummer20UL16MiniAODv2/QCD_HT1000to1500_TuneCH3_13TeV-madgraphMLM-herwig7/MINIAODSIM/106X_mcRun2_asymptotic_v17-v2/2810000/12D3CC27-DD15-F942-BFA7-A898141D86CF.root
10-Jan-2024 22:09:04 CET  Closed file root://cmsxrootd.fnal.gov//store/mc/RunIISummer20UL16MiniAODv2/QCD_HT1000to1500_TuneCH3_13TeV-madgraphMLM-herwig7/MINIAODSIM/106X_mcRun2_asymptotic_v17-v2/2810000/12D3CC27-DD15-F942-BFA7-A898141D86CF.root
10-Jan-2024 22:09:04 CET  Initiating request to open file root://cmsxrootd.fnal.gov//store/mc/RunIISummer20UL16MiniAODv2/QCD_HT1000to1500_TuneCH3_13TeV-madgraphMLM-herwig7/MINIAODSIM/106X_mcRun2_asymptotic_v17-v2/2810000/91F56577-21EC-A048-8572-E14721027BC8.root
%MSG-w XrdAdaptor:  file_open 10-Jan-2024 22:09:07 CET PostStreamBeginLumi
Data is served from T2_US_Wisconsin instead of original site US-Regional-FNAL
%MSG
10-Jan-2024 22:09:08 CET  Successfully opened file root://cmsxrootd.fnal.gov//store/mc/RunIISummer20UL16MiniAODv2/QCD_HT1000to1500_TuneCH3_13TeV-madgraphMLM-herwig7/MINIAODSIM/106X_mcRun2_asymptotic_v17-v2/2810000/91F56577-21EC-A048-8572-E14721027BC8.root
10-Jan-2024 22:09:12 CET  Closed file root://cmsxrootd.fnal.gov//store/mc/RunIISummer20UL16MiniAODv2/QCD_HT1000to1500_TuneCH3_13TeV-madgraphMLM-herwig7/MINIAODSIM/106X_mcRun2_asymptotic_v17-v2/2810000/91F56577-21EC-A048-8572-E14721027BC8.root
10-Jan-2024 22:09:12 CET  Initiating request to open file root://cmsxrootd.fnal.gov//store/mc/RunIISummer20UL16MiniAODv2/QCD_HT1000to1500_TuneCH3_13TeV-madgraphMLM-herwig7/MINIAODSIM/106X_mcRun2_asymptotic_v17-v2/2810000/BA517BA0-2B6F-0145-8F23-CE992DE7DDEC.root
%MSG-w XrdAdaptor:  file_open 10-Jan-2024 22:09:14 CET PostStreamBeginLumi
Data is served from fnal.gov instead of original site US-Regional-FNAL
%MSG
10-Jan-2024 22:09:15 CET  Successfully opened file root://cmsxrootd.fnal.gov//store/mc/RunIISummer20UL16MiniAODv2/QCD_HT1000to1500_TuneCH3_13TeV-madgraphMLM-herwig7/MINIAODSIM/106X_mcRun2_asymptotic_v17-v2/2810000/BA517BA0-2B6F-0145-8F23-CE992DE7DDEC.root
10-Jan-2024 22:09:41 CET  Closed file root://cmsxrootd.fnal.gov//store/mc/RunIISummer20UL16MiniAODv2/QCD_HT1000to1500_TuneCH3_13TeV-madgraphMLM-herwig7/MINIAODSIM/106X_mcRun2_asymptotic_v17-v2/2810000/BA517BA0-2B6F-0145-8F23-CE992DE7DDEC.root
10-Jan-2024 22:09:41 CET  Initiating request to open file root://cmsxrootd.fnal.gov//store/mc/RunIISummer20UL16MiniAODv2/QCD_HT1000to1500_TuneCH3_13TeV-madgraphMLM-herwig7/MINIAODSIM/106X_mcRun2_asymptotic_v17-v2/2810000/3B4CBC78-BC72-CE42-B611-A59AE7F60395.root
%MSG-w XrdAdaptor:  file_open 10-Jan-2024 22:09:43 CET PostStreamBeginLumi
Data is served from fnal.gov instead of original site US-Regional-FNAL
%MSG
10-Jan-2024 22:09:44 CET  Successfully opened file root://cmsxrootd.fnal.gov//store/mc/RunIISummer20UL16MiniAODv2/QCD_HT1000to1500_TuneCH3_13TeV-madgraphMLM-herwig7/MINIAODSIM/106X_mcRun2_asymptotic_v17-v2/2810000/3B4CBC78-BC72-CE42-B611-A59AE7F60395.root
10-Jan-2024 22:09:54 CET  Closed file root://cmsxrootd.fnal.gov//store/mc/RunIISummer20UL16MiniAODv2/QCD_HT1000to1500_TuneCH3_13TeV-madgraphMLM-herwig7/MINIAODSIM/106X_mcRun2_asymptotic_v17-v2/2810000/3B4CBC78-BC72-CE42-B611-A59AE7F60395.root
10-Jan-2024 22:09:54 CET  Initiating request to open file root://cmsxrootd.fnal.gov//store/mc/RunIISummer20UL16MiniAODv2/QCD_HT1000to1500_TuneCH3_13TeV-madgraphMLM-herwig7/MINIAODSIM/106X_mcRun2_asymptotic_v17-v2/2810000/20F99636-0CBF-294D-BB97-132B106D03EB.root
%MSG-w XrdAdaptor:  file_open 10-Jan-2024 22:09:56 CET PostStreamBeginLumi
Data is served from fnal.gov instead of original site US-Regional-FNAL
%MSG
10-Jan-2024 22:09:57 CET  Successfully opened file root://cmsxrootd.fnal.gov//store/mc/RunIISummer20UL16MiniAODv2/QCD_HT1000to1500_TuneCH3_13TeV-madgraphMLM-herwig7/MINIAODSIM/106X_mcRun2_asymptotic_v17-v2/2810000/20F99636-0CBF-294D-BB97-132B106D03EB.root
   3040.126000     38.170720      4.243519             1
    487.240900      9.410123      4.243519             0
  10493.220000     58.382900      4.243519             2
 
10-Jan-2024 22:10:07 CET  Closed file root://cmsxrootd.fnal.gov//store/mc/RunIISummer20UL16MiniAODv2/QCD_HT1000to1500_TuneCH3_13TeV-madgraphMLM-herwig7/MINIAODSIM/106X_mcRun2_asymptotic_v17-v2/2810000/20F99636-0CBF-294D-BB97-132B106D03EB.root

------------------------------------
GenXsecAnalyzer:
------------------------------------
Before Filter: total cross section = 1.017e+00 +- 3.061e-03 pb
Filter efficiency (taking into account weights)= (493891) / (493891) = 1.000e+00 +- 0.000e+00
Filter efficiency (event-level)= (493891) / (493891) = 1.000e+00 +- 0.000e+00    [TO BE USED IN MCM]

After filter: final cross section = 1.017e+00 +- 3.061e-03 pb
After filter: final fraction of events with negative weights = 0.000e+00 +- 0.000e+00
After filter: final equivalent lumi for 1M events (1/fb) = 9.832e+02 +- 3.118e+00

=============================================

MessageLogger Summary

 type     category        sev    module        subroutine        count    total
 ---- -------------------- -- ---------------- ----------------  -----    -----
    1 GenXSecAnalyzer      -w GenXSecAnalyzer:                       7        7
    2 XrdAdaptor           -w file_open                             42       42
    3 fileAction           -s file_close                            42       42
    4 fileAction           -s file_open                             84       84

 type    category    Examples: run/evt        run/evt          run/evt
 ---- -------------------- ---------------- ---------------- ----------------
    1 GenXSecAnalyzer      PostGlobalEndRun PostGlobalEndRun PostGlobalEndRun
    2 XrdAdaptor           pre-events       PostStreamBeginL PostStreamBeginL
    3 fileAction           PostStreamBeginL PostStreamBeginL PostGlobalEndRun
    4 fileAction           pre-events       pre-events       PostStreamBeginL

Severity    # Occurrences   Total Occurrences
--------    -------------   -----------------
Warning                49                  49
System                126                 126

dropped waiting message count 0
