11-Jan-2024 13:36:53 CET  Initiating request to open file root://cmsxrootd.fnal.gov//store/mc/RunIISummer20UL16MiniAODv2/QCD_HT500to700_TuneCH3_13TeV-madgraphMLM-herwig7/MINIAODSIM/106X_mcRun2_asymptotic_v17-v2/2810000/2AA9D554-7085-9349-A785-E3803CF8327F.root
Unable to load sec.protocol plugin libXrdSecztn.so
11-Jan-2024 13:37:03 CET  Successfully opened file root://cmsxrootd.fnal.gov//store/mc/RunIISummer20UL16MiniAODv2/QCD_HT500to700_TuneCH3_13TeV-madgraphMLM-herwig7/MINIAODSIM/106X_mcRun2_asymptotic_v17-v2/2810000/2AA9D554-7085-9349-A785-E3803CF8327F.root
Unable to load sec.protocol plugin libXrdSecztn.so
Begin processing the 1st record. Run 1, Event 127681, LumiSection 337 on stream 0 at 11-Jan-2024 13:37:12.870 CET
11-Jan-2024 13:37:14 CET  Closed file root://cmsxrootd.fnal.gov//store/mc/RunIISummer20UL16MiniAODv2/QCD_HT500to700_TuneCH3_13TeV-madgraphMLM-herwig7/MINIAODSIM/106X_mcRun2_asymptotic_v17-v2/2810000/2AA9D554-7085-9349-A785-E3803CF8327F.root
11-Jan-2024 13:37:14 CET  Initiating request to open file root://cmsxrootd.fnal.gov//store/mc/RunIISummer20UL16MiniAODv2/QCD_HT500to700_TuneCH3_13TeV-madgraphMLM-herwig7/MINIAODSIM/106X_mcRun2_asymptotic_v17-v2/2810000/706C1895-CA65-C749-AAC7-43EF71F6B575.root
%MSG-w XrdAdaptor:  file_open 11-Jan-2024 13:37:18 CET PostStreamBeginLumi
Data is served from fnal.gov instead of original site US-Regional-Nebraska
%MSG
11-Jan-2024 13:37:21 CET  Successfully opened file root://cmsxrootd.fnal.gov//store/mc/RunIISummer20UL16MiniAODv2/QCD_HT500to700_TuneCH3_13TeV-madgraphMLM-herwig7/MINIAODSIM/106X_mcRun2_asymptotic_v17-v2/2810000/706C1895-CA65-C749-AAC7-43EF71F6B575.root
Unable to load sec.protocol plugin libXrdSecztn.so
11-Jan-2024 13:37:36 CET  Closed file root://cmsxrootd.fnal.gov//store/mc/RunIISummer20UL16MiniAODv2/QCD_HT500to700_TuneCH3_13TeV-madgraphMLM-herwig7/MINIAODSIM/106X_mcRun2_asymptotic_v17-v2/2810000/706C1895-CA65-C749-AAC7-43EF71F6B575.root
11-Jan-2024 13:37:36 CET  Initiating request to open file root://cmsxrootd.fnal.gov//store/mc/RunIISummer20UL16MiniAODv2/QCD_HT500to700_TuneCH3_13TeV-madgraphMLM-herwig7/MINIAODSIM/106X_mcRun2_asymptotic_v17-v2/2810000/56DF63DF-CF51-D145-B99D-CE55F43EF027.root
%MSG-w XrdAdaptor:  file_open 11-Jan-2024 13:37:40 CET PostStreamBeginLumi
Data is served from T2_US_Florida instead of original site US-Regional-Nebraska
%MSG
11-Jan-2024 13:37:40 CET  Successfully opened file root://cmsxrootd.fnal.gov//store/mc/RunIISummer20UL16MiniAODv2/QCD_HT500to700_TuneCH3_13TeV-madgraphMLM-herwig7/MINIAODSIM/106X_mcRun2_asymptotic_v17-v2/2810000/56DF63DF-CF51-D145-B99D-CE55F43EF027.root
11-Jan-2024 13:37:45 CET  Closed file root://cmsxrootd.fnal.gov//store/mc/RunIISummer20UL16MiniAODv2/QCD_HT500to700_TuneCH3_13TeV-madgraphMLM-herwig7/MINIAODSIM/106X_mcRun2_asymptotic_v17-v2/2810000/56DF63DF-CF51-D145-B99D-CE55F43EF027.root
11-Jan-2024 13:37:45 CET  Initiating request to open file root://cmsxrootd.fnal.gov//store/mc/RunIISummer20UL16MiniAODv2/QCD_HT500to700_TuneCH3_13TeV-madgraphMLM-herwig7/MINIAODSIM/106X_mcRun2_asymptotic_v17-v2/2810000/3ABE5CB8-9579-6E43-BD07-99BF2A12BDE7.root
Unable to load sec.protocol plugin libXrdSecztn.so
%MSG-w XrdAdaptor:  file_open 11-Jan-2024 13:37:50 CET PostStreamBeginLumi
Data is served from T2_US_UCSD-ceph instead of original site US-Regional-Nebraska
%MSG
11-Jan-2024 13:37:51 CET  Successfully opened file root://cmsxrootd.fnal.gov//store/mc/RunIISummer20UL16MiniAODv2/QCD_HT500to700_TuneCH3_13TeV-madgraphMLM-herwig7/MINIAODSIM/106X_mcRun2_asymptotic_v17-v2/2810000/3ABE5CB8-9579-6E43-BD07-99BF2A12BDE7.root
Unable to load sec.protocol plugin libXrdSecztn.so
11-Jan-2024 13:38:05 CET  Closed file root://cmsxrootd.fnal.gov//store/mc/RunIISummer20UL16MiniAODv2/QCD_HT500to700_TuneCH3_13TeV-madgraphMLM-herwig7/MINIAODSIM/106X_mcRun2_asymptotic_v17-v2/2810000/3ABE5CB8-9579-6E43-BD07-99BF2A12BDE7.root
11-Jan-2024 13:38:05 CET  Initiating request to open file root://cmsxrootd.fnal.gov//store/mc/RunIISummer20UL16MiniAODv2/QCD_HT500to700_TuneCH3_13TeV-madgraphMLM-herwig7/MINIAODSIM/106X_mcRun2_asymptotic_v17-v2/2810000/503929E8-D662-AA40-B3C1-C9DD4827CE0E.root
Unable to load sec.protocol plugin libXrdSecztn.so
%MSG-w XrdAdaptor:  file_open 11-Jan-2024 13:38:08 CET PostStreamBeginLumi
Data is served from fnal.gov instead of original site US-Regional-Nebraska
%MSG
11-Jan-2024 13:38:09 CET  Successfully opened file root://cmsxrootd.fnal.gov//store/mc/RunIISummer20UL16MiniAODv2/QCD_HT500to700_TuneCH3_13TeV-madgraphMLM-herwig7/MINIAODSIM/106X_mcRun2_asymptotic_v17-v2/2810000/503929E8-D662-AA40-B3C1-C9DD4827CE0E.root
11-Jan-2024 13:38:16 CET  Closed file root://cmsxrootd.fnal.gov//store/mc/RunIISummer20UL16MiniAODv2/QCD_HT500to700_TuneCH3_13TeV-madgraphMLM-herwig7/MINIAODSIM/106X_mcRun2_asymptotic_v17-v2/2810000/503929E8-D662-AA40-B3C1-C9DD4827CE0E.root
11-Jan-2024 13:38:16 CET  Initiating request to open file root://cmsxrootd.fnal.gov//store/mc/RunIISummer20UL16MiniAODv2/QCD_HT500to700_TuneCH3_13TeV-madgraphMLM-herwig7/MINIAODSIM/106X_mcRun2_asymptotic_v17-v2/2810000/32F7BD63-F5D5-7C4B-A52A-9C5D109DD747.root
%MSG-w XrdAdaptor:  file_open 11-Jan-2024 13:38:20 CET PostStreamBeginLumi
Data is served from T2_US_MIT instead of original site US-Regional-Nebraska
%MSG
11-Jan-2024 13:38:20 CET  Successfully opened file root://cmsxrootd.fnal.gov//store/mc/RunIISummer20UL16MiniAODv2/QCD_HT500to700_TuneCH3_13TeV-madgraphMLM-herwig7/MINIAODSIM/106X_mcRun2_asymptotic_v17-v2/2810000/32F7BD63-F5D5-7C4B-A52A-9C5D109DD747.root
11-Jan-2024 13:38:31 CET  Closed file root://cmsxrootd.fnal.gov//store/mc/RunIISummer20UL16MiniAODv2/QCD_HT500to700_TuneCH3_13TeV-madgraphMLM-herwig7/MINIAODSIM/106X_mcRun2_asymptotic_v17-v2/2810000/32F7BD63-F5D5-7C4B-A52A-9C5D109DD747.root
11-Jan-2024 13:38:31 CET  Initiating request to open file root://cmsxrootd.fnal.gov//store/mc/RunIISummer20UL16MiniAODv2/QCD_HT500to700_TuneCH3_13TeV-madgraphMLM-herwig7/MINIAODSIM/106X_mcRun2_asymptotic_v17-v2/2810000/614B755F-682E-2B4D-8157-C0C2F569DE52.root
%MSG-w XrdAdaptor:  file_open 11-Jan-2024 13:38:33 CET PostStreamBeginLumi
Data is served from fnal.gov instead of original site US-Regional-Nebraska
%MSG
11-Jan-2024 13:38:34 CET  Successfully opened file root://cmsxrootd.fnal.gov//store/mc/RunIISummer20UL16MiniAODv2/QCD_HT500to700_TuneCH3_13TeV-madgraphMLM-herwig7/MINIAODSIM/106X_mcRun2_asymptotic_v17-v2/2810000/614B755F-682E-2B4D-8157-C0C2F569DE52.root
11-Jan-2024 13:38:38 CET  Closed file root://cmsxrootd.fnal.gov//store/mc/RunIISummer20UL16MiniAODv2/QCD_HT500to700_TuneCH3_13TeV-madgraphMLM-herwig7/MINIAODSIM/106X_mcRun2_asymptotic_v17-v2/2810000/614B755F-682E-2B4D-8157-C0C2F569DE52.root
11-Jan-2024 13:38:38 CET  Initiating request to open file root://cmsxrootd.fnal.gov//store/mc/RunIISummer20UL16MiniAODv2/QCD_HT500to700_TuneCH3_13TeV-madgraphMLM-herwig7/MINIAODSIM/106X_mcRun2_asymptotic_v17-v2/2810000/06E8F13C-585B-6E4F-8910-2D3055F6113F.root
%MSG-w XrdAdaptor:  file_open 11-Jan-2024 13:38:43 CET PostStreamBeginLumi
Data is served from T2_US_Nebraska instead of original site US-Regional-Nebraska
%MSG
11-Jan-2024 13:38:43 CET  Successfully opened file root://cmsxrootd.fnal.gov//store/mc/RunIISummer20UL16MiniAODv2/QCD_HT500to700_TuneCH3_13TeV-madgraphMLM-herwig7/MINIAODSIM/106X_mcRun2_asymptotic_v17-v2/2810000/06E8F13C-585B-6E4F-8910-2D3055F6113F.root
Begin processing the 100001st record. Run 1, Event 499200, LumiSection 1314 on stream 0 at 11-Jan-2024 13:38:54.656 CET
11-Jan-2024 13:38:55 CET  Closed file root://cmsxrootd.fnal.gov//store/mc/RunIISummer20UL16MiniAODv2/QCD_HT500to700_TuneCH3_13TeV-madgraphMLM-herwig7/MINIAODSIM/106X_mcRun2_asymptotic_v17-v2/2810000/06E8F13C-585B-6E4F-8910-2D3055F6113F.root
11-Jan-2024 13:38:55 CET  Initiating request to open file root://cmsxrootd.fnal.gov//store/mc/RunIISummer20UL16MiniAODv2/QCD_HT500to700_TuneCH3_13TeV-madgraphMLM-herwig7/MINIAODSIM/106X_mcRun2_asymptotic_v17-v2/2810000/519CC81B-03B8-B64C-B713-18F3CA9C55DC.root
%MSG-w XrdAdaptor:  file_open 11-Jan-2024 13:38:59 CET PostStreamBeginLumi
Data is served from T2_US_Nebraska instead of original site US-Regional-Nebraska
%MSG
11-Jan-2024 13:38:59 CET  Successfully opened file root://cmsxrootd.fnal.gov//store/mc/RunIISummer20UL16MiniAODv2/QCD_HT500to700_TuneCH3_13TeV-madgraphMLM-herwig7/MINIAODSIM/106X_mcRun2_asymptotic_v17-v2/2810000/519CC81B-03B8-B64C-B713-18F3CA9C55DC.root
11-Jan-2024 13:39:06 CET  Closed file root://cmsxrootd.fnal.gov//store/mc/RunIISummer20UL16MiniAODv2/QCD_HT500to700_TuneCH3_13TeV-madgraphMLM-herwig7/MINIAODSIM/106X_mcRun2_asymptotic_v17-v2/2810000/519CC81B-03B8-B64C-B713-18F3CA9C55DC.root
11-Jan-2024 13:39:06 CET  Initiating request to open file root://cmsxrootd.fnal.gov//store/mc/RunIISummer20UL16MiniAODv2/QCD_HT500to700_TuneCH3_13TeV-madgraphMLM-herwig7/MINIAODSIM/106X_mcRun2_asymptotic_v17-v2/2810000/6998AD42-939F-6D44-BE80-D9D55FF38B17.root
%MSG-w XrdAdaptor:  file_open 11-Jan-2024 13:39:09 CET PostStreamBeginLumi
Data is served from fnal.gov instead of original site US-Regional-Nebraska
%MSG
11-Jan-2024 13:39:09 CET  Successfully opened file root://cmsxrootd.fnal.gov//store/mc/RunIISummer20UL16MiniAODv2/QCD_HT500to700_TuneCH3_13TeV-madgraphMLM-herwig7/MINIAODSIM/106X_mcRun2_asymptotic_v17-v2/2810000/6998AD42-939F-6D44-BE80-D9D55FF38B17.root
11-Jan-2024 13:39:22 CET  Closed file root://cmsxrootd.fnal.gov//store/mc/RunIISummer20UL16MiniAODv2/QCD_HT500to700_TuneCH3_13TeV-madgraphMLM-herwig7/MINIAODSIM/106X_mcRun2_asymptotic_v17-v2/2810000/6998AD42-939F-6D44-BE80-D9D55FF38B17.root
11-Jan-2024 13:39:22 CET  Initiating request to open file root://cmsxrootd.fnal.gov//store/mc/RunIISummer20UL16MiniAODv2/QCD_HT500to700_TuneCH3_13TeV-madgraphMLM-herwig7/MINIAODSIM/106X_mcRun2_asymptotic_v17-v2/2810000/9CEE91AC-6E45-054E-B52C-2CDC81EEE129.root
%MSG-w XrdAdaptor:  file_open 11-Jan-2024 13:39:24 CET PostStreamBeginLumi
Data is served from fnal.gov instead of original site US-Regional-Nebraska
%MSG
11-Jan-2024 13:39:25 CET  Successfully opened file root://cmsxrootd.fnal.gov//store/mc/RunIISummer20UL16MiniAODv2/QCD_HT500to700_TuneCH3_13TeV-madgraphMLM-herwig7/MINIAODSIM/106X_mcRun2_asymptotic_v17-v2/2810000/9CEE91AC-6E45-054E-B52C-2CDC81EEE129.root
11-Jan-2024 13:39:30 CET  Closed file root://cmsxrootd.fnal.gov//store/mc/RunIISummer20UL16MiniAODv2/QCD_HT500to700_TuneCH3_13TeV-madgraphMLM-herwig7/MINIAODSIM/106X_mcRun2_asymptotic_v17-v2/2810000/9CEE91AC-6E45-054E-B52C-2CDC81EEE129.root
11-Jan-2024 13:39:30 CET  Initiating request to open file root://cmsxrootd.fnal.gov//store/mc/RunIISummer20UL16MiniAODv2/QCD_HT500to700_TuneCH3_13TeV-madgraphMLM-herwig7/MINIAODSIM/106X_mcRun2_asymptotic_v17-v2/2810000/5B0CAA29-8C57-8B45-867C-B224E927A551.root
%MSG-w XrdAdaptor:  file_open 11-Jan-2024 13:39:33 CET PostStreamBeginLumi
Data is served from fnal.gov instead of original site US-Regional-Nebraska
%MSG
11-Jan-2024 13:39:34 CET  Successfully opened file root://cmsxrootd.fnal.gov//store/mc/RunIISummer20UL16MiniAODv2/QCD_HT500to700_TuneCH3_13TeV-madgraphMLM-herwig7/MINIAODSIM/106X_mcRun2_asymptotic_v17-v2/2810000/5B0CAA29-8C57-8B45-867C-B224E927A551.root
11-Jan-2024 13:39:38 CET  Closed file root://cmsxrootd.fnal.gov//store/mc/RunIISummer20UL16MiniAODv2/QCD_HT500to700_TuneCH3_13TeV-madgraphMLM-herwig7/MINIAODSIM/106X_mcRun2_asymptotic_v17-v2/2810000/5B0CAA29-8C57-8B45-867C-B224E927A551.root
11-Jan-2024 13:39:38 CET  Initiating request to open file root://cmsxrootd.fnal.gov//store/mc/RunIISummer20UL16MiniAODv2/QCD_HT500to700_TuneCH3_13TeV-madgraphMLM-herwig7/MINIAODSIM/106X_mcRun2_asymptotic_v17-v2/2810000/F9981A8E-3EA3-CD41-AB0B-36A27AB8859A.root
%MSG-w XrdAdaptor:  file_open 11-Jan-2024 13:39:44 CET PostStreamBeginLumi
Data is served from T2_US_Vanderbilt instead of original site US-Regional-Nebraska
%MSG
11-Jan-2024 13:39:46 CET  Successfully opened file root://cmsxrootd.fnal.gov//store/mc/RunIISummer20UL16MiniAODv2/QCD_HT500to700_TuneCH3_13TeV-madgraphMLM-herwig7/MINIAODSIM/106X_mcRun2_asymptotic_v17-v2/2810000/F9981A8E-3EA3-CD41-AB0B-36A27AB8859A.root
11-Jan-2024 13:39:51 CET  Closed file root://cmsxrootd.fnal.gov//store/mc/RunIISummer20UL16MiniAODv2/QCD_HT500to700_TuneCH3_13TeV-madgraphMLM-herwig7/MINIAODSIM/106X_mcRun2_asymptotic_v17-v2/2810000/F9981A8E-3EA3-CD41-AB0B-36A27AB8859A.root
11-Jan-2024 13:39:51 CET  Initiating request to open file root://cmsxrootd.fnal.gov//store/mc/RunIISummer20UL16MiniAODv2/QCD_HT500to700_TuneCH3_13TeV-madgraphMLM-herwig7/MINIAODSIM/106X_mcRun2_asymptotic_v17-v2/2810000/F3671B22-AB9F-EF44-865C-9FE0EC89B82E.root
%MSG-w XrdAdaptor:  file_open 11-Jan-2024 13:39:55 CET PostStreamBeginLumi
Data is served from T2_US_Nebraska instead of original site US-Regional-Nebraska
%MSG
11-Jan-2024 13:39:56 CET  Successfully opened file root://cmsxrootd.fnal.gov//store/mc/RunIISummer20UL16MiniAODv2/QCD_HT500to700_TuneCH3_13TeV-madgraphMLM-herwig7/MINIAODSIM/106X_mcRun2_asymptotic_v17-v2/2810000/F3671B22-AB9F-EF44-865C-9FE0EC89B82E.root
Begin processing the 200001st record. Run 1, Event 651187, LumiSection 1714 on stream 0 at 11-Jan-2024 13:40:04.340 CET
11-Jan-2024 13:40:04 CET  Closed file root://cmsxrootd.fnal.gov//store/mc/RunIISummer20UL16MiniAODv2/QCD_HT500to700_TuneCH3_13TeV-madgraphMLM-herwig7/MINIAODSIM/106X_mcRun2_asymptotic_v17-v2/2810000/F3671B22-AB9F-EF44-865C-9FE0EC89B82E.root
11-Jan-2024 13:40:04 CET  Initiating request to open file root://cmsxrootd.fnal.gov//store/mc/RunIISummer20UL16MiniAODv2/QCD_HT500to700_TuneCH3_13TeV-madgraphMLM-herwig7/MINIAODSIM/106X_mcRun2_asymptotic_v17-v2/2810000/1430DA3F-3F73-F140-B934-04617814C8A0.root
%MSG-w XrdAdaptor:  file_open 11-Jan-2024 13:40:07 CET PostStreamBeginLumi
Data is served from T2_US_Nebraska instead of original site US-Regional-Nebraska
%MSG
11-Jan-2024 13:40:08 CET  Successfully opened file root://cmsxrootd.fnal.gov//store/mc/RunIISummer20UL16MiniAODv2/QCD_HT500to700_TuneCH3_13TeV-madgraphMLM-herwig7/MINIAODSIM/106X_mcRun2_asymptotic_v17-v2/2810000/1430DA3F-3F73-F140-B934-04617814C8A0.root
11-Jan-2024 13:40:16 CET  Closed file root://cmsxrootd.fnal.gov//store/mc/RunIISummer20UL16MiniAODv2/QCD_HT500to700_TuneCH3_13TeV-madgraphMLM-herwig7/MINIAODSIM/106X_mcRun2_asymptotic_v17-v2/2810000/1430DA3F-3F73-F140-B934-04617814C8A0.root
11-Jan-2024 13:40:16 CET  Initiating request to open file root://cmsxrootd.fnal.gov//store/mc/RunIISummer20UL16MiniAODv2/QCD_HT500to700_TuneCH3_13TeV-madgraphMLM-herwig7/MINIAODSIM/106X_mcRun2_asymptotic_v17-v2/2810000/8877436C-84F8-FD43-B8AF-B2270669DF76.root
%MSG-w XrdAdaptor:  file_open 11-Jan-2024 13:40:18 CET PostStreamBeginLumi
Data is served from fnal.gov instead of original site US-Regional-Nebraska
%MSG
11-Jan-2024 13:40:19 CET  Successfully opened file root://cmsxrootd.fnal.gov//store/mc/RunIISummer20UL16MiniAODv2/QCD_HT500to700_TuneCH3_13TeV-madgraphMLM-herwig7/MINIAODSIM/106X_mcRun2_asymptotic_v17-v2/2810000/8877436C-84F8-FD43-B8AF-B2270669DF76.root
11-Jan-2024 13:40:23 CET  Closed file root://cmsxrootd.fnal.gov//store/mc/RunIISummer20UL16MiniAODv2/QCD_HT500to700_TuneCH3_13TeV-madgraphMLM-herwig7/MINIAODSIM/106X_mcRun2_asymptotic_v17-v2/2810000/8877436C-84F8-FD43-B8AF-B2270669DF76.root
11-Jan-2024 13:40:23 CET  Initiating request to open file root://cmsxrootd.fnal.gov//store/mc/RunIISummer20UL16MiniAODv2/QCD_HT500to700_TuneCH3_13TeV-madgraphMLM-herwig7/MINIAODSIM/106X_mcRun2_asymptotic_v17-v2/2810000/12CE259F-B6F8-AF4B-8386-E4F8399862EF.root
%MSG-w XrdAdaptor:  file_open 11-Jan-2024 13:40:26 CET PostStreamBeginLumi
Data is served from fnal.gov instead of original site US-Regional-Nebraska
%MSG
11-Jan-2024 13:40:26 CET  Successfully opened file root://cmsxrootd.fnal.gov//store/mc/RunIISummer20UL16MiniAODv2/QCD_HT500to700_TuneCH3_13TeV-madgraphMLM-herwig7/MINIAODSIM/106X_mcRun2_asymptotic_v17-v2/2810000/12CE259F-B6F8-AF4B-8386-E4F8399862EF.root
11-Jan-2024 13:40:34 CET  Closed file root://cmsxrootd.fnal.gov//store/mc/RunIISummer20UL16MiniAODv2/QCD_HT500to700_TuneCH3_13TeV-madgraphMLM-herwig7/MINIAODSIM/106X_mcRun2_asymptotic_v17-v2/2810000/12CE259F-B6F8-AF4B-8386-E4F8399862EF.root
11-Jan-2024 13:40:34 CET  Initiating request to open file root://cmsxrootd.fnal.gov//store/mc/RunIISummer20UL16MiniAODv2/QCD_HT500to700_TuneCH3_13TeV-madgraphMLM-herwig7/MINIAODSIM/106X_mcRun2_asymptotic_v17-v2/2810000/39EDD447-0DD4-D643-9A39-CFCDD7334000.root
%MSG-w XrdAdaptor:  file_open 11-Jan-2024 13:40:37 CET PostStreamBeginLumi
Data is served from fnal.gov instead of original site US-Regional-Nebraska
%MSG
11-Jan-2024 13:40:38 CET  Successfully opened file root://cmsxrootd.fnal.gov//store/mc/RunIISummer20UL16MiniAODv2/QCD_HT500to700_TuneCH3_13TeV-madgraphMLM-herwig7/MINIAODSIM/106X_mcRun2_asymptotic_v17-v2/2810000/39EDD447-0DD4-D643-9A39-CFCDD7334000.root
11-Jan-2024 13:40:47 CET  Closed file root://cmsxrootd.fnal.gov//store/mc/RunIISummer20UL16MiniAODv2/QCD_HT500to700_TuneCH3_13TeV-madgraphMLM-herwig7/MINIAODSIM/106X_mcRun2_asymptotic_v17-v2/2810000/39EDD447-0DD4-D643-9A39-CFCDD7334000.root
11-Jan-2024 13:40:47 CET  Initiating request to open file root://cmsxrootd.fnal.gov//store/mc/RunIISummer20UL16MiniAODv2/QCD_HT500to700_TuneCH3_13TeV-madgraphMLM-herwig7/MINIAODSIM/106X_mcRun2_asymptotic_v17-v2/2810000/FFA75FD2-893B-ED48-BA02-438E71FDCAC3.root
%MSG-w XrdAdaptor:  file_open 11-Jan-2024 13:40:49 CET PostStreamBeginLumi
Data is served from fnal.gov instead of original site US-Regional-Nebraska
%MSG
11-Jan-2024 13:40:50 CET  Successfully opened file root://cmsxrootd.fnal.gov//store/mc/RunIISummer20UL16MiniAODv2/QCD_HT500to700_TuneCH3_13TeV-madgraphMLM-herwig7/MINIAODSIM/106X_mcRun2_asymptotic_v17-v2/2810000/FFA75FD2-893B-ED48-BA02-438E71FDCAC3.root
11-Jan-2024 13:40:57 CET  Closed file root://cmsxrootd.fnal.gov//store/mc/RunIISummer20UL16MiniAODv2/QCD_HT500to700_TuneCH3_13TeV-madgraphMLM-herwig7/MINIAODSIM/106X_mcRun2_asymptotic_v17-v2/2810000/FFA75FD2-893B-ED48-BA02-438E71FDCAC3.root
11-Jan-2024 13:40:57 CET  Initiating request to open file root://cmsxrootd.fnal.gov//store/mc/RunIISummer20UL16MiniAODv2/QCD_HT500to700_TuneCH3_13TeV-madgraphMLM-herwig7/MINIAODSIM/106X_mcRun2_asymptotic_v17-v2/2810000/81A23D8F-3A26-4645-A65A-877354B00E42.root
%MSG-w XrdAdaptor:  file_open 11-Jan-2024 13:41:00 CET PostStreamBeginLumi
Data is served from fnal.gov instead of original site US-Regional-Nebraska
%MSG
11-Jan-2024 13:41:00 CET  Successfully opened file root://cmsxrootd.fnal.gov//store/mc/RunIISummer20UL16MiniAODv2/QCD_HT500to700_TuneCH3_13TeV-madgraphMLM-herwig7/MINIAODSIM/106X_mcRun2_asymptotic_v17-v2/2810000/81A23D8F-3A26-4645-A65A-877354B00E42.root
11-Jan-2024 13:41:06 CET  Closed file root://cmsxrootd.fnal.gov//store/mc/RunIISummer20UL16MiniAODv2/QCD_HT500to700_TuneCH3_13TeV-madgraphMLM-herwig7/MINIAODSIM/106X_mcRun2_asymptotic_v17-v2/2810000/81A23D8F-3A26-4645-A65A-877354B00E42.root
11-Jan-2024 13:41:06 CET  Initiating request to open file root://cmsxrootd.fnal.gov//store/mc/RunIISummer20UL16MiniAODv2/QCD_HT500to700_TuneCH3_13TeV-madgraphMLM-herwig7/MINIAODSIM/106X_mcRun2_asymptotic_v17-v2/2810000/5EB58439-C767-2C40-9AAB-3E299345EEF9.root
%MSG-w XrdAdaptor:  file_open 11-Jan-2024 13:41:11 CET PostStreamBeginLumi
Data is served from T2_US_Caltech instead of original site US-Regional-Nebraska
%MSG
11-Jan-2024 13:41:12 CET  Successfully opened file root://cmsxrootd.fnal.gov//store/mc/RunIISummer20UL16MiniAODv2/QCD_HT500to700_TuneCH3_13TeV-madgraphMLM-herwig7/MINIAODSIM/106X_mcRun2_asymptotic_v17-v2/2810000/5EB58439-C767-2C40-9AAB-3E299345EEF9.root
11-Jan-2024 13:41:23 CET  Closed file root://cmsxrootd.fnal.gov//store/mc/RunIISummer20UL16MiniAODv2/QCD_HT500to700_TuneCH3_13TeV-madgraphMLM-herwig7/MINIAODSIM/106X_mcRun2_asymptotic_v17-v2/2810000/5EB58439-C767-2C40-9AAB-3E299345EEF9.root
11-Jan-2024 13:41:23 CET  Initiating request to open file root://cmsxrootd.fnal.gov//store/mc/RunIISummer20UL16MiniAODv2/QCD_HT500to700_TuneCH3_13TeV-madgraphMLM-herwig7/MINIAODSIM/106X_mcRun2_asymptotic_v17-v2/2810000/066E16EE-65AA-F841-A720-AAA2522A885A.root
%MSG-w XrdAdaptor:  file_open 11-Jan-2024 13:41:26 CET PostStreamBeginLumi
Data is served from fnal.gov instead of original site US-Regional-Nebraska
%MSG
11-Jan-2024 13:41:28 CET  Successfully opened file root://cmsxrootd.fnal.gov//store/mc/RunIISummer20UL16MiniAODv2/QCD_HT500to700_TuneCH3_13TeV-madgraphMLM-herwig7/MINIAODSIM/106X_mcRun2_asymptotic_v17-v2/2810000/066E16EE-65AA-F841-A720-AAA2522A885A.root
11-Jan-2024 13:41:34 CET  Closed file root://cmsxrootd.fnal.gov//store/mc/RunIISummer20UL16MiniAODv2/QCD_HT500to700_TuneCH3_13TeV-madgraphMLM-herwig7/MINIAODSIM/106X_mcRun2_asymptotic_v17-v2/2810000/066E16EE-65AA-F841-A720-AAA2522A885A.root
11-Jan-2024 13:41:34 CET  Initiating request to open file root://cmsxrootd.fnal.gov//store/mc/RunIISummer20UL16MiniAODv2/QCD_HT500to700_TuneCH3_13TeV-madgraphMLM-herwig7/MINIAODSIM/106X_mcRun2_asymptotic_v17-v2/2810000/1E909A5B-C0CE-654C-91DD-26A0D06F6BBE.root
%MSG-w XrdAdaptor:  file_open 11-Jan-2024 13:41:37 CET PostStreamBeginLumi
Data is served from T2_US_MIT instead of original site US-Regional-Nebraska
%MSG
11-Jan-2024 13:41:38 CET  Successfully opened file root://cmsxrootd.fnal.gov//store/mc/RunIISummer20UL16MiniAODv2/QCD_HT500to700_TuneCH3_13TeV-madgraphMLM-herwig7/MINIAODSIM/106X_mcRun2_asymptotic_v17-v2/2810000/1E909A5B-C0CE-654C-91DD-26A0D06F6BBE.root
11-Jan-2024 13:41:46 CET  Closed file root://cmsxrootd.fnal.gov//store/mc/RunIISummer20UL16MiniAODv2/QCD_HT500to700_TuneCH3_13TeV-madgraphMLM-herwig7/MINIAODSIM/106X_mcRun2_asymptotic_v17-v2/2810000/1E909A5B-C0CE-654C-91DD-26A0D06F6BBE.root
11-Jan-2024 13:41:46 CET  Initiating request to open file root://cmsxrootd.fnal.gov//store/mc/RunIISummer20UL16MiniAODv2/QCD_HT500to700_TuneCH3_13TeV-madgraphMLM-herwig7/MINIAODSIM/106X_mcRun2_asymptotic_v17-v2/2810000/4D6D079C-D44C-7E4C-97C3-CC5154F2F3B6.root
%MSG-w XrdAdaptor:  file_open 11-Jan-2024 13:41:49 CET PostStreamBeginLumi
Data is served from fnal.gov instead of original site US-Regional-Nebraska
%MSG
11-Jan-2024 13:41:49 CET  Successfully opened file root://cmsxrootd.fnal.gov//store/mc/RunIISummer20UL16MiniAODv2/QCD_HT500to700_TuneCH3_13TeV-madgraphMLM-herwig7/MINIAODSIM/106X_mcRun2_asymptotic_v17-v2/2810000/4D6D079C-D44C-7E4C-97C3-CC5154F2F3B6.root
11-Jan-2024 13:41:53 CET  Closed file root://cmsxrootd.fnal.gov//store/mc/RunIISummer20UL16MiniAODv2/QCD_HT500to700_TuneCH3_13TeV-madgraphMLM-herwig7/MINIAODSIM/106X_mcRun2_asymptotic_v17-v2/2810000/4D6D079C-D44C-7E4C-97C3-CC5154F2F3B6.root
11-Jan-2024 13:41:53 CET  Initiating request to open file root://cmsxrootd.fnal.gov//store/mc/RunIISummer20UL16MiniAODv2/QCD_HT500to700_TuneCH3_13TeV-madgraphMLM-herwig7/MINIAODSIM/106X_mcRun2_asymptotic_v17-v2/2810000/00A0101B-7B70-B740-B242-3E35BB81CE4F.root
%MSG-w XrdAdaptor:  file_open 11-Jan-2024 13:41:55 CET PostStreamBeginLumi
Data is served from fnal.gov instead of original site US-Regional-Nebraska
%MSG
11-Jan-2024 13:41:56 CET  Successfully opened file root://cmsxrootd.fnal.gov//store/mc/RunIISummer20UL16MiniAODv2/QCD_HT500to700_TuneCH3_13TeV-madgraphMLM-herwig7/MINIAODSIM/106X_mcRun2_asymptotic_v17-v2/2810000/00A0101B-7B70-B740-B242-3E35BB81CE4F.root
11-Jan-2024 13:42:01 CET  Closed file root://cmsxrootd.fnal.gov//store/mc/RunIISummer20UL16MiniAODv2/QCD_HT500to700_TuneCH3_13TeV-madgraphMLM-herwig7/MINIAODSIM/106X_mcRun2_asymptotic_v17-v2/2810000/00A0101B-7B70-B740-B242-3E35BB81CE4F.root
11-Jan-2024 13:42:01 CET  Initiating request to open file root://cmsxrootd.fnal.gov//store/mc/RunIISummer20UL16MiniAODv2/QCD_HT500to700_TuneCH3_13TeV-madgraphMLM-herwig7/MINIAODSIM/106X_mcRun2_asymptotic_v17-v2/2810000/CE742AD0-0E90-3A48-8FB2-C41DCAE5BF3D.root
%MSG-w XrdAdaptor:  file_open 11-Jan-2024 13:42:03 CET PostStreamBeginLumi
Data is served from fnal.gov instead of original site US-Regional-Nebraska
%MSG
11-Jan-2024 13:42:04 CET  Successfully opened file root://cmsxrootd.fnal.gov//store/mc/RunIISummer20UL16MiniAODv2/QCD_HT500to700_TuneCH3_13TeV-madgraphMLM-herwig7/MINIAODSIM/106X_mcRun2_asymptotic_v17-v2/2810000/CE742AD0-0E90-3A48-8FB2-C41DCAE5BF3D.root
11-Jan-2024 13:42:09 CET  Closed file root://cmsxrootd.fnal.gov//store/mc/RunIISummer20UL16MiniAODv2/QCD_HT500to700_TuneCH3_13TeV-madgraphMLM-herwig7/MINIAODSIM/106X_mcRun2_asymptotic_v17-v2/2810000/CE742AD0-0E90-3A48-8FB2-C41DCAE5BF3D.root
11-Jan-2024 13:42:09 CET  Initiating request to open file root://cmsxrootd.fnal.gov//store/mc/RunIISummer20UL16MiniAODv2/QCD_HT500to700_TuneCH3_13TeV-madgraphMLM-herwig7/MINIAODSIM/106X_mcRun2_asymptotic_v17-v2/2810000/755F12F6-C006-474C-ADD1-BF11889A382D.root
%MSG-w XrdAdaptor:  file_open 11-Jan-2024 13:42:12 CET PostStreamBeginLumi
Data is served from fnal.gov instead of original site US-Regional-Nebraska
%MSG
11-Jan-2024 13:42:12 CET  Successfully opened file root://cmsxrootd.fnal.gov//store/mc/RunIISummer20UL16MiniAODv2/QCD_HT500to700_TuneCH3_13TeV-madgraphMLM-herwig7/MINIAODSIM/106X_mcRun2_asymptotic_v17-v2/2810000/755F12F6-C006-474C-ADD1-BF11889A382D.root
11-Jan-2024 13:42:16 CET  Closed file root://cmsxrootd.fnal.gov//store/mc/RunIISummer20UL16MiniAODv2/QCD_HT500to700_TuneCH3_13TeV-madgraphMLM-herwig7/MINIAODSIM/106X_mcRun2_asymptotic_v17-v2/2810000/755F12F6-C006-474C-ADD1-BF11889A382D.root
11-Jan-2024 13:42:16 CET  Initiating request to open file root://cmsxrootd.fnal.gov//store/mc/RunIISummer20UL16MiniAODv2/QCD_HT500to700_TuneCH3_13TeV-madgraphMLM-herwig7/MINIAODSIM/106X_mcRun2_asymptotic_v17-v2/2810000/0CB832D8-C563-524F-B9C8-C2555DC1F553.root
%MSG-w XrdAdaptor:  file_open 11-Jan-2024 13:42:19 CET PostStreamBeginLumi
Data is served from T2_US_Florida instead of original site US-Regional-Nebraska
%MSG
11-Jan-2024 13:42:19 CET  Successfully opened file root://cmsxrootd.fnal.gov//store/mc/RunIISummer20UL16MiniAODv2/QCD_HT500to700_TuneCH3_13TeV-madgraphMLM-herwig7/MINIAODSIM/106X_mcRun2_asymptotic_v17-v2/2810000/0CB832D8-C563-524F-B9C8-C2555DC1F553.root
Begin processing the 300001st record. Run 1, Event 243630, LumiSection 642 on stream 0 at 11-Jan-2024 13:42:26.485 CET
11-Jan-2024 13:42:28 CET  Closed file root://cmsxrootd.fnal.gov//store/mc/RunIISummer20UL16MiniAODv2/QCD_HT500to700_TuneCH3_13TeV-madgraphMLM-herwig7/MINIAODSIM/106X_mcRun2_asymptotic_v17-v2/2810000/0CB832D8-C563-524F-B9C8-C2555DC1F553.root
11-Jan-2024 13:42:28 CET  Initiating request to open file root://cmsxrootd.fnal.gov//store/mc/RunIISummer20UL16MiniAODv2/QCD_HT500to700_TuneCH3_13TeV-madgraphMLM-herwig7/MINIAODSIM/106X_mcRun2_asymptotic_v17-v2/2810000/267E0CE2-A7C2-3F44-B223-C72BE11BF5AB.root
%MSG-w XrdAdaptor:  file_open 11-Jan-2024 13:42:30 CET PostStreamBeginLumi
Data is served from T2_US_Florida instead of original site US-Regional-Nebraska
%MSG
11-Jan-2024 13:42:31 CET  Successfully opened file root://cmsxrootd.fnal.gov//store/mc/RunIISummer20UL16MiniAODv2/QCD_HT500to700_TuneCH3_13TeV-madgraphMLM-herwig7/MINIAODSIM/106X_mcRun2_asymptotic_v17-v2/2810000/267E0CE2-A7C2-3F44-B223-C72BE11BF5AB.root
11-Jan-2024 13:42:35 CET  Closed file root://cmsxrootd.fnal.gov//store/mc/RunIISummer20UL16MiniAODv2/QCD_HT500to700_TuneCH3_13TeV-madgraphMLM-herwig7/MINIAODSIM/106X_mcRun2_asymptotic_v17-v2/2810000/267E0CE2-A7C2-3F44-B223-C72BE11BF5AB.root
11-Jan-2024 13:42:35 CET  Initiating request to open file root://cmsxrootd.fnal.gov//store/mc/RunIISummer20UL16MiniAODv2/QCD_HT500to700_TuneCH3_13TeV-madgraphMLM-herwig7/MINIAODSIM/106X_mcRun2_asymptotic_v17-v2/2810000/AE612396-6233-D34A-94D6-C1ABD91E2817.root
%MSG-w XrdAdaptor:  file_open 11-Jan-2024 13:42:38 CET PostStreamBeginLumi
Data is served from T2_US_Nebraska instead of original site US-Regional-Nebraska
%MSG
11-Jan-2024 13:42:39 CET  Successfully opened file root://cmsxrootd.fnal.gov//store/mc/RunIISummer20UL16MiniAODv2/QCD_HT500to700_TuneCH3_13TeV-madgraphMLM-herwig7/MINIAODSIM/106X_mcRun2_asymptotic_v17-v2/2810000/AE612396-6233-D34A-94D6-C1ABD91E2817.root
11-Jan-2024 13:42:48 CET  Closed file root://cmsxrootd.fnal.gov//store/mc/RunIISummer20UL16MiniAODv2/QCD_HT500to700_TuneCH3_13TeV-madgraphMLM-herwig7/MINIAODSIM/106X_mcRun2_asymptotic_v17-v2/2810000/AE612396-6233-D34A-94D6-C1ABD91E2817.root
11-Jan-2024 13:42:48 CET  Initiating request to open file root://cmsxrootd.fnal.gov//store/mc/RunIISummer20UL16MiniAODv2/QCD_HT500to700_TuneCH3_13TeV-madgraphMLM-herwig7/MINIAODSIM/106X_mcRun2_asymptotic_v17-v2/2810000/4481D4C3-7BB2-0847-98A3-86D129E7D3F8.root
%MSG-w XrdAdaptor:  file_open 11-Jan-2024 13:42:51 CET PostStreamBeginLumi
Data is served from T2_US_Nebraska instead of original site US-Regional-Nebraska
%MSG
11-Jan-2024 13:42:52 CET  Successfully opened file root://cmsxrootd.fnal.gov//store/mc/RunIISummer20UL16MiniAODv2/QCD_HT500to700_TuneCH3_13TeV-madgraphMLM-herwig7/MINIAODSIM/106X_mcRun2_asymptotic_v17-v2/2810000/4481D4C3-7BB2-0847-98A3-86D129E7D3F8.root
11-Jan-2024 13:42:57 CET  Closed file root://cmsxrootd.fnal.gov//store/mc/RunIISummer20UL16MiniAODv2/QCD_HT500to700_TuneCH3_13TeV-madgraphMLM-herwig7/MINIAODSIM/106X_mcRun2_asymptotic_v17-v2/2810000/4481D4C3-7BB2-0847-98A3-86D129E7D3F8.root
11-Jan-2024 13:42:57 CET  Initiating request to open file root://cmsxrootd.fnal.gov//store/mc/RunIISummer20UL16MiniAODv2/QCD_HT500to700_TuneCH3_13TeV-madgraphMLM-herwig7/MINIAODSIM/106X_mcRun2_asymptotic_v17-v2/2810000/2D7D49C8-5AD5-004B-B38E-C19F6B0BCD26.root
%MSG-w XrdAdaptor:  file_open 11-Jan-2024 13:43:01 CET PostStreamBeginLumi
Data is served from T2_US_Caltech instead of original site US-Regional-Nebraska
%MSG
11-Jan-2024 13:43:03 CET  Successfully opened file root://cmsxrootd.fnal.gov//store/mc/RunIISummer20UL16MiniAODv2/QCD_HT500to700_TuneCH3_13TeV-madgraphMLM-herwig7/MINIAODSIM/106X_mcRun2_asymptotic_v17-v2/2810000/2D7D49C8-5AD5-004B-B38E-C19F6B0BCD26.root
11-Jan-2024 13:43:20 CET  Closed file root://cmsxrootd.fnal.gov//store/mc/RunIISummer20UL16MiniAODv2/QCD_HT500to700_TuneCH3_13TeV-madgraphMLM-herwig7/MINIAODSIM/106X_mcRun2_asymptotic_v17-v2/2810000/2D7D49C8-5AD5-004B-B38E-C19F6B0BCD26.root
11-Jan-2024 13:43:20 CET  Initiating request to open file root://cmsxrootd.fnal.gov//store/mc/RunIISummer20UL16MiniAODv2/QCD_HT500to700_TuneCH3_13TeV-madgraphMLM-herwig7/MINIAODSIM/106X_mcRun2_asymptotic_v17-v2/2810000/C733D3DF-916A-FC47-80A7-E9D40E9E6C0F.root
%MSG-w XrdAdaptor:  file_open 11-Jan-2024 13:43:23 CET PostStreamBeginLumi
Data is served from T2_US_Caltech instead of original site US-Regional-Nebraska
%MSG
11-Jan-2024 13:43:24 CET  Successfully opened file root://cmsxrootd.fnal.gov//store/mc/RunIISummer20UL16MiniAODv2/QCD_HT500to700_TuneCH3_13TeV-madgraphMLM-herwig7/MINIAODSIM/106X_mcRun2_asymptotic_v17-v2/2810000/C733D3DF-916A-FC47-80A7-E9D40E9E6C0F.root
11-Jan-2024 13:43:29 CET  Closed file root://cmsxrootd.fnal.gov//store/mc/RunIISummer20UL16MiniAODv2/QCD_HT500to700_TuneCH3_13TeV-madgraphMLM-herwig7/MINIAODSIM/106X_mcRun2_asymptotic_v17-v2/2810000/C733D3DF-916A-FC47-80A7-E9D40E9E6C0F.root
11-Jan-2024 13:43:29 CET  Initiating request to open file root://cmsxrootd.fnal.gov//store/mc/RunIISummer20UL16MiniAODv2/QCD_HT500to700_TuneCH3_13TeV-madgraphMLM-herwig7/MINIAODSIM/106X_mcRun2_asymptotic_v17-v2/2810000/6C867658-7C69-2D49-AA04-15429EF0E8F3.root
%MSG-w XrdAdaptor:  file_open 11-Jan-2024 13:43:31 CET PostStreamBeginLumi
Data is served from fnal.gov instead of original site US-Regional-Nebraska
%MSG
11-Jan-2024 13:43:32 CET  Successfully opened file root://cmsxrootd.fnal.gov//store/mc/RunIISummer20UL16MiniAODv2/QCD_HT500to700_TuneCH3_13TeV-madgraphMLM-herwig7/MINIAODSIM/106X_mcRun2_asymptotic_v17-v2/2810000/6C867658-7C69-2D49-AA04-15429EF0E8F3.root
Begin processing the 400001st record. Run 1, Event 1794166, LumiSection 4722 on stream 0 at 11-Jan-2024 13:43:39.182 CET
11-Jan-2024 13:43:39 CET  Closed file root://cmsxrootd.fnal.gov//store/mc/RunIISummer20UL16MiniAODv2/QCD_HT500to700_TuneCH3_13TeV-madgraphMLM-herwig7/MINIAODSIM/106X_mcRun2_asymptotic_v17-v2/2810000/6C867658-7C69-2D49-AA04-15429EF0E8F3.root
11-Jan-2024 13:43:39 CET  Initiating request to open file root://cmsxrootd.fnal.gov//store/mc/RunIISummer20UL16MiniAODv2/QCD_HT500to700_TuneCH3_13TeV-madgraphMLM-herwig7/MINIAODSIM/106X_mcRun2_asymptotic_v17-v2/2810000/4A0AA7DB-0356-F94E-A3E2-9FF26A4C2B27.root
%MSG-w XrdAdaptor:  file_open 11-Jan-2024 13:43:42 CET PostStreamBeginLumi
Data is served from T2_US_MIT instead of original site US-Regional-Nebraska
%MSG
11-Jan-2024 13:43:43 CET  Successfully opened file root://cmsxrootd.fnal.gov//store/mc/RunIISummer20UL16MiniAODv2/QCD_HT500to700_TuneCH3_13TeV-madgraphMLM-herwig7/MINIAODSIM/106X_mcRun2_asymptotic_v17-v2/2810000/4A0AA7DB-0356-F94E-A3E2-9FF26A4C2B27.root
11-Jan-2024 13:43:55 CET  Closed file root://cmsxrootd.fnal.gov//store/mc/RunIISummer20UL16MiniAODv2/QCD_HT500to700_TuneCH3_13TeV-madgraphMLM-herwig7/MINIAODSIM/106X_mcRun2_asymptotic_v17-v2/2810000/4A0AA7DB-0356-F94E-A3E2-9FF26A4C2B27.root
11-Jan-2024 13:43:55 CET  Initiating request to open file root://cmsxrootd.fnal.gov//store/mc/RunIISummer20UL16MiniAODv2/QCD_HT500to700_TuneCH3_13TeV-madgraphMLM-herwig7/MINIAODSIM/106X_mcRun2_asymptotic_v17-v2/2810000/AA14DCF2-3D24-624C-B846-256564A8378E.root
%MSG-w XrdAdaptor:  file_open 11-Jan-2024 13:43:57 CET PostStreamBeginLumi
Data is served from fnal.gov instead of original site US-Regional-Nebraska
%MSG
11-Jan-2024 13:43:57 CET  Successfully opened file root://cmsxrootd.fnal.gov//store/mc/RunIISummer20UL16MiniAODv2/QCD_HT500to700_TuneCH3_13TeV-madgraphMLM-herwig7/MINIAODSIM/106X_mcRun2_asymptotic_v17-v2/2810000/AA14DCF2-3D24-624C-B846-256564A8378E.root
11-Jan-2024 13:44:03 CET  Closed file root://cmsxrootd.fnal.gov//store/mc/RunIISummer20UL16MiniAODv2/QCD_HT500to700_TuneCH3_13TeV-madgraphMLM-herwig7/MINIAODSIM/106X_mcRun2_asymptotic_v17-v2/2810000/AA14DCF2-3D24-624C-B846-256564A8378E.root
11-Jan-2024 13:44:03 CET  Initiating request to open file root://cmsxrootd.fnal.gov//store/mc/RunIISummer20UL16MiniAODv2/QCD_HT500to700_TuneCH3_13TeV-madgraphMLM-herwig7/MINIAODSIM/106X_mcRun2_asymptotic_v17-v2/2810000/7159C580-59B1-F043-883B-8EFDFD305F1B.root
%MSG-w XrdAdaptor:  file_open 11-Jan-2024 13:44:05 CET PostStreamBeginLumi
Data is served from fnal.gov instead of original site US-Regional-Nebraska
%MSG
11-Jan-2024 13:44:06 CET  Successfully opened file root://cmsxrootd.fnal.gov//store/mc/RunIISummer20UL16MiniAODv2/QCD_HT500to700_TuneCH3_13TeV-madgraphMLM-herwig7/MINIAODSIM/106X_mcRun2_asymptotic_v17-v2/2810000/7159C580-59B1-F043-883B-8EFDFD305F1B.root
11-Jan-2024 13:44:10 CET  Closed file root://cmsxrootd.fnal.gov//store/mc/RunIISummer20UL16MiniAODv2/QCD_HT500to700_TuneCH3_13TeV-madgraphMLM-herwig7/MINIAODSIM/106X_mcRun2_asymptotic_v17-v2/2810000/7159C580-59B1-F043-883B-8EFDFD305F1B.root
11-Jan-2024 13:44:10 CET  Initiating request to open file root://cmsxrootd.fnal.gov//store/mc/RunIISummer20UL16MiniAODv2/QCD_HT500to700_TuneCH3_13TeV-madgraphMLM-herwig7/MINIAODSIM/106X_mcRun2_asymptotic_v17-v2/2810000/E19A4C29-049E-F349-9EBC-0C03E878760F.root
%MSG-w XrdAdaptor:  file_open 11-Jan-2024 13:44:12 CET PostProcessEvent
Data is served from fnal.gov instead of original site US-Regional-Nebraska
%MSG
11-Jan-2024 13:44:13 CET  Successfully opened file root://cmsxrootd.fnal.gov//store/mc/RunIISummer20UL16MiniAODv2/QCD_HT500to700_TuneCH3_13TeV-madgraphMLM-herwig7/MINIAODSIM/106X_mcRun2_asymptotic_v17-v2/2810000/E19A4C29-049E-F349-9EBC-0C03E878760F.root
11-Jan-2024 13:44:20 CET  Closed file root://cmsxrootd.fnal.gov//store/mc/RunIISummer20UL16MiniAODv2/QCD_HT500to700_TuneCH3_13TeV-madgraphMLM-herwig7/MINIAODSIM/106X_mcRun2_asymptotic_v17-v2/2810000/E19A4C29-049E-F349-9EBC-0C03E878760F.root
11-Jan-2024 13:44:20 CET  Initiating request to open file root://cmsxrootd.fnal.gov//store/mc/RunIISummer20UL16MiniAODv2/QCD_HT500to700_TuneCH3_13TeV-madgraphMLM-herwig7/MINIAODSIM/106X_mcRun2_asymptotic_v17-v2/2810000/220488E3-494E-144E-BE40-46CFF4079697.root
%MSG-w XrdAdaptor:  file_open 11-Jan-2024 13:44:24 CET PostStreamBeginLumi
Data is served from fnal.gov instead of original site US-Regional-Nebraska
%MSG
11-Jan-2024 13:44:26 CET  Successfully opened file root://cmsxrootd.fnal.gov//store/mc/RunIISummer20UL16MiniAODv2/QCD_HT500to700_TuneCH3_13TeV-madgraphMLM-herwig7/MINIAODSIM/106X_mcRun2_asymptotic_v17-v2/2810000/220488E3-494E-144E-BE40-46CFF4079697.root
11-Jan-2024 13:44:31 CET  Closed file root://cmsxrootd.fnal.gov//store/mc/RunIISummer20UL16MiniAODv2/QCD_HT500to700_TuneCH3_13TeV-madgraphMLM-herwig7/MINIAODSIM/106X_mcRun2_asymptotic_v17-v2/2810000/220488E3-494E-144E-BE40-46CFF4079697.root
11-Jan-2024 13:44:31 CET  Initiating request to open file root://cmsxrootd.fnal.gov//store/mc/RunIISummer20UL16MiniAODv2/QCD_HT500to700_TuneCH3_13TeV-madgraphMLM-herwig7/MINIAODSIM/106X_mcRun2_asymptotic_v17-v2/2810000/DEB2B1FC-449F-3842-A081-699F9677AF79.root
%MSG-w XrdAdaptor:  file_open 11-Jan-2024 13:44:33 CET PostStreamBeginLumi
Data is served from fnal.gov instead of original site US-Regional-Nebraska
%MSG
11-Jan-2024 13:44:34 CET  Successfully opened file root://cmsxrootd.fnal.gov//store/mc/RunIISummer20UL16MiniAODv2/QCD_HT500to700_TuneCH3_13TeV-madgraphMLM-herwig7/MINIAODSIM/106X_mcRun2_asymptotic_v17-v2/2810000/DEB2B1FC-449F-3842-A081-699F9677AF79.root
11-Jan-2024 13:44:41 CET  Closed file root://cmsxrootd.fnal.gov//store/mc/RunIISummer20UL16MiniAODv2/QCD_HT500to700_TuneCH3_13TeV-madgraphMLM-herwig7/MINIAODSIM/106X_mcRun2_asymptotic_v17-v2/2810000/DEB2B1FC-449F-3842-A081-699F9677AF79.root
11-Jan-2024 13:44:41 CET  Initiating request to open file root://cmsxrootd.fnal.gov//store/mc/RunIISummer20UL16MiniAODv2/QCD_HT500to700_TuneCH3_13TeV-madgraphMLM-herwig7/MINIAODSIM/106X_mcRun2_asymptotic_v17-v2/2810000/EFE1E1C5-99B7-4C42-96D3-0B12A5856146.root
%MSG-w XrdAdaptor:  file_open 11-Jan-2024 13:44:45 CET PostStreamBeginLumi
Data is served from cms.rcac.purdue.edu instead of original site US-Regional-Nebraska
%MSG
11-Jan-2024 13:44:46 CET  Successfully opened file root://cmsxrootd.fnal.gov//store/mc/RunIISummer20UL16MiniAODv2/QCD_HT500to700_TuneCH3_13TeV-madgraphMLM-herwig7/MINIAODSIM/106X_mcRun2_asymptotic_v17-v2/2810000/EFE1E1C5-99B7-4C42-96D3-0B12A5856146.root
11-Jan-2024 13:44:52 CET  Closed file root://cmsxrootd.fnal.gov//store/mc/RunIISummer20UL16MiniAODv2/QCD_HT500to700_TuneCH3_13TeV-madgraphMLM-herwig7/MINIAODSIM/106X_mcRun2_asymptotic_v17-v2/2810000/EFE1E1C5-99B7-4C42-96D3-0B12A5856146.root
11-Jan-2024 13:44:52 CET  Initiating request to open file root://cmsxrootd.fnal.gov//store/mc/RunIISummer20UL16MiniAODv2/QCD_HT500to700_TuneCH3_13TeV-madgraphMLM-herwig7/MINIAODSIM/106X_mcRun2_asymptotic_v17-v2/2810000/DCFC05FB-B9E0-934F-BD68-C76797DC4FB2.root
%MSG-w XrdAdaptor:  file_open 11-Jan-2024 13:44:55 CET PostStreamBeginLumi
Data is served from fnal.gov instead of original site US-Regional-Nebraska
%MSG
11-Jan-2024 13:44:55 CET  Successfully opened file root://cmsxrootd.fnal.gov//store/mc/RunIISummer20UL16MiniAODv2/QCD_HT500to700_TuneCH3_13TeV-madgraphMLM-herwig7/MINIAODSIM/106X_mcRun2_asymptotic_v17-v2/2810000/DCFC05FB-B9E0-934F-BD68-C76797DC4FB2.root
11-Jan-2024 13:45:01 CET  Closed file root://cmsxrootd.fnal.gov//store/mc/RunIISummer20UL16MiniAODv2/QCD_HT500to700_TuneCH3_13TeV-madgraphMLM-herwig7/MINIAODSIM/106X_mcRun2_asymptotic_v17-v2/2810000/DCFC05FB-B9E0-934F-BD68-C76797DC4FB2.root
11-Jan-2024 13:45:01 CET  Initiating request to open file root://cmsxrootd.fnal.gov//store/mc/RunIISummer20UL16MiniAODv2/QCD_HT500to700_TuneCH3_13TeV-madgraphMLM-herwig7/MINIAODSIM/106X_mcRun2_asymptotic_v17-v2/2810000/307E6854-01EA-9C48-85EB-C3ADF7F7CECC.root
%MSG-w XrdAdaptor:  file_open 11-Jan-2024 13:45:03 CET PostStreamBeginLumi
Data is served from fnal.gov instead of original site US-Regional-Nebraska
%MSG
11-Jan-2024 13:45:04 CET  Successfully opened file root://cmsxrootd.fnal.gov//store/mc/RunIISummer20UL16MiniAODv2/QCD_HT500to700_TuneCH3_13TeV-madgraphMLM-herwig7/MINIAODSIM/106X_mcRun2_asymptotic_v17-v2/2810000/307E6854-01EA-9C48-85EB-C3ADF7F7CECC.root
11-Jan-2024 13:45:13 CET  Closed file root://cmsxrootd.fnal.gov//store/mc/RunIISummer20UL16MiniAODv2/QCD_HT500to700_TuneCH3_13TeV-madgraphMLM-herwig7/MINIAODSIM/106X_mcRun2_asymptotic_v17-v2/2810000/307E6854-01EA-9C48-85EB-C3ADF7F7CECC.root
11-Jan-2024 13:45:13 CET  Initiating request to open file root://cmsxrootd.fnal.gov//store/mc/RunIISummer20UL16MiniAODv2/QCD_HT500to700_TuneCH3_13TeV-madgraphMLM-herwig7/MINIAODSIM/106X_mcRun2_asymptotic_v17-v2/2810000/0C365B8A-0434-574C-BF60-CC473BFDCC22.root
%MSG-w XrdAdaptor:  file_open 11-Jan-2024 13:45:15 CET PostStreamBeginLumi
Data is served from T2_US_Caltech instead of original site US-Regional-Nebraska
%MSG
11-Jan-2024 13:45:16 CET  Successfully opened file root://cmsxrootd.fnal.gov//store/mc/RunIISummer20UL16MiniAODv2/QCD_HT500to700_TuneCH3_13TeV-madgraphMLM-herwig7/MINIAODSIM/106X_mcRun2_asymptotic_v17-v2/2810000/0C365B8A-0434-574C-BF60-CC473BFDCC22.root
11-Jan-2024 13:45:27 CET  Closed file root://cmsxrootd.fnal.gov//store/mc/RunIISummer20UL16MiniAODv2/QCD_HT500to700_TuneCH3_13TeV-madgraphMLM-herwig7/MINIAODSIM/106X_mcRun2_asymptotic_v17-v2/2810000/0C365B8A-0434-574C-BF60-CC473BFDCC22.root
11-Jan-2024 13:45:27 CET  Initiating request to open file root://cmsxrootd.fnal.gov//store/mc/RunIISummer20UL16MiniAODv2/QCD_HT500to700_TuneCH3_13TeV-madgraphMLM-herwig7/MINIAODSIM/106X_mcRun2_asymptotic_v17-v2/2810000/39923FA2-EDCC-FB42-8D01-6D092BC072EC.root
%MSG-w XrdAdaptor:  file_open 11-Jan-2024 13:45:31 CET PostStreamBeginLumi
Data is served from T2_US_Wisconsin instead of original site US-Regional-Nebraska
%MSG
11-Jan-2024 13:45:32 CET  Successfully opened file root://cmsxrootd.fnal.gov//store/mc/RunIISummer20UL16MiniAODv2/QCD_HT500to700_TuneCH3_13TeV-madgraphMLM-herwig7/MINIAODSIM/106X_mcRun2_asymptotic_v17-v2/2810000/39923FA2-EDCC-FB42-8D01-6D092BC072EC.root
Begin processing the 500001st record. Run 1, Event 924338, LumiSection 2433 on stream 0 at 11-Jan-2024 13:45:39.136 CET
  83230.510000   1050.550000    110.490900             1
  14621.340000    313.519700    110.490900             0
 238040.500000   1473.763000    110.490900             2
 
11-Jan-2024 13:45:39 CET  Closed file root://cmsxrootd.fnal.gov//store/mc/RunIISummer20UL16MiniAODv2/QCD_HT500to700_TuneCH3_13TeV-madgraphMLM-herwig7/MINIAODSIM/106X_mcRun2_asymptotic_v17-v2/2810000/39923FA2-EDCC-FB42-8D01-6D092BC072EC.root

------------------------------------
GenXsecAnalyzer:
------------------------------------
Before Filter: total cross section = 2.963e+01 +- 6.669e-02 pb
Filter efficiency (taking into account weights)= (511149) / (511149) = 1.000e+00 +- 0.000e+00
Filter efficiency (event-level)= (511149) / (511149) = 1.000e+00 +- 0.000e+00    [TO BE USED IN MCM]

After filter: final cross section = 2.963e+01 +- 6.669e-02 pb
After filter: final fraction of events with negative weights = 0.000e+00 +- 0.000e+00
After filter: final equivalent lumi for 1M events (1/fb) = 3.375e+01 +- 8.311e-02

=============================================

MessageLogger Summary

 type     category        sev    module        subroutine        count    total
 ---- -------------------- -- ---------------- ----------------  -----    -----
    1 GenXSecAnalyzer      -w GenXSecAnalyzer:                       7        7
    2 XrdAdaptor           -w file_open                             44       44
    3 fileAction           -s file_close                            45       45
    4 fileAction           -s file_open                             90       90

 type    category    Examples: run/evt        run/evt          run/evt
 ---- -------------------- ---------------- ---------------- ----------------
    1 GenXSecAnalyzer      PostGlobalEndRun PostGlobalEndRun PostGlobalEndRun
    2 XrdAdaptor           PostStreamBeginL PostStreamBeginL PostStreamBeginL
    3 fileAction           PostStreamBeginL PostStreamBeginL PostGlobalEndRun
    4 fileAction           pre-events       pre-events       PostStreamBeginL

Severity    # Occurrences   Total Occurrences
--------    -------------   -----------------
Warning                51                  51
System                135                 135

dropped waiting message count 0
