05-Oct-2023 08:26:52 CEST  Initiating request to open file root://eospublic.cern.ch//eos/opendata/cms/mc/RunIIFall15MiniAODv2/QCD_bEnriched_HT1500to2000_TuneCUETP8M1_13TeV-madgraphMLM-pythia8/MINIAODSIM/PU25nsData2015v1_76X_mcRun2_asymptotic_v12-v1/80000/00344DF7-4E3C-E611-836C-0242AC130003.root
%MSG-w XrdAdaptor:  file_open 05-Oct-2023 08:26:53 CEST pre-events
Data is served from cern.ch instead of original site eospublic
%MSG
05-Oct-2023 08:26:54 CEST  Successfully opened file root://eospublic.cern.ch//eos/opendata/cms/mc/RunIIFall15MiniAODv2/QCD_bEnriched_HT1500to2000_TuneCUETP8M1_13TeV-madgraphMLM-pythia8/MINIAODSIM/PU25nsData2015v1_76X_mcRun2_asymptotic_v12-v1/80000/00344DF7-4E3C-E611-836C-0242AC130003.root
Begin processing the 1st record. Run 1, Event 626819, LumiSection 264 at 05-Oct-2023 08:26:55.427 CEST
05-Oct-2023 08:26:55 CEST  Closed file root://eospublic.cern.ch//eos/opendata/cms/mc/RunIIFall15MiniAODv2/QCD_bEnriched_HT1500to2000_TuneCUETP8M1_13TeV-madgraphMLM-pythia8/MINIAODSIM/PU25nsData2015v1_76X_mcRun2_asymptotic_v12-v1/80000/00344DF7-4E3C-E611-836C-0242AC130003.root
05-Oct-2023 08:26:55 CEST  Initiating request to open file root://eospublic.cern.ch//eos/opendata/cms/mc/RunIIFall15MiniAODv2/QCD_bEnriched_HT1500to2000_TuneCUETP8M1_13TeV-madgraphMLM-pythia8/MINIAODSIM/PU25nsData2015v1_76X_mcRun2_asymptotic_v12-v1/80000/12AD2B2B-403A-E611-B0CF-0025905B85FE.root
%MSG-w XrdAdaptor:  file_open 05-Oct-2023 08:26:55 CEST PostProcessEvent
Data is served from cern.ch instead of original site eospublic
%MSG
05-Oct-2023 08:26:55 CEST  Successfully opened file root://eospublic.cern.ch//eos/opendata/cms/mc/RunIIFall15MiniAODv2/QCD_bEnriched_HT1500to2000_TuneCUETP8M1_13TeV-madgraphMLM-pythia8/MINIAODSIM/PU25nsData2015v1_76X_mcRun2_asymptotic_v12-v1/80000/12AD2B2B-403A-E611-B0CF-0025905B85FE.root
05-Oct-2023 08:26:56 CEST  Closed file root://eospublic.cern.ch//eos/opendata/cms/mc/RunIIFall15MiniAODv2/QCD_bEnriched_HT1500to2000_TuneCUETP8M1_13TeV-madgraphMLM-pythia8/MINIAODSIM/PU25nsData2015v1_76X_mcRun2_asymptotic_v12-v1/80000/12AD2B2B-403A-E611-B0CF-0025905B85FE.root
05-Oct-2023 08:26:56 CEST  Initiating request to open file root://eospublic.cern.ch//eos/opendata/cms/mc/RunIIFall15MiniAODv2/QCD_bEnriched_HT1500to2000_TuneCUETP8M1_13TeV-madgraphMLM-pythia8/MINIAODSIM/PU25nsData2015v1_76X_mcRun2_asymptotic_v12-v1/80000/2206BBF0-E436-E611-9A9E-20CF3027A5BB.root
%MSG-w XrdAdaptor:  file_open 05-Oct-2023 08:26:56 CEST PostProcessEvent
Data is served from cern.ch instead of original site eospublic
%MSG
05-Oct-2023 08:26:56 CEST  Successfully opened file root://eospublic.cern.ch//eos/opendata/cms/mc/RunIIFall15MiniAODv2/QCD_bEnriched_HT1500to2000_TuneCUETP8M1_13TeV-madgraphMLM-pythia8/MINIAODSIM/PU25nsData2015v1_76X_mcRun2_asymptotic_v12-v1/80000/2206BBF0-E436-E611-9A9E-20CF3027A5BB.root
05-Oct-2023 08:26:57 CEST  Closed file root://eospublic.cern.ch//eos/opendata/cms/mc/RunIIFall15MiniAODv2/QCD_bEnriched_HT1500to2000_TuneCUETP8M1_13TeV-madgraphMLM-pythia8/MINIAODSIM/PU25nsData2015v1_76X_mcRun2_asymptotic_v12-v1/80000/2206BBF0-E436-E611-9A9E-20CF3027A5BB.root
05-Oct-2023 08:26:57 CEST  Initiating request to open file root://eospublic.cern.ch//eos/opendata/cms/mc/RunIIFall15MiniAODv2/QCD_bEnriched_HT1500to2000_TuneCUETP8M1_13TeV-madgraphMLM-pythia8/MINIAODSIM/PU25nsData2015v1_76X_mcRun2_asymptotic_v12-v1/80000/36AFA6CE-E635-E611-B86A-44A8423DE404.root
%MSG-w XrdAdaptor:  file_open 05-Oct-2023 08:26:57 CEST PostProcessEvent
Data is served from cern.ch instead of original site eospublic
%MSG
05-Oct-2023 08:26:57 CEST  Successfully opened file root://eospublic.cern.ch//eos/opendata/cms/mc/RunIIFall15MiniAODv2/QCD_bEnriched_HT1500to2000_TuneCUETP8M1_13TeV-madgraphMLM-pythia8/MINIAODSIM/PU25nsData2015v1_76X_mcRun2_asymptotic_v12-v1/80000/36AFA6CE-E635-E611-B86A-44A8423DE404.root
05-Oct-2023 08:26:59 CEST  Closed file root://eospublic.cern.ch//eos/opendata/cms/mc/RunIIFall15MiniAODv2/QCD_bEnriched_HT1500to2000_TuneCUETP8M1_13TeV-madgraphMLM-pythia8/MINIAODSIM/PU25nsData2015v1_76X_mcRun2_asymptotic_v12-v1/80000/36AFA6CE-E635-E611-B86A-44A8423DE404.root
05-Oct-2023 08:26:59 CEST  Initiating request to open file root://eospublic.cern.ch//eos/opendata/cms/mc/RunIIFall15MiniAODv2/QCD_bEnriched_HT1500to2000_TuneCUETP8M1_13TeV-madgraphMLM-pythia8/MINIAODSIM/PU25nsData2015v1_76X_mcRun2_asymptotic_v12-v1/80000/3C96793F-BB35-E611-8526-001E67DDD22B.root
%MSG-w XrdAdaptor:  file_open 05-Oct-2023 08:26:59 CEST PostProcessEvent
Data is served from cern.ch instead of original site eospublic
%MSG
05-Oct-2023 08:26:59 CEST  Successfully opened file root://eospublic.cern.ch//eos/opendata/cms/mc/RunIIFall15MiniAODv2/QCD_bEnriched_HT1500to2000_TuneCUETP8M1_13TeV-madgraphMLM-pythia8/MINIAODSIM/PU25nsData2015v1_76X_mcRun2_asymptotic_v12-v1/80000/3C96793F-BB35-E611-8526-001E67DDD22B.root
05-Oct-2023 08:27:00 CEST  Closed file root://eospublic.cern.ch//eos/opendata/cms/mc/RunIIFall15MiniAODv2/QCD_bEnriched_HT1500to2000_TuneCUETP8M1_13TeV-madgraphMLM-pythia8/MINIAODSIM/PU25nsData2015v1_76X_mcRun2_asymptotic_v12-v1/80000/3C96793F-BB35-E611-8526-001E67DDD22B.root
05-Oct-2023 08:27:00 CEST  Initiating request to open file root://eospublic.cern.ch//eos/opendata/cms/mc/RunIIFall15MiniAODv2/QCD_bEnriched_HT1500to2000_TuneCUETP8M1_13TeV-madgraphMLM-pythia8/MINIAODSIM/PU25nsData2015v1_76X_mcRun2_asymptotic_v12-v1/80000/5AFAC07E-6D3E-E611-85BE-0CC47ABAC0CE.root
%MSG-w XrdAdaptor:  file_open 05-Oct-2023 08:27:00 CEST PostProcessEvent
Data is served from cern.ch instead of original site eospublic
%MSG
05-Oct-2023 08:27:00 CEST  Successfully opened file root://eospublic.cern.ch//eos/opendata/cms/mc/RunIIFall15MiniAODv2/QCD_bEnriched_HT1500to2000_TuneCUETP8M1_13TeV-madgraphMLM-pythia8/MINIAODSIM/PU25nsData2015v1_76X_mcRun2_asymptotic_v12-v1/80000/5AFAC07E-6D3E-E611-85BE-0CC47ABAC0CE.root
05-Oct-2023 08:27:01 CEST  Closed file root://eospublic.cern.ch//eos/opendata/cms/mc/RunIIFall15MiniAODv2/QCD_bEnriched_HT1500to2000_TuneCUETP8M1_13TeV-madgraphMLM-pythia8/MINIAODSIM/PU25nsData2015v1_76X_mcRun2_asymptotic_v12-v1/80000/5AFAC07E-6D3E-E611-85BE-0CC47ABAC0CE.root
05-Oct-2023 08:27:01 CEST  Initiating request to open file root://eospublic.cern.ch//eos/opendata/cms/mc/RunIIFall15MiniAODv2/QCD_bEnriched_HT1500to2000_TuneCUETP8M1_13TeV-madgraphMLM-pythia8/MINIAODSIM/PU25nsData2015v1_76X_mcRun2_asymptotic_v12-v1/80000/62B96C4D-9C37-E611-93DB-44A8423CF41F.root
%MSG-w XrdAdaptor:  file_open 05-Oct-2023 08:27:01 CEST PostProcessEvent
Data is served from cern.ch instead of original site eospublic
%MSG
05-Oct-2023 08:27:01 CEST  Successfully opened file root://eospublic.cern.ch//eos/opendata/cms/mc/RunIIFall15MiniAODv2/QCD_bEnriched_HT1500to2000_TuneCUETP8M1_13TeV-madgraphMLM-pythia8/MINIAODSIM/PU25nsData2015v1_76X_mcRun2_asymptotic_v12-v1/80000/62B96C4D-9C37-E611-93DB-44A8423CF41F.root
05-Oct-2023 08:27:02 CEST  Closed file root://eospublic.cern.ch//eos/opendata/cms/mc/RunIIFall15MiniAODv2/QCD_bEnriched_HT1500to2000_TuneCUETP8M1_13TeV-madgraphMLM-pythia8/MINIAODSIM/PU25nsData2015v1_76X_mcRun2_asymptotic_v12-v1/80000/62B96C4D-9C37-E611-93DB-44A8423CF41F.root
05-Oct-2023 08:27:02 CEST  Initiating request to open file root://eospublic.cern.ch//eos/opendata/cms/mc/RunIIFall15MiniAODv2/QCD_bEnriched_HT1500to2000_TuneCUETP8M1_13TeV-madgraphMLM-pythia8/MINIAODSIM/PU25nsData2015v1_76X_mcRun2_asymptotic_v12-v1/80000/646CCC9E-6B3E-E611-803A-44A8423CE96E.root
%MSG-w XrdAdaptor:  file_open 05-Oct-2023 08:27:02 CEST PostProcessEvent
Data is served from cern.ch instead of original site eospublic
%MSG
05-Oct-2023 08:27:02 CEST  Successfully opened file root://eospublic.cern.ch//eos/opendata/cms/mc/RunIIFall15MiniAODv2/QCD_bEnriched_HT1500to2000_TuneCUETP8M1_13TeV-madgraphMLM-pythia8/MINIAODSIM/PU25nsData2015v1_76X_mcRun2_asymptotic_v12-v1/80000/646CCC9E-6B3E-E611-803A-44A8423CE96E.root
05-Oct-2023 08:27:02 CEST  Closed file root://eospublic.cern.ch//eos/opendata/cms/mc/RunIIFall15MiniAODv2/QCD_bEnriched_HT1500to2000_TuneCUETP8M1_13TeV-madgraphMLM-pythia8/MINIAODSIM/PU25nsData2015v1_76X_mcRun2_asymptotic_v12-v1/80000/646CCC9E-6B3E-E611-803A-44A8423CE96E.root
05-Oct-2023 08:27:02 CEST  Initiating request to open file root://eospublic.cern.ch//eos/opendata/cms/mc/RunIIFall15MiniAODv2/QCD_bEnriched_HT1500to2000_TuneCUETP8M1_13TeV-madgraphMLM-pythia8/MINIAODSIM/PU25nsData2015v1_76X_mcRun2_asymptotic_v12-v1/80000/A0210067-A936-E611-AD6E-001E67A3EAB1.root
%MSG-w XrdAdaptor:  file_open 05-Oct-2023 08:27:02 CEST PostProcessEvent
Data is served from cern.ch instead of original site eospublic
%MSG
05-Oct-2023 08:27:03 CEST  Successfully opened file root://eospublic.cern.ch//eos/opendata/cms/mc/RunIIFall15MiniAODv2/QCD_bEnriched_HT1500to2000_TuneCUETP8M1_13TeV-madgraphMLM-pythia8/MINIAODSIM/PU25nsData2015v1_76X_mcRun2_asymptotic_v12-v1/80000/A0210067-A936-E611-AD6E-001E67A3EAB1.root
05-Oct-2023 08:27:03 CEST  Closed file root://eospublic.cern.ch//eos/opendata/cms/mc/RunIIFall15MiniAODv2/QCD_bEnriched_HT1500to2000_TuneCUETP8M1_13TeV-madgraphMLM-pythia8/MINIAODSIM/PU25nsData2015v1_76X_mcRun2_asymptotic_v12-v1/80000/A0210067-A936-E611-AD6E-001E67A3EAB1.root
05-Oct-2023 08:27:03 CEST  Initiating request to open file root://eospublic.cern.ch//eos/opendata/cms/mc/RunIIFall15MiniAODv2/QCD_bEnriched_HT1500to2000_TuneCUETP8M1_13TeV-madgraphMLM-pythia8/MINIAODSIM/PU25nsData2015v1_76X_mcRun2_asymptotic_v12-v1/80000/BA41EDAE-503E-E611-AE5E-0CC47A1E089C.root
%MSG-w XrdAdaptor:  file_open 05-Oct-2023 08:27:03 CEST PostProcessEvent
Data is served from cern.ch instead of original site eospublic
%MSG
05-Oct-2023 08:27:03 CEST  Successfully opened file root://eospublic.cern.ch//eos/opendata/cms/mc/RunIIFall15MiniAODv2/QCD_bEnriched_HT1500to2000_TuneCUETP8M1_13TeV-madgraphMLM-pythia8/MINIAODSIM/PU25nsData2015v1_76X_mcRun2_asymptotic_v12-v1/80000/BA41EDAE-503E-E611-AE5E-0CC47A1E089C.root
      1.042559      0.000044      0.001793             0
      8.818010      0.000374      0.001793             1
     44.010477      0.001865      0.001793             2
 
05-Oct-2023 08:27:05 CEST  Closed file root://eospublic.cern.ch//eos/opendata/cms/mc/RunIIFall15MiniAODv2/QCD_bEnriched_HT1500to2000_TuneCUETP8M1_13TeV-madgraphMLM-pythia8/MINIAODSIM/PU25nsData2015v1_76X_mcRun2_asymptotic_v12-v1/80000/BA41EDAE-503E-E611-AE5E-0CC47A1E089C.root

------------------------------------
GenXsecAnalyzer:
------------------------------------
-------------------------------------------------------------------------------------------------------------------------------------------------------------------------- 
Overall cross-section summary 
--------------------------------------------------------------------------------------------------------------------------------------------------------------------------
Process		xsec_before [pb]		passed	nposw	nnegw	tried	nposw	nnegw 	xsec_match [pb]			accepted [%]	 event_eff [%]
0		1.043e+00 +/- 1.195e-04		114	114	0	12120	12120	0	9.808e-03 +/- 9.143e-04		0.9 +/- 0.1	0.9 +/- 0.1
1		8.814e+00 +/- 1.010e-03		515	515	0	102301	102301	0	4.437e-02 +/- 1.950e-03		0.5 +/- 0.0	0.5 +/- 0.0
2		4.401e+01 +/- 5.044e-03		50780	50780	0	508265	508265	0	4.397e+00 +/- 1.852e-02		10.0 +/- 0.0	10.0 +/- 0.0
-------------------------------------------------------------------------------------------------------------------------------------------------------------------------- 
Total		5.387e+01 +/- 5.145e-03		51409	51409	0	622686	622686	0	4.447e+00 +/- 1.879e-02		8.3 +/- 0.0	8.3 +/- 0.0
--------------------------------------------------------------------------------------------------------------------------------------------------------------------------
Before matching: total cross section = 5.387e+01 +- 5.145e-03 pb
After matching: total cross section = 4.447e+00 +- 1.879e-02 pb
Filter efficiency (taking into account weights)= (51409) / (51409) = 1.000e+00 +- 0.000e+00
Filter efficiency (event-level)= (51409) / (51409) = 1.000e+00 +- 0.000e+00
After filter: final cross section = 4.447e+00 +- 1.879e-02 pb

=============================================

MessageLogger Summary

 type     category        sev    module        subroutine        count    total
 ---- -------------------- -- ---------------- ----------------  -----    -----
    1 GenXSecAnalyzer      -w GenXSecAnalyzer:                      14       14
    2 XrdAdaptor           -w file_open                             10       10
    3 fileAction           -s file_close                            10       10
    4 fileAction           -s file_open                             20       20

 type    category    Examples: run/evt        run/evt          run/evt
 ---- -------------------- ---------------- ---------------- ----------------
    1 GenXSecAnalyzer      PostEndRun       PostEndRun       PostEndRun
    2 XrdAdaptor           pre-events       PostProcessEvent PostProcessEvent
    3 fileAction           PostProcessEvent PostProcessEvent PostEndRun
    4 fileAction           pre-events       pre-events       PostProcessEvent

Severity    # Occurrences   Total Occurrences
--------    -------------   -----------------
Warning                24                  24
System                 30                  30
