05-Oct-2023 08:10:49 CEST  Initiating request to open file root://eospublic.cern.ch//eos/opendata/cms/mc/RunIIFall15MiniAODv2/QCDccbar_Pt-15to3000_TuneZ2star_Flat_13TeV_pythia6/MINIAODSIM/PU25nsData2015v1_76X_mcRun2_asymptotic_v12-v1/10000/48062897-2FB8-E511-B980-02163E01441C.root
%MSG-w XrdAdaptor:  file_open 05-Oct-2023 08:10:49 CEST pre-events
Data is served from cern.ch instead of original site eospublic
%MSG
05-Oct-2023 08:10:51 CEST  Successfully opened file root://eospublic.cern.ch//eos/opendata/cms/mc/RunIIFall15MiniAODv2/QCDccbar_Pt-15to3000_TuneZ2star_Flat_13TeV_pythia6/MINIAODSIM/PU25nsData2015v1_76X_mcRun2_asymptotic_v12-v1/10000/48062897-2FB8-E511-B980-02163E01441C.root
Begin processing the 1st record. Run 1, Event 2782, LumiSection 19 at 05-Oct-2023 08:10:52.011 CEST
05-Oct-2023 08:10:54 CEST  Closed file root://eospublic.cern.ch//eos/opendata/cms/mc/RunIIFall15MiniAODv2/QCDccbar_Pt-15to3000_TuneZ2star_Flat_13TeV_pythia6/MINIAODSIM/PU25nsData2015v1_76X_mcRun2_asymptotic_v12-v1/10000/48062897-2FB8-E511-B980-02163E01441C.root
05-Oct-2023 08:10:54 CEST  Initiating request to open file root://eospublic.cern.ch//eos/opendata/cms/mc/RunIIFall15MiniAODv2/QCDccbar_Pt-15to3000_TuneZ2star_Flat_13TeV_pythia6/MINIAODSIM/PU25nsData2015v1_76X_mcRun2_asymptotic_v12-v1/10000/BC75C89A-2FB8-E511-AA48-02163E016AC9.root
%MSG-w XrdAdaptor:  file_open 05-Oct-2023 08:10:54 CEST PostProcessEvent
Data is served from cern.ch instead of original site eospublic
%MSG
05-Oct-2023 08:10:54 CEST  Successfully opened file root://eospublic.cern.ch//eos/opendata/cms/mc/RunIIFall15MiniAODv2/QCDccbar_Pt-15to3000_TuneZ2star_Flat_13TeV_pythia6/MINIAODSIM/PU25nsData2015v1_76X_mcRun2_asymptotic_v12-v1/10000/BC75C89A-2FB8-E511-AA48-02163E016AC9.root
05-Oct-2023 08:10:57 CEST  Closed file root://eospublic.cern.ch//eos/opendata/cms/mc/RunIIFall15MiniAODv2/QCDccbar_Pt-15to3000_TuneZ2star_Flat_13TeV_pythia6/MINIAODSIM/PU25nsData2015v1_76X_mcRun2_asymptotic_v12-v1/10000/BC75C89A-2FB8-E511-AA48-02163E016AC9.root
05-Oct-2023 08:10:57 CEST  Initiating request to open file root://eospublic.cern.ch//eos/opendata/cms/mc/RunIIFall15MiniAODv2/QCDccbar_Pt-15to3000_TuneZ2star_Flat_13TeV_pythia6/MINIAODSIM/PU25nsData2015v1_76X_mcRun2_asymptotic_v12-v1/10000/D4178A83-2FB8-E511-9850-02163E0179C3.root
%MSG-w XrdAdaptor:  file_open 05-Oct-2023 08:10:57 CEST PostProcessEvent
Data is served from cern.ch instead of original site eospublic
%MSG
05-Oct-2023 08:10:57 CEST  Successfully opened file root://eospublic.cern.ch//eos/opendata/cms/mc/RunIIFall15MiniAODv2/QCDccbar_Pt-15to3000_TuneZ2star_Flat_13TeV_pythia6/MINIAODSIM/PU25nsData2015v1_76X_mcRun2_asymptotic_v12-v1/10000/D4178A83-2FB8-E511-9850-02163E0179C3.root
05-Oct-2023 08:10:58 CEST  Closed file root://eospublic.cern.ch//eos/opendata/cms/mc/RunIIFall15MiniAODv2/QCDccbar_Pt-15to3000_TuneZ2star_Flat_13TeV_pythia6/MINIAODSIM/PU25nsData2015v1_76X_mcRun2_asymptotic_v12-v1/10000/D4178A83-2FB8-E511-9850-02163E0179C3.root

------------------------------------
GenXsecAnalyzer:
------------------------------------
Before Filtrer: total cross section = 3.116e+08 +- 0.000e+00 pb
Filter efficiency (taking into account weights)= (97837) / (97837) = 1.000e+00 +- 0.000e+00
Filter efficiency (event-level)= (97837) / (97837) = 1.000e+00 +- 0.000e+00
After filter: final cross section = 3.116e+08 +- 0.000e+00 pb

=============================================

MessageLogger Summary

 type     category        sev    module        subroutine        count    total
 ---- -------------------- -- ---------------- ----------------  -----    -----
    1 GenXSecAnalyzer      -w GenXSecAnalyzer:                       5        5
    2 XrdAdaptor           -w file_open                              3        3
    3 fileAction           -s file_close                             3        3
    4 fileAction           -s file_open                              6        6

 type    category    Examples: run/evt        run/evt          run/evt
 ---- -------------------- ---------------- ---------------- ----------------
    1 GenXSecAnalyzer      PostEndRun       PostEndRun       PostEndRun
    2 XrdAdaptor           pre-events       PostProcessEvent PostProcessEvent
    3 fileAction           PostProcessEvent PostProcessEvent PostEndRun
    4 fileAction           pre-events       pre-events       PostProcessEvent

Severity    # Occurrences   Total Occurrences
--------    -------------   -----------------
Warning                 8                   8
System                  9                   9
