19-Oct-2023 13:52:47 CEST  Initiating request to open file root://eospublic.cern.ch//eos/opendata/cms/mc/RunIIFall15MiniAODv2/WWTo2L2Nu_Mll_1200To2500_13TeV-powheg/MINIAODSIM/PU25nsData2015v1_76X_mcRun2_asymptotic_v12-v1/00000/2200D523-94D7-E511-AA73-02163E01328A.root
%MSG-w XrdAdaptor:  file_open 19-Oct-2023 13:52:47 CEST pre-events
Data is served from cern.ch instead of original site eospublic
%MSG
19-Oct-2023 13:52:49 CEST  Successfully opened file root://eospublic.cern.ch//eos/opendata/cms/mc/RunIIFall15MiniAODv2/WWTo2L2Nu_Mll_1200To2500_13TeV-powheg/MINIAODSIM/PU25nsData2015v1_76X_mcRun2_asymptotic_v12-v1/00000/2200D523-94D7-E511-AA73-02163E01328A.root
Begin processing the 1st record. Run 1, Event 26401, LumiSection 133 at 19-Oct-2023 13:52:51.074 CEST
19-Oct-2023 13:52:55 CEST  Closed file root://eospublic.cern.ch//eos/opendata/cms/mc/RunIIFall15MiniAODv2/WWTo2L2Nu_Mll_1200To2500_13TeV-powheg/MINIAODSIM/PU25nsData2015v1_76X_mcRun2_asymptotic_v12-v1/00000/2200D523-94D7-E511-AA73-02163E01328A.root
19-Oct-2023 13:52:55 CEST  Initiating request to open file root://eospublic.cern.ch//eos/opendata/cms/mc/RunIIFall15MiniAODv2/WWTo2L2Nu_Mll_1200To2500_13TeV-powheg/MINIAODSIM/PU25nsData2015v1_76X_mcRun2_asymptotic_v12-v1/00000/56826A37-D0D7-E511-9EAB-02163E0134F7.root
%MSG-w XrdAdaptor:  file_open 19-Oct-2023 13:52:55 CEST PostProcessEvent
Data is served from cern.ch instead of original site eospublic
%MSG
19-Oct-2023 13:52:55 CEST  Successfully opened file root://eospublic.cern.ch//eos/opendata/cms/mc/RunIIFall15MiniAODv2/WWTo2L2Nu_Mll_1200To2500_13TeV-powheg/MINIAODSIM/PU25nsData2015v1_76X_mcRun2_asymptotic_v12-v1/00000/56826A37-D0D7-E511-9EAB-02163E0134F7.root
19-Oct-2023 13:52:56 CEST  Closed file root://eospublic.cern.ch//eos/opendata/cms/mc/RunIIFall15MiniAODv2/WWTo2L2Nu_Mll_1200To2500_13TeV-powheg/MINIAODSIM/PU25nsData2015v1_76X_mcRun2_asymptotic_v12-v1/00000/56826A37-D0D7-E511-9EAB-02163E0134F7.root
19-Oct-2023 13:52:56 CEST  Initiating request to open file root://eospublic.cern.ch//eos/opendata/cms/mc/RunIIFall15MiniAODv2/WWTo2L2Nu_Mll_1200To2500_13TeV-powheg/MINIAODSIM/PU25nsData2015v1_76X_mcRun2_asymptotic_v12-v1/00000/5C1AB733-ADD7-E511-B977-2C600CAFEE76.root
%MSG-w XrdAdaptor:  file_open 19-Oct-2023 13:52:56 CEST PostProcessEvent
Data is served from cern.ch instead of original site eospublic
%MSG
19-Oct-2023 13:52:56 CEST  Successfully opened file root://eospublic.cern.ch//eos/opendata/cms/mc/RunIIFall15MiniAODv2/WWTo2L2Nu_Mll_1200To2500_13TeV-powheg/MINIAODSIM/PU25nsData2015v1_76X_mcRun2_asymptotic_v12-v1/00000/5C1AB733-ADD7-E511-B977-2C600CAFEE76.root
19-Oct-2023 13:53:01 CEST  Closed file root://eospublic.cern.ch//eos/opendata/cms/mc/RunIIFall15MiniAODv2/WWTo2L2Nu_Mll_1200To2500_13TeV-powheg/MINIAODSIM/PU25nsData2015v1_76X_mcRun2_asymptotic_v12-v1/00000/5C1AB733-ADD7-E511-B977-2C600CAFEE76.root
19-Oct-2023 13:53:01 CEST  Initiating request to open file root://eospublic.cern.ch//eos/opendata/cms/mc/RunIIFall15MiniAODv2/WWTo2L2Nu_Mll_1200To2500_13TeV-powheg/MINIAODSIM/PU25nsData2015v1_76X_mcRun2_asymptotic_v12-v1/00000/7886DA83-89D7-E511-92D1-00261894383B.root
%MSG-w XrdAdaptor:  file_open 19-Oct-2023 13:53:01 CEST PostProcessEvent
Data is served from cern.ch instead of original site eospublic
%MSG
19-Oct-2023 13:53:01 CEST  Successfully opened file root://eospublic.cern.ch//eos/opendata/cms/mc/RunIIFall15MiniAODv2/WWTo2L2Nu_Mll_1200To2500_13TeV-powheg/MINIAODSIM/PU25nsData2015v1_76X_mcRun2_asymptotic_v12-v1/00000/7886DA83-89D7-E511-92D1-00261894383B.root
Begin processing the 100001st record. Run 1, Event 2801, LumiSection 15 at 19-Oct-2023 13:53:03.292 CEST
19-Oct-2023 13:53:05 CEST  Closed file root://eospublic.cern.ch//eos/opendata/cms/mc/RunIIFall15MiniAODv2/WWTo2L2Nu_Mll_1200To2500_13TeV-powheg/MINIAODSIM/PU25nsData2015v1_76X_mcRun2_asymptotic_v12-v1/00000/7886DA83-89D7-E511-92D1-00261894383B.root
19-Oct-2023 13:53:05 CEST  Initiating request to open file root://eospublic.cern.ch//eos/opendata/cms/mc/RunIIFall15MiniAODv2/WWTo2L2Nu_Mll_1200To2500_13TeV-powheg/MINIAODSIM/PU25nsData2015v1_76X_mcRun2_asymptotic_v12-v1/00000/BC392519-D0D7-E511-912F-00261894388F.root
%MSG-w XrdAdaptor:  file_open 19-Oct-2023 13:53:05 CEST PostProcessEvent
Data is served from cern.ch instead of original site eospublic
%MSG
19-Oct-2023 13:53:05 CEST  Successfully opened file root://eospublic.cern.ch//eos/opendata/cms/mc/RunIIFall15MiniAODv2/WWTo2L2Nu_Mll_1200To2500_13TeV-powheg/MINIAODSIM/PU25nsData2015v1_76X_mcRun2_asymptotic_v12-v1/00000/BC392519-D0D7-E511-912F-00261894388F.root
19-Oct-2023 13:53:07 CEST  Closed file root://eospublic.cern.ch//eos/opendata/cms/mc/RunIIFall15MiniAODv2/WWTo2L2Nu_Mll_1200To2500_13TeV-powheg/MINIAODSIM/PU25nsData2015v1_76X_mcRun2_asymptotic_v12-v1/00000/BC392519-D0D7-E511-912F-00261894388F.root
19-Oct-2023 13:53:07 CEST  Initiating request to open file root://eospublic.cern.ch//eos/opendata/cms/mc/RunIIFall15MiniAODv2/WWTo2L2Nu_Mll_1200To2500_13TeV-powheg/MINIAODSIM/PU25nsData2015v1_76X_mcRun2_asymptotic_v12-v1/00000/D8F18401-87D7-E511-BF34-02163E00F364.root
%MSG-w XrdAdaptor:  file_open 19-Oct-2023 13:53:07 CEST PostProcessEvent
Data is served from cern.ch instead of original site eospublic
%MSG
19-Oct-2023 13:53:07 CEST  Successfully opened file root://eospublic.cern.ch//eos/opendata/cms/mc/RunIIFall15MiniAODv2/WWTo2L2Nu_Mll_1200To2500_13TeV-powheg/MINIAODSIM/PU25nsData2015v1_76X_mcRun2_asymptotic_v12-v1/00000/D8F18401-87D7-E511-BF34-02163E00F364.root
19-Oct-2023 13:53:10 CEST  Closed file root://eospublic.cern.ch//eos/opendata/cms/mc/RunIIFall15MiniAODv2/WWTo2L2Nu_Mll_1200To2500_13TeV-powheg/MINIAODSIM/PU25nsData2015v1_76X_mcRun2_asymptotic_v12-v1/00000/D8F18401-87D7-E511-BF34-02163E00F364.root
19-Oct-2023 13:53:10 CEST  Initiating request to open file root://eospublic.cern.ch//eos/opendata/cms/mc/RunIIFall15MiniAODv2/WWTo2L2Nu_Mll_1200To2500_13TeV-powheg/MINIAODSIM/PU25nsData2015v1_76X_mcRun2_asymptotic_v12-v1/00000/EEBE9857-8FD7-E511-9373-02163E00ADB2.root
%MSG-w XrdAdaptor:  file_open 19-Oct-2023 13:53:10 CEST PostProcessEvent
Data is served from cern.ch instead of original site eospublic
%MSG
19-Oct-2023 13:53:10 CEST  Successfully opened file root://eospublic.cern.ch//eos/opendata/cms/mc/RunIIFall15MiniAODv2/WWTo2L2Nu_Mll_1200To2500_13TeV-powheg/MINIAODSIM/PU25nsData2015v1_76X_mcRun2_asymptotic_v12-v1/00000/EEBE9857-8FD7-E511-9373-02163E00ADB2.root
19-Oct-2023 13:53:15 CEST  Closed file root://eospublic.cern.ch//eos/opendata/cms/mc/RunIIFall15MiniAODv2/WWTo2L2Nu_Mll_1200To2500_13TeV-powheg/MINIAODSIM/PU25nsData2015v1_76X_mcRun2_asymptotic_v12-v1/00000/EEBE9857-8FD7-E511-9373-02163E00ADB2.root

------------------------------------
GenXsecAnalyzer:
------------------------------------
-------------------------------------------------------------------------------------------------------------------------------------------------------------------------- 
Overall cross-section summary 
--------------------------------------------------------------------------------------------------------------------------------------------------------------------------
Process		xsec_before [pb]		passed	nposw	nnegw	tried	nposw	nnegw 	xsec_match [pb]			accepted [%]	 event_eff [%]
-------------------------------------------------------------------------------------------------------------------------------------------------------------------------- 
Total		1.048e+01 +/- 8.367e-03		396600	396600	0	396600	396600	0	1.048e+01 +/- 8.367e-03		100.0 +/- 0.0	100.0 +/- 0.0
--------------------------------------------------------------------------------------------------------------------------------------------------------------------------
Before matching: total cross section = 1.048e+01 +- 8.367e-03 pb
After matching: total cross section = 1.048e+01 +- 8.367e-03 pb
Filter efficiency (taking into account weights)= (198400) / (198400) = 1.000e+00 +- 0.000e+00
Filter efficiency (event-level)= (198400) / (198400) = 1.000e+00 +- 0.000e+00
After filter: final cross section = 1.048e+01 +- 8.367e-03 pb

=============================================

MessageLogger Summary

 type     category        sev    module        subroutine        count    total
 ---- -------------------- -- ---------------- ----------------  -----    -----
    1 GenXSecAnalyzer      -w GenXSecAnalyzer:                      11       11
    2 XrdAdaptor           -w file_open                              7        7
    3 fileAction           -s file_close                             7        7
    4 fileAction           -s file_open                             14       14

 type    category    Examples: run/evt        run/evt          run/evt
 ---- -------------------- ---------------- ---------------- ----------------
    1 GenXSecAnalyzer      PostEndRun       PostEndRun       PostEndRun
    2 XrdAdaptor           pre-events       PostProcessEvent PostProcessEvent
    3 fileAction           PostProcessEvent PostProcessEvent PostEndRun
    4 fileAction           pre-events       pre-events       PostProcessEvent

Severity    # Occurrences   Total Occurrences
--------    -------------   -----------------
Warning                18                  18
System                 21                  21
