18-Oct-2023 22:24:21 CEST  Initiating request to open file root://eospublic.cern.ch//eos/opendata/cms/mc/RunIIFall15MiniAODv2/WToMuNu_M-3000_TuneCUETP8M1_13TeV-pythia8/MINIAODSIM/PU25nsData2015v1_76X_mcRun2_asymptotic_v12-v1/60000/12FF5C56-87B8-E511-B4E0-001E67398683.root
%MSG-w XrdAdaptor:  file_open 18-Oct-2023 22:24:32 CEST pre-events
Data is served from cern.ch instead of original site eospublic
%MSG
18-Oct-2023 22:25:07 CEST  Successfully opened file root://eospublic.cern.ch//eos/opendata/cms/mc/RunIIFall15MiniAODv2/WToMuNu_M-3000_TuneCUETP8M1_13TeV-pythia8/MINIAODSIM/PU25nsData2015v1_76X_mcRun2_asymptotic_v12-v1/60000/12FF5C56-87B8-E511-B4E0-001E67398683.root
Begin processing the 1st record. Run 1, Event 485774, LumiSection 2813 at 18-Oct-2023 22:25:09.368 CEST
18-Oct-2023 22:25:12 CEST  Closed file root://eospublic.cern.ch//eos/opendata/cms/mc/RunIIFall15MiniAODv2/WToMuNu_M-3000_TuneCUETP8M1_13TeV-pythia8/MINIAODSIM/PU25nsData2015v1_76X_mcRun2_asymptotic_v12-v1/60000/12FF5C56-87B8-E511-B4E0-001E67398683.root
18-Oct-2023 22:25:12 CEST  Initiating request to open file root://eospublic.cern.ch//eos/opendata/cms/mc/RunIIFall15MiniAODv2/WToMuNu_M-3000_TuneCUETP8M1_13TeV-pythia8/MINIAODSIM/PU25nsData2015v1_76X_mcRun2_asymptotic_v12-v1/60000/1490D653-87B8-E511-A2C1-001E67398CA0.root
%MSG-w XrdAdaptor:  file_open 18-Oct-2023 22:25:12 CEST PostProcessEvent
Data is served from cern.ch instead of original site eospublic
%MSG
18-Oct-2023 22:25:12 CEST  Successfully opened file root://eospublic.cern.ch//eos/opendata/cms/mc/RunIIFall15MiniAODv2/WToMuNu_M-3000_TuneCUETP8M1_13TeV-pythia8/MINIAODSIM/PU25nsData2015v1_76X_mcRun2_asymptotic_v12-v1/60000/1490D653-87B8-E511-A2C1-001E67398CA0.root
18-Oct-2023 22:25:16 CEST  Closed file root://eospublic.cern.ch//eos/opendata/cms/mc/RunIIFall15MiniAODv2/WToMuNu_M-3000_TuneCUETP8M1_13TeV-pythia8/MINIAODSIM/PU25nsData2015v1_76X_mcRun2_asymptotic_v12-v1/60000/1490D653-87B8-E511-A2C1-001E67398CA0.root
18-Oct-2023 22:25:16 CEST  Initiating request to open file root://eospublic.cern.ch//eos/opendata/cms/mc/RunIIFall15MiniAODv2/WToMuNu_M-3000_TuneCUETP8M1_13TeV-pythia8/MINIAODSIM/PU25nsData2015v1_76X_mcRun2_asymptotic_v12-v1/60000/1A690E56-87B8-E511-AB05-001E67396761.root
%MSG-w XrdAdaptor:  file_open 18-Oct-2023 22:25:16 CEST PostProcessEvent
Data is served from cern.ch instead of original site eospublic
%MSG
18-Oct-2023 22:25:16 CEST  Successfully opened file root://eospublic.cern.ch//eos/opendata/cms/mc/RunIIFall15MiniAODv2/WToMuNu_M-3000_TuneCUETP8M1_13TeV-pythia8/MINIAODSIM/PU25nsData2015v1_76X_mcRun2_asymptotic_v12-v1/60000/1A690E56-87B8-E511-AB05-001E67396761.root
Begin processing the 100001st record. Run 1, Event 344397, LumiSection 1994 at 18-Oct-2023 22:25:20.042 CEST
18-Oct-2023 22:25:20 CEST  Closed file root://eospublic.cern.ch//eos/opendata/cms/mc/RunIIFall15MiniAODv2/WToMuNu_M-3000_TuneCUETP8M1_13TeV-pythia8/MINIAODSIM/PU25nsData2015v1_76X_mcRun2_asymptotic_v12-v1/60000/1A690E56-87B8-E511-AB05-001E67396761.root
18-Oct-2023 22:25:20 CEST  Initiating request to open file root://eospublic.cern.ch//eos/opendata/cms/mc/RunIIFall15MiniAODv2/WToMuNu_M-3000_TuneCUETP8M1_13TeV-pythia8/MINIAODSIM/PU25nsData2015v1_76X_mcRun2_asymptotic_v12-v1/60000/2A567655-87B8-E511-91D7-0025905C96A6.root
%MSG-w XrdAdaptor:  file_open 18-Oct-2023 22:25:20 CEST PostProcessEvent
Data is served from cern.ch instead of original site eospublic
%MSG
18-Oct-2023 22:25:20 CEST  Successfully opened file root://eospublic.cern.ch//eos/opendata/cms/mc/RunIIFall15MiniAODv2/WToMuNu_M-3000_TuneCUETP8M1_13TeV-pythia8/MINIAODSIM/PU25nsData2015v1_76X_mcRun2_asymptotic_v12-v1/60000/2A567655-87B8-E511-91D7-0025905C96A6.root
18-Oct-2023 22:25:26 CEST  Closed file root://eospublic.cern.ch//eos/opendata/cms/mc/RunIIFall15MiniAODv2/WToMuNu_M-3000_TuneCUETP8M1_13TeV-pythia8/MINIAODSIM/PU25nsData2015v1_76X_mcRun2_asymptotic_v12-v1/60000/2A567655-87B8-E511-91D7-0025905C96A6.root
18-Oct-2023 22:25:26 CEST  Initiating request to open file root://eospublic.cern.ch//eos/opendata/cms/mc/RunIIFall15MiniAODv2/WToMuNu_M-3000_TuneCUETP8M1_13TeV-pythia8/MINIAODSIM/PU25nsData2015v1_76X_mcRun2_asymptotic_v12-v1/60000/3C134855-87B8-E511-BF6C-0025904CF764.root
%MSG-w XrdAdaptor:  file_open 18-Oct-2023 22:25:26 CEST PostProcessEvent
Data is served from cern.ch instead of original site eospublic
%MSG
18-Oct-2023 22:25:26 CEST  Successfully opened file root://eospublic.cern.ch//eos/opendata/cms/mc/RunIIFall15MiniAODv2/WToMuNu_M-3000_TuneCUETP8M1_13TeV-pythia8/MINIAODSIM/PU25nsData2015v1_76X_mcRun2_asymptotic_v12-v1/60000/3C134855-87B8-E511-BF6C-0025904CF764.root
18-Oct-2023 22:25:30 CEST  Closed file root://eospublic.cern.ch//eos/opendata/cms/mc/RunIIFall15MiniAODv2/WToMuNu_M-3000_TuneCUETP8M1_13TeV-pythia8/MINIAODSIM/PU25nsData2015v1_76X_mcRun2_asymptotic_v12-v1/60000/3C134855-87B8-E511-BF6C-0025904CF764.root
18-Oct-2023 22:25:30 CEST  Initiating request to open file root://eospublic.cern.ch//eos/opendata/cms/mc/RunIIFall15MiniAODv2/WToMuNu_M-3000_TuneCUETP8M1_13TeV-pythia8/MINIAODSIM/PU25nsData2015v1_76X_mcRun2_asymptotic_v12-v1/60000/40581454-87B8-E511-92A9-0025904C540C.root
%MSG-w XrdAdaptor:  file_open 18-Oct-2023 22:25:30 CEST PostProcessEvent
Data is served from cern.ch instead of original site eospublic
%MSG
18-Oct-2023 22:25:30 CEST  Successfully opened file root://eospublic.cern.ch//eos/opendata/cms/mc/RunIIFall15MiniAODv2/WToMuNu_M-3000_TuneCUETP8M1_13TeV-pythia8/MINIAODSIM/PU25nsData2015v1_76X_mcRun2_asymptotic_v12-v1/60000/40581454-87B8-E511-92A9-0025904C540C.root
Begin processing the 200001st record. Run 1, Event 765494, LumiSection 4431 at 18-Oct-2023 22:25:32.184 CEST
18-Oct-2023 22:25:33 CEST  Closed file root://eospublic.cern.ch//eos/opendata/cms/mc/RunIIFall15MiniAODv2/WToMuNu_M-3000_TuneCUETP8M1_13TeV-pythia8/MINIAODSIM/PU25nsData2015v1_76X_mcRun2_asymptotic_v12-v1/60000/40581454-87B8-E511-92A9-0025904C540C.root
18-Oct-2023 22:25:33 CEST  Initiating request to open file root://eospublic.cern.ch//eos/opendata/cms/mc/RunIIFall15MiniAODv2/WToMuNu_M-3000_TuneCUETP8M1_13TeV-pythia8/MINIAODSIM/PU25nsData2015v1_76X_mcRun2_asymptotic_v12-v1/60000/44E9FB54-87B8-E511-BF86-001E67397616.root
%MSG-w XrdAdaptor:  file_open 18-Oct-2023 22:25:33 CEST PostProcessEvent
Data is served from cern.ch instead of original site eospublic
%MSG
18-Oct-2023 22:25:33 CEST  Successfully opened file root://eospublic.cern.ch//eos/opendata/cms/mc/RunIIFall15MiniAODv2/WToMuNu_M-3000_TuneCUETP8M1_13TeV-pythia8/MINIAODSIM/PU25nsData2015v1_76X_mcRun2_asymptotic_v12-v1/60000/44E9FB54-87B8-E511-BF86-001E67397616.root
18-Oct-2023 22:25:37 CEST  Closed file root://eospublic.cern.ch//eos/opendata/cms/mc/RunIIFall15MiniAODv2/WToMuNu_M-3000_TuneCUETP8M1_13TeV-pythia8/MINIAODSIM/PU25nsData2015v1_76X_mcRun2_asymptotic_v12-v1/60000/44E9FB54-87B8-E511-BF86-001E67397616.root
18-Oct-2023 22:25:37 CEST  Initiating request to open file root://eospublic.cern.ch//eos/opendata/cms/mc/RunIIFall15MiniAODv2/WToMuNu_M-3000_TuneCUETP8M1_13TeV-pythia8/MINIAODSIM/PU25nsData2015v1_76X_mcRun2_asymptotic_v12-v1/60000/4AC5E254-87B8-E511-81E7-001E67397F2B.root
%MSG-w XrdAdaptor:  file_open 18-Oct-2023 22:25:38 CEST PostProcessEvent
Data is served from cern.ch instead of original site eospublic
%MSG
18-Oct-2023 22:25:38 CEST  Successfully opened file root://eospublic.cern.ch//eos/opendata/cms/mc/RunIIFall15MiniAODv2/WToMuNu_M-3000_TuneCUETP8M1_13TeV-pythia8/MINIAODSIM/PU25nsData2015v1_76X_mcRun2_asymptotic_v12-v1/60000/4AC5E254-87B8-E511-81E7-001E67397F2B.root
Begin processing the 300001st record. Run 1, Event 993424, LumiSection 5751 at 18-Oct-2023 22:25:42.874 CEST
18-Oct-2023 22:25:42 CEST  Closed file root://eospublic.cern.ch//eos/opendata/cms/mc/RunIIFall15MiniAODv2/WToMuNu_M-3000_TuneCUETP8M1_13TeV-pythia8/MINIAODSIM/PU25nsData2015v1_76X_mcRun2_asymptotic_v12-v1/60000/4AC5E254-87B8-E511-81E7-001E67397F2B.root
18-Oct-2023 22:25:42 CEST  Initiating request to open file root://eospublic.cern.ch//eos/opendata/cms/mc/RunIIFall15MiniAODv2/WToMuNu_M-3000_TuneCUETP8M1_13TeV-pythia8/MINIAODSIM/PU25nsData2015v1_76X_mcRun2_asymptotic_v12-v1/60000/560F0555-87B8-E511-9A47-0025904CDDFA.root
%MSG-w XrdAdaptor:  file_open 18-Oct-2023 22:25:42 CEST PostProcessEvent
Data is served from cern.ch instead of original site eospublic
%MSG
18-Oct-2023 22:25:43 CEST  Successfully opened file root://eospublic.cern.ch//eos/opendata/cms/mc/RunIIFall15MiniAODv2/WToMuNu_M-3000_TuneCUETP8M1_13TeV-pythia8/MINIAODSIM/PU25nsData2015v1_76X_mcRun2_asymptotic_v12-v1/60000/560F0555-87B8-E511-9A47-0025904CDDFA.root
18-Oct-2023 22:25:48 CEST  Closed file root://eospublic.cern.ch//eos/opendata/cms/mc/RunIIFall15MiniAODv2/WToMuNu_M-3000_TuneCUETP8M1_13TeV-pythia8/MINIAODSIM/PU25nsData2015v1_76X_mcRun2_asymptotic_v12-v1/60000/560F0555-87B8-E511-9A47-0025904CDDFA.root
18-Oct-2023 22:25:48 CEST  Initiating request to open file root://eospublic.cern.ch//eos/opendata/cms/mc/RunIIFall15MiniAODv2/WToMuNu_M-3000_TuneCUETP8M1_13TeV-pythia8/MINIAODSIM/PU25nsData2015v1_76X_mcRun2_asymptotic_v12-v1/60000/5C4EF353-87B8-E511-9D1D-001E67398CA0.root
%MSG-w XrdAdaptor:  file_open 18-Oct-2023 22:25:48 CEST PostProcessEvent
Data is served from cern.ch instead of original site eospublic
%MSG
18-Oct-2023 22:25:48 CEST  Successfully opened file root://eospublic.cern.ch//eos/opendata/cms/mc/RunIIFall15MiniAODv2/WToMuNu_M-3000_TuneCUETP8M1_13TeV-pythia8/MINIAODSIM/PU25nsData2015v1_76X_mcRun2_asymptotic_v12-v1/60000/5C4EF353-87B8-E511-9D1D-001E67398CA0.root
18-Oct-2023 22:25:52 CEST  Closed file root://eospublic.cern.ch//eos/opendata/cms/mc/RunIIFall15MiniAODv2/WToMuNu_M-3000_TuneCUETP8M1_13TeV-pythia8/MINIAODSIM/PU25nsData2015v1_76X_mcRun2_asymptotic_v12-v1/60000/5C4EF353-87B8-E511-9D1D-001E67398CA0.root
18-Oct-2023 22:25:52 CEST  Initiating request to open file root://eospublic.cern.ch//eos/opendata/cms/mc/RunIIFall15MiniAODv2/WToMuNu_M-3000_TuneCUETP8M1_13TeV-pythia8/MINIAODSIM/PU25nsData2015v1_76X_mcRun2_asymptotic_v12-v1/60000/6221A654-87B8-E511-98F7-001E67397F2B.root
%MSG-w XrdAdaptor:  file_open 18-Oct-2023 22:25:52 CEST PostProcessEvent
Data is served from cern.ch instead of original site eospublic
%MSG
18-Oct-2023 22:25:52 CEST  Successfully opened file root://eospublic.cern.ch//eos/opendata/cms/mc/RunIIFall15MiniAODv2/WToMuNu_M-3000_TuneCUETP8M1_13TeV-pythia8/MINIAODSIM/PU25nsData2015v1_76X_mcRun2_asymptotic_v12-v1/60000/6221A654-87B8-E511-98F7-001E67397F2B.root
Begin processing the 400001st record. Run 1, Event 193669, LumiSection 1121 at 18-Oct-2023 22:25:55.090 CEST
18-Oct-2023 22:25:56 CEST  Closed file root://eospublic.cern.ch//eos/opendata/cms/mc/RunIIFall15MiniAODv2/WToMuNu_M-3000_TuneCUETP8M1_13TeV-pythia8/MINIAODSIM/PU25nsData2015v1_76X_mcRun2_asymptotic_v12-v1/60000/6221A654-87B8-E511-98F7-001E67397F2B.root
18-Oct-2023 22:25:56 CEST  Initiating request to open file root://eospublic.cern.ch//eos/opendata/cms/mc/RunIIFall15MiniAODv2/WToMuNu_M-3000_TuneCUETP8M1_13TeV-pythia8/MINIAODSIM/PU25nsData2015v1_76X_mcRun2_asymptotic_v12-v1/60000/62A1954E-87B8-E511-8F25-0025905C3E68.root
%MSG-w XrdAdaptor:  file_open 18-Oct-2023 22:25:56 CEST PostProcessEvent
Data is served from cern.ch instead of original site eospublic
%MSG
18-Oct-2023 22:25:56 CEST  Successfully opened file root://eospublic.cern.ch//eos/opendata/cms/mc/RunIIFall15MiniAODv2/WToMuNu_M-3000_TuneCUETP8M1_13TeV-pythia8/MINIAODSIM/PU25nsData2015v1_76X_mcRun2_asymptotic_v12-v1/60000/62A1954E-87B8-E511-8F25-0025905C3E68.root
18-Oct-2023 22:26:00 CEST  Closed file root://eospublic.cern.ch//eos/opendata/cms/mc/RunIIFall15MiniAODv2/WToMuNu_M-3000_TuneCUETP8M1_13TeV-pythia8/MINIAODSIM/PU25nsData2015v1_76X_mcRun2_asymptotic_v12-v1/60000/62A1954E-87B8-E511-8F25-0025905C3E68.root
18-Oct-2023 22:26:00 CEST  Initiating request to open file root://eospublic.cern.ch//eos/opendata/cms/mc/RunIIFall15MiniAODv2/WToMuNu_M-3000_TuneCUETP8M1_13TeV-pythia8/MINIAODSIM/PU25nsData2015v1_76X_mcRun2_asymptotic_v12-v1/60000/68AE5454-87B8-E511-BA93-0025904C540C.root
%MSG-w XrdAdaptor:  file_open 18-Oct-2023 22:26:00 CEST PostProcessEvent
Data is served from cern.ch instead of original site eospublic
%MSG
18-Oct-2023 22:26:00 CEST  Successfully opened file root://eospublic.cern.ch//eos/opendata/cms/mc/RunIIFall15MiniAODv2/WToMuNu_M-3000_TuneCUETP8M1_13TeV-pythia8/MINIAODSIM/PU25nsData2015v1_76X_mcRun2_asymptotic_v12-v1/60000/68AE5454-87B8-E511-BA93-0025904C540C.root
18-Oct-2023 22:26:05 CEST  Closed file root://eospublic.cern.ch//eos/opendata/cms/mc/RunIIFall15MiniAODv2/WToMuNu_M-3000_TuneCUETP8M1_13TeV-pythia8/MINIAODSIM/PU25nsData2015v1_76X_mcRun2_asymptotic_v12-v1/60000/68AE5454-87B8-E511-BA93-0025904C540C.root
18-Oct-2023 22:26:05 CEST  Initiating request to open file root://eospublic.cern.ch//eos/opendata/cms/mc/RunIIFall15MiniAODv2/WToMuNu_M-3000_TuneCUETP8M1_13TeV-pythia8/MINIAODSIM/PU25nsData2015v1_76X_mcRun2_asymptotic_v12-v1/60000/747DA154-87B8-E511-B248-001E673985E3.root
%MSG-w XrdAdaptor:  file_open 18-Oct-2023 22:26:05 CEST PostProcessEvent
Data is served from cern.ch instead of original site eospublic
%MSG
18-Oct-2023 22:26:05 CEST  Successfully opened file root://eospublic.cern.ch//eos/opendata/cms/mc/RunIIFall15MiniAODv2/WToMuNu_M-3000_TuneCUETP8M1_13TeV-pythia8/MINIAODSIM/PU25nsData2015v1_76X_mcRun2_asymptotic_v12-v1/60000/747DA154-87B8-E511-B248-001E673985E3.root
Begin processing the 500001st record. Run 1, Event 406993, LumiSection 2356 at 18-Oct-2023 22:26:07.101 CEST
18-Oct-2023 22:26:10 CEST  Closed file root://eospublic.cern.ch//eos/opendata/cms/mc/RunIIFall15MiniAODv2/WToMuNu_M-3000_TuneCUETP8M1_13TeV-pythia8/MINIAODSIM/PU25nsData2015v1_76X_mcRun2_asymptotic_v12-v1/60000/747DA154-87B8-E511-B248-001E673985E3.root
18-Oct-2023 22:26:10 CEST  Initiating request to open file root://eospublic.cern.ch//eos/opendata/cms/mc/RunIIFall15MiniAODv2/WToMuNu_M-3000_TuneCUETP8M1_13TeV-pythia8/MINIAODSIM/PU25nsData2015v1_76X_mcRun2_asymptotic_v12-v1/60000/78C3CA54-87B8-E511-A342-001E67397238.root
%MSG-w XrdAdaptor:  file_open 18-Oct-2023 22:26:10 CEST PostProcessEvent
Data is served from cern.ch instead of original site eospublic
%MSG
18-Oct-2023 22:26:10 CEST  Successfully opened file root://eospublic.cern.ch//eos/opendata/cms/mc/RunIIFall15MiniAODv2/WToMuNu_M-3000_TuneCUETP8M1_13TeV-pythia8/MINIAODSIM/PU25nsData2015v1_76X_mcRun2_asymptotic_v12-v1/60000/78C3CA54-87B8-E511-A342-001E67397238.root
18-Oct-2023 22:26:15 CEST  Closed file root://eospublic.cern.ch//eos/opendata/cms/mc/RunIIFall15MiniAODv2/WToMuNu_M-3000_TuneCUETP8M1_13TeV-pythia8/MINIAODSIM/PU25nsData2015v1_76X_mcRun2_asymptotic_v12-v1/60000/78C3CA54-87B8-E511-A342-001E67397238.root
18-Oct-2023 22:26:15 CEST  Initiating request to open file root://eospublic.cern.ch//eos/opendata/cms/mc/RunIIFall15MiniAODv2/WToMuNu_M-3000_TuneCUETP8M1_13TeV-pythia8/MINIAODSIM/PU25nsData2015v1_76X_mcRun2_asymptotic_v12-v1/60000/78CDB758-87B8-E511-94EF-001E67397747.root
%MSG-w XrdAdaptor:  file_open 18-Oct-2023 22:26:15 CEST PostProcessEvent
Data is served from cern.ch instead of original site eospublic
%MSG
18-Oct-2023 22:26:15 CEST  Successfully opened file root://eospublic.cern.ch//eos/opendata/cms/mc/RunIIFall15MiniAODv2/WToMuNu_M-3000_TuneCUETP8M1_13TeV-pythia8/MINIAODSIM/PU25nsData2015v1_76X_mcRun2_asymptotic_v12-v1/60000/78CDB758-87B8-E511-94EF-001E67397747.root
Begin processing the 600001st record. Run 1, Event 412326, LumiSection 2387 at 18-Oct-2023 22:26:17.592 CEST
18-Oct-2023 22:26:19 CEST  Closed file root://eospublic.cern.ch//eos/opendata/cms/mc/RunIIFall15MiniAODv2/WToMuNu_M-3000_TuneCUETP8M1_13TeV-pythia8/MINIAODSIM/PU25nsData2015v1_76X_mcRun2_asymptotic_v12-v1/60000/78CDB758-87B8-E511-94EF-001E67397747.root
18-Oct-2023 22:26:19 CEST  Initiating request to open file root://eospublic.cern.ch//eos/opendata/cms/mc/RunIIFall15MiniAODv2/WToMuNu_M-3000_TuneCUETP8M1_13TeV-pythia8/MINIAODSIM/PU25nsData2015v1_76X_mcRun2_asymptotic_v12-v1/60000/880DED55-87B8-E511-8451-001E67396E05.root
%MSG-w XrdAdaptor:  file_open 18-Oct-2023 22:26:19 CEST PostProcessEvent
Data is served from cern.ch instead of original site eospublic
%MSG
18-Oct-2023 22:26:19 CEST  Successfully opened file root://eospublic.cern.ch//eos/opendata/cms/mc/RunIIFall15MiniAODv2/WToMuNu_M-3000_TuneCUETP8M1_13TeV-pythia8/MINIAODSIM/PU25nsData2015v1_76X_mcRun2_asymptotic_v12-v1/60000/880DED55-87B8-E511-8451-001E67396E05.root
18-Oct-2023 22:26:24 CEST  Closed file root://eospublic.cern.ch//eos/opendata/cms/mc/RunIIFall15MiniAODv2/WToMuNu_M-3000_TuneCUETP8M1_13TeV-pythia8/MINIAODSIM/PU25nsData2015v1_76X_mcRun2_asymptotic_v12-v1/60000/880DED55-87B8-E511-8451-001E67396E05.root
18-Oct-2023 22:26:24 CEST  Initiating request to open file root://eospublic.cern.ch//eos/opendata/cms/mc/RunIIFall15MiniAODv2/WToMuNu_M-3000_TuneCUETP8M1_13TeV-pythia8/MINIAODSIM/PU25nsData2015v1_76X_mcRun2_asymptotic_v12-v1/60000/A8F0FE54-87B8-E511-95E4-001E67397616.root
%MSG-w XrdAdaptor:  file_open 18-Oct-2023 22:26:24 CEST PostProcessEvent
Data is served from cern.ch instead of original site eospublic
%MSG
18-Oct-2023 22:26:24 CEST  Successfully opened file root://eospublic.cern.ch//eos/opendata/cms/mc/RunIIFall15MiniAODv2/WToMuNu_M-3000_TuneCUETP8M1_13TeV-pythia8/MINIAODSIM/PU25nsData2015v1_76X_mcRun2_asymptotic_v12-v1/60000/A8F0FE54-87B8-E511-95E4-001E67397616.root
Begin processing the 700001st record. Run 1, Event 94198, LumiSection 546 at 18-Oct-2023 22:26:27.877 CEST
18-Oct-2023 22:26:28 CEST  Closed file root://eospublic.cern.ch//eos/opendata/cms/mc/RunIIFall15MiniAODv2/WToMuNu_M-3000_TuneCUETP8M1_13TeV-pythia8/MINIAODSIM/PU25nsData2015v1_76X_mcRun2_asymptotic_v12-v1/60000/A8F0FE54-87B8-E511-95E4-001E67397616.root
18-Oct-2023 22:26:28 CEST  Initiating request to open file root://eospublic.cern.ch//eos/opendata/cms/mc/RunIIFall15MiniAODv2/WToMuNu_M-3000_TuneCUETP8M1_13TeV-pythia8/MINIAODSIM/PU25nsData2015v1_76X_mcRun2_asymptotic_v12-v1/60000/ACC7B856-87B8-E511-B20C-001E67398E6C.root
%MSG-w XrdAdaptor:  file_open 18-Oct-2023 22:26:28 CEST PostProcessEvent
Data is served from cern.ch instead of original site eospublic
%MSG
18-Oct-2023 22:26:28 CEST  Successfully opened file root://eospublic.cern.ch//eos/opendata/cms/mc/RunIIFall15MiniAODv2/WToMuNu_M-3000_TuneCUETP8M1_13TeV-pythia8/MINIAODSIM/PU25nsData2015v1_76X_mcRun2_asymptotic_v12-v1/60000/ACC7B856-87B8-E511-B20C-001E67398E6C.root
18-Oct-2023 22:26:33 CEST  Closed file root://eospublic.cern.ch//eos/opendata/cms/mc/RunIIFall15MiniAODv2/WToMuNu_M-3000_TuneCUETP8M1_13TeV-pythia8/MINIAODSIM/PU25nsData2015v1_76X_mcRun2_asymptotic_v12-v1/60000/ACC7B856-87B8-E511-B20C-001E67398E6C.root
18-Oct-2023 22:26:33 CEST  Initiating request to open file root://eospublic.cern.ch//eos/opendata/cms/mc/RunIIFall15MiniAODv2/WToMuNu_M-3000_TuneCUETP8M1_13TeV-pythia8/MINIAODSIM/PU25nsData2015v1_76X_mcRun2_asymptotic_v12-v1/60000/B42C4D55-87B8-E511-A78E-0025904C5DD8.root
%MSG-w XrdAdaptor:  file_open 18-Oct-2023 22:26:33 CEST PostProcessEvent
Data is served from cern.ch instead of original site eospublic
%MSG
18-Oct-2023 22:26:33 CEST  Successfully opened file root://eospublic.cern.ch//eos/opendata/cms/mc/RunIIFall15MiniAODv2/WToMuNu_M-3000_TuneCUETP8M1_13TeV-pythia8/MINIAODSIM/PU25nsData2015v1_76X_mcRun2_asymptotic_v12-v1/60000/B42C4D55-87B8-E511-A78E-0025904C5DD8.root
18-Oct-2023 22:26:37 CEST  Closed file root://eospublic.cern.ch//eos/opendata/cms/mc/RunIIFall15MiniAODv2/WToMuNu_M-3000_TuneCUETP8M1_13TeV-pythia8/MINIAODSIM/PU25nsData2015v1_76X_mcRun2_asymptotic_v12-v1/60000/B42C4D55-87B8-E511-A78E-0025904C5DD8.root
18-Oct-2023 22:26:37 CEST  Initiating request to open file root://eospublic.cern.ch//eos/opendata/cms/mc/RunIIFall15MiniAODv2/WToMuNu_M-3000_TuneCUETP8M1_13TeV-pythia8/MINIAODSIM/PU25nsData2015v1_76X_mcRun2_asymptotic_v12-v1/60000/B6DBA555-87B8-E511-937B-002590A8880A.root
%MSG-w XrdAdaptor:  file_open 18-Oct-2023 22:26:37 CEST PostProcessEvent
Data is served from cern.ch instead of original site eospublic
%MSG
18-Oct-2023 22:26:37 CEST  Successfully opened file root://eospublic.cern.ch//eos/opendata/cms/mc/RunIIFall15MiniAODv2/WToMuNu_M-3000_TuneCUETP8M1_13TeV-pythia8/MINIAODSIM/PU25nsData2015v1_76X_mcRun2_asymptotic_v12-v1/60000/B6DBA555-87B8-E511-937B-002590A8880A.root
Begin processing the 800001st record. Run 1, Event 605125, LumiSection 3503 at 18-Oct-2023 22:26:39.726 CEST
18-Oct-2023 22:26:42 CEST  Closed file root://eospublic.cern.ch//eos/opendata/cms/mc/RunIIFall15MiniAODv2/WToMuNu_M-3000_TuneCUETP8M1_13TeV-pythia8/MINIAODSIM/PU25nsData2015v1_76X_mcRun2_asymptotic_v12-v1/60000/B6DBA555-87B8-E511-937B-002590A8880A.root
18-Oct-2023 22:26:42 CEST  Initiating request to open file root://eospublic.cern.ch//eos/opendata/cms/mc/RunIIFall15MiniAODv2/WToMuNu_M-3000_TuneCUETP8M1_13TeV-pythia8/MINIAODSIM/PU25nsData2015v1_76X_mcRun2_asymptotic_v12-v1/60000/C847ED53-87B8-E511-ACCA-001E67398CA0.root
%MSG-w XrdAdaptor:  file_open 18-Oct-2023 22:26:42 CEST PostProcessEvent
Data is served from cern.ch instead of original site eospublic
%MSG
18-Oct-2023 22:26:42 CEST  Successfully opened file root://eospublic.cern.ch//eos/opendata/cms/mc/RunIIFall15MiniAODv2/WToMuNu_M-3000_TuneCUETP8M1_13TeV-pythia8/MINIAODSIM/PU25nsData2015v1_76X_mcRun2_asymptotic_v12-v1/60000/C847ED53-87B8-E511-ACCA-001E67398CA0.root
18-Oct-2023 22:26:47 CEST  Closed file root://eospublic.cern.ch//eos/opendata/cms/mc/RunIIFall15MiniAODv2/WToMuNu_M-3000_TuneCUETP8M1_13TeV-pythia8/MINIAODSIM/PU25nsData2015v1_76X_mcRun2_asymptotic_v12-v1/60000/C847ED53-87B8-E511-ACCA-001E67398CA0.root
18-Oct-2023 22:26:47 CEST  Initiating request to open file root://eospublic.cern.ch//eos/opendata/cms/mc/RunIIFall15MiniAODv2/WToMuNu_M-3000_TuneCUETP8M1_13TeV-pythia8/MINIAODSIM/PU25nsData2015v1_76X_mcRun2_asymptotic_v12-v1/60000/C8CF5C52-87B8-E511-8012-0025905C2CD0.root
%MSG-w XrdAdaptor:  file_open 18-Oct-2023 22:26:47 CEST PostProcessEvent
Data is served from cern.ch instead of original site eospublic
%MSG
18-Oct-2023 22:26:47 CEST  Successfully opened file root://eospublic.cern.ch//eos/opendata/cms/mc/RunIIFall15MiniAODv2/WToMuNu_M-3000_TuneCUETP8M1_13TeV-pythia8/MINIAODSIM/PU25nsData2015v1_76X_mcRun2_asymptotic_v12-v1/60000/C8CF5C52-87B8-E511-8012-0025905C2CD0.root
Begin processing the 900001st record. Run 1, Event 611549, LumiSection 3541 at 18-Oct-2023 22:26:50.560 CEST
18-Oct-2023 22:26:52 CEST  Closed file root://eospublic.cern.ch//eos/opendata/cms/mc/RunIIFall15MiniAODv2/WToMuNu_M-3000_TuneCUETP8M1_13TeV-pythia8/MINIAODSIM/PU25nsData2015v1_76X_mcRun2_asymptotic_v12-v1/60000/C8CF5C52-87B8-E511-8012-0025905C2CD0.root
18-Oct-2023 22:26:52 CEST  Initiating request to open file root://eospublic.cern.ch//eos/opendata/cms/mc/RunIIFall15MiniAODv2/WToMuNu_M-3000_TuneCUETP8M1_13TeV-pythia8/MINIAODSIM/PU25nsData2015v1_76X_mcRun2_asymptotic_v12-v1/60000/D64DA154-87B8-E511-8C1C-001E673985E3.root
%MSG-w XrdAdaptor:  file_open 18-Oct-2023 22:26:52 CEST PostProcessEvent
Data is served from cern.ch instead of original site eospublic
%MSG
18-Oct-2023 22:26:52 CEST  Successfully opened file root://eospublic.cern.ch//eos/opendata/cms/mc/RunIIFall15MiniAODv2/WToMuNu_M-3000_TuneCUETP8M1_13TeV-pythia8/MINIAODSIM/PU25nsData2015v1_76X_mcRun2_asymptotic_v12-v1/60000/D64DA154-87B8-E511-8C1C-001E673985E3.root
18-Oct-2023 22:26:56 CEST  Closed file root://eospublic.cern.ch//eos/opendata/cms/mc/RunIIFall15MiniAODv2/WToMuNu_M-3000_TuneCUETP8M1_13TeV-pythia8/MINIAODSIM/PU25nsData2015v1_76X_mcRun2_asymptotic_v12-v1/60000/D64DA154-87B8-E511-8C1C-001E673985E3.root
18-Oct-2023 22:26:56 CEST  Initiating request to open file root://eospublic.cern.ch//eos/opendata/cms/mc/RunIIFall15MiniAODv2/WToMuNu_M-3000_TuneCUETP8M1_13TeV-pythia8/MINIAODSIM/PU25nsData2015v1_76X_mcRun2_asymptotic_v12-v1/60000/E233D88D-89B8-E511-8A1C-90B11CBCFFC3.root
%MSG-w XrdAdaptor:  file_open 18-Oct-2023 22:26:56 CEST PostProcessEvent
Data is served from cern.ch instead of original site eospublic
%MSG
18-Oct-2023 22:26:56 CEST  Successfully opened file root://eospublic.cern.ch//eos/opendata/cms/mc/RunIIFall15MiniAODv2/WToMuNu_M-3000_TuneCUETP8M1_13TeV-pythia8/MINIAODSIM/PU25nsData2015v1_76X_mcRun2_asymptotic_v12-v1/60000/E233D88D-89B8-E511-8A1C-90B11CBCFFC3.root
18-Oct-2023 22:26:57 CEST  Closed file root://eospublic.cern.ch//eos/opendata/cms/mc/RunIIFall15MiniAODv2/WToMuNu_M-3000_TuneCUETP8M1_13TeV-pythia8/MINIAODSIM/PU25nsData2015v1_76X_mcRun2_asymptotic_v12-v1/60000/E233D88D-89B8-E511-8A1C-90B11CBCFFC3.root
18-Oct-2023 22:26:57 CEST  Initiating request to open file root://eospublic.cern.ch//eos/opendata/cms/mc/RunIIFall15MiniAODv2/WToMuNu_M-3000_TuneCUETP8M1_13TeV-pythia8/MINIAODSIM/PU25nsData2015v1_76X_mcRun2_asymptotic_v12-v1/60000/ECCE5C52-87B8-E511-A39C-0025905C2CD0.root
%MSG-w XrdAdaptor:  file_open 18-Oct-2023 22:26:57 CEST PostProcessEvent
Data is served from cern.ch instead of original site eospublic
%MSG
18-Oct-2023 22:26:57 CEST  Successfully opened file root://eospublic.cern.ch//eos/opendata/cms/mc/RunIIFall15MiniAODv2/WToMuNu_M-3000_TuneCUETP8M1_13TeV-pythia8/MINIAODSIM/PU25nsData2015v1_76X_mcRun2_asymptotic_v12-v1/60000/ECCE5C52-87B8-E511-A39C-0025905C2CD0.root
18-Oct-2023 22:27:02 CEST  Closed file root://eospublic.cern.ch//eos/opendata/cms/mc/RunIIFall15MiniAODv2/WToMuNu_M-3000_TuneCUETP8M1_13TeV-pythia8/MINIAODSIM/PU25nsData2015v1_76X_mcRun2_asymptotic_v12-v1/60000/ECCE5C52-87B8-E511-A39C-0025905C2CD0.root

------------------------------------
GenXsecAnalyzer:
------------------------------------
Before Filtrer: total cross section = 2.895e-05 +- 1.672e-08 pb
Filter efficiency (taking into account weights)= (996545) / (996545) = 1.000e+00 +- 0.000e+00
Filter efficiency (event-level)= (996545) / (996545) = 1.000e+00 +- 0.000e+00
After filter: final cross section = 2.895e-05 +- 1.672e-08 pb

=============================================

MessageLogger Summary

 type     category        sev    module        subroutine        count    total
 ---- -------------------- -- ---------------- ----------------  -----    -----
    1 GenXSecAnalyzer      -w GenXSecAnalyzer:                       5        5
    2 XrdAdaptor           -w file_open                             26       26
    3 fileAction           -s file_close                            26       26
    4 fileAction           -s file_open                             52       52

 type    category    Examples: run/evt        run/evt          run/evt
 ---- -------------------- ---------------- ---------------- ----------------
    1 GenXSecAnalyzer      PostEndRun       PostEndRun       PostEndRun
    2 XrdAdaptor           pre-events       PostProcessEvent PostProcessEvent
    3 fileAction           PostProcessEvent PostProcessEvent PostEndRun
    4 fileAction           pre-events       pre-events       PostProcessEvent

Severity    # Occurrences   Total Occurrences
--------    -------------   -----------------
Warning                31                  31
System                 78                  78
