18-Oct-2023 22:19:48 CEST  Initiating request to open file root://eospublic.cern.ch//eos/opendata/cms/mc/RunIIFall15MiniAODv2/WZ_TuneCUETP8M1_13TeV-pythia8/MINIAODSIM/PU25nsData2015v1_76X_mcRun2_asymptotic_v12-v1/10000/08D64252-85BB-E511-A3A6-74867AD4BDEC.root
%MSG-w XrdAdaptor:  file_open 18-Oct-2023 22:19:59 CEST pre-events
Data is served from cern.ch instead of original site eospublic
%MSG
18-Oct-2023 22:20:36 CEST  Successfully opened file root://eospublic.cern.ch//eos/opendata/cms/mc/RunIIFall15MiniAODv2/WZ_TuneCUETP8M1_13TeV-pythia8/MINIAODSIM/PU25nsData2015v1_76X_mcRun2_asymptotic_v12-v1/10000/08D64252-85BB-E511-A3A6-74867AD4BDEC.root
Begin processing the 1st record. Run 1, Event 43777, LumiSection 229 at 18-Oct-2023 22:20:38.446 CEST
18-Oct-2023 22:20:41 CEST  Closed file root://eospublic.cern.ch//eos/opendata/cms/mc/RunIIFall15MiniAODv2/WZ_TuneCUETP8M1_13TeV-pythia8/MINIAODSIM/PU25nsData2015v1_76X_mcRun2_asymptotic_v12-v1/10000/08D64252-85BB-E511-A3A6-74867AD4BDEC.root
18-Oct-2023 22:20:41 CEST  Initiating request to open file root://eospublic.cern.ch//eos/opendata/cms/mc/RunIIFall15MiniAODv2/WZ_TuneCUETP8M1_13TeV-pythia8/MINIAODSIM/PU25nsData2015v1_76X_mcRun2_asymptotic_v12-v1/10000/20FE815A-85BB-E511-A9EE-74867AD4B754.root
%MSG-w XrdAdaptor:  file_open 18-Oct-2023 22:20:41 CEST PostProcessEvent
Data is served from cern.ch instead of original site eospublic
%MSG
18-Oct-2023 22:20:41 CEST  Successfully opened file root://eospublic.cern.ch//eos/opendata/cms/mc/RunIIFall15MiniAODv2/WZ_TuneCUETP8M1_13TeV-pythia8/MINIAODSIM/PU25nsData2015v1_76X_mcRun2_asymptotic_v12-v1/10000/20FE815A-85BB-E511-A9EE-74867AD4B754.root
18-Oct-2023 22:20:47 CEST  Closed file root://eospublic.cern.ch//eos/opendata/cms/mc/RunIIFall15MiniAODv2/WZ_TuneCUETP8M1_13TeV-pythia8/MINIAODSIM/PU25nsData2015v1_76X_mcRun2_asymptotic_v12-v1/10000/20FE815A-85BB-E511-A9EE-74867AD4B754.root
18-Oct-2023 22:20:47 CEST  Initiating request to open file root://eospublic.cern.ch//eos/opendata/cms/mc/RunIIFall15MiniAODv2/WZ_TuneCUETP8M1_13TeV-pythia8/MINIAODSIM/PU25nsData2015v1_76X_mcRun2_asymptotic_v12-v1/10000/3285315D-85BB-E511-B2EE-74867AD4EF3C.root
%MSG-w XrdAdaptor:  file_open 18-Oct-2023 22:20:47 CEST PostProcessEvent
Data is served from cern.ch instead of original site eospublic
%MSG
18-Oct-2023 22:20:47 CEST  Successfully opened file root://eospublic.cern.ch//eos/opendata/cms/mc/RunIIFall15MiniAODv2/WZ_TuneCUETP8M1_13TeV-pythia8/MINIAODSIM/PU25nsData2015v1_76X_mcRun2_asymptotic_v12-v1/10000/3285315D-85BB-E511-B2EE-74867AD4EF3C.root
Begin processing the 100001st record. Run 1, Event 767473, LumiSection 3998 at 18-Oct-2023 22:20:49.521 CEST
18-Oct-2023 22:20:50 CEST  Closed file root://eospublic.cern.ch//eos/opendata/cms/mc/RunIIFall15MiniAODv2/WZ_TuneCUETP8M1_13TeV-pythia8/MINIAODSIM/PU25nsData2015v1_76X_mcRun2_asymptotic_v12-v1/10000/3285315D-85BB-E511-B2EE-74867AD4EF3C.root
18-Oct-2023 22:20:50 CEST  Initiating request to open file root://eospublic.cern.ch//eos/opendata/cms/mc/RunIIFall15MiniAODv2/WZ_TuneCUETP8M1_13TeV-pythia8/MINIAODSIM/PU25nsData2015v1_76X_mcRun2_asymptotic_v12-v1/10000/38058952-85BB-E511-8CD5-74867AD4BDEC.root
%MSG-w XrdAdaptor:  file_open 18-Oct-2023 22:20:50 CEST PostProcessEvent
Data is served from cern.ch instead of original site eospublic
%MSG
18-Oct-2023 22:20:50 CEST  Successfully opened file root://eospublic.cern.ch//eos/opendata/cms/mc/RunIIFall15MiniAODv2/WZ_TuneCUETP8M1_13TeV-pythia8/MINIAODSIM/PU25nsData2015v1_76X_mcRun2_asymptotic_v12-v1/10000/38058952-85BB-E511-8CD5-74867AD4BDEC.root
18-Oct-2023 22:20:55 CEST  Closed file root://eospublic.cern.ch//eos/opendata/cms/mc/RunIIFall15MiniAODv2/WZ_TuneCUETP8M1_13TeV-pythia8/MINIAODSIM/PU25nsData2015v1_76X_mcRun2_asymptotic_v12-v1/10000/38058952-85BB-E511-8CD5-74867AD4BDEC.root
18-Oct-2023 22:20:55 CEST  Initiating request to open file root://eospublic.cern.ch//eos/opendata/cms/mc/RunIIFall15MiniAODv2/WZ_TuneCUETP8M1_13TeV-pythia8/MINIAODSIM/PU25nsData2015v1_76X_mcRun2_asymptotic_v12-v1/10000/5C1F985A-85BB-E511-9860-74867AD4B754.root
%MSG-w XrdAdaptor:  file_open 18-Oct-2023 22:20:55 CEST PostProcessEvent
Data is served from cern.ch instead of original site eospublic
%MSG
18-Oct-2023 22:20:55 CEST  Successfully opened file root://eospublic.cern.ch//eos/opendata/cms/mc/RunIIFall15MiniAODv2/WZ_TuneCUETP8M1_13TeV-pythia8/MINIAODSIM/PU25nsData2015v1_76X_mcRun2_asymptotic_v12-v1/10000/5C1F985A-85BB-E511-9860-74867AD4B754.root
Begin processing the 200001st record. Run 1, Event 849993, LumiSection 4427 at 18-Oct-2023 22:21:00.009 CEST
18-Oct-2023 22:21:00 CEST  Closed file root://eospublic.cern.ch//eos/opendata/cms/mc/RunIIFall15MiniAODv2/WZ_TuneCUETP8M1_13TeV-pythia8/MINIAODSIM/PU25nsData2015v1_76X_mcRun2_asymptotic_v12-v1/10000/5C1F985A-85BB-E511-9860-74867AD4B754.root
18-Oct-2023 22:21:00 CEST  Initiating request to open file root://eospublic.cern.ch//eos/opendata/cms/mc/RunIIFall15MiniAODv2/WZ_TuneCUETP8M1_13TeV-pythia8/MINIAODSIM/PU25nsData2015v1_76X_mcRun2_asymptotic_v12-v1/10000/74EBAB53-85BB-E511-AB0C-74867AD4BDEC.root
%MSG-w XrdAdaptor:  file_open 18-Oct-2023 22:21:00 CEST PostProcessEvent
Data is served from cern.ch instead of original site eospublic
%MSG
18-Oct-2023 22:21:00 CEST  Successfully opened file root://eospublic.cern.ch//eos/opendata/cms/mc/RunIIFall15MiniAODv2/WZ_TuneCUETP8M1_13TeV-pythia8/MINIAODSIM/PU25nsData2015v1_76X_mcRun2_asymptotic_v12-v1/10000/74EBAB53-85BB-E511-AB0C-74867AD4BDEC.root
18-Oct-2023 22:21:05 CEST  Closed file root://eospublic.cern.ch//eos/opendata/cms/mc/RunIIFall15MiniAODv2/WZ_TuneCUETP8M1_13TeV-pythia8/MINIAODSIM/PU25nsData2015v1_76X_mcRun2_asymptotic_v12-v1/10000/74EBAB53-85BB-E511-AB0C-74867AD4BDEC.root
18-Oct-2023 22:21:05 CEST  Initiating request to open file root://eospublic.cern.ch//eos/opendata/cms/mc/RunIIFall15MiniAODv2/WZ_TuneCUETP8M1_13TeV-pythia8/MINIAODSIM/PU25nsData2015v1_76X_mcRun2_asymptotic_v12-v1/10000/8E2F3A58-85BB-E511-BC3D-74867AD4BE90.root
%MSG-w XrdAdaptor:  file_open 18-Oct-2023 22:21:05 CEST PostProcessEvent
Data is served from cern.ch instead of original site eospublic
%MSG
18-Oct-2023 22:21:05 CEST  Successfully opened file root://eospublic.cern.ch//eos/opendata/cms/mc/RunIIFall15MiniAODv2/WZ_TuneCUETP8M1_13TeV-pythia8/MINIAODSIM/PU25nsData2015v1_76X_mcRun2_asymptotic_v12-v1/10000/8E2F3A58-85BB-E511-BC3D-74867AD4BE90.root
18-Oct-2023 22:21:10 CEST  Closed file root://eospublic.cern.ch//eos/opendata/cms/mc/RunIIFall15MiniAODv2/WZ_TuneCUETP8M1_13TeV-pythia8/MINIAODSIM/PU25nsData2015v1_76X_mcRun2_asymptotic_v12-v1/10000/8E2F3A58-85BB-E511-BC3D-74867AD4BE90.root
18-Oct-2023 22:21:10 CEST  Initiating request to open file root://eospublic.cern.ch//eos/opendata/cms/mc/RunIIFall15MiniAODv2/WZ_TuneCUETP8M1_13TeV-pythia8/MINIAODSIM/PU25nsData2015v1_76X_mcRun2_asymptotic_v12-v1/10000/A09AAE57-85BB-E511-9970-74867AD4DD04.root
%MSG-w XrdAdaptor:  file_open 18-Oct-2023 22:21:10 CEST PostProcessEvent
Data is served from cern.ch instead of original site eospublic
%MSG
18-Oct-2023 22:21:10 CEST  Successfully opened file root://eospublic.cern.ch//eos/opendata/cms/mc/RunIIFall15MiniAODv2/WZ_TuneCUETP8M1_13TeV-pythia8/MINIAODSIM/PU25nsData2015v1_76X_mcRun2_asymptotic_v12-v1/10000/A09AAE57-85BB-E511-9970-74867AD4DD04.root
Begin processing the 300001st record. Run 1, Event 555681, LumiSection 2895 at 18-Oct-2023 22:21:12.461 CEST
18-Oct-2023 22:21:15 CEST  Closed file root://eospublic.cern.ch//eos/opendata/cms/mc/RunIIFall15MiniAODv2/WZ_TuneCUETP8M1_13TeV-pythia8/MINIAODSIM/PU25nsData2015v1_76X_mcRun2_asymptotic_v12-v1/10000/A09AAE57-85BB-E511-9970-74867AD4DD04.root
18-Oct-2023 22:21:15 CEST  Initiating request to open file root://eospublic.cern.ch//eos/opendata/cms/mc/RunIIFall15MiniAODv2/WZ_TuneCUETP8M1_13TeV-pythia8/MINIAODSIM/PU25nsData2015v1_76X_mcRun2_asymptotic_v12-v1/70000/04E1D13B-90BD-E511-8E4B-74867AD4BE90.root
%MSG-w XrdAdaptor:  file_open 18-Oct-2023 22:21:15 CEST PostProcessEvent
Data is served from cern.ch instead of original site eospublic
%MSG
18-Oct-2023 22:21:15 CEST  Successfully opened file root://eospublic.cern.ch//eos/opendata/cms/mc/RunIIFall15MiniAODv2/WZ_TuneCUETP8M1_13TeV-pythia8/MINIAODSIM/PU25nsData2015v1_76X_mcRun2_asymptotic_v12-v1/70000/04E1D13B-90BD-E511-8E4B-74867AD4BE90.root
18-Oct-2023 22:21:20 CEST  Closed file root://eospublic.cern.ch//eos/opendata/cms/mc/RunIIFall15MiniAODv2/WZ_TuneCUETP8M1_13TeV-pythia8/MINIAODSIM/PU25nsData2015v1_76X_mcRun2_asymptotic_v12-v1/70000/04E1D13B-90BD-E511-8E4B-74867AD4BE90.root
18-Oct-2023 22:21:20 CEST  Initiating request to open file root://eospublic.cern.ch//eos/opendata/cms/mc/RunIIFall15MiniAODv2/WZ_TuneCUETP8M1_13TeV-pythia8/MINIAODSIM/PU25nsData2015v1_76X_mcRun2_asymptotic_v12-v1/70000/1C0F0142-92BD-E511-9138-74867AD4BE90.root
%MSG-w XrdAdaptor:  file_open 18-Oct-2023 22:21:20 CEST PostProcessEvent
Data is served from cern.ch instead of original site eospublic
%MSG
18-Oct-2023 22:21:20 CEST  Successfully opened file root://eospublic.cern.ch//eos/opendata/cms/mc/RunIIFall15MiniAODv2/WZ_TuneCUETP8M1_13TeV-pythia8/MINIAODSIM/PU25nsData2015v1_76X_mcRun2_asymptotic_v12-v1/70000/1C0F0142-92BD-E511-9138-74867AD4BE90.root
Begin processing the 400001st record. Run 1, Event 839409, LumiSection 4372 at 18-Oct-2023 22:21:22.992 CEST
18-Oct-2023 22:21:25 CEST  Closed file root://eospublic.cern.ch//eos/opendata/cms/mc/RunIIFall15MiniAODv2/WZ_TuneCUETP8M1_13TeV-pythia8/MINIAODSIM/PU25nsData2015v1_76X_mcRun2_asymptotic_v12-v1/70000/1C0F0142-92BD-E511-9138-74867AD4BE90.root
18-Oct-2023 22:21:25 CEST  Initiating request to open file root://eospublic.cern.ch//eos/opendata/cms/mc/RunIIFall15MiniAODv2/WZ_TuneCUETP8M1_13TeV-pythia8/MINIAODSIM/PU25nsData2015v1_76X_mcRun2_asymptotic_v12-v1/70000/1C8FE0CA-8BBD-E511-B4B6-74867AD4BE90.root
%MSG-w XrdAdaptor:  file_open 18-Oct-2023 22:21:25 CEST PostProcessEvent
Data is served from cern.ch instead of original site eospublic
%MSG
18-Oct-2023 22:21:25 CEST  Successfully opened file root://eospublic.cern.ch//eos/opendata/cms/mc/RunIIFall15MiniAODv2/WZ_TuneCUETP8M1_13TeV-pythia8/MINIAODSIM/PU25nsData2015v1_76X_mcRun2_asymptotic_v12-v1/70000/1C8FE0CA-8BBD-E511-B4B6-74867AD4BE90.root
18-Oct-2023 22:21:31 CEST  Closed file root://eospublic.cern.ch//eos/opendata/cms/mc/RunIIFall15MiniAODv2/WZ_TuneCUETP8M1_13TeV-pythia8/MINIAODSIM/PU25nsData2015v1_76X_mcRun2_asymptotic_v12-v1/70000/1C8FE0CA-8BBD-E511-B4B6-74867AD4BE90.root
18-Oct-2023 22:21:31 CEST  Initiating request to open file root://eospublic.cern.ch//eos/opendata/cms/mc/RunIIFall15MiniAODv2/WZ_TuneCUETP8M1_13TeV-pythia8/MINIAODSIM/PU25nsData2015v1_76X_mcRun2_asymptotic_v12-v1/70000/28D9EBC1-1ABD-E511-8B88-74867AD4BE94.root
%MSG-w XrdAdaptor:  file_open 18-Oct-2023 22:21:31 CEST PostProcessEvent
Data is served from cern.ch instead of original site eospublic
%MSG
18-Oct-2023 22:21:31 CEST  Successfully opened file root://eospublic.cern.ch//eos/opendata/cms/mc/RunIIFall15MiniAODv2/WZ_TuneCUETP8M1_13TeV-pythia8/MINIAODSIM/PU25nsData2015v1_76X_mcRun2_asymptotic_v12-v1/70000/28D9EBC1-1ABD-E511-8B88-74867AD4BE94.root
Begin processing the 500001st record. Run 1, Event 224993, LumiSection 1172 at 18-Oct-2023 22:21:33.988 CEST
18-Oct-2023 22:21:36 CEST  Closed file root://eospublic.cern.ch//eos/opendata/cms/mc/RunIIFall15MiniAODv2/WZ_TuneCUETP8M1_13TeV-pythia8/MINIAODSIM/PU25nsData2015v1_76X_mcRun2_asymptotic_v12-v1/70000/28D9EBC1-1ABD-E511-8B88-74867AD4BE94.root
18-Oct-2023 22:21:36 CEST  Initiating request to open file root://eospublic.cern.ch//eos/opendata/cms/mc/RunIIFall15MiniAODv2/WZ_TuneCUETP8M1_13TeV-pythia8/MINIAODSIM/PU25nsData2015v1_76X_mcRun2_asymptotic_v12-v1/70000/2E843831-7BBD-E511-901F-74867AD4BE90.root
%MSG-w XrdAdaptor:  file_open 18-Oct-2023 22:21:36 CEST PostProcessEvent
Data is served from cern.ch instead of original site eospublic
%MSG
18-Oct-2023 22:21:36 CEST  Successfully opened file root://eospublic.cern.ch//eos/opendata/cms/mc/RunIIFall15MiniAODv2/WZ_TuneCUETP8M1_13TeV-pythia8/MINIAODSIM/PU25nsData2015v1_76X_mcRun2_asymptotic_v12-v1/70000/2E843831-7BBD-E511-901F-74867AD4BE90.root
18-Oct-2023 22:21:40 CEST  Closed file root://eospublic.cern.ch//eos/opendata/cms/mc/RunIIFall15MiniAODv2/WZ_TuneCUETP8M1_13TeV-pythia8/MINIAODSIM/PU25nsData2015v1_76X_mcRun2_asymptotic_v12-v1/70000/2E843831-7BBD-E511-901F-74867AD4BE90.root
18-Oct-2023 22:21:40 CEST  Initiating request to open file root://eospublic.cern.ch//eos/opendata/cms/mc/RunIIFall15MiniAODv2/WZ_TuneCUETP8M1_13TeV-pythia8/MINIAODSIM/PU25nsData2015v1_76X_mcRun2_asymptotic_v12-v1/70000/34EE9491-8FBD-E511-975F-74867AD4BE90.root
%MSG-w XrdAdaptor:  file_open 18-Oct-2023 22:21:40 CEST PostProcessEvent
Data is served from cern.ch instead of original site eospublic
%MSG
18-Oct-2023 22:21:40 CEST  Successfully opened file root://eospublic.cern.ch//eos/opendata/cms/mc/RunIIFall15MiniAODv2/WZ_TuneCUETP8M1_13TeV-pythia8/MINIAODSIM/PU25nsData2015v1_76X_mcRun2_asymptotic_v12-v1/70000/34EE9491-8FBD-E511-975F-74867AD4BE90.root
18-Oct-2023 22:21:43 CEST  Closed file root://eospublic.cern.ch//eos/opendata/cms/mc/RunIIFall15MiniAODv2/WZ_TuneCUETP8M1_13TeV-pythia8/MINIAODSIM/PU25nsData2015v1_76X_mcRun2_asymptotic_v12-v1/70000/34EE9491-8FBD-E511-975F-74867AD4BE90.root
18-Oct-2023 22:21:43 CEST  Initiating request to open file root://eospublic.cern.ch//eos/opendata/cms/mc/RunIIFall15MiniAODv2/WZ_TuneCUETP8M1_13TeV-pythia8/MINIAODSIM/PU25nsData2015v1_76X_mcRun2_asymptotic_v12-v1/70000/3CC261E0-8DBD-E511-A6F0-74867AD4BE90.root
%MSG-w XrdAdaptor:  file_open 18-Oct-2023 22:21:43 CEST PostProcessEvent
Data is served from cern.ch instead of original site eospublic
%MSG
18-Oct-2023 22:21:43 CEST  Successfully opened file root://eospublic.cern.ch//eos/opendata/cms/mc/RunIIFall15MiniAODv2/WZ_TuneCUETP8M1_13TeV-pythia8/MINIAODSIM/PU25nsData2015v1_76X_mcRun2_asymptotic_v12-v1/70000/3CC261E0-8DBD-E511-A6F0-74867AD4BE90.root
Begin processing the 600001st record. Run 1, Event 274097, LumiSection 1428 at 18-Oct-2023 22:21:45.629 CEST
18-Oct-2023 22:21:47 CEST  Closed file root://eospublic.cern.ch//eos/opendata/cms/mc/RunIIFall15MiniAODv2/WZ_TuneCUETP8M1_13TeV-pythia8/MINIAODSIM/PU25nsData2015v1_76X_mcRun2_asymptotic_v12-v1/70000/3CC261E0-8DBD-E511-A6F0-74867AD4BE90.root
18-Oct-2023 22:21:47 CEST  Initiating request to open file root://eospublic.cern.ch//eos/opendata/cms/mc/RunIIFall15MiniAODv2/WZ_TuneCUETP8M1_13TeV-pythia8/MINIAODSIM/PU25nsData2015v1_76X_mcRun2_asymptotic_v12-v1/70000/503022DB-8CBD-E511-AC85-74867AD4BE90.root
%MSG-w XrdAdaptor:  file_open 18-Oct-2023 22:21:47 CEST PostProcessEvent
Data is served from cern.ch instead of original site eospublic
%MSG
18-Oct-2023 22:21:47 CEST  Successfully opened file root://eospublic.cern.ch//eos/opendata/cms/mc/RunIIFall15MiniAODv2/WZ_TuneCUETP8M1_13TeV-pythia8/MINIAODSIM/PU25nsData2015v1_76X_mcRun2_asymptotic_v12-v1/70000/503022DB-8CBD-E511-AC85-74867AD4BE90.root
18-Oct-2023 22:21:52 CEST  Closed file root://eospublic.cern.ch//eos/opendata/cms/mc/RunIIFall15MiniAODv2/WZ_TuneCUETP8M1_13TeV-pythia8/MINIAODSIM/PU25nsData2015v1_76X_mcRun2_asymptotic_v12-v1/70000/503022DB-8CBD-E511-AC85-74867AD4BE90.root
18-Oct-2023 22:21:52 CEST  Initiating request to open file root://eospublic.cern.ch//eos/opendata/cms/mc/RunIIFall15MiniAODv2/WZ_TuneCUETP8M1_13TeV-pythia8/MINIAODSIM/PU25nsData2015v1_76X_mcRun2_asymptotic_v12-v1/70000/54F41B54-93BD-E511-96BB-74867AD4BE90.root
%MSG-w XrdAdaptor:  file_open 18-Oct-2023 22:21:52 CEST PostProcessEvent
Data is served from cern.ch instead of original site eospublic
%MSG
18-Oct-2023 22:21:52 CEST  Successfully opened file root://eospublic.cern.ch//eos/opendata/cms/mc/RunIIFall15MiniAODv2/WZ_TuneCUETP8M1_13TeV-pythia8/MINIAODSIM/PU25nsData2015v1_76X_mcRun2_asymptotic_v12-v1/70000/54F41B54-93BD-E511-96BB-74867AD4BE90.root
Begin processing the 700001st record. Run 1, Event 673537, LumiSection 3508 at 18-Oct-2023 22:21:56.206 CEST
18-Oct-2023 22:21:57 CEST  Closed file root://eospublic.cern.ch//eos/opendata/cms/mc/RunIIFall15MiniAODv2/WZ_TuneCUETP8M1_13TeV-pythia8/MINIAODSIM/PU25nsData2015v1_76X_mcRun2_asymptotic_v12-v1/70000/54F41B54-93BD-E511-96BB-74867AD4BE90.root
18-Oct-2023 22:21:57 CEST  Initiating request to open file root://eospublic.cern.ch//eos/opendata/cms/mc/RunIIFall15MiniAODv2/WZ_TuneCUETP8M1_13TeV-pythia8/MINIAODSIM/PU25nsData2015v1_76X_mcRun2_asymptotic_v12-v1/70000/5A30EEB7-8EBD-E511-87BB-74867AD4BE90.root
%MSG-w XrdAdaptor:  file_open 18-Oct-2023 22:21:57 CEST PostProcessEvent
Data is served from cern.ch instead of original site eospublic
%MSG
18-Oct-2023 22:21:57 CEST  Successfully opened file root://eospublic.cern.ch//eos/opendata/cms/mc/RunIIFall15MiniAODv2/WZ_TuneCUETP8M1_13TeV-pythia8/MINIAODSIM/PU25nsData2015v1_76X_mcRun2_asymptotic_v12-v1/70000/5A30EEB7-8EBD-E511-87BB-74867AD4BE90.root
18-Oct-2023 22:22:02 CEST  Closed file root://eospublic.cern.ch//eos/opendata/cms/mc/RunIIFall15MiniAODv2/WZ_TuneCUETP8M1_13TeV-pythia8/MINIAODSIM/PU25nsData2015v1_76X_mcRun2_asymptotic_v12-v1/70000/5A30EEB7-8EBD-E511-87BB-74867AD4BE90.root
18-Oct-2023 22:22:02 CEST  Initiating request to open file root://eospublic.cern.ch//eos/opendata/cms/mc/RunIIFall15MiniAODv2/WZ_TuneCUETP8M1_13TeV-pythia8/MINIAODSIM/PU25nsData2015v1_76X_mcRun2_asymptotic_v12-v1/70000/5AE2AE3D-91BD-E511-82FA-74867AD4BE90.root
%MSG-w XrdAdaptor:  file_open 18-Oct-2023 22:22:02 CEST PostProcessEvent
Data is served from cern.ch instead of original site eospublic
%MSG
18-Oct-2023 22:22:02 CEST  Successfully opened file root://eospublic.cern.ch//eos/opendata/cms/mc/RunIIFall15MiniAODv2/WZ_TuneCUETP8M1_13TeV-pythia8/MINIAODSIM/PU25nsData2015v1_76X_mcRun2_asymptotic_v12-v1/70000/5AE2AE3D-91BD-E511-82FA-74867AD4BE90.root
Begin processing the 800001st record. Run 1, Event 647121, LumiSection 3371 at 18-Oct-2023 22:22:07.316 CEST
18-Oct-2023 22:22:07 CEST  Closed file root://eospublic.cern.ch//eos/opendata/cms/mc/RunIIFall15MiniAODv2/WZ_TuneCUETP8M1_13TeV-pythia8/MINIAODSIM/PU25nsData2015v1_76X_mcRun2_asymptotic_v12-v1/70000/5AE2AE3D-91BD-E511-82FA-74867AD4BE90.root
18-Oct-2023 22:22:07 CEST  Initiating request to open file root://eospublic.cern.ch//eos/opendata/cms/mc/RunIIFall15MiniAODv2/WZ_TuneCUETP8M1_13TeV-pythia8/MINIAODSIM/PU25nsData2015v1_76X_mcRun2_asymptotic_v12-v1/70000/6200CC26-79BD-E511-8B05-74867AD4BE90.root
%MSG-w XrdAdaptor:  file_open 18-Oct-2023 22:22:07 CEST PostProcessEvent
Data is served from cern.ch instead of original site eospublic
%MSG
18-Oct-2023 22:22:07 CEST  Successfully opened file root://eospublic.cern.ch//eos/opendata/cms/mc/RunIIFall15MiniAODv2/WZ_TuneCUETP8M1_13TeV-pythia8/MINIAODSIM/PU25nsData2015v1_76X_mcRun2_asymptotic_v12-v1/70000/6200CC26-79BD-E511-8B05-74867AD4BE90.root
18-Oct-2023 22:22:13 CEST  Closed file root://eospublic.cern.ch//eos/opendata/cms/mc/RunIIFall15MiniAODv2/WZ_TuneCUETP8M1_13TeV-pythia8/MINIAODSIM/PU25nsData2015v1_76X_mcRun2_asymptotic_v12-v1/70000/6200CC26-79BD-E511-8B05-74867AD4BE90.root
18-Oct-2023 22:22:13 CEST  Initiating request to open file root://eospublic.cern.ch//eos/opendata/cms/mc/RunIIFall15MiniAODv2/WZ_TuneCUETP8M1_13TeV-pythia8/MINIAODSIM/PU25nsData2015v1_76X_mcRun2_asymptotic_v12-v1/70000/68B16194-19BD-E511-B692-74867AD4BE94.root
%MSG-w XrdAdaptor:  file_open 18-Oct-2023 22:22:13 CEST PostProcessEvent
Data is served from cern.ch instead of original site eospublic
%MSG
18-Oct-2023 22:22:13 CEST  Successfully opened file root://eospublic.cern.ch//eos/opendata/cms/mc/RunIIFall15MiniAODv2/WZ_TuneCUETP8M1_13TeV-pythia8/MINIAODSIM/PU25nsData2015v1_76X_mcRun2_asymptotic_v12-v1/70000/68B16194-19BD-E511-B692-74867AD4BE94.root
18-Oct-2023 22:22:15 CEST  Closed file root://eospublic.cern.ch//eos/opendata/cms/mc/RunIIFall15MiniAODv2/WZ_TuneCUETP8M1_13TeV-pythia8/MINIAODSIM/PU25nsData2015v1_76X_mcRun2_asymptotic_v12-v1/70000/68B16194-19BD-E511-B692-74867AD4BE94.root
18-Oct-2023 22:22:15 CEST  Initiating request to open file root://eospublic.cern.ch//eos/opendata/cms/mc/RunIIFall15MiniAODv2/WZ_TuneCUETP8M1_13TeV-pythia8/MINIAODSIM/PU25nsData2015v1_76X_mcRun2_asymptotic_v12-v1/70000/748313DE-8ABD-E511-B507-74867AD4BE90.root
%MSG-w XrdAdaptor:  file_open 18-Oct-2023 22:22:15 CEST PostProcessEvent
Data is served from cern.ch instead of original site eospublic
%MSG
18-Oct-2023 22:22:15 CEST  Successfully opened file root://eospublic.cern.ch//eos/opendata/cms/mc/RunIIFall15MiniAODv2/WZ_TuneCUETP8M1_13TeV-pythia8/MINIAODSIM/PU25nsData2015v1_76X_mcRun2_asymptotic_v12-v1/70000/748313DE-8ABD-E511-B507-74867AD4BE90.root
Begin processing the 900001st record. Run 1, Event 342729, LumiSection 1786 at 18-Oct-2023 22:22:19.338 CEST
18-Oct-2023 22:22:19 CEST  Closed file root://eospublic.cern.ch//eos/opendata/cms/mc/RunIIFall15MiniAODv2/WZ_TuneCUETP8M1_13TeV-pythia8/MINIAODSIM/PU25nsData2015v1_76X_mcRun2_asymptotic_v12-v1/70000/748313DE-8ABD-E511-B507-74867AD4BE90.root
18-Oct-2023 22:22:19 CEST  Initiating request to open file root://eospublic.cern.ch//eos/opendata/cms/mc/RunIIFall15MiniAODv2/WZ_TuneCUETP8M1_13TeV-pythia8/MINIAODSIM/PU25nsData2015v1_76X_mcRun2_asymptotic_v12-v1/70000/768DE513-7CBD-E511-821D-74867AD4BE90.root
%MSG-w XrdAdaptor:  file_open 18-Oct-2023 22:22:20 CEST PostProcessEvent
Data is served from cern.ch instead of original site eospublic
%MSG
18-Oct-2023 22:22:20 CEST  Successfully opened file root://eospublic.cern.ch//eos/opendata/cms/mc/RunIIFall15MiniAODv2/WZ_TuneCUETP8M1_13TeV-pythia8/MINIAODSIM/PU25nsData2015v1_76X_mcRun2_asymptotic_v12-v1/70000/768DE513-7CBD-E511-821D-74867AD4BE90.root
18-Oct-2023 22:22:24 CEST  Closed file root://eospublic.cern.ch//eos/opendata/cms/mc/RunIIFall15MiniAODv2/WZ_TuneCUETP8M1_13TeV-pythia8/MINIAODSIM/PU25nsData2015v1_76X_mcRun2_asymptotic_v12-v1/70000/768DE513-7CBD-E511-821D-74867AD4BE90.root
18-Oct-2023 22:22:24 CEST  Initiating request to open file root://eospublic.cern.ch//eos/opendata/cms/mc/RunIIFall15MiniAODv2/WZ_TuneCUETP8M1_13TeV-pythia8/MINIAODSIM/PU25nsData2015v1_76X_mcRun2_asymptotic_v12-v1/70000/82958A52-7ABD-E511-8905-74867AD4BE90.root
%MSG-w XrdAdaptor:  file_open 18-Oct-2023 22:22:24 CEST PostProcessEvent
Data is served from cern.ch instead of original site eospublic
%MSG
18-Oct-2023 22:22:24 CEST  Successfully opened file root://eospublic.cern.ch//eos/opendata/cms/mc/RunIIFall15MiniAODv2/WZ_TuneCUETP8M1_13TeV-pythia8/MINIAODSIM/PU25nsData2015v1_76X_mcRun2_asymptotic_v12-v1/70000/82958A52-7ABD-E511-8905-74867AD4BE90.root
18-Oct-2023 22:22:28 CEST  Closed file root://eospublic.cern.ch//eos/opendata/cms/mc/RunIIFall15MiniAODv2/WZ_TuneCUETP8M1_13TeV-pythia8/MINIAODSIM/PU25nsData2015v1_76X_mcRun2_asymptotic_v12-v1/70000/82958A52-7ABD-E511-8905-74867AD4BE90.root
18-Oct-2023 22:22:28 CEST  Initiating request to open file root://eospublic.cern.ch//eos/opendata/cms/mc/RunIIFall15MiniAODv2/WZ_TuneCUETP8M1_13TeV-pythia8/MINIAODSIM/PU25nsData2015v1_76X_mcRun2_asymptotic_v12-v1/70000/EAA1679C-A8BC-E511-B776-74867AD4BE90.root
%MSG-w XrdAdaptor:  file_open 18-Oct-2023 22:22:29 CEST PostProcessEvent
Data is served from cern.ch instead of original site eospublic
%MSG
18-Oct-2023 22:22:29 CEST  Successfully opened file root://eospublic.cern.ch//eos/opendata/cms/mc/RunIIFall15MiniAODv2/WZ_TuneCUETP8M1_13TeV-pythia8/MINIAODSIM/PU25nsData2015v1_76X_mcRun2_asymptotic_v12-v1/70000/EAA1679C-A8BC-E511-B776-74867AD4BE90.root
18-Oct-2023 22:22:31 CEST  Closed file root://eospublic.cern.ch//eos/opendata/cms/mc/RunIIFall15MiniAODv2/WZ_TuneCUETP8M1_13TeV-pythia8/MINIAODSIM/PU25nsData2015v1_76X_mcRun2_asymptotic_v12-v1/70000/EAA1679C-A8BC-E511-B776-74867AD4BE90.root

------------------------------------
GenXsecAnalyzer:
------------------------------------
Before Filtrer: total cross section = 2.343e+01 +- 1.049e-02 pb
Filter efficiency (taking into account weights)= (1e+06) / (1e+06) = 1.000e+00 +- 0.000e+00
Filter efficiency (event-level)= (1e+06) / (1e+06) = 1.000e+00 +- 0.000e+00
After filter: final cross section = 2.343e+01 +- 1.049e-02 pb

=============================================

MessageLogger Summary

 type     category        sev    module        subroutine        count    total
 ---- -------------------- -- ---------------- ----------------  -----    -----
    1 GenXSecAnalyzer      -w GenXSecAnalyzer:                       5        5
    2 XrdAdaptor           -w file_open                             25       25
    3 fileAction           -s file_close                            25       25
    4 fileAction           -s file_open                             50       50

 type    category    Examples: run/evt        run/evt          run/evt
 ---- -------------------- ---------------- ---------------- ----------------
    1 GenXSecAnalyzer      PostEndRun       PostEndRun       PostEndRun
    2 XrdAdaptor           pre-events       PostProcessEvent PostProcessEvent
    3 fileAction           PostProcessEvent PostProcessEvent PostEndRun
    4 fileAction           pre-events       pre-events       PostProcessEvent

Severity    # Occurrences   Total Occurrences
--------    -------------   -----------------
Warning                30                  30
System                 75                  75
