19-Oct-2023 00:10:25 CEST  Initiating request to open file root://eospublic.cern.ch//eos/opendata/cms/mc/RunIIFall15MiniAODv2/GGJets_M-6000To8000_Pt-50_13TeV-sherpa/MINIAODSIM/PU25nsData2015v1_76X_mcRun2_asymptotic_v12-v1/00000/32D25B45-36D8-E511-9C12-90B11C0BCE26.root
%MSG-w XrdAdaptor:  file_open 19-Oct-2023 00:10:26 CEST pre-events
Data is served from cern.ch instead of original site eospublic
%MSG
19-Oct-2023 00:10:28 CEST  Successfully opened file root://eospublic.cern.ch//eos/opendata/cms/mc/RunIIFall15MiniAODv2/GGJets_M-6000To8000_Pt-50_13TeV-sherpa/MINIAODSIM/PU25nsData2015v1_76X_mcRun2_asymptotic_v12-v1/00000/32D25B45-36D8-E511-9C12-90B11C0BCE26.root
Begin processing the 1st record. Run 1, Event 3151, LumiSection 51 at 19-Oct-2023 00:10:29.757 CEST
19-Oct-2023 00:10:31 CEST  Closed file root://eospublic.cern.ch//eos/opendata/cms/mc/RunIIFall15MiniAODv2/GGJets_M-6000To8000_Pt-50_13TeV-sherpa/MINIAODSIM/PU25nsData2015v1_76X_mcRun2_asymptotic_v12-v1/00000/32D25B45-36D8-E511-9C12-90B11C0BCE26.root
19-Oct-2023 00:10:31 CEST  Initiating request to open file root://eospublic.cern.ch//eos/opendata/cms/mc/RunIIFall15MiniAODv2/GGJets_M-6000To8000_Pt-50_13TeV-sherpa/MINIAODSIM/PU25nsData2015v1_76X_mcRun2_asymptotic_v12-v1/00000/540E8207-36D8-E511-B4E5-008CFA105EFC.root
%MSG-w XrdAdaptor:  file_open 19-Oct-2023 00:10:31 CEST PostProcessEvent
Data is served from cern.ch instead of original site eospublic
%MSG
19-Oct-2023 00:10:31 CEST  Successfully opened file root://eospublic.cern.ch//eos/opendata/cms/mc/RunIIFall15MiniAODv2/GGJets_M-6000To8000_Pt-50_13TeV-sherpa/MINIAODSIM/PU25nsData2015v1_76X_mcRun2_asymptotic_v12-v1/00000/540E8207-36D8-E511-B4E5-008CFA105EFC.root
19-Oct-2023 00:10:32 CEST  Closed file root://eospublic.cern.ch//eos/opendata/cms/mc/RunIIFall15MiniAODv2/GGJets_M-6000To8000_Pt-50_13TeV-sherpa/MINIAODSIM/PU25nsData2015v1_76X_mcRun2_asymptotic_v12-v1/00000/540E8207-36D8-E511-B4E5-008CFA105EFC.root
19-Oct-2023 00:10:32 CEST  Initiating request to open file root://eospublic.cern.ch//eos/opendata/cms/mc/RunIIFall15MiniAODv2/GGJets_M-6000To8000_Pt-50_13TeV-sherpa/MINIAODSIM/PU25nsData2015v1_76X_mcRun2_asymptotic_v12-v1/00000/744CFE45-36D8-E511-BF23-D4AE526DEE98.root
%MSG-w XrdAdaptor:  file_open 19-Oct-2023 00:10:32 CEST PostProcessEvent
Data is served from cern.ch instead of original site eospublic
%MSG
19-Oct-2023 00:10:32 CEST  Successfully opened file root://eospublic.cern.ch//eos/opendata/cms/mc/RunIIFall15MiniAODv2/GGJets_M-6000To8000_Pt-50_13TeV-sherpa/MINIAODSIM/PU25nsData2015v1_76X_mcRun2_asymptotic_v12-v1/00000/744CFE45-36D8-E511-BF23-D4AE526DEE98.root
19-Oct-2023 00:10:37 CEST  Closed file root://eospublic.cern.ch//eos/opendata/cms/mc/RunIIFall15MiniAODv2/GGJets_M-6000To8000_Pt-50_13TeV-sherpa/MINIAODSIM/PU25nsData2015v1_76X_mcRun2_asymptotic_v12-v1/00000/744CFE45-36D8-E511-BF23-D4AE526DEE98.root
19-Oct-2023 00:10:37 CEST  Initiating request to open file root://eospublic.cern.ch//eos/opendata/cms/mc/RunIIFall15MiniAODv2/GGJets_M-6000To8000_Pt-50_13TeV-sherpa/MINIAODSIM/PU25nsData2015v1_76X_mcRun2_asymptotic_v12-v1/00000/F4CF39D0-35D8-E511-9A2F-0026189438A9.root
%MSG-w XrdAdaptor:  file_open 19-Oct-2023 00:10:37 CEST PostProcessEvent
Data is served from cern.ch instead of original site eospublic
%MSG
19-Oct-2023 00:10:37 CEST  Successfully opened file root://eospublic.cern.ch//eos/opendata/cms/mc/RunIIFall15MiniAODv2/GGJets_M-6000To8000_Pt-50_13TeV-sherpa/MINIAODSIM/PU25nsData2015v1_76X_mcRun2_asymptotic_v12-v1/00000/F4CF39D0-35D8-E511-9A2F-0026189438A9.root
19-Oct-2023 00:10:38 CEST  Closed file root://eospublic.cern.ch//eos/opendata/cms/mc/RunIIFall15MiniAODv2/GGJets_M-6000To8000_Pt-50_13TeV-sherpa/MINIAODSIM/PU25nsData2015v1_76X_mcRun2_asymptotic_v12-v1/00000/F4CF39D0-35D8-E511-9A2F-0026189438A9.root
19-Oct-2023 00:10:38 CEST  Initiating request to open file root://eospublic.cern.ch//eos/opendata/cms/mc/RunIIFall15MiniAODv2/GGJets_M-6000To8000_Pt-50_13TeV-sherpa/MINIAODSIM/PU25nsData2015v1_76X_mcRun2_asymptotic_v12-v1/10000/0C1E98D5-FCD8-E511-B820-0CC47A4D7600.root
%MSG-w XrdAdaptor:  file_open 19-Oct-2023 00:10:38 CEST PostProcessEvent
Data is served from cern.ch instead of original site eospublic
%MSG
19-Oct-2023 00:10:38 CEST  Successfully opened file root://eospublic.cern.ch//eos/opendata/cms/mc/RunIIFall15MiniAODv2/GGJets_M-6000To8000_Pt-50_13TeV-sherpa/MINIAODSIM/PU25nsData2015v1_76X_mcRun2_asymptotic_v12-v1/10000/0C1E98D5-FCD8-E511-B820-0CC47A4D7600.root
19-Oct-2023 00:10:39 CEST  Closed file root://eospublic.cern.ch//eos/opendata/cms/mc/RunIIFall15MiniAODv2/GGJets_M-6000To8000_Pt-50_13TeV-sherpa/MINIAODSIM/PU25nsData2015v1_76X_mcRun2_asymptotic_v12-v1/10000/0C1E98D5-FCD8-E511-B820-0CC47A4D7600.root
19-Oct-2023 00:10:39 CEST  Initiating request to open file root://eospublic.cern.ch//eos/opendata/cms/mc/RunIIFall15MiniAODv2/GGJets_M-6000To8000_Pt-50_13TeV-sherpa/MINIAODSIM/PU25nsData2015v1_76X_mcRun2_asymptotic_v12-v1/10000/481637DF-FCD8-E511-B7D9-549F3525D084.root
%MSG-w XrdAdaptor:  file_open 19-Oct-2023 00:10:39 CEST PostProcessEvent
Data is served from cern.ch instead of original site eospublic
%MSG
19-Oct-2023 00:10:39 CEST  Successfully opened file root://eospublic.cern.ch//eos/opendata/cms/mc/RunIIFall15MiniAODv2/GGJets_M-6000To8000_Pt-50_13TeV-sherpa/MINIAODSIM/PU25nsData2015v1_76X_mcRun2_asymptotic_v12-v1/10000/481637DF-FCD8-E511-B7D9-549F3525D084.root
19-Oct-2023 00:10:40 CEST  Closed file root://eospublic.cern.ch//eos/opendata/cms/mc/RunIIFall15MiniAODv2/GGJets_M-6000To8000_Pt-50_13TeV-sherpa/MINIAODSIM/PU25nsData2015v1_76X_mcRun2_asymptotic_v12-v1/10000/481637DF-FCD8-E511-B7D9-549F3525D084.root
19-Oct-2023 00:10:40 CEST  Initiating request to open file root://eospublic.cern.ch//eos/opendata/cms/mc/RunIIFall15MiniAODv2/GGJets_M-6000To8000_Pt-50_13TeV-sherpa/MINIAODSIM/PU25nsData2015v1_76X_mcRun2_asymptotic_v12-v1/10000/98A22340-A6D8-E511-843B-0CC47A78A32E.root
%MSG-w XrdAdaptor:  file_open 19-Oct-2023 00:10:41 CEST PostProcessEvent
Data is served from cern.ch instead of original site eospublic
%MSG
19-Oct-2023 00:10:41 CEST  Successfully opened file root://eospublic.cern.ch//eos/opendata/cms/mc/RunIIFall15MiniAODv2/GGJets_M-6000To8000_Pt-50_13TeV-sherpa/MINIAODSIM/PU25nsData2015v1_76X_mcRun2_asymptotic_v12-v1/10000/98A22340-A6D8-E511-843B-0CC47A78A32E.root
Begin processing the 100001st record. Run 1, Event 57524, LumiSection 914 at 19-Oct-2023 00:10:44.023 CEST
19-Oct-2023 00:10:45 CEST  Closed file root://eospublic.cern.ch//eos/opendata/cms/mc/RunIIFall15MiniAODv2/GGJets_M-6000To8000_Pt-50_13TeV-sherpa/MINIAODSIM/PU25nsData2015v1_76X_mcRun2_asymptotic_v12-v1/10000/98A22340-A6D8-E511-843B-0CC47A78A32E.root
19-Oct-2023 00:10:45 CEST  Initiating request to open file root://eospublic.cern.ch//eos/opendata/cms/mc/RunIIFall15MiniAODv2/GGJets_M-6000To8000_Pt-50_13TeV-sherpa/MINIAODSIM/PU25nsData2015v1_76X_mcRun2_asymptotic_v12-v1/10000/DA1814F5-FCD8-E511-A182-842B2B185C54.root
%MSG-w XrdAdaptor:  file_open 19-Oct-2023 00:10:45 CEST PostProcessEvent
Data is served from cern.ch instead of original site eospublic
%MSG
19-Oct-2023 00:10:45 CEST  Successfully opened file root://eospublic.cern.ch//eos/opendata/cms/mc/RunIIFall15MiniAODv2/GGJets_M-6000To8000_Pt-50_13TeV-sherpa/MINIAODSIM/PU25nsData2015v1_76X_mcRun2_asymptotic_v12-v1/10000/DA1814F5-FCD8-E511-A182-842B2B185C54.root
19-Oct-2023 00:10:46 CEST  Closed file root://eospublic.cern.ch//eos/opendata/cms/mc/RunIIFall15MiniAODv2/GGJets_M-6000To8000_Pt-50_13TeV-sherpa/MINIAODSIM/PU25nsData2015v1_76X_mcRun2_asymptotic_v12-v1/10000/DA1814F5-FCD8-E511-A182-842B2B185C54.root
19-Oct-2023 00:10:46 CEST  Initiating request to open file root://eospublic.cern.ch//eos/opendata/cms/mc/RunIIFall15MiniAODv2/GGJets_M-6000To8000_Pt-50_13TeV-sherpa/MINIAODSIM/PU25nsData2015v1_76X_mcRun2_asymptotic_v12-v1/40000/14FA10CC-DCD7-E511-A696-782BCB1D28F8.root
%MSG-w XrdAdaptor:  file_open 19-Oct-2023 00:10:47 CEST PostProcessEvent
Data is served from cern.ch instead of original site eospublic
%MSG
19-Oct-2023 00:10:47 CEST  Successfully opened file root://eospublic.cern.ch//eos/opendata/cms/mc/RunIIFall15MiniAODv2/GGJets_M-6000To8000_Pt-50_13TeV-sherpa/MINIAODSIM/PU25nsData2015v1_76X_mcRun2_asymptotic_v12-v1/40000/14FA10CC-DCD7-E511-A696-782BCB1D28F8.root
19-Oct-2023 00:10:48 CEST  Closed file root://eospublic.cern.ch//eos/opendata/cms/mc/RunIIFall15MiniAODv2/GGJets_M-6000To8000_Pt-50_13TeV-sherpa/MINIAODSIM/PU25nsData2015v1_76X_mcRun2_asymptotic_v12-v1/40000/14FA10CC-DCD7-E511-A696-782BCB1D28F8.root
19-Oct-2023 00:10:48 CEST  Initiating request to open file root://eospublic.cern.ch//eos/opendata/cms/mc/RunIIFall15MiniAODv2/GGJets_M-6000To8000_Pt-50_13TeV-sherpa/MINIAODSIM/PU25nsData2015v1_76X_mcRun2_asymptotic_v12-v1/40000/4EA40516-DDD7-E511-BCC2-0025904C6416.root
%MSG-w XrdAdaptor:  file_open 19-Oct-2023 00:10:48 CEST PostProcessEvent
Data is served from cern.ch instead of original site eospublic
%MSG
19-Oct-2023 00:10:48 CEST  Successfully opened file root://eospublic.cern.ch//eos/opendata/cms/mc/RunIIFall15MiniAODv2/GGJets_M-6000To8000_Pt-50_13TeV-sherpa/MINIAODSIM/PU25nsData2015v1_76X_mcRun2_asymptotic_v12-v1/40000/4EA40516-DDD7-E511-BCC2-0025904C6416.root
19-Oct-2023 00:10:50 CEST  Closed file root://eospublic.cern.ch//eos/opendata/cms/mc/RunIIFall15MiniAODv2/GGJets_M-6000To8000_Pt-50_13TeV-sherpa/MINIAODSIM/PU25nsData2015v1_76X_mcRun2_asymptotic_v12-v1/40000/4EA40516-DDD7-E511-BCC2-0025904C6416.root
19-Oct-2023 00:10:50 CEST  Initiating request to open file root://eospublic.cern.ch//eos/opendata/cms/mc/RunIIFall15MiniAODv2/GGJets_M-6000To8000_Pt-50_13TeV-sherpa/MINIAODSIM/PU25nsData2015v1_76X_mcRun2_asymptotic_v12-v1/40000/96C35815-DDD7-E511-992A-3417EBE6443E.root
%MSG-w XrdAdaptor:  file_open 19-Oct-2023 00:10:50 CEST PostProcessEvent
Data is served from cern.ch instead of original site eospublic
%MSG
19-Oct-2023 00:10:50 CEST  Successfully opened file root://eospublic.cern.ch//eos/opendata/cms/mc/RunIIFall15MiniAODv2/GGJets_M-6000To8000_Pt-50_13TeV-sherpa/MINIAODSIM/PU25nsData2015v1_76X_mcRun2_asymptotic_v12-v1/40000/96C35815-DDD7-E511-992A-3417EBE6443E.root
19-Oct-2023 00:10:52 CEST  Closed file root://eospublic.cern.ch//eos/opendata/cms/mc/RunIIFall15MiniAODv2/GGJets_M-6000To8000_Pt-50_13TeV-sherpa/MINIAODSIM/PU25nsData2015v1_76X_mcRun2_asymptotic_v12-v1/40000/96C35815-DDD7-E511-992A-3417EBE6443E.root
19-Oct-2023 00:10:52 CEST  Initiating request to open file root://eospublic.cern.ch//eos/opendata/cms/mc/RunIIFall15MiniAODv2/GGJets_M-6000To8000_Pt-50_13TeV-sherpa/MINIAODSIM/PU25nsData2015v1_76X_mcRun2_asymptotic_v12-v1/40000/C2A50EB1-DCD7-E511-91C3-047D7BD6DE62.root
%MSG-w XrdAdaptor:  file_open 19-Oct-2023 00:10:52 CEST PostProcessEvent
Data is served from cern.ch instead of original site eospublic
%MSG
19-Oct-2023 00:10:52 CEST  Successfully opened file root://eospublic.cern.ch//eos/opendata/cms/mc/RunIIFall15MiniAODv2/GGJets_M-6000To8000_Pt-50_13TeV-sherpa/MINIAODSIM/PU25nsData2015v1_76X_mcRun2_asymptotic_v12-v1/40000/C2A50EB1-DCD7-E511-91C3-047D7BD6DE62.root
19-Oct-2023 00:10:53 CEST  Closed file root://eospublic.cern.ch//eos/opendata/cms/mc/RunIIFall15MiniAODv2/GGJets_M-6000To8000_Pt-50_13TeV-sherpa/MINIAODSIM/PU25nsData2015v1_76X_mcRun2_asymptotic_v12-v1/40000/C2A50EB1-DCD7-E511-91C3-047D7BD6DE62.root
19-Oct-2023 00:10:53 CEST  Initiating request to open file root://eospublic.cern.ch//eos/opendata/cms/mc/RunIIFall15MiniAODv2/GGJets_M-6000To8000_Pt-50_13TeV-sherpa/MINIAODSIM/PU25nsData2015v1_76X_mcRun2_asymptotic_v12-v1/60000/002E7C26-3DD8-E511-93AB-34E6D7E05F28.root
%MSG-w XrdAdaptor:  file_open 19-Oct-2023 00:10:53 CEST PostProcessEvent
Data is served from cern.ch instead of original site eospublic
%MSG
19-Oct-2023 00:10:53 CEST  Successfully opened file root://eospublic.cern.ch//eos/opendata/cms/mc/RunIIFall15MiniAODv2/GGJets_M-6000To8000_Pt-50_13TeV-sherpa/MINIAODSIM/PU25nsData2015v1_76X_mcRun2_asymptotic_v12-v1/60000/002E7C26-3DD8-E511-93AB-34E6D7E05F28.root
19-Oct-2023 00:10:54 CEST  Closed file root://eospublic.cern.ch//eos/opendata/cms/mc/RunIIFall15MiniAODv2/GGJets_M-6000To8000_Pt-50_13TeV-sherpa/MINIAODSIM/PU25nsData2015v1_76X_mcRun2_asymptotic_v12-v1/60000/002E7C26-3DD8-E511-93AB-34E6D7E05F28.root
19-Oct-2023 00:10:54 CEST  Initiating request to open file root://eospublic.cern.ch//eos/opendata/cms/mc/RunIIFall15MiniAODv2/GGJets_M-6000To8000_Pt-50_13TeV-sherpa/MINIAODSIM/PU25nsData2015v1_76X_mcRun2_asymptotic_v12-v1/60000/1EE7C42E-3DD8-E511-A1C8-0025905B85DC.root
%MSG-w XrdAdaptor:  file_open 19-Oct-2023 00:10:54 CEST PostProcessEvent
Data is served from cern.ch instead of original site eospublic
%MSG
19-Oct-2023 00:10:54 CEST  Successfully opened file root://eospublic.cern.ch//eos/opendata/cms/mc/RunIIFall15MiniAODv2/GGJets_M-6000To8000_Pt-50_13TeV-sherpa/MINIAODSIM/PU25nsData2015v1_76X_mcRun2_asymptotic_v12-v1/60000/1EE7C42E-3DD8-E511-A1C8-0025905B85DC.root
19-Oct-2023 00:10:57 CEST  Closed file root://eospublic.cern.ch//eos/opendata/cms/mc/RunIIFall15MiniAODv2/GGJets_M-6000To8000_Pt-50_13TeV-sherpa/MINIAODSIM/PU25nsData2015v1_76X_mcRun2_asymptotic_v12-v1/60000/1EE7C42E-3DD8-E511-A1C8-0025905B85DC.root
19-Oct-2023 00:10:57 CEST  Initiating request to open file root://eospublic.cern.ch//eos/opendata/cms/mc/RunIIFall15MiniAODv2/GGJets_M-6000To8000_Pt-50_13TeV-sherpa/MINIAODSIM/PU25nsData2015v1_76X_mcRun2_asymptotic_v12-v1/60000/3AC0B949-3DD8-E511-8D72-0025901AC3DE.root
%MSG-w XrdAdaptor:  file_open 19-Oct-2023 00:10:57 CEST PostProcessEvent
Data is served from cern.ch instead of original site eospublic
%MSG
19-Oct-2023 00:10:57 CEST  Successfully opened file root://eospublic.cern.ch//eos/opendata/cms/mc/RunIIFall15MiniAODv2/GGJets_M-6000To8000_Pt-50_13TeV-sherpa/MINIAODSIM/PU25nsData2015v1_76X_mcRun2_asymptotic_v12-v1/60000/3AC0B949-3DD8-E511-8D72-0025901AC3DE.root
19-Oct-2023 00:10:58 CEST  Closed file root://eospublic.cern.ch//eos/opendata/cms/mc/RunIIFall15MiniAODv2/GGJets_M-6000To8000_Pt-50_13TeV-sherpa/MINIAODSIM/PU25nsData2015v1_76X_mcRun2_asymptotic_v12-v1/60000/3AC0B949-3DD8-E511-8D72-0025901AC3DE.root
19-Oct-2023 00:10:58 CEST  Initiating request to open file root://eospublic.cern.ch//eos/opendata/cms/mc/RunIIFall15MiniAODv2/GGJets_M-6000To8000_Pt-50_13TeV-sherpa/MINIAODSIM/PU25nsData2015v1_76X_mcRun2_asymptotic_v12-v1/60000/A0B6A64B-3DD8-E511-9937-02163E015DBF.root
%MSG-w XrdAdaptor:  file_open 19-Oct-2023 00:10:58 CEST PostProcessEvent
Data is served from cern.ch instead of original site eospublic
%MSG
19-Oct-2023 00:10:58 CEST  Successfully opened file root://eospublic.cern.ch//eos/opendata/cms/mc/RunIIFall15MiniAODv2/GGJets_M-6000To8000_Pt-50_13TeV-sherpa/MINIAODSIM/PU25nsData2015v1_76X_mcRun2_asymptotic_v12-v1/60000/A0B6A64B-3DD8-E511-9937-02163E015DBF.root
Begin processing the 200001st record. Run 1, Event 123505, LumiSection 1961 at 19-Oct-2023 00:11:00.780 CEST
19-Oct-2023 00:11:01 CEST  Closed file root://eospublic.cern.ch//eos/opendata/cms/mc/RunIIFall15MiniAODv2/GGJets_M-6000To8000_Pt-50_13TeV-sherpa/MINIAODSIM/PU25nsData2015v1_76X_mcRun2_asymptotic_v12-v1/60000/A0B6A64B-3DD8-E511-9937-02163E015DBF.root
19-Oct-2023 00:11:01 CEST  Initiating request to open file root://eospublic.cern.ch//eos/opendata/cms/mc/RunIIFall15MiniAODv2/GGJets_M-6000To8000_Pt-50_13TeV-sherpa/MINIAODSIM/PU25nsData2015v1_76X_mcRun2_asymptotic_v12-v1/60000/A4534F5C-3DD8-E511-9932-001EC9B215FB.root
%MSG-w XrdAdaptor:  file_open 19-Oct-2023 00:11:01 CEST PostProcessEvent
Data is served from cern.ch instead of original site eospublic
%MSG
19-Oct-2023 00:11:01 CEST  Successfully opened file root://eospublic.cern.ch//eos/opendata/cms/mc/RunIIFall15MiniAODv2/GGJets_M-6000To8000_Pt-50_13TeV-sherpa/MINIAODSIM/PU25nsData2015v1_76X_mcRun2_asymptotic_v12-v1/60000/A4534F5C-3DD8-E511-9932-001EC9B215FB.root
19-Oct-2023 00:11:03 CEST  Closed file root://eospublic.cern.ch//eos/opendata/cms/mc/RunIIFall15MiniAODv2/GGJets_M-6000To8000_Pt-50_13TeV-sherpa/MINIAODSIM/PU25nsData2015v1_76X_mcRun2_asymptotic_v12-v1/60000/A4534F5C-3DD8-E511-9932-001EC9B215FB.root
19-Oct-2023 00:11:03 CEST  Initiating request to open file root://eospublic.cern.ch//eos/opendata/cms/mc/RunIIFall15MiniAODv2/GGJets_M-6000To8000_Pt-50_13TeV-sherpa/MINIAODSIM/PU25nsData2015v1_76X_mcRun2_asymptotic_v12-v1/60000/AE366F31-3DD8-E511-877F-0025905A60CE.root
%MSG-w XrdAdaptor:  file_open 19-Oct-2023 00:11:03 CEST PostProcessEvent
Data is served from cern.ch instead of original site eospublic
%MSG
19-Oct-2023 00:11:03 CEST  Successfully opened file root://eospublic.cern.ch//eos/opendata/cms/mc/RunIIFall15MiniAODv2/GGJets_M-6000To8000_Pt-50_13TeV-sherpa/MINIAODSIM/PU25nsData2015v1_76X_mcRun2_asymptotic_v12-v1/60000/AE366F31-3DD8-E511-877F-0025905A60CE.root
19-Oct-2023 00:11:05 CEST  Closed file root://eospublic.cern.ch//eos/opendata/cms/mc/RunIIFall15MiniAODv2/GGJets_M-6000To8000_Pt-50_13TeV-sherpa/MINIAODSIM/PU25nsData2015v1_76X_mcRun2_asymptotic_v12-v1/60000/AE366F31-3DD8-E511-877F-0025905A60CE.root
19-Oct-2023 00:11:05 CEST  Initiating request to open file root://eospublic.cern.ch//eos/opendata/cms/mc/RunIIFall15MiniAODv2/GGJets_M-6000To8000_Pt-50_13TeV-sherpa/MINIAODSIM/PU25nsData2015v1_76X_mcRun2_asymptotic_v12-v1/60000/F632A467-3DD8-E511-BEFA-02163E00E860.root
%MSG-w XrdAdaptor:  file_open 19-Oct-2023 00:11:05 CEST PostProcessEvent
Data is served from cern.ch instead of original site eospublic
%MSG
19-Oct-2023 00:11:05 CEST  Successfully opened file root://eospublic.cern.ch//eos/opendata/cms/mc/RunIIFall15MiniAODv2/GGJets_M-6000To8000_Pt-50_13TeV-sherpa/MINIAODSIM/PU25nsData2015v1_76X_mcRun2_asymptotic_v12-v1/60000/F632A467-3DD8-E511-BEFA-02163E00E860.root
19-Oct-2023 00:11:07 CEST  Closed file root://eospublic.cern.ch//eos/opendata/cms/mc/RunIIFall15MiniAODv2/GGJets_M-6000To8000_Pt-50_13TeV-sherpa/MINIAODSIM/PU25nsData2015v1_76X_mcRun2_asymptotic_v12-v1/60000/F632A467-3DD8-E511-BEFA-02163E00E860.root

------------------------------------
GenXsecAnalyzer:
------------------------------------
Before Filtrer: total cross section = 1.926e-08 +- 5.450e-11 pb
Filter efficiency (taking into account weights)= (45099.4) / (45099.4) = 1.000e+00 +- 0.000e+00
Filter efficiency (event-level)= (248234) / (248234) = 1.000e+00 +- 0.000e+00
After filter: final cross section = 1.926e-08 +- 5.450e-11 pb

=============================================

MessageLogger Summary

 type     category        sev    module        subroutine        count    total
 ---- -------------------- -- ---------------- ----------------  -----    -----
    1 GenXSecAnalyzer      -w GenXSecAnalyzer:                       5        5
    2 XrdAdaptor           -w file_open                             19       19
    3 fileAction           -s file_close                            19       19
    4 fileAction           -s file_open                             38       38

 type    category    Examples: run/evt        run/evt          run/evt
 ---- -------------------- ---------------- ---------------- ----------------
    1 GenXSecAnalyzer      PostEndRun       PostEndRun       PostEndRun
    2 XrdAdaptor           pre-events       PostProcessEvent PostProcessEvent
    3 fileAction           PostProcessEvent PostProcessEvent PostEndRun
    4 fileAction           pre-events       pre-events       PostProcessEvent

Severity    # Occurrences   Total Occurrences
--------    -------------   -----------------
Warning                24                  24
System                 57                  57
