19-Oct-2023 06:25:41 CEST  Initiating request to open file root://eospublic.cern.ch//eos/opendata/cms/mc/RunIIFall15MiniAODv2/WToTauNu_M-100_TuneCUETP8M1_13TeV-pythia8-tauola/MINIAODSIM/PU25nsData2015v1_76X_mcRun2_asymptotic_v12_ext1-v1/00000/04256D34-AEC7-E511-BEC5-549F3525DB98.root
%MSG-w XrdAdaptor:  file_open 19-Oct-2023 06:25:42 CEST pre-events
Data is served from cern.ch instead of original site eospublic
%MSG
19-Oct-2023 06:25:44 CEST  Successfully opened file root://eospublic.cern.ch//eos/opendata/cms/mc/RunIIFall15MiniAODv2/WToTauNu_M-100_TuneCUETP8M1_13TeV-pythia8-tauola/MINIAODSIM/PU25nsData2015v1_76X_mcRun2_asymptotic_v12_ext1-v1/00000/04256D34-AEC7-E511-BEC5-549F3525DB98.root
Begin processing the 1st record. Run 1, Event 63001, LumiSection 361 at 19-Oct-2023 06:25:45.343 CEST
19-Oct-2023 06:25:48 CEST  Closed file root://eospublic.cern.ch//eos/opendata/cms/mc/RunIIFall15MiniAODv2/WToTauNu_M-100_TuneCUETP8M1_13TeV-pythia8-tauola/MINIAODSIM/PU25nsData2015v1_76X_mcRun2_asymptotic_v12_ext1-v1/00000/04256D34-AEC7-E511-BEC5-549F3525DB98.root
19-Oct-2023 06:25:48 CEST  Initiating request to open file root://eospublic.cern.ch//eos/opendata/cms/mc/RunIIFall15MiniAODv2/WToTauNu_M-100_TuneCUETP8M1_13TeV-pythia8-tauola/MINIAODSIM/PU25nsData2015v1_76X_mcRun2_asymptotic_v12_ext1-v1/00000/38A6AF55-AEC7-E511-A64B-B083FED424C4.root
%MSG-w XrdAdaptor:  file_open 19-Oct-2023 06:25:48 CEST PostProcessEvent
Data is served from cern.ch instead of original site eospublic
%MSG
19-Oct-2023 06:25:48 CEST  Successfully opened file root://eospublic.cern.ch//eos/opendata/cms/mc/RunIIFall15MiniAODv2/WToTauNu_M-100_TuneCUETP8M1_13TeV-pythia8-tauola/MINIAODSIM/PU25nsData2015v1_76X_mcRun2_asymptotic_v12_ext1-v1/00000/38A6AF55-AEC7-E511-A64B-B083FED424C4.root
19-Oct-2023 06:25:52 CEST  Closed file root://eospublic.cern.ch//eos/opendata/cms/mc/RunIIFall15MiniAODv2/WToTauNu_M-100_TuneCUETP8M1_13TeV-pythia8-tauola/MINIAODSIM/PU25nsData2015v1_76X_mcRun2_asymptotic_v12_ext1-v1/00000/38A6AF55-AEC7-E511-A64B-B083FED424C4.root
19-Oct-2023 06:25:52 CEST  Initiating request to open file root://eospublic.cern.ch//eos/opendata/cms/mc/RunIIFall15MiniAODv2/WToTauNu_M-100_TuneCUETP8M1_13TeV-pythia8-tauola/MINIAODSIM/PU25nsData2015v1_76X_mcRun2_asymptotic_v12_ext1-v1/00000/4E7A39BF-ADC7-E511-A01B-B083FED18596.root
%MSG-w XrdAdaptor:  file_open 19-Oct-2023 06:25:52 CEST PostProcessEvent
Data is served from cern.ch instead of original site eospublic
%MSG
19-Oct-2023 06:25:52 CEST  Successfully opened file root://eospublic.cern.ch//eos/opendata/cms/mc/RunIIFall15MiniAODv2/WToTauNu_M-100_TuneCUETP8M1_13TeV-pythia8-tauola/MINIAODSIM/PU25nsData2015v1_76X_mcRun2_asymptotic_v12_ext1-v1/00000/4E7A39BF-ADC7-E511-A01B-B083FED18596.root
Begin processing the 100001st record. Run 1, Event 830901, LumiSection 4749 at 19-Oct-2023 06:25:55.475 CEST
19-Oct-2023 06:25:56 CEST  Closed file root://eospublic.cern.ch//eos/opendata/cms/mc/RunIIFall15MiniAODv2/WToTauNu_M-100_TuneCUETP8M1_13TeV-pythia8-tauola/MINIAODSIM/PU25nsData2015v1_76X_mcRun2_asymptotic_v12_ext1-v1/00000/4E7A39BF-ADC7-E511-A01B-B083FED18596.root
19-Oct-2023 06:25:56 CEST  Initiating request to open file root://eospublic.cern.ch//eos/opendata/cms/mc/RunIIFall15MiniAODv2/WToTauNu_M-100_TuneCUETP8M1_13TeV-pythia8-tauola/MINIAODSIM/PU25nsData2015v1_76X_mcRun2_asymptotic_v12_ext1-v1/00000/EC3556F3-ADC7-E511-9BAC-D4AE527EE0EB.root
%MSG-w XrdAdaptor:  file_open 19-Oct-2023 06:25:56 CEST PostProcessEvent
Data is served from cern.ch instead of original site eospublic
%MSG
19-Oct-2023 06:25:56 CEST  Successfully opened file root://eospublic.cern.ch//eos/opendata/cms/mc/RunIIFall15MiniAODv2/WToTauNu_M-100_TuneCUETP8M1_13TeV-pythia8-tauola/MINIAODSIM/PU25nsData2015v1_76X_mcRun2_asymptotic_v12_ext1-v1/00000/EC3556F3-ADC7-E511-9BAC-D4AE527EE0EB.root
19-Oct-2023 06:26:01 CEST  Closed file root://eospublic.cern.ch//eos/opendata/cms/mc/RunIIFall15MiniAODv2/WToTauNu_M-100_TuneCUETP8M1_13TeV-pythia8-tauola/MINIAODSIM/PU25nsData2015v1_76X_mcRun2_asymptotic_v12_ext1-v1/00000/EC3556F3-ADC7-E511-9BAC-D4AE527EE0EB.root
19-Oct-2023 06:26:01 CEST  Initiating request to open file root://eospublic.cern.ch//eos/opendata/cms/mc/RunIIFall15MiniAODv2/WToTauNu_M-100_TuneCUETP8M1_13TeV-pythia8-tauola/MINIAODSIM/PU25nsData2015v1_76X_mcRun2_asymptotic_v12_ext1-v1/50000/0408318F-93C7-E511-B0BC-3417EBE2F097.root
%MSG-w XrdAdaptor:  file_open 19-Oct-2023 06:26:01 CEST PostProcessEvent
Data is served from cern.ch instead of original site eospublic
%MSG
19-Oct-2023 06:26:01 CEST  Successfully opened file root://eospublic.cern.ch//eos/opendata/cms/mc/RunIIFall15MiniAODv2/WToTauNu_M-100_TuneCUETP8M1_13TeV-pythia8-tauola/MINIAODSIM/PU25nsData2015v1_76X_mcRun2_asymptotic_v12_ext1-v1/50000/0408318F-93C7-E511-B0BC-3417EBE2F097.root
19-Oct-2023 06:26:06 CEST  Closed file root://eospublic.cern.ch//eos/opendata/cms/mc/RunIIFall15MiniAODv2/WToTauNu_M-100_TuneCUETP8M1_13TeV-pythia8-tauola/MINIAODSIM/PU25nsData2015v1_76X_mcRun2_asymptotic_v12_ext1-v1/50000/0408318F-93C7-E511-B0BC-3417EBE2F097.root
19-Oct-2023 06:26:06 CEST  Initiating request to open file root://eospublic.cern.ch//eos/opendata/cms/mc/RunIIFall15MiniAODv2/WToTauNu_M-100_TuneCUETP8M1_13TeV-pythia8-tauola/MINIAODSIM/PU25nsData2015v1_76X_mcRun2_asymptotic_v12_ext1-v1/50000/06605C96-93C7-E511-B41B-20CF3056169B.root
%MSG-w XrdAdaptor:  file_open 19-Oct-2023 06:26:06 CEST PostProcessEvent
Data is served from cern.ch instead of original site eospublic
%MSG
19-Oct-2023 06:26:06 CEST  Successfully opened file root://eospublic.cern.ch//eos/opendata/cms/mc/RunIIFall15MiniAODv2/WToTauNu_M-100_TuneCUETP8M1_13TeV-pythia8-tauola/MINIAODSIM/PU25nsData2015v1_76X_mcRun2_asymptotic_v12_ext1-v1/50000/06605C96-93C7-E511-B41B-20CF3056169B.root
Begin processing the 200001st record. Run 1, Event 595401, LumiSection 3403 at 19-Oct-2023 06:26:09.019 CEST
19-Oct-2023 06:26:10 CEST  Closed file root://eospublic.cern.ch//eos/opendata/cms/mc/RunIIFall15MiniAODv2/WToTauNu_M-100_TuneCUETP8M1_13TeV-pythia8-tauola/MINIAODSIM/PU25nsData2015v1_76X_mcRun2_asymptotic_v12_ext1-v1/50000/06605C96-93C7-E511-B41B-20CF3056169B.root
19-Oct-2023 06:26:10 CEST  Initiating request to open file root://eospublic.cern.ch//eos/opendata/cms/mc/RunIIFall15MiniAODv2/WToTauNu_M-100_TuneCUETP8M1_13TeV-pythia8-tauola/MINIAODSIM/PU25nsData2015v1_76X_mcRun2_asymptotic_v12_ext1-v1/50000/06E6D47E-93C7-E511-BEF7-008CFA1CBA7C.root
%MSG-w XrdAdaptor:  file_open 19-Oct-2023 06:26:10 CEST PostProcessEvent
Data is served from cern.ch instead of original site eospublic
%MSG
19-Oct-2023 06:26:10 CEST  Successfully opened file root://eospublic.cern.ch//eos/opendata/cms/mc/RunIIFall15MiniAODv2/WToTauNu_M-100_TuneCUETP8M1_13TeV-pythia8-tauola/MINIAODSIM/PU25nsData2015v1_76X_mcRun2_asymptotic_v12_ext1-v1/50000/06E6D47E-93C7-E511-BEF7-008CFA1CBA7C.root
19-Oct-2023 06:26:11 CEST  Closed file root://eospublic.cern.ch//eos/opendata/cms/mc/RunIIFall15MiniAODv2/WToTauNu_M-100_TuneCUETP8M1_13TeV-pythia8-tauola/MINIAODSIM/PU25nsData2015v1_76X_mcRun2_asymptotic_v12_ext1-v1/50000/06E6D47E-93C7-E511-BEF7-008CFA1CBA7C.root
19-Oct-2023 06:26:11 CEST  Initiating request to open file root://eospublic.cern.ch//eos/opendata/cms/mc/RunIIFall15MiniAODv2/WToTauNu_M-100_TuneCUETP8M1_13TeV-pythia8-tauola/MINIAODSIM/PU25nsData2015v1_76X_mcRun2_asymptotic_v12_ext1-v1/50000/40B6157F-93C7-E511-AB31-0025904C540E.root
%MSG-w XrdAdaptor:  file_open 19-Oct-2023 06:26:11 CEST PostProcessEvent
Data is served from cern.ch instead of original site eospublic
%MSG
19-Oct-2023 06:26:11 CEST  Successfully opened file root://eospublic.cern.ch//eos/opendata/cms/mc/RunIIFall15MiniAODv2/WToTauNu_M-100_TuneCUETP8M1_13TeV-pythia8-tauola/MINIAODSIM/PU25nsData2015v1_76X_mcRun2_asymptotic_v12_ext1-v1/50000/40B6157F-93C7-E511-AB31-0025904C540E.root
19-Oct-2023 06:26:17 CEST  Closed file root://eospublic.cern.ch//eos/opendata/cms/mc/RunIIFall15MiniAODv2/WToTauNu_M-100_TuneCUETP8M1_13TeV-pythia8-tauola/MINIAODSIM/PU25nsData2015v1_76X_mcRun2_asymptotic_v12_ext1-v1/50000/40B6157F-93C7-E511-AB31-0025904C540E.root
19-Oct-2023 06:26:17 CEST  Initiating request to open file root://eospublic.cern.ch//eos/opendata/cms/mc/RunIIFall15MiniAODv2/WToTauNu_M-100_TuneCUETP8M1_13TeV-pythia8-tauola/MINIAODSIM/PU25nsData2015v1_76X_mcRun2_asymptotic_v12_ext1-v1/50000/4438C29C-93C7-E511-A7FC-44A8423DE2C0.root
%MSG-w XrdAdaptor:  file_open 19-Oct-2023 06:26:17 CEST PostProcessEvent
Data is served from cern.ch instead of original site eospublic
%MSG
19-Oct-2023 06:26:17 CEST  Successfully opened file root://eospublic.cern.ch//eos/opendata/cms/mc/RunIIFall15MiniAODv2/WToTauNu_M-100_TuneCUETP8M1_13TeV-pythia8-tauola/MINIAODSIM/PU25nsData2015v1_76X_mcRun2_asymptotic_v12_ext1-v1/50000/4438C29C-93C7-E511-A7FC-44A8423DE2C0.root
19-Oct-2023 06:26:19 CEST  Closed file root://eospublic.cern.ch//eos/opendata/cms/mc/RunIIFall15MiniAODv2/WToTauNu_M-100_TuneCUETP8M1_13TeV-pythia8-tauola/MINIAODSIM/PU25nsData2015v1_76X_mcRun2_asymptotic_v12_ext1-v1/50000/4438C29C-93C7-E511-A7FC-44A8423DE2C0.root
19-Oct-2023 06:26:19 CEST  Initiating request to open file root://eospublic.cern.ch//eos/opendata/cms/mc/RunIIFall15MiniAODv2/WToTauNu_M-100_TuneCUETP8M1_13TeV-pythia8-tauola/MINIAODSIM/PU25nsData2015v1_76X_mcRun2_asymptotic_v12_ext1-v1/50000/5A304B7E-93C7-E511-B1E0-0025904C6568.root
%MSG-w XrdAdaptor:  file_open 19-Oct-2023 06:26:19 CEST PostProcessEvent
Data is served from cern.ch instead of original site eospublic
%MSG
19-Oct-2023 06:26:19 CEST  Successfully opened file root://eospublic.cern.ch//eos/opendata/cms/mc/RunIIFall15MiniAODv2/WToTauNu_M-100_TuneCUETP8M1_13TeV-pythia8-tauola/MINIAODSIM/PU25nsData2015v1_76X_mcRun2_asymptotic_v12_ext1-v1/50000/5A304B7E-93C7-E511-B1E0-0025904C6568.root
19-Oct-2023 06:26:20 CEST  Closed file root://eospublic.cern.ch//eos/opendata/cms/mc/RunIIFall15MiniAODv2/WToTauNu_M-100_TuneCUETP8M1_13TeV-pythia8-tauola/MINIAODSIM/PU25nsData2015v1_76X_mcRun2_asymptotic_v12_ext1-v1/50000/5A304B7E-93C7-E511-B1E0-0025904C6568.root
19-Oct-2023 06:26:20 CEST  Initiating request to open file root://eospublic.cern.ch//eos/opendata/cms/mc/RunIIFall15MiniAODv2/WToTauNu_M-100_TuneCUETP8M1_13TeV-pythia8-tauola/MINIAODSIM/PU25nsData2015v1_76X_mcRun2_asymptotic_v12_ext1-v1/50000/7227917E-93C7-E511-BF24-0025905BA736.root
%MSG-w XrdAdaptor:  file_open 19-Oct-2023 06:26:20 CEST PostProcessEvent
Data is served from cern.ch instead of original site eospublic
%MSG
19-Oct-2023 06:26:20 CEST  Successfully opened file root://eospublic.cern.ch//eos/opendata/cms/mc/RunIIFall15MiniAODv2/WToTauNu_M-100_TuneCUETP8M1_13TeV-pythia8-tauola/MINIAODSIM/PU25nsData2015v1_76X_mcRun2_asymptotic_v12_ext1-v1/50000/7227917E-93C7-E511-BF24-0025905BA736.root
Begin processing the 300001st record. Run 1, Event 538101, LumiSection 3075 at 19-Oct-2023 06:26:22.100 CEST
19-Oct-2023 06:26:25 CEST  Closed file root://eospublic.cern.ch//eos/opendata/cms/mc/RunIIFall15MiniAODv2/WToTauNu_M-100_TuneCUETP8M1_13TeV-pythia8-tauola/MINIAODSIM/PU25nsData2015v1_76X_mcRun2_asymptotic_v12_ext1-v1/50000/7227917E-93C7-E511-BF24-0025905BA736.root
19-Oct-2023 06:26:25 CEST  Initiating request to open file root://eospublic.cern.ch//eos/opendata/cms/mc/RunIIFall15MiniAODv2/WToTauNu_M-100_TuneCUETP8M1_13TeV-pythia8-tauola/MINIAODSIM/PU25nsData2015v1_76X_mcRun2_asymptotic_v12_ext1-v1/50000/822CC77E-93C7-E511-B101-0025904C6568.root
%MSG-w XrdAdaptor:  file_open 19-Oct-2023 06:26:25 CEST PostProcessEvent
Data is served from cern.ch instead of original site eospublic
%MSG
19-Oct-2023 06:26:25 CEST  Successfully opened file root://eospublic.cern.ch//eos/opendata/cms/mc/RunIIFall15MiniAODv2/WToTauNu_M-100_TuneCUETP8M1_13TeV-pythia8-tauola/MINIAODSIM/PU25nsData2015v1_76X_mcRun2_asymptotic_v12_ext1-v1/50000/822CC77E-93C7-E511-B101-0025904C6568.root
19-Oct-2023 06:26:29 CEST  Closed file root://eospublic.cern.ch//eos/opendata/cms/mc/RunIIFall15MiniAODv2/WToTauNu_M-100_TuneCUETP8M1_13TeV-pythia8-tauola/MINIAODSIM/PU25nsData2015v1_76X_mcRun2_asymptotic_v12_ext1-v1/50000/822CC77E-93C7-E511-B101-0025904C6568.root
19-Oct-2023 06:26:29 CEST  Initiating request to open file root://eospublic.cern.ch//eos/opendata/cms/mc/RunIIFall15MiniAODv2/WToTauNu_M-100_TuneCUETP8M1_13TeV-pythia8-tauola/MINIAODSIM/PU25nsData2015v1_76X_mcRun2_asymptotic_v12_ext1-v1/50000/9261E48F-93C7-E511-8135-7845C4FC3B69.root
%MSG-w XrdAdaptor:  file_open 19-Oct-2023 06:26:29 CEST PostProcessEvent
Data is served from cern.ch instead of original site eospublic
%MSG
19-Oct-2023 06:26:29 CEST  Successfully opened file root://eospublic.cern.ch//eos/opendata/cms/mc/RunIIFall15MiniAODv2/WToTauNu_M-100_TuneCUETP8M1_13TeV-pythia8-tauola/MINIAODSIM/PU25nsData2015v1_76X_mcRun2_asymptotic_v12_ext1-v1/50000/9261E48F-93C7-E511-8135-7845C4FC3B69.root
Begin processing the 400001st record. Run 1, Event 383101, LumiSection 2190 at 19-Oct-2023 06:26:32.312 CEST
19-Oct-2023 06:26:34 CEST  Closed file root://eospublic.cern.ch//eos/opendata/cms/mc/RunIIFall15MiniAODv2/WToTauNu_M-100_TuneCUETP8M1_13TeV-pythia8-tauola/MINIAODSIM/PU25nsData2015v1_76X_mcRun2_asymptotic_v12_ext1-v1/50000/9261E48F-93C7-E511-8135-7845C4FC3B69.root
19-Oct-2023 06:26:34 CEST  Initiating request to open file root://eospublic.cern.ch//eos/opendata/cms/mc/RunIIFall15MiniAODv2/WToTauNu_M-100_TuneCUETP8M1_13TeV-pythia8-tauola/MINIAODSIM/PU25nsData2015v1_76X_mcRun2_asymptotic_v12_ext1-v1/50000/98BBF087-93C7-E511-B4DC-002590A37106.root
%MSG-w XrdAdaptor:  file_open 19-Oct-2023 06:26:34 CEST PostProcessEvent
Data is served from cern.ch instead of original site eospublic
%MSG
19-Oct-2023 06:26:34 CEST  Successfully opened file root://eospublic.cern.ch//eos/opendata/cms/mc/RunIIFall15MiniAODv2/WToTauNu_M-100_TuneCUETP8M1_13TeV-pythia8-tauola/MINIAODSIM/PU25nsData2015v1_76X_mcRun2_asymptotic_v12_ext1-v1/50000/98BBF087-93C7-E511-B4DC-002590A37106.root
19-Oct-2023 06:26:39 CEST  Closed file root://eospublic.cern.ch//eos/opendata/cms/mc/RunIIFall15MiniAODv2/WToTauNu_M-100_TuneCUETP8M1_13TeV-pythia8-tauola/MINIAODSIM/PU25nsData2015v1_76X_mcRun2_asymptotic_v12_ext1-v1/50000/98BBF087-93C7-E511-B4DC-002590A37106.root
19-Oct-2023 06:26:39 CEST  Initiating request to open file root://eospublic.cern.ch//eos/opendata/cms/mc/RunIIFall15MiniAODv2/WToTauNu_M-100_TuneCUETP8M1_13TeV-pythia8-tauola/MINIAODSIM/PU25nsData2015v1_76X_mcRun2_asymptotic_v12_ext1-v1/50000/B6670F81-93C7-E511-83B5-B8CA3A70A5E8.root
%MSG-w XrdAdaptor:  file_open 19-Oct-2023 06:26:39 CEST PostProcessEvent
Data is served from cern.ch instead of original site eospublic
%MSG
19-Oct-2023 06:26:39 CEST  Successfully opened file root://eospublic.cern.ch//eos/opendata/cms/mc/RunIIFall15MiniAODv2/WToTauNu_M-100_TuneCUETP8M1_13TeV-pythia8-tauola/MINIAODSIM/PU25nsData2015v1_76X_mcRun2_asymptotic_v12_ext1-v1/50000/B6670F81-93C7-E511-83B5-B8CA3A70A5E8.root
19-Oct-2023 06:26:41 CEST  Closed file root://eospublic.cern.ch//eos/opendata/cms/mc/RunIIFall15MiniAODv2/WToTauNu_M-100_TuneCUETP8M1_13TeV-pythia8-tauola/MINIAODSIM/PU25nsData2015v1_76X_mcRun2_asymptotic_v12_ext1-v1/50000/B6670F81-93C7-E511-83B5-B8CA3A70A5E8.root
19-Oct-2023 06:26:41 CEST  Initiating request to open file root://eospublic.cern.ch//eos/opendata/cms/mc/RunIIFall15MiniAODv2/WToTauNu_M-100_TuneCUETP8M1_13TeV-pythia8-tauola/MINIAODSIM/PU25nsData2015v1_76X_mcRun2_asymptotic_v12_ext1-v1/50000/EC3FA375-93C7-E511-B099-002481CFDE08.root
%MSG-w XrdAdaptor:  file_open 19-Oct-2023 06:26:41 CEST PostProcessEvent
Data is served from cern.ch instead of original site eospublic
%MSG
19-Oct-2023 06:26:41 CEST  Successfully opened file root://eospublic.cern.ch//eos/opendata/cms/mc/RunIIFall15MiniAODv2/WToTauNu_M-100_TuneCUETP8M1_13TeV-pythia8-tauola/MINIAODSIM/PU25nsData2015v1_76X_mcRun2_asymptotic_v12_ext1-v1/50000/EC3FA375-93C7-E511-B099-002481CFDE08.root
Begin processing the 500001st record. Run 1, Event 1456951, LumiSection 8326 at 19-Oct-2023 06:26:43.681 CEST
19-Oct-2023 06:26:44 CEST  Closed file root://eospublic.cern.ch//eos/opendata/cms/mc/RunIIFall15MiniAODv2/WToTauNu_M-100_TuneCUETP8M1_13TeV-pythia8-tauola/MINIAODSIM/PU25nsData2015v1_76X_mcRun2_asymptotic_v12_ext1-v1/50000/EC3FA375-93C7-E511-B099-002481CFDE08.root
19-Oct-2023 06:26:44 CEST  Initiating request to open file root://eospublic.cern.ch//eos/opendata/cms/mc/RunIIFall15MiniAODv2/WToTauNu_M-100_TuneCUETP8M1_13TeV-pythia8-tauola/MINIAODSIM/PU25nsData2015v1_76X_mcRun2_asymptotic_v12_ext1-v1/50000/F2AC9EAC-93C7-E511-883B-001E67398D72.root
%MSG-w XrdAdaptor:  file_open 19-Oct-2023 06:26:44 CEST PostProcessEvent
Data is served from cern.ch instead of original site eospublic
%MSG
19-Oct-2023 06:26:45 CEST  Successfully opened file root://eospublic.cern.ch//eos/opendata/cms/mc/RunIIFall15MiniAODv2/WToTauNu_M-100_TuneCUETP8M1_13TeV-pythia8-tauola/MINIAODSIM/PU25nsData2015v1_76X_mcRun2_asymptotic_v12_ext1-v1/50000/F2AC9EAC-93C7-E511-883B-001E67398D72.root
19-Oct-2023 06:26:46 CEST  Closed file root://eospublic.cern.ch//eos/opendata/cms/mc/RunIIFall15MiniAODv2/WToTauNu_M-100_TuneCUETP8M1_13TeV-pythia8-tauola/MINIAODSIM/PU25nsData2015v1_76X_mcRun2_asymptotic_v12_ext1-v1/50000/F2AC9EAC-93C7-E511-883B-001E67398D72.root
19-Oct-2023 06:26:46 CEST  Initiating request to open file root://eospublic.cern.ch//eos/opendata/cms/mc/RunIIFall15MiniAODv2/WToTauNu_M-100_TuneCUETP8M1_13TeV-pythia8-tauola/MINIAODSIM/PU25nsData2015v1_76X_mcRun2_asymptotic_v12_ext1-v1/70000/003ED561-EAC7-E511-A1A7-008CFA002E80.root
%MSG-w XrdAdaptor:  file_open 19-Oct-2023 06:26:46 CEST PostProcessEvent
Data is served from cern.ch instead of original site eospublic
%MSG
19-Oct-2023 06:26:46 CEST  Successfully opened file root://eospublic.cern.ch//eos/opendata/cms/mc/RunIIFall15MiniAODv2/WToTauNu_M-100_TuneCUETP8M1_13TeV-pythia8-tauola/MINIAODSIM/PU25nsData2015v1_76X_mcRun2_asymptotic_v12_ext1-v1/70000/003ED561-EAC7-E511-A1A7-008CFA002E80.root
19-Oct-2023 06:26:49 CEST  Closed file root://eospublic.cern.ch//eos/opendata/cms/mc/RunIIFall15MiniAODv2/WToTauNu_M-100_TuneCUETP8M1_13TeV-pythia8-tauola/MINIAODSIM/PU25nsData2015v1_76X_mcRun2_asymptotic_v12_ext1-v1/70000/003ED561-EAC7-E511-A1A7-008CFA002E80.root
19-Oct-2023 06:26:49 CEST  Initiating request to open file root://eospublic.cern.ch//eos/opendata/cms/mc/RunIIFall15MiniAODv2/WToTauNu_M-100_TuneCUETP8M1_13TeV-pythia8-tauola/MINIAODSIM/PU25nsData2015v1_76X_mcRun2_asymptotic_v12_ext1-v1/70000/003EE678-EAC7-E511-B684-B083FECF8ACE.root
%MSG-w XrdAdaptor:  file_open 19-Oct-2023 06:26:49 CEST PostProcessEvent
Data is served from cern.ch instead of original site eospublic
%MSG
19-Oct-2023 06:26:49 CEST  Successfully opened file root://eospublic.cern.ch//eos/opendata/cms/mc/RunIIFall15MiniAODv2/WToTauNu_M-100_TuneCUETP8M1_13TeV-pythia8-tauola/MINIAODSIM/PU25nsData2015v1_76X_mcRun2_asymptotic_v12_ext1-v1/70000/003EE678-EAC7-E511-B684-B083FECF8ACE.root
19-Oct-2023 06:26:53 CEST  Closed file root://eospublic.cern.ch//eos/opendata/cms/mc/RunIIFall15MiniAODv2/WToTauNu_M-100_TuneCUETP8M1_13TeV-pythia8-tauola/MINIAODSIM/PU25nsData2015v1_76X_mcRun2_asymptotic_v12_ext1-v1/70000/003EE678-EAC7-E511-B684-B083FECF8ACE.root
19-Oct-2023 06:26:53 CEST  Initiating request to open file root://eospublic.cern.ch//eos/opendata/cms/mc/RunIIFall15MiniAODv2/WToTauNu_M-100_TuneCUETP8M1_13TeV-pythia8-tauola/MINIAODSIM/PU25nsData2015v1_76X_mcRun2_asymptotic_v12_ext1-v1/70000/02BCBFAF-C3C7-E511-A41E-001E673966B2.root
%MSG-w XrdAdaptor:  file_open 19-Oct-2023 06:26:53 CEST PostProcessEvent
Data is served from cern.ch instead of original site eospublic
%MSG
19-Oct-2023 06:26:53 CEST  Successfully opened file root://eospublic.cern.ch//eos/opendata/cms/mc/RunIIFall15MiniAODv2/WToTauNu_M-100_TuneCUETP8M1_13TeV-pythia8-tauola/MINIAODSIM/PU25nsData2015v1_76X_mcRun2_asymptotic_v12_ext1-v1/70000/02BCBFAF-C3C7-E511-A41E-001E673966B2.root
Begin processing the 600001st record. Run 1, Event 1498001, LumiSection 8561 at 19-Oct-2023 06:26:55.757 CEST
19-Oct-2023 06:26:58 CEST  Closed file root://eospublic.cern.ch//eos/opendata/cms/mc/RunIIFall15MiniAODv2/WToTauNu_M-100_TuneCUETP8M1_13TeV-pythia8-tauola/MINIAODSIM/PU25nsData2015v1_76X_mcRun2_asymptotic_v12_ext1-v1/70000/02BCBFAF-C3C7-E511-A41E-001E673966B2.root
19-Oct-2023 06:26:58 CEST  Initiating request to open file root://eospublic.cern.ch//eos/opendata/cms/mc/RunIIFall15MiniAODv2/WToTauNu_M-100_TuneCUETP8M1_13TeV-pythia8-tauola/MINIAODSIM/PU25nsData2015v1_76X_mcRun2_asymptotic_v12_ext1-v1/70000/0429FC7D-EAC7-E511-A692-782BCB20BDE5.root
%MSG-w XrdAdaptor:  file_open 19-Oct-2023 06:26:58 CEST PostProcessEvent
Data is served from cern.ch instead of original site eospublic
%MSG
19-Oct-2023 06:26:58 CEST  Successfully opened file root://eospublic.cern.ch//eos/opendata/cms/mc/RunIIFall15MiniAODv2/WToTauNu_M-100_TuneCUETP8M1_13TeV-pythia8-tauola/MINIAODSIM/PU25nsData2015v1_76X_mcRun2_asymptotic_v12_ext1-v1/70000/0429FC7D-EAC7-E511-A692-782BCB20BDE5.root
19-Oct-2023 06:27:03 CEST  Closed file root://eospublic.cern.ch//eos/opendata/cms/mc/RunIIFall15MiniAODv2/WToTauNu_M-100_TuneCUETP8M1_13TeV-pythia8-tauola/MINIAODSIM/PU25nsData2015v1_76X_mcRun2_asymptotic_v12_ext1-v1/70000/0429FC7D-EAC7-E511-A692-782BCB20BDE5.root
19-Oct-2023 06:27:03 CEST  Initiating request to open file root://eospublic.cern.ch//eos/opendata/cms/mc/RunIIFall15MiniAODv2/WToTauNu_M-100_TuneCUETP8M1_13TeV-pythia8-tauola/MINIAODSIM/PU25nsData2015v1_76X_mcRun2_asymptotic_v12_ext1-v1/70000/049FE57D-EAC7-E511-B3AE-B083FED18BA0.root
%MSG-w XrdAdaptor:  file_open 19-Oct-2023 06:27:03 CEST PostProcessEvent
Data is served from cern.ch instead of original site eospublic
%MSG
19-Oct-2023 06:27:03 CEST  Successfully opened file root://eospublic.cern.ch//eos/opendata/cms/mc/RunIIFall15MiniAODv2/WToTauNu_M-100_TuneCUETP8M1_13TeV-pythia8-tauola/MINIAODSIM/PU25nsData2015v1_76X_mcRun2_asymptotic_v12_ext1-v1/70000/049FE57D-EAC7-E511-B3AE-B083FED18BA0.root
Begin processing the 700001st record. Run 1, Event 1889001, LumiSection 10795 at 19-Oct-2023 06:27:05.826 CEST
19-Oct-2023 06:27:07 CEST  Closed file root://eospublic.cern.ch//eos/opendata/cms/mc/RunIIFall15MiniAODv2/WToTauNu_M-100_TuneCUETP8M1_13TeV-pythia8-tauola/MINIAODSIM/PU25nsData2015v1_76X_mcRun2_asymptotic_v12_ext1-v1/70000/049FE57D-EAC7-E511-B3AE-B083FED18BA0.root
19-Oct-2023 06:27:07 CEST  Initiating request to open file root://eospublic.cern.ch//eos/opendata/cms/mc/RunIIFall15MiniAODv2/WToTauNu_M-100_TuneCUETP8M1_13TeV-pythia8-tauola/MINIAODSIM/PU25nsData2015v1_76X_mcRun2_asymptotic_v12_ext1-v1/70000/129D07A2-E2C8-E511-ADB4-0CC47A4D760A.root
%MSG-w XrdAdaptor:  file_open 19-Oct-2023 06:27:07 CEST PostProcessEvent
Data is served from cern.ch instead of original site eospublic
%MSG
19-Oct-2023 06:27:07 CEST  Successfully opened file root://eospublic.cern.ch//eos/opendata/cms/mc/RunIIFall15MiniAODv2/WToTauNu_M-100_TuneCUETP8M1_13TeV-pythia8-tauola/MINIAODSIM/PU25nsData2015v1_76X_mcRun2_asymptotic_v12_ext1-v1/70000/129D07A2-E2C8-E511-ADB4-0CC47A4D760A.root
19-Oct-2023 06:27:11 CEST  Closed file root://eospublic.cern.ch//eos/opendata/cms/mc/RunIIFall15MiniAODv2/WToTauNu_M-100_TuneCUETP8M1_13TeV-pythia8-tauola/MINIAODSIM/PU25nsData2015v1_76X_mcRun2_asymptotic_v12_ext1-v1/70000/129D07A2-E2C8-E511-ADB4-0CC47A4D760A.root
19-Oct-2023 06:27:11 CEST  Initiating request to open file root://eospublic.cern.ch//eos/opendata/cms/mc/RunIIFall15MiniAODv2/WToTauNu_M-100_TuneCUETP8M1_13TeV-pythia8-tauola/MINIAODSIM/PU25nsData2015v1_76X_mcRun2_asymptotic_v12_ext1-v1/70000/16C4CB94-E2C8-E511-8CD1-0CC47A4D7650.root
%MSG-w XrdAdaptor:  file_open 19-Oct-2023 06:27:11 CEST PostProcessEvent
Data is served from cern.ch instead of original site eospublic
%MSG
19-Oct-2023 06:27:11 CEST  Successfully opened file root://eospublic.cern.ch//eos/opendata/cms/mc/RunIIFall15MiniAODv2/WToTauNu_M-100_TuneCUETP8M1_13TeV-pythia8-tauola/MINIAODSIM/PU25nsData2015v1_76X_mcRun2_asymptotic_v12_ext1-v1/70000/16C4CB94-E2C8-E511-8CD1-0CC47A4D7650.root
19-Oct-2023 06:27:14 CEST  Closed file root://eospublic.cern.ch//eos/opendata/cms/mc/RunIIFall15MiniAODv2/WToTauNu_M-100_TuneCUETP8M1_13TeV-pythia8-tauola/MINIAODSIM/PU25nsData2015v1_76X_mcRun2_asymptotic_v12_ext1-v1/70000/16C4CB94-E2C8-E511-8CD1-0CC47A4D7650.root
19-Oct-2023 06:27:14 CEST  Initiating request to open file root://eospublic.cern.ch//eos/opendata/cms/mc/RunIIFall15MiniAODv2/WToTauNu_M-100_TuneCUETP8M1_13TeV-pythia8-tauola/MINIAODSIM/PU25nsData2015v1_76X_mcRun2_asymptotic_v12_ext1-v1/70000/1A038F1D-EBC7-E511-AE97-B083FED3F4E3.root
%MSG-w XrdAdaptor:  file_open 19-Oct-2023 06:27:15 CEST PostProcessEvent
Data is served from cern.ch instead of original site eospublic
%MSG
19-Oct-2023 06:27:15 CEST  Successfully opened file root://eospublic.cern.ch//eos/opendata/cms/mc/RunIIFall15MiniAODv2/WToTauNu_M-100_TuneCUETP8M1_13TeV-pythia8-tauola/MINIAODSIM/PU25nsData2015v1_76X_mcRun2_asymptotic_v12_ext1-v1/70000/1A038F1D-EBC7-E511-AE97-B083FED3F4E3.root
Begin processing the 800001st record. Run 1, Event 1268001, LumiSection 7246 at 19-Oct-2023 06:27:16.943 CEST
19-Oct-2023 06:27:19 CEST  Closed file root://eospublic.cern.ch//eos/opendata/cms/mc/RunIIFall15MiniAODv2/WToTauNu_M-100_TuneCUETP8M1_13TeV-pythia8-tauola/MINIAODSIM/PU25nsData2015v1_76X_mcRun2_asymptotic_v12_ext1-v1/70000/1A038F1D-EBC7-E511-AE97-B083FED3F4E3.root
19-Oct-2023 06:27:19 CEST  Initiating request to open file root://eospublic.cern.ch//eos/opendata/cms/mc/RunIIFall15MiniAODv2/WToTauNu_M-100_TuneCUETP8M1_13TeV-pythia8-tauola/MINIAODSIM/PU25nsData2015v1_76X_mcRun2_asymptotic_v12_ext1-v1/70000/1EB71378-EAC7-E511-9C9A-B083FECFF52E.root
%MSG-w XrdAdaptor:  file_open 19-Oct-2023 06:27:19 CEST PostProcessEvent
Data is served from cern.ch instead of original site eospublic
%MSG
19-Oct-2023 06:27:19 CEST  Successfully opened file root://eospublic.cern.ch//eos/opendata/cms/mc/RunIIFall15MiniAODv2/WToTauNu_M-100_TuneCUETP8M1_13TeV-pythia8-tauola/MINIAODSIM/PU25nsData2015v1_76X_mcRun2_asymptotic_v12_ext1-v1/70000/1EB71378-EAC7-E511-9C9A-B083FECFF52E.root
19-Oct-2023 06:27:24 CEST  Closed file root://eospublic.cern.ch//eos/opendata/cms/mc/RunIIFall15MiniAODv2/WToTauNu_M-100_TuneCUETP8M1_13TeV-pythia8-tauola/MINIAODSIM/PU25nsData2015v1_76X_mcRun2_asymptotic_v12_ext1-v1/70000/1EB71378-EAC7-E511-9C9A-B083FECFF52E.root
19-Oct-2023 06:27:24 CEST  Initiating request to open file root://eospublic.cern.ch//eos/opendata/cms/mc/RunIIFall15MiniAODv2/WToTauNu_M-100_TuneCUETP8M1_13TeV-pythia8-tauola/MINIAODSIM/PU25nsData2015v1_76X_mcRun2_asymptotic_v12_ext1-v1/70000/261225E1-E9C7-E511-951F-002590AC5482.root
%MSG-w XrdAdaptor:  file_open 19-Oct-2023 06:27:24 CEST PostProcessEvent
Data is served from cern.ch instead of original site eospublic
%MSG
19-Oct-2023 06:27:24 CEST  Successfully opened file root://eospublic.cern.ch//eos/opendata/cms/mc/RunIIFall15MiniAODv2/WToTauNu_M-100_TuneCUETP8M1_13TeV-pythia8-tauola/MINIAODSIM/PU25nsData2015v1_76X_mcRun2_asymptotic_v12_ext1-v1/70000/261225E1-E9C7-E511-951F-002590AC5482.root
Begin processing the 900001st record. Run 1, Event 1968251, LumiSection 11248 at 19-Oct-2023 06:27:27.408 CEST
19-Oct-2023 06:27:29 CEST  Closed file root://eospublic.cern.ch//eos/opendata/cms/mc/RunIIFall15MiniAODv2/WToTauNu_M-100_TuneCUETP8M1_13TeV-pythia8-tauola/MINIAODSIM/PU25nsData2015v1_76X_mcRun2_asymptotic_v12_ext1-v1/70000/261225E1-E9C7-E511-951F-002590AC5482.root
19-Oct-2023 06:27:29 CEST  Initiating request to open file root://eospublic.cern.ch//eos/opendata/cms/mc/RunIIFall15MiniAODv2/WToTauNu_M-100_TuneCUETP8M1_13TeV-pythia8-tauola/MINIAODSIM/PU25nsData2015v1_76X_mcRun2_asymptotic_v12_ext1-v1/70000/2AF1EBEB-E9C7-E511-8CFE-002590AC4C66.root
%MSG-w XrdAdaptor:  file_open 19-Oct-2023 06:27:29 CEST PostProcessEvent
Data is served from cern.ch instead of original site eospublic
%MSG
19-Oct-2023 06:27:29 CEST  Successfully opened file root://eospublic.cern.ch//eos/opendata/cms/mc/RunIIFall15MiniAODv2/WToTauNu_M-100_TuneCUETP8M1_13TeV-pythia8-tauola/MINIAODSIM/PU25nsData2015v1_76X_mcRun2_asymptotic_v12_ext1-v1/70000/2AF1EBEB-E9C7-E511-8CFE-002590AC4C66.root
19-Oct-2023 06:27:30 CEST  Closed file root://eospublic.cern.ch//eos/opendata/cms/mc/RunIIFall15MiniAODv2/WToTauNu_M-100_TuneCUETP8M1_13TeV-pythia8-tauola/MINIAODSIM/PU25nsData2015v1_76X_mcRun2_asymptotic_v12_ext1-v1/70000/2AF1EBEB-E9C7-E511-8CFE-002590AC4C66.root
19-Oct-2023 06:27:30 CEST  Initiating request to open file root://eospublic.cern.ch//eos/opendata/cms/mc/RunIIFall15MiniAODv2/WToTauNu_M-100_TuneCUETP8M1_13TeV-pythia8-tauola/MINIAODSIM/PU25nsData2015v1_76X_mcRun2_asymptotic_v12_ext1-v1/70000/2EFA37B5-EAC7-E511-8621-C81F66B782DD.root
%MSG-w XrdAdaptor:  file_open 19-Oct-2023 06:27:30 CEST PostProcessEvent
Data is served from cern.ch instead of original site eospublic
%MSG
19-Oct-2023 06:27:30 CEST  Successfully opened file root://eospublic.cern.ch//eos/opendata/cms/mc/RunIIFall15MiniAODv2/WToTauNu_M-100_TuneCUETP8M1_13TeV-pythia8-tauola/MINIAODSIM/PU25nsData2015v1_76X_mcRun2_asymptotic_v12_ext1-v1/70000/2EFA37B5-EAC7-E511-8621-C81F66B782DD.root
19-Oct-2023 06:27:35 CEST  Closed file root://eospublic.cern.ch//eos/opendata/cms/mc/RunIIFall15MiniAODv2/WToTauNu_M-100_TuneCUETP8M1_13TeV-pythia8-tauola/MINIAODSIM/PU25nsData2015v1_76X_mcRun2_asymptotic_v12_ext1-v1/70000/2EFA37B5-EAC7-E511-8621-C81F66B782DD.root
19-Oct-2023 06:27:35 CEST  Initiating request to open file root://eospublic.cern.ch//eos/opendata/cms/mc/RunIIFall15MiniAODv2/WToTauNu_M-100_TuneCUETP8M1_13TeV-pythia8-tauola/MINIAODSIM/PU25nsData2015v1_76X_mcRun2_asymptotic_v12_ext1-v1/70000/301DDEE4-CCC7-E511-B3FF-002590200A58.root
%MSG-w XrdAdaptor:  file_open 19-Oct-2023 06:27:35 CEST PostProcessEvent
Data is served from cern.ch instead of original site eospublic
%MSG
19-Oct-2023 06:27:35 CEST  Successfully opened file root://eospublic.cern.ch//eos/opendata/cms/mc/RunIIFall15MiniAODv2/WToTauNu_M-100_TuneCUETP8M1_13TeV-pythia8-tauola/MINIAODSIM/PU25nsData2015v1_76X_mcRun2_asymptotic_v12_ext1-v1/70000/301DDEE4-CCC7-E511-B3FF-002590200A58.root
Begin processing the 1000001st record. Run 1, Event 1461051, LumiSection 8349 at 19-Oct-2023 06:27:38.507 CEST
19-Oct-2023 06:27:40 CEST  Closed file root://eospublic.cern.ch//eos/opendata/cms/mc/RunIIFall15MiniAODv2/WToTauNu_M-100_TuneCUETP8M1_13TeV-pythia8-tauola/MINIAODSIM/PU25nsData2015v1_76X_mcRun2_asymptotic_v12_ext1-v1/70000/301DDEE4-CCC7-E511-B3FF-002590200A58.root
19-Oct-2023 06:27:40 CEST  Initiating request to open file root://eospublic.cern.ch//eos/opendata/cms/mc/RunIIFall15MiniAODv2/WToTauNu_M-100_TuneCUETP8M1_13TeV-pythia8-tauola/MINIAODSIM/PU25nsData2015v1_76X_mcRun2_asymptotic_v12_ext1-v1/70000/347CD34A-CDC7-E511-A83F-001E67E6F76F.root
%MSG-w XrdAdaptor:  file_open 19-Oct-2023 06:27:40 CEST PostProcessEvent
Data is served from cern.ch instead of original site eospublic
%MSG
19-Oct-2023 06:27:40 CEST  Successfully opened file root://eospublic.cern.ch//eos/opendata/cms/mc/RunIIFall15MiniAODv2/WToTauNu_M-100_TuneCUETP8M1_13TeV-pythia8-tauola/MINIAODSIM/PU25nsData2015v1_76X_mcRun2_asymptotic_v12_ext1-v1/70000/347CD34A-CDC7-E511-A83F-001E67E6F76F.root
19-Oct-2023 06:27:44 CEST  Closed file root://eospublic.cern.ch//eos/opendata/cms/mc/RunIIFall15MiniAODv2/WToTauNu_M-100_TuneCUETP8M1_13TeV-pythia8-tauola/MINIAODSIM/PU25nsData2015v1_76X_mcRun2_asymptotic_v12_ext1-v1/70000/347CD34A-CDC7-E511-A83F-001E67E6F76F.root
19-Oct-2023 06:27:44 CEST  Initiating request to open file root://eospublic.cern.ch//eos/opendata/cms/mc/RunIIFall15MiniAODv2/WToTauNu_M-100_TuneCUETP8M1_13TeV-pythia8-tauola/MINIAODSIM/PU25nsData2015v1_76X_mcRun2_asymptotic_v12_ext1-v1/70000/3CF2AD75-EAC7-E511-9B63-1418774118F6.root
%MSG-w XrdAdaptor:  file_open 19-Oct-2023 06:27:44 CEST PostProcessEvent
Data is served from cern.ch instead of original site eospublic
%MSG
19-Oct-2023 06:27:44 CEST  Successfully opened file root://eospublic.cern.ch//eos/opendata/cms/mc/RunIIFall15MiniAODv2/WToTauNu_M-100_TuneCUETP8M1_13TeV-pythia8-tauola/MINIAODSIM/PU25nsData2015v1_76X_mcRun2_asymptotic_v12_ext1-v1/70000/3CF2AD75-EAC7-E511-9B63-1418774118F6.root
19-Oct-2023 06:27:48 CEST  Closed file root://eospublic.cern.ch//eos/opendata/cms/mc/RunIIFall15MiniAODv2/WToTauNu_M-100_TuneCUETP8M1_13TeV-pythia8-tauola/MINIAODSIM/PU25nsData2015v1_76X_mcRun2_asymptotic_v12_ext1-v1/70000/3CF2AD75-EAC7-E511-9B63-1418774118F6.root
19-Oct-2023 06:27:48 CEST  Initiating request to open file root://eospublic.cern.ch//eos/opendata/cms/mc/RunIIFall15MiniAODv2/WToTauNu_M-100_TuneCUETP8M1_13TeV-pythia8-tauola/MINIAODSIM/PU25nsData2015v1_76X_mcRun2_asymptotic_v12_ext1-v1/70000/40376773-EAC7-E511-B878-14187741121F.root
%MSG-w XrdAdaptor:  file_open 19-Oct-2023 06:27:48 CEST PostProcessEvent
Data is served from cern.ch instead of original site eospublic
%MSG
19-Oct-2023 06:27:48 CEST  Successfully opened file root://eospublic.cern.ch//eos/opendata/cms/mc/RunIIFall15MiniAODv2/WToTauNu_M-100_TuneCUETP8M1_13TeV-pythia8-tauola/MINIAODSIM/PU25nsData2015v1_76X_mcRun2_asymptotic_v12_ext1-v1/70000/40376773-EAC7-E511-B878-14187741121F.root
Begin processing the 1100001st record. Run 1, Event 513201, LumiSection 2933 at 19-Oct-2023 06:27:49.356 CEST
19-Oct-2023 06:27:52 CEST  Closed file root://eospublic.cern.ch//eos/opendata/cms/mc/RunIIFall15MiniAODv2/WToTauNu_M-100_TuneCUETP8M1_13TeV-pythia8-tauola/MINIAODSIM/PU25nsData2015v1_76X_mcRun2_asymptotic_v12_ext1-v1/70000/40376773-EAC7-E511-B878-14187741121F.root
19-Oct-2023 06:27:52 CEST  Initiating request to open file root://eospublic.cern.ch//eos/opendata/cms/mc/RunIIFall15MiniAODv2/WToTauNu_M-100_TuneCUETP8M1_13TeV-pythia8-tauola/MINIAODSIM/PU25nsData2015v1_76X_mcRun2_asymptotic_v12_ext1-v1/70000/50CA202B-D1C7-E511-80A8-001E6739751C.root
%MSG-w XrdAdaptor:  file_open 19-Oct-2023 06:27:52 CEST PostProcessEvent
Data is served from cern.ch instead of original site eospublic
%MSG
19-Oct-2023 06:27:52 CEST  Successfully opened file root://eospublic.cern.ch//eos/opendata/cms/mc/RunIIFall15MiniAODv2/WToTauNu_M-100_TuneCUETP8M1_13TeV-pythia8-tauola/MINIAODSIM/PU25nsData2015v1_76X_mcRun2_asymptotic_v12_ext1-v1/70000/50CA202B-D1C7-E511-80A8-001E6739751C.root
19-Oct-2023 06:27:56 CEST  Closed file root://eospublic.cern.ch//eos/opendata/cms/mc/RunIIFall15MiniAODv2/WToTauNu_M-100_TuneCUETP8M1_13TeV-pythia8-tauola/MINIAODSIM/PU25nsData2015v1_76X_mcRun2_asymptotic_v12_ext1-v1/70000/50CA202B-D1C7-E511-80A8-001E6739751C.root
19-Oct-2023 06:27:56 CEST  Initiating request to open file root://eospublic.cern.ch//eos/opendata/cms/mc/RunIIFall15MiniAODv2/WToTauNu_M-100_TuneCUETP8M1_13TeV-pythia8-tauola/MINIAODSIM/PU25nsData2015v1_76X_mcRun2_asymptotic_v12_ext1-v1/70000/600DC21D-D1C7-E511-A62B-001E67397F2B.root
%MSG-w XrdAdaptor:  file_open 19-Oct-2023 06:27:57 CEST PostProcessEvent
Data is served from cern.ch instead of original site eospublic
%MSG
19-Oct-2023 06:27:57 CEST  Successfully opened file root://eospublic.cern.ch//eos/opendata/cms/mc/RunIIFall15MiniAODv2/WToTauNu_M-100_TuneCUETP8M1_13TeV-pythia8-tauola/MINIAODSIM/PU25nsData2015v1_76X_mcRun2_asymptotic_v12_ext1-v1/70000/600DC21D-D1C7-E511-A62B-001E67397F2B.root
Begin processing the 1200001st record. Run 1, Event 369601, LumiSection 2113 at 19-Oct-2023 06:27:59.273 CEST
19-Oct-2023 06:28:01 CEST  Closed file root://eospublic.cern.ch//eos/opendata/cms/mc/RunIIFall15MiniAODv2/WToTauNu_M-100_TuneCUETP8M1_13TeV-pythia8-tauola/MINIAODSIM/PU25nsData2015v1_76X_mcRun2_asymptotic_v12_ext1-v1/70000/600DC21D-D1C7-E511-A62B-001E67397F2B.root
19-Oct-2023 06:28:01 CEST  Initiating request to open file root://eospublic.cern.ch//eos/opendata/cms/mc/RunIIFall15MiniAODv2/WToTauNu_M-100_TuneCUETP8M1_13TeV-pythia8-tauola/MINIAODSIM/PU25nsData2015v1_76X_mcRun2_asymptotic_v12_ext1-v1/70000/68601178-EAC7-E511-8C1C-141877410316.root
%MSG-w XrdAdaptor:  file_open 19-Oct-2023 06:28:01 CEST PostProcessEvent
Data is served from cern.ch instead of original site eospublic
%MSG
19-Oct-2023 06:28:01 CEST  Successfully opened file root://eospublic.cern.ch//eos/opendata/cms/mc/RunIIFall15MiniAODv2/WToTauNu_M-100_TuneCUETP8M1_13TeV-pythia8-tauola/MINIAODSIM/PU25nsData2015v1_76X_mcRun2_asymptotic_v12_ext1-v1/70000/68601178-EAC7-E511-8C1C-141877410316.root
19-Oct-2023 06:28:05 CEST  Closed file root://eospublic.cern.ch//eos/opendata/cms/mc/RunIIFall15MiniAODv2/WToTauNu_M-100_TuneCUETP8M1_13TeV-pythia8-tauola/MINIAODSIM/PU25nsData2015v1_76X_mcRun2_asymptotic_v12_ext1-v1/70000/68601178-EAC7-E511-8C1C-141877410316.root
19-Oct-2023 06:28:05 CEST  Initiating request to open file root://eospublic.cern.ch//eos/opendata/cms/mc/RunIIFall15MiniAODv2/WToTauNu_M-100_TuneCUETP8M1_13TeV-pythia8-tauola/MINIAODSIM/PU25nsData2015v1_76X_mcRun2_asymptotic_v12_ext1-v1/70000/7AC46279-EAC7-E511-9795-A4BADB1E6B36.root
%MSG-w XrdAdaptor:  file_open 19-Oct-2023 06:28:05 CEST PostProcessEvent
Data is served from cern.ch instead of original site eospublic
%MSG
19-Oct-2023 06:28:05 CEST  Successfully opened file root://eospublic.cern.ch//eos/opendata/cms/mc/RunIIFall15MiniAODv2/WToTauNu_M-100_TuneCUETP8M1_13TeV-pythia8-tauola/MINIAODSIM/PU25nsData2015v1_76X_mcRun2_asymptotic_v12_ext1-v1/70000/7AC46279-EAC7-E511-9795-A4BADB1E6B36.root
Begin processing the 1300001st record. Run 1, Event 1663101, LumiSection 9504 at 19-Oct-2023 06:28:09.365 CEST
19-Oct-2023 06:28:09 CEST  Closed file root://eospublic.cern.ch//eos/opendata/cms/mc/RunIIFall15MiniAODv2/WToTauNu_M-100_TuneCUETP8M1_13TeV-pythia8-tauola/MINIAODSIM/PU25nsData2015v1_76X_mcRun2_asymptotic_v12_ext1-v1/70000/7AC46279-EAC7-E511-9795-A4BADB1E6B36.root
19-Oct-2023 06:28:09 CEST  Initiating request to open file root://eospublic.cern.ch//eos/opendata/cms/mc/RunIIFall15MiniAODv2/WToTauNu_M-100_TuneCUETP8M1_13TeV-pythia8-tauola/MINIAODSIM/PU25nsData2015v1_76X_mcRun2_asymptotic_v12_ext1-v1/70000/80D7199C-E2C8-E511-9BFF-0025905B8576.root
%MSG-w XrdAdaptor:  file_open 19-Oct-2023 06:28:09 CEST PostProcessEvent
Data is served from cern.ch instead of original site eospublic
%MSG
19-Oct-2023 06:28:09 CEST  Successfully opened file root://eospublic.cern.ch//eos/opendata/cms/mc/RunIIFall15MiniAODv2/WToTauNu_M-100_TuneCUETP8M1_13TeV-pythia8-tauola/MINIAODSIM/PU25nsData2015v1_76X_mcRun2_asymptotic_v12_ext1-v1/70000/80D7199C-E2C8-E511-9BFF-0025905B8576.root
19-Oct-2023 06:28:12 CEST  Closed file root://eospublic.cern.ch//eos/opendata/cms/mc/RunIIFall15MiniAODv2/WToTauNu_M-100_TuneCUETP8M1_13TeV-pythia8-tauola/MINIAODSIM/PU25nsData2015v1_76X_mcRun2_asymptotic_v12_ext1-v1/70000/80D7199C-E2C8-E511-9BFF-0025905B8576.root
19-Oct-2023 06:28:12 CEST  Initiating request to open file root://eospublic.cern.ch//eos/opendata/cms/mc/RunIIFall15MiniAODv2/WToTauNu_M-100_TuneCUETP8M1_13TeV-pythia8-tauola/MINIAODSIM/PU25nsData2015v1_76X_mcRun2_asymptotic_v12_ext1-v1/70000/82FB6974-EAC7-E511-A11A-B083FED04D68.root
%MSG-w XrdAdaptor:  file_open 19-Oct-2023 06:28:12 CEST PostProcessEvent
Data is served from cern.ch instead of original site eospublic
%MSG
19-Oct-2023 06:28:12 CEST  Successfully opened file root://eospublic.cern.ch//eos/opendata/cms/mc/RunIIFall15MiniAODv2/WToTauNu_M-100_TuneCUETP8M1_13TeV-pythia8-tauola/MINIAODSIM/PU25nsData2015v1_76X_mcRun2_asymptotic_v12_ext1-v1/70000/82FB6974-EAC7-E511-A11A-B083FED04D68.root
19-Oct-2023 06:28:17 CEST  Closed file root://eospublic.cern.ch//eos/opendata/cms/mc/RunIIFall15MiniAODv2/WToTauNu_M-100_TuneCUETP8M1_13TeV-pythia8-tauola/MINIAODSIM/PU25nsData2015v1_76X_mcRun2_asymptotic_v12_ext1-v1/70000/82FB6974-EAC7-E511-A11A-B083FED04D68.root
19-Oct-2023 06:28:17 CEST  Initiating request to open file root://eospublic.cern.ch//eos/opendata/cms/mc/RunIIFall15MiniAODv2/WToTauNu_M-100_TuneCUETP8M1_13TeV-pythia8-tauola/MINIAODSIM/PU25nsData2015v1_76X_mcRun2_asymptotic_v12_ext1-v1/70000/8897AD70-EAC7-E511-A488-B083FED42A1A.root
%MSG-w XrdAdaptor:  file_open 19-Oct-2023 06:28:17 CEST PostProcessEvent
Data is served from cern.ch instead of original site eospublic
%MSG
19-Oct-2023 06:28:17 CEST  Successfully opened file root://eospublic.cern.ch//eos/opendata/cms/mc/RunIIFall15MiniAODv2/WToTauNu_M-100_TuneCUETP8M1_13TeV-pythia8-tauola/MINIAODSIM/PU25nsData2015v1_76X_mcRun2_asymptotic_v12_ext1-v1/70000/8897AD70-EAC7-E511-A488-B083FED42A1A.root
Begin processing the 1400001st record. Run 1, Event 81651, LumiSection 467 at 19-Oct-2023 06:28:20.321 CEST
19-Oct-2023 06:28:21 CEST  Closed file root://eospublic.cern.ch//eos/opendata/cms/mc/RunIIFall15MiniAODv2/WToTauNu_M-100_TuneCUETP8M1_13TeV-pythia8-tauola/MINIAODSIM/PU25nsData2015v1_76X_mcRun2_asymptotic_v12_ext1-v1/70000/8897AD70-EAC7-E511-A488-B083FED42A1A.root
19-Oct-2023 06:28:21 CEST  Initiating request to open file root://eospublic.cern.ch//eos/opendata/cms/mc/RunIIFall15MiniAODv2/WToTauNu_M-100_TuneCUETP8M1_13TeV-pythia8-tauola/MINIAODSIM/PU25nsData2015v1_76X_mcRun2_asymptotic_v12_ext1-v1/70000/900A107A-EAC7-E511-A778-D4AE527F2883.root
%MSG-w XrdAdaptor:  file_open 19-Oct-2023 06:28:21 CEST PostProcessEvent
Data is served from cern.ch instead of original site eospublic
%MSG
19-Oct-2023 06:28:21 CEST  Successfully opened file root://eospublic.cern.ch//eos/opendata/cms/mc/RunIIFall15MiniAODv2/WToTauNu_M-100_TuneCUETP8M1_13TeV-pythia8-tauola/MINIAODSIM/PU25nsData2015v1_76X_mcRun2_asymptotic_v12_ext1-v1/70000/900A107A-EAC7-E511-A778-D4AE527F2883.root
19-Oct-2023 06:28:25 CEST  Closed file root://eospublic.cern.ch//eos/opendata/cms/mc/RunIIFall15MiniAODv2/WToTauNu_M-100_TuneCUETP8M1_13TeV-pythia8-tauola/MINIAODSIM/PU25nsData2015v1_76X_mcRun2_asymptotic_v12_ext1-v1/70000/900A107A-EAC7-E511-A778-D4AE527F2883.root
19-Oct-2023 06:28:25 CEST  Initiating request to open file root://eospublic.cern.ch//eos/opendata/cms/mc/RunIIFall15MiniAODv2/WToTauNu_M-100_TuneCUETP8M1_13TeV-pythia8-tauola/MINIAODSIM/PU25nsData2015v1_76X_mcRun2_asymptotic_v12_ext1-v1/70000/92D3DB1A-D1C7-E511-9440-001E6739834A.root
%MSG-w XrdAdaptor:  file_open 19-Oct-2023 06:28:25 CEST PostProcessEvent
Data is served from cern.ch instead of original site eospublic
%MSG
19-Oct-2023 06:28:25 CEST  Successfully opened file root://eospublic.cern.ch//eos/opendata/cms/mc/RunIIFall15MiniAODv2/WToTauNu_M-100_TuneCUETP8M1_13TeV-pythia8-tauola/MINIAODSIM/PU25nsData2015v1_76X_mcRun2_asymptotic_v12_ext1-v1/70000/92D3DB1A-D1C7-E511-9440-001E6739834A.root
19-Oct-2023 06:28:29 CEST  Closed file root://eospublic.cern.ch//eos/opendata/cms/mc/RunIIFall15MiniAODv2/WToTauNu_M-100_TuneCUETP8M1_13TeV-pythia8-tauola/MINIAODSIM/PU25nsData2015v1_76X_mcRun2_asymptotic_v12_ext1-v1/70000/92D3DB1A-D1C7-E511-9440-001E6739834A.root
19-Oct-2023 06:28:29 CEST  Initiating request to open file root://eospublic.cern.ch//eos/opendata/cms/mc/RunIIFall15MiniAODv2/WToTauNu_M-100_TuneCUETP8M1_13TeV-pythia8-tauola/MINIAODSIM/PU25nsData2015v1_76X_mcRun2_asymptotic_v12_ext1-v1/70000/94440A74-EAC7-E511-9022-141877410512.root
%MSG-w XrdAdaptor:  file_open 19-Oct-2023 06:28:29 CEST PostProcessEvent
Data is served from cern.ch instead of original site eospublic
%MSG
19-Oct-2023 06:28:29 CEST  Successfully opened file root://eospublic.cern.ch//eos/opendata/cms/mc/RunIIFall15MiniAODv2/WToTauNu_M-100_TuneCUETP8M1_13TeV-pythia8-tauola/MINIAODSIM/PU25nsData2015v1_76X_mcRun2_asymptotic_v12_ext1-v1/70000/94440A74-EAC7-E511-9022-141877410512.root
Begin processing the 1500001st record. Run 1, Event 395301, LumiSection 2259 at 19-Oct-2023 06:28:31.495 CEST
19-Oct-2023 06:28:34 CEST  Closed file root://eospublic.cern.ch//eos/opendata/cms/mc/RunIIFall15MiniAODv2/WToTauNu_M-100_TuneCUETP8M1_13TeV-pythia8-tauola/MINIAODSIM/PU25nsData2015v1_76X_mcRun2_asymptotic_v12_ext1-v1/70000/94440A74-EAC7-E511-9022-141877410512.root
19-Oct-2023 06:28:34 CEST  Initiating request to open file root://eospublic.cern.ch//eos/opendata/cms/mc/RunIIFall15MiniAODv2/WToTauNu_M-100_TuneCUETP8M1_13TeV-pythia8-tauola/MINIAODSIM/PU25nsData2015v1_76X_mcRun2_asymptotic_v12_ext1-v1/70000/9CD76023-EAC7-E511-B450-C81F66B7ED99.root
%MSG-w XrdAdaptor:  file_open 19-Oct-2023 06:28:34 CEST PostProcessEvent
Data is served from cern.ch instead of original site eospublic
%MSG
19-Oct-2023 06:28:34 CEST  Successfully opened file root://eospublic.cern.ch//eos/opendata/cms/mc/RunIIFall15MiniAODv2/WToTauNu_M-100_TuneCUETP8M1_13TeV-pythia8-tauola/MINIAODSIM/PU25nsData2015v1_76X_mcRun2_asymptotic_v12_ext1-v1/70000/9CD76023-EAC7-E511-B450-C81F66B7ED99.root
19-Oct-2023 06:28:38 CEST  Closed file root://eospublic.cern.ch//eos/opendata/cms/mc/RunIIFall15MiniAODv2/WToTauNu_M-100_TuneCUETP8M1_13TeV-pythia8-tauola/MINIAODSIM/PU25nsData2015v1_76X_mcRun2_asymptotic_v12_ext1-v1/70000/9CD76023-EAC7-E511-B450-C81F66B7ED99.root
19-Oct-2023 06:28:38 CEST  Initiating request to open file root://eospublic.cern.ch//eos/opendata/cms/mc/RunIIFall15MiniAODv2/WToTauNu_M-100_TuneCUETP8M1_13TeV-pythia8-tauola/MINIAODSIM/PU25nsData2015v1_76X_mcRun2_asymptotic_v12_ext1-v1/70000/A4160B68-C3C7-E511-AFD6-001E67397CCE.root
%MSG-w XrdAdaptor:  file_open 19-Oct-2023 06:28:38 CEST PostProcessEvent
Data is served from cern.ch instead of original site eospublic
%MSG
19-Oct-2023 06:28:38 CEST  Successfully opened file root://eospublic.cern.ch//eos/opendata/cms/mc/RunIIFall15MiniAODv2/WToTauNu_M-100_TuneCUETP8M1_13TeV-pythia8-tauola/MINIAODSIM/PU25nsData2015v1_76X_mcRun2_asymptotic_v12_ext1-v1/70000/A4160B68-C3C7-E511-AFD6-001E67397CCE.root
Begin processing the 1600001st record. Run 1, Event 159601, LumiSection 913 at 19-Oct-2023 06:28:41.919 CEST
19-Oct-2023 06:28:43 CEST  Closed file root://eospublic.cern.ch//eos/opendata/cms/mc/RunIIFall15MiniAODv2/WToTauNu_M-100_TuneCUETP8M1_13TeV-pythia8-tauola/MINIAODSIM/PU25nsData2015v1_76X_mcRun2_asymptotic_v12_ext1-v1/70000/A4160B68-C3C7-E511-AFD6-001E67397CCE.root
19-Oct-2023 06:28:43 CEST  Initiating request to open file root://eospublic.cern.ch//eos/opendata/cms/mc/RunIIFall15MiniAODv2/WToTauNu_M-100_TuneCUETP8M1_13TeV-pythia8-tauola/MINIAODSIM/PU25nsData2015v1_76X_mcRun2_asymptotic_v12_ext1-v1/70000/BEC49E76-EAC7-E511-A9C9-B083FECFF297.root
%MSG-w XrdAdaptor:  file_open 19-Oct-2023 06:28:43 CEST PostProcessEvent
Data is served from cern.ch instead of original site eospublic
%MSG
19-Oct-2023 06:28:43 CEST  Successfully opened file root://eospublic.cern.ch//eos/opendata/cms/mc/RunIIFall15MiniAODv2/WToTauNu_M-100_TuneCUETP8M1_13TeV-pythia8-tauola/MINIAODSIM/PU25nsData2015v1_76X_mcRun2_asymptotic_v12_ext1-v1/70000/BEC49E76-EAC7-E511-A9C9-B083FECFF297.root
19-Oct-2023 06:28:47 CEST  Closed file root://eospublic.cern.ch//eos/opendata/cms/mc/RunIIFall15MiniAODv2/WToTauNu_M-100_TuneCUETP8M1_13TeV-pythia8-tauola/MINIAODSIM/PU25nsData2015v1_76X_mcRun2_asymptotic_v12_ext1-v1/70000/BEC49E76-EAC7-E511-A9C9-B083FECFF297.root
19-Oct-2023 06:28:47 CEST  Initiating request to open file root://eospublic.cern.ch//eos/opendata/cms/mc/RunIIFall15MiniAODv2/WToTauNu_M-100_TuneCUETP8M1_13TeV-pythia8-tauola/MINIAODSIM/PU25nsData2015v1_76X_mcRun2_asymptotic_v12_ext1-v1/70000/C8B716DF-E9C7-E511-AC6B-C81F66DCFE01.root
%MSG-w XrdAdaptor:  file_open 19-Oct-2023 06:28:47 CEST PostProcessEvent
Data is served from cern.ch instead of original site eospublic
%MSG
19-Oct-2023 06:28:47 CEST  Successfully opened file root://eospublic.cern.ch//eos/opendata/cms/mc/RunIIFall15MiniAODv2/WToTauNu_M-100_TuneCUETP8M1_13TeV-pythia8-tauola/MINIAODSIM/PU25nsData2015v1_76X_mcRun2_asymptotic_v12_ext1-v1/70000/C8B716DF-E9C7-E511-AC6B-C81F66DCFE01.root
19-Oct-2023 06:28:51 CEST  Closed file root://eospublic.cern.ch//eos/opendata/cms/mc/RunIIFall15MiniAODv2/WToTauNu_M-100_TuneCUETP8M1_13TeV-pythia8-tauola/MINIAODSIM/PU25nsData2015v1_76X_mcRun2_asymptotic_v12_ext1-v1/70000/C8B716DF-E9C7-E511-AC6B-C81F66DCFE01.root
19-Oct-2023 06:28:51 CEST  Initiating request to open file root://eospublic.cern.ch//eos/opendata/cms/mc/RunIIFall15MiniAODv2/WToTauNu_M-100_TuneCUETP8M1_13TeV-pythia8-tauola/MINIAODSIM/PU25nsData2015v1_76X_mcRun2_asymptotic_v12_ext1-v1/70000/D0144FAC-C0C7-E511-B09E-001E67397233.root
%MSG-w XrdAdaptor:  file_open 19-Oct-2023 06:28:51 CEST PostProcessEvent
Data is served from cern.ch instead of original site eospublic
%MSG
19-Oct-2023 06:28:51 CEST  Successfully opened file root://eospublic.cern.ch//eos/opendata/cms/mc/RunIIFall15MiniAODv2/WToTauNu_M-100_TuneCUETP8M1_13TeV-pythia8-tauola/MINIAODSIM/PU25nsData2015v1_76X_mcRun2_asymptotic_v12_ext1-v1/70000/D0144FAC-C0C7-E511-B09E-001E67397233.root
19-Oct-2023 06:28:52 CEST  Closed file root://eospublic.cern.ch//eos/opendata/cms/mc/RunIIFall15MiniAODv2/WToTauNu_M-100_TuneCUETP8M1_13TeV-pythia8-tauola/MINIAODSIM/PU25nsData2015v1_76X_mcRun2_asymptotic_v12_ext1-v1/70000/D0144FAC-C0C7-E511-B09E-001E67397233.root
19-Oct-2023 06:28:52 CEST  Initiating request to open file root://eospublic.cern.ch//eos/opendata/cms/mc/RunIIFall15MiniAODv2/WToTauNu_M-100_TuneCUETP8M1_13TeV-pythia8-tauola/MINIAODSIM/PU25nsData2015v1_76X_mcRun2_asymptotic_v12_ext1-v1/70000/DA024046-C0C7-E511-BD1D-002590A8880A.root
%MSG-w XrdAdaptor:  file_open 19-Oct-2023 06:28:52 CEST PostProcessEvent
Data is served from cern.ch instead of original site eospublic
%MSG
19-Oct-2023 06:28:52 CEST  Successfully opened file root://eospublic.cern.ch//eos/opendata/cms/mc/RunIIFall15MiniAODv2/WToTauNu_M-100_TuneCUETP8M1_13TeV-pythia8-tauola/MINIAODSIM/PU25nsData2015v1_76X_mcRun2_asymptotic_v12_ext1-v1/70000/DA024046-C0C7-E511-BD1D-002590A8880A.root
Begin processing the 1700001st record. Run 1, Event 1250601, LumiSection 7147 at 19-Oct-2023 06:28:53.992 CEST
19-Oct-2023 06:28:57 CEST  Closed file root://eospublic.cern.ch//eos/opendata/cms/mc/RunIIFall15MiniAODv2/WToTauNu_M-100_TuneCUETP8M1_13TeV-pythia8-tauola/MINIAODSIM/PU25nsData2015v1_76X_mcRun2_asymptotic_v12_ext1-v1/70000/DA024046-C0C7-E511-BD1D-002590A8880A.root
19-Oct-2023 06:28:57 CEST  Initiating request to open file root://eospublic.cern.ch//eos/opendata/cms/mc/RunIIFall15MiniAODv2/WToTauNu_M-100_TuneCUETP8M1_13TeV-pythia8-tauola/MINIAODSIM/PU25nsData2015v1_76X_mcRun2_asymptotic_v12_ext1-v1/70000/DA64D277-EAC7-E511-8F06-B083FED04CAB.root
%MSG-w XrdAdaptor:  file_open 19-Oct-2023 06:28:57 CEST PostProcessEvent
Data is served from cern.ch instead of original site eospublic
%MSG
19-Oct-2023 06:28:57 CEST  Successfully opened file root://eospublic.cern.ch//eos/opendata/cms/mc/RunIIFall15MiniAODv2/WToTauNu_M-100_TuneCUETP8M1_13TeV-pythia8-tauola/MINIAODSIM/PU25nsData2015v1_76X_mcRun2_asymptotic_v12_ext1-v1/70000/DA64D277-EAC7-E511-8F06-B083FED04CAB.root
19-Oct-2023 06:29:01 CEST  Closed file root://eospublic.cern.ch//eos/opendata/cms/mc/RunIIFall15MiniAODv2/WToTauNu_M-100_TuneCUETP8M1_13TeV-pythia8-tauola/MINIAODSIM/PU25nsData2015v1_76X_mcRun2_asymptotic_v12_ext1-v1/70000/DA64D277-EAC7-E511-8F06-B083FED04CAB.root
19-Oct-2023 06:29:01 CEST  Initiating request to open file root://eospublic.cern.ch//eos/opendata/cms/mc/RunIIFall15MiniAODv2/WToTauNu_M-100_TuneCUETP8M1_13TeV-pythia8-tauola/MINIAODSIM/PU25nsData2015v1_76X_mcRun2_asymptotic_v12_ext1-v1/70000/E404D79D-E2C8-E511-AD76-002618FDA208.root
%MSG-w XrdAdaptor:  file_open 19-Oct-2023 06:29:01 CEST PostProcessEvent
Data is served from cern.ch instead of original site eospublic
%MSG
19-Oct-2023 06:29:01 CEST  Successfully opened file root://eospublic.cern.ch//eos/opendata/cms/mc/RunIIFall15MiniAODv2/WToTauNu_M-100_TuneCUETP8M1_13TeV-pythia8-tauola/MINIAODSIM/PU25nsData2015v1_76X_mcRun2_asymptotic_v12_ext1-v1/70000/E404D79D-E2C8-E511-AD76-002618FDA208.root
Begin processing the 1800001st record. Run 1, Event 822951, LumiSection 4703 at 19-Oct-2023 06:29:04.188 CEST
19-Oct-2023 06:29:05 CEST  Closed file root://eospublic.cern.ch//eos/opendata/cms/mc/RunIIFall15MiniAODv2/WToTauNu_M-100_TuneCUETP8M1_13TeV-pythia8-tauola/MINIAODSIM/PU25nsData2015v1_76X_mcRun2_asymptotic_v12_ext1-v1/70000/E404D79D-E2C8-E511-AD76-002618FDA208.root
19-Oct-2023 06:29:05 CEST  Initiating request to open file root://eospublic.cern.ch//eos/opendata/cms/mc/RunIIFall15MiniAODv2/WToTauNu_M-100_TuneCUETP8M1_13TeV-pythia8-tauola/MINIAODSIM/PU25nsData2015v1_76X_mcRun2_asymptotic_v12_ext1-v1/70000/E830D176-EAC7-E511-AC5A-D4AE527EDBD4.root
%MSG-w XrdAdaptor:  file_open 19-Oct-2023 06:29:05 CEST PostProcessEvent
Data is served from cern.ch instead of original site eospublic
%MSG
19-Oct-2023 06:29:05 CEST  Successfully opened file root://eospublic.cern.ch//eos/opendata/cms/mc/RunIIFall15MiniAODv2/WToTauNu_M-100_TuneCUETP8M1_13TeV-pythia8-tauola/MINIAODSIM/PU25nsData2015v1_76X_mcRun2_asymptotic_v12_ext1-v1/70000/E830D176-EAC7-E511-AC5A-D4AE527EDBD4.root
19-Oct-2023 06:29:08 CEST  Closed file root://eospublic.cern.ch//eos/opendata/cms/mc/RunIIFall15MiniAODv2/WToTauNu_M-100_TuneCUETP8M1_13TeV-pythia8-tauola/MINIAODSIM/PU25nsData2015v1_76X_mcRun2_asymptotic_v12_ext1-v1/70000/E830D176-EAC7-E511-AC5A-D4AE527EDBD4.root
19-Oct-2023 06:29:08 CEST  Initiating request to open file root://eospublic.cern.ch//eos/opendata/cms/mc/RunIIFall15MiniAODv2/WToTauNu_M-100_TuneCUETP8M1_13TeV-pythia8-tauola/MINIAODSIM/PU25nsData2015v1_76X_mcRun2_asymptotic_v12_ext1-v1/70000/EE98951C-D1C7-E511-BEA1-001E673974EA.root
%MSG-w XrdAdaptor:  file_open 19-Oct-2023 06:29:08 CEST PostProcessEvent
Data is served from cern.ch instead of original site eospublic
%MSG
19-Oct-2023 06:29:08 CEST  Successfully opened file root://eospublic.cern.ch//eos/opendata/cms/mc/RunIIFall15MiniAODv2/WToTauNu_M-100_TuneCUETP8M1_13TeV-pythia8-tauola/MINIAODSIM/PU25nsData2015v1_76X_mcRun2_asymptotic_v12_ext1-v1/70000/EE98951C-D1C7-E511-BEA1-001E673974EA.root
19-Oct-2023 06:29:13 CEST  Closed file root://eospublic.cern.ch//eos/opendata/cms/mc/RunIIFall15MiniAODv2/WToTauNu_M-100_TuneCUETP8M1_13TeV-pythia8-tauola/MINIAODSIM/PU25nsData2015v1_76X_mcRun2_asymptotic_v12_ext1-v1/70000/EE98951C-D1C7-E511-BEA1-001E673974EA.root
19-Oct-2023 06:29:13 CEST  Initiating request to open file root://eospublic.cern.ch//eos/opendata/cms/mc/RunIIFall15MiniAODv2/WToTauNu_M-100_TuneCUETP8M1_13TeV-pythia8-tauola/MINIAODSIM/PU25nsData2015v1_76X_mcRun2_asymptotic_v12_ext1-v1/70000/F87DA99D-E2C8-E511-B7F8-0025905B860E.root
%MSG-w XrdAdaptor:  file_open 19-Oct-2023 06:29:13 CEST PostProcessEvent
Data is served from cern.ch instead of original site eospublic
%MSG
19-Oct-2023 06:29:13 CEST  Successfully opened file root://eospublic.cern.ch//eos/opendata/cms/mc/RunIIFall15MiniAODv2/WToTauNu_M-100_TuneCUETP8M1_13TeV-pythia8-tauola/MINIAODSIM/PU25nsData2015v1_76X_mcRun2_asymptotic_v12_ext1-v1/70000/F87DA99D-E2C8-E511-B7F8-0025905B860E.root
Begin processing the 1900001st record. Run 1, Event 918151, LumiSection 5247 at 19-Oct-2023 06:29:15.594 CEST
19-Oct-2023 06:29:18 CEST  Closed file root://eospublic.cern.ch//eos/opendata/cms/mc/RunIIFall15MiniAODv2/WToTauNu_M-100_TuneCUETP8M1_13TeV-pythia8-tauola/MINIAODSIM/PU25nsData2015v1_76X_mcRun2_asymptotic_v12_ext1-v1/70000/F87DA99D-E2C8-E511-B7F8-0025905B860E.root

------------------------------------
GenXsecAnalyzer:
------------------------------------
Before Filtrer: total cross section = 1.505e+02 +- 5.471e-02 pb
Filter efficiency (taking into account weights)= (1.93385e+06) / (1.93385e+06) = 1.000e+00 +- 0.000e+00
Filter efficiency (event-level)= (1.93385e+06) / (1.93385e+06) = 1.000e+00 +- 0.000e+00
After filter: final cross section = 1.505e+02 +- 5.471e-02 pb

=============================================

MessageLogger Summary

 type     category        sev    module        subroutine        count    total
 ---- -------------------- -- ---------------- ----------------  -----    -----
    1 GenXSecAnalyzer      -w GenXSecAnalyzer:                       5        5
    2 XrdAdaptor           -w file_open                             54       54
    3 fileAction           -s file_close                            54       54
    4 fileAction           -s file_open                            108      108

 type    category    Examples: run/evt        run/evt          run/evt
 ---- -------------------- ---------------- ---------------- ----------------
    1 GenXSecAnalyzer      PostEndRun       PostEndRun       PostEndRun
    2 XrdAdaptor           pre-events       PostProcessEvent PostProcessEvent
    3 fileAction           PostProcessEvent PostProcessEvent PostEndRun
    4 fileAction           pre-events       pre-events       PostProcessEvent

Severity    # Occurrences   Total Occurrences
--------    -------------   -----------------
Warning                59                  59
System                162                 162
