19-Oct-2023 06:23:50 CEST  Initiating request to open file root://eospublic.cern.ch//eos/opendata/cms/mc/RunIIFall15MiniAODv2/WToTauNu_M-100_TuneCUETP8M1_13TeV-pythia8-tauola/MINIAODSIM/PU25nsData2015v1_76X_mcRun2_asymptotic_v12-v1/60000/1C7E3742-ABB8-E511-96E2-001E67DDBEDA.root
%MSG-w XrdAdaptor:  file_open 19-Oct-2023 06:23:51 CEST pre-events
Data is served from cern.ch instead of original site eospublic
%MSG
19-Oct-2023 06:23:53 CEST  Successfully opened file root://eospublic.cern.ch//eos/opendata/cms/mc/RunIIFall15MiniAODv2/WToTauNu_M-100_TuneCUETP8M1_13TeV-pythia8-tauola/MINIAODSIM/PU25nsData2015v1_76X_mcRun2_asymptotic_v12-v1/60000/1C7E3742-ABB8-E511-96E2-001E67DDBEDA.root
Begin processing the 1st record. Run 1, Event 6322, LumiSection 36 at 19-Oct-2023 06:23:54.690 CEST
19-Oct-2023 06:23:58 CEST  Closed file root://eospublic.cern.ch//eos/opendata/cms/mc/RunIIFall15MiniAODv2/WToTauNu_M-100_TuneCUETP8M1_13TeV-pythia8-tauola/MINIAODSIM/PU25nsData2015v1_76X_mcRun2_asymptotic_v12-v1/60000/1C7E3742-ABB8-E511-96E2-001E67DDBEDA.root
19-Oct-2023 06:23:58 CEST  Initiating request to open file root://eospublic.cern.ch//eos/opendata/cms/mc/RunIIFall15MiniAODv2/WToTauNu_M-100_TuneCUETP8M1_13TeV-pythia8-tauola/MINIAODSIM/PU25nsData2015v1_76X_mcRun2_asymptotic_v12-v1/60000/228BBD62-ABB8-E511-A7EB-001E67A3EA89.root
%MSG-w XrdAdaptor:  file_open 19-Oct-2023 06:23:58 CEST PostProcessEvent
Data is served from cern.ch instead of original site eospublic
%MSG
19-Oct-2023 06:23:58 CEST  Successfully opened file root://eospublic.cern.ch//eos/opendata/cms/mc/RunIIFall15MiniAODv2/WToTauNu_M-100_TuneCUETP8M1_13TeV-pythia8-tauola/MINIAODSIM/PU25nsData2015v1_76X_mcRun2_asymptotic_v12-v1/60000/228BBD62-ABB8-E511-A7EB-001E67A3EA89.root
19-Oct-2023 06:24:02 CEST  Closed file root://eospublic.cern.ch//eos/opendata/cms/mc/RunIIFall15MiniAODv2/WToTauNu_M-100_TuneCUETP8M1_13TeV-pythia8-tauola/MINIAODSIM/PU25nsData2015v1_76X_mcRun2_asymptotic_v12-v1/60000/228BBD62-ABB8-E511-A7EB-001E67A3EA89.root
19-Oct-2023 06:24:02 CEST  Initiating request to open file root://eospublic.cern.ch//eos/opendata/cms/mc/RunIIFall15MiniAODv2/WToTauNu_M-100_TuneCUETP8M1_13TeV-pythia8-tauola/MINIAODSIM/PU25nsData2015v1_76X_mcRun2_asymptotic_v12-v1/60000/24E59065-ABB8-E511-A07A-001517FAD934.root
%MSG-w XrdAdaptor:  file_open 19-Oct-2023 06:24:02 CEST PostProcessEvent
Data is served from cern.ch instead of original site eospublic
%MSG
19-Oct-2023 06:24:02 CEST  Successfully opened file root://eospublic.cern.ch//eos/opendata/cms/mc/RunIIFall15MiniAODv2/WToTauNu_M-100_TuneCUETP8M1_13TeV-pythia8-tauola/MINIAODSIM/PU25nsData2015v1_76X_mcRun2_asymptotic_v12-v1/60000/24E59065-ABB8-E511-A07A-001517FAD934.root
Begin processing the 100001st record. Run 1, Event 59481, LumiSection 329 at 19-Oct-2023 06:24:05.206 CEST
19-Oct-2023 06:24:07 CEST  Closed file root://eospublic.cern.ch//eos/opendata/cms/mc/RunIIFall15MiniAODv2/WToTauNu_M-100_TuneCUETP8M1_13TeV-pythia8-tauola/MINIAODSIM/PU25nsData2015v1_76X_mcRun2_asymptotic_v12-v1/60000/24E59065-ABB8-E511-A07A-001517FAD934.root
19-Oct-2023 06:24:07 CEST  Initiating request to open file root://eospublic.cern.ch//eos/opendata/cms/mc/RunIIFall15MiniAODv2/WToTauNu_M-100_TuneCUETP8M1_13TeV-pythia8-tauola/MINIAODSIM/PU25nsData2015v1_76X_mcRun2_asymptotic_v12-v1/60000/2A435D7B-ABB8-E511-BBA4-D4AE526A05C8.root
%MSG-w XrdAdaptor:  file_open 19-Oct-2023 06:24:07 CEST PostProcessEvent
Data is served from cern.ch instead of original site eospublic
%MSG
19-Oct-2023 06:24:07 CEST  Successfully opened file root://eospublic.cern.ch//eos/opendata/cms/mc/RunIIFall15MiniAODv2/WToTauNu_M-100_TuneCUETP8M1_13TeV-pythia8-tauola/MINIAODSIM/PU25nsData2015v1_76X_mcRun2_asymptotic_v12-v1/60000/2A435D7B-ABB8-E511-BBA4-D4AE526A05C8.root
19-Oct-2023 06:24:11 CEST  Closed file root://eospublic.cern.ch//eos/opendata/cms/mc/RunIIFall15MiniAODv2/WToTauNu_M-100_TuneCUETP8M1_13TeV-pythia8-tauola/MINIAODSIM/PU25nsData2015v1_76X_mcRun2_asymptotic_v12-v1/60000/2A435D7B-ABB8-E511-BBA4-D4AE526A05C8.root
19-Oct-2023 06:24:11 CEST  Initiating request to open file root://eospublic.cern.ch//eos/opendata/cms/mc/RunIIFall15MiniAODv2/WToTauNu_M-100_TuneCUETP8M1_13TeV-pythia8-tauola/MINIAODSIM/PU25nsData2015v1_76X_mcRun2_asymptotic_v12-v1/60000/2EE10AD1-ABB8-E511-BC0E-001E67A3EC00.root
%MSG-w XrdAdaptor:  file_open 19-Oct-2023 06:24:11 CEST PostProcessEvent
Data is served from cern.ch instead of original site eospublic
%MSG
19-Oct-2023 06:24:11 CEST  Successfully opened file root://eospublic.cern.ch//eos/opendata/cms/mc/RunIIFall15MiniAODv2/WToTauNu_M-100_TuneCUETP8M1_13TeV-pythia8-tauola/MINIAODSIM/PU25nsData2015v1_76X_mcRun2_asymptotic_v12-v1/60000/2EE10AD1-ABB8-E511-BC0E-001E67A3EC00.root
Begin processing the 200001st record. Run 1, Event 14916, LumiSection 83 at 19-Oct-2023 06:24:15.370 CEST
19-Oct-2023 06:24:15 CEST  Closed file root://eospublic.cern.ch//eos/opendata/cms/mc/RunIIFall15MiniAODv2/WToTauNu_M-100_TuneCUETP8M1_13TeV-pythia8-tauola/MINIAODSIM/PU25nsData2015v1_76X_mcRun2_asymptotic_v12-v1/60000/2EE10AD1-ABB8-E511-BC0E-001E67A3EC00.root
19-Oct-2023 06:24:15 CEST  Initiating request to open file root://eospublic.cern.ch//eos/opendata/cms/mc/RunIIFall15MiniAODv2/WToTauNu_M-100_TuneCUETP8M1_13TeV-pythia8-tauola/MINIAODSIM/PU25nsData2015v1_76X_mcRun2_asymptotic_v12-v1/60000/34981870-ABB8-E511-9AA2-001EC9B21C7C.root
%MSG-w XrdAdaptor:  file_open 19-Oct-2023 06:24:15 CEST PostProcessEvent
Data is served from cern.ch instead of original site eospublic
%MSG
19-Oct-2023 06:24:15 CEST  Successfully opened file root://eospublic.cern.ch//eos/opendata/cms/mc/RunIIFall15MiniAODv2/WToTauNu_M-100_TuneCUETP8M1_13TeV-pythia8-tauola/MINIAODSIM/PU25nsData2015v1_76X_mcRun2_asymptotic_v12-v1/60000/34981870-ABB8-E511-9AA2-001EC9B21C7C.root
19-Oct-2023 06:24:20 CEST  Closed file root://eospublic.cern.ch//eos/opendata/cms/mc/RunIIFall15MiniAODv2/WToTauNu_M-100_TuneCUETP8M1_13TeV-pythia8-tauola/MINIAODSIM/PU25nsData2015v1_76X_mcRun2_asymptotic_v12-v1/60000/34981870-ABB8-E511-9AA2-001EC9B21C7C.root
19-Oct-2023 06:24:20 CEST  Initiating request to open file root://eospublic.cern.ch//eos/opendata/cms/mc/RunIIFall15MiniAODv2/WToTauNu_M-100_TuneCUETP8M1_13TeV-pythia8-tauola/MINIAODSIM/PU25nsData2015v1_76X_mcRun2_asymptotic_v12-v1/60000/52616514-ABB8-E511-8C1A-001E67397D64.root
%MSG-w XrdAdaptor:  file_open 19-Oct-2023 06:24:20 CEST PostProcessEvent
Data is served from cern.ch instead of original site eospublic
%MSG
19-Oct-2023 06:24:20 CEST  Successfully opened file root://eospublic.cern.ch//eos/opendata/cms/mc/RunIIFall15MiniAODv2/WToTauNu_M-100_TuneCUETP8M1_13TeV-pythia8-tauola/MINIAODSIM/PU25nsData2015v1_76X_mcRun2_asymptotic_v12-v1/60000/52616514-ABB8-E511-8C1A-001E67397D64.root
Begin processing the 300001st record. Run 1, Event 941985, LumiSection 5216 at 19-Oct-2023 06:24:25.700 CEST
19-Oct-2023 06:24:26 CEST  Closed file root://eospublic.cern.ch//eos/opendata/cms/mc/RunIIFall15MiniAODv2/WToTauNu_M-100_TuneCUETP8M1_13TeV-pythia8-tauola/MINIAODSIM/PU25nsData2015v1_76X_mcRun2_asymptotic_v12-v1/60000/52616514-ABB8-E511-8C1A-001E67397D64.root
19-Oct-2023 06:24:26 CEST  Initiating request to open file root://eospublic.cern.ch//eos/opendata/cms/mc/RunIIFall15MiniAODv2/WToTauNu_M-100_TuneCUETP8M1_13TeV-pythia8-tauola/MINIAODSIM/PU25nsData2015v1_76X_mcRun2_asymptotic_v12-v1/60000/582C3C12-ABB8-E511-ADBF-001E673970FD.root
%MSG-w XrdAdaptor:  file_open 19-Oct-2023 06:24:26 CEST PostProcessEvent
Data is served from cern.ch instead of original site eospublic
%MSG
19-Oct-2023 06:24:26 CEST  Successfully opened file root://eospublic.cern.ch//eos/opendata/cms/mc/RunIIFall15MiniAODv2/WToTauNu_M-100_TuneCUETP8M1_13TeV-pythia8-tauola/MINIAODSIM/PU25nsData2015v1_76X_mcRun2_asymptotic_v12-v1/60000/582C3C12-ABB8-E511-ADBF-001E673970FD.root
19-Oct-2023 06:24:30 CEST  Closed file root://eospublic.cern.ch//eos/opendata/cms/mc/RunIIFall15MiniAODv2/WToTauNu_M-100_TuneCUETP8M1_13TeV-pythia8-tauola/MINIAODSIM/PU25nsData2015v1_76X_mcRun2_asymptotic_v12-v1/60000/582C3C12-ABB8-E511-ADBF-001E673970FD.root
19-Oct-2023 06:24:30 CEST  Initiating request to open file root://eospublic.cern.ch//eos/opendata/cms/mc/RunIIFall15MiniAODv2/WToTauNu_M-100_TuneCUETP8M1_13TeV-pythia8-tauola/MINIAODSIM/PU25nsData2015v1_76X_mcRun2_asymptotic_v12-v1/60000/74D6E88F-ABB8-E511-995C-842B2B76653D.root
%MSG-w XrdAdaptor:  file_open 19-Oct-2023 06:24:30 CEST PostProcessEvent
Data is served from cern.ch instead of original site eospublic
%MSG
19-Oct-2023 06:24:30 CEST  Successfully opened file root://eospublic.cern.ch//eos/opendata/cms/mc/RunIIFall15MiniAODv2/WToTauNu_M-100_TuneCUETP8M1_13TeV-pythia8-tauola/MINIAODSIM/PU25nsData2015v1_76X_mcRun2_asymptotic_v12-v1/60000/74D6E88F-ABB8-E511-995C-842B2B76653D.root
19-Oct-2023 06:24:32 CEST  Closed file root://eospublic.cern.ch//eos/opendata/cms/mc/RunIIFall15MiniAODv2/WToTauNu_M-100_TuneCUETP8M1_13TeV-pythia8-tauola/MINIAODSIM/PU25nsData2015v1_76X_mcRun2_asymptotic_v12-v1/60000/74D6E88F-ABB8-E511-995C-842B2B76653D.root
19-Oct-2023 06:24:32 CEST  Initiating request to open file root://eospublic.cern.ch//eos/opendata/cms/mc/RunIIFall15MiniAODv2/WToTauNu_M-100_TuneCUETP8M1_13TeV-pythia8-tauola/MINIAODSIM/PU25nsData2015v1_76X_mcRun2_asymptotic_v12-v1/60000/78C16867-ABB8-E511-97CC-001517E736AC.root
%MSG-w XrdAdaptor:  file_open 19-Oct-2023 06:24:32 CEST PostProcessEvent
Data is served from cern.ch instead of original site eospublic
%MSG
19-Oct-2023 06:24:32 CEST  Successfully opened file root://eospublic.cern.ch//eos/opendata/cms/mc/RunIIFall15MiniAODv2/WToTauNu_M-100_TuneCUETP8M1_13TeV-pythia8-tauola/MINIAODSIM/PU25nsData2015v1_76X_mcRun2_asymptotic_v12-v1/60000/78C16867-ABB8-E511-97CC-001517E736AC.root
19-Oct-2023 06:24:34 CEST  Closed file root://eospublic.cern.ch//eos/opendata/cms/mc/RunIIFall15MiniAODv2/WToTauNu_M-100_TuneCUETP8M1_13TeV-pythia8-tauola/MINIAODSIM/PU25nsData2015v1_76X_mcRun2_asymptotic_v12-v1/60000/78C16867-ABB8-E511-97CC-001517E736AC.root
19-Oct-2023 06:24:34 CEST  Initiating request to open file root://eospublic.cern.ch//eos/opendata/cms/mc/RunIIFall15MiniAODv2/WToTauNu_M-100_TuneCUETP8M1_13TeV-pythia8-tauola/MINIAODSIM/PU25nsData2015v1_76X_mcRun2_asymptotic_v12-v1/60000/8A47C266-ABB8-E511-B87D-001E670B253C.root
%MSG-w XrdAdaptor:  file_open 19-Oct-2023 06:24:34 CEST PostProcessEvent
Data is served from cern.ch instead of original site eospublic
%MSG
19-Oct-2023 06:24:34 CEST  Successfully opened file root://eospublic.cern.ch//eos/opendata/cms/mc/RunIIFall15MiniAODv2/WToTauNu_M-100_TuneCUETP8M1_13TeV-pythia8-tauola/MINIAODSIM/PU25nsData2015v1_76X_mcRun2_asymptotic_v12-v1/60000/8A47C266-ABB8-E511-B87D-001E670B253C.root
Begin processing the 400001st record. Run 1, Event 496986, LumiSection 2752 at 19-Oct-2023 06:24:37.443 CEST
19-Oct-2023 06:24:38 CEST  Closed file root://eospublic.cern.ch//eos/opendata/cms/mc/RunIIFall15MiniAODv2/WToTauNu_M-100_TuneCUETP8M1_13TeV-pythia8-tauola/MINIAODSIM/PU25nsData2015v1_76X_mcRun2_asymptotic_v12-v1/60000/8A47C266-ABB8-E511-B87D-001E670B253C.root
19-Oct-2023 06:24:38 CEST  Initiating request to open file root://eospublic.cern.ch//eos/opendata/cms/mc/RunIIFall15MiniAODv2/WToTauNu_M-100_TuneCUETP8M1_13TeV-pythia8-tauola/MINIAODSIM/PU25nsData2015v1_76X_mcRun2_asymptotic_v12-v1/60000/A273FF2F-ACB8-E511-99D3-001E67A3EAB1.root
%MSG-w XrdAdaptor:  file_open 19-Oct-2023 06:24:38 CEST PostProcessEvent
Data is served from cern.ch instead of original site eospublic
%MSG
19-Oct-2023 06:24:38 CEST  Successfully opened file root://eospublic.cern.ch//eos/opendata/cms/mc/RunIIFall15MiniAODv2/WToTauNu_M-100_TuneCUETP8M1_13TeV-pythia8-tauola/MINIAODSIM/PU25nsData2015v1_76X_mcRun2_asymptotic_v12-v1/60000/A273FF2F-ACB8-E511-99D3-001E67A3EAB1.root
19-Oct-2023 06:24:42 CEST  Closed file root://eospublic.cern.ch//eos/opendata/cms/mc/RunIIFall15MiniAODv2/WToTauNu_M-100_TuneCUETP8M1_13TeV-pythia8-tauola/MINIAODSIM/PU25nsData2015v1_76X_mcRun2_asymptotic_v12-v1/60000/A273FF2F-ACB8-E511-99D3-001E67A3EAB1.root
19-Oct-2023 06:24:42 CEST  Initiating request to open file root://eospublic.cern.ch//eos/opendata/cms/mc/RunIIFall15MiniAODv2/WToTauNu_M-100_TuneCUETP8M1_13TeV-pythia8-tauola/MINIAODSIM/PU25nsData2015v1_76X_mcRun2_asymptotic_v12-v1/60000/A855E3B7-ADB8-E511-8EB9-001E67DDC119.root
%MSG-w XrdAdaptor:  file_open 19-Oct-2023 06:24:42 CEST PostProcessEvent
Data is served from cern.ch instead of original site eospublic
%MSG
19-Oct-2023 06:24:42 CEST  Successfully opened file root://eospublic.cern.ch//eos/opendata/cms/mc/RunIIFall15MiniAODv2/WToTauNu_M-100_TuneCUETP8M1_13TeV-pythia8-tauola/MINIAODSIM/PU25nsData2015v1_76X_mcRun2_asymptotic_v12-v1/60000/A855E3B7-ADB8-E511-8EB9-001E67DDC119.root
19-Oct-2023 06:24:46 CEST  Closed file root://eospublic.cern.ch//eos/opendata/cms/mc/RunIIFall15MiniAODv2/WToTauNu_M-100_TuneCUETP8M1_13TeV-pythia8-tauola/MINIAODSIM/PU25nsData2015v1_76X_mcRun2_asymptotic_v12-v1/60000/A855E3B7-ADB8-E511-8EB9-001E67DDC119.root
19-Oct-2023 06:24:46 CEST  Initiating request to open file root://eospublic.cern.ch//eos/opendata/cms/mc/RunIIFall15MiniAODv2/WToTauNu_M-100_TuneCUETP8M1_13TeV-pythia8-tauola/MINIAODSIM/PU25nsData2015v1_76X_mcRun2_asymptotic_v12-v1/60000/AA837561-ABB8-E511-A0C4-001E67A3F8A8.root
%MSG-w XrdAdaptor:  file_open 19-Oct-2023 06:24:46 CEST PostProcessEvent
Data is served from cern.ch instead of original site eospublic
%MSG
19-Oct-2023 06:24:46 CEST  Successfully opened file root://eospublic.cern.ch//eos/opendata/cms/mc/RunIIFall15MiniAODv2/WToTauNu_M-100_TuneCUETP8M1_13TeV-pythia8-tauola/MINIAODSIM/PU25nsData2015v1_76X_mcRun2_asymptotic_v12-v1/60000/AA837561-ABB8-E511-A0C4-001E67A3F8A8.root
Begin processing the 500001st record. Run 1, Event 547727, LumiSection 3033 at 19-Oct-2023 06:24:48.386 CEST
19-Oct-2023 06:24:51 CEST  Closed file root://eospublic.cern.ch//eos/opendata/cms/mc/RunIIFall15MiniAODv2/WToTauNu_M-100_TuneCUETP8M1_13TeV-pythia8-tauola/MINIAODSIM/PU25nsData2015v1_76X_mcRun2_asymptotic_v12-v1/60000/AA837561-ABB8-E511-A0C4-001E67A3F8A8.root
19-Oct-2023 06:24:51 CEST  Initiating request to open file root://eospublic.cern.ch//eos/opendata/cms/mc/RunIIFall15MiniAODv2/WToTauNu_M-100_TuneCUETP8M1_13TeV-pythia8-tauola/MINIAODSIM/PU25nsData2015v1_76X_mcRun2_asymptotic_v12-v1/60000/B68D2A05-ABB8-E511-A818-002590A4FFA2.root
%MSG-w XrdAdaptor:  file_open 19-Oct-2023 06:24:51 CEST PostProcessEvent
Data is served from cern.ch instead of original site eospublic
%MSG
19-Oct-2023 06:24:51 CEST  Successfully opened file root://eospublic.cern.ch//eos/opendata/cms/mc/RunIIFall15MiniAODv2/WToTauNu_M-100_TuneCUETP8M1_13TeV-pythia8-tauola/MINIAODSIM/PU25nsData2015v1_76X_mcRun2_asymptotic_v12-v1/60000/B68D2A05-ABB8-E511-A818-002590A4FFA2.root
19-Oct-2023 06:24:55 CEST  Closed file root://eospublic.cern.ch//eos/opendata/cms/mc/RunIIFall15MiniAODv2/WToTauNu_M-100_TuneCUETP8M1_13TeV-pythia8-tauola/MINIAODSIM/PU25nsData2015v1_76X_mcRun2_asymptotic_v12-v1/60000/B68D2A05-ABB8-E511-A818-002590A4FFA2.root
19-Oct-2023 06:24:55 CEST  Initiating request to open file root://eospublic.cern.ch//eos/opendata/cms/mc/RunIIFall15MiniAODv2/WToTauNu_M-100_TuneCUETP8M1_13TeV-pythia8-tauola/MINIAODSIM/PU25nsData2015v1_76X_mcRun2_asymptotic_v12-v1/60000/C07B1068-ABB8-E511-92F9-001E67E6920C.root
%MSG-w XrdAdaptor:  file_open 19-Oct-2023 06:24:55 CEST PostProcessEvent
Data is served from cern.ch instead of original site eospublic
%MSG
19-Oct-2023 06:24:55 CEST  Successfully opened file root://eospublic.cern.ch//eos/opendata/cms/mc/RunIIFall15MiniAODv2/WToTauNu_M-100_TuneCUETP8M1_13TeV-pythia8-tauola/MINIAODSIM/PU25nsData2015v1_76X_mcRun2_asymptotic_v12-v1/60000/C07B1068-ABB8-E511-92F9-001E67E6920C.root
Begin processing the 600001st record. Run 1, Event 648394, LumiSection 3591 at 19-Oct-2023 06:24:58.599 CEST
19-Oct-2023 06:25:00 CEST  Closed file root://eospublic.cern.ch//eos/opendata/cms/mc/RunIIFall15MiniAODv2/WToTauNu_M-100_TuneCUETP8M1_13TeV-pythia8-tauola/MINIAODSIM/PU25nsData2015v1_76X_mcRun2_asymptotic_v12-v1/60000/C07B1068-ABB8-E511-92F9-001E67E6920C.root
19-Oct-2023 06:25:00 CEST  Initiating request to open file root://eospublic.cern.ch//eos/opendata/cms/mc/RunIIFall15MiniAODv2/WToTauNu_M-100_TuneCUETP8M1_13TeV-pythia8-tauola/MINIAODSIM/PU25nsData2015v1_76X_mcRun2_asymptotic_v12-v1/60000/C21E88EF-ACB8-E511-B8CA-001517EC2B60.root
%MSG-w XrdAdaptor:  file_open 19-Oct-2023 06:25:00 CEST PostProcessEvent
Data is served from cern.ch instead of original site eospublic
%MSG
19-Oct-2023 06:25:00 CEST  Successfully opened file root://eospublic.cern.ch//eos/opendata/cms/mc/RunIIFall15MiniAODv2/WToTauNu_M-100_TuneCUETP8M1_13TeV-pythia8-tauola/MINIAODSIM/PU25nsData2015v1_76X_mcRun2_asymptotic_v12-v1/60000/C21E88EF-ACB8-E511-B8CA-001517EC2B60.root
19-Oct-2023 06:25:04 CEST  Closed file root://eospublic.cern.ch//eos/opendata/cms/mc/RunIIFall15MiniAODv2/WToTauNu_M-100_TuneCUETP8M1_13TeV-pythia8-tauola/MINIAODSIM/PU25nsData2015v1_76X_mcRun2_asymptotic_v12-v1/60000/C21E88EF-ACB8-E511-B8CA-001517EC2B60.root
19-Oct-2023 06:25:04 CEST  Initiating request to open file root://eospublic.cern.ch//eos/opendata/cms/mc/RunIIFall15MiniAODv2/WToTauNu_M-100_TuneCUETP8M1_13TeV-pythia8-tauola/MINIAODSIM/PU25nsData2015v1_76X_mcRun2_asymptotic_v12-v1/60000/C8EB2C42-ABB8-E511-9FCE-001E67DDBEDA.root
%MSG-w XrdAdaptor:  file_open 19-Oct-2023 06:25:04 CEST PostProcessEvent
Data is served from cern.ch instead of original site eospublic
%MSG
19-Oct-2023 06:25:04 CEST  Successfully opened file root://eospublic.cern.ch//eos/opendata/cms/mc/RunIIFall15MiniAODv2/WToTauNu_M-100_TuneCUETP8M1_13TeV-pythia8-tauola/MINIAODSIM/PU25nsData2015v1_76X_mcRun2_asymptotic_v12-v1/60000/C8EB2C42-ABB8-E511-9FCE-001E67DDBEDA.root
Begin processing the 700001st record. Run 1, Event 456773, LumiSection 2529 at 19-Oct-2023 06:25:08.606 CEST
19-Oct-2023 06:25:09 CEST  Closed file root://eospublic.cern.ch//eos/opendata/cms/mc/RunIIFall15MiniAODv2/WToTauNu_M-100_TuneCUETP8M1_13TeV-pythia8-tauola/MINIAODSIM/PU25nsData2015v1_76X_mcRun2_asymptotic_v12-v1/60000/C8EB2C42-ABB8-E511-9FCE-001E67DDBEDA.root
19-Oct-2023 06:25:09 CEST  Initiating request to open file root://eospublic.cern.ch//eos/opendata/cms/mc/RunIIFall15MiniAODv2/WToTauNu_M-100_TuneCUETP8M1_13TeV-pythia8-tauola/MINIAODSIM/PU25nsData2015v1_76X_mcRun2_asymptotic_v12-v1/60000/D898DA7F-ADB8-E511-AFE0-001E675A6AB8.root
%MSG-w XrdAdaptor:  file_open 19-Oct-2023 06:25:09 CEST PostProcessEvent
Data is served from cern.ch instead of original site eospublic
%MSG
19-Oct-2023 06:25:09 CEST  Successfully opened file root://eospublic.cern.ch//eos/opendata/cms/mc/RunIIFall15MiniAODv2/WToTauNu_M-100_TuneCUETP8M1_13TeV-pythia8-tauola/MINIAODSIM/PU25nsData2015v1_76X_mcRun2_asymptotic_v12-v1/60000/D898DA7F-ADB8-E511-AFE0-001E675A6AB8.root
19-Oct-2023 06:25:12 CEST  Closed file root://eospublic.cern.ch//eos/opendata/cms/mc/RunIIFall15MiniAODv2/WToTauNu_M-100_TuneCUETP8M1_13TeV-pythia8-tauola/MINIAODSIM/PU25nsData2015v1_76X_mcRun2_asymptotic_v12-v1/60000/D898DA7F-ADB8-E511-AFE0-001E675A6AB8.root
19-Oct-2023 06:25:12 CEST  Initiating request to open file root://eospublic.cern.ch//eos/opendata/cms/mc/RunIIFall15MiniAODv2/WToTauNu_M-100_TuneCUETP8M1_13TeV-pythia8-tauola/MINIAODSIM/PU25nsData2015v1_76X_mcRun2_asymptotic_v12-v1/60000/E0E9B048-ABB8-E511-808A-001E67A40523.root
%MSG-w XrdAdaptor:  file_open 19-Oct-2023 06:25:12 CEST PostProcessEvent
Data is served from cern.ch instead of original site eospublic
%MSG
19-Oct-2023 06:25:12 CEST  Successfully opened file root://eospublic.cern.ch//eos/opendata/cms/mc/RunIIFall15MiniAODv2/WToTauNu_M-100_TuneCUETP8M1_13TeV-pythia8-tauola/MINIAODSIM/PU25nsData2015v1_76X_mcRun2_asymptotic_v12-v1/60000/E0E9B048-ABB8-E511-808A-001E67A40523.root
19-Oct-2023 06:25:16 CEST  Closed file root://eospublic.cern.ch//eos/opendata/cms/mc/RunIIFall15MiniAODv2/WToTauNu_M-100_TuneCUETP8M1_13TeV-pythia8-tauola/MINIAODSIM/PU25nsData2015v1_76X_mcRun2_asymptotic_v12-v1/60000/E0E9B048-ABB8-E511-808A-001E67A40523.root
19-Oct-2023 06:25:16 CEST  Initiating request to open file root://eospublic.cern.ch//eos/opendata/cms/mc/RunIIFall15MiniAODv2/WToTauNu_M-100_TuneCUETP8M1_13TeV-pythia8-tauola/MINIAODSIM/PU25nsData2015v1_76X_mcRun2_asymptotic_v12-v1/60000/E441AB1A-ABB8-E511-8B10-001E67398683.root
%MSG-w XrdAdaptor:  file_open 19-Oct-2023 06:25:16 CEST PostProcessEvent
Data is served from cern.ch instead of original site eospublic
%MSG
19-Oct-2023 06:25:16 CEST  Successfully opened file root://eospublic.cern.ch//eos/opendata/cms/mc/RunIIFall15MiniAODv2/WToTauNu_M-100_TuneCUETP8M1_13TeV-pythia8-tauola/MINIAODSIM/PU25nsData2015v1_76X_mcRun2_asymptotic_v12-v1/60000/E441AB1A-ABB8-E511-8B10-001E67398683.root
Begin processing the 800001st record. Run 1, Event 860384, LumiSection 4764 at 19-Oct-2023 06:25:19.622 CEST
19-Oct-2023 06:25:20 CEST  Closed file root://eospublic.cern.ch//eos/opendata/cms/mc/RunIIFall15MiniAODv2/WToTauNu_M-100_TuneCUETP8M1_13TeV-pythia8-tauola/MINIAODSIM/PU25nsData2015v1_76X_mcRun2_asymptotic_v12-v1/60000/E441AB1A-ABB8-E511-8B10-001E67398683.root
19-Oct-2023 06:25:20 CEST  Initiating request to open file root://eospublic.cern.ch//eos/opendata/cms/mc/RunIIFall15MiniAODv2/WToTauNu_M-100_TuneCUETP8M1_13TeV-pythia8-tauola/MINIAODSIM/PU25nsData2015v1_76X_mcRun2_asymptotic_v12-v1/60000/EC2ADC7A-ABB8-E511-9E6D-842B2B766242.root
%MSG-w XrdAdaptor:  file_open 19-Oct-2023 06:25:20 CEST PostProcessEvent
Data is served from cern.ch instead of original site eospublic
%MSG
19-Oct-2023 06:25:20 CEST  Successfully opened file root://eospublic.cern.ch//eos/opendata/cms/mc/RunIIFall15MiniAODv2/WToTauNu_M-100_TuneCUETP8M1_13TeV-pythia8-tauola/MINIAODSIM/PU25nsData2015v1_76X_mcRun2_asymptotic_v12-v1/60000/EC2ADC7A-ABB8-E511-9E6D-842B2B766242.root
19-Oct-2023 06:25:24 CEST  Closed file root://eospublic.cern.ch//eos/opendata/cms/mc/RunIIFall15MiniAODv2/WToTauNu_M-100_TuneCUETP8M1_13TeV-pythia8-tauola/MINIAODSIM/PU25nsData2015v1_76X_mcRun2_asymptotic_v12-v1/60000/EC2ADC7A-ABB8-E511-9E6D-842B2B766242.root
19-Oct-2023 06:25:24 CEST  Initiating request to open file root://eospublic.cern.ch//eos/opendata/cms/mc/RunIIFall15MiniAODv2/WToTauNu_M-100_TuneCUETP8M1_13TeV-pythia8-tauola/MINIAODSIM/PU25nsData2015v1_76X_mcRun2_asymptotic_v12-v1/60000/EECDC500-ABB8-E511-AE68-001E6739726F.root
%MSG-w XrdAdaptor:  file_open 19-Oct-2023 06:25:24 CEST PostProcessEvent
Data is served from cern.ch instead of original site eospublic
%MSG
19-Oct-2023 06:25:24 CEST  Successfully opened file root://eospublic.cern.ch//eos/opendata/cms/mc/RunIIFall15MiniAODv2/WToTauNu_M-100_TuneCUETP8M1_13TeV-pythia8-tauola/MINIAODSIM/PU25nsData2015v1_76X_mcRun2_asymptotic_v12-v1/60000/EECDC500-ABB8-E511-AE68-001E6739726F.root
19-Oct-2023 06:25:28 CEST  Closed file root://eospublic.cern.ch//eos/opendata/cms/mc/RunIIFall15MiniAODv2/WToTauNu_M-100_TuneCUETP8M1_13TeV-pythia8-tauola/MINIAODSIM/PU25nsData2015v1_76X_mcRun2_asymptotic_v12-v1/60000/EECDC500-ABB8-E511-AE68-001E6739726F.root
19-Oct-2023 06:25:28 CEST  Initiating request to open file root://eospublic.cern.ch//eos/opendata/cms/mc/RunIIFall15MiniAODv2/WToTauNu_M-100_TuneCUETP8M1_13TeV-pythia8-tauola/MINIAODSIM/PU25nsData2015v1_76X_mcRun2_asymptotic_v12-v1/60000/F0DCB1AB-ADB8-E511-93B0-001E675A6AB8.root
%MSG-w XrdAdaptor:  file_open 19-Oct-2023 06:25:28 CEST PostProcessEvent
Data is served from cern.ch instead of original site eospublic
%MSG
19-Oct-2023 06:25:28 CEST  Successfully opened file root://eospublic.cern.ch//eos/opendata/cms/mc/RunIIFall15MiniAODv2/WToTauNu_M-100_TuneCUETP8M1_13TeV-pythia8-tauola/MINIAODSIM/PU25nsData2015v1_76X_mcRun2_asymptotic_v12-v1/60000/F0DCB1AB-ADB8-E511-93B0-001E675A6AB8.root
Begin processing the 900001st record. Run 1, Event 859551, LumiSection 4759 at 19-Oct-2023 06:25:30.704 CEST
19-Oct-2023 06:25:33 CEST  Closed file root://eospublic.cern.ch//eos/opendata/cms/mc/RunIIFall15MiniAODv2/WToTauNu_M-100_TuneCUETP8M1_13TeV-pythia8-tauola/MINIAODSIM/PU25nsData2015v1_76X_mcRun2_asymptotic_v12-v1/60000/F0DCB1AB-ADB8-E511-93B0-001E675A6AB8.root
19-Oct-2023 06:25:33 CEST  Initiating request to open file root://eospublic.cern.ch//eos/opendata/cms/mc/RunIIFall15MiniAODv2/WToTauNu_M-100_TuneCUETP8M1_13TeV-pythia8-tauola/MINIAODSIM/PU25nsData2015v1_76X_mcRun2_asymptotic_v12-v1/60000/F2485907-ABB8-E511-86E7-9C8E991A143E.root
%MSG-w XrdAdaptor:  file_open 19-Oct-2023 06:25:33 CEST PostProcessEvent
Data is served from cern.ch instead of original site eospublic
%MSG
19-Oct-2023 06:25:33 CEST  Successfully opened file root://eospublic.cern.ch//eos/opendata/cms/mc/RunIIFall15MiniAODv2/WToTauNu_M-100_TuneCUETP8M1_13TeV-pythia8-tauola/MINIAODSIM/PU25nsData2015v1_76X_mcRun2_asymptotic_v12-v1/60000/F2485907-ABB8-E511-86E7-9C8E991A143E.root
19-Oct-2023 06:25:37 CEST  Closed file root://eospublic.cern.ch//eos/opendata/cms/mc/RunIIFall15MiniAODv2/WToTauNu_M-100_TuneCUETP8M1_13TeV-pythia8-tauola/MINIAODSIM/PU25nsData2015v1_76X_mcRun2_asymptotic_v12-v1/60000/F2485907-ABB8-E511-86E7-9C8E991A143E.root

------------------------------------
GenXsecAnalyzer:
------------------------------------
Before Filtrer: total cross section = 1.505e+02 +- 7.709e-02 pb
Filter efficiency (taking into account weights)= (974625) / (974625) = 1.000e+00 +- 0.000e+00
Filter efficiency (event-level)= (974625) / (974625) = 1.000e+00 +- 0.000e+00
After filter: final cross section = 1.505e+02 +- 7.709e-02 pb

=============================================

MessageLogger Summary

 type     category        sev    module        subroutine        count    total
 ---- -------------------- -- ---------------- ----------------  -----    -----
    1 GenXSecAnalyzer      -w GenXSecAnalyzer:                       5        5
    2 XrdAdaptor           -w file_open                             25       25
    3 fileAction           -s file_close                            25       25
    4 fileAction           -s file_open                             50       50

 type    category    Examples: run/evt        run/evt          run/evt
 ---- -------------------- ---------------- ---------------- ----------------
    1 GenXSecAnalyzer      PostEndRun       PostEndRun       PostEndRun
    2 XrdAdaptor           pre-events       PostProcessEvent PostProcessEvent
    3 fileAction           PostProcessEvent PostProcessEvent PostEndRun
    4 fileAction           pre-events       pre-events       PostProcessEvent

Severity    # Occurrences   Total Occurrences
--------    -------------   -----------------
Warning                30                  30
System                 75                  75
