10-Jan-2024 22:12:45 CET  Initiating request to open file root://cmsxrootd.fnal.gov//store/mc/RunIISummer20UL16MiniAODv2/ST_TuneCP5_BNV_TBCE_13TeV-madgraph-pythia8/MINIAODSIM/106X_mcRun2_asymptotic_v17-v2/80000/90602090-BC27-0C46-A3AC-34BC4282AA4C.root
Unable to load sec.protocol plugin libXrdSecztn.so
%MSG-w XrdAdaptor:  file_open 10-Jan-2024 22:12:50 CET pre-events
Data is served from fnal.gov instead of original site US-Regional-Nebraska
%MSG
10-Jan-2024 22:12:53 CET  Successfully opened file root://cmsxrootd.fnal.gov//store/mc/RunIISummer20UL16MiniAODv2/ST_TuneCP5_BNV_TBCE_13TeV-madgraph-pythia8/MINIAODSIM/106X_mcRun2_asymptotic_v17-v2/80000/90602090-BC27-0C46-A3AC-34BC4282AA4C.root
Unable to load sec.protocol plugin libXrdSecztn.so
Begin processing the 1st record. Run 1, Event 32002, LumiSection 33 on stream 0 at 10-Jan-2024 22:12:58.023 CET
10-Jan-2024 22:12:58 CET  Closed file root://cmsxrootd.fnal.gov//store/mc/RunIISummer20UL16MiniAODv2/ST_TuneCP5_BNV_TBCE_13TeV-madgraph-pythia8/MINIAODSIM/106X_mcRun2_asymptotic_v17-v2/80000/90602090-BC27-0C46-A3AC-34BC4282AA4C.root
10-Jan-2024 22:12:58 CET  Initiating request to open file root://cmsxrootd.fnal.gov//store/mc/RunIISummer20UL16MiniAODv2/ST_TuneCP5_BNV_TBCE_13TeV-madgraph-pythia8/MINIAODSIM/106X_mcRun2_asymptotic_v17-v2/80000/840E6156-A927-C042-A793-F206C1576BEA.root
Unable to load sec.protocol plugin libXrdSecztn.so
%MSG-w XrdAdaptor:  file_open 10-Jan-2024 22:13:01 CET PostProcessEvent
Data is served from fnal.gov instead of original site US-Regional-Nebraska
%MSG
10-Jan-2024 22:13:02 CET  Successfully opened file root://cmsxrootd.fnal.gov//store/mc/RunIISummer20UL16MiniAODv2/ST_TuneCP5_BNV_TBCE_13TeV-madgraph-pythia8/MINIAODSIM/106X_mcRun2_asymptotic_v17-v2/80000/840E6156-A927-C042-A793-F206C1576BEA.root
10-Jan-2024 22:13:06 CET  Closed file root://cmsxrootd.fnal.gov//store/mc/RunIISummer20UL16MiniAODv2/ST_TuneCP5_BNV_TBCE_13TeV-madgraph-pythia8/MINIAODSIM/106X_mcRun2_asymptotic_v17-v2/80000/840E6156-A927-C042-A793-F206C1576BEA.root
10-Jan-2024 22:13:06 CET  Initiating request to open file root://cmsxrootd.fnal.gov//store/mc/RunIISummer20UL16MiniAODv2/ST_TuneCP5_BNV_TBCE_13TeV-madgraph-pythia8/MINIAODSIM/106X_mcRun2_asymptotic_v17-v2/80000/B00FCD5E-4B6F-254D-8BAB-9CE9AD242780.root
%MSG-w XrdAdaptor:  file_open 10-Jan-2024 22:13:09 CET PostProcessEvent
Data is served from fnal.gov instead of original site US-Regional-Nebraska
%MSG
10-Jan-2024 22:13:09 CET  Successfully opened file root://cmsxrootd.fnal.gov//store/mc/RunIISummer20UL16MiniAODv2/ST_TuneCP5_BNV_TBCE_13TeV-madgraph-pythia8/MINIAODSIM/106X_mcRun2_asymptotic_v17-v2/80000/B00FCD5E-4B6F-254D-8BAB-9CE9AD242780.root
10-Jan-2024 22:13:16 CET  Closed file root://cmsxrootd.fnal.gov//store/mc/RunIISummer20UL16MiniAODv2/ST_TuneCP5_BNV_TBCE_13TeV-madgraph-pythia8/MINIAODSIM/106X_mcRun2_asymptotic_v17-v2/80000/B00FCD5E-4B6F-254D-8BAB-9CE9AD242780.root
10-Jan-2024 22:13:16 CET  Initiating request to open file root://cmsxrootd.fnal.gov//store/mc/RunIISummer20UL16MiniAODv2/ST_TuneCP5_BNV_TBCE_13TeV-madgraph-pythia8/MINIAODSIM/106X_mcRun2_asymptotic_v17-v2/80000/B6E36AD5-B7E7-674A-80ED-809352959056.root
Unable to load sec.protocol plugin libXrdSecztn.so
%MSG-w XrdAdaptor:  file_open 10-Jan-2024 22:13:19 CET PostProcessEvent
Data is served from fnal.gov instead of original site US-Regional-Nebraska
%MSG
10-Jan-2024 22:13:20 CET  Successfully opened file root://cmsxrootd.fnal.gov//store/mc/RunIISummer20UL16MiniAODv2/ST_TuneCP5_BNV_TBCE_13TeV-madgraph-pythia8/MINIAODSIM/106X_mcRun2_asymptotic_v17-v2/80000/B6E36AD5-B7E7-674A-80ED-809352959056.root
10-Jan-2024 22:13:26 CET  Closed file root://cmsxrootd.fnal.gov//store/mc/RunIISummer20UL16MiniAODv2/ST_TuneCP5_BNV_TBCE_13TeV-madgraph-pythia8/MINIAODSIM/106X_mcRun2_asymptotic_v17-v2/80000/B6E36AD5-B7E7-674A-80ED-809352959056.root
10-Jan-2024 22:13:26 CET  Initiating request to open file root://cmsxrootd.fnal.gov//store/mc/RunIISummer20UL16MiniAODv2/ST_TuneCP5_BNV_TBCE_13TeV-madgraph-pythia8/MINIAODSIM/106X_mcRun2_asymptotic_v17-v2/80000/B91E8D60-11C6-A440-A03E-EEF5E943EF75.root
%MSG-w XrdAdaptor:  file_open 10-Jan-2024 22:13:28 CET PostProcessEvent
Data is served from fnal.gov instead of original site US-Regional-Nebraska
%MSG
10-Jan-2024 22:13:29 CET  Successfully opened file root://cmsxrootd.fnal.gov//store/mc/RunIISummer20UL16MiniAODv2/ST_TuneCP5_BNV_TBCE_13TeV-madgraph-pythia8/MINIAODSIM/106X_mcRun2_asymptotic_v17-v2/80000/B91E8D60-11C6-A440-A03E-EEF5E943EF75.root
10-Jan-2024 22:13:35 CET  Closed file root://cmsxrootd.fnal.gov//store/mc/RunIISummer20UL16MiniAODv2/ST_TuneCP5_BNV_TBCE_13TeV-madgraph-pythia8/MINIAODSIM/106X_mcRun2_asymptotic_v17-v2/80000/B91E8D60-11C6-A440-A03E-EEF5E943EF75.root
10-Jan-2024 22:13:35 CET  Initiating request to open file root://cmsxrootd.fnal.gov//store/mc/RunIISummer20UL16MiniAODv2/ST_TuneCP5_BNV_TBCE_13TeV-madgraph-pythia8/MINIAODSIM/106X_mcRun2_asymptotic_v17-v2/80000/71ABDD1F-DF93-E34F-B540-FAC67829AD3E.root
%MSG-w XrdAdaptor:  file_open 10-Jan-2024 22:13:37 CET PostProcessEvent
Data is served from fnal.gov instead of original site US-Regional-Nebraska
%MSG
10-Jan-2024 22:13:38 CET  Successfully opened file root://cmsxrootd.fnal.gov//store/mc/RunIISummer20UL16MiniAODv2/ST_TuneCP5_BNV_TBCE_13TeV-madgraph-pythia8/MINIAODSIM/106X_mcRun2_asymptotic_v17-v2/80000/71ABDD1F-DF93-E34F-B540-FAC67829AD3E.root
10-Jan-2024 22:13:43 CET  Closed file root://cmsxrootd.fnal.gov//store/mc/RunIISummer20UL16MiniAODv2/ST_TuneCP5_BNV_TBCE_13TeV-madgraph-pythia8/MINIAODSIM/106X_mcRun2_asymptotic_v17-v2/80000/71ABDD1F-DF93-E34F-B540-FAC67829AD3E.root
10-Jan-2024 22:13:43 CET  Initiating request to open file root://cmsxrootd.fnal.gov//store/mc/RunIISummer20UL16MiniAODv2/ST_TuneCP5_BNV_TBCE_13TeV-madgraph-pythia8/MINIAODSIM/106X_mcRun2_asymptotic_v17-v2/80000/E8E85551-535E-9645-B7DB-BB18647A2C10.root
%MSG-w XrdAdaptor:  file_open 10-Jan-2024 22:13:47 CET PostProcessEvent
Data is served from T2_US_Nebraska instead of original site US-Regional-Nebraska
%MSG
10-Jan-2024 22:13:48 CET  Successfully opened file root://cmsxrootd.fnal.gov//store/mc/RunIISummer20UL16MiniAODv2/ST_TuneCP5_BNV_TBCE_13TeV-madgraph-pythia8/MINIAODSIM/106X_mcRun2_asymptotic_v17-v2/80000/E8E85551-535E-9645-B7DB-BB18647A2C10.root
10-Jan-2024 22:13:53 CET  Closed file root://cmsxrootd.fnal.gov//store/mc/RunIISummer20UL16MiniAODv2/ST_TuneCP5_BNV_TBCE_13TeV-madgraph-pythia8/MINIAODSIM/106X_mcRun2_asymptotic_v17-v2/80000/E8E85551-535E-9645-B7DB-BB18647A2C10.root
10-Jan-2024 22:13:53 CET  Initiating request to open file root://cmsxrootd.fnal.gov//store/mc/RunIISummer20UL16MiniAODv2/ST_TuneCP5_BNV_TBCE_13TeV-madgraph-pythia8/MINIAODSIM/106X_mcRun2_asymptotic_v17-v2/80000/9BF9F3BA-BB2B-7942-9E63-B57CA86844CB.root
%MSG-w XrdAdaptor:  file_open 10-Jan-2024 22:13:56 CET PostProcessEvent
Data is served from fnal.gov instead of original site US-Regional-Nebraska
%MSG
10-Jan-2024 22:13:56 CET  Successfully opened file root://cmsxrootd.fnal.gov//store/mc/RunIISummer20UL16MiniAODv2/ST_TuneCP5_BNV_TBCE_13TeV-madgraph-pythia8/MINIAODSIM/106X_mcRun2_asymptotic_v17-v2/80000/9BF9F3BA-BB2B-7942-9E63-B57CA86844CB.root
10-Jan-2024 22:14:03 CET  Closed file root://cmsxrootd.fnal.gov//store/mc/RunIISummer20UL16MiniAODv2/ST_TuneCP5_BNV_TBCE_13TeV-madgraph-pythia8/MINIAODSIM/106X_mcRun2_asymptotic_v17-v2/80000/9BF9F3BA-BB2B-7942-9E63-B57CA86844CB.root
10-Jan-2024 22:14:03 CET  Initiating request to open file root://cmsxrootd.fnal.gov//store/mc/RunIISummer20UL16MiniAODv2/ST_TuneCP5_BNV_TBCE_13TeV-madgraph-pythia8/MINIAODSIM/106X_mcRun2_asymptotic_v17-v2/80000/5DD4E09F-9911-CD4A-AB33-9C1E965791A4.root
%MSG-w XrdAdaptor:  file_open 10-Jan-2024 22:14:05 CET PostProcessEvent
Data is served from fnal.gov instead of original site US-Regional-Nebraska
%MSG
10-Jan-2024 22:14:05 CET  Successfully opened file root://cmsxrootd.fnal.gov//store/mc/RunIISummer20UL16MiniAODv2/ST_TuneCP5_BNV_TBCE_13TeV-madgraph-pythia8/MINIAODSIM/106X_mcRun2_asymptotic_v17-v2/80000/5DD4E09F-9911-CD4A-AB33-9C1E965791A4.root
10-Jan-2024 22:14:13 CET  Closed file root://cmsxrootd.fnal.gov//store/mc/RunIISummer20UL16MiniAODv2/ST_TuneCP5_BNV_TBCE_13TeV-madgraph-pythia8/MINIAODSIM/106X_mcRun2_asymptotic_v17-v2/80000/5DD4E09F-9911-CD4A-AB33-9C1E965791A4.root
10-Jan-2024 22:14:13 CET  Initiating request to open file root://cmsxrootd.fnal.gov//store/mc/RunIISummer20UL16MiniAODv2/ST_TuneCP5_BNV_TBCE_13TeV-madgraph-pythia8/MINIAODSIM/106X_mcRun2_asymptotic_v17-v2/80000/3C1DE950-53BD-BD4B-A64B-43D37ACAB23B.root
%MSG-w XrdAdaptor:  file_open 10-Jan-2024 22:14:16 CET PostProcessEvent
Data is served from T2_US_Nebraska instead of original site US-Regional-Nebraska
%MSG
10-Jan-2024 22:14:17 CET  Successfully opened file root://cmsxrootd.fnal.gov//store/mc/RunIISummer20UL16MiniAODv2/ST_TuneCP5_BNV_TBCE_13TeV-madgraph-pythia8/MINIAODSIM/106X_mcRun2_asymptotic_v17-v2/80000/3C1DE950-53BD-BD4B-A64B-43D37ACAB23B.root
10-Jan-2024 22:14:22 CET  Closed file root://cmsxrootd.fnal.gov//store/mc/RunIISummer20UL16MiniAODv2/ST_TuneCP5_BNV_TBCE_13TeV-madgraph-pythia8/MINIAODSIM/106X_mcRun2_asymptotic_v17-v2/80000/3C1DE950-53BD-BD4B-A64B-43D37ACAB23B.root
10-Jan-2024 22:14:22 CET  Initiating request to open file root://cmsxrootd.fnal.gov//store/mc/RunIISummer20UL16MiniAODv2/ST_TuneCP5_BNV_TBCE_13TeV-madgraph-pythia8/MINIAODSIM/106X_mcRun2_asymptotic_v17-v2/80000/0EEB32B2-6862-E444-A194-F9F2BB284032.root
%MSG-w XrdAdaptor:  file_open 10-Jan-2024 22:14:24 CET PostProcessEvent
Data is served from fnal.gov instead of original site US-Regional-Nebraska
%MSG
10-Jan-2024 22:14:24 CET  Successfully opened file root://cmsxrootd.fnal.gov//store/mc/RunIISummer20UL16MiniAODv2/ST_TuneCP5_BNV_TBCE_13TeV-madgraph-pythia8/MINIAODSIM/106X_mcRun2_asymptotic_v17-v2/80000/0EEB32B2-6862-E444-A194-F9F2BB284032.root
10-Jan-2024 22:14:29 CET  Closed file root://cmsxrootd.fnal.gov//store/mc/RunIISummer20UL16MiniAODv2/ST_TuneCP5_BNV_TBCE_13TeV-madgraph-pythia8/MINIAODSIM/106X_mcRun2_asymptotic_v17-v2/80000/0EEB32B2-6862-E444-A194-F9F2BB284032.root
10-Jan-2024 22:14:29 CET  Initiating request to open file root://cmsxrootd.fnal.gov//store/mc/RunIISummer20UL16MiniAODv2/ST_TuneCP5_BNV_TBCE_13TeV-madgraph-pythia8/MINIAODSIM/106X_mcRun2_asymptotic_v17-v2/80000/3582B75A-68D5-AF4A-88A3-17DD681454B5.root
%MSG-w XrdAdaptor:  file_open 10-Jan-2024 22:14:31 CET PostProcessEvent
Data is served from fnal.gov instead of original site US-Regional-Nebraska
%MSG
10-Jan-2024 22:14:32 CET  Successfully opened file root://cmsxrootd.fnal.gov//store/mc/RunIISummer20UL16MiniAODv2/ST_TuneCP5_BNV_TBCE_13TeV-madgraph-pythia8/MINIAODSIM/106X_mcRun2_asymptotic_v17-v2/80000/3582B75A-68D5-AF4A-88A3-17DD681454B5.root
10-Jan-2024 22:14:43 CET  Closed file root://cmsxrootd.fnal.gov//store/mc/RunIISummer20UL16MiniAODv2/ST_TuneCP5_BNV_TBCE_13TeV-madgraph-pythia8/MINIAODSIM/106X_mcRun2_asymptotic_v17-v2/80000/3582B75A-68D5-AF4A-88A3-17DD681454B5.root
10-Jan-2024 22:14:43 CET  Initiating request to open file root://cmsxrootd.fnal.gov//store/mc/RunIISummer20UL16MiniAODv2/ST_TuneCP5_BNV_TBCE_13TeV-madgraph-pythia8/MINIAODSIM/106X_mcRun2_asymptotic_v17-v2/80000/77E714CB-2AE7-9F4A-96BD-B8124057552C.root
%MSG-w XrdAdaptor:  file_open 10-Jan-2024 22:14:46 CET PostProcessEvent
Data is served from T2_US_Nebraska instead of original site US-Regional-Nebraska
%MSG
10-Jan-2024 22:14:46 CET  Successfully opened file root://cmsxrootd.fnal.gov//store/mc/RunIISummer20UL16MiniAODv2/ST_TuneCP5_BNV_TBCE_13TeV-madgraph-pythia8/MINIAODSIM/106X_mcRun2_asymptotic_v17-v2/80000/77E714CB-2AE7-9F4A-96BD-B8124057552C.root
10-Jan-2024 22:14:52 CET  Closed file root://cmsxrootd.fnal.gov//store/mc/RunIISummer20UL16MiniAODv2/ST_TuneCP5_BNV_TBCE_13TeV-madgraph-pythia8/MINIAODSIM/106X_mcRun2_asymptotic_v17-v2/80000/77E714CB-2AE7-9F4A-96BD-B8124057552C.root
10-Jan-2024 22:14:52 CET  Initiating request to open file root://cmsxrootd.fnal.gov//store/mc/RunIISummer20UL16MiniAODv2/ST_TuneCP5_BNV_TBCE_13TeV-madgraph-pythia8/MINIAODSIM/106X_mcRun2_asymptotic_v17-v2/80000/1A29711A-BA20-C546-84EC-02BA6592024D.root
%MSG-w XrdAdaptor:  file_open 10-Jan-2024 22:14:54 CET PostProcessEvent
Data is served from fnal.gov instead of original site US-Regional-Nebraska
%MSG
10-Jan-2024 22:14:55 CET  Successfully opened file root://cmsxrootd.fnal.gov//store/mc/RunIISummer20UL16MiniAODv2/ST_TuneCP5_BNV_TBCE_13TeV-madgraph-pythia8/MINIAODSIM/106X_mcRun2_asymptotic_v17-v2/80000/1A29711A-BA20-C546-84EC-02BA6592024D.root
10-Jan-2024 22:15:01 CET  Closed file root://cmsxrootd.fnal.gov//store/mc/RunIISummer20UL16MiniAODv2/ST_TuneCP5_BNV_TBCE_13TeV-madgraph-pythia8/MINIAODSIM/106X_mcRun2_asymptotic_v17-v2/80000/1A29711A-BA20-C546-84EC-02BA6592024D.root
10-Jan-2024 22:15:01 CET  Initiating request to open file root://cmsxrootd.fnal.gov//store/mc/RunIISummer20UL16MiniAODv2/ST_TuneCP5_BNV_TBCE_13TeV-madgraph-pythia8/MINIAODSIM/106X_mcRun2_asymptotic_v17-v2/80000/186D5C91-9F00-434A-8327-9E041E813F8C.root
%MSG-w XrdAdaptor:  file_open 10-Jan-2024 22:15:03 CET PostProcessEvent
Data is served from fnal.gov instead of original site US-Regional-Nebraska
%MSG
10-Jan-2024 22:15:04 CET  Successfully opened file root://cmsxrootd.fnal.gov//store/mc/RunIISummer20UL16MiniAODv2/ST_TuneCP5_BNV_TBCE_13TeV-madgraph-pythia8/MINIAODSIM/106X_mcRun2_asymptotic_v17-v2/80000/186D5C91-9F00-434A-8327-9E041E813F8C.root
Begin processing the 100001st record. Run 1, Event 224001, LumiSection 225 on stream 0 at 10-Jan-2024 22:15:09.906 CET
10-Jan-2024 22:15:10 CET  Closed file root://cmsxrootd.fnal.gov//store/mc/RunIISummer20UL16MiniAODv2/ST_TuneCP5_BNV_TBCE_13TeV-madgraph-pythia8/MINIAODSIM/106X_mcRun2_asymptotic_v17-v2/80000/186D5C91-9F00-434A-8327-9E041E813F8C.root
10-Jan-2024 22:15:10 CET  Initiating request to open file root://cmsxrootd.fnal.gov//store/mc/RunIISummer20UL16MiniAODv2/ST_TuneCP5_BNV_TBCE_13TeV-madgraph-pythia8/MINIAODSIM/106X_mcRun2_asymptotic_v17-v2/80000/541E959F-117B-9847-B3AE-CE7A19979E92.root
%MSG-w XrdAdaptor:  file_open 10-Jan-2024 22:15:12 CET PostProcessEvent
Data is served from fnal.gov instead of original site US-Regional-Nebraska
%MSG
10-Jan-2024 22:15:12 CET  Successfully opened file root://cmsxrootd.fnal.gov//store/mc/RunIISummer20UL16MiniAODv2/ST_TuneCP5_BNV_TBCE_13TeV-madgraph-pythia8/MINIAODSIM/106X_mcRun2_asymptotic_v17-v2/80000/541E959F-117B-9847-B3AE-CE7A19979E92.root
10-Jan-2024 22:15:17 CET  Closed file root://cmsxrootd.fnal.gov//store/mc/RunIISummer20UL16MiniAODv2/ST_TuneCP5_BNV_TBCE_13TeV-madgraph-pythia8/MINIAODSIM/106X_mcRun2_asymptotic_v17-v2/80000/541E959F-117B-9847-B3AE-CE7A19979E92.root
10-Jan-2024 22:15:17 CET  Initiating request to open file root://cmsxrootd.fnal.gov//store/mc/RunIISummer20UL16MiniAODv2/ST_TuneCP5_BNV_TBCE_13TeV-madgraph-pythia8/MINIAODSIM/106X_mcRun2_asymptotic_v17-v2/80000/13419712-1398-6749-A523-C4317A812B81.root
%MSG-w XrdAdaptor:  file_open 10-Jan-2024 22:15:21 CET PostProcessEvent
Data is served from T2_US_Nebraska instead of original site US-Regional-Nebraska
%MSG
10-Jan-2024 22:15:22 CET  Successfully opened file root://cmsxrootd.fnal.gov//store/mc/RunIISummer20UL16MiniAODv2/ST_TuneCP5_BNV_TBCE_13TeV-madgraph-pythia8/MINIAODSIM/106X_mcRun2_asymptotic_v17-v2/80000/13419712-1398-6749-A523-C4317A812B81.root
10-Jan-2024 22:15:27 CET  Closed file root://cmsxrootd.fnal.gov//store/mc/RunIISummer20UL16MiniAODv2/ST_TuneCP5_BNV_TBCE_13TeV-madgraph-pythia8/MINIAODSIM/106X_mcRun2_asymptotic_v17-v2/80000/13419712-1398-6749-A523-C4317A812B81.root
10-Jan-2024 22:15:27 CET  Initiating request to open file root://cmsxrootd.fnal.gov//store/mc/RunIISummer20UL16MiniAODv2/ST_TuneCP5_BNV_TBCE_13TeV-madgraph-pythia8/MINIAODSIM/106X_mcRun2_asymptotic_v17-v2/80000/FFEDC322-B775-E94A-AB73-CC0B7BEC85BD.root
%MSG-w XrdAdaptor:  file_open 10-Jan-2024 22:15:30 CET PostProcessEvent
Data is served from fnal.gov instead of original site US-Regional-Nebraska
%MSG
10-Jan-2024 22:15:30 CET  Successfully opened file root://cmsxrootd.fnal.gov//store/mc/RunIISummer20UL16MiniAODv2/ST_TuneCP5_BNV_TBCE_13TeV-madgraph-pythia8/MINIAODSIM/106X_mcRun2_asymptotic_v17-v2/80000/FFEDC322-B775-E94A-AB73-CC0B7BEC85BD.root
10-Jan-2024 22:15:36 CET  Closed file root://cmsxrootd.fnal.gov//store/mc/RunIISummer20UL16MiniAODv2/ST_TuneCP5_BNV_TBCE_13TeV-madgraph-pythia8/MINIAODSIM/106X_mcRun2_asymptotic_v17-v2/80000/FFEDC322-B775-E94A-AB73-CC0B7BEC85BD.root
10-Jan-2024 22:15:36 CET  Initiating request to open file root://cmsxrootd.fnal.gov//store/mc/RunIISummer20UL16MiniAODv2/ST_TuneCP5_BNV_TBCE_13TeV-madgraph-pythia8/MINIAODSIM/106X_mcRun2_asymptotic_v17-v2/80000/500EEA2E-0B13-F74C-BE0F-2207020CBBC9.root
%MSG-w XrdAdaptor:  file_open 10-Jan-2024 22:15:38 CET PostProcessEvent
Data is served from fnal.gov instead of original site US-Regional-Nebraska
%MSG
10-Jan-2024 22:15:39 CET  Successfully opened file root://cmsxrootd.fnal.gov//store/mc/RunIISummer20UL16MiniAODv2/ST_TuneCP5_BNV_TBCE_13TeV-madgraph-pythia8/MINIAODSIM/106X_mcRun2_asymptotic_v17-v2/80000/500EEA2E-0B13-F74C-BE0F-2207020CBBC9.root
10-Jan-2024 22:15:43 CET  Closed file root://cmsxrootd.fnal.gov//store/mc/RunIISummer20UL16MiniAODv2/ST_TuneCP5_BNV_TBCE_13TeV-madgraph-pythia8/MINIAODSIM/106X_mcRun2_asymptotic_v17-v2/80000/500EEA2E-0B13-F74C-BE0F-2207020CBBC9.root
10-Jan-2024 22:15:43 CET  Initiating request to open file root://cmsxrootd.fnal.gov//store/mc/RunIISummer20UL16MiniAODv2/ST_TuneCP5_BNV_TBCE_13TeV-madgraph-pythia8/MINIAODSIM/106X_mcRun2_asymptotic_v17-v2/80000/4AA3346D-DEEC-1148-9816-9340A3C17FD4.root
%MSG-w XrdAdaptor:  file_open 10-Jan-2024 22:15:45 CET PostProcessEvent
Data is served from fnal.gov instead of original site US-Regional-Nebraska
%MSG
10-Jan-2024 22:15:46 CET  Successfully opened file root://cmsxrootd.fnal.gov//store/mc/RunIISummer20UL16MiniAODv2/ST_TuneCP5_BNV_TBCE_13TeV-madgraph-pythia8/MINIAODSIM/106X_mcRun2_asymptotic_v17-v2/80000/4AA3346D-DEEC-1148-9816-9340A3C17FD4.root
10-Jan-2024 22:15:51 CET  Closed file root://cmsxrootd.fnal.gov//store/mc/RunIISummer20UL16MiniAODv2/ST_TuneCP5_BNV_TBCE_13TeV-madgraph-pythia8/MINIAODSIM/106X_mcRun2_asymptotic_v17-v2/80000/4AA3346D-DEEC-1148-9816-9340A3C17FD4.root
10-Jan-2024 22:15:51 CET  Initiating request to open file root://cmsxrootd.fnal.gov//store/mc/RunIISummer20UL16MiniAODv2/ST_TuneCP5_BNV_TBCE_13TeV-madgraph-pythia8/MINIAODSIM/106X_mcRun2_asymptotic_v17-v2/80000/B5BD1B0B-64ED-D947-8740-F52A9ABC9D1B.root
%MSG-w XrdAdaptor:  file_open 10-Jan-2024 22:15:53 CET PostProcessEvent
Data is served from fnal.gov instead of original site US-Regional-Nebraska
%MSG
10-Jan-2024 22:15:54 CET  Successfully opened file root://cmsxrootd.fnal.gov//store/mc/RunIISummer20UL16MiniAODv2/ST_TuneCP5_BNV_TBCE_13TeV-madgraph-pythia8/MINIAODSIM/106X_mcRun2_asymptotic_v17-v2/80000/B5BD1B0B-64ED-D947-8740-F52A9ABC9D1B.root
10-Jan-2024 22:15:59 CET  Closed file root://cmsxrootd.fnal.gov//store/mc/RunIISummer20UL16MiniAODv2/ST_TuneCP5_BNV_TBCE_13TeV-madgraph-pythia8/MINIAODSIM/106X_mcRun2_asymptotic_v17-v2/80000/B5BD1B0B-64ED-D947-8740-F52A9ABC9D1B.root
10-Jan-2024 22:15:59 CET  Initiating request to open file root://cmsxrootd.fnal.gov//store/mc/RunIISummer20UL16MiniAODv2/ST_TuneCP5_BNV_TBCE_13TeV-madgraph-pythia8/MINIAODSIM/106X_mcRun2_asymptotic_v17-v2/80000/C4A31118-C20D-D54E-BA88-6506B926D123.root
%MSG-w XrdAdaptor:  file_open 10-Jan-2024 22:16:01 CET PostProcessEvent
Data is served from fnal.gov instead of original site US-Regional-Nebraska
%MSG
10-Jan-2024 22:16:01 CET  Successfully opened file root://cmsxrootd.fnal.gov//store/mc/RunIISummer20UL16MiniAODv2/ST_TuneCP5_BNV_TBCE_13TeV-madgraph-pythia8/MINIAODSIM/106X_mcRun2_asymptotic_v17-v2/80000/C4A31118-C20D-D54E-BA88-6506B926D123.root
10-Jan-2024 22:16:08 CET  Closed file root://cmsxrootd.fnal.gov//store/mc/RunIISummer20UL16MiniAODv2/ST_TuneCP5_BNV_TBCE_13TeV-madgraph-pythia8/MINIAODSIM/106X_mcRun2_asymptotic_v17-v2/80000/C4A31118-C20D-D54E-BA88-6506B926D123.root
10-Jan-2024 22:16:08 CET  Initiating request to open file root://cmsxrootd.fnal.gov//store/mc/RunIISummer20UL16MiniAODv2/ST_TuneCP5_BNV_TBCE_13TeV-madgraph-pythia8/MINIAODSIM/106X_mcRun2_asymptotic_v17-v2/80000/5A3C80AF-2FAB-0A4B-88AB-6F3CFA78ED73.root
%MSG-w XrdAdaptor:  file_open 10-Jan-2024 22:16:10 CET PostProcessEvent
Data is served from fnal.gov instead of original site US-Regional-Nebraska
%MSG
10-Jan-2024 22:16:11 CET  Successfully opened file root://cmsxrootd.fnal.gov//store/mc/RunIISummer20UL16MiniAODv2/ST_TuneCP5_BNV_TBCE_13TeV-madgraph-pythia8/MINIAODSIM/106X_mcRun2_asymptotic_v17-v2/80000/5A3C80AF-2FAB-0A4B-88AB-6F3CFA78ED73.root
Begin processing the 200001st record. Run 1, Event 82007, LumiSection 83 on stream 0 at 10-Jan-2024 22:16:18.575 CET
10-Jan-2024 22:16:19 CET  Closed file root://cmsxrootd.fnal.gov//store/mc/RunIISummer20UL16MiniAODv2/ST_TuneCP5_BNV_TBCE_13TeV-madgraph-pythia8/MINIAODSIM/106X_mcRun2_asymptotic_v17-v2/80000/5A3C80AF-2FAB-0A4B-88AB-6F3CFA78ED73.root
10-Jan-2024 22:16:19 CET  Initiating request to open file root://cmsxrootd.fnal.gov//store/mc/RunIISummer20UL16MiniAODv2/ST_TuneCP5_BNV_TBCE_13TeV-madgraph-pythia8/MINIAODSIM/106X_mcRun2_asymptotic_v17-v2/80000/A9A7EC51-D06F-8C47-84E3-3E6F7B3CE994.root
%MSG-w XrdAdaptor:  file_open 10-Jan-2024 22:16:20 CET PostProcessEvent
Data is served from fnal.gov instead of original site US-Regional-Nebraska
%MSG
10-Jan-2024 22:16:21 CET  Successfully opened file root://cmsxrootd.fnal.gov//store/mc/RunIISummer20UL16MiniAODv2/ST_TuneCP5_BNV_TBCE_13TeV-madgraph-pythia8/MINIAODSIM/106X_mcRun2_asymptotic_v17-v2/80000/A9A7EC51-D06F-8C47-84E3-3E6F7B3CE994.root
10-Jan-2024 22:16:26 CET  Closed file root://cmsxrootd.fnal.gov//store/mc/RunIISummer20UL16MiniAODv2/ST_TuneCP5_BNV_TBCE_13TeV-madgraph-pythia8/MINIAODSIM/106X_mcRun2_asymptotic_v17-v2/80000/A9A7EC51-D06F-8C47-84E3-3E6F7B3CE994.root
10-Jan-2024 22:16:26 CET  Initiating request to open file root://cmsxrootd.fnal.gov//store/mc/RunIISummer20UL16MiniAODv2/ST_TuneCP5_BNV_TBCE_13TeV-madgraph-pythia8/MINIAODSIM/106X_mcRun2_asymptotic_v17-v2/80000/D15CCA76-70A4-8E40-BC78-7A1FF3812F24.root
%MSG-w XrdAdaptor:  file_open 10-Jan-2024 22:16:28 CET PostProcessEvent
Data is served from fnal.gov instead of original site US-Regional-Nebraska
%MSG
10-Jan-2024 22:16:29 CET  Successfully opened file root://cmsxrootd.fnal.gov//store/mc/RunIISummer20UL16MiniAODv2/ST_TuneCP5_BNV_TBCE_13TeV-madgraph-pythia8/MINIAODSIM/106X_mcRun2_asymptotic_v17-v2/80000/D15CCA76-70A4-8E40-BC78-7A1FF3812F24.root
      0.121777      0.001273      0.000494             1
      0.125118      0.001499      0.000494             2
 
10-Jan-2024 22:16:33 CET  Closed file root://cmsxrootd.fnal.gov//store/mc/RunIISummer20UL16MiniAODv2/ST_TuneCP5_BNV_TBCE_13TeV-madgraph-pythia8/MINIAODSIM/106X_mcRun2_asymptotic_v17-v2/80000/D15CCA76-70A4-8E40-BC78-7A1FF3812F24.root

------------------------------------
GenXsecAnalyzer:
------------------------------------
-------------------------------------------------------------------------------------------------------------------------------------------------------------------------- 
Overall cross-section summary 
--------------------------------------------------------------------------------------------------------------------------------------------------------------------------
Process		xsec_before [pb]		passed	nposw	nnegw	tried	nposw	nnegw 	xsec_match [pb]			accepted [%]	 event_eff [%]
0		1.221e-01 +/- 6.110e-05		114492	114492	0	114492	114492	0	1.221e-01 +/- 6.110e-05		100.0 +/- 0.0	100.0 +/- 0.0
1		1.232e-01 +/- 6.644e-05		115508	115508	0	115508	115508	0	1.232e-01 +/- 6.644e-05		100.0 +/- 0.0	100.0 +/- 0.0
-------------------------------------------------------------------------------------------------------------------------------------------------------------------------- 
Total		2.453e-01 +/- 9.026e-05		230000	230000	0	230000	230000	0	2.453e-01 +/- 9.026e-05		100.0 +/- 0.0	100.0 +/- 0.0
--------------------------------------------------------------------------------------------------------------------------------------------------------------------------
Before matching: total cross section = 2.453e-01 +- 9.026e-05 pb
After matching: total cross section = 2.453e-01 +- 9.026e-05 pb
Matching efficiency = 1.0 +/- 0.0   [TO BE USED IN MCM]
Filter efficiency (taking into account weights)= (230000) / (230000) = 1.000e+00 +- 0.000e+00
Filter efficiency (event-level)= (230000) / (230000) = 1.000e+00 +- 0.000e+00    [TO BE USED IN MCM]

After filter: final cross section = 2.453e-01 +- 9.026e-05 pb
After filter: final fraction of events with negative weights = 0.000e+00 +- 0.000e+00
After filter: final equivalent lumi for 1M events (1/fb) = 4.076e+03 +- 4.343e+00

=============================================

MessageLogger Summary

 type     category        sev    module        subroutine        count    total
 ---- -------------------- -- ---------------- ----------------  -----    -----
    1 GenXSecAnalyzer      -w GenXSecAnalyzer:                      16       16
    2 XrdAdaptor           -w file_open                             25       25
    3 fileAction           -s file_close                            25       25
    4 fileAction           -s file_open                             50       50

 type    category    Examples: run/evt        run/evt          run/evt
 ---- -------------------- ---------------- ---------------- ----------------
    1 GenXSecAnalyzer      PostGlobalEndRun PostGlobalEndRun PostGlobalEndRun
    2 XrdAdaptor           pre-events       PostProcessEvent PostProcessEvent
    3 fileAction           PostProcessEvent PostProcessEvent PostGlobalEndRun
    4 fileAction           pre-events       pre-events       PostProcessEvent

Severity    # Occurrences   Total Occurrences
--------    -------------   -----------------
Warning                41                  41
System                 75                  75

dropped waiting message count 0
[2024-01-10 22:16:33.823860 +0100][Error  ][AsyncSock         ] [cmssrv608.fnal.gov:1093 #0.0] Socket error encountered: [ERROR] Invalid operation
[2024-01-10 22:16:33.823968 +0100][Error  ][XRootD            ] [cmssrv608.fnal.gov:1093] Impossible to send message kXR_open (file: /store/mc/RunIISummer20UL16MiniAODv2/ST_TuneCP5_BNV_TBCE_13TeV-madgraph-pythia8/MINIAODSIM/106X_mcRun2_asymptotic_v17-v2/80000/D15CCA76-70A4-8E40-BC78-7A1FF3812F24.root?tried=cmsxrootd-site2.fnal.gov, mode: 0660, flags: kXR_open_read kXR_async kXR_retstat ). Trying to recover.
[2024-01-10 22:16:33.824022 +0100][Error  ][AsyncSock         ] [cmsxrootd.fnal.gov:1094 #0.0] Socket error encountered: [ERROR] Invalid operation
[2024-01-10 22:16:33.824044 +0100][Error  ][XRootD            ] [cmsxrootd.fnal.gov:1094] Impossible to send message kXR_open (file: /store/mc/RunIISummer20UL16MiniAODv2/ST_TuneCP5_BNV_TBCE_13TeV-madgraph-pythia8/MINIAODSIM/106X_mcRun2_asymptotic_v17-v2/80000/D15CCA76-70A4-8E40-BC78-7A1FF3812F24.root?tried=cmsxrootd-site2.fnal.gov,cmssrv608.fnal.gov, mode: 0660, flags: kXR_open_read kXR_async kXR_retstat ). Trying to recover.
