11-Jan-2024 02:07:00 CET  Initiating request to open file root://cmsxrootd.fnal.gov//store/mc/RunIISummer20UL16MiniAODv2/ST_s-channel_4f_leptonDecays_TuneCP5up_13TeV-amcatnlo-pythia8/MINIAODSIM/106X_mcRun2_asymptotic_v17-v2/40000/0D481D93-0FCD-8F47-A76F-F9F92C7159B1.root
Unable to load sec.protocol plugin libXrdSecztn.so
%MSG-w XrdAdaptor:  file_open 11-Jan-2024 02:07:04 CET pre-events
Data is served from fnal.gov instead of original site US-Regional-FNAL
%MSG
11-Jan-2024 02:07:08 CET  Successfully opened file root://cmsxrootd.fnal.gov//store/mc/RunIISummer20UL16MiniAODv2/ST_s-channel_4f_leptonDecays_TuneCP5up_13TeV-amcatnlo-pythia8/MINIAODSIM/106X_mcRun2_asymptotic_v17-v2/40000/0D481D93-0FCD-8F47-A76F-F9F92C7159B1.root
Unable to load sec.protocol plugin libXrdSecztn.so
Begin processing the 1st record. Run 1, Event 298003, LumiSection 299 on stream 0 at 11-Jan-2024 02:07:14.066 CET
11-Jan-2024 02:07:16 CET  Closed file root://cmsxrootd.fnal.gov//store/mc/RunIISummer20UL16MiniAODv2/ST_s-channel_4f_leptonDecays_TuneCP5up_13TeV-amcatnlo-pythia8/MINIAODSIM/106X_mcRun2_asymptotic_v17-v2/40000/0D481D93-0FCD-8F47-A76F-F9F92C7159B1.root
11-Jan-2024 02:07:16 CET  Initiating request to open file root://cmsxrootd.fnal.gov//store/mc/RunIISummer20UL16MiniAODv2/ST_s-channel_4f_leptonDecays_TuneCP5up_13TeV-amcatnlo-pythia8/MINIAODSIM/106X_mcRun2_asymptotic_v17-v2/40000/FBDD4566-58B9-E84E-B9D0-F7E275CBFF6B.root
Unable to load sec.protocol plugin libXrdSecztn.so
%MSG-w XrdAdaptor:  file_open 11-Jan-2024 02:07:19 CET PostProcessEvent
Data is served from fnal.gov instead of original site US-Regional-FNAL
%MSG
11-Jan-2024 02:07:20 CET  Successfully opened file root://cmsxrootd.fnal.gov//store/mc/RunIISummer20UL16MiniAODv2/ST_s-channel_4f_leptonDecays_TuneCP5up_13TeV-amcatnlo-pythia8/MINIAODSIM/106X_mcRun2_asymptotic_v17-v2/40000/FBDD4566-58B9-E84E-B9D0-F7E275CBFF6B.root
Unable to load sec.protocol plugin libXrdSecztn.so
Begin processing the 100001st record. Run 1, Event 1828016, LumiSection 1829 on stream 0 at 11-Jan-2024 02:07:33.729 CET
11-Jan-2024 02:07:34 CET  Closed file root://cmsxrootd.fnal.gov//store/mc/RunIISummer20UL16MiniAODv2/ST_s-channel_4f_leptonDecays_TuneCP5up_13TeV-amcatnlo-pythia8/MINIAODSIM/106X_mcRun2_asymptotic_v17-v2/40000/FBDD4566-58B9-E84E-B9D0-F7E275CBFF6B.root
11-Jan-2024 02:07:34 CET  Initiating request to open file root://cmsxrootd.fnal.gov//store/mc/RunIISummer20UL16MiniAODv2/ST_s-channel_4f_leptonDecays_TuneCP5up_13TeV-amcatnlo-pythia8/MINIAODSIM/106X_mcRun2_asymptotic_v17-v2/40000/FDA53BDD-B13A-E541-B59D-463A173CB6D0.root
%MSG-w XrdAdaptor:  file_open 11-Jan-2024 02:07:36 CET PostProcessEvent
Data is served from fnal.gov instead of original site US-Regional-FNAL
%MSG
11-Jan-2024 02:07:37 CET  Successfully opened file root://cmsxrootd.fnal.gov//store/mc/RunIISummer20UL16MiniAODv2/ST_s-channel_4f_leptonDecays_TuneCP5up_13TeV-amcatnlo-pythia8/MINIAODSIM/106X_mcRun2_asymptotic_v17-v2/40000/FDA53BDD-B13A-E541-B59D-463A173CB6D0.root
11-Jan-2024 02:07:45 CET  Closed file root://cmsxrootd.fnal.gov//store/mc/RunIISummer20UL16MiniAODv2/ST_s-channel_4f_leptonDecays_TuneCP5up_13TeV-amcatnlo-pythia8/MINIAODSIM/106X_mcRun2_asymptotic_v17-v2/40000/FDA53BDD-B13A-E541-B59D-463A173CB6D0.root
11-Jan-2024 02:07:45 CET  Initiating request to open file root://cmsxrootd.fnal.gov//store/mc/RunIISummer20UL16MiniAODv2/ST_s-channel_4f_leptonDecays_TuneCP5up_13TeV-amcatnlo-pythia8/MINIAODSIM/106X_mcRun2_asymptotic_v17-v2/40000/E5C9087D-A507-9244-B846-CF665D6BCB72.root
%MSG-w XrdAdaptor:  file_open 11-Jan-2024 02:08:06 CET PostProcessEvent
Data is served from fnal.gov instead of original site US-Regional-FNAL
%MSG
11-Jan-2024 02:08:07 CET  Successfully opened file root://cmsxrootd.fnal.gov//store/mc/RunIISummer20UL16MiniAODv2/ST_s-channel_4f_leptonDecays_TuneCP5up_13TeV-amcatnlo-pythia8/MINIAODSIM/106X_mcRun2_asymptotic_v17-v2/40000/E5C9087D-A507-9244-B846-CF665D6BCB72.root
Begin processing the 200001st record. Run 1, Event 1761011, LumiSection 1762 on stream 0 at 11-Jan-2024 02:08:15.867 CET
11-Jan-2024 02:08:18 CET  Closed file root://cmsxrootd.fnal.gov//store/mc/RunIISummer20UL16MiniAODv2/ST_s-channel_4f_leptonDecays_TuneCP5up_13TeV-amcatnlo-pythia8/MINIAODSIM/106X_mcRun2_asymptotic_v17-v2/40000/E5C9087D-A507-9244-B846-CF665D6BCB72.root
11-Jan-2024 02:08:18 CET  Initiating request to open file root://cmsxrootd.fnal.gov//store/mc/RunIISummer20UL16MiniAODv2/ST_s-channel_4f_leptonDecays_TuneCP5up_13TeV-amcatnlo-pythia8/MINIAODSIM/106X_mcRun2_asymptotic_v17-v2/40000/9D09CED3-DB24-A747-A6F8-F7507C392E32.root
%MSG-w XrdAdaptor:  file_open 11-Jan-2024 02:08:20 CET PostProcessEvent
Data is served from fnal.gov instead of original site US-Regional-FNAL
%MSG
11-Jan-2024 02:08:21 CET  Successfully opened file root://cmsxrootd.fnal.gov//store/mc/RunIISummer20UL16MiniAODv2/ST_s-channel_4f_leptonDecays_TuneCP5up_13TeV-amcatnlo-pythia8/MINIAODSIM/106X_mcRun2_asymptotic_v17-v2/40000/9D09CED3-DB24-A747-A6F8-F7507C392E32.root
Begin processing the 300001st record. Run 1, Event 70008, LumiSection 71 on stream 0 at 11-Jan-2024 02:08:28.335 CET
11-Jan-2024 02:08:30 CET  Closed file root://cmsxrootd.fnal.gov//store/mc/RunIISummer20UL16MiniAODv2/ST_s-channel_4f_leptonDecays_TuneCP5up_13TeV-amcatnlo-pythia8/MINIAODSIM/106X_mcRun2_asymptotic_v17-v2/40000/9D09CED3-DB24-A747-A6F8-F7507C392E32.root
11-Jan-2024 02:08:30 CET  Initiating request to open file root://cmsxrootd.fnal.gov//store/mc/RunIISummer20UL16MiniAODv2/ST_s-channel_4f_leptonDecays_TuneCP5up_13TeV-amcatnlo-pythia8/MINIAODSIM/106X_mcRun2_asymptotic_v17-v2/40000/7367F7A5-9D37-AF4B-BD65-CA8B58200E12.root
%MSG-w XrdAdaptor:  file_open 11-Jan-2024 02:08:32 CET PostProcessEvent
Data is served from fnal.gov instead of original site US-Regional-FNAL
%MSG
11-Jan-2024 02:08:33 CET  Successfully opened file root://cmsxrootd.fnal.gov//store/mc/RunIISummer20UL16MiniAODv2/ST_s-channel_4f_leptonDecays_TuneCP5up_13TeV-amcatnlo-pythia8/MINIAODSIM/106X_mcRun2_asymptotic_v17-v2/40000/7367F7A5-9D37-AF4B-BD65-CA8B58200E12.root
Begin processing the 400001st record. Run 1, Event 1029011, LumiSection 1030 on stream 0 at 11-Jan-2024 02:08:39.621 CET
11-Jan-2024 02:08:39 CET  Closed file root://cmsxrootd.fnal.gov//store/mc/RunIISummer20UL16MiniAODv2/ST_s-channel_4f_leptonDecays_TuneCP5up_13TeV-amcatnlo-pythia8/MINIAODSIM/106X_mcRun2_asymptotic_v17-v2/40000/7367F7A5-9D37-AF4B-BD65-CA8B58200E12.root
11-Jan-2024 02:08:39 CET  Initiating request to open file root://cmsxrootd.fnal.gov//store/mc/RunIISummer20UL16MiniAODv2/ST_s-channel_4f_leptonDecays_TuneCP5up_13TeV-amcatnlo-pythia8/MINIAODSIM/106X_mcRun2_asymptotic_v17-v2/40000/63A6A0E6-790B-F54C-80B7-E7BD45FB4090.root
%MSG-w XrdAdaptor:  file_open 11-Jan-2024 02:08:42 CET PostProcessEvent
Data is served from fnal.gov instead of original site US-Regional-FNAL
%MSG
11-Jan-2024 02:08:42 CET  Successfully opened file root://cmsxrootd.fnal.gov//store/mc/RunIISummer20UL16MiniAODv2/ST_s-channel_4f_leptonDecays_TuneCP5up_13TeV-amcatnlo-pythia8/MINIAODSIM/106X_mcRun2_asymptotic_v17-v2/40000/63A6A0E6-790B-F54C-80B7-E7BD45FB4090.root
Begin processing the 500001st record. Run 1, Event 2387003, LumiSection 2390 on stream 0 at 11-Jan-2024 02:08:54.709 CET
11-Jan-2024 02:08:54 CET  Closed file root://cmsxrootd.fnal.gov//store/mc/RunIISummer20UL16MiniAODv2/ST_s-channel_4f_leptonDecays_TuneCP5up_13TeV-amcatnlo-pythia8/MINIAODSIM/106X_mcRun2_asymptotic_v17-v2/40000/63A6A0E6-790B-F54C-80B7-E7BD45FB4090.root
11-Jan-2024 02:08:54 CET  Initiating request to open file root://cmsxrootd.fnal.gov//store/mc/RunIISummer20UL16MiniAODv2/ST_s-channel_4f_leptonDecays_TuneCP5up_13TeV-amcatnlo-pythia8/MINIAODSIM/106X_mcRun2_asymptotic_v17-v2/40000/6579F394-2049-F24E-BF5D-A93FAF7B0028.root
%MSG-w XrdAdaptor:  file_open 11-Jan-2024 02:08:56 CET PostProcessEvent
Data is served from fnal.gov instead of original site US-Regional-FNAL
%MSG
11-Jan-2024 02:08:57 CET  Successfully opened file root://cmsxrootd.fnal.gov//store/mc/RunIISummer20UL16MiniAODv2/ST_s-channel_4f_leptonDecays_TuneCP5up_13TeV-amcatnlo-pythia8/MINIAODSIM/106X_mcRun2_asymptotic_v17-v2/40000/6579F394-2049-F24E-BF5D-A93FAF7B0028.root
11-Jan-2024 02:09:07 CET  Closed file root://cmsxrootd.fnal.gov//store/mc/RunIISummer20UL16MiniAODv2/ST_s-channel_4f_leptonDecays_TuneCP5up_13TeV-amcatnlo-pythia8/MINIAODSIM/106X_mcRun2_asymptotic_v17-v2/40000/6579F394-2049-F24E-BF5D-A93FAF7B0028.root
11-Jan-2024 02:09:07 CET  Initiating request to open file root://cmsxrootd.fnal.gov//store/mc/RunIISummer20UL16MiniAODv2/ST_s-channel_4f_leptonDecays_TuneCP5up_13TeV-amcatnlo-pythia8/MINIAODSIM/106X_mcRun2_asymptotic_v17-v2/40000/0E1B5940-1A57-C240-905B-10FA4464EB53.root
%MSG-w XrdAdaptor:  file_open 11-Jan-2024 02:09:10 CET PostProcessEvent
Data is served from fnal.gov instead of original site US-Regional-FNAL
%MSG
11-Jan-2024 02:09:10 CET  Successfully opened file root://cmsxrootd.fnal.gov//store/mc/RunIISummer20UL16MiniAODv2/ST_s-channel_4f_leptonDecays_TuneCP5up_13TeV-amcatnlo-pythia8/MINIAODSIM/106X_mcRun2_asymptotic_v17-v2/40000/0E1B5940-1A57-C240-905B-10FA4464EB53.root
Begin processing the 600001st record. Run 1, Event 924012, LumiSection 925 on stream 0 at 11-Jan-2024 02:09:16.201 CET
11-Jan-2024 02:09:19 CET  Closed file root://cmsxrootd.fnal.gov//store/mc/RunIISummer20UL16MiniAODv2/ST_s-channel_4f_leptonDecays_TuneCP5up_13TeV-amcatnlo-pythia8/MINIAODSIM/106X_mcRun2_asymptotic_v17-v2/40000/0E1B5940-1A57-C240-905B-10FA4464EB53.root
11-Jan-2024 02:09:19 CET  Initiating request to open file root://cmsxrootd.fnal.gov//store/mc/RunIISummer20UL16MiniAODv2/ST_s-channel_4f_leptonDecays_TuneCP5up_13TeV-amcatnlo-pythia8/MINIAODSIM/106X_mcRun2_asymptotic_v17-v2/40000/643B12D6-10B0-434A-AE55-5C8BB7B26709.root
%MSG-w XrdAdaptor:  file_open 11-Jan-2024 02:09:21 CET PostProcessEvent
Data is served from fnal.gov instead of original site US-Regional-FNAL
%MSG
11-Jan-2024 02:09:22 CET  Successfully opened file root://cmsxrootd.fnal.gov//store/mc/RunIISummer20UL16MiniAODv2/ST_s-channel_4f_leptonDecays_TuneCP5up_13TeV-amcatnlo-pythia8/MINIAODSIM/106X_mcRun2_asymptotic_v17-v2/40000/643B12D6-10B0-434A-AE55-5C8BB7B26709.root
Begin processing the 700001st record. Run 1, Event 160007, LumiSection 161 on stream 0 at 11-Jan-2024 02:09:29.243 CET
11-Jan-2024 02:09:31 CET  Closed file root://cmsxrootd.fnal.gov//store/mc/RunIISummer20UL16MiniAODv2/ST_s-channel_4f_leptonDecays_TuneCP5up_13TeV-amcatnlo-pythia8/MINIAODSIM/106X_mcRun2_asymptotic_v17-v2/40000/643B12D6-10B0-434A-AE55-5C8BB7B26709.root
11-Jan-2024 02:09:31 CET  Initiating request to open file root://cmsxrootd.fnal.gov//store/mc/RunIISummer20UL16MiniAODv2/ST_s-channel_4f_leptonDecays_TuneCP5up_13TeV-amcatnlo-pythia8/MINIAODSIM/106X_mcRun2_asymptotic_v17-v2/40000/C370FE8E-944A-F444-9FF8-0D8A9B7645AF.root
%MSG-w XrdAdaptor:  file_open 11-Jan-2024 02:09:34 CET PostProcessEvent
Data is served from fnal.gov instead of original site US-Regional-FNAL
%MSG
11-Jan-2024 02:09:35 CET  Successfully opened file root://cmsxrootd.fnal.gov//store/mc/RunIISummer20UL16MiniAODv2/ST_s-channel_4f_leptonDecays_TuneCP5up_13TeV-amcatnlo-pythia8/MINIAODSIM/106X_mcRun2_asymptotic_v17-v2/40000/C370FE8E-944A-F444-9FF8-0D8A9B7645AF.root
11-Jan-2024 02:09:44 CET  Closed file root://cmsxrootd.fnal.gov//store/mc/RunIISummer20UL16MiniAODv2/ST_s-channel_4f_leptonDecays_TuneCP5up_13TeV-amcatnlo-pythia8/MINIAODSIM/106X_mcRun2_asymptotic_v17-v2/40000/C370FE8E-944A-F444-9FF8-0D8A9B7645AF.root
11-Jan-2024 02:09:44 CET  Initiating request to open file root://cmsxrootd.fnal.gov//store/mc/RunIISummer20UL16MiniAODv2/ST_s-channel_4f_leptonDecays_TuneCP5up_13TeV-amcatnlo-pythia8/MINIAODSIM/106X_mcRun2_asymptotic_v17-v2/2500000/0A7A80BF-B08F-2944-9FFA-E89B9FBFACF9.root
%MSG-w XrdAdaptor:  file_open 11-Jan-2024 02:09:47 CET PostProcessEvent
Data is served from fnal.gov instead of original site US-Regional-FNAL
%MSG
11-Jan-2024 02:09:47 CET  Successfully opened file root://cmsxrootd.fnal.gov//store/mc/RunIISummer20UL16MiniAODv2/ST_s-channel_4f_leptonDecays_TuneCP5up_13TeV-amcatnlo-pythia8/MINIAODSIM/106X_mcRun2_asymptotic_v17-v2/2500000/0A7A80BF-B08F-2944-9FFA-E89B9FBFACF9.root
Begin processing the 800001st record. Run 1, Event 1142007, LumiSection 1143 on stream 0 at 11-Jan-2024 02:09:53.895 CET
11-Jan-2024 02:09:56 CET  Closed file root://cmsxrootd.fnal.gov//store/mc/RunIISummer20UL16MiniAODv2/ST_s-channel_4f_leptonDecays_TuneCP5up_13TeV-amcatnlo-pythia8/MINIAODSIM/106X_mcRun2_asymptotic_v17-v2/2500000/0A7A80BF-B08F-2944-9FFA-E89B9FBFACF9.root
11-Jan-2024 02:09:56 CET  Initiating request to open file root://cmsxrootd.fnal.gov//store/mc/RunIISummer20UL16MiniAODv2/ST_s-channel_4f_leptonDecays_TuneCP5up_13TeV-amcatnlo-pythia8/MINIAODSIM/106X_mcRun2_asymptotic_v17-v2/2500000/C525D7A8-2ED0-3049-8673-17BF4716D3B8.root
%MSG-w XrdAdaptor:  file_open 11-Jan-2024 02:10:05 CET PostProcessEvent
Data is served from fnal.gov instead of original site US-Regional-FNAL
%MSG
11-Jan-2024 02:10:07 CET  Successfully opened file root://cmsxrootd.fnal.gov//store/mc/RunIISummer20UL16MiniAODv2/ST_s-channel_4f_leptonDecays_TuneCP5up_13TeV-amcatnlo-pythia8/MINIAODSIM/106X_mcRun2_asymptotic_v17-v2/2500000/C525D7A8-2ED0-3049-8673-17BF4716D3B8.root
Begin processing the 900001st record. Run 1, Event 2421010, LumiSection 2424 on stream 0 at 11-Jan-2024 02:10:22.195 CET
11-Jan-2024 02:10:23 CET  Closed file root://cmsxrootd.fnal.gov//store/mc/RunIISummer20UL16MiniAODv2/ST_s-channel_4f_leptonDecays_TuneCP5up_13TeV-amcatnlo-pythia8/MINIAODSIM/106X_mcRun2_asymptotic_v17-v2/2500000/C525D7A8-2ED0-3049-8673-17BF4716D3B8.root
11-Jan-2024 02:10:23 CET  Initiating request to open file root://cmsxrootd.fnal.gov//store/mc/RunIISummer20UL16MiniAODv2/ST_s-channel_4f_leptonDecays_TuneCP5up_13TeV-amcatnlo-pythia8/MINIAODSIM/106X_mcRun2_asymptotic_v17-v2/2500000/E0471960-6245-3949-A30B-3DDBE30998BB.root
%MSG-w XrdAdaptor:  file_open 11-Jan-2024 02:10:25 CET PostProcessEvent
Data is served from fnal.gov instead of original site US-Regional-FNAL
%MSG
11-Jan-2024 02:10:26 CET  Successfully opened file root://cmsxrootd.fnal.gov//store/mc/RunIISummer20UL16MiniAODv2/ST_s-channel_4f_leptonDecays_TuneCP5up_13TeV-amcatnlo-pythia8/MINIAODSIM/106X_mcRun2_asymptotic_v17-v2/2500000/E0471960-6245-3949-A30B-3DDBE30998BB.root
Begin processing the 1000001st record. Run 1, Event 2126002, LumiSection 2128 on stream 0 at 11-Jan-2024 02:10:37.447 CET
11-Jan-2024 02:10:37 CET  Closed file root://cmsxrootd.fnal.gov//store/mc/RunIISummer20UL16MiniAODv2/ST_s-channel_4f_leptonDecays_TuneCP5up_13TeV-amcatnlo-pythia8/MINIAODSIM/106X_mcRun2_asymptotic_v17-v2/2500000/E0471960-6245-3949-A30B-3DDBE30998BB.root
11-Jan-2024 02:10:37 CET  Initiating request to open file root://cmsxrootd.fnal.gov//store/mc/RunIISummer20UL16MiniAODv2/ST_s-channel_4f_leptonDecays_TuneCP5up_13TeV-amcatnlo-pythia8/MINIAODSIM/106X_mcRun2_asymptotic_v17-v2/2500000/A02A854D-BE0B-974E-8839-0B71648EFB62.root
%MSG-w XrdAdaptor:  file_open 11-Jan-2024 02:10:40 CET PostProcessEvent
Data is served from fnal.gov instead of original site US-Regional-FNAL
%MSG
11-Jan-2024 02:10:40 CET  Successfully opened file root://cmsxrootd.fnal.gov//store/mc/RunIISummer20UL16MiniAODv2/ST_s-channel_4f_leptonDecays_TuneCP5up_13TeV-amcatnlo-pythia8/MINIAODSIM/106X_mcRun2_asymptotic_v17-v2/2500000/A02A854D-BE0B-974E-8839-0B71648EFB62.root
Begin processing the 1100001st record. Run 1, Event 769010, LumiSection 770 on stream 0 at 11-Jan-2024 02:10:51.233 CET
11-Jan-2024 02:10:51 CET  Closed file root://cmsxrootd.fnal.gov//store/mc/RunIISummer20UL16MiniAODv2/ST_s-channel_4f_leptonDecays_TuneCP5up_13TeV-amcatnlo-pythia8/MINIAODSIM/106X_mcRun2_asymptotic_v17-v2/2500000/A02A854D-BE0B-974E-8839-0B71648EFB62.root
11-Jan-2024 02:10:51 CET  Initiating request to open file root://cmsxrootd.fnal.gov//store/mc/RunIISummer20UL16MiniAODv2/ST_s-channel_4f_leptonDecays_TuneCP5up_13TeV-amcatnlo-pythia8/MINIAODSIM/106X_mcRun2_asymptotic_v17-v2/2500000/2BD9011C-F71B-6044-A8E1-FFB43652CD32.root
%MSG-w XrdAdaptor:  file_open 11-Jan-2024 02:10:53 CET PostProcessEvent
Data is served from fnal.gov instead of original site US-Regional-FNAL
%MSG
11-Jan-2024 02:10:53 CET  Successfully opened file root://cmsxrootd.fnal.gov//store/mc/RunIISummer20UL16MiniAODv2/ST_s-channel_4f_leptonDecays_TuneCP5up_13TeV-amcatnlo-pythia8/MINIAODSIM/106X_mcRun2_asymptotic_v17-v2/2500000/2BD9011C-F71B-6044-A8E1-FFB43652CD32.root
11-Jan-2024 02:11:03 CET  Closed file root://cmsxrootd.fnal.gov//store/mc/RunIISummer20UL16MiniAODv2/ST_s-channel_4f_leptonDecays_TuneCP5up_13TeV-amcatnlo-pythia8/MINIAODSIM/106X_mcRun2_asymptotic_v17-v2/2500000/2BD9011C-F71B-6044-A8E1-FFB43652CD32.root
11-Jan-2024 02:11:03 CET  Initiating request to open file root://cmsxrootd.fnal.gov//store/mc/RunIISummer20UL16MiniAODv2/ST_s-channel_4f_leptonDecays_TuneCP5up_13TeV-amcatnlo-pythia8/MINIAODSIM/106X_mcRun2_asymptotic_v17-v2/2500000/766EF151-A1DC-2848-AA96-05A22A56A355.root
%MSG-w XrdAdaptor:  file_open 11-Jan-2024 02:11:05 CET PostProcessEvent
Data is served from fnal.gov instead of original site US-Regional-FNAL
%MSG
11-Jan-2024 02:11:05 CET  Successfully opened file root://cmsxrootd.fnal.gov//store/mc/RunIISummer20UL16MiniAODv2/ST_s-channel_4f_leptonDecays_TuneCP5up_13TeV-amcatnlo-pythia8/MINIAODSIM/106X_mcRun2_asymptotic_v17-v2/2500000/766EF151-A1DC-2848-AA96-05A22A56A355.root
Begin processing the 1200001st record. Run 1, Event 1312015, LumiSection 1313 on stream 0 at 11-Jan-2024 02:11:12.155 CET
11-Jan-2024 02:11:15 CET  Closed file root://cmsxrootd.fnal.gov//store/mc/RunIISummer20UL16MiniAODv2/ST_s-channel_4f_leptonDecays_TuneCP5up_13TeV-amcatnlo-pythia8/MINIAODSIM/106X_mcRun2_asymptotic_v17-v2/2500000/766EF151-A1DC-2848-AA96-05A22A56A355.root
11-Jan-2024 02:11:15 CET  Initiating request to open file root://cmsxrootd.fnal.gov//store/mc/RunIISummer20UL16MiniAODv2/ST_s-channel_4f_leptonDecays_TuneCP5up_13TeV-amcatnlo-pythia8/MINIAODSIM/106X_mcRun2_asymptotic_v17-v2/2500000/B1FE5C73-3F3D-6240-8090-9630312ACB81.root
%MSG-w XrdAdaptor:  file_open 11-Jan-2024 02:11:19 CET PostProcessEvent
Data is served from fnal.gov instead of original site US-Regional-FNAL
%MSG
11-Jan-2024 02:11:21 CET  Successfully opened file root://cmsxrootd.fnal.gov//store/mc/RunIISummer20UL16MiniAODv2/ST_s-channel_4f_leptonDecays_TuneCP5up_13TeV-amcatnlo-pythia8/MINIAODSIM/106X_mcRun2_asymptotic_v17-v2/2500000/B1FE5C73-3F3D-6240-8090-9630312ACB81.root
Begin processing the 1300001st record. Run 1, Event 2371011, LumiSection 2374 on stream 0 at 11-Jan-2024 02:11:28.691 CET
11-Jan-2024 02:11:31 CET  Closed file root://cmsxrootd.fnal.gov//store/mc/RunIISummer20UL16MiniAODv2/ST_s-channel_4f_leptonDecays_TuneCP5up_13TeV-amcatnlo-pythia8/MINIAODSIM/106X_mcRun2_asymptotic_v17-v2/2500000/B1FE5C73-3F3D-6240-8090-9630312ACB81.root
11-Jan-2024 02:11:31 CET  Initiating request to open file root://cmsxrootd.fnal.gov//store/mc/RunIISummer20UL16MiniAODv2/ST_s-channel_4f_leptonDecays_TuneCP5up_13TeV-amcatnlo-pythia8/MINIAODSIM/106X_mcRun2_asymptotic_v17-v2/2500000/3B460F9C-A4F1-AF41-9ACB-D78A5D0393EF.root
%MSG-w XrdAdaptor:  file_open 11-Jan-2024 02:11:35 CET PostProcessEvent
Data is served from fnal.gov instead of original site US-Regional-FNAL
%MSG
11-Jan-2024 02:11:36 CET  Successfully opened file root://cmsxrootd.fnal.gov//store/mc/RunIISummer20UL16MiniAODv2/ST_s-channel_4f_leptonDecays_TuneCP5up_13TeV-amcatnlo-pythia8/MINIAODSIM/106X_mcRun2_asymptotic_v17-v2/2500000/3B460F9C-A4F1-AF41-9ACB-D78A5D0393EF.root
Begin processing the 1400001st record. Run 1, Event 632013, LumiSection 633 on stream 0 at 11-Jan-2024 02:11:43.633 CET
11-Jan-2024 02:11:45 CET  Closed file root://cmsxrootd.fnal.gov//store/mc/RunIISummer20UL16MiniAODv2/ST_s-channel_4f_leptonDecays_TuneCP5up_13TeV-amcatnlo-pythia8/MINIAODSIM/106X_mcRun2_asymptotic_v17-v2/2500000/3B460F9C-A4F1-AF41-9ACB-D78A5D0393EF.root
11-Jan-2024 02:11:45 CET  Initiating request to open file root://cmsxrootd.fnal.gov//store/mc/RunIISummer20UL16MiniAODv2/ST_s-channel_4f_leptonDecays_TuneCP5up_13TeV-amcatnlo-pythia8/MINIAODSIM/106X_mcRun2_asymptotic_v17-v2/2500000/AED3EB28-3043-3D4D-A8AE-741CAF7319D6.root
%MSG-w XrdAdaptor:  file_open 11-Jan-2024 02:11:47 CET PostProcessEvent
Data is served from fnal.gov instead of original site US-Regional-FNAL
%MSG
11-Jan-2024 02:11:47 CET  Successfully opened file root://cmsxrootd.fnal.gov//store/mc/RunIISummer20UL16MiniAODv2/ST_s-channel_4f_leptonDecays_TuneCP5up_13TeV-amcatnlo-pythia8/MINIAODSIM/106X_mcRun2_asymptotic_v17-v2/2500000/AED3EB28-3043-3D4D-A8AE-741CAF7319D6.root
Begin processing the 1500001st record. Run 1, Event 1344016, LumiSection 1345 on stream 0 at 11-Jan-2024 02:11:56.889 CET
11-Jan-2024 02:11:58 CET  Closed file root://cmsxrootd.fnal.gov//store/mc/RunIISummer20UL16MiniAODv2/ST_s-channel_4f_leptonDecays_TuneCP5up_13TeV-amcatnlo-pythia8/MINIAODSIM/106X_mcRun2_asymptotic_v17-v2/2500000/AED3EB28-3043-3D4D-A8AE-741CAF7319D6.root
11-Jan-2024 02:11:58 CET  Initiating request to open file root://cmsxrootd.fnal.gov//store/mc/RunIISummer20UL16MiniAODv2/ST_s-channel_4f_leptonDecays_TuneCP5up_13TeV-amcatnlo-pythia8/MINIAODSIM/106X_mcRun2_asymptotic_v17-v2/2500000/2BB669A9-CE23-B147-B955-A477E2A1D37D.root
%MSG-w XrdAdaptor:  file_open 11-Jan-2024 02:12:00 CET PostProcessEvent
Data is served from fnal.gov instead of original site US-Regional-FNAL
%MSG
11-Jan-2024 02:12:00 CET  Successfully opened file root://cmsxrootd.fnal.gov//store/mc/RunIISummer20UL16MiniAODv2/ST_s-channel_4f_leptonDecays_TuneCP5up_13TeV-amcatnlo-pythia8/MINIAODSIM/106X_mcRun2_asymptotic_v17-v2/2500000/2BB669A9-CE23-B147-B955-A477E2A1D37D.root
Begin processing the 1600001st record. Run 1, Event 2239001, LumiSection 2242 on stream 0 at 11-Jan-2024 02:12:13.362 CET
11-Jan-2024 02:12:13 CET  Closed file root://cmsxrootd.fnal.gov//store/mc/RunIISummer20UL16MiniAODv2/ST_s-channel_4f_leptonDecays_TuneCP5up_13TeV-amcatnlo-pythia8/MINIAODSIM/106X_mcRun2_asymptotic_v17-v2/2500000/2BB669A9-CE23-B147-B955-A477E2A1D37D.root
11-Jan-2024 02:12:13 CET  Initiating request to open file root://cmsxrootd.fnal.gov//store/mc/RunIISummer20UL16MiniAODv2/ST_s-channel_4f_leptonDecays_TuneCP5up_13TeV-amcatnlo-pythia8/MINIAODSIM/106X_mcRun2_asymptotic_v17-v2/2500000/4D2F81BC-1D68-9744-8CA6-CE9442723045.root
%MSG-w XrdAdaptor:  file_open 11-Jan-2024 02:12:15 CET PostProcessEvent
Data is served from fnal.gov instead of original site US-Regional-FNAL
%MSG
11-Jan-2024 02:12:16 CET  Successfully opened file root://cmsxrootd.fnal.gov//store/mc/RunIISummer20UL16MiniAODv2/ST_s-channel_4f_leptonDecays_TuneCP5up_13TeV-amcatnlo-pythia8/MINIAODSIM/106X_mcRun2_asymptotic_v17-v2/2500000/4D2F81BC-1D68-9744-8CA6-CE9442723045.root
11-Jan-2024 02:12:25 CET  Closed file root://cmsxrootd.fnal.gov//store/mc/RunIISummer20UL16MiniAODv2/ST_s-channel_4f_leptonDecays_TuneCP5up_13TeV-amcatnlo-pythia8/MINIAODSIM/106X_mcRun2_asymptotic_v17-v2/2500000/4D2F81BC-1D68-9744-8CA6-CE9442723045.root
11-Jan-2024 02:12:25 CET  Initiating request to open file root://cmsxrootd.fnal.gov//store/mc/RunIISummer20UL16MiniAODv2/ST_s-channel_4f_leptonDecays_TuneCP5up_13TeV-amcatnlo-pythia8/MINIAODSIM/106X_mcRun2_asymptotic_v17-v2/2500000/5148D10F-8547-DB4B-9693-92FC64C015CC.root
%MSG-w XrdAdaptor:  file_open 11-Jan-2024 02:12:27 CET PostProcessEvent
Data is served from fnal.gov instead of original site US-Regional-FNAL
%MSG
11-Jan-2024 02:12:28 CET  Successfully opened file root://cmsxrootd.fnal.gov//store/mc/RunIISummer20UL16MiniAODv2/ST_s-channel_4f_leptonDecays_TuneCP5up_13TeV-amcatnlo-pythia8/MINIAODSIM/106X_mcRun2_asymptotic_v17-v2/2500000/5148D10F-8547-DB4B-9693-92FC64C015CC.root
Begin processing the 1700001st record. Run 1, Event 2026012, LumiSection 2027 on stream 0 at 11-Jan-2024 02:12:33.495 CET
11-Jan-2024 02:12:35 CET  Closed file root://cmsxrootd.fnal.gov//store/mc/RunIISummer20UL16MiniAODv2/ST_s-channel_4f_leptonDecays_TuneCP5up_13TeV-amcatnlo-pythia8/MINIAODSIM/106X_mcRun2_asymptotic_v17-v2/2500000/5148D10F-8547-DB4B-9693-92FC64C015CC.root
11-Jan-2024 02:12:35 CET  Initiating request to open file root://cmsxrootd.fnal.gov//store/mc/RunIISummer20UL16MiniAODv2/ST_s-channel_4f_leptonDecays_TuneCP5up_13TeV-amcatnlo-pythia8/MINIAODSIM/106X_mcRun2_asymptotic_v17-v2/2500000/DD7BB41A-42CE-FE4D-8A36-B35713C9B184.root
%MSG-w XrdAdaptor:  file_open 11-Jan-2024 02:12:37 CET PostProcessEvent
Data is served from fnal.gov instead of original site US-Regional-FNAL
%MSG
11-Jan-2024 02:12:37 CET  Successfully opened file root://cmsxrootd.fnal.gov//store/mc/RunIISummer20UL16MiniAODv2/ST_s-channel_4f_leptonDecays_TuneCP5up_13TeV-amcatnlo-pythia8/MINIAODSIM/106X_mcRun2_asymptotic_v17-v2/2500000/DD7BB41A-42CE-FE4D-8A36-B35713C9B184.root
Begin processing the 1800001st record. Run 1, Event 825003, LumiSection 826 on stream 0 at 11-Jan-2024 02:12:44.890 CET
11-Jan-2024 02:12:46 CET  Closed file root://cmsxrootd.fnal.gov//store/mc/RunIISummer20UL16MiniAODv2/ST_s-channel_4f_leptonDecays_TuneCP5up_13TeV-amcatnlo-pythia8/MINIAODSIM/106X_mcRun2_asymptotic_v17-v2/2500000/DD7BB41A-42CE-FE4D-8A36-B35713C9B184.root
11-Jan-2024 02:12:46 CET  Initiating request to open file root://cmsxrootd.fnal.gov//store/mc/RunIISummer20UL16MiniAODv2/ST_s-channel_4f_leptonDecays_TuneCP5up_13TeV-amcatnlo-pythia8/MINIAODSIM/106X_mcRun2_asymptotic_v17-v2/2500000/CDAE63F2-C707-9945-AD09-F564EC229647.root
%MSG-w XrdAdaptor:  file_open 11-Jan-2024 02:12:49 CET PostProcessEvent
Data is served from fnal.gov instead of original site US-Regional-FNAL
%MSG
11-Jan-2024 02:12:49 CET  Successfully opened file root://cmsxrootd.fnal.gov//store/mc/RunIISummer20UL16MiniAODv2/ST_s-channel_4f_leptonDecays_TuneCP5up_13TeV-amcatnlo-pythia8/MINIAODSIM/106X_mcRun2_asymptotic_v17-v2/2500000/CDAE63F2-C707-9945-AD09-F564EC229647.root
Begin processing the 1900001st record. Run 1, Event 1905017, LumiSection 1906 on stream 0 at 11-Jan-2024 02:12:59.109 CET
11-Jan-2024 02:13:00 CET  Closed file root://cmsxrootd.fnal.gov//store/mc/RunIISummer20UL16MiniAODv2/ST_s-channel_4f_leptonDecays_TuneCP5up_13TeV-amcatnlo-pythia8/MINIAODSIM/106X_mcRun2_asymptotic_v17-v2/2500000/CDAE63F2-C707-9945-AD09-F564EC229647.root
11-Jan-2024 02:13:00 CET  Initiating request to open file root://cmsxrootd.fnal.gov//store/mc/RunIISummer20UL16MiniAODv2/ST_s-channel_4f_leptonDecays_TuneCP5up_13TeV-amcatnlo-pythia8/MINIAODSIM/106X_mcRun2_asymptotic_v17-v2/2500000/3117F114-948A-C145-85A1-446A9FD55A12.root
%MSG-w XrdAdaptor:  file_open 11-Jan-2024 02:13:02 CET PostProcessEvent
Data is served from fnal.gov instead of original site US-Regional-FNAL
%MSG
11-Jan-2024 02:13:03 CET  Successfully opened file root://cmsxrootd.fnal.gov//store/mc/RunIISummer20UL16MiniAODv2/ST_s-channel_4f_leptonDecays_TuneCP5up_13TeV-amcatnlo-pythia8/MINIAODSIM/106X_mcRun2_asymptotic_v17-v2/2500000/3117F114-948A-C145-85A1-446A9FD55A12.root
Begin processing the 2000001st record. Run 1, Event 2590003, LumiSection 2593 on stream 0 at 11-Jan-2024 02:13:12.712 CET
11-Jan-2024 02:13:13 CET  Closed file root://cmsxrootd.fnal.gov//store/mc/RunIISummer20UL16MiniAODv2/ST_s-channel_4f_leptonDecays_TuneCP5up_13TeV-amcatnlo-pythia8/MINIAODSIM/106X_mcRun2_asymptotic_v17-v2/2500000/3117F114-948A-C145-85A1-446A9FD55A12.root
11-Jan-2024 02:13:13 CET  Initiating request to open file root://cmsxrootd.fnal.gov//store/mc/RunIISummer20UL16MiniAODv2/ST_s-channel_4f_leptonDecays_TuneCP5up_13TeV-amcatnlo-pythia8/MINIAODSIM/106X_mcRun2_asymptotic_v17-v2/2500000/DF3F74AE-C7E2-E74A-83BA-E461ABB3A2D9.root
%MSG-w XrdAdaptor:  file_open 11-Jan-2024 02:13:15 CET PostProcessEvent
Data is served from fnal.gov instead of original site US-Regional-FNAL
%MSG
11-Jan-2024 02:13:16 CET  Successfully opened file root://cmsxrootd.fnal.gov//store/mc/RunIISummer20UL16MiniAODv2/ST_s-channel_4f_leptonDecays_TuneCP5up_13TeV-amcatnlo-pythia8/MINIAODSIM/106X_mcRun2_asymptotic_v17-v2/2500000/DF3F74AE-C7E2-E74A-83BA-E461ABB3A2D9.root
11-Jan-2024 02:13:23 CET  Closed file root://cmsxrootd.fnal.gov//store/mc/RunIISummer20UL16MiniAODv2/ST_s-channel_4f_leptonDecays_TuneCP5up_13TeV-amcatnlo-pythia8/MINIAODSIM/106X_mcRun2_asymptotic_v17-v2/2500000/DF3F74AE-C7E2-E74A-83BA-E461ABB3A2D9.root
11-Jan-2024 02:13:23 CET  Initiating request to open file root://cmsxrootd.fnal.gov//store/mc/RunIISummer20UL16MiniAODv2/ST_s-channel_4f_leptonDecays_TuneCP5up_13TeV-amcatnlo-pythia8/MINIAODSIM/106X_mcRun2_asymptotic_v17-v2/2500000/6E7BA126-95F0-EE4A-B807-624F23FFCADC.root
%MSG-w XrdAdaptor:  file_open 11-Jan-2024 02:13:41 CET PostProcessEvent
Data is served from fnal.gov instead of original site US-Regional-FNAL
%MSG
11-Jan-2024 02:13:41 CET  Successfully opened file root://cmsxrootd.fnal.gov//store/mc/RunIISummer20UL16MiniAODv2/ST_s-channel_4f_leptonDecays_TuneCP5up_13TeV-amcatnlo-pythia8/MINIAODSIM/106X_mcRun2_asymptotic_v17-v2/2500000/6E7BA126-95F0-EE4A-B807-624F23FFCADC.root
Begin processing the 2100001st record. Run 1, Event 670006, LumiSection 671 on stream 0 at 11-Jan-2024 02:13:50.933 CET
11-Jan-2024 02:13:53 CET  Closed file root://cmsxrootd.fnal.gov//store/mc/RunIISummer20UL16MiniAODv2/ST_s-channel_4f_leptonDecays_TuneCP5up_13TeV-amcatnlo-pythia8/MINIAODSIM/106X_mcRun2_asymptotic_v17-v2/2500000/6E7BA126-95F0-EE4A-B807-624F23FFCADC.root
11-Jan-2024 02:13:53 CET  Initiating request to open file root://cmsxrootd.fnal.gov//store/mc/RunIISummer20UL16MiniAODv2/ST_s-channel_4f_leptonDecays_TuneCP5up_13TeV-amcatnlo-pythia8/MINIAODSIM/106X_mcRun2_asymptotic_v17-v2/2500000/F4E7ED82-FEC7-694F-9CFB-AE5F4018FB32.root
%MSG-w XrdAdaptor:  file_open 11-Jan-2024 02:13:55 CET PostProcessEvent
Data is served from fnal.gov instead of original site US-Regional-FNAL
%MSG
11-Jan-2024 02:13:56 CET  Successfully opened file root://cmsxrootd.fnal.gov//store/mc/RunIISummer20UL16MiniAODv2/ST_s-channel_4f_leptonDecays_TuneCP5up_13TeV-amcatnlo-pythia8/MINIAODSIM/106X_mcRun2_asymptotic_v17-v2/2500000/F4E7ED82-FEC7-694F-9CFB-AE5F4018FB32.root
Begin processing the 2200001st record. Run 1, Event 747011, LumiSection 748 on stream 0 at 11-Jan-2024 02:14:09.101 CET
11-Jan-2024 02:14:11 CET  Closed file root://cmsxrootd.fnal.gov//store/mc/RunIISummer20UL16MiniAODv2/ST_s-channel_4f_leptonDecays_TuneCP5up_13TeV-amcatnlo-pythia8/MINIAODSIM/106X_mcRun2_asymptotic_v17-v2/2500000/F4E7ED82-FEC7-694F-9CFB-AE5F4018FB32.root
11-Jan-2024 02:14:11 CET  Initiating request to open file root://cmsxrootd.fnal.gov//store/mc/RunIISummer20UL16MiniAODv2/ST_s-channel_4f_leptonDecays_TuneCP5up_13TeV-amcatnlo-pythia8/MINIAODSIM/106X_mcRun2_asymptotic_v17-v2/2500000/B6B10ED4-817A-E143-82F6-A6B77CF855F6.root
%MSG-w XrdAdaptor:  file_open 11-Jan-2024 02:14:14 CET PostProcessEvent
Data is served from fnal.gov instead of original site US-Regional-FNAL
%MSG
11-Jan-2024 02:14:14 CET  Successfully opened file root://cmsxrootd.fnal.gov//store/mc/RunIISummer20UL16MiniAODv2/ST_s-channel_4f_leptonDecays_TuneCP5up_13TeV-amcatnlo-pythia8/MINIAODSIM/106X_mcRun2_asymptotic_v17-v2/2500000/B6B10ED4-817A-E143-82F6-A6B77CF855F6.root
Begin processing the 2300001st record. Run 1, Event 1101013, LumiSection 1102 on stream 0 at 11-Jan-2024 02:14:25.584 CET
11-Jan-2024 02:14:27 CET  Closed file root://cmsxrootd.fnal.gov//store/mc/RunIISummer20UL16MiniAODv2/ST_s-channel_4f_leptonDecays_TuneCP5up_13TeV-amcatnlo-pythia8/MINIAODSIM/106X_mcRun2_asymptotic_v17-v2/2500000/B6B10ED4-817A-E143-82F6-A6B77CF855F6.root
11-Jan-2024 02:14:27 CET  Initiating request to open file root://cmsxrootd.fnal.gov//store/mc/RunIISummer20UL16MiniAODv2/ST_s-channel_4f_leptonDecays_TuneCP5up_13TeV-amcatnlo-pythia8/MINIAODSIM/106X_mcRun2_asymptotic_v17-v2/2500000/D0B03AD2-7C23-0845-A1BD-209B139F2BD6.root
%MSG-w XrdAdaptor:  file_open 11-Jan-2024 02:14:29 CET PostProcessEvent
Data is served from fnal.gov instead of original site US-Regional-FNAL
%MSG
11-Jan-2024 02:14:30 CET  Successfully opened file root://cmsxrootd.fnal.gov//store/mc/RunIISummer20UL16MiniAODv2/ST_s-channel_4f_leptonDecays_TuneCP5up_13TeV-amcatnlo-pythia8/MINIAODSIM/106X_mcRun2_asymptotic_v17-v2/2500000/D0B03AD2-7C23-0845-A1BD-209B139F2BD6.root
11-Jan-2024 02:14:36 CET  Closed file root://cmsxrootd.fnal.gov//store/mc/RunIISummer20UL16MiniAODv2/ST_s-channel_4f_leptonDecays_TuneCP5up_13TeV-amcatnlo-pythia8/MINIAODSIM/106X_mcRun2_asymptotic_v17-v2/2500000/D0B03AD2-7C23-0845-A1BD-209B139F2BD6.root
11-Jan-2024 02:14:36 CET  Initiating request to open file root://cmsxrootd.fnal.gov//store/mc/RunIISummer20UL16MiniAODv2/ST_s-channel_4f_leptonDecays_TuneCP5up_13TeV-amcatnlo-pythia8/MINIAODSIM/106X_mcRun2_asymptotic_v17-v2/2500000/6687DF4C-605F-C240-920B-C52E81E690D2.root
%MSG-w XrdAdaptor:  file_open 11-Jan-2024 02:14:38 CET PostProcessEvent
Data is served from fnal.gov instead of original site US-Regional-FNAL
%MSG
11-Jan-2024 02:14:39 CET  Successfully opened file root://cmsxrootd.fnal.gov//store/mc/RunIISummer20UL16MiniAODv2/ST_s-channel_4f_leptonDecays_TuneCP5up_13TeV-amcatnlo-pythia8/MINIAODSIM/106X_mcRun2_asymptotic_v17-v2/2500000/6687DF4C-605F-C240-920B-C52E81E690D2.root
Begin processing the 2400001st record. Run 1, Event 1513003, LumiSection 1514 on stream 0 at 11-Jan-2024 02:14:58.145 CET
11-Jan-2024 02:15:00 CET  Closed file root://cmsxrootd.fnal.gov//store/mc/RunIISummer20UL16MiniAODv2/ST_s-channel_4f_leptonDecays_TuneCP5up_13TeV-amcatnlo-pythia8/MINIAODSIM/106X_mcRun2_asymptotic_v17-v2/2500000/6687DF4C-605F-C240-920B-C52E81E690D2.root
11-Jan-2024 02:15:00 CET  Initiating request to open file root://cmsxrootd.fnal.gov//store/mc/RunIISummer20UL16MiniAODv2/ST_s-channel_4f_leptonDecays_TuneCP5up_13TeV-amcatnlo-pythia8/MINIAODSIM/106X_mcRun2_asymptotic_v17-v2/2500000/EC1A9B11-C564-5C4F-9222-B95139439586.root
%MSG-w XrdAdaptor:  file_open 11-Jan-2024 02:15:02 CET PostProcessEvent
Data is served from fnal.gov instead of original site US-Regional-FNAL
%MSG
11-Jan-2024 02:15:03 CET  Successfully opened file root://cmsxrootd.fnal.gov//store/mc/RunIISummer20UL16MiniAODv2/ST_s-channel_4f_leptonDecays_TuneCP5up_13TeV-amcatnlo-pythia8/MINIAODSIM/106X_mcRun2_asymptotic_v17-v2/2500000/EC1A9B11-C564-5C4F-9222-B95139439586.root
Begin processing the 2500001st record. Run 1, Event 141010, LumiSection 142 on stream 0 at 11-Jan-2024 02:15:10.861 CET
11-Jan-2024 02:15:12 CET  Closed file root://cmsxrootd.fnal.gov//store/mc/RunIISummer20UL16MiniAODv2/ST_s-channel_4f_leptonDecays_TuneCP5up_13TeV-amcatnlo-pythia8/MINIAODSIM/106X_mcRun2_asymptotic_v17-v2/2500000/EC1A9B11-C564-5C4F-9222-B95139439586.root
11-Jan-2024 02:15:12 CET  Initiating request to open file root://cmsxrootd.fnal.gov//store/mc/RunIISummer20UL16MiniAODv2/ST_s-channel_4f_leptonDecays_TuneCP5up_13TeV-amcatnlo-pythia8/MINIAODSIM/106X_mcRun2_asymptotic_v17-v2/2500000/CD717BA7-F47D-8E42-AB3D-C08C0B1634FC.root
%MSG-w XrdAdaptor:  file_open 11-Jan-2024 02:15:14 CET PostProcessEvent
Data is served from fnal.gov instead of original site US-Regional-FNAL
%MSG
11-Jan-2024 02:15:15 CET  Successfully opened file root://cmsxrootd.fnal.gov//store/mc/RunIISummer20UL16MiniAODv2/ST_s-channel_4f_leptonDecays_TuneCP5up_13TeV-amcatnlo-pythia8/MINIAODSIM/106X_mcRun2_asymptotic_v17-v2/2500000/CD717BA7-F47D-8E42-AB3D-C08C0B1634FC.root
      2.189112      0.003381      5.454354             0
      1.359635      0.002963      5.454354             1
 
11-Jan-2024 02:15:22 CET  Closed file root://cmsxrootd.fnal.gov//store/mc/RunIISummer20UL16MiniAODv2/ST_s-channel_4f_leptonDecays_TuneCP5up_13TeV-amcatnlo-pythia8/MINIAODSIM/106X_mcRun2_asymptotic_v17-v2/2500000/CD717BA7-F47D-8E42-AB3D-C08C0B1634FC.root

------------------------------------
GenXsecAnalyzer:
------------------------------------
-------------------------------------------------------------------------------------------------------------------------------------------------------------------------- 
Overall cross-section summary 
--------------------------------------------------------------------------------------------------------------------------------------------------------------------------
Process		xsec_before [pb]		passed	nposw	nnegw	tried	nposw	nnegw 	xsec_match [pb]			accepted [%]	 event_eff [%]
0		2.189e+00 +/- 7.593e-05		1603263	1323825	279438	1603263	1323825	279438	2.189e+00 +/- 7.593e-05		100.0 +/- 0.0	100.0 +/- 0.0
1		1.360e+00 +/- 2.963e-03		995737	821763	173974	995737	821763	173974	1.360e+00 +/- 2.963e-03		100.0 +/- 0.0	100.0 +/- 0.0
-------------------------------------------------------------------------------------------------------------------------------------------------------------------------- 
Total		3.549e+00 +/- 2.964e-03		2599000	2145588	453412	2599000	2145588	453412	3.549e+00 +/- 2.964e-03		100.0 +/- 0.0	100.0 +/- 0.0
--------------------------------------------------------------------------------------------------------------------------------------------------------------------------
Before matching: total cross section = 3.549e+00 +- 2.964e-03 pb
After matching: total cross section = 3.549e+00 +- 2.964e-03 pb
Matching efficiency = 1.0 +/- 0.0   [TO BE USED IN MCM]
Filter efficiency (taking into account weights)= (9.22973e+06) / (9.22973e+06) = 1.000e+00 +- 0.000e+00
Filter efficiency (event-level)= (2.599e+06) / (2.599e+06) = 1.000e+00 +- 0.000e+00    [TO BE USED IN MCM]

After filter: final cross section = 3.549e+00 +- 2.964e-03 pb
After filter: final fraction of events with negative weights = 1.745e-01 +- 1.719e-05
After filter: final equivalent lumi for 1M events (1/fb) = 1.195e+02 +- 1.017e-01

=============================================

MessageLogger Summary

 type     category        sev    module        subroutine        count    total
 ---- -------------------- -- ---------------- ----------------  -----    -----
    1 GenXSecAnalyzer      -w GenXSecAnalyzer:                      16       16
    2 XrdAdaptor           -w file_open                             34       34
    3 fileAction           -s file_close                            34       34
    4 fileAction           -s file_open                             68       68

 type    category    Examples: run/evt        run/evt          run/evt
 ---- -------------------- ---------------- ---------------- ----------------
    1 GenXSecAnalyzer      PostGlobalEndRun PostGlobalEndRun PostGlobalEndRun
    2 XrdAdaptor           pre-events       PostProcessEvent PostProcessEvent
    3 fileAction           PostProcessEvent PostProcessEvent PostGlobalEndRun
    4 fileAction           pre-events       pre-events       PostProcessEvent

Severity    # Occurrences   Total Occurrences
--------    -------------   -----------------
Warning                50                  50
System                102                 102

dropped waiting message count 0
