12-Jan-2024 14:19:06 CET  Initiating request to open file root://cmsxrootd.fnal.gov//store/mc/RunIISummer20UL16MiniAODv2/ST_t-channel_top_4f_InclusiveDecays_wtop1p15_TuneCP5_13TeV-powheg-madspin-pythia8/MINIAODSIM/106X_mcRun2_asymptotic_v17-v3/270000/E3006153-BCB7-2C44-A700-C17C11F34635.root
%MSG-w XrdAdaptor:  file_open 12-Jan-2024 14:19:12 CET pre-events
Data is served from cms.rcac.purdue.edu instead of original site US-Regional-FNAL
%MSG
12-Jan-2024 14:19:16 CET  Successfully opened file root://cmsxrootd.fnal.gov//store/mc/RunIISummer20UL16MiniAODv2/ST_t-channel_top_4f_InclusiveDecays_wtop1p15_TuneCP5_13TeV-powheg-madspin-pythia8/MINIAODSIM/106X_mcRun2_asymptotic_v17-v3/270000/E3006153-BCB7-2C44-A700-C17C11F34635.root
Begin processing the 1st record. Run 1, Event 4052005, LumiSection 4053 on stream 0 at 12-Jan-2024 14:19:22.441 CET
12-Jan-2024 14:19:24 CET  Closed file root://cmsxrootd.fnal.gov//store/mc/RunIISummer20UL16MiniAODv2/ST_t-channel_top_4f_InclusiveDecays_wtop1p15_TuneCP5_13TeV-powheg-madspin-pythia8/MINIAODSIM/106X_mcRun2_asymptotic_v17-v3/270000/E3006153-BCB7-2C44-A700-C17C11F34635.root
12-Jan-2024 14:19:24 CET  Initiating request to open file root://cmsxrootd.fnal.gov//store/mc/RunIISummer20UL16MiniAODv2/ST_t-channel_top_4f_InclusiveDecays_wtop1p15_TuneCP5_13TeV-powheg-madspin-pythia8/MINIAODSIM/106X_mcRun2_asymptotic_v17-v3/270000/AE8CAFE5-5C55-7742-B593-01C5450BEDA5.root
%MSG-w XrdAdaptor:  file_open 12-Jan-2024 14:19:29 CET PostProcessEvent
Data is served from cms.rcac.purdue.edu instead of original site US-Regional-FNAL
%MSG
12-Jan-2024 14:19:30 CET  Successfully opened file root://cmsxrootd.fnal.gov//store/mc/RunIISummer20UL16MiniAODv2/ST_t-channel_top_4f_InclusiveDecays_wtop1p15_TuneCP5_13TeV-powheg-madspin-pythia8/MINIAODSIM/106X_mcRun2_asymptotic_v17-v3/270000/AE8CAFE5-5C55-7742-B593-01C5450BEDA5.root
Begin processing the 100001st record. Run 1, Event 5121009, LumiSection 5122 on stream 0 at 12-Jan-2024 14:19:37.591 CET
12-Jan-2024 14:19:37 CET  Closed file root://cmsxrootd.fnal.gov//store/mc/RunIISummer20UL16MiniAODv2/ST_t-channel_top_4f_InclusiveDecays_wtop1p15_TuneCP5_13TeV-powheg-madspin-pythia8/MINIAODSIM/106X_mcRun2_asymptotic_v17-v3/270000/AE8CAFE5-5C55-7742-B593-01C5450BEDA5.root
12-Jan-2024 14:19:37 CET  Initiating request to open file root://cmsxrootd.fnal.gov//store/mc/RunIISummer20UL16MiniAODv2/ST_t-channel_top_4f_InclusiveDecays_wtop1p15_TuneCP5_13TeV-powheg-madspin-pythia8/MINIAODSIM/106X_mcRun2_asymptotic_v17-v3/270000/BF4761CC-3EA1-AC4B-9F22-AB9EDCBD8A9B.root
%MSG-w XrdAdaptor:  file_open 12-Jan-2024 14:19:40 CET PostProcessEvent
Data is served from cms.rcac.purdue.edu instead of original site US-Regional-FNAL
%MSG
12-Jan-2024 14:19:40 CET  Successfully opened file root://cmsxrootd.fnal.gov//store/mc/RunIISummer20UL16MiniAODv2/ST_t-channel_top_4f_InclusiveDecays_wtop1p15_TuneCP5_13TeV-powheg-madspin-pythia8/MINIAODSIM/106X_mcRun2_asymptotic_v17-v3/270000/BF4761CC-3EA1-AC4B-9F22-AB9EDCBD8A9B.root
Begin processing the 200001st record. Run 1, Event 21086008, LumiSection 21087 on stream 0 at 12-Jan-2024 14:19:51.701 CET
12-Jan-2024 14:19:51 CET  Closed file root://cmsxrootd.fnal.gov//store/mc/RunIISummer20UL16MiniAODv2/ST_t-channel_top_4f_InclusiveDecays_wtop1p15_TuneCP5_13TeV-powheg-madspin-pythia8/MINIAODSIM/106X_mcRun2_asymptotic_v17-v3/270000/BF4761CC-3EA1-AC4B-9F22-AB9EDCBD8A9B.root
12-Jan-2024 14:19:51 CET  Initiating request to open file root://cmsxrootd.fnal.gov//store/mc/RunIISummer20UL16MiniAODv2/ST_t-channel_top_4f_InclusiveDecays_wtop1p15_TuneCP5_13TeV-powheg-madspin-pythia8/MINIAODSIM/106X_mcRun2_asymptotic_v17-v3/270000/390FD7E9-A8D6-ED42-BAD1-B52273905D4B.root
%MSG-w XrdAdaptor:  file_open 12-Jan-2024 14:19:54 CET PostProcessEvent
Data is served from cms.rcac.purdue.edu instead of original site US-Regional-FNAL
%MSG
12-Jan-2024 14:19:55 CET  Successfully opened file root://cmsxrootd.fnal.gov//store/mc/RunIISummer20UL16MiniAODv2/ST_t-channel_top_4f_InclusiveDecays_wtop1p15_TuneCP5_13TeV-powheg-madspin-pythia8/MINIAODSIM/106X_mcRun2_asymptotic_v17-v3/270000/390FD7E9-A8D6-ED42-BAD1-B52273905D4B.root
12-Jan-2024 14:20:03 CET  Closed file root://cmsxrootd.fnal.gov//store/mc/RunIISummer20UL16MiniAODv2/ST_t-channel_top_4f_InclusiveDecays_wtop1p15_TuneCP5_13TeV-powheg-madspin-pythia8/MINIAODSIM/106X_mcRun2_asymptotic_v17-v3/270000/390FD7E9-A8D6-ED42-BAD1-B52273905D4B.root
12-Jan-2024 14:20:03 CET  Initiating request to open file root://cmsxrootd.fnal.gov//store/mc/RunIISummer20UL16MiniAODv2/ST_t-channel_top_4f_InclusiveDecays_wtop1p15_TuneCP5_13TeV-powheg-madspin-pythia8/MINIAODSIM/106X_mcRun2_asymptotic_v17-v3/270000/8E680BAE-A638-BA42-B2B3-40DE5C47DBBA.root
%MSG-w XrdAdaptor:  file_open 12-Jan-2024 14:20:06 CET PostProcessEvent
Data is served from T2_US_Vanderbilt instead of original site US-Regional-FNAL
%MSG
12-Jan-2024 14:20:07 CET  Successfully opened file root://cmsxrootd.fnal.gov//store/mc/RunIISummer20UL16MiniAODv2/ST_t-channel_top_4f_InclusiveDecays_wtop1p15_TuneCP5_13TeV-powheg-madspin-pythia8/MINIAODSIM/106X_mcRun2_asymptotic_v17-v3/270000/8E680BAE-A638-BA42-B2B3-40DE5C47DBBA.root
Begin processing the 300001st record. Run 1, Event 21283005, LumiSection 21284 on stream 0 at 12-Jan-2024 14:20:37.270 CET
12-Jan-2024 14:20:38 CET  Closed file root://cmsxrootd.fnal.gov//store/mc/RunIISummer20UL16MiniAODv2/ST_t-channel_top_4f_InclusiveDecays_wtop1p15_TuneCP5_13TeV-powheg-madspin-pythia8/MINIAODSIM/106X_mcRun2_asymptotic_v17-v3/270000/8E680BAE-A638-BA42-B2B3-40DE5C47DBBA.root
12-Jan-2024 14:20:38 CET  Initiating request to open file root://cmsxrootd.fnal.gov//store/mc/RunIISummer20UL16MiniAODv2/ST_t-channel_top_4f_InclusiveDecays_wtop1p15_TuneCP5_13TeV-powheg-madspin-pythia8/MINIAODSIM/106X_mcRun2_asymptotic_v17-v3/70000/C469EF25-7A83-7E47-82A0-4E184DAD4C4A.root
%MSG-w XrdAdaptor:  file_open 12-Jan-2024 14:20:40 CET PostProcessEvent
Data is served from cms.rcac.purdue.edu instead of original site US-Regional-FNAL
%MSG
12-Jan-2024 14:20:41 CET  Successfully opened file root://cmsxrootd.fnal.gov//store/mc/RunIISummer20UL16MiniAODv2/ST_t-channel_top_4f_InclusiveDecays_wtop1p15_TuneCP5_13TeV-powheg-madspin-pythia8/MINIAODSIM/106X_mcRun2_asymptotic_v17-v3/70000/C469EF25-7A83-7E47-82A0-4E184DAD4C4A.root
12-Jan-2024 14:20:49 CET  Closed file root://cmsxrootd.fnal.gov//store/mc/RunIISummer20UL16MiniAODv2/ST_t-channel_top_4f_InclusiveDecays_wtop1p15_TuneCP5_13TeV-powheg-madspin-pythia8/MINIAODSIM/106X_mcRun2_asymptotic_v17-v3/70000/C469EF25-7A83-7E47-82A0-4E184DAD4C4A.root
12-Jan-2024 14:20:49 CET  Initiating request to open file root://cmsxrootd.fnal.gov//store/mc/RunIISummer20UL16MiniAODv2/ST_t-channel_top_4f_InclusiveDecays_wtop1p15_TuneCP5_13TeV-powheg-madspin-pythia8/MINIAODSIM/106X_mcRun2_asymptotic_v17-v3/130000/88D8E2EF-1EBD-894F-A589-8F740213DF7B.root
Unable to load sec.protocol plugin libXrdSecztn.so
%MSG-w XrdAdaptor:  file_open 12-Jan-2024 14:20:53 CET PostProcessEvent
Data is served from fnal.gov instead of original site US-Regional-FNAL
%MSG
12-Jan-2024 14:20:53 CET  Successfully opened file root://cmsxrootd.fnal.gov//store/mc/RunIISummer20UL16MiniAODv2/ST_t-channel_top_4f_InclusiveDecays_wtop1p15_TuneCP5_13TeV-powheg-madspin-pythia8/MINIAODSIM/106X_mcRun2_asymptotic_v17-v3/130000/88D8E2EF-1EBD-894F-A589-8F740213DF7B.root
Unable to load sec.protocol plugin libXrdSecztn.so
Begin processing the 400001st record. Run 1, Event 25296002, LumiSection 25297 on stream 0 at 12-Jan-2024 14:20:59.829 CET
12-Jan-2024 14:21:00 CET  Closed file root://cmsxrootd.fnal.gov//store/mc/RunIISummer20UL16MiniAODv2/ST_t-channel_top_4f_InclusiveDecays_wtop1p15_TuneCP5_13TeV-powheg-madspin-pythia8/MINIAODSIM/106X_mcRun2_asymptotic_v17-v3/130000/88D8E2EF-1EBD-894F-A589-8F740213DF7B.root
12-Jan-2024 14:21:00 CET  Initiating request to open file root://cmsxrootd.fnal.gov//store/mc/RunIISummer20UL16MiniAODv2/ST_t-channel_top_4f_InclusiveDecays_wtop1p15_TuneCP5_13TeV-powheg-madspin-pythia8/MINIAODSIM/106X_mcRun2_asymptotic_v17-v3/120000/DB1FC6BA-FB71-9A4C-B016-54E76A415A44.root
%MSG-w XrdAdaptor:  file_open 12-Jan-2024 14:21:04 CET PostProcessEvent
Data is served from T2_US_MIT instead of original site US-Regional-FNAL
%MSG
12-Jan-2024 14:21:05 CET  Successfully opened file root://cmsxrootd.fnal.gov//store/mc/RunIISummer20UL16MiniAODv2/ST_t-channel_top_4f_InclusiveDecays_wtop1p15_TuneCP5_13TeV-powheg-madspin-pythia8/MINIAODSIM/106X_mcRun2_asymptotic_v17-v3/120000/DB1FC6BA-FB71-9A4C-B016-54E76A415A44.root
12-Jan-2024 14:21:14 CET  Closed file root://cmsxrootd.fnal.gov//store/mc/RunIISummer20UL16MiniAODv2/ST_t-channel_top_4f_InclusiveDecays_wtop1p15_TuneCP5_13TeV-powheg-madspin-pythia8/MINIAODSIM/106X_mcRun2_asymptotic_v17-v3/120000/DB1FC6BA-FB71-9A4C-B016-54E76A415A44.root
12-Jan-2024 14:21:14 CET  Initiating request to open file root://cmsxrootd.fnal.gov//store/mc/RunIISummer20UL16MiniAODv2/ST_t-channel_top_4f_InclusiveDecays_wtop1p15_TuneCP5_13TeV-powheg-madspin-pythia8/MINIAODSIM/106X_mcRun2_asymptotic_v17-v3/120000/B180DBFE-94AA-254A-A61C-55C054538F8A.root
%MSG-w XrdAdaptor:  file_open 12-Jan-2024 14:21:17 CET PostProcessEvent
Data is served from T2_US_MIT instead of original site US-Regional-FNAL
%MSG
12-Jan-2024 14:21:17 CET  Successfully opened file root://cmsxrootd.fnal.gov//store/mc/RunIISummer20UL16MiniAODv2/ST_t-channel_top_4f_InclusiveDecays_wtop1p15_TuneCP5_13TeV-powheg-madspin-pythia8/MINIAODSIM/106X_mcRun2_asymptotic_v17-v3/120000/B180DBFE-94AA-254A-A61C-55C054538F8A.root
Begin processing the 500001st record. Run 1, Event 3339009, LumiSection 3340 on stream 0 at 12-Jan-2024 14:21:25.585 CET
12-Jan-2024 14:21:25 CET  Closed file root://cmsxrootd.fnal.gov//store/mc/RunIISummer20UL16MiniAODv2/ST_t-channel_top_4f_InclusiveDecays_wtop1p15_TuneCP5_13TeV-powheg-madspin-pythia8/MINIAODSIM/106X_mcRun2_asymptotic_v17-v3/120000/B180DBFE-94AA-254A-A61C-55C054538F8A.root
12-Jan-2024 14:21:25 CET  Initiating request to open file root://cmsxrootd.fnal.gov//store/mc/RunIISummer20UL16MiniAODv2/ST_t-channel_top_4f_InclusiveDecays_wtop1p15_TuneCP5_13TeV-powheg-madspin-pythia8/MINIAODSIM/106X_mcRun2_asymptotic_v17-v3/70000/7417361F-6BCB-474F-836C-91A751A77CB3.root
%MSG-w XrdAdaptor:  file_open 12-Jan-2024 14:21:28 CET PostProcessEvent
Data is served from cms.rcac.purdue.edu instead of original site US-Regional-FNAL
%MSG
12-Jan-2024 14:21:28 CET  Successfully opened file root://cmsxrootd.fnal.gov//store/mc/RunIISummer20UL16MiniAODv2/ST_t-channel_top_4f_InclusiveDecays_wtop1p15_TuneCP5_13TeV-powheg-madspin-pythia8/MINIAODSIM/106X_mcRun2_asymptotic_v17-v3/70000/7417361F-6BCB-474F-836C-91A751A77CB3.root
12-Jan-2024 14:21:38 CET  Closed file root://cmsxrootd.fnal.gov//store/mc/RunIISummer20UL16MiniAODv2/ST_t-channel_top_4f_InclusiveDecays_wtop1p15_TuneCP5_13TeV-powheg-madspin-pythia8/MINIAODSIM/106X_mcRun2_asymptotic_v17-v3/70000/7417361F-6BCB-474F-836C-91A751A77CB3.root
12-Jan-2024 14:21:38 CET  Initiating request to open file root://cmsxrootd.fnal.gov//store/mc/RunIISummer20UL16MiniAODv2/ST_t-channel_top_4f_InclusiveDecays_wtop1p15_TuneCP5_13TeV-powheg-madspin-pythia8/MINIAODSIM/106X_mcRun2_asymptotic_v17-v3/70000/9DFC138B-1D64-CD42-A1B7-FC12E1032A6C.root
%MSG-w XrdAdaptor:  file_open 12-Jan-2024 14:21:41 CET PostProcessEvent
Data is served from cms.rcac.purdue.edu instead of original site US-Regional-FNAL
%MSG
12-Jan-2024 14:21:41 CET  Successfully opened file root://cmsxrootd.fnal.gov//store/mc/RunIISummer20UL16MiniAODv2/ST_t-channel_top_4f_InclusiveDecays_wtop1p15_TuneCP5_13TeV-powheg-madspin-pythia8/MINIAODSIM/106X_mcRun2_asymptotic_v17-v3/70000/9DFC138B-1D64-CD42-A1B7-FC12E1032A6C.root
Begin processing the 600001st record. Run 1, Event 8973003, LumiSection 8974 on stream 0 at 12-Jan-2024 14:21:47.776 CET
12-Jan-2024 14:21:48 CET  Closed file root://cmsxrootd.fnal.gov//store/mc/RunIISummer20UL16MiniAODv2/ST_t-channel_top_4f_InclusiveDecays_wtop1p15_TuneCP5_13TeV-powheg-madspin-pythia8/MINIAODSIM/106X_mcRun2_asymptotic_v17-v3/70000/9DFC138B-1D64-CD42-A1B7-FC12E1032A6C.root
12-Jan-2024 14:21:48 CET  Initiating request to open file root://cmsxrootd.fnal.gov//store/mc/RunIISummer20UL16MiniAODv2/ST_t-channel_top_4f_InclusiveDecays_wtop1p15_TuneCP5_13TeV-powheg-madspin-pythia8/MINIAODSIM/106X_mcRun2_asymptotic_v17-v3/70000/B35BCDD2-C058-C947-8551-05C10CC12881.root
%MSG-w XrdAdaptor:  file_open 12-Jan-2024 14:21:51 CET PostProcessEvent
Data is served from cms.rcac.purdue.edu instead of original site US-Regional-FNAL
%MSG
12-Jan-2024 14:21:51 CET  Successfully opened file root://cmsxrootd.fnal.gov//store/mc/RunIISummer20UL16MiniAODv2/ST_t-channel_top_4f_InclusiveDecays_wtop1p15_TuneCP5_13TeV-powheg-madspin-pythia8/MINIAODSIM/106X_mcRun2_asymptotic_v17-v3/70000/B35BCDD2-C058-C947-8551-05C10CC12881.root
12-Jan-2024 14:22:00 CET  Closed file root://cmsxrootd.fnal.gov//store/mc/RunIISummer20UL16MiniAODv2/ST_t-channel_top_4f_InclusiveDecays_wtop1p15_TuneCP5_13TeV-powheg-madspin-pythia8/MINIAODSIM/106X_mcRun2_asymptotic_v17-v3/70000/B35BCDD2-C058-C947-8551-05C10CC12881.root
12-Jan-2024 14:22:00 CET  Initiating request to open file root://cmsxrootd.fnal.gov//store/mc/RunIISummer20UL16MiniAODv2/ST_t-channel_top_4f_InclusiveDecays_wtop1p15_TuneCP5_13TeV-powheg-madspin-pythia8/MINIAODSIM/106X_mcRun2_asymptotic_v17-v3/70000/0EA7B62B-EA9A-ED48-A699-723D669B607A.root
%MSG-w XrdAdaptor:  file_open 12-Jan-2024 14:22:03 CET PostProcessEvent
Data is served from cms.rcac.purdue.edu instead of original site US-Regional-FNAL
%MSG
12-Jan-2024 14:22:04 CET  Successfully opened file root://cmsxrootd.fnal.gov//store/mc/RunIISummer20UL16MiniAODv2/ST_t-channel_top_4f_InclusiveDecays_wtop1p15_TuneCP5_13TeV-powheg-madspin-pythia8/MINIAODSIM/106X_mcRun2_asymptotic_v17-v3/70000/0EA7B62B-EA9A-ED48-A699-723D669B607A.root
Begin processing the 700001st record. Run 1, Event 12319005, LumiSection 12320 on stream 0 at 12-Jan-2024 14:22:11.707 CET
12-Jan-2024 14:22:13 CET  Closed file root://cmsxrootd.fnal.gov//store/mc/RunIISummer20UL16MiniAODv2/ST_t-channel_top_4f_InclusiveDecays_wtop1p15_TuneCP5_13TeV-powheg-madspin-pythia8/MINIAODSIM/106X_mcRun2_asymptotic_v17-v3/70000/0EA7B62B-EA9A-ED48-A699-723D669B607A.root
12-Jan-2024 14:22:13 CET  Initiating request to open file root://cmsxrootd.fnal.gov//store/mc/RunIISummer20UL16MiniAODv2/ST_t-channel_top_4f_InclusiveDecays_wtop1p15_TuneCP5_13TeV-powheg-madspin-pythia8/MINIAODSIM/106X_mcRun2_asymptotic_v17-v3/70000/B4DF0D50-7556-6C47-AAEE-43741DCBA3AB.root
%MSG-w XrdAdaptorInternal:  file_open 12-Jan-2024 14:22:15 CET PostProcessEvent
Failed to open file at URL root://eos-c01.cms.rcac.purdue.edu:1101//store/mc/RunIISummer20UL16MiniAODv2/ST_t-channel_top_4f_InclusiveDecays_wtop1p15_TuneCP5_13TeV-powheg-madspin-pythia8/MINIAODSIM/106X_mcRun2_asymptotic_v17-v3/70000/B4DF0D50-7556-6C47-AAEE-43741DCBA3AB.root?cap.msg=d9J3goYSFLAUInNxGNsU1Ur8UvaMAWcICOqppuMfSEMFeKsPR13YF75ampMwWejEWI8etKZol8+oA+H+obcH5TGaX0yfZ/NsHRxUtflYCTIMpJzw/i596JPUcq7bbf8aPm5NO9L9TpZFroj67dhtazGWXxxBJ4yLTiiUgy8LUDQ/GSU9qbODekOtJsZZEueT4eKDOgOwC+ifGZK9lGMhmz/dM8BamvRycJJraO4O1P+Nl0O+5Mm+WWT+ciR3wYSrkiLROa/OxgBGyg2ZAzCIlRBP3hCluqDnRGQpYlHJO7HD8tnO/VHuGAKb3JogsuhtoHiLlVLb9aWljt1KojzL87+ya4PI5tuFEGw1f5ZXJ1aWSTPQ6DhjhPml+V1AzCoup1olu9HIeNQ7kHGUwsf58J5q89D+2ZaZpQgUIg/rahQq+E3w5ZnBpqL3MRpjJvv25p3ratoE67CibkznJKOXu8oArQ3unhh3bszoWLiFwn2Y3bMVQ2L1cP4bjV4zGLI72/RXQ9eU1HPbWRckhGvfWkcaapaDVDbQUq8ZG407Oc6CyS6ijHickwQ0lbee5a2rGCILSywNe96ho4J1jRRUZW2ROjP83KXfeTCB2MmtFFbp/uRABo3kTrV9/xDjSdzcGzaMhn5ktvoGTmtkIgRwYRK4ivjhOp2pAFTee+8VKe5IuM+eW2Vdq8OUCYt0SQ+7NILnzD5HxKr7iAP7nKBdHoHZK/YavfkES/SXgaKRG+VoFGqjuOGlvxRHvu0tRHfK4Y/LVOvI59nF7vNmqrMf0BpoRBfFiX8gG7mnH0HWI0ccNSi1oTBWCN9ObL+QleOKUI1TkBut3JDKm1LfWmuahPsMP3oQEpKhAP+uSaxkVDDqJFJjKfwdOX3SO+/FmFKzXpJ/wpmKV3om05XMFPBkKzah9x3yAtED&cap.sym=xU6mGpv9T0+hMNHFH2SXcWOdliY=&eos.clientinfo=zbase64:MDAwMDAwNmZ4nBXIUQrEIAxF0a3MBhoUZn6ELKZNnlRoq0RDmd23/p17a8OVbHCg3/dTatpuLlee6rJDOUyOfwNvnjMMOkezUlmRVz/G7HcXgwxG7YuESHJ2MlmFmps6COopxhAfhoMm4Q==&mgm.blockchecksum=ignore&mgm.id=001821a9&mgm.logid=99f7a8a4-b14d-11ee-b9ea-5c6f69a9c0f0&mgm.mtime=1670510203&mgm.replicahead=1&mgm.replicaindex=1.
%MSG
%MSG-w XrdAdaptor:  file_open 12-Jan-2024 14:22:17 CET PostProcessEvent
Data is served from cms.rcac.purdue.edu instead of original site US-Regional-FNAL
%MSG
12-Jan-2024 14:22:18 CET  Successfully opened file root://cmsxrootd.fnal.gov//store/mc/RunIISummer20UL16MiniAODv2/ST_t-channel_top_4f_InclusiveDecays_wtop1p15_TuneCP5_13TeV-powheg-madspin-pythia8/MINIAODSIM/106X_mcRun2_asymptotic_v17-v3/70000/B4DF0D50-7556-6C47-AAEE-43741DCBA3AB.root
Begin processing the 800001st record. Run 1, Event 18591012, LumiSection 18592 on stream 0 at 12-Jan-2024 14:22:24.841 CET
12-Jan-2024 14:22:26 CET  Closed file root://cmsxrootd.fnal.gov//store/mc/RunIISummer20UL16MiniAODv2/ST_t-channel_top_4f_InclusiveDecays_wtop1p15_TuneCP5_13TeV-powheg-madspin-pythia8/MINIAODSIM/106X_mcRun2_asymptotic_v17-v3/70000/B4DF0D50-7556-6C47-AAEE-43741DCBA3AB.root
12-Jan-2024 14:22:26 CET  Initiating request to open file root://cmsxrootd.fnal.gov//store/mc/RunIISummer20UL16MiniAODv2/ST_t-channel_top_4f_InclusiveDecays_wtop1p15_TuneCP5_13TeV-powheg-madspin-pythia8/MINIAODSIM/106X_mcRun2_asymptotic_v17-v3/70000/5ACFF596-B0BE-6A44-8EF3-B45A3FE3C068.root
%MSG-w XrdAdaptor:  file_open 12-Jan-2024 14:22:29 CET PostProcessEvent
Data is served from cms.rcac.purdue.edu instead of original site US-Regional-FNAL
%MSG
12-Jan-2024 14:22:30 CET  Successfully opened file root://cmsxrootd.fnal.gov//store/mc/RunIISummer20UL16MiniAODv2/ST_t-channel_top_4f_InclusiveDecays_wtop1p15_TuneCP5_13TeV-powheg-madspin-pythia8/MINIAODSIM/106X_mcRun2_asymptotic_v17-v3/70000/5ACFF596-B0BE-6A44-8EF3-B45A3FE3C068.root
Begin processing the 900001st record. Run 1, Event 8284003, LumiSection 8285 on stream 0 at 12-Jan-2024 14:22:37.205 CET
12-Jan-2024 14:22:37 CET  Closed file root://cmsxrootd.fnal.gov//store/mc/RunIISummer20UL16MiniAODv2/ST_t-channel_top_4f_InclusiveDecays_wtop1p15_TuneCP5_13TeV-powheg-madspin-pythia8/MINIAODSIM/106X_mcRun2_asymptotic_v17-v3/70000/5ACFF596-B0BE-6A44-8EF3-B45A3FE3C068.root
12-Jan-2024 14:22:37 CET  Initiating request to open file root://cmsxrootd.fnal.gov//store/mc/RunIISummer20UL16MiniAODv2/ST_t-channel_top_4f_InclusiveDecays_wtop1p15_TuneCP5_13TeV-powheg-madspin-pythia8/MINIAODSIM/106X_mcRun2_asymptotic_v17-v3/70000/2645E841-048C-F94D-8C03-6ED273A4D977.root
%MSG-w XrdAdaptorInternal:  file_open 12-Jan-2024 14:22:39 CET PostProcessEvent
Failed to open file at URL root://eos-c01.cms.rcac.purdue.edu:1102//store/mc/RunIISummer20UL16MiniAODv2/ST_t-channel_top_4f_InclusiveDecays_wtop1p15_TuneCP5_13TeV-powheg-madspin-pythia8/MINIAODSIM/106X_mcRun2_asymptotic_v17-v3/70000/2645E841-048C-F94D-8C03-6ED273A4D977.root?cap.msg=d9J3goYSFLAUInNxGNsU1Ur8UvaMAWcICOqppuMfSEMFeKsPR13YF75ampMwWejEWI8etKZol8+oA+H+obcH5TGaX0yfZ/NsHRxUtflYCTIMpJzw/i596JPUcq7bbf8aPm5NO9L9TpZFroj67dhtazGWXxxBJ4yLTiiUgy8LUDQ/GSU9qbODekOtJsZZEueT4eKDOgOwC+ifGZK9lGMhmz/dM8BamvRycJJraO4O1P+Nl0O+5Mm+WWT+ciR3wYSrkiLROa/OxgBGyg2ZAzCIlRBP3hCluqDnRGQpYlHJO7HD8tnO/VHuGFr7WZajPndGCVE+Ao2VhqSwya/2uF7/AkLSMs4j06ygvO+/mQclUxjLZZWuMH17IawHDSOkh4f3OJwn/6hLV3cgw/4Ys1T6P0zEMLy3IwVcOzNHpMt5f91hW/gbUjkGILJWVBhNovE6Ap2u6WO1PJutNCdLmknbeSz4xrUWkBrKg8QVhr1opZi5S2iI6w2ygZ8FjJ/047YoXwpsA8L5Hya1n0yT/9wkIH1gDHLTWIARvfSMQLTJPitNRw09WV+kdJDh01Y05+/ZcnwdgrhSOWTCDPWfM4lkdXgg2TOby9il/MelLoHQml4MehxBErUN1c1Izwcl7vseHYY24RlQT26SY+W9YMZVq2AfxmJwmAqtddu1GTmo3+KRkKYRmcEaBkOU5cqKGTwIQuidd3JBrZbY86MpLn/ingB3JzAAXkzjI2FKt1CbDasctVK2GyCCwDpsOGfPZBua7oM/UuvFGvIR5Ucz/FcyZiUX040CUjR7FXeVkl2XO8DCpQ/ESvQ+NHlFw2HeMCYATPIv0pywDI4dCluj0/D64A55t0HG1gKMIUnBaLIdqvFidRBRpZA6ybd2VAetahNMoPs8BwtBnJcGXifbuFTYjXDQ9uMGoiaR&cap.sym=xU6mGpv9T0+hMNHFH2SXcWOdliY=&eos.clientinfo=zbase64:MDAwMDAwNmZ4nBXIYQrDIAyG4av0Ag1aKAMhh2mTTyZsVaJh7Pat/573rQ1XssGB9tdSajp/XK481eUN5TA5/g18es4w6BzNSmVFPvwzZj+7GGQwal8lRJJvJ5NDqLmpg6CeYgzbDYewJuU=&mgm.blockchecksum=ignore&mgm.id=00181f1f&mgm.logid=a849a330-b14d-11ee-9907-5c6f69a9c0f0&mgm.mtime=1670509628&mgm.replicahead=1&mgm.replicaindex=1.
%MSG
%MSG-w XrdAdaptorInternal:  file_open 12-Jan-2024 14:22:39 CET PostProcessEvent
Failed to open file at URL root://eos-c01.cms.rcac.purdue.edu:1102//store/mc/RunIISummer20UL16MiniAODv2/ST_t-channel_top_4f_InclusiveDecays_wtop1p15_TuneCP5_13TeV-powheg-madspin-pythia8/MINIAODSIM/106X_mcRun2_asymptotic_v17-v3/70000/2645E841-048C-F94D-8C03-6ED273A4D977.root?cap.msg=d9J3goYSFLAUInNxGNsU1Ur8UvaMAWcICOqppuMfSEMFeKsPR13YF75ampMwWejEWI8etKZol8+oA+H+obcH5TGaX0yfZ/NsHRxUtflYCTIMpJzw/i596JPUcq7bbf8aPm5NO9L9TpZFroj67dhtazGWXxxBJ4yLTiiUgy8LUDQ/GSU9qbODekOtJsZZEueT4eKDOgOwC+ifGZK9lGMhmz/dM8BamvRycJJraO4O1P+Nl0O+5Mm+WWT+ciR3wYSrkiLROa/OxgBGyg2ZAzCIlRBP3hCluqDnRGQpYlHJO7HD8tnO/VHuGFr7WZajPndGCVE+Ao2VhqSwya/2uF7/AkLSMs4j06ygvO+/mQclUxjLZZWuMH17IawHDSOkh4f3OJwn/6hLV3cgw/4Ys1T6P0zEMLy3IwVcOzNHpMt5f91hW/gbUjkGILJWVBhNovE6Ap2u6WO1PJutNCdLmknbeSz4xrUWkBrKg8QVhr1opZi5S2iI6w2ygZ8FjJ/047YoXwpsA8L5Hya1n0yT/9wkIH1gDHLTWIARvfSMQLTJPitNRw09WV+kdJDh01Y05+/ZcnwdgrhSOWTCDPWfM4lkdXgg2TOby9il/MelLoHQml4MehxBErUN1c1Izwcl7vseHYY24RlQT26SY+W9YMZVq2AfxmJwmAqtddu1GTmo3+KRkKYRmcEaBkOU5cqKGTwIQuidd3JBrZbY86MpLn/ingB3JzAAXkzjI2FKt1CbDasctVK2GyCCwDpsOGfPZBua7oM/UuvFGvIR5Ucz/FcyZiUX040CUjR7FXeVkl2XO8DCpQ/ESvQ+NHlFw2HeMCYATPIv0pywDI4dCluj0/D64A55t0HG1gKMIUnBaLIdqvFidRBRpZA6ybd2VAetahNMoPs8BwtBnJcGXifbuFTYjQi+BKOZF017&cap.sym=xU6mGpv9T0+hMNHFH2SXcWOdliY=&eos.clientinfo=zbase64:MDAwMDAwNmZ4nBXIUQrEIAxF0a3MBhp0YH6ELKZNnlRoq0RDmd23/p17a8OVbHCgX/yUmraby5WnuuxQDpPj38Cb5wyDztGsVFbk1Y8x+93FIINR+yIhkpydTFah5qYOgnqKMXwfhVgm3w==&mgm.blockchecksum=ignore&mgm.id=00181f1f&mgm.logid=a88c2458-b14d-11ee-9907-5c6f69a9c0f0&mgm.mtime=1670509628&mgm.replicahead=1&mgm.replicaindex=1&tried=.
%MSG
----- Begin Fatal Exception 12-Jan-2024 14:22:39 CET-----------------------
An exception of category 'FileOpenError' occurred while
   [0] Calling InputSource::readFile_
   [1] Calling RootFileSequenceBase::initTheFile()
   [2] Calling StorageFactory::open()
   [3] Calling XrdFile::open()
Exception Message:
Failed to open the file 'root://cmsxrootd.fnal.gov//store/mc/RunIISummer20UL16MiniAODv2/ST_t-channel_top_4f_InclusiveDecays_wtop1p15_TuneCP5_13TeV-powheg-madspin-pythia8/MINIAODSIM/106X_mcRun2_asymptotic_v17-v3/70000/2645E841-048C-F94D-8C03-6ED273A4D977.root'
   Additional Info:
      [a] Input file root://cmsxrootd.fnal.gov//store/mc/RunIISummer20UL16MiniAODv2/ST_t-channel_top_4f_InclusiveDecays_wtop1p15_TuneCP5_13TeV-powheg-madspin-pythia8/MINIAODSIM/106X_mcRun2_asymptotic_v17-v3/70000/2645E841-048C-F94D-8C03-6ED273A4D977.root could not be opened.
      [b] XrdCl::File::Open(name='root://cmsxrootd.fnal.gov//store/mc/RunIISummer20UL16MiniAODv2/ST_t-channel_top_4f_InclusiveDecays_wtop1p15_TuneCP5_13TeV-powheg-madspin-pythia8/MINIAODSIM/106X_mcRun2_asymptotic_v17-v3/70000/2645E841-048C-F94D-8C03-6ED273A4D977.root', flags=0x10, permissions=0660) => error '[ERROR] Server responded with an error: [3000] Unable to open - cannot determine the prefix path to use for the given filesystem id /store/mc/RunIISummer20UL16MiniAODv2/ST_t-channel_top_4f_InclusiveDecays_wtop1p15_TuneCP5_13TeV-powheg-madspin-pythia8/MINIAODSIM/106X_mcRun2_asymptotic_v17-v3/70000/2645E841-048C-F94D-8C03-6ED273A4D977.root; invalid argument
' (errno=3000, code=400). No additional data servers were found.
      [c] Last URL tried: root://eos-c01.cms.rcac.purdue.edu:1102//store/mc/RunIISummer20UL16MiniAODv2/ST_t-channel_top_4f_InclusiveDecays_wtop1p15_TuneCP5_13TeV-powheg-madspin-pythia8/MINIAODSIM/106X_mcRun2_asymptotic_v17-v3/70000/2645E841-048C-F94D-8C03-6ED273A4D977.root?cap.msg=d9J3goYSFLAUInNxGNsU1Ur8UvaMAWcICOqppuMfSEMFeKsPR13YF75ampMwWejEWI8etKZol8+oA+H+obcH5TGaX0yfZ/NsHRxUtflYCTIMpJzw/i596JPUcq7bbf8aPm5NO9L9TpZFroj67dhtazGWXxxBJ4yLTiiUgy8LUDQ/GSU9qbODekOtJsZZEueT4eKDOgOwC+ifGZK9lGMhmz/dM8BamvRycJJraO4O1P+Nl0O+5Mm+WWT+ciR3wYSrkiLROa/OxgBGyg2ZAzCIlRBP3hCluqDnRGQpYlHJO7HD8tnO/VHuGFr7WZajPndGCVE+Ao2VhqSwya/2uF7/AkLSMs4j06ygvO+/mQclUxjLZZWuMH17IawHDSOkh4f3OJwn/6hLV3cgw/4Ys1T6P0zEMLy3IwVcOzNHpMt5f91hW/gbUjkGILJWVBhNovE6Ap2u6WO1PJutNCdLmknbeSz4xrUWkBrKg8QVhr1opZi5S2iI6w2ygZ8FjJ/047YoXwpsA8L5Hya1n0yT/9wkIH1gDHLTWIARvfSMQLTJPitNRw09WV+kdJDh01Y05+/ZcnwdgrhSOWTCDPWfM4lkdXgg2TOby9il/MelLoHQml4MehxBErUN1c1Izwcl7vseHYY24RlQT26SY+W9YMZVq2AfxmJwmAqtddu1GTmo3+KRkKYRmcEaBkOU5cqKGTwIQuidd3JBrZbY86MpLn/ingB3JzAAXkzjI2FKt1CbDasctVK2GyCCwDpsOGfPZBua7oM/UuvFGvIR5Ucz/FcyZiUX040CUjR7FXeVkl2XO8DCpQ/ESvQ+NHlFw2HeMCYATPIv0pywDI4dCluj0/D64A55t0HG1gKMIUnBaLIdqvFidRBRpZA6ybd2VAetahNMoPs8BwtBnJcGXifbuFTYjQi+BKOZF017&cap.sym=xU6mGpv9T0+hMNHFH2SXcWOdliY=&eos.clientinfo=zbase64:MDAwMDAwNmZ4nBXIUQrEIAxF0a3MBhp0YH6ELKZNnlRoq0RDmd23/p17a8OVbHCgX/yUmraby5WnuuxQDpPj38Cb5wyDztGsVFbk1Y8x+93FIINR+yIhkpydTFah5qYOgnqKMXwfhVgm3w==&mgm.blockchecksum=ignore&mgm.id=00181f1f&mgm.logid=a88c2458-b14d-11ee-9907-5c6f69a9c0f0&mgm.mtime=1670509628&mgm.replicahead=1&mgm.replicaindex=1&tried=
      [d] Problematic data server: eos-c01.cms.rcac.purdue.edu:1102
      [e] Disabled source: eos-c01.cms.rcac.purdue.edu:1102
----- End Fatal Exception -------------------------------------------------
    113.432932      0.883059      1.000000         10000
 

------------------------------------
GenXsecAnalyzer:
------------------------------------
-------------------------------------------------------------------------------------------------------------------------------------------------------------------------- 
Overall cross-section summary 
--------------------------------------------------------------------------------------------------------------------------------------------------------------------------
Process		xsec_before [pb]		passed	nposw	nnegw	tried	nposw	nnegw 	xsec_match [pb]			accepted [%]	 event_eff [%]
-------------------------------------------------------------------------------------------------------------------------------------------------------------------------- 
Total		1.134e+02 +/- 8.831e-01		1827000	1769867	57133	1827000	1769867	57133	1.134e+02 +/- 8.831e-01		100.0 +/- 0.0	100.0 +/- 0.0
--------------------------------------------------------------------------------------------------------------------------------------------------------------------------
Before matching: total cross section = 1.134e+02 +- 8.831e-01 pb
After matching: total cross section = 1.134e+02 +- 8.831e-01 pb
Matching efficiency = 1.0 +/- 0.0   [TO BE USED IN MCM]
Filter efficiency (taking into account weights)= (9.71942e+07) / (9.71942e+07) = 1.000e+00 +- 0.000e+00
Filter efficiency (event-level)= (914000) / (914000) = 1.000e+00 +- 0.000e+00    [TO BE USED IN MCM]

After filter: final cross section = 1.134e+02 +- 8.831e-01 pb
After filter: final fraction of events with negative weights = 3.127e-02 +- 1.051e-06
After filter: final equivalent lumi for 1M events (1/fb) = 7.748e+00 +- 5.701e-02

=============================================

MessageLogger Summary

 type     category        sev    module        subroutine        count    total
 ---- -------------------- -- ---------------- ----------------  -----    -----
    1 GenXSecAnalyzer      -w GenXSecAnalyzer:                      14       14
    2 XrdAdaptor           -w file_open                             15       15
    3 XrdAdaptorInternal   -w file_open                              3        3
    4 Fatal Exception      -s AfterFile                              1        1
    5 fileAction           -s file_close                            15       15
    6 fileAction           -s file_open                             31       31

 type    category    Examples: run/evt        run/evt          run/evt
 ---- -------------------- ---------------- ---------------- ----------------
    1 GenXSecAnalyzer      PostGlobalEndRun PostGlobalEndRun PostGlobalEndRun
    2 XrdAdaptor           pre-events       PostProcessEvent PostProcessEvent
    3 XrdAdaptorInternal   PostProcessEvent PostProcessEvent PostProcessEvent
    4 Fatal Exception      PostProcessEvent                  
    5 fileAction           PostProcessEvent PostProcessEvent PostProcessEvent
    6 fileAction           pre-events       pre-events       PostProcessEvent

Severity    # Occurrences   Total Occurrences
--------    -------------   -----------------
Warning                32                  32
System                 47                  47

dropped waiting message count 0
