11-Jan-2024 23:10:31 CET  Initiating request to open file root://cmsxrootd.fnal.gov//store/mc/RunIISummer20UL16MiniAODv2/ST_t-channel_antitop_4f_InclusiveDecays_wtop1p15_TuneCP5_13TeV-powheg-madspin-pythia8/MINIAODSIM/106X_mcRun2_asymptotic_v17-v3/70000/897DB5BE-D9A3-C447-B37C-623D38127FC0.root
%MSG-w XrdAdaptor:  file_open 11-Jan-2024 23:10:35 CET pre-events
Data is served from T2_US_Vanderbilt instead of original site US-Regional-Nebraska
%MSG
11-Jan-2024 23:10:38 CET  Successfully opened file root://cmsxrootd.fnal.gov//store/mc/RunIISummer20UL16MiniAODv2/ST_t-channel_antitop_4f_InclusiveDecays_wtop1p15_TuneCP5_13TeV-powheg-madspin-pythia8/MINIAODSIM/106X_mcRun2_asymptotic_v17-v3/70000/897DB5BE-D9A3-C447-B37C-623D38127FC0.root
Begin processing the 1st record. Run 1, Event 4036010, LumiSection 4037 on stream 0 at 11-Jan-2024 23:10:59.067 CET
11-Jan-2024 23:11:00 CET  Closed file root://cmsxrootd.fnal.gov//store/mc/RunIISummer20UL16MiniAODv2/ST_t-channel_antitop_4f_InclusiveDecays_wtop1p15_TuneCP5_13TeV-powheg-madspin-pythia8/MINIAODSIM/106X_mcRun2_asymptotic_v17-v3/70000/897DB5BE-D9A3-C447-B37C-623D38127FC0.root
11-Jan-2024 23:11:00 CET  Initiating request to open file root://cmsxrootd.fnal.gov//store/mc/RunIISummer20UL16MiniAODv2/ST_t-channel_antitop_4f_InclusiveDecays_wtop1p15_TuneCP5_13TeV-powheg-madspin-pythia8/MINIAODSIM/106X_mcRun2_asymptotic_v17-v3/70000/87C53C34-ACDF-FF40-B687-238C2B9F891D.root
%MSG-w XrdAdaptor:  file_open 11-Jan-2024 23:11:03 CET PostProcessEvent
Data is served from T2_US_Vanderbilt instead of original site US-Regional-Nebraska
%MSG
11-Jan-2024 23:11:04 CET  Successfully opened file root://cmsxrootd.fnal.gov//store/mc/RunIISummer20UL16MiniAODv2/ST_t-channel_antitop_4f_InclusiveDecays_wtop1p15_TuneCP5_13TeV-powheg-madspin-pythia8/MINIAODSIM/106X_mcRun2_asymptotic_v17-v3/70000/87C53C34-ACDF-FF40-B687-238C2B9F891D.root
11-Jan-2024 23:11:19 CET  Closed file root://cmsxrootd.fnal.gov//store/mc/RunIISummer20UL16MiniAODv2/ST_t-channel_antitop_4f_InclusiveDecays_wtop1p15_TuneCP5_13TeV-powheg-madspin-pythia8/MINIAODSIM/106X_mcRun2_asymptotic_v17-v3/70000/87C53C34-ACDF-FF40-B687-238C2B9F891D.root
11-Jan-2024 23:11:19 CET  Initiating request to open file root://cmsxrootd.fnal.gov//store/mc/RunIISummer20UL16MiniAODv2/ST_t-channel_antitop_4f_InclusiveDecays_wtop1p15_TuneCP5_13TeV-powheg-madspin-pythia8/MINIAODSIM/106X_mcRun2_asymptotic_v17-v3/130000/2B80CC8D-73A5-7547-A4E5-FE658348F1B9.root
Unable to load sec.protocol plugin libXrdSecztn.so
%MSG-w XrdAdaptor:  file_open 11-Jan-2024 23:11:23 CET PostProcessEvent
Data is served from fnal.gov instead of original site US-Regional-Nebraska
%MSG
11-Jan-2024 23:11:24 CET  Successfully opened file root://cmsxrootd.fnal.gov//store/mc/RunIISummer20UL16MiniAODv2/ST_t-channel_antitop_4f_InclusiveDecays_wtop1p15_TuneCP5_13TeV-powheg-madspin-pythia8/MINIAODSIM/106X_mcRun2_asymptotic_v17-v3/130000/2B80CC8D-73A5-7547-A4E5-FE658348F1B9.root
Begin processing the 100001st record. Run 1, Event 2108015, LumiSection 2109 on stream 0 at 11-Jan-2024 23:11:29.481 CET
Unable to load sec.protocol plugin libXrdSecztn.so
11-Jan-2024 23:11:31 CET  Closed file root://cmsxrootd.fnal.gov//store/mc/RunIISummer20UL16MiniAODv2/ST_t-channel_antitop_4f_InclusiveDecays_wtop1p15_TuneCP5_13TeV-powheg-madspin-pythia8/MINIAODSIM/106X_mcRun2_asymptotic_v17-v3/130000/2B80CC8D-73A5-7547-A4E5-FE658348F1B9.root
11-Jan-2024 23:11:31 CET  Initiating request to open file root://cmsxrootd.fnal.gov//store/mc/RunIISummer20UL16MiniAODv2/ST_t-channel_antitop_4f_InclusiveDecays_wtop1p15_TuneCP5_13TeV-powheg-madspin-pythia8/MINIAODSIM/106X_mcRun2_asymptotic_v17-v3/130000/D8B5AD33-CA4B-BB4D-95F2-955E83A08DC3.root
%MSG-w XrdAdaptor:  file_open 11-Jan-2024 23:11:33 CET PostProcessEvent
Data is served from fnal.gov instead of original site US-Regional-Nebraska
%MSG
11-Jan-2024 23:11:34 CET  Successfully opened file root://cmsxrootd.fnal.gov//store/mc/RunIISummer20UL16MiniAODv2/ST_t-channel_antitop_4f_InclusiveDecays_wtop1p15_TuneCP5_13TeV-powheg-madspin-pythia8/MINIAODSIM/106X_mcRun2_asymptotic_v17-v3/130000/D8B5AD33-CA4B-BB4D-95F2-955E83A08DC3.root
Unable to load sec.protocol plugin libXrdSecztn.so
Begin processing the 200001st record. Run 1, Event 9365010, LumiSection 9366 on stream 0 at 11-Jan-2024 23:11:47.309 CET
11-Jan-2024 23:11:47 CET  Closed file root://cmsxrootd.fnal.gov//store/mc/RunIISummer20UL16MiniAODv2/ST_t-channel_antitop_4f_InclusiveDecays_wtop1p15_TuneCP5_13TeV-powheg-madspin-pythia8/MINIAODSIM/106X_mcRun2_asymptotic_v17-v3/130000/D8B5AD33-CA4B-BB4D-95F2-955E83A08DC3.root
11-Jan-2024 23:11:47 CET  Initiating request to open file root://cmsxrootd.fnal.gov//store/mc/RunIISummer20UL16MiniAODv2/ST_t-channel_antitop_4f_InclusiveDecays_wtop1p15_TuneCP5_13TeV-powheg-madspin-pythia8/MINIAODSIM/106X_mcRun2_asymptotic_v17-v3/70000/75D4CC57-DB64-934C-9E03-57AB20A251A6.root
Unable to load sec.protocol plugin libXrdSecztn.so
%MSG-w XrdAdaptor:  file_open 11-Jan-2024 23:11:51 CET PostProcessEvent
Data is served from fnal.gov instead of original site US-Regional-Nebraska
%MSG
11-Jan-2024 23:11:52 CET  Successfully opened file root://cmsxrootd.fnal.gov//store/mc/RunIISummer20UL16MiniAODv2/ST_t-channel_antitop_4f_InclusiveDecays_wtop1p15_TuneCP5_13TeV-powheg-madspin-pythia8/MINIAODSIM/106X_mcRun2_asymptotic_v17-v3/70000/75D4CC57-DB64-934C-9E03-57AB20A251A6.root
[2024-01-11 23:11:54.033338 +0100][Error  ][AsyncSock         ] [xrootd-se4-vanderbilt.sites.opensciencegrid.org:1094 #0.0] Socket error while handshaking: [ERROR] Socket timeout
[2024-01-11 23:11:54.033434 +0100][Error  ][PostMaster        ] [xrootd-se4-vanderbilt.sites.opensciencegrid.org:1094 #0] elapsed = 45, pConnectionWindow = 31 seconds.
11-Jan-2024 23:11:58 CET  Closed file root://cmsxrootd.fnal.gov//store/mc/RunIISummer20UL16MiniAODv2/ST_t-channel_antitop_4f_InclusiveDecays_wtop1p15_TuneCP5_13TeV-powheg-madspin-pythia8/MINIAODSIM/106X_mcRun2_asymptotic_v17-v3/70000/75D4CC57-DB64-934C-9E03-57AB20A251A6.root
11-Jan-2024 23:11:58 CET  Initiating request to open file root://cmsxrootd.fnal.gov//store/mc/RunIISummer20UL16MiniAODv2/ST_t-channel_antitop_4f_InclusiveDecays_wtop1p15_TuneCP5_13TeV-powheg-madspin-pythia8/MINIAODSIM/106X_mcRun2_asymptotic_v17-v3/70000/67E99BCA-2898-9041-9896-F30102C73B62.root
%MSG-w XrdAdaptorInternal:  file_open 11-Jan-2024 23:12:01 CET PostProcessEvent
Failed to open file at URL root://eos-c01.cms.rcac.purdue.edu:1101//store/mc/RunIISummer20UL16MiniAODv2/ST_t-channel_antitop_4f_InclusiveDecays_wtop1p15_TuneCP5_13TeV-powheg-madspin-pythia8/MINIAODSIM/106X_mcRun2_asymptotic_v17-v3/70000/67E99BCA-2898-9041-9896-F30102C73B62.root?cap.msg=d9J3goYSFLAUInNxGNsU1Ur8UvaMAWcICOqppuMfSEMFeKsPR13YF75ampMwWejEWI8etKZol8+oA+H+obcH5TGaX0yfZ/NsHRxUtflYCTIMpJzw/i596JPUcq7bbf8aPm5NO9L9TpZFroj67dhtazGWXxxBJ4yL+N85ATJ7nYDExdQeZz7+2ms+vugGL64Z2m5VQA9H/aQmjmH9iD4G7zUj51557vBqnmD+UU3QL9MFZt8FS+s5dUMZ704y7zz2u+eZp9NglB998X59U3gMl4trzllDynsAoSa/8XCJelJZvt9OT2XCx1XnyH1UJjf4UXNsupvrNP2iI39ItouGcreEjrJ9GosmNTgij1fIjfg8u+lWtyVB0Y55dajCB04qWiaESy9IUELXAJi4LkUAR3ouiNq05xiSLMClG+UwtWk7vR21DC3VK00KaRBU3fz75Lmka8zO+FjIXa8wnM+VNNwkY+zoo1gZbQVXsMxvR/DAYoXXgpVzqVKTg+s5ySpbT8n8IzxzYSWbYgCx3XulhO41aL3oXSj33mUer61IdHdkF8fuOrExDJUSSImL2/E8944EO2xDSxxOs/1nI9t1CRySdviTVuHXuMJxIuTNq+/F3nJc3omRUdmwg/pjGLBwtDJqs/AJDEsfWewpiOm9LFT8OLSOGtkzHYD5F/uJnGvRWwlbMkMXQMlC70LEi1tpkW+aTyWhSUj0rLlRtyxgxnQ7MuLU8DFxoih2DAKhkzl6fr7rKQ8bRL3cvTLEkfoLM4jZdMXIfSy2JijGFh/ibXs8xqsEjkISazgfImDssQuu5qnBxxynVqlXkK6ekFeBsNw5rLRtyHcJn0b2xaPi5SorHOT4E7WZjS4rrTPDycxyshXkk6xQ8S/UYOUr3hLbgdsafzhRqi1zRcu+R4QuY9JxVMvRO30CIYaAHZL7lZY=&cap.sym=xU6mGpv9T0+hMNHFH2SXcWOdliY=&eos.clientinfo=zbase64:MDAwMDAwNmZ4nBXIUQ6EIAxF0a3MBmwg/pF0Mdo+MiQqpNAYd6/8nXtrw5VscKB1/ZWa9pvLlae6/KEcJsfTwLvnDIPO0axUVuTNjzH728Ugg1H7IiGSnJ1MNqHmpg6CeooxxBeFVSbe&mgm.blockchecksum=ignore&mgm.id=00180746&mgm.logid=71b6c9ee-b0ce-11ee-b518-5c6f69a9c0f0&mgm.mtime=1670503862&mgm.replicahead=1&mgm.replicaindex=1.
%MSG
%MSG-w XrdAdaptorInternal:  file_open 11-Jan-2024 23:12:02 CET PostProcessEvent
Failed to open file at URL root://eos-c01.cms.rcac.purdue.edu:1101//store/mc/RunIISummer20UL16MiniAODv2/ST_t-channel_antitop_4f_InclusiveDecays_wtop1p15_TuneCP5_13TeV-powheg-madspin-pythia8/MINIAODSIM/106X_mcRun2_asymptotic_v17-v3/70000/67E99BCA-2898-9041-9896-F30102C73B62.root?cap.msg=d9J3goYSFLAUInNxGNsU1Ur8UvaMAWcICOqppuMfSEMFeKsPR13YF75ampMwWejEWI8etKZol8+oA+H+obcH5TGaX0yfZ/NsHRxUtflYCTIMpJzw/i596JPUcq7bbf8aPm5NO9L9TpZFroj67dhtazGWXxxBJ4yL+N85ATJ7nYDExdQeZz7+2ms+vugGL64Z2m5VQA9H/aQmjmH9iD4G7zUj51557vBqnmD+UU3QL9MFZt8FS+s5dUMZ704y7zz2u+eZp9NglB998X59U3gMl4trzllDynsAoSa/8XCJelJZvt9OT2XCx1XnyH1UJjf4UXNsupvrNP2iI39ItouGcreEjrJ9GosmNTgij1fIjfg8u+lWtyVB0Y55dajCB04qWiaESy9IUELXAJi4LkUAR3ouiNq05xiSLMClG+UwtWk7vR21DC3VK00KaRBU3fz75Lmka8zO+FjIXa8wnM+VNNwkY+zoo1gZbQVXsMxvR/DAYoXXgpVzqVKTg+s5ySpbT8n8IzxzYSWbYgCx3XulhO41aL3oXSj33mUer61IdHdkF8fuOrExDJUSSImL2/E8944EO2xDSxxOs/1nI9t1CRySdviTVuHXuMJxIuTNq+/F3nJc3omRUdmwg/pjGLBwtDJqs/AJDEsfWewpiOm9LFT8OLSOGtkzHYD5F/uJnGvRWwlbMkMXQMlC70LEi1tpkW+aTyWhSUj0rLlRtyxgxnQ7MuLU8DFxoih2DAKhkzl6fr7rKQ8bRL3cvTLEkfoLM4jZdMXIfSy2JijGFh/ibXs8xqsEjkISazgfImDssQuu5qnBxxynVqlXkK6ekFeBsNw5rLRtyHcJn0b2xaPi5SorHOT4E7WZjS4rrTPDycxyshXkk6xQ8S/UYOUr3hLbgdsafzhRqi1zRcu+R4QuY9JxVMvRO30C80563FUSU04=&cap.sym=xU6mGpv9T0+hMNHFH2SXcWOdliY=&eos.clientinfo=zbase64:MDAwMDAwNmZ4nB3IQQ6EIAxG4avMBWxgMRuSHkbbnwyJCik0xtuPuHvvqw1nssGBvuFTatouLmee1eUH5RfH3cCb5wyDTmhWKivy6vuY/3AxyGDUvkiIJEcnk1WouamDoJ5iDPEPhPMm3Q==&mgm.blockchecksum=ignore&mgm.id=00180746&mgm.logid=723e0ddc-b0ce-11ee-b518-5c6f69a9c0f0&mgm.mtime=1670503862&mgm.replicahead=1&mgm.replicaindex=1&tried=.
%MSG
----- Begin Fatal Exception 11-Jan-2024 23:12:02 CET-----------------------
An exception of category 'FileOpenError' occurred while
   [0] Calling InputSource::readFile_
   [1] Calling RootFileSequenceBase::initTheFile()
   [2] Calling StorageFactory::open()
   [3] Calling XrdFile::open()
Exception Message:
Failed to open the file 'root://cmsxrootd.fnal.gov//store/mc/RunIISummer20UL16MiniAODv2/ST_t-channel_antitop_4f_InclusiveDecays_wtop1p15_TuneCP5_13TeV-powheg-madspin-pythia8/MINIAODSIM/106X_mcRun2_asymptotic_v17-v3/70000/67E99BCA-2898-9041-9896-F30102C73B62.root'
   Additional Info:
      [a] Input file root://cmsxrootd.fnal.gov//store/mc/RunIISummer20UL16MiniAODv2/ST_t-channel_antitop_4f_InclusiveDecays_wtop1p15_TuneCP5_13TeV-powheg-madspin-pythia8/MINIAODSIM/106X_mcRun2_asymptotic_v17-v3/70000/67E99BCA-2898-9041-9896-F30102C73B62.root could not be opened.
      [b] XrdCl::File::Open(name='root://cmsxrootd.fnal.gov//store/mc/RunIISummer20UL16MiniAODv2/ST_t-channel_antitop_4f_InclusiveDecays_wtop1p15_TuneCP5_13TeV-powheg-madspin-pythia8/MINIAODSIM/106X_mcRun2_asymptotic_v17-v3/70000/67E99BCA-2898-9041-9896-F30102C73B62.root', flags=0x10, permissions=0660) => error '[ERROR] Server responded with an error: [3000] Unable to open - cannot determine the prefix path to use for the given filesystem id /store/mc/RunIISummer20UL16MiniAODv2/ST_t-channel_antitop_4f_InclusiveDecays_wtop1p15_TuneCP5_13TeV-powheg-madspin-pythia8/MINIAODSIM/106X_mcRun2_asymptotic_v17-v3/70000/67E99BCA-2898-9041-9896-F30102C73B62.root; invalid argument
' (errno=3000, code=400). No additional data servers were found.
      [c] Last URL tried: root://eos-c01.cms.rcac.purdue.edu:1101//store/mc/RunIISummer20UL16MiniAODv2/ST_t-channel_antitop_4f_InclusiveDecays_wtop1p15_TuneCP5_13TeV-powheg-madspin-pythia8/MINIAODSIM/106X_mcRun2_asymptotic_v17-v3/70000/67E99BCA-2898-9041-9896-F30102C73B62.root?cap.msg=d9J3goYSFLAUInNxGNsU1Ur8UvaMAWcICOqppuMfSEMFeKsPR13YF75ampMwWejEWI8etKZol8+oA+H+obcH5TGaX0yfZ/NsHRxUtflYCTIMpJzw/i596JPUcq7bbf8aPm5NO9L9TpZFroj67dhtazGWXxxBJ4yL+N85ATJ7nYDExdQeZz7+2ms+vugGL64Z2m5VQA9H/aQmjmH9iD4G7zUj51557vBqnmD+UU3QL9MFZt8FS+s5dUMZ704y7zz2u+eZp9NglB998X59U3gMl4trzllDynsAoSa/8XCJelJZvt9OT2XCx1XnyH1UJjf4UXNsupvrNP2iI39ItouGcreEjrJ9GosmNTgij1fIjfg8u+lWtyVB0Y55dajCB04qWiaESy9IUELXAJi4LkUAR3ouiNq05xiSLMClG+UwtWk7vR21DC3VK00KaRBU3fz75Lmka8zO+FjIXa8wnM+VNNwkY+zoo1gZbQVXsMxvR/DAYoXXgpVzqVKTg+s5ySpbT8n8IzxzYSWbYgCx3XulhO41aL3oXSj33mUer61IdHdkF8fuOrExDJUSSImL2/E8944EO2xDSxxOs/1nI9t1CRySdviTVuHXuMJxIuTNq+/F3nJc3omRUdmwg/pjGLBwtDJqs/AJDEsfWewpiOm9LFT8OLSOGtkzHYD5F/uJnGvRWwlbMkMXQMlC70LEi1tpkW+aTyWhSUj0rLlRtyxgxnQ7MuLU8DFxoih2DAKhkzl6fr7rKQ8bRL3cvTLEkfoLM4jZdMXIfSy2JijGFh/ibXs8xqsEjkISazgfImDssQuu5qnBxxynVqlXkK6ekFeBsNw5rLRtyHcJn0b2xaPi5SorHOT4E7WZjS4rrTPDycxyshXkk6xQ8S/UYOUr3hLbgdsafzhRqi1zRcu+R4QuY9JxVMvRO30C80563FUSU04=&cap.sym=xU6mGpv9T0+hMNHFH2SXcWOdliY=&eos.clientinfo=zbase64:MDAwMDAwNmZ4nB3IQQ6EIAxG4avMBWxgMRuSHkbbnwyJCik0xtuPuHvvqw1nssGBvuFTatouLmee1eUH5RfH3cCb5wyDTmhWKivy6vuY/3AxyGDUvkiIJEcnk1WouamDoJ5iDPEPhPMm3Q==&mgm.blockchecksum=ignore&mgm.id=00180746&mgm.logid=723e0ddc-b0ce-11ee-b518-5c6f69a9c0f0&mgm.mtime=1670503862&mgm.replicahead=1&mgm.replicaindex=1&tried=
      [d] Problematic data server: eos-c01.cms.rcac.purdue.edu:1101
      [e] Disabled source: eos-c01.cms.rcac.purdue.edu:1101
----- End Fatal Exception -------------------------------------------------
     67.926793      0.447927      1.000000         10000
 

------------------------------------
GenXsecAnalyzer:
------------------------------------
-------------------------------------------------------------------------------------------------------------------------------------------------------------------------- 
Overall cross-section summary 
--------------------------------------------------------------------------------------------------------------------------------------------------------------------------
Process		xsec_before [pb]		passed	nposw	nnegw	tried	nposw	nnegw 	xsec_match [pb]			accepted [%]	 event_eff [%]
-------------------------------------------------------------------------------------------------------------------------------------------------------------------------- 
Total		6.793e+01 +/- 4.479e-01		539000	523472	15528	539000	523472	15528	6.793e+01 +/- 4.479e-01		100.0 +/- 0.0	100.0 +/- 0.0
--------------------------------------------------------------------------------------------------------------------------------------------------------------------------
Before matching: total cross section = 6.793e+01 +- 4.479e-01 pb
After matching: total cross section = 6.793e+01 +- 4.479e-01 pb
Matching efficiency = 1.0 +/- 0.0   [TO BE USED IN MCM]
Filter efficiency (taking into account weights)= (1.72838e+07) / (1.72838e+07) = 1.000e+00 +- 0.000e+00
Filter efficiency (event-level)= (270000) / (270000) = 1.000e+00 +- 0.000e+00    [TO BE USED IN MCM]

After filter: final cross section = 6.793e+01 +- 4.479e-01 pb
After filter: final fraction of events with negative weights = 2.880e-02 +- 1.589e-06
After filter: final equivalent lumi for 1M events (1/fb) = 1.307e+01 +- 8.218e-02

=============================================

MessageLogger Summary

 type     category        sev    module        subroutine        count    total
 ---- -------------------- -- ---------------- ----------------  -----    -----
    1 GenXSecAnalyzer      -w GenXSecAnalyzer:                      14       14
    2 XrdAdaptor           -w file_open                              5        5
    3 XrdAdaptorInternal   -w file_open                              2        2
    4 Fatal Exception      -s AfterFile                              1        1
    5 fileAction           -s file_close                             5        5
    6 fileAction           -s file_open                             11       11

 type    category    Examples: run/evt        run/evt          run/evt
 ---- -------------------- ---------------- ---------------- ----------------
    1 GenXSecAnalyzer      PostGlobalEndRun PostGlobalEndRun PostGlobalEndRun
    2 XrdAdaptor           pre-events       PostProcessEvent PostProcessEvent
    3 XrdAdaptorInternal   PostProcessEvent PostProcessEvent 
    4 Fatal Exception      PostProcessEvent                  
    5 fileAction           PostProcessEvent PostProcessEvent PostProcessEvent
    6 fileAction           pre-events       pre-events       PostProcessEvent

Severity    # Occurrences   Total Occurrences
--------    -------------   -----------------
Warning                21                  21
System                 17                  17

dropped waiting message count 0
