10-Jan-2024 22:16:35 CET  Initiating request to open file root://cmsxrootd.fnal.gov//store/mc/RunIISummer20UL16MiniAODv2/ST_TuneCP5_BNV_TBCMu_13TeV-madgraph-pythia8/MINIAODSIM/106X_mcRun2_asymptotic_v17-v2/80000/FDBFB43F-7DC6-6C48-BB8A-98313EE315AC.root
Unable to load sec.protocol plugin libXrdSecztn.so
10-Jan-2024 22:16:43 CET  Successfully opened file root://cmsxrootd.fnal.gov//store/mc/RunIISummer20UL16MiniAODv2/ST_TuneCP5_BNV_TBCMu_13TeV-madgraph-pythia8/MINIAODSIM/106X_mcRun2_asymptotic_v17-v2/80000/FDBFB43F-7DC6-6C48-BB8A-98313EE315AC.root
Unable to load sec.protocol plugin libXrdSecztn.so
Begin processing the 1st record. Run 1, Event 56004, LumiSection 57 on stream 0 at 10-Jan-2024 22:16:48.956 CET
10-Jan-2024 22:16:49 CET  Closed file root://cmsxrootd.fnal.gov//store/mc/RunIISummer20UL16MiniAODv2/ST_TuneCP5_BNV_TBCMu_13TeV-madgraph-pythia8/MINIAODSIM/106X_mcRun2_asymptotic_v17-v2/80000/FDBFB43F-7DC6-6C48-BB8A-98313EE315AC.root
10-Jan-2024 22:16:49 CET  Initiating request to open file root://cmsxrootd.fnal.gov//store/mc/RunIISummer20UL16MiniAODv2/ST_TuneCP5_BNV_TBCMu_13TeV-madgraph-pythia8/MINIAODSIM/106X_mcRun2_asymptotic_v17-v2/80000/7FD18F24-415B-E44F-98DC-AFAF87CB48CB.root
%MSG-w XrdAdaptor:  file_open 10-Jan-2024 22:16:53 CET PostProcessEvent
Data is served from T2_US_Nebraska instead of original site US-Regional-Nebraska
%MSG
10-Jan-2024 22:16:54 CET  Successfully opened file root://cmsxrootd.fnal.gov//store/mc/RunIISummer20UL16MiniAODv2/ST_TuneCP5_BNV_TBCMu_13TeV-madgraph-pythia8/MINIAODSIM/106X_mcRun2_asymptotic_v17-v2/80000/7FD18F24-415B-E44F-98DC-AFAF87CB48CB.root
10-Jan-2024 22:17:00 CET  Closed file root://cmsxrootd.fnal.gov//store/mc/RunIISummer20UL16MiniAODv2/ST_TuneCP5_BNV_TBCMu_13TeV-madgraph-pythia8/MINIAODSIM/106X_mcRun2_asymptotic_v17-v2/80000/7FD18F24-415B-E44F-98DC-AFAF87CB48CB.root
10-Jan-2024 22:17:00 CET  Initiating request to open file root://cmsxrootd.fnal.gov//store/mc/RunIISummer20UL16MiniAODv2/ST_TuneCP5_BNV_TBCMu_13TeV-madgraph-pythia8/MINIAODSIM/106X_mcRun2_asymptotic_v17-v2/80000/9298B849-A3DE-0D42-9CD7-F5F3C7A71793.root
%MSG-w XrdAdaptor:  file_open 10-Jan-2024 22:17:04 CET PostProcessEvent
Data is served from T2_US_Wisconsin instead of original site US-Regional-Nebraska
%MSG
10-Jan-2024 22:17:05 CET  Successfully opened file root://cmsxrootd.fnal.gov//store/mc/RunIISummer20UL16MiniAODv2/ST_TuneCP5_BNV_TBCMu_13TeV-madgraph-pythia8/MINIAODSIM/106X_mcRun2_asymptotic_v17-v2/80000/9298B849-A3DE-0D42-9CD7-F5F3C7A71793.root
10-Jan-2024 22:17:11 CET  Closed file root://cmsxrootd.fnal.gov//store/mc/RunIISummer20UL16MiniAODv2/ST_TuneCP5_BNV_TBCMu_13TeV-madgraph-pythia8/MINIAODSIM/106X_mcRun2_asymptotic_v17-v2/80000/9298B849-A3DE-0D42-9CD7-F5F3C7A71793.root
10-Jan-2024 22:17:11 CET  Initiating request to open file root://cmsxrootd.fnal.gov//store/mc/RunIISummer20UL16MiniAODv2/ST_TuneCP5_BNV_TBCMu_13TeV-madgraph-pythia8/MINIAODSIM/106X_mcRun2_asymptotic_v17-v2/80000/4FB2C6E2-C1B4-2640-8E36-69C746369223.root
%MSG-w XrdAdaptor:  file_open 10-Jan-2024 22:17:16 CET PostProcessEvent
Data is served from T2_US_Caltech instead of original site US-Regional-Nebraska
%MSG
10-Jan-2024 22:17:18 CET  Successfully opened file root://cmsxrootd.fnal.gov//store/mc/RunIISummer20UL16MiniAODv2/ST_TuneCP5_BNV_TBCMu_13TeV-madgraph-pythia8/MINIAODSIM/106X_mcRun2_asymptotic_v17-v2/80000/4FB2C6E2-C1B4-2640-8E36-69C746369223.root
10-Jan-2024 22:17:24 CET  Closed file root://cmsxrootd.fnal.gov//store/mc/RunIISummer20UL16MiniAODv2/ST_TuneCP5_BNV_TBCMu_13TeV-madgraph-pythia8/MINIAODSIM/106X_mcRun2_asymptotic_v17-v2/80000/4FB2C6E2-C1B4-2640-8E36-69C746369223.root
10-Jan-2024 22:17:24 CET  Initiating request to open file root://cmsxrootd.fnal.gov//store/mc/RunIISummer20UL16MiniAODv2/ST_TuneCP5_BNV_TBCMu_13TeV-madgraph-pythia8/MINIAODSIM/106X_mcRun2_asymptotic_v17-v2/80000/149FF257-8C57-5E45-BDF3-09F728352D4F.root
%MSG-w XrdAdaptor:  file_open 10-Jan-2024 22:17:27 CET PostProcessEvent
Data is served from T2_US_Nebraska instead of original site US-Regional-Nebraska
%MSG
10-Jan-2024 22:17:28 CET  Successfully opened file root://cmsxrootd.fnal.gov//store/mc/RunIISummer20UL16MiniAODv2/ST_TuneCP5_BNV_TBCMu_13TeV-madgraph-pythia8/MINIAODSIM/106X_mcRun2_asymptotic_v17-v2/80000/149FF257-8C57-5E45-BDF3-09F728352D4F.root
10-Jan-2024 22:17:33 CET  Closed file root://cmsxrootd.fnal.gov//store/mc/RunIISummer20UL16MiniAODv2/ST_TuneCP5_BNV_TBCMu_13TeV-madgraph-pythia8/MINIAODSIM/106X_mcRun2_asymptotic_v17-v2/80000/149FF257-8C57-5E45-BDF3-09F728352D4F.root
10-Jan-2024 22:17:33 CET  Initiating request to open file root://cmsxrootd.fnal.gov//store/mc/RunIISummer20UL16MiniAODv2/ST_TuneCP5_BNV_TBCMu_13TeV-madgraph-pythia8/MINIAODSIM/106X_mcRun2_asymptotic_v17-v2/80000/D8F5401C-9AE8-7D41-8EDB-163A29977032.root
%MSG-w XrdAdaptor:  file_open 10-Jan-2024 22:17:42 CET PostProcessEvent
Data is served from cms.rcac.purdue.edu instead of original site US-Regional-Nebraska
%MSG
10-Jan-2024 22:17:42 CET  Successfully opened file root://cmsxrootd.fnal.gov//store/mc/RunIISummer20UL16MiniAODv2/ST_TuneCP5_BNV_TBCMu_13TeV-madgraph-pythia8/MINIAODSIM/106X_mcRun2_asymptotic_v17-v2/80000/D8F5401C-9AE8-7D41-8EDB-163A29977032.root
10-Jan-2024 22:17:50 CET  Closed file root://cmsxrootd.fnal.gov//store/mc/RunIISummer20UL16MiniAODv2/ST_TuneCP5_BNV_TBCMu_13TeV-madgraph-pythia8/MINIAODSIM/106X_mcRun2_asymptotic_v17-v2/80000/D8F5401C-9AE8-7D41-8EDB-163A29977032.root
10-Jan-2024 22:17:50 CET  Initiating request to open file root://cmsxrootd.fnal.gov//store/mc/RunIISummer20UL16MiniAODv2/ST_TuneCP5_BNV_TBCMu_13TeV-madgraph-pythia8/MINIAODSIM/106X_mcRun2_asymptotic_v17-v2/80000/645AF9D6-6D9F-9F4E-957D-18D1F7B067D3.root
%MSG-w XrdAdaptor:  file_open 10-Jan-2024 22:17:52 CET PostProcessEvent
Data is served from fnal.gov instead of original site US-Regional-Nebraska
%MSG
10-Jan-2024 22:17:53 CET  Successfully opened file root://cmsxrootd.fnal.gov//store/mc/RunIISummer20UL16MiniAODv2/ST_TuneCP5_BNV_TBCMu_13TeV-madgraph-pythia8/MINIAODSIM/106X_mcRun2_asymptotic_v17-v2/80000/645AF9D6-6D9F-9F4E-957D-18D1F7B067D3.root
Unable to load sec.protocol plugin libXrdSecztn.so
10-Jan-2024 22:17:59 CET  Closed file root://cmsxrootd.fnal.gov//store/mc/RunIISummer20UL16MiniAODv2/ST_TuneCP5_BNV_TBCMu_13TeV-madgraph-pythia8/MINIAODSIM/106X_mcRun2_asymptotic_v17-v2/80000/645AF9D6-6D9F-9F4E-957D-18D1F7B067D3.root
10-Jan-2024 22:17:59 CET  Initiating request to open file root://cmsxrootd.fnal.gov//store/mc/RunIISummer20UL16MiniAODv2/ST_TuneCP5_BNV_TBCMu_13TeV-madgraph-pythia8/MINIAODSIM/106X_mcRun2_asymptotic_v17-v2/80000/8DAA0031-8CF3-744C-A068-3F9D6579401B.root
%MSG-w XrdAdaptor:  file_open 10-Jan-2024 22:18:02 CET PostProcessEvent
Data is served from T2_US_Nebraska instead of original site US-Regional-Nebraska
%MSG
10-Jan-2024 22:18:03 CET  Successfully opened file root://cmsxrootd.fnal.gov//store/mc/RunIISummer20UL16MiniAODv2/ST_TuneCP5_BNV_TBCMu_13TeV-madgraph-pythia8/MINIAODSIM/106X_mcRun2_asymptotic_v17-v2/80000/8DAA0031-8CF3-744C-A068-3F9D6579401B.root
10-Jan-2024 22:18:08 CET  Closed file root://cmsxrootd.fnal.gov//store/mc/RunIISummer20UL16MiniAODv2/ST_TuneCP5_BNV_TBCMu_13TeV-madgraph-pythia8/MINIAODSIM/106X_mcRun2_asymptotic_v17-v2/80000/8DAA0031-8CF3-744C-A068-3F9D6579401B.root
10-Jan-2024 22:18:08 CET  Initiating request to open file root://cmsxrootd.fnal.gov//store/mc/RunIISummer20UL16MiniAODv2/ST_TuneCP5_BNV_TBCMu_13TeV-madgraph-pythia8/MINIAODSIM/106X_mcRun2_asymptotic_v17-v2/80000/085AA72C-3DB9-3749-99C0-E6477E30C599.root
%MSG-w XrdAdaptor:  file_open 10-Jan-2024 22:18:12 CET PostProcessEvent
Data is served from T2_US_Florida instead of original site US-Regional-Nebraska
%MSG
10-Jan-2024 22:18:13 CET  Successfully opened file root://cmsxrootd.fnal.gov//store/mc/RunIISummer20UL16MiniAODv2/ST_TuneCP5_BNV_TBCMu_13TeV-madgraph-pythia8/MINIAODSIM/106X_mcRun2_asymptotic_v17-v2/80000/085AA72C-3DB9-3749-99C0-E6477E30C599.root
Begin processing the 100001st record. Run 1, Event 40006, LumiSection 41 on stream 0 at 10-Jan-2024 22:18:18.658 CET
10-Jan-2024 22:18:19 CET  Closed file root://cmsxrootd.fnal.gov//store/mc/RunIISummer20UL16MiniAODv2/ST_TuneCP5_BNV_TBCMu_13TeV-madgraph-pythia8/MINIAODSIM/106X_mcRun2_asymptotic_v17-v2/80000/085AA72C-3DB9-3749-99C0-E6477E30C599.root
10-Jan-2024 22:18:19 CET  Initiating request to open file root://cmsxrootd.fnal.gov//store/mc/RunIISummer20UL16MiniAODv2/ST_TuneCP5_BNV_TBCMu_13TeV-madgraph-pythia8/MINIAODSIM/106X_mcRun2_asymptotic_v17-v2/80000/D94523C3-02F7-1148-852D-C3BEF7573EA5.root
Unable to load sec.protocol plugin libXrdSecztn.so
%MSG-w XrdAdaptor:  file_open 10-Jan-2024 22:18:23 CET PostProcessEvent
Data is served from T2_US_UCSD-ceph instead of original site US-Regional-Nebraska
%MSG
10-Jan-2024 22:18:24 CET  Successfully opened file root://cmsxrootd.fnal.gov//store/mc/RunIISummer20UL16MiniAODv2/ST_TuneCP5_BNV_TBCMu_13TeV-madgraph-pythia8/MINIAODSIM/106X_mcRun2_asymptotic_v17-v2/80000/D94523C3-02F7-1148-852D-C3BEF7573EA5.root
Unable to load sec.protocol plugin libXrdSecztn.so
10-Jan-2024 22:18:41 CET  Closed file root://cmsxrootd.fnal.gov//store/mc/RunIISummer20UL16MiniAODv2/ST_TuneCP5_BNV_TBCMu_13TeV-madgraph-pythia8/MINIAODSIM/106X_mcRun2_asymptotic_v17-v2/80000/D94523C3-02F7-1148-852D-C3BEF7573EA5.root
10-Jan-2024 22:18:41 CET  Initiating request to open file root://cmsxrootd.fnal.gov//store/mc/RunIISummer20UL16MiniAODv2/ST_TuneCP5_BNV_TBCMu_13TeV-madgraph-pythia8/MINIAODSIM/106X_mcRun2_asymptotic_v17-v2/80000/463CAB16-D5FE-4A4F-B979-2FA523B1B142.root
%MSG-w XrdAdaptor:  file_open 10-Jan-2024 22:18:46 CET PostProcessEvent
Data is served from T2_US_Wisconsin instead of original site US-Regional-Nebraska
%MSG
10-Jan-2024 22:18:46 CET  Successfully opened file root://cmsxrootd.fnal.gov//store/mc/RunIISummer20UL16MiniAODv2/ST_TuneCP5_BNV_TBCMu_13TeV-madgraph-pythia8/MINIAODSIM/106X_mcRun2_asymptotic_v17-v2/80000/463CAB16-D5FE-4A4F-B979-2FA523B1B142.root
10-Jan-2024 22:18:53 CET  Closed file root://cmsxrootd.fnal.gov//store/mc/RunIISummer20UL16MiniAODv2/ST_TuneCP5_BNV_TBCMu_13TeV-madgraph-pythia8/MINIAODSIM/106X_mcRun2_asymptotic_v17-v2/80000/463CAB16-D5FE-4A4F-B979-2FA523B1B142.root
10-Jan-2024 22:18:53 CET  Initiating request to open file root://cmsxrootd.fnal.gov//store/mc/RunIISummer20UL16MiniAODv2/ST_TuneCP5_BNV_TBCMu_13TeV-madgraph-pythia8/MINIAODSIM/106X_mcRun2_asymptotic_v17-v2/80000/D8A111F4-C88D-F44C-80A5-8BDBBE9E70AE.root
%MSG-w XrdAdaptor:  file_open 10-Jan-2024 22:18:56 CET PostProcessEvent
Data is served from T2_US_Vanderbilt instead of original site US-Regional-Nebraska
%MSG
10-Jan-2024 22:18:57 CET  Successfully opened file root://cmsxrootd.fnal.gov//store/mc/RunIISummer20UL16MiniAODv2/ST_TuneCP5_BNV_TBCMu_13TeV-madgraph-pythia8/MINIAODSIM/106X_mcRun2_asymptotic_v17-v2/80000/D8A111F4-C88D-F44C-80A5-8BDBBE9E70AE.root
10-Jan-2024 22:19:02 CET  Closed file root://cmsxrootd.fnal.gov//store/mc/RunIISummer20UL16MiniAODv2/ST_TuneCP5_BNV_TBCMu_13TeV-madgraph-pythia8/MINIAODSIM/106X_mcRun2_asymptotic_v17-v2/80000/D8A111F4-C88D-F44C-80A5-8BDBBE9E70AE.root
10-Jan-2024 22:19:02 CET  Initiating request to open file root://cmsxrootd.fnal.gov//store/mc/RunIISummer20UL16MiniAODv2/ST_TuneCP5_BNV_TBCMu_13TeV-madgraph-pythia8/MINIAODSIM/106X_mcRun2_asymptotic_v17-v2/80000/E13025F8-84AC-E045-B487-559DEB9BB578.root
%MSG-w XrdAdaptor:  file_open 10-Jan-2024 22:19:05 CET PostProcessEvent
Data is served from T2_US_Caltech instead of original site US-Regional-Nebraska
%MSG
10-Jan-2024 22:19:06 CET  Successfully opened file root://cmsxrootd.fnal.gov//store/mc/RunIISummer20UL16MiniAODv2/ST_TuneCP5_BNV_TBCMu_13TeV-madgraph-pythia8/MINIAODSIM/106X_mcRun2_asymptotic_v17-v2/80000/E13025F8-84AC-E045-B487-559DEB9BB578.root
10-Jan-2024 22:19:11 CET  Closed file root://cmsxrootd.fnal.gov//store/mc/RunIISummer20UL16MiniAODv2/ST_TuneCP5_BNV_TBCMu_13TeV-madgraph-pythia8/MINIAODSIM/106X_mcRun2_asymptotic_v17-v2/80000/E13025F8-84AC-E045-B487-559DEB9BB578.root
10-Jan-2024 22:19:11 CET  Initiating request to open file root://cmsxrootd.fnal.gov//store/mc/RunIISummer20UL16MiniAODv2/ST_TuneCP5_BNV_TBCMu_13TeV-madgraph-pythia8/MINIAODSIM/106X_mcRun2_asymptotic_v17-v2/80000/FB13ABC6-0268-BC49-9CFE-A367E3E3C6D6.root
%MSG-w XrdAdaptor:  file_open 10-Jan-2024 22:19:13 CET PostProcessEvent
Data is served from T2_US_Caltech instead of original site US-Regional-Nebraska
%MSG
10-Jan-2024 22:19:14 CET  Successfully opened file root://cmsxrootd.fnal.gov//store/mc/RunIISummer20UL16MiniAODv2/ST_TuneCP5_BNV_TBCMu_13TeV-madgraph-pythia8/MINIAODSIM/106X_mcRun2_asymptotic_v17-v2/80000/FB13ABC6-0268-BC49-9CFE-A367E3E3C6D6.root
10-Jan-2024 22:19:20 CET  Closed file root://cmsxrootd.fnal.gov//store/mc/RunIISummer20UL16MiniAODv2/ST_TuneCP5_BNV_TBCMu_13TeV-madgraph-pythia8/MINIAODSIM/106X_mcRun2_asymptotic_v17-v2/80000/FB13ABC6-0268-BC49-9CFE-A367E3E3C6D6.root
10-Jan-2024 22:19:20 CET  Initiating request to open file root://cmsxrootd.fnal.gov//store/mc/RunIISummer20UL16MiniAODv2/ST_TuneCP5_BNV_TBCMu_13TeV-madgraph-pythia8/MINIAODSIM/106X_mcRun2_asymptotic_v17-v2/80000/F165B93C-1C22-354C-9295-3066F49CCD70.root
%MSG-w XrdAdaptor:  file_open 10-Jan-2024 22:19:24 CET PostProcessEvent
Data is served from T2_US_Florida instead of original site US-Regional-Nebraska
%MSG
10-Jan-2024 22:19:24 CET  Successfully opened file root://cmsxrootd.fnal.gov//store/mc/RunIISummer20UL16MiniAODv2/ST_TuneCP5_BNV_TBCMu_13TeV-madgraph-pythia8/MINIAODSIM/106X_mcRun2_asymptotic_v17-v2/80000/F165B93C-1C22-354C-9295-3066F49CCD70.root
10-Jan-2024 22:19:31 CET  Closed file root://cmsxrootd.fnal.gov//store/mc/RunIISummer20UL16MiniAODv2/ST_TuneCP5_BNV_TBCMu_13TeV-madgraph-pythia8/MINIAODSIM/106X_mcRun2_asymptotic_v17-v2/80000/F165B93C-1C22-354C-9295-3066F49CCD70.root
10-Jan-2024 22:19:31 CET  Initiating request to open file root://cmsxrootd.fnal.gov//store/mc/RunIISummer20UL16MiniAODv2/ST_TuneCP5_BNV_TBCMu_13TeV-madgraph-pythia8/MINIAODSIM/106X_mcRun2_asymptotic_v17-v2/80000/2374A5A6-A681-2B43-A9F6-9B12275DEBBB.root
%MSG-w XrdAdaptor:  file_open 10-Jan-2024 22:19:34 CET PostProcessEvent
Data is served from T2_US_Florida instead of original site US-Regional-Nebraska
%MSG
10-Jan-2024 22:19:35 CET  Successfully opened file root://cmsxrootd.fnal.gov//store/mc/RunIISummer20UL16MiniAODv2/ST_TuneCP5_BNV_TBCMu_13TeV-madgraph-pythia8/MINIAODSIM/106X_mcRun2_asymptotic_v17-v2/80000/2374A5A6-A681-2B43-A9F6-9B12275DEBBB.root
10-Jan-2024 22:19:39 CET  Closed file root://cmsxrootd.fnal.gov//store/mc/RunIISummer20UL16MiniAODv2/ST_TuneCP5_BNV_TBCMu_13TeV-madgraph-pythia8/MINIAODSIM/106X_mcRun2_asymptotic_v17-v2/80000/2374A5A6-A681-2B43-A9F6-9B12275DEBBB.root
10-Jan-2024 22:19:39 CET  Initiating request to open file root://cmsxrootd.fnal.gov//store/mc/RunIISummer20UL16MiniAODv2/ST_TuneCP5_BNV_TBCMu_13TeV-madgraph-pythia8/MINIAODSIM/106X_mcRun2_asymptotic_v17-v2/80000/0A6A53BC-DB57-394B-810D-42E5ACFD70FE.root
%MSG-w XrdAdaptor:  file_open 10-Jan-2024 22:19:43 CET PostProcessEvent
Data is served from T2_US_MIT instead of original site US-Regional-Nebraska
%MSG
10-Jan-2024 22:19:44 CET  Successfully opened file root://cmsxrootd.fnal.gov//store/mc/RunIISummer20UL16MiniAODv2/ST_TuneCP5_BNV_TBCMu_13TeV-madgraph-pythia8/MINIAODSIM/106X_mcRun2_asymptotic_v17-v2/80000/0A6A53BC-DB57-394B-810D-42E5ACFD70FE.root
10-Jan-2024 22:20:13 CET  Closed file root://cmsxrootd.fnal.gov//store/mc/RunIISummer20UL16MiniAODv2/ST_TuneCP5_BNV_TBCMu_13TeV-madgraph-pythia8/MINIAODSIM/106X_mcRun2_asymptotic_v17-v2/80000/0A6A53BC-DB57-394B-810D-42E5ACFD70FE.root
10-Jan-2024 22:20:13 CET  Initiating request to open file root://cmsxrootd.fnal.gov//store/mc/RunIISummer20UL16MiniAODv2/ST_TuneCP5_BNV_TBCMu_13TeV-madgraph-pythia8/MINIAODSIM/106X_mcRun2_asymptotic_v17-v2/80000/284B47E0-414F-D54F-8F92-5F8D90860161.root
%MSG-w XrdAdaptor:  file_open 10-Jan-2024 22:20:16 CET PostProcessEvent
Data is served from T2_US_Florida instead of original site US-Regional-Nebraska
%MSG
10-Jan-2024 22:20:16 CET  Successfully opened file root://cmsxrootd.fnal.gov//store/mc/RunIISummer20UL16MiniAODv2/ST_TuneCP5_BNV_TBCMu_13TeV-madgraph-pythia8/MINIAODSIM/106X_mcRun2_asymptotic_v17-v2/80000/284B47E0-414F-D54F-8F92-5F8D90860161.root
10-Jan-2024 22:20:21 CET  Closed file root://cmsxrootd.fnal.gov//store/mc/RunIISummer20UL16MiniAODv2/ST_TuneCP5_BNV_TBCMu_13TeV-madgraph-pythia8/MINIAODSIM/106X_mcRun2_asymptotic_v17-v2/80000/284B47E0-414F-D54F-8F92-5F8D90860161.root
10-Jan-2024 22:20:21 CET  Initiating request to open file root://cmsxrootd.fnal.gov//store/mc/RunIISummer20UL16MiniAODv2/ST_TuneCP5_BNV_TBCMu_13TeV-madgraph-pythia8/MINIAODSIM/106X_mcRun2_asymptotic_v17-v2/80000/4206716C-DF76-C549-920C-BA8DF652F82F.root
%MSG-w XrdAdaptor:  file_open 10-Jan-2024 22:20:23 CET PostProcessEvent
Data is served from fnal.gov instead of original site US-Regional-Nebraska
%MSG
10-Jan-2024 22:20:24 CET  Successfully opened file root://cmsxrootd.fnal.gov//store/mc/RunIISummer20UL16MiniAODv2/ST_TuneCP5_BNV_TBCMu_13TeV-madgraph-pythia8/MINIAODSIM/106X_mcRun2_asymptotic_v17-v2/80000/4206716C-DF76-C549-920C-BA8DF652F82F.root
Begin processing the 200001st record. Run 1, Event 118003, LumiSection 119 on stream 0 at 10-Jan-2024 22:20:50.703 CET
10-Jan-2024 22:20:51 CET  Closed file root://cmsxrootd.fnal.gov//store/mc/RunIISummer20UL16MiniAODv2/ST_TuneCP5_BNV_TBCMu_13TeV-madgraph-pythia8/MINIAODSIM/106X_mcRun2_asymptotic_v17-v2/80000/4206716C-DF76-C549-920C-BA8DF652F82F.root
10-Jan-2024 22:20:51 CET  Initiating request to open file root://cmsxrootd.fnal.gov//store/mc/RunIISummer20UL16MiniAODv2/ST_TuneCP5_BNV_TBCMu_13TeV-madgraph-pythia8/MINIAODSIM/106X_mcRun2_asymptotic_v17-v2/80000/28EC167D-4C21-F747-B2A2-B71F9A28CE8C.root
%MSG-w XrdAdaptor:  file_open 10-Jan-2024 22:20:53 CET PostProcessEvent
Data is served from T2_US_Florida instead of original site US-Regional-Nebraska
%MSG
10-Jan-2024 22:20:54 CET  Successfully opened file root://cmsxrootd.fnal.gov//store/mc/RunIISummer20UL16MiniAODv2/ST_TuneCP5_BNV_TBCMu_13TeV-madgraph-pythia8/MINIAODSIM/106X_mcRun2_asymptotic_v17-v2/80000/28EC167D-4C21-F747-B2A2-B71F9A28CE8C.root
10-Jan-2024 22:20:58 CET  Closed file root://cmsxrootd.fnal.gov//store/mc/RunIISummer20UL16MiniAODv2/ST_TuneCP5_BNV_TBCMu_13TeV-madgraph-pythia8/MINIAODSIM/106X_mcRun2_asymptotic_v17-v2/80000/28EC167D-4C21-F747-B2A2-B71F9A28CE8C.root
10-Jan-2024 22:20:58 CET  Initiating request to open file root://cmsxrootd.fnal.gov//store/mc/RunIISummer20UL16MiniAODv2/ST_TuneCP5_BNV_TBCMu_13TeV-madgraph-pythia8/MINIAODSIM/106X_mcRun2_asymptotic_v17-v2/80000/AD4F266D-DC8B-5848-9DE9-10BFB3490417.root
%MSG-w XrdAdaptor:  file_open 10-Jan-2024 22:21:00 CET PostProcessEvent
Data is served from T2_US_Caltech instead of original site US-Regional-Nebraska
%MSG
10-Jan-2024 22:21:01 CET  Successfully opened file root://cmsxrootd.fnal.gov//store/mc/RunIISummer20UL16MiniAODv2/ST_TuneCP5_BNV_TBCMu_13TeV-madgraph-pythia8/MINIAODSIM/106X_mcRun2_asymptotic_v17-v2/80000/AD4F266D-DC8B-5848-9DE9-10BFB3490417.root
10-Jan-2024 22:21:08 CET  Closed file root://cmsxrootd.fnal.gov//store/mc/RunIISummer20UL16MiniAODv2/ST_TuneCP5_BNV_TBCMu_13TeV-madgraph-pythia8/MINIAODSIM/106X_mcRun2_asymptotic_v17-v2/80000/AD4F266D-DC8B-5848-9DE9-10BFB3490417.root
10-Jan-2024 22:21:08 CET  Initiating request to open file root://cmsxrootd.fnal.gov//store/mc/RunIISummer20UL16MiniAODv2/ST_TuneCP5_BNV_TBCMu_13TeV-madgraph-pythia8/MINIAODSIM/106X_mcRun2_asymptotic_v17-v2/80000/1C1ED209-F2A1-7C43-9444-7CA34FD143AC.root
%MSG-w XrdAdaptor:  file_open 10-Jan-2024 22:21:11 CET PostProcessEvent
Data is served from T2_US_Nebraska instead of original site US-Regional-Nebraska
%MSG
10-Jan-2024 22:21:11 CET  Successfully opened file root://cmsxrootd.fnal.gov//store/mc/RunIISummer20UL16MiniAODv2/ST_TuneCP5_BNV_TBCMu_13TeV-madgraph-pythia8/MINIAODSIM/106X_mcRun2_asymptotic_v17-v2/80000/1C1ED209-F2A1-7C43-9444-7CA34FD143AC.root
10-Jan-2024 22:21:16 CET  Closed file root://cmsxrootd.fnal.gov//store/mc/RunIISummer20UL16MiniAODv2/ST_TuneCP5_BNV_TBCMu_13TeV-madgraph-pythia8/MINIAODSIM/106X_mcRun2_asymptotic_v17-v2/80000/1C1ED209-F2A1-7C43-9444-7CA34FD143AC.root
10-Jan-2024 22:21:16 CET  Initiating request to open file root://cmsxrootd.fnal.gov//store/mc/RunIISummer20UL16MiniAODv2/ST_TuneCP5_BNV_TBCMu_13TeV-madgraph-pythia8/MINIAODSIM/106X_mcRun2_asymptotic_v17-v2/80000/5D6D3AF9-BD0B-784E-B182-22E1DD80554F.root
%MSG-w XrdAdaptor:  file_open 10-Jan-2024 22:22:04 CET PostProcessEvent
Data is served from T2_US_Caltech instead of original site US-Regional-Nebraska
%MSG
10-Jan-2024 22:22:05 CET  Successfully opened file root://cmsxrootd.fnal.gov//store/mc/RunIISummer20UL16MiniAODv2/ST_TuneCP5_BNV_TBCMu_13TeV-madgraph-pythia8/MINIAODSIM/106X_mcRun2_asymptotic_v17-v2/80000/5D6D3AF9-BD0B-784E-B182-22E1DD80554F.root
      0.123309      0.001300      0.000490             1
      0.121700      0.001326      0.000490             2
 
10-Jan-2024 22:22:10 CET  Closed file root://cmsxrootd.fnal.gov//store/mc/RunIISummer20UL16MiniAODv2/ST_TuneCP5_BNV_TBCMu_13TeV-madgraph-pythia8/MINIAODSIM/106X_mcRun2_asymptotic_v17-v2/80000/5D6D3AF9-BD0B-784E-B182-22E1DD80554F.root

------------------------------------
GenXsecAnalyzer:
------------------------------------
-------------------------------------------------------------------------------------------------------------------------------------------------------------------------- 
Overall cross-section summary 
--------------------------------------------------------------------------------------------------------------------------------------------------------------------------
Process		xsec_before [pb]		passed	nposw	nnegw	tried	nposw	nnegw 	xsec_match [pb]			accepted [%]	 event_eff [%]
0		1.220e-01 +/- 6.127e-05		114322	114322	0	114322	114322	0	1.220e-01 +/- 6.127e-05		100.0 +/- 0.0	100.0 +/- 0.0
1		1.233e-01 +/- 6.675e-05		115678	115678	0	115678	115678	0	1.233e-01 +/- 6.675e-05		100.0 +/- 0.0	100.0 +/- 0.0
-------------------------------------------------------------------------------------------------------------------------------------------------------------------------- 
Total		2.453e-01 +/- 9.061e-05		230000	230000	0	230000	230000	0	2.453e-01 +/- 9.061e-05		100.0 +/- 0.0	100.0 +/- 0.0
--------------------------------------------------------------------------------------------------------------------------------------------------------------------------
Before matching: total cross section = 2.453e-01 +- 9.061e-05 pb
After matching: total cross section = 2.453e-01 +- 9.061e-05 pb
Matching efficiency = 1.0 +/- 0.0   [TO BE USED IN MCM]
Filter efficiency (taking into account weights)= (230000) / (230000) = 1.000e+00 +- 0.000e+00
Filter efficiency (event-level)= (230000) / (230000) = 1.000e+00 +- 0.000e+00    [TO BE USED IN MCM]

After filter: final cross section = 2.453e-01 +- 9.061e-05 pb
After filter: final fraction of events with negative weights = 0.000e+00 +- 0.000e+00
After filter: final equivalent lumi for 1M events (1/fb) = 4.076e+03 +- 4.346e+00

=============================================

MessageLogger Summary

 type     category        sev    module        subroutine        count    total
 ---- -------------------- -- ---------------- ----------------  -----    -----
    1 GenXSecAnalyzer      -w GenXSecAnalyzer:                      16       16
    2 XrdAdaptor           -w file_open                             22       22
    3 fileAction           -s file_close                            23       23
    4 fileAction           -s file_open                             46       46

 type    category    Examples: run/evt        run/evt          run/evt
 ---- -------------------- ---------------- ---------------- ----------------
    1 GenXSecAnalyzer      PostGlobalEndRun PostGlobalEndRun PostGlobalEndRun
    2 XrdAdaptor           PostProcessEvent PostProcessEvent PostProcessEvent
    3 fileAction           PostProcessEvent PostProcessEvent PostGlobalEndRun
    4 fileAction           pre-events       pre-events       PostProcessEvent

Severity    # Occurrences   Total Occurrences
--------    -------------   -----------------
Warning                38                  38
System                 69                  69

dropped waiting message count 0
