10-Jan-2024 22:48:23 CET  Initiating request to open file root://cmsxrootd.fnal.gov//store/mc/RunIISummer20UL16MiniAODv2/ST_TuneCP5_BNV_TSCE_13TeV-madgraph-pythia8/MINIAODSIM/106X_mcRun2_asymptotic_v17-v2/80000/31883189-F8BE-6849-B96D-CDEB8D484B9F.root
%MSG-w XrdAdaptor:  file_open 10-Jan-2024 22:48:28 CET pre-events
Data is served from T2_US_Wisconsin instead of original site US-Regional-Nebraska
%MSG
10-Jan-2024 22:48:31 CET  Successfully opened file root://cmsxrootd.fnal.gov//store/mc/RunIISummer20UL16MiniAODv2/ST_TuneCP5_BNV_TSCE_13TeV-madgraph-pythia8/MINIAODSIM/106X_mcRun2_asymptotic_v17-v2/80000/31883189-F8BE-6849-B96D-CDEB8D484B9F.root
Begin processing the 1st record. Run 1, Event 104007, LumiSection 105 on stream 0 at 10-Jan-2024 22:48:37.387 CET
10-Jan-2024 22:48:37 CET  Closed file root://cmsxrootd.fnal.gov//store/mc/RunIISummer20UL16MiniAODv2/ST_TuneCP5_BNV_TSCE_13TeV-madgraph-pythia8/MINIAODSIM/106X_mcRun2_asymptotic_v17-v2/80000/31883189-F8BE-6849-B96D-CDEB8D484B9F.root
10-Jan-2024 22:48:37 CET  Initiating request to open file root://cmsxrootd.fnal.gov//store/mc/RunIISummer20UL16MiniAODv2/ST_TuneCP5_BNV_TSCE_13TeV-madgraph-pythia8/MINIAODSIM/106X_mcRun2_asymptotic_v17-v2/80000/CEA91C75-F736-0948-BEBA-6CA1D3005534.root
%MSG-w XrdAdaptor:  file_open 10-Jan-2024 22:48:40 CET PostProcessEvent
Data is served from T2_US_Wisconsin instead of original site US-Regional-Nebraska
%MSG
10-Jan-2024 22:48:41 CET  Successfully opened file root://cmsxrootd.fnal.gov//store/mc/RunIISummer20UL16MiniAODv2/ST_TuneCP5_BNV_TSCE_13TeV-madgraph-pythia8/MINIAODSIM/106X_mcRun2_asymptotic_v17-v2/80000/CEA91C75-F736-0948-BEBA-6CA1D3005534.root
10-Jan-2024 22:48:47 CET  Closed file root://cmsxrootd.fnal.gov//store/mc/RunIISummer20UL16MiniAODv2/ST_TuneCP5_BNV_TSCE_13TeV-madgraph-pythia8/MINIAODSIM/106X_mcRun2_asymptotic_v17-v2/80000/CEA91C75-F736-0948-BEBA-6CA1D3005534.root
10-Jan-2024 22:48:47 CET  Initiating request to open file root://cmsxrootd.fnal.gov//store/mc/RunIISummer20UL16MiniAODv2/ST_TuneCP5_BNV_TSCE_13TeV-madgraph-pythia8/MINIAODSIM/106X_mcRun2_asymptotic_v17-v2/80000/9401D3E7-D4CD-8B41-A6C1-0984949F854A.root
%MSG-w XrdAdaptor:  file_open 10-Jan-2024 22:48:50 CET PostProcessEvent
Data is served from T2_US_Wisconsin instead of original site US-Regional-Nebraska
%MSG
10-Jan-2024 22:48:50 CET  Successfully opened file root://cmsxrootd.fnal.gov//store/mc/RunIISummer20UL16MiniAODv2/ST_TuneCP5_BNV_TSCE_13TeV-madgraph-pythia8/MINIAODSIM/106X_mcRun2_asymptotic_v17-v2/80000/9401D3E7-D4CD-8B41-A6C1-0984949F854A.root
10-Jan-2024 22:48:55 CET  Closed file root://cmsxrootd.fnal.gov//store/mc/RunIISummer20UL16MiniAODv2/ST_TuneCP5_BNV_TSCE_13TeV-madgraph-pythia8/MINIAODSIM/106X_mcRun2_asymptotic_v17-v2/80000/9401D3E7-D4CD-8B41-A6C1-0984949F854A.root
10-Jan-2024 22:48:55 CET  Initiating request to open file root://cmsxrootd.fnal.gov//store/mc/RunIISummer20UL16MiniAODv2/ST_TuneCP5_BNV_TSCE_13TeV-madgraph-pythia8/MINIAODSIM/106X_mcRun2_asymptotic_v17-v2/80000/6629B694-7B9A-4640-98E3-4643160226DC.root
%MSG-w XrdAdaptor:  file_open 10-Jan-2024 22:48:58 CET PostProcessEvent
Data is served from T2_US_Wisconsin instead of original site US-Regional-Nebraska
%MSG
10-Jan-2024 22:48:59 CET  Successfully opened file root://cmsxrootd.fnal.gov//store/mc/RunIISummer20UL16MiniAODv2/ST_TuneCP5_BNV_TSCE_13TeV-madgraph-pythia8/MINIAODSIM/106X_mcRun2_asymptotic_v17-v2/80000/6629B694-7B9A-4640-98E3-4643160226DC.root
10-Jan-2024 22:49:05 CET  Closed file root://cmsxrootd.fnal.gov//store/mc/RunIISummer20UL16MiniAODv2/ST_TuneCP5_BNV_TSCE_13TeV-madgraph-pythia8/MINIAODSIM/106X_mcRun2_asymptotic_v17-v2/80000/6629B694-7B9A-4640-98E3-4643160226DC.root
10-Jan-2024 22:49:05 CET  Initiating request to open file root://cmsxrootd.fnal.gov//store/mc/RunIISummer20UL16MiniAODv2/ST_TuneCP5_BNV_TSCE_13TeV-madgraph-pythia8/MINIAODSIM/106X_mcRun2_asymptotic_v17-v2/80000/D9499674-3543-F64A-B486-5D2217EB79F1.root
%MSG-w XrdAdaptor:  file_open 10-Jan-2024 22:49:08 CET PostProcessEvent
Data is served from T2_US_Wisconsin instead of original site US-Regional-Nebraska
%MSG
10-Jan-2024 22:49:09 CET  Successfully opened file root://cmsxrootd.fnal.gov//store/mc/RunIISummer20UL16MiniAODv2/ST_TuneCP5_BNV_TSCE_13TeV-madgraph-pythia8/MINIAODSIM/106X_mcRun2_asymptotic_v17-v2/80000/D9499674-3543-F64A-B486-5D2217EB79F1.root
10-Jan-2024 22:49:16 CET  Closed file root://cmsxrootd.fnal.gov//store/mc/RunIISummer20UL16MiniAODv2/ST_TuneCP5_BNV_TSCE_13TeV-madgraph-pythia8/MINIAODSIM/106X_mcRun2_asymptotic_v17-v2/80000/D9499674-3543-F64A-B486-5D2217EB79F1.root
10-Jan-2024 22:49:16 CET  Initiating request to open file root://cmsxrootd.fnal.gov//store/mc/RunIISummer20UL16MiniAODv2/ST_TuneCP5_BNV_TSCE_13TeV-madgraph-pythia8/MINIAODSIM/106X_mcRun2_asymptotic_v17-v2/80000/A7DDF31B-F98E-4A4A-9193-69A8BA5FDFED.root
%MSG-w XrdAdaptor:  file_open 10-Jan-2024 22:49:20 CET PostProcessEvent
Data is served from T2_US_Nebraska instead of original site US-Regional-Nebraska
%MSG
10-Jan-2024 22:49:21 CET  Successfully opened file root://cmsxrootd.fnal.gov//store/mc/RunIISummer20UL16MiniAODv2/ST_TuneCP5_BNV_TSCE_13TeV-madgraph-pythia8/MINIAODSIM/106X_mcRun2_asymptotic_v17-v2/80000/A7DDF31B-F98E-4A4A-9193-69A8BA5FDFED.root
10-Jan-2024 22:49:26 CET  Closed file root://cmsxrootd.fnal.gov//store/mc/RunIISummer20UL16MiniAODv2/ST_TuneCP5_BNV_TSCE_13TeV-madgraph-pythia8/MINIAODSIM/106X_mcRun2_asymptotic_v17-v2/80000/A7DDF31B-F98E-4A4A-9193-69A8BA5FDFED.root
10-Jan-2024 22:49:26 CET  Initiating request to open file root://cmsxrootd.fnal.gov//store/mc/RunIISummer20UL16MiniAODv2/ST_TuneCP5_BNV_TSCE_13TeV-madgraph-pythia8/MINIAODSIM/106X_mcRun2_asymptotic_v17-v2/80000/A627DA43-2B38-3D48-B7BB-4F429B08BAC8.root
%MSG-w XrdAdaptor:  file_open 10-Jan-2024 22:49:29 CET PostProcessEvent
Data is served from T2_US_Wisconsin instead of original site US-Regional-Nebraska
%MSG
10-Jan-2024 22:49:30 CET  Successfully opened file root://cmsxrootd.fnal.gov//store/mc/RunIISummer20UL16MiniAODv2/ST_TuneCP5_BNV_TSCE_13TeV-madgraph-pythia8/MINIAODSIM/106X_mcRun2_asymptotic_v17-v2/80000/A627DA43-2B38-3D48-B7BB-4F429B08BAC8.root
10-Jan-2024 22:49:35 CET  Closed file root://cmsxrootd.fnal.gov//store/mc/RunIISummer20UL16MiniAODv2/ST_TuneCP5_BNV_TSCE_13TeV-madgraph-pythia8/MINIAODSIM/106X_mcRun2_asymptotic_v17-v2/80000/A627DA43-2B38-3D48-B7BB-4F429B08BAC8.root
10-Jan-2024 22:49:35 CET  Initiating request to open file root://cmsxrootd.fnal.gov//store/mc/RunIISummer20UL16MiniAODv2/ST_TuneCP5_BNV_TSCE_13TeV-madgraph-pythia8/MINIAODSIM/106X_mcRun2_asymptotic_v17-v2/80000/C73AA38D-B7D4-6546-9674-190D2D6EAAF2.root
%MSG-w XrdAdaptor:  file_open 10-Jan-2024 22:49:37 CET PostProcessEvent
Data is served from T2_US_Wisconsin instead of original site US-Regional-Nebraska
%MSG
10-Jan-2024 22:49:38 CET  Successfully opened file root://cmsxrootd.fnal.gov//store/mc/RunIISummer20UL16MiniAODv2/ST_TuneCP5_BNV_TSCE_13TeV-madgraph-pythia8/MINIAODSIM/106X_mcRun2_asymptotic_v17-v2/80000/C73AA38D-B7D4-6546-9674-190D2D6EAAF2.root
10-Jan-2024 22:49:46 CET  Closed file root://cmsxrootd.fnal.gov//store/mc/RunIISummer20UL16MiniAODv2/ST_TuneCP5_BNV_TSCE_13TeV-madgraph-pythia8/MINIAODSIM/106X_mcRun2_asymptotic_v17-v2/80000/C73AA38D-B7D4-6546-9674-190D2D6EAAF2.root
10-Jan-2024 22:49:46 CET  Initiating request to open file root://cmsxrootd.fnal.gov//store/mc/RunIISummer20UL16MiniAODv2/ST_TuneCP5_BNV_TSCE_13TeV-madgraph-pythia8/MINIAODSIM/106X_mcRun2_asymptotic_v17-v2/80000/8B47274D-EE39-C747-A7CB-A713828E2245.root
%MSG-w XrdAdaptor:  file_open 10-Jan-2024 22:49:49 CET PostProcessEvent
Data is served from T2_US_Wisconsin instead of original site US-Regional-Nebraska
%MSG
10-Jan-2024 22:49:50 CET  Successfully opened file root://cmsxrootd.fnal.gov//store/mc/RunIISummer20UL16MiniAODv2/ST_TuneCP5_BNV_TSCE_13TeV-madgraph-pythia8/MINIAODSIM/106X_mcRun2_asymptotic_v17-v2/80000/8B47274D-EE39-C747-A7CB-A713828E2245.root
10-Jan-2024 22:49:57 CET  Closed file root://cmsxrootd.fnal.gov//store/mc/RunIISummer20UL16MiniAODv2/ST_TuneCP5_BNV_TSCE_13TeV-madgraph-pythia8/MINIAODSIM/106X_mcRun2_asymptotic_v17-v2/80000/8B47274D-EE39-C747-A7CB-A713828E2245.root
10-Jan-2024 22:49:57 CET  Initiating request to open file root://cmsxrootd.fnal.gov//store/mc/RunIISummer20UL16MiniAODv2/ST_TuneCP5_BNV_TSCE_13TeV-madgraph-pythia8/MINIAODSIM/106X_mcRun2_asymptotic_v17-v2/80000/2FF07C2C-36B5-3747-9696-F014A7BF170C.root
%MSG-w XrdAdaptor:  file_open 10-Jan-2024 22:50:00 CET PostProcessEvent
Data is served from T2_US_Wisconsin instead of original site US-Regional-Nebraska
%MSG
10-Jan-2024 22:50:01 CET  Successfully opened file root://cmsxrootd.fnal.gov//store/mc/RunIISummer20UL16MiniAODv2/ST_TuneCP5_BNV_TSCE_13TeV-madgraph-pythia8/MINIAODSIM/106X_mcRun2_asymptotic_v17-v2/80000/2FF07C2C-36B5-3747-9696-F014A7BF170C.root
10-Jan-2024 22:50:05 CET  Closed file root://cmsxrootd.fnal.gov//store/mc/RunIISummer20UL16MiniAODv2/ST_TuneCP5_BNV_TSCE_13TeV-madgraph-pythia8/MINIAODSIM/106X_mcRun2_asymptotic_v17-v2/80000/2FF07C2C-36B5-3747-9696-F014A7BF170C.root
10-Jan-2024 22:50:05 CET  Initiating request to open file root://cmsxrootd.fnal.gov//store/mc/RunIISummer20UL16MiniAODv2/ST_TuneCP5_BNV_TSCE_13TeV-madgraph-pythia8/MINIAODSIM/106X_mcRun2_asymptotic_v17-v2/80000/B73AF7E9-7492-DF46-BB32-2CF920F4FEF7.root
%MSG-w XrdAdaptor:  file_open 10-Jan-2024 22:50:08 CET PostProcessEvent
Data is served from T2_US_Wisconsin instead of original site US-Regional-Nebraska
%MSG
10-Jan-2024 22:50:09 CET  Successfully opened file root://cmsxrootd.fnal.gov//store/mc/RunIISummer20UL16MiniAODv2/ST_TuneCP5_BNV_TSCE_13TeV-madgraph-pythia8/MINIAODSIM/106X_mcRun2_asymptotic_v17-v2/80000/B73AF7E9-7492-DF46-BB32-2CF920F4FEF7.root
10-Jan-2024 22:50:14 CET  Closed file root://cmsxrootd.fnal.gov//store/mc/RunIISummer20UL16MiniAODv2/ST_TuneCP5_BNV_TSCE_13TeV-madgraph-pythia8/MINIAODSIM/106X_mcRun2_asymptotic_v17-v2/80000/B73AF7E9-7492-DF46-BB32-2CF920F4FEF7.root
10-Jan-2024 22:50:14 CET  Initiating request to open file root://cmsxrootd.fnal.gov//store/mc/RunIISummer20UL16MiniAODv2/ST_TuneCP5_BNV_TSCE_13TeV-madgraph-pythia8/MINIAODSIM/106X_mcRun2_asymptotic_v17-v2/80000/1B922AEF-E0C4-A04E-8FE4-7B16885563BE.root
%MSG-w XrdAdaptor:  file_open 10-Jan-2024 22:50:17 CET PostProcessEvent
Data is served from T2_US_Wisconsin instead of original site US-Regional-Nebraska
%MSG
10-Jan-2024 22:50:17 CET  Successfully opened file root://cmsxrootd.fnal.gov//store/mc/RunIISummer20UL16MiniAODv2/ST_TuneCP5_BNV_TSCE_13TeV-madgraph-pythia8/MINIAODSIM/106X_mcRun2_asymptotic_v17-v2/80000/1B922AEF-E0C4-A04E-8FE4-7B16885563BE.root
10-Jan-2024 22:50:22 CET  Closed file root://cmsxrootd.fnal.gov//store/mc/RunIISummer20UL16MiniAODv2/ST_TuneCP5_BNV_TSCE_13TeV-madgraph-pythia8/MINIAODSIM/106X_mcRun2_asymptotic_v17-v2/80000/1B922AEF-E0C4-A04E-8FE4-7B16885563BE.root
10-Jan-2024 22:50:22 CET  Initiating request to open file root://cmsxrootd.fnal.gov//store/mc/RunIISummer20UL16MiniAODv2/ST_TuneCP5_BNV_TSCE_13TeV-madgraph-pythia8/MINIAODSIM/106X_mcRun2_asymptotic_v17-v2/80000/2FA028F2-3066-B044-B724-9E2374642F15.root
%MSG-w XrdAdaptor:  file_open 10-Jan-2024 22:50:25 CET PostProcessEvent
Data is served from T2_US_Wisconsin instead of original site US-Regional-Nebraska
%MSG
10-Jan-2024 22:50:25 CET  Successfully opened file root://cmsxrootd.fnal.gov//store/mc/RunIISummer20UL16MiniAODv2/ST_TuneCP5_BNV_TSCE_13TeV-madgraph-pythia8/MINIAODSIM/106X_mcRun2_asymptotic_v17-v2/80000/2FA028F2-3066-B044-B724-9E2374642F15.root
Begin processing the 100001st record. Run 1, Event 92001, LumiSection 93 on stream 0 at 10-Jan-2024 22:50:32.428 CET
10-Jan-2024 22:50:32 CET  Closed file root://cmsxrootd.fnal.gov//store/mc/RunIISummer20UL16MiniAODv2/ST_TuneCP5_BNV_TSCE_13TeV-madgraph-pythia8/MINIAODSIM/106X_mcRun2_asymptotic_v17-v2/80000/2FA028F2-3066-B044-B724-9E2374642F15.root
10-Jan-2024 22:50:32 CET  Initiating request to open file root://cmsxrootd.fnal.gov//store/mc/RunIISummer20UL16MiniAODv2/ST_TuneCP5_BNV_TSCE_13TeV-madgraph-pythia8/MINIAODSIM/106X_mcRun2_asymptotic_v17-v2/80000/31399C30-CE23-954E-999C-D4D0CE898EF9.root
%MSG-w XrdAdaptor:  file_open 10-Jan-2024 22:50:35 CET PostProcessEvent
Data is served from T2_US_Wisconsin instead of original site US-Regional-Nebraska
%MSG
10-Jan-2024 22:50:36 CET  Successfully opened file root://cmsxrootd.fnal.gov//store/mc/RunIISummer20UL16MiniAODv2/ST_TuneCP5_BNV_TSCE_13TeV-madgraph-pythia8/MINIAODSIM/106X_mcRun2_asymptotic_v17-v2/80000/31399C30-CE23-954E-999C-D4D0CE898EF9.root
10-Jan-2024 22:50:41 CET  Closed file root://cmsxrootd.fnal.gov//store/mc/RunIISummer20UL16MiniAODv2/ST_TuneCP5_BNV_TSCE_13TeV-madgraph-pythia8/MINIAODSIM/106X_mcRun2_asymptotic_v17-v2/80000/31399C30-CE23-954E-999C-D4D0CE898EF9.root
10-Jan-2024 22:50:41 CET  Initiating request to open file root://cmsxrootd.fnal.gov//store/mc/RunIISummer20UL16MiniAODv2/ST_TuneCP5_BNV_TSCE_13TeV-madgraph-pythia8/MINIAODSIM/106X_mcRun2_asymptotic_v17-v2/80000/75A4DBBF-67F9-464B-9ECF-8799609ECC6A.root
%MSG-w XrdAdaptor:  file_open 10-Jan-2024 22:50:43 CET PostProcessEvent
Data is served from T2_US_Wisconsin instead of original site US-Regional-Nebraska
%MSG
10-Jan-2024 22:50:44 CET  Successfully opened file root://cmsxrootd.fnal.gov//store/mc/RunIISummer20UL16MiniAODv2/ST_TuneCP5_BNV_TSCE_13TeV-madgraph-pythia8/MINIAODSIM/106X_mcRun2_asymptotic_v17-v2/80000/75A4DBBF-67F9-464B-9ECF-8799609ECC6A.root
10-Jan-2024 22:50:52 CET  Closed file root://cmsxrootd.fnal.gov//store/mc/RunIISummer20UL16MiniAODv2/ST_TuneCP5_BNV_TSCE_13TeV-madgraph-pythia8/MINIAODSIM/106X_mcRun2_asymptotic_v17-v2/80000/75A4DBBF-67F9-464B-9ECF-8799609ECC6A.root
10-Jan-2024 22:50:52 CET  Initiating request to open file root://cmsxrootd.fnal.gov//store/mc/RunIISummer20UL16MiniAODv2/ST_TuneCP5_BNV_TSCE_13TeV-madgraph-pythia8/MINIAODSIM/106X_mcRun2_asymptotic_v17-v2/80000/0A8F592B-6F8D-974A-98A6-21780F977378.root
%MSG-w XrdAdaptor:  file_open 10-Jan-2024 22:50:55 CET PostProcessEvent
Data is served from T2_US_Nebraska instead of original site US-Regional-Nebraska
%MSG
10-Jan-2024 22:50:56 CET  Successfully opened file root://cmsxrootd.fnal.gov//store/mc/RunIISummer20UL16MiniAODv2/ST_TuneCP5_BNV_TSCE_13TeV-madgraph-pythia8/MINIAODSIM/106X_mcRun2_asymptotic_v17-v2/80000/0A8F592B-6F8D-974A-98A6-21780F977378.root
10-Jan-2024 22:51:01 CET  Closed file root://cmsxrootd.fnal.gov//store/mc/RunIISummer20UL16MiniAODv2/ST_TuneCP5_BNV_TSCE_13TeV-madgraph-pythia8/MINIAODSIM/106X_mcRun2_asymptotic_v17-v2/80000/0A8F592B-6F8D-974A-98A6-21780F977378.root
10-Jan-2024 22:51:01 CET  Initiating request to open file root://cmsxrootd.fnal.gov//store/mc/RunIISummer20UL16MiniAODv2/ST_TuneCP5_BNV_TSCE_13TeV-madgraph-pythia8/MINIAODSIM/106X_mcRun2_asymptotic_v17-v2/80000/E4B46DB3-3264-5A48-AABB-84247492EBD9.root
%MSG-w XrdAdaptor:  file_open 10-Jan-2024 22:51:04 CET PostProcessEvent
Data is served from T2_US_Wisconsin instead of original site US-Regional-Nebraska
%MSG
10-Jan-2024 22:51:05 CET  Successfully opened file root://cmsxrootd.fnal.gov//store/mc/RunIISummer20UL16MiniAODv2/ST_TuneCP5_BNV_TSCE_13TeV-madgraph-pythia8/MINIAODSIM/106X_mcRun2_asymptotic_v17-v2/80000/E4B46DB3-3264-5A48-AABB-84247492EBD9.root
Begin processing the 200001st record. Run 1, Event 222009, LumiSection 223 on stream 0 at 10-Jan-2024 22:51:15.230 CET
10-Jan-2024 22:51:15 CET  Closed file root://cmsxrootd.fnal.gov//store/mc/RunIISummer20UL16MiniAODv2/ST_TuneCP5_BNV_TSCE_13TeV-madgraph-pythia8/MINIAODSIM/106X_mcRun2_asymptotic_v17-v2/80000/E4B46DB3-3264-5A48-AABB-84247492EBD9.root
10-Jan-2024 22:51:15 CET  Initiating request to open file root://cmsxrootd.fnal.gov//store/mc/RunIISummer20UL16MiniAODv2/ST_TuneCP5_BNV_TSCE_13TeV-madgraph-pythia8/MINIAODSIM/106X_mcRun2_asymptotic_v17-v2/80000/3E8D638A-5CC6-EE49-B3B5-C62A228777FD.root
%MSG-w XrdAdaptor:  file_open 10-Jan-2024 22:51:17 CET PostProcessEvent
Data is served from T2_US_Wisconsin instead of original site US-Regional-Nebraska
%MSG
10-Jan-2024 22:51:18 CET  Successfully opened file root://cmsxrootd.fnal.gov//store/mc/RunIISummer20UL16MiniAODv2/ST_TuneCP5_BNV_TSCE_13TeV-madgraph-pythia8/MINIAODSIM/106X_mcRun2_asymptotic_v17-v2/80000/3E8D638A-5CC6-EE49-B3B5-C62A228777FD.root
10-Jan-2024 22:51:24 CET  Closed file root://cmsxrootd.fnal.gov//store/mc/RunIISummer20UL16MiniAODv2/ST_TuneCP5_BNV_TSCE_13TeV-madgraph-pythia8/MINIAODSIM/106X_mcRun2_asymptotic_v17-v2/80000/3E8D638A-5CC6-EE49-B3B5-C62A228777FD.root
10-Jan-2024 22:51:24 CET  Initiating request to open file root://cmsxrootd.fnal.gov//store/mc/RunIISummer20UL16MiniAODv2/ST_TuneCP5_BNV_TSCE_13TeV-madgraph-pythia8/MINIAODSIM/106X_mcRun2_asymptotic_v17-v2/80000/720AD750-67EC-DD48-BB27-DCCF57633705.root
%MSG-w XrdAdaptor:  file_open 10-Jan-2024 22:51:26 CET PostProcessEvent
Data is served from T2_US_Wisconsin instead of original site US-Regional-Nebraska
%MSG
10-Jan-2024 22:51:27 CET  Successfully opened file root://cmsxrootd.fnal.gov//store/mc/RunIISummer20UL16MiniAODv2/ST_TuneCP5_BNV_TSCE_13TeV-madgraph-pythia8/MINIAODSIM/106X_mcRun2_asymptotic_v17-v2/80000/720AD750-67EC-DD48-BB27-DCCF57633705.root
10-Jan-2024 22:51:34 CET  Closed file root://cmsxrootd.fnal.gov//store/mc/RunIISummer20UL16MiniAODv2/ST_TuneCP5_BNV_TSCE_13TeV-madgraph-pythia8/MINIAODSIM/106X_mcRun2_asymptotic_v17-v2/80000/720AD750-67EC-DD48-BB27-DCCF57633705.root
10-Jan-2024 22:51:34 CET  Initiating request to open file root://cmsxrootd.fnal.gov//store/mc/RunIISummer20UL16MiniAODv2/ST_TuneCP5_BNV_TSCE_13TeV-madgraph-pythia8/MINIAODSIM/106X_mcRun2_asymptotic_v17-v2/80000/E7D2E2B9-3DA2-DC46-B568-9EE335C17D88.root
%MSG-w XrdAdaptor:  file_open 10-Jan-2024 22:51:37 CET PostProcessEvent
Data is served from T2_US_Wisconsin instead of original site US-Regional-Nebraska
%MSG
10-Jan-2024 22:51:38 CET  Successfully opened file root://cmsxrootd.fnal.gov//store/mc/RunIISummer20UL16MiniAODv2/ST_TuneCP5_BNV_TSCE_13TeV-madgraph-pythia8/MINIAODSIM/106X_mcRun2_asymptotic_v17-v2/80000/E7D2E2B9-3DA2-DC46-B568-9EE335C17D88.root
      0.356728      0.003527      0.001325             1
      0.305968      0.004050      0.001325             2
 
10-Jan-2024 22:51:42 CET  Closed file root://cmsxrootd.fnal.gov//store/mc/RunIISummer20UL16MiniAODv2/ST_TuneCP5_BNV_TSCE_13TeV-madgraph-pythia8/MINIAODSIM/106X_mcRun2_asymptotic_v17-v2/80000/E7D2E2B9-3DA2-DC46-B568-9EE335C17D88.root

------------------------------------
GenXsecAnalyzer:
------------------------------------
-------------------------------------------------------------------------------------------------------------------------------------------------------------------------- 
Overall cross-section summary 
--------------------------------------------------------------------------------------------------------------------------------------------------------------------------
Process		xsec_before [pb]		passed	nposw	nnegw	tried	nposw	nnegw 	xsec_match [pb]			accepted [%]	 event_eff [%]
0		3.584e-01 +/- 1.652e-04		123485	123485	0	123485	123485	0	3.584e-01 +/- 1.652e-04		100.0 +/- 0.0	100.0 +/- 0.0
1		3.099e-01 +/- 1.920e-04		106515	106515	0	106515	106515	0	3.099e-01 +/- 1.920e-04		100.0 +/- 0.0	100.0 +/- 0.0
-------------------------------------------------------------------------------------------------------------------------------------------------------------------------- 
Total		6.683e-01 +/- 2.533e-04		230000	230000	0	230000	230000	0	6.683e-01 +/- 2.533e-04		100.0 +/- 0.0	100.0 +/- 0.0
--------------------------------------------------------------------------------------------------------------------------------------------------------------------------
Before matching: total cross section = 6.683e-01 +- 2.533e-04 pb
After matching: total cross section = 6.683e-01 +- 2.533e-04 pb
Matching efficiency = 1.0 +/- 0.0   [TO BE USED IN MCM]
Filter efficiency (taking into account weights)= (230000) / (230000) = 1.000e+00 +- 0.000e+00
Filter efficiency (event-level)= (230000) / (230000) = 1.000e+00 +- 0.000e+00    [TO BE USED IN MCM]

After filter: final cross section = 6.683e-01 +- 2.533e-04 pb
After filter: final fraction of events with negative weights = 0.000e+00 +- 0.000e+00
After filter: final equivalent lumi for 1M events (1/fb) = 1.496e+03 +- 1.600e+00

=============================================

MessageLogger Summary

 type     category        sev    module        subroutine        count    total
 ---- -------------------- -- ---------------- ----------------  -----    -----
    1 GenXSecAnalyzer      -w GenXSecAnalyzer:                      16       16
    2 XrdAdaptor           -w file_open                             20       20
    3 fileAction           -s file_close                            20       20
    4 fileAction           -s file_open                             40       40

 type    category    Examples: run/evt        run/evt          run/evt
 ---- -------------------- ---------------- ---------------- ----------------
    1 GenXSecAnalyzer      PostGlobalEndRun PostGlobalEndRun PostGlobalEndRun
    2 XrdAdaptor           pre-events       PostProcessEvent PostProcessEvent
    3 fileAction           PostProcessEvent PostProcessEvent PostGlobalEndRun
    4 fileAction           pre-events       pre-events       PostProcessEvent

Severity    # Occurrences   Total Occurrences
--------    -------------   -----------------
Warning                36                  36
System                 60                  60

dropped waiting message count 0
