11-Jan-2024 16:24:24 CET  Initiating request to open file root://cmsxrootd.fnal.gov//store/mc/RunIISummer20UL16MiniAODv2/ST_t-channel_antitop_4f_InclusiveDecays_mtop1735_TuneCP5_13TeV-powheg-madspin-pythia8/MINIAODSIM/106X_mcRun2_asymptotic_v17-v3/120000/2FE5A1D4-C4CB-974E-9B20-281609298619.root
%MSG-w XrdAdaptor:  file_open 11-Jan-2024 16:24:28 CET pre-events
Data is served from T2_US_Vanderbilt instead of original site US-Regional-FNAL
%MSG
11-Jan-2024 16:24:32 CET  Successfully opened file root://cmsxrootd.fnal.gov//store/mc/RunIISummer20UL16MiniAODv2/ST_t-channel_antitop_4f_InclusiveDecays_mtop1735_TuneCP5_13TeV-powheg-madspin-pythia8/MINIAODSIM/106X_mcRun2_asymptotic_v17-v3/120000/2FE5A1D4-C4CB-974E-9B20-281609298619.root
Begin processing the 1st record. Run 1, Event 62020, LumiSection 63 on stream 0 at 11-Jan-2024 16:24:41.086 CET
11-Jan-2024 16:24:44 CET  Closed file root://cmsxrootd.fnal.gov//store/mc/RunIISummer20UL16MiniAODv2/ST_t-channel_antitop_4f_InclusiveDecays_mtop1735_TuneCP5_13TeV-powheg-madspin-pythia8/MINIAODSIM/106X_mcRun2_asymptotic_v17-v3/120000/2FE5A1D4-C4CB-974E-9B20-281609298619.root
11-Jan-2024 16:24:44 CET  Initiating request to open file root://cmsxrootd.fnal.gov//store/mc/RunIISummer20UL16MiniAODv2/ST_t-channel_antitop_4f_InclusiveDecays_mtop1735_TuneCP5_13TeV-powheg-madspin-pythia8/MINIAODSIM/106X_mcRun2_asymptotic_v17-v3/120000/758ABD9F-D37B-C84B-BAEE-E5D7D87E521D.root
%MSG-w XrdAdaptor:  file_open 11-Jan-2024 16:24:47 CET PostProcessEvent
Data is served from T2_US_Vanderbilt instead of original site US-Regional-FNAL
%MSG
11-Jan-2024 16:24:48 CET  Successfully opened file root://cmsxrootd.fnal.gov//store/mc/RunIISummer20UL16MiniAODv2/ST_t-channel_antitop_4f_InclusiveDecays_mtop1735_TuneCP5_13TeV-powheg-madspin-pythia8/MINIAODSIM/106X_mcRun2_asymptotic_v17-v3/120000/758ABD9F-D37B-C84B-BAEE-E5D7D87E521D.root
Begin processing the 100001st record. Run 1, Event 802005, LumiSection 803 on stream 0 at 11-Jan-2024 16:24:54.657 CET
11-Jan-2024 16:24:56 CET  Closed file root://cmsxrootd.fnal.gov//store/mc/RunIISummer20UL16MiniAODv2/ST_t-channel_antitop_4f_InclusiveDecays_mtop1735_TuneCP5_13TeV-powheg-madspin-pythia8/MINIAODSIM/106X_mcRun2_asymptotic_v17-v3/120000/758ABD9F-D37B-C84B-BAEE-E5D7D87E521D.root
11-Jan-2024 16:24:56 CET  Initiating request to open file root://cmsxrootd.fnal.gov//store/mc/RunIISummer20UL16MiniAODv2/ST_t-channel_antitop_4f_InclusiveDecays_mtop1735_TuneCP5_13TeV-powheg-madspin-pythia8/MINIAODSIM/106X_mcRun2_asymptotic_v17-v3/70000/CFF6F57D-127F-F74C-AC21-112B9049F140.root
%MSG-w XrdAdaptor:  file_open 11-Jan-2024 16:25:00 CET PostProcessEvent
Data is served from T2_US_Florida instead of original site US-Regional-FNAL
%MSG
11-Jan-2024 16:25:01 CET  Successfully opened file root://cmsxrootd.fnal.gov//store/mc/RunIISummer20UL16MiniAODv2/ST_t-channel_antitop_4f_InclusiveDecays_mtop1735_TuneCP5_13TeV-powheg-madspin-pythia8/MINIAODSIM/106X_mcRun2_asymptotic_v17-v3/70000/CFF6F57D-127F-F74C-AC21-112B9049F140.root
11-Jan-2024 16:25:08 CET  Closed file root://cmsxrootd.fnal.gov//store/mc/RunIISummer20UL16MiniAODv2/ST_t-channel_antitop_4f_InclusiveDecays_mtop1735_TuneCP5_13TeV-powheg-madspin-pythia8/MINIAODSIM/106X_mcRun2_asymptotic_v17-v3/70000/CFF6F57D-127F-F74C-AC21-112B9049F140.root
11-Jan-2024 16:25:08 CET  Initiating request to open file root://cmsxrootd.fnal.gov//store/mc/RunIISummer20UL16MiniAODv2/ST_t-channel_antitop_4f_InclusiveDecays_mtop1735_TuneCP5_13TeV-powheg-madspin-pythia8/MINIAODSIM/106X_mcRun2_asymptotic_v17-v3/70000/98EEA061-049C-384F-82B5-583FCD7FBE2F.root
%MSG-w XrdAdaptor:  file_open 11-Jan-2024 16:25:10 CET PostProcessEvent
Data is served from T2_US_Florida instead of original site US-Regional-FNAL
%MSG
11-Jan-2024 16:25:11 CET  Successfully opened file root://cmsxrootd.fnal.gov//store/mc/RunIISummer20UL16MiniAODv2/ST_t-channel_antitop_4f_InclusiveDecays_mtop1735_TuneCP5_13TeV-powheg-madspin-pythia8/MINIAODSIM/106X_mcRun2_asymptotic_v17-v3/70000/98EEA061-049C-384F-82B5-583FCD7FBE2F.root
Begin processing the 200001st record. Run 1, Event 4711008, LumiSection 4712 on stream 0 at 11-Jan-2024 16:25:17.274 CET
11-Jan-2024 16:25:18 CET  Closed file root://cmsxrootd.fnal.gov//store/mc/RunIISummer20UL16MiniAODv2/ST_t-channel_antitop_4f_InclusiveDecays_mtop1735_TuneCP5_13TeV-powheg-madspin-pythia8/MINIAODSIM/106X_mcRun2_asymptotic_v17-v3/70000/98EEA061-049C-384F-82B5-583FCD7FBE2F.root
11-Jan-2024 16:25:18 CET  Initiating request to open file root://cmsxrootd.fnal.gov//store/mc/RunIISummer20UL16MiniAODv2/ST_t-channel_antitop_4f_InclusiveDecays_mtop1735_TuneCP5_13TeV-powheg-madspin-pythia8/MINIAODSIM/106X_mcRun2_asymptotic_v17-v3/270000/2F3DCB34-D422-874C-AAEC-EF261B8A185F.root
%MSG-w XrdAdaptor:  file_open 11-Jan-2024 16:25:21 CET PostProcessEvent
Data is served from T2_US_Florida instead of original site US-Regional-FNAL
%MSG
11-Jan-2024 16:25:22 CET  Successfully opened file root://cmsxrootd.fnal.gov//store/mc/RunIISummer20UL16MiniAODv2/ST_t-channel_antitop_4f_InclusiveDecays_mtop1735_TuneCP5_13TeV-powheg-madspin-pythia8/MINIAODSIM/106X_mcRun2_asymptotic_v17-v3/270000/2F3DCB34-D422-874C-AAEC-EF261B8A185F.root
11-Jan-2024 16:25:29 CET  Closed file root://cmsxrootd.fnal.gov//store/mc/RunIISummer20UL16MiniAODv2/ST_t-channel_antitop_4f_InclusiveDecays_mtop1735_TuneCP5_13TeV-powheg-madspin-pythia8/MINIAODSIM/106X_mcRun2_asymptotic_v17-v3/270000/2F3DCB34-D422-874C-AAEC-EF261B8A185F.root
11-Jan-2024 16:25:29 CET  Initiating request to open file root://cmsxrootd.fnal.gov//store/mc/RunIISummer20UL16MiniAODv2/ST_t-channel_antitop_4f_InclusiveDecays_mtop1735_TuneCP5_13TeV-powheg-madspin-pythia8/MINIAODSIM/106X_mcRun2_asymptotic_v17-v3/270000/BCECAAB3-4828-8C40-ABE0-0265333ECAF8.root
%MSG-w XrdAdaptor:  file_open 11-Jan-2024 16:25:31 CET PostProcessEvent
Data is served from T2_US_Florida instead of original site US-Regional-FNAL
%MSG
11-Jan-2024 16:25:32 CET  Successfully opened file root://cmsxrootd.fnal.gov//store/mc/RunIISummer20UL16MiniAODv2/ST_t-channel_antitop_4f_InclusiveDecays_mtop1735_TuneCP5_13TeV-powheg-madspin-pythia8/MINIAODSIM/106X_mcRun2_asymptotic_v17-v3/270000/BCECAAB3-4828-8C40-ABE0-0265333ECAF8.root
Begin processing the 300001st record. Run 1, Event 2758007, LumiSection 2759 on stream 0 at 11-Jan-2024 16:25:38.698 CET
11-Jan-2024 16:25:40 CET  Closed file root://cmsxrootd.fnal.gov//store/mc/RunIISummer20UL16MiniAODv2/ST_t-channel_antitop_4f_InclusiveDecays_mtop1735_TuneCP5_13TeV-powheg-madspin-pythia8/MINIAODSIM/106X_mcRun2_asymptotic_v17-v3/270000/BCECAAB3-4828-8C40-ABE0-0265333ECAF8.root
11-Jan-2024 16:25:40 CET  Initiating request to open file root://cmsxrootd.fnal.gov//store/mc/RunIISummer20UL16MiniAODv2/ST_t-channel_antitop_4f_InclusiveDecays_mtop1735_TuneCP5_13TeV-powheg-madspin-pythia8/MINIAODSIM/106X_mcRun2_asymptotic_v17-v3/70000/52C025FD-9D42-E743-8B84-551552A090BD.root
Unable to load sec.protocol plugin libXrdSecztn.so
%MSG-w XrdAdaptor:  file_open 11-Jan-2024 16:25:44 CET PostProcessEvent
Data is served from fnal.gov instead of original site US-Regional-FNAL
%MSG
11-Jan-2024 16:25:44 CET  Successfully opened file root://cmsxrootd.fnal.gov//store/mc/RunIISummer20UL16MiniAODv2/ST_t-channel_antitop_4f_InclusiveDecays_mtop1735_TuneCP5_13TeV-powheg-madspin-pythia8/MINIAODSIM/106X_mcRun2_asymptotic_v17-v3/70000/52C025FD-9D42-E743-8B84-551552A090BD.root
Unable to load sec.protocol plugin libXrdSecztn.so
Begin processing the 400001st record. Run 1, Event 4449001, LumiSection 4450 on stream 0 at 11-Jan-2024 16:25:55.845 CET
11-Jan-2024 16:25:56 CET  Closed file root://cmsxrootd.fnal.gov//store/mc/RunIISummer20UL16MiniAODv2/ST_t-channel_antitop_4f_InclusiveDecays_mtop1735_TuneCP5_13TeV-powheg-madspin-pythia8/MINIAODSIM/106X_mcRun2_asymptotic_v17-v3/70000/52C025FD-9D42-E743-8B84-551552A090BD.root
11-Jan-2024 16:25:56 CET  Initiating request to open file root://cmsxrootd.fnal.gov//store/mc/RunIISummer20UL16MiniAODv2/ST_t-channel_antitop_4f_InclusiveDecays_mtop1735_TuneCP5_13TeV-powheg-madspin-pythia8/MINIAODSIM/106X_mcRun2_asymptotic_v17-v3/70000/4283CE9B-4E41-DC41-AD09-306D4587D37F.root
%MSG-w XrdAdaptor:  file_open 11-Jan-2024 16:25:58 CET PostProcessEvent
Data is served from fnal.gov instead of original site US-Regional-FNAL
%MSG
11-Jan-2024 16:25:59 CET  Successfully opened file root://cmsxrootd.fnal.gov//store/mc/RunIISummer20UL16MiniAODv2/ST_t-channel_antitop_4f_InclusiveDecays_mtop1735_TuneCP5_13TeV-powheg-madspin-pythia8/MINIAODSIM/106X_mcRun2_asymptotic_v17-v3/70000/4283CE9B-4E41-DC41-AD09-306D4587D37F.root
Unable to load sec.protocol plugin libXrdSecztn.so
11-Jan-2024 16:26:10 CET  Closed file root://cmsxrootd.fnal.gov//store/mc/RunIISummer20UL16MiniAODv2/ST_t-channel_antitop_4f_InclusiveDecays_mtop1735_TuneCP5_13TeV-powheg-madspin-pythia8/MINIAODSIM/106X_mcRun2_asymptotic_v17-v3/70000/4283CE9B-4E41-DC41-AD09-306D4587D37F.root
11-Jan-2024 16:26:10 CET  Initiating request to open file root://cmsxrootd.fnal.gov//store/mc/RunIISummer20UL16MiniAODv2/ST_t-channel_antitop_4f_InclusiveDecays_mtop1735_TuneCP5_13TeV-powheg-madspin-pythia8/MINIAODSIM/106X_mcRun2_asymptotic_v17-v3/140000/16C77005-AA48-1E46-A11B-CFA1213ED43D.root
%MSG-w XrdAdaptor:  file_open 11-Jan-2024 16:26:17 CET PostProcessEvent
Data is served from cms.rcac.purdue.edu instead of original site US-Regional-FNAL
%MSG
11-Jan-2024 16:26:17 CET  Successfully opened file root://cmsxrootd.fnal.gov//store/mc/RunIISummer20UL16MiniAODv2/ST_t-channel_antitop_4f_InclusiveDecays_mtop1735_TuneCP5_13TeV-powheg-madspin-pythia8/MINIAODSIM/106X_mcRun2_asymptotic_v17-v3/140000/16C77005-AA48-1E46-A11B-CFA1213ED43D.root
Begin processing the 500001st record. Run 1, Event 1714009, LumiSection 1715 on stream 0 at 11-Jan-2024 16:26:24.335 CET
11-Jan-2024 16:26:27 CET  Closed file root://cmsxrootd.fnal.gov//store/mc/RunIISummer20UL16MiniAODv2/ST_t-channel_antitop_4f_InclusiveDecays_mtop1735_TuneCP5_13TeV-powheg-madspin-pythia8/MINIAODSIM/106X_mcRun2_asymptotic_v17-v3/140000/16C77005-AA48-1E46-A11B-CFA1213ED43D.root
11-Jan-2024 16:26:27 CET  Initiating request to open file root://cmsxrootd.fnal.gov//store/mc/RunIISummer20UL16MiniAODv2/ST_t-channel_antitop_4f_InclusiveDecays_mtop1735_TuneCP5_13TeV-powheg-madspin-pythia8/MINIAODSIM/106X_mcRun2_asymptotic_v17-v3/140000/EC854A24-C69A-8445-9EE1-C8EBBC5FC50E.root
%MSG-w XrdAdaptor:  file_open 11-Jan-2024 16:26:30 CET PostProcessEvent
Data is served from cms.rcac.purdue.edu instead of original site US-Regional-FNAL
%MSG
11-Jan-2024 16:26:30 CET  Successfully opened file root://cmsxrootd.fnal.gov//store/mc/RunIISummer20UL16MiniAODv2/ST_t-channel_antitop_4f_InclusiveDecays_mtop1735_TuneCP5_13TeV-powheg-madspin-pythia8/MINIAODSIM/106X_mcRun2_asymptotic_v17-v3/140000/EC854A24-C69A-8445-9EE1-C8EBBC5FC50E.root
Begin processing the 600001st record. Run 1, Event 11204006, LumiSection 11205 on stream 0 at 11-Jan-2024 16:26:37.819 CET
11-Jan-2024 16:26:39 CET  Closed file root://cmsxrootd.fnal.gov//store/mc/RunIISummer20UL16MiniAODv2/ST_t-channel_antitop_4f_InclusiveDecays_mtop1735_TuneCP5_13TeV-powheg-madspin-pythia8/MINIAODSIM/106X_mcRun2_asymptotic_v17-v3/140000/EC854A24-C69A-8445-9EE1-C8EBBC5FC50E.root
11-Jan-2024 16:26:39 CET  Initiating request to open file root://cmsxrootd.fnal.gov//store/mc/RunIISummer20UL16MiniAODv2/ST_t-channel_antitop_4f_InclusiveDecays_mtop1735_TuneCP5_13TeV-powheg-madspin-pythia8/MINIAODSIM/106X_mcRun2_asymptotic_v17-v3/140000/A826E286-A8B9-1046-9775-CB55F3854A44.root
%MSG-w XrdAdaptor:  file_open 11-Jan-2024 16:26:42 CET PostProcessEvent
Data is served from cms.rcac.purdue.edu instead of original site US-Regional-FNAL
%MSG
11-Jan-2024 16:26:43 CET  Successfully opened file root://cmsxrootd.fnal.gov//store/mc/RunIISummer20UL16MiniAODv2/ST_t-channel_antitop_4f_InclusiveDecays_mtop1735_TuneCP5_13TeV-powheg-madspin-pythia8/MINIAODSIM/106X_mcRun2_asymptotic_v17-v3/140000/A826E286-A8B9-1046-9775-CB55F3854A44.root
Begin processing the 700001st record. Run 1, Event 11504001, LumiSection 11505 on stream 0 at 11-Jan-2024 16:26:50.743 CET
11-Jan-2024 16:26:51 CET  Closed file root://cmsxrootd.fnal.gov//store/mc/RunIISummer20UL16MiniAODv2/ST_t-channel_antitop_4f_InclusiveDecays_mtop1735_TuneCP5_13TeV-powheg-madspin-pythia8/MINIAODSIM/106X_mcRun2_asymptotic_v17-v3/140000/A826E286-A8B9-1046-9775-CB55F3854A44.root
11-Jan-2024 16:26:51 CET  Initiating request to open file root://cmsxrootd.fnal.gov//store/mc/RunIISummer20UL16MiniAODv2/ST_t-channel_antitop_4f_InclusiveDecays_mtop1735_TuneCP5_13TeV-powheg-madspin-pythia8/MINIAODSIM/106X_mcRun2_asymptotic_v17-v3/140000/8912E878-55DA-C442-8195-4BA2C3265554.root
%MSG-w XrdAdaptor:  file_open 11-Jan-2024 16:26:54 CET PostProcessEvent
Data is served from cms.rcac.purdue.edu instead of original site US-Regional-FNAL
%MSG
11-Jan-2024 16:26:55 CET  Successfully opened file root://cmsxrootd.fnal.gov//store/mc/RunIISummer20UL16MiniAODv2/ST_t-channel_antitop_4f_InclusiveDecays_mtop1735_TuneCP5_13TeV-powheg-madspin-pythia8/MINIAODSIM/106X_mcRun2_asymptotic_v17-v3/140000/8912E878-55DA-C442-8195-4BA2C3265554.root
Begin processing the 800001st record. Run 1, Event 11279002, LumiSection 11280 on stream 0 at 11-Jan-2024 16:27:02.462 CET
11-Jan-2024 16:27:03 CET  Closed file root://cmsxrootd.fnal.gov//store/mc/RunIISummer20UL16MiniAODv2/ST_t-channel_antitop_4f_InclusiveDecays_mtop1735_TuneCP5_13TeV-powheg-madspin-pythia8/MINIAODSIM/106X_mcRun2_asymptotic_v17-v3/140000/8912E878-55DA-C442-8195-4BA2C3265554.root
11-Jan-2024 16:27:03 CET  Initiating request to open file root://cmsxrootd.fnal.gov//store/mc/RunIISummer20UL16MiniAODv2/ST_t-channel_antitop_4f_InclusiveDecays_mtop1735_TuneCP5_13TeV-powheg-madspin-pythia8/MINIAODSIM/106X_mcRun2_asymptotic_v17-v3/140000/17D43280-DD1F-E646-9CE2-007CF065A01B.root
%MSG-w XrdAdaptor:  file_open 11-Jan-2024 16:27:06 CET PostProcessEvent
Data is served from cms.rcac.purdue.edu instead of original site US-Regional-FNAL
%MSG
11-Jan-2024 16:27:06 CET  Successfully opened file root://cmsxrootd.fnal.gov//store/mc/RunIISummer20UL16MiniAODv2/ST_t-channel_antitop_4f_InclusiveDecays_mtop1735_TuneCP5_13TeV-powheg-madspin-pythia8/MINIAODSIM/106X_mcRun2_asymptotic_v17-v3/140000/17D43280-DD1F-E646-9CE2-007CF065A01B.root
Begin processing the 900001st record. Run 1, Event 11326013, LumiSection 11327 on stream 0 at 11-Jan-2024 16:27:15.505 CET
11-Jan-2024 16:27:15 CET  Closed file root://cmsxrootd.fnal.gov//store/mc/RunIISummer20UL16MiniAODv2/ST_t-channel_antitop_4f_InclusiveDecays_mtop1735_TuneCP5_13TeV-powheg-madspin-pythia8/MINIAODSIM/106X_mcRun2_asymptotic_v17-v3/140000/17D43280-DD1F-E646-9CE2-007CF065A01B.root
11-Jan-2024 16:27:15 CET  Initiating request to open file root://cmsxrootd.fnal.gov//store/mc/RunIISummer20UL16MiniAODv2/ST_t-channel_antitop_4f_InclusiveDecays_mtop1735_TuneCP5_13TeV-powheg-madspin-pythia8/MINIAODSIM/106X_mcRun2_asymptotic_v17-v3/140000/8B7DDA51-C26A-F043-92F0-DB99DC1B78C0.root
%MSG-w XrdAdaptor:  file_open 11-Jan-2024 16:27:18 CET PostProcessEvent
Data is served from cms.rcac.purdue.edu instead of original site US-Regional-FNAL
%MSG
11-Jan-2024 16:27:19 CET  Successfully opened file root://cmsxrootd.fnal.gov//store/mc/RunIISummer20UL16MiniAODv2/ST_t-channel_antitop_4f_InclusiveDecays_mtop1735_TuneCP5_13TeV-powheg-madspin-pythia8/MINIAODSIM/106X_mcRun2_asymptotic_v17-v3/140000/8B7DDA51-C26A-F043-92F0-DB99DC1B78C0.root
11-Jan-2024 16:27:26 CET  Closed file root://cmsxrootd.fnal.gov//store/mc/RunIISummer20UL16MiniAODv2/ST_t-channel_antitop_4f_InclusiveDecays_mtop1735_TuneCP5_13TeV-powheg-madspin-pythia8/MINIAODSIM/106X_mcRun2_asymptotic_v17-v3/140000/8B7DDA51-C26A-F043-92F0-DB99DC1B78C0.root
11-Jan-2024 16:27:26 CET  Initiating request to open file root://cmsxrootd.fnal.gov//store/mc/RunIISummer20UL16MiniAODv2/ST_t-channel_antitop_4f_InclusiveDecays_mtop1735_TuneCP5_13TeV-powheg-madspin-pythia8/MINIAODSIM/106X_mcRun2_asymptotic_v17-v3/140000/386978A8-F7C7-F543-B77E-CC8582007C73.root
%MSG-w XrdAdaptor:  file_open 11-Jan-2024 16:27:30 CET PostProcessEvent
Data is served from T2_US_Wisconsin instead of original site US-Regional-FNAL
%MSG
11-Jan-2024 16:27:31 CET  Successfully opened file root://cmsxrootd.fnal.gov//store/mc/RunIISummer20UL16MiniAODv2/ST_t-channel_antitop_4f_InclusiveDecays_mtop1735_TuneCP5_13TeV-powheg-madspin-pythia8/MINIAODSIM/106X_mcRun2_asymptotic_v17-v3/140000/386978A8-F7C7-F543-B77E-CC8582007C73.root
Begin processing the 1000001st record. Run 1, Event 10757007, LumiSection 10758 on stream 0 at 11-Jan-2024 16:27:39.996 CET
11-Jan-2024 16:27:40 CET  Closed file root://cmsxrootd.fnal.gov//store/mc/RunIISummer20UL16MiniAODv2/ST_t-channel_antitop_4f_InclusiveDecays_mtop1735_TuneCP5_13TeV-powheg-madspin-pythia8/MINIAODSIM/106X_mcRun2_asymptotic_v17-v3/140000/386978A8-F7C7-F543-B77E-CC8582007C73.root
11-Jan-2024 16:27:40 CET  Initiating request to open file root://cmsxrootd.fnal.gov//store/mc/RunIISummer20UL16MiniAODv2/ST_t-channel_antitop_4f_InclusiveDecays_mtop1735_TuneCP5_13TeV-powheg-madspin-pythia8/MINIAODSIM/106X_mcRun2_asymptotic_v17-v3/280000/6DFB0CAB-E579-1A44-BCD2-F87730C4754F.root
Unable to load sec.protocol plugin libXrdSecztn.so
%MSG-w XrdAdaptor:  file_open 11-Jan-2024 16:27:44 CET PostProcessEvent
Data is served from T2_US_UCSD-ceph instead of original site US-Regional-FNAL
%MSG
11-Jan-2024 16:27:45 CET  Successfully opened file root://cmsxrootd.fnal.gov//store/mc/RunIISummer20UL16MiniAODv2/ST_t-channel_antitop_4f_InclusiveDecays_mtop1735_TuneCP5_13TeV-powheg-madspin-pythia8/MINIAODSIM/106X_mcRun2_asymptotic_v17-v3/280000/6DFB0CAB-E579-1A44-BCD2-F87730C4754F.root
Unable to load sec.protocol plugin libXrdSecztn.so
Begin processing the 1100001st record. Run 1, Event 9889008, LumiSection 9890 on stream 0 at 11-Jan-2024 16:27:58.826 CET
11-Jan-2024 16:27:58 CET  Closed file root://cmsxrootd.fnal.gov//store/mc/RunIISummer20UL16MiniAODv2/ST_t-channel_antitop_4f_InclusiveDecays_mtop1735_TuneCP5_13TeV-powheg-madspin-pythia8/MINIAODSIM/106X_mcRun2_asymptotic_v17-v3/280000/6DFB0CAB-E579-1A44-BCD2-F87730C4754F.root
11-Jan-2024 16:27:58 CET  Initiating request to open file root://cmsxrootd.fnal.gov//store/mc/RunIISummer20UL16MiniAODv2/ST_t-channel_antitop_4f_InclusiveDecays_mtop1735_TuneCP5_13TeV-powheg-madspin-pythia8/MINIAODSIM/106X_mcRun2_asymptotic_v17-v3/280000/40A7156D-B996-B14A-B53A-A55F6C320777.root
Unable to load sec.protocol plugin libXrdSecztn.so
%MSG-w XrdAdaptor:  file_open 11-Jan-2024 16:28:02 CET PostProcessEvent
Data is served from T2_US_UCSD-ceph instead of original site US-Regional-FNAL
%MSG
11-Jan-2024 16:28:03 CET  Successfully opened file root://cmsxrootd.fnal.gov//store/mc/RunIISummer20UL16MiniAODv2/ST_t-channel_antitop_4f_InclusiveDecays_mtop1735_TuneCP5_13TeV-powheg-madspin-pythia8/MINIAODSIM/106X_mcRun2_asymptotic_v17-v3/280000/40A7156D-B996-B14A-B53A-A55F6C320777.root
Unable to load sec.protocol plugin libXrdSecztn.so
11-Jan-2024 16:28:16 CET  Closed file root://cmsxrootd.fnal.gov//store/mc/RunIISummer20UL16MiniAODv2/ST_t-channel_antitop_4f_InclusiveDecays_mtop1735_TuneCP5_13TeV-powheg-madspin-pythia8/MINIAODSIM/106X_mcRun2_asymptotic_v17-v3/280000/40A7156D-B996-B14A-B53A-A55F6C320777.root
11-Jan-2024 16:28:16 CET  Initiating request to open file root://cmsxrootd.fnal.gov//store/mc/RunIISummer20UL16MiniAODv2/ST_t-channel_antitop_4f_InclusiveDecays_mtop1735_TuneCP5_13TeV-powheg-madspin-pythia8/MINIAODSIM/106X_mcRun2_asymptotic_v17-v3/140000/BF14B39C-713E-5348-BCEC-5F3325F87FC3.root
%MSG-w XrdAdaptor:  file_open 11-Jan-2024 16:28:19 CET PostProcessEvent
Data is served from cms.rcac.purdue.edu instead of original site US-Regional-FNAL
%MSG
11-Jan-2024 16:28:20 CET  Successfully opened file root://cmsxrootd.fnal.gov//store/mc/RunIISummer20UL16MiniAODv2/ST_t-channel_antitop_4f_InclusiveDecays_mtop1735_TuneCP5_13TeV-powheg-madspin-pythia8/MINIAODSIM/106X_mcRun2_asymptotic_v17-v3/140000/BF14B39C-713E-5348-BCEC-5F3325F87FC3.root
Begin processing the 1200001st record. Run 1, Event 5290016, LumiSection 5291 on stream 0 at 11-Jan-2024 16:28:25.522 CET
11-Jan-2024 16:28:26 CET  Closed file root://cmsxrootd.fnal.gov//store/mc/RunIISummer20UL16MiniAODv2/ST_t-channel_antitop_4f_InclusiveDecays_mtop1735_TuneCP5_13TeV-powheg-madspin-pythia8/MINIAODSIM/106X_mcRun2_asymptotic_v17-v3/140000/BF14B39C-713E-5348-BCEC-5F3325F87FC3.root
11-Jan-2024 16:28:26 CET  Initiating request to open file root://cmsxrootd.fnal.gov//store/mc/RunIISummer20UL16MiniAODv2/ST_t-channel_antitop_4f_InclusiveDecays_mtop1735_TuneCP5_13TeV-powheg-madspin-pythia8/MINIAODSIM/106X_mcRun2_asymptotic_v17-v3/270000/8BC2A190-ACF2-C84B-9ABD-974D2B75F9DD.root
%MSG-w XrdAdaptor:  file_open 11-Jan-2024 16:28:28 CET PostProcessEvent
Data is served from fnal.gov instead of original site US-Regional-FNAL
%MSG
11-Jan-2024 16:28:29 CET  Successfully opened file root://cmsxrootd.fnal.gov//store/mc/RunIISummer20UL16MiniAODv2/ST_t-channel_antitop_4f_InclusiveDecays_mtop1735_TuneCP5_13TeV-powheg-madspin-pythia8/MINIAODSIM/106X_mcRun2_asymptotic_v17-v3/270000/8BC2A190-ACF2-C84B-9ABD-974D2B75F9DD.root
Unable to load sec.protocol plugin libXrdSecztn.so
11-Jan-2024 16:28:38 CET  Closed file root://cmsxrootd.fnal.gov//store/mc/RunIISummer20UL16MiniAODv2/ST_t-channel_antitop_4f_InclusiveDecays_mtop1735_TuneCP5_13TeV-powheg-madspin-pythia8/MINIAODSIM/106X_mcRun2_asymptotic_v17-v3/270000/8BC2A190-ACF2-C84B-9ABD-974D2B75F9DD.root
11-Jan-2024 16:28:38 CET  Initiating request to open file root://cmsxrootd.fnal.gov//store/mc/RunIISummer20UL16MiniAODv2/ST_t-channel_antitop_4f_InclusiveDecays_mtop1735_TuneCP5_13TeV-powheg-madspin-pythia8/MINIAODSIM/106X_mcRun2_asymptotic_v17-v3/270000/A74C7DA1-2F31-004A-98CB-3A058FE517AB.root
%MSG-w XrdAdaptor:  file_open 11-Jan-2024 16:28:40 CET PostProcessEvent
Data is served from fnal.gov instead of original site US-Regional-FNAL
%MSG
11-Jan-2024 16:28:41 CET  Successfully opened file root://cmsxrootd.fnal.gov//store/mc/RunIISummer20UL16MiniAODv2/ST_t-channel_antitop_4f_InclusiveDecays_mtop1735_TuneCP5_13TeV-powheg-madspin-pythia8/MINIAODSIM/106X_mcRun2_asymptotic_v17-v3/270000/A74C7DA1-2F31-004A-98CB-3A058FE517AB.root
Begin processing the 1300001st record. Run 1, Event 7086008, LumiSection 7087 on stream 0 at 11-Jan-2024 16:28:46.880 CET
11-Jan-2024 16:28:47 CET  Closed file root://cmsxrootd.fnal.gov//store/mc/RunIISummer20UL16MiniAODv2/ST_t-channel_antitop_4f_InclusiveDecays_mtop1735_TuneCP5_13TeV-powheg-madspin-pythia8/MINIAODSIM/106X_mcRun2_asymptotic_v17-v3/270000/A74C7DA1-2F31-004A-98CB-3A058FE517AB.root
11-Jan-2024 16:28:47 CET  Initiating request to open file root://cmsxrootd.fnal.gov//store/mc/RunIISummer20UL16MiniAODv2/ST_t-channel_antitop_4f_InclusiveDecays_mtop1735_TuneCP5_13TeV-powheg-madspin-pythia8/MINIAODSIM/106X_mcRun2_asymptotic_v17-v3/140000/70577642-9EA1-844E-8068-A85D5E68D5AC.root
%MSG-w XrdAdaptor:  file_open 11-Jan-2024 16:28:50 CET PostProcessEvent
Data is served from cms.rcac.purdue.edu instead of original site US-Regional-FNAL
%MSG
11-Jan-2024 16:28:51 CET  Successfully opened file root://cmsxrootd.fnal.gov//store/mc/RunIISummer20UL16MiniAODv2/ST_t-channel_antitop_4f_InclusiveDecays_mtop1735_TuneCP5_13TeV-powheg-madspin-pythia8/MINIAODSIM/106X_mcRun2_asymptotic_v17-v3/140000/70577642-9EA1-844E-8068-A85D5E68D5AC.root
11-Jan-2024 16:29:00 CET  Closed file root://cmsxrootd.fnal.gov//store/mc/RunIISummer20UL16MiniAODv2/ST_t-channel_antitop_4f_InclusiveDecays_mtop1735_TuneCP5_13TeV-powheg-madspin-pythia8/MINIAODSIM/106X_mcRun2_asymptotic_v17-v3/140000/70577642-9EA1-844E-8068-A85D5E68D5AC.root
11-Jan-2024 16:29:00 CET  Initiating request to open file root://cmsxrootd.fnal.gov//store/mc/RunIISummer20UL16MiniAODv2/ST_t-channel_antitop_4f_InclusiveDecays_mtop1735_TuneCP5_13TeV-powheg-madspin-pythia8/MINIAODSIM/106X_mcRun2_asymptotic_v17-v3/140000/738F21F2-6596-E344-A216-5655AB9D4CA6.root
%MSG-w XrdAdaptorInternal:  file_open 11-Jan-2024 16:29:02 CET PostProcessEvent
Failed to open file at URL root://eos-c01.cms.rcac.purdue.edu:1102//store/mc/RunIISummer20UL16MiniAODv2/ST_t-channel_antitop_4f_InclusiveDecays_mtop1735_TuneCP5_13TeV-powheg-madspin-pythia8/MINIAODSIM/106X_mcRun2_asymptotic_v17-v3/140000/738F21F2-6596-E344-A216-5655AB9D4CA6.root?cap.msg=d9J3goYSFLAUInNxGNsU1Ur8UvaMAWcICOqppuMfSEMFeKsPR13YF75ampMwWejEWI8etKZol8+oA+H+obcH5TGaX0yfZ/NsHRxUtflYCTIMpJzw/i596JPUcq7bbf8aPm5NO9L9TpZFroj67dhtazGWXxxBJ4yL+N85ATJ7nYDExdQeZz7+2ms+vugGL64Z8ZEelVtYAfPBtsASo3RyZ+ouX95tPIQXhdf2lE5/YSIJ9V/TPcZu8klHXeeLKxkLfdZVBRT14QwFhDorCeM6B9L7UUAV58q0F1CRy7h17TgS99LMTinqVo2vwQLb5Zi/AAZplKlvM9Gnsdfb5UNwwR6vpLDbwf7+ClVIvmesQaoKxYlEkLPkR817sHdjH3+iACh/+uo4OKKyZy62OE1OnSvz+NzineXC50tBSo219Ru90VKz6+tvtwSK/AoH42dnAoc+NnHG3yvBx+RxYGmE2zS2vYKJ5pUDbeINO6l5OQ4phswyohINp3HG7NdTPeUJd9FxLZJ0jRwdPsWUPlo4BDNFH/9wvq9gz7OlilziSNLrgjTiH0zxTJOrWl6YKd3Bw618kYe7bC1FN16fk+CW/bsbmQzpZKMdlUBMq1yidc47dPMzbXRLz06YhDALtLFHHCwdFTFrYapkpeVcmIKBmg0aHHLY5DEF+qgsdFjow+/0rdY+VeOfTX0sGFQJgXr8/8F96c+xLEYKqJJwKB9clqG9MoR7EvQR/ERIopa2PRLESs/fwRuqkjz3mrX4FlaidMkRoey/AThxW9At63ktc7d5pHEXb7sRuVh1HyARFTclsFi6ATXGMpG0boEb4t6DrNtXU6xuXhNgXqy/akQg0k4rsn/AWNomC1EdclORxWEtDrHNQAArIc5m+rR0iW999PuiHerNQwFLXLlXR362ExpRnzeJaYgbQDfG+YkM+yQ=&cap.sym=xU6mGpv9T0+hMNHFH2SXcWOdliY=&eos.clientinfo=zbase64:MDAwMDAwNmZ4nB3IQQ7DIAwF0avkArGgiyyQfJjE/qhIbUAGK+rtE7qbebXhTDY40BaWUtNxcTnzrC5vKP9x/Br48Jxh0AnNSmVF3v0z5j9cDDIYta8SIsm3k8ku1NzUQVBPMYbXDYVZJt8=&mgm.blockchecksum=ignore&mgm.id=0017fa69&mgm.logid=25aee03c-b096-11ee-b6c6-5c6f69a9c0f0&mgm.mtime=1670501614&mgm.replicahead=1&mgm.replicaindex=1.
%MSG
%MSG-w XrdAdaptorInternal:  file_open 11-Jan-2024 16:29:02 CET PostProcessEvent
Failed to open file at URL root://eos-c01.cms.rcac.purdue.edu:1102//store/mc/RunIISummer20UL16MiniAODv2/ST_t-channel_antitop_4f_InclusiveDecays_mtop1735_TuneCP5_13TeV-powheg-madspin-pythia8/MINIAODSIM/106X_mcRun2_asymptotic_v17-v3/140000/738F21F2-6596-E344-A216-5655AB9D4CA6.root?cap.msg=d9J3goYSFLAUInNxGNsU1Ur8UvaMAWcICOqppuMfSEMFeKsPR13YF75ampMwWejEWI8etKZol8+oA+H+obcH5TGaX0yfZ/NsHRxUtflYCTIMpJzw/i596JPUcq7bbf8aPm5NO9L9TpZFroj67dhtazGWXxxBJ4yL+N85ATJ7nYDExdQeZz7+2ms+vugGL64Z8ZEelVtYAfPBtsASo3RyZ+ouX95tPIQXhdf2lE5/YSIJ9V/TPcZu8klHXeeLKxkLfdZVBRT14QwFhDorCeM6B9L7UUAV58q0F1CRy7h17TgS99LMTinqVo2vwQLb5Zi/AAZplKlvM9Gnsdfb5UNwwR6vpLDbwf7+ClVIvmesQaoKxYlEkLPkR817sHdjH3+iACh/+uo4OKKyZy62OE1OnSvz+NzineXC50tBSo219Ru90VKz6+tvtwSK/AoH42dnAoc+NnHG3yvBx+RxYGmE2zS2vYKJ5pUDbeINO6l5OQ4phswyohINp3HG7NdTPeUJd9FxLZJ0jRwdPsWUPlo4BDNFH/9wvq9gz7OlilziSNLrgjTiH0zxTJOrWl6YKd3Bw618kYe7bC1FN16fk+CW/bsbmQzpZKMdlUBMq1yidc47dPMzbXRLz06YhDALtLFHHCwdFTFrYapkpeVcmIKBmg0aHHLY5DEF+qgsdFjow+/0rdY+VeOfTX0sGFQJgXr8/8F96c+xLEYKqJJwKB9clqG9MoR7EvQR/ERIopa2PRLESs/fwRuqkjz3mrX4FlaidMkRoey/AThxW9At63ktc7d5pHEXb7sRuVh1HyARFTclsFi6ATXGMpG0boEb4t6DrNtXU6xuXhNgXqy/akQg0k4rsn/AWNomC1EdclORxWEtDrHNQAArIc5m+rR0iW999PuiHerNQwFLXLlXR362ExpRnzeJaYgbHC/qWG3wbAs=&cap.sym=xU6mGpv9T0+hMNHFH2SXcWOdliY=&eos.clientinfo=zbase64:MDAwMDAwNmZ4nBXIUQrEIAxF0a10AxO00B8hi2mTJxU6VaKhdPcz/p17a8OdbHCgbV1KTcfD5c5TXU4oh8nxNvDhOcOgczQrlRV592vM/u9ikMGo/SMhknw7mexCzU0dBPUUY1h/hbwm4A==&mgm.blockchecksum=ignore&mgm.id=0017fa69&mgm.logid=25f40482-b096-11ee-b6c6-5c6f69a9c0f0&mgm.mtime=1670501614&mgm.replicahead=1&mgm.replicaindex=1&tried=.
%MSG
----- Begin Fatal Exception 11-Jan-2024 16:29:02 CET-----------------------
An exception of category 'FileOpenError' occurred while
   [0] Calling InputSource::readFile_
   [1] Calling RootFileSequenceBase::initTheFile()
   [2] Calling StorageFactory::open()
   [3] Calling XrdFile::open()
Exception Message:
Failed to open the file 'root://cmsxrootd.fnal.gov//store/mc/RunIISummer20UL16MiniAODv2/ST_t-channel_antitop_4f_InclusiveDecays_mtop1735_TuneCP5_13TeV-powheg-madspin-pythia8/MINIAODSIM/106X_mcRun2_asymptotic_v17-v3/140000/738F21F2-6596-E344-A216-5655AB9D4CA6.root'
   Additional Info:
      [a] Input file root://cmsxrootd.fnal.gov//store/mc/RunIISummer20UL16MiniAODv2/ST_t-channel_antitop_4f_InclusiveDecays_mtop1735_TuneCP5_13TeV-powheg-madspin-pythia8/MINIAODSIM/106X_mcRun2_asymptotic_v17-v3/140000/738F21F2-6596-E344-A216-5655AB9D4CA6.root could not be opened.
      [b] XrdCl::File::Open(name='root://cmsxrootd.fnal.gov//store/mc/RunIISummer20UL16MiniAODv2/ST_t-channel_antitop_4f_InclusiveDecays_mtop1735_TuneCP5_13TeV-powheg-madspin-pythia8/MINIAODSIM/106X_mcRun2_asymptotic_v17-v3/140000/738F21F2-6596-E344-A216-5655AB9D4CA6.root', flags=0x10, permissions=0660) => error '[ERROR] Server responded with an error: [3000] Unable to open - cannot determine the prefix path to use for the given filesystem id /store/mc/RunIISummer20UL16MiniAODv2/ST_t-channel_antitop_4f_InclusiveDecays_mtop1735_TuneCP5_13TeV-powheg-madspin-pythia8/MINIAODSIM/106X_mcRun2_asymptotic_v17-v3/140000/738F21F2-6596-E344-A216-5655AB9D4CA6.root; invalid argument
' (errno=3000, code=400). No additional data servers were found.
      [c] Last URL tried: root://eos-c01.cms.rcac.purdue.edu:1102//store/mc/RunIISummer20UL16MiniAODv2/ST_t-channel_antitop_4f_InclusiveDecays_mtop1735_TuneCP5_13TeV-powheg-madspin-pythia8/MINIAODSIM/106X_mcRun2_asymptotic_v17-v3/140000/738F21F2-6596-E344-A216-5655AB9D4CA6.root?cap.msg=d9J3goYSFLAUInNxGNsU1Ur8UvaMAWcICOqppuMfSEMFeKsPR13YF75ampMwWejEWI8etKZol8+oA+H+obcH5TGaX0yfZ/NsHRxUtflYCTIMpJzw/i596JPUcq7bbf8aPm5NO9L9TpZFroj67dhtazGWXxxBJ4yL+N85ATJ7nYDExdQeZz7+2ms+vugGL64Z8ZEelVtYAfPBtsASo3RyZ+ouX95tPIQXhdf2lE5/YSIJ9V/TPcZu8klHXeeLKxkLfdZVBRT14QwFhDorCeM6B9L7UUAV58q0F1CRy7h17TgS99LMTinqVo2vwQLb5Zi/AAZplKlvM9Gnsdfb5UNwwR6vpLDbwf7+ClVIvmesQaoKxYlEkLPkR817sHdjH3+iACh/+uo4OKKyZy62OE1OnSvz+NzineXC50tBSo219Ru90VKz6+tvtwSK/AoH42dnAoc+NnHG3yvBx+RxYGmE2zS2vYKJ5pUDbeINO6l5OQ4phswyohINp3HG7NdTPeUJd9FxLZJ0jRwdPsWUPlo4BDNFH/9wvq9gz7OlilziSNLrgjTiH0zxTJOrWl6YKd3Bw618kYe7bC1FN16fk+CW/bsbmQzpZKMdlUBMq1yidc47dPMzbXRLz06YhDALtLFHHCwdFTFrYapkpeVcmIKBmg0aHHLY5DEF+qgsdFjow+/0rdY+VeOfTX0sGFQJgXr8/8F96c+xLEYKqJJwKB9clqG9MoR7EvQR/ERIopa2PRLESs/fwRuqkjz3mrX4FlaidMkRoey/AThxW9At63ktc7d5pHEXb7sRuVh1HyARFTclsFi6ATXGMpG0boEb4t6DrNtXU6xuXhNgXqy/akQg0k4rsn/AWNomC1EdclORxWEtDrHNQAArIc5m+rR0iW999PuiHerNQwFLXLlXR362ExpRnzeJaYgbHC/qWG3wbAs=&cap.sym=xU6mGpv9T0+hMNHFH2SXcWOdliY=&eos.clientinfo=zbase64:MDAwMDAwNmZ4nBXIUQrEIAxF0a10AxO00B8hi2mTJxU6VaKhdPcz/p17a8OdbHCgbV1KTcfD5c5TXU4oh8nxNvDhOcOgczQrlRV592vM/u9ikMGo/SMhknw7mexCzU0dBPUUY1h/hbwm4A==&mgm.blockchecksum=ignore&mgm.id=0017fa69&mgm.logid=25f40482-b096-11ee-b6c6-5c6f69a9c0f0&mgm.mtime=1670501614&mgm.replicahead=1&mgm.replicaindex=1&tried=
      [d] Problematic data server: eos-c01.cms.rcac.purdue.edu:1102
      [e] Disabled source: eos-c01.cms.rcac.purdue.edu:1102
----- End Fatal Exception -------------------------------------------------
     67.354920      0.444089      1.000000         10000
 

------------------------------------
GenXsecAnalyzer:
------------------------------------
-------------------------------------------------------------------------------------------------------------------------------------------------------------------------- 
Overall cross-section summary 
--------------------------------------------------------------------------------------------------------------------------------------------------------------------------
Process		xsec_before [pb]		passed	nposw	nnegw	tried	nposw	nnegw 	xsec_match [pb]			accepted [%]	 event_eff [%]
-------------------------------------------------------------------------------------------------------------------------------------------------------------------------- 
Total		6.735e+01 +/- 4.441e-01		2783000	2701195	81805	2783000	2701195	81805	6.735e+01 +/- 4.441e-01		100.0 +/- 0.0	100.0 +/- 0.0
--------------------------------------------------------------------------------------------------------------------------------------------------------------------------
Before matching: total cross section = 6.735e+01 +- 4.441e-01 pb
After matching: total cross section = 6.735e+01 +- 4.441e-01 pb
Matching efficiency = 1.0 +/- 0.0   [TO BE USED IN MCM]
Filter efficiency (taking into account weights)= (8.82458e+07) / (8.82458e+07) = 1.000e+00 +- 0.000e+00
Filter efficiency (event-level)= (1.392e+06) / (1.392e+06) = 1.000e+00 +- 0.000e+00    [TO BE USED IN MCM]

After filter: final cross section = 6.735e+01 +- 4.441e-01 pb
After filter: final fraction of events with negative weights = 2.940e-02 +- 7.219e-07
After filter: final equivalent lumi for 1M events (1/fb) = 1.315e+01 +- 8.255e-02

=============================================

MessageLogger Summary

 type     category        sev    module        subroutine        count    total
 ---- -------------------- -- ---------------- ----------------  -----    -----
    1 GenXSecAnalyzer      -w GenXSecAnalyzer:                      14       14
    2 XrdAdaptor           -w file_open                             21       21
    3 XrdAdaptorInternal   -w file_open                              2        2
    4 Fatal Exception      -s AfterFile                              1        1
    5 fileAction           -s file_close                            21       21
    6 fileAction           -s file_open                             43       43

 type    category    Examples: run/evt        run/evt          run/evt
 ---- -------------------- ---------------- ---------------- ----------------
    1 GenXSecAnalyzer      PostGlobalEndRun PostGlobalEndRun PostGlobalEndRun
    2 XrdAdaptor           pre-events       PostProcessEvent PostProcessEvent
    3 XrdAdaptorInternal   PostProcessEvent PostProcessEvent 
    4 Fatal Exception      PostProcessEvent                  
    5 fileAction           PostProcessEvent PostProcessEvent PostProcessEvent
    6 fileAction           pre-events       pre-events       PostProcessEvent

Severity    # Occurrences   Total Occurrences
--------    -------------   -----------------
Warning                37                  37
System                 65                  65

dropped waiting message count 0
