10-Jan-2024 15:49:10 CET  Initiating request to open file root://cmsxrootd.fnal.gov//store/mc/RunIISummer20UL16MiniAODv2/DYToEE_M-200To400_TuneCP5_13TeV-powheg-pythia8/MINIAODSIM/106X_mcRun2_asymptotic_v17-v2/30000/08B119E9-0A00-EB45-998B-DD89EB04338C.root
Unable to load sec.protocol plugin libXrdSecztn.so
[2024-01-10 15:49:11.931922 +0100][Error  ][XRootDTransport   ] [redirector.t2.ucsd.edu:1095 #0.0] No protocols left to try
[2024-01-10 15:49:11.931968 +0100][Error  ][AsyncSock         ] [redirector.t2.ucsd.edu:1095 #0.0] Socket error while handshaking: [FATAL] Auth failed
[2024-01-10 15:49:11.932031 +0100][Error  ][PostMaster        ] [redirector.t2.ucsd.edu:1095 #0] elapsed = 0, pConnectionWindow = 31 seconds.
Unable to load sec.protocol plugin libXrdSecztn.so
[2024-01-10 15:49:12.394910 +0100][Error  ][XRootDTransport   ] [redirector.t2.ucsd.edu:1095 #0.0] No protocols left to try
[2024-01-10 15:49:12.394932 +0100][Error  ][AsyncSock         ] [redirector.t2.ucsd.edu:1095 #0.0] Socket error while handshaking: [FATAL] Auth failed
[2024-01-10 15:49:12.394963 +0100][Error  ][PostMaster        ] [redirector.t2.ucsd.edu:1095 #0] elapsed = 1, pConnectionWindow = 31 seconds.
[2024-01-10 15:49:12.394978 +0100][Error  ][PostMaster        ] [redirector.t2.ucsd.edu:1095 #0] Unable to recover: [FATAL] Auth failed.
[2024-01-10 15:49:12.394986 +0100][Error  ][XRootD            ] [redirector.t2.ucsd.edu:1095] Impossible to send message kXR_open (file: /store/mc/RunIISummer20UL16MiniAODv2/DYToEE_M-200To400_TuneCP5_13TeV-powheg-pythia8/MINIAODSIM/106X_mcRun2_asymptotic_v17-v2/30000/08B119E9-0A00-EB45-998B-DD89EB04338C.root, mode: 0660, flags: kXR_open_read kXR_async kXR_retstat ). Trying to recover.
%MSG-w XrdAdaptorInternal:  file_open 10-Jan-2024 15:52:07 CET pre-events
Failed to open file at URL root://cms-xrd-global.cern.ch:1094//store/mc/RunIISummer20UL16MiniAODv2/DYToEE_M-200To400_TuneCP5_13TeV-powheg-pythia8/MINIAODSIM/106X_mcRun2_asymptotic_v17-v2/30000/08B119E9-0A00-EB45-998B-DD89EB04338C.root?tried=+1213cmsxrootd2.fnal.gov1213xrootd.unl.edu,redirector.t2.ucsd.edu.
%MSG
%MSG-w XrdAdaptorInternal:  file_open 10-Jan-2024 15:55:02 CET pre-events
Failed to open file at URL root://cms-xrd-global.cern.ch:1094//store/mc/RunIISummer20UL16MiniAODv2/DYToEE_M-200To400_TuneCP5_13TeV-powheg-pythia8/MINIAODSIM/106X_mcRun2_asymptotic_v17-v2/30000/08B119E9-0A00-EB45-998B-DD89EB04338C.root?tried=+1213cmsxrootd2.fnal.gov1213xrootd.unl.edu,redirector.t2.ucsd.edu.
%MSG
----- Begin Fatal Exception 10-Jan-2024 15:55:02 CET-----------------------
An exception of category 'FileOpenError' occurred while
   [0] Constructing the EventProcessor
   [1] Constructing input source of type PoolSource
   [2] Calling RootFileSequenceBase::initTheFile()
   [3] Calling StorageFactory::open()
   [4] Calling XrdFile::open()
Exception Message:
Failed to open the file 'root://cmsxrootd.fnal.gov//store/mc/RunIISummer20UL16MiniAODv2/DYToEE_M-200To400_TuneCP5_13TeV-powheg-pythia8/MINIAODSIM/106X_mcRun2_asymptotic_v17-v2/30000/08B119E9-0A00-EB45-998B-DD89EB04338C.root'
   Additional Info:
      [a] Input file root://cmsxrootd.fnal.gov//store/mc/RunIISummer20UL16MiniAODv2/DYToEE_M-200To400_TuneCP5_13TeV-powheg-pythia8/MINIAODSIM/106X_mcRun2_asymptotic_v17-v2/30000/08B119E9-0A00-EB45-998B-DD89EB04338C.root could not be opened.
      [b] XrdCl::File::Open(name='root://cmsxrootd.fnal.gov//store/mc/RunIISummer20UL16MiniAODv2/DYToEE_M-200To400_TuneCP5_13TeV-powheg-pythia8/MINIAODSIM/106X_mcRun2_asymptotic_v17-v2/30000/08B119E9-0A00-EB45-998B-DD89EB04338C.root', flags=0x10, permissions=0660) => error '[ERROR] Operation expired' (errno=0, code=206). No additional data servers were found.
      [c] Last URL tried: root://cms-xrd-global.cern.ch:1094//store/mc/RunIISummer20UL16MiniAODv2/DYToEE_M-200To400_TuneCP5_13TeV-powheg-pythia8/MINIAODSIM/106X_mcRun2_asymptotic_v17-v2/30000/08B119E9-0A00-EB45-998B-DD89EB04338C.root?tried=+1213cmsxrootd2.fnal.gov1213xrootd.unl.edu,redirector.t2.ucsd.edu
      [d] Problematic data server: cms-xrd-global.cern.ch:1094
      [e] Disabled source: cms-xrd-global.cern.ch:1094
----- End Fatal Exception -------------------------------------------------
