10-Jan-2024 09:36:25 CET  Initiating request to open file root://cmsxrootd.fnal.gov//store/mc/RunIISummer20UL16MiniAODv2/DYJetsToLL_M-50_HT-600to800_TuneCP5_PSweights_13TeV-madgraphMLM-pythia8/MINIAODSIM/106X_mcRun2_asymptotic_v17-v2/2430000/132DEAD4-A6C2-5945-B31E-0C088C822844.root
Unable to load sec.protocol plugin libXrdSecztn.so
10-Jan-2024 09:36:36 CET  Successfully opened file root://cmsxrootd.fnal.gov//store/mc/RunIISummer20UL16MiniAODv2/DYJetsToLL_M-50_HT-600to800_TuneCP5_PSweights_13TeV-madgraphMLM-pythia8/MINIAODSIM/106X_mcRun2_asymptotic_v17-v2/2430000/132DEAD4-A6C2-5945-B31E-0C088C822844.root
Unable to load sec.protocol plugin libXrdSecztn.so
Begin processing the 1st record. Run 1, Event 3317765, LumiSection 634 on stream 0 at 10-Jan-2024 09:36:41.535 CET
10-Jan-2024 09:36:42 CET  Closed file root://cmsxrootd.fnal.gov//store/mc/RunIISummer20UL16MiniAODv2/DYJetsToLL_M-50_HT-600to800_TuneCP5_PSweights_13TeV-madgraphMLM-pythia8/MINIAODSIM/106X_mcRun2_asymptotic_v17-v2/2430000/132DEAD4-A6C2-5945-B31E-0C088C822844.root
10-Jan-2024 09:36:42 CET  Initiating request to open file root://cmsxrootd.fnal.gov//store/mc/RunIISummer20UL16MiniAODv2/DYJetsToLL_M-50_HT-600to800_TuneCP5_PSweights_13TeV-madgraphMLM-pythia8/MINIAODSIM/106X_mcRun2_asymptotic_v17-v2/2430000/82CEFEE7-9F0F-E641-A6FE-7A9B6EBD2B6A.root
%MSG-w XrdAdaptor:  file_open 10-Jan-2024 09:36:45 CET PostProcessEvent
Data is served from fnal.gov instead of original site US-Regional-Nebraska
%MSG
10-Jan-2024 09:36:45 CET  Successfully opened file root://cmsxrootd.fnal.gov//store/mc/RunIISummer20UL16MiniAODv2/DYJetsToLL_M-50_HT-600to800_TuneCP5_PSweights_13TeV-madgraphMLM-pythia8/MINIAODSIM/106X_mcRun2_asymptotic_v17-v2/2430000/82CEFEE7-9F0F-E641-A6FE-7A9B6EBD2B6A.root
10-Jan-2024 09:36:53 CET  Closed file root://cmsxrootd.fnal.gov//store/mc/RunIISummer20UL16MiniAODv2/DYJetsToLL_M-50_HT-600to800_TuneCP5_PSweights_13TeV-madgraphMLM-pythia8/MINIAODSIM/106X_mcRun2_asymptotic_v17-v2/2430000/82CEFEE7-9F0F-E641-A6FE-7A9B6EBD2B6A.root
10-Jan-2024 09:36:53 CET  Initiating request to open file root://cmsxrootd.fnal.gov//store/mc/RunIISummer20UL16MiniAODv2/DYJetsToLL_M-50_HT-600to800_TuneCP5_PSweights_13TeV-madgraphMLM-pythia8/MINIAODSIM/106X_mcRun2_asymptotic_v17-v2/2430000/01FC3E13-9D8F-7448-814D-6B7A65A2BF61.root
%MSG-w XrdAdaptor:  file_open 10-Jan-2024 09:36:56 CET PostProcessEvent
Data is served from fnal.gov instead of original site US-Regional-Nebraska
%MSG
10-Jan-2024 09:36:56 CET  Successfully opened file root://cmsxrootd.fnal.gov//store/mc/RunIISummer20UL16MiniAODv2/DYJetsToLL_M-50_HT-600to800_TuneCP5_PSweights_13TeV-madgraphMLM-pythia8/MINIAODSIM/106X_mcRun2_asymptotic_v17-v2/2430000/01FC3E13-9D8F-7448-814D-6B7A65A2BF61.root
Begin processing the 100001st record. Run 1, Event 23777918, LumiSection 4537 on stream 0 at 10-Jan-2024 09:37:02.367 CET
10-Jan-2024 09:37:03 CET  Closed file root://cmsxrootd.fnal.gov//store/mc/RunIISummer20UL16MiniAODv2/DYJetsToLL_M-50_HT-600to800_TuneCP5_PSweights_13TeV-madgraphMLM-pythia8/MINIAODSIM/106X_mcRun2_asymptotic_v17-v2/2430000/01FC3E13-9D8F-7448-814D-6B7A65A2BF61.root
10-Jan-2024 09:37:03 CET  Initiating request to open file root://cmsxrootd.fnal.gov//store/mc/RunIISummer20UL16MiniAODv2/DYJetsToLL_M-50_HT-600to800_TuneCP5_PSweights_13TeV-madgraphMLM-pythia8/MINIAODSIM/106X_mcRun2_asymptotic_v17-v2/2430000/167FF37F-7171-314F-8CBC-562CEBC3FCBE.root
%MSG-w XrdAdaptor:  file_open 10-Jan-2024 09:37:05 CET PostProcessEvent
Data is served from fnal.gov instead of original site US-Regional-Nebraska
%MSG
10-Jan-2024 09:37:06 CET  Successfully opened file root://cmsxrootd.fnal.gov//store/mc/RunIISummer20UL16MiniAODv2/DYJetsToLL_M-50_HT-600to800_TuneCP5_PSweights_13TeV-madgraphMLM-pythia8/MINIAODSIM/106X_mcRun2_asymptotic_v17-v2/2430000/167FF37F-7171-314F-8CBC-562CEBC3FCBE.root
10-Jan-2024 09:37:14 CET  Closed file root://cmsxrootd.fnal.gov//store/mc/RunIISummer20UL16MiniAODv2/DYJetsToLL_M-50_HT-600to800_TuneCP5_PSweights_13TeV-madgraphMLM-pythia8/MINIAODSIM/106X_mcRun2_asymptotic_v17-v2/2430000/167FF37F-7171-314F-8CBC-562CEBC3FCBE.root
10-Jan-2024 09:37:14 CET  Initiating request to open file root://cmsxrootd.fnal.gov//store/mc/RunIISummer20UL16MiniAODv2/DYJetsToLL_M-50_HT-600to800_TuneCP5_PSweights_13TeV-madgraphMLM-pythia8/MINIAODSIM/106X_mcRun2_asymptotic_v17-v2/2430000/4422E895-3FE0-7E4D-932E-C0A7DC40CC2C.root
%MSG-w XrdAdaptor:  file_open 10-Jan-2024 09:37:17 CET PostProcessEvent
Data is served from fnal.gov instead of original site US-Regional-Nebraska
%MSG
10-Jan-2024 09:37:17 CET  Successfully opened file root://cmsxrootd.fnal.gov//store/mc/RunIISummer20UL16MiniAODv2/DYJetsToLL_M-50_HT-600to800_TuneCP5_PSweights_13TeV-madgraphMLM-pythia8/MINIAODSIM/106X_mcRun2_asymptotic_v17-v2/2430000/4422E895-3FE0-7E4D-932E-C0A7DC40CC2C.root
Begin processing the 200001st record. Run 1, Event 11000357, LumiSection 2099 on stream 0 at 10-Jan-2024 09:37:23.237 CET
10-Jan-2024 09:37:24 CET  Closed file root://cmsxrootd.fnal.gov//store/mc/RunIISummer20UL16MiniAODv2/DYJetsToLL_M-50_HT-600to800_TuneCP5_PSweights_13TeV-madgraphMLM-pythia8/MINIAODSIM/106X_mcRun2_asymptotic_v17-v2/2430000/4422E895-3FE0-7E4D-932E-C0A7DC40CC2C.root
10-Jan-2024 09:37:24 CET  Initiating request to open file root://cmsxrootd.fnal.gov//store/mc/RunIISummer20UL16MiniAODv2/DYJetsToLL_M-50_HT-600to800_TuneCP5_PSweights_13TeV-madgraphMLM-pythia8/MINIAODSIM/106X_mcRun2_asymptotic_v17-v2/2430000/4B71F2A7-3CDE-F048-B4BF-F4558CCAF8E8.root
%MSG-w XrdAdaptor:  file_open 10-Jan-2024 09:37:28 CET PostProcessEvent
Data is served from fnal.gov instead of original site US-Regional-Nebraska
%MSG
10-Jan-2024 09:37:29 CET  Successfully opened file root://cmsxrootd.fnal.gov//store/mc/RunIISummer20UL16MiniAODv2/DYJetsToLL_M-50_HT-600to800_TuneCP5_PSweights_13TeV-madgraphMLM-pythia8/MINIAODSIM/106X_mcRun2_asymptotic_v17-v2/2430000/4B71F2A7-3CDE-F048-B4BF-F4558CCAF8E8.root
Begin processing the 300001st record. Run 1, Event 13215384, LumiSection 2522 on stream 0 at 10-Jan-2024 09:37:38.227 CET
10-Jan-2024 09:37:38 CET  Closed file root://cmsxrootd.fnal.gov//store/mc/RunIISummer20UL16MiniAODv2/DYJetsToLL_M-50_HT-600to800_TuneCP5_PSweights_13TeV-madgraphMLM-pythia8/MINIAODSIM/106X_mcRun2_asymptotic_v17-v2/2430000/4B71F2A7-3CDE-F048-B4BF-F4558CCAF8E8.root
10-Jan-2024 09:37:38 CET  Initiating request to open file root://cmsxrootd.fnal.gov//store/mc/RunIISummer20UL16MiniAODv2/DYJetsToLL_M-50_HT-600to800_TuneCP5_PSweights_13TeV-madgraphMLM-pythia8/MINIAODSIM/106X_mcRun2_asymptotic_v17-v2/2430000/FBD406E7-32FF-CD42-96E9-8A5167BEBB23.root
%MSG-w XrdAdaptor:  file_open 10-Jan-2024 09:37:40 CET PostProcessEvent
Data is served from fnal.gov instead of original site US-Regional-Nebraska
%MSG
10-Jan-2024 09:37:41 CET  Successfully opened file root://cmsxrootd.fnal.gov//store/mc/RunIISummer20UL16MiniAODv2/DYJetsToLL_M-50_HT-600to800_TuneCP5_PSweights_13TeV-madgraphMLM-pythia8/MINIAODSIM/106X_mcRun2_asymptotic_v17-v2/2430000/FBD406E7-32FF-CD42-96E9-8A5167BEBB23.root
Unable to load sec.protocol plugin libXrdSecztn.so
10-Jan-2024 09:37:50 CET  Closed file root://cmsxrootd.fnal.gov//store/mc/RunIISummer20UL16MiniAODv2/DYJetsToLL_M-50_HT-600to800_TuneCP5_PSweights_13TeV-madgraphMLM-pythia8/MINIAODSIM/106X_mcRun2_asymptotic_v17-v2/2430000/FBD406E7-32FF-CD42-96E9-8A5167BEBB23.root
10-Jan-2024 09:37:50 CET  Initiating request to open file root://cmsxrootd.fnal.gov//store/mc/RunIISummer20UL16MiniAODv2/DYJetsToLL_M-50_HT-600to800_TuneCP5_PSweights_13TeV-madgraphMLM-pythia8/MINIAODSIM/106X_mcRun2_asymptotic_v17-v2/2430000/CB9CAF92-8CCD-3B41-A33F-6A446D665873.root
%MSG-w XrdAdaptor:  file_open 10-Jan-2024 09:37:52 CET PostProcessEvent
Data is served from fnal.gov instead of original site US-Regional-Nebraska
%MSG
10-Jan-2024 09:37:53 CET  Successfully opened file root://cmsxrootd.fnal.gov//store/mc/RunIISummer20UL16MiniAODv2/DYJetsToLL_M-50_HT-600to800_TuneCP5_PSweights_13TeV-madgraphMLM-pythia8/MINIAODSIM/106X_mcRun2_asymptotic_v17-v2/2430000/CB9CAF92-8CCD-3B41-A33F-6A446D665873.root
Begin processing the 400001st record. Run 1, Event 15602244, LumiSection 2977 on stream 0 at 10-Jan-2024 09:38:00.315 CET
10-Jan-2024 09:38:01 CET  Closed file root://cmsxrootd.fnal.gov//store/mc/RunIISummer20UL16MiniAODv2/DYJetsToLL_M-50_HT-600to800_TuneCP5_PSweights_13TeV-madgraphMLM-pythia8/MINIAODSIM/106X_mcRun2_asymptotic_v17-v2/2430000/CB9CAF92-8CCD-3B41-A33F-6A446D665873.root
10-Jan-2024 09:38:01 CET  Initiating request to open file root://cmsxrootd.fnal.gov//store/mc/RunIISummer20UL16MiniAODv2/DYJetsToLL_M-50_HT-600to800_TuneCP5_PSweights_13TeV-madgraphMLM-pythia8/MINIAODSIM/106X_mcRun2_asymptotic_v17-v2/100000/386A9C1A-D05A-1E48-AB6D-8AA65F9C585A.root
%MSG-w XrdAdaptor:  file_open 10-Jan-2024 09:38:03 CET PostProcessEvent
Data is served from fnal.gov instead of original site US-Regional-Nebraska
%MSG
10-Jan-2024 09:38:03 CET  Successfully opened file root://cmsxrootd.fnal.gov//store/mc/RunIISummer20UL16MiniAODv2/DYJetsToLL_M-50_HT-600to800_TuneCP5_PSweights_13TeV-madgraphMLM-pythia8/MINIAODSIM/106X_mcRun2_asymptotic_v17-v2/100000/386A9C1A-D05A-1E48-AB6D-8AA65F9C585A.root
10-Jan-2024 09:38:10 CET  Closed file root://cmsxrootd.fnal.gov//store/mc/RunIISummer20UL16MiniAODv2/DYJetsToLL_M-50_HT-600to800_TuneCP5_PSweights_13TeV-madgraphMLM-pythia8/MINIAODSIM/106X_mcRun2_asymptotic_v17-v2/100000/386A9C1A-D05A-1E48-AB6D-8AA65F9C585A.root
10-Jan-2024 09:38:10 CET  Initiating request to open file root://cmsxrootd.fnal.gov//store/mc/RunIISummer20UL16MiniAODv2/DYJetsToLL_M-50_HT-600to800_TuneCP5_PSweights_13TeV-madgraphMLM-pythia8/MINIAODSIM/106X_mcRun2_asymptotic_v17-v2/100000/F3F74469-4F46-6F46-B242-771E8F5280FB.root
%MSG-w XrdAdaptor:  file_open 10-Jan-2024 09:38:13 CET PostProcessEvent
Data is served from fnal.gov instead of original site US-Regional-Nebraska
%MSG
10-Jan-2024 09:38:13 CET  Successfully opened file root://cmsxrootd.fnal.gov//store/mc/RunIISummer20UL16MiniAODv2/DYJetsToLL_M-50_HT-600to800_TuneCP5_PSweights_13TeV-madgraphMLM-pythia8/MINIAODSIM/106X_mcRun2_asymptotic_v17-v2/100000/F3F74469-4F46-6F46-B242-771E8F5280FB.root
Begin processing the 500001st record. Run 1, Event 12570934, LumiSection 2399 on stream 0 at 10-Jan-2024 09:38:22.838 CET
10-Jan-2024 09:38:23 CET  Closed file root://cmsxrootd.fnal.gov//store/mc/RunIISummer20UL16MiniAODv2/DYJetsToLL_M-50_HT-600to800_TuneCP5_PSweights_13TeV-madgraphMLM-pythia8/MINIAODSIM/106X_mcRun2_asymptotic_v17-v2/100000/F3F74469-4F46-6F46-B242-771E8F5280FB.root
10-Jan-2024 09:38:23 CET  Initiating request to open file root://cmsxrootd.fnal.gov//store/mc/RunIISummer20UL16MiniAODv2/DYJetsToLL_M-50_HT-600to800_TuneCP5_PSweights_13TeV-madgraphMLM-pythia8/MINIAODSIM/106X_mcRun2_asymptotic_v17-v2/100000/DFF1E9F5-4071-1242-B80D-D319768E3755.root
%MSG-w XrdAdaptor:  file_open 10-Jan-2024 09:38:25 CET PostProcessEvent
Data is served from fnal.gov instead of original site US-Regional-Nebraska
%MSG
10-Jan-2024 09:38:26 CET  Successfully opened file root://cmsxrootd.fnal.gov//store/mc/RunIISummer20UL16MiniAODv2/DYJetsToLL_M-50_HT-600to800_TuneCP5_PSweights_13TeV-madgraphMLM-pythia8/MINIAODSIM/106X_mcRun2_asymptotic_v17-v2/100000/DFF1E9F5-4071-1242-B80D-D319768E3755.root
10-Jan-2024 09:38:32 CET  Closed file root://cmsxrootd.fnal.gov//store/mc/RunIISummer20UL16MiniAODv2/DYJetsToLL_M-50_HT-600to800_TuneCP5_PSweights_13TeV-madgraphMLM-pythia8/MINIAODSIM/106X_mcRun2_asymptotic_v17-v2/100000/DFF1E9F5-4071-1242-B80D-D319768E3755.root
10-Jan-2024 09:38:32 CET  Initiating request to open file root://cmsxrootd.fnal.gov//store/mc/RunIISummer20UL16MiniAODv2/DYJetsToLL_M-50_HT-600to800_TuneCP5_PSweights_13TeV-madgraphMLM-pythia8/MINIAODSIM/106X_mcRun2_asymptotic_v17-v2/100000/91C64573-358F-DA45-A653-50F11DDA6C99.root
%MSG-w XrdAdaptor:  file_open 10-Jan-2024 09:38:34 CET PostProcessEvent
Data is served from fnal.gov instead of original site US-Regional-Nebraska
%MSG
10-Jan-2024 09:38:35 CET  Successfully opened file root://cmsxrootd.fnal.gov//store/mc/RunIISummer20UL16MiniAODv2/DYJetsToLL_M-50_HT-600to800_TuneCP5_PSweights_13TeV-madgraphMLM-pythia8/MINIAODSIM/106X_mcRun2_asymptotic_v17-v2/100000/91C64573-358F-DA45-A653-50F11DDA6C99.root
10-Jan-2024 09:38:41 CET  Closed file root://cmsxrootd.fnal.gov//store/mc/RunIISummer20UL16MiniAODv2/DYJetsToLL_M-50_HT-600to800_TuneCP5_PSweights_13TeV-madgraphMLM-pythia8/MINIAODSIM/106X_mcRun2_asymptotic_v17-v2/100000/91C64573-358F-DA45-A653-50F11DDA6C99.root
10-Jan-2024 09:38:41 CET  Initiating request to open file root://cmsxrootd.fnal.gov//store/mc/RunIISummer20UL16MiniAODv2/DYJetsToLL_M-50_HT-600to800_TuneCP5_PSweights_13TeV-madgraphMLM-pythia8/MINIAODSIM/106X_mcRun2_asymptotic_v17-v2/100000/19420436-E370-4548-8CF9-A7A4979E4F30.root
%MSG-w XrdAdaptor:  file_open 10-Jan-2024 09:38:43 CET PostProcessEvent
Data is served from fnal.gov instead of original site US-Regional-Nebraska
%MSG
10-Jan-2024 09:38:44 CET  Successfully opened file root://cmsxrootd.fnal.gov//store/mc/RunIISummer20UL16MiniAODv2/DYJetsToLL_M-50_HT-600to800_TuneCP5_PSweights_13TeV-madgraphMLM-pythia8/MINIAODSIM/106X_mcRun2_asymptotic_v17-v2/100000/19420436-E370-4548-8CF9-A7A4979E4F30.root
Begin processing the 600001st record. Run 1, Event 7971152, LumiSection 1521 on stream 0 at 10-Jan-2024 09:38:49.562 CET
10-Jan-2024 09:38:50 CET  Closed file root://cmsxrootd.fnal.gov//store/mc/RunIISummer20UL16MiniAODv2/DYJetsToLL_M-50_HT-600to800_TuneCP5_PSweights_13TeV-madgraphMLM-pythia8/MINIAODSIM/106X_mcRun2_asymptotic_v17-v2/100000/19420436-E370-4548-8CF9-A7A4979E4F30.root
10-Jan-2024 09:38:50 CET  Initiating request to open file root://cmsxrootd.fnal.gov//store/mc/RunIISummer20UL16MiniAODv2/DYJetsToLL_M-50_HT-600to800_TuneCP5_PSweights_13TeV-madgraphMLM-pythia8/MINIAODSIM/106X_mcRun2_asymptotic_v17-v2/100000/7B9EF9EB-6AA3-534B-98C5-334E3231E7D1.root
%MSG-w XrdAdaptor:  file_open 10-Jan-2024 09:38:59 CET PostProcessEvent
Data is served from fnal.gov instead of original site US-Regional-Nebraska
%MSG
10-Jan-2024 09:39:00 CET  Successfully opened file root://cmsxrootd.fnal.gov//store/mc/RunIISummer20UL16MiniAODv2/DYJetsToLL_M-50_HT-600to800_TuneCP5_PSweights_13TeV-madgraphMLM-pythia8/MINIAODSIM/106X_mcRun2_asymptotic_v17-v2/100000/7B9EF9EB-6AA3-534B-98C5-334E3231E7D1.root
10-Jan-2024 09:39:08 CET  Closed file root://cmsxrootd.fnal.gov//store/mc/RunIISummer20UL16MiniAODv2/DYJetsToLL_M-50_HT-600to800_TuneCP5_PSweights_13TeV-madgraphMLM-pythia8/MINIAODSIM/106X_mcRun2_asymptotic_v17-v2/100000/7B9EF9EB-6AA3-534B-98C5-334E3231E7D1.root
10-Jan-2024 09:39:08 CET  Initiating request to open file root://cmsxrootd.fnal.gov//store/mc/RunIISummer20UL16MiniAODv2/DYJetsToLL_M-50_HT-600to800_TuneCP5_PSweights_13TeV-madgraphMLM-pythia8/MINIAODSIM/106X_mcRun2_asymptotic_v17-v2/100000/1B8C62CA-FC88-994D-9039-AD63E1563ED0.root
%MSG-w XrdAdaptor:  file_open 10-Jan-2024 09:39:10 CET PostProcessEvent
Data is served from fnal.gov instead of original site US-Regional-Nebraska
%MSG
10-Jan-2024 09:39:10 CET  Successfully opened file root://cmsxrootd.fnal.gov//store/mc/RunIISummer20UL16MiniAODv2/DYJetsToLL_M-50_HT-600to800_TuneCP5_PSweights_13TeV-madgraphMLM-pythia8/MINIAODSIM/106X_mcRun2_asymptotic_v17-v2/100000/1B8C62CA-FC88-994D-9039-AD63E1563ED0.root
10-Jan-2024 09:39:16 CET  Closed file root://cmsxrootd.fnal.gov//store/mc/RunIISummer20UL16MiniAODv2/DYJetsToLL_M-50_HT-600to800_TuneCP5_PSweights_13TeV-madgraphMLM-pythia8/MINIAODSIM/106X_mcRun2_asymptotic_v17-v2/100000/1B8C62CA-FC88-994D-9039-AD63E1563ED0.root
10-Jan-2024 09:39:16 CET  Initiating request to open file root://cmsxrootd.fnal.gov//store/mc/RunIISummer20UL16MiniAODv2/DYJetsToLL_M-50_HT-600to800_TuneCP5_PSweights_13TeV-madgraphMLM-pythia8/MINIAODSIM/106X_mcRun2_asymptotic_v17-v2/100000/2520CB64-8CB7-5149-B30E-88CC8F4B5194.root
%MSG-w XrdAdaptor:  file_open 10-Jan-2024 09:39:18 CET PostProcessEvent
Data is served from fnal.gov instead of original site US-Regional-Nebraska
%MSG
10-Jan-2024 09:39:19 CET  Successfully opened file root://cmsxrootd.fnal.gov//store/mc/RunIISummer20UL16MiniAODv2/DYJetsToLL_M-50_HT-600to800_TuneCP5_PSweights_13TeV-madgraphMLM-pythia8/MINIAODSIM/106X_mcRun2_asymptotic_v17-v2/100000/2520CB64-8CB7-5149-B30E-88CC8F4B5194.root
Begin processing the 700001st record. Run 1, Event 15016905, LumiSection 2866 on stream 0 at 10-Jan-2024 09:39:28.018 CET
10-Jan-2024 09:39:29 CET  Closed file root://cmsxrootd.fnal.gov//store/mc/RunIISummer20UL16MiniAODv2/DYJetsToLL_M-50_HT-600to800_TuneCP5_PSweights_13TeV-madgraphMLM-pythia8/MINIAODSIM/106X_mcRun2_asymptotic_v17-v2/100000/2520CB64-8CB7-5149-B30E-88CC8F4B5194.root
10-Jan-2024 09:39:29 CET  Initiating request to open file root://cmsxrootd.fnal.gov//store/mc/RunIISummer20UL16MiniAODv2/DYJetsToLL_M-50_HT-600to800_TuneCP5_PSweights_13TeV-madgraphMLM-pythia8/MINIAODSIM/106X_mcRun2_asymptotic_v17-v2/100000/BC726A05-DEB1-6B45-9C36-D39C19D07854.root
%MSG-w XrdAdaptor:  file_open 10-Jan-2024 09:39:32 CET PostProcessEvent
Data is served from fnal.gov instead of original site US-Regional-Nebraska
%MSG
10-Jan-2024 09:39:34 CET  Successfully opened file root://cmsxrootd.fnal.gov//store/mc/RunIISummer20UL16MiniAODv2/DYJetsToLL_M-50_HT-600to800_TuneCP5_PSweights_13TeV-madgraphMLM-pythia8/MINIAODSIM/106X_mcRun2_asymptotic_v17-v2/100000/BC726A05-DEB1-6B45-9C36-D39C19D07854.root
10-Jan-2024 09:39:42 CET  Closed file root://cmsxrootd.fnal.gov//store/mc/RunIISummer20UL16MiniAODv2/DYJetsToLL_M-50_HT-600to800_TuneCP5_PSweights_13TeV-madgraphMLM-pythia8/MINIAODSIM/106X_mcRun2_asymptotic_v17-v2/100000/BC726A05-DEB1-6B45-9C36-D39C19D07854.root
10-Jan-2024 09:39:42 CET  Initiating request to open file root://cmsxrootd.fnal.gov//store/mc/RunIISummer20UL16MiniAODv2/DYJetsToLL_M-50_HT-600to800_TuneCP5_PSweights_13TeV-madgraphMLM-pythia8/MINIAODSIM/106X_mcRun2_asymptotic_v17-v2/100000/64B60DA3-1415-324D-B13D-E65F2F10691F.root
%MSG-w XrdAdaptor:  file_open 10-Jan-2024 09:39:45 CET PostProcessEvent
Data is served from fnal.gov instead of original site US-Regional-Nebraska
%MSG
10-Jan-2024 09:39:45 CET  Successfully opened file root://cmsxrootd.fnal.gov//store/mc/RunIISummer20UL16MiniAODv2/DYJetsToLL_M-50_HT-600to800_TuneCP5_PSweights_13TeV-madgraphMLM-pythia8/MINIAODSIM/106X_mcRun2_asymptotic_v17-v2/100000/64B60DA3-1415-324D-B13D-E65F2F10691F.root
Begin processing the 800001st record. Run 1, Event 4314031, LumiSection 824 on stream 0 at 10-Jan-2024 09:39:51.717 CET
10-Jan-2024 09:39:53 CET  Closed file root://cmsxrootd.fnal.gov//store/mc/RunIISummer20UL16MiniAODv2/DYJetsToLL_M-50_HT-600to800_TuneCP5_PSweights_13TeV-madgraphMLM-pythia8/MINIAODSIM/106X_mcRun2_asymptotic_v17-v2/100000/64B60DA3-1415-324D-B13D-E65F2F10691F.root
10-Jan-2024 09:39:53 CET  Initiating request to open file root://cmsxrootd.fnal.gov//store/mc/RunIISummer20UL16MiniAODv2/DYJetsToLL_M-50_HT-600to800_TuneCP5_PSweights_13TeV-madgraphMLM-pythia8/MINIAODSIM/106X_mcRun2_asymptotic_v17-v2/100000/36F3123D-C142-7646-97D3-8DC47BBE77A8.root
%MSG-w XrdAdaptor:  file_open 10-Jan-2024 09:39:55 CET PostProcessEvent
Data is served from fnal.gov instead of original site US-Regional-Nebraska
%MSG
10-Jan-2024 09:39:56 CET  Successfully opened file root://cmsxrootd.fnal.gov//store/mc/RunIISummer20UL16MiniAODv2/DYJetsToLL_M-50_HT-600to800_TuneCP5_PSweights_13TeV-madgraphMLM-pythia8/MINIAODSIM/106X_mcRun2_asymptotic_v17-v2/100000/36F3123D-C142-7646-97D3-8DC47BBE77A8.root
10-Jan-2024 09:40:10 CET  Closed file root://cmsxrootd.fnal.gov//store/mc/RunIISummer20UL16MiniAODv2/DYJetsToLL_M-50_HT-600to800_TuneCP5_PSweights_13TeV-madgraphMLM-pythia8/MINIAODSIM/106X_mcRun2_asymptotic_v17-v2/100000/36F3123D-C142-7646-97D3-8DC47BBE77A8.root
10-Jan-2024 09:40:10 CET  Initiating request to open file root://cmsxrootd.fnal.gov//store/mc/RunIISummer20UL16MiniAODv2/DYJetsToLL_M-50_HT-600to800_TuneCP5_PSweights_13TeV-madgraphMLM-pythia8/MINIAODSIM/106X_mcRun2_asymptotic_v17-v2/100000/94AEE84E-86CC-DA46-B4B4-7FE4CB5B76EF.root
%MSG-w XrdAdaptor:  file_open 10-Jan-2024 09:40:13 CET PostProcessEvent
Data is served from fnal.gov instead of original site US-Regional-Nebraska
%MSG
10-Jan-2024 09:40:14 CET  Successfully opened file root://cmsxrootd.fnal.gov//store/mc/RunIISummer20UL16MiniAODv2/DYJetsToLL_M-50_HT-600to800_TuneCP5_PSweights_13TeV-madgraphMLM-pythia8/MINIAODSIM/106X_mcRun2_asymptotic_v17-v2/100000/94AEE84E-86CC-DA46-B4B4-7FE4CB5B76EF.root
Begin processing the 900001st record. Run 1, Event 2974744, LumiSection 568 on stream 0 at 10-Jan-2024 09:40:19.921 CET
10-Jan-2024 09:40:21 CET  Closed file root://cmsxrootd.fnal.gov//store/mc/RunIISummer20UL16MiniAODv2/DYJetsToLL_M-50_HT-600to800_TuneCP5_PSweights_13TeV-madgraphMLM-pythia8/MINIAODSIM/106X_mcRun2_asymptotic_v17-v2/100000/94AEE84E-86CC-DA46-B4B4-7FE4CB5B76EF.root
10-Jan-2024 09:40:21 CET  Initiating request to open file root://cmsxrootd.fnal.gov//store/mc/RunIISummer20UL16MiniAODv2/DYJetsToLL_M-50_HT-600to800_TuneCP5_PSweights_13TeV-madgraphMLM-pythia8/MINIAODSIM/106X_mcRun2_asymptotic_v17-v2/100000/8DB42E52-BE9E-0F4A-A879-07EE1600AD8D.root
%MSG-w XrdAdaptor:  file_open 10-Jan-2024 09:40:23 CET PostProcessEvent
Data is served from fnal.gov instead of original site US-Regional-Nebraska
%MSG
10-Jan-2024 09:40:24 CET  Successfully opened file root://cmsxrootd.fnal.gov//store/mc/RunIISummer20UL16MiniAODv2/DYJetsToLL_M-50_HT-600to800_TuneCP5_PSweights_13TeV-madgraphMLM-pythia8/MINIAODSIM/106X_mcRun2_asymptotic_v17-v2/100000/8DB42E52-BE9E-0F4A-A879-07EE1600AD8D.root
Begin processing the 1000001st record. Run 1, Event 23885462, LumiSection 4558 on stream 0 at 10-Jan-2024 09:40:32.463 CET
10-Jan-2024 09:40:32 CET  Closed file root://cmsxrootd.fnal.gov//store/mc/RunIISummer20UL16MiniAODv2/DYJetsToLL_M-50_HT-600to800_TuneCP5_PSweights_13TeV-madgraphMLM-pythia8/MINIAODSIM/106X_mcRun2_asymptotic_v17-v2/100000/8DB42E52-BE9E-0F4A-A879-07EE1600AD8D.root
10-Jan-2024 09:40:32 CET  Initiating request to open file root://cmsxrootd.fnal.gov//store/mc/RunIISummer20UL16MiniAODv2/DYJetsToLL_M-50_HT-600to800_TuneCP5_PSweights_13TeV-madgraphMLM-pythia8/MINIAODSIM/106X_mcRun2_asymptotic_v17-v2/100000/C5DCB754-A53E-C64D-B34B-60F50CF11A85.root
%MSG-w XrdAdaptor:  file_open 10-Jan-2024 09:40:34 CET PostProcessEvent
Data is served from fnal.gov instead of original site US-Regional-Nebraska
%MSG
10-Jan-2024 09:40:35 CET  Successfully opened file root://cmsxrootd.fnal.gov//store/mc/RunIISummer20UL16MiniAODv2/DYJetsToLL_M-50_HT-600to800_TuneCP5_PSweights_13TeV-madgraphMLM-pythia8/MINIAODSIM/106X_mcRun2_asymptotic_v17-v2/100000/C5DCB754-A53E-C64D-B34B-60F50CF11A85.root
10-Jan-2024 09:40:43 CET  Closed file root://cmsxrootd.fnal.gov//store/mc/RunIISummer20UL16MiniAODv2/DYJetsToLL_M-50_HT-600to800_TuneCP5_PSweights_13TeV-madgraphMLM-pythia8/MINIAODSIM/106X_mcRun2_asymptotic_v17-v2/100000/C5DCB754-A53E-C64D-B34B-60F50CF11A85.root
10-Jan-2024 09:40:43 CET  Initiating request to open file root://cmsxrootd.fnal.gov//store/mc/RunIISummer20UL16MiniAODv2/DYJetsToLL_M-50_HT-600to800_TuneCP5_PSweights_13TeV-madgraphMLM-pythia8/MINIAODSIM/106X_mcRun2_asymptotic_v17-v2/100000/21A14FBA-4312-8648-8A74-5DF81D05C63D.root
%MSG-w XrdAdaptor:  file_open 10-Jan-2024 09:40:46 CET PostProcessEvent
Data is served from fnal.gov instead of original site US-Regional-Nebraska
%MSG
10-Jan-2024 09:40:46 CET  Successfully opened file root://cmsxrootd.fnal.gov//store/mc/RunIISummer20UL16MiniAODv2/DYJetsToLL_M-50_HT-600to800_TuneCP5_PSweights_13TeV-madgraphMLM-pythia8/MINIAODSIM/106X_mcRun2_asymptotic_v17-v2/100000/21A14FBA-4312-8648-8A74-5DF81D05C63D.root
Begin processing the 1100001st record. Run 1, Event 17640380, LumiSection 3366 on stream 0 at 10-Jan-2024 09:40:54.854 CET
10-Jan-2024 09:40:55 CET  Closed file root://cmsxrootd.fnal.gov//store/mc/RunIISummer20UL16MiniAODv2/DYJetsToLL_M-50_HT-600to800_TuneCP5_PSweights_13TeV-madgraphMLM-pythia8/MINIAODSIM/106X_mcRun2_asymptotic_v17-v2/100000/21A14FBA-4312-8648-8A74-5DF81D05C63D.root
10-Jan-2024 09:40:55 CET  Initiating request to open file root://cmsxrootd.fnal.gov//store/mc/RunIISummer20UL16MiniAODv2/DYJetsToLL_M-50_HT-600to800_TuneCP5_PSweights_13TeV-madgraphMLM-pythia8/MINIAODSIM/106X_mcRun2_asymptotic_v17-v2/100000/CB66B6A6-4C10-E049-98A5-C20A4E0F5122.root
%MSG-w XrdAdaptor:  file_open 10-Jan-2024 09:40:57 CET PostProcessEvent
Data is served from fnal.gov instead of original site US-Regional-Nebraska
%MSG
10-Jan-2024 09:40:58 CET  Successfully opened file root://cmsxrootd.fnal.gov//store/mc/RunIISummer20UL16MiniAODv2/DYJetsToLL_M-50_HT-600to800_TuneCP5_PSweights_13TeV-madgraphMLM-pythia8/MINIAODSIM/106X_mcRun2_asymptotic_v17-v2/100000/CB66B6A6-4C10-E049-98A5-C20A4E0F5122.root
10-Jan-2024 09:41:03 CET  Closed file root://cmsxrootd.fnal.gov//store/mc/RunIISummer20UL16MiniAODv2/DYJetsToLL_M-50_HT-600to800_TuneCP5_PSweights_13TeV-madgraphMLM-pythia8/MINIAODSIM/106X_mcRun2_asymptotic_v17-v2/100000/CB66B6A6-4C10-E049-98A5-C20A4E0F5122.root
10-Jan-2024 09:41:03 CET  Initiating request to open file root://cmsxrootd.fnal.gov//store/mc/RunIISummer20UL16MiniAODv2/DYJetsToLL_M-50_HT-600to800_TuneCP5_PSweights_13TeV-madgraphMLM-pythia8/MINIAODSIM/106X_mcRun2_asymptotic_v17-v2/40000/76399750-A304-CD43-B10D-C4AEA60C577D.root
%MSG-w XrdAdaptor:  file_open 10-Jan-2024 09:41:09 CET PostProcessEvent
Data is served from T2_BR_SPRACE instead of original site US-Regional-Nebraska
%MSG
10-Jan-2024 09:41:10 CET  Successfully opened file root://cmsxrootd.fnal.gov//store/mc/RunIISummer20UL16MiniAODv2/DYJetsToLL_M-50_HT-600to800_TuneCP5_PSweights_13TeV-madgraphMLM-pythia8/MINIAODSIM/106X_mcRun2_asymptotic_v17-v2/40000/76399750-A304-CD43-B10D-C4AEA60C577D.root
10-Jan-2024 09:41:23 CET  Closed file root://cmsxrootd.fnal.gov//store/mc/RunIISummer20UL16MiniAODv2/DYJetsToLL_M-50_HT-600to800_TuneCP5_PSweights_13TeV-madgraphMLM-pythia8/MINIAODSIM/106X_mcRun2_asymptotic_v17-v2/40000/76399750-A304-CD43-B10D-C4AEA60C577D.root
10-Jan-2024 09:41:23 CET  Initiating request to open file root://cmsxrootd.fnal.gov//store/mc/RunIISummer20UL16MiniAODv2/DYJetsToLL_M-50_HT-600to800_TuneCP5_PSweights_13TeV-madgraphMLM-pythia8/MINIAODSIM/106X_mcRun2_asymptotic_v17-v2/2510000/16B349EB-819F-C243-8D40-E158DA584A04.root
%MSG-w XrdAdaptor:  file_open 10-Jan-2024 09:41:25 CET PostProcessEvent
Data is served from fnal.gov instead of original site US-Regional-Nebraska
%MSG
10-Jan-2024 09:41:26 CET  Successfully opened file root://cmsxrootd.fnal.gov//store/mc/RunIISummer20UL16MiniAODv2/DYJetsToLL_M-50_HT-600to800_TuneCP5_PSweights_13TeV-madgraphMLM-pythia8/MINIAODSIM/106X_mcRun2_asymptotic_v17-v2/2510000/16B349EB-819F-C243-8D40-E158DA584A04.root
Begin processing the 1200001st record. Run 1, Event 11283704, LumiSection 2823 on stream 0 at 10-Jan-2024 09:41:32.964 CET
10-Jan-2024 09:41:33 CET  Closed file root://cmsxrootd.fnal.gov//store/mc/RunIISummer20UL16MiniAODv2/DYJetsToLL_M-50_HT-600to800_TuneCP5_PSweights_13TeV-madgraphMLM-pythia8/MINIAODSIM/106X_mcRun2_asymptotic_v17-v2/2510000/16B349EB-819F-C243-8D40-E158DA584A04.root
10-Jan-2024 09:41:33 CET  Initiating request to open file root://cmsxrootd.fnal.gov//store/mc/RunIISummer20UL16MiniAODv2/DYJetsToLL_M-50_HT-600to800_TuneCP5_PSweights_13TeV-madgraphMLM-pythia8/MINIAODSIM/106X_mcRun2_asymptotic_v17-v2/2510000/8A7CB028-5FA9-C84C-86A8-1885AF26B73A.root
%MSG-w XrdAdaptor:  file_open 10-Jan-2024 09:41:36 CET PostProcessEvent
Data is served from fnal.gov instead of original site US-Regional-Nebraska
%MSG
10-Jan-2024 09:41:38 CET  Successfully opened file root://cmsxrootd.fnal.gov//store/mc/RunIISummer20UL16MiniAODv2/DYJetsToLL_M-50_HT-600to800_TuneCP5_PSweights_13TeV-madgraphMLM-pythia8/MINIAODSIM/106X_mcRun2_asymptotic_v17-v2/2510000/8A7CB028-5FA9-C84C-86A8-1885AF26B73A.root
10-Jan-2024 09:41:45 CET  Closed file root://cmsxrootd.fnal.gov//store/mc/RunIISummer20UL16MiniAODv2/DYJetsToLL_M-50_HT-600to800_TuneCP5_PSweights_13TeV-madgraphMLM-pythia8/MINIAODSIM/106X_mcRun2_asymptotic_v17-v2/2510000/8A7CB028-5FA9-C84C-86A8-1885AF26B73A.root
10-Jan-2024 09:41:45 CET  Initiating request to open file root://cmsxrootd.fnal.gov//store/mc/RunIISummer20UL16MiniAODv2/DYJetsToLL_M-50_HT-600to800_TuneCP5_PSweights_13TeV-madgraphMLM-pythia8/MINIAODSIM/106X_mcRun2_asymptotic_v17-v2/2510000/D36B2166-DECD-E540-B092-3219DA930476.root
[2024-01-10 09:41:47.712139 +0100][Error  ][AsyncSock         ] [xrd-ds03.sprace.org.br:1094 #0.0] Socket error encountered: [ERROR] Internal error
%MSG-w XrdAdaptor:  file_open 10-Jan-2024 09:41:47 CET PostProcessEvent
Data is served from fnal.gov instead of original site US-Regional-Nebraska
%MSG
10-Jan-2024 09:41:48 CET  Successfully opened file root://cmsxrootd.fnal.gov//store/mc/RunIISummer20UL16MiniAODv2/DYJetsToLL_M-50_HT-600to800_TuneCP5_PSweights_13TeV-madgraphMLM-pythia8/MINIAODSIM/106X_mcRun2_asymptotic_v17-v2/2510000/D36B2166-DECD-E540-B092-3219DA930476.root
Begin processing the 1300001st record. Run 1, Event 22151269, LumiSection 4227 on stream 0 at 10-Jan-2024 09:41:55.772 CET
10-Jan-2024 09:41:56 CET  Closed file root://cmsxrootd.fnal.gov//store/mc/RunIISummer20UL16MiniAODv2/DYJetsToLL_M-50_HT-600to800_TuneCP5_PSweights_13TeV-madgraphMLM-pythia8/MINIAODSIM/106X_mcRun2_asymptotic_v17-v2/2510000/D36B2166-DECD-E540-B092-3219DA930476.root
10-Jan-2024 09:41:56 CET  Initiating request to open file root://cmsxrootd.fnal.gov//store/mc/RunIISummer20UL16MiniAODv2/DYJetsToLL_M-50_HT-600to800_TuneCP5_PSweights_13TeV-madgraphMLM-pythia8/MINIAODSIM/106X_mcRun2_asymptotic_v17-v2/2510000/6082D340-3322-F743-BA80-E19CC5A623E9.root
[2024-01-10 09:41:58.111082 +0100][Error  ][AsyncSock         ] [xrd-ds04.sprace.org.br:1094 #0.0] Socket error encountered: [ERROR] Internal error
%MSG-w XrdAdaptor:  file_open 10-Jan-2024 09:41:58 CET PostProcessEvent
Data is served from fnal.gov instead of original site US-Regional-Nebraska
%MSG
10-Jan-2024 09:41:59 CET  Successfully opened file root://cmsxrootd.fnal.gov//store/mc/RunIISummer20UL16MiniAODv2/DYJetsToLL_M-50_HT-600to800_TuneCP5_PSweights_13TeV-madgraphMLM-pythia8/MINIAODSIM/106X_mcRun2_asymptotic_v17-v2/2510000/6082D340-3322-F743-BA80-E19CC5A623E9.root
10-Jan-2024 09:42:07 CET  Closed file root://cmsxrootd.fnal.gov//store/mc/RunIISummer20UL16MiniAODv2/DYJetsToLL_M-50_HT-600to800_TuneCP5_PSweights_13TeV-madgraphMLM-pythia8/MINIAODSIM/106X_mcRun2_asymptotic_v17-v2/2510000/6082D340-3322-F743-BA80-E19CC5A623E9.root
10-Jan-2024 09:42:07 CET  Initiating request to open file root://cmsxrootd.fnal.gov//store/mc/RunIISummer20UL16MiniAODv2/DYJetsToLL_M-50_HT-600to800_TuneCP5_PSweights_13TeV-madgraphMLM-pythia8/MINIAODSIM/106X_mcRun2_asymptotic_v17-v2/2510000/37B2D719-D91F-B74B-A53E-45D028E62A7A.root
%MSG-w XrdAdaptor:  file_open 10-Jan-2024 09:42:09 CET PostProcessEvent
Data is served from fnal.gov instead of original site US-Regional-Nebraska
%MSG
10-Jan-2024 09:42:09 CET  Successfully opened file root://cmsxrootd.fnal.gov//store/mc/RunIISummer20UL16MiniAODv2/DYJetsToLL_M-50_HT-600to800_TuneCP5_PSweights_13TeV-madgraphMLM-pythia8/MINIAODSIM/106X_mcRun2_asymptotic_v17-v2/2510000/37B2D719-D91F-B74B-A53E-45D028E62A7A.root
10-Jan-2024 09:42:16 CET  Closed file root://cmsxrootd.fnal.gov//store/mc/RunIISummer20UL16MiniAODv2/DYJetsToLL_M-50_HT-600to800_TuneCP5_PSweights_13TeV-madgraphMLM-pythia8/MINIAODSIM/106X_mcRun2_asymptotic_v17-v2/2510000/37B2D719-D91F-B74B-A53E-45D028E62A7A.root
10-Jan-2024 09:42:16 CET  Initiating request to open file root://cmsxrootd.fnal.gov//store/mc/RunIISummer20UL16MiniAODv2/DYJetsToLL_M-50_HT-600to800_TuneCP5_PSweights_13TeV-madgraphMLM-pythia8/MINIAODSIM/106X_mcRun2_asymptotic_v17-v2/2510000/D02AD3AE-3C91-D04E-A7BB-21FE71547CD3.root
%MSG-w XrdAdaptor:  file_open 10-Jan-2024 09:42:19 CET PostProcessEvent
Data is served from fnal.gov instead of original site US-Regional-Nebraska
%MSG
10-Jan-2024 09:42:21 CET  Successfully opened file root://cmsxrootd.fnal.gov//store/mc/RunIISummer20UL16MiniAODv2/DYJetsToLL_M-50_HT-600to800_TuneCP5_PSweights_13TeV-madgraphMLM-pythia8/MINIAODSIM/106X_mcRun2_asymptotic_v17-v2/2510000/D02AD3AE-3C91-D04E-A7BB-21FE71547CD3.root
Begin processing the 1400001st record. Run 1, Event 632596, LumiSection 121 on stream 0 at 10-Jan-2024 09:42:27.353 CET
10-Jan-2024 09:42:28 CET  Closed file root://cmsxrootd.fnal.gov//store/mc/RunIISummer20UL16MiniAODv2/DYJetsToLL_M-50_HT-600to800_TuneCP5_PSweights_13TeV-madgraphMLM-pythia8/MINIAODSIM/106X_mcRun2_asymptotic_v17-v2/2510000/D02AD3AE-3C91-D04E-A7BB-21FE71547CD3.root
10-Jan-2024 09:42:28 CET  Initiating request to open file root://cmsxrootd.fnal.gov//store/mc/RunIISummer20UL16MiniAODv2/DYJetsToLL_M-50_HT-600to800_TuneCP5_PSweights_13TeV-madgraphMLM-pythia8/MINIAODSIM/106X_mcRun2_asymptotic_v17-v2/2510000/A64635EB-76C7-F448-AE87-D8A03502010D.root
%MSG-w XrdAdaptor:  file_open 10-Jan-2024 09:42:31 CET PostProcessEvent
Data is served from fnal.gov instead of original site US-Regional-Nebraska
%MSG
10-Jan-2024 09:42:32 CET  Successfully opened file root://cmsxrootd.fnal.gov//store/mc/RunIISummer20UL16MiniAODv2/DYJetsToLL_M-50_HT-600to800_TuneCP5_PSweights_13TeV-madgraphMLM-pythia8/MINIAODSIM/106X_mcRun2_asymptotic_v17-v2/2510000/A64635EB-76C7-F448-AE87-D8A03502010D.root
Begin processing the 1500001st record. Run 1, Event 878014, LumiSection 168 on stream 0 at 10-Jan-2024 09:42:39.056 CET
10-Jan-2024 09:42:39 CET  Closed file root://cmsxrootd.fnal.gov//store/mc/RunIISummer20UL16MiniAODv2/DYJetsToLL_M-50_HT-600to800_TuneCP5_PSweights_13TeV-madgraphMLM-pythia8/MINIAODSIM/106X_mcRun2_asymptotic_v17-v2/2510000/A64635EB-76C7-F448-AE87-D8A03502010D.root
10-Jan-2024 09:42:39 CET  Initiating request to open file root://cmsxrootd.fnal.gov//store/mc/RunIISummer20UL16MiniAODv2/DYJetsToLL_M-50_HT-600to800_TuneCP5_PSweights_13TeV-madgraphMLM-pythia8/MINIAODSIM/106X_mcRun2_asymptotic_v17-v2/2510000/B0DB7E55-8032-E34A-911A-B69CAA098C69.root
%MSG-w XrdAdaptor:  file_open 10-Jan-2024 09:42:41 CET PostProcessEvent
Data is served from fnal.gov instead of original site US-Regional-Nebraska
%MSG
10-Jan-2024 09:42:42 CET  Successfully opened file root://cmsxrootd.fnal.gov//store/mc/RunIISummer20UL16MiniAODv2/DYJetsToLL_M-50_HT-600to800_TuneCP5_PSweights_13TeV-madgraphMLM-pythia8/MINIAODSIM/106X_mcRun2_asymptotic_v17-v2/2510000/B0DB7E55-8032-E34A-911A-B69CAA098C69.root
10-Jan-2024 09:42:50 CET  Closed file root://cmsxrootd.fnal.gov//store/mc/RunIISummer20UL16MiniAODv2/DYJetsToLL_M-50_HT-600to800_TuneCP5_PSweights_13TeV-madgraphMLM-pythia8/MINIAODSIM/106X_mcRun2_asymptotic_v17-v2/2510000/B0DB7E55-8032-E34A-911A-B69CAA098C69.root
10-Jan-2024 09:42:50 CET  Initiating request to open file root://cmsxrootd.fnal.gov//store/mc/RunIISummer20UL16MiniAODv2/DYJetsToLL_M-50_HT-600to800_TuneCP5_PSweights_13TeV-madgraphMLM-pythia8/MINIAODSIM/106X_mcRun2_asymptotic_v17-v2/2510000/8B600BDB-6E92-B349-8B6A-0A96D8721E23.root
%MSG-w XrdAdaptor:  file_open 10-Jan-2024 09:42:52 CET PostProcessEvent
Data is served from fnal.gov instead of original site US-Regional-Nebraska
%MSG
10-Jan-2024 09:42:53 CET  Successfully opened file root://cmsxrootd.fnal.gov//store/mc/RunIISummer20UL16MiniAODv2/DYJetsToLL_M-50_HT-600to800_TuneCP5_PSweights_13TeV-madgraphMLM-pythia8/MINIAODSIM/106X_mcRun2_asymptotic_v17-v2/2510000/8B600BDB-6E92-B349-8B6A-0A96D8721E23.root
Begin processing the 1600001st record. Run 1, Event 3382672, LumiSection 646 on stream 0 at 10-Jan-2024 09:43:00.360 CET
10-Jan-2024 09:43:00 CET  Closed file root://cmsxrootd.fnal.gov//store/mc/RunIISummer20UL16MiniAODv2/DYJetsToLL_M-50_HT-600to800_TuneCP5_PSweights_13TeV-madgraphMLM-pythia8/MINIAODSIM/106X_mcRun2_asymptotic_v17-v2/2510000/8B600BDB-6E92-B349-8B6A-0A96D8721E23.root
10-Jan-2024 09:43:00 CET  Initiating request to open file root://cmsxrootd.fnal.gov//store/mc/RunIISummer20UL16MiniAODv2/DYJetsToLL_M-50_HT-600to800_TuneCP5_PSweights_13TeV-madgraphMLM-pythia8/MINIAODSIM/106X_mcRun2_asymptotic_v17-v2/2510000/021674A6-A868-6949-8EC3-420EF398EB2F.root
%MSG-w XrdAdaptor:  file_open 10-Jan-2024 09:43:02 CET PostProcessEvent
Data is served from fnal.gov instead of original site US-Regional-Nebraska
%MSG
10-Jan-2024 09:43:03 CET  Successfully opened file root://cmsxrootd.fnal.gov//store/mc/RunIISummer20UL16MiniAODv2/DYJetsToLL_M-50_HT-600to800_TuneCP5_PSweights_13TeV-madgraphMLM-pythia8/MINIAODSIM/106X_mcRun2_asymptotic_v17-v2/2510000/021674A6-A868-6949-8EC3-420EF398EB2F.root
10-Jan-2024 09:43:09 CET  Closed file root://cmsxrootd.fnal.gov//store/mc/RunIISummer20UL16MiniAODv2/DYJetsToLL_M-50_HT-600to800_TuneCP5_PSweights_13TeV-madgraphMLM-pythia8/MINIAODSIM/106X_mcRun2_asymptotic_v17-v2/2510000/021674A6-A868-6949-8EC3-420EF398EB2F.root
10-Jan-2024 09:43:09 CET  Initiating request to open file root://cmsxrootd.fnal.gov//store/mc/RunIISummer20UL16MiniAODv2/DYJetsToLL_M-50_HT-600to800_TuneCP5_PSweights_13TeV-madgraphMLM-pythia8/MINIAODSIM/106X_mcRun2_asymptotic_v17-v2/2510000/4624F26D-4B50-714C-9C49-2F666B25C7B6.root
%MSG-w XrdAdaptor:  file_open 10-Jan-2024 09:43:11 CET PostProcessEvent
Data is served from fnal.gov instead of original site US-Regional-Nebraska
%MSG
10-Jan-2024 09:43:12 CET  Successfully opened file root://cmsxrootd.fnal.gov//store/mc/RunIISummer20UL16MiniAODv2/DYJetsToLL_M-50_HT-600to800_TuneCP5_PSweights_13TeV-madgraphMLM-pythia8/MINIAODSIM/106X_mcRun2_asymptotic_v17-v2/2510000/4624F26D-4B50-714C-9C49-2F666B25C7B6.root
Begin processing the 1700001st record. Run 1, Event 23126824, LumiSection 4413 on stream 0 at 10-Jan-2024 09:43:20.657 CET
10-Jan-2024 09:43:20 CET  Closed file root://cmsxrootd.fnal.gov//store/mc/RunIISummer20UL16MiniAODv2/DYJetsToLL_M-50_HT-600to800_TuneCP5_PSweights_13TeV-madgraphMLM-pythia8/MINIAODSIM/106X_mcRun2_asymptotic_v17-v2/2510000/4624F26D-4B50-714C-9C49-2F666B25C7B6.root
10-Jan-2024 09:43:20 CET  Initiating request to open file root://cmsxrootd.fnal.gov//store/mc/RunIISummer20UL16MiniAODv2/DYJetsToLL_M-50_HT-600to800_TuneCP5_PSweights_13TeV-madgraphMLM-pythia8/MINIAODSIM/106X_mcRun2_asymptotic_v17-v2/2510000/DFCAD4AD-AD5A-AE46-B00C-E9088F83463B.root
%MSG-w XrdAdaptor:  file_open 10-Jan-2024 09:43:22 CET PostProcessEvent
Data is served from fnal.gov instead of original site US-Regional-Nebraska
%MSG
10-Jan-2024 09:43:23 CET  Successfully opened file root://cmsxrootd.fnal.gov//store/mc/RunIISummer20UL16MiniAODv2/DYJetsToLL_M-50_HT-600to800_TuneCP5_PSweights_13TeV-madgraphMLM-pythia8/MINIAODSIM/106X_mcRun2_asymptotic_v17-v2/2510000/DFCAD4AD-AD5A-AE46-B00C-E9088F83463B.root
10-Jan-2024 09:43:30 CET  Closed file root://cmsxrootd.fnal.gov//store/mc/RunIISummer20UL16MiniAODv2/DYJetsToLL_M-50_HT-600to800_TuneCP5_PSweights_13TeV-madgraphMLM-pythia8/MINIAODSIM/106X_mcRun2_asymptotic_v17-v2/2510000/DFCAD4AD-AD5A-AE46-B00C-E9088F83463B.root
10-Jan-2024 09:43:30 CET  Initiating request to open file root://cmsxrootd.fnal.gov//store/mc/RunIISummer20UL16MiniAODv2/DYJetsToLL_M-50_HT-600to800_TuneCP5_PSweights_13TeV-madgraphMLM-pythia8/MINIAODSIM/106X_mcRun2_asymptotic_v17-v2/2510000/264B470F-2A24-3E47-83FA-3E8E0D0765D1.root
%MSG-w XrdAdaptor:  file_open 10-Jan-2024 09:43:32 CET PostProcessEvent
Data is served from fnal.gov instead of original site US-Regional-Nebraska
%MSG
10-Jan-2024 09:43:33 CET  Successfully opened file root://cmsxrootd.fnal.gov//store/mc/RunIISummer20UL16MiniAODv2/DYJetsToLL_M-50_HT-600to800_TuneCP5_PSweights_13TeV-madgraphMLM-pythia8/MINIAODSIM/106X_mcRun2_asymptotic_v17-v2/2510000/264B470F-2A24-3E47-83FA-3E8E0D0765D1.root
Begin processing the 1800001st record. Run 1, Event 17254742, LumiSection 3293 on stream 0 at 10-Jan-2024 09:43:42.140 CET
10-Jan-2024 09:43:42 CET  Closed file root://cmsxrootd.fnal.gov//store/mc/RunIISummer20UL16MiniAODv2/DYJetsToLL_M-50_HT-600to800_TuneCP5_PSweights_13TeV-madgraphMLM-pythia8/MINIAODSIM/106X_mcRun2_asymptotic_v17-v2/2510000/264B470F-2A24-3E47-83FA-3E8E0D0765D1.root
10-Jan-2024 09:43:42 CET  Initiating request to open file root://cmsxrootd.fnal.gov//store/mc/RunIISummer20UL16MiniAODv2/DYJetsToLL_M-50_HT-600to800_TuneCP5_PSweights_13TeV-madgraphMLM-pythia8/MINIAODSIM/106X_mcRun2_asymptotic_v17-v2/2510000/A3F3FA0A-9F5D-194F-A0F8-0BEB4BECEE59.root
%MSG-w XrdAdaptor:  file_open 10-Jan-2024 09:43:44 CET PostProcessEvent
Data is served from fnal.gov instead of original site US-Regional-Nebraska
%MSG
10-Jan-2024 09:43:45 CET  Successfully opened file root://cmsxrootd.fnal.gov//store/mc/RunIISummer20UL16MiniAODv2/DYJetsToLL_M-50_HT-600to800_TuneCP5_PSweights_13TeV-madgraphMLM-pythia8/MINIAODSIM/106X_mcRun2_asymptotic_v17-v2/2510000/A3F3FA0A-9F5D-194F-A0F8-0BEB4BECEE59.root
10-Jan-2024 09:43:51 CET  Closed file root://cmsxrootd.fnal.gov//store/mc/RunIISummer20UL16MiniAODv2/DYJetsToLL_M-50_HT-600to800_TuneCP5_PSweights_13TeV-madgraphMLM-pythia8/MINIAODSIM/106X_mcRun2_asymptotic_v17-v2/2510000/A3F3FA0A-9F5D-194F-A0F8-0BEB4BECEE59.root
10-Jan-2024 09:43:51 CET  Initiating request to open file root://cmsxrootd.fnal.gov//store/mc/RunIISummer20UL16MiniAODv2/DYJetsToLL_M-50_HT-600to800_TuneCP5_PSweights_13TeV-madgraphMLM-pythia8/MINIAODSIM/106X_mcRun2_asymptotic_v17-v2/2510000/B268F013-44A6-2847-9D5F-008581304976.root
%MSG-w XrdAdaptor:  file_open 10-Jan-2024 09:43:53 CET PostProcessEvent
Data is served from fnal.gov instead of original site US-Regional-Nebraska
%MSG
10-Jan-2024 09:43:54 CET  Successfully opened file root://cmsxrootd.fnal.gov//store/mc/RunIISummer20UL16MiniAODv2/DYJetsToLL_M-50_HT-600to800_TuneCP5_PSweights_13TeV-madgraphMLM-pythia8/MINIAODSIM/106X_mcRun2_asymptotic_v17-v2/2510000/B268F013-44A6-2847-9D5F-008581304976.root
Begin processing the 1900001st record. Run 1, Event 1162039, LumiSection 222 on stream 0 at 10-Jan-2024 09:44:00.961 CET
10-Jan-2024 09:44:01 CET  Closed file root://cmsxrootd.fnal.gov//store/mc/RunIISummer20UL16MiniAODv2/DYJetsToLL_M-50_HT-600to800_TuneCP5_PSweights_13TeV-madgraphMLM-pythia8/MINIAODSIM/106X_mcRun2_asymptotic_v17-v2/2510000/B268F013-44A6-2847-9D5F-008581304976.root
10-Jan-2024 09:44:01 CET  Initiating request to open file root://cmsxrootd.fnal.gov//store/mc/RunIISummer20UL16MiniAODv2/DYJetsToLL_M-50_HT-600to800_TuneCP5_PSweights_13TeV-madgraphMLM-pythia8/MINIAODSIM/106X_mcRun2_asymptotic_v17-v2/2510000/F6B8370B-02B2-7046-8B49-8CA85AB884B5.root
%MSG-w XrdAdaptor:  file_open 10-Jan-2024 09:44:03 CET PostProcessEvent
Data is served from fnal.gov instead of original site US-Regional-Nebraska
%MSG
10-Jan-2024 09:44:04 CET  Successfully opened file root://cmsxrootd.fnal.gov//store/mc/RunIISummer20UL16MiniAODv2/DYJetsToLL_M-50_HT-600to800_TuneCP5_PSweights_13TeV-madgraphMLM-pythia8/MINIAODSIM/106X_mcRun2_asymptotic_v17-v2/2510000/F6B8370B-02B2-7046-8B49-8CA85AB884B5.root
10-Jan-2024 09:44:11 CET  Closed file root://cmsxrootd.fnal.gov//store/mc/RunIISummer20UL16MiniAODv2/DYJetsToLL_M-50_HT-600to800_TuneCP5_PSweights_13TeV-madgraphMLM-pythia8/MINIAODSIM/106X_mcRun2_asymptotic_v17-v2/2510000/F6B8370B-02B2-7046-8B49-8CA85AB884B5.root
10-Jan-2024 09:44:11 CET  Initiating request to open file root://cmsxrootd.fnal.gov//store/mc/RunIISummer20UL16MiniAODv2/DYJetsToLL_M-50_HT-600to800_TuneCP5_PSweights_13TeV-madgraphMLM-pythia8/MINIAODSIM/106X_mcRun2_asymptotic_v17-v2/2510000/ECDA07FC-5E0F-2347-8572-BBA08F30F318.root
%MSG-w XrdAdaptor:  file_open 10-Jan-2024 09:44:14 CET PostProcessEvent
Data is served from fnal.gov instead of original site US-Regional-Nebraska
%MSG
10-Jan-2024 09:44:15 CET  Successfully opened file root://cmsxrootd.fnal.gov//store/mc/RunIISummer20UL16MiniAODv2/DYJetsToLL_M-50_HT-600to800_TuneCP5_PSweights_13TeV-madgraphMLM-pythia8/MINIAODSIM/106X_mcRun2_asymptotic_v17-v2/2510000/ECDA07FC-5E0F-2347-8572-BBA08F30F318.root
Begin processing the 2000001st record. Run 1, Event 24791885, LumiSection 4731 on stream 0 at 10-Jan-2024 09:44:22.027 CET
10-Jan-2024 09:44:22 CET  Closed file root://cmsxrootd.fnal.gov//store/mc/RunIISummer20UL16MiniAODv2/DYJetsToLL_M-50_HT-600to800_TuneCP5_PSweights_13TeV-madgraphMLM-pythia8/MINIAODSIM/106X_mcRun2_asymptotic_v17-v2/2510000/ECDA07FC-5E0F-2347-8572-BBA08F30F318.root
10-Jan-2024 09:44:22 CET  Initiating request to open file root://cmsxrootd.fnal.gov//store/mc/RunIISummer20UL16MiniAODv2/DYJetsToLL_M-50_HT-600to800_TuneCP5_PSweights_13TeV-madgraphMLM-pythia8/MINIAODSIM/106X_mcRun2_asymptotic_v17-v2/2510000/FC481103-615F-D445-81BF-367DD9F89433.root
%MSG-w XrdAdaptor:  file_open 10-Jan-2024 09:44:24 CET PostProcessEvent
Data is served from fnal.gov instead of original site US-Regional-Nebraska
%MSG
10-Jan-2024 09:44:24 CET  Successfully opened file root://cmsxrootd.fnal.gov//store/mc/RunIISummer20UL16MiniAODv2/DYJetsToLL_M-50_HT-600to800_TuneCP5_PSweights_13TeV-madgraphMLM-pythia8/MINIAODSIM/106X_mcRun2_asymptotic_v17-v2/2510000/FC481103-615F-D445-81BF-367DD9F89433.root
10-Jan-2024 09:44:31 CET  Closed file root://cmsxrootd.fnal.gov//store/mc/RunIISummer20UL16MiniAODv2/DYJetsToLL_M-50_HT-600to800_TuneCP5_PSweights_13TeV-madgraphMLM-pythia8/MINIAODSIM/106X_mcRun2_asymptotic_v17-v2/2510000/FC481103-615F-D445-81BF-367DD9F89433.root
10-Jan-2024 09:44:31 CET  Initiating request to open file root://cmsxrootd.fnal.gov//store/mc/RunIISummer20UL16MiniAODv2/DYJetsToLL_M-50_HT-600to800_TuneCP5_PSweights_13TeV-madgraphMLM-pythia8/MINIAODSIM/106X_mcRun2_asymptotic_v17-v2/2510000/0FC4A2D0-1885-914A-BCCB-918CC99010F8.root
%MSG-w XrdAdaptor:  file_open 10-Jan-2024 09:44:33 CET PostProcessEvent
Data is served from fnal.gov instead of original site US-Regional-Nebraska
%MSG
10-Jan-2024 09:44:34 CET  Successfully opened file root://cmsxrootd.fnal.gov//store/mc/RunIISummer20UL16MiniAODv2/DYJetsToLL_M-50_HT-600to800_TuneCP5_PSweights_13TeV-madgraphMLM-pythia8/MINIAODSIM/106X_mcRun2_asymptotic_v17-v2/2510000/0FC4A2D0-1885-914A-BCCB-918CC99010F8.root
Begin processing the 2100001st record. Run 1, Event 5244756, LumiSection 1001 on stream 0 at 10-Jan-2024 09:44:42.950 CET
10-Jan-2024 09:44:43 CET  Closed file root://cmsxrootd.fnal.gov//store/mc/RunIISummer20UL16MiniAODv2/DYJetsToLL_M-50_HT-600to800_TuneCP5_PSweights_13TeV-madgraphMLM-pythia8/MINIAODSIM/106X_mcRun2_asymptotic_v17-v2/2510000/0FC4A2D0-1885-914A-BCCB-918CC99010F8.root
10-Jan-2024 09:44:43 CET  Initiating request to open file root://cmsxrootd.fnal.gov//store/mc/RunIISummer20UL16MiniAODv2/DYJetsToLL_M-50_HT-600to800_TuneCP5_PSweights_13TeV-madgraphMLM-pythia8/MINIAODSIM/106X_mcRun2_asymptotic_v17-v2/2510000/585571CB-08CD-074F-994E-3BBC351EB6BB.root
%MSG-w XrdAdaptor:  file_open 10-Jan-2024 09:44:46 CET PostProcessEvent
Data is served from fnal.gov instead of original site US-Regional-Nebraska
%MSG
10-Jan-2024 09:44:48 CET  Successfully opened file root://cmsxrootd.fnal.gov//store/mc/RunIISummer20UL16MiniAODv2/DYJetsToLL_M-50_HT-600to800_TuneCP5_PSweights_13TeV-madgraphMLM-pythia8/MINIAODSIM/106X_mcRun2_asymptotic_v17-v2/2510000/585571CB-08CD-074F-994E-3BBC351EB6BB.root
10-Jan-2024 09:44:56 CET  Closed file root://cmsxrootd.fnal.gov//store/mc/RunIISummer20UL16MiniAODv2/DYJetsToLL_M-50_HT-600to800_TuneCP5_PSweights_13TeV-madgraphMLM-pythia8/MINIAODSIM/106X_mcRun2_asymptotic_v17-v2/2510000/585571CB-08CD-074F-994E-3BBC351EB6BB.root
10-Jan-2024 09:44:56 CET  Initiating request to open file root://cmsxrootd.fnal.gov//store/mc/RunIISummer20UL16MiniAODv2/DYJetsToLL_M-50_HT-600to800_TuneCP5_PSweights_13TeV-madgraphMLM-pythia8/MINIAODSIM/106X_mcRun2_asymptotic_v17-v2/2510000/1C12EC83-70B1-BE45-AF71-6E33BDCF764A.root
%MSG-w XrdAdaptor:  file_open 10-Jan-2024 09:44:58 CET PostProcessEvent
Data is served from fnal.gov instead of original site US-Regional-Nebraska
%MSG
10-Jan-2024 09:44:59 CET  Successfully opened file root://cmsxrootd.fnal.gov//store/mc/RunIISummer20UL16MiniAODv2/DYJetsToLL_M-50_HT-600to800_TuneCP5_PSweights_13TeV-madgraphMLM-pythia8/MINIAODSIM/106X_mcRun2_asymptotic_v17-v2/2510000/1C12EC83-70B1-BE45-AF71-6E33BDCF764A.root
Begin processing the 2200001st record. Run 1, Event 4753286, LumiSection 907 on stream 0 at 10-Jan-2024 09:45:08.756 CET
10-Jan-2024 09:45:10 CET  Closed file root://cmsxrootd.fnal.gov//store/mc/RunIISummer20UL16MiniAODv2/DYJetsToLL_M-50_HT-600to800_TuneCP5_PSweights_13TeV-madgraphMLM-pythia8/MINIAODSIM/106X_mcRun2_asymptotic_v17-v2/2510000/1C12EC83-70B1-BE45-AF71-6E33BDCF764A.root
10-Jan-2024 09:45:10 CET  Initiating request to open file root://cmsxrootd.fnal.gov//store/mc/RunIISummer20UL16MiniAODv2/DYJetsToLL_M-50_HT-600to800_TuneCP5_PSweights_13TeV-madgraphMLM-pythia8/MINIAODSIM/106X_mcRun2_asymptotic_v17-v2/2510000/97EAE7B3-A853-AE44-A23C-B25E27438C32.root
%MSG-w XrdAdaptor:  file_open 10-Jan-2024 09:45:12 CET PostProcessEvent
Data is served from fnal.gov instead of original site US-Regional-Nebraska
%MSG
10-Jan-2024 09:45:13 CET  Successfully opened file root://cmsxrootd.fnal.gov//store/mc/RunIISummer20UL16MiniAODv2/DYJetsToLL_M-50_HT-600to800_TuneCP5_PSweights_13TeV-madgraphMLM-pythia8/MINIAODSIM/106X_mcRun2_asymptotic_v17-v2/2510000/97EAE7B3-A853-AE44-A23C-B25E27438C32.root
      0.025615      0.000577      0.002611             1
      3.808604      0.023772      0.002611             3
      0.880312      0.013160      0.002611             2
      8.971961      0.036318      0.002611             4
 
10-Jan-2024 09:45:20 CET  Closed file root://cmsxrootd.fnal.gov//store/mc/RunIISummer20UL16MiniAODv2/DYJetsToLL_M-50_HT-600to800_TuneCP5_PSweights_13TeV-madgraphMLM-pythia8/MINIAODSIM/106X_mcRun2_asymptotic_v17-v2/2510000/97EAE7B3-A853-AE44-A23C-B25E27438C32.root

------------------------------------
GenXsecAnalyzer:
------------------------------------
-------------------------------------------------------------------------------------------------------------------------------------------------------------------------- 
Overall cross-section summary 
--------------------------------------------------------------------------------------------------------------------------------------------------------------------------
Process		xsec_before [pb]		passed	nposw	nnegw	tried	nposw	nnegw 	xsec_match [pb]			accepted [%]	 event_eff [%]
0		3.153e-02 +/- 9.167e-06		5564	5564	0	57688	57688	0	3.041e-03 +/- 3.876e-05		9.6 +/- 0.1	9.6 +/- 0.1
1		8.672e-01 +/- 1.878e-04		139413	139413	0	1578066	1578066	0	7.661e-02 +/- 1.966e-04		8.8 +/- 0.0	8.8 +/- 0.0
2		3.786e+00 +/- 3.380e-04		355341	355341	0	6944827	6944827	0	1.937e-01 +/- 3.170e-04		5.1 +/- 0.0	5.1 +/- 0.0
3		8.995e+00 +/- 5.275e-04		1799535	1799535	0	16267430	16267430	0	9.950e-01 +/- 7.019e-04		11.1 +/- 0.0	11.1 +/- 0.0
-------------------------------------------------------------------------------------------------------------------------------------------------------------------------- 
Total		1.368e+01 +/- 6.541e-04		2299853	2299853	0	24848011	24848011	0	1.266e+00 +/- 7.976e-04		9.3 +/- 0.0	9.3 +/- 0.0
--------------------------------------------------------------------------------------------------------------------------------------------------------------------------
Before matching: total cross section = 1.368e+01 +- 6.541e-04 pb
After matching: total cross section = 1.266e+00 +- 7.976e-04 pb
Matching efficiency = 0.1 +/- 0.0   [TO BE USED IN MCM]
Filter efficiency (taking into account weights)= (2.29985e+06) / (2.29985e+06) = 1.000e+00 +- 0.000e+00
Filter efficiency (event-level)= (2.29985e+06) / (2.29985e+06) = 1.000e+00 +- 0.000e+00    [TO BE USED IN MCM]

After filter: final cross section = 1.266e+00 +- 7.976e-04 pb
After filter: final fraction of events with negative weights = 0.000e+00 +- 0.000e+00
After filter: final equivalent lumi for 1M events (1/fb) = 7.898e+02 +- 9.335e-01

=============================================

MessageLogger Summary

 type     category        sev    module        subroutine        count    total
 ---- -------------------- -- ---------------- ----------------  -----    -----
    1 GenXSecAnalyzer      -w GenXSecAnalyzer:                      18       18
    2 XrdAdaptor           -w file_open                             46       46
    3 fileAction           -s file_close                            47       47
    4 fileAction           -s file_open                             94       94

 type    category    Examples: run/evt        run/evt          run/evt
 ---- -------------------- ---------------- ---------------- ----------------
    1 GenXSecAnalyzer      PostGlobalEndRun PostGlobalEndRun PostGlobalEndRun
    2 XrdAdaptor           PostProcessEvent PostProcessEvent PostProcessEvent
    3 fileAction           PostProcessEvent PostProcessEvent PostGlobalEndRun
    4 fileAction           pre-events       pre-events       PostProcessEvent

Severity    # Occurrences   Total Occurrences
--------    -------------   -----------------
Warning                64                  64
System                141                 141

dropped waiting message count 0
