11-Jan-2024 15:46:00 CET  Initiating request to open file root://cmsxrootd.fnal.gov//store/mc/RunIISummer20UL16MiniAODv2/DYToMuMu_M-120To200_TuneCP5_13TeV-powheg-pythia8/MINIAODSIM/106X_mcRun2_asymptotic_v17-v1/2820000/16D7B29F-671F-2240-8F54-4CB615B14A88.root
%MSG-w XrdAdaptor:  file_open 11-Jan-2024 15:46:03 CET pre-events
Data is served from T2_US_Vanderbilt instead of original site US-Regional-FNAL
%MSG
11-Jan-2024 15:46:07 CET  Successfully opened file root://cmsxrootd.fnal.gov//store/mc/RunIISummer20UL16MiniAODv2/DYToMuMu_M-120To200_TuneCP5_13TeV-powheg-pythia8/MINIAODSIM/106X_mcRun2_asymptotic_v17-v1/2820000/16D7B29F-671F-2240-8F54-4CB615B14A88.root
Begin processing the 1st record. Run 1, Event 1598012, LumiSection 1599 on stream 0 at 11-Jan-2024 15:46:15.204 CET
11-Jan-2024 15:46:16 CET  Closed file root://cmsxrootd.fnal.gov//store/mc/RunIISummer20UL16MiniAODv2/DYToMuMu_M-120To200_TuneCP5_13TeV-powheg-pythia8/MINIAODSIM/106X_mcRun2_asymptotic_v17-v1/2820000/16D7B29F-671F-2240-8F54-4CB615B14A88.root
11-Jan-2024 15:46:16 CET  Initiating request to open file root://cmsxrootd.fnal.gov//store/mc/RunIISummer20UL16MiniAODv2/DYToMuMu_M-120To200_TuneCP5_13TeV-powheg-pythia8/MINIAODSIM/106X_mcRun2_asymptotic_v17-v1/2820000/2F162D18-508E-DF46-B7E4-97C5D6E0803F.root
Unable to load sec.protocol plugin libXrdSecztn.so
%MSG-w XrdAdaptor:  file_open 11-Jan-2024 15:46:21 CET PostProcessEvent
Data is served from fnal.gov instead of original site US-Regional-FNAL
%MSG
11-Jan-2024 15:46:21 CET  Successfully opened file root://cmsxrootd.fnal.gov//store/mc/RunIISummer20UL16MiniAODv2/DYToMuMu_M-120To200_TuneCP5_13TeV-powheg-pythia8/MINIAODSIM/106X_mcRun2_asymptotic_v17-v1/2820000/2F162D18-508E-DF46-B7E4-97C5D6E0803F.root
Unable to load sec.protocol plugin libXrdSecztn.so
Unable to load sec.protocol plugin libXrdSecztn.so
Begin processing the 100001st record. Run 1, Event 2084001, LumiSection 2085 on stream 0 at 11-Jan-2024 15:47:27.659 CET
11-Jan-2024 15:47:31 CET  Closed file root://cmsxrootd.fnal.gov//store/mc/RunIISummer20UL16MiniAODv2/DYToMuMu_M-120To200_TuneCP5_13TeV-powheg-pythia8/MINIAODSIM/106X_mcRun2_asymptotic_v17-v1/2820000/2F162D18-508E-DF46-B7E4-97C5D6E0803F.root
11-Jan-2024 15:47:31 CET  Initiating request to open file root://cmsxrootd.fnal.gov//store/mc/RunIISummer20UL16MiniAODv2/DYToMuMu_M-120To200_TuneCP5_13TeV-powheg-pythia8/MINIAODSIM/106X_mcRun2_asymptotic_v17-v1/2820000/83E85A5D-02EA-704A-90D9-DA6DF8D487A4.root
Unable to load sec.protocol plugin libXrdSecztn.so
%MSG-w XrdAdaptor:  file_open 11-Jan-2024 15:47:35 CET PostProcessEvent
Data is served from T2_US_UCSD-ceph instead of original site US-Regional-FNAL
%MSG
11-Jan-2024 15:47:36 CET  Successfully opened file root://cmsxrootd.fnal.gov//store/mc/RunIISummer20UL16MiniAODv2/DYToMuMu_M-120To200_TuneCP5_13TeV-powheg-pythia8/MINIAODSIM/106X_mcRun2_asymptotic_v17-v1/2820000/83E85A5D-02EA-704A-90D9-DA6DF8D487A4.root
Unable to load sec.protocol plugin libXrdSecztn.so
Begin processing the 200001st record. Run 1, Event 1727006, LumiSection 1728 on stream 0 at 11-Jan-2024 15:47:50.496 CET
11-Jan-2024 15:47:51 CET  Closed file root://cmsxrootd.fnal.gov//store/mc/RunIISummer20UL16MiniAODv2/DYToMuMu_M-120To200_TuneCP5_13TeV-powheg-pythia8/MINIAODSIM/106X_mcRun2_asymptotic_v17-v1/2820000/83E85A5D-02EA-704A-90D9-DA6DF8D487A4.root
11-Jan-2024 15:47:51 CET  Initiating request to open file root://cmsxrootd.fnal.gov//store/mc/RunIISummer20UL16MiniAODv2/DYToMuMu_M-120To200_TuneCP5_13TeV-powheg-pythia8/MINIAODSIM/106X_mcRun2_asymptotic_v17-v1/2820000/78A225CA-5BEA-E447-937F-E0E9794BCB56.root
Unable to load sec.protocol plugin libXrdSecztn.so
%MSG-w XrdAdaptor:  file_open 11-Jan-2024 15:47:55 CET PostProcessEvent
Data is served from T2_US_UCSD-ceph instead of original site US-Regional-FNAL
%MSG
11-Jan-2024 15:47:56 CET  Successfully opened file root://cmsxrootd.fnal.gov//store/mc/RunIISummer20UL16MiniAODv2/DYToMuMu_M-120To200_TuneCP5_13TeV-powheg-pythia8/MINIAODSIM/106X_mcRun2_asymptotic_v17-v1/2820000/78A225CA-5BEA-E447-937F-E0E9794BCB56.root
Unable to load sec.protocol plugin libXrdSecztn.so
11-Jan-2024 15:48:09 CET  Closed file root://cmsxrootd.fnal.gov//store/mc/RunIISummer20UL16MiniAODv2/DYToMuMu_M-120To200_TuneCP5_13TeV-powheg-pythia8/MINIAODSIM/106X_mcRun2_asymptotic_v17-v1/2820000/78A225CA-5BEA-E447-937F-E0E9794BCB56.root
11-Jan-2024 15:48:09 CET  Initiating request to open file root://cmsxrootd.fnal.gov//store/mc/RunIISummer20UL16MiniAODv2/DYToMuMu_M-120To200_TuneCP5_13TeV-powheg-pythia8/MINIAODSIM/106X_mcRun2_asymptotic_v17-v1/2820000/E6923587-D9CB-5C4B-9780-3CD847459CAB.root
Unable to load sec.protocol plugin libXrdSecztn.so
%MSG-w XrdAdaptor:  file_open 11-Jan-2024 15:48:13 CET PostProcessEvent
Data is served from T2_US_UCSD-ceph instead of original site US-Regional-FNAL
%MSG
11-Jan-2024 15:48:14 CET  Successfully opened file root://cmsxrootd.fnal.gov//store/mc/RunIISummer20UL16MiniAODv2/DYToMuMu_M-120To200_TuneCP5_13TeV-powheg-pythia8/MINIAODSIM/106X_mcRun2_asymptotic_v17-v1/2820000/E6923587-D9CB-5C4B-9780-3CD847459CAB.root
Unable to load sec.protocol plugin libXrdSecztn.so
Begin processing the 300001st record. Run 1, Event 22009, LumiSection 23 on stream 0 at 11-Jan-2024 15:48:25.830 CET
11-Jan-2024 15:48:28 CET  Closed file root://cmsxrootd.fnal.gov//store/mc/RunIISummer20UL16MiniAODv2/DYToMuMu_M-120To200_TuneCP5_13TeV-powheg-pythia8/MINIAODSIM/106X_mcRun2_asymptotic_v17-v1/2820000/E6923587-D9CB-5C4B-9780-3CD847459CAB.root
11-Jan-2024 15:48:28 CET  Initiating request to open file root://cmsxrootd.fnal.gov//store/mc/RunIISummer20UL16MiniAODv2/DYToMuMu_M-120To200_TuneCP5_13TeV-powheg-pythia8/MINIAODSIM/106X_mcRun2_asymptotic_v17-v1/2820000/17F108C1-73D7-1945-9850-DAF2531E99A1.root
Unable to load sec.protocol plugin libXrdSecztn.so
%MSG-w XrdAdaptor:  file_open 11-Jan-2024 15:48:32 CET PostProcessEvent
Data is served from T2_US_UCSD-ceph instead of original site US-Regional-FNAL
%MSG
11-Jan-2024 15:48:33 CET  Successfully opened file root://cmsxrootd.fnal.gov//store/mc/RunIISummer20UL16MiniAODv2/DYToMuMu_M-120To200_TuneCP5_13TeV-powheg-pythia8/MINIAODSIM/106X_mcRun2_asymptotic_v17-v1/2820000/17F108C1-73D7-1945-9850-DAF2531E99A1.root
Begin processing the 400001st record. Run 1, Event 241014, LumiSection 242 on stream 0 at 11-Jan-2024 15:48:42.855 CET
11-Jan-2024 15:48:44 CET  Closed file root://cmsxrootd.fnal.gov//store/mc/RunIISummer20UL16MiniAODv2/DYToMuMu_M-120To200_TuneCP5_13TeV-powheg-pythia8/MINIAODSIM/106X_mcRun2_asymptotic_v17-v1/2820000/17F108C1-73D7-1945-9850-DAF2531E99A1.root
11-Jan-2024 15:48:44 CET  Initiating request to open file root://cmsxrootd.fnal.gov//store/mc/RunIISummer20UL16MiniAODv2/DYToMuMu_M-120To200_TuneCP5_13TeV-powheg-pythia8/MINIAODSIM/106X_mcRun2_asymptotic_v17-v1/2820000/92F4A7B8-7B98-2E48-BB6D-72185DC7132C.root
Unable to load sec.protocol plugin libXrdSecztn.so
%MSG-w XrdAdaptor:  file_open 11-Jan-2024 15:48:48 CET PostProcessEvent
Data is served from T2_US_UCSD-ceph instead of original site US-Regional-FNAL
%MSG
11-Jan-2024 15:48:49 CET  Successfully opened file root://cmsxrootd.fnal.gov//store/mc/RunIISummer20UL16MiniAODv2/DYToMuMu_M-120To200_TuneCP5_13TeV-powheg-pythia8/MINIAODSIM/106X_mcRun2_asymptotic_v17-v1/2820000/92F4A7B8-7B98-2E48-BB6D-72185DC7132C.root
Begin processing the 500001st record. Run 1, Event 1539001, LumiSection 1540 on stream 0 at 11-Jan-2024 15:49:01.659 CET
11-Jan-2024 15:49:03 CET  Closed file root://cmsxrootd.fnal.gov//store/mc/RunIISummer20UL16MiniAODv2/DYToMuMu_M-120To200_TuneCP5_13TeV-powheg-pythia8/MINIAODSIM/106X_mcRun2_asymptotic_v17-v1/2820000/92F4A7B8-7B98-2E48-BB6D-72185DC7132C.root
11-Jan-2024 15:49:03 CET  Initiating request to open file root://cmsxrootd.fnal.gov//store/mc/RunIISummer20UL16MiniAODv2/DYToMuMu_M-120To200_TuneCP5_13TeV-powheg-pythia8/MINIAODSIM/106X_mcRun2_asymptotic_v17-v1/2820000/782731A6-9B0E-2342-9281-205DE4AFA4CD.root
%MSG-w XrdAdaptor:  file_open 11-Jan-2024 15:49:05 CET PostProcessEvent
Data is served from T2_US_UCSD-ceph instead of original site US-Regional-FNAL
%MSG
11-Jan-2024 15:49:07 CET  Successfully opened file root://cmsxrootd.fnal.gov//store/mc/RunIISummer20UL16MiniAODv2/DYToMuMu_M-120To200_TuneCP5_13TeV-powheg-pythia8/MINIAODSIM/106X_mcRun2_asymptotic_v17-v1/2820000/782731A6-9B0E-2342-9281-205DE4AFA4CD.root
Begin processing the 600001st record. Run 1, Event 272005, LumiSection 273 on stream 0 at 11-Jan-2024 15:49:23.211 CET
11-Jan-2024 15:49:24 CET  Closed file root://cmsxrootd.fnal.gov//store/mc/RunIISummer20UL16MiniAODv2/DYToMuMu_M-120To200_TuneCP5_13TeV-powheg-pythia8/MINIAODSIM/106X_mcRun2_asymptotic_v17-v1/2820000/782731A6-9B0E-2342-9281-205DE4AFA4CD.root
11-Jan-2024 15:49:24 CET  Initiating request to open file root://cmsxrootd.fnal.gov//store/mc/RunIISummer20UL16MiniAODv2/DYToMuMu_M-120To200_TuneCP5_13TeV-powheg-pythia8/MINIAODSIM/106X_mcRun2_asymptotic_v17-v1/2820000/2655A954-BE89-9A41-953F-7F21CCA46DE8.root
Unable to load sec.protocol plugin libXrdSecztn.so
%MSG-w XrdAdaptor:  file_open 11-Jan-2024 15:49:27 CET PostProcessEvent
Data is served from T2_US_UCSD-ceph instead of original site US-Regional-FNAL
%MSG
11-Jan-2024 15:49:28 CET  Successfully opened file root://cmsxrootd.fnal.gov//store/mc/RunIISummer20UL16MiniAODv2/DYToMuMu_M-120To200_TuneCP5_13TeV-powheg-pythia8/MINIAODSIM/106X_mcRun2_asymptotic_v17-v1/2820000/2655A954-BE89-9A41-953F-7F21CCA46DE8.root
11-Jan-2024 15:49:43 CET  Closed file root://cmsxrootd.fnal.gov//store/mc/RunIISummer20UL16MiniAODv2/DYToMuMu_M-120To200_TuneCP5_13TeV-powheg-pythia8/MINIAODSIM/106X_mcRun2_asymptotic_v17-v1/2820000/2655A954-BE89-9A41-953F-7F21CCA46DE8.root
11-Jan-2024 15:49:43 CET  Initiating request to open file root://cmsxrootd.fnal.gov//store/mc/RunIISummer20UL16MiniAODv2/DYToMuMu_M-120To200_TuneCP5_13TeV-powheg-pythia8/MINIAODSIM/106X_mcRun2_asymptotic_v17-v1/2820000/1D91AABD-6EB3-B94E-A804-3283CC3CD157.root
Unable to load sec.protocol plugin libXrdSecztn.so
%MSG-w XrdAdaptor:  file_open 11-Jan-2024 15:49:46 CET PostProcessEvent
Data is served from T2_US_UCSD-ceph instead of original site US-Regional-FNAL
%MSG
11-Jan-2024 15:49:47 CET  Successfully opened file root://cmsxrootd.fnal.gov//store/mc/RunIISummer20UL16MiniAODv2/DYToMuMu_M-120To200_TuneCP5_13TeV-powheg-pythia8/MINIAODSIM/106X_mcRun2_asymptotic_v17-v1/2820000/1D91AABD-6EB3-B94E-A804-3283CC3CD157.root
Begin processing the 700001st record. Run 1, Event 83004, LumiSection 84 on stream 0 at 11-Jan-2024 15:49:58.433 CET
11-Jan-2024 15:50:02 CET  Closed file root://cmsxrootd.fnal.gov//store/mc/RunIISummer20UL16MiniAODv2/DYToMuMu_M-120To200_TuneCP5_13TeV-powheg-pythia8/MINIAODSIM/106X_mcRun2_asymptotic_v17-v1/2820000/1D91AABD-6EB3-B94E-A804-3283CC3CD157.root
11-Jan-2024 15:50:02 CET  Initiating request to open file root://cmsxrootd.fnal.gov//store/mc/RunIISummer20UL16MiniAODv2/DYToMuMu_M-120To200_TuneCP5_13TeV-powheg-pythia8/MINIAODSIM/106X_mcRun2_asymptotic_v17-v1/2820000/78FA1D60-56A7-4F40-AD5C-257C9CBBF465.root
Unable to load sec.protocol plugin libXrdSecztn.so
%MSG-w XrdAdaptor:  file_open 11-Jan-2024 15:50:06 CET PostProcessEvent
Data is served from T2_US_UCSD-ceph instead of original site US-Regional-FNAL
%MSG
11-Jan-2024 15:50:07 CET  Successfully opened file root://cmsxrootd.fnal.gov//store/mc/RunIISummer20UL16MiniAODv2/DYToMuMu_M-120To200_TuneCP5_13TeV-powheg-pythia8/MINIAODSIM/106X_mcRun2_asymptotic_v17-v1/2820000/78FA1D60-56A7-4F40-AD5C-257C9CBBF465.root
Begin processing the 800001st record. Run 1, Event 590012, LumiSection 591 on stream 0 at 11-Jan-2024 15:50:19.829 CET
11-Jan-2024 15:50:22 CET  Closed file root://cmsxrootd.fnal.gov//store/mc/RunIISummer20UL16MiniAODv2/DYToMuMu_M-120To200_TuneCP5_13TeV-powheg-pythia8/MINIAODSIM/106X_mcRun2_asymptotic_v17-v1/2820000/78FA1D60-56A7-4F40-AD5C-257C9CBBF465.root
11-Jan-2024 15:50:22 CET  Initiating request to open file root://cmsxrootd.fnal.gov//store/mc/RunIISummer20UL16MiniAODv2/DYToMuMu_M-120To200_TuneCP5_13TeV-powheg-pythia8/MINIAODSIM/106X_mcRun2_asymptotic_v17-v1/2820000/D8D6FE69-EA9A-3A43-B77C-6A547A5E5FC2.root
%MSG-w XrdAdaptor:  file_open 11-Jan-2024 15:50:28 CET PostProcessEvent
Data is served from cms.rcac.purdue.edu instead of original site US-Regional-FNAL
%MSG
11-Jan-2024 15:50:29 CET  Successfully opened file root://cmsxrootd.fnal.gov//store/mc/RunIISummer20UL16MiniAODv2/DYToMuMu_M-120To200_TuneCP5_13TeV-powheg-pythia8/MINIAODSIM/106X_mcRun2_asymptotic_v17-v1/2820000/D8D6FE69-EA9A-3A43-B77C-6A547A5E5FC2.root
Begin processing the 900001st record. Run 1, Event 877010, LumiSection 878 on stream 0 at 11-Jan-2024 15:50:37.006 CET
11-Jan-2024 15:50:38 CET  Closed file root://cmsxrootd.fnal.gov//store/mc/RunIISummer20UL16MiniAODv2/DYToMuMu_M-120To200_TuneCP5_13TeV-powheg-pythia8/MINIAODSIM/106X_mcRun2_asymptotic_v17-v1/2820000/D8D6FE69-EA9A-3A43-B77C-6A547A5E5FC2.root
11-Jan-2024 15:50:38 CET  Initiating request to open file root://cmsxrootd.fnal.gov//store/mc/RunIISummer20UL16MiniAODv2/DYToMuMu_M-120To200_TuneCP5_13TeV-powheg-pythia8/MINIAODSIM/106X_mcRun2_asymptotic_v17-v1/2820000/EC166E6E-70B8-3A46-B8AA-3C73B30B3160.root
%MSG-w XrdAdaptor:  file_open 11-Jan-2024 15:50:40 CET PostProcessEvent
Data is served from cms.rcac.purdue.edu instead of original site US-Regional-FNAL
%MSG
11-Jan-2024 15:50:42 CET  Successfully opened file root://cmsxrootd.fnal.gov//store/mc/RunIISummer20UL16MiniAODv2/DYToMuMu_M-120To200_TuneCP5_13TeV-powheg-pythia8/MINIAODSIM/106X_mcRun2_asymptotic_v17-v1/2820000/EC166E6E-70B8-3A46-B8AA-3C73B30B3160.root
Begin processing the 1000001st record. Run 1, Event 1264006, LumiSection 1265 on stream 0 at 11-Jan-2024 15:50:53.101 CET
11-Jan-2024 15:50:54 CET  Closed file root://cmsxrootd.fnal.gov//store/mc/RunIISummer20UL16MiniAODv2/DYToMuMu_M-120To200_TuneCP5_13TeV-powheg-pythia8/MINIAODSIM/106X_mcRun2_asymptotic_v17-v1/2820000/EC166E6E-70B8-3A46-B8AA-3C73B30B3160.root
11-Jan-2024 15:50:54 CET  Initiating request to open file root://cmsxrootd.fnal.gov//store/mc/RunIISummer20UL16MiniAODv2/DYToMuMu_M-120To200_TuneCP5_13TeV-powheg-pythia8/MINIAODSIM/106X_mcRun2_asymptotic_v17-v1/2820000/A471EE76-F46E-1243-98EF-4636B8B79922.root
%MSG-w XrdAdaptor:  file_open 11-Jan-2024 15:50:57 CET PostProcessEvent
Data is served from cms.rcac.purdue.edu instead of original site US-Regional-FNAL
%MSG
11-Jan-2024 15:50:58 CET  Successfully opened file root://cmsxrootd.fnal.gov//store/mc/RunIISummer20UL16MiniAODv2/DYToMuMu_M-120To200_TuneCP5_13TeV-powheg-pythia8/MINIAODSIM/106X_mcRun2_asymptotic_v17-v1/2820000/A471EE76-F46E-1243-98EF-4636B8B79922.root
11-Jan-2024 15:51:07 CET  Closed file root://cmsxrootd.fnal.gov//store/mc/RunIISummer20UL16MiniAODv2/DYToMuMu_M-120To200_TuneCP5_13TeV-powheg-pythia8/MINIAODSIM/106X_mcRun2_asymptotic_v17-v1/2820000/A471EE76-F46E-1243-98EF-4636B8B79922.root
11-Jan-2024 15:51:07 CET  Initiating request to open file root://cmsxrootd.fnal.gov//store/mc/RunIISummer20UL16MiniAODv2/DYToMuMu_M-120To200_TuneCP5_13TeV-powheg-pythia8/MINIAODSIM/106X_mcRun2_asymptotic_v17-v1/2820000/76F1E146-EB0C-C740-8EC5-0A0A5A2398D8.root
%MSG-w XrdAdaptorInternal:  file_open 11-Jan-2024 15:51:09 CET PostProcessEvent
Failed to open file at URL root://eos-c01.cms.rcac.purdue.edu:1101//store/mc/RunIISummer20UL16MiniAODv2/DYToMuMu_M-120To200_TuneCP5_13TeV-powheg-pythia8/MINIAODSIM/106X_mcRun2_asymptotic_v17-v1/2820000/76F1E146-EB0C-C740-8EC5-0A0A5A2398D8.root?cap.msg=d9J3goYSFLAUInNxGNsU1Ur8UvaMAWcICOqppuMfSEMFeKsPR13YF75ampMwWejEWI8etKZol8+oA+H+obcH5TGaX0yfZ/NsHRxUtflYCTIMpJzw/i596JPUcq7bbf8aPm5NO9L9Tpbfe0jMgWTS4B/13AUoc/funHwrxJv6g+HB/I0MdgUMONdMBZ22ScONwZOB7ul+qadixBNqhmQj2lcZh9CWOkM2TzZzHBQOZMy01PwFwpnnyNvMjus0N1Oxkpt1HDIHXfzzS9fJIx2Qq4PI7PQp19w0iln/+jUDbwAaeMRQG2iuHgTcaElYaIMEIKuaBmpx2ObA/7Igrkd5qa3rz93Up2lNhkTaanwkiDoeZbv0kHgHxiYAwl86noGv1QvH7UhVBo3vTUoqq+AQ/ftHxVaJ1XiPDmPxMmvvxCJXWstm01VgnMavLHJXaFMjaBoJCf5E2sI7UdMP27BZNAuuQdH4PdRvP3DB5UWiVoBw8t9er3tM+UH5TFGh7r1pcuWybe5OVnkZDvmLdBvphDCrgf3/vie5u6ja85ge8cfiDJ1qE5K3BPF9fkjBdPMDBNRv+6dxmRVK1NL6EeJxUZnykRkFv9SvX91bgJSzIcfb7rvXL+hPO8hYG9vQ+qlgzaONeiNxg9dFMyc7YLuqPokie/CbeqYmhgscnxUFoEncJBNDPmnSUasiEwB9jDbmHR91HkZjnMbTW/DIObRIyPy6nJZYPBdWBVh7F5uIPe/ymAiRbLsg5dXkQFUnykVlop7hVNdhSrMTpV1zaUD0tzGlQkRZjXfj8D5m7SH8nTnOXHxiHP+r56fu/8JsOXzqC+LV/LDP6A1fiMOafFxIkQBi2eov5Pmzc61r0auuwJUmwbBzSdiDoVTOtg53GLv2&cap.sym=xU6mGpv9T0+hMNHFH2SXcWOdliY=&eos.clientinfo=zbase64:MDAwMDAwNmZ4nBXIQQ6EIAxG4avMBWxgMbMg6WG0/YkkKqTQmLm9svveqw1XssGBft9PqWm7uVx5qssO5TA5/g28ec4w6BzNSmVFXv0Ys99dDDIYtS8SIsnZyWQVam7qIKinGEN8AIdMJuM=&mgm.blockchecksum=ignore&mgm.id=0011a067&mgm.logid=da90566c-b090-11ee-8dcf-5c6f69a9c0f0&mgm.mtime=1670183047&mgm.replicahead=1&mgm.replicaindex=1.
%MSG
%MSG-w XrdAdaptor:  file_open 11-Jan-2024 15:51:11 CET PostProcessEvent
Data is served from cms.rcac.purdue.edu instead of original site US-Regional-FNAL
%MSG
11-Jan-2024 15:51:12 CET  Successfully opened file root://cmsxrootd.fnal.gov//store/mc/RunIISummer20UL16MiniAODv2/DYToMuMu_M-120To200_TuneCP5_13TeV-powheg-pythia8/MINIAODSIM/106X_mcRun2_asymptotic_v17-v1/2820000/76F1E146-EB0C-C740-8EC5-0A0A5A2398D8.root
Begin processing the 1100001st record. Run 1, Event 1069006, LumiSection 1070 on stream 0 at 11-Jan-2024 15:51:19.002 CET
11-Jan-2024 15:51:21 CET  Closed file root://cmsxrootd.fnal.gov//store/mc/RunIISummer20UL16MiniAODv2/DYToMuMu_M-120To200_TuneCP5_13TeV-powheg-pythia8/MINIAODSIM/106X_mcRun2_asymptotic_v17-v1/2820000/76F1E146-EB0C-C740-8EC5-0A0A5A2398D8.root
11-Jan-2024 15:51:21 CET  Initiating request to open file root://cmsxrootd.fnal.gov//store/mc/RunIISummer20UL16MiniAODv2/DYToMuMu_M-120To200_TuneCP5_13TeV-powheg-pythia8/MINIAODSIM/106X_mcRun2_asymptotic_v17-v1/2820000/43655184-B98F-FB4C-8165-9072CE6F2AC2.root
%MSG-w XrdAdaptor:  file_open 11-Jan-2024 15:51:24 CET PostProcessEvent
Data is served from cms.rcac.purdue.edu instead of original site US-Regional-FNAL
%MSG
11-Jan-2024 15:51:25 CET  Successfully opened file root://cmsxrootd.fnal.gov//store/mc/RunIISummer20UL16MiniAODv2/DYToMuMu_M-120To200_TuneCP5_13TeV-powheg-pythia8/MINIAODSIM/106X_mcRun2_asymptotic_v17-v1/2820000/43655184-B98F-FB4C-8165-9072CE6F2AC2.root
Begin processing the 1200001st record. Run 1, Event 1245003, LumiSection 1246 on stream 0 at 11-Jan-2024 15:51:32.862 CET
11-Jan-2024 15:51:35 CET  Closed file root://cmsxrootd.fnal.gov//store/mc/RunIISummer20UL16MiniAODv2/DYToMuMu_M-120To200_TuneCP5_13TeV-powheg-pythia8/MINIAODSIM/106X_mcRun2_asymptotic_v17-v1/2820000/43655184-B98F-FB4C-8165-9072CE6F2AC2.root
11-Jan-2024 15:51:35 CET  Initiating request to open file root://cmsxrootd.fnal.gov//store/mc/RunIISummer20UL16MiniAODv2/DYToMuMu_M-120To200_TuneCP5_13TeV-powheg-pythia8/MINIAODSIM/106X_mcRun2_asymptotic_v17-v1/2820000/DD67A6C1-ED74-C64F-928D-5FB367317561.root
%MSG-w XrdAdaptor:  file_open 11-Jan-2024 15:51:38 CET PostProcessEvent
Data is served from cms.rcac.purdue.edu instead of original site US-Regional-FNAL
%MSG
11-Jan-2024 15:51:39 CET  Successfully opened file root://cmsxrootd.fnal.gov//store/mc/RunIISummer20UL16MiniAODv2/DYToMuMu_M-120To200_TuneCP5_13TeV-powheg-pythia8/MINIAODSIM/106X_mcRun2_asymptotic_v17-v1/2820000/DD67A6C1-ED74-C64F-928D-5FB367317561.root
Begin processing the 1300001st record. Run 1, Event 1912005, LumiSection 1913 on stream 0 at 11-Jan-2024 15:51:46.873 CET
11-Jan-2024 15:51:49 CET  Closed file root://cmsxrootd.fnal.gov//store/mc/RunIISummer20UL16MiniAODv2/DYToMuMu_M-120To200_TuneCP5_13TeV-powheg-pythia8/MINIAODSIM/106X_mcRun2_asymptotic_v17-v1/2820000/DD67A6C1-ED74-C64F-928D-5FB367317561.root
11-Jan-2024 15:51:49 CET  Initiating request to open file root://cmsxrootd.fnal.gov//store/mc/RunIISummer20UL16MiniAODv2/DYToMuMu_M-120To200_TuneCP5_13TeV-powheg-pythia8/MINIAODSIM/106X_mcRun2_asymptotic_v17-v1/2820000/0F472EF3-F154-964D-95AB-AE9334BEC336.root
%MSG-w XrdAdaptor:  file_open 11-Jan-2024 15:51:51 CET PostProcessEvent
Data is served from cms.rcac.purdue.edu instead of original site US-Regional-FNAL
%MSG
11-Jan-2024 15:51:52 CET  Successfully opened file root://cmsxrootd.fnal.gov//store/mc/RunIISummer20UL16MiniAODv2/DYToMuMu_M-120To200_TuneCP5_13TeV-powheg-pythia8/MINIAODSIM/106X_mcRun2_asymptotic_v17-v1/2820000/0F472EF3-F154-964D-95AB-AE9334BEC336.root
Begin processing the 1400001st record. Run 1, Event 851002, LumiSection 852 on stream 0 at 11-Jan-2024 15:52:02.815 CET
11-Jan-2024 15:52:04 CET  Closed file root://cmsxrootd.fnal.gov//store/mc/RunIISummer20UL16MiniAODv2/DYToMuMu_M-120To200_TuneCP5_13TeV-powheg-pythia8/MINIAODSIM/106X_mcRun2_asymptotic_v17-v1/2820000/0F472EF3-F154-964D-95AB-AE9334BEC336.root
11-Jan-2024 15:52:04 CET  Initiating request to open file root://cmsxrootd.fnal.gov//store/mc/RunIISummer20UL16MiniAODv2/DYToMuMu_M-120To200_TuneCP5_13TeV-powheg-pythia8/MINIAODSIM/106X_mcRun2_asymptotic_v17-v1/2820000/FABEAC5F-7675-8A43-A26E-5095B23C0118.root
%MSG-w XrdAdaptor:  file_open 11-Jan-2024 15:52:12 CET PostProcessEvent
Data is served from cms.rcac.purdue.edu instead of original site US-Regional-FNAL
%MSG
11-Jan-2024 15:52:13 CET  Successfully opened file root://cmsxrootd.fnal.gov//store/mc/RunIISummer20UL16MiniAODv2/DYToMuMu_M-120To200_TuneCP5_13TeV-powheg-pythia8/MINIAODSIM/106X_mcRun2_asymptotic_v17-v1/2820000/FABEAC5F-7675-8A43-A26E-5095B23C0118.root
Begin processing the 1500001st record. Run 1, Event 1502009, LumiSection 1503 on stream 0 at 11-Jan-2024 15:52:24.450 CET
11-Jan-2024 15:52:26 CET  Closed file root://cmsxrootd.fnal.gov//store/mc/RunIISummer20UL16MiniAODv2/DYToMuMu_M-120To200_TuneCP5_13TeV-powheg-pythia8/MINIAODSIM/106X_mcRun2_asymptotic_v17-v1/2820000/FABEAC5F-7675-8A43-A26E-5095B23C0118.root
11-Jan-2024 15:52:26 CET  Initiating request to open file root://cmsxrootd.fnal.gov//store/mc/RunIISummer20UL16MiniAODv2/DYToMuMu_M-120To200_TuneCP5_13TeV-powheg-pythia8/MINIAODSIM/106X_mcRun2_asymptotic_v17-v1/2820000/7124C08C-5650-B849-BE2B-4B0E00A3BFB6.root
%MSG-w XrdAdaptor:  file_open 11-Jan-2024 15:52:29 CET PostProcessEvent
Data is served from cms.rcac.purdue.edu instead of original site US-Regional-FNAL
%MSG
11-Jan-2024 15:52:29 CET  Successfully opened file root://cmsxrootd.fnal.gov//store/mc/RunIISummer20UL16MiniAODv2/DYToMuMu_M-120To200_TuneCP5_13TeV-powheg-pythia8/MINIAODSIM/106X_mcRun2_asymptotic_v17-v1/2820000/7124C08C-5650-B849-BE2B-4B0E00A3BFB6.root
Begin processing the 1600001st record. Run 1, Event 636002, LumiSection 637 on stream 0 at 11-Jan-2024 15:52:39.213 CET
11-Jan-2024 15:52:40 CET  Closed file root://cmsxrootd.fnal.gov//store/mc/RunIISummer20UL16MiniAODv2/DYToMuMu_M-120To200_TuneCP5_13TeV-powheg-pythia8/MINIAODSIM/106X_mcRun2_asymptotic_v17-v1/2820000/7124C08C-5650-B849-BE2B-4B0E00A3BFB6.root
11-Jan-2024 15:52:40 CET  Initiating request to open file root://cmsxrootd.fnal.gov//store/mc/RunIISummer20UL16MiniAODv2/DYToMuMu_M-120To200_TuneCP5_13TeV-powheg-pythia8/MINIAODSIM/106X_mcRun2_asymptotic_v17-v1/2820000/A0040207-3EC7-0D47-82A0-A4D4BB1A9DAC.root
%MSG-w XrdAdaptor:  file_open 11-Jan-2024 15:52:43 CET PostProcessEvent
Data is served from cms.rcac.purdue.edu instead of original site US-Regional-FNAL
%MSG
11-Jan-2024 15:52:43 CET  Successfully opened file root://cmsxrootd.fnal.gov//store/mc/RunIISummer20UL16MiniAODv2/DYToMuMu_M-120To200_TuneCP5_13TeV-powheg-pythia8/MINIAODSIM/106X_mcRun2_asymptotic_v17-v1/2820000/A0040207-3EC7-0D47-82A0-A4D4BB1A9DAC.root
Begin processing the 1700001st record. Run 1, Event 2019002, LumiSection 2020 on stream 0 at 11-Jan-2024 15:52:55.982 CET
11-Jan-2024 15:52:57 CET  Closed file root://cmsxrootd.fnal.gov//store/mc/RunIISummer20UL16MiniAODv2/DYToMuMu_M-120To200_TuneCP5_13TeV-powheg-pythia8/MINIAODSIM/106X_mcRun2_asymptotic_v17-v1/2820000/A0040207-3EC7-0D47-82A0-A4D4BB1A9DAC.root
11-Jan-2024 15:52:57 CET  Initiating request to open file root://cmsxrootd.fnal.gov//store/mc/RunIISummer20UL16MiniAODv2/DYToMuMu_M-120To200_TuneCP5_13TeV-powheg-pythia8/MINIAODSIM/106X_mcRun2_asymptotic_v17-v1/2820000/FA6806C4-824A-9C4A-819A-52246AF60C51.root
%MSG-w XrdAdaptor:  file_open 11-Jan-2024 15:53:00 CET PostProcessEvent
Data is served from cms.rcac.purdue.edu instead of original site US-Regional-FNAL
%MSG
11-Jan-2024 15:53:01 CET  Successfully opened file root://cmsxrootd.fnal.gov//store/mc/RunIISummer20UL16MiniAODv2/DYToMuMu_M-120To200_TuneCP5_13TeV-powheg-pythia8/MINIAODSIM/106X_mcRun2_asymptotic_v17-v1/2820000/FA6806C4-824A-9C4A-819A-52246AF60C51.root
Begin processing the 1800001st record. Run 1, Event 1791011, LumiSection 1792 on stream 0 at 11-Jan-2024 15:53:13.492 CET
11-Jan-2024 15:53:14 CET  Closed file root://cmsxrootd.fnal.gov//store/mc/RunIISummer20UL16MiniAODv2/DYToMuMu_M-120To200_TuneCP5_13TeV-powheg-pythia8/MINIAODSIM/106X_mcRun2_asymptotic_v17-v1/2820000/FA6806C4-824A-9C4A-819A-52246AF60C51.root
11-Jan-2024 15:53:14 CET  Initiating request to open file root://cmsxrootd.fnal.gov//store/mc/RunIISummer20UL16MiniAODv2/DYToMuMu_M-120To200_TuneCP5_13TeV-powheg-pythia8/MINIAODSIM/106X_mcRun2_asymptotic_v17-v1/2820000/DB26C47E-1C08-E24A-B140-92A36AC963F5.root
%MSG-w XrdAdaptor:  file_open 11-Jan-2024 15:53:17 CET PostProcessEvent
Data is served from cms.rcac.purdue.edu instead of original site US-Regional-FNAL
%MSG
11-Jan-2024 15:53:18 CET  Successfully opened file root://cmsxrootd.fnal.gov//store/mc/RunIISummer20UL16MiniAODv2/DYToMuMu_M-120To200_TuneCP5_13TeV-powheg-pythia8/MINIAODSIM/106X_mcRun2_asymptotic_v17-v1/2820000/DB26C47E-1C08-E24A-B140-92A36AC963F5.root
Begin processing the 1900001st record. Run 1, Event 2253008, LumiSection 2254 on stream 0 at 11-Jan-2024 15:53:29.208 CET
11-Jan-2024 15:53:29 CET  Closed file root://cmsxrootd.fnal.gov//store/mc/RunIISummer20UL16MiniAODv2/DYToMuMu_M-120To200_TuneCP5_13TeV-powheg-pythia8/MINIAODSIM/106X_mcRun2_asymptotic_v17-v1/2820000/DB26C47E-1C08-E24A-B140-92A36AC963F5.root
11-Jan-2024 15:53:29 CET  Initiating request to open file root://cmsxrootd.fnal.gov//store/mc/RunIISummer20UL16MiniAODv2/DYToMuMu_M-120To200_TuneCP5_13TeV-powheg-pythia8/MINIAODSIM/106X_mcRun2_asymptotic_v17-v1/2820000/953715AD-D81B-1A43-A5E1-8ACA3ED542DB.root
%MSG-w XrdAdaptorInternal:  file_open 11-Jan-2024 15:53:31 CET PostProcessEvent
Failed to open file at URL root://eos-c01.cms.rcac.purdue.edu:1101//store/mc/RunIISummer20UL16MiniAODv2/DYToMuMu_M-120To200_TuneCP5_13TeV-powheg-pythia8/MINIAODSIM/106X_mcRun2_asymptotic_v17-v1/2820000/953715AD-D81B-1A43-A5E1-8ACA3ED542DB.root?cap.msg=d9J3goYSFLAUInNxGNsU1Ur8UvaMAWcICOqppuMfSEMFeKsPR13YF75ampMwWejEWI8etKZol8+oA+H+obcH5TGaX0yfZ/NsHRxUtflYCTIMpJzw/i596JPUcq7bbf8aPm5NO9L9Tpbfe0jMgWTS4B/13AUoc/funHwrxJv6g+HB/I0MdgUMONdMBZ22ScONwZOB7ul+qadixBNqhmQj2lcZh9CWOkM2TzZzHBQOZMy01PwFwpnnyNvMjus0N1Oxkpt1HDIHXfz6ibsemqtcpiiDPI3+w4fTCiK2FiEZNWwQIEnN/iU8iBq6uNi0ERB/CazxqueTjhsYZmg4d2wOnIlfQ1Fl53MxLAGIbzOyuYlYZY4kPPXltQ07qRU4LwHiOeoV4a1rtIJTEy9A8fPkXiiSJlvjqvO2+1+1MrVVis5r2mJjrR3j9mOkDVObG/9O/Wd5xXoA3w0vjdmBBbE2pwGIRl9K212R7FgGImHrowiOwCZTWINdAkspy+zoYA2sacAjDenp/iHQKqTAlYMqAql40C20+WPq+kUM3sumMUADiDNs8WUrBYp+Vc4GFPsZPbXoe03OmFHFeFA8hnssm4fqa3c5egiu83DX/LolQTrXW6W6OP2uXtSvzWdtrFEhEY8YYIxWsk9Gti8MKVm17E9x1Hlswe4G/jnL9VlPiipgWySXZ4pWifTpLBPgDXLPHAnXbACjZw7xbdtiZHfl5OPPZwSJvy4lhlQHa4z0rH8Vcj+92B7KGGtIgyee0Ps8rVLpOeE5ZRwK6IZtLFFZRaGRQjvKQslqBQ1fK3S/5F9/PNg/vAzI8P8XXfJYrPSwlwyYB4wlwtYAjScH5bi4IK2IE6rprN8NuN4XQtbvnIB5M2PdifWyNdnn6zAOSOAx&cap.sym=xU6mGpv9T0+hMNHFH2SXcWOdliY=&eos.clientinfo=zbase64:MDAwMDAwNmZ4nBXIQQ6EIAxG4avMBWxgMbMg6WG0/YkkKqTQmLm9svveqw1XssGBvr9PqWm7uVx5qssO5TA5/g28ec4w6BzNSmVFXv0Ys99dDDIYtS8SIsnZyWQVam7qIKinGEN8AIdLJuM=&mgm.blockchecksum=ignore&mgm.id=0011a06d&mgm.logid=2f83e846-b091-11ee-ab15-5c6f69a9c0f0&mgm.mtime=1670183124&mgm.replicahead=1&mgm.replicaindex=1.
%MSG
%MSG-w XrdAdaptor:  file_open 11-Jan-2024 15:53:32 CET PostProcessEvent
Data is served from cms.rcac.purdue.edu instead of original site US-Regional-FNAL
%MSG
11-Jan-2024 15:53:33 CET  Successfully opened file root://cmsxrootd.fnal.gov//store/mc/RunIISummer20UL16MiniAODv2/DYToMuMu_M-120To200_TuneCP5_13TeV-powheg-pythia8/MINIAODSIM/106X_mcRun2_asymptotic_v17-v1/2820000/953715AD-D81B-1A43-A5E1-8ACA3ED542DB.root
Begin processing the 2000001st record. Run 1, Event 1411002, LumiSection 1412 on stream 0 at 11-Jan-2024 15:53:44.912 CET
11-Jan-2024 15:53:45 CET  Closed file root://cmsxrootd.fnal.gov//store/mc/RunIISummer20UL16MiniAODv2/DYToMuMu_M-120To200_TuneCP5_13TeV-powheg-pythia8/MINIAODSIM/106X_mcRun2_asymptotic_v17-v1/2820000/953715AD-D81B-1A43-A5E1-8ACA3ED542DB.root
11-Jan-2024 15:53:45 CET  Initiating request to open file root://cmsxrootd.fnal.gov//store/mc/RunIISummer20UL16MiniAODv2/DYToMuMu_M-120To200_TuneCP5_13TeV-powheg-pythia8/MINIAODSIM/106X_mcRun2_asymptotic_v17-v1/2820000/4929E74E-94B0-0541-B4C6-90298A01093F.root
%MSG-w XrdAdaptor:  file_open 11-Jan-2024 15:53:47 CET PostProcessEvent
Data is served from cms.rcac.purdue.edu instead of original site US-Regional-FNAL
%MSG
11-Jan-2024 15:53:48 CET  Successfully opened file root://cmsxrootd.fnal.gov//store/mc/RunIISummer20UL16MiniAODv2/DYToMuMu_M-120To200_TuneCP5_13TeV-powheg-pythia8/MINIAODSIM/106X_mcRun2_asymptotic_v17-v1/2820000/4929E74E-94B0-0541-B4C6-90298A01093F.root
11-Jan-2024 15:54:01 CET  Closed file root://cmsxrootd.fnal.gov//store/mc/RunIISummer20UL16MiniAODv2/DYToMuMu_M-120To200_TuneCP5_13TeV-powheg-pythia8/MINIAODSIM/106X_mcRun2_asymptotic_v17-v1/2820000/4929E74E-94B0-0541-B4C6-90298A01093F.root
11-Jan-2024 15:54:01 CET  Initiating request to open file root://cmsxrootd.fnal.gov//store/mc/RunIISummer20UL16MiniAODv2/DYToMuMu_M-120To200_TuneCP5_13TeV-powheg-pythia8/MINIAODSIM/106X_mcRun2_asymptotic_v17-v1/2820000/27EBF9EF-9C71-2342-9583-4AD7A5F4FD96.root
%MSG-w XrdAdaptor:  file_open 11-Jan-2024 15:54:04 CET PostProcessEvent
Data is served from cms.rcac.purdue.edu instead of original site US-Regional-FNAL
%MSG
11-Jan-2024 15:54:04 CET  Successfully opened file root://cmsxrootd.fnal.gov//store/mc/RunIISummer20UL16MiniAODv2/DYToMuMu_M-120To200_TuneCP5_13TeV-powheg-pythia8/MINIAODSIM/106X_mcRun2_asymptotic_v17-v1/2820000/27EBF9EF-9C71-2342-9583-4AD7A5F4FD96.root
Begin processing the 2100001st record. Run 1, Event 1289001, LumiSection 1290 on stream 0 at 11-Jan-2024 15:54:13.241 CET
11-Jan-2024 15:54:16 CET  Closed file root://cmsxrootd.fnal.gov//store/mc/RunIISummer20UL16MiniAODv2/DYToMuMu_M-120To200_TuneCP5_13TeV-powheg-pythia8/MINIAODSIM/106X_mcRun2_asymptotic_v17-v1/2820000/27EBF9EF-9C71-2342-9583-4AD7A5F4FD96.root
11-Jan-2024 15:54:16 CET  Initiating request to open file root://cmsxrootd.fnal.gov//store/mc/RunIISummer20UL16MiniAODv2/DYToMuMu_M-120To200_TuneCP5_13TeV-powheg-pythia8/MINIAODSIM/106X_mcRun2_asymptotic_v17-v1/2820000/678D89A2-3A11-2146-A5CA-3540EA3FCBF1.root
%MSG-w XrdAdaptorInternal:  file_open 11-Jan-2024 15:54:18 CET PostProcessEvent
Failed to open file at URL root://eos-c01.cms.rcac.purdue.edu:1102//store/mc/RunIISummer20UL16MiniAODv2/DYToMuMu_M-120To200_TuneCP5_13TeV-powheg-pythia8/MINIAODSIM/106X_mcRun2_asymptotic_v17-v1/2820000/678D89A2-3A11-2146-A5CA-3540EA3FCBF1.root?cap.msg=d9J3goYSFLAUInNxGNsU1Ur8UvaMAWcICOqppuMfSEMFeKsPR13YF75ampMwWejEWI8etKZol8+oA+H+obcH5TGaX0yfZ/NsHRxUtflYCTIMpJzw/i596JPUcq7bbf8aPm5NO9L9Tpbfe0jMgWTS4B/13AUoc/funHwrxJv6g+HB/I0MdgUMONdMBZ22ScONwZOB7ul+qadixBNqhmQj2lcZh9CWOkM2TzZzHBQOZMy01PwFwpnnyNvMjus0N1Oxkpt1HDIHXfylT4OMCyjTxj63+4gJZ+SVrtHtFTWPeNEEMh35fMFCZ0cMrkBqYTOGQeN2d+lQkcQZLmC18hI1Tj/nt0T/FG2qxLCMU99WyKuZeg30kcR9Gl3/nSSeFElV4TLbJLFdQMBaX6zF5ou+NkiG03nz6QOgEy8iFJm7N1vtJHKT6f35s+RIOv9TaLrnzhNLGt7J5VlRMOqBLkN121lzVxljJuVFZcsQL6/6J1/kvsBvz7O5oYf3PnjAwqC3Mm629OWRfJwNDFycWmzBdSAbHNA5V1gmJgIXNbCiXPeP4/Ia5WCJ899c8XbcIeZwQcB12mquvVUG6G0rncwqaD2oUUDyUZTmdTt3W9TWYmLnBdnZeKot7bLdV9TqZGMqiVvHUZYQ4lOxXyR6aQ14YTIko5tBl+GfxpmVPWvwBTQEk5j/rb3W/wZ530Fbj1OsqcS1cFxew3XG3oV23+aCgMYX0PxY9A1BikaUWuDWgfAkf5TOxnAMfGNrewhUsgknarIxtFKl/UTXeIi1k4wiTMag2LrgdDrMM1nzLtglddYb2VFDDC/MU7EmR4XCGLomEAkAgPEXFSMC49k3pFyEfQ8INtd4PjqJg6DS+gyv6KO83bWqNdSTSKGdzn90Pv45&cap.sym=xU6mGpv9T0+hMNHFH2SXcWOdliY=&eos.clientinfo=zbase64:MDAwMDAwNmZ4nBXIQQ7DIAwF0avkArEg6QrJh0nsj4rUBmSwqt4+YfdmasOVbHCg176Ums4flytPdXlDOUyOfwOfnjMMOkezUlmRD/+M2c8uBhmM2lcJkeTbyeQQam7qIKinGMN2A4W7JuA=&mgm.blockchecksum=ignore&mgm.id=00237fb4&mgm.logid=4bb55c3e-b091-11ee-9a97-5c6f69a9c0f0&mgm.mtime=1671541719&mgm.replicahead=1&mgm.replicaindex=1.
%MSG
%MSG-w XrdAdaptor:  file_open 11-Jan-2024 15:54:20 CET PostProcessEvent
Data is served from cms.rcac.purdue.edu instead of original site US-Regional-FNAL
%MSG
11-Jan-2024 15:54:21 CET  Successfully opened file root://cmsxrootd.fnal.gov//store/mc/RunIISummer20UL16MiniAODv2/DYToMuMu_M-120To200_TuneCP5_13TeV-powheg-pythia8/MINIAODSIM/106X_mcRun2_asymptotic_v17-v1/2820000/678D89A2-3A11-2146-A5CA-3540EA3FCBF1.root
Begin processing the 2200001st record. Run 1, Event 2048009, LumiSection 2049 on stream 0 at 11-Jan-2024 15:54:31.215 CET
11-Jan-2024 15:54:34 CET  Closed file root://cmsxrootd.fnal.gov//store/mc/RunIISummer20UL16MiniAODv2/DYToMuMu_M-120To200_TuneCP5_13TeV-powheg-pythia8/MINIAODSIM/106X_mcRun2_asymptotic_v17-v1/2820000/678D89A2-3A11-2146-A5CA-3540EA3FCBF1.root
11-Jan-2024 15:54:34 CET  Initiating request to open file root://cmsxrootd.fnal.gov//store/mc/RunIISummer20UL16MiniAODv2/DYToMuMu_M-120To200_TuneCP5_13TeV-powheg-pythia8/MINIAODSIM/106X_mcRun2_asymptotic_v17-v1/2820000/E8052B56-A730-284F-A736-20650D69EA07.root
%MSG-w XrdAdaptor:  file_open 11-Jan-2024 15:54:37 CET PostProcessEvent
Data is served from cms.rcac.purdue.edu instead of original site US-Regional-FNAL
%MSG
11-Jan-2024 15:54:37 CET  Successfully opened file root://cmsxrootd.fnal.gov//store/mc/RunIISummer20UL16MiniAODv2/DYToMuMu_M-120To200_TuneCP5_13TeV-powheg-pythia8/MINIAODSIM/106X_mcRun2_asymptotic_v17-v1/2820000/E8052B56-A730-284F-A736-20650D69EA07.root
Begin processing the 2300001st record. Run 1, Event 1147003, LumiSection 1148 on stream 0 at 11-Jan-2024 15:54:46.855 CET
11-Jan-2024 15:54:52 CET  Closed file root://cmsxrootd.fnal.gov//store/mc/RunIISummer20UL16MiniAODv2/DYToMuMu_M-120To200_TuneCP5_13TeV-powheg-pythia8/MINIAODSIM/106X_mcRun2_asymptotic_v17-v1/2820000/E8052B56-A730-284F-A736-20650D69EA07.root
11-Jan-2024 15:54:52 CET  Initiating request to open file root://cmsxrootd.fnal.gov//store/mc/RunIISummer20UL16MiniAODv2/DYToMuMu_M-120To200_TuneCP5_13TeV-powheg-pythia8/MINIAODSIM/106X_mcRun2_asymptotic_v17-v1/2820000/205178CE-95C5-054C-8E9C-6D2073F174D2.root
%MSG-w XrdAdaptor:  file_open 11-Jan-2024 15:54:55 CET PostProcessEvent
Data is served from cms.rcac.purdue.edu instead of original site US-Regional-FNAL
%MSG
11-Jan-2024 15:54:55 CET  Successfully opened file root://cmsxrootd.fnal.gov//store/mc/RunIISummer20UL16MiniAODv2/DYToMuMu_M-120To200_TuneCP5_13TeV-powheg-pythia8/MINIAODSIM/106X_mcRun2_asymptotic_v17-v1/2820000/205178CE-95C5-054C-8E9C-6D2073F174D2.root
Begin processing the 2400001st record. Run 1, Event 1136003, LumiSection 1137 on stream 0 at 11-Jan-2024 15:55:03.513 CET
     20.569398      0.013616      1.000000         10013
 
11-Jan-2024 15:55:07 CET  Closed file root://cmsxrootd.fnal.gov//store/mc/RunIISummer20UL16MiniAODv2/DYToMuMu_M-120To200_TuneCP5_13TeV-powheg-pythia8/MINIAODSIM/106X_mcRun2_asymptotic_v17-v1/2820000/205178CE-95C5-054C-8E9C-6D2073F174D2.root

------------------------------------
GenXsecAnalyzer:
------------------------------------
-------------------------------------------------------------------------------------------------------------------------------------------------------------------------- 
Overall cross-section summary 
--------------------------------------------------------------------------------------------------------------------------------------------------------------------------
Process		xsec_before [pb]		passed	nposw	nnegw	tried	nposw	nnegw 	xsec_match [pb]			accepted [%]	 event_eff [%]
0		2.057e+01 +/- 4.814e-03		2500000	2487731	12269	2500000	2487731	12269	2.057e+01 +/- 4.814e-03		100.0 +/- 0.0	100.0 +/- 0.0
-------------------------------------------------------------------------------------------------------------------------------------------------------------------------- 
Total		2.057e+01 +/- 4.814e-03		2500000	2487731	12269	2500000	2487731	12269	2.057e+01 +/- 4.814e-03		100.0 +/- 0.0	100.0 +/- 0.0
--------------------------------------------------------------------------------------------------------------------------------------------------------------------------
Before matching: total cross section = 2.057e+01 +- 4.814e-03 pb
After matching: total cross section = 2.057e+01 +- 4.814e-03 pb
Matching efficiency = 1.0 +/- 0.0   [TO BE USED IN MCM]
Filter efficiency (taking into account weights)= (5.14349e+07) / (5.14349e+07) = 1.000e+00 +- 0.000e+00
Filter efficiency (event-level)= (2.5e+06) / (2.5e+06) = 1.000e+00 +- 0.000e+00    [TO BE USED IN MCM]

After filter: final cross section = 2.057e+01 +- 4.814e-03 pb
After filter: final fraction of events with negative weights = 4.908e-03 +- 1.617e-08
After filter: final equivalent lumi for 1M events (1/fb) = 4.767e+01 +- 4.847e-02

=============================================

MessageLogger Summary

 type     category        sev    module        subroutine        count    total
 ---- -------------------- -- ---------------- ----------------  -----    -----
    1 GenXSecAnalyzer      -w GenXSecAnalyzer:                      15       15
    2 XrdAdaptor           -w file_open                             29       29
    3 XrdAdaptorInternal   -w file_open                              3        3
    4 fileAction           -s file_close                            29       29
    5 fileAction           -s file_open                             58       58

 type    category    Examples: run/evt        run/evt          run/evt
 ---- -------------------- ---------------- ---------------- ----------------
    1 GenXSecAnalyzer      PostGlobalEndRun PostGlobalEndRun PostGlobalEndRun
    2 XrdAdaptor           pre-events       PostProcessEvent PostProcessEvent
    3 XrdAdaptorInternal   PostProcessEvent PostProcessEvent PostProcessEvent
    4 fileAction           PostProcessEvent PostProcessEvent PostGlobalEndRun
    5 fileAction           pre-events       pre-events       PostProcessEvent

Severity    # Occurrences   Total Occurrences
--------    -------------   -----------------
Warning                47                  47
System                 87                  87

dropped waiting message count 0
