15-Dec-2023 11:47:45 CET  Initiating request to open file root://cmsxrootd.fnal.gov//store/mc/RunIISummer20UL16MiniAODv2/DYToMuMu_M-200To400_TuneCP5_13TeV-powheg-pythia8/MINIAODSIM/106X_mcRun2_asymptotic_v17-v2/30000/85A1DF17-8424-3249-B4B1-AEA716D51234.root
%MSG-w XrdAdaptor:  file_open 15-Dec-2023 11:47:50 CET pre-events
Data is served from T2_US_Nebraska instead of original site US-Regional-Nebraska
%MSG
15-Dec-2023 11:47:56 CET  Successfully opened file root://cmsxrootd.fnal.gov//store/mc/RunIISummer20UL16MiniAODv2/DYToMuMu_M-200To400_TuneCP5_13TeV-powheg-pythia8/MINIAODSIM/106X_mcRun2_asymptotic_v17-v2/30000/85A1DF17-8424-3249-B4B1-AEA716D51234.root
Begin processing the 1st record. Run 1, Event 1877, LumiSection 3 on stream 0 at 15-Dec-2023 11:48:10.575 CET
15-Dec-2023 11:48:12 CET  Closed file root://cmsxrootd.fnal.gov//store/mc/RunIISummer20UL16MiniAODv2/DYToMuMu_M-200To400_TuneCP5_13TeV-powheg-pythia8/MINIAODSIM/106X_mcRun2_asymptotic_v17-v2/30000/85A1DF17-8424-3249-B4B1-AEA716D51234.root
15-Dec-2023 11:48:12 CET  Initiating request to open file root://cmsxrootd.fnal.gov//store/mc/RunIISummer20UL16MiniAODv2/DYToMuMu_M-200To400_TuneCP5_13TeV-powheg-pythia8/MINIAODSIM/106X_mcRun2_asymptotic_v17-v2/30000/35367203-F186-3549-B097-85F584F75AFE.root
%MSG-w XrdAdaptor:  file_open 15-Dec-2023 11:48:15 CET PostProcessEvent
Data is served from T2_US_Nebraska instead of original site US-Regional-Nebraska
%MSG
15-Dec-2023 11:48:16 CET  Successfully opened file root://cmsxrootd.fnal.gov//store/mc/RunIISummer20UL16MiniAODv2/DYToMuMu_M-200To400_TuneCP5_13TeV-powheg-pythia8/MINIAODSIM/106X_mcRun2_asymptotic_v17-v2/30000/35367203-F186-3549-B097-85F584F75AFE.root
15-Dec-2023 11:48:28 CET  Closed file root://cmsxrootd.fnal.gov//store/mc/RunIISummer20UL16MiniAODv2/DYToMuMu_M-200To400_TuneCP5_13TeV-powheg-pythia8/MINIAODSIM/106X_mcRun2_asymptotic_v17-v2/30000/35367203-F186-3549-B097-85F584F75AFE.root
15-Dec-2023 11:48:28 CET  Initiating request to open file root://cmsxrootd.fnal.gov//store/mc/RunIISummer20UL16MiniAODv2/DYToMuMu_M-200To400_TuneCP5_13TeV-powheg-pythia8/MINIAODSIM/106X_mcRun2_asymptotic_v17-v2/30000/F741F0ED-62A0-874D-9C87-EE2CB8AC0770.root
%MSG-w XrdAdaptor:  file_open 15-Dec-2023 11:48:32 CET PostProcessEvent
Data is served from T2_US_Nebraska instead of original site US-Regional-Nebraska
%MSG
15-Dec-2023 11:48:33 CET  Successfully opened file root://cmsxrootd.fnal.gov//store/mc/RunIISummer20UL16MiniAODv2/DYToMuMu_M-200To400_TuneCP5_13TeV-powheg-pythia8/MINIAODSIM/106X_mcRun2_asymptotic_v17-v2/30000/F741F0ED-62A0-874D-9C87-EE2CB8AC0770.root
Begin processing the 100001st record. Run 1, Event 99064, LumiSection 106 on stream 0 at 15-Dec-2023 11:48:45.142 CET
15-Dec-2023 11:48:45 CET  Closed file root://cmsxrootd.fnal.gov//store/mc/RunIISummer20UL16MiniAODv2/DYToMuMu_M-200To400_TuneCP5_13TeV-powheg-pythia8/MINIAODSIM/106X_mcRun2_asymptotic_v17-v2/30000/F741F0ED-62A0-874D-9C87-EE2CB8AC0770.root
15-Dec-2023 11:48:45 CET  Initiating request to open file root://cmsxrootd.fnal.gov//store/mc/RunIISummer20UL16MiniAODv2/DYToMuMu_M-200To400_TuneCP5_13TeV-powheg-pythia8/MINIAODSIM/106X_mcRun2_asymptotic_v17-v2/30000/DDBE73DC-7485-4542-9DEE-58B0468239E5.root
%MSG-w XrdAdaptor:  file_open 15-Dec-2023 11:48:48 CET PostProcessEvent
Data is served from T2_US_Nebraska instead of original site US-Regional-Nebraska
%MSG
15-Dec-2023 11:48:48 CET  Successfully opened file root://cmsxrootd.fnal.gov//store/mc/RunIISummer20UL16MiniAODv2/DYToMuMu_M-200To400_TuneCP5_13TeV-powheg-pythia8/MINIAODSIM/106X_mcRun2_asymptotic_v17-v2/30000/DDBE73DC-7485-4542-9DEE-58B0468239E5.root
15-Dec-2023 11:49:02 CET  Closed file root://cmsxrootd.fnal.gov//store/mc/RunIISummer20UL16MiniAODv2/DYToMuMu_M-200To400_TuneCP5_13TeV-powheg-pythia8/MINIAODSIM/106X_mcRun2_asymptotic_v17-v2/30000/DDBE73DC-7485-4542-9DEE-58B0468239E5.root
15-Dec-2023 11:49:02 CET  Initiating request to open file root://cmsxrootd.fnal.gov//store/mc/RunIISummer20UL16MiniAODv2/DYToMuMu_M-200To400_TuneCP5_13TeV-powheg-pythia8/MINIAODSIM/106X_mcRun2_asymptotic_v17-v2/30000/4ADFA10D-6892-784C-8961-A9AA5A634CFB.root
%MSG-w XrdAdaptor:  file_open 15-Dec-2023 11:49:05 CET PostProcessEvent
Data is served from T2_US_Nebraska instead of original site US-Regional-Nebraska
%MSG
15-Dec-2023 11:49:06 CET  Successfully opened file root://cmsxrootd.fnal.gov//store/mc/RunIISummer20UL16MiniAODv2/DYToMuMu_M-200To400_TuneCP5_13TeV-powheg-pythia8/MINIAODSIM/106X_mcRun2_asymptotic_v17-v2/30000/4ADFA10D-6892-784C-8961-A9AA5A634CFB.root
15-Dec-2023 11:49:18 CET  Closed file root://cmsxrootd.fnal.gov//store/mc/RunIISummer20UL16MiniAODv2/DYToMuMu_M-200To400_TuneCP5_13TeV-powheg-pythia8/MINIAODSIM/106X_mcRun2_asymptotic_v17-v2/30000/4ADFA10D-6892-784C-8961-A9AA5A634CFB.root
15-Dec-2023 11:49:18 CET  Initiating request to open file root://cmsxrootd.fnal.gov//store/mc/RunIISummer20UL16MiniAODv2/DYToMuMu_M-200To400_TuneCP5_13TeV-powheg-pythia8/MINIAODSIM/106X_mcRun2_asymptotic_v17-v2/30000/7A9888FE-B34D-EE4D-9707-258D94802486.root
%MSG-w XrdAdaptor:  file_open 15-Dec-2023 11:49:20 CET PostProcessEvent
Data is served from T2_US_Nebraska instead of original site US-Regional-Nebraska
%MSG
15-Dec-2023 11:49:21 CET  Successfully opened file root://cmsxrootd.fnal.gov//store/mc/RunIISummer20UL16MiniAODv2/DYToMuMu_M-200To400_TuneCP5_13TeV-powheg-pythia8/MINIAODSIM/106X_mcRun2_asymptotic_v17-v2/30000/7A9888FE-B34D-EE4D-9707-258D94802486.root
Begin processing the 200001st record. Run 1, Event 124032, LumiSection 133 on stream 0 at 15-Dec-2023 11:49:41.620 CET
15-Dec-2023 11:49:41 CET  Closed file root://cmsxrootd.fnal.gov//store/mc/RunIISummer20UL16MiniAODv2/DYToMuMu_M-200To400_TuneCP5_13TeV-powheg-pythia8/MINIAODSIM/106X_mcRun2_asymptotic_v17-v2/30000/7A9888FE-B34D-EE4D-9707-258D94802486.root
15-Dec-2023 11:49:41 CET  Initiating request to open file root://cmsxrootd.fnal.gov//store/mc/RunIISummer20UL16MiniAODv2/DYToMuMu_M-200To400_TuneCP5_13TeV-powheg-pythia8/MINIAODSIM/106X_mcRun2_asymptotic_v17-v2/30000/2DD43FAA-C5BA-974D-A8F2-ED4FA52DB8B2.root
%MSG-w XrdAdaptor:  file_open 15-Dec-2023 11:49:44 CET PostProcessEvent
Data is served from T2_US_Nebraska instead of original site US-Regional-Nebraska
%MSG
15-Dec-2023 11:49:44 CET  Successfully opened file root://cmsxrootd.fnal.gov//store/mc/RunIISummer20UL16MiniAODv2/DYToMuMu_M-200To400_TuneCP5_13TeV-powheg-pythia8/MINIAODSIM/106X_mcRun2_asymptotic_v17-v2/30000/2DD43FAA-C5BA-974D-A8F2-ED4FA52DB8B2.root
15-Dec-2023 11:50:00 CET  Closed file root://cmsxrootd.fnal.gov//store/mc/RunIISummer20UL16MiniAODv2/DYToMuMu_M-200To400_TuneCP5_13TeV-powheg-pythia8/MINIAODSIM/106X_mcRun2_asymptotic_v17-v2/30000/2DD43FAA-C5BA-974D-A8F2-ED4FA52DB8B2.root
15-Dec-2023 11:50:00 CET  Initiating request to open file root://cmsxrootd.fnal.gov//store/mc/RunIISummer20UL16MiniAODv2/DYToMuMu_M-200To400_TuneCP5_13TeV-powheg-pythia8/MINIAODSIM/106X_mcRun2_asymptotic_v17-v2/30000/A80571BD-FDD8-3241-BD2A-08F9B5725DB5.root
%MSG-w XrdAdaptor:  file_open 15-Dec-2023 11:50:03 CET PostProcessEvent
Data is served from T2_US_Nebraska instead of original site US-Regional-Nebraska
%MSG
15-Dec-2023 11:50:04 CET  Successfully opened file root://cmsxrootd.fnal.gov//store/mc/RunIISummer20UL16MiniAODv2/DYToMuMu_M-200To400_TuneCP5_13TeV-powheg-pythia8/MINIAODSIM/106X_mcRun2_asymptotic_v17-v2/30000/A80571BD-FDD8-3241-BD2A-08F9B5725DB5.root
15-Dec-2023 11:50:17 CET  Closed file root://cmsxrootd.fnal.gov//store/mc/RunIISummer20UL16MiniAODv2/DYToMuMu_M-200To400_TuneCP5_13TeV-powheg-pythia8/MINIAODSIM/106X_mcRun2_asymptotic_v17-v2/30000/A80571BD-FDD8-3241-BD2A-08F9B5725DB5.root
15-Dec-2023 11:50:17 CET  Initiating request to open file root://cmsxrootd.fnal.gov//store/mc/RunIISummer20UL16MiniAODv2/DYToMuMu_M-200To400_TuneCP5_13TeV-powheg-pythia8/MINIAODSIM/106X_mcRun2_asymptotic_v17-v2/30000/361AB04B-4F15-F140-9474-956427F5D93D.root
%MSG-w XrdAdaptor:  file_open 15-Dec-2023 11:50:19 CET PostProcessEvent
Data is served from T2_US_Nebraska instead of original site US-Regional-Nebraska
%MSG
15-Dec-2023 11:50:20 CET  Successfully opened file root://cmsxrootd.fnal.gov//store/mc/RunIISummer20UL16MiniAODv2/DYToMuMu_M-200To400_TuneCP5_13TeV-powheg-pythia8/MINIAODSIM/106X_mcRun2_asymptotic_v17-v2/30000/361AB04B-4F15-F140-9474-956427F5D93D.root
15-Dec-2023 11:50:27 CET  Closed file root://cmsxrootd.fnal.gov//store/mc/RunIISummer20UL16MiniAODv2/DYToMuMu_M-200To400_TuneCP5_13TeV-powheg-pythia8/MINIAODSIM/106X_mcRun2_asymptotic_v17-v2/30000/361AB04B-4F15-F140-9474-956427F5D93D.root
15-Dec-2023 11:50:27 CET  Initiating request to open file root://cmsxrootd.fnal.gov//store/mc/RunIISummer20UL16MiniAODv2/DYToMuMu_M-200To400_TuneCP5_13TeV-powheg-pythia8/MINIAODSIM/106X_mcRun2_asymptotic_v17-v2/30000/8508D86E-5100-0A4E-A88C-1EFA5743DCF9.root
%MSG-w XrdAdaptor:  file_open 15-Dec-2023 11:50:30 CET PostProcessEvent
Data is served from T2_US_Nebraska instead of original site US-Regional-Nebraska
%MSG
15-Dec-2023 11:50:30 CET  Successfully opened file root://cmsxrootd.fnal.gov//store/mc/RunIISummer20UL16MiniAODv2/DYToMuMu_M-200To400_TuneCP5_13TeV-powheg-pythia8/MINIAODSIM/106X_mcRun2_asymptotic_v17-v2/30000/8508D86E-5100-0A4E-A88C-1EFA5743DCF9.root
15-Dec-2023 11:50:37 CET  Closed file root://cmsxrootd.fnal.gov//store/mc/RunIISummer20UL16MiniAODv2/DYToMuMu_M-200To400_TuneCP5_13TeV-powheg-pythia8/MINIAODSIM/106X_mcRun2_asymptotic_v17-v2/30000/8508D86E-5100-0A4E-A88C-1EFA5743DCF9.root
15-Dec-2023 11:50:37 CET  Initiating request to open file root://cmsxrootd.fnal.gov//store/mc/RunIISummer20UL16MiniAODv2/DYToMuMu_M-200To400_TuneCP5_13TeV-powheg-pythia8/MINIAODSIM/106X_mcRun2_asymptotic_v17-v2/30000/8A73681F-79C5-204F-A74A-59B81544F647.root
%MSG-w XrdAdaptor:  file_open 15-Dec-2023 11:50:40 CET PostProcessEvent
Data is served from T2_US_Nebraska instead of original site US-Regional-Nebraska
%MSG
15-Dec-2023 11:50:41 CET  Successfully opened file root://cmsxrootd.fnal.gov//store/mc/RunIISummer20UL16MiniAODv2/DYToMuMu_M-200To400_TuneCP5_13TeV-powheg-pythia8/MINIAODSIM/106X_mcRun2_asymptotic_v17-v2/30000/8A73681F-79C5-204F-A74A-59B81544F647.root
Begin processing the 300001st record. Run 1, Event 347841, LumiSection 371 on stream 0 at 15-Dec-2023 11:51:00.595 CET
15-Dec-2023 11:51:02 CET  Closed file root://cmsxrootd.fnal.gov//store/mc/RunIISummer20UL16MiniAODv2/DYToMuMu_M-200To400_TuneCP5_13TeV-powheg-pythia8/MINIAODSIM/106X_mcRun2_asymptotic_v17-v2/30000/8A73681F-79C5-204F-A74A-59B81544F647.root
15-Dec-2023 11:51:02 CET  Initiating request to open file root://cmsxrootd.fnal.gov//store/mc/RunIISummer20UL16MiniAODv2/DYToMuMu_M-200To400_TuneCP5_13TeV-powheg-pythia8/MINIAODSIM/106X_mcRun2_asymptotic_v17-v2/30000/9AC09AC4-47F4-264E-9C45-BB15D1C6694C.root
%MSG-w XrdAdaptor:  file_open 15-Dec-2023 11:51:04 CET PostProcessEvent
Data is served from T2_US_Nebraska instead of original site US-Regional-Nebraska
%MSG
15-Dec-2023 11:51:05 CET  Successfully opened file root://cmsxrootd.fnal.gov//store/mc/RunIISummer20UL16MiniAODv2/DYToMuMu_M-200To400_TuneCP5_13TeV-powheg-pythia8/MINIAODSIM/106X_mcRun2_asymptotic_v17-v2/30000/9AC09AC4-47F4-264E-9C45-BB15D1C6694C.root
15-Dec-2023 11:51:17 CET  Closed file root://cmsxrootd.fnal.gov//store/mc/RunIISummer20UL16MiniAODv2/DYToMuMu_M-200To400_TuneCP5_13TeV-powheg-pythia8/MINIAODSIM/106X_mcRun2_asymptotic_v17-v2/30000/9AC09AC4-47F4-264E-9C45-BB15D1C6694C.root
15-Dec-2023 11:51:17 CET  Initiating request to open file root://cmsxrootd.fnal.gov//store/mc/RunIISummer20UL16MiniAODv2/DYToMuMu_M-200To400_TuneCP5_13TeV-powheg-pythia8/MINIAODSIM/106X_mcRun2_asymptotic_v17-v2/30000/1CCE1433-3AE6-8D45-8AAB-DC7AF7919A79.root
%MSG-w XrdAdaptor:  file_open 15-Dec-2023 11:51:19 CET PostProcessEvent
Data is served from T2_US_Nebraska instead of original site US-Regional-Nebraska
%MSG
15-Dec-2023 11:51:20 CET  Successfully opened file root://cmsxrootd.fnal.gov//store/mc/RunIISummer20UL16MiniAODv2/DYToMuMu_M-200To400_TuneCP5_13TeV-powheg-pythia8/MINIAODSIM/106X_mcRun2_asymptotic_v17-v2/30000/1CCE1433-3AE6-8D45-8AAB-DC7AF7919A79.root
15-Dec-2023 11:51:29 CET  Closed file root://cmsxrootd.fnal.gov//store/mc/RunIISummer20UL16MiniAODv2/DYToMuMu_M-200To400_TuneCP5_13TeV-powheg-pythia8/MINIAODSIM/106X_mcRun2_asymptotic_v17-v2/30000/1CCE1433-3AE6-8D45-8AAB-DC7AF7919A79.root
15-Dec-2023 11:51:29 CET  Initiating request to open file root://cmsxrootd.fnal.gov//store/mc/RunIISummer20UL16MiniAODv2/DYToMuMu_M-200To400_TuneCP5_13TeV-powheg-pythia8/MINIAODSIM/106X_mcRun2_asymptotic_v17-v2/30000/2F38F41D-0883-C34F-AA8C-DF1089437C98.root
%MSG-w XrdAdaptor:  file_open 15-Dec-2023 11:51:31 CET PostProcessEvent
Data is served from T2_US_Nebraska instead of original site US-Regional-Nebraska
%MSG
15-Dec-2023 11:51:32 CET  Successfully opened file root://cmsxrootd.fnal.gov//store/mc/RunIISummer20UL16MiniAODv2/DYToMuMu_M-200To400_TuneCP5_13TeV-powheg-pythia8/MINIAODSIM/106X_mcRun2_asymptotic_v17-v2/30000/2F38F41D-0883-C34F-AA8C-DF1089437C98.root
15-Dec-2023 11:51:42 CET  Closed file root://cmsxrootd.fnal.gov//store/mc/RunIISummer20UL16MiniAODv2/DYToMuMu_M-200To400_TuneCP5_13TeV-powheg-pythia8/MINIAODSIM/106X_mcRun2_asymptotic_v17-v2/30000/2F38F41D-0883-C34F-AA8C-DF1089437C98.root
15-Dec-2023 11:51:42 CET  Initiating request to open file root://cmsxrootd.fnal.gov//store/mc/RunIISummer20UL16MiniAODv2/DYToMuMu_M-200To400_TuneCP5_13TeV-powheg-pythia8/MINIAODSIM/106X_mcRun2_asymptotic_v17-v2/30000/FE5B3CD2-00CD-F94B-8EE4-611353B535AB.root
%MSG-w XrdAdaptor:  file_open 15-Dec-2023 11:51:45 CET PostProcessEvent
Data is served from T2_US_Nebraska instead of original site US-Regional-Nebraska
%MSG
15-Dec-2023 11:51:45 CET  Successfully opened file root://cmsxrootd.fnal.gov//store/mc/RunIISummer20UL16MiniAODv2/DYToMuMu_M-200To400_TuneCP5_13TeV-powheg-pythia8/MINIAODSIM/106X_mcRun2_asymptotic_v17-v2/30000/FE5B3CD2-00CD-F94B-8EE4-611353B535AB.root
Begin processing the 400001st record. Run 1, Event 628870, LumiSection 671 on stream 0 at 15-Dec-2023 11:51:56.757 CET
15-Dec-2023 11:51:56 CET  Closed file root://cmsxrootd.fnal.gov//store/mc/RunIISummer20UL16MiniAODv2/DYToMuMu_M-200To400_TuneCP5_13TeV-powheg-pythia8/MINIAODSIM/106X_mcRun2_asymptotic_v17-v2/30000/FE5B3CD2-00CD-F94B-8EE4-611353B535AB.root
15-Dec-2023 11:51:56 CET  Initiating request to open file root://cmsxrootd.fnal.gov//store/mc/RunIISummer20UL16MiniAODv2/DYToMuMu_M-200To400_TuneCP5_13TeV-powheg-pythia8/MINIAODSIM/106X_mcRun2_asymptotic_v17-v2/30000/A55B53D4-BB3B-504A-8AA9-CB2492F2A1F8.root
%MSG-w XrdAdaptor:  file_open 15-Dec-2023 11:51:59 CET PostProcessEvent
Data is served from T2_US_Nebraska instead of original site US-Regional-Nebraska
%MSG
15-Dec-2023 11:52:00 CET  Successfully opened file root://cmsxrootd.fnal.gov//store/mc/RunIISummer20UL16MiniAODv2/DYToMuMu_M-200To400_TuneCP5_13TeV-powheg-pythia8/MINIAODSIM/106X_mcRun2_asymptotic_v17-v2/30000/A55B53D4-BB3B-504A-8AA9-CB2492F2A1F8.root
15-Dec-2023 11:52:06 CET  Closed file root://cmsxrootd.fnal.gov//store/mc/RunIISummer20UL16MiniAODv2/DYToMuMu_M-200To400_TuneCP5_13TeV-powheg-pythia8/MINIAODSIM/106X_mcRun2_asymptotic_v17-v2/30000/A55B53D4-BB3B-504A-8AA9-CB2492F2A1F8.root
15-Dec-2023 11:52:06 CET  Initiating request to open file root://cmsxrootd.fnal.gov//store/mc/RunIISummer20UL16MiniAODv2/DYToMuMu_M-200To400_TuneCP5_13TeV-powheg-pythia8/MINIAODSIM/106X_mcRun2_asymptotic_v17-v2/30000/B6D80F72-76F9-A345-B11E-D20BD1FB234C.root
%MSG-w XrdAdaptor:  file_open 15-Dec-2023 11:52:09 CET PostProcessEvent
Data is served from T2_US_Nebraska instead of original site US-Regional-Nebraska
%MSG
15-Dec-2023 11:52:10 CET  Successfully opened file root://cmsxrootd.fnal.gov//store/mc/RunIISummer20UL16MiniAODv2/DYToMuMu_M-200To400_TuneCP5_13TeV-powheg-pythia8/MINIAODSIM/106X_mcRun2_asymptotic_v17-v2/30000/B6D80F72-76F9-A345-B11E-D20BD1FB234C.root
15-Dec-2023 11:52:22 CET  Closed file root://cmsxrootd.fnal.gov//store/mc/RunIISummer20UL16MiniAODv2/DYToMuMu_M-200To400_TuneCP5_13TeV-powheg-pythia8/MINIAODSIM/106X_mcRun2_asymptotic_v17-v2/30000/B6D80F72-76F9-A345-B11E-D20BD1FB234C.root
15-Dec-2023 11:52:22 CET  Initiating request to open file root://cmsxrootd.fnal.gov//store/mc/RunIISummer20UL16MiniAODv2/DYToMuMu_M-200To400_TuneCP5_13TeV-powheg-pythia8/MINIAODSIM/106X_mcRun2_asymptotic_v17-v2/30000/913B473B-8DA2-0C4C-8A1A-D49A1CA27754.root
%MSG-w XrdAdaptor:  file_open 15-Dec-2023 11:52:24 CET PostProcessEvent
Data is served from T2_US_Nebraska instead of original site US-Regional-Nebraska
%MSG
15-Dec-2023 11:52:25 CET  Successfully opened file root://cmsxrootd.fnal.gov//store/mc/RunIISummer20UL16MiniAODv2/DYToMuMu_M-200To400_TuneCP5_13TeV-powheg-pythia8/MINIAODSIM/106X_mcRun2_asymptotic_v17-v2/30000/913B473B-8DA2-0C4C-8A1A-D49A1CA27754.root
15-Dec-2023 11:52:30 CET  Closed file root://cmsxrootd.fnal.gov//store/mc/RunIISummer20UL16MiniAODv2/DYToMuMu_M-200To400_TuneCP5_13TeV-powheg-pythia8/MINIAODSIM/106X_mcRun2_asymptotic_v17-v2/30000/913B473B-8DA2-0C4C-8A1A-D49A1CA27754.root
15-Dec-2023 11:52:30 CET  Initiating request to open file root://cmsxrootd.fnal.gov//store/mc/RunIISummer20UL16MiniAODv2/DYToMuMu_M-200To400_TuneCP5_13TeV-powheg-pythia8/MINIAODSIM/106X_mcRun2_asymptotic_v17-v2/30000/97C7A1DF-7058-1141-B878-D3A0223F7C14.root
%MSG-w XrdAdaptor:  file_open 15-Dec-2023 11:52:33 CET PostProcessEvent
Data is served from T2_US_Nebraska instead of original site US-Regional-Nebraska
%MSG
15-Dec-2023 11:52:34 CET  Successfully opened file root://cmsxrootd.fnal.gov//store/mc/RunIISummer20UL16MiniAODv2/DYToMuMu_M-200To400_TuneCP5_13TeV-powheg-pythia8/MINIAODSIM/106X_mcRun2_asymptotic_v17-v2/30000/97C7A1DF-7058-1141-B878-D3A0223F7C14.root
15-Dec-2023 11:52:52 CET  Closed file root://cmsxrootd.fnal.gov//store/mc/RunIISummer20UL16MiniAODv2/DYToMuMu_M-200To400_TuneCP5_13TeV-powheg-pythia8/MINIAODSIM/106X_mcRun2_asymptotic_v17-v2/30000/97C7A1DF-7058-1141-B878-D3A0223F7C14.root
15-Dec-2023 11:52:52 CET  Initiating request to open file root://cmsxrootd.fnal.gov//store/mc/RunIISummer20UL16MiniAODv2/DYToMuMu_M-200To400_TuneCP5_13TeV-powheg-pythia8/MINIAODSIM/106X_mcRun2_asymptotic_v17-v2/30000/067F9891-EE78-4B4C-ADCF-07D21B1D186A.root
%MSG-w XrdAdaptor:  file_open 15-Dec-2023 11:52:55 CET PostProcessEvent
Data is served from T2_US_Nebraska instead of original site US-Regional-Nebraska
%MSG
15-Dec-2023 11:52:55 CET  Successfully opened file root://cmsxrootd.fnal.gov//store/mc/RunIISummer20UL16MiniAODv2/DYToMuMu_M-200To400_TuneCP5_13TeV-powheg-pythia8/MINIAODSIM/106X_mcRun2_asymptotic_v17-v2/30000/067F9891-EE78-4B4C-ADCF-07D21B1D186A.root
Begin processing the 500001st record. Run 1, Event 343739, LumiSection 367 on stream 0 at 15-Dec-2023 11:53:24.069 CET
15-Dec-2023 11:53:26 CET  Closed file root://cmsxrootd.fnal.gov//store/mc/RunIISummer20UL16MiniAODv2/DYToMuMu_M-200To400_TuneCP5_13TeV-powheg-pythia8/MINIAODSIM/106X_mcRun2_asymptotic_v17-v2/30000/067F9891-EE78-4B4C-ADCF-07D21B1D186A.root
15-Dec-2023 11:53:26 CET  Initiating request to open file root://cmsxrootd.fnal.gov//store/mc/RunIISummer20UL16MiniAODv2/DYToMuMu_M-200To400_TuneCP5_13TeV-powheg-pythia8/MINIAODSIM/106X_mcRun2_asymptotic_v17-v2/30000/BF397F9E-9F6D-0F40-84BE-5CA00F00D64F.root
%MSG-w XrdAdaptor:  file_open 15-Dec-2023 11:53:29 CET PostProcessEvent
Data is served from T2_US_Nebraska instead of original site US-Regional-Nebraska
%MSG
15-Dec-2023 11:53:30 CET  Successfully opened file root://cmsxrootd.fnal.gov//store/mc/RunIISummer20UL16MiniAODv2/DYToMuMu_M-200To400_TuneCP5_13TeV-powheg-pythia8/MINIAODSIM/106X_mcRun2_asymptotic_v17-v2/30000/BF397F9E-9F6D-0F40-84BE-5CA00F00D64F.root
15-Dec-2023 11:53:44 CET  Closed file root://cmsxrootd.fnal.gov//store/mc/RunIISummer20UL16MiniAODv2/DYToMuMu_M-200To400_TuneCP5_13TeV-powheg-pythia8/MINIAODSIM/106X_mcRun2_asymptotic_v17-v2/30000/BF397F9E-9F6D-0F40-84BE-5CA00F00D64F.root
15-Dec-2023 11:53:44 CET  Initiating request to open file root://cmsxrootd.fnal.gov//store/mc/RunIISummer20UL16MiniAODv2/DYToMuMu_M-200To400_TuneCP5_13TeV-powheg-pythia8/MINIAODSIM/106X_mcRun2_asymptotic_v17-v2/30000/0AABA6F3-6734-E640-B37A-568C97C0BFCB.root
%MSG-w XrdAdaptor:  file_open 15-Dec-2023 11:53:46 CET PostProcessEvent
Data is served from T2_US_Nebraska instead of original site US-Regional-Nebraska
%MSG
15-Dec-2023 11:53:47 CET  Successfully opened file root://cmsxrootd.fnal.gov//store/mc/RunIISummer20UL16MiniAODv2/DYToMuMu_M-200To400_TuneCP5_13TeV-powheg-pythia8/MINIAODSIM/106X_mcRun2_asymptotic_v17-v2/30000/0AABA6F3-6734-E640-B37A-568C97C0BFCB.root
Begin processing the 600001st record. Run 1, Event 712018, LumiSection 760 on stream 0 at 15-Dec-2023 11:54:00.675 CET
15-Dec-2023 11:54:01 CET  Closed file root://cmsxrootd.fnal.gov//store/mc/RunIISummer20UL16MiniAODv2/DYToMuMu_M-200To400_TuneCP5_13TeV-powheg-pythia8/MINIAODSIM/106X_mcRun2_asymptotic_v17-v2/30000/0AABA6F3-6734-E640-B37A-568C97C0BFCB.root
15-Dec-2023 11:54:01 CET  Initiating request to open file root://cmsxrootd.fnal.gov//store/mc/RunIISummer20UL16MiniAODv2/DYToMuMu_M-200To400_TuneCP5_13TeV-powheg-pythia8/MINIAODSIM/106X_mcRun2_asymptotic_v17-v2/30000/5C71E70F-5A86-EF47-8944-1A1B333ECEE1.root
%MSG-w XrdAdaptor:  file_open 15-Dec-2023 11:54:03 CET PostProcessEvent
Data is served from T2_US_Nebraska instead of original site US-Regional-Nebraska
%MSG
15-Dec-2023 11:54:04 CET  Successfully opened file root://cmsxrootd.fnal.gov//store/mc/RunIISummer20UL16MiniAODv2/DYToMuMu_M-200To400_TuneCP5_13TeV-powheg-pythia8/MINIAODSIM/106X_mcRun2_asymptotic_v17-v2/30000/5C71E70F-5A86-EF47-8944-1A1B333ECEE1.root
15-Dec-2023 11:54:31 CET  Closed file root://cmsxrootd.fnal.gov//store/mc/RunIISummer20UL16MiniAODv2/DYToMuMu_M-200To400_TuneCP5_13TeV-powheg-pythia8/MINIAODSIM/106X_mcRun2_asymptotic_v17-v2/30000/5C71E70F-5A86-EF47-8944-1A1B333ECEE1.root
15-Dec-2023 11:54:31 CET  Initiating request to open file root://cmsxrootd.fnal.gov//store/mc/RunIISummer20UL16MiniAODv2/DYToMuMu_M-200To400_TuneCP5_13TeV-powheg-pythia8/MINIAODSIM/106X_mcRun2_asymptotic_v17-v2/30000/0E820179-9D00-7149-B0B1-F503138F101A.root
%MSG-w XrdAdaptor:  file_open 15-Dec-2023 11:54:34 CET PostProcessEvent
Data is served from T2_US_Nebraska instead of original site US-Regional-Nebraska
%MSG
15-Dec-2023 11:54:35 CET  Successfully opened file root://cmsxrootd.fnal.gov//store/mc/RunIISummer20UL16MiniAODv2/DYToMuMu_M-200To400_TuneCP5_13TeV-powheg-pythia8/MINIAODSIM/106X_mcRun2_asymptotic_v17-v2/30000/0E820179-9D00-7149-B0B1-F503138F101A.root
15-Dec-2023 11:54:46 CET  Closed file root://cmsxrootd.fnal.gov//store/mc/RunIISummer20UL16MiniAODv2/DYToMuMu_M-200To400_TuneCP5_13TeV-powheg-pythia8/MINIAODSIM/106X_mcRun2_asymptotic_v17-v2/30000/0E820179-9D00-7149-B0B1-F503138F101A.root
15-Dec-2023 11:54:46 CET  Initiating request to open file root://cmsxrootd.fnal.gov//store/mc/RunIISummer20UL16MiniAODv2/DYToMuMu_M-200To400_TuneCP5_13TeV-powheg-pythia8/MINIAODSIM/106X_mcRun2_asymptotic_v17-v2/30000/B25FB3E0-4544-084C-8229-E9A877F4FBC7.root
%MSG-w XrdAdaptor:  file_open 15-Dec-2023 11:54:49 CET PostProcessEvent
Data is served from T2_US_Nebraska instead of original site US-Regional-Nebraska
%MSG
15-Dec-2023 11:54:50 CET  Successfully opened file root://cmsxrootd.fnal.gov//store/mc/RunIISummer20UL16MiniAODv2/DYToMuMu_M-200To400_TuneCP5_13TeV-powheg-pythia8/MINIAODSIM/106X_mcRun2_asymptotic_v17-v2/30000/B25FB3E0-4544-084C-8229-E9A877F4FBC7.root
15-Dec-2023 11:54:57 CET  Closed file root://cmsxrootd.fnal.gov//store/mc/RunIISummer20UL16MiniAODv2/DYToMuMu_M-200To400_TuneCP5_13TeV-powheg-pythia8/MINIAODSIM/106X_mcRun2_asymptotic_v17-v2/30000/B25FB3E0-4544-084C-8229-E9A877F4FBC7.root
15-Dec-2023 11:54:57 CET  Initiating request to open file root://cmsxrootd.fnal.gov//store/mc/RunIISummer20UL16MiniAODv2/DYToMuMu_M-200To400_TuneCP5_13TeV-powheg-pythia8/MINIAODSIM/106X_mcRun2_asymptotic_v17-v2/30000/341EA5E3-4275-A542-8BA7-95205749A2B2.root
%MSG-w XrdAdaptor:  file_open 15-Dec-2023 11:54:59 CET PostProcessEvent
Data is served from T2_US_Nebraska instead of original site US-Regional-Nebraska
%MSG
15-Dec-2023 11:55:00 CET  Successfully opened file root://cmsxrootd.fnal.gov//store/mc/RunIISummer20UL16MiniAODv2/DYToMuMu_M-200To400_TuneCP5_13TeV-powheg-pythia8/MINIAODSIM/106X_mcRun2_asymptotic_v17-v2/30000/341EA5E3-4275-A542-8BA7-95205749A2B2.root
15-Dec-2023 11:55:08 CET  Closed file root://cmsxrootd.fnal.gov//store/mc/RunIISummer20UL16MiniAODv2/DYToMuMu_M-200To400_TuneCP5_13TeV-powheg-pythia8/MINIAODSIM/106X_mcRun2_asymptotic_v17-v2/30000/341EA5E3-4275-A542-8BA7-95205749A2B2.root
15-Dec-2023 11:55:08 CET  Initiating request to open file root://cmsxrootd.fnal.gov//store/mc/RunIISummer20UL16MiniAODv2/DYToMuMu_M-200To400_TuneCP5_13TeV-powheg-pythia8/MINIAODSIM/106X_mcRun2_asymptotic_v17-v2/30000/F0EE408A-1FA2-464D-9A23-0DDE688164C1.root
%MSG-w XrdAdaptor:  file_open 15-Dec-2023 11:55:10 CET PostProcessEvent
Data is served from T2_US_Nebraska instead of original site US-Regional-Nebraska
%MSG
15-Dec-2023 11:55:11 CET  Successfully opened file root://cmsxrootd.fnal.gov//store/mc/RunIISummer20UL16MiniAODv2/DYToMuMu_M-200To400_TuneCP5_13TeV-powheg-pythia8/MINIAODSIM/106X_mcRun2_asymptotic_v17-v2/30000/F0EE408A-1FA2-464D-9A23-0DDE688164C1.root
15-Dec-2023 11:55:18 CET  Closed file root://cmsxrootd.fnal.gov//store/mc/RunIISummer20UL16MiniAODv2/DYToMuMu_M-200To400_TuneCP5_13TeV-powheg-pythia8/MINIAODSIM/106X_mcRun2_asymptotic_v17-v2/30000/F0EE408A-1FA2-464D-9A23-0DDE688164C1.root
15-Dec-2023 11:55:18 CET  Initiating request to open file root://cmsxrootd.fnal.gov//store/mc/RunIISummer20UL16MiniAODv2/DYToMuMu_M-200To400_TuneCP5_13TeV-powheg-pythia8/MINIAODSIM/106X_mcRun2_asymptotic_v17-v2/30000/7E3FACFA-EE16-D545-A320-AC0FB2EFF2A8.root
%MSG-w XrdAdaptor:  file_open 15-Dec-2023 11:55:20 CET PostProcessEvent
Data is served from T2_US_Nebraska instead of original site US-Regional-Nebraska
%MSG
15-Dec-2023 11:55:21 CET  Successfully opened file root://cmsxrootd.fnal.gov//store/mc/RunIISummer20UL16MiniAODv2/DYToMuMu_M-200To400_TuneCP5_13TeV-powheg-pythia8/MINIAODSIM/106X_mcRun2_asymptotic_v17-v2/30000/7E3FACFA-EE16-D545-A320-AC0FB2EFF2A8.root
15-Dec-2023 11:55:27 CET  Closed file root://cmsxrootd.fnal.gov//store/mc/RunIISummer20UL16MiniAODv2/DYToMuMu_M-200To400_TuneCP5_13TeV-powheg-pythia8/MINIAODSIM/106X_mcRun2_asymptotic_v17-v2/30000/7E3FACFA-EE16-D545-A320-AC0FB2EFF2A8.root
15-Dec-2023 11:55:27 CET  Initiating request to open file root://cmsxrootd.fnal.gov//store/mc/RunIISummer20UL16MiniAODv2/DYToMuMu_M-200To400_TuneCP5_13TeV-powheg-pythia8/MINIAODSIM/106X_mcRun2_asymptotic_v17-v2/30000/6EE5E104-4D01-2F4E-A4E4-7C809629032A.root
%MSG-w XrdAdaptor:  file_open 15-Dec-2023 11:55:29 CET PostProcessEvent
Data is served from T2_US_Nebraska instead of original site US-Regional-Nebraska
%MSG
15-Dec-2023 11:55:30 CET  Successfully opened file root://cmsxrootd.fnal.gov//store/mc/RunIISummer20UL16MiniAODv2/DYToMuMu_M-200To400_TuneCP5_13TeV-powheg-pythia8/MINIAODSIM/106X_mcRun2_asymptotic_v17-v2/30000/6EE5E104-4D01-2F4E-A4E4-7C809629032A.root
Begin processing the 700001st record. Run 1, Event 75700, LumiSection 81 on stream 0 at 15-Dec-2023 11:55:43.242 CET
15-Dec-2023 11:55:44 CET  Closed file root://cmsxrootd.fnal.gov//store/mc/RunIISummer20UL16MiniAODv2/DYToMuMu_M-200To400_TuneCP5_13TeV-powheg-pythia8/MINIAODSIM/106X_mcRun2_asymptotic_v17-v2/30000/6EE5E104-4D01-2F4E-A4E4-7C809629032A.root
15-Dec-2023 11:55:44 CET  Initiating request to open file root://cmsxrootd.fnal.gov//store/mc/RunIISummer20UL16MiniAODv2/DYToMuMu_M-200To400_TuneCP5_13TeV-powheg-pythia8/MINIAODSIM/106X_mcRun2_asymptotic_v17-v2/30000/2DFA13E9-9718-7243-A58F-DDBF9AAE0493.root
%MSG-w XrdAdaptor:  file_open 15-Dec-2023 11:55:46 CET PostProcessEvent
Data is served from T2_US_Nebraska instead of original site US-Regional-Nebraska
%MSG
15-Dec-2023 11:55:47 CET  Successfully opened file root://cmsxrootd.fnal.gov//store/mc/RunIISummer20UL16MiniAODv2/DYToMuMu_M-200To400_TuneCP5_13TeV-powheg-pythia8/MINIAODSIM/106X_mcRun2_asymptotic_v17-v2/30000/2DFA13E9-9718-7243-A58F-DDBF9AAE0493.root
15-Dec-2023 11:55:52 CET  Closed file root://cmsxrootd.fnal.gov//store/mc/RunIISummer20UL16MiniAODv2/DYToMuMu_M-200To400_TuneCP5_13TeV-powheg-pythia8/MINIAODSIM/106X_mcRun2_asymptotic_v17-v2/30000/2DFA13E9-9718-7243-A58F-DDBF9AAE0493.root
15-Dec-2023 11:55:52 CET  Initiating request to open file root://cmsxrootd.fnal.gov//store/mc/RunIISummer20UL16MiniAODv2/DYToMuMu_M-200To400_TuneCP5_13TeV-powheg-pythia8/MINIAODSIM/106X_mcRun2_asymptotic_v17-v2/30000/4F8F7BDD-2623-674E-BDBF-D325AF5F69A8.root
%MSG-w XrdAdaptor:  file_open 15-Dec-2023 11:55:55 CET PostProcessEvent
Data is served from T2_US_Nebraska instead of original site US-Regional-Nebraska
%MSG
15-Dec-2023 11:55:55 CET  Successfully opened file root://cmsxrootd.fnal.gov//store/mc/RunIISummer20UL16MiniAODv2/DYToMuMu_M-200To400_TuneCP5_13TeV-powheg-pythia8/MINIAODSIM/106X_mcRun2_asymptotic_v17-v2/30000/4F8F7BDD-2623-674E-BDBF-D325AF5F69A8.root
15-Dec-2023 11:56:01 CET  Closed file root://cmsxrootd.fnal.gov//store/mc/RunIISummer20UL16MiniAODv2/DYToMuMu_M-200To400_TuneCP5_13TeV-powheg-pythia8/MINIAODSIM/106X_mcRun2_asymptotic_v17-v2/30000/4F8F7BDD-2623-674E-BDBF-D325AF5F69A8.root
15-Dec-2023 11:56:01 CET  Initiating request to open file root://cmsxrootd.fnal.gov//store/mc/RunIISummer20UL16MiniAODv2/DYToMuMu_M-200To400_TuneCP5_13TeV-powheg-pythia8/MINIAODSIM/106X_mcRun2_asymptotic_v17-v2/30000/70B335E9-3A49-B947-8954-50985F70B733.root
%MSG-w XrdAdaptor:  file_open 15-Dec-2023 11:56:04 CET PostProcessEvent
Data is served from T2_US_Nebraska instead of original site US-Regional-Nebraska
%MSG
15-Dec-2023 11:56:05 CET  Successfully opened file root://cmsxrootd.fnal.gov//store/mc/RunIISummer20UL16MiniAODv2/DYToMuMu_M-200To400_TuneCP5_13TeV-powheg-pythia8/MINIAODSIM/106X_mcRun2_asymptotic_v17-v2/30000/70B335E9-3A49-B947-8954-50985F70B733.root
15-Dec-2023 11:56:15 CET  Closed file root://cmsxrootd.fnal.gov//store/mc/RunIISummer20UL16MiniAODv2/DYToMuMu_M-200To400_TuneCP5_13TeV-powheg-pythia8/MINIAODSIM/106X_mcRun2_asymptotic_v17-v2/30000/70B335E9-3A49-B947-8954-50985F70B733.root
15-Dec-2023 11:56:15 CET  Initiating request to open file root://cmsxrootd.fnal.gov//store/mc/RunIISummer20UL16MiniAODv2/DYToMuMu_M-200To400_TuneCP5_13TeV-powheg-pythia8/MINIAODSIM/106X_mcRun2_asymptotic_v17-v2/30000/6187D316-3AE5-7F4B-B175-1A507EF2398E.root
%MSG-w XrdAdaptor:  file_open 15-Dec-2023 11:56:17 CET PostProcessEvent
Data is served from T2_US_Nebraska instead of original site US-Regional-Nebraska
%MSG
15-Dec-2023 11:56:18 CET  Successfully opened file root://cmsxrootd.fnal.gov//store/mc/RunIISummer20UL16MiniAODv2/DYToMuMu_M-200To400_TuneCP5_13TeV-powheg-pythia8/MINIAODSIM/106X_mcRun2_asymptotic_v17-v2/30000/6187D316-3AE5-7F4B-B175-1A507EF2398E.root
15-Dec-2023 11:56:25 CET  Closed file root://cmsxrootd.fnal.gov//store/mc/RunIISummer20UL16MiniAODv2/DYToMuMu_M-200To400_TuneCP5_13TeV-powheg-pythia8/MINIAODSIM/106X_mcRun2_asymptotic_v17-v2/30000/6187D316-3AE5-7F4B-B175-1A507EF2398E.root
15-Dec-2023 11:56:25 CET  Initiating request to open file root://cmsxrootd.fnal.gov//store/mc/RunIISummer20UL16MiniAODv2/DYToMuMu_M-200To400_TuneCP5_13TeV-powheg-pythia8/MINIAODSIM/106X_mcRun2_asymptotic_v17-v2/30000/888F5A63-4FAF-AD46-BB50-F91E68BE3049.root
%MSG-w XrdAdaptor:  file_open 15-Dec-2023 11:56:27 CET PostProcessEvent
Data is served from T2_US_Nebraska instead of original site US-Regional-Nebraska
%MSG
15-Dec-2023 11:56:28 CET  Successfully opened file root://cmsxrootd.fnal.gov//store/mc/RunIISummer20UL16MiniAODv2/DYToMuMu_M-200To400_TuneCP5_13TeV-powheg-pythia8/MINIAODSIM/106X_mcRun2_asymptotic_v17-v2/30000/888F5A63-4FAF-AD46-BB50-F91E68BE3049.root
      2.887742      0.001978      1.000000         10013
 
15-Dec-2023 11:56:33 CET  Closed file root://cmsxrootd.fnal.gov//store/mc/RunIISummer20UL16MiniAODv2/DYToMuMu_M-200To400_TuneCP5_13TeV-powheg-pythia8/MINIAODSIM/106X_mcRun2_asymptotic_v17-v2/30000/888F5A63-4FAF-AD46-BB50-F91E68BE3049.root

------------------------------------
GenXsecAnalyzer:
------------------------------------
-------------------------------------------------------------------------------------------------------------------------------------------------------------------------- 
Overall cross-section summary 
--------------------------------------------------------------------------------------------------------------------------------------------------------------------------
Process		xsec_before [pb]		passed	nposw	nnegw	tried	nposw	nnegw 	xsec_match [pb]			accepted [%]	 event_eff [%]
0		2.888e+00 +/- 9.888e-04		750000	748497	1503	750000	748497	1503	2.888e+00 +/- 9.888e-04		100.0 +/- 0.0	100.0 +/- 0.0
-------------------------------------------------------------------------------------------------------------------------------------------------------------------------- 
Total		2.888e+00 +/- 9.888e-04		750000	748497	1503	750000	748497	1503	2.888e+00 +/- 9.888e-04		100.0 +/- 0.0	100.0 +/- 0.0
--------------------------------------------------------------------------------------------------------------------------------------------------------------------------
Before matching: total cross section = 2.888e+00 +- 9.888e-04 pb
After matching: total cross section = 2.888e+00 +- 9.888e-04 pb
Matching efficiency = 1.0 +/- 0.0   [TO BE USED IN MCM]
Filter efficiency (taking into account weights)= (2.16586e+06) / (2.16586e+06) = 1.000e+00 +- 0.000e+00
Filter efficiency (event-level)= (750000) / (750000) = 1.000e+00 +- 0.000e+00    [TO BE USED IN MCM]

After filter: final cross section = 2.888e+00 +- 9.888e-04 pb
After filter: final fraction of events with negative weights = 2.004e-03 +- 7.599e-09
After filter: final equivalent lumi for 1M events (1/fb) = 3.435e+02 +- 3.616e-01

=============================================

MessageLogger Summary

 type     category        sev    module        subroutine        count    total
 ---- -------------------- -- ---------------- ----------------  -----    -----
    1 GenXSecAnalyzer      -w GenXSecAnalyzer:                      15       15
    2 XrdAdaptor           -w file_open                             34       34
    3 fileAction           -s file_close                            34       34
    4 fileAction           -s file_open                             68       68

 type    category    Examples: run/evt        run/evt          run/evt
 ---- -------------------- ---------------- ---------------- ----------------
    1 GenXSecAnalyzer      PostGlobalEndRun PostGlobalEndRun PostGlobalEndRun
    2 XrdAdaptor           pre-events       PostProcessEvent PostProcessEvent
    3 fileAction           PostProcessEvent PostProcessEvent PostGlobalEndRun
    4 fileAction           pre-events       pre-events       PostProcessEvent

Severity    # Occurrences   Total Occurrences
--------    -------------   -----------------
Warning                49                  49
System                102                 102

dropped waiting message count 0
