09-Jan-2024 14:09:39 CET  Initiating request to open file root://cmsxrootd.fnal.gov//store/mc/RunIISummer20UL16MiniAODv2/DYJetsToLL_1J_TuneCP5_13TeV-amcatnloFXFX-pythia8/MINIAODSIM/106X_mcRun2_asymptotic_v17-v1/80000/057972A8-FCE5-9041-950D-0ACB4E2899F1.root
%MSG-w XrdAdaptor:  file_open 09-Jan-2024 14:09:44 CET pre-events
Data is served from T2_US_Caltech instead of original site US-Regional-FNAL
%MSG
09-Jan-2024 14:09:48 CET  Successfully opened file root://cmsxrootd.fnal.gov//store/mc/RunIISummer20UL16MiniAODv2/DYJetsToLL_1J_TuneCP5_13TeV-amcatnloFXFX-pythia8/MINIAODSIM/106X_mcRun2_asymptotic_v17-v1/80000/057972A8-FCE5-9041-950D-0ACB4E2899F1.root
Begin processing the 1st record. Run 1, Event 59032277, LumiSection 12223 on stream 0 at 09-Jan-2024 14:09:57.096 CET
09-Jan-2024 14:10:00 CET  Closed file root://cmsxrootd.fnal.gov//store/mc/RunIISummer20UL16MiniAODv2/DYJetsToLL_1J_TuneCP5_13TeV-amcatnloFXFX-pythia8/MINIAODSIM/106X_mcRun2_asymptotic_v17-v1/80000/057972A8-FCE5-9041-950D-0ACB4E2899F1.root
09-Jan-2024 14:10:00 CET  Initiating request to open file root://cmsxrootd.fnal.gov//store/mc/RunIISummer20UL16MiniAODv2/DYJetsToLL_1J_TuneCP5_13TeV-amcatnloFXFX-pythia8/MINIAODSIM/106X_mcRun2_asymptotic_v17-v1/2550000/D008FCD2-B341-184B-A627-3300BD7A0DBF.root
[2024-01-09 14:10:02.183644 +0100][Error  ][XRootDTransport   ] [xrootd.cmsaf.mit.edu:1094 #0.0] Authentication with gsi failed: 
Unable to load sec.protocol plugin libXrdSecztn.so
[2024-01-09 14:10:02.185091 +0100][Error  ][XRootDTransport   ] [xrootd.cmsaf.mit.edu:1094 #0.0] No protocols left to try
[2024-01-09 14:10:02.185112 +0100][Error  ][AsyncSock         ] [xrootd.cmsaf.mit.edu:1094 #0.0] Socket error while handshaking: [FATAL] Auth failed
[2024-01-09 14:10:02.185181 +0100][Error  ][PostMaster        ] [xrootd.cmsaf.mit.edu:1094 #0] elapsed = 1, pConnectionWindow = 31 seconds.
[2024-01-09 14:10:02.966707 +0100][Error  ][XRootDTransport   ] [xrootd.cmsaf.mit.edu:1094 #0.0] Authentication with gsi failed: 
Unable to load sec.protocol plugin libXrdSecztn.so
[2024-01-09 14:10:02.967217 +0100][Error  ][XRootDTransport   ] [xrootd.cmsaf.mit.edu:1094 #0.0] No protocols left to try
[2024-01-09 14:10:02.967230 +0100][Error  ][AsyncSock         ] [xrootd.cmsaf.mit.edu:1094 #0.0] Socket error while handshaking: [FATAL] Auth failed
[2024-01-09 14:10:02.967282 +0100][Error  ][PostMaster        ] [xrootd.cmsaf.mit.edu:1094 #0] elapsed = 0, pConnectionWindow = 31 seconds.
[2024-01-09 14:10:02.967296 +0100][Error  ][PostMaster        ] [xrootd.cmsaf.mit.edu:1094 #0] Unable to recover: [FATAL] Auth failed.
[2024-01-09 14:10:02.967307 +0100][Error  ][XRootD            ] [xrootd.cmsaf.mit.edu:1094] Impossible to send message kXR_open (file: /store/mc/RunIISummer20UL16MiniAODv2/DYJetsToLL_1J_TuneCP5_13TeV-amcatnloFXFX-pythia8/MINIAODSIM/106X_mcRun2_asymptotic_v17-v1/2550000/D008FCD2-B341-184B-A627-3300BD7A0DBF.root, mode: 0660, flags: kXR_open_read kXR_async kXR_retstat ). Trying to recover.
%MSG-w XrdAdaptorInternal:  file_open 09-Jan-2024 14:10:43 CET PostProcessEvent
Failed to open file at URL root://cms-xrd-global.cern.ch:1094//store/mc/RunIISummer20UL16MiniAODv2/DYJetsToLL_1J_TuneCP5_13TeV-amcatnloFXFX-pythia8/MINIAODSIM/106X_mcRun2_asymptotic_v17-v1/2550000/D008FCD2-B341-184B-A627-3300BD7A0DBF.root?tried=+1213cmsxrootd2.fnal.gov1213xrootd.unl.edu,xrootd.cmsaf.mit.edu.
%MSG
%MSG-w XrdAdaptorInternal:  file_open 09-Jan-2024 14:13:38 CET PostProcessEvent
Failed to open file at URL root://cms-xrd-global.cern.ch:1094//store/mc/RunIISummer20UL16MiniAODv2/DYJetsToLL_1J_TuneCP5_13TeV-amcatnloFXFX-pythia8/MINIAODSIM/106X_mcRun2_asymptotic_v17-v1/2550000/D008FCD2-B341-184B-A627-3300BD7A0DBF.root?tried=+1213cmsxrootd2.fnal.gov1213xrootd.unl.edu,xrootd.cmsaf.mit.edu.
%MSG
----- Begin Fatal Exception 09-Jan-2024 14:13:38 CET-----------------------
An exception of category 'FileOpenError' occurred while
   [0] Calling InputSource::readFile_
   [1] Calling RootFileSequenceBase::initTheFile()
   [2] Calling StorageFactory::open()
   [3] Calling XrdFile::open()
Exception Message:
Failed to open the file 'root://cmsxrootd.fnal.gov//store/mc/RunIISummer20UL16MiniAODv2/DYJetsToLL_1J_TuneCP5_13TeV-amcatnloFXFX-pythia8/MINIAODSIM/106X_mcRun2_asymptotic_v17-v1/2550000/D008FCD2-B341-184B-A627-3300BD7A0DBF.root'
   Additional Info:
      [a] Input file root://cmsxrootd.fnal.gov//store/mc/RunIISummer20UL16MiniAODv2/DYJetsToLL_1J_TuneCP5_13TeV-amcatnloFXFX-pythia8/MINIAODSIM/106X_mcRun2_asymptotic_v17-v1/2550000/D008FCD2-B341-184B-A627-3300BD7A0DBF.root could not be opened.
      [b] XrdCl::File::Open(name='root://cmsxrootd.fnal.gov//store/mc/RunIISummer20UL16MiniAODv2/DYJetsToLL_1J_TuneCP5_13TeV-amcatnloFXFX-pythia8/MINIAODSIM/106X_mcRun2_asymptotic_v17-v1/2550000/D008FCD2-B341-184B-A627-3300BD7A0DBF.root', flags=0x10, permissions=0660) => error '[ERROR] Operation expired' (errno=0, code=206). No additional data servers were found.
      [c] Last URL tried: root://cms-xrd-global.cern.ch:1094//store/mc/RunIISummer20UL16MiniAODv2/DYJetsToLL_1J_TuneCP5_13TeV-amcatnloFXFX-pythia8/MINIAODSIM/106X_mcRun2_asymptotic_v17-v1/2550000/D008FCD2-B341-184B-A627-3300BD7A0DBF.root?tried=+1213cmsxrootd2.fnal.gov1213xrootd.unl.edu,xrootd.cmsaf.mit.edu
      [d] Problematic data server: cms-xrd-global.cern.ch:1094
      [e] Disabled source: cms-xrd-global.cern.ch:1094
----- End Fatal Exception -------------------------------------------------
   3459.923300      7.319135   9763.415600             0
 

------------------------------------
GenXsecAnalyzer:
------------------------------------
-------------------------------------------------------------------------------------------------------------------------------------------------------------------------- 
Overall cross-section summary 
--------------------------------------------------------------------------------------------------------------------------------------------------------------------------
Process		xsec_before [pb]		passed	nposw	nnegw	tried	nposw	nnegw 	xsec_match [pb]			accepted [%]	 event_eff [%]
0		3.460e+03 +/- 7.319e+00		86419	63430	22989	410550	278491	132059	9.555e+02 +/- 6.570e+00		27.6 +/- 0.2	21.0 +/- 0.1
-------------------------------------------------------------------------------------------------------------------------------------------------------------------------- 
Total		3.460e+03 +/- 7.319e+00		86419	63430	22989	410550	278491	132059	9.555e+02 +/- 6.570e+00		27.6 +/- 0.2	21.0 +/- 0.1
--------------------------------------------------------------------------------------------------------------------------------------------------------------------------
Before matching: total cross section = 3.460e+03 +- 7.319e+00 pb
After matching: total cross section = 9.555e+02 +- 6.570e+00 pb
Matching efficiency = 0.2 +/- 0.0   [TO BE USED IN MCM]
Filter efficiency (taking into account weights)= (3.94842e+08) / (3.94842e+08) = 1.000e+00 +- 0.000e+00
Filter efficiency (event-level)= (86419) / (86419) = 1.000e+00 +- 0.000e+00    [TO BE USED IN MCM]

After filter: final cross section = 9.555e+02 +- 6.570e+00 pb
After filter: final fraction of events with negative weights = 2.660e-01 +- 3.999e-04
After filter: final equivalent lumi for 1M events (1/fb) = 2.292e-01 +- 8.304e-04

=============================================

MessageLogger Summary

 type     category        sev    module        subroutine        count    total
 ---- -------------------- -- ---------------- ----------------  -----    -----
    1 GenXSecAnalyzer      -w GenXSecAnalyzer:                      15       15
    2 XrdAdaptor           -w file_open                              1        1
    3 XrdAdaptorInternal   -w file_open                              2        2
    4 Fatal Exception      -s AfterFile                              1        1
    5 fileAction           -s file_close                             1        1
    6 fileAction           -s file_open                              3        3

 type    category    Examples: run/evt        run/evt          run/evt
 ---- -------------------- ---------------- ---------------- ----------------
    1 GenXSecAnalyzer      PostGlobalEndRun PostGlobalEndRun PostGlobalEndRun
    2 XrdAdaptor           pre-events                        
    3 XrdAdaptorInternal   PostProcessEvent PostProcessEvent 
    4 Fatal Exception      PostProcessEvent                  
    5 fileAction           PostProcessEvent                  
    6 fileAction           pre-events       pre-events       PostProcessEvent

Severity    # Occurrences   Total Occurrences
--------    -------------   -----------------
Warning                18                  18
System                  5                   5

dropped waiting message count 0
