09-Jan-2024 14:21:35 CET  Initiating request to open file root://cmsxrootd.fnal.gov//store/mc/RunIISummer20UL16MiniAODv2/DYJetsToLL_2J_MLL_200_400_TuneCP5_13TeV-amcatnloFXFX-pythia8/MINIAODSIM/106X_mcRun2_asymptotic_v17-v3/40000/AE9CE2D3-73D9-A842-B688-7378A0D5BDD3.root
%MSG-w XrdAdaptor:  file_open 09-Jan-2024 14:21:39 CET pre-events
Data is served from T2_US_Caltech instead of original site US-Regional-FNAL
%MSG
09-Jan-2024 14:21:43 CET  Successfully opened file root://cmsxrootd.fnal.gov//store/mc/RunIISummer20UL16MiniAODv2/DYJetsToLL_2J_MLL_200_400_TuneCP5_13TeV-amcatnloFXFX-pythia8/MINIAODSIM/106X_mcRun2_asymptotic_v17-v3/40000/AE9CE2D3-73D9-A842-B688-7378A0D5BDD3.root
Begin processing the 1st record. Run 1, Event 1326021, LumiSection 328 on stream 0 at 09-Jan-2024 14:21:51.601 CET
09-Jan-2024 14:21:52 CET  Closed file root://cmsxrootd.fnal.gov//store/mc/RunIISummer20UL16MiniAODv2/DYJetsToLL_2J_MLL_200_400_TuneCP5_13TeV-amcatnloFXFX-pythia8/MINIAODSIM/106X_mcRun2_asymptotic_v17-v3/40000/AE9CE2D3-73D9-A842-B688-7378A0D5BDD3.root
09-Jan-2024 14:21:52 CET  Initiating request to open file root://cmsxrootd.fnal.gov//store/mc/RunIISummer20UL16MiniAODv2/DYJetsToLL_2J_MLL_200_400_TuneCP5_13TeV-amcatnloFXFX-pythia8/MINIAODSIM/106X_mcRun2_asymptotic_v17-v3/40000/EC790970-E25D-0D44-B455-9CEC24CC06B0.root
%MSG-w XrdAdaptor:  file_open 09-Jan-2024 14:21:55 CET PostProcessEvent
Data is served from T2_US_Vanderbilt instead of original site US-Regional-FNAL
%MSG
09-Jan-2024 14:21:56 CET  Successfully opened file root://cmsxrootd.fnal.gov//store/mc/RunIISummer20UL16MiniAODv2/DYJetsToLL_2J_MLL_200_400_TuneCP5_13TeV-amcatnloFXFX-pythia8/MINIAODSIM/106X_mcRun2_asymptotic_v17-v3/40000/EC790970-E25D-0D44-B455-9CEC24CC06B0.root
09-Jan-2024 14:22:00 CET  Closed file root://cmsxrootd.fnal.gov//store/mc/RunIISummer20UL16MiniAODv2/DYJetsToLL_2J_MLL_200_400_TuneCP5_13TeV-amcatnloFXFX-pythia8/MINIAODSIM/106X_mcRun2_asymptotic_v17-v3/40000/EC790970-E25D-0D44-B455-9CEC24CC06B0.root
09-Jan-2024 14:22:00 CET  Initiating request to open file root://cmsxrootd.fnal.gov//store/mc/RunIISummer20UL16MiniAODv2/DYJetsToLL_2J_MLL_200_400_TuneCP5_13TeV-amcatnloFXFX-pythia8/MINIAODSIM/106X_mcRun2_asymptotic_v17-v3/40000/F487DAD6-CB38-1947-9242-AA970B0067AB.root
%MSG-w XrdAdaptor:  file_open 09-Jan-2024 14:22:04 CET PostProcessEvent
Data is served from T2_US_Wisconsin instead of original site US-Regional-FNAL
%MSG
09-Jan-2024 14:22:05 CET  Successfully opened file root://cmsxrootd.fnal.gov//store/mc/RunIISummer20UL16MiniAODv2/DYJetsToLL_2J_MLL_200_400_TuneCP5_13TeV-amcatnloFXFX-pythia8/MINIAODSIM/106X_mcRun2_asymptotic_v17-v3/40000/F487DAD6-CB38-1947-9242-AA970B0067AB.root
09-Jan-2024 14:22:11 CET  Closed file root://cmsxrootd.fnal.gov//store/mc/RunIISummer20UL16MiniAODv2/DYJetsToLL_2J_MLL_200_400_TuneCP5_13TeV-amcatnloFXFX-pythia8/MINIAODSIM/106X_mcRun2_asymptotic_v17-v3/40000/F487DAD6-CB38-1947-9242-AA970B0067AB.root
09-Jan-2024 14:22:11 CET  Initiating request to open file root://cmsxrootd.fnal.gov//store/mc/RunIISummer20UL16MiniAODv2/DYJetsToLL_2J_MLL_200_400_TuneCP5_13TeV-amcatnloFXFX-pythia8/MINIAODSIM/106X_mcRun2_asymptotic_v17-v3/40000/785227F5-5756-5F49-9717-931EB7B4EDC3.root
%MSG-w XrdAdaptor:  file_open 09-Jan-2024 14:22:14 CET PostProcessEvent
Data is served from T2_US_Wisconsin instead of original site US-Regional-FNAL
%MSG
09-Jan-2024 14:22:15 CET  Successfully opened file root://cmsxrootd.fnal.gov//store/mc/RunIISummer20UL16MiniAODv2/DYJetsToLL_2J_MLL_200_400_TuneCP5_13TeV-amcatnloFXFX-pythia8/MINIAODSIM/106X_mcRun2_asymptotic_v17-v3/40000/785227F5-5756-5F49-9717-931EB7B4EDC3.root
09-Jan-2024 14:22:21 CET  Closed file root://cmsxrootd.fnal.gov//store/mc/RunIISummer20UL16MiniAODv2/DYJetsToLL_2J_MLL_200_400_TuneCP5_13TeV-amcatnloFXFX-pythia8/MINIAODSIM/106X_mcRun2_asymptotic_v17-v3/40000/785227F5-5756-5F49-9717-931EB7B4EDC3.root
09-Jan-2024 14:22:21 CET  Initiating request to open file root://cmsxrootd.fnal.gov//store/mc/RunIISummer20UL16MiniAODv2/DYJetsToLL_2J_MLL_200_400_TuneCP5_13TeV-amcatnloFXFX-pythia8/MINIAODSIM/106X_mcRun2_asymptotic_v17-v3/40000/272953FE-0EA6-D341-AA2C-1894309A1B2D.root
Unable to load sec.protocol plugin libXrdSecztn.so
%MSG-w XrdAdaptor:  file_open 09-Jan-2024 14:22:25 CET PostProcessEvent
Data is served from fnal.gov instead of original site US-Regional-FNAL
%MSG
09-Jan-2024 14:22:26 CET  Successfully opened file root://cmsxrootd.fnal.gov//store/mc/RunIISummer20UL16MiniAODv2/DYJetsToLL_2J_MLL_200_400_TuneCP5_13TeV-amcatnloFXFX-pythia8/MINIAODSIM/106X_mcRun2_asymptotic_v17-v3/40000/272953FE-0EA6-D341-AA2C-1894309A1B2D.root
09-Jan-2024 14:22:31 CET  Closed file root://cmsxrootd.fnal.gov//store/mc/RunIISummer20UL16MiniAODv2/DYJetsToLL_2J_MLL_200_400_TuneCP5_13TeV-amcatnloFXFX-pythia8/MINIAODSIM/106X_mcRun2_asymptotic_v17-v3/40000/272953FE-0EA6-D341-AA2C-1894309A1B2D.root
09-Jan-2024 14:22:31 CET  Initiating request to open file root://cmsxrootd.fnal.gov//store/mc/RunIISummer20UL16MiniAODv2/DYJetsToLL_2J_MLL_200_400_TuneCP5_13TeV-amcatnloFXFX-pythia8/MINIAODSIM/106X_mcRun2_asymptotic_v17-v3/40000/7F4E049C-9BA6-0F4B-87EA-809078FC8857.root
[2024-01-09 14:22:33.073222 +0100][Error  ][XRootDTransport   ] [xrootd.cmsaf.mit.edu:1094 #0.0] Authentication with gsi failed: 
Unable to load sec.protocol plugin libXrdSecztn.so
[2024-01-09 14:22:33.073710 +0100][Error  ][XRootDTransport   ] [xrootd.cmsaf.mit.edu:1094 #0.0] No protocols left to try
[2024-01-09 14:22:33.073730 +0100][Error  ][AsyncSock         ] [xrootd.cmsaf.mit.edu:1094 #0.0] Socket error while handshaking: [FATAL] Auth failed
[2024-01-09 14:22:33.073834 +0100][Error  ][PostMaster        ] [xrootd.cmsaf.mit.edu:1094 #0] elapsed = 1, pConnectionWindow = 31 seconds.
[2024-01-09 14:22:33.871920 +0100][Error  ][XRootDTransport   ] [xrootd.cmsaf.mit.edu:1094 #0.0] Authentication with gsi failed: 
Unable to load sec.protocol plugin libXrdSecztn.so
[2024-01-09 14:22:33.873244 +0100][Error  ][XRootDTransport   ] [xrootd.cmsaf.mit.edu:1094 #0.0] No protocols left to try
[2024-01-09 14:22:33.873263 +0100][Error  ][AsyncSock         ] [xrootd.cmsaf.mit.edu:1094 #0.0] Socket error while handshaking: [FATAL] Auth failed
[2024-01-09 14:22:33.873315 +0100][Error  ][PostMaster        ] [xrootd.cmsaf.mit.edu:1094 #0] elapsed = 0, pConnectionWindow = 31 seconds.
[2024-01-09 14:22:33.873330 +0100][Error  ][PostMaster        ] [xrootd.cmsaf.mit.edu:1094 #0] Unable to recover: [FATAL] Auth failed.
[2024-01-09 14:22:33.873338 +0100][Error  ][XRootD            ] [xrootd.cmsaf.mit.edu:1094] Impossible to send message kXR_open (file: /store/mc/RunIISummer20UL16MiniAODv2/DYJetsToLL_2J_MLL_200_400_TuneCP5_13TeV-amcatnloFXFX-pythia8/MINIAODSIM/106X_mcRun2_asymptotic_v17-v3/40000/7F4E049C-9BA6-0F4B-87EA-809078FC8857.root, mode: 0660, flags: kXR_open_read kXR_async kXR_retstat ). Trying to recover.
[2024-01-09 14:22:45.303432 +0100][Error  ][AsyncSock         ] [xrootd-se4-vanderbilt.sites.opensciencegrid.org:1094 #0.0] Socket error while handshaking: [ERROR] Socket timeout
[2024-01-09 14:22:45.303484 +0100][Error  ][PostMaster        ] [xrootd-se4-vanderbilt.sites.opensciencegrid.org:1094 #0] elapsed = 45, pConnectionWindow = 31 seconds.
%MSG-w XrdAdaptorInternal:  file_open 09-Jan-2024 14:25:28 CET PostProcessEvent
Failed to open file at URL root://cms-xrd-global.cern.ch:1094//store/mc/RunIISummer20UL16MiniAODv2/DYJetsToLL_2J_MLL_200_400_TuneCP5_13TeV-amcatnloFXFX-pythia8/MINIAODSIM/106X_mcRun2_asymptotic_v17-v3/40000/7F4E049C-9BA6-0F4B-87EA-809078FC8857.root?tried=+1213cmsxrootd2.fnal.gov1213xrootd.unl.edu,xrootd.cmsaf.mit.edu.
%MSG
%MSG-w XrdAdaptorInternal:  file_open 09-Jan-2024 14:28:23 CET PostProcessEvent
Failed to open file at URL root://cms-xrd-global.cern.ch:1094//store/mc/RunIISummer20UL16MiniAODv2/DYJetsToLL_2J_MLL_200_400_TuneCP5_13TeV-amcatnloFXFX-pythia8/MINIAODSIM/106X_mcRun2_asymptotic_v17-v3/40000/7F4E049C-9BA6-0F4B-87EA-809078FC8857.root?tried=+1213cmsxrootd2.fnal.gov1213xrootd.unl.edu,xrootd.cmsaf.mit.edu.
%MSG
----- Begin Fatal Exception 09-Jan-2024 14:28:23 CET-----------------------
An exception of category 'FileOpenError' occurred while
   [0] Calling InputSource::readFile_
   [1] Calling RootFileSequenceBase::initTheFile()
   [2] Calling StorageFactory::open()
   [3] Calling XrdFile::open()
Exception Message:
Failed to open the file 'root://cmsxrootd.fnal.gov//store/mc/RunIISummer20UL16MiniAODv2/DYJetsToLL_2J_MLL_200_400_TuneCP5_13TeV-amcatnloFXFX-pythia8/MINIAODSIM/106X_mcRun2_asymptotic_v17-v3/40000/7F4E049C-9BA6-0F4B-87EA-809078FC8857.root'
   Additional Info:
      [a] Input file root://cmsxrootd.fnal.gov//store/mc/RunIISummer20UL16MiniAODv2/DYJetsToLL_2J_MLL_200_400_TuneCP5_13TeV-amcatnloFXFX-pythia8/MINIAODSIM/106X_mcRun2_asymptotic_v17-v3/40000/7F4E049C-9BA6-0F4B-87EA-809078FC8857.root could not be opened.
      [b] XrdCl::File::Open(name='root://cmsxrootd.fnal.gov//store/mc/RunIISummer20UL16MiniAODv2/DYJetsToLL_2J_MLL_200_400_TuneCP5_13TeV-amcatnloFXFX-pythia8/MINIAODSIM/106X_mcRun2_asymptotic_v17-v3/40000/7F4E049C-9BA6-0F4B-87EA-809078FC8857.root', flags=0x10, permissions=0660) => error '[ERROR] Operation expired' (errno=0, code=206). No additional data servers were found.
      [c] Last URL tried: root://cms-xrd-global.cern.ch:1094//store/mc/RunIISummer20UL16MiniAODv2/DYJetsToLL_2J_MLL_200_400_TuneCP5_13TeV-amcatnloFXFX-pythia8/MINIAODSIM/106X_mcRun2_asymptotic_v17-v3/40000/7F4E049C-9BA6-0F4B-87EA-809078FC8857.root?tried=+1213cmsxrootd2.fnal.gov1213xrootd.unl.edu,xrootd.cmsaf.mit.edu
      [d] Problematic data server: cms-xrd-global.cern.ch:1094
      [e] Disabled source: cms-xrd-global.cern.ch:1094
----- End Fatal Exception -------------------------------------------------
      3.234664      0.011355     15.416577             0
 

------------------------------------
GenXsecAnalyzer:
------------------------------------
-------------------------------------------------------------------------------------------------------------------------------------------------------------------------- 
Overall cross-section summary 
--------------------------------------------------------------------------------------------------------------------------------------------------------------------------
Process		xsec_before [pb]		passed	nposw	nnegw	tried	nposw	nnegw 	xsec_match [pb]			accepted [%]	 event_eff [%]
0		3.235e+00 +/- 5.678e-03		36660	23946	12714	174365	106070	68295	9.618e-01 +/- 1.499e-02		29.7 +/- 0.5	21.0 +/- 0.1
-------------------------------------------------------------------------------------------------------------------------------------------------------------------------- 
Total		3.235e+00 +/- 5.678e-03		36660	23946	12714	174365	106070	68295	9.618e-01 +/- 1.499e-02		29.7 +/- 0.5	21.0 +/- 0.1
--------------------------------------------------------------------------------------------------------------------------------------------------------------------------
Before matching: total cross section = 3.235e+00 +- 5.678e-03 pb
After matching: total cross section = 9.618e-01 +- 1.499e-02 pb
Matching efficiency = 0.2 +/- 0.0   [TO BE USED IN MCM]
Filter efficiency (taking into account weights)= (173159) / (173159) = 1.000e+00 +- 0.000e+00
Filter efficiency (event-level)= (36660) / (36660) = 1.000e+00 +- 0.000e+00    [TO BE USED IN MCM]

After filter: final cross section = 9.618e-01 +- 1.499e-02 pb
After filter: final fraction of events with negative weights = 3.468e-01 +- 8.621e-04
After filter: final equivalent lumi for 1M events (1/fb) = 9.760e+01 +- 5.758e-01

=============================================

MessageLogger Summary

 type     category        sev    module        subroutine        count    total
 ---- -------------------- -- ---------------- ----------------  -----    -----
    1 GenXSecAnalyzer      -w GenXSecAnalyzer:                      15       15
    2 XrdAdaptor           -w file_open                              5        5
    3 XrdAdaptorInternal   -w file_open                              2        2
    4 Fatal Exception      -s AfterFile                              1        1
    5 fileAction           -s file_close                             5        5
    6 fileAction           -s file_open                             11       11

 type    category    Examples: run/evt        run/evt          run/evt
 ---- -------------------- ---------------- ---------------- ----------------
    1 GenXSecAnalyzer      PostGlobalEndRun PostGlobalEndRun PostGlobalEndRun
    2 XrdAdaptor           pre-events       PostProcessEvent PostProcessEvent
    3 XrdAdaptorInternal   PostProcessEvent PostProcessEvent 
    4 Fatal Exception      PostProcessEvent                  
    5 fileAction           PostProcessEvent PostProcessEvent PostProcessEvent
    6 fileAction           pre-events       pre-events       PostProcessEvent

Severity    # Occurrences   Total Occurrences
--------    -------------   -----------------
Warning                22                  22
System                 17                  17

dropped waiting message count 0
