10-Jan-2024 15:19:56 CET  Initiating request to open file root://cmsxrootd.fnal.gov//store/mc/RunIISummer20UL16MiniAODv2/DYJetsToTauTau_M-50_AtLeastOneEorMuDecay_H2ErratumFix_TuneCP5_13TeV-powhegMiNNLO-pythia8-photos/MINIAODSIM/106X_mcRun2_asymptotic_v17-v2/40000/FC110942-1130-FD47-9738-A7145211F754.root
Unable to load sec.protocol plugin libXrdSecztn.so
[2024-01-10 15:19:58.435401 +0100][Error  ][XRootDTransport   ] [xrootd-local.unl.edu:1094 #0.0] No protocols left to try
[2024-01-10 15:19:58.435442 +0100][Error  ][AsyncSock         ] [xrootd-local.unl.edu:1094 #0.0] Socket error while handshaking: [FATAL] Auth failed
[2024-01-10 15:19:58.435496 +0100][Error  ][PostMaster        ] [xrootd-local.unl.edu:1094 #0] elapsed = 1, pConnectionWindow = 31 seconds.
Unable to load sec.protocol plugin libXrdSecztn.so
[2024-01-10 15:19:58.962952 +0100][Error  ][XRootDTransport   ] [xrootd-local.unl.edu:1094 #0.0] No protocols left to try
[2024-01-10 15:19:58.962975 +0100][Error  ][AsyncSock         ] [xrootd-local.unl.edu:1094 #0.0] Socket error while handshaking: [FATAL] Auth failed
[2024-01-10 15:19:58.963020 +0100][Error  ][PostMaster        ] [xrootd-local.unl.edu:1094 #0] elapsed = 0, pConnectionWindow = 31 seconds.
[2024-01-10 15:19:58.963030 +0100][Error  ][PostMaster        ] [xrootd-local.unl.edu:1094 #0] Unable to recover: [FATAL] Auth failed.
[2024-01-10 15:19:58.963040 +0100][Error  ][XRootD            ] [xrootd-local.unl.edu:1094] Impossible to send message kXR_open (file: /store/mc/RunIISummer20UL16MiniAODv2/DYJetsToTauTau_M-50_AtLeastOneEorMuDecay_H2ErratumFix_TuneCP5_13TeV-powhegMiNNLO-pythia8-photos/MINIAODSIM/106X_mcRun2_asymptotic_v17-v2/40000/FC110942-1130-FD47-9738-A7145211F754.root, mode: 0660, flags: kXR_open_read kXR_async kXR_retstat ). Trying to recover.
Unable to load sec.protocol plugin libXrdSecztn.so
[2024-01-10 15:19:59.848289 +0100][Error  ][XRootDTransport   ] [cmsxrootd-site1.fnal.gov:1093 #0.0] No protocols left to try
[2024-01-10 15:19:59.848322 +0100][Error  ][AsyncSock         ] [cmsxrootd-site1.fnal.gov:1093 #0.0] Socket error while handshaking: [FATAL] Auth failed
[2024-01-10 15:19:59.848365 +0100][Error  ][PostMaster        ] [cmsxrootd-site1.fnal.gov:1093 #0] elapsed = 0, pConnectionWindow = 31 seconds.
Unable to load sec.protocol plugin libXrdSecztn.so
[2024-01-10 15:20:00.179174 +0100][Error  ][XRootDTransport   ] [cmsxrootd-site1.fnal.gov:1093 #0.0] No protocols left to try
[2024-01-10 15:20:00.179209 +0100][Error  ][AsyncSock         ] [cmsxrootd-site1.fnal.gov:1093 #0.0] Socket error while handshaking: [FATAL] Auth failed
[2024-01-10 15:20:00.179251 +0100][Error  ][PostMaster        ] [cmsxrootd-site1.fnal.gov:1093 #0] elapsed = 1, pConnectionWindow = 31 seconds.
[2024-01-10 15:20:00.179260 +0100][Error  ][PostMaster        ] [cmsxrootd-site1.fnal.gov:1093 #0] Unable to recover: [FATAL] Auth failed.
[2024-01-10 15:20:00.179265 +0100][Error  ][XRootD            ] [cmsxrootd-site1.fnal.gov:1093] Impossible to send message kXR_open (file: /store/mc/RunIISummer20UL16MiniAODv2/DYJetsToTauTau_M-50_AtLeastOneEorMuDecay_H2ErratumFix_TuneCP5_13TeV-powhegMiNNLO-pythia8-photos/MINIAODSIM/106X_mcRun2_asymptotic_v17-v2/40000/FC110942-1130-FD47-9738-A7145211F754.root?tried=xrootd-local.unl.edu, mode: 0660, flags: kXR_open_read kXR_async kXR_retstat ). Trying to recover.
Unable to load sec.protocol plugin libXrdSecztn.so
[2024-01-10 15:20:01.095607 +0100][Error  ][XRootDTransport   ] [cmsxrootd-site2.fnal.gov:1093 #0.0] No protocols left to try
[2024-01-10 15:20:01.095647 +0100][Error  ][AsyncSock         ] [cmsxrootd-site2.fnal.gov:1093 #0.0] Socket error while handshaking: [FATAL] Auth failed
[2024-01-10 15:20:01.095684 +0100][Error  ][PostMaster        ] [cmsxrootd-site2.fnal.gov:1093 #0] elapsed = 1, pConnectionWindow = 31 seconds.
Unable to load sec.protocol plugin libXrdSecztn.so
[2024-01-10 15:20:01.428985 +0100][Error  ][XRootDTransport   ] [cmsxrootd-site2.fnal.gov:1093 #0.0] No protocols left to try
[2024-01-10 15:20:01.429018 +0100][Error  ][AsyncSock         ] [cmsxrootd-site2.fnal.gov:1093 #0.0] Socket error while handshaking: [FATAL] Auth failed
[2024-01-10 15:20:01.429054 +0100][Error  ][PostMaster        ] [cmsxrootd-site2.fnal.gov:1093 #0] elapsed = 0, pConnectionWindow = 31 seconds.
[2024-01-10 15:20:01.429059 +0100][Error  ][PostMaster        ] [cmsxrootd-site2.fnal.gov:1093 #0] Unable to recover: [FATAL] Auth failed.
[2024-01-10 15:20:01.429063 +0100][Error  ][XRootD            ] [cmsxrootd-site2.fnal.gov:1093] Impossible to send message kXR_open (file: /store/mc/RunIISummer20UL16MiniAODv2/DYJetsToTauTau_M-50_AtLeastOneEorMuDecay_H2ErratumFix_TuneCP5_13TeV-powhegMiNNLO-pythia8-photos/MINIAODSIM/106X_mcRun2_asymptotic_v17-v2/40000/FC110942-1130-FD47-9738-A7145211F754.root?tried=xrootd-local.unl.edu,cmsxrootd-site1.fnal.gov, mode: 0660, flags: kXR_open_read kXR_async kXR_retstat ). Trying to recover.
Unable to load sec.protocol plugin libXrdSecztn.so
[2024-01-10 15:20:02.331597 +0100][Error  ][XRootDTransport   ] [cmssrv608.fnal.gov:1093 #0.0] No protocols left to try
[2024-01-10 15:20:02.331644 +0100][Error  ][AsyncSock         ] [cmssrv608.fnal.gov:1093 #0.0] Socket error while handshaking: [FATAL] Auth failed
[2024-01-10 15:20:02.331686 +0100][Error  ][PostMaster        ] [cmssrv608.fnal.gov:1093 #0] elapsed = 1, pConnectionWindow = 31 seconds.
Unable to load sec.protocol plugin libXrdSecztn.so
[2024-01-10 15:20:02.662609 +0100][Error  ][XRootDTransport   ] [cmssrv608.fnal.gov:1093 #0.0] No protocols left to try
[2024-01-10 15:20:02.662654 +0100][Error  ][AsyncSock         ] [cmssrv608.fnal.gov:1093 #0.0] Socket error while handshaking: [FATAL] Auth failed
[2024-01-10 15:20:02.662691 +0100][Error  ][PostMaster        ] [cmssrv608.fnal.gov:1093 #0] elapsed = 0, pConnectionWindow = 31 seconds.
[2024-01-10 15:20:02.662703 +0100][Error  ][PostMaster        ] [cmssrv608.fnal.gov:1093 #0] Unable to recover: [FATAL] Auth failed.
[2024-01-10 15:20:02.662707 +0100][Error  ][XRootD            ] [cmssrv608.fnal.gov:1093] Impossible to send message kXR_open (file: /store/mc/RunIISummer20UL16MiniAODv2/DYJetsToTauTau_M-50_AtLeastOneEorMuDecay_H2ErratumFix_TuneCP5_13TeV-powhegMiNNLO-pythia8-photos/MINIAODSIM/106X_mcRun2_asymptotic_v17-v2/40000/FC110942-1130-FD47-9738-A7145211F754.root?tried=xrootd-local.unl.edu,cmsxrootd-site1.fnal.gov,cmsxrootd-site2.fnal.gov, mode: 0660, flags: kXR_open_read kXR_async kXR_retstat ). Trying to recover.
Unable to load sec.protocol plugin libXrdSecztn.so
[2024-01-10 15:20:03.859349 +0100][Error  ][XRootDTransport   ] [cmsxrootd-site3.fnal.gov:1093 #0.0] No protocols left to try
[2024-01-10 15:20:03.859387 +0100][Error  ][AsyncSock         ] [cmsxrootd-site3.fnal.gov:1093 #0.0] Socket error while handshaking: [FATAL] Auth failed
[2024-01-10 15:20:03.859427 +0100][Error  ][PostMaster        ] [cmsxrootd-site3.fnal.gov:1093 #0] elapsed = 0, pConnectionWindow = 31 seconds.
Unable to load sec.protocol plugin libXrdSecztn.so
[2024-01-10 15:20:04.440756 +0100][Error  ][XRootDTransport   ] [cmsxrootd-site3.fnal.gov:1093 #0.0] No protocols left to try
[2024-01-10 15:20:04.440790 +0100][Error  ][AsyncSock         ] [cmsxrootd-site3.fnal.gov:1093 #0.0] Socket error while handshaking: [FATAL] Auth failed
[2024-01-10 15:20:04.440832 +0100][Error  ][PostMaster        ] [cmsxrootd-site3.fnal.gov:1093 #0] elapsed = 1, pConnectionWindow = 31 seconds.
[2024-01-10 15:20:04.440840 +0100][Error  ][PostMaster        ] [cmsxrootd-site3.fnal.gov:1093 #0] Unable to recover: [FATAL] Auth failed.
[2024-01-10 15:20:04.440845 +0100][Error  ][XRootD            ] [cmsxrootd-site3.fnal.gov:1093] Impossible to send message kXR_open (file: /store/mc/RunIISummer20UL16MiniAODv2/DYJetsToTauTau_M-50_AtLeastOneEorMuDecay_H2ErratumFix_TuneCP5_13TeV-powhegMiNNLO-pythia8-photos/MINIAODSIM/106X_mcRun2_asymptotic_v17-v2/40000/FC110942-1130-FD47-9738-A7145211F754.root?tried=xrootd-local.unl.edu,cmsxrootd-site1.fnal.gov,cmsxrootd-site2.fnal.gov,cmssrv608.fnal.gov, mode: 0660, flags: kXR_open_read kXR_async kXR_retstat ). Trying to recover.
%MSG-w XrdAdaptorInternal:  file_open 10-Jan-2024 15:22:56 CET pre-events
Failed to open file at URL root://cmsxrootd.fnal.gov:1094//store/mc/RunIISummer20UL16MiniAODv2/DYJetsToTauTau_M-50_AtLeastOneEorMuDecay_H2ErratumFix_TuneCP5_13TeV-powhegMiNNLO-pythia8-photos/MINIAODSIM/106X_mcRun2_asymptotic_v17-v2/40000/FC110942-1130-FD47-9738-A7145211F754.root.
%MSG
%MSG-w XrdAdaptorInternal:  file_open 10-Jan-2024 15:25:55 CET pre-events
Failed to open file at URL root://cmsxrootd.fnal.gov:1094//store/mc/RunIISummer20UL16MiniAODv2/DYJetsToTauTau_M-50_AtLeastOneEorMuDecay_H2ErratumFix_TuneCP5_13TeV-powhegMiNNLO-pythia8-photos/MINIAODSIM/106X_mcRun2_asymptotic_v17-v2/40000/FC110942-1130-FD47-9738-A7145211F754.root?tried=.
%MSG
----- Begin Fatal Exception 10-Jan-2024 15:25:55 CET-----------------------
An exception of category 'FileOpenError' occurred while
   [0] Constructing the EventProcessor
   [1] Constructing input source of type PoolSource
   [2] Calling RootFileSequenceBase::initTheFile()
   [3] Calling StorageFactory::open()
   [4] Calling XrdFile::open()
Exception Message:
Failed to open the file 'root://cmsxrootd.fnal.gov//store/mc/RunIISummer20UL16MiniAODv2/DYJetsToTauTau_M-50_AtLeastOneEorMuDecay_H2ErratumFix_TuneCP5_13TeV-powhegMiNNLO-pythia8-photos/MINIAODSIM/106X_mcRun2_asymptotic_v17-v2/40000/FC110942-1130-FD47-9738-A7145211F754.root'
   Additional Info:
      [a] Input file root://cmsxrootd.fnal.gov//store/mc/RunIISummer20UL16MiniAODv2/DYJetsToTauTau_M-50_AtLeastOneEorMuDecay_H2ErratumFix_TuneCP5_13TeV-powhegMiNNLO-pythia8-photos/MINIAODSIM/106X_mcRun2_asymptotic_v17-v2/40000/FC110942-1130-FD47-9738-A7145211F754.root could not be opened.
      [b] XrdCl::File::Open(name='root://cmsxrootd.fnal.gov//store/mc/RunIISummer20UL16MiniAODv2/DYJetsToTauTau_M-50_AtLeastOneEorMuDecay_H2ErratumFix_TuneCP5_13TeV-powhegMiNNLO-pythia8-photos/MINIAODSIM/106X_mcRun2_asymptotic_v17-v2/40000/FC110942-1130-FD47-9738-A7145211F754.root', flags=0x10, permissions=0660) => error '[ERROR] Operation expired' (errno=0, code=206). No additional data servers were found.
      [c] Last URL tried: root://cmsxrootd.fnal.gov:1094//store/mc/RunIISummer20UL16MiniAODv2/DYJetsToTauTau_M-50_AtLeastOneEorMuDecay_H2ErratumFix_TuneCP5_13TeV-powhegMiNNLO-pythia8-photos/MINIAODSIM/106X_mcRun2_asymptotic_v17-v2/40000/FC110942-1130-FD47-9738-A7145211F754.root?tried=
      [d] Problematic data server: cmsxrootd.fnal.gov:1094
      [e] Disabled source: cmsxrootd.fnal.gov:1094
----- End Fatal Exception -------------------------------------------------
