11-Jan-2024 16:04:00 CET  Initiating request to open file root://cmsxrootd.fnal.gov//store/mc/RunIISummer20UL16MiniAODv2/DYToMuMu_M-400To800_TuneCP5_13TeV-powheg-pythia8/MINIAODSIM/106X_mcRun2_asymptotic_v17-v2/2550000/94895BA6-BB6F-E94F-A576-02946A3FDBC5.root
Unable to load sec.protocol plugin libXrdSecztn.so
%MSG-w XrdAdaptor:  file_open 11-Jan-2024 16:04:04 CET pre-events
Data is served from T2_US_UCSD-ceph instead of original site US-Regional-Nebraska
%MSG
11-Jan-2024 16:04:08 CET  Successfully opened file root://cmsxrootd.fnal.gov//store/mc/RunIISummer20UL16MiniAODv2/DYToMuMu_M-400To800_TuneCP5_13TeV-powheg-pythia8/MINIAODSIM/106X_mcRun2_asymptotic_v17-v2/2550000/94895BA6-BB6F-E94F-A576-02946A3FDBC5.root
Unable to load sec.protocol plugin libXrdSecztn.so
Begin processing the 1st record. Run 1, Event 74729, LumiSection 81 on stream 0 at 11-Jan-2024 16:04:15.614 CET
11-Jan-2024 16:04:15 CET  Closed file root://cmsxrootd.fnal.gov//store/mc/RunIISummer20UL16MiniAODv2/DYToMuMu_M-400To800_TuneCP5_13TeV-powheg-pythia8/MINIAODSIM/106X_mcRun2_asymptotic_v17-v2/2550000/94895BA6-BB6F-E94F-A576-02946A3FDBC5.root
11-Jan-2024 16:04:15 CET  Initiating request to open file root://cmsxrootd.fnal.gov//store/mc/RunIISummer20UL16MiniAODv2/DYToMuMu_M-400To800_TuneCP5_13TeV-powheg-pythia8/MINIAODSIM/106X_mcRun2_asymptotic_v17-v2/2550000/E18EB843-A31B-8D41-A58C-6C9F65724371.root
Unable to load sec.protocol plugin libXrdSecztn.so
%MSG-w XrdAdaptor:  file_open 11-Jan-2024 16:04:19 CET PostProcessEvent
Data is served from T2_US_UCSD-ceph instead of original site US-Regional-Nebraska
%MSG
11-Jan-2024 16:04:20 CET  Successfully opened file root://cmsxrootd.fnal.gov//store/mc/RunIISummer20UL16MiniAODv2/DYToMuMu_M-400To800_TuneCP5_13TeV-powheg-pythia8/MINIAODSIM/106X_mcRun2_asymptotic_v17-v2/2550000/E18EB843-A31B-8D41-A58C-6C9F65724371.root
Unable to load sec.protocol plugin libXrdSecztn.so
11-Jan-2024 16:04:27 CET  Closed file root://cmsxrootd.fnal.gov//store/mc/RunIISummer20UL16MiniAODv2/DYToMuMu_M-400To800_TuneCP5_13TeV-powheg-pythia8/MINIAODSIM/106X_mcRun2_asymptotic_v17-v2/2550000/E18EB843-A31B-8D41-A58C-6C9F65724371.root
11-Jan-2024 16:04:27 CET  Initiating request to open file root://cmsxrootd.fnal.gov//store/mc/RunIISummer20UL16MiniAODv2/DYToMuMu_M-400To800_TuneCP5_13TeV-powheg-pythia8/MINIAODSIM/106X_mcRun2_asymptotic_v17-v2/2550000/D2C09FBA-B13E-4A48-AFF8-9BE180E2B5E7.root
%MSG-w XrdAdaptor:  file_open 11-Jan-2024 16:04:29 CET PostProcessEvent
Data is served from T2_US_UCSD-ceph instead of original site US-Regional-Nebraska
%MSG
11-Jan-2024 16:04:31 CET  Successfully opened file root://cmsxrootd.fnal.gov//store/mc/RunIISummer20UL16MiniAODv2/DYToMuMu_M-400To800_TuneCP5_13TeV-powheg-pythia8/MINIAODSIM/106X_mcRun2_asymptotic_v17-v2/2550000/D2C09FBA-B13E-4A48-AFF8-9BE180E2B5E7.root
Unable to load sec.protocol plugin libXrdSecztn.so
11-Jan-2024 16:04:56 CET  Closed file root://cmsxrootd.fnal.gov//store/mc/RunIISummer20UL16MiniAODv2/DYToMuMu_M-400To800_TuneCP5_13TeV-powheg-pythia8/MINIAODSIM/106X_mcRun2_asymptotic_v17-v2/2550000/D2C09FBA-B13E-4A48-AFF8-9BE180E2B5E7.root
11-Jan-2024 16:04:56 CET  Initiating request to open file root://cmsxrootd.fnal.gov//store/mc/RunIISummer20UL16MiniAODv2/DYToMuMu_M-400To800_TuneCP5_13TeV-powheg-pythia8/MINIAODSIM/106X_mcRun2_asymptotic_v17-v2/2550000/42A0E680-22F5-1146-8405-7E9CE0B6C691.root
%MSG-w XrdAdaptor:  file_open 11-Jan-2024 16:04:59 CET PostProcessEvent
Data is served from T2_US_UCSD-ceph instead of original site US-Regional-Nebraska
%MSG
11-Jan-2024 16:05:00 CET  Successfully opened file root://cmsxrootd.fnal.gov//store/mc/RunIISummer20UL16MiniAODv2/DYToMuMu_M-400To800_TuneCP5_13TeV-powheg-pythia8/MINIAODSIM/106X_mcRun2_asymptotic_v17-v2/2550000/42A0E680-22F5-1146-8405-7E9CE0B6C691.root
11-Jan-2024 16:05:22 CET  Closed file root://cmsxrootd.fnal.gov//store/mc/RunIISummer20UL16MiniAODv2/DYToMuMu_M-400To800_TuneCP5_13TeV-powheg-pythia8/MINIAODSIM/106X_mcRun2_asymptotic_v17-v2/2550000/42A0E680-22F5-1146-8405-7E9CE0B6C691.root
11-Jan-2024 16:05:22 CET  Initiating request to open file root://cmsxrootd.fnal.gov//store/mc/RunIISummer20UL16MiniAODv2/DYToMuMu_M-400To800_TuneCP5_13TeV-powheg-pythia8/MINIAODSIM/106X_mcRun2_asymptotic_v17-v2/2550000/5A36D840-84B6-FC41-88AB-E1D9375A7422.root
Unable to load sec.protocol plugin libXrdSecztn.so
%MSG-w XrdAdaptor:  file_open 11-Jan-2024 16:05:25 CET PostProcessEvent
Data is served from T2_US_UCSD-ceph instead of original site US-Regional-Nebraska
%MSG
11-Jan-2024 16:05:26 CET  Successfully opened file root://cmsxrootd.fnal.gov//store/mc/RunIISummer20UL16MiniAODv2/DYToMuMu_M-400To800_TuneCP5_13TeV-powheg-pythia8/MINIAODSIM/106X_mcRun2_asymptotic_v17-v2/2550000/5A36D840-84B6-FC41-88AB-E1D9375A7422.root
      0.251328      0.000177      1.000000         10013
 
11-Jan-2024 16:05:33 CET  Closed file root://cmsxrootd.fnal.gov//store/mc/RunIISummer20UL16MiniAODv2/DYToMuMu_M-400To800_TuneCP5_13TeV-powheg-pythia8/MINIAODSIM/106X_mcRun2_asymptotic_v17-v2/2550000/5A36D840-84B6-FC41-88AB-E1D9375A7422.root

------------------------------------
GenXsecAnalyzer:
------------------------------------
-------------------------------------------------------------------------------------------------------------------------------------------------------------------------- 
Overall cross-section summary 
--------------------------------------------------------------------------------------------------------------------------------------------------------------------------
Process		xsec_before [pb]		passed	nposw	nnegw	tried	nposw	nnegw 	xsec_match [pb]			accepted [%]	 event_eff [%]
0		2.513e-01 +/- 8.860e-05		75000	74964	36	75000	74964	36	2.513e-01 +/- 8.860e-05		100.0 +/- 0.0	100.0 +/- 0.0
-------------------------------------------------------------------------------------------------------------------------------------------------------------------------- 
Total		2.513e-01 +/- 8.860e-05		75000	74964	36	75000	74964	36	2.513e-01 +/- 8.860e-05		100.0 +/- 0.0	100.0 +/- 0.0
--------------------------------------------------------------------------------------------------------------------------------------------------------------------------
Before matching: total cross section = 2.513e-01 +- 8.860e-05 pb
After matching: total cross section = 2.513e-01 +- 8.860e-05 pb
Matching efficiency = 1.0 +/- 0.0   [TO BE USED IN MCM]
Filter efficiency (taking into account weights)= (18851.9) / (18851.9) = 1.000e+00 +- 0.000e+00
Filter efficiency (event-level)= (75000) / (75000) = 1.000e+00 +- 0.000e+00    [TO BE USED IN MCM]

After filter: final cross section = 2.513e-01 +- 8.860e-05 pb
After filter: final fraction of events with negative weights = 4.800e-04 +- 1.865e-08
After filter: final equivalent lumi for 1M events (1/fb) = 3.971e+03 +- 4.207e+00

=============================================

MessageLogger Summary

 type     category        sev    module        subroutine        count    total
 ---- -------------------- -- ---------------- ----------------  -----    -----
    1 GenXSecAnalyzer      -w GenXSecAnalyzer:                      15       15
    2 XrdAdaptor           -w file_open                              5        5
    3 fileAction           -s file_close                             5        5
    4 fileAction           -s file_open                             10       10

 type    category    Examples: run/evt        run/evt          run/evt
 ---- -------------------- ---------------- ---------------- ----------------
    1 GenXSecAnalyzer      PostGlobalEndRun PostGlobalEndRun PostGlobalEndRun
    2 XrdAdaptor           pre-events       PostProcessEvent PostProcessEvent
    3 fileAction           PostProcessEvent PostProcessEvent PostGlobalEndRun
    4 fileAction           pre-events       pre-events       PostProcessEvent

Severity    # Occurrences   Total Occurrences
--------    -------------   -----------------
Warning                20                  20
System                 15                  15

dropped waiting message count 0
