10-Jan-2024 06:36:42 CET  Initiating request to open file root://cmsxrootd.fnal.gov//store/mc/RunIISummer20UL16MiniAODv2/DYJetsToLL_M-1500to2000_TuneCP5_13TeV-amcatnloFXFX-pythia8/MINIAODSIM/106X_mcRun2_asymptotic_v17-v2/2530000/6DF15BA7-1A40-B348-BE70-0BD75A86301C.root
Unable to load sec.protocol plugin libXrdSecztn.so
%MSG-w XrdAdaptor:  file_open 10-Jan-2024 06:36:49 CET pre-events
Data is served from fnal.gov instead of original site US-Regional-Nebraska
%MSG
10-Jan-2024 06:36:53 CET  Successfully opened file root://cmsxrootd.fnal.gov//store/mc/RunIISummer20UL16MiniAODv2/DYJetsToLL_M-1500to2000_TuneCP5_13TeV-amcatnloFXFX-pythia8/MINIAODSIM/106X_mcRun2_asymptotic_v17-v2/2530000/6DF15BA7-1A40-B348-BE70-0BD75A86301C.root
Unable to load sec.protocol plugin libXrdSecztn.so
Begin processing the 1st record. Run 1, Event 53013, LumiSection 21 on stream 0 at 10-Jan-2024 06:36:58.073 CET
10-Jan-2024 06:36:58 CET  Closed file root://cmsxrootd.fnal.gov//store/mc/RunIISummer20UL16MiniAODv2/DYJetsToLL_M-1500to2000_TuneCP5_13TeV-amcatnloFXFX-pythia8/MINIAODSIM/106X_mcRun2_asymptotic_v17-v2/2530000/6DF15BA7-1A40-B348-BE70-0BD75A86301C.root
10-Jan-2024 06:36:58 CET  Initiating request to open file root://cmsxrootd.fnal.gov//store/mc/RunIISummer20UL16MiniAODv2/DYJetsToLL_M-1500to2000_TuneCP5_13TeV-amcatnloFXFX-pythia8/MINIAODSIM/106X_mcRun2_asymptotic_v17-v2/2530000/1361718E-D3F4-1F42-9256-FDE36BE9CE5E.root
Unable to load sec.protocol plugin libXrdSecztn.so
%MSG-w XrdAdaptor:  file_open 10-Jan-2024 06:37:02 CET PostProcessEvent
Data is served from fnal.gov instead of original site US-Regional-Nebraska
%MSG
10-Jan-2024 06:37:04 CET  Successfully opened file root://cmsxrootd.fnal.gov//store/mc/RunIISummer20UL16MiniAODv2/DYJetsToLL_M-1500to2000_TuneCP5_13TeV-amcatnloFXFX-pythia8/MINIAODSIM/106X_mcRun2_asymptotic_v17-v2/2530000/1361718E-D3F4-1F42-9256-FDE36BE9CE5E.root
10-Jan-2024 06:37:09 CET  Closed file root://cmsxrootd.fnal.gov//store/mc/RunIISummer20UL16MiniAODv2/DYJetsToLL_M-1500to2000_TuneCP5_13TeV-amcatnloFXFX-pythia8/MINIAODSIM/106X_mcRun2_asymptotic_v17-v2/2530000/1361718E-D3F4-1F42-9256-FDE36BE9CE5E.root
10-Jan-2024 06:37:09 CET  Initiating request to open file root://cmsxrootd.fnal.gov//store/mc/RunIISummer20UL16MiniAODv2/DYJetsToLL_M-1500to2000_TuneCP5_13TeV-amcatnloFXFX-pythia8/MINIAODSIM/106X_mcRun2_asymptotic_v17-v2/2530000/CC34D1CE-5D30-EC4F-B09D-349E64E10CB8.root
Unable to load sec.protocol plugin libXrdSecztn.so
%MSG-w XrdAdaptor:  file_open 10-Jan-2024 06:37:12 CET PostProcessEvent
Data is served from fnal.gov instead of original site US-Regional-Nebraska
%MSG
10-Jan-2024 06:37:13 CET  Successfully opened file root://cmsxrootd.fnal.gov//store/mc/RunIISummer20UL16MiniAODv2/DYJetsToLL_M-1500to2000_TuneCP5_13TeV-amcatnloFXFX-pythia8/MINIAODSIM/106X_mcRun2_asymptotic_v17-v2/2530000/CC34D1CE-5D30-EC4F-B09D-349E64E10CB8.root
10-Jan-2024 06:37:21 CET  Closed file root://cmsxrootd.fnal.gov//store/mc/RunIISummer20UL16MiniAODv2/DYJetsToLL_M-1500to2000_TuneCP5_13TeV-amcatnloFXFX-pythia8/MINIAODSIM/106X_mcRun2_asymptotic_v17-v2/2530000/CC34D1CE-5D30-EC4F-B09D-349E64E10CB8.root
10-Jan-2024 06:37:21 CET  Initiating request to open file root://cmsxrootd.fnal.gov//store/mc/RunIISummer20UL16MiniAODv2/DYJetsToLL_M-1500to2000_TuneCP5_13TeV-amcatnloFXFX-pythia8/MINIAODSIM/106X_mcRun2_asymptotic_v17-v2/2530000/4BE6F52E-70AB-2B45-A9D9-7A230F1C4FC9.root
%MSG-w XrdAdaptor:  file_open 10-Jan-2024 06:37:23 CET PostProcessEvent
Data is served from fnal.gov instead of original site US-Regional-Nebraska
%MSG
10-Jan-2024 06:37:24 CET  Successfully opened file root://cmsxrootd.fnal.gov//store/mc/RunIISummer20UL16MiniAODv2/DYJetsToLL_M-1500to2000_TuneCP5_13TeV-amcatnloFXFX-pythia8/MINIAODSIM/106X_mcRun2_asymptotic_v17-v2/2530000/4BE6F52E-70AB-2B45-A9D9-7A230F1C4FC9.root
10-Jan-2024 06:37:30 CET  Closed file root://cmsxrootd.fnal.gov//store/mc/RunIISummer20UL16MiniAODv2/DYJetsToLL_M-1500to2000_TuneCP5_13TeV-amcatnloFXFX-pythia8/MINIAODSIM/106X_mcRun2_asymptotic_v17-v2/2530000/4BE6F52E-70AB-2B45-A9D9-7A230F1C4FC9.root
10-Jan-2024 06:37:30 CET  Initiating request to open file root://cmsxrootd.fnal.gov//store/mc/RunIISummer20UL16MiniAODv2/DYJetsToLL_M-1500to2000_TuneCP5_13TeV-amcatnloFXFX-pythia8/MINIAODSIM/106X_mcRun2_asymptotic_v17-v2/2530000/51A9187F-3C3F-6A4B-8AB0-44BF651103C2.root
%MSG-w XrdAdaptor:  file_open 10-Jan-2024 06:37:33 CET PostProcessEvent
Data is served from fnal.gov instead of original site US-Regional-Nebraska
%MSG
10-Jan-2024 06:37:33 CET  Successfully opened file root://cmsxrootd.fnal.gov//store/mc/RunIISummer20UL16MiniAODv2/DYJetsToLL_M-1500to2000_TuneCP5_13TeV-amcatnloFXFX-pythia8/MINIAODSIM/106X_mcRun2_asymptotic_v17-v2/2530000/51A9187F-3C3F-6A4B-8AB0-44BF651103C2.root
10-Jan-2024 06:37:37 CET  Closed file root://cmsxrootd.fnal.gov//store/mc/RunIISummer20UL16MiniAODv2/DYJetsToLL_M-1500to2000_TuneCP5_13TeV-amcatnloFXFX-pythia8/MINIAODSIM/106X_mcRun2_asymptotic_v17-v2/2530000/51A9187F-3C3F-6A4B-8AB0-44BF651103C2.root
10-Jan-2024 06:37:37 CET  Initiating request to open file root://cmsxrootd.fnal.gov//store/mc/RunIISummer20UL16MiniAODv2/DYJetsToLL_M-1500to2000_TuneCP5_13TeV-amcatnloFXFX-pythia8/MINIAODSIM/106X_mcRun2_asymptotic_v17-v2/50000/D8D7C3A9-38CF-CB44-ADBB-7846AFA6D5AE.root
%MSG-w XrdAdaptor:  file_open 10-Jan-2024 06:37:42 CET PostProcessEvent
Data is served from T2_US_Caltech instead of original site US-Regional-Nebraska
%MSG
10-Jan-2024 06:37:43 CET  Successfully opened file root://cmsxrootd.fnal.gov//store/mc/RunIISummer20UL16MiniAODv2/DYJetsToLL_M-1500to2000_TuneCP5_13TeV-amcatnloFXFX-pythia8/MINIAODSIM/106X_mcRun2_asymptotic_v17-v2/50000/D8D7C3A9-38CF-CB44-ADBB-7846AFA6D5AE.root
Begin processing the 100001st record. Run 1, Event 366840, LumiSection 139 on stream 0 at 10-Jan-2024 06:37:48.265 CET
10-Jan-2024 06:37:48 CET  Closed file root://cmsxrootd.fnal.gov//store/mc/RunIISummer20UL16MiniAODv2/DYJetsToLL_M-1500to2000_TuneCP5_13TeV-amcatnloFXFX-pythia8/MINIAODSIM/106X_mcRun2_asymptotic_v17-v2/50000/D8D7C3A9-38CF-CB44-ADBB-7846AFA6D5AE.root
10-Jan-2024 06:37:48 CET  Initiating request to open file root://cmsxrootd.fnal.gov//store/mc/RunIISummer20UL16MiniAODv2/DYJetsToLL_M-1500to2000_TuneCP5_13TeV-amcatnloFXFX-pythia8/MINIAODSIM/106X_mcRun2_asymptotic_v17-v2/50000/D6B32B53-430C-EF4C-8573-700B2649D4D2.root
%MSG-w XrdAdaptor:  file_open 10-Jan-2024 06:38:38 CET PostProcessEvent
Data is served from T2_US_MIT instead of original site US-Regional-Nebraska
%MSG
10-Jan-2024 06:38:40 CET  Successfully opened file root://cmsxrootd.fnal.gov//store/mc/RunIISummer20UL16MiniAODv2/DYJetsToLL_M-1500to2000_TuneCP5_13TeV-amcatnloFXFX-pythia8/MINIAODSIM/106X_mcRun2_asymptotic_v17-v2/50000/D6B32B53-430C-EF4C-8573-700B2649D4D2.root
10-Jan-2024 06:38:53 CET  Closed file root://cmsxrootd.fnal.gov//store/mc/RunIISummer20UL16MiniAODv2/DYJetsToLL_M-1500to2000_TuneCP5_13TeV-amcatnloFXFX-pythia8/MINIAODSIM/106X_mcRun2_asymptotic_v17-v2/50000/D6B32B53-430C-EF4C-8573-700B2649D4D2.root
10-Jan-2024 06:38:53 CET  Initiating request to open file root://cmsxrootd.fnal.gov//store/mc/RunIISummer20UL16MiniAODv2/DYJetsToLL_M-1500to2000_TuneCP5_13TeV-amcatnloFXFX-pythia8/MINIAODSIM/106X_mcRun2_asymptotic_v17-v2/50000/36A7EE57-7595-AA4B-AF7B-73E124CFAB19.root
%MSG-w XrdAdaptor:  file_open 10-Jan-2024 06:38:56 CET PostProcessEvent
Data is served from T2_US_MIT instead of original site US-Regional-Nebraska
%MSG
10-Jan-2024 06:38:57 CET  Successfully opened file root://cmsxrootd.fnal.gov//store/mc/RunIISummer20UL16MiniAODv2/DYJetsToLL_M-1500to2000_TuneCP5_13TeV-amcatnloFXFX-pythia8/MINIAODSIM/106X_mcRun2_asymptotic_v17-v2/50000/36A7EE57-7595-AA4B-AF7B-73E124CFAB19.root
10-Jan-2024 06:39:09 CET  Closed file root://cmsxrootd.fnal.gov//store/mc/RunIISummer20UL16MiniAODv2/DYJetsToLL_M-1500to2000_TuneCP5_13TeV-amcatnloFXFX-pythia8/MINIAODSIM/106X_mcRun2_asymptotic_v17-v2/50000/36A7EE57-7595-AA4B-AF7B-73E124CFAB19.root
10-Jan-2024 06:39:09 CET  Initiating request to open file root://cmsxrootd.fnal.gov//store/mc/RunIISummer20UL16MiniAODv2/DYJetsToLL_M-1500to2000_TuneCP5_13TeV-amcatnloFXFX-pythia8/MINIAODSIM/106X_mcRun2_asymptotic_v17-v2/50000/90C8B737-0D39-844E-AD61-0749EF4F5381.root
%MSG-w XrdAdaptor:  file_open 10-Jan-2024 06:39:14 CET PostProcessEvent
Data is served from T2_US_Wisconsin instead of original site US-Regional-Nebraska
%MSG
10-Jan-2024 06:39:15 CET  Successfully opened file root://cmsxrootd.fnal.gov//store/mc/RunIISummer20UL16MiniAODv2/DYJetsToLL_M-1500to2000_TuneCP5_13TeV-amcatnloFXFX-pythia8/MINIAODSIM/106X_mcRun2_asymptotic_v17-v2/50000/90C8B737-0D39-844E-AD61-0749EF4F5381.root
Begin processing the 200001st record. Run 1, Event 218089, LumiSection 83 on stream 0 at 10-Jan-2024 06:39:20.280 CET
      0.002045      0.000006      0.013211             1
      0.002354      0.000004      0.013211             0
      0.001295      0.000006      0.013211             2
 
10-Jan-2024 06:39:20 CET  Closed file root://cmsxrootd.fnal.gov//store/mc/RunIISummer20UL16MiniAODv2/DYJetsToLL_M-1500to2000_TuneCP5_13TeV-amcatnloFXFX-pythia8/MINIAODSIM/106X_mcRun2_asymptotic_v17-v2/50000/90C8B737-0D39-844E-AD61-0749EF4F5381.root

------------------------------------
GenXsecAnalyzer:
------------------------------------
-------------------------------------------------------------------------------------------------------------------------------------------------------------------------- 
Overall cross-section summary 
--------------------------------------------------------------------------------------------------------------------------------------------------------------------------
Process		xsec_before [pb]		passed	nposw	nnegw	tried	nposw	nnegw 	xsec_match [pb]			accepted [%]	 event_eff [%]
0		2.354e-03 +/- 2.173e-06		51206	49529	1677	114070	109786	4284	1.068e-03 +/- 3.875e-06		45.4 +/- 0.2	44.9 +/- 0.1
1		2.045e-03 +/- 3.008e-06		78618	59766	18852	239082	166040	73042	8.999e-04 +/- 5.358e-06		44.0 +/- 0.3	32.9 +/- 0.1
2		1.295e-03 +/- 2.943e-06		72563	48148	24415	237473	149439	88034	5.007e-04 +/- 4.941e-06		38.6 +/- 0.4	30.6 +/- 0.1
-------------------------------------------------------------------------------------------------------------------------------------------------------------------------- 
Total		5.695e-03 +/- 4.737e-06		202387	157443	44944	590625	425265	165360	2.465e-03 +/- 8.389e-06		43.3 +/- 0.1	34.3 +/- 0.1
--------------------------------------------------------------------------------------------------------------------------------------------------------------------------
Before matching: total cross section = 5.695e-03 +- 4.737e-06 pb
After matching: total cross section = 2.465e-03 +- 8.389e-06 pb
Matching efficiency = 0.3 +/- 0.0   [TO BE USED IN MCM]
Filter efficiency (taking into account weights)= (1486.23) / (1486.23) = 1.000e+00 +- 0.000e+00
Filter efficiency (event-level)= (202387) / (202387) = 1.000e+00 +- 0.000e+00    [TO BE USED IN MCM]

After filter: final cross section = 2.465e-03 +- 8.389e-06 pb
After filter: final fraction of events with negative weights = 2.221e-01 +- 1.172e-04
After filter: final equivalent lumi for 1M events (1/fb) = 1.254e+05 +- 2.541e+02

=============================================

MessageLogger Summary

 type     category        sev    module        subroutine        count    total
 ---- -------------------- -- ---------------- ----------------  -----    -----
    1 GenXSecAnalyzer      -w GenXSecAnalyzer:                      17       17
    2 XrdAdaptor           -w file_open                              9        9
    3 fileAction           -s file_close                             9        9
    4 fileAction           -s file_open                             18       18

 type    category    Examples: run/evt        run/evt          run/evt
 ---- -------------------- ---------------- ---------------- ----------------
    1 GenXSecAnalyzer      PostGlobalEndRun PostGlobalEndRun PostGlobalEndRun
    2 XrdAdaptor           pre-events       PostProcessEvent PostProcessEvent
    3 fileAction           PostProcessEvent PostProcessEvent PostGlobalEndRun
    4 fileAction           pre-events       pre-events       PostProcessEvent

Severity    # Occurrences   Total Occurrences
--------    -------------   -----------------
Warning                26                  26
System                 27                  27

dropped waiting message count 0
