15-Dec-2023 12:00:43 CET  Initiating request to open file root://cmsxrootd.fnal.gov//store/mc/RunIISummer20UL16MiniAODv2/DYToMuMu_pomflux_Pt-30_TuneCP5_13TeV-pythia8/MINIAODSIM/106X_mcRun2_asymptotic_v17-v1/140000/7D5CD974-AA7D-6047-9ADF-3B99B7A8347B.root
%MSG-w XrdAdaptor:  file_open 15-Dec-2023 12:00:46 CET pre-events
Data is served from T2_US_Vanderbilt instead of original site US-Regional-FNAL
%MSG
15-Dec-2023 12:00:51 CET  Successfully opened file root://cmsxrootd.fnal.gov//store/mc/RunIISummer20UL16MiniAODv2/DYToMuMu_pomflux_Pt-30_TuneCP5_13TeV-pythia8/MINIAODSIM/106X_mcRun2_asymptotic_v17-v1/140000/7D5CD974-AA7D-6047-9ADF-3B99B7A8347B.root
Begin processing the 1st record. Run 1, Event 62012, LumiSection 63 on stream 0 at 15-Dec-2023 12:01:02.020 CET
15-Dec-2023 12:01:02 CET  Closed file root://cmsxrootd.fnal.gov//store/mc/RunIISummer20UL16MiniAODv2/DYToMuMu_pomflux_Pt-30_TuneCP5_13TeV-pythia8/MINIAODSIM/106X_mcRun2_asymptotic_v17-v1/140000/7D5CD974-AA7D-6047-9ADF-3B99B7A8347B.root
15-Dec-2023 12:01:02 CET  Initiating request to open file root://cmsxrootd.fnal.gov//store/mc/RunIISummer20UL16MiniAODv2/DYToMuMu_pomflux_Pt-30_TuneCP5_13TeV-pythia8/MINIAODSIM/106X_mcRun2_asymptotic_v17-v1/140000/F93A87AD-AC8B-644D-A4F5-E5770366B8E4.root
%MSG-w XrdAdaptor:  file_open 15-Dec-2023 12:01:06 CET PostProcessEvent
Data is served from T2_US_Vanderbilt instead of original site US-Regional-FNAL
%MSG
15-Dec-2023 12:01:07 CET  Successfully opened file root://cmsxrootd.fnal.gov//store/mc/RunIISummer20UL16MiniAODv2/DYToMuMu_pomflux_Pt-30_TuneCP5_13TeV-pythia8/MINIAODSIM/106X_mcRun2_asymptotic_v17-v1/140000/F93A87AD-AC8B-644D-A4F5-E5770366B8E4.root
15-Dec-2023 12:01:19 CET  Closed file root://cmsxrootd.fnal.gov//store/mc/RunIISummer20UL16MiniAODv2/DYToMuMu_pomflux_Pt-30_TuneCP5_13TeV-pythia8/MINIAODSIM/106X_mcRun2_asymptotic_v17-v1/140000/F93A87AD-AC8B-644D-A4F5-E5770366B8E4.root
15-Dec-2023 12:01:19 CET  Initiating request to open file root://cmsxrootd.fnal.gov//store/mc/RunIISummer20UL16MiniAODv2/DYToMuMu_pomflux_Pt-30_TuneCP5_13TeV-pythia8/MINIAODSIM/106X_mcRun2_asymptotic_v17-v1/280000/F904B6BD-B4D1-B04F-8391-5BE3ABEC6E69.root
Unable to load sec.protocol plugin libXrdSecztn.so
%MSG-w XrdAdaptor:  file_open 15-Dec-2023 12:01:23 CET PostProcessEvent
Data is served from fnal.gov instead of original site US-Regional-FNAL
%MSG
15-Dec-2023 12:01:23 CET  Successfully opened file root://cmsxrootd.fnal.gov//store/mc/RunIISummer20UL16MiniAODv2/DYToMuMu_pomflux_Pt-30_TuneCP5_13TeV-pythia8/MINIAODSIM/106X_mcRun2_asymptotic_v17-v1/280000/F904B6BD-B4D1-B04F-8391-5BE3ABEC6E69.root
Begin processing the 100001st record. Run 1, Event 136010, LumiSection 137 on stream 0 at 15-Dec-2023 12:01:28.541 CET
15-Dec-2023 12:01:29 CET  Closed file root://cmsxrootd.fnal.gov//store/mc/RunIISummer20UL16MiniAODv2/DYToMuMu_pomflux_Pt-30_TuneCP5_13TeV-pythia8/MINIAODSIM/106X_mcRun2_asymptotic_v17-v1/280000/F904B6BD-B4D1-B04F-8391-5BE3ABEC6E69.root
15-Dec-2023 12:01:29 CET  Initiating request to open file root://cmsxrootd.fnal.gov//store/mc/RunIISummer20UL16MiniAODv2/DYToMuMu_pomflux_Pt-30_TuneCP5_13TeV-pythia8/MINIAODSIM/106X_mcRun2_asymptotic_v17-v1/130000/B304FB2B-8B87-A744-86AF-9438E4E52AC4.root
%MSG-w XrdAdaptor:  file_open 15-Dec-2023 12:01:33 CET PostProcessEvent
Data is served from T2_US_Florida instead of original site US-Regional-FNAL
%MSG
15-Dec-2023 12:01:34 CET  Successfully opened file root://cmsxrootd.fnal.gov//store/mc/RunIISummer20UL16MiniAODv2/DYToMuMu_pomflux_Pt-30_TuneCP5_13TeV-pythia8/MINIAODSIM/106X_mcRun2_asymptotic_v17-v1/130000/B304FB2B-8B87-A744-86AF-9438E4E52AC4.root
15-Dec-2023 12:01:41 CET  Closed file root://cmsxrootd.fnal.gov//store/mc/RunIISummer20UL16MiniAODv2/DYToMuMu_pomflux_Pt-30_TuneCP5_13TeV-pythia8/MINIAODSIM/106X_mcRun2_asymptotic_v17-v1/130000/B304FB2B-8B87-A744-86AF-9438E4E52AC4.root
15-Dec-2023 12:01:41 CET  Initiating request to open file root://cmsxrootd.fnal.gov//store/mc/RunIISummer20UL16MiniAODv2/DYToMuMu_pomflux_Pt-30_TuneCP5_13TeV-pythia8/MINIAODSIM/106X_mcRun2_asymptotic_v17-v1/270000/A61DC6E6-1D70-614D-BF04-5B023F4AA369.root
%MSG-w XrdAdaptor:  file_open 15-Dec-2023 12:01:45 CET PostProcessEvent
Data is served from cms.rcac.purdue.edu instead of original site US-Regional-FNAL
%MSG
15-Dec-2023 12:01:46 CET  Successfully opened file root://cmsxrootd.fnal.gov//store/mc/RunIISummer20UL16MiniAODv2/DYToMuMu_pomflux_Pt-30_TuneCP5_13TeV-pythia8/MINIAODSIM/106X_mcRun2_asymptotic_v17-v1/270000/A61DC6E6-1D70-614D-BF04-5B023F4AA369.root
15-Dec-2023 12:01:52 CET  Closed file root://cmsxrootd.fnal.gov//store/mc/RunIISummer20UL16MiniAODv2/DYToMuMu_pomflux_Pt-30_TuneCP5_13TeV-pythia8/MINIAODSIM/106X_mcRun2_asymptotic_v17-v1/270000/A61DC6E6-1D70-614D-BF04-5B023F4AA369.root
15-Dec-2023 12:01:52 CET  Initiating request to open file root://cmsxrootd.fnal.gov//store/mc/RunIISummer20UL16MiniAODv2/DYToMuMu_pomflux_Pt-30_TuneCP5_13TeV-pythia8/MINIAODSIM/106X_mcRun2_asymptotic_v17-v1/270000/14FEF068-E4CB-614A-8CC9-7C3F0A56D183.root
Unable to load sec.protocol plugin libXrdSecztn.so
%MSG-w XrdAdaptor:  file_open 15-Dec-2023 12:01:56 CET PostProcessEvent
Data is served from T2_US_UCSD-ceph instead of original site US-Regional-FNAL
%MSG
15-Dec-2023 12:01:57 CET  Successfully opened file root://cmsxrootd.fnal.gov//store/mc/RunIISummer20UL16MiniAODv2/DYToMuMu_pomflux_Pt-30_TuneCP5_13TeV-pythia8/MINIAODSIM/106X_mcRun2_asymptotic_v17-v1/270000/14FEF068-E4CB-614A-8CC9-7C3F0A56D183.root
Unable to load sec.protocol plugin libXrdSecztn.so
15-Dec-2023 12:02:05 CET  Closed file root://cmsxrootd.fnal.gov//store/mc/RunIISummer20UL16MiniAODv2/DYToMuMu_pomflux_Pt-30_TuneCP5_13TeV-pythia8/MINIAODSIM/106X_mcRun2_asymptotic_v17-v1/270000/14FEF068-E4CB-614A-8CC9-7C3F0A56D183.root

------------------------------------
GenXsecAnalyzer:
------------------------------------
Before Filter: total cross section = 4.274e+00 +- 9.550e-03 pb
Filter efficiency (taking into account weights)= (200000) / (200000) = 1.000e+00 +- 0.000e+00
Filter efficiency (event-level)= (200000) / (200000) = 1.000e+00 +- 0.000e+00    [TO BE USED IN MCM]

After filter: final cross section = 4.274e+00 +- 9.550e-03 pb
After filter: final fraction of events with negative weights = 0.000e+00 +- 0.000e+00
After filter: final equivalent lumi for 1M events (1/fb) = 2.340e+02 +- 5.728e-01

=============================================

MessageLogger Summary

 type     category        sev    module        subroutine        count    total
 ---- -------------------- -- ---------------- ----------------  -----    -----
    1 GenXSecAnalyzer      -w GenXSecAnalyzer:                       7        7
    2 XrdAdaptor           -w file_open                              6        6
    3 fileAction           -s file_close                             6        6
    4 fileAction           -s file_open                             12       12

 type    category    Examples: run/evt        run/evt          run/evt
 ---- -------------------- ---------------- ---------------- ----------------
    1 GenXSecAnalyzer      PostGlobalEndRun PostGlobalEndRun PostGlobalEndRun
    2 XrdAdaptor           pre-events       PostProcessEvent PostProcessEvent
    3 fileAction           PostProcessEvent PostProcessEvent PostGlobalEndRun
    4 fileAction           pre-events       pre-events       PostProcessEvent

Severity    # Occurrences   Total Occurrences
--------    -------------   -----------------
Warning                13                  13
System                 18                  18

dropped waiting message count 0
