11-Jan-2024 15:44:08 CET  Initiating request to open file root://cmsxrootd.fnal.gov//store/mc/RunIISummer20UL16MiniAODv2/DYToHppHmmTo4L_M-900_13TeV-pythia8/MINIAODSIM/106X_mcRun2_asymptotic_v17-v1/70000/DC72D5A9-1B0F-0C4C-BA46-4DF2FEC61EC7.root
Unable to load sec.protocol plugin libXrdSecztn.so
%MSG-w XrdAdaptor:  file_open 11-Jan-2024 15:44:13 CET pre-events
Data is served from fnal.gov instead of original site US-Regional-Nebraska
%MSG
11-Jan-2024 15:44:17 CET  Successfully opened file root://cmsxrootd.fnal.gov//store/mc/RunIISummer20UL16MiniAODv2/DYToHppHmmTo4L_M-900_13TeV-pythia8/MINIAODSIM/106X_mcRun2_asymptotic_v17-v1/70000/DC72D5A9-1B0F-0C4C-BA46-4DF2FEC61EC7.root
Unable to load sec.protocol plugin libXrdSecztn.so
Unable to load sec.protocol plugin libXrdSecztn.so
Unable to load sec.protocol plugin libXrdSecztn.so
Begin processing the 1st record. Run 1, Event 6012, LumiSection 7 on stream 0 at 11-Jan-2024 15:45:05.097 CET
11-Jan-2024 15:45:05 CET  Closed file root://cmsxrootd.fnal.gov//store/mc/RunIISummer20UL16MiniAODv2/DYToHppHmmTo4L_M-900_13TeV-pythia8/MINIAODSIM/106X_mcRun2_asymptotic_v17-v1/70000/DC72D5A9-1B0F-0C4C-BA46-4DF2FEC61EC7.root
11-Jan-2024 15:45:05 CET  Initiating request to open file root://cmsxrootd.fnal.gov//store/mc/RunIISummer20UL16MiniAODv2/DYToHppHmmTo4L_M-900_13TeV-pythia8/MINIAODSIM/106X_mcRun2_asymptotic_v17-v1/120000/EB8C7CAF-0159-F44A-B719-9E4773BA25DC.root
%MSG-w XrdAdaptor:  file_open 11-Jan-2024 15:45:09 CET PostProcessEvent
Data is served from T2_US_MIT instead of original site US-Regional-Nebraska
%MSG
11-Jan-2024 15:45:09 CET  Successfully opened file root://cmsxrootd.fnal.gov//store/mc/RunIISummer20UL16MiniAODv2/DYToHppHmmTo4L_M-900_13TeV-pythia8/MINIAODSIM/106X_mcRun2_asymptotic_v17-v1/120000/EB8C7CAF-0159-F44A-B719-9E4773BA25DC.root
11-Jan-2024 15:45:14 CET  Closed file root://cmsxrootd.fnal.gov//store/mc/RunIISummer20UL16MiniAODv2/DYToHppHmmTo4L_M-900_13TeV-pythia8/MINIAODSIM/106X_mcRun2_asymptotic_v17-v1/120000/EB8C7CAF-0159-F44A-B719-9E4773BA25DC.root
11-Jan-2024 15:45:14 CET  Initiating request to open file root://cmsxrootd.fnal.gov//store/mc/RunIISummer20UL16MiniAODv2/DYToHppHmmTo4L_M-900_13TeV-pythia8/MINIAODSIM/106X_mcRun2_asymptotic_v17-v1/120000/E7699752-C06A-4E4F-A14F-2E5B598A2368.root
%MSG-w XrdAdaptor:  file_open 11-Jan-2024 15:45:18 CET PostProcessEvent
Data is served from T2_US_MIT instead of original site US-Regional-Nebraska
%MSG
11-Jan-2024 15:45:18 CET  Successfully opened file root://cmsxrootd.fnal.gov//store/mc/RunIISummer20UL16MiniAODv2/DYToHppHmmTo4L_M-900_13TeV-pythia8/MINIAODSIM/106X_mcRun2_asymptotic_v17-v1/120000/E7699752-C06A-4E4F-A14F-2E5B598A2368.root
11-Jan-2024 15:45:21 CET  Closed file root://cmsxrootd.fnal.gov//store/mc/RunIISummer20UL16MiniAODv2/DYToHppHmmTo4L_M-900_13TeV-pythia8/MINIAODSIM/106X_mcRun2_asymptotic_v17-v1/120000/E7699752-C06A-4E4F-A14F-2E5B598A2368.root
11-Jan-2024 15:45:21 CET  Initiating request to open file root://cmsxrootd.fnal.gov//store/mc/RunIISummer20UL16MiniAODv2/DYToHppHmmTo4L_M-900_13TeV-pythia8/MINIAODSIM/106X_mcRun2_asymptotic_v17-v1/130000/FFF86412-CB28-A042-A29F-38784C0CEA45.root
%MSG-w XrdAdaptor:  file_open 11-Jan-2024 15:45:25 CET PostProcessEvent
Data is served from T2_US_Vanderbilt instead of original site US-Regional-Nebraska
%MSG
11-Jan-2024 15:45:26 CET  Successfully opened file root://cmsxrootd.fnal.gov//store/mc/RunIISummer20UL16MiniAODv2/DYToHppHmmTo4L_M-900_13TeV-pythia8/MINIAODSIM/106X_mcRun2_asymptotic_v17-v1/130000/FFF86412-CB28-A042-A29F-38784C0CEA45.root
11-Jan-2024 15:45:32 CET  Closed file root://cmsxrootd.fnal.gov//store/mc/RunIISummer20UL16MiniAODv2/DYToHppHmmTo4L_M-900_13TeV-pythia8/MINIAODSIM/106X_mcRun2_asymptotic_v17-v1/130000/FFF86412-CB28-A042-A29F-38784C0CEA45.root
11-Jan-2024 15:45:32 CET  Initiating request to open file root://cmsxrootd.fnal.gov//store/mc/RunIISummer20UL16MiniAODv2/DYToHppHmmTo4L_M-900_13TeV-pythia8/MINIAODSIM/106X_mcRun2_asymptotic_v17-v1/140000/24D43452-C923-F34C-A18A-8552A6483E03.root
%MSG-w XrdAdaptor:  file_open 11-Jan-2024 15:45:35 CET PostProcessEvent
Data is served from fnal.gov instead of original site US-Regional-Nebraska
%MSG
11-Jan-2024 15:45:35 CET  Successfully opened file root://cmsxrootd.fnal.gov//store/mc/RunIISummer20UL16MiniAODv2/DYToHppHmmTo4L_M-900_13TeV-pythia8/MINIAODSIM/106X_mcRun2_asymptotic_v17-v1/140000/24D43452-C923-F34C-A18A-8552A6483E03.root
11-Jan-2024 15:45:50 CET  Closed file root://cmsxrootd.fnal.gov//store/mc/RunIISummer20UL16MiniAODv2/DYToHppHmmTo4L_M-900_13TeV-pythia8/MINIAODSIM/106X_mcRun2_asymptotic_v17-v1/140000/24D43452-C923-F34C-A18A-8552A6483E03.root
11-Jan-2024 15:45:50 CET  Initiating request to open file root://cmsxrootd.fnal.gov//store/mc/RunIISummer20UL16MiniAODv2/DYToHppHmmTo4L_M-900_13TeV-pythia8/MINIAODSIM/106X_mcRun2_asymptotic_v17-v1/270000/DB38F1DD-5A99-9449-B02A-7A76FF050614.root
%MSG-w XrdAdaptor:  file_open 11-Jan-2024 15:45:53 CET PostProcessEvent
Data is served from T2_US_MIT instead of original site US-Regional-Nebraska
%MSG
11-Jan-2024 15:45:54 CET  Successfully opened file root://cmsxrootd.fnal.gov//store/mc/RunIISummer20UL16MiniAODv2/DYToHppHmmTo4L_M-900_13TeV-pythia8/MINIAODSIM/106X_mcRun2_asymptotic_v17-v1/270000/DB38F1DD-5A99-9449-B02A-7A76FF050614.root
11-Jan-2024 15:45:57 CET  Closed file root://cmsxrootd.fnal.gov//store/mc/RunIISummer20UL16MiniAODv2/DYToHppHmmTo4L_M-900_13TeV-pythia8/MINIAODSIM/106X_mcRun2_asymptotic_v17-v1/270000/DB38F1DD-5A99-9449-B02A-7A76FF050614.root

------------------------------------
GenXsecAnalyzer:
------------------------------------
Before Filter: total cross section = 6.951e-05 +- 3.485e-07 pb
Filter efficiency (taking into account weights)= (10000) / (10000) = 1.000e+00 +- 0.000e+00
Filter efficiency (event-level)= (10000) / (10000) = 1.000e+00 +- 0.000e+00    [TO BE USED IN MCM]

After filter: final cross section = 6.951e-05 +- 3.485e-07 pb
After filter: final fraction of events with negative weights = 0.000e+00 +- 0.000e+00
After filter: final equivalent lumi for 1M events (1/fb) = 1.439e+07 +- 7.357e+04

=============================================

MessageLogger Summary

 type     category        sev    module        subroutine        count    total
 ---- -------------------- -- ---------------- ----------------  -----    -----
    1 GenXSecAnalyzer      -w GenXSecAnalyzer:                       7        7
    2 XrdAdaptor           -w file_open                              6        6
    3 fileAction           -s file_close                             6        6
    4 fileAction           -s file_open                             12       12

 type    category    Examples: run/evt        run/evt          run/evt
 ---- -------------------- ---------------- ---------------- ----------------
    1 GenXSecAnalyzer      PostGlobalEndRun PostGlobalEndRun PostGlobalEndRun
    2 XrdAdaptor           pre-events       PostProcessEvent PostProcessEvent
    3 fileAction           PostProcessEvent PostProcessEvent PostGlobalEndRun
    4 fileAction           pre-events       pre-events       PostProcessEvent

Severity    # Occurrences   Total Occurrences
--------    -------------   -----------------
Warning                13                  13
System                 18                  18

dropped waiting message count 0
