15-Dec-2023 12:00:13 CET  Initiating request to open file root://cmsxrootd.fnal.gov//store/mc/RunIISummer20UL16MiniAODv2/DYToMuMu_M-800To1400_TuneCP5_13TeV-powheg-pythia8/MINIAODSIM/106X_mcRun2_asymptotic_v17-v2/2550000/1129A2DA-0A4C-8743-88CD-982538486040.root
%MSG-w XrdAdaptor:  file_open 15-Dec-2023 12:00:17 CET pre-events
Data is served from T2_US_Nebraska instead of original site US-Regional-FNAL
%MSG
15-Dec-2023 12:00:22 CET  Successfully opened file root://cmsxrootd.fnal.gov//store/mc/RunIISummer20UL16MiniAODv2/DYToMuMu_M-800To1400_TuneCP5_13TeV-powheg-pythia8/MINIAODSIM/106X_mcRun2_asymptotic_v17-v2/2550000/1129A2DA-0A4C-8743-88CD-982538486040.root
Begin processing the 1st record. Run 1, Event 4692, LumiSection 6 on stream 0 at 15-Dec-2023 12:00:27.886 CET
15-Dec-2023 12:00:28 CET  Closed file root://cmsxrootd.fnal.gov//store/mc/RunIISummer20UL16MiniAODv2/DYToMuMu_M-800To1400_TuneCP5_13TeV-powheg-pythia8/MINIAODSIM/106X_mcRun2_asymptotic_v17-v2/2550000/1129A2DA-0A4C-8743-88CD-982538486040.root
15-Dec-2023 12:00:28 CET  Initiating request to open file root://cmsxrootd.fnal.gov//store/mc/RunIISummer20UL16MiniAODv2/DYToMuMu_M-800To1400_TuneCP5_13TeV-powheg-pythia8/MINIAODSIM/106X_mcRun2_asymptotic_v17-v2/2550000/208BABC0-766E-6B43-84A0-C3702738D0A3.root
%MSG-w XrdAdaptor:  file_open 15-Dec-2023 12:00:32 CET PostProcessEvent
Data is served from T2_US_Caltech instead of original site US-Regional-FNAL
%MSG
15-Dec-2023 12:00:33 CET  Successfully opened file root://cmsxrootd.fnal.gov//store/mc/RunIISummer20UL16MiniAODv2/DYToMuMu_M-800To1400_TuneCP5_13TeV-powheg-pythia8/MINIAODSIM/106X_mcRun2_asymptotic_v17-v2/2550000/208BABC0-766E-6B43-84A0-C3702738D0A3.root
      0.017076      0.000012      1.000000         10013
 
15-Dec-2023 12:00:40 CET  Closed file root://cmsxrootd.fnal.gov//store/mc/RunIISummer20UL16MiniAODv2/DYToMuMu_M-800To1400_TuneCP5_13TeV-powheg-pythia8/MINIAODSIM/106X_mcRun2_asymptotic_v17-v2/2550000/208BABC0-766E-6B43-84A0-C3702738D0A3.root

------------------------------------
GenXsecAnalyzer:
------------------------------------
-------------------------------------------------------------------------------------------------------------------------------------------------------------------------- 
Overall cross-section summary 
--------------------------------------------------------------------------------------------------------------------------------------------------------------------------
Process		xsec_before [pb]		passed	nposw	nnegw	tried	nposw	nnegw 	xsec_match [pb]			accepted [%]	 event_eff [%]
0		1.708e-02 +/- 6.170e-06		5000	5000	0	5000	5000	0	1.708e-02 +/- 6.170e-06		100.0 +/- 0.0	100.0 +/- 0.0
-------------------------------------------------------------------------------------------------------------------------------------------------------------------------- 
Total		1.708e-02 +/- 6.170e-06		5000	5000	0	5000	5000	0	1.708e-02 +/- 6.170e-06		100.0 +/- 0.0	100.0 +/- 0.0
--------------------------------------------------------------------------------------------------------------------------------------------------------------------------
Before matching: total cross section = 1.708e-02 +- 6.170e-06 pb
After matching: total cross section = 1.708e-02 +- 6.170e-06 pb
Matching efficiency = 1.0 +/- 0.0   [TO BE USED IN MCM]
Filter efficiency (taking into account weights)= (85.3995) / (85.3995) = 1.000e+00 +- 0.000e+00
Filter efficiency (event-level)= (5000) / (5000) = 1.000e+00 +- 0.000e+00    [TO BE USED IN MCM]

After filter: final cross section = 1.708e-02 +- 6.170e-06 pb
After filter: final fraction of events with negative weights = 0.000e+00 +- 0.000e+00
After filter: final equivalent lumi for 1M events (1/fb) = 5.856e+04 +- 6.227e+01

=============================================

MessageLogger Summary

 type     category        sev    module        subroutine        count    total
 ---- -------------------- -- ---------------- ----------------  -----    -----
    1 GenXSecAnalyzer      -w GenXSecAnalyzer:                      15       15
    2 XrdAdaptor           -w file_open                              2        2
    3 fileAction           -s file_close                             2        2
    4 fileAction           -s file_open                              4        4

 type    category    Examples: run/evt        run/evt          run/evt
 ---- -------------------- ---------------- ---------------- ----------------
    1 GenXSecAnalyzer      PostGlobalEndRun PostGlobalEndRun PostGlobalEndRun
    2 XrdAdaptor           pre-events       PostProcessEvent 
    3 fileAction           PostProcessEvent PostGlobalEndRun 
    4 fileAction           pre-events       pre-events       PostProcessEvent

Severity    # Occurrences   Total Occurrences
--------    -------------   -----------------
Warning                17                  17
System                  6                   6

dropped waiting message count 0
