15-Dec-2023 11:35:34 CET  Initiating request to open file root://cmsxrootd.fnal.gov//store/mc/RunIISummer20UL16MiniAODv2/DYToHppHmmTo4L_M-300_13TeV-pythia8/MINIAODSIM/106X_mcRun2_asymptotic_v17-v1/140000/1C6DF033-9E2F-794D-A782-2CA8B90AFB05.root
Unable to load sec.protocol plugin libXrdSecztn.so
%MSG-w XrdAdaptor:  file_open 15-Dec-2023 11:35:39 CET pre-events
Data is served from fnal.gov instead of original site US-Regional-Nebraska
%MSG
15-Dec-2023 11:35:45 CET  Successfully opened file root://cmsxrootd.fnal.gov//store/mc/RunIISummer20UL16MiniAODv2/DYToHppHmmTo4L_M-300_13TeV-pythia8/MINIAODSIM/106X_mcRun2_asymptotic_v17-v1/140000/1C6DF033-9E2F-794D-A782-2CA8B90AFB05.root
Unable to load sec.protocol plugin libXrdSecztn.so
Begin processing the 1st record. Run 1, Event 2, LumiSection 1 on stream 0 at 15-Dec-2023 11:35:51.137 CET
15-Dec-2023 11:35:51 CET  Closed file root://cmsxrootd.fnal.gov//store/mc/RunIISummer20UL16MiniAODv2/DYToHppHmmTo4L_M-300_13TeV-pythia8/MINIAODSIM/106X_mcRun2_asymptotic_v17-v1/140000/1C6DF033-9E2F-794D-A782-2CA8B90AFB05.root
15-Dec-2023 11:35:51 CET  Initiating request to open file root://cmsxrootd.fnal.gov//store/mc/RunIISummer20UL16MiniAODv2/DYToHppHmmTo4L_M-300_13TeV-pythia8/MINIAODSIM/106X_mcRun2_asymptotic_v17-v1/270000/B7690842-FAF8-DD4A-AB96-F8650090C520.root
%MSG-w XrdAdaptor:  file_open 15-Dec-2023 11:35:55 CET PostProcessEvent
Data is served from T2_US_Nebraska instead of original site US-Regional-Nebraska
%MSG
15-Dec-2023 11:35:56 CET  Successfully opened file root://cmsxrootd.fnal.gov//store/mc/RunIISummer20UL16MiniAODv2/DYToHppHmmTo4L_M-300_13TeV-pythia8/MINIAODSIM/106X_mcRun2_asymptotic_v17-v1/270000/B7690842-FAF8-DD4A-AB96-F8650090C520.root
15-Dec-2023 11:36:01 CET  Closed file root://cmsxrootd.fnal.gov//store/mc/RunIISummer20UL16MiniAODv2/DYToHppHmmTo4L_M-300_13TeV-pythia8/MINIAODSIM/106X_mcRun2_asymptotic_v17-v1/270000/B7690842-FAF8-DD4A-AB96-F8650090C520.root
15-Dec-2023 11:36:01 CET  Initiating request to open file root://cmsxrootd.fnal.gov//store/mc/RunIISummer20UL16MiniAODv2/DYToHppHmmTo4L_M-300_13TeV-pythia8/MINIAODSIM/106X_mcRun2_asymptotic_v17-v1/270000/20FC7FC3-9C9F-E943-BD37-81EC044E8DFB.root
Unable to load sec.protocol plugin libXrdSecztn.so
%MSG-w XrdAdaptor:  file_open 15-Dec-2023 11:36:04 CET PostProcessEvent
Data is served from fnal.gov instead of original site US-Regional-Nebraska
%MSG
15-Dec-2023 11:36:05 CET  Successfully opened file root://cmsxrootd.fnal.gov//store/mc/RunIISummer20UL16MiniAODv2/DYToHppHmmTo4L_M-300_13TeV-pythia8/MINIAODSIM/106X_mcRun2_asymptotic_v17-v1/270000/20FC7FC3-9C9F-E943-BD37-81EC044E8DFB.root
15-Dec-2023 11:36:11 CET  Closed file root://cmsxrootd.fnal.gov//store/mc/RunIISummer20UL16MiniAODv2/DYToHppHmmTo4L_M-300_13TeV-pythia8/MINIAODSIM/106X_mcRun2_asymptotic_v17-v1/270000/20FC7FC3-9C9F-E943-BD37-81EC044E8DFB.root

------------------------------------
GenXsecAnalyzer:
------------------------------------
Before Filter: total cross section = 1.645e-02 +- 9.790e-05 pb
Filter efficiency (taking into account weights)= (10000) / (10000) = 1.000e+00 +- 0.000e+00
Filter efficiency (event-level)= (10000) / (10000) = 1.000e+00 +- 0.000e+00    [TO BE USED IN MCM]

After filter: final cross section = 1.645e-02 +- 9.790e-05 pb
After filter: final fraction of events with negative weights = 0.000e+00 +- 0.000e+00
After filter: final equivalent lumi for 1M events (1/fb) = 6.077e+04 +- 3.666e+02

=============================================

MessageLogger Summary

 type     category        sev    module        subroutine        count    total
 ---- -------------------- -- ---------------- ----------------  -----    -----
    1 GenXSecAnalyzer      -w GenXSecAnalyzer:                       7        7
    2 XrdAdaptor           -w file_open                              3        3
    3 fileAction           -s file_close                             3        3
    4 fileAction           -s file_open                              6        6

 type    category    Examples: run/evt        run/evt          run/evt
 ---- -------------------- ---------------- ---------------- ----------------
    1 GenXSecAnalyzer      PostGlobalEndRun PostGlobalEndRun PostGlobalEndRun
    2 XrdAdaptor           pre-events       PostProcessEvent PostProcessEvent
    3 fileAction           PostProcessEvent PostProcessEvent PostGlobalEndRun
    4 fileAction           pre-events       pre-events       PostProcessEvent

Severity    # Occurrences   Total Occurrences
--------    -------------   -----------------
Warning                10                  10
System                  9                   9

dropped waiting message count 0
