15-Dec-2023 11:57:22 CET  Initiating request to open file root://cmsxrootd.fnal.gov//store/mc/RunIISummer20UL16MiniAODv2/DYToMuMu_M-3500To4500_TuneCP5_13TeV-powheg-pythia8/MINIAODSIM/106X_mcRun2_asymptotic_v17-v1/2820000/1AB162A3-9F39-2844-AA35-AED08B4EF0C8.root
Unable to load sec.protocol plugin libXrdSecztn.so
%MSG-w XrdAdaptor:  file_open 15-Dec-2023 11:57:26 CET pre-events
Data is served from fnal.gov instead of original site US-Regional-FNAL
%MSG
15-Dec-2023 11:57:31 CET  Successfully opened file root://cmsxrootd.fnal.gov//store/mc/RunIISummer20UL16MiniAODv2/DYToMuMu_M-3500To4500_TuneCP5_13TeV-powheg-pythia8/MINIAODSIM/106X_mcRun2_asymptotic_v17-v1/2820000/1AB162A3-9F39-2844-AA35-AED08B4EF0C8.root
Unable to load sec.protocol plugin libXrdSecztn.so
Begin processing the 1st record. Run 1, Event 2010, LumiSection 3 on stream 0 at 15-Dec-2023 11:57:35.364 CET
15-Dec-2023 11:57:35 CET  Closed file root://cmsxrootd.fnal.gov//store/mc/RunIISummer20UL16MiniAODv2/DYToMuMu_M-3500To4500_TuneCP5_13TeV-powheg-pythia8/MINIAODSIM/106X_mcRun2_asymptotic_v17-v1/2820000/1AB162A3-9F39-2844-AA35-AED08B4EF0C8.root
15-Dec-2023 11:57:35 CET  Initiating request to open file root://cmsxrootd.fnal.gov//store/mc/RunIISummer20UL16MiniAODv2/DYToMuMu_M-3500To4500_TuneCP5_13TeV-powheg-pythia8/MINIAODSIM/106X_mcRun2_asymptotic_v17-v1/2820000/5532A785-F0BA-C746-9975-4B2F54FE4322.root
%MSG-w XrdAdaptor:  file_open 15-Dec-2023 11:57:37 CET PostProcessEvent
Data is served from fnal.gov instead of original site US-Regional-FNAL
%MSG
15-Dec-2023 11:57:38 CET  Successfully opened file root://cmsxrootd.fnal.gov//store/mc/RunIISummer20UL16MiniAODv2/DYToMuMu_M-3500To4500_TuneCP5_13TeV-powheg-pythia8/MINIAODSIM/106X_mcRun2_asymptotic_v17-v1/2820000/5532A785-F0BA-C746-9975-4B2F54FE4322.root
      0.000003      0.000000      1.000000         10013
 
15-Dec-2023 11:57:42 CET  Closed file root://cmsxrootd.fnal.gov//store/mc/RunIISummer20UL16MiniAODv2/DYToMuMu_M-3500To4500_TuneCP5_13TeV-powheg-pythia8/MINIAODSIM/106X_mcRun2_asymptotic_v17-v1/2820000/5532A785-F0BA-C746-9975-4B2F54FE4322.root

------------------------------------
GenXsecAnalyzer:
------------------------------------
-------------------------------------------------------------------------------------------------------------------------------------------------------------------------- 
Overall cross-section summary 
--------------------------------------------------------------------------------------------------------------------------------------------------------------------------
Process		xsec_before [pb]		passed	nposw	nnegw	tried	nposw	nnegw 	xsec_match [pb]			accepted [%]	 event_eff [%]
0		3.414e-06 +/- 7.453e-10		2500	2500	0	2500	2500	0	3.414e-06 +/- 7.453e-10		100.0 +/- 0.0	100.0 +/- 0.0
-------------------------------------------------------------------------------------------------------------------------------------------------------------------------- 
Total		3.414e-06 +/- 7.453e-10		2500	2500	0	2500	2500	0	3.414e-06 +/- 7.453e-10		100.0 +/- 0.0	100.0 +/- 0.0
--------------------------------------------------------------------------------------------------------------------------------------------------------------------------
Before matching: total cross section = 3.414e-06 +- 7.453e-10 pb
After matching: total cross section = 3.414e-06 +- 7.453e-10 pb
Matching efficiency = 1.0 +/- 0.0   [TO BE USED IN MCM]
Filter efficiency (taking into account weights)= (0.00853622) / (0.00853622) = 1.000e+00 +- 0.000e+00
Filter efficiency (event-level)= (2500) / (2500) = 1.000e+00 +- 0.000e+00    [TO BE USED IN MCM]

After filter: final cross section = 3.414e-06 +- 7.453e-10 pb
After filter: final fraction of events with negative weights = 0.000e+00 +- 0.000e+00
After filter: final equivalent lumi for 1M events (1/fb) = 2.929e+08 +- 2.998e+05

=============================================

MessageLogger Summary

 type     category        sev    module        subroutine        count    total
 ---- -------------------- -- ---------------- ----------------  -----    -----
    1 GenXSecAnalyzer      -w GenXSecAnalyzer:                      15       15
    2 XrdAdaptor           -w file_open                              2        2
    3 fileAction           -s file_close                             2        2
    4 fileAction           -s file_open                              4        4

 type    category    Examples: run/evt        run/evt          run/evt
 ---- -------------------- ---------------- ---------------- ----------------
    1 GenXSecAnalyzer      PostGlobalEndRun PostGlobalEndRun PostGlobalEndRun
    2 XrdAdaptor           pre-events       PostProcessEvent 
    3 fileAction           PostProcessEvent PostGlobalEndRun 
    4 fileAction           pre-events       pre-events       PostProcessEvent

Severity    # Occurrences   Total Occurrences
--------    -------------   -----------------
Warning                17                  17
System                  6                   6

dropped waiting message count 0
