09-Jan-2024 06:46:28 CET  Initiating request to open file root://cmsxrootd.fnal.gov//store/mc/RunIISummer20UL16MiniAODv2/DY1JetsToLL_M-10to50_MatchEWPDG20_TuneCP5_13TeV-madgraphMLM-pythia8/MINIAODSIM/106X_mcRun2_asymptotic_v17_ext1-v1/2520000/61D19C6C-35E3-9744-A56C-3534C084A3F6.root
%MSG-w XrdAdaptor:  file_open 09-Jan-2024 06:46:32 CET pre-events
Data is served from T2_US_Florida instead of original site US-Regional-FNAL
%MSG
09-Jan-2024 06:46:36 CET  Successfully opened file root://cmsxrootd.fnal.gov//store/mc/RunIISummer20UL16MiniAODv2/DY1JetsToLL_M-10to50_MatchEWPDG20_TuneCP5_13TeV-madgraphMLM-pythia8/MINIAODSIM/106X_mcRun2_asymptotic_v17_ext1-v1/2520000/61D19C6C-35E3-9744-A56C-3534C084A3F6.root
Begin processing the 1st record. Run 1, Event 1327039, LumiSection 322 on stream 0 at 09-Jan-2024 06:46:43.950 CET
09-Jan-2024 06:46:47 CET  Closed file root://cmsxrootd.fnal.gov//store/mc/RunIISummer20UL16MiniAODv2/DY1JetsToLL_M-10to50_MatchEWPDG20_TuneCP5_13TeV-madgraphMLM-pythia8/MINIAODSIM/106X_mcRun2_asymptotic_v17_ext1-v1/2520000/61D19C6C-35E3-9744-A56C-3534C084A3F6.root
09-Jan-2024 06:46:47 CET  Initiating request to open file root://cmsxrootd.fnal.gov//store/mc/RunIISummer20UL16MiniAODv2/DY1JetsToLL_M-10to50_MatchEWPDG20_TuneCP5_13TeV-madgraphMLM-pythia8/MINIAODSIM/106X_mcRun2_asymptotic_v17_ext1-v1/2520000/292566E8-9DD0-4D46-9750-9EF9FE88210A.root
%MSG-w XrdAdaptor:  file_open 09-Jan-2024 06:46:49 CET PostProcessEvent
Data is served from T2_US_Florida instead of original site US-Regional-FNAL
%MSG
09-Jan-2024 06:46:50 CET  Successfully opened file root://cmsxrootd.fnal.gov//store/mc/RunIISummer20UL16MiniAODv2/DY1JetsToLL_M-10to50_MatchEWPDG20_TuneCP5_13TeV-madgraphMLM-pythia8/MINIAODSIM/106X_mcRun2_asymptotic_v17_ext1-v1/2520000/292566E8-9DD0-4D46-9750-9EF9FE88210A.root
Begin processing the 100001st record. Run 1, Event 1725660, LumiSection 418 on stream 0 at 09-Jan-2024 06:46:56.088 CET
09-Jan-2024 06:46:57 CET  Closed file root://cmsxrootd.fnal.gov//store/mc/RunIISummer20UL16MiniAODv2/DY1JetsToLL_M-10to50_MatchEWPDG20_TuneCP5_13TeV-madgraphMLM-pythia8/MINIAODSIM/106X_mcRun2_asymptotic_v17_ext1-v1/2520000/292566E8-9DD0-4D46-9750-9EF9FE88210A.root
09-Jan-2024 06:46:57 CET  Initiating request to open file root://cmsxrootd.fnal.gov//store/mc/RunIISummer20UL16MiniAODv2/DY1JetsToLL_M-10to50_MatchEWPDG20_TuneCP5_13TeV-madgraphMLM-pythia8/MINIAODSIM/106X_mcRun2_asymptotic_v17_ext1-v1/2520000/BA2764C2-D5B9-DA47-AA10-DE8AE80E5FA5.root
%MSG-w XrdAdaptor:  file_open 09-Jan-2024 06:47:04 CET PostProcessEvent
Data is served from cms.rcac.purdue.edu instead of original site US-Regional-FNAL
%MSG
09-Jan-2024 06:47:04 CET  Successfully opened file root://cmsxrootd.fnal.gov//store/mc/RunIISummer20UL16MiniAODv2/DY1JetsToLL_M-10to50_MatchEWPDG20_TuneCP5_13TeV-madgraphMLM-pythia8/MINIAODSIM/106X_mcRun2_asymptotic_v17_ext1-v1/2520000/BA2764C2-D5B9-DA47-AA10-DE8AE80E5FA5.root
Begin processing the 200001st record. Run 1, Event 7930052, LumiSection 1919 on stream 0 at 09-Jan-2024 06:47:15.543 CET
09-Jan-2024 06:47:17 CET  Closed file root://cmsxrootd.fnal.gov//store/mc/RunIISummer20UL16MiniAODv2/DY1JetsToLL_M-10to50_MatchEWPDG20_TuneCP5_13TeV-madgraphMLM-pythia8/MINIAODSIM/106X_mcRun2_asymptotic_v17_ext1-v1/2520000/BA2764C2-D5B9-DA47-AA10-DE8AE80E5FA5.root
09-Jan-2024 06:47:17 CET  Initiating request to open file root://cmsxrootd.fnal.gov//store/mc/RunIISummer20UL16MiniAODv2/DY1JetsToLL_M-10to50_MatchEWPDG20_TuneCP5_13TeV-madgraphMLM-pythia8/MINIAODSIM/106X_mcRun2_asymptotic_v17_ext1-v1/2520000/26310A83-8928-8F4E-BF3B-CF02836711B1.root
%MSG-w XrdAdaptor:  file_open 09-Jan-2024 06:47:20 CET PostProcessEvent
Data is served from cms.rcac.purdue.edu instead of original site US-Regional-FNAL
%MSG
09-Jan-2024 06:47:21 CET  Successfully opened file root://cmsxrootd.fnal.gov//store/mc/RunIISummer20UL16MiniAODv2/DY1JetsToLL_M-10to50_MatchEWPDG20_TuneCP5_13TeV-madgraphMLM-pythia8/MINIAODSIM/106X_mcRun2_asymptotic_v17_ext1-v1/2520000/26310A83-8928-8F4E-BF3B-CF02836711B1.root
Begin processing the 300001st record. Run 1, Event 7912265, LumiSection 1914 on stream 0 at 09-Jan-2024 06:47:27.745 CET
09-Jan-2024 06:47:28 CET  Closed file root://cmsxrootd.fnal.gov//store/mc/RunIISummer20UL16MiniAODv2/DY1JetsToLL_M-10to50_MatchEWPDG20_TuneCP5_13TeV-madgraphMLM-pythia8/MINIAODSIM/106X_mcRun2_asymptotic_v17_ext1-v1/2520000/26310A83-8928-8F4E-BF3B-CF02836711B1.root
09-Jan-2024 06:47:28 CET  Initiating request to open file root://cmsxrootd.fnal.gov//store/mc/RunIISummer20UL16MiniAODv2/DY1JetsToLL_M-10to50_MatchEWPDG20_TuneCP5_13TeV-madgraphMLM-pythia8/MINIAODSIM/106X_mcRun2_asymptotic_v17_ext1-v1/2520000/8C9EB2A1-87DE-DB47-AAC4-45A13C5FC175.root
%MSG-w XrdAdaptor:  file_open 09-Jan-2024 06:47:31 CET PostProcessEvent
Data is served from T2_US_Florida instead of original site US-Regional-FNAL
%MSG
09-Jan-2024 06:47:32 CET  Successfully opened file root://cmsxrootd.fnal.gov//store/mc/RunIISummer20UL16MiniAODv2/DY1JetsToLL_M-10to50_MatchEWPDG20_TuneCP5_13TeV-madgraphMLM-pythia8/MINIAODSIM/106X_mcRun2_asymptotic_v17_ext1-v1/2520000/8C9EB2A1-87DE-DB47-AAC4-45A13C5FC175.root
09-Jan-2024 06:47:40 CET  Closed file root://cmsxrootd.fnal.gov//store/mc/RunIISummer20UL16MiniAODv2/DY1JetsToLL_M-10to50_MatchEWPDG20_TuneCP5_13TeV-madgraphMLM-pythia8/MINIAODSIM/106X_mcRun2_asymptotic_v17_ext1-v1/2520000/8C9EB2A1-87DE-DB47-AAC4-45A13C5FC175.root
09-Jan-2024 06:47:40 CET  Initiating request to open file root://cmsxrootd.fnal.gov//store/mc/RunIISummer20UL16MiniAODv2/DY1JetsToLL_M-10to50_MatchEWPDG20_TuneCP5_13TeV-madgraphMLM-pythia8/MINIAODSIM/106X_mcRun2_asymptotic_v17_ext1-v1/2520000/2C27B3C3-24B2-8742-ABC1-0A5B6F769132.root
%MSG-w XrdAdaptor:  file_open 09-Jan-2024 06:47:42 CET PostProcessEvent
Data is served from T2_US_Florida instead of original site US-Regional-FNAL
%MSG
09-Jan-2024 06:47:43 CET  Successfully opened file root://cmsxrootd.fnal.gov//store/mc/RunIISummer20UL16MiniAODv2/DY1JetsToLL_M-10to50_MatchEWPDG20_TuneCP5_13TeV-madgraphMLM-pythia8/MINIAODSIM/106X_mcRun2_asymptotic_v17_ext1-v1/2520000/2C27B3C3-24B2-8742-ABC1-0A5B6F769132.root
Begin processing the 400001st record. Run 1, Event 533673, LumiSection 130 on stream 0 at 09-Jan-2024 06:47:49.778 CET
09-Jan-2024 06:47:51 CET  Closed file root://cmsxrootd.fnal.gov//store/mc/RunIISummer20UL16MiniAODv2/DY1JetsToLL_M-10to50_MatchEWPDG20_TuneCP5_13TeV-madgraphMLM-pythia8/MINIAODSIM/106X_mcRun2_asymptotic_v17_ext1-v1/2520000/2C27B3C3-24B2-8742-ABC1-0A5B6F769132.root
09-Jan-2024 06:47:51 CET  Initiating request to open file root://cmsxrootd.fnal.gov//store/mc/RunIISummer20UL16MiniAODv2/DY1JetsToLL_M-10to50_MatchEWPDG20_TuneCP5_13TeV-madgraphMLM-pythia8/MINIAODSIM/106X_mcRun2_asymptotic_v17_ext1-v1/270000/0D4AFDF2-4EF8-1943-88A3-E2C1315263A0.root
Unable to load sec.protocol plugin libXrdSecztn.so
%MSG-w XrdAdaptor:  file_open 09-Jan-2024 06:47:55 CET PostProcessEvent
Data is served from fnal.gov instead of original site US-Regional-FNAL
%MSG
09-Jan-2024 06:47:55 CET  Successfully opened file root://cmsxrootd.fnal.gov//store/mc/RunIISummer20UL16MiniAODv2/DY1JetsToLL_M-10to50_MatchEWPDG20_TuneCP5_13TeV-madgraphMLM-pythia8/MINIAODSIM/106X_mcRun2_asymptotic_v17_ext1-v1/270000/0D4AFDF2-4EF8-1943-88A3-E2C1315263A0.root
Unable to load sec.protocol plugin libXrdSecztn.so
Begin processing the 500001st record. Run 1, Event 63793569, LumiSection 15432 on stream 0 at 09-Jan-2024 06:48:02.823 CET
09-Jan-2024 06:48:02 CET  Closed file root://cmsxrootd.fnal.gov//store/mc/RunIISummer20UL16MiniAODv2/DY1JetsToLL_M-10to50_MatchEWPDG20_TuneCP5_13TeV-madgraphMLM-pythia8/MINIAODSIM/106X_mcRun2_asymptotic_v17_ext1-v1/270000/0D4AFDF2-4EF8-1943-88A3-E2C1315263A0.root
09-Jan-2024 06:48:02 CET  Initiating request to open file root://cmsxrootd.fnal.gov//store/mc/RunIISummer20UL16MiniAODv2/DY1JetsToLL_M-10to50_MatchEWPDG20_TuneCP5_13TeV-madgraphMLM-pythia8/MINIAODSIM/106X_mcRun2_asymptotic_v17_ext1-v1/270000/9E8526F6-2AB9-174E-961E-09E6C05F2849.root
[2024-01-09 06:48:20.782340 +0100][Error  ][AsyncSock         ] [cmsio7.rc.ufl.edu:1094 #0.0] Socket error while handshaking: [ERROR] Socket timeout
[2024-01-09 06:48:20.782974 +0100][Error  ][PostMaster        ] [cmsio7.rc.ufl.edu:1094 #0] elapsed = 45, pConnectionWindow = 31 seconds.
%MSG-w XrdAdaptorInternal:  file_open 09-Jan-2024 06:48:38 CET PostProcessEvent
Failed to open file at URL root://cms-xrd-global.cern.ch:1094//store/mc/RunIISummer20UL16MiniAODv2/DY1JetsToLL_M-10to50_MatchEWPDG20_TuneCP5_13TeV-madgraphMLM-pythia8/MINIAODSIM/106X_mcRun2_asymptotic_v17_ext1-v1/270000/9E8526F6-2AB9-174E-961E-09E6C05F2849.root?tried=+1213cmsxrootd2.fnal.gov1213xrootd.unl.edu.
%MSG
%MSG-w XrdAdaptorInternal:  file_open 09-Jan-2024 06:48:38 CET PostProcessEvent
Failed to open file at URL root://cms-xrd-global.cern.ch:1094//store/mc/RunIISummer20UL16MiniAODv2/DY1JetsToLL_M-10to50_MatchEWPDG20_TuneCP5_13TeV-madgraphMLM-pythia8/MINIAODSIM/106X_mcRun2_asymptotic_v17_ext1-v1/270000/9E8526F6-2AB9-174E-961E-09E6C05F2849.root?tried=+1213cmsxrootd2.fnal.gov1213xrootd.unl.edu,.
%MSG
----- Begin Fatal Exception 09-Jan-2024 06:48:38 CET-----------------------
An exception of category 'FileOpenError' occurred while
   [0] Calling InputSource::readFile_
   [1] Calling RootFileSequenceBase::initTheFile()
   [2] Calling StorageFactory::open()
   [3] Calling XrdFile::open()
Exception Message:
Failed to open the file 'root://cmsxrootd.fnal.gov//store/mc/RunIISummer20UL16MiniAODv2/DY1JetsToLL_M-10to50_MatchEWPDG20_TuneCP5_13TeV-madgraphMLM-pythia8/MINIAODSIM/106X_mcRun2_asymptotic_v17_ext1-v1/270000/9E8526F6-2AB9-174E-961E-09E6C05F2849.root'
   Additional Info:
      [a] Input file root://cmsxrootd.fnal.gov//store/mc/RunIISummer20UL16MiniAODv2/DY1JetsToLL_M-10to50_MatchEWPDG20_TuneCP5_13TeV-madgraphMLM-pythia8/MINIAODSIM/106X_mcRun2_asymptotic_v17_ext1-v1/270000/9E8526F6-2AB9-174E-961E-09E6C05F2849.root could not be opened.
      [b] XrdCl::File::Open(name='root://cmsxrootd.fnal.gov//store/mc/RunIISummer20UL16MiniAODv2/DY1JetsToLL_M-10to50_MatchEWPDG20_TuneCP5_13TeV-madgraphMLM-pythia8/MINIAODSIM/106X_mcRun2_asymptotic_v17_ext1-v1/270000/9E8526F6-2AB9-174E-961E-09E6C05F2849.root', flags=0x10, permissions=0660) => error '[ERROR] Server responded with an error: [3011] No servers are available to read the file.
' (errno=3011, code=400). No additional data servers were found.
      [c] Last URL tried: root://cms-xrd-global.cern.ch:1094//store/mc/RunIISummer20UL16MiniAODv2/DY1JetsToLL_M-10to50_MatchEWPDG20_TuneCP5_13TeV-madgraphMLM-pythia8/MINIAODSIM/106X_mcRun2_asymptotic_v17_ext1-v1/270000/9E8526F6-2AB9-174E-961E-09E6C05F2849.root?tried=+1213cmsxrootd2.fnal.gov1213xrootd.unl.edu,
      [d] Problematic data server: cms-xrd-global.cern.ch:1094
      [e] Disabled source: cms-xrd-global.cern.ch:1094
----- End Fatal Exception -------------------------------------------------
   2256.829000     12.266480      0.397049             1
 

------------------------------------
GenXsecAnalyzer:
------------------------------------
-------------------------------------------------------------------------------------------------------------------------------------------------------------------------- 
Overall cross-section summary 
--------------------------------------------------------------------------------------------------------------------------------------------------------------------------
Process		xsec_before [pb]		passed	nposw	nnegw	tried	nposw	nnegw 	xsec_match [pb]			accepted [%]	 event_eff [%]
0		2.269e+03 +/- 3.328e-01		501578	501578	0	2013258	2013258	0	5.653e+02 +/- 6.966e-01		24.9 +/- 0.0	24.9 +/- 0.0
-------------------------------------------------------------------------------------------------------------------------------------------------------------------------- 
Total		2.269e+03 +/- 3.328e-01		501578	501578	0	2013258	2013258	0	5.653e+02 +/- 6.966e-01		24.9 +/- 0.0	24.9 +/- 0.0
--------------------------------------------------------------------------------------------------------------------------------------------------------------------------
Before matching: total cross section = 2.269e+03 +- 3.328e-01 pb
After matching: total cross section = 5.653e+02 +- 6.966e-01 pb
Matching efficiency = 0.2 +/- 0.0   [TO BE USED IN MCM]
Filter efficiency (taking into account weights)= (501578) / (501578) = 1.000e+00 +- 0.000e+00
Filter efficiency (event-level)= (501578) / (501578) = 1.000e+00 +- 0.000e+00    [TO BE USED IN MCM]

After filter: final cross section = 5.653e+02 +- 6.966e-01 pb
After filter: final fraction of events with negative weights = 0.000e+00 +- 0.000e+00
After filter: final equivalent lumi for 1M events (1/fb) = 1.769e+00 +- 2.808e-03

=============================================

MessageLogger Summary

 type     category        sev    module        subroutine        count    total
 ---- -------------------- -- ---------------- ----------------  -----    -----
    1 GenXSecAnalyzer      -w GenXSecAnalyzer:                      15       15
    2 XrdAdaptor           -w file_open                              7        7
    3 XrdAdaptorInternal   -w file_open                              2        2
    4 Fatal Exception      -s AfterFile                              1        1
    5 fileAction           -s file_close                             7        7
    6 fileAction           -s file_open                             15       15

 type    category    Examples: run/evt        run/evt          run/evt
 ---- -------------------- ---------------- ---------------- ----------------
    1 GenXSecAnalyzer      PostGlobalEndRun PostGlobalEndRun PostGlobalEndRun
    2 XrdAdaptor           pre-events       PostProcessEvent PostProcessEvent
    3 XrdAdaptorInternal   PostProcessEvent PostProcessEvent 
    4 Fatal Exception      PostProcessEvent                  
    5 fileAction           PostProcessEvent PostProcessEvent PostProcessEvent
    6 fileAction           pre-events       pre-events       PostProcessEvent

Severity    # Occurrences   Total Occurrences
--------    -------------   -----------------
Warning                24                  24
System                 23                  23

dropped waiting message count 0
