10-Jan-2024 00:55:07 CET  Initiating request to open file root://cmsxrootd.fnal.gov//store/mc/RunIISummer20UL16MiniAODv2/DYJetsToLL_2J_MLL_4500_6000_TuneCP5_13TeV-amcatnloFXFX-pythia8/MINIAODSIM/106X_mcRun2_asymptotic_v17-v4/40000/592B5417-0FB3-9541-A799-86C0A262607F.root
%MSG-w XrdAdaptor:  file_open 10-Jan-2024 00:55:12 CET pre-events
Data is served from T2_US_Nebraska instead of original site US-Regional-Nebraska
%MSG
10-Jan-2024 00:55:15 CET  Successfully opened file root://cmsxrootd.fnal.gov//store/mc/RunIISummer20UL16MiniAODv2/DYJetsToLL_2J_MLL_4500_6000_TuneCP5_13TeV-amcatnloFXFX-pythia8/MINIAODSIM/106X_mcRun2_asymptotic_v17-v4/40000/592B5417-0FB3-9541-A799-86C0A262607F.root
Begin processing the 1st record. Run 1, Event 40, LumiSection 1 on stream 0 at 10-Jan-2024 00:55:25.401 CET
10-Jan-2024 00:55:26 CET  Closed file root://cmsxrootd.fnal.gov//store/mc/RunIISummer20UL16MiniAODv2/DYJetsToLL_2J_MLL_4500_6000_TuneCP5_13TeV-amcatnloFXFX-pythia8/MINIAODSIM/106X_mcRun2_asymptotic_v17-v4/40000/592B5417-0FB3-9541-A799-86C0A262607F.root
10-Jan-2024 00:55:26 CET  Initiating request to open file root://cmsxrootd.fnal.gov//store/mc/RunIISummer20UL16MiniAODv2/DYJetsToLL_2J_MLL_4500_6000_TuneCP5_13TeV-amcatnloFXFX-pythia8/MINIAODSIM/106X_mcRun2_asymptotic_v17-v4/40000/1238687B-1357-A848-9C4A-072AF9FACDF9.root
%MSG-w XrdAdaptor:  file_open 10-Jan-2024 00:55:29 CET PostProcessEvent
Data is served from T2_US_Nebraska instead of original site US-Regional-Nebraska
%MSG
10-Jan-2024 00:55:30 CET  Successfully opened file root://cmsxrootd.fnal.gov//store/mc/RunIISummer20UL16MiniAODv2/DYJetsToLL_2J_MLL_4500_6000_TuneCP5_13TeV-amcatnloFXFX-pythia8/MINIAODSIM/106X_mcRun2_asymptotic_v17-v4/40000/1238687B-1357-A848-9C4A-072AF9FACDF9.root
10-Jan-2024 00:55:34 CET  Closed file root://cmsxrootd.fnal.gov//store/mc/RunIISummer20UL16MiniAODv2/DYJetsToLL_2J_MLL_4500_6000_TuneCP5_13TeV-amcatnloFXFX-pythia8/MINIAODSIM/106X_mcRun2_asymptotic_v17-v4/40000/1238687B-1357-A848-9C4A-072AF9FACDF9.root
10-Jan-2024 00:55:34 CET  Initiating request to open file root://cmsxrootd.fnal.gov//store/mc/RunIISummer20UL16MiniAODv2/DYJetsToLL_2J_MLL_4500_6000_TuneCP5_13TeV-amcatnloFXFX-pythia8/MINIAODSIM/106X_mcRun2_asymptotic_v17-v4/40000/D1882C56-4351-C44E-8205-C12A17A03026.root
%MSG-w XrdAdaptor:  file_open 10-Jan-2024 00:55:38 CET PostProcessEvent
Data is served from T2_US_Nebraska instead of original site US-Regional-Nebraska
%MSG
10-Jan-2024 00:55:39 CET  Successfully opened file root://cmsxrootd.fnal.gov//store/mc/RunIISummer20UL16MiniAODv2/DYJetsToLL_2J_MLL_4500_6000_TuneCP5_13TeV-amcatnloFXFX-pythia8/MINIAODSIM/106X_mcRun2_asymptotic_v17-v4/40000/D1882C56-4351-C44E-8205-C12A17A03026.root
10-Jan-2024 00:55:44 CET  Closed file root://cmsxrootd.fnal.gov//store/mc/RunIISummer20UL16MiniAODv2/DYJetsToLL_2J_MLL_4500_6000_TuneCP5_13TeV-amcatnloFXFX-pythia8/MINIAODSIM/106X_mcRun2_asymptotic_v17-v4/40000/D1882C56-4351-C44E-8205-C12A17A03026.root
10-Jan-2024 00:55:44 CET  Initiating request to open file root://cmsxrootd.fnal.gov//store/mc/RunIISummer20UL16MiniAODv2/DYJetsToLL_2J_MLL_4500_6000_TuneCP5_13TeV-amcatnloFXFX-pythia8/MINIAODSIM/106X_mcRun2_asymptotic_v17-v4/40000/CC1843BC-3070-2F4D-93DE-3E056022D555.root
%MSG-w XrdAdaptor:  file_open 10-Jan-2024 00:55:47 CET PostProcessEvent
Data is served from T2_US_Nebraska instead of original site US-Regional-Nebraska
%MSG
10-Jan-2024 00:55:48 CET  Successfully opened file root://cmsxrootd.fnal.gov//store/mc/RunIISummer20UL16MiniAODv2/DYJetsToLL_2J_MLL_4500_6000_TuneCP5_13TeV-amcatnloFXFX-pythia8/MINIAODSIM/106X_mcRun2_asymptotic_v17-v4/40000/CC1843BC-3070-2F4D-93DE-3E056022D555.root
10-Jan-2024 00:55:53 CET  Closed file root://cmsxrootd.fnal.gov//store/mc/RunIISummer20UL16MiniAODv2/DYJetsToLL_2J_MLL_4500_6000_TuneCP5_13TeV-amcatnloFXFX-pythia8/MINIAODSIM/106X_mcRun2_asymptotic_v17-v4/40000/CC1843BC-3070-2F4D-93DE-3E056022D555.root
10-Jan-2024 00:55:53 CET  Initiating request to open file root://cmsxrootd.fnal.gov//store/mc/RunIISummer20UL16MiniAODv2/DYJetsToLL_2J_MLL_4500_6000_TuneCP5_13TeV-amcatnloFXFX-pythia8/MINIAODSIM/106X_mcRun2_asymptotic_v17-v4/40000/94D1218F-B322-6A44-8C5C-8E53A715BB25.root
%MSG-w XrdAdaptor:  file_open 10-Jan-2024 00:55:56 CET PostProcessEvent
Data is served from T2_US_Nebraska instead of original site US-Regional-Nebraska
%MSG
10-Jan-2024 00:55:56 CET  Successfully opened file root://cmsxrootd.fnal.gov//store/mc/RunIISummer20UL16MiniAODv2/DYJetsToLL_2J_MLL_4500_6000_TuneCP5_13TeV-amcatnloFXFX-pythia8/MINIAODSIM/106X_mcRun2_asymptotic_v17-v4/40000/94D1218F-B322-6A44-8C5C-8E53A715BB25.root
10-Jan-2024 00:56:01 CET  Closed file root://cmsxrootd.fnal.gov//store/mc/RunIISummer20UL16MiniAODv2/DYJetsToLL_2J_MLL_4500_6000_TuneCP5_13TeV-amcatnloFXFX-pythia8/MINIAODSIM/106X_mcRun2_asymptotic_v17-v4/40000/94D1218F-B322-6A44-8C5C-8E53A715BB25.root
10-Jan-2024 00:56:01 CET  Initiating request to open file root://cmsxrootd.fnal.gov//store/mc/RunIISummer20UL16MiniAODv2/DYJetsToLL_2J_MLL_4500_6000_TuneCP5_13TeV-amcatnloFXFX-pythia8/MINIAODSIM/106X_mcRun2_asymptotic_v17-v4/40000/CFADB158-5D49-3C4F-9397-930563D9FB18.root
%MSG-w XrdAdaptor:  file_open 10-Jan-2024 00:56:04 CET PostProcessEvent
Data is served from T2_US_Nebraska instead of original site US-Regional-Nebraska
%MSG
10-Jan-2024 00:56:05 CET  Successfully opened file root://cmsxrootd.fnal.gov//store/mc/RunIISummer20UL16MiniAODv2/DYJetsToLL_2J_MLL_4500_6000_TuneCP5_13TeV-amcatnloFXFX-pythia8/MINIAODSIM/106X_mcRun2_asymptotic_v17-v4/40000/CFADB158-5D49-3C4F-9397-930563D9FB18.root
      0.000001      0.000000      0.000003             0
 
10-Jan-2024 00:56:09 CET  Closed file root://cmsxrootd.fnal.gov//store/mc/RunIISummer20UL16MiniAODv2/DYJetsToLL_2J_MLL_4500_6000_TuneCP5_13TeV-amcatnloFXFX-pythia8/MINIAODSIM/106X_mcRun2_asymptotic_v17-v4/40000/CFADB158-5D49-3C4F-9397-930563D9FB18.root

------------------------------------
GenXsecAnalyzer:
------------------------------------
-------------------------------------------------------------------------------------------------------------------------------------------------------------------------- 
Overall cross-section summary 
--------------------------------------------------------------------------------------------------------------------------------------------------------------------------
Process		xsec_before [pb]		passed	nposw	nnegw	tried	nposw	nnegw 	xsec_match [pb]			accepted [%]	 event_eff [%]
0		6.226e-07 +/- 1.139e-09		24877	16031	8846	74901	45658	29243	2.725e-07 +/- 5.035e-09		43.8 +/- 0.8	33.2 +/- 0.2
-------------------------------------------------------------------------------------------------------------------------------------------------------------------------- 
Total		6.226e-07 +/- 1.139e-09		24877	16031	8846	74901	45658	29243	2.725e-07 +/- 5.035e-09		43.8 +/- 0.8	33.2 +/- 0.2
--------------------------------------------------------------------------------------------------------------------------------------------------------------------------
Before matching: total cross section = 6.226e-07 +- 1.139e-09 pb
After matching: total cross section = 2.725e-07 +- 5.035e-09 pb
Matching efficiency = 0.3 +/- 0.0   [TO BE USED IN MCM]
Filter efficiency (taking into account weights)= (0.0208102) / (0.0208102) = 1.000e+00 +- 0.000e+00
Filter efficiency (event-level)= (24877) / (24877) = 1.000e+00 +- 0.000e+00    [TO BE USED IN MCM]

After filter: final cross section = 2.725e-07 +- 5.035e-09 pb
After filter: final fraction of events with negative weights = 3.556e-01 +- 1.079e-03
After filter: final equivalent lumi for 1M events (1/fb) = 3.061e+08 +- 2.103e+06

=============================================

MessageLogger Summary

 type     category        sev    module        subroutine        count    total
 ---- -------------------- -- ---------------- ----------------  -----    -----
    1 GenXSecAnalyzer      -w GenXSecAnalyzer:                      15       15
    2 XrdAdaptor           -w file_open                              6        6
    3 fileAction           -s file_close                             6        6
    4 fileAction           -s file_open                             12       12

 type    category    Examples: run/evt        run/evt          run/evt
 ---- -------------------- ---------------- ---------------- ----------------
    1 GenXSecAnalyzer      PostGlobalEndRun PostGlobalEndRun PostGlobalEndRun
    2 XrdAdaptor           pre-events       PostProcessEvent PostProcessEvent
    3 fileAction           PostProcessEvent PostProcessEvent PostGlobalEndRun
    4 fileAction           pre-events       pre-events       PostProcessEvent

Severity    # Occurrences   Total Occurrences
--------    -------------   -----------------
Warning                21                  21
System                 18                  18

dropped waiting message count 0
[2024-01-10 00:56:10.040744 +0100][Error  ][AsyncSock         ] [red-xfer1.unl.edu:1094 #0.0] Socket error encountered: [ERROR] Invalid operation
[2024-01-10 00:56:10.040863 +0100][Error  ][XRootD            ] [red-xfer1.unl.edu:1094] Impossible to send message kXR_close (handle: 0x00000000). Trying to recover.
[2024-01-10 00:56:10.040872 +0100][Error  ][XRootD            ] [red-xfer1.unl.edu:1094] Unable to get the response to request kXR_close (handle: 0x00000000)
[2024-01-10 00:56:10.040886 +0100][Error  ][AsyncSock         ] [red-xfer8.unl.edu:1094 #0.0] Socket error encountered: [ERROR] Invalid operation
[2024-01-10 00:56:10.040905 +0100][Error  ][XRootD            ] [red-xfer8.unl.edu:1094] Impossible to send message kXR_close (handle: 0x00000000). Trying to recover.
[2024-01-10 00:56:10.040908 +0100][Error  ][XRootD            ] [red-xfer8.unl.edu:1094] Unable to get the response to request kXR_close (handle: 0x00000000)
