15-Dec-2023 11:33:29 CET  Initiating request to open file root://cmsxrootd.fnal.gov//store/mc/RunIISummer20UL16MiniAODv2/DYToHppHmmTo4L_M-1100_13TeV-pythia8/MINIAODSIM/106X_mcRun2_asymptotic_v17-v1/270000/E616AB79-9AC6-6A41-9BFC-93DBD1579A0A.root
Unable to load sec.protocol plugin libXrdSecztn.so
%MSG-w XrdAdaptor:  file_open 15-Dec-2023 11:33:33 CET pre-events
Data is served from fnal.gov instead of original site US-Regional-FNAL
%MSG
15-Dec-2023 11:33:39 CET  Successfully opened file root://cmsxrootd.fnal.gov//store/mc/RunIISummer20UL16MiniAODv2/DYToHppHmmTo4L_M-1100_13TeV-pythia8/MINIAODSIM/106X_mcRun2_asymptotic_v17-v1/270000/E616AB79-9AC6-6A41-9BFC-93DBD1579A0A.root
Unable to load sec.protocol plugin libXrdSecztn.so
Begin processing the 1st record. Run 1, Event 7015, LumiSection 8 on stream 0 at 15-Dec-2023 11:33:44.215 CET
15-Dec-2023 11:33:44 CET  Closed file root://cmsxrootd.fnal.gov//store/mc/RunIISummer20UL16MiniAODv2/DYToHppHmmTo4L_M-1100_13TeV-pythia8/MINIAODSIM/106X_mcRun2_asymptotic_v17-v1/270000/E616AB79-9AC6-6A41-9BFC-93DBD1579A0A.root
15-Dec-2023 11:33:44 CET  Initiating request to open file root://cmsxrootd.fnal.gov//store/mc/RunIISummer20UL16MiniAODv2/DYToHppHmmTo4L_M-1100_13TeV-pythia8/MINIAODSIM/106X_mcRun2_asymptotic_v17-v1/280000/37100CF3-2FBF-434D-AA65-F02C90983C0C.root
Unable to load sec.protocol plugin libXrdSecztn.so
%MSG-w XrdAdaptor:  file_open 15-Dec-2023 11:33:47 CET PostProcessEvent
Data is served from fnal.gov instead of original site US-Regional-FNAL
%MSG
15-Dec-2023 11:33:48 CET  Successfully opened file root://cmsxrootd.fnal.gov//store/mc/RunIISummer20UL16MiniAODv2/DYToHppHmmTo4L_M-1100_13TeV-pythia8/MINIAODSIM/106X_mcRun2_asymptotic_v17-v1/280000/37100CF3-2FBF-434D-AA65-F02C90983C0C.root
15-Dec-2023 11:33:52 CET  Closed file root://cmsxrootd.fnal.gov//store/mc/RunIISummer20UL16MiniAODv2/DYToHppHmmTo4L_M-1100_13TeV-pythia8/MINIAODSIM/106X_mcRun2_asymptotic_v17-v1/280000/37100CF3-2FBF-434D-AA65-F02C90983C0C.root
15-Dec-2023 11:33:52 CET  Initiating request to open file root://cmsxrootd.fnal.gov//store/mc/RunIISummer20UL16MiniAODv2/DYToHppHmmTo4L_M-1100_13TeV-pythia8/MINIAODSIM/106X_mcRun2_asymptotic_v17-v1/140000/F9FBE06D-9AED-C640-8799-80DE27294564.root
Unable to load sec.protocol plugin libXrdSecztn.so
%MSG-w XrdAdaptor:  file_open 15-Dec-2023 11:33:55 CET PostProcessEvent
Data is served from fnal.gov instead of original site US-Regional-FNAL
%MSG
15-Dec-2023 11:33:56 CET  Successfully opened file root://cmsxrootd.fnal.gov//store/mc/RunIISummer20UL16MiniAODv2/DYToHppHmmTo4L_M-1100_13TeV-pythia8/MINIAODSIM/106X_mcRun2_asymptotic_v17-v1/140000/F9FBE06D-9AED-C640-8799-80DE27294564.root
15-Dec-2023 11:34:02 CET  Closed file root://cmsxrootd.fnal.gov//store/mc/RunIISummer20UL16MiniAODv2/DYToHppHmmTo4L_M-1100_13TeV-pythia8/MINIAODSIM/106X_mcRun2_asymptotic_v17-v1/140000/F9FBE06D-9AED-C640-8799-80DE27294564.root
15-Dec-2023 11:34:02 CET  Initiating request to open file root://cmsxrootd.fnal.gov//store/mc/RunIISummer20UL16MiniAODv2/DYToHppHmmTo4L_M-1100_13TeV-pythia8/MINIAODSIM/106X_mcRun2_asymptotic_v17-v1/280000/A11F243C-A97C-4848-8A98-F23F52798975.root
%MSG-w XrdAdaptor:  file_open 15-Dec-2023 11:34:04 CET PostProcessEvent
Data is served from fnal.gov instead of original site US-Regional-FNAL
%MSG
15-Dec-2023 11:34:05 CET  Successfully opened file root://cmsxrootd.fnal.gov//store/mc/RunIISummer20UL16MiniAODv2/DYToHppHmmTo4L_M-1100_13TeV-pythia8/MINIAODSIM/106X_mcRun2_asymptotic_v17-v1/280000/A11F243C-A97C-4848-8A98-F23F52798975.root
15-Dec-2023 11:34:08 CET  Closed file root://cmsxrootd.fnal.gov//store/mc/RunIISummer20UL16MiniAODv2/DYToHppHmmTo4L_M-1100_13TeV-pythia8/MINIAODSIM/106X_mcRun2_asymptotic_v17-v1/280000/A11F243C-A97C-4848-8A98-F23F52798975.root

------------------------------------
GenXsecAnalyzer:
------------------------------------
Before Filter: total cross section = 1.828e-05 +- 8.961e-08 pb
Filter efficiency (taking into account weights)= (10000) / (10000) = 1.000e+00 +- 0.000e+00
Filter efficiency (event-level)= (10000) / (10000) = 1.000e+00 +- 0.000e+00    [TO BE USED IN MCM]

After filter: final cross section = 1.828e-05 +- 8.961e-08 pb
After filter: final fraction of events with negative weights = 0.000e+00 +- 0.000e+00
After filter: final equivalent lumi for 1M events (1/fb) = 5.470e+07 +- 2.736e+05

=============================================

MessageLogger Summary

 type     category        sev    module        subroutine        count    total
 ---- -------------------- -- ---------------- ----------------  -----    -----
    1 GenXSecAnalyzer      -w GenXSecAnalyzer:                       7        7
    2 XrdAdaptor           -w file_open                              4        4
    3 fileAction           -s file_close                             4        4
    4 fileAction           -s file_open                              8        8

 type    category    Examples: run/evt        run/evt          run/evt
 ---- -------------------- ---------------- ---------------- ----------------
    1 GenXSecAnalyzer      PostGlobalEndRun PostGlobalEndRun PostGlobalEndRun
    2 XrdAdaptor           pre-events       PostProcessEvent PostProcessEvent
    3 fileAction           PostProcessEvent PostProcessEvent PostGlobalEndRun
    4 fileAction           pre-events       pre-events       PostProcessEvent

Severity    # Occurrences   Total Occurrences
--------    -------------   -----------------
Warning                11                  11
System                 12                  12

dropped waiting message count 0
