09-Jan-2024 12:54:07 CET  Initiating request to open file root://cmsxrootd.fnal.gov//store/mc/RunIISummer20UL16MiniAODv2/DYJetsToLL_0J_MLL_4500_6000_TuneCP5_13TeV-amcatnloFXFX-pythia8/MINIAODSIM/106X_mcRun2_asymptotic_v17-v3/40000/E23BEFA5-8430-BB43-9DA3-F60345D53ECD.root
%MSG-w XrdAdaptor:  file_open 09-Jan-2024 12:54:10 CET pre-events
Data is served from T2_US_Vanderbilt instead of original site US-Regional-Nebraska
%MSG
09-Jan-2024 12:54:14 CET  Successfully opened file root://cmsxrootd.fnal.gov//store/mc/RunIISummer20UL16MiniAODv2/DYJetsToLL_0J_MLL_4500_6000_TuneCP5_13TeV-amcatnloFXFX-pythia8/MINIAODSIM/106X_mcRun2_asymptotic_v17-v3/40000/E23BEFA5-8430-BB43-9DA3-F60345D53ECD.root
Begin processing the 1st record. Run 1, Event 49120, LumiSection 20 on stream 0 at 09-Jan-2024 12:54:20.394 CET
09-Jan-2024 12:54:20 CET  Closed file root://cmsxrootd.fnal.gov//store/mc/RunIISummer20UL16MiniAODv2/DYJetsToLL_0J_MLL_4500_6000_TuneCP5_13TeV-amcatnloFXFX-pythia8/MINIAODSIM/106X_mcRun2_asymptotic_v17-v3/40000/E23BEFA5-8430-BB43-9DA3-F60345D53ECD.root
09-Jan-2024 12:54:20 CET  Initiating request to open file root://cmsxrootd.fnal.gov//store/mc/RunIISummer20UL16MiniAODv2/DYJetsToLL_0J_MLL_4500_6000_TuneCP5_13TeV-amcatnloFXFX-pythia8/MINIAODSIM/106X_mcRun2_asymptotic_v17-v3/40000/7B69C5FF-9B9F-5743-AE77-5DA8285A6CAB.root
%MSG-w XrdAdaptorInternal:  file_open 09-Jan-2024 12:55:47 CET PostProcessEvent
Failed to open file at URL root://cms-xrd-global.cern.ch:1094//store/mc/RunIISummer20UL16MiniAODv2/DYJetsToLL_0J_MLL_4500_6000_TuneCP5_13TeV-amcatnloFXFX-pythia8/MINIAODSIM/106X_mcRun2_asymptotic_v17-v3/40000/7B69C5FF-9B9F-5743-AE77-5DA8285A6CAB.root?tried=+1213cmsxrootd2.fnal.gov1213xrootd.unl.edu.
%MSG
%MSG-w XrdAdaptorInternal:  file_open 09-Jan-2024 12:55:47 CET PostProcessEvent
Failed to open file at URL root://cms-xrd-global.cern.ch:1094//store/mc/RunIISummer20UL16MiniAODv2/DYJetsToLL_0J_MLL_4500_6000_TuneCP5_13TeV-amcatnloFXFX-pythia8/MINIAODSIM/106X_mcRun2_asymptotic_v17-v3/40000/7B69C5FF-9B9F-5743-AE77-5DA8285A6CAB.root?tried=+1213cmsxrootd2.fnal.gov1213xrootd.unl.edu,.
%MSG
----- Begin Fatal Exception 09-Jan-2024 12:55:47 CET-----------------------
An exception of category 'FileOpenError' occurred while
   [0] Calling InputSource::readFile_
   [1] Calling RootFileSequenceBase::initTheFile()
   [2] Calling StorageFactory::open()
   [3] Calling XrdFile::open()
Exception Message:
Failed to open the file 'root://cmsxrootd.fnal.gov//store/mc/RunIISummer20UL16MiniAODv2/DYJetsToLL_0J_MLL_4500_6000_TuneCP5_13TeV-amcatnloFXFX-pythia8/MINIAODSIM/106X_mcRun2_asymptotic_v17-v3/40000/7B69C5FF-9B9F-5743-AE77-5DA8285A6CAB.root'
   Additional Info:
      [a] Input file root://cmsxrootd.fnal.gov//store/mc/RunIISummer20UL16MiniAODv2/DYJetsToLL_0J_MLL_4500_6000_TuneCP5_13TeV-amcatnloFXFX-pythia8/MINIAODSIM/106X_mcRun2_asymptotic_v17-v3/40000/7B69C5FF-9B9F-5743-AE77-5DA8285A6CAB.root could not be opened.
      [b] XrdCl::File::Open(name='root://cmsxrootd.fnal.gov//store/mc/RunIISummer20UL16MiniAODv2/DYJetsToLL_0J_MLL_4500_6000_TuneCP5_13TeV-amcatnloFXFX-pythia8/MINIAODSIM/106X_mcRun2_asymptotic_v17-v3/40000/7B69C5FF-9B9F-5743-AE77-5DA8285A6CAB.root', flags=0x10, permissions=0660) => error '[ERROR] Server responded with an error: [3011] No servers are available to read the file.
' (errno=3011, code=400). No additional data servers were found.
      [c] Last URL tried: root://cms-xrd-global.cern.ch:1094//store/mc/RunIISummer20UL16MiniAODv2/DYJetsToLL_0J_MLL_4500_6000_TuneCP5_13TeV-amcatnloFXFX-pythia8/MINIAODSIM/106X_mcRun2_asymptotic_v17-v3/40000/7B69C5FF-9B9F-5743-AE77-5DA8285A6CAB.root?tried=+1213cmsxrootd2.fnal.gov1213xrootd.unl.edu,
      [d] Problematic data server: cms-xrd-global.cern.ch:1094
      [e] Disabled source: cms-xrd-global.cern.ch:1094
----- End Fatal Exception -------------------------------------------------
      0.000001      0.000000      0.000001             0
 

------------------------------------
GenXsecAnalyzer:
------------------------------------
-------------------------------------------------------------------------------------------------------------------------------------------------------------------------- 
Overall cross-section summary 
--------------------------------------------------------------------------------------------------------------------------------------------------------------------------
Process		xsec_before [pb]		passed	nposw	nnegw	tried	nposw	nnegw 	xsec_match [pb]			accepted [%]	 event_eff [%]
0		1.053e-06 +/- 4.850e-10		1793	1750	43	5168	4890	278	3.898e-07 +/- 7.825e-09		37.0 +/- 0.7	34.7 +/- 0.7
-------------------------------------------------------------------------------------------------------------------------------------------------------------------------- 
Total		1.053e-06 +/- 4.850e-10		1793	1750	43	5168	4890	278	3.898e-07 +/- 7.825e-09		37.0 +/- 0.7	34.7 +/- 0.7
--------------------------------------------------------------------------------------------------------------------------------------------------------------------------
Before matching: total cross section = 1.053e-06 +- 4.850e-10 pb
After matching: total cross section = 3.898e-07 +- 7.825e-09 pb
Matching efficiency = 0.3 +/- 0.0   [TO BE USED IN MCM]
Filter efficiency (taking into account weights)= (0.00198717) / (0.00198717) = 1.000e+00 +- 0.000e+00
Filter efficiency (event-level)= (1793) / (1793) = 1.000e+00 +- 0.000e+00    [TO BE USED IN MCM]

After filter: final cross section = 3.898e-07 +- 7.825e-09 pb
After filter: final fraction of events with negative weights = 2.398e-02 +- 8.665e-05
After filter: final equivalent lumi for 1M events (1/fb) = 2.325e+09 +- 4.450e+07

=============================================

MessageLogger Summary

 type     category        sev    module        subroutine        count    total
 ---- -------------------- -- ---------------- ----------------  -----    -----
    1 GenXSecAnalyzer      -w GenXSecAnalyzer:                      15       15
    2 XrdAdaptor           -w file_open                              1        1
    3 XrdAdaptorInternal   -w file_open                              2        2
    4 Fatal Exception      -s AfterFile                              1        1
    5 fileAction           -s file_close                             1        1
    6 fileAction           -s file_open                              3        3

 type    category    Examples: run/evt        run/evt          run/evt
 ---- -------------------- ---------------- ---------------- ----------------
    1 GenXSecAnalyzer      PostGlobalEndRun PostGlobalEndRun PostGlobalEndRun
    2 XrdAdaptor           pre-events                        
    3 XrdAdaptorInternal   PostProcessEvent PostProcessEvent 
    4 Fatal Exception      PostProcessEvent                  
    5 fileAction           PostProcessEvent                  
    6 fileAction           pre-events       pre-events       PostProcessEvent

Severity    # Occurrences   Total Occurrences
--------    -------------   -----------------
Warning                18                  18
System                  5                   5

dropped waiting message count 0
