10-Jan-2024 07:28:41 CET  Initiating request to open file root://cmsxrootd.fnal.gov//store/mc/RunIISummer20UL16MiniAODv2/DYJetsToLL_M-4to50_HT-400to600_TuneCP5_13TeV-madgraphMLM-pythia8/MINIAODSIM/106X_mcRun2_asymptotic_v17-v2/70000/8D63B5E8-6D3D-2047-B53A-D07DB1A76938.root
Unable to load sec.protocol plugin libXrdSecztn.so
%MSG-w XrdAdaptor:  file_open 10-Jan-2024 07:28:45 CET pre-events
Data is served from fnal.gov instead of original site US-Regional-Nebraska
%MSG
10-Jan-2024 07:28:49 CET  Successfully opened file root://cmsxrootd.fnal.gov//store/mc/RunIISummer20UL16MiniAODv2/DYJetsToLL_M-4to50_HT-400to600_TuneCP5_13TeV-madgraphMLM-pythia8/MINIAODSIM/106X_mcRun2_asymptotic_v17-v2/70000/8D63B5E8-6D3D-2047-B53A-D07DB1A76938.root
Unable to load sec.protocol plugin libXrdSecztn.so
Begin processing the 1st record. Run 1, Event 3913370, LumiSection 946 on stream 0 at 10-Jan-2024 07:28:55.281 CET
10-Jan-2024 07:28:55 CET  Closed file root://cmsxrootd.fnal.gov//store/mc/RunIISummer20UL16MiniAODv2/DYJetsToLL_M-4to50_HT-400to600_TuneCP5_13TeV-madgraphMLM-pythia8/MINIAODSIM/106X_mcRun2_asymptotic_v17-v2/70000/8D63B5E8-6D3D-2047-B53A-D07DB1A76938.root
10-Jan-2024 07:28:55 CET  Initiating request to open file root://cmsxrootd.fnal.gov//store/mc/RunIISummer20UL16MiniAODv2/DYJetsToLL_M-4to50_HT-400to600_TuneCP5_13TeV-madgraphMLM-pythia8/MINIAODSIM/106X_mcRun2_asymptotic_v17-v2/2830000/43F5E7C7-C3CB-744C-8B5B-2695F37A0825.root
%MSG-w XrdAdaptor:  file_open 10-Jan-2024 07:28:58 CET PostProcessEvent
Data is served from fnal.gov instead of original site US-Regional-Nebraska
%MSG
10-Jan-2024 07:28:59 CET  Successfully opened file root://cmsxrootd.fnal.gov//store/mc/RunIISummer20UL16MiniAODv2/DYJetsToLL_M-4to50_HT-400to600_TuneCP5_13TeV-madgraphMLM-pythia8/MINIAODSIM/106X_mcRun2_asymptotic_v17-v2/2830000/43F5E7C7-C3CB-744C-8B5B-2695F37A0825.root
Unable to load sec.protocol plugin libXrdSecztn.so
10-Jan-2024 07:29:07 CET  Closed file root://cmsxrootd.fnal.gov//store/mc/RunIISummer20UL16MiniAODv2/DYJetsToLL_M-4to50_HT-400to600_TuneCP5_13TeV-madgraphMLM-pythia8/MINIAODSIM/106X_mcRun2_asymptotic_v17-v2/2830000/43F5E7C7-C3CB-744C-8B5B-2695F37A0825.root
10-Jan-2024 07:29:07 CET  Initiating request to open file root://cmsxrootd.fnal.gov//store/mc/RunIISummer20UL16MiniAODv2/DYJetsToLL_M-4to50_HT-400to600_TuneCP5_13TeV-madgraphMLM-pythia8/MINIAODSIM/106X_mcRun2_asymptotic_v17-v2/2830000/EE288D82-C54C-EC42-95B1-FC34CD86096A.root
%MSG-w XrdAdaptor:  file_open 10-Jan-2024 07:29:09 CET PostProcessEvent
Data is served from fnal.gov instead of original site US-Regional-Nebraska
%MSG
10-Jan-2024 07:29:09 CET  Successfully opened file root://cmsxrootd.fnal.gov//store/mc/RunIISummer20UL16MiniAODv2/DYJetsToLL_M-4to50_HT-400to600_TuneCP5_13TeV-madgraphMLM-pythia8/MINIAODSIM/106X_mcRun2_asymptotic_v17-v2/2830000/EE288D82-C54C-EC42-95B1-FC34CD86096A.root
Begin processing the 100001st record. Run 1, Event 30117171, LumiSection 7273 on stream 0 at 10-Jan-2024 07:29:19.646 CET
10-Jan-2024 07:29:20 CET  Closed file root://cmsxrootd.fnal.gov//store/mc/RunIISummer20UL16MiniAODv2/DYJetsToLL_M-4to50_HT-400to600_TuneCP5_13TeV-madgraphMLM-pythia8/MINIAODSIM/106X_mcRun2_asymptotic_v17-v2/2830000/EE288D82-C54C-EC42-95B1-FC34CD86096A.root
10-Jan-2024 07:29:20 CET  Initiating request to open file root://cmsxrootd.fnal.gov//store/mc/RunIISummer20UL16MiniAODv2/DYJetsToLL_M-4to50_HT-400to600_TuneCP5_13TeV-madgraphMLM-pythia8/MINIAODSIM/106X_mcRun2_asymptotic_v17-v2/2830000/6BBB7B41-0945-144D-BFA5-D9D3852BAD56.root
%MSG-w XrdAdaptor:  file_open 10-Jan-2024 07:29:22 CET PostProcessEvent
Data is served from fnal.gov instead of original site US-Regional-Nebraska
%MSG
10-Jan-2024 07:29:23 CET  Successfully opened file root://cmsxrootd.fnal.gov//store/mc/RunIISummer20UL16MiniAODv2/DYJetsToLL_M-4to50_HT-400to600_TuneCP5_13TeV-madgraphMLM-pythia8/MINIAODSIM/106X_mcRun2_asymptotic_v17-v2/2830000/6BBB7B41-0945-144D-BFA5-D9D3852BAD56.root
Unable to load sec.protocol plugin libXrdSecztn.so
10-Jan-2024 07:29:30 CET  Closed file root://cmsxrootd.fnal.gov//store/mc/RunIISummer20UL16MiniAODv2/DYJetsToLL_M-4to50_HT-400to600_TuneCP5_13TeV-madgraphMLM-pythia8/MINIAODSIM/106X_mcRun2_asymptotic_v17-v2/2830000/6BBB7B41-0945-144D-BFA5-D9D3852BAD56.root
10-Jan-2024 07:29:30 CET  Initiating request to open file root://cmsxrootd.fnal.gov//store/mc/RunIISummer20UL16MiniAODv2/DYJetsToLL_M-4to50_HT-400to600_TuneCP5_13TeV-madgraphMLM-pythia8/MINIAODSIM/106X_mcRun2_asymptotic_v17-v2/2830000/5C1B2810-A274-E146-A7A1-4F4DFA90F9A7.root
%MSG-w XrdAdaptor:  file_open 10-Jan-2024 07:29:33 CET PostProcessEvent
Data is served from fnal.gov instead of original site US-Regional-Nebraska
%MSG
10-Jan-2024 07:29:33 CET  Successfully opened file root://cmsxrootd.fnal.gov//store/mc/RunIISummer20UL16MiniAODv2/DYJetsToLL_M-4to50_HT-400to600_TuneCP5_13TeV-madgraphMLM-pythia8/MINIAODSIM/106X_mcRun2_asymptotic_v17-v2/2830000/5C1B2810-A274-E146-A7A1-4F4DFA90F9A7.root
Begin processing the 200001st record. Run 1, Event 10813806, LumiSection 2612 on stream 0 at 10-Jan-2024 07:29:40.334 CET
10-Jan-2024 07:29:41 CET  Closed file root://cmsxrootd.fnal.gov//store/mc/RunIISummer20UL16MiniAODv2/DYJetsToLL_M-4to50_HT-400to600_TuneCP5_13TeV-madgraphMLM-pythia8/MINIAODSIM/106X_mcRun2_asymptotic_v17-v2/2830000/5C1B2810-A274-E146-A7A1-4F4DFA90F9A7.root
10-Jan-2024 07:29:41 CET  Initiating request to open file root://cmsxrootd.fnal.gov//store/mc/RunIISummer20UL16MiniAODv2/DYJetsToLL_M-4to50_HT-400to600_TuneCP5_13TeV-madgraphMLM-pythia8/MINIAODSIM/106X_mcRun2_asymptotic_v17-v2/70000/E21F0D55-3BAE-3444-9D6D-F5B7EC70A7CA.root
%MSG-w XrdAdaptor:  file_open 10-Jan-2024 07:29:43 CET PostProcessEvent
Data is served from fnal.gov instead of original site US-Regional-Nebraska
%MSG
10-Jan-2024 07:29:43 CET  Successfully opened file root://cmsxrootd.fnal.gov//store/mc/RunIISummer20UL16MiniAODv2/DYJetsToLL_M-4to50_HT-400to600_TuneCP5_13TeV-madgraphMLM-pythia8/MINIAODSIM/106X_mcRun2_asymptotic_v17-v2/70000/E21F0D55-3BAE-3444-9D6D-F5B7EC70A7CA.root
10-Jan-2024 07:29:48 CET  Closed file root://cmsxrootd.fnal.gov//store/mc/RunIISummer20UL16MiniAODv2/DYJetsToLL_M-4to50_HT-400to600_TuneCP5_13TeV-madgraphMLM-pythia8/MINIAODSIM/106X_mcRun2_asymptotic_v17-v2/70000/E21F0D55-3BAE-3444-9D6D-F5B7EC70A7CA.root
10-Jan-2024 07:29:48 CET  Initiating request to open file root://cmsxrootd.fnal.gov//store/mc/RunIISummer20UL16MiniAODv2/DYJetsToLL_M-4to50_HT-400to600_TuneCP5_13TeV-madgraphMLM-pythia8/MINIAODSIM/106X_mcRun2_asymptotic_v17-v2/70000/CF028B14-7F48-3647-9887-C67C0A4F89B6.root
%MSG-w XrdAdaptor:  file_open 10-Jan-2024 07:29:52 CET PostProcessEvent
Data is served from T2_US_Florida instead of original site US-Regional-Nebraska
%MSG
10-Jan-2024 07:29:52 CET  Successfully opened file root://cmsxrootd.fnal.gov//store/mc/RunIISummer20UL16MiniAODv2/DYJetsToLL_M-4to50_HT-400to600_TuneCP5_13TeV-madgraphMLM-pythia8/MINIAODSIM/106X_mcRun2_asymptotic_v17-v2/70000/CF028B14-7F48-3647-9887-C67C0A4F89B6.root
10-Jan-2024 07:30:01 CET  Closed file root://cmsxrootd.fnal.gov//store/mc/RunIISummer20UL16MiniAODv2/DYJetsToLL_M-4to50_HT-400to600_TuneCP5_13TeV-madgraphMLM-pythia8/MINIAODSIM/106X_mcRun2_asymptotic_v17-v2/70000/CF028B14-7F48-3647-9887-C67C0A4F89B6.root
10-Jan-2024 07:30:01 CET  Initiating request to open file root://cmsxrootd.fnal.gov//store/mc/RunIISummer20UL16MiniAODv2/DYJetsToLL_M-4to50_HT-400to600_TuneCP5_13TeV-madgraphMLM-pythia8/MINIAODSIM/106X_mcRun2_asymptotic_v17-v2/70000/1C3C0243-0386-9C47-A71C-86267267321F.root
%MSG-w XrdAdaptor:  file_open 10-Jan-2024 07:30:03 CET PostProcessEvent
Data is served from T2_US_Florida instead of original site US-Regional-Nebraska
%MSG
10-Jan-2024 07:30:04 CET  Successfully opened file root://cmsxrootd.fnal.gov//store/mc/RunIISummer20UL16MiniAODv2/DYJetsToLL_M-4to50_HT-400to600_TuneCP5_13TeV-madgraphMLM-pythia8/MINIAODSIM/106X_mcRun2_asymptotic_v17-v2/70000/1C3C0243-0386-9C47-A71C-86267267321F.root
10-Jan-2024 07:30:08 CET  Closed file root://cmsxrootd.fnal.gov//store/mc/RunIISummer20UL16MiniAODv2/DYJetsToLL_M-4to50_HT-400to600_TuneCP5_13TeV-madgraphMLM-pythia8/MINIAODSIM/106X_mcRun2_asymptotic_v17-v2/70000/1C3C0243-0386-9C47-A71C-86267267321F.root
10-Jan-2024 07:30:08 CET  Initiating request to open file root://cmsxrootd.fnal.gov//store/mc/RunIISummer20UL16MiniAODv2/DYJetsToLL_M-4to50_HT-400to600_TuneCP5_13TeV-madgraphMLM-pythia8/MINIAODSIM/106X_mcRun2_asymptotic_v17-v2/70000/E6871884-707E-C640-9EB1-CE260F1122E0.root
%MSG-w XrdAdaptor:  file_open 10-Jan-2024 07:30:10 CET PostProcessEvent
Data is served from fnal.gov instead of original site US-Regional-Nebraska
%MSG
10-Jan-2024 07:30:10 CET  Successfully opened file root://cmsxrootd.fnal.gov//store/mc/RunIISummer20UL16MiniAODv2/DYJetsToLL_M-4to50_HT-400to600_TuneCP5_13TeV-madgraphMLM-pythia8/MINIAODSIM/106X_mcRun2_asymptotic_v17-v2/70000/E6871884-707E-C640-9EB1-CE260F1122E0.root
Begin processing the 300001st record. Run 1, Event 32723812, LumiSection 7903 on stream 0 at 10-Jan-2024 07:30:16.794 CET
10-Jan-2024 07:30:17 CET  Closed file root://cmsxrootd.fnal.gov//store/mc/RunIISummer20UL16MiniAODv2/DYJetsToLL_M-4to50_HT-400to600_TuneCP5_13TeV-madgraphMLM-pythia8/MINIAODSIM/106X_mcRun2_asymptotic_v17-v2/70000/E6871884-707E-C640-9EB1-CE260F1122E0.root
10-Jan-2024 07:30:17 CET  Initiating request to open file root://cmsxrootd.fnal.gov//store/mc/RunIISummer20UL16MiniAODv2/DYJetsToLL_M-4to50_HT-400to600_TuneCP5_13TeV-madgraphMLM-pythia8/MINIAODSIM/106X_mcRun2_asymptotic_v17-v2/70000/FEB37986-5BEF-074A-8275-0A989182B3C6.root
%MSG-w XrdAdaptor:  file_open 10-Jan-2024 07:30:49 CET PostProcessEvent
Data is served from T2_US_MIT instead of original site US-Regional-Nebraska
%MSG
10-Jan-2024 07:30:50 CET  Successfully opened file root://cmsxrootd.fnal.gov//store/mc/RunIISummer20UL16MiniAODv2/DYJetsToLL_M-4to50_HT-400to600_TuneCP5_13TeV-madgraphMLM-pythia8/MINIAODSIM/106X_mcRun2_asymptotic_v17-v2/70000/FEB37986-5BEF-074A-8275-0A989182B3C6.root
10-Jan-2024 07:30:58 CET  Closed file root://cmsxrootd.fnal.gov//store/mc/RunIISummer20UL16MiniAODv2/DYJetsToLL_M-4to50_HT-400to600_TuneCP5_13TeV-madgraphMLM-pythia8/MINIAODSIM/106X_mcRun2_asymptotic_v17-v2/70000/FEB37986-5BEF-074A-8275-0A989182B3C6.root
10-Jan-2024 07:30:58 CET  Initiating request to open file root://cmsxrootd.fnal.gov//store/mc/RunIISummer20UL16MiniAODv2/DYJetsToLL_M-4to50_HT-400to600_TuneCP5_13TeV-madgraphMLM-pythia8/MINIAODSIM/106X_mcRun2_asymptotic_v17-v2/70000/30E48D92-5B2B-8D4E-84FE-4F15A3324367.root
%MSG-w XrdAdaptor:  file_open 10-Jan-2024 07:31:01 CET PostProcessEvent
Data is served from T2_US_MIT instead of original site US-Regional-Nebraska
%MSG
10-Jan-2024 07:31:01 CET  Successfully opened file root://cmsxrootd.fnal.gov//store/mc/RunIISummer20UL16MiniAODv2/DYJetsToLL_M-4to50_HT-400to600_TuneCP5_13TeV-madgraphMLM-pythia8/MINIAODSIM/106X_mcRun2_asymptotic_v17-v2/70000/30E48D92-5B2B-8D4E-84FE-4F15A3324367.root
Begin processing the 400001st record. Run 1, Event 9061731, LumiSection 2189 on stream 0 at 10-Jan-2024 07:31:07.126 CET
10-Jan-2024 07:31:08 CET  Closed file root://cmsxrootd.fnal.gov//store/mc/RunIISummer20UL16MiniAODv2/DYJetsToLL_M-4to50_HT-400to600_TuneCP5_13TeV-madgraphMLM-pythia8/MINIAODSIM/106X_mcRun2_asymptotic_v17-v2/70000/30E48D92-5B2B-8D4E-84FE-4F15A3324367.root
10-Jan-2024 07:31:08 CET  Initiating request to open file root://cmsxrootd.fnal.gov//store/mc/RunIISummer20UL16MiniAODv2/DYJetsToLL_M-4to50_HT-400to600_TuneCP5_13TeV-madgraphMLM-pythia8/MINIAODSIM/106X_mcRun2_asymptotic_v17-v2/70000/6D2F7319-68D9-0E4C-A7EA-25208652AE69.root
%MSG-w XrdAdaptor:  file_open 10-Jan-2024 07:31:11 CET PostProcessEvent
Data is served from T2_US_MIT instead of original site US-Regional-Nebraska
%MSG
10-Jan-2024 07:31:11 CET  Successfully opened file root://cmsxrootd.fnal.gov//store/mc/RunIISummer20UL16MiniAODv2/DYJetsToLL_M-4to50_HT-400to600_TuneCP5_13TeV-madgraphMLM-pythia8/MINIAODSIM/106X_mcRun2_asymptotic_v17-v2/70000/6D2F7319-68D9-0E4C-A7EA-25208652AE69.root
10-Jan-2024 07:31:16 CET  Closed file root://cmsxrootd.fnal.gov//store/mc/RunIISummer20UL16MiniAODv2/DYJetsToLL_M-4to50_HT-400to600_TuneCP5_13TeV-madgraphMLM-pythia8/MINIAODSIM/106X_mcRun2_asymptotic_v17-v2/70000/6D2F7319-68D9-0E4C-A7EA-25208652AE69.root
10-Jan-2024 07:31:16 CET  Initiating request to open file root://cmsxrootd.fnal.gov//store/mc/RunIISummer20UL16MiniAODv2/DYJetsToLL_M-4to50_HT-400to600_TuneCP5_13TeV-madgraphMLM-pythia8/MINIAODSIM/106X_mcRun2_asymptotic_v17-v2/2830000/C17A311D-0F4E-0745-B99A-FE4D4A9C4975.root
%MSG-w XrdAdaptor:  file_open 10-Jan-2024 07:31:18 CET PostProcessEvent
Data is served from fnal.gov instead of original site US-Regional-Nebraska
%MSG
10-Jan-2024 07:31:19 CET  Successfully opened file root://cmsxrootd.fnal.gov//store/mc/RunIISummer20UL16MiniAODv2/DYJetsToLL_M-4to50_HT-400to600_TuneCP5_13TeV-madgraphMLM-pythia8/MINIAODSIM/106X_mcRun2_asymptotic_v17-v2/2830000/C17A311D-0F4E-0745-B99A-FE4D4A9C4975.root
10-Jan-2024 07:31:24 CET  Closed file root://cmsxrootd.fnal.gov//store/mc/RunIISummer20UL16MiniAODv2/DYJetsToLL_M-4to50_HT-400to600_TuneCP5_13TeV-madgraphMLM-pythia8/MINIAODSIM/106X_mcRun2_asymptotic_v17-v2/2830000/C17A311D-0F4E-0745-B99A-FE4D4A9C4975.root
10-Jan-2024 07:31:24 CET  Initiating request to open file root://cmsxrootd.fnal.gov//store/mc/RunIISummer20UL16MiniAODv2/DYJetsToLL_M-4to50_HT-400to600_TuneCP5_13TeV-madgraphMLM-pythia8/MINIAODSIM/106X_mcRun2_asymptotic_v17-v2/70000/A1F1AC7F-DF9B-F64C-B201-7C2727986F6A.root
%MSG-w XrdAdaptor:  file_open 10-Jan-2024 07:31:26 CET PostProcessEvent
Data is served from fnal.gov instead of original site US-Regional-Nebraska
%MSG
10-Jan-2024 07:31:27 CET  Successfully opened file root://cmsxrootd.fnal.gov//store/mc/RunIISummer20UL16MiniAODv2/DYJetsToLL_M-4to50_HT-400to600_TuneCP5_13TeV-madgraphMLM-pythia8/MINIAODSIM/106X_mcRun2_asymptotic_v17-v2/70000/A1F1AC7F-DF9B-F64C-B201-7C2727986F6A.root
Begin processing the 500001st record. Run 1, Event 17068868, LumiSection 4210 on stream 0 at 10-Jan-2024 07:31:32.221 CET
10-Jan-2024 07:31:32 CET  Closed file root://cmsxrootd.fnal.gov//store/mc/RunIISummer20UL16MiniAODv2/DYJetsToLL_M-4to50_HT-400to600_TuneCP5_13TeV-madgraphMLM-pythia8/MINIAODSIM/106X_mcRun2_asymptotic_v17-v2/70000/A1F1AC7F-DF9B-F64C-B201-7C2727986F6A.root
10-Jan-2024 07:31:32 CET  Initiating request to open file root://cmsxrootd.fnal.gov//store/mc/RunIISummer20UL16MiniAODv2/DYJetsToLL_M-4to50_HT-400to600_TuneCP5_13TeV-madgraphMLM-pythia8/MINIAODSIM/106X_mcRun2_asymptotic_v17-v2/2830000/AB791DD3-09F3-654B-A2AD-DAE2700312F7.root
%MSG-w XrdAdaptor:  file_open 10-Jan-2024 07:31:36 CET PostProcessEvent
Data is served from T2_US_Wisconsin instead of original site US-Regional-Nebraska
%MSG
10-Jan-2024 07:31:37 CET  Successfully opened file root://cmsxrootd.fnal.gov//store/mc/RunIISummer20UL16MiniAODv2/DYJetsToLL_M-4to50_HT-400to600_TuneCP5_13TeV-madgraphMLM-pythia8/MINIAODSIM/106X_mcRun2_asymptotic_v17-v2/2830000/AB791DD3-09F3-654B-A2AD-DAE2700312F7.root
10-Jan-2024 07:31:48 CET  Closed file root://cmsxrootd.fnal.gov//store/mc/RunIISummer20UL16MiniAODv2/DYJetsToLL_M-4to50_HT-400to600_TuneCP5_13TeV-madgraphMLM-pythia8/MINIAODSIM/106X_mcRun2_asymptotic_v17-v2/2830000/AB791DD3-09F3-654B-A2AD-DAE2700312F7.root
10-Jan-2024 07:31:48 CET  Initiating request to open file root://cmsxrootd.fnal.gov//store/mc/RunIISummer20UL16MiniAODv2/DYJetsToLL_M-4to50_HT-400to600_TuneCP5_13TeV-madgraphMLM-pythia8/MINIAODSIM/106X_mcRun2_asymptotic_v17-v2/2830000/A9FEC233-7F7F-FE42-BE9D-D9F16274B278.root
%MSG-w XrdAdaptor:  file_open 10-Jan-2024 07:31:51 CET PostProcessEvent
Data is served from T2_US_Wisconsin instead of original site US-Regional-Nebraska
%MSG
10-Jan-2024 07:31:52 CET  Successfully opened file root://cmsxrootd.fnal.gov//store/mc/RunIISummer20UL16MiniAODv2/DYJetsToLL_M-4to50_HT-400to600_TuneCP5_13TeV-madgraphMLM-pythia8/MINIAODSIM/106X_mcRun2_asymptotic_v17-v2/2830000/A9FEC233-7F7F-FE42-BE9D-D9F16274B278.root
Begin processing the 600001st record. Run 1, Event 37477853, LumiSection 9051 on stream 0 at 10-Jan-2024 07:31:57.764 CET
10-Jan-2024 07:31:57 CET  Closed file root://cmsxrootd.fnal.gov//store/mc/RunIISummer20UL16MiniAODv2/DYJetsToLL_M-4to50_HT-400to600_TuneCP5_13TeV-madgraphMLM-pythia8/MINIAODSIM/106X_mcRun2_asymptotic_v17-v2/2830000/A9FEC233-7F7F-FE42-BE9D-D9F16274B278.root
10-Jan-2024 07:31:57 CET  Initiating request to open file root://cmsxrootd.fnal.gov//store/mc/RunIISummer20UL16MiniAODv2/DYJetsToLL_M-4to50_HT-400to600_TuneCP5_13TeV-madgraphMLM-pythia8/MINIAODSIM/106X_mcRun2_asymptotic_v17-v2/2830000/DFE2AC58-D8DE-C241-B947-BBF654B5B169.root
%MSG-w XrdAdaptor:  file_open 10-Jan-2024 07:32:01 CET PostProcessEvent
Data is served from T2_US_Vanderbilt instead of original site US-Regional-Nebraska
%MSG
10-Jan-2024 07:32:02 CET  Successfully opened file root://cmsxrootd.fnal.gov//store/mc/RunIISummer20UL16MiniAODv2/DYJetsToLL_M-4to50_HT-400to600_TuneCP5_13TeV-madgraphMLM-pythia8/MINIAODSIM/106X_mcRun2_asymptotic_v17-v2/2830000/DFE2AC58-D8DE-C241-B947-BBF654B5B169.root
10-Jan-2024 07:32:09 CET  Closed file root://cmsxrootd.fnal.gov//store/mc/RunIISummer20UL16MiniAODv2/DYJetsToLL_M-4to50_HT-400to600_TuneCP5_13TeV-madgraphMLM-pythia8/MINIAODSIM/106X_mcRun2_asymptotic_v17-v2/2830000/DFE2AC58-D8DE-C241-B947-BBF654B5B169.root
10-Jan-2024 07:32:09 CET  Initiating request to open file root://cmsxrootd.fnal.gov//store/mc/RunIISummer20UL16MiniAODv2/DYJetsToLL_M-4to50_HT-400to600_TuneCP5_13TeV-madgraphMLM-pythia8/MINIAODSIM/106X_mcRun2_asymptotic_v17-v2/2830000/DA40DB35-87CF-7C48-A7F9-AC2723E2BEF2.root
%MSG-w XrdAdaptor:  file_open 10-Jan-2024 07:32:11 CET PostProcessEvent
Data is served from fnal.gov instead of original site US-Regional-Nebraska
%MSG
10-Jan-2024 07:32:12 CET  Successfully opened file root://cmsxrootd.fnal.gov//store/mc/RunIISummer20UL16MiniAODv2/DYJetsToLL_M-4to50_HT-400to600_TuneCP5_13TeV-madgraphMLM-pythia8/MINIAODSIM/106X_mcRun2_asymptotic_v17-v2/2830000/DA40DB35-87CF-7C48-A7F9-AC2723E2BEF2.root
10-Jan-2024 07:32:19 CET  Closed file root://cmsxrootd.fnal.gov//store/mc/RunIISummer20UL16MiniAODv2/DYJetsToLL_M-4to50_HT-400to600_TuneCP5_13TeV-madgraphMLM-pythia8/MINIAODSIM/106X_mcRun2_asymptotic_v17-v2/2830000/DA40DB35-87CF-7C48-A7F9-AC2723E2BEF2.root
10-Jan-2024 07:32:19 CET  Initiating request to open file root://cmsxrootd.fnal.gov//store/mc/RunIISummer20UL16MiniAODv2/DYJetsToLL_M-4to50_HT-400to600_TuneCP5_13TeV-madgraphMLM-pythia8/MINIAODSIM/106X_mcRun2_asymptotic_v17-v2/2830000/5CC03347-1F50-E448-A19F-F39CCC6E01CF.root
%MSG-w XrdAdaptor:  file_open 10-Jan-2024 07:32:21 CET PostProcessEvent
Data is served from fnal.gov instead of original site US-Regional-Nebraska
%MSG
10-Jan-2024 07:32:22 CET  Successfully opened file root://cmsxrootd.fnal.gov//store/mc/RunIISummer20UL16MiniAODv2/DYJetsToLL_M-4to50_HT-400to600_TuneCP5_13TeV-madgraphMLM-pythia8/MINIAODSIM/106X_mcRun2_asymptotic_v17-v2/2830000/5CC03347-1F50-E448-A19F-F39CCC6E01CF.root
Begin processing the 700001st record. Run 1, Event 11185559, LumiSection 2702 on stream 0 at 10-Jan-2024 07:32:27.257 CET
10-Jan-2024 07:32:29 CET  Closed file root://cmsxrootd.fnal.gov//store/mc/RunIISummer20UL16MiniAODv2/DYJetsToLL_M-4to50_HT-400to600_TuneCP5_13TeV-madgraphMLM-pythia8/MINIAODSIM/106X_mcRun2_asymptotic_v17-v2/2830000/5CC03347-1F50-E448-A19F-F39CCC6E01CF.root
10-Jan-2024 07:32:29 CET  Initiating request to open file root://cmsxrootd.fnal.gov//store/mc/RunIISummer20UL16MiniAODv2/DYJetsToLL_M-4to50_HT-400to600_TuneCP5_13TeV-madgraphMLM-pythia8/MINIAODSIM/106X_mcRun2_asymptotic_v17-v2/2830000/5674D598-DAE8-A049-A6C0-F27A3105115E.root
%MSG-w XrdAdaptor:  file_open 10-Jan-2024 07:32:31 CET PostProcessEvent
Data is served from fnal.gov instead of original site US-Regional-Nebraska
%MSG
10-Jan-2024 07:32:31 CET  Successfully opened file root://cmsxrootd.fnal.gov//store/mc/RunIISummer20UL16MiniAODv2/DYJetsToLL_M-4to50_HT-400to600_TuneCP5_13TeV-madgraphMLM-pythia8/MINIAODSIM/106X_mcRun2_asymptotic_v17-v2/2830000/5674D598-DAE8-A049-A6C0-F27A3105115E.root
Begin processing the 800001st record. Run 1, Event 9533230, LumiSection 2303 on stream 0 at 10-Jan-2024 07:32:39.365 CET
10-Jan-2024 07:32:39 CET  Closed file root://cmsxrootd.fnal.gov//store/mc/RunIISummer20UL16MiniAODv2/DYJetsToLL_M-4to50_HT-400to600_TuneCP5_13TeV-madgraphMLM-pythia8/MINIAODSIM/106X_mcRun2_asymptotic_v17-v2/2830000/5674D598-DAE8-A049-A6C0-F27A3105115E.root
10-Jan-2024 07:32:39 CET  Initiating request to open file root://cmsxrootd.fnal.gov//store/mc/RunIISummer20UL16MiniAODv2/DYJetsToLL_M-4to50_HT-400to600_TuneCP5_13TeV-madgraphMLM-pythia8/MINIAODSIM/106X_mcRun2_asymptotic_v17-v2/2830000/486D2167-12E3-D347-BD03-2C201BA55029.root
%MSG-w XrdAdaptor:  file_open 10-Jan-2024 07:32:41 CET PostProcessEvent
Data is served from fnal.gov instead of original site US-Regional-Nebraska
%MSG
10-Jan-2024 07:32:42 CET  Successfully opened file root://cmsxrootd.fnal.gov//store/mc/RunIISummer20UL16MiniAODv2/DYJetsToLL_M-4to50_HT-400to600_TuneCP5_13TeV-madgraphMLM-pythia8/MINIAODSIM/106X_mcRun2_asymptotic_v17-v2/2830000/486D2167-12E3-D347-BD03-2C201BA55029.root
10-Jan-2024 07:32:50 CET  Closed file root://cmsxrootd.fnal.gov//store/mc/RunIISummer20UL16MiniAODv2/DYJetsToLL_M-4to50_HT-400to600_TuneCP5_13TeV-madgraphMLM-pythia8/MINIAODSIM/106X_mcRun2_asymptotic_v17-v2/2830000/486D2167-12E3-D347-BD03-2C201BA55029.root
10-Jan-2024 07:32:50 CET  Initiating request to open file root://cmsxrootd.fnal.gov//store/mc/RunIISummer20UL16MiniAODv2/DYJetsToLL_M-4to50_HT-400to600_TuneCP5_13TeV-madgraphMLM-pythia8/MINIAODSIM/106X_mcRun2_asymptotic_v17-v2/2830000/77F1BD0A-5B2A-FB48-BAA1-F7F2E23EC833.root
%MSG-w XrdAdaptor:  file_open 10-Jan-2024 07:32:52 CET PostProcessEvent
Data is served from fnal.gov instead of original site US-Regional-Nebraska
%MSG
10-Jan-2024 07:32:53 CET  Successfully opened file root://cmsxrootd.fnal.gov//store/mc/RunIISummer20UL16MiniAODv2/DYJetsToLL_M-4to50_HT-400to600_TuneCP5_13TeV-madgraphMLM-pythia8/MINIAODSIM/106X_mcRun2_asymptotic_v17-v2/2830000/77F1BD0A-5B2A-FB48-BAA1-F7F2E23EC833.root
Begin processing the 900001st record. Run 1, Event 31750266, LumiSection 7668 on stream 0 at 10-Jan-2024 07:33:00.340 CET
10-Jan-2024 07:33:01 CET  Closed file root://cmsxrootd.fnal.gov//store/mc/RunIISummer20UL16MiniAODv2/DYJetsToLL_M-4to50_HT-400to600_TuneCP5_13TeV-madgraphMLM-pythia8/MINIAODSIM/106X_mcRun2_asymptotic_v17-v2/2830000/77F1BD0A-5B2A-FB48-BAA1-F7F2E23EC833.root
10-Jan-2024 07:33:01 CET  Initiating request to open file root://cmsxrootd.fnal.gov//store/mc/RunIISummer20UL16MiniAODv2/DYJetsToLL_M-4to50_HT-400to600_TuneCP5_13TeV-madgraphMLM-pythia8/MINIAODSIM/106X_mcRun2_asymptotic_v17-v2/2830000/4888DD0C-875F-764F-8681-8D605FA1F2DD.root
%MSG-w XrdAdaptor:  file_open 10-Jan-2024 07:33:03 CET PostProcessEvent
Data is served from fnal.gov instead of original site US-Regional-Nebraska
%MSG
10-Jan-2024 07:33:03 CET  Successfully opened file root://cmsxrootd.fnal.gov//store/mc/RunIISummer20UL16MiniAODv2/DYJetsToLL_M-4to50_HT-400to600_TuneCP5_13TeV-madgraphMLM-pythia8/MINIAODSIM/106X_mcRun2_asymptotic_v17-v2/2830000/4888DD0C-875F-764F-8681-8D605FA1F2DD.root
10-Jan-2024 07:33:11 CET  Closed file root://cmsxrootd.fnal.gov//store/mc/RunIISummer20UL16MiniAODv2/DYJetsToLL_M-4to50_HT-400to600_TuneCP5_13TeV-madgraphMLM-pythia8/MINIAODSIM/106X_mcRun2_asymptotic_v17-v2/2830000/4888DD0C-875F-764F-8681-8D605FA1F2DD.root
10-Jan-2024 07:33:11 CET  Initiating request to open file root://cmsxrootd.fnal.gov//store/mc/RunIISummer20UL16MiniAODv2/DYJetsToLL_M-4to50_HT-400to600_TuneCP5_13TeV-madgraphMLM-pythia8/MINIAODSIM/106X_mcRun2_asymptotic_v17-v2/2830000/A9043A04-0087-4B45-9A35-BA6AEEACD48F.root
%MSG-w XrdAdaptor:  file_open 10-Jan-2024 07:33:13 CET PostProcessEvent
Data is served from fnal.gov instead of original site US-Regional-Nebraska
%MSG
10-Jan-2024 07:33:14 CET  Successfully opened file root://cmsxrootd.fnal.gov//store/mc/RunIISummer20UL16MiniAODv2/DYJetsToLL_M-4to50_HT-400to600_TuneCP5_13TeV-madgraphMLM-pythia8/MINIAODSIM/106X_mcRun2_asymptotic_v17-v2/2830000/A9043A04-0087-4B45-9A35-BA6AEEACD48F.root
Begin processing the 1000001st record. Run 1, Event 43289284, LumiSection 10454 on stream 0 at 10-Jan-2024 07:33:19.987 CET
10-Jan-2024 07:33:21 CET  Closed file root://cmsxrootd.fnal.gov//store/mc/RunIISummer20UL16MiniAODv2/DYJetsToLL_M-4to50_HT-400to600_TuneCP5_13TeV-madgraphMLM-pythia8/MINIAODSIM/106X_mcRun2_asymptotic_v17-v2/2830000/A9043A04-0087-4B45-9A35-BA6AEEACD48F.root
10-Jan-2024 07:33:21 CET  Initiating request to open file root://cmsxrootd.fnal.gov//store/mc/RunIISummer20UL16MiniAODv2/DYJetsToLL_M-4to50_HT-400to600_TuneCP5_13TeV-madgraphMLM-pythia8/MINIAODSIM/106X_mcRun2_asymptotic_v17-v2/2830000/8DF2C257-9036-6F44-A30A-C948A73DCD05.root
%MSG-w XrdAdaptor:  file_open 10-Jan-2024 07:33:23 CET PostProcessEvent
Data is served from fnal.gov instead of original site US-Regional-Nebraska
%MSG
10-Jan-2024 07:33:24 CET  Successfully opened file root://cmsxrootd.fnal.gov//store/mc/RunIISummer20UL16MiniAODv2/DYJetsToLL_M-4to50_HT-400to600_TuneCP5_13TeV-madgraphMLM-pythia8/MINIAODSIM/106X_mcRun2_asymptotic_v17-v2/2830000/8DF2C257-9036-6F44-A30A-C948A73DCD05.root
Begin processing the 1100001st record. Run 1, Event 32446506, LumiSection 7836 on stream 0 at 10-Jan-2024 07:33:31.900 CET
10-Jan-2024 07:33:32 CET  Closed file root://cmsxrootd.fnal.gov//store/mc/RunIISummer20UL16MiniAODv2/DYJetsToLL_M-4to50_HT-400to600_TuneCP5_13TeV-madgraphMLM-pythia8/MINIAODSIM/106X_mcRun2_asymptotic_v17-v2/2830000/8DF2C257-9036-6F44-A30A-C948A73DCD05.root
10-Jan-2024 07:33:32 CET  Initiating request to open file root://cmsxrootd.fnal.gov//store/mc/RunIISummer20UL16MiniAODv2/DYJetsToLL_M-4to50_HT-400to600_TuneCP5_13TeV-madgraphMLM-pythia8/MINIAODSIM/106X_mcRun2_asymptotic_v17-v2/2830000/3CDA3CA7-33CF-804D-A3E6-D86BD076D381.root
%MSG-w XrdAdaptor:  file_open 10-Jan-2024 07:33:34 CET PostProcessEvent
Data is served from fnal.gov instead of original site US-Regional-Nebraska
%MSG
10-Jan-2024 07:33:34 CET  Successfully opened file root://cmsxrootd.fnal.gov//store/mc/RunIISummer20UL16MiniAODv2/DYJetsToLL_M-4to50_HT-400to600_TuneCP5_13TeV-madgraphMLM-pythia8/MINIAODSIM/106X_mcRun2_asymptotic_v17-v2/2830000/3CDA3CA7-33CF-804D-A3E6-D86BD076D381.root
10-Jan-2024 07:33:42 CET  Closed file root://cmsxrootd.fnal.gov//store/mc/RunIISummer20UL16MiniAODv2/DYJetsToLL_M-4to50_HT-400to600_TuneCP5_13TeV-madgraphMLM-pythia8/MINIAODSIM/106X_mcRun2_asymptotic_v17-v2/2830000/3CDA3CA7-33CF-804D-A3E6-D86BD076D381.root
10-Jan-2024 07:33:42 CET  Initiating request to open file root://cmsxrootd.fnal.gov//store/mc/RunIISummer20UL16MiniAODv2/DYJetsToLL_M-4to50_HT-400to600_TuneCP5_13TeV-madgraphMLM-pythia8/MINIAODSIM/106X_mcRun2_asymptotic_v17-v2/2830000/7799EFC7-67E3-B94A-8CB4-0A6F660866CA.root
%MSG-w XrdAdaptor:  file_open 10-Jan-2024 07:33:44 CET PostProcessEvent
Data is served from fnal.gov instead of original site US-Regional-Nebraska
%MSG
10-Jan-2024 07:33:45 CET  Successfully opened file root://cmsxrootd.fnal.gov//store/mc/RunIISummer20UL16MiniAODv2/DYJetsToLL_M-4to50_HT-400to600_TuneCP5_13TeV-madgraphMLM-pythia8/MINIAODSIM/106X_mcRun2_asymptotic_v17-v2/2830000/7799EFC7-67E3-B94A-8CB4-0A6F660866CA.root
Begin processing the 1200001st record. Run 1, Event 15155280, LumiSection 3660 on stream 0 at 10-Jan-2024 07:33:52.166 CET
10-Jan-2024 07:33:53 CET  Closed file root://cmsxrootd.fnal.gov//store/mc/RunIISummer20UL16MiniAODv2/DYJetsToLL_M-4to50_HT-400to600_TuneCP5_13TeV-madgraphMLM-pythia8/MINIAODSIM/106X_mcRun2_asymptotic_v17-v2/2830000/7799EFC7-67E3-B94A-8CB4-0A6F660866CA.root
10-Jan-2024 07:33:53 CET  Initiating request to open file root://cmsxrootd.fnal.gov//store/mc/RunIISummer20UL16MiniAODv2/DYJetsToLL_M-4to50_HT-400to600_TuneCP5_13TeV-madgraphMLM-pythia8/MINIAODSIM/106X_mcRun2_asymptotic_v17-v2/2830000/F9C43AED-D2CB-E144-907B-7E466C19C2BA.root
%MSG-w XrdAdaptor:  file_open 10-Jan-2024 07:33:55 CET PostProcessEvent
Data is served from fnal.gov instead of original site US-Regional-Nebraska
%MSG
10-Jan-2024 07:33:55 CET  Successfully opened file root://cmsxrootd.fnal.gov//store/mc/RunIISummer20UL16MiniAODv2/DYJetsToLL_M-4to50_HT-400to600_TuneCP5_13TeV-madgraphMLM-pythia8/MINIAODSIM/106X_mcRun2_asymptotic_v17-v2/2830000/F9C43AED-D2CB-E144-907B-7E466C19C2BA.root
10-Jan-2024 07:34:03 CET  Closed file root://cmsxrootd.fnal.gov//store/mc/RunIISummer20UL16MiniAODv2/DYJetsToLL_M-4to50_HT-400to600_TuneCP5_13TeV-madgraphMLM-pythia8/MINIAODSIM/106X_mcRun2_asymptotic_v17-v2/2830000/F9C43AED-D2CB-E144-907B-7E466C19C2BA.root
10-Jan-2024 07:34:03 CET  Initiating request to open file root://cmsxrootd.fnal.gov//store/mc/RunIISummer20UL16MiniAODv2/DYJetsToLL_M-4to50_HT-400to600_TuneCP5_13TeV-madgraphMLM-pythia8/MINIAODSIM/106X_mcRun2_asymptotic_v17-v2/2830000/A4F9702F-4111-0647-8D3F-D00B1A36D257.root
%MSG-w XrdAdaptor:  file_open 10-Jan-2024 07:34:05 CET PostProcessEvent
Data is served from fnal.gov instead of original site US-Regional-Nebraska
%MSG
10-Jan-2024 07:34:06 CET  Successfully opened file root://cmsxrootd.fnal.gov//store/mc/RunIISummer20UL16MiniAODv2/DYJetsToLL_M-4to50_HT-400to600_TuneCP5_13TeV-madgraphMLM-pythia8/MINIAODSIM/106X_mcRun2_asymptotic_v17-v2/2830000/A4F9702F-4111-0647-8D3F-D00B1A36D257.root
Begin processing the 1300001st record. Run 1, Event 630324, LumiSection 153 on stream 0 at 10-Jan-2024 07:34:12.473 CET
10-Jan-2024 07:34:14 CET  Closed file root://cmsxrootd.fnal.gov//store/mc/RunIISummer20UL16MiniAODv2/DYJetsToLL_M-4to50_HT-400to600_TuneCP5_13TeV-madgraphMLM-pythia8/MINIAODSIM/106X_mcRun2_asymptotic_v17-v2/2830000/A4F9702F-4111-0647-8D3F-D00B1A36D257.root
10-Jan-2024 07:34:14 CET  Initiating request to open file root://cmsxrootd.fnal.gov//store/mc/RunIISummer20UL16MiniAODv2/DYJetsToLL_M-4to50_HT-400to600_TuneCP5_13TeV-madgraphMLM-pythia8/MINIAODSIM/106X_mcRun2_asymptotic_v17-v2/2830000/68C756C3-3446-9A4B-92B5-6281D4BB198F.root
%MSG-w XrdAdaptor:  file_open 10-Jan-2024 07:34:16 CET PostProcessEvent
Data is served from fnal.gov instead of original site US-Regional-Nebraska
%MSG
10-Jan-2024 07:34:16 CET  Successfully opened file root://cmsxrootd.fnal.gov//store/mc/RunIISummer20UL16MiniAODv2/DYJetsToLL_M-4to50_HT-400to600_TuneCP5_13TeV-madgraphMLM-pythia8/MINIAODSIM/106X_mcRun2_asymptotic_v17-v2/2830000/68C756C3-3446-9A4B-92B5-6281D4BB198F.root
Begin processing the 1400001st record. Run 1, Event 32515729, LumiSection 7853 on stream 0 at 10-Jan-2024 07:34:23.965 CET
10-Jan-2024 07:34:24 CET  Closed file root://cmsxrootd.fnal.gov//store/mc/RunIISummer20UL16MiniAODv2/DYJetsToLL_M-4to50_HT-400to600_TuneCP5_13TeV-madgraphMLM-pythia8/MINIAODSIM/106X_mcRun2_asymptotic_v17-v2/2830000/68C756C3-3446-9A4B-92B5-6281D4BB198F.root
10-Jan-2024 07:34:24 CET  Initiating request to open file root://cmsxrootd.fnal.gov//store/mc/RunIISummer20UL16MiniAODv2/DYJetsToLL_M-4to50_HT-400to600_TuneCP5_13TeV-madgraphMLM-pythia8/MINIAODSIM/106X_mcRun2_asymptotic_v17-v2/2830000/3FFACF61-4B6F-7D48-9EEF-60ABEF0D805D.root
%MSG-w XrdAdaptor:  file_open 10-Jan-2024 07:34:26 CET PostProcessEvent
Data is served from fnal.gov instead of original site US-Regional-Nebraska
%MSG
10-Jan-2024 07:34:26 CET  Successfully opened file root://cmsxrootd.fnal.gov//store/mc/RunIISummer20UL16MiniAODv2/DYJetsToLL_M-4to50_HT-400to600_TuneCP5_13TeV-madgraphMLM-pythia8/MINIAODSIM/106X_mcRun2_asymptotic_v17-v2/2830000/3FFACF61-4B6F-7D48-9EEF-60ABEF0D805D.root
10-Jan-2024 07:34:34 CET  Closed file root://cmsxrootd.fnal.gov//store/mc/RunIISummer20UL16MiniAODv2/DYJetsToLL_M-4to50_HT-400to600_TuneCP5_13TeV-madgraphMLM-pythia8/MINIAODSIM/106X_mcRun2_asymptotic_v17-v2/2830000/3FFACF61-4B6F-7D48-9EEF-60ABEF0D805D.root
10-Jan-2024 07:34:34 CET  Initiating request to open file root://cmsxrootd.fnal.gov//store/mc/RunIISummer20UL16MiniAODv2/DYJetsToLL_M-4to50_HT-400to600_TuneCP5_13TeV-madgraphMLM-pythia8/MINIAODSIM/106X_mcRun2_asymptotic_v17-v2/2830000/237B955B-57E5-1C49-8125-10E5776BBB6B.root
%MSG-w XrdAdaptor:  file_open 10-Jan-2024 07:34:36 CET PostProcessEvent
Data is served from fnal.gov instead of original site US-Regional-Nebraska
%MSG
10-Jan-2024 07:34:36 CET  Successfully opened file root://cmsxrootd.fnal.gov//store/mc/RunIISummer20UL16MiniAODv2/DYJetsToLL_M-4to50_HT-400to600_TuneCP5_13TeV-madgraphMLM-pythia8/MINIAODSIM/106X_mcRun2_asymptotic_v17-v2/2830000/237B955B-57E5-1C49-8125-10E5776BBB6B.root
Begin processing the 1500001st record. Run 1, Event 33622845, LumiSection 8120 on stream 0 at 10-Jan-2024 07:34:43.581 CET
10-Jan-2024 07:34:44 CET  Closed file root://cmsxrootd.fnal.gov//store/mc/RunIISummer20UL16MiniAODv2/DYJetsToLL_M-4to50_HT-400to600_TuneCP5_13TeV-madgraphMLM-pythia8/MINIAODSIM/106X_mcRun2_asymptotic_v17-v2/2830000/237B955B-57E5-1C49-8125-10E5776BBB6B.root
10-Jan-2024 07:34:44 CET  Initiating request to open file root://cmsxrootd.fnal.gov//store/mc/RunIISummer20UL16MiniAODv2/DYJetsToLL_M-4to50_HT-400to600_TuneCP5_13TeV-madgraphMLM-pythia8/MINIAODSIM/106X_mcRun2_asymptotic_v17-v2/2830000/CC3712D9-61DD-664C-9CA7-B840888BED4A.root
%MSG-w XrdAdaptor:  file_open 10-Jan-2024 07:34:46 CET PostProcessEvent
Data is served from fnal.gov instead of original site US-Regional-Nebraska
%MSG
10-Jan-2024 07:34:47 CET  Successfully opened file root://cmsxrootd.fnal.gov//store/mc/RunIISummer20UL16MiniAODv2/DYJetsToLL_M-4to50_HT-400to600_TuneCP5_13TeV-madgraphMLM-pythia8/MINIAODSIM/106X_mcRun2_asymptotic_v17-v2/2830000/CC3712D9-61DD-664C-9CA7-B840888BED4A.root
10-Jan-2024 07:34:54 CET  Closed file root://cmsxrootd.fnal.gov//store/mc/RunIISummer20UL16MiniAODv2/DYJetsToLL_M-4to50_HT-400to600_TuneCP5_13TeV-madgraphMLM-pythia8/MINIAODSIM/106X_mcRun2_asymptotic_v17-v2/2830000/CC3712D9-61DD-664C-9CA7-B840888BED4A.root
10-Jan-2024 07:34:54 CET  Initiating request to open file root://cmsxrootd.fnal.gov//store/mc/RunIISummer20UL16MiniAODv2/DYJetsToLL_M-4to50_HT-400to600_TuneCP5_13TeV-madgraphMLM-pythia8/MINIAODSIM/106X_mcRun2_asymptotic_v17-v2/2830000/093EBD46-BB87-3D41-B30E-CB98F1E24D14.root
%MSG-w XrdAdaptor:  file_open 10-Jan-2024 07:34:56 CET PostProcessEvent
Data is served from fnal.gov instead of original site US-Regional-Nebraska
%MSG
10-Jan-2024 07:34:57 CET  Successfully opened file root://cmsxrootd.fnal.gov//store/mc/RunIISummer20UL16MiniAODv2/DYJetsToLL_M-4to50_HT-400to600_TuneCP5_13TeV-madgraphMLM-pythia8/MINIAODSIM/106X_mcRun2_asymptotic_v17-v2/2830000/093EBD46-BB87-3D41-B30E-CB98F1E24D14.root
Begin processing the 1600001st record. Run 1, Event 2120646, LumiSection 513 on stream 0 at 10-Jan-2024 07:35:02.527 CET
10-Jan-2024 07:35:04 CET  Closed file root://cmsxrootd.fnal.gov//store/mc/RunIISummer20UL16MiniAODv2/DYJetsToLL_M-4to50_HT-400to600_TuneCP5_13TeV-madgraphMLM-pythia8/MINIAODSIM/106X_mcRun2_asymptotic_v17-v2/2830000/093EBD46-BB87-3D41-B30E-CB98F1E24D14.root
10-Jan-2024 07:35:04 CET  Initiating request to open file root://cmsxrootd.fnal.gov//store/mc/RunIISummer20UL16MiniAODv2/DYJetsToLL_M-4to50_HT-400to600_TuneCP5_13TeV-madgraphMLM-pythia8/MINIAODSIM/106X_mcRun2_asymptotic_v17-v2/2830000/6F288409-8817-1B4D-8D55-32BE51953CCB.root
%MSG-w XrdAdaptor:  file_open 10-Jan-2024 07:35:06 CET PostProcessEvent
Data is served from fnal.gov instead of original site US-Regional-Nebraska
%MSG
10-Jan-2024 07:35:06 CET  Successfully opened file root://cmsxrootd.fnal.gov//store/mc/RunIISummer20UL16MiniAODv2/DYJetsToLL_M-4to50_HT-400to600_TuneCP5_13TeV-madgraphMLM-pythia8/MINIAODSIM/106X_mcRun2_asymptotic_v17-v2/2830000/6F288409-8817-1B4D-8D55-32BE51953CCB.root
10-Jan-2024 07:35:11 CET  Closed file root://cmsxrootd.fnal.gov//store/mc/RunIISummer20UL16MiniAODv2/DYJetsToLL_M-4to50_HT-400to600_TuneCP5_13TeV-madgraphMLM-pythia8/MINIAODSIM/106X_mcRun2_asymptotic_v17-v2/2830000/6F288409-8817-1B4D-8D55-32BE51953CCB.root
10-Jan-2024 07:35:11 CET  Initiating request to open file root://cmsxrootd.fnal.gov//store/mc/RunIISummer20UL16MiniAODv2/DYJetsToLL_M-4to50_HT-400to600_TuneCP5_13TeV-madgraphMLM-pythia8/MINIAODSIM/106X_mcRun2_asymptotic_v17-v2/70000/87D180F7-EB22-6A46-9496-B722B23A2FAE.root
%MSG-w XrdAdaptor:  file_open 10-Jan-2024 07:35:14 CET PostProcessEvent
Data is served from fnal.gov instead of original site US-Regional-Nebraska
%MSG
10-Jan-2024 07:35:15 CET  Successfully opened file root://cmsxrootd.fnal.gov//store/mc/RunIISummer20UL16MiniAODv2/DYJetsToLL_M-4to50_HT-400to600_TuneCP5_13TeV-madgraphMLM-pythia8/MINIAODSIM/106X_mcRun2_asymptotic_v17-v2/70000/87D180F7-EB22-6A46-9496-B722B23A2FAE.root
Begin processing the 1700001st record. Run 1, Event 37049792, LumiSection 8948 on stream 0 at 10-Jan-2024 07:35:22.670 CET
10-Jan-2024 07:35:22 CET  Closed file root://cmsxrootd.fnal.gov//store/mc/RunIISummer20UL16MiniAODv2/DYJetsToLL_M-4to50_HT-400to600_TuneCP5_13TeV-madgraphMLM-pythia8/MINIAODSIM/106X_mcRun2_asymptotic_v17-v2/70000/87D180F7-EB22-6A46-9496-B722B23A2FAE.root
10-Jan-2024 07:35:22 CET  Initiating request to open file root://cmsxrootd.fnal.gov//store/mc/RunIISummer20UL16MiniAODv2/DYJetsToLL_M-4to50_HT-400to600_TuneCP5_13TeV-madgraphMLM-pythia8/MINIAODSIM/106X_mcRun2_asymptotic_v17-v2/70000/A5A2698E-3D7D-7D49-B737-7CFB81E076BF.root
%MSG-w XrdAdaptor:  file_open 10-Jan-2024 07:35:24 CET PostProcessEvent
Data is served from fnal.gov instead of original site US-Regional-Nebraska
%MSG
10-Jan-2024 07:35:25 CET  Successfully opened file root://cmsxrootd.fnal.gov//store/mc/RunIISummer20UL16MiniAODv2/DYJetsToLL_M-4to50_HT-400to600_TuneCP5_13TeV-madgraphMLM-pythia8/MINIAODSIM/106X_mcRun2_asymptotic_v17-v2/70000/A5A2698E-3D7D-7D49-B737-7CFB81E076BF.root
10-Jan-2024 07:35:31 CET  Closed file root://cmsxrootd.fnal.gov//store/mc/RunIISummer20UL16MiniAODv2/DYJetsToLL_M-4to50_HT-400to600_TuneCP5_13TeV-madgraphMLM-pythia8/MINIAODSIM/106X_mcRun2_asymptotic_v17-v2/70000/A5A2698E-3D7D-7D49-B737-7CFB81E076BF.root
10-Jan-2024 07:35:31 CET  Initiating request to open file root://cmsxrootd.fnal.gov//store/mc/RunIISummer20UL16MiniAODv2/DYJetsToLL_M-4to50_HT-400to600_TuneCP5_13TeV-madgraphMLM-pythia8/MINIAODSIM/106X_mcRun2_asymptotic_v17-v2/2830000/209D59CE-AA82-C443-992D-AFCA8B9D9ED7.root
%MSG-w XrdAdaptor:  file_open 10-Jan-2024 07:35:38 CET PostProcessEvent
Data is served from cms.rcac.purdue.edu instead of original site US-Regional-Nebraska
%MSG
10-Jan-2024 07:35:38 CET  Successfully opened file root://cmsxrootd.fnal.gov//store/mc/RunIISummer20UL16MiniAODv2/DYJetsToLL_M-4to50_HT-400to600_TuneCP5_13TeV-madgraphMLM-pythia8/MINIAODSIM/106X_mcRun2_asymptotic_v17-v2/2830000/209D59CE-AA82-C443-992D-AFCA8B9D9ED7.root
10-Jan-2024 07:35:49 CET  Closed file root://cmsxrootd.fnal.gov//store/mc/RunIISummer20UL16MiniAODv2/DYJetsToLL_M-4to50_HT-400to600_TuneCP5_13TeV-madgraphMLM-pythia8/MINIAODSIM/106X_mcRun2_asymptotic_v17-v2/2830000/209D59CE-AA82-C443-992D-AFCA8B9D9ED7.root
10-Jan-2024 07:35:49 CET  Initiating request to open file root://cmsxrootd.fnal.gov//store/mc/RunIISummer20UL16MiniAODv2/DYJetsToLL_M-4to50_HT-400to600_TuneCP5_13TeV-madgraphMLM-pythia8/MINIAODSIM/106X_mcRun2_asymptotic_v17-v2/2830000/B6201EA1-AB85-1C46-A74D-2E107F3F75F6.root
%MSG-w XrdAdaptor:  file_open 10-Jan-2024 07:35:52 CET PostProcessEvent
Data is served from cms.rcac.purdue.edu instead of original site US-Regional-Nebraska
%MSG
10-Jan-2024 07:35:52 CET  Successfully opened file root://cmsxrootd.fnal.gov//store/mc/RunIISummer20UL16MiniAODv2/DYJetsToLL_M-4to50_HT-400to600_TuneCP5_13TeV-madgraphMLM-pythia8/MINIAODSIM/106X_mcRun2_asymptotic_v17-v2/2830000/B6201EA1-AB85-1C46-A74D-2E107F3F75F6.root
Begin processing the 1800001st record. Run 1, Event 22633678, LumiSection 5466 on stream 0 at 10-Jan-2024 07:35:57.937 CET
10-Jan-2024 07:36:00 CET  Closed file root://cmsxrootd.fnal.gov//store/mc/RunIISummer20UL16MiniAODv2/DYJetsToLL_M-4to50_HT-400to600_TuneCP5_13TeV-madgraphMLM-pythia8/MINIAODSIM/106X_mcRun2_asymptotic_v17-v2/2830000/B6201EA1-AB85-1C46-A74D-2E107F3F75F6.root
10-Jan-2024 07:36:00 CET  Initiating request to open file root://cmsxrootd.fnal.gov//store/mc/RunIISummer20UL16MiniAODv2/DYJetsToLL_M-4to50_HT-400to600_TuneCP5_13TeV-madgraphMLM-pythia8/MINIAODSIM/106X_mcRun2_asymptotic_v17-v2/2830000/923013C9-68D3-2242-A246-8D00551148CD.root
%MSG-w XrdAdaptor:  file_open 10-Jan-2024 07:36:02 CET PostProcessEvent
Data is served from cms.rcac.purdue.edu instead of original site US-Regional-Nebraska
%MSG
10-Jan-2024 07:36:03 CET  Successfully opened file root://cmsxrootd.fnal.gov//store/mc/RunIISummer20UL16MiniAODv2/DYJetsToLL_M-4to50_HT-400to600_TuneCP5_13TeV-madgraphMLM-pythia8/MINIAODSIM/106X_mcRun2_asymptotic_v17-v2/2830000/923013C9-68D3-2242-A246-8D00551148CD.root
10-Jan-2024 07:36:09 CET  Closed file root://cmsxrootd.fnal.gov//store/mc/RunIISummer20UL16MiniAODv2/DYJetsToLL_M-4to50_HT-400to600_TuneCP5_13TeV-madgraphMLM-pythia8/MINIAODSIM/106X_mcRun2_asymptotic_v17-v2/2830000/923013C9-68D3-2242-A246-8D00551148CD.root
10-Jan-2024 07:36:09 CET  Initiating request to open file root://cmsxrootd.fnal.gov//store/mc/RunIISummer20UL16MiniAODv2/DYJetsToLL_M-4to50_HT-400to600_TuneCP5_13TeV-madgraphMLM-pythia8/MINIAODSIM/106X_mcRun2_asymptotic_v17-v2/70000/B3AC2AFA-3BB8-FB45-A3A6-AA88F4DE3C57.root
%MSG-w XrdAdaptor:  file_open 10-Jan-2024 07:36:11 CET PostProcessEvent
Data is served from fnal.gov instead of original site US-Regional-Nebraska
%MSG
10-Jan-2024 07:36:12 CET  Successfully opened file root://cmsxrootd.fnal.gov//store/mc/RunIISummer20UL16MiniAODv2/DYJetsToLL_M-4to50_HT-400to600_TuneCP5_13TeV-madgraphMLM-pythia8/MINIAODSIM/106X_mcRun2_asymptotic_v17-v2/70000/B3AC2AFA-3BB8-FB45-A3A6-AA88F4DE3C57.root
Begin processing the 1900001st record. Run 1, Event 26905821, LumiSection 6459 on stream 0 at 10-Jan-2024 07:36:19.261 CET
10-Jan-2024 07:36:19 CET  Closed file root://cmsxrootd.fnal.gov//store/mc/RunIISummer20UL16MiniAODv2/DYJetsToLL_M-4to50_HT-400to600_TuneCP5_13TeV-madgraphMLM-pythia8/MINIAODSIM/106X_mcRun2_asymptotic_v17-v2/70000/B3AC2AFA-3BB8-FB45-A3A6-AA88F4DE3C57.root
10-Jan-2024 07:36:19 CET  Initiating request to open file root://cmsxrootd.fnal.gov//store/mc/RunIISummer20UL16MiniAODv2/DYJetsToLL_M-4to50_HT-400to600_TuneCP5_13TeV-madgraphMLM-pythia8/MINIAODSIM/106X_mcRun2_asymptotic_v17-v2/2830000/317C250D-FFDD-5041-BE40-E0C35E13E448.root
%MSG-w XrdAdaptor:  file_open 10-Jan-2024 07:36:22 CET PostProcessEvent
Data is served from T2_US_Florida instead of original site US-Regional-Nebraska
%MSG
10-Jan-2024 07:36:23 CET  Successfully opened file root://cmsxrootd.fnal.gov//store/mc/RunIISummer20UL16MiniAODv2/DYJetsToLL_M-4to50_HT-400to600_TuneCP5_13TeV-madgraphMLM-pythia8/MINIAODSIM/106X_mcRun2_asymptotic_v17-v2/2830000/317C250D-FFDD-5041-BE40-E0C35E13E448.root
10-Jan-2024 07:36:28 CET  Closed file root://cmsxrootd.fnal.gov//store/mc/RunIISummer20UL16MiniAODv2/DYJetsToLL_M-4to50_HT-400to600_TuneCP5_13TeV-madgraphMLM-pythia8/MINIAODSIM/106X_mcRun2_asymptotic_v17-v2/2830000/317C250D-FFDD-5041-BE40-E0C35E13E448.root
10-Jan-2024 07:36:28 CET  Initiating request to open file root://cmsxrootd.fnal.gov//store/mc/RunIISummer20UL16MiniAODv2/DYJetsToLL_M-4to50_HT-400to600_TuneCP5_13TeV-madgraphMLM-pythia8/MINIAODSIM/106X_mcRun2_asymptotic_v17-v2/70000/3D01E5B2-5881-4C4F-990F-77DA52915635.root
%MSG-w XrdAdaptor:  file_open 10-Jan-2024 07:36:33 CET PostProcessEvent
Data is served from T2_US_Caltech instead of original site US-Regional-Nebraska
%MSG
10-Jan-2024 07:36:34 CET  Successfully opened file root://cmsxrootd.fnal.gov//store/mc/RunIISummer20UL16MiniAODv2/DYJetsToLL_M-4to50_HT-400to600_TuneCP5_13TeV-madgraphMLM-pythia8/MINIAODSIM/106X_mcRun2_asymptotic_v17-v2/70000/3D01E5B2-5881-4C4F-990F-77DA52915635.root
10-Jan-2024 07:36:39 CET  Closed file root://cmsxrootd.fnal.gov//store/mc/RunIISummer20UL16MiniAODv2/DYJetsToLL_M-4to50_HT-400to600_TuneCP5_13TeV-madgraphMLM-pythia8/MINIAODSIM/106X_mcRun2_asymptotic_v17-v2/70000/3D01E5B2-5881-4C4F-990F-77DA52915635.root
10-Jan-2024 07:36:39 CET  Initiating request to open file root://cmsxrootd.fnal.gov//store/mc/RunIISummer20UL16MiniAODv2/DYJetsToLL_M-4to50_HT-400to600_TuneCP5_13TeV-madgraphMLM-pythia8/MINIAODSIM/106X_mcRun2_asymptotic_v17-v2/2830000/C816B161-1EF5-804F-8968-66804FE18247.root
%MSG-w XrdAdaptor:  file_open 10-Jan-2024 07:36:42 CET PostProcessEvent
Data is served from T2_US_MIT instead of original site US-Regional-Nebraska
%MSG
10-Jan-2024 07:36:43 CET  Successfully opened file root://cmsxrootd.fnal.gov//store/mc/RunIISummer20UL16MiniAODv2/DYJetsToLL_M-4to50_HT-400to600_TuneCP5_13TeV-madgraphMLM-pythia8/MINIAODSIM/106X_mcRun2_asymptotic_v17-v2/2830000/C816B161-1EF5-804F-8968-66804FE18247.root
10-Jan-2024 07:36:49 CET  Closed file root://cmsxrootd.fnal.gov//store/mc/RunIISummer20UL16MiniAODv2/DYJetsToLL_M-4to50_HT-400to600_TuneCP5_13TeV-madgraphMLM-pythia8/MINIAODSIM/106X_mcRun2_asymptotic_v17-v2/2830000/C816B161-1EF5-804F-8968-66804FE18247.root
10-Jan-2024 07:36:49 CET  Initiating request to open file root://cmsxrootd.fnal.gov//store/mc/RunIISummer20UL16MiniAODv2/DYJetsToLL_M-4to50_HT-400to600_TuneCP5_13TeV-madgraphMLM-pythia8/MINIAODSIM/106X_mcRun2_asymptotic_v17-v2/70000/DF02487E-1C6C-194B-BDA9-BC605D56AE07.root
%MSG-w XrdAdaptor:  file_open 10-Jan-2024 07:36:51 CET PostProcessEvent
Data is served from fnal.gov instead of original site US-Regional-Nebraska
%MSG
10-Jan-2024 07:36:52 CET  Successfully opened file root://cmsxrootd.fnal.gov//store/mc/RunIISummer20UL16MiniAODv2/DYJetsToLL_M-4to50_HT-400to600_TuneCP5_13TeV-madgraphMLM-pythia8/MINIAODSIM/106X_mcRun2_asymptotic_v17-v2/70000/DF02487E-1C6C-194B-BDA9-BC605D56AE07.root
10-Jan-2024 07:36:56 CET  Closed file root://cmsxrootd.fnal.gov//store/mc/RunIISummer20UL16MiniAODv2/DYJetsToLL_M-4to50_HT-400to600_TuneCP5_13TeV-madgraphMLM-pythia8/MINIAODSIM/106X_mcRun2_asymptotic_v17-v2/70000/DF02487E-1C6C-194B-BDA9-BC605D56AE07.root
10-Jan-2024 07:36:56 CET  Initiating request to open file root://cmsxrootd.fnal.gov//store/mc/RunIISummer20UL16MiniAODv2/DYJetsToLL_M-4to50_HT-400to600_TuneCP5_13TeV-madgraphMLM-pythia8/MINIAODSIM/106X_mcRun2_asymptotic_v17-v2/2820000/F75F72A9-E092-2649-9F96-A4469D2AF397.root
%MSG-w XrdAdaptor:  file_open 10-Jan-2024 07:36:58 CET PostProcessEvent
Data is served from T2_US_Florida instead of original site US-Regional-Nebraska
%MSG
10-Jan-2024 07:36:59 CET  Successfully opened file root://cmsxrootd.fnal.gov//store/mc/RunIISummer20UL16MiniAODv2/DYJetsToLL_M-4to50_HT-400to600_TuneCP5_13TeV-madgraphMLM-pythia8/MINIAODSIM/106X_mcRun2_asymptotic_v17-v2/2820000/F75F72A9-E092-2649-9F96-A4469D2AF397.root
Begin processing the 2000001st record. Run 1, Event 43718001, LumiSection 10558 on stream 0 at 10-Jan-2024 07:37:05.070 CET
10-Jan-2024 07:37:05 CET  Closed file root://cmsxrootd.fnal.gov//store/mc/RunIISummer20UL16MiniAODv2/DYJetsToLL_M-4to50_HT-400to600_TuneCP5_13TeV-madgraphMLM-pythia8/MINIAODSIM/106X_mcRun2_asymptotic_v17-v2/2820000/F75F72A9-E092-2649-9F96-A4469D2AF397.root
10-Jan-2024 07:37:05 CET  Initiating request to open file root://cmsxrootd.fnal.gov//store/mc/RunIISummer20UL16MiniAODv2/DYJetsToLL_M-4to50_HT-400to600_TuneCP5_13TeV-madgraphMLM-pythia8/MINIAODSIM/106X_mcRun2_asymptotic_v17-v2/70000/E8D8A18E-6809-0E49-8516-68353A5809F0.root
%MSG-w XrdAdaptor:  file_open 10-Jan-2024 07:37:07 CET PostProcessEvent
Data is served from fnal.gov instead of original site US-Regional-Nebraska
%MSG
10-Jan-2024 07:37:07 CET  Successfully opened file root://cmsxrootd.fnal.gov//store/mc/RunIISummer20UL16MiniAODv2/DYJetsToLL_M-4to50_HT-400to600_TuneCP5_13TeV-madgraphMLM-pythia8/MINIAODSIM/106X_mcRun2_asymptotic_v17-v2/70000/E8D8A18E-6809-0E49-8516-68353A5809F0.root
10-Jan-2024 07:37:12 CET  Closed file root://cmsxrootd.fnal.gov//store/mc/RunIISummer20UL16MiniAODv2/DYJetsToLL_M-4to50_HT-400to600_TuneCP5_13TeV-madgraphMLM-pythia8/MINIAODSIM/106X_mcRun2_asymptotic_v17-v2/70000/E8D8A18E-6809-0E49-8516-68353A5809F0.root
10-Jan-2024 07:37:12 CET  Initiating request to open file root://cmsxrootd.fnal.gov//store/mc/RunIISummer20UL16MiniAODv2/DYJetsToLL_M-4to50_HT-400to600_TuneCP5_13TeV-madgraphMLM-pythia8/MINIAODSIM/106X_mcRun2_asymptotic_v17-v2/70000/37B7FC07-8E11-5B46-9334-D33DD49D6846.root
%MSG-w XrdAdaptor:  file_open 10-Jan-2024 07:37:14 CET PostProcessEvent
Data is served from fnal.gov instead of original site US-Regional-Nebraska
%MSG
10-Jan-2024 07:37:15 CET  Successfully opened file root://cmsxrootd.fnal.gov//store/mc/RunIISummer20UL16MiniAODv2/DYJetsToLL_M-4to50_HT-400to600_TuneCP5_13TeV-madgraphMLM-pythia8/MINIAODSIM/106X_mcRun2_asymptotic_v17-v2/70000/37B7FC07-8E11-5B46-9334-D33DD49D6846.root
10-Jan-2024 07:37:19 CET  Closed file root://cmsxrootd.fnal.gov//store/mc/RunIISummer20UL16MiniAODv2/DYJetsToLL_M-4to50_HT-400to600_TuneCP5_13TeV-madgraphMLM-pythia8/MINIAODSIM/106X_mcRun2_asymptotic_v17-v2/70000/37B7FC07-8E11-5B46-9334-D33DD49D6846.root
10-Jan-2024 07:37:19 CET  Initiating request to open file root://cmsxrootd.fnal.gov//store/mc/RunIISummer20UL16MiniAODv2/DYJetsToLL_M-4to50_HT-400to600_TuneCP5_13TeV-madgraphMLM-pythia8/MINIAODSIM/106X_mcRun2_asymptotic_v17-v2/2830000/383F76D4-0850-B643-852E-1282F0A38F3F.root
%MSG-w XrdAdaptor:  file_open 10-Jan-2024 07:37:22 CET PostProcessEvent
Data is served from T2_US_Vanderbilt instead of original site US-Regional-Nebraska
%MSG
10-Jan-2024 07:37:23 CET  Successfully opened file root://cmsxrootd.fnal.gov//store/mc/RunIISummer20UL16MiniAODv2/DYJetsToLL_M-4to50_HT-400to600_TuneCP5_13TeV-madgraphMLM-pythia8/MINIAODSIM/106X_mcRun2_asymptotic_v17-v2/2830000/383F76D4-0850-B643-852E-1282F0A38F3F.root
Begin processing the 2100001st record. Run 1, Event 34227242, LumiSection 8266 on stream 0 at 10-Jan-2024 07:37:32.509 CET
10-Jan-2024 07:37:32 CET  Closed file root://cmsxrootd.fnal.gov//store/mc/RunIISummer20UL16MiniAODv2/DYJetsToLL_M-4to50_HT-400to600_TuneCP5_13TeV-madgraphMLM-pythia8/MINIAODSIM/106X_mcRun2_asymptotic_v17-v2/2830000/383F76D4-0850-B643-852E-1282F0A38F3F.root
10-Jan-2024 07:37:32 CET  Initiating request to open file root://cmsxrootd.fnal.gov//store/mc/RunIISummer20UL16MiniAODv2/DYJetsToLL_M-4to50_HT-400to600_TuneCP5_13TeV-madgraphMLM-pythia8/MINIAODSIM/106X_mcRun2_asymptotic_v17-v2/2830000/8714D3A4-4CC6-5345-A4E5-3ED7FDD8104E.root
%MSG-w XrdAdaptor:  file_open 10-Jan-2024 07:37:35 CET PostProcessEvent
Data is served from T2_US_Vanderbilt instead of original site US-Regional-Nebraska
%MSG
10-Jan-2024 07:37:38 CET  Successfully opened file root://cmsxrootd.fnal.gov//store/mc/RunIISummer20UL16MiniAODv2/DYJetsToLL_M-4to50_HT-400to600_TuneCP5_13TeV-madgraphMLM-pythia8/MINIAODSIM/106X_mcRun2_asymptotic_v17-v2/2830000/8714D3A4-4CC6-5345-A4E5-3ED7FDD8104E.root
10-Jan-2024 07:37:47 CET  Closed file root://cmsxrootd.fnal.gov//store/mc/RunIISummer20UL16MiniAODv2/DYJetsToLL_M-4to50_HT-400to600_TuneCP5_13TeV-madgraphMLM-pythia8/MINIAODSIM/106X_mcRun2_asymptotic_v17-v2/2830000/8714D3A4-4CC6-5345-A4E5-3ED7FDD8104E.root
10-Jan-2024 07:37:47 CET  Initiating request to open file root://cmsxrootd.fnal.gov//store/mc/RunIISummer20UL16MiniAODv2/DYJetsToLL_M-4to50_HT-400to600_TuneCP5_13TeV-madgraphMLM-pythia8/MINIAODSIM/106X_mcRun2_asymptotic_v17-v2/70000/7C34BD41-968C-5D42-9A98-B843C1524D2F.root
%MSG-w XrdAdaptor:  file_open 10-Jan-2024 07:37:50 CET PostProcessEvent
Data is served from T2_US_Wisconsin instead of original site US-Regional-Nebraska
%MSG
10-Jan-2024 07:37:51 CET  Successfully opened file root://cmsxrootd.fnal.gov//store/mc/RunIISummer20UL16MiniAODv2/DYJetsToLL_M-4to50_HT-400to600_TuneCP5_13TeV-madgraphMLM-pythia8/MINIAODSIM/106X_mcRun2_asymptotic_v17-v2/70000/7C34BD41-968C-5D42-9A98-B843C1524D2F.root
10-Jan-2024 07:37:55 CET  Closed file root://cmsxrootd.fnal.gov//store/mc/RunIISummer20UL16MiniAODv2/DYJetsToLL_M-4to50_HT-400to600_TuneCP5_13TeV-madgraphMLM-pythia8/MINIAODSIM/106X_mcRun2_asymptotic_v17-v2/70000/7C34BD41-968C-5D42-9A98-B843C1524D2F.root
10-Jan-2024 07:37:55 CET  Initiating request to open file root://cmsxrootd.fnal.gov//store/mc/RunIISummer20UL16MiniAODv2/DYJetsToLL_M-4to50_HT-400to600_TuneCP5_13TeV-madgraphMLM-pythia8/MINIAODSIM/106X_mcRun2_asymptotic_v17-v2/70000/17E22E30-AD5B-6149-9D6F-1503FB9F864D.root
%MSG-w XrdAdaptor:  file_open 10-Jan-2024 07:37:58 CET PostProcessEvent
Data is served from T2_US_Wisconsin instead of original site US-Regional-Nebraska
%MSG
10-Jan-2024 07:37:59 CET  Successfully opened file root://cmsxrootd.fnal.gov//store/mc/RunIISummer20UL16MiniAODv2/DYJetsToLL_M-4to50_HT-400to600_TuneCP5_13TeV-madgraphMLM-pythia8/MINIAODSIM/106X_mcRun2_asymptotic_v17-v2/70000/17E22E30-AD5B-6149-9D6F-1503FB9F864D.root
10-Jan-2024 07:38:06 CET  Closed file root://cmsxrootd.fnal.gov//store/mc/RunIISummer20UL16MiniAODv2/DYJetsToLL_M-4to50_HT-400to600_TuneCP5_13TeV-madgraphMLM-pythia8/MINIAODSIM/106X_mcRun2_asymptotic_v17-v2/70000/17E22E30-AD5B-6149-9D6F-1503FB9F864D.root
10-Jan-2024 07:38:06 CET  Initiating request to open file root://cmsxrootd.fnal.gov//store/mc/RunIISummer20UL16MiniAODv2/DYJetsToLL_M-4to50_HT-400to600_TuneCP5_13TeV-madgraphMLM-pythia8/MINIAODSIM/106X_mcRun2_asymptotic_v17-v2/70000/6BFAC521-A39C-8541-ACA3-255A2413E7C9.root
%MSG-w XrdAdaptor:  file_open 10-Jan-2024 07:38:09 CET PostProcessEvent
Data is served from T2_US_Vanderbilt instead of original site US-Regional-Nebraska
%MSG
10-Jan-2024 07:38:10 CET  Successfully opened file root://cmsxrootd.fnal.gov//store/mc/RunIISummer20UL16MiniAODv2/DYJetsToLL_M-4to50_HT-400to600_TuneCP5_13TeV-madgraphMLM-pythia8/MINIAODSIM/106X_mcRun2_asymptotic_v17-v2/70000/6BFAC521-A39C-8541-ACA3-255A2413E7C9.root
10-Jan-2024 07:38:18 CET  Closed file root://cmsxrootd.fnal.gov//store/mc/RunIISummer20UL16MiniAODv2/DYJetsToLL_M-4to50_HT-400to600_TuneCP5_13TeV-madgraphMLM-pythia8/MINIAODSIM/106X_mcRun2_asymptotic_v17-v2/70000/6BFAC521-A39C-8541-ACA3-255A2413E7C9.root
10-Jan-2024 07:38:18 CET  Initiating request to open file root://cmsxrootd.fnal.gov//store/mc/RunIISummer20UL16MiniAODv2/DYJetsToLL_M-4to50_HT-400to600_TuneCP5_13TeV-madgraphMLM-pythia8/MINIAODSIM/106X_mcRun2_asymptotic_v17-v2/70000/DB79D33B-DBE3-494B-907A-88954FCFBD57.root
%MSG-w XrdAdaptor:  file_open 10-Jan-2024 07:38:20 CET PostProcessEvent
Data is served from fnal.gov instead of original site US-Regional-Nebraska
%MSG
10-Jan-2024 07:38:20 CET  Successfully opened file root://cmsxrootd.fnal.gov//store/mc/RunIISummer20UL16MiniAODv2/DYJetsToLL_M-4to50_HT-400to600_TuneCP5_13TeV-madgraphMLM-pythia8/MINIAODSIM/106X_mcRun2_asymptotic_v17-v2/70000/DB79D33B-DBE3-494B-907A-88954FCFBD57.root
Begin processing the 2200001st record. Run 1, Event 43644028, LumiSection 10540 on stream 0 at 10-Jan-2024 07:38:31.335 CET
10-Jan-2024 07:38:31 CET  Closed file root://cmsxrootd.fnal.gov//store/mc/RunIISummer20UL16MiniAODv2/DYJetsToLL_M-4to50_HT-400to600_TuneCP5_13TeV-madgraphMLM-pythia8/MINIAODSIM/106X_mcRun2_asymptotic_v17-v2/70000/DB79D33B-DBE3-494B-907A-88954FCFBD57.root
10-Jan-2024 07:38:31 CET  Initiating request to open file root://cmsxrootd.fnal.gov//store/mc/RunIISummer20UL16MiniAODv2/DYJetsToLL_M-4to50_HT-400to600_TuneCP5_13TeV-madgraphMLM-pythia8/MINIAODSIM/106X_mcRun2_asymptotic_v17-v2/70000/0A3200AA-4905-534A-AE35-ABA8F426BE76.root
%MSG-w XrdAdaptor:  file_open 10-Jan-2024 07:38:33 CET PostProcessEvent
Data is served from fnal.gov instead of original site US-Regional-Nebraska
%MSG
10-Jan-2024 07:38:34 CET  Successfully opened file root://cmsxrootd.fnal.gov//store/mc/RunIISummer20UL16MiniAODv2/DYJetsToLL_M-4to50_HT-400to600_TuneCP5_13TeV-madgraphMLM-pythia8/MINIAODSIM/106X_mcRun2_asymptotic_v17-v2/70000/0A3200AA-4905-534A-AE35-ABA8F426BE76.root
10-Jan-2024 07:38:42 CET  Closed file root://cmsxrootd.fnal.gov//store/mc/RunIISummer20UL16MiniAODv2/DYJetsToLL_M-4to50_HT-400to600_TuneCP5_13TeV-madgraphMLM-pythia8/MINIAODSIM/106X_mcRun2_asymptotic_v17-v2/70000/0A3200AA-4905-534A-AE35-ABA8F426BE76.root
10-Jan-2024 07:38:42 CET  Initiating request to open file root://cmsxrootd.fnal.gov//store/mc/RunIISummer20UL16MiniAODv2/DYJetsToLL_M-4to50_HT-400to600_TuneCP5_13TeV-madgraphMLM-pythia8/MINIAODSIM/106X_mcRun2_asymptotic_v17-v2/70000/2D701D51-59F7-6343-A8DF-876D8D60210C.root
%MSG-w XrdAdaptor:  file_open 10-Jan-2024 07:38:44 CET PostProcessEvent
Data is served from fnal.gov instead of original site US-Regional-Nebraska
%MSG
10-Jan-2024 07:38:44 CET  Successfully opened file root://cmsxrootd.fnal.gov//store/mc/RunIISummer20UL16MiniAODv2/DYJetsToLL_M-4to50_HT-400to600_TuneCP5_13TeV-madgraphMLM-pythia8/MINIAODSIM/106X_mcRun2_asymptotic_v17-v2/70000/2D701D51-59F7-6343-A8DF-876D8D60210C.root
10-Jan-2024 07:38:50 CET  Closed file root://cmsxrootd.fnal.gov//store/mc/RunIISummer20UL16MiniAODv2/DYJetsToLL_M-4to50_HT-400to600_TuneCP5_13TeV-madgraphMLM-pythia8/MINIAODSIM/106X_mcRun2_asymptotic_v17-v2/70000/2D701D51-59F7-6343-A8DF-876D8D60210C.root
10-Jan-2024 07:38:50 CET  Initiating request to open file root://cmsxrootd.fnal.gov//store/mc/RunIISummer20UL16MiniAODv2/DYJetsToLL_M-4to50_HT-400to600_TuneCP5_13TeV-madgraphMLM-pythia8/MINIAODSIM/106X_mcRun2_asymptotic_v17-v2/70000/A4B1A498-86B3-1F48-B157-377B1C794307.root
%MSG-w XrdAdaptor:  file_open 10-Jan-2024 07:38:52 CET PostProcessEvent
Data is served from fnal.gov instead of original site US-Regional-Nebraska
%MSG
10-Jan-2024 07:38:53 CET  Successfully opened file root://cmsxrootd.fnal.gov//store/mc/RunIISummer20UL16MiniAODv2/DYJetsToLL_M-4to50_HT-400to600_TuneCP5_13TeV-madgraphMLM-pythia8/MINIAODSIM/106X_mcRun2_asymptotic_v17-v2/70000/A4B1A498-86B3-1F48-B157-377B1C794307.root
Begin processing the 2300001st record. Run 1, Event 5268845, LumiSection 1273 on stream 0 at 10-Jan-2024 07:39:00.997 CET
10-Jan-2024 07:39:01 CET  Closed file root://cmsxrootd.fnal.gov//store/mc/RunIISummer20UL16MiniAODv2/DYJetsToLL_M-4to50_HT-400to600_TuneCP5_13TeV-madgraphMLM-pythia8/MINIAODSIM/106X_mcRun2_asymptotic_v17-v2/70000/A4B1A498-86B3-1F48-B157-377B1C794307.root
10-Jan-2024 07:39:01 CET  Initiating request to open file root://cmsxrootd.fnal.gov//store/mc/RunIISummer20UL16MiniAODv2/DYJetsToLL_M-4to50_HT-400to600_TuneCP5_13TeV-madgraphMLM-pythia8/MINIAODSIM/106X_mcRun2_asymptotic_v17-v2/2830000/531E9972-E6E4-2C4D-AD59-C7C061D9CA22.root
%MSG-w XrdAdaptor:  file_open 10-Jan-2024 07:39:03 CET PostProcessEvent
Data is served from fnal.gov instead of original site US-Regional-Nebraska
%MSG
10-Jan-2024 07:39:04 CET  Successfully opened file root://cmsxrootd.fnal.gov//store/mc/RunIISummer20UL16MiniAODv2/DYJetsToLL_M-4to50_HT-400to600_TuneCP5_13TeV-madgraphMLM-pythia8/MINIAODSIM/106X_mcRun2_asymptotic_v17-v2/2830000/531E9972-E6E4-2C4D-AD59-C7C061D9CA22.root
10-Jan-2024 07:39:13 CET  Closed file root://cmsxrootd.fnal.gov//store/mc/RunIISummer20UL16MiniAODv2/DYJetsToLL_M-4to50_HT-400to600_TuneCP5_13TeV-madgraphMLM-pythia8/MINIAODSIM/106X_mcRun2_asymptotic_v17-v2/2830000/531E9972-E6E4-2C4D-AD59-C7C061D9CA22.root
10-Jan-2024 07:39:13 CET  Initiating request to open file root://cmsxrootd.fnal.gov//store/mc/RunIISummer20UL16MiniAODv2/DYJetsToLL_M-4to50_HT-400to600_TuneCP5_13TeV-madgraphMLM-pythia8/MINIAODSIM/106X_mcRun2_asymptotic_v17-v2/2830000/67D97F87-F3B9-3F4B-80D4-AE79BBD59146.root
%MSG-w XrdAdaptor:  file_open 10-Jan-2024 07:39:15 CET PostProcessEvent
Data is served from fnal.gov instead of original site US-Regional-Nebraska
%MSG
10-Jan-2024 07:39:15 CET  Successfully opened file root://cmsxrootd.fnal.gov//store/mc/RunIISummer20UL16MiniAODv2/DYJetsToLL_M-4to50_HT-400to600_TuneCP5_13TeV-madgraphMLM-pythia8/MINIAODSIM/106X_mcRun2_asymptotic_v17-v2/2830000/67D97F87-F3B9-3F4B-80D4-AE79BBD59146.root
Begin processing the 2400001st record. Run 1, Event 1173552, LumiSection 284 on stream 0 at 10-Jan-2024 07:39:21.944 CET
10-Jan-2024 07:39:23 CET  Closed file root://cmsxrootd.fnal.gov//store/mc/RunIISummer20UL16MiniAODv2/DYJetsToLL_M-4to50_HT-400to600_TuneCP5_13TeV-madgraphMLM-pythia8/MINIAODSIM/106X_mcRun2_asymptotic_v17-v2/2830000/67D97F87-F3B9-3F4B-80D4-AE79BBD59146.root
10-Jan-2024 07:39:23 CET  Initiating request to open file root://cmsxrootd.fnal.gov//store/mc/RunIISummer20UL16MiniAODv2/DYJetsToLL_M-4to50_HT-400to600_TuneCP5_13TeV-madgraphMLM-pythia8/MINIAODSIM/106X_mcRun2_asymptotic_v17-v2/2830000/082E0873-CCE1-9844-AE9D-A06FEE181E79.root
%MSG-w XrdAdaptor:  file_open 10-Jan-2024 07:39:25 CET PostProcessEvent
Data is served from fnal.gov instead of original site US-Regional-Nebraska
%MSG
10-Jan-2024 07:39:26 CET  Successfully opened file root://cmsxrootd.fnal.gov//store/mc/RunIISummer20UL16MiniAODv2/DYJetsToLL_M-4to50_HT-400to600_TuneCP5_13TeV-madgraphMLM-pythia8/MINIAODSIM/106X_mcRun2_asymptotic_v17-v2/2830000/082E0873-CCE1-9844-AE9D-A06FEE181E79.root
Begin processing the 2500001st record. Run 1, Event 27743252, LumiSection 6700 on stream 0 at 10-Jan-2024 07:39:33.348 CET
10-Jan-2024 07:39:33 CET  Closed file root://cmsxrootd.fnal.gov//store/mc/RunIISummer20UL16MiniAODv2/DYJetsToLL_M-4to50_HT-400to600_TuneCP5_13TeV-madgraphMLM-pythia8/MINIAODSIM/106X_mcRun2_asymptotic_v17-v2/2830000/082E0873-CCE1-9844-AE9D-A06FEE181E79.root
10-Jan-2024 07:39:33 CET  Initiating request to open file root://cmsxrootd.fnal.gov//store/mc/RunIISummer20UL16MiniAODv2/DYJetsToLL_M-4to50_HT-400to600_TuneCP5_13TeV-madgraphMLM-pythia8/MINIAODSIM/106X_mcRun2_asymptotic_v17-v2/2830000/42A659DE-99FF-0649-97EE-B767723221D7.root
%MSG-w XrdAdaptor:  file_open 10-Jan-2024 07:39:36 CET PostProcessEvent
Data is served from fnal.gov instead of original site US-Regional-Nebraska
%MSG
10-Jan-2024 07:39:36 CET  Successfully opened file root://cmsxrootd.fnal.gov//store/mc/RunIISummer20UL16MiniAODv2/DYJetsToLL_M-4to50_HT-400to600_TuneCP5_13TeV-madgraphMLM-pythia8/MINIAODSIM/106X_mcRun2_asymptotic_v17-v2/2830000/42A659DE-99FF-0649-97EE-B767723221D7.root
10-Jan-2024 07:39:43 CET  Closed file root://cmsxrootd.fnal.gov//store/mc/RunIISummer20UL16MiniAODv2/DYJetsToLL_M-4to50_HT-400to600_TuneCP5_13TeV-madgraphMLM-pythia8/MINIAODSIM/106X_mcRun2_asymptotic_v17-v2/2830000/42A659DE-99FF-0649-97EE-B767723221D7.root
10-Jan-2024 07:39:43 CET  Initiating request to open file root://cmsxrootd.fnal.gov//store/mc/RunIISummer20UL16MiniAODv2/DYJetsToLL_M-4to50_HT-400to600_TuneCP5_13TeV-madgraphMLM-pythia8/MINIAODSIM/106X_mcRun2_asymptotic_v17-v2/2830000/9E4B5449-3151-D446-A5F6-930EE6987973.root
%MSG-w XrdAdaptor:  file_open 10-Jan-2024 07:39:46 CET PostProcessEvent
Data is served from fnal.gov instead of original site US-Regional-Nebraska
%MSG
10-Jan-2024 07:39:46 CET  Successfully opened file root://cmsxrootd.fnal.gov//store/mc/RunIISummer20UL16MiniAODv2/DYJetsToLL_M-4to50_HT-400to600_TuneCP5_13TeV-madgraphMLM-pythia8/MINIAODSIM/106X_mcRun2_asymptotic_v17-v2/2830000/9E4B5449-3151-D446-A5F6-930EE6987973.root
Begin processing the 2600001st record. Run 1, Event 11627815, LumiSection 2808 on stream 0 at 10-Jan-2024 07:39:53.525 CET
10-Jan-2024 07:39:54 CET  Closed file root://cmsxrootd.fnal.gov//store/mc/RunIISummer20UL16MiniAODv2/DYJetsToLL_M-4to50_HT-400to600_TuneCP5_13TeV-madgraphMLM-pythia8/MINIAODSIM/106X_mcRun2_asymptotic_v17-v2/2830000/9E4B5449-3151-D446-A5F6-930EE6987973.root
10-Jan-2024 07:39:54 CET  Initiating request to open file root://cmsxrootd.fnal.gov//store/mc/RunIISummer20UL16MiniAODv2/DYJetsToLL_M-4to50_HT-400to600_TuneCP5_13TeV-madgraphMLM-pythia8/MINIAODSIM/106X_mcRun2_asymptotic_v17-v2/2830000/47A08945-01C4-9643-8848-6405EE092376.root
%MSG-w XrdAdaptor:  file_open 10-Jan-2024 07:39:56 CET PostProcessEvent
Data is served from fnal.gov instead of original site US-Regional-Nebraska
%MSG
10-Jan-2024 07:39:57 CET  Successfully opened file root://cmsxrootd.fnal.gov//store/mc/RunIISummer20UL16MiniAODv2/DYJetsToLL_M-4to50_HT-400to600_TuneCP5_13TeV-madgraphMLM-pythia8/MINIAODSIM/106X_mcRun2_asymptotic_v17-v2/2830000/47A08945-01C4-9643-8848-6405EE092376.root
10-Jan-2024 07:40:04 CET  Closed file root://cmsxrootd.fnal.gov//store/mc/RunIISummer20UL16MiniAODv2/DYJetsToLL_M-4to50_HT-400to600_TuneCP5_13TeV-madgraphMLM-pythia8/MINIAODSIM/106X_mcRun2_asymptotic_v17-v2/2830000/47A08945-01C4-9643-8848-6405EE092376.root
10-Jan-2024 07:40:04 CET  Initiating request to open file root://cmsxrootd.fnal.gov//store/mc/RunIISummer20UL16MiniAODv2/DYJetsToLL_M-4to50_HT-400to600_TuneCP5_13TeV-madgraphMLM-pythia8/MINIAODSIM/106X_mcRun2_asymptotic_v17-v2/2830000/2AB8C1D8-AEF3-164F-A023-8A8712C37978.root
%MSG-w XrdAdaptor:  file_open 10-Jan-2024 07:40:06 CET PostProcessEvent
Data is served from fnal.gov instead of original site US-Regional-Nebraska
%MSG
10-Jan-2024 07:40:07 CET  Successfully opened file root://cmsxrootd.fnal.gov//store/mc/RunIISummer20UL16MiniAODv2/DYJetsToLL_M-4to50_HT-400to600_TuneCP5_13TeV-madgraphMLM-pythia8/MINIAODSIM/106X_mcRun2_asymptotic_v17-v2/2830000/2AB8C1D8-AEF3-164F-A023-8A8712C37978.root
Begin processing the 2700001st record. Run 1, Event 25924103, LumiSection 6261 on stream 0 at 10-Jan-2024 07:40:13.073 CET
10-Jan-2024 07:40:14 CET  Closed file root://cmsxrootd.fnal.gov//store/mc/RunIISummer20UL16MiniAODv2/DYJetsToLL_M-4to50_HT-400to600_TuneCP5_13TeV-madgraphMLM-pythia8/MINIAODSIM/106X_mcRun2_asymptotic_v17-v2/2830000/2AB8C1D8-AEF3-164F-A023-8A8712C37978.root
10-Jan-2024 07:40:14 CET  Initiating request to open file root://cmsxrootd.fnal.gov//store/mc/RunIISummer20UL16MiniAODv2/DYJetsToLL_M-4to50_HT-400to600_TuneCP5_13TeV-madgraphMLM-pythia8/MINIAODSIM/106X_mcRun2_asymptotic_v17-v2/2830000/3CB36DC3-66C6-1E42-932C-DC29F508E33B.root
%MSG-w XrdAdaptor:  file_open 10-Jan-2024 07:40:16 CET PostProcessEvent
Data is served from fnal.gov instead of original site US-Regional-Nebraska
%MSG
10-Jan-2024 07:40:16 CET  Successfully opened file root://cmsxrootd.fnal.gov//store/mc/RunIISummer20UL16MiniAODv2/DYJetsToLL_M-4to50_HT-400to600_TuneCP5_13TeV-madgraphMLM-pythia8/MINIAODSIM/106X_mcRun2_asymptotic_v17-v2/2830000/3CB36DC3-66C6-1E42-932C-DC29F508E33B.root
Begin processing the 2800001st record. Run 1, Event 15927057, LumiSection 3847 on stream 0 at 10-Jan-2024 07:40:23.867 CET
10-Jan-2024 07:40:24 CET  Closed file root://cmsxrootd.fnal.gov//store/mc/RunIISummer20UL16MiniAODv2/DYJetsToLL_M-4to50_HT-400to600_TuneCP5_13TeV-madgraphMLM-pythia8/MINIAODSIM/106X_mcRun2_asymptotic_v17-v2/2830000/3CB36DC3-66C6-1E42-932C-DC29F508E33B.root
10-Jan-2024 07:40:24 CET  Initiating request to open file root://cmsxrootd.fnal.gov//store/mc/RunIISummer20UL16MiniAODv2/DYJetsToLL_M-4to50_HT-400to600_TuneCP5_13TeV-madgraphMLM-pythia8/MINIAODSIM/106X_mcRun2_asymptotic_v17-v2/2830000/4983FB9D-82C2-A749-AFD6-F02DFFE58CFB.root
%MSG-w XrdAdaptor:  file_open 10-Jan-2024 07:40:26 CET PostProcessEvent
Data is served from fnal.gov instead of original site US-Regional-Nebraska
%MSG
10-Jan-2024 07:40:26 CET  Successfully opened file root://cmsxrootd.fnal.gov//store/mc/RunIISummer20UL16MiniAODv2/DYJetsToLL_M-4to50_HT-400to600_TuneCP5_13TeV-madgraphMLM-pythia8/MINIAODSIM/106X_mcRun2_asymptotic_v17-v2/2830000/4983FB9D-82C2-A749-AFD6-F02DFFE58CFB.root
10-Jan-2024 07:40:37 CET  Closed file root://cmsxrootd.fnal.gov//store/mc/RunIISummer20UL16MiniAODv2/DYJetsToLL_M-4to50_HT-400to600_TuneCP5_13TeV-madgraphMLM-pythia8/MINIAODSIM/106X_mcRun2_asymptotic_v17-v2/2830000/4983FB9D-82C2-A749-AFD6-F02DFFE58CFB.root
10-Jan-2024 07:40:37 CET  Initiating request to open file root://cmsxrootd.fnal.gov//store/mc/RunIISummer20UL16MiniAODv2/DYJetsToLL_M-4to50_HT-400to600_TuneCP5_13TeV-madgraphMLM-pythia8/MINIAODSIM/106X_mcRun2_asymptotic_v17-v2/2830000/5540F10A-4091-D244-A5BC-4BC5B02204AB.root
%MSG-w XrdAdaptor:  file_open 10-Jan-2024 07:40:41 CET PostProcessEvent
Data is served from T2_US_Nebraska instead of original site US-Regional-Nebraska
%MSG
10-Jan-2024 07:40:41 CET  Successfully opened file root://cmsxrootd.fnal.gov//store/mc/RunIISummer20UL16MiniAODv2/DYJetsToLL_M-4to50_HT-400to600_TuneCP5_13TeV-madgraphMLM-pythia8/MINIAODSIM/106X_mcRun2_asymptotic_v17-v2/2830000/5540F10A-4091-D244-A5BC-4BC5B02204AB.root
Begin processing the 2900001st record. Run 1, Event 24711124, LumiSection 5968 on stream 0 at 10-Jan-2024 07:40:49.541 CET
10-Jan-2024 07:40:50 CET  Closed file root://cmsxrootd.fnal.gov//store/mc/RunIISummer20UL16MiniAODv2/DYJetsToLL_M-4to50_HT-400to600_TuneCP5_13TeV-madgraphMLM-pythia8/MINIAODSIM/106X_mcRun2_asymptotic_v17-v2/2830000/5540F10A-4091-D244-A5BC-4BC5B02204AB.root
10-Jan-2024 07:40:50 CET  Initiating request to open file root://cmsxrootd.fnal.gov//store/mc/RunIISummer20UL16MiniAODv2/DYJetsToLL_M-4to50_HT-400to600_TuneCP5_13TeV-madgraphMLM-pythia8/MINIAODSIM/106X_mcRun2_asymptotic_v17-v2/2830000/2789E854-AAA7-964D-9514-C846FA4F34D9.root
%MSG-w XrdAdaptor:  file_open 10-Jan-2024 07:40:53 CET PostProcessEvent
Data is served from T2_US_Nebraska instead of original site US-Regional-Nebraska
%MSG
10-Jan-2024 07:40:54 CET  Successfully opened file root://cmsxrootd.fnal.gov//store/mc/RunIISummer20UL16MiniAODv2/DYJetsToLL_M-4to50_HT-400to600_TuneCP5_13TeV-madgraphMLM-pythia8/MINIAODSIM/106X_mcRun2_asymptotic_v17-v2/2830000/2789E854-AAA7-964D-9514-C846FA4F34D9.root
10-Jan-2024 07:41:02 CET  Closed file root://cmsxrootd.fnal.gov//store/mc/RunIISummer20UL16MiniAODv2/DYJetsToLL_M-4to50_HT-400to600_TuneCP5_13TeV-madgraphMLM-pythia8/MINIAODSIM/106X_mcRun2_asymptotic_v17-v2/2830000/2789E854-AAA7-964D-9514-C846FA4F34D9.root
10-Jan-2024 07:41:02 CET  Initiating request to open file root://cmsxrootd.fnal.gov//store/mc/RunIISummer20UL16MiniAODv2/DYJetsToLL_M-4to50_HT-400to600_TuneCP5_13TeV-madgraphMLM-pythia8/MINIAODSIM/106X_mcRun2_asymptotic_v17-v2/2830000/6CB9EF8E-8F11-C24B-9431-AF25D82DEF33.root
%MSG-w XrdAdaptor:  file_open 10-Jan-2024 07:41:06 CET PostProcessEvent
Data is served from T2_US_Nebraska instead of original site US-Regional-Nebraska
%MSG
10-Jan-2024 07:41:06 CET  Successfully opened file root://cmsxrootd.fnal.gov//store/mc/RunIISummer20UL16MiniAODv2/DYJetsToLL_M-4to50_HT-400to600_TuneCP5_13TeV-madgraphMLM-pythia8/MINIAODSIM/106X_mcRun2_asymptotic_v17-v2/2830000/6CB9EF8E-8F11-C24B-9431-AF25D82DEF33.root
Begin processing the 3000001st record. Run 1, Event 5926753, LumiSection 1432 on stream 0 at 10-Jan-2024 07:41:13.845 CET
10-Jan-2024 07:41:14 CET  Closed file root://cmsxrootd.fnal.gov//store/mc/RunIISummer20UL16MiniAODv2/DYJetsToLL_M-4to50_HT-400to600_TuneCP5_13TeV-madgraphMLM-pythia8/MINIAODSIM/106X_mcRun2_asymptotic_v17-v2/2830000/6CB9EF8E-8F11-C24B-9431-AF25D82DEF33.root
10-Jan-2024 07:41:14 CET  Initiating request to open file root://cmsxrootd.fnal.gov//store/mc/RunIISummer20UL16MiniAODv2/DYJetsToLL_M-4to50_HT-400to600_TuneCP5_13TeV-madgraphMLM-pythia8/MINIAODSIM/106X_mcRun2_asymptotic_v17-v2/2830000/D14CC551-E620-3442-B72F-04559A64E14A.root
%MSG-w XrdAdaptor:  file_open 10-Jan-2024 07:41:15 CET PostProcessEvent
Data is served from fnal.gov instead of original site US-Regional-Nebraska
%MSG
10-Jan-2024 07:41:16 CET  Successfully opened file root://cmsxrootd.fnal.gov//store/mc/RunIISummer20UL16MiniAODv2/DYJetsToLL_M-4to50_HT-400to600_TuneCP5_13TeV-madgraphMLM-pythia8/MINIAODSIM/106X_mcRun2_asymptotic_v17-v2/2830000/D14CC551-E620-3442-B72F-04559A64E14A.root
10-Jan-2024 07:41:23 CET  Closed file root://cmsxrootd.fnal.gov//store/mc/RunIISummer20UL16MiniAODv2/DYJetsToLL_M-4to50_HT-400to600_TuneCP5_13TeV-madgraphMLM-pythia8/MINIAODSIM/106X_mcRun2_asymptotic_v17-v2/2830000/D14CC551-E620-3442-B72F-04559A64E14A.root
10-Jan-2024 07:41:23 CET  Initiating request to open file root://cmsxrootd.fnal.gov//store/mc/RunIISummer20UL16MiniAODv2/DYJetsToLL_M-4to50_HT-400to600_TuneCP5_13TeV-madgraphMLM-pythia8/MINIAODSIM/106X_mcRun2_asymptotic_v17-v2/2830000/86EC60A7-841D-9549-922E-82D77B87F5B6.root
%MSG-w XrdAdaptor:  file_open 10-Jan-2024 07:41:26 CET PostProcessEvent
Data is served from fnal.gov instead of original site US-Regional-Nebraska
%MSG
10-Jan-2024 07:41:26 CET  Successfully opened file root://cmsxrootd.fnal.gov//store/mc/RunIISummer20UL16MiniAODv2/DYJetsToLL_M-4to50_HT-400to600_TuneCP5_13TeV-madgraphMLM-pythia8/MINIAODSIM/106X_mcRun2_asymptotic_v17-v2/2830000/86EC60A7-841D-9549-922E-82D77B87F5B6.root
Begin processing the 3100001st record. Run 1, Event 32910268, LumiSection 7948 on stream 0 at 10-Jan-2024 07:41:36.253 CET
10-Jan-2024 07:41:37 CET  Closed file root://cmsxrootd.fnal.gov//store/mc/RunIISummer20UL16MiniAODv2/DYJetsToLL_M-4to50_HT-400to600_TuneCP5_13TeV-madgraphMLM-pythia8/MINIAODSIM/106X_mcRun2_asymptotic_v17-v2/2830000/86EC60A7-841D-9549-922E-82D77B87F5B6.root
10-Jan-2024 07:41:37 CET  Initiating request to open file root://cmsxrootd.fnal.gov//store/mc/RunIISummer20UL16MiniAODv2/DYJetsToLL_M-4to50_HT-400to600_TuneCP5_13TeV-madgraphMLM-pythia8/MINIAODSIM/106X_mcRun2_asymptotic_v17-v2/2830000/97FF1814-C1BB-2249-B180-27FC11463B2E.root
%MSG-w XrdAdaptor:  file_open 10-Jan-2024 07:41:39 CET PostProcessEvent
Data is served from fnal.gov instead of original site US-Regional-Nebraska
%MSG
10-Jan-2024 07:41:39 CET  Successfully opened file root://cmsxrootd.fnal.gov//store/mc/RunIISummer20UL16MiniAODv2/DYJetsToLL_M-4to50_HT-400to600_TuneCP5_13TeV-madgraphMLM-pythia8/MINIAODSIM/106X_mcRun2_asymptotic_v17-v2/2830000/97FF1814-C1BB-2249-B180-27FC11463B2E.root
10-Jan-2024 07:41:45 CET  Closed file root://cmsxrootd.fnal.gov//store/mc/RunIISummer20UL16MiniAODv2/DYJetsToLL_M-4to50_HT-400to600_TuneCP5_13TeV-madgraphMLM-pythia8/MINIAODSIM/106X_mcRun2_asymptotic_v17-v2/2830000/97FF1814-C1BB-2249-B180-27FC11463B2E.root
10-Jan-2024 07:41:45 CET  Initiating request to open file root://cmsxrootd.fnal.gov//store/mc/RunIISummer20UL16MiniAODv2/DYJetsToLL_M-4to50_HT-400to600_TuneCP5_13TeV-madgraphMLM-pythia8/MINIAODSIM/106X_mcRun2_asymptotic_v17-v2/70000/D7342096-CDFA-534E-9929-BEC2C16D30A4.root
%MSG-w XrdAdaptor:  file_open 10-Jan-2024 07:41:47 CET PostProcessEvent
Data is served from fnal.gov instead of original site US-Regional-Nebraska
%MSG
10-Jan-2024 07:41:48 CET  Successfully opened file root://cmsxrootd.fnal.gov//store/mc/RunIISummer20UL16MiniAODv2/DYJetsToLL_M-4to50_HT-400to600_TuneCP5_13TeV-madgraphMLM-pythia8/MINIAODSIM/106X_mcRun2_asymptotic_v17-v2/70000/D7342096-CDFA-534E-9929-BEC2C16D30A4.root
10-Jan-2024 07:41:53 CET  Closed file root://cmsxrootd.fnal.gov//store/mc/RunIISummer20UL16MiniAODv2/DYJetsToLL_M-4to50_HT-400to600_TuneCP5_13TeV-madgraphMLM-pythia8/MINIAODSIM/106X_mcRun2_asymptotic_v17-v2/70000/D7342096-CDFA-534E-9929-BEC2C16D30A4.root
10-Jan-2024 07:41:53 CET  Initiating request to open file root://cmsxrootd.fnal.gov//store/mc/RunIISummer20UL16MiniAODv2/DYJetsToLL_M-4to50_HT-400to600_TuneCP5_13TeV-madgraphMLM-pythia8/MINIAODSIM/106X_mcRun2_asymptotic_v17-v2/2830000/2B5A5615-73B7-3941-9D07-661F9C151260.root
%MSG-w XrdAdaptor:  file_open 10-Jan-2024 07:41:55 CET PostProcessEvent
Data is served from fnal.gov instead of original site US-Regional-Nebraska
%MSG
10-Jan-2024 07:41:56 CET  Successfully opened file root://cmsxrootd.fnal.gov//store/mc/RunIISummer20UL16MiniAODv2/DYJetsToLL_M-4to50_HT-400to600_TuneCP5_13TeV-madgraphMLM-pythia8/MINIAODSIM/106X_mcRun2_asymptotic_v17-v2/2830000/2B5A5615-73B7-3941-9D07-661F9C151260.root
Begin processing the 3200001st record. Run 1, Event 1934578, LumiSection 468 on stream 0 at 10-Jan-2024 07:42:02.898 CET
10-Jan-2024 07:42:03 CET  Closed file root://cmsxrootd.fnal.gov//store/mc/RunIISummer20UL16MiniAODv2/DYJetsToLL_M-4to50_HT-400to600_TuneCP5_13TeV-madgraphMLM-pythia8/MINIAODSIM/106X_mcRun2_asymptotic_v17-v2/2830000/2B5A5615-73B7-3941-9D07-661F9C151260.root
10-Jan-2024 07:42:03 CET  Initiating request to open file root://cmsxrootd.fnal.gov//store/mc/RunIISummer20UL16MiniAODv2/DYJetsToLL_M-4to50_HT-400to600_TuneCP5_13TeV-madgraphMLM-pythia8/MINIAODSIM/106X_mcRun2_asymptotic_v17-v2/2830000/46E8D606-A089-064A-A21A-04CC2058C01E.root
%MSG-w XrdAdaptor:  file_open 10-Jan-2024 07:42:05 CET PostProcessEvent
Data is served from fnal.gov instead of original site US-Regional-Nebraska
%MSG
10-Jan-2024 07:42:06 CET  Successfully opened file root://cmsxrootd.fnal.gov//store/mc/RunIISummer20UL16MiniAODv2/DYJetsToLL_M-4to50_HT-400to600_TuneCP5_13TeV-madgraphMLM-pythia8/MINIAODSIM/106X_mcRun2_asymptotic_v17-v2/2830000/46E8D606-A089-064A-A21A-04CC2058C01E.root
10-Jan-2024 07:42:14 CET  Closed file root://cmsxrootd.fnal.gov//store/mc/RunIISummer20UL16MiniAODv2/DYJetsToLL_M-4to50_HT-400to600_TuneCP5_13TeV-madgraphMLM-pythia8/MINIAODSIM/106X_mcRun2_asymptotic_v17-v2/2830000/46E8D606-A089-064A-A21A-04CC2058C01E.root
10-Jan-2024 07:42:14 CET  Initiating request to open file root://cmsxrootd.fnal.gov//store/mc/RunIISummer20UL16MiniAODv2/DYJetsToLL_M-4to50_HT-400to600_TuneCP5_13TeV-madgraphMLM-pythia8/MINIAODSIM/106X_mcRun2_asymptotic_v17-v2/70000/D1B2DD7C-C478-3742-BEB6-2EBC624300B6.root
%MSG-w XrdAdaptor:  file_open 10-Jan-2024 07:42:17 CET PostProcessEvent
Data is served from T2_US_MIT instead of original site US-Regional-Nebraska
%MSG
10-Jan-2024 07:42:17 CET  Successfully opened file root://cmsxrootd.fnal.gov//store/mc/RunIISummer20UL16MiniAODv2/DYJetsToLL_M-4to50_HT-400to600_TuneCP5_13TeV-madgraphMLM-pythia8/MINIAODSIM/106X_mcRun2_asymptotic_v17-v2/70000/D1B2DD7C-C478-3742-BEB6-2EBC624300B6.root
Begin processing the 3300001st record. Run 1, Event 26867990, LumiSection 6326 on stream 0 at 10-Jan-2024 07:42:23.678 CET
10-Jan-2024 07:42:24 CET  Closed file root://cmsxrootd.fnal.gov//store/mc/RunIISummer20UL16MiniAODv2/DYJetsToLL_M-4to50_HT-400to600_TuneCP5_13TeV-madgraphMLM-pythia8/MINIAODSIM/106X_mcRun2_asymptotic_v17-v2/70000/D1B2DD7C-C478-3742-BEB6-2EBC624300B6.root
10-Jan-2024 07:42:24 CET  Initiating request to open file root://cmsxrootd.fnal.gov//store/mc/RunIISummer20UL16MiniAODv2/DYJetsToLL_M-4to50_HT-400to600_TuneCP5_13TeV-madgraphMLM-pythia8/MINIAODSIM/106X_mcRun2_asymptotic_v17-v2/70000/02C0B1E8-89ED-3443-8527-6F710CE6A291.root
%MSG-w XrdAdaptor:  file_open 10-Jan-2024 07:42:27 CET PostProcessEvent
Data is served from T2_US_MIT instead of original site US-Regional-Nebraska
%MSG
10-Jan-2024 07:42:28 CET  Successfully opened file root://cmsxrootd.fnal.gov//store/mc/RunIISummer20UL16MiniAODv2/DYJetsToLL_M-4to50_HT-400to600_TuneCP5_13TeV-madgraphMLM-pythia8/MINIAODSIM/106X_mcRun2_asymptotic_v17-v2/70000/02C0B1E8-89ED-3443-8527-6F710CE6A291.root
10-Jan-2024 07:42:35 CET  Closed file root://cmsxrootd.fnal.gov//store/mc/RunIISummer20UL16MiniAODv2/DYJetsToLL_M-4to50_HT-400to600_TuneCP5_13TeV-madgraphMLM-pythia8/MINIAODSIM/106X_mcRun2_asymptotic_v17-v2/70000/02C0B1E8-89ED-3443-8527-6F710CE6A291.root
10-Jan-2024 07:42:35 CET  Initiating request to open file root://cmsxrootd.fnal.gov//store/mc/RunIISummer20UL16MiniAODv2/DYJetsToLL_M-4to50_HT-400to600_TuneCP5_13TeV-madgraphMLM-pythia8/MINIAODSIM/106X_mcRun2_asymptotic_v17-v2/70000/0D417044-3A81-A84D-87D9-847549FCB567.root
%MSG-w XrdAdaptor:  file_open 10-Jan-2024 07:42:38 CET PostProcessEvent
Data is served from T2_US_MIT instead of original site US-Regional-Nebraska
%MSG
10-Jan-2024 07:42:39 CET  Successfully opened file root://cmsxrootd.fnal.gov//store/mc/RunIISummer20UL16MiniAODv2/DYJetsToLL_M-4to50_HT-400to600_TuneCP5_13TeV-madgraphMLM-pythia8/MINIAODSIM/106X_mcRun2_asymptotic_v17-v2/70000/0D417044-3A81-A84D-87D9-847549FCB567.root
Begin processing the 3400001st record. Run 1, Event 22665133, LumiSection 5474 on stream 0 at 10-Jan-2024 07:42:56.261 CET
10-Jan-2024 07:42:58 CET  Closed file root://cmsxrootd.fnal.gov//store/mc/RunIISummer20UL16MiniAODv2/DYJetsToLL_M-4to50_HT-400to600_TuneCP5_13TeV-madgraphMLM-pythia8/MINIAODSIM/106X_mcRun2_asymptotic_v17-v2/70000/0D417044-3A81-A84D-87D9-847549FCB567.root
10-Jan-2024 07:42:58 CET  Initiating request to open file root://cmsxrootd.fnal.gov//store/mc/RunIISummer20UL16MiniAODv2/DYJetsToLL_M-4to50_HT-400to600_TuneCP5_13TeV-madgraphMLM-pythia8/MINIAODSIM/106X_mcRun2_asymptotic_v17-v2/70000/D7B14BC7-06DC-3543-B0A3-930776D8BF9B.root
%MSG-w XrdAdaptor:  file_open 10-Jan-2024 07:43:01 CET PostProcessEvent
Data is served from T2_US_MIT instead of original site US-Regional-Nebraska
%MSG
10-Jan-2024 07:43:02 CET  Successfully opened file root://cmsxrootd.fnal.gov//store/mc/RunIISummer20UL16MiniAODv2/DYJetsToLL_M-4to50_HT-400to600_TuneCP5_13TeV-madgraphMLM-pythia8/MINIAODSIM/106X_mcRun2_asymptotic_v17-v2/70000/D7B14BC7-06DC-3543-B0A3-930776D8BF9B.root
Begin processing the 3500001st record. Run 1, Event 25797345, LumiSection 6230 on stream 0 at 10-Jan-2024 07:43:10.675 CET
10-Jan-2024 07:43:11 CET  Closed file root://cmsxrootd.fnal.gov//store/mc/RunIISummer20UL16MiniAODv2/DYJetsToLL_M-4to50_HT-400to600_TuneCP5_13TeV-madgraphMLM-pythia8/MINIAODSIM/106X_mcRun2_asymptotic_v17-v2/70000/D7B14BC7-06DC-3543-B0A3-930776D8BF9B.root
10-Jan-2024 07:43:11 CET  Initiating request to open file root://cmsxrootd.fnal.gov//store/mc/RunIISummer20UL16MiniAODv2/DYJetsToLL_M-4to50_HT-400to600_TuneCP5_13TeV-madgraphMLM-pythia8/MINIAODSIM/106X_mcRun2_asymptotic_v17-v2/70000/8EBC4F34-3FA3-7447-95FD-6ECA7E0AEB97.root
%MSG-w XrdAdaptor:  file_open 10-Jan-2024 07:43:13 CET PostProcessEvent
Data is served from T2_US_MIT instead of original site US-Regional-Nebraska
%MSG
10-Jan-2024 07:43:14 CET  Successfully opened file root://cmsxrootd.fnal.gov//store/mc/RunIISummer20UL16MiniAODv2/DYJetsToLL_M-4to50_HT-400to600_TuneCP5_13TeV-madgraphMLM-pythia8/MINIAODSIM/106X_mcRun2_asymptotic_v17-v2/70000/8EBC4F34-3FA3-7447-95FD-6ECA7E0AEB97.root
10-Jan-2024 07:43:22 CET  Closed file root://cmsxrootd.fnal.gov//store/mc/RunIISummer20UL16MiniAODv2/DYJetsToLL_M-4to50_HT-400to600_TuneCP5_13TeV-madgraphMLM-pythia8/MINIAODSIM/106X_mcRun2_asymptotic_v17-v2/70000/8EBC4F34-3FA3-7447-95FD-6ECA7E0AEB97.root
10-Jan-2024 07:43:22 CET  Initiating request to open file root://cmsxrootd.fnal.gov//store/mc/RunIISummer20UL16MiniAODv2/DYJetsToLL_M-4to50_HT-400to600_TuneCP5_13TeV-madgraphMLM-pythia8/MINIAODSIM/106X_mcRun2_asymptotic_v17-v2/70000/661788D8-0F4E-BE40-8A59-EA94C6712570.root
%MSG-w XrdAdaptor:  file_open 10-Jan-2024 07:43:25 CET PostProcessEvent
Data is served from T2_US_MIT instead of original site US-Regional-Nebraska
%MSG
10-Jan-2024 07:43:26 CET  Successfully opened file root://cmsxrootd.fnal.gov//store/mc/RunIISummer20UL16MiniAODv2/DYJetsToLL_M-4to50_HT-400to600_TuneCP5_13TeV-madgraphMLM-pythia8/MINIAODSIM/106X_mcRun2_asymptotic_v17-v2/70000/661788D8-0F4E-BE40-8A59-EA94C6712570.root
Begin processing the 3600001st record. Run 1, Event 9366364, LumiSection 2262 on stream 0 at 10-Jan-2024 07:43:32.068 CET
10-Jan-2024 07:43:33 CET  Closed file root://cmsxrootd.fnal.gov//store/mc/RunIISummer20UL16MiniAODv2/DYJetsToLL_M-4to50_HT-400to600_TuneCP5_13TeV-madgraphMLM-pythia8/MINIAODSIM/106X_mcRun2_asymptotic_v17-v2/70000/661788D8-0F4E-BE40-8A59-EA94C6712570.root
10-Jan-2024 07:43:33 CET  Initiating request to open file root://cmsxrootd.fnal.gov//store/mc/RunIISummer20UL16MiniAODv2/DYJetsToLL_M-4to50_HT-400to600_TuneCP5_13TeV-madgraphMLM-pythia8/MINIAODSIM/106X_mcRun2_asymptotic_v17-v2/70000/DC91DD39-CEA0-534D-B9C1-367B8A48EBE8.root
%MSG-w XrdAdaptor:  file_open 10-Jan-2024 07:43:35 CET PostProcessEvent
Data is served from T2_US_MIT instead of original site US-Regional-Nebraska
%MSG
10-Jan-2024 07:43:35 CET  Successfully opened file root://cmsxrootd.fnal.gov//store/mc/RunIISummer20UL16MiniAODv2/DYJetsToLL_M-4to50_HT-400to600_TuneCP5_13TeV-madgraphMLM-pythia8/MINIAODSIM/106X_mcRun2_asymptotic_v17-v2/70000/DC91DD39-CEA0-534D-B9C1-367B8A48EBE8.root
10-Jan-2024 07:43:42 CET  Closed file root://cmsxrootd.fnal.gov//store/mc/RunIISummer20UL16MiniAODv2/DYJetsToLL_M-4to50_HT-400to600_TuneCP5_13TeV-madgraphMLM-pythia8/MINIAODSIM/106X_mcRun2_asymptotic_v17-v2/70000/DC91DD39-CEA0-534D-B9C1-367B8A48EBE8.root
10-Jan-2024 07:43:42 CET  Initiating request to open file root://cmsxrootd.fnal.gov//store/mc/RunIISummer20UL16MiniAODv2/DYJetsToLL_M-4to50_HT-400to600_TuneCP5_13TeV-madgraphMLM-pythia8/MINIAODSIM/106X_mcRun2_asymptotic_v17-v2/70000/D72BB6B0-B6DF-0540-8518-6079A4F39223.root
%MSG-w XrdAdaptor:  file_open 10-Jan-2024 07:43:45 CET PostProcessEvent
Data is served from T2_US_MIT instead of original site US-Regional-Nebraska
%MSG
10-Jan-2024 07:43:45 CET  Successfully opened file root://cmsxrootd.fnal.gov//store/mc/RunIISummer20UL16MiniAODv2/DYJetsToLL_M-4to50_HT-400to600_TuneCP5_13TeV-madgraphMLM-pythia8/MINIAODSIM/106X_mcRun2_asymptotic_v17-v2/70000/D72BB6B0-B6DF-0540-8518-6079A4F39223.root
Begin processing the 3700001st record. Run 1, Event 26692100, LumiSection 6446 on stream 0 at 10-Jan-2024 07:43:51.807 CET
10-Jan-2024 07:43:52 CET  Closed file root://cmsxrootd.fnal.gov//store/mc/RunIISummer20UL16MiniAODv2/DYJetsToLL_M-4to50_HT-400to600_TuneCP5_13TeV-madgraphMLM-pythia8/MINIAODSIM/106X_mcRun2_asymptotic_v17-v2/70000/D72BB6B0-B6DF-0540-8518-6079A4F39223.root
10-Jan-2024 07:43:52 CET  Initiating request to open file root://cmsxrootd.fnal.gov//store/mc/RunIISummer20UL16MiniAODv2/DYJetsToLL_M-4to50_HT-400to600_TuneCP5_13TeV-madgraphMLM-pythia8/MINIAODSIM/106X_mcRun2_asymptotic_v17-v2/70000/26EDDB96-75B7-1D41-B510-6B53C7D0CC65.root
%MSG-w XrdAdaptorInternal:  file_open 10-Jan-2024 07:43:54 CET PostProcessEvent
Failed to open file at URL root://eos-c01.cms.rcac.purdue.edu:1102//store/mc/RunIISummer20UL16MiniAODv2/DYJetsToLL_M-4to50_HT-400to600_TuneCP5_13TeV-madgraphMLM-pythia8/MINIAODSIM/106X_mcRun2_asymptotic_v17-v2/70000/26EDDB96-75B7-1D41-B510-6B53C7D0CC65.root?cap.msg=d9J3goYSFLAUInNxGNsU1Ur8UvaMAWcICOqppuMfSEMFeKsPR13YF75ampMwWejEWI8etKZol8+oA+H+obcH5TGaX0yfZ/NsHRxUtflYCTIMpJzw/i596JPUcq7bbf8aPm5NO9L9TpZoTa53+Arr+THor93RTC2jk9LNrd+jg4R3Rec313zWiJNKgTxSUbPY1AhP/GPbJvQ+HNLCySFrZ0TgPJjX+h4z2MP6DO4haAru+aOjOoyR7SnMKp+7wz4kwXS87b3MmwBuoW+y0MF8p8xB7bw6zgpmUfMmX7SLzNsXu0it372ZSdXJwU4O7HdE+FIEIp/FVKtl2mwAb/1XSTtcbdCV9RYvVwWbW4F2NZwP67eVWdX6IgiSbFiI/+Ha29ONtbvrwLX4gSdY0i2ZLtmosLe4IP7cuzNooCto6QImbFuBV2diOLrmmh3nB4DsOrc25eSZA2Dvdj6CuIms9yJGMeFuIeDvq19lPS2NyPtSC8RqJltIODmZatisvOcyt2E1yA1d8xJT8lyQfLF3YnpwlB9DaoTombuZr0H0Ru4vEPuKRggFm5aZcPQb9pci6I/5RY/aV6M45kHrnJE0BnUfCeYZbXREgQE9hdt1rFnukz/9yXuOnVrkpGBEm43P2CiOtIR5/V90Q/olyEqrkFfYmPEya3lKoGVSAXllDW9xQnY8m3j4FEROlW2XkNpiOoX23vSPKaJECBNEkJqTY/AWyG0+gJIPzC91eWRkeyM+djTEq7+Ha/wSVTZjQQr3Hv/BYOpIEfXfusD2y5CM9P8OXheS9DRW8v+BHtRthMKcv5WcinWFpyn5MHGqFsDYxg1HPkCLqxsGLvXenpFkQWnd8zIRvb/y59tW5ISG/ClaYr0U4lW+w/Ra5P20yaXqY6NyIDpwy70=&cap.sym=xU6mGpv9T0+hMNHFH2SXcWOdliY=&eos.clientinfo=zbase64:MDAwMDAwNmZ4nBXIQQ6EIAxG4at4gWnAhQuSHkbbn0jiCCk0xtvPsPveqw13ssGBtnUpNR0PlztPdTmhHCbH28CH5wyDztGsVFbk3a8x+7+LQQaj9o+ESPLtZLILNTd1ENRTjGH9AYYhJuE=&mgm.blockchecksum=ignore&mgm.id=00112a87&mgm.logid=9f3d2d5a-af83-11ee-b839-5c6f69a9c0f0&mgm.mtime=1670164808&mgm.replicahead=1&mgm.replicaindex=1.
%MSG
%MSG-w XrdAdaptorInternal:  file_open 10-Jan-2024 07:43:55 CET PostProcessEvent
Failed to open file at URL root://eos-c01.cms.rcac.purdue.edu:1102//store/mc/RunIISummer20UL16MiniAODv2/DYJetsToLL_M-4to50_HT-400to600_TuneCP5_13TeV-madgraphMLM-pythia8/MINIAODSIM/106X_mcRun2_asymptotic_v17-v2/70000/26EDDB96-75B7-1D41-B510-6B53C7D0CC65.root?cap.msg=d9J3goYSFLAUInNxGNsU1Ur8UvaMAWcICOqppuMfSEMFeKsPR13YF75ampMwWejEWI8etKZol8+oA+H+obcH5TGaX0yfZ/NsHRxUtflYCTIMpJzw/i596JPUcq7bbf8aPm5NO9L9TpZoTa53+Arr+THor93RTC2jk9LNrd+jg4R3Rec313zWiJNKgTxSUbPY1AhP/GPbJvQ+HNLCySFrZ0TgPJjX+h4z2MP6DO4haAru+aOjOoyR7SnMKp+7wz4kwXS87b3MmwBuoW+y0MF8p8xB7bw6zgpmUfMmX7SLzNsXu0it372ZSdXJwU4O7HdE+FIEIp/FVKtl2mwAb/1XSTtcbdCV9RYvVwWbW4F2NZwP67eVWdX6IgiSbFiI/+Ha29ONtbvrwLX4gSdY0i2ZLtmosLe4IP7cuzNooCto6QImbFuBV2diOLrmmh3nB4DsOrc25eSZA2Dvdj6CuIms9yJGMeFuIeDvq19lPS2NyPtSC8RqJltIODmZatisvOcyt2E1yA1d8xJT8lyQfLF3YnpwlB9DaoTombuZr0H0Ru4vEPuKRggFm5aZcPQb9pci6I/5RY/aV6M45kHrnJE0BnUfCeYZbXREgQE9hdt1rFnukz/9yXuOnVrkpGBEm43P2CiOtIR5/V90Q/olyEqrkFfYmPEya3lKoGVSAXllDW9xQnY8m3j4FEROlW2XkNpiOoX23vSPKaJECBNEkJqTY/AWyG0+gJIPzC91eWRkeyM+djTEq7+Ha/wSVTZjQQr3Hv/BYOpIEfXfusD2y5CM9P8OXheS9DRW8v+BHtRthMKcv5WcinWFpyn5MHGqFsDYxg1HPkCLqxsGLvXenpFkQWnd8zIRvb/y59tW5ISG/ClaYr0U4lW+w/Ra5P20yaXqv0SOgbviDGU=&cap.sym=xU6mGpv9T0+hMNHFH2SXcWOdliY=&eos.clientinfo=zbase64:MDAwMDAwNmZ4nBXIQQrDMAwF0avkAhF2yKYGHSaRvqmhjY1sUXr7xLs3UxuuZIMD7a+l1HT+uFx5qssbymFy/Bv49Jxh0DmalcqKfPhnzH52Mchg1L5KiCTfTiaHUHNTB0E9xRi2G4gTJuY=&mgm.blockchecksum=ignore&mgm.id=00112a87&mgm.logid=9fcaa23e-af83-11ee-b839-5c6f69a9c0f0&mgm.mtime=1670164808&mgm.replicahead=1&mgm.replicaindex=1&tried=.
%MSG
----- Begin Fatal Exception 10-Jan-2024 07:43:55 CET-----------------------
An exception of category 'FileOpenError' occurred while
   [0] Calling InputSource::readFile_
   [1] Calling RootFileSequenceBase::initTheFile()
   [2] Calling StorageFactory::open()
   [3] Calling XrdFile::open()
Exception Message:
Failed to open the file 'root://cmsxrootd.fnal.gov//store/mc/RunIISummer20UL16MiniAODv2/DYJetsToLL_M-4to50_HT-400to600_TuneCP5_13TeV-madgraphMLM-pythia8/MINIAODSIM/106X_mcRun2_asymptotic_v17-v2/70000/26EDDB96-75B7-1D41-B510-6B53C7D0CC65.root'
   Additional Info:
      [a] Input file root://cmsxrootd.fnal.gov//store/mc/RunIISummer20UL16MiniAODv2/DYJetsToLL_M-4to50_HT-400to600_TuneCP5_13TeV-madgraphMLM-pythia8/MINIAODSIM/106X_mcRun2_asymptotic_v17-v2/70000/26EDDB96-75B7-1D41-B510-6B53C7D0CC65.root could not be opened.
      [b] XrdCl::File::Open(name='root://cmsxrootd.fnal.gov//store/mc/RunIISummer20UL16MiniAODv2/DYJetsToLL_M-4to50_HT-400to600_TuneCP5_13TeV-madgraphMLM-pythia8/MINIAODSIM/106X_mcRun2_asymptotic_v17-v2/70000/26EDDB96-75B7-1D41-B510-6B53C7D0CC65.root', flags=0x10, permissions=0660) => error '[ERROR] Server responded with an error: [3000] Unable to open - cannot determine the prefix path to use for the given filesystem id /store/mc/RunIISummer20UL16MiniAODv2/DYJetsToLL_M-4to50_HT-400to600_TuneCP5_13TeV-madgraphMLM-pythia8/MINIAODSIM/106X_mcRun2_asymptotic_v17-v2/70000/26EDDB96-75B7-1D41-B510-6B53C7D0CC65.root; invalid argument
' (errno=3000, code=400). No additional data servers were found.
      [c] Last URL tried: root://eos-c01.cms.rcac.purdue.edu:1102//store/mc/RunIISummer20UL16MiniAODv2/DYJetsToLL_M-4to50_HT-400to600_TuneCP5_13TeV-madgraphMLM-pythia8/MINIAODSIM/106X_mcRun2_asymptotic_v17-v2/70000/26EDDB96-75B7-1D41-B510-6B53C7D0CC65.root?cap.msg=d9J3goYSFLAUInNxGNsU1Ur8UvaMAWcICOqppuMfSEMFeKsPR13YF75ampMwWejEWI8etKZol8+oA+H+obcH5TGaX0yfZ/NsHRxUtflYCTIMpJzw/i596JPUcq7bbf8aPm5NO9L9TpZoTa53+Arr+THor93RTC2jk9LNrd+jg4R3Rec313zWiJNKgTxSUbPY1AhP/GPbJvQ+HNLCySFrZ0TgPJjX+h4z2MP6DO4haAru+aOjOoyR7SnMKp+7wz4kwXS87b3MmwBuoW+y0MF8p8xB7bw6zgpmUfMmX7SLzNsXu0it372ZSdXJwU4O7HdE+FIEIp/FVKtl2mwAb/1XSTtcbdCV9RYvVwWbW4F2NZwP67eVWdX6IgiSbFiI/+Ha29ONtbvrwLX4gSdY0i2ZLtmosLe4IP7cuzNooCto6QImbFuBV2diOLrmmh3nB4DsOrc25eSZA2Dvdj6CuIms9yJGMeFuIeDvq19lPS2NyPtSC8RqJltIODmZatisvOcyt2E1yA1d8xJT8lyQfLF3YnpwlB9DaoTombuZr0H0Ru4vEPuKRggFm5aZcPQb9pci6I/5RY/aV6M45kHrnJE0BnUfCeYZbXREgQE9hdt1rFnukz/9yXuOnVrkpGBEm43P2CiOtIR5/V90Q/olyEqrkFfYmPEya3lKoGVSAXllDW9xQnY8m3j4FEROlW2XkNpiOoX23vSPKaJECBNEkJqTY/AWyG0+gJIPzC91eWRkeyM+djTEq7+Ha/wSVTZjQQr3Hv/BYOpIEfXfusD2y5CM9P8OXheS9DRW8v+BHtRthMKcv5WcinWFpyn5MHGqFsDYxg1HPkCLqxsGLvXenpFkQWnd8zIRvb/y59tW5ISG/ClaYr0U4lW+w/Ra5P20yaXqv0SOgbviDGU=&cap.sym=xU6mGpv9T0+hMNHFH2SXcWOdliY=&eos.clientinfo=zbase64:MDAwMDAwNmZ4nBXIQQrDMAwF0avkAhF2yKYGHSaRvqmhjY1sUXr7xLs3UxuuZIMD7a+l1HT+uFx5qssbymFy/Bv49Jxh0DmalcqKfPhnzH52Mchg1L5KiCTfTiaHUHNTB0E9xRi2G4gTJuY=&mgm.blockchecksum=ignore&mgm.id=00112a87&mgm.logid=9fcaa23e-af83-11ee-b839-5c6f69a9c0f0&mgm.mtime=1670164808&mgm.replicahead=1&mgm.replicaindex=1&tried=
      [d] Problematic data server: eos-c01.cms.rcac.purdue.edu:1102
      [e] Disabled source: eos-c01.cms.rcac.purdue.edu:1102
----- End Fatal Exception -------------------------------------------------
      0.009156      0.000428      0.009260             1
     10.767840      0.075662      0.009260             3
      2.387665      0.035120      0.009260             2
     25.183040      0.121904      0.009260             4
 

------------------------------------
GenXsecAnalyzer:
------------------------------------
-------------------------------------------------------------------------------------------------------------------------------------------------------------------------- 
Overall cross-section summary 
--------------------------------------------------------------------------------------------------------------------------------------------------------------------------
Process		xsec_before [pb]		passed	nposw	nnegw	tried	nposw	nnegw 	xsec_match [pb]			accepted [%]	 event_eff [%]
0		1.652e-02 +/- 6.130e-06		2278	2278	0	17974	17974	0	2.094e-03 +/- 4.101e-05		12.7 +/- 0.2	12.7 +/- 0.2
1		2.384e+00 +/- 4.016e-04		272496	272496	0	2181989	2181989	0	2.977e-01 +/- 5.359e-04		12.5 +/- 0.0	12.5 +/- 0.0
2		1.074e+01 +/- 8.463e-04		693912	693912	0	9861346	9861346	0	7.554e-01 +/- 8.764e-04		7.0 +/- 0.0	7.0 +/- 0.0
3		2.540e+01 +/- 1.328e-03		2752777	2752777	0	23153270	23153270	0	3.020e+00 +/- 1.716e-03		11.9 +/- 0.0	11.9 +/- 0.0
-------------------------------------------------------------------------------------------------------------------------------------------------------------------------- 
Total		3.853e+01 +/- 1.625e-03		3721463	3721463	0	35214579	35214579	0	4.072e+00 +/- 2.004e-03		10.6 +/- 0.0	10.6 +/- 0.0
--------------------------------------------------------------------------------------------------------------------------------------------------------------------------
Before matching: total cross section = 3.853e+01 +- 1.625e-03 pb
After matching: total cross section = 4.072e+00 +- 2.004e-03 pb
Matching efficiency = 0.1 +/- 0.0   [TO BE USED IN MCM]
Filter efficiency (taking into account weights)= (3.72146e+06) / (3.72146e+06) = 1.000e+00 +- 0.000e+00
Filter efficiency (event-level)= (3.72146e+06) / (3.72146e+06) = 1.000e+00 +- 0.000e+00    [TO BE USED IN MCM]

After filter: final cross section = 4.072e+00 +- 2.004e-03 pb
After filter: final fraction of events with negative weights = 0.000e+00 +- 0.000e+00
After filter: final equivalent lumi for 1M events (1/fb) = 2.456e+02 +- 2.737e-01

=============================================

MessageLogger Summary

 type     category        sev    module        subroutine        count    total
 ---- -------------------- -- ---------------- ----------------  -----    -----
    1 GenXSecAnalyzer      -w GenXSecAnalyzer:                      18       18
    2 XrdAdaptor           -w file_open                             83       83
    3 XrdAdaptorInternal   -w file_open                              2        2
    4 Fatal Exception      -s AfterFile                              1        1
    5 fileAction           -s file_close                            83       83
    6 fileAction           -s file_open                            167      167

 type    category    Examples: run/evt        run/evt          run/evt
 ---- -------------------- ---------------- ---------------- ----------------
    1 GenXSecAnalyzer      PostGlobalEndRun PostGlobalEndRun PostGlobalEndRun
    2 XrdAdaptor           pre-events       PostProcessEvent PostProcessEvent
    3 XrdAdaptorInternal   PostProcessEvent PostProcessEvent 
    4 Fatal Exception      PostProcessEvent                  
    5 fileAction           PostProcessEvent PostProcessEvent PostProcessEvent
    6 fileAction           pre-events       pre-events       PostProcessEvent

Severity    # Occurrences   Total Occurrences
--------    -------------   -----------------
Warning               103                 103
System                251                 251

dropped waiting message count 0
