11-Jan-2024 15:38:02 CET  Initiating request to open file root://cmsxrootd.fnal.gov//store/mc/RunIISummer20UL16MiniAODv2/DYToEE_M-4500To6000_TuneCP5_13TeV-powheg-pythia8/MINIAODSIM/106X_mcRun2_asymptotic_v17-v1/2830000/1BCB0755-6EBE-4D4E-967F-639BCD999CE9.root
Unable to load sec.protocol plugin libXrdSecztn.so
%MSG-w XrdAdaptor:  file_open 11-Jan-2024 15:38:07 CET pre-events
Data is served from fnal.gov instead of original site US-Regional-Nebraska
%MSG
11-Jan-2024 15:38:10 CET  Successfully opened file root://cmsxrootd.fnal.gov//store/mc/RunIISummer20UL16MiniAODv2/DYToEE_M-4500To6000_TuneCP5_13TeV-powheg-pythia8/MINIAODSIM/106X_mcRun2_asymptotic_v17-v1/2830000/1BCB0755-6EBE-4D4E-967F-639BCD999CE9.root
Unable to load sec.protocol plugin libXrdSecztn.so
Unable to load sec.protocol plugin libXrdSecztn.so
Begin processing the 1st record. Run 1, Event 10, LumiSection 1 on stream 0 at 11-Jan-2024 15:38:36.763 CET
      0.000000      0.000000      1.000000         10011
 
11-Jan-2024 15:38:36 CET  Closed file root://cmsxrootd.fnal.gov//store/mc/RunIISummer20UL16MiniAODv2/DYToEE_M-4500To6000_TuneCP5_13TeV-powheg-pythia8/MINIAODSIM/106X_mcRun2_asymptotic_v17-v1/2830000/1BCB0755-6EBE-4D4E-967F-639BCD999CE9.root

------------------------------------
GenXsecAnalyzer:
------------------------------------
-------------------------------------------------------------------------------------------------------------------------------------------------------------------------- 
Overall cross-section summary 
--------------------------------------------------------------------------------------------------------------------------------------------------------------------------
Process		xsec_before [pb]		passed	nposw	nnegw	tried	nposw	nnegw 	xsec_match [pb]			accepted [%]	 event_eff [%]
0		3.654e-07 +/- 6.609e-11		2500	2500	0	2500	2500	0	3.654e-07 +/- 6.609e-11		100.0 +/- 0.0	100.0 +/- 0.0
-------------------------------------------------------------------------------------------------------------------------------------------------------------------------- 
Total		3.654e-07 +/- 6.609e-11		2500	2500	0	2500	2500	0	3.654e-07 +/- 6.609e-11		100.0 +/- 0.0	100.0 +/- 0.0
--------------------------------------------------------------------------------------------------------------------------------------------------------------------------
Before matching: total cross section = 3.654e-07 +- 6.609e-11 pb
After matching: total cross section = 3.654e-07 +- 6.609e-11 pb
Matching efficiency = 1.0 +/- 0.0   [TO BE USED IN MCM]
Filter efficiency (taking into account weights)= (0.000913608) / (0.000913608) = 1.000e+00 +- 0.000e+00
Filter efficiency (event-level)= (2500) / (2500) = 1.000e+00 +- 0.000e+00    [TO BE USED IN MCM]

After filter: final cross section = 3.654e-07 +- 6.609e-11 pb
After filter: final fraction of events with negative weights = 0.000e+00 +- 0.000e+00
After filter: final equivalent lumi for 1M events (1/fb) = 2.736e+09 +- 2.781e+06

=============================================

MessageLogger Summary

 type     category        sev    module        subroutine        count    total
 ---- -------------------- -- ---------------- ----------------  -----    -----
    1 GenXSecAnalyzer      -w GenXSecAnalyzer:                      15       15
    2 XrdAdaptor           -w file_open                              1        1
    3 fileAction           -s file_close                             1        1
    4 fileAction           -s file_open                              2        2

 type    category    Examples: run/evt        run/evt          run/evt
 ---- -------------------- ---------------- ---------------- ----------------
    1 GenXSecAnalyzer      PostGlobalEndRun PostGlobalEndRun PostGlobalEndRun
    2 XrdAdaptor           pre-events                        
    3 fileAction           PostGlobalEndRun                  
    4 fileAction           pre-events       pre-events       

Severity    # Occurrences   Total Occurrences
--------    -------------   -----------------
Warning                16                  16
System                  3                   3

dropped waiting message count 0
