13-Dec-2023 23:33:02 CET  Initiating request to open file root://cmsxrootd.fnal.gov//store/mc/RunIISummer20UL16MiniAODv2/DY4JetsToLL_M-10to50_MatchEWPDG20_TuneCP5_13TeV-madgraphMLM-pythia8/MINIAODSIM/106X_mcRun2_asymptotic_v17-v1/130000/A4CEACBC-248C-1346-9A97-0ECDCC238C67.root
%MSG-w XrdAdaptor:  file_open 13-Dec-2023 23:33:08 CET pre-events
Data is served from cms.rcac.purdue.edu instead of original site US-Regional-Nebraska
%MSG
13-Dec-2023 23:33:12 CET  Successfully opened file root://cmsxrootd.fnal.gov//store/mc/RunIISummer20UL16MiniAODv2/DY4JetsToLL_M-10to50_MatchEWPDG20_TuneCP5_13TeV-madgraphMLM-pythia8/MINIAODSIM/106X_mcRun2_asymptotic_v17-v1/130000/A4CEACBC-248C-1346-9A97-0ECDCC238C67.root
Begin processing the 1st record. Run 1, Event 11436780, LumiSection 3077 on stream 0 at 13-Dec-2023 23:33:16.848 CET
13-Dec-2023 23:33:17 CET  Closed file root://cmsxrootd.fnal.gov//store/mc/RunIISummer20UL16MiniAODv2/DY4JetsToLL_M-10to50_MatchEWPDG20_TuneCP5_13TeV-madgraphMLM-pythia8/MINIAODSIM/106X_mcRun2_asymptotic_v17-v1/130000/A4CEACBC-248C-1346-9A97-0ECDCC238C67.root
13-Dec-2023 23:33:17 CET  Initiating request to open file root://cmsxrootd.fnal.gov//store/mc/RunIISummer20UL16MiniAODv2/DY4JetsToLL_M-10to50_MatchEWPDG20_TuneCP5_13TeV-madgraphMLM-pythia8/MINIAODSIM/106X_mcRun2_asymptotic_v17-v1/130000/DCB5BC4B-3DCF-574D-A5DE-868DE8181F3E.root
%MSG-w XrdAdaptor:  file_open 13-Dec-2023 23:33:21 CET PostProcessEvent
Data is served from T2_US_Wisconsin instead of original site US-Regional-Nebraska
%MSG
13-Dec-2023 23:33:22 CET  Successfully opened file root://cmsxrootd.fnal.gov//store/mc/RunIISummer20UL16MiniAODv2/DY4JetsToLL_M-10to50_MatchEWPDG20_TuneCP5_13TeV-madgraphMLM-pythia8/MINIAODSIM/106X_mcRun2_asymptotic_v17-v1/130000/DCB5BC4B-3DCF-574D-A5DE-868DE8181F3E.root
13-Dec-2023 23:33:33 CET  Closed file root://cmsxrootd.fnal.gov//store/mc/RunIISummer20UL16MiniAODv2/DY4JetsToLL_M-10to50_MatchEWPDG20_TuneCP5_13TeV-madgraphMLM-pythia8/MINIAODSIM/106X_mcRun2_asymptotic_v17-v1/130000/DCB5BC4B-3DCF-574D-A5DE-868DE8181F3E.root
13-Dec-2023 23:33:33 CET  Initiating request to open file root://cmsxrootd.fnal.gov//store/mc/RunIISummer20UL16MiniAODv2/DY4JetsToLL_M-10to50_MatchEWPDG20_TuneCP5_13TeV-madgraphMLM-pythia8/MINIAODSIM/106X_mcRun2_asymptotic_v17-v1/130000/23AAF138-3CF7-7A4D-BDFF-94B56EF2C02B.root
%MSG-w XrdAdaptor:  file_open 13-Dec-2023 23:33:36 CET PostProcessEvent
Data is served from T2_US_Wisconsin instead of original site US-Regional-Nebraska
%MSG
13-Dec-2023 23:33:37 CET  Successfully opened file root://cmsxrootd.fnal.gov//store/mc/RunIISummer20UL16MiniAODv2/DY4JetsToLL_M-10to50_MatchEWPDG20_TuneCP5_13TeV-madgraphMLM-pythia8/MINIAODSIM/106X_mcRun2_asymptotic_v17-v1/130000/23AAF138-3CF7-7A4D-BDFF-94B56EF2C02B.root
13-Dec-2023 23:33:45 CET  Closed file root://cmsxrootd.fnal.gov//store/mc/RunIISummer20UL16MiniAODv2/DY4JetsToLL_M-10to50_MatchEWPDG20_TuneCP5_13TeV-madgraphMLM-pythia8/MINIAODSIM/106X_mcRun2_asymptotic_v17-v1/130000/23AAF138-3CF7-7A4D-BDFF-94B56EF2C02B.root
13-Dec-2023 23:33:45 CET  Initiating request to open file root://cmsxrootd.fnal.gov//store/mc/RunIISummer20UL16MiniAODv2/DY4JetsToLL_M-10to50_MatchEWPDG20_TuneCP5_13TeV-madgraphMLM-pythia8/MINIAODSIM/106X_mcRun2_asymptotic_v17-v1/270000/020839F7-EBCF-3E42-A214-C7D8923C0922.root
Unable to load sec.protocol plugin libXrdSecztn.so
%MSG-w XrdAdaptor:  file_open 13-Dec-2023 23:33:49 CET PostProcessEvent
Data is served from fnal.gov instead of original site US-Regional-Nebraska
%MSG
13-Dec-2023 23:33:50 CET  Successfully opened file root://cmsxrootd.fnal.gov//store/mc/RunIISummer20UL16MiniAODv2/DY4JetsToLL_M-10to50_MatchEWPDG20_TuneCP5_13TeV-madgraphMLM-pythia8/MINIAODSIM/106X_mcRun2_asymptotic_v17-v1/270000/020839F7-EBCF-3E42-A214-C7D8923C0922.root
13-Dec-2023 23:33:54 CET  Closed file root://cmsxrootd.fnal.gov//store/mc/RunIISummer20UL16MiniAODv2/DY4JetsToLL_M-10to50_MatchEWPDG20_TuneCP5_13TeV-madgraphMLM-pythia8/MINIAODSIM/106X_mcRun2_asymptotic_v17-v1/270000/020839F7-EBCF-3E42-A214-C7D8923C0922.root
13-Dec-2023 23:33:54 CET  Initiating request to open file root://cmsxrootd.fnal.gov//store/mc/RunIISummer20UL16MiniAODv2/DY4JetsToLL_M-10to50_MatchEWPDG20_TuneCP5_13TeV-madgraphMLM-pythia8/MINIAODSIM/106X_mcRun2_asymptotic_v17-v1/120000/C2CD122F-A7BC-C84B-A54E-CC8C42FB268A.root
%MSG-w XrdAdaptor:  file_open 13-Dec-2023 23:33:58 CET PostProcessEvent
Data is served from T2_US_Caltech instead of original site US-Regional-Nebraska
%MSG
13-Dec-2023 23:33:59 CET  Successfully opened file root://cmsxrootd.fnal.gov//store/mc/RunIISummer20UL16MiniAODv2/DY4JetsToLL_M-10to50_MatchEWPDG20_TuneCP5_13TeV-madgraphMLM-pythia8/MINIAODSIM/106X_mcRun2_asymptotic_v17-v1/120000/C2CD122F-A7BC-C84B-A54E-CC8C42FB268A.root
Begin processing the 100001st record. Run 1, Event 1214857, LumiSection 327 on stream 0 at 13-Dec-2023 23:34:10.821 CET
13-Dec-2023 23:34:12 CET  Closed file root://cmsxrootd.fnal.gov//store/mc/RunIISummer20UL16MiniAODv2/DY4JetsToLL_M-10to50_MatchEWPDG20_TuneCP5_13TeV-madgraphMLM-pythia8/MINIAODSIM/106X_mcRun2_asymptotic_v17-v1/120000/C2CD122F-A7BC-C84B-A54E-CC8C42FB268A.root
13-Dec-2023 23:34:12 CET  Initiating request to open file root://cmsxrootd.fnal.gov//store/mc/RunIISummer20UL16MiniAODv2/DY4JetsToLL_M-10to50_MatchEWPDG20_TuneCP5_13TeV-madgraphMLM-pythia8/MINIAODSIM/106X_mcRun2_asymptotic_v17-v1/120000/D61B7D6C-C214-604C-8801-8170721F435A.root
Unable to load sec.protocol plugin libXrdSecztn.so
%MSG-w XrdAdaptor:  file_open 13-Dec-2023 23:34:15 CET PostProcessEvent
Data is served from fnal.gov instead of original site US-Regional-Nebraska
%MSG
13-Dec-2023 23:34:16 CET  Successfully opened file root://cmsxrootd.fnal.gov//store/mc/RunIISummer20UL16MiniAODv2/DY4JetsToLL_M-10to50_MatchEWPDG20_TuneCP5_13TeV-madgraphMLM-pythia8/MINIAODSIM/106X_mcRun2_asymptotic_v17-v1/120000/D61B7D6C-C214-604C-8801-8170721F435A.root
13-Dec-2023 23:34:19 CET  Closed file root://cmsxrootd.fnal.gov//store/mc/RunIISummer20UL16MiniAODv2/DY4JetsToLL_M-10to50_MatchEWPDG20_TuneCP5_13TeV-madgraphMLM-pythia8/MINIAODSIM/106X_mcRun2_asymptotic_v17-v1/120000/D61B7D6C-C214-604C-8801-8170721F435A.root
13-Dec-2023 23:34:19 CET  Initiating request to open file root://cmsxrootd.fnal.gov//store/mc/RunIISummer20UL16MiniAODv2/DY4JetsToLL_M-10to50_MatchEWPDG20_TuneCP5_13TeV-madgraphMLM-pythia8/MINIAODSIM/106X_mcRun2_asymptotic_v17-v1/270000/46D18A95-7135-1C42-90A9-B71CB5E688C1.root
%MSG-w XrdAdaptor:  file_open 13-Dec-2023 23:34:23 CET PostProcessEvent
Data is served from T2_US_Vanderbilt instead of original site US-Regional-Nebraska
%MSG
13-Dec-2023 23:34:24 CET  Successfully opened file root://cmsxrootd.fnal.gov//store/mc/RunIISummer20UL16MiniAODv2/DY4JetsToLL_M-10to50_MatchEWPDG20_TuneCP5_13TeV-madgraphMLM-pythia8/MINIAODSIM/106X_mcRun2_asymptotic_v17-v1/270000/46D18A95-7135-1C42-90A9-B71CB5E688C1.root
13-Dec-2023 23:34:41 CET  Closed file root://cmsxrootd.fnal.gov//store/mc/RunIISummer20UL16MiniAODv2/DY4JetsToLL_M-10to50_MatchEWPDG20_TuneCP5_13TeV-madgraphMLM-pythia8/MINIAODSIM/106X_mcRun2_asymptotic_v17-v1/270000/46D18A95-7135-1C42-90A9-B71CB5E688C1.root
13-Dec-2023 23:34:41 CET  Initiating request to open file root://cmsxrootd.fnal.gov//store/mc/RunIISummer20UL16MiniAODv2/DY4JetsToLL_M-10to50_MatchEWPDG20_TuneCP5_13TeV-madgraphMLM-pythia8/MINIAODSIM/106X_mcRun2_asymptotic_v17-v1/120000/3B6B3BCB-AFB5-ED4A-B888-FB5FE719FB20.root
%MSG-w XrdAdaptor:  file_open 13-Dec-2023 23:34:45 CET PostProcessEvent
Data is served from T2_US_Florida instead of original site US-Regional-Nebraska
%MSG
13-Dec-2023 23:34:45 CET  Successfully opened file root://cmsxrootd.fnal.gov//store/mc/RunIISummer20UL16MiniAODv2/DY4JetsToLL_M-10to50_MatchEWPDG20_TuneCP5_13TeV-madgraphMLM-pythia8/MINIAODSIM/106X_mcRun2_asymptotic_v17-v1/120000/3B6B3BCB-AFB5-ED4A-B888-FB5FE719FB20.root
13-Dec-2023 23:34:51 CET  Closed file root://cmsxrootd.fnal.gov//store/mc/RunIISummer20UL16MiniAODv2/DY4JetsToLL_M-10to50_MatchEWPDG20_TuneCP5_13TeV-madgraphMLM-pythia8/MINIAODSIM/106X_mcRun2_asymptotic_v17-v1/120000/3B6B3BCB-AFB5-ED4A-B888-FB5FE719FB20.root
13-Dec-2023 23:34:51 CET  Initiating request to open file root://cmsxrootd.fnal.gov//store/mc/RunIISummer20UL16MiniAODv2/DY4JetsToLL_M-10to50_MatchEWPDG20_TuneCP5_13TeV-madgraphMLM-pythia8/MINIAODSIM/106X_mcRun2_asymptotic_v17-v1/120000/766A8C1C-C479-9B43-AFA4-EA3F7A7F011E.root
%MSG-w XrdAdaptor:  file_open 13-Dec-2023 23:34:54 CET PostProcessEvent
Data is served from cms.rcac.purdue.edu instead of original site US-Regional-Nebraska
%MSG
13-Dec-2023 23:34:55 CET  Successfully opened file root://cmsxrootd.fnal.gov//store/mc/RunIISummer20UL16MiniAODv2/DY4JetsToLL_M-10to50_MatchEWPDG20_TuneCP5_13TeV-madgraphMLM-pythia8/MINIAODSIM/106X_mcRun2_asymptotic_v17-v1/120000/766A8C1C-C479-9B43-AFA4-EA3F7A7F011E.root
Begin processing the 200001st record. Run 1, Event 10357895, LumiSection 2786 on stream 0 at 13-Dec-2023 23:35:05.333 CET
13-Dec-2023 23:35:06 CET  Closed file root://cmsxrootd.fnal.gov//store/mc/RunIISummer20UL16MiniAODv2/DY4JetsToLL_M-10to50_MatchEWPDG20_TuneCP5_13TeV-madgraphMLM-pythia8/MINIAODSIM/106X_mcRun2_asymptotic_v17-v1/120000/766A8C1C-C479-9B43-AFA4-EA3F7A7F011E.root
13-Dec-2023 23:35:06 CET  Initiating request to open file root://cmsxrootd.fnal.gov//store/mc/RunIISummer20UL16MiniAODv2/DY4JetsToLL_M-10to50_MatchEWPDG20_TuneCP5_13TeV-madgraphMLM-pythia8/MINIAODSIM/106X_mcRun2_asymptotic_v17-v1/120000/F58F9492-6EE4-3647-A588-8AAC58CF4130.root
%MSG-w XrdAdaptor:  file_open 13-Dec-2023 23:35:08 CET PostProcessEvent
Data is served from fnal.gov instead of original site US-Regional-Nebraska
%MSG
13-Dec-2023 23:35:08 CET  Successfully opened file root://cmsxrootd.fnal.gov//store/mc/RunIISummer20UL16MiniAODv2/DY4JetsToLL_M-10to50_MatchEWPDG20_TuneCP5_13TeV-madgraphMLM-pythia8/MINIAODSIM/106X_mcRun2_asymptotic_v17-v1/120000/F58F9492-6EE4-3647-A588-8AAC58CF4130.root
13-Dec-2023 23:35:13 CET  Closed file root://cmsxrootd.fnal.gov//store/mc/RunIISummer20UL16MiniAODv2/DY4JetsToLL_M-10to50_MatchEWPDG20_TuneCP5_13TeV-madgraphMLM-pythia8/MINIAODSIM/106X_mcRun2_asymptotic_v17-v1/120000/F58F9492-6EE4-3647-A588-8AAC58CF4130.root
13-Dec-2023 23:35:13 CET  Initiating request to open file root://cmsxrootd.fnal.gov//store/mc/RunIISummer20UL16MiniAODv2/DY4JetsToLL_M-10to50_MatchEWPDG20_TuneCP5_13TeV-madgraphMLM-pythia8/MINIAODSIM/106X_mcRun2_asymptotic_v17-v1/120000/1301108D-6832-FB44-AF1D-D95F7216DF7A.root
Unable to load sec.protocol plugin libXrdSecztn.so
%MSG-w XrdAdaptor:  file_open 13-Dec-2023 23:35:16 CET PostProcessEvent
Data is served from T2_US_Wisconsin instead of original site US-Regional-Nebraska
%MSG
13-Dec-2023 23:35:17 CET  Successfully opened file root://cmsxrootd.fnal.gov//store/mc/RunIISummer20UL16MiniAODv2/DY4JetsToLL_M-10to50_MatchEWPDG20_TuneCP5_13TeV-madgraphMLM-pythia8/MINIAODSIM/106X_mcRun2_asymptotic_v17-v1/120000/1301108D-6832-FB44-AF1D-D95F7216DF7A.root
13-Dec-2023 23:35:25 CET  Closed file root://cmsxrootd.fnal.gov//store/mc/RunIISummer20UL16MiniAODv2/DY4JetsToLL_M-10to50_MatchEWPDG20_TuneCP5_13TeV-madgraphMLM-pythia8/MINIAODSIM/106X_mcRun2_asymptotic_v17-v1/120000/1301108D-6832-FB44-AF1D-D95F7216DF7A.root
13-Dec-2023 23:35:25 CET  Initiating request to open file root://cmsxrootd.fnal.gov//store/mc/RunIISummer20UL16MiniAODv2/DY4JetsToLL_M-10to50_MatchEWPDG20_TuneCP5_13TeV-madgraphMLM-pythia8/MINIAODSIM/106X_mcRun2_asymptotic_v17-v1/120000/424C5270-B733-F943-B66C-101D4074387D.root
%MSG-w XrdAdaptor:  file_open 13-Dec-2023 23:35:29 CET PostProcessEvent
Data is served from T2_US_Wisconsin instead of original site US-Regional-Nebraska
%MSG
13-Dec-2023 23:35:29 CET  Successfully opened file root://cmsxrootd.fnal.gov//store/mc/RunIISummer20UL16MiniAODv2/DY4JetsToLL_M-10to50_MatchEWPDG20_TuneCP5_13TeV-madgraphMLM-pythia8/MINIAODSIM/106X_mcRun2_asymptotic_v17-v1/120000/424C5270-B733-F943-B66C-101D4074387D.root
[2023-12-13 23:35:34.011827 +0100][Error  ][AsyncSock         ] [cmsio7.rc.ufl.edu:1094 #0.0] Socket error while handshaking: [ERROR] Socket timeout
[2023-12-13 23:35:34.012023 +0100][Error  ][PostMaster        ] [cmsio7.rc.ufl.edu:1094 #0] elapsed = 45, pConnectionWindow = 31 seconds.
Begin processing the 300001st record. Run 1, Event 6578811, LumiSection 1770 on stream 0 at 13-Dec-2023 23:35:38.054 CET
13-Dec-2023 23:35:38 CET  Closed file root://cmsxrootd.fnal.gov//store/mc/RunIISummer20UL16MiniAODv2/DY4JetsToLL_M-10to50_MatchEWPDG20_TuneCP5_13TeV-madgraphMLM-pythia8/MINIAODSIM/106X_mcRun2_asymptotic_v17-v1/120000/424C5270-B733-F943-B66C-101D4074387D.root
13-Dec-2023 23:35:38 CET  Initiating request to open file root://cmsxrootd.fnal.gov//store/mc/RunIISummer20UL16MiniAODv2/DY4JetsToLL_M-10to50_MatchEWPDG20_TuneCP5_13TeV-madgraphMLM-pythia8/MINIAODSIM/106X_mcRun2_asymptotic_v17-v1/120000/831F3771-0AF9-4644-A0B3-804C7664DA64.root
%MSG-w XrdAdaptor:  file_open 13-Dec-2023 23:35:41 CET PostProcessEvent
Data is served from T2_US_Wisconsin instead of original site US-Regional-Nebraska
%MSG
13-Dec-2023 23:35:42 CET  Successfully opened file root://cmsxrootd.fnal.gov//store/mc/RunIISummer20UL16MiniAODv2/DY4JetsToLL_M-10to50_MatchEWPDG20_TuneCP5_13TeV-madgraphMLM-pythia8/MINIAODSIM/106X_mcRun2_asymptotic_v17-v1/120000/831F3771-0AF9-4644-A0B3-804C7664DA64.root
13-Dec-2023 23:35:51 CET  Closed file root://cmsxrootd.fnal.gov//store/mc/RunIISummer20UL16MiniAODv2/DY4JetsToLL_M-10to50_MatchEWPDG20_TuneCP5_13TeV-madgraphMLM-pythia8/MINIAODSIM/106X_mcRun2_asymptotic_v17-v1/120000/831F3771-0AF9-4644-A0B3-804C7664DA64.root
13-Dec-2023 23:35:51 CET  Initiating request to open file root://cmsxrootd.fnal.gov//store/mc/RunIISummer20UL16MiniAODv2/DY4JetsToLL_M-10to50_MatchEWPDG20_TuneCP5_13TeV-madgraphMLM-pythia8/MINIAODSIM/106X_mcRun2_asymptotic_v17-v1/270000/120C3C39-7FDB-6548-9005-7CE3AAACF3FB.root
%MSG-w XrdAdaptor:  file_open 13-Dec-2023 23:35:54 CET PostProcessEvent
Data is served from T2_US_Florida instead of original site US-Regional-Nebraska
%MSG
13-Dec-2023 23:35:54 CET  Successfully opened file root://cmsxrootd.fnal.gov//store/mc/RunIISummer20UL16MiniAODv2/DY4JetsToLL_M-10to50_MatchEWPDG20_TuneCP5_13TeV-madgraphMLM-pythia8/MINIAODSIM/106X_mcRun2_asymptotic_v17-v1/270000/120C3C39-7FDB-6548-9005-7CE3AAACF3FB.root
13-Dec-2023 23:35:59 CET  Closed file root://cmsxrootd.fnal.gov//store/mc/RunIISummer20UL16MiniAODv2/DY4JetsToLL_M-10to50_MatchEWPDG20_TuneCP5_13TeV-madgraphMLM-pythia8/MINIAODSIM/106X_mcRun2_asymptotic_v17-v1/270000/120C3C39-7FDB-6548-9005-7CE3AAACF3FB.root
13-Dec-2023 23:35:59 CET  Initiating request to open file root://cmsxrootd.fnal.gov//store/mc/RunIISummer20UL16MiniAODv2/DY4JetsToLL_M-10to50_MatchEWPDG20_TuneCP5_13TeV-madgraphMLM-pythia8/MINIAODSIM/106X_mcRun2_asymptotic_v17-v1/120000/249CC74A-DBFD-954F-A5DD-B7255DC66295.root
%MSG-w XrdAdaptor:  file_open 13-Dec-2023 23:36:01 CET PostProcessEvent
Data is served from T2_US_Wisconsin instead of original site US-Regional-Nebraska
%MSG
13-Dec-2023 23:36:02 CET  Successfully opened file root://cmsxrootd.fnal.gov//store/mc/RunIISummer20UL16MiniAODv2/DY4JetsToLL_M-10to50_MatchEWPDG20_TuneCP5_13TeV-madgraphMLM-pythia8/MINIAODSIM/106X_mcRun2_asymptotic_v17-v1/120000/249CC74A-DBFD-954F-A5DD-B7255DC66295.root
13-Dec-2023 23:36:07 CET  Closed file root://cmsxrootd.fnal.gov//store/mc/RunIISummer20UL16MiniAODv2/DY4JetsToLL_M-10to50_MatchEWPDG20_TuneCP5_13TeV-madgraphMLM-pythia8/MINIAODSIM/106X_mcRun2_asymptotic_v17-v1/120000/249CC74A-DBFD-954F-A5DD-B7255DC66295.root
13-Dec-2023 23:36:07 CET  Initiating request to open file root://cmsxrootd.fnal.gov//store/mc/RunIISummer20UL16MiniAODv2/DY4JetsToLL_M-10to50_MatchEWPDG20_TuneCP5_13TeV-madgraphMLM-pythia8/MINIAODSIM/106X_mcRun2_asymptotic_v17-v1/280000/5A775817-6755-5540-BDDD-9FF3D231035D.root
Unable to load sec.protocol plugin libXrdSecztn.so
%MSG-w XrdAdaptor:  file_open 13-Dec-2023 23:36:10 CET PostProcessEvent
Data is served from fnal.gov instead of original site US-Regional-Nebraska
%MSG
13-Dec-2023 23:36:11 CET  Successfully opened file root://cmsxrootd.fnal.gov//store/mc/RunIISummer20UL16MiniAODv2/DY4JetsToLL_M-10to50_MatchEWPDG20_TuneCP5_13TeV-madgraphMLM-pythia8/MINIAODSIM/106X_mcRun2_asymptotic_v17-v1/280000/5A775817-6755-5540-BDDD-9FF3D231035D.root
13-Dec-2023 23:36:16 CET  Closed file root://cmsxrootd.fnal.gov//store/mc/RunIISummer20UL16MiniAODv2/DY4JetsToLL_M-10to50_MatchEWPDG20_TuneCP5_13TeV-madgraphMLM-pythia8/MINIAODSIM/106X_mcRun2_asymptotic_v17-v1/280000/5A775817-6755-5540-BDDD-9FF3D231035D.root
13-Dec-2023 23:36:16 CET  Initiating request to open file root://cmsxrootd.fnal.gov//store/mc/RunIISummer20UL16MiniAODv2/DY4JetsToLL_M-10to50_MatchEWPDG20_TuneCP5_13TeV-madgraphMLM-pythia8/MINIAODSIM/106X_mcRun2_asymptotic_v17-v1/280000/682FFED7-895D-8242-8A4F-E7307A31A3CC.root
%MSG-w XrdAdaptor:  file_open 13-Dec-2023 23:36:18 CET PostProcessEvent
Data is served from fnal.gov instead of original site US-Regional-Nebraska
%MSG
13-Dec-2023 23:36:19 CET  Successfully opened file root://cmsxrootd.fnal.gov//store/mc/RunIISummer20UL16MiniAODv2/DY4JetsToLL_M-10to50_MatchEWPDG20_TuneCP5_13TeV-madgraphMLM-pythia8/MINIAODSIM/106X_mcRun2_asymptotic_v17-v1/280000/682FFED7-895D-8242-8A4F-E7307A31A3CC.root
Begin processing the 400001st record. Run 1, Event 33472287, LumiSection 9003 on stream 0 at 13-Dec-2023 23:36:25.040 CET
13-Dec-2023 23:36:25 CET  Closed file root://cmsxrootd.fnal.gov//store/mc/RunIISummer20UL16MiniAODv2/DY4JetsToLL_M-10to50_MatchEWPDG20_TuneCP5_13TeV-madgraphMLM-pythia8/MINIAODSIM/106X_mcRun2_asymptotic_v17-v1/280000/682FFED7-895D-8242-8A4F-E7307A31A3CC.root
13-Dec-2023 23:36:25 CET  Initiating request to open file root://cmsxrootd.fnal.gov//store/mc/RunIISummer20UL16MiniAODv2/DY4JetsToLL_M-10to50_MatchEWPDG20_TuneCP5_13TeV-madgraphMLM-pythia8/MINIAODSIM/106X_mcRun2_asymptotic_v17-v1/120000/319AF7AC-40FA-9040-A4DE-82A84CBA5CDB.root
%MSG-w XrdAdaptor:  file_open 13-Dec-2023 23:36:29 CET PostProcessEvent
Data is served from T2_US_Wisconsin instead of original site US-Regional-Nebraska
%MSG
13-Dec-2023 23:36:29 CET  Successfully opened file root://cmsxrootd.fnal.gov//store/mc/RunIISummer20UL16MiniAODv2/DY4JetsToLL_M-10to50_MatchEWPDG20_TuneCP5_13TeV-madgraphMLM-pythia8/MINIAODSIM/106X_mcRun2_asymptotic_v17-v1/120000/319AF7AC-40FA-9040-A4DE-82A84CBA5CDB.root
13-Dec-2023 23:36:39 CET  Closed file root://cmsxrootd.fnal.gov//store/mc/RunIISummer20UL16MiniAODv2/DY4JetsToLL_M-10to50_MatchEWPDG20_TuneCP5_13TeV-madgraphMLM-pythia8/MINIAODSIM/106X_mcRun2_asymptotic_v17-v1/120000/319AF7AC-40FA-9040-A4DE-82A84CBA5CDB.root
13-Dec-2023 23:36:39 CET  Initiating request to open file root://cmsxrootd.fnal.gov//store/mc/RunIISummer20UL16MiniAODv2/DY4JetsToLL_M-10to50_MatchEWPDG20_TuneCP5_13TeV-madgraphMLM-pythia8/MINIAODSIM/106X_mcRun2_asymptotic_v17-v1/120000/4E799F67-F581-2E43-B2C0-BFAACB4B1A08.root
%MSG-w XrdAdaptor:  file_open 13-Dec-2023 23:36:42 CET PostProcessEvent
Data is served from T2_US_Florida instead of original site US-Regional-Nebraska
%MSG
13-Dec-2023 23:36:42 CET  Successfully opened file root://cmsxrootd.fnal.gov//store/mc/RunIISummer20UL16MiniAODv2/DY4JetsToLL_M-10to50_MatchEWPDG20_TuneCP5_13TeV-madgraphMLM-pythia8/MINIAODSIM/106X_mcRun2_asymptotic_v17-v1/120000/4E799F67-F581-2E43-B2C0-BFAACB4B1A08.root
13-Dec-2023 23:36:49 CET  Closed file root://cmsxrootd.fnal.gov//store/mc/RunIISummer20UL16MiniAODv2/DY4JetsToLL_M-10to50_MatchEWPDG20_TuneCP5_13TeV-madgraphMLM-pythia8/MINIAODSIM/106X_mcRun2_asymptotic_v17-v1/120000/4E799F67-F581-2E43-B2C0-BFAACB4B1A08.root
13-Dec-2023 23:36:49 CET  Initiating request to open file root://cmsxrootd.fnal.gov//store/mc/RunIISummer20UL16MiniAODv2/DY4JetsToLL_M-10to50_MatchEWPDG20_TuneCP5_13TeV-madgraphMLM-pythia8/MINIAODSIM/106X_mcRun2_asymptotic_v17-v1/120000/BF7DE65E-4113-0749-93AF-7053D68D34AE.root
%MSG-w XrdAdaptor:  file_open 13-Dec-2023 23:36:51 CET PostProcessEvent
Data is served from fnal.gov instead of original site US-Regional-Nebraska
%MSG
13-Dec-2023 23:36:52 CET  Successfully opened file root://cmsxrootd.fnal.gov//store/mc/RunIISummer20UL16MiniAODv2/DY4JetsToLL_M-10to50_MatchEWPDG20_TuneCP5_13TeV-madgraphMLM-pythia8/MINIAODSIM/106X_mcRun2_asymptotic_v17-v1/120000/BF7DE65E-4113-0749-93AF-7053D68D34AE.root
Begin processing the 500001st record. Run 1, Event 5252190, LumiSection 1413 on stream 0 at 13-Dec-2023 23:36:57.276 CET
13-Dec-2023 23:36:58 CET  Closed file root://cmsxrootd.fnal.gov//store/mc/RunIISummer20UL16MiniAODv2/DY4JetsToLL_M-10to50_MatchEWPDG20_TuneCP5_13TeV-madgraphMLM-pythia8/MINIAODSIM/106X_mcRun2_asymptotic_v17-v1/120000/BF7DE65E-4113-0749-93AF-7053D68D34AE.root
13-Dec-2023 23:36:58 CET  Initiating request to open file root://cmsxrootd.fnal.gov//store/mc/RunIISummer20UL16MiniAODv2/DY4JetsToLL_M-10to50_MatchEWPDG20_TuneCP5_13TeV-madgraphMLM-pythia8/MINIAODSIM/106X_mcRun2_asymptotic_v17-v1/120000/A7CCCE90-12CC-5E4B-B670-6971578A3994.root
%MSG-w XrdAdaptor:  file_open 13-Dec-2023 23:37:00 CET PostProcessEvent
Data is served from fnal.gov instead of original site US-Regional-Nebraska
%MSG
13-Dec-2023 23:37:01 CET  Successfully opened file root://cmsxrootd.fnal.gov//store/mc/RunIISummer20UL16MiniAODv2/DY4JetsToLL_M-10to50_MatchEWPDG20_TuneCP5_13TeV-madgraphMLM-pythia8/MINIAODSIM/106X_mcRun2_asymptotic_v17-v1/120000/A7CCCE90-12CC-5E4B-B670-6971578A3994.root
13-Dec-2023 23:37:08 CET  Closed file root://cmsxrootd.fnal.gov//store/mc/RunIISummer20UL16MiniAODv2/DY4JetsToLL_M-10to50_MatchEWPDG20_TuneCP5_13TeV-madgraphMLM-pythia8/MINIAODSIM/106X_mcRun2_asymptotic_v17-v1/120000/A7CCCE90-12CC-5E4B-B670-6971578A3994.root
13-Dec-2023 23:37:08 CET  Initiating request to open file root://cmsxrootd.fnal.gov//store/mc/RunIISummer20UL16MiniAODv2/DY4JetsToLL_M-10to50_MatchEWPDG20_TuneCP5_13TeV-madgraphMLM-pythia8/MINIAODSIM/106X_mcRun2_asymptotic_v17-v1/120000/CC8D42FB-1BB9-EB4D-B66F-067E6FCBF2F2.root
%MSG-w XrdAdaptor:  file_open 13-Dec-2023 23:37:10 CET PostProcessEvent
Data is served from fnal.gov instead of original site US-Regional-Nebraska
%MSG
13-Dec-2023 23:37:10 CET  Successfully opened file root://cmsxrootd.fnal.gov//store/mc/RunIISummer20UL16MiniAODv2/DY4JetsToLL_M-10to50_MatchEWPDG20_TuneCP5_13TeV-madgraphMLM-pythia8/MINIAODSIM/106X_mcRun2_asymptotic_v17-v1/120000/CC8D42FB-1BB9-EB4D-B66F-067E6FCBF2F2.root
Begin processing the 600001st record. Run 1, Event 16433142, LumiSection 4420 on stream 0 at 13-Dec-2023 23:37:15.868 CET
13-Dec-2023 23:37:16 CET  Closed file root://cmsxrootd.fnal.gov//store/mc/RunIISummer20UL16MiniAODv2/DY4JetsToLL_M-10to50_MatchEWPDG20_TuneCP5_13TeV-madgraphMLM-pythia8/MINIAODSIM/106X_mcRun2_asymptotic_v17-v1/120000/CC8D42FB-1BB9-EB4D-B66F-067E6FCBF2F2.root
13-Dec-2023 23:37:16 CET  Initiating request to open file root://cmsxrootd.fnal.gov//store/mc/RunIISummer20UL16MiniAODv2/DY4JetsToLL_M-10to50_MatchEWPDG20_TuneCP5_13TeV-madgraphMLM-pythia8/MINIAODSIM/106X_mcRun2_asymptotic_v17-v1/120000/70E79A2D-F7BF-B34B-961A-78998042736A.root
%MSG-w XrdAdaptor:  file_open 13-Dec-2023 23:37:19 CET PostProcessEvent
Data is served from fnal.gov instead of original site US-Regional-Nebraska
%MSG
13-Dec-2023 23:37:19 CET  Successfully opened file root://cmsxrootd.fnal.gov//store/mc/RunIISummer20UL16MiniAODv2/DY4JetsToLL_M-10to50_MatchEWPDG20_TuneCP5_13TeV-madgraphMLM-pythia8/MINIAODSIM/106X_mcRun2_asymptotic_v17-v1/120000/70E79A2D-F7BF-B34B-961A-78998042736A.root
13-Dec-2023 23:37:23 CET  Closed file root://cmsxrootd.fnal.gov//store/mc/RunIISummer20UL16MiniAODv2/DY4JetsToLL_M-10to50_MatchEWPDG20_TuneCP5_13TeV-madgraphMLM-pythia8/MINIAODSIM/106X_mcRun2_asymptotic_v17-v1/120000/70E79A2D-F7BF-B34B-961A-78998042736A.root
13-Dec-2023 23:37:23 CET  Initiating request to open file root://cmsxrootd.fnal.gov//store/mc/RunIISummer20UL16MiniAODv2/DY4JetsToLL_M-10to50_MatchEWPDG20_TuneCP5_13TeV-madgraphMLM-pythia8/MINIAODSIM/106X_mcRun2_asymptotic_v17-v1/120000/784E9AB7-01B1-9440-B0F7-EC5E52267984.root
%MSG-w XrdAdaptor:  file_open 13-Dec-2023 23:37:25 CET PostProcessEvent
Data is served from fnal.gov instead of original site US-Regional-Nebraska
%MSG
13-Dec-2023 23:37:26 CET  Successfully opened file root://cmsxrootd.fnal.gov//store/mc/RunIISummer20UL16MiniAODv2/DY4JetsToLL_M-10to50_MatchEWPDG20_TuneCP5_13TeV-madgraphMLM-pythia8/MINIAODSIM/106X_mcRun2_asymptotic_v17-v1/120000/784E9AB7-01B1-9440-B0F7-EC5E52267984.root
13-Dec-2023 23:37:31 CET  Closed file root://cmsxrootd.fnal.gov//store/mc/RunIISummer20UL16MiniAODv2/DY4JetsToLL_M-10to50_MatchEWPDG20_TuneCP5_13TeV-madgraphMLM-pythia8/MINIAODSIM/106X_mcRun2_asymptotic_v17-v1/120000/784E9AB7-01B1-9440-B0F7-EC5E52267984.root
13-Dec-2023 23:37:31 CET  Initiating request to open file root://cmsxrootd.fnal.gov//store/mc/RunIISummer20UL16MiniAODv2/DY4JetsToLL_M-10to50_MatchEWPDG20_TuneCP5_13TeV-madgraphMLM-pythia8/MINIAODSIM/106X_mcRun2_asymptotic_v17-v1/130000/9E168208-9306-4E45-A81E-B6B46A6DEE40.root
%MSG-w XrdAdaptor:  file_open 13-Dec-2023 23:37:34 CET PostProcessEvent
Data is served from T2_US_Caltech instead of original site US-Regional-Nebraska
%MSG
13-Dec-2023 23:37:35 CET  Successfully opened file root://cmsxrootd.fnal.gov//store/mc/RunIISummer20UL16MiniAODv2/DY4JetsToLL_M-10to50_MatchEWPDG20_TuneCP5_13TeV-madgraphMLM-pythia8/MINIAODSIM/106X_mcRun2_asymptotic_v17-v1/130000/9E168208-9306-4E45-A81E-B6B46A6DEE40.root
13-Dec-2023 23:37:42 CET  Closed file root://cmsxrootd.fnal.gov//store/mc/RunIISummer20UL16MiniAODv2/DY4JetsToLL_M-10to50_MatchEWPDG20_TuneCP5_13TeV-madgraphMLM-pythia8/MINIAODSIM/106X_mcRun2_asymptotic_v17-v1/130000/9E168208-9306-4E45-A81E-B6B46A6DEE40.root
13-Dec-2023 23:37:42 CET  Initiating request to open file root://cmsxrootd.fnal.gov//store/mc/RunIISummer20UL16MiniAODv2/DY4JetsToLL_M-10to50_MatchEWPDG20_TuneCP5_13TeV-madgraphMLM-pythia8/MINIAODSIM/106X_mcRun2_asymptotic_v17-v1/120000/3DAAED6A-C002-6544-822C-30FF1C74FE9A.root
%MSG-w XrdAdaptor:  file_open 13-Dec-2023 23:37:45 CET PostProcessEvent
Data is served from cms.rcac.purdue.edu instead of original site US-Regional-Nebraska
%MSG
13-Dec-2023 23:37:46 CET  Successfully opened file root://cmsxrootd.fnal.gov//store/mc/RunIISummer20UL16MiniAODv2/DY4JetsToLL_M-10to50_MatchEWPDG20_TuneCP5_13TeV-madgraphMLM-pythia8/MINIAODSIM/106X_mcRun2_asymptotic_v17-v1/120000/3DAAED6A-C002-6544-822C-30FF1C74FE9A.root
13-Dec-2023 23:37:50 CET  Closed file root://cmsxrootd.fnal.gov//store/mc/RunIISummer20UL16MiniAODv2/DY4JetsToLL_M-10to50_MatchEWPDG20_TuneCP5_13TeV-madgraphMLM-pythia8/MINIAODSIM/106X_mcRun2_asymptotic_v17-v1/120000/3DAAED6A-C002-6544-822C-30FF1C74FE9A.root
13-Dec-2023 23:37:50 CET  Initiating request to open file root://cmsxrootd.fnal.gov//store/mc/RunIISummer20UL16MiniAODv2/DY4JetsToLL_M-10to50_MatchEWPDG20_TuneCP5_13TeV-madgraphMLM-pythia8/MINIAODSIM/106X_mcRun2_asymptotic_v17-v1/120000/24FDBDAE-4506-1345-8257-143ECE7CC665.root
%MSG-w XrdAdaptor:  file_open 13-Dec-2023 23:37:53 CET PostProcessEvent
Data is served from T2_US_Wisconsin instead of original site US-Regional-Nebraska
%MSG
13-Dec-2023 23:37:54 CET  Successfully opened file root://cmsxrootd.fnal.gov//store/mc/RunIISummer20UL16MiniAODv2/DY4JetsToLL_M-10to50_MatchEWPDG20_TuneCP5_13TeV-madgraphMLM-pythia8/MINIAODSIM/106X_mcRun2_asymptotic_v17-v1/120000/24FDBDAE-4506-1345-8257-143ECE7CC665.root
13-Dec-2023 23:38:03 CET  Closed file root://cmsxrootd.fnal.gov//store/mc/RunIISummer20UL16MiniAODv2/DY4JetsToLL_M-10to50_MatchEWPDG20_TuneCP5_13TeV-madgraphMLM-pythia8/MINIAODSIM/106X_mcRun2_asymptotic_v17-v1/120000/24FDBDAE-4506-1345-8257-143ECE7CC665.root
13-Dec-2023 23:38:03 CET  Initiating request to open file root://cmsxrootd.fnal.gov//store/mc/RunIISummer20UL16MiniAODv2/DY4JetsToLL_M-10to50_MatchEWPDG20_TuneCP5_13TeV-madgraphMLM-pythia8/MINIAODSIM/106X_mcRun2_asymptotic_v17-v1/120000/87EE09B3-80C4-AE4B-84EE-1393C283440A.root
Unable to load sec.protocol plugin libXrdSecztn.so
%MSG-w XrdAdaptor:  file_open 13-Dec-2023 23:38:08 CET PostProcessEvent
Data is served from T2_US_UCSD-ceph instead of original site US-Regional-Nebraska
%MSG
13-Dec-2023 23:38:09 CET  Successfully opened file root://cmsxrootd.fnal.gov//store/mc/RunIISummer20UL16MiniAODv2/DY4JetsToLL_M-10to50_MatchEWPDG20_TuneCP5_13TeV-madgraphMLM-pythia8/MINIAODSIM/106X_mcRun2_asymptotic_v17-v1/120000/87EE09B3-80C4-AE4B-84EE-1393C283440A.root
Unable to load sec.protocol plugin libXrdSecztn.so
13-Dec-2023 23:38:17 CET  Closed file root://cmsxrootd.fnal.gov//store/mc/RunIISummer20UL16MiniAODv2/DY4JetsToLL_M-10to50_MatchEWPDG20_TuneCP5_13TeV-madgraphMLM-pythia8/MINIAODSIM/106X_mcRun2_asymptotic_v17-v1/120000/87EE09B3-80C4-AE4B-84EE-1393C283440A.root
13-Dec-2023 23:38:17 CET  Initiating request to open file root://cmsxrootd.fnal.gov//store/mc/RunIISummer20UL16MiniAODv2/DY4JetsToLL_M-10to50_MatchEWPDG20_TuneCP5_13TeV-madgraphMLM-pythia8/MINIAODSIM/106X_mcRun2_asymptotic_v17-v1/120000/170A0B63-ED60-6C4F-A0D6-46C405A68773.root
%MSG-w XrdAdaptor:  file_open 13-Dec-2023 23:38:19 CET PostProcessEvent
Data is served from fnal.gov instead of original site US-Regional-Nebraska
%MSG
13-Dec-2023 23:38:19 CET  Successfully opened file root://cmsxrootd.fnal.gov//store/mc/RunIISummer20UL16MiniAODv2/DY4JetsToLL_M-10to50_MatchEWPDG20_TuneCP5_13TeV-madgraphMLM-pythia8/MINIAODSIM/106X_mcRun2_asymptotic_v17-v1/120000/170A0B63-ED60-6C4F-A0D6-46C405A68773.root
13-Dec-2023 23:38:24 CET  Closed file root://cmsxrootd.fnal.gov//store/mc/RunIISummer20UL16MiniAODv2/DY4JetsToLL_M-10to50_MatchEWPDG20_TuneCP5_13TeV-madgraphMLM-pythia8/MINIAODSIM/106X_mcRun2_asymptotic_v17-v1/120000/170A0B63-ED60-6C4F-A0D6-46C405A68773.root
13-Dec-2023 23:38:24 CET  Initiating request to open file root://cmsxrootd.fnal.gov//store/mc/RunIISummer20UL16MiniAODv2/DY4JetsToLL_M-10to50_MatchEWPDG20_TuneCP5_13TeV-madgraphMLM-pythia8/MINIAODSIM/106X_mcRun2_asymptotic_v17-v1/120000/06EC7C52-CEF4-6645-862C-BA0D9C3DB0BC.root
Unable to load sec.protocol plugin libXrdSecztn.so
%MSG-w XrdAdaptor:  file_open 13-Dec-2023 23:38:27 CET PostProcessEvent
Data is served from T2_US_UCSD-ceph instead of original site US-Regional-Nebraska
%MSG
13-Dec-2023 23:38:28 CET  Successfully opened file root://cmsxrootd.fnal.gov//store/mc/RunIISummer20UL16MiniAODv2/DY4JetsToLL_M-10to50_MatchEWPDG20_TuneCP5_13TeV-madgraphMLM-pythia8/MINIAODSIM/106X_mcRun2_asymptotic_v17-v1/120000/06EC7C52-CEF4-6645-862C-BA0D9C3DB0BC.root
13-Dec-2023 23:38:35 CET  Closed file root://cmsxrootd.fnal.gov//store/mc/RunIISummer20UL16MiniAODv2/DY4JetsToLL_M-10to50_MatchEWPDG20_TuneCP5_13TeV-madgraphMLM-pythia8/MINIAODSIM/106X_mcRun2_asymptotic_v17-v1/120000/06EC7C52-CEF4-6645-862C-BA0D9C3DB0BC.root
13-Dec-2023 23:38:35 CET  Initiating request to open file root://cmsxrootd.fnal.gov//store/mc/RunIISummer20UL16MiniAODv2/DY4JetsToLL_M-10to50_MatchEWPDG20_TuneCP5_13TeV-madgraphMLM-pythia8/MINIAODSIM/106X_mcRun2_asymptotic_v17-v1/120000/BA975F7E-5930-D249-B913-07026F2E3E24.root
%MSG-w XrdAdaptor:  file_open 13-Dec-2023 23:38:37 CET PostProcessEvent
Data is served from T2_US_Wisconsin instead of original site US-Regional-Nebraska
%MSG
13-Dec-2023 23:38:38 CET  Successfully opened file root://cmsxrootd.fnal.gov//store/mc/RunIISummer20UL16MiniAODv2/DY4JetsToLL_M-10to50_MatchEWPDG20_TuneCP5_13TeV-madgraphMLM-pythia8/MINIAODSIM/106X_mcRun2_asymptotic_v17-v1/120000/BA975F7E-5930-D249-B913-07026F2E3E24.root
13-Dec-2023 23:38:43 CET  Closed file root://cmsxrootd.fnal.gov//store/mc/RunIISummer20UL16MiniAODv2/DY4JetsToLL_M-10to50_MatchEWPDG20_TuneCP5_13TeV-madgraphMLM-pythia8/MINIAODSIM/106X_mcRun2_asymptotic_v17-v1/120000/BA975F7E-5930-D249-B913-07026F2E3E24.root
13-Dec-2023 23:38:43 CET  Initiating request to open file root://cmsxrootd.fnal.gov//store/mc/RunIISummer20UL16MiniAODv2/DY4JetsToLL_M-10to50_MatchEWPDG20_TuneCP5_13TeV-madgraphMLM-pythia8/MINIAODSIM/106X_mcRun2_asymptotic_v17-v1/120000/B19425E9-8CA4-8940-9752-99804F6B3A6F.root
%MSG-w XrdAdaptor:  file_open 13-Dec-2023 23:38:45 CET PostProcessEvent
Data is served from T2_US_Caltech instead of original site US-Regional-Nebraska
%MSG
13-Dec-2023 23:38:46 CET  Successfully opened file root://cmsxrootd.fnal.gov//store/mc/RunIISummer20UL16MiniAODv2/DY4JetsToLL_M-10to50_MatchEWPDG20_TuneCP5_13TeV-madgraphMLM-pythia8/MINIAODSIM/106X_mcRun2_asymptotic_v17-v1/120000/B19425E9-8CA4-8940-9752-99804F6B3A6F.root
13-Dec-2023 23:38:53 CET  Closed file root://cmsxrootd.fnal.gov//store/mc/RunIISummer20UL16MiniAODv2/DY4JetsToLL_M-10to50_MatchEWPDG20_TuneCP5_13TeV-madgraphMLM-pythia8/MINIAODSIM/106X_mcRun2_asymptotic_v17-v1/120000/B19425E9-8CA4-8940-9752-99804F6B3A6F.root
13-Dec-2023 23:38:53 CET  Initiating request to open file root://cmsxrootd.fnal.gov//store/mc/RunIISummer20UL16MiniAODv2/DY4JetsToLL_M-10to50_MatchEWPDG20_TuneCP5_13TeV-madgraphMLM-pythia8/MINIAODSIM/106X_mcRun2_asymptotic_v17-v1/280000/A51AD182-084D-CB46-A6B2-BCC31FA6BA43.root
%MSG-w XrdAdaptor:  file_open 13-Dec-2023 23:38:56 CET PostProcessEvent
Data is served from T2_US_MIT instead of original site US-Regional-Nebraska
%MSG
13-Dec-2023 23:38:57 CET  Successfully opened file root://cmsxrootd.fnal.gov//store/mc/RunIISummer20UL16MiniAODv2/DY4JetsToLL_M-10to50_MatchEWPDG20_TuneCP5_13TeV-madgraphMLM-pythia8/MINIAODSIM/106X_mcRun2_asymptotic_v17-v1/280000/A51AD182-084D-CB46-A6B2-BCC31FA6BA43.root
13-Dec-2023 23:39:01 CET  Closed file root://cmsxrootd.fnal.gov//store/mc/RunIISummer20UL16MiniAODv2/DY4JetsToLL_M-10to50_MatchEWPDG20_TuneCP5_13TeV-madgraphMLM-pythia8/MINIAODSIM/106X_mcRun2_asymptotic_v17-v1/280000/A51AD182-084D-CB46-A6B2-BCC31FA6BA43.root
13-Dec-2023 23:39:01 CET  Initiating request to open file root://cmsxrootd.fnal.gov//store/mc/RunIISummer20UL16MiniAODv2/DY4JetsToLL_M-10to50_MatchEWPDG20_TuneCP5_13TeV-madgraphMLM-pythia8/MINIAODSIM/106X_mcRun2_asymptotic_v17-v1/140000/1766CABE-460A-8D43-B07B-9CE0AE9F96D4.root
%MSG-w XrdAdaptor:  file_open 13-Dec-2023 23:39:03 CET PostProcessEvent
Data is served from fnal.gov instead of original site US-Regional-Nebraska
%MSG
13-Dec-2023 23:39:04 CET  Successfully opened file root://cmsxrootd.fnal.gov//store/mc/RunIISummer20UL16MiniAODv2/DY4JetsToLL_M-10to50_MatchEWPDG20_TuneCP5_13TeV-madgraphMLM-pythia8/MINIAODSIM/106X_mcRun2_asymptotic_v17-v1/140000/1766CABE-460A-8D43-B07B-9CE0AE9F96D4.root
13-Dec-2023 23:39:07 CET  Closed file root://cmsxrootd.fnal.gov//store/mc/RunIISummer20UL16MiniAODv2/DY4JetsToLL_M-10to50_MatchEWPDG20_TuneCP5_13TeV-madgraphMLM-pythia8/MINIAODSIM/106X_mcRun2_asymptotic_v17-v1/140000/1766CABE-460A-8D43-B07B-9CE0AE9F96D4.root
13-Dec-2023 23:39:07 CET  Initiating request to open file root://cmsxrootd.fnal.gov//store/mc/RunIISummer20UL16MiniAODv2/DY4JetsToLL_M-10to50_MatchEWPDG20_TuneCP5_13TeV-madgraphMLM-pythia8/MINIAODSIM/106X_mcRun2_asymptotic_v17-v1/130000/0676F53A-C343-8C47-A1D0-90EF221124A4.root
%MSG-w XrdAdaptor:  file_open 13-Dec-2023 23:39:10 CET PostProcessEvent
Data is served from fnal.gov instead of original site US-Regional-Nebraska
%MSG
13-Dec-2023 23:39:10 CET  Successfully opened file root://cmsxrootd.fnal.gov//store/mc/RunIISummer20UL16MiniAODv2/DY4JetsToLL_M-10to50_MatchEWPDG20_TuneCP5_13TeV-madgraphMLM-pythia8/MINIAODSIM/106X_mcRun2_asymptotic_v17-v1/130000/0676F53A-C343-8C47-A1D0-90EF221124A4.root
13-Dec-2023 23:39:15 CET  Closed file root://cmsxrootd.fnal.gov//store/mc/RunIISummer20UL16MiniAODv2/DY4JetsToLL_M-10to50_MatchEWPDG20_TuneCP5_13TeV-madgraphMLM-pythia8/MINIAODSIM/106X_mcRun2_asymptotic_v17-v1/130000/0676F53A-C343-8C47-A1D0-90EF221124A4.root
13-Dec-2023 23:39:15 CET  Initiating request to open file root://cmsxrootd.fnal.gov//store/mc/RunIISummer20UL16MiniAODv2/DY4JetsToLL_M-10to50_MatchEWPDG20_TuneCP5_13TeV-madgraphMLM-pythia8/MINIAODSIM/106X_mcRun2_asymptotic_v17-v1/120000/7F2D94AE-BC55-3040-A078-8A9A8382FF00.root
%MSG-w XrdAdaptor:  file_open 13-Dec-2023 23:39:18 CET PostProcessEvent
Data is served from fnal.gov instead of original site US-Regional-Nebraska
%MSG
13-Dec-2023 23:39:19 CET  Successfully opened file root://cmsxrootd.fnal.gov//store/mc/RunIISummer20UL16MiniAODv2/DY4JetsToLL_M-10to50_MatchEWPDG20_TuneCP5_13TeV-madgraphMLM-pythia8/MINIAODSIM/106X_mcRun2_asymptotic_v17-v1/120000/7F2D94AE-BC55-3040-A078-8A9A8382FF00.root
Begin processing the 700001st record. Run 1, Event 8151319, LumiSection 2193 on stream 0 at 13-Dec-2023 23:39:24.478 CET
13-Dec-2023 23:39:27 CET  Closed file root://cmsxrootd.fnal.gov//store/mc/RunIISummer20UL16MiniAODv2/DY4JetsToLL_M-10to50_MatchEWPDG20_TuneCP5_13TeV-madgraphMLM-pythia8/MINIAODSIM/106X_mcRun2_asymptotic_v17-v1/120000/7F2D94AE-BC55-3040-A078-8A9A8382FF00.root
13-Dec-2023 23:39:27 CET  Initiating request to open file root://cmsxrootd.fnal.gov//store/mc/RunIISummer20UL16MiniAODv2/DY4JetsToLL_M-10to50_MatchEWPDG20_TuneCP5_13TeV-madgraphMLM-pythia8/MINIAODSIM/106X_mcRun2_asymptotic_v17-v1/120000/E404310F-8BB8-424A-B706-E8103940AE2B.root
%MSG-w XrdAdaptor:  file_open 13-Dec-2023 23:39:29 CET PostProcessEvent
Data is served from fnal.gov instead of original site US-Regional-Nebraska
%MSG
13-Dec-2023 23:39:29 CET  Successfully opened file root://cmsxrootd.fnal.gov//store/mc/RunIISummer20UL16MiniAODv2/DY4JetsToLL_M-10to50_MatchEWPDG20_TuneCP5_13TeV-madgraphMLM-pythia8/MINIAODSIM/106X_mcRun2_asymptotic_v17-v1/120000/E404310F-8BB8-424A-B706-E8103940AE2B.root
Begin processing the 800001st record. Run 1, Event 11070343, LumiSection 2978 on stream 0 at 13-Dec-2023 23:39:37.542 CET
13-Dec-2023 23:39:38 CET  Closed file root://cmsxrootd.fnal.gov//store/mc/RunIISummer20UL16MiniAODv2/DY4JetsToLL_M-10to50_MatchEWPDG20_TuneCP5_13TeV-madgraphMLM-pythia8/MINIAODSIM/106X_mcRun2_asymptotic_v17-v1/120000/E404310F-8BB8-424A-B706-E8103940AE2B.root
13-Dec-2023 23:39:38 CET  Initiating request to open file root://cmsxrootd.fnal.gov//store/mc/RunIISummer20UL16MiniAODv2/DY4JetsToLL_M-10to50_MatchEWPDG20_TuneCP5_13TeV-madgraphMLM-pythia8/MINIAODSIM/106X_mcRun2_asymptotic_v17-v1/120000/364946C9-67D4-2A4B-B76A-2C8145E7AC9F.root
%MSG-w XrdAdaptor:  file_open 13-Dec-2023 23:39:40 CET PostProcessEvent
Data is served from fnal.gov instead of original site US-Regional-Nebraska
%MSG
13-Dec-2023 23:39:41 CET  Successfully opened file root://cmsxrootd.fnal.gov//store/mc/RunIISummer20UL16MiniAODv2/DY4JetsToLL_M-10to50_MatchEWPDG20_TuneCP5_13TeV-madgraphMLM-pythia8/MINIAODSIM/106X_mcRun2_asymptotic_v17-v1/120000/364946C9-67D4-2A4B-B76A-2C8145E7AC9F.root
13-Dec-2023 23:39:47 CET  Closed file root://cmsxrootd.fnal.gov//store/mc/RunIISummer20UL16MiniAODv2/DY4JetsToLL_M-10to50_MatchEWPDG20_TuneCP5_13TeV-madgraphMLM-pythia8/MINIAODSIM/106X_mcRun2_asymptotic_v17-v1/120000/364946C9-67D4-2A4B-B76A-2C8145E7AC9F.root
13-Dec-2023 23:39:47 CET  Initiating request to open file root://cmsxrootd.fnal.gov//store/mc/RunIISummer20UL16MiniAODv2/DY4JetsToLL_M-10to50_MatchEWPDG20_TuneCP5_13TeV-madgraphMLM-pythia8/MINIAODSIM/106X_mcRun2_asymptotic_v17-v1/140000/975A9913-4BDE-D249-841E-4B88A090259E.root
%MSG-w XrdAdaptor:  file_open 13-Dec-2023 23:39:49 CET PostProcessEvent
Data is served from fnal.gov instead of original site US-Regional-Nebraska
%MSG
13-Dec-2023 23:39:50 CET  Successfully opened file root://cmsxrootd.fnal.gov//store/mc/RunIISummer20UL16MiniAODv2/DY4JetsToLL_M-10to50_MatchEWPDG20_TuneCP5_13TeV-madgraphMLM-pythia8/MINIAODSIM/106X_mcRun2_asymptotic_v17-v1/140000/975A9913-4BDE-D249-841E-4B88A090259E.root
13-Dec-2023 23:39:54 CET  Closed file root://cmsxrootd.fnal.gov//store/mc/RunIISummer20UL16MiniAODv2/DY4JetsToLL_M-10to50_MatchEWPDG20_TuneCP5_13TeV-madgraphMLM-pythia8/MINIAODSIM/106X_mcRun2_asymptotic_v17-v1/140000/975A9913-4BDE-D249-841E-4B88A090259E.root
13-Dec-2023 23:39:54 CET  Initiating request to open file root://cmsxrootd.fnal.gov//store/mc/RunIISummer20UL16MiniAODv2/DY4JetsToLL_M-10to50_MatchEWPDG20_TuneCP5_13TeV-madgraphMLM-pythia8/MINIAODSIM/106X_mcRun2_asymptotic_v17-v1/280000/2A54D744-02CF-7645-96A7-EFE068BE1117.root
%MSG-w XrdAdaptor:  file_open 13-Dec-2023 23:39:57 CET PostProcessEvent
Data is served from T2_US_MIT instead of original site US-Regional-Nebraska
%MSG
13-Dec-2023 23:39:58 CET  Successfully opened file root://cmsxrootd.fnal.gov//store/mc/RunIISummer20UL16MiniAODv2/DY4JetsToLL_M-10to50_MatchEWPDG20_TuneCP5_13TeV-madgraphMLM-pythia8/MINIAODSIM/106X_mcRun2_asymptotic_v17-v1/280000/2A54D744-02CF-7645-96A7-EFE068BE1117.root
Begin processing the 900001st record. Run 1, Event 23442904, LumiSection 6306 on stream 0 at 13-Dec-2023 23:40:08.090 CET
13-Dec-2023 23:40:08 CET  Closed file root://cmsxrootd.fnal.gov//store/mc/RunIISummer20UL16MiniAODv2/DY4JetsToLL_M-10to50_MatchEWPDG20_TuneCP5_13TeV-madgraphMLM-pythia8/MINIAODSIM/106X_mcRun2_asymptotic_v17-v1/280000/2A54D744-02CF-7645-96A7-EFE068BE1117.root
13-Dec-2023 23:40:08 CET  Initiating request to open file root://cmsxrootd.fnal.gov//store/mc/RunIISummer20UL16MiniAODv2/DY4JetsToLL_M-10to50_MatchEWPDG20_TuneCP5_13TeV-madgraphMLM-pythia8/MINIAODSIM/106X_mcRun2_asymptotic_v17-v1/280000/CB6EE7A5-DA33-9940-93A1-5FFAB144A3A8.root
%MSG-w XrdAdaptor:  file_open 13-Dec-2023 23:40:11 CET PostProcessEvent
Data is served from T2_US_MIT instead of original site US-Regional-Nebraska
%MSG
13-Dec-2023 23:40:12 CET  Successfully opened file root://cmsxrootd.fnal.gov//store/mc/RunIISummer20UL16MiniAODv2/DY4JetsToLL_M-10to50_MatchEWPDG20_TuneCP5_13TeV-madgraphMLM-pythia8/MINIAODSIM/106X_mcRun2_asymptotic_v17-v1/280000/CB6EE7A5-DA33-9940-93A1-5FFAB144A3A8.root
13-Dec-2023 23:40:19 CET  Closed file root://cmsxrootd.fnal.gov//store/mc/RunIISummer20UL16MiniAODv2/DY4JetsToLL_M-10to50_MatchEWPDG20_TuneCP5_13TeV-madgraphMLM-pythia8/MINIAODSIM/106X_mcRun2_asymptotic_v17-v1/280000/CB6EE7A5-DA33-9940-93A1-5FFAB144A3A8.root
13-Dec-2023 23:40:19 CET  Initiating request to open file root://cmsxrootd.fnal.gov//store/mc/RunIISummer20UL16MiniAODv2/DY4JetsToLL_M-10to50_MatchEWPDG20_TuneCP5_13TeV-madgraphMLM-pythia8/MINIAODSIM/106X_mcRun2_asymptotic_v17-v1/280000/31B1AF9F-A07C-3443-87FB-721D082C93F9.root
[2023-12-13 23:40:21.662596 +0100][Error  ][AsyncSock         ] [xrootd11.cmsaf.mit.edu:1094 #0.0] Socket error while handshaking: [FATAL] Auth failed
[2023-12-13 23:40:21.662669 +0100][Error  ][PostMaster        ] [xrootd11.cmsaf.mit.edu:1094 #0] elapsed = 0, pConnectionWindow = 31 seconds.
[2023-12-13 23:40:22.123880 +0100][Error  ][AsyncSock         ] [xrootd11.cmsaf.mit.edu:1094 #0.0] Socket error while handshaking: [FATAL] Auth failed
[2023-12-13 23:40:22.123957 +0100][Error  ][PostMaster        ] [xrootd11.cmsaf.mit.edu:1094 #0] elapsed = 1, pConnectionWindow = 31 seconds.
[2023-12-13 23:40:22.123978 +0100][Error  ][PostMaster        ] [xrootd11.cmsaf.mit.edu:1094 #0] Unable to recover: [FATAL] Auth failed.
[2023-12-13 23:40:22.123987 +0100][Error  ][XRootD            ] [xrootd11.cmsaf.mit.edu:1094] Impossible to send message kXR_open (file: /store/mc/RunIISummer20UL16MiniAODv2/DY4JetsToLL_M-10to50_MatchEWPDG20_TuneCP5_13TeV-madgraphMLM-pythia8/MINIAODSIM/106X_mcRun2_asymptotic_v17-v1/280000/31B1AF9F-A07C-3443-87FB-721D082C93F9.root, mode: 0660, flags: kXR_open_read kXR_async kXR_retstat ). Trying to recover.
%MSG-w XrdAdaptor:  file_open 13-Dec-2023 23:40:23 CET PostProcessEvent
Data is served from T2_US_MIT instead of original site US-Regional-Nebraska
%MSG
13-Dec-2023 23:40:24 CET  Successfully opened file root://cmsxrootd.fnal.gov//store/mc/RunIISummer20UL16MiniAODv2/DY4JetsToLL_M-10to50_MatchEWPDG20_TuneCP5_13TeV-madgraphMLM-pythia8/MINIAODSIM/106X_mcRun2_asymptotic_v17-v1/280000/31B1AF9F-A07C-3443-87FB-721D082C93F9.root
[2023-12-13 23:40:29.253864 +0100][Error  ][AsyncSock         ] [xrootd12.cmsaf.mit.edu:1094 #0.0] Socket error while handshaking: [FATAL] Auth failed
[2023-12-13 23:40:29.253932 +0100][Error  ][PostMaster        ] [xrootd12.cmsaf.mit.edu:1094 #0] elapsed = 1, pConnectionWindow = 31 seconds.
[2023-12-13 23:40:29.898904 +0100][Error  ][AsyncSock         ] [xrootd12.cmsaf.mit.edu:1094 #0.0] Socket error while handshaking: [FATAL] Auth failed
[2023-12-13 23:40:29.898970 +0100][Error  ][PostMaster        ] [xrootd12.cmsaf.mit.edu:1094 #0] elapsed = 0, pConnectionWindow = 31 seconds.
[2023-12-13 23:40:29.898977 +0100][Error  ][PostMaster        ] [xrootd12.cmsaf.mit.edu:1094 #0] Unable to recover: [FATAL] Auth failed.
[2023-12-13 23:40:29.898982 +0100][Error  ][XRootD            ] [xrootd12.cmsaf.mit.edu:1094] Impossible to send message kXR_open (file: /store/mc/RunIISummer20UL16MiniAODv2/DY4JetsToLL_M-10to50_MatchEWPDG20_TuneCP5_13TeV-madgraphMLM-pythia8/MINIAODSIM/106X_mcRun2_asymptotic_v17-v1/280000/31B1AF9F-A07C-3443-87FB-721D082C93F9.root?tried=xrootd17.cmsaf.mit.edu, mode: 0660, flags: kXR_open_read kXR_async kXR_retstat ). Trying to recover.
Begin processing the 1000001st record. Run 1, Event 17314994, LumiSection 4658 on stream 0 at 13-Dec-2023 23:40:30.801 CET
13-Dec-2023 23:40:33 CET  Closed file root://cmsxrootd.fnal.gov//store/mc/RunIISummer20UL16MiniAODv2/DY4JetsToLL_M-10to50_MatchEWPDG20_TuneCP5_13TeV-madgraphMLM-pythia8/MINIAODSIM/106X_mcRun2_asymptotic_v17-v1/280000/31B1AF9F-A07C-3443-87FB-721D082C93F9.root
13-Dec-2023 23:40:33 CET  Initiating request to open file root://cmsxrootd.fnal.gov//store/mc/RunIISummer20UL16MiniAODv2/DY4JetsToLL_M-10to50_MatchEWPDG20_TuneCP5_13TeV-madgraphMLM-pythia8/MINIAODSIM/106X_mcRun2_asymptotic_v17-v1/120000/48C6132D-DB24-CC48-A2EF-A965FCE42E1B.root
%MSG-w XrdAdaptor:  file_open 13-Dec-2023 23:40:37 CET PostProcessEvent
Data is served from T2_US_Nebraska instead of original site US-Regional-Nebraska
%MSG
13-Dec-2023 23:40:38 CET  Successfully opened file root://cmsxrootd.fnal.gov//store/mc/RunIISummer20UL16MiniAODv2/DY4JetsToLL_M-10to50_MatchEWPDG20_TuneCP5_13TeV-madgraphMLM-pythia8/MINIAODSIM/106X_mcRun2_asymptotic_v17-v1/120000/48C6132D-DB24-CC48-A2EF-A965FCE42E1B.root
13-Dec-2023 23:40:44 CET  Closed file root://cmsxrootd.fnal.gov//store/mc/RunIISummer20UL16MiniAODv2/DY4JetsToLL_M-10to50_MatchEWPDG20_TuneCP5_13TeV-madgraphMLM-pythia8/MINIAODSIM/106X_mcRun2_asymptotic_v17-v1/120000/48C6132D-DB24-CC48-A2EF-A965FCE42E1B.root
13-Dec-2023 23:40:44 CET  Initiating request to open file root://cmsxrootd.fnal.gov//store/mc/RunIISummer20UL16MiniAODv2/DY4JetsToLL_M-10to50_MatchEWPDG20_TuneCP5_13TeV-madgraphMLM-pythia8/MINIAODSIM/106X_mcRun2_asymptotic_v17-v1/120000/A776E491-2812-3E4B-9183-D85B0846D1B2.root
%MSG-w XrdAdaptor:  file_open 13-Dec-2023 23:40:46 CET PostProcessEvent
Data is served from fnal.gov instead of original site US-Regional-Nebraska
%MSG
13-Dec-2023 23:40:47 CET  Successfully opened file root://cmsxrootd.fnal.gov//store/mc/RunIISummer20UL16MiniAODv2/DY4JetsToLL_M-10to50_MatchEWPDG20_TuneCP5_13TeV-madgraphMLM-pythia8/MINIAODSIM/106X_mcRun2_asymptotic_v17-v1/120000/A776E491-2812-3E4B-9183-D85B0846D1B2.root
13-Dec-2023 23:40:51 CET  Closed file root://cmsxrootd.fnal.gov//store/mc/RunIISummer20UL16MiniAODv2/DY4JetsToLL_M-10to50_MatchEWPDG20_TuneCP5_13TeV-madgraphMLM-pythia8/MINIAODSIM/106X_mcRun2_asymptotic_v17-v1/120000/A776E491-2812-3E4B-9183-D85B0846D1B2.root
13-Dec-2023 23:40:51 CET  Initiating request to open file root://cmsxrootd.fnal.gov//store/mc/RunIISummer20UL16MiniAODv2/DY4JetsToLL_M-10to50_MatchEWPDG20_TuneCP5_13TeV-madgraphMLM-pythia8/MINIAODSIM/106X_mcRun2_asymptotic_v17-v1/120000/2DDCF162-38F3-834B-A2C5-998B5EAFE430.root
%MSG-w XrdAdaptor:  file_open 13-Dec-2023 23:40:53 CET PostProcessEvent
Data is served from fnal.gov instead of original site US-Regional-Nebraska
%MSG
13-Dec-2023 23:40:53 CET  Successfully opened file root://cmsxrootd.fnal.gov//store/mc/RunIISummer20UL16MiniAODv2/DY4JetsToLL_M-10to50_MatchEWPDG20_TuneCP5_13TeV-madgraphMLM-pythia8/MINIAODSIM/106X_mcRun2_asymptotic_v17-v1/120000/2DDCF162-38F3-834B-A2C5-998B5EAFE430.root
13-Dec-2023 23:40:57 CET  Closed file root://cmsxrootd.fnal.gov//store/mc/RunIISummer20UL16MiniAODv2/DY4JetsToLL_M-10to50_MatchEWPDG20_TuneCP5_13TeV-madgraphMLM-pythia8/MINIAODSIM/106X_mcRun2_asymptotic_v17-v1/120000/2DDCF162-38F3-834B-A2C5-998B5EAFE430.root
13-Dec-2023 23:40:57 CET  Initiating request to open file root://cmsxrootd.fnal.gov//store/mc/RunIISummer20UL16MiniAODv2/DY4JetsToLL_M-10to50_MatchEWPDG20_TuneCP5_13TeV-madgraphMLM-pythia8/MINIAODSIM/106X_mcRun2_asymptotic_v17-v1/280000/D795C016-3654-7949-A324-3F7ADF0A96AB.root
%MSG-w XrdAdaptor:  file_open 13-Dec-2023 23:41:00 CET PostProcessEvent
Data is served from cms.rcac.purdue.edu instead of original site US-Regional-Nebraska
%MSG
13-Dec-2023 23:41:00 CET  Successfully opened file root://cmsxrootd.fnal.gov//store/mc/RunIISummer20UL16MiniAODv2/DY4JetsToLL_M-10to50_MatchEWPDG20_TuneCP5_13TeV-madgraphMLM-pythia8/MINIAODSIM/106X_mcRun2_asymptotic_v17-v1/280000/D795C016-3654-7949-A324-3F7ADF0A96AB.root
13-Dec-2023 23:41:07 CET  Closed file root://cmsxrootd.fnal.gov//store/mc/RunIISummer20UL16MiniAODv2/DY4JetsToLL_M-10to50_MatchEWPDG20_TuneCP5_13TeV-madgraphMLM-pythia8/MINIAODSIM/106X_mcRun2_asymptotic_v17-v1/280000/D795C016-3654-7949-A324-3F7ADF0A96AB.root
13-Dec-2023 23:41:07 CET  Initiating request to open file root://cmsxrootd.fnal.gov//store/mc/RunIISummer20UL16MiniAODv2/DY4JetsToLL_M-10to50_MatchEWPDG20_TuneCP5_13TeV-madgraphMLM-pythia8/MINIAODSIM/106X_mcRun2_asymptotic_v17-v1/280000/75A3AB84-CDB9-B141-B94C-328E38880590.root
%MSG-w XrdAdaptor:  file_open 13-Dec-2023 23:41:09 CET PostProcessEvent
Data is served from T2_US_Florida instead of original site US-Regional-Nebraska
%MSG
13-Dec-2023 23:41:10 CET  Successfully opened file root://cmsxrootd.fnal.gov//store/mc/RunIISummer20UL16MiniAODv2/DY4JetsToLL_M-10to50_MatchEWPDG20_TuneCP5_13TeV-madgraphMLM-pythia8/MINIAODSIM/106X_mcRun2_asymptotic_v17-v1/280000/75A3AB84-CDB9-B141-B94C-328E38880590.root
Begin processing the 1100001st record. Run 1, Event 2853072, LumiSection 768 on stream 0 at 13-Dec-2023 23:41:16.250 CET
13-Dec-2023 23:41:17 CET  Closed file root://cmsxrootd.fnal.gov//store/mc/RunIISummer20UL16MiniAODv2/DY4JetsToLL_M-10to50_MatchEWPDG20_TuneCP5_13TeV-madgraphMLM-pythia8/MINIAODSIM/106X_mcRun2_asymptotic_v17-v1/280000/75A3AB84-CDB9-B141-B94C-328E38880590.root
13-Dec-2023 23:41:17 CET  Initiating request to open file root://cmsxrootd.fnal.gov//store/mc/RunIISummer20UL16MiniAODv2/DY4JetsToLL_M-10to50_MatchEWPDG20_TuneCP5_13TeV-madgraphMLM-pythia8/MINIAODSIM/106X_mcRun2_asymptotic_v17-v1/270000/D1CB6F50-1E1C-D94E-AEDE-D04E88355587.root
%MSG-w XrdAdaptor:  file_open 13-Dec-2023 23:41:23 CET PostProcessEvent
Data is served from cms.rcac.purdue.edu instead of original site US-Regional-Nebraska
%MSG
13-Dec-2023 23:41:24 CET  Successfully opened file root://cmsxrootd.fnal.gov//store/mc/RunIISummer20UL16MiniAODv2/DY4JetsToLL_M-10to50_MatchEWPDG20_TuneCP5_13TeV-madgraphMLM-pythia8/MINIAODSIM/106X_mcRun2_asymptotic_v17-v1/270000/D1CB6F50-1E1C-D94E-AEDE-D04E88355587.root
13-Dec-2023 23:41:30 CET  Closed file root://cmsxrootd.fnal.gov//store/mc/RunIISummer20UL16MiniAODv2/DY4JetsToLL_M-10to50_MatchEWPDG20_TuneCP5_13TeV-madgraphMLM-pythia8/MINIAODSIM/106X_mcRun2_asymptotic_v17-v1/270000/D1CB6F50-1E1C-D94E-AEDE-D04E88355587.root
13-Dec-2023 23:41:30 CET  Initiating request to open file root://cmsxrootd.fnal.gov//store/mc/RunIISummer20UL16MiniAODv2/DY4JetsToLL_M-10to50_MatchEWPDG20_TuneCP5_13TeV-madgraphMLM-pythia8/MINIAODSIM/106X_mcRun2_asymptotic_v17-v1/280000/7AFA4CD0-3659-0540-85E1-C014DBEE58C7.root
%MSG-w XrdAdaptor:  file_open 13-Dec-2023 23:41:34 CET PostProcessEvent
Data is served from T2_US_Wisconsin instead of original site US-Regional-Nebraska
%MSG
13-Dec-2023 23:41:34 CET  Successfully opened file root://cmsxrootd.fnal.gov//store/mc/RunIISummer20UL16MiniAODv2/DY4JetsToLL_M-10to50_MatchEWPDG20_TuneCP5_13TeV-madgraphMLM-pythia8/MINIAODSIM/106X_mcRun2_asymptotic_v17-v1/280000/7AFA4CD0-3659-0540-85E1-C014DBEE58C7.root
13-Dec-2023 23:41:42 CET  Closed file root://cmsxrootd.fnal.gov//store/mc/RunIISummer20UL16MiniAODv2/DY4JetsToLL_M-10to50_MatchEWPDG20_TuneCP5_13TeV-madgraphMLM-pythia8/MINIAODSIM/106X_mcRun2_asymptotic_v17-v1/280000/7AFA4CD0-3659-0540-85E1-C014DBEE58C7.root
13-Dec-2023 23:41:42 CET  Initiating request to open file root://cmsxrootd.fnal.gov//store/mc/RunIISummer20UL16MiniAODv2/DY4JetsToLL_M-10to50_MatchEWPDG20_TuneCP5_13TeV-madgraphMLM-pythia8/MINIAODSIM/106X_mcRun2_asymptotic_v17-v1/270000/2CB872DB-DF3A-3249-B4B5-75C1F4D9D694.root
%MSG-w XrdAdaptor:  file_open 13-Dec-2023 23:41:43 CET PostProcessEvent
Data is served from fnal.gov instead of original site US-Regional-Nebraska
%MSG
13-Dec-2023 23:41:44 CET  Successfully opened file root://cmsxrootd.fnal.gov//store/mc/RunIISummer20UL16MiniAODv2/DY4JetsToLL_M-10to50_MatchEWPDG20_TuneCP5_13TeV-madgraphMLM-pythia8/MINIAODSIM/106X_mcRun2_asymptotic_v17-v1/270000/2CB872DB-DF3A-3249-B4B5-75C1F4D9D694.root
Begin processing the 1200001st record. Run 1, Event 33627959, LumiSection 9045 on stream 0 at 13-Dec-2023 23:41:50.680 CET
13-Dec-2023 23:41:50 CET  Closed file root://cmsxrootd.fnal.gov//store/mc/RunIISummer20UL16MiniAODv2/DY4JetsToLL_M-10to50_MatchEWPDG20_TuneCP5_13TeV-madgraphMLM-pythia8/MINIAODSIM/106X_mcRun2_asymptotic_v17-v1/270000/2CB872DB-DF3A-3249-B4B5-75C1F4D9D694.root
13-Dec-2023 23:41:50 CET  Initiating request to open file root://cmsxrootd.fnal.gov//store/mc/RunIISummer20UL16MiniAODv2/DY4JetsToLL_M-10to50_MatchEWPDG20_TuneCP5_13TeV-madgraphMLM-pythia8/MINIAODSIM/106X_mcRun2_asymptotic_v17-v1/270000/E31750E9-5240-E44D-86AD-0054A15BCD95.root
[2023-12-13 23:42:36.880746 +0100][Error  ][AsyncSock         ] [xrootd-se4-vanderbilt.sites.opensciencegrid.org:1094 #0.0] Socket error while handshaking: [ERROR] Socket timeout
[2023-12-13 23:42:36.880786 +0100][Error  ][PostMaster        ] [xrootd-se4-vanderbilt.sites.opensciencegrid.org:1094 #0] elapsed = 45, pConnectionWindow = 31 seconds.
%MSG-w XrdAdaptor:  file_open 13-Dec-2023 23:42:38 CET PostProcessEvent
Data is served from T2_US_Vanderbilt instead of original site US-Regional-Nebraska
%MSG
13-Dec-2023 23:42:39 CET  Successfully opened file root://cmsxrootd.fnal.gov//store/mc/RunIISummer20UL16MiniAODv2/DY4JetsToLL_M-10to50_MatchEWPDG20_TuneCP5_13TeV-madgraphMLM-pythia8/MINIAODSIM/106X_mcRun2_asymptotic_v17-v1/270000/E31750E9-5240-E44D-86AD-0054A15BCD95.root
13-Dec-2023 23:42:44 CET  Closed file root://cmsxrootd.fnal.gov//store/mc/RunIISummer20UL16MiniAODv2/DY4JetsToLL_M-10to50_MatchEWPDG20_TuneCP5_13TeV-madgraphMLM-pythia8/MINIAODSIM/106X_mcRun2_asymptotic_v17-v1/270000/E31750E9-5240-E44D-86AD-0054A15BCD95.root
13-Dec-2023 23:42:44 CET  Initiating request to open file root://cmsxrootd.fnal.gov//store/mc/RunIISummer20UL16MiniAODv2/DY4JetsToLL_M-10to50_MatchEWPDG20_TuneCP5_13TeV-madgraphMLM-pythia8/MINIAODSIM/106X_mcRun2_asymptotic_v17-v1/270000/92F18677-33F7-4B47-B153-E2F14104A0F5.root
%MSG-w XrdAdaptor:  file_open 13-Dec-2023 23:42:46 CET PostProcessEvent
Data is served from T2_US_Florida instead of original site US-Regional-Nebraska
%MSG
13-Dec-2023 23:42:47 CET  Successfully opened file root://cmsxrootd.fnal.gov//store/mc/RunIISummer20UL16MiniAODv2/DY4JetsToLL_M-10to50_MatchEWPDG20_TuneCP5_13TeV-madgraphMLM-pythia8/MINIAODSIM/106X_mcRun2_asymptotic_v17-v1/270000/92F18677-33F7-4B47-B153-E2F14104A0F5.root
13-Dec-2023 23:42:53 CET  Closed file root://cmsxrootd.fnal.gov//store/mc/RunIISummer20UL16MiniAODv2/DY4JetsToLL_M-10to50_MatchEWPDG20_TuneCP5_13TeV-madgraphMLM-pythia8/MINIAODSIM/106X_mcRun2_asymptotic_v17-v1/270000/92F18677-33F7-4B47-B153-E2F14104A0F5.root
13-Dec-2023 23:42:53 CET  Initiating request to open file root://cmsxrootd.fnal.gov//store/mc/RunIISummer20UL16MiniAODv2/DY4JetsToLL_M-10to50_MatchEWPDG20_TuneCP5_13TeV-madgraphMLM-pythia8/MINIAODSIM/106X_mcRun2_asymptotic_v17-v1/280000/B08037E5-4C4D-C24C-9709-3650DA95FC11.root
%MSG-w XrdAdaptor:  file_open 13-Dec-2023 23:42:56 CET PostProcessEvent
Data is served from T2_US_Wisconsin instead of original site US-Regional-Nebraska
%MSG
13-Dec-2023 23:42:57 CET  Successfully opened file root://cmsxrootd.fnal.gov//store/mc/RunIISummer20UL16MiniAODv2/DY4JetsToLL_M-10to50_MatchEWPDG20_TuneCP5_13TeV-madgraphMLM-pythia8/MINIAODSIM/106X_mcRun2_asymptotic_v17-v1/280000/B08037E5-4C4D-C24C-9709-3650DA95FC11.root
13-Dec-2023 23:43:01 CET  Closed file root://cmsxrootd.fnal.gov//store/mc/RunIISummer20UL16MiniAODv2/DY4JetsToLL_M-10to50_MatchEWPDG20_TuneCP5_13TeV-madgraphMLM-pythia8/MINIAODSIM/106X_mcRun2_asymptotic_v17-v1/280000/B08037E5-4C4D-C24C-9709-3650DA95FC11.root
13-Dec-2023 23:43:01 CET  Initiating request to open file root://cmsxrootd.fnal.gov//store/mc/RunIISummer20UL16MiniAODv2/DY4JetsToLL_M-10to50_MatchEWPDG20_TuneCP5_13TeV-madgraphMLM-pythia8/MINIAODSIM/106X_mcRun2_asymptotic_v17-v1/280000/86E5C081-B556-0743-A65E-184304131779.root
%MSG-w XrdAdaptor:  file_open 13-Dec-2023 23:43:04 CET PostProcessEvent
Data is served from T2_US_Florida instead of original site US-Regional-Nebraska
%MSG
13-Dec-2023 23:43:04 CET  Successfully opened file root://cmsxrootd.fnal.gov//store/mc/RunIISummer20UL16MiniAODv2/DY4JetsToLL_M-10to50_MatchEWPDG20_TuneCP5_13TeV-madgraphMLM-pythia8/MINIAODSIM/106X_mcRun2_asymptotic_v17-v1/280000/86E5C081-B556-0743-A65E-184304131779.root
13-Dec-2023 23:43:08 CET  Closed file root://cmsxrootd.fnal.gov//store/mc/RunIISummer20UL16MiniAODv2/DY4JetsToLL_M-10to50_MatchEWPDG20_TuneCP5_13TeV-madgraphMLM-pythia8/MINIAODSIM/106X_mcRun2_asymptotic_v17-v1/280000/86E5C081-B556-0743-A65E-184304131779.root
13-Dec-2023 23:43:08 CET  Initiating request to open file root://cmsxrootd.fnal.gov//store/mc/RunIISummer20UL16MiniAODv2/DY4JetsToLL_M-10to50_MatchEWPDG20_TuneCP5_13TeV-madgraphMLM-pythia8/MINIAODSIM/106X_mcRun2_asymptotic_v17-v1/280000/70C99083-B206-6F4A-AB9B-C9490FA6C723.root
%MSG-w XrdAdaptor:  file_open 13-Dec-2023 23:43:11 CET PostProcessEvent
Data is served from T2_US_Florida instead of original site US-Regional-Nebraska
%MSG
13-Dec-2023 23:43:11 CET  Successfully opened file root://cmsxrootd.fnal.gov//store/mc/RunIISummer20UL16MiniAODv2/DY4JetsToLL_M-10to50_MatchEWPDG20_TuneCP5_13TeV-madgraphMLM-pythia8/MINIAODSIM/106X_mcRun2_asymptotic_v17-v1/280000/70C99083-B206-6F4A-AB9B-C9490FA6C723.root
13-Dec-2023 23:43:16 CET  Closed file root://cmsxrootd.fnal.gov//store/mc/RunIISummer20UL16MiniAODv2/DY4JetsToLL_M-10to50_MatchEWPDG20_TuneCP5_13TeV-madgraphMLM-pythia8/MINIAODSIM/106X_mcRun2_asymptotic_v17-v1/280000/70C99083-B206-6F4A-AB9B-C9490FA6C723.root
13-Dec-2023 23:43:16 CET  Initiating request to open file root://cmsxrootd.fnal.gov//store/mc/RunIISummer20UL16MiniAODv2/DY4JetsToLL_M-10to50_MatchEWPDG20_TuneCP5_13TeV-madgraphMLM-pythia8/MINIAODSIM/106X_mcRun2_asymptotic_v17-v1/270000/1EFB4E5C-D1C4-384E-ABFB-B4CA97070AB9.root
%MSG-w XrdAdaptor:  file_open 13-Dec-2023 23:43:19 CET PostProcessEvent
Data is served from cms.rcac.purdue.edu instead of original site US-Regional-Nebraska
%MSG
13-Dec-2023 23:43:19 CET  Successfully opened file root://cmsxrootd.fnal.gov//store/mc/RunIISummer20UL16MiniAODv2/DY4JetsToLL_M-10to50_MatchEWPDG20_TuneCP5_13TeV-madgraphMLM-pythia8/MINIAODSIM/106X_mcRun2_asymptotic_v17-v1/270000/1EFB4E5C-D1C4-384E-ABFB-B4CA97070AB9.root
13-Dec-2023 23:43:24 CET  Closed file root://cmsxrootd.fnal.gov//store/mc/RunIISummer20UL16MiniAODv2/DY4JetsToLL_M-10to50_MatchEWPDG20_TuneCP5_13TeV-madgraphMLM-pythia8/MINIAODSIM/106X_mcRun2_asymptotic_v17-v1/270000/1EFB4E5C-D1C4-384E-ABFB-B4CA97070AB9.root
13-Dec-2023 23:43:24 CET  Initiating request to open file root://cmsxrootd.fnal.gov//store/mc/RunIISummer20UL16MiniAODv2/DY4JetsToLL_M-10to50_MatchEWPDG20_TuneCP5_13TeV-madgraphMLM-pythia8/MINIAODSIM/106X_mcRun2_asymptotic_v17-v1/280000/A554E872-C2AC-444C-9D31-2723F2701046.root
%MSG-w XrdAdaptor:  file_open 13-Dec-2023 23:43:26 CET PostProcessEvent
Data is served from T2_US_Florida instead of original site US-Regional-Nebraska
%MSG
13-Dec-2023 23:43:27 CET  Successfully opened file root://cmsxrootd.fnal.gov//store/mc/RunIISummer20UL16MiniAODv2/DY4JetsToLL_M-10to50_MatchEWPDG20_TuneCP5_13TeV-madgraphMLM-pythia8/MINIAODSIM/106X_mcRun2_asymptotic_v17-v1/280000/A554E872-C2AC-444C-9D31-2723F2701046.root
13-Dec-2023 23:43:32 CET  Closed file root://cmsxrootd.fnal.gov//store/mc/RunIISummer20UL16MiniAODv2/DY4JetsToLL_M-10to50_MatchEWPDG20_TuneCP5_13TeV-madgraphMLM-pythia8/MINIAODSIM/106X_mcRun2_asymptotic_v17-v1/280000/A554E872-C2AC-444C-9D31-2723F2701046.root
13-Dec-2023 23:43:32 CET  Initiating request to open file root://cmsxrootd.fnal.gov//store/mc/RunIISummer20UL16MiniAODv2/DY4JetsToLL_M-10to50_MatchEWPDG20_TuneCP5_13TeV-madgraphMLM-pythia8/MINIAODSIM/106X_mcRun2_asymptotic_v17-v1/280000/910AC9B8-9113-9A4C-A01D-E918FD8EBDD5.root
%MSG-w XrdAdaptor:  file_open 13-Dec-2023 23:43:34 CET PostProcessEvent
Data is served from T2_US_Florida instead of original site US-Regional-Nebraska
%MSG
13-Dec-2023 23:43:35 CET  Successfully opened file root://cmsxrootd.fnal.gov//store/mc/RunIISummer20UL16MiniAODv2/DY4JetsToLL_M-10to50_MatchEWPDG20_TuneCP5_13TeV-madgraphMLM-pythia8/MINIAODSIM/106X_mcRun2_asymptotic_v17-v1/280000/910AC9B8-9113-9A4C-A01D-E918FD8EBDD5.root
13-Dec-2023 23:43:40 CET  Closed file root://cmsxrootd.fnal.gov//store/mc/RunIISummer20UL16MiniAODv2/DY4JetsToLL_M-10to50_MatchEWPDG20_TuneCP5_13TeV-madgraphMLM-pythia8/MINIAODSIM/106X_mcRun2_asymptotic_v17-v1/280000/910AC9B8-9113-9A4C-A01D-E918FD8EBDD5.root
13-Dec-2023 23:43:40 CET  Initiating request to open file root://cmsxrootd.fnal.gov//store/mc/RunIISummer20UL16MiniAODv2/DY4JetsToLL_M-10to50_MatchEWPDG20_TuneCP5_13TeV-madgraphMLM-pythia8/MINIAODSIM/106X_mcRun2_asymptotic_v17-v1/280000/AA84251C-D91E-164D-A9BB-1AF59A37D9B7.root
%MSG-w XrdAdaptor:  file_open 13-Dec-2023 23:43:42 CET PostProcessEvent
Data is served from fnal.gov instead of original site US-Regional-Nebraska
%MSG
13-Dec-2023 23:43:42 CET  Successfully opened file root://cmsxrootd.fnal.gov//store/mc/RunIISummer20UL16MiniAODv2/DY4JetsToLL_M-10to50_MatchEWPDG20_TuneCP5_13TeV-madgraphMLM-pythia8/MINIAODSIM/106X_mcRun2_asymptotic_v17-v1/280000/AA84251C-D91E-164D-A9BB-1AF59A37D9B7.root
Begin processing the 1300001st record. Run 1, Event 6722561, LumiSection 1809 on stream 0 at 13-Dec-2023 23:43:48.694 CET
13-Dec-2023 23:43:49 CET  Closed file root://cmsxrootd.fnal.gov//store/mc/RunIISummer20UL16MiniAODv2/DY4JetsToLL_M-10to50_MatchEWPDG20_TuneCP5_13TeV-madgraphMLM-pythia8/MINIAODSIM/106X_mcRun2_asymptotic_v17-v1/280000/AA84251C-D91E-164D-A9BB-1AF59A37D9B7.root
13-Dec-2023 23:43:49 CET  Initiating request to open file root://cmsxrootd.fnal.gov//store/mc/RunIISummer20UL16MiniAODv2/DY4JetsToLL_M-10to50_MatchEWPDG20_TuneCP5_13TeV-madgraphMLM-pythia8/MINIAODSIM/106X_mcRun2_asymptotic_v17-v1/280000/F59C5708-DCD4-F840-B9F6-9979AA8D18AE.root
%MSG-w XrdAdaptor:  file_open 13-Dec-2023 23:43:51 CET PostProcessEvent
Data is served from fnal.gov instead of original site US-Regional-Nebraska
%MSG
13-Dec-2023 23:43:52 CET  Successfully opened file root://cmsxrootd.fnal.gov//store/mc/RunIISummer20UL16MiniAODv2/DY4JetsToLL_M-10to50_MatchEWPDG20_TuneCP5_13TeV-madgraphMLM-pythia8/MINIAODSIM/106X_mcRun2_asymptotic_v17-v1/280000/F59C5708-DCD4-F840-B9F6-9979AA8D18AE.root
13-Dec-2023 23:43:56 CET  Closed file root://cmsxrootd.fnal.gov//store/mc/RunIISummer20UL16MiniAODv2/DY4JetsToLL_M-10to50_MatchEWPDG20_TuneCP5_13TeV-madgraphMLM-pythia8/MINIAODSIM/106X_mcRun2_asymptotic_v17-v1/280000/F59C5708-DCD4-F840-B9F6-9979AA8D18AE.root
13-Dec-2023 23:43:56 CET  Initiating request to open file root://cmsxrootd.fnal.gov//store/mc/RunIISummer20UL16MiniAODv2/DY4JetsToLL_M-10to50_MatchEWPDG20_TuneCP5_13TeV-madgraphMLM-pythia8/MINIAODSIM/106X_mcRun2_asymptotic_v17-v1/140000/0BB27FDF-BCAF-1147-A062-F72973FFE229.root
%MSG-w XrdAdaptor:  file_open 13-Dec-2023 23:43:59 CET PostProcessEvent
Data is served from cms.rcac.purdue.edu instead of original site US-Regional-Nebraska
%MSG
13-Dec-2023 23:44:00 CET  Successfully opened file root://cmsxrootd.fnal.gov//store/mc/RunIISummer20UL16MiniAODv2/DY4JetsToLL_M-10to50_MatchEWPDG20_TuneCP5_13TeV-madgraphMLM-pythia8/MINIAODSIM/106X_mcRun2_asymptotic_v17-v1/140000/0BB27FDF-BCAF-1147-A062-F72973FFE229.root
13-Dec-2023 23:44:07 CET  Closed file root://cmsxrootd.fnal.gov//store/mc/RunIISummer20UL16MiniAODv2/DY4JetsToLL_M-10to50_MatchEWPDG20_TuneCP5_13TeV-madgraphMLM-pythia8/MINIAODSIM/106X_mcRun2_asymptotic_v17-v1/140000/0BB27FDF-BCAF-1147-A062-F72973FFE229.root
13-Dec-2023 23:44:07 CET  Initiating request to open file root://cmsxrootd.fnal.gov//store/mc/RunIISummer20UL16MiniAODv2/DY4JetsToLL_M-10to50_MatchEWPDG20_TuneCP5_13TeV-madgraphMLM-pythia8/MINIAODSIM/106X_mcRun2_asymptotic_v17-v1/280000/8606D520-C9BB-E945-A32B-A2AB461E7291.root
%MSG-w XrdAdaptor:  file_open 13-Dec-2023 23:44:11 CET PostProcessEvent
Data is served from T2_US_Nebraska instead of original site US-Regional-Nebraska
%MSG
13-Dec-2023 23:44:11 CET  Successfully opened file root://cmsxrootd.fnal.gov//store/mc/RunIISummer20UL16MiniAODv2/DY4JetsToLL_M-10to50_MatchEWPDG20_TuneCP5_13TeV-madgraphMLM-pythia8/MINIAODSIM/106X_mcRun2_asymptotic_v17-v1/280000/8606D520-C9BB-E945-A32B-A2AB461E7291.root
13-Dec-2023 23:44:16 CET  Closed file root://cmsxrootd.fnal.gov//store/mc/RunIISummer20UL16MiniAODv2/DY4JetsToLL_M-10to50_MatchEWPDG20_TuneCP5_13TeV-madgraphMLM-pythia8/MINIAODSIM/106X_mcRun2_asymptotic_v17-v1/280000/8606D520-C9BB-E945-A32B-A2AB461E7291.root
13-Dec-2023 23:44:16 CET  Initiating request to open file root://cmsxrootd.fnal.gov//store/mc/RunIISummer20UL16MiniAODv2/DY4JetsToLL_M-10to50_MatchEWPDG20_TuneCP5_13TeV-madgraphMLM-pythia8/MINIAODSIM/106X_mcRun2_asymptotic_v17-v1/270000/5BCAF7CE-F055-C64C-8687-6448F16234A0.root
%MSG-w XrdAdaptor:  file_open 13-Dec-2023 23:44:19 CET PostProcessEvent
Data is served from T2_US_Nebraska instead of original site US-Regional-Nebraska
%MSG
13-Dec-2023 23:44:20 CET  Successfully opened file root://cmsxrootd.fnal.gov//store/mc/RunIISummer20UL16MiniAODv2/DY4JetsToLL_M-10to50_MatchEWPDG20_TuneCP5_13TeV-madgraphMLM-pythia8/MINIAODSIM/106X_mcRun2_asymptotic_v17-v1/270000/5BCAF7CE-F055-C64C-8687-6448F16234A0.root
13-Dec-2023 23:44:25 CET  Closed file root://cmsxrootd.fnal.gov//store/mc/RunIISummer20UL16MiniAODv2/DY4JetsToLL_M-10to50_MatchEWPDG20_TuneCP5_13TeV-madgraphMLM-pythia8/MINIAODSIM/106X_mcRun2_asymptotic_v17-v1/270000/5BCAF7CE-F055-C64C-8687-6448F16234A0.root
13-Dec-2023 23:44:25 CET  Initiating request to open file root://cmsxrootd.fnal.gov//store/mc/RunIISummer20UL16MiniAODv2/DY4JetsToLL_M-10to50_MatchEWPDG20_TuneCP5_13TeV-madgraphMLM-pythia8/MINIAODSIM/106X_mcRun2_asymptotic_v17-v1/280000/2125B3C4-0854-EE4C-BB31-FD524F81C45A.root
%MSG-w XrdAdaptor:  file_open 13-Dec-2023 23:44:29 CET PostProcessEvent
Data is served from T2_US_Nebraska instead of original site US-Regional-Nebraska
%MSG
13-Dec-2023 23:44:29 CET  Successfully opened file root://cmsxrootd.fnal.gov//store/mc/RunIISummer20UL16MiniAODv2/DY4JetsToLL_M-10to50_MatchEWPDG20_TuneCP5_13TeV-madgraphMLM-pythia8/MINIAODSIM/106X_mcRun2_asymptotic_v17-v1/280000/2125B3C4-0854-EE4C-BB31-FD524F81C45A.root
13-Dec-2023 23:44:34 CET  Closed file root://cmsxrootd.fnal.gov//store/mc/RunIISummer20UL16MiniAODv2/DY4JetsToLL_M-10to50_MatchEWPDG20_TuneCP5_13TeV-madgraphMLM-pythia8/MINIAODSIM/106X_mcRun2_asymptotic_v17-v1/280000/2125B3C4-0854-EE4C-BB31-FD524F81C45A.root
13-Dec-2023 23:44:34 CET  Initiating request to open file root://cmsxrootd.fnal.gov//store/mc/RunIISummer20UL16MiniAODv2/DY4JetsToLL_M-10to50_MatchEWPDG20_TuneCP5_13TeV-madgraphMLM-pythia8/MINIAODSIM/106X_mcRun2_asymptotic_v17-v1/270000/6F430BA6-FBAF-C546-82DF-08AD45DA928D.root
%MSG-w XrdAdaptor:  file_open 13-Dec-2023 23:44:38 CET PostProcessEvent
Data is served from T2_US_Wisconsin instead of original site US-Regional-Nebraska
%MSG
13-Dec-2023 23:44:39 CET  Successfully opened file root://cmsxrootd.fnal.gov//store/mc/RunIISummer20UL16MiniAODv2/DY4JetsToLL_M-10to50_MatchEWPDG20_TuneCP5_13TeV-madgraphMLM-pythia8/MINIAODSIM/106X_mcRun2_asymptotic_v17-v1/270000/6F430BA6-FBAF-C546-82DF-08AD45DA928D.root
13-Dec-2023 23:44:44 CET  Closed file root://cmsxrootd.fnal.gov//store/mc/RunIISummer20UL16MiniAODv2/DY4JetsToLL_M-10to50_MatchEWPDG20_TuneCP5_13TeV-madgraphMLM-pythia8/MINIAODSIM/106X_mcRun2_asymptotic_v17-v1/270000/6F430BA6-FBAF-C546-82DF-08AD45DA928D.root
13-Dec-2023 23:44:44 CET  Initiating request to open file root://cmsxrootd.fnal.gov//store/mc/RunIISummer20UL16MiniAODv2/DY4JetsToLL_M-10to50_MatchEWPDG20_TuneCP5_13TeV-madgraphMLM-pythia8/MINIAODSIM/106X_mcRun2_asymptotic_v17-v1/270000/E04D949C-7855-034D-9C46-C1420E1093DF.root
%MSG-w XrdAdaptor:  file_open 13-Dec-2023 23:44:47 CET PostProcessEvent
Data is served from T2_US_Nebraska instead of original site US-Regional-Nebraska
%MSG
13-Dec-2023 23:44:48 CET  Successfully opened file root://cmsxrootd.fnal.gov//store/mc/RunIISummer20UL16MiniAODv2/DY4JetsToLL_M-10to50_MatchEWPDG20_TuneCP5_13TeV-madgraphMLM-pythia8/MINIAODSIM/106X_mcRun2_asymptotic_v17-v1/270000/E04D949C-7855-034D-9C46-C1420E1093DF.root
13-Dec-2023 23:44:54 CET  Closed file root://cmsxrootd.fnal.gov//store/mc/RunIISummer20UL16MiniAODv2/DY4JetsToLL_M-10to50_MatchEWPDG20_TuneCP5_13TeV-madgraphMLM-pythia8/MINIAODSIM/106X_mcRun2_asymptotic_v17-v1/270000/E04D949C-7855-034D-9C46-C1420E1093DF.root
13-Dec-2023 23:44:54 CET  Initiating request to open file root://cmsxrootd.fnal.gov//store/mc/RunIISummer20UL16MiniAODv2/DY4JetsToLL_M-10to50_MatchEWPDG20_TuneCP5_13TeV-madgraphMLM-pythia8/MINIAODSIM/106X_mcRun2_asymptotic_v17-v1/280000/673EF89F-34C0-3441-97FF-A79321FDDB94.root
%MSG-w XrdAdaptor:  file_open 13-Dec-2023 23:44:56 CET PostProcessEvent
Data is served from fnal.gov instead of original site US-Regional-Nebraska
%MSG
13-Dec-2023 23:44:56 CET  Successfully opened file root://cmsxrootd.fnal.gov//store/mc/RunIISummer20UL16MiniAODv2/DY4JetsToLL_M-10to50_MatchEWPDG20_TuneCP5_13TeV-madgraphMLM-pythia8/MINIAODSIM/106X_mcRun2_asymptotic_v17-v1/280000/673EF89F-34C0-3441-97FF-A79321FDDB94.root
13-Dec-2023 23:45:01 CET  Closed file root://cmsxrootd.fnal.gov//store/mc/RunIISummer20UL16MiniAODv2/DY4JetsToLL_M-10to50_MatchEWPDG20_TuneCP5_13TeV-madgraphMLM-pythia8/MINIAODSIM/106X_mcRun2_asymptotic_v17-v1/280000/673EF89F-34C0-3441-97FF-A79321FDDB94.root
13-Dec-2023 23:45:01 CET  Initiating request to open file root://cmsxrootd.fnal.gov//store/mc/RunIISummer20UL16MiniAODv2/DY4JetsToLL_M-10to50_MatchEWPDG20_TuneCP5_13TeV-madgraphMLM-pythia8/MINIAODSIM/106X_mcRun2_asymptotic_v17-v1/140000/3FD8016D-A123-D745-9AFA-00BA864464BF.root
%MSG-w XrdAdaptor:  file_open 13-Dec-2023 23:45:04 CET PostProcessEvent
Data is served from T2_US_Florida instead of original site US-Regional-Nebraska
%MSG
13-Dec-2023 23:45:04 CET  Successfully opened file root://cmsxrootd.fnal.gov//store/mc/RunIISummer20UL16MiniAODv2/DY4JetsToLL_M-10to50_MatchEWPDG20_TuneCP5_13TeV-madgraphMLM-pythia8/MINIAODSIM/106X_mcRun2_asymptotic_v17-v1/140000/3FD8016D-A123-D745-9AFA-00BA864464BF.root
Begin processing the 1400001st record. Run 1, Event 5048019, LumiSection 1358 on stream 0 at 13-Dec-2023 23:45:10.611 CET
13-Dec-2023 23:45:10 CET  Closed file root://cmsxrootd.fnal.gov//store/mc/RunIISummer20UL16MiniAODv2/DY4JetsToLL_M-10to50_MatchEWPDG20_TuneCP5_13TeV-madgraphMLM-pythia8/MINIAODSIM/106X_mcRun2_asymptotic_v17-v1/140000/3FD8016D-A123-D745-9AFA-00BA864464BF.root
13-Dec-2023 23:45:10 CET  Initiating request to open file root://cmsxrootd.fnal.gov//store/mc/RunIISummer20UL16MiniAODv2/DY4JetsToLL_M-10to50_MatchEWPDG20_TuneCP5_13TeV-madgraphMLM-pythia8/MINIAODSIM/106X_mcRun2_asymptotic_v17-v1/280000/EFB52D82-F2A6-4348-8E73-2FB01A09447D.root
%MSG-w XrdAdaptor:  file_open 13-Dec-2023 23:45:13 CET PostProcessEvent
Data is served from T2_US_Florida instead of original site US-Regional-Nebraska
%MSG
13-Dec-2023 23:45:13 CET  Successfully opened file root://cmsxrootd.fnal.gov//store/mc/RunIISummer20UL16MiniAODv2/DY4JetsToLL_M-10to50_MatchEWPDG20_TuneCP5_13TeV-madgraphMLM-pythia8/MINIAODSIM/106X_mcRun2_asymptotic_v17-v1/280000/EFB52D82-F2A6-4348-8E73-2FB01A09447D.root
13-Dec-2023 23:45:20 CET  Closed file root://cmsxrootd.fnal.gov//store/mc/RunIISummer20UL16MiniAODv2/DY4JetsToLL_M-10to50_MatchEWPDG20_TuneCP5_13TeV-madgraphMLM-pythia8/MINIAODSIM/106X_mcRun2_asymptotic_v17-v1/280000/EFB52D82-F2A6-4348-8E73-2FB01A09447D.root
13-Dec-2023 23:45:20 CET  Initiating request to open file root://cmsxrootd.fnal.gov//store/mc/RunIISummer20UL16MiniAODv2/DY4JetsToLL_M-10to50_MatchEWPDG20_TuneCP5_13TeV-madgraphMLM-pythia8/MINIAODSIM/106X_mcRun2_asymptotic_v17-v1/270000/F4AB2C96-B900-754D-B92C-7A8AF5B966DB.root
%MSG-w XrdAdaptor:  file_open 13-Dec-2023 23:45:22 CET PostProcessEvent
Data is served from cms.rcac.purdue.edu instead of original site US-Regional-Nebraska
%MSG
13-Dec-2023 23:45:23 CET  Successfully opened file root://cmsxrootd.fnal.gov//store/mc/RunIISummer20UL16MiniAODv2/DY4JetsToLL_M-10to50_MatchEWPDG20_TuneCP5_13TeV-madgraphMLM-pythia8/MINIAODSIM/106X_mcRun2_asymptotic_v17-v1/270000/F4AB2C96-B900-754D-B92C-7A8AF5B966DB.root
13-Dec-2023 23:45:28 CET  Closed file root://cmsxrootd.fnal.gov//store/mc/RunIISummer20UL16MiniAODv2/DY4JetsToLL_M-10to50_MatchEWPDG20_TuneCP5_13TeV-madgraphMLM-pythia8/MINIAODSIM/106X_mcRun2_asymptotic_v17-v1/270000/F4AB2C96-B900-754D-B92C-7A8AF5B966DB.root
13-Dec-2023 23:45:28 CET  Initiating request to open file root://cmsxrootd.fnal.gov//store/mc/RunIISummer20UL16MiniAODv2/DY4JetsToLL_M-10to50_MatchEWPDG20_TuneCP5_13TeV-madgraphMLM-pythia8/MINIAODSIM/106X_mcRun2_asymptotic_v17-v1/280000/B9CCD5F1-DAD1-1B47-B409-E35CAD0239B8.root
%MSG-w XrdAdaptor:  file_open 13-Dec-2023 23:45:30 CET PostProcessEvent
Data is served from cms.rcac.purdue.edu instead of original site US-Regional-Nebraska
%MSG
13-Dec-2023 23:45:31 CET  Successfully opened file root://cmsxrootd.fnal.gov//store/mc/RunIISummer20UL16MiniAODv2/DY4JetsToLL_M-10to50_MatchEWPDG20_TuneCP5_13TeV-madgraphMLM-pythia8/MINIAODSIM/106X_mcRun2_asymptotic_v17-v1/280000/B9CCD5F1-DAD1-1B47-B409-E35CAD0239B8.root
13-Dec-2023 23:45:36 CET  Closed file root://cmsxrootd.fnal.gov//store/mc/RunIISummer20UL16MiniAODv2/DY4JetsToLL_M-10to50_MatchEWPDG20_TuneCP5_13TeV-madgraphMLM-pythia8/MINIAODSIM/106X_mcRun2_asymptotic_v17-v1/280000/B9CCD5F1-DAD1-1B47-B409-E35CAD0239B8.root
13-Dec-2023 23:45:36 CET  Initiating request to open file root://cmsxrootd.fnal.gov//store/mc/RunIISummer20UL16MiniAODv2/DY4JetsToLL_M-10to50_MatchEWPDG20_TuneCP5_13TeV-madgraphMLM-pythia8/MINIAODSIM/106X_mcRun2_asymptotic_v17-v1/270000/6A502153-471C-4D49-82A4-067FC2F6FF44.root
%MSG-w XrdAdaptor:  file_open 13-Dec-2023 23:45:38 CET PostProcessEvent
Data is served from T2_US_Wisconsin instead of original site US-Regional-Nebraska
%MSG
13-Dec-2023 23:45:39 CET  Successfully opened file root://cmsxrootd.fnal.gov//store/mc/RunIISummer20UL16MiniAODv2/DY4JetsToLL_M-10to50_MatchEWPDG20_TuneCP5_13TeV-madgraphMLM-pythia8/MINIAODSIM/106X_mcRun2_asymptotic_v17-v1/270000/6A502153-471C-4D49-82A4-067FC2F6FF44.root
Begin processing the 1500001st record. Run 1, Event 25900365, LumiSection 6967 on stream 0 at 13-Dec-2023 23:45:47.978 CET
13-Dec-2023 23:45:48 CET  Closed file root://cmsxrootd.fnal.gov//store/mc/RunIISummer20UL16MiniAODv2/DY4JetsToLL_M-10to50_MatchEWPDG20_TuneCP5_13TeV-madgraphMLM-pythia8/MINIAODSIM/106X_mcRun2_asymptotic_v17-v1/270000/6A502153-471C-4D49-82A4-067FC2F6FF44.root
13-Dec-2023 23:45:48 CET  Initiating request to open file root://cmsxrootd.fnal.gov//store/mc/RunIISummer20UL16MiniAODv2/DY4JetsToLL_M-10to50_MatchEWPDG20_TuneCP5_13TeV-madgraphMLM-pythia8/MINIAODSIM/106X_mcRun2_asymptotic_v17-v1/270000/29246578-6ACA-BE43-B084-2C4E4CCA69EA.root
%MSG-w XrdAdaptor:  file_open 13-Dec-2023 23:45:52 CET PostProcessEvent
Data is served from T2_US_Wisconsin instead of original site US-Regional-Nebraska
%MSG
13-Dec-2023 23:45:53 CET  Successfully opened file root://cmsxrootd.fnal.gov//store/mc/RunIISummer20UL16MiniAODv2/DY4JetsToLL_M-10to50_MatchEWPDG20_TuneCP5_13TeV-madgraphMLM-pythia8/MINIAODSIM/106X_mcRun2_asymptotic_v17-v1/270000/29246578-6ACA-BE43-B084-2C4E4CCA69EA.root
13-Dec-2023 23:45:57 CET  Closed file root://cmsxrootd.fnal.gov//store/mc/RunIISummer20UL16MiniAODv2/DY4JetsToLL_M-10to50_MatchEWPDG20_TuneCP5_13TeV-madgraphMLM-pythia8/MINIAODSIM/106X_mcRun2_asymptotic_v17-v1/270000/29246578-6ACA-BE43-B084-2C4E4CCA69EA.root
13-Dec-2023 23:45:57 CET  Initiating request to open file root://cmsxrootd.fnal.gov//store/mc/RunIISummer20UL16MiniAODv2/DY4JetsToLL_M-10to50_MatchEWPDG20_TuneCP5_13TeV-madgraphMLM-pythia8/MINIAODSIM/106X_mcRun2_asymptotic_v17-v1/270000/8D014990-FDFC-0B4E-BA45-AF4CF80F1DEE.root
%MSG-w XrdAdaptor:  file_open 13-Dec-2023 23:45:59 CET PostProcessEvent
Data is served from T2_US_Florida instead of original site US-Regional-Nebraska
%MSG
13-Dec-2023 23:46:00 CET  Successfully opened file root://cmsxrootd.fnal.gov//store/mc/RunIISummer20UL16MiniAODv2/DY4JetsToLL_M-10to50_MatchEWPDG20_TuneCP5_13TeV-madgraphMLM-pythia8/MINIAODSIM/106X_mcRun2_asymptotic_v17-v1/270000/8D014990-FDFC-0B4E-BA45-AF4CF80F1DEE.root
13-Dec-2023 23:46:08 CET  Closed file root://cmsxrootd.fnal.gov//store/mc/RunIISummer20UL16MiniAODv2/DY4JetsToLL_M-10to50_MatchEWPDG20_TuneCP5_13TeV-madgraphMLM-pythia8/MINIAODSIM/106X_mcRun2_asymptotic_v17-v1/270000/8D014990-FDFC-0B4E-BA45-AF4CF80F1DEE.root
13-Dec-2023 23:46:08 CET  Initiating request to open file root://cmsxrootd.fnal.gov//store/mc/RunIISummer20UL16MiniAODv2/DY4JetsToLL_M-10to50_MatchEWPDG20_TuneCP5_13TeV-madgraphMLM-pythia8/MINIAODSIM/106X_mcRun2_asymptotic_v17-v1/270000/1A82A7A3-FBE9-8B49-B8A5-B8DBF58E4FF7.root
%MSG-w XrdAdaptor:  file_open 13-Dec-2023 23:46:11 CET PostProcessEvent
Data is served from T2_US_Wisconsin instead of original site US-Regional-Nebraska
%MSG
13-Dec-2023 23:46:12 CET  Successfully opened file root://cmsxrootd.fnal.gov//store/mc/RunIISummer20UL16MiniAODv2/DY4JetsToLL_M-10to50_MatchEWPDG20_TuneCP5_13TeV-madgraphMLM-pythia8/MINIAODSIM/106X_mcRun2_asymptotic_v17-v1/270000/1A82A7A3-FBE9-8B49-B8A5-B8DBF58E4FF7.root
13-Dec-2023 23:46:17 CET  Closed file root://cmsxrootd.fnal.gov//store/mc/RunIISummer20UL16MiniAODv2/DY4JetsToLL_M-10to50_MatchEWPDG20_TuneCP5_13TeV-madgraphMLM-pythia8/MINIAODSIM/106X_mcRun2_asymptotic_v17-v1/270000/1A82A7A3-FBE9-8B49-B8A5-B8DBF58E4FF7.root
13-Dec-2023 23:46:17 CET  Initiating request to open file root://cmsxrootd.fnal.gov//store/mc/RunIISummer20UL16MiniAODv2/DY4JetsToLL_M-10to50_MatchEWPDG20_TuneCP5_13TeV-madgraphMLM-pythia8/MINIAODSIM/106X_mcRun2_asymptotic_v17-v1/280000/CE0CAFAD-C3D1-2148-A6C3-6EBCFC3FFFD9.root
%MSG-w XrdAdaptor:  file_open 13-Dec-2023 23:46:19 CET PostProcessEvent
Data is served from T2_US_Florida instead of original site US-Regional-Nebraska
%MSG
13-Dec-2023 23:46:20 CET  Successfully opened file root://cmsxrootd.fnal.gov//store/mc/RunIISummer20UL16MiniAODv2/DY4JetsToLL_M-10to50_MatchEWPDG20_TuneCP5_13TeV-madgraphMLM-pythia8/MINIAODSIM/106X_mcRun2_asymptotic_v17-v1/280000/CE0CAFAD-C3D1-2148-A6C3-6EBCFC3FFFD9.root
13-Dec-2023 23:46:24 CET  Closed file root://cmsxrootd.fnal.gov//store/mc/RunIISummer20UL16MiniAODv2/DY4JetsToLL_M-10to50_MatchEWPDG20_TuneCP5_13TeV-madgraphMLM-pythia8/MINIAODSIM/106X_mcRun2_asymptotic_v17-v1/280000/CE0CAFAD-C3D1-2148-A6C3-6EBCFC3FFFD9.root
13-Dec-2023 23:46:24 CET  Initiating request to open file root://cmsxrootd.fnal.gov//store/mc/RunIISummer20UL16MiniAODv2/DY4JetsToLL_M-10to50_MatchEWPDG20_TuneCP5_13TeV-madgraphMLM-pythia8/MINIAODSIM/106X_mcRun2_asymptotic_v17-v1/280000/D5B137B4-F801-EB4A-9177-91ECED07FFEA.root
%MSG-w XrdAdaptor:  file_open 13-Dec-2023 23:46:26 CET PostProcessEvent
Data is served from T2_US_Florida instead of original site US-Regional-Nebraska
%MSG
13-Dec-2023 23:46:27 CET  Successfully opened file root://cmsxrootd.fnal.gov//store/mc/RunIISummer20UL16MiniAODv2/DY4JetsToLL_M-10to50_MatchEWPDG20_TuneCP5_13TeV-madgraphMLM-pythia8/MINIAODSIM/106X_mcRun2_asymptotic_v17-v1/280000/D5B137B4-F801-EB4A-9177-91ECED07FFEA.root
13-Dec-2023 23:46:32 CET  Closed file root://cmsxrootd.fnal.gov//store/mc/RunIISummer20UL16MiniAODv2/DY4JetsToLL_M-10to50_MatchEWPDG20_TuneCP5_13TeV-madgraphMLM-pythia8/MINIAODSIM/106X_mcRun2_asymptotic_v17-v1/280000/D5B137B4-F801-EB4A-9177-91ECED07FFEA.root
13-Dec-2023 23:46:32 CET  Initiating request to open file root://cmsxrootd.fnal.gov//store/mc/RunIISummer20UL16MiniAODv2/DY4JetsToLL_M-10to50_MatchEWPDG20_TuneCP5_13TeV-madgraphMLM-pythia8/MINIAODSIM/106X_mcRun2_asymptotic_v17-v1/270000/A50D2149-F0EE-BF44-9F6A-0E3E049D2299.root
%MSG-w XrdAdaptor:  file_open 13-Dec-2023 23:46:34 CET PostProcessEvent
Data is served from T2_US_Nebraska instead of original site US-Regional-Nebraska
%MSG
13-Dec-2023 23:46:35 CET  Successfully opened file root://cmsxrootd.fnal.gov//store/mc/RunIISummer20UL16MiniAODv2/DY4JetsToLL_M-10to50_MatchEWPDG20_TuneCP5_13TeV-madgraphMLM-pythia8/MINIAODSIM/106X_mcRun2_asymptotic_v17-v1/270000/A50D2149-F0EE-BF44-9F6A-0E3E049D2299.root
Begin processing the 1600001st record. Run 1, Event 17161527, LumiSection 4616 on stream 0 at 13-Dec-2023 23:46:41.614 CET
13-Dec-2023 23:46:41 CET  Closed file root://cmsxrootd.fnal.gov//store/mc/RunIISummer20UL16MiniAODv2/DY4JetsToLL_M-10to50_MatchEWPDG20_TuneCP5_13TeV-madgraphMLM-pythia8/MINIAODSIM/106X_mcRun2_asymptotic_v17-v1/270000/A50D2149-F0EE-BF44-9F6A-0E3E049D2299.root
13-Dec-2023 23:46:41 CET  Initiating request to open file root://cmsxrootd.fnal.gov//store/mc/RunIISummer20UL16MiniAODv2/DY4JetsToLL_M-10to50_MatchEWPDG20_TuneCP5_13TeV-madgraphMLM-pythia8/MINIAODSIM/106X_mcRun2_asymptotic_v17-v1/270000/601CBB84-921F-A24F-856D-9575EC9DD651.root
%MSG-w XrdAdaptor:  file_open 13-Dec-2023 23:46:45 CET PostProcessEvent
Data is served from T2_US_Vanderbilt instead of original site US-Regional-Nebraska
%MSG
13-Dec-2023 23:46:57 CET  Successfully opened file root://cmsxrootd.fnal.gov//store/mc/RunIISummer20UL16MiniAODv2/DY4JetsToLL_M-10to50_MatchEWPDG20_TuneCP5_13TeV-madgraphMLM-pythia8/MINIAODSIM/106X_mcRun2_asymptotic_v17-v1/270000/601CBB84-921F-A24F-856D-9575EC9DD651.root
13-Dec-2023 23:47:06 CET  Closed file root://cmsxrootd.fnal.gov//store/mc/RunIISummer20UL16MiniAODv2/DY4JetsToLL_M-10to50_MatchEWPDG20_TuneCP5_13TeV-madgraphMLM-pythia8/MINIAODSIM/106X_mcRun2_asymptotic_v17-v1/270000/601CBB84-921F-A24F-856D-9575EC9DD651.root
13-Dec-2023 23:47:06 CET  Initiating request to open file root://cmsxrootd.fnal.gov//store/mc/RunIISummer20UL16MiniAODv2/DY4JetsToLL_M-10to50_MatchEWPDG20_TuneCP5_13TeV-madgraphMLM-pythia8/MINIAODSIM/106X_mcRun2_asymptotic_v17-v1/280000/91C13297-73E1-FA46-86AD-8803C6C53C79.root
%MSG-w XrdAdaptor:  file_open 13-Dec-2023 23:47:09 CET PostProcessEvent
Data is served from cms.rcac.purdue.edu instead of original site US-Regional-Nebraska
%MSG
13-Dec-2023 23:47:10 CET  Successfully opened file root://cmsxrootd.fnal.gov//store/mc/RunIISummer20UL16MiniAODv2/DY4JetsToLL_M-10to50_MatchEWPDG20_TuneCP5_13TeV-madgraphMLM-pythia8/MINIAODSIM/106X_mcRun2_asymptotic_v17-v1/280000/91C13297-73E1-FA46-86AD-8803C6C53C79.root
13-Dec-2023 23:47:14 CET  Closed file root://cmsxrootd.fnal.gov//store/mc/RunIISummer20UL16MiniAODv2/DY4JetsToLL_M-10to50_MatchEWPDG20_TuneCP5_13TeV-madgraphMLM-pythia8/MINIAODSIM/106X_mcRun2_asymptotic_v17-v1/280000/91C13297-73E1-FA46-86AD-8803C6C53C79.root
13-Dec-2023 23:47:14 CET  Initiating request to open file root://cmsxrootd.fnal.gov//store/mc/RunIISummer20UL16MiniAODv2/DY4JetsToLL_M-10to50_MatchEWPDG20_TuneCP5_13TeV-madgraphMLM-pythia8/MINIAODSIM/106X_mcRun2_asymptotic_v17-v1/270000/6D7BA5D5-428E-C64C-A5BF-D8FF9E2976F6.root
%MSG-w XrdAdaptor:  file_open 13-Dec-2023 23:47:16 CET PostProcessEvent
Data is served from T2_US_Wisconsin instead of original site US-Regional-Nebraska
%MSG
13-Dec-2023 23:47:17 CET  Successfully opened file root://cmsxrootd.fnal.gov//store/mc/RunIISummer20UL16MiniAODv2/DY4JetsToLL_M-10to50_MatchEWPDG20_TuneCP5_13TeV-madgraphMLM-pythia8/MINIAODSIM/106X_mcRun2_asymptotic_v17-v1/270000/6D7BA5D5-428E-C64C-A5BF-D8FF9E2976F6.root
13-Dec-2023 23:47:24 CET  Closed file root://cmsxrootd.fnal.gov//store/mc/RunIISummer20UL16MiniAODv2/DY4JetsToLL_M-10to50_MatchEWPDG20_TuneCP5_13TeV-madgraphMLM-pythia8/MINIAODSIM/106X_mcRun2_asymptotic_v17-v1/270000/6D7BA5D5-428E-C64C-A5BF-D8FF9E2976F6.root
13-Dec-2023 23:47:24 CET  Initiating request to open file root://cmsxrootd.fnal.gov//store/mc/RunIISummer20UL16MiniAODv2/DY4JetsToLL_M-10to50_MatchEWPDG20_TuneCP5_13TeV-madgraphMLM-pythia8/MINIAODSIM/106X_mcRun2_asymptotic_v17-v1/280000/18B2DDD0-5959-8141-9FAD-1DCC317FE3B6.root
%MSG-w XrdAdaptor:  file_open 13-Dec-2023 23:47:26 CET PostProcessEvent
Data is served from T2_US_Florida instead of original site US-Regional-Nebraska
%MSG
13-Dec-2023 23:47:27 CET  Successfully opened file root://cmsxrootd.fnal.gov//store/mc/RunIISummer20UL16MiniAODv2/DY4JetsToLL_M-10to50_MatchEWPDG20_TuneCP5_13TeV-madgraphMLM-pythia8/MINIAODSIM/106X_mcRun2_asymptotic_v17-v1/280000/18B2DDD0-5959-8141-9FAD-1DCC317FE3B6.root
13-Dec-2023 23:47:31 CET  Closed file root://cmsxrootd.fnal.gov//store/mc/RunIISummer20UL16MiniAODv2/DY4JetsToLL_M-10to50_MatchEWPDG20_TuneCP5_13TeV-madgraphMLM-pythia8/MINIAODSIM/106X_mcRun2_asymptotic_v17-v1/280000/18B2DDD0-5959-8141-9FAD-1DCC317FE3B6.root
13-Dec-2023 23:47:31 CET  Initiating request to open file root://cmsxrootd.fnal.gov//store/mc/RunIISummer20UL16MiniAODv2/DY4JetsToLL_M-10to50_MatchEWPDG20_TuneCP5_13TeV-madgraphMLM-pythia8/MINIAODSIM/106X_mcRun2_asymptotic_v17-v1/280000/923B81A7-F01A-F649-A2E7-DD6AE303236D.root
%MSG-w XrdAdaptor:  file_open 13-Dec-2023 23:47:33 CET PostProcessEvent
Data is served from T2_US_Wisconsin instead of original site US-Regional-Nebraska
%MSG
13-Dec-2023 23:47:34 CET  Successfully opened file root://cmsxrootd.fnal.gov//store/mc/RunIISummer20UL16MiniAODv2/DY4JetsToLL_M-10to50_MatchEWPDG20_TuneCP5_13TeV-madgraphMLM-pythia8/MINIAODSIM/106X_mcRun2_asymptotic_v17-v1/280000/923B81A7-F01A-F649-A2E7-DD6AE303236D.root
13-Dec-2023 23:47:38 CET  Closed file root://cmsxrootd.fnal.gov//store/mc/RunIISummer20UL16MiniAODv2/DY4JetsToLL_M-10to50_MatchEWPDG20_TuneCP5_13TeV-madgraphMLM-pythia8/MINIAODSIM/106X_mcRun2_asymptotic_v17-v1/280000/923B81A7-F01A-F649-A2E7-DD6AE303236D.root
13-Dec-2023 23:47:38 CET  Initiating request to open file root://cmsxrootd.fnal.gov//store/mc/RunIISummer20UL16MiniAODv2/DY4JetsToLL_M-10to50_MatchEWPDG20_TuneCP5_13TeV-madgraphMLM-pythia8/MINIAODSIM/106X_mcRun2_asymptotic_v17-v1/280000/6F23017E-AEE5-4745-8CF5-0CBB4A3BDB20.root
%MSG-w XrdAdaptor:  file_open 13-Dec-2023 23:47:41 CET PostProcessEvent
Data is served from fnal.gov instead of original site US-Regional-Nebraska
%MSG
13-Dec-2023 23:47:41 CET  Successfully opened file root://cmsxrootd.fnal.gov//store/mc/RunIISummer20UL16MiniAODv2/DY4JetsToLL_M-10to50_MatchEWPDG20_TuneCP5_13TeV-madgraphMLM-pythia8/MINIAODSIM/106X_mcRun2_asymptotic_v17-v1/280000/6F23017E-AEE5-4745-8CF5-0CBB4A3BDB20.root
13-Dec-2023 23:47:45 CET  Closed file root://cmsxrootd.fnal.gov//store/mc/RunIISummer20UL16MiniAODv2/DY4JetsToLL_M-10to50_MatchEWPDG20_TuneCP5_13TeV-madgraphMLM-pythia8/MINIAODSIM/106X_mcRun2_asymptotic_v17-v1/280000/6F23017E-AEE5-4745-8CF5-0CBB4A3BDB20.root
13-Dec-2023 23:47:45 CET  Initiating request to open file root://cmsxrootd.fnal.gov//store/mc/RunIISummer20UL16MiniAODv2/DY4JetsToLL_M-10to50_MatchEWPDG20_TuneCP5_13TeV-madgraphMLM-pythia8/MINIAODSIM/106X_mcRun2_asymptotic_v17-v1/280000/BD6CFD20-8E5E-964E-AC67-68ED13A43470.root
%MSG-w XrdAdaptor:  file_open 13-Dec-2023 23:47:48 CET PostProcessEvent
Data is served from T2_US_Florida instead of original site US-Regional-Nebraska
%MSG
13-Dec-2023 23:47:48 CET  Successfully opened file root://cmsxrootd.fnal.gov//store/mc/RunIISummer20UL16MiniAODv2/DY4JetsToLL_M-10to50_MatchEWPDG20_TuneCP5_13TeV-madgraphMLM-pythia8/MINIAODSIM/106X_mcRun2_asymptotic_v17-v1/280000/BD6CFD20-8E5E-964E-AC67-68ED13A43470.root
13-Dec-2023 23:47:54 CET  Closed file root://cmsxrootd.fnal.gov//store/mc/RunIISummer20UL16MiniAODv2/DY4JetsToLL_M-10to50_MatchEWPDG20_TuneCP5_13TeV-madgraphMLM-pythia8/MINIAODSIM/106X_mcRun2_asymptotic_v17-v1/280000/BD6CFD20-8E5E-964E-AC67-68ED13A43470.root
13-Dec-2023 23:47:54 CET  Initiating request to open file root://cmsxrootd.fnal.gov//store/mc/RunIISummer20UL16MiniAODv2/DY4JetsToLL_M-10to50_MatchEWPDG20_TuneCP5_13TeV-madgraphMLM-pythia8/MINIAODSIM/106X_mcRun2_asymptotic_v17-v1/280000/DEDF1998-1FA8-4A40-BD70-8EE7CA04A5AC.root
%MSG-w XrdAdaptor:  file_open 13-Dec-2023 23:47:56 CET PostProcessEvent
Data is served from T2_US_Florida instead of original site US-Regional-Nebraska
%MSG
13-Dec-2023 23:47:57 CET  Successfully opened file root://cmsxrootd.fnal.gov//store/mc/RunIISummer20UL16MiniAODv2/DY4JetsToLL_M-10to50_MatchEWPDG20_TuneCP5_13TeV-madgraphMLM-pythia8/MINIAODSIM/106X_mcRun2_asymptotic_v17-v1/280000/DEDF1998-1FA8-4A40-BD70-8EE7CA04A5AC.root
13-Dec-2023 23:48:04 CET  Closed file root://cmsxrootd.fnal.gov//store/mc/RunIISummer20UL16MiniAODv2/DY4JetsToLL_M-10to50_MatchEWPDG20_TuneCP5_13TeV-madgraphMLM-pythia8/MINIAODSIM/106X_mcRun2_asymptotic_v17-v1/280000/DEDF1998-1FA8-4A40-BD70-8EE7CA04A5AC.root
13-Dec-2023 23:48:04 CET  Initiating request to open file root://cmsxrootd.fnal.gov//store/mc/RunIISummer20UL16MiniAODv2/DY4JetsToLL_M-10to50_MatchEWPDG20_TuneCP5_13TeV-madgraphMLM-pythia8/MINIAODSIM/106X_mcRun2_asymptotic_v17-v1/280000/DCE851AF-6D80-1348-A4D1-8B16184D2530.root
%MSG-w XrdAdaptor:  file_open 13-Dec-2023 23:48:06 CET PostProcessEvent
Data is served from T2_US_Florida instead of original site US-Regional-Nebraska
%MSG
13-Dec-2023 23:48:07 CET  Successfully opened file root://cmsxrootd.fnal.gov//store/mc/RunIISummer20UL16MiniAODv2/DY4JetsToLL_M-10to50_MatchEWPDG20_TuneCP5_13TeV-madgraphMLM-pythia8/MINIAODSIM/106X_mcRun2_asymptotic_v17-v1/280000/DCE851AF-6D80-1348-A4D1-8B16184D2530.root
Begin processing the 1700001st record. Run 1, Event 32752394, LumiSection 8810 on stream 0 at 13-Dec-2023 23:48:12.780 CET
13-Dec-2023 23:48:13 CET  Closed file root://cmsxrootd.fnal.gov//store/mc/RunIISummer20UL16MiniAODv2/DY4JetsToLL_M-10to50_MatchEWPDG20_TuneCP5_13TeV-madgraphMLM-pythia8/MINIAODSIM/106X_mcRun2_asymptotic_v17-v1/280000/DCE851AF-6D80-1348-A4D1-8B16184D2530.root
13-Dec-2023 23:48:13 CET  Initiating request to open file root://cmsxrootd.fnal.gov//store/mc/RunIISummer20UL16MiniAODv2/DY4JetsToLL_M-10to50_MatchEWPDG20_TuneCP5_13TeV-madgraphMLM-pythia8/MINIAODSIM/106X_mcRun2_asymptotic_v17-v1/270000/6CCF9182-0330-0841-8659-5DAD601A1016.root
%MSG-w XrdAdaptor:  file_open 13-Dec-2023 23:48:16 CET PostProcessEvent
Data is served from T2_US_Wisconsin instead of original site US-Regional-Nebraska
%MSG
13-Dec-2023 23:48:17 CET  Successfully opened file root://cmsxrootd.fnal.gov//store/mc/RunIISummer20UL16MiniAODv2/DY4JetsToLL_M-10to50_MatchEWPDG20_TuneCP5_13TeV-madgraphMLM-pythia8/MINIAODSIM/106X_mcRun2_asymptotic_v17-v1/270000/6CCF9182-0330-0841-8659-5DAD601A1016.root
13-Dec-2023 23:48:26 CET  Closed file root://cmsxrootd.fnal.gov//store/mc/RunIISummer20UL16MiniAODv2/DY4JetsToLL_M-10to50_MatchEWPDG20_TuneCP5_13TeV-madgraphMLM-pythia8/MINIAODSIM/106X_mcRun2_asymptotic_v17-v1/270000/6CCF9182-0330-0841-8659-5DAD601A1016.root
13-Dec-2023 23:48:26 CET  Initiating request to open file root://cmsxrootd.fnal.gov//store/mc/RunIISummer20UL16MiniAODv2/DY4JetsToLL_M-10to50_MatchEWPDG20_TuneCP5_13TeV-madgraphMLM-pythia8/MINIAODSIM/106X_mcRun2_asymptotic_v17-v1/270000/AA7B3969-73C2-EE44-B8AC-85ECF36EE99B.root
%MSG-w XrdAdaptor:  file_open 13-Dec-2023 23:48:28 CET PostProcessEvent
Data is served from fnal.gov instead of original site US-Regional-Nebraska
%MSG
13-Dec-2023 23:48:28 CET  Successfully opened file root://cmsxrootd.fnal.gov//store/mc/RunIISummer20UL16MiniAODv2/DY4JetsToLL_M-10to50_MatchEWPDG20_TuneCP5_13TeV-madgraphMLM-pythia8/MINIAODSIM/106X_mcRun2_asymptotic_v17-v1/270000/AA7B3969-73C2-EE44-B8AC-85ECF36EE99B.root
13-Dec-2023 23:48:34 CET  Closed file root://cmsxrootd.fnal.gov//store/mc/RunIISummer20UL16MiniAODv2/DY4JetsToLL_M-10to50_MatchEWPDG20_TuneCP5_13TeV-madgraphMLM-pythia8/MINIAODSIM/106X_mcRun2_asymptotic_v17-v1/270000/AA7B3969-73C2-EE44-B8AC-85ECF36EE99B.root
13-Dec-2023 23:48:34 CET  Initiating request to open file root://cmsxrootd.fnal.gov//store/mc/RunIISummer20UL16MiniAODv2/DY4JetsToLL_M-10to50_MatchEWPDG20_TuneCP5_13TeV-madgraphMLM-pythia8/MINIAODSIM/106X_mcRun2_asymptotic_v17-v1/140000/DF34B67C-4BFA-834D-99C2-7F1A356D9A3A.root
Unable to load sec.protocol plugin libXrdSecztn.so
%MSG-w XrdAdaptor:  file_open 13-Dec-2023 23:48:37 CET PostProcessEvent
Data is served from fnal.gov instead of original site US-Regional-Nebraska
%MSG
13-Dec-2023 23:48:38 CET  Successfully opened file root://cmsxrootd.fnal.gov//store/mc/RunIISummer20UL16MiniAODv2/DY4JetsToLL_M-10to50_MatchEWPDG20_TuneCP5_13TeV-madgraphMLM-pythia8/MINIAODSIM/106X_mcRun2_asymptotic_v17-v1/140000/DF34B67C-4BFA-834D-99C2-7F1A356D9A3A.root
13-Dec-2023 23:48:42 CET  Closed file root://cmsxrootd.fnal.gov//store/mc/RunIISummer20UL16MiniAODv2/DY4JetsToLL_M-10to50_MatchEWPDG20_TuneCP5_13TeV-madgraphMLM-pythia8/MINIAODSIM/106X_mcRun2_asymptotic_v17-v1/140000/DF34B67C-4BFA-834D-99C2-7F1A356D9A3A.root
13-Dec-2023 23:48:42 CET  Initiating request to open file root://cmsxrootd.fnal.gov//store/mc/RunIISummer20UL16MiniAODv2/DY4JetsToLL_M-10to50_MatchEWPDG20_TuneCP5_13TeV-madgraphMLM-pythia8/MINIAODSIM/106X_mcRun2_asymptotic_v17-v1/270000/F0E110DE-DEAA-9046-A067-BF935075913B.root
%MSG-w XrdAdaptor:  file_open 13-Dec-2023 23:48:45 CET PostProcessEvent
Data is served from T2_US_Florida instead of original site US-Regional-Nebraska
%MSG
13-Dec-2023 23:48:45 CET  Successfully opened file root://cmsxrootd.fnal.gov//store/mc/RunIISummer20UL16MiniAODv2/DY4JetsToLL_M-10to50_MatchEWPDG20_TuneCP5_13TeV-madgraphMLM-pythia8/MINIAODSIM/106X_mcRun2_asymptotic_v17-v1/270000/F0E110DE-DEAA-9046-A067-BF935075913B.root
Begin processing the 1800001st record. Run 1, Event 4871618, LumiSection 1311 on stream 0 at 13-Dec-2023 23:48:50.803 CET
13-Dec-2023 23:48:52 CET  Closed file root://cmsxrootd.fnal.gov//store/mc/RunIISummer20UL16MiniAODv2/DY4JetsToLL_M-10to50_MatchEWPDG20_TuneCP5_13TeV-madgraphMLM-pythia8/MINIAODSIM/106X_mcRun2_asymptotic_v17-v1/270000/F0E110DE-DEAA-9046-A067-BF935075913B.root
13-Dec-2023 23:48:52 CET  Initiating request to open file root://cmsxrootd.fnal.gov//store/mc/RunIISummer20UL16MiniAODv2/DY4JetsToLL_M-10to50_MatchEWPDG20_TuneCP5_13TeV-madgraphMLM-pythia8/MINIAODSIM/106X_mcRun2_asymptotic_v17-v1/140000/D010CFF7-198E-8145-9733-A55EBD710D17.root
%MSG-w XrdAdaptor:  file_open 13-Dec-2023 23:48:54 CET PostProcessEvent
Data is served from fnal.gov instead of original site US-Regional-Nebraska
%MSG
13-Dec-2023 23:48:54 CET  Successfully opened file root://cmsxrootd.fnal.gov//store/mc/RunIISummer20UL16MiniAODv2/DY4JetsToLL_M-10to50_MatchEWPDG20_TuneCP5_13TeV-madgraphMLM-pythia8/MINIAODSIM/106X_mcRun2_asymptotic_v17-v1/140000/D010CFF7-198E-8145-9733-A55EBD710D17.root
13-Dec-2023 23:48:58 CET  Closed file root://cmsxrootd.fnal.gov//store/mc/RunIISummer20UL16MiniAODv2/DY4JetsToLL_M-10to50_MatchEWPDG20_TuneCP5_13TeV-madgraphMLM-pythia8/MINIAODSIM/106X_mcRun2_asymptotic_v17-v1/140000/D010CFF7-198E-8145-9733-A55EBD710D17.root
13-Dec-2023 23:48:58 CET  Initiating request to open file root://cmsxrootd.fnal.gov//store/mc/RunIISummer20UL16MiniAODv2/DY4JetsToLL_M-10to50_MatchEWPDG20_TuneCP5_13TeV-madgraphMLM-pythia8/MINIAODSIM/106X_mcRun2_asymptotic_v17-v1/270000/9E492E99-7EE9-0B4F-9CAB-9643A18ABA04.root
%MSG-w XrdAdaptor:  file_open 13-Dec-2023 23:49:00 CET PostProcessEvent
Data is served from fnal.gov instead of original site US-Regional-Nebraska
%MSG
13-Dec-2023 23:49:01 CET  Successfully opened file root://cmsxrootd.fnal.gov//store/mc/RunIISummer20UL16MiniAODv2/DY4JetsToLL_M-10to50_MatchEWPDG20_TuneCP5_13TeV-madgraphMLM-pythia8/MINIAODSIM/106X_mcRun2_asymptotic_v17-v1/270000/9E492E99-7EE9-0B4F-9CAB-9643A18ABA04.root
    473.620100      1.989013      0.127386             1
 
13-Dec-2023 23:49:05 CET  Closed file root://cmsxrootd.fnal.gov//store/mc/RunIISummer20UL16MiniAODv2/DY4JetsToLL_M-10to50_MatchEWPDG20_TuneCP5_13TeV-madgraphMLM-pythia8/MINIAODSIM/106X_mcRun2_asymptotic_v17-v1/270000/9E492E99-7EE9-0B4F-9CAB-9643A18ABA04.root

------------------------------------
GenXsecAnalyzer:
------------------------------------
-------------------------------------------------------------------------------------------------------------------------------------------------------------------------- 
Overall cross-section summary 
--------------------------------------------------------------------------------------------------------------------------------------------------------------------------
Process		xsec_before [pb]		passed	nposw	nnegw	tried	nposw	nnegw 	xsec_match [pb]			accepted [%]	 event_eff [%]
0		4.701e+02 +/- 2.045e-02		1852229	1852229	0	30434725	30434725	0	2.861e+01 +/- 2.041e-02		6.1 +/- 0.0	6.1 +/- 0.0
-------------------------------------------------------------------------------------------------------------------------------------------------------------------------- 
Total		4.701e+02 +/- 2.045e-02		1852229	1852229	0	30434725	30434725	0	2.861e+01 +/- 2.041e-02		6.1 +/- 0.0	6.1 +/- 0.0
--------------------------------------------------------------------------------------------------------------------------------------------------------------------------
Before matching: total cross section = 4.701e+02 +- 2.045e-02 pb
After matching: total cross section = 2.861e+01 +- 2.041e-02 pb
Matching efficiency = 0.1 +/- 0.0   [TO BE USED IN MCM]
Filter efficiency (taking into account weights)= (1.85223e+06) / (1.85223e+06) = 1.000e+00 +- 0.000e+00
Filter efficiency (event-level)= (1.85223e+06) / (1.85223e+06) = 1.000e+00 +- 0.000e+00    [TO BE USED IN MCM]

After filter: final cross section = 2.861e+01 +- 2.041e-02 pb
After filter: final fraction of events with negative weights = 0.000e+00 +- 0.000e+00
After filter: final equivalent lumi for 1M events (1/fb) = 3.495e+01 +- 4.293e-02

=============================================

MessageLogger Summary

 type     category        sev    module        subroutine        count    total
 ---- -------------------- -- ---------------- ----------------  -----    -----
    1 GenXSecAnalyzer      -w GenXSecAnalyzer:                      15       15
    2 XrdAdaptor           -w file_open                             93       93
    3 fileAction           -s file_close                            93       93
    4 fileAction           -s file_open                            186      186

 type    category    Examples: run/evt        run/evt          run/evt
 ---- -------------------- ---------------- ---------------- ----------------
    1 GenXSecAnalyzer      PostGlobalEndRun PostGlobalEndRun PostGlobalEndRun
    2 XrdAdaptor           pre-events       PostProcessEvent PostProcessEvent
    3 fileAction           PostProcessEvent PostProcessEvent PostGlobalEndRun
    4 fileAction           pre-events       pre-events       PostProcessEvent

Severity    # Occurrences   Total Occurrences
--------    -------------   -----------------
Warning               108                 108
System                279                 279

dropped waiting message count 0
