21-Sep-2023 07:35:13 CEST  Initiating request to open file root://eospublic.cern.ch//eos/opendata/cms/mc/RunIIFall15MiniAODv2/DYJetsToLL_M-50_PtZ-100_TuneCUETP8M1_13TeV-amcatnlo-pythia8/MINIAODSIM/PU25nsData2015v1_76X_mcRun2_asymptotic_v12-v1/60000/001E08BA-C3D8-E511-A538-001E67DFF67C.root
%MSG-w XrdAdaptor:  file_open 21-Sep-2023 07:35:13 CEST pre-events
Data is served from cern.ch instead of original site eospublic
%MSG
21-Sep-2023 07:35:14 CEST  Successfully opened file root://eospublic.cern.ch//eos/opendata/cms/mc/RunIIFall15MiniAODv2/DYJetsToLL_M-50_PtZ-100_TuneCUETP8M1_13TeV-amcatnlo-pythia8/MINIAODSIM/PU25nsData2015v1_76X_mcRun2_asymptotic_v12-v1/60000/001E08BA-C3D8-E511-A538-001E67DFF67C.root
Begin processing the 1st record. Run 1, Event 2891927, LumiSection 6571 at 21-Sep-2023 07:35:15.493 CEST
21-Sep-2023 07:35:15 CEST  Closed file root://eospublic.cern.ch//eos/opendata/cms/mc/RunIIFall15MiniAODv2/DYJetsToLL_M-50_PtZ-100_TuneCUETP8M1_13TeV-amcatnlo-pythia8/MINIAODSIM/PU25nsData2015v1_76X_mcRun2_asymptotic_v12-v1/60000/001E08BA-C3D8-E511-A538-001E67DFF67C.root
21-Sep-2023 07:35:15 CEST  Initiating request to open file root://eospublic.cern.ch//eos/opendata/cms/mc/RunIIFall15MiniAODv2/DYJetsToLL_M-50_PtZ-100_TuneCUETP8M1_13TeV-amcatnlo-pythia8/MINIAODSIM/PU25nsData2015v1_76X_mcRun2_asymptotic_v12-v1/60000/00F3650C-D0D8-E511-8736-FA163EE5C9E6.root
%MSG-w XrdAdaptor:  file_open 21-Sep-2023 07:35:15 CEST PostProcessEvent
Data is served from cern.ch instead of original site eospublic
%MSG
21-Sep-2023 07:35:15 CEST  Successfully opened file root://eospublic.cern.ch//eos/opendata/cms/mc/RunIIFall15MiniAODv2/DYJetsToLL_M-50_PtZ-100_TuneCUETP8M1_13TeV-amcatnlo-pythia8/MINIAODSIM/PU25nsData2015v1_76X_mcRun2_asymptotic_v12-v1/60000/00F3650C-D0D8-E511-8736-FA163EE5C9E6.root
21-Sep-2023 07:35:17 CEST  Closed file root://eospublic.cern.ch//eos/opendata/cms/mc/RunIIFall15MiniAODv2/DYJetsToLL_M-50_PtZ-100_TuneCUETP8M1_13TeV-amcatnlo-pythia8/MINIAODSIM/PU25nsData2015v1_76X_mcRun2_asymptotic_v12-v1/60000/00F3650C-D0D8-E511-8736-FA163EE5C9E6.root
21-Sep-2023 07:35:17 CEST  Initiating request to open file root://eospublic.cern.ch//eos/opendata/cms/mc/RunIIFall15MiniAODv2/DYJetsToLL_M-50_PtZ-100_TuneCUETP8M1_13TeV-amcatnlo-pythia8/MINIAODSIM/PU25nsData2015v1_76X_mcRun2_asymptotic_v12-v1/60000/02A9C0D9-E5D8-E511-AAC9-008CFA166008.root
%MSG-w XrdAdaptor:  file_open 21-Sep-2023 07:35:17 CEST PostProcessEvent
Data is served from cern.ch instead of original site eospublic
%MSG
21-Sep-2023 07:35:17 CEST  Successfully opened file root://eospublic.cern.ch//eos/opendata/cms/mc/RunIIFall15MiniAODv2/DYJetsToLL_M-50_PtZ-100_TuneCUETP8M1_13TeV-amcatnlo-pythia8/MINIAODSIM/PU25nsData2015v1_76X_mcRun2_asymptotic_v12-v1/60000/02A9C0D9-E5D8-E511-AAC9-008CFA166008.root
21-Sep-2023 07:35:19 CEST  Closed file root://eospublic.cern.ch//eos/opendata/cms/mc/RunIIFall15MiniAODv2/DYJetsToLL_M-50_PtZ-100_TuneCUETP8M1_13TeV-amcatnlo-pythia8/MINIAODSIM/PU25nsData2015v1_76X_mcRun2_asymptotic_v12-v1/60000/02A9C0D9-E5D8-E511-AAC9-008CFA166008.root
21-Sep-2023 07:35:19 CEST  Initiating request to open file root://eospublic.cern.ch//eos/opendata/cms/mc/RunIIFall15MiniAODv2/DYJetsToLL_M-50_PtZ-100_TuneCUETP8M1_13TeV-amcatnlo-pythia8/MINIAODSIM/PU25nsData2015v1_76X_mcRun2_asymptotic_v12-v1/60000/04D0BCA8-C4D8-E511-B00F-0CC47A4D769C.root
%MSG-w XrdAdaptor:  file_open 21-Sep-2023 07:35:19 CEST PostProcessEvent
Data is served from cern.ch instead of original site eospublic
%MSG
21-Sep-2023 07:35:19 CEST  Successfully opened file root://eospublic.cern.ch//eos/opendata/cms/mc/RunIIFall15MiniAODv2/DYJetsToLL_M-50_PtZ-100_TuneCUETP8M1_13TeV-amcatnlo-pythia8/MINIAODSIM/PU25nsData2015v1_76X_mcRun2_asymptotic_v12-v1/60000/04D0BCA8-C4D8-E511-B00F-0CC47A4D769C.root
21-Sep-2023 07:35:22 CEST  Closed file root://eospublic.cern.ch//eos/opendata/cms/mc/RunIIFall15MiniAODv2/DYJetsToLL_M-50_PtZ-100_TuneCUETP8M1_13TeV-amcatnlo-pythia8/MINIAODSIM/PU25nsData2015v1_76X_mcRun2_asymptotic_v12-v1/60000/04D0BCA8-C4D8-E511-B00F-0CC47A4D769C.root
21-Sep-2023 07:35:22 CEST  Initiating request to open file root://eospublic.cern.ch//eos/opendata/cms/mc/RunIIFall15MiniAODv2/DYJetsToLL_M-50_PtZ-100_TuneCUETP8M1_13TeV-amcatnlo-pythia8/MINIAODSIM/PU25nsData2015v1_76X_mcRun2_asymptotic_v12-v1/60000/0E7B871C-C2D8-E511-B90A-0025905A612A.root
%MSG-w XrdAdaptor:  file_open 21-Sep-2023 07:35:23 CEST PostProcessEvent
Data is served from cern.ch instead of original site eospublic
%MSG
21-Sep-2023 07:35:23 CEST  Successfully opened file root://eospublic.cern.ch//eos/opendata/cms/mc/RunIIFall15MiniAODv2/DYJetsToLL_M-50_PtZ-100_TuneCUETP8M1_13TeV-amcatnlo-pythia8/MINIAODSIM/PU25nsData2015v1_76X_mcRun2_asymptotic_v12-v1/60000/0E7B871C-C2D8-E511-B90A-0025905A612A.root
Begin processing the 100001st record. Run 1, Event 2935102, LumiSection 6669 at 21-Sep-2023 07:35:24.943 CEST
21-Sep-2023 07:35:26 CEST  Closed file root://eospublic.cern.ch//eos/opendata/cms/mc/RunIIFall15MiniAODv2/DYJetsToLL_M-50_PtZ-100_TuneCUETP8M1_13TeV-amcatnlo-pythia8/MINIAODSIM/PU25nsData2015v1_76X_mcRun2_asymptotic_v12-v1/60000/0E7B871C-C2D8-E511-B90A-0025905A612A.root
21-Sep-2023 07:35:26 CEST  Initiating request to open file root://eospublic.cern.ch//eos/opendata/cms/mc/RunIIFall15MiniAODv2/DYJetsToLL_M-50_PtZ-100_TuneCUETP8M1_13TeV-amcatnlo-pythia8/MINIAODSIM/PU25nsData2015v1_76X_mcRun2_asymptotic_v12-v1/60000/1A6848B7-E5D8-E511-8B7B-008CFA197D34.root
%MSG-w XrdAdaptor:  file_open 21-Sep-2023 07:35:26 CEST PostProcessEvent
Data is served from cern.ch instead of original site eospublic
%MSG
21-Sep-2023 07:35:26 CEST  Successfully opened file root://eospublic.cern.ch//eos/opendata/cms/mc/RunIIFall15MiniAODv2/DYJetsToLL_M-50_PtZ-100_TuneCUETP8M1_13TeV-amcatnlo-pythia8/MINIAODSIM/PU25nsData2015v1_76X_mcRun2_asymptotic_v12-v1/60000/1A6848B7-E5D8-E511-8B7B-008CFA197D34.root
21-Sep-2023 07:35:28 CEST  Closed file root://eospublic.cern.ch//eos/opendata/cms/mc/RunIIFall15MiniAODv2/DYJetsToLL_M-50_PtZ-100_TuneCUETP8M1_13TeV-amcatnlo-pythia8/MINIAODSIM/PU25nsData2015v1_76X_mcRun2_asymptotic_v12-v1/60000/1A6848B7-E5D8-E511-8B7B-008CFA197D34.root
21-Sep-2023 07:35:28 CEST  Initiating request to open file root://eospublic.cern.ch//eos/opendata/cms/mc/RunIIFall15MiniAODv2/DYJetsToLL_M-50_PtZ-100_TuneCUETP8M1_13TeV-amcatnlo-pythia8/MINIAODSIM/PU25nsData2015v1_76X_mcRun2_asymptotic_v12-v1/60000/1AD4BFAE-55D9-E511-9023-002618943857.root
%MSG-w XrdAdaptor:  file_open 21-Sep-2023 07:35:28 CEST PostProcessEvent
Data is served from cern.ch instead of original site eospublic
%MSG
21-Sep-2023 07:35:28 CEST  Successfully opened file root://eospublic.cern.ch//eos/opendata/cms/mc/RunIIFall15MiniAODv2/DYJetsToLL_M-50_PtZ-100_TuneCUETP8M1_13TeV-amcatnlo-pythia8/MINIAODSIM/PU25nsData2015v1_76X_mcRun2_asymptotic_v12-v1/60000/1AD4BFAE-55D9-E511-9023-002618943857.root
21-Sep-2023 07:35:29 CEST  Closed file root://eospublic.cern.ch//eos/opendata/cms/mc/RunIIFall15MiniAODv2/DYJetsToLL_M-50_PtZ-100_TuneCUETP8M1_13TeV-amcatnlo-pythia8/MINIAODSIM/PU25nsData2015v1_76X_mcRun2_asymptotic_v12-v1/60000/1AD4BFAE-55D9-E511-9023-002618943857.root
21-Sep-2023 07:35:29 CEST  Initiating request to open file root://eospublic.cern.ch//eos/opendata/cms/mc/RunIIFall15MiniAODv2/DYJetsToLL_M-50_PtZ-100_TuneCUETP8M1_13TeV-amcatnlo-pythia8/MINIAODSIM/PU25nsData2015v1_76X_mcRun2_asymptotic_v12-v1/60000/1CAC4E1B-C2D8-E511-AB9E-008CFA1CB740.root
%MSG-w XrdAdaptor:  file_open 21-Sep-2023 07:35:29 CEST PostProcessEvent
Data is served from cern.ch instead of original site eospublic
%MSG
21-Sep-2023 07:35:29 CEST  Successfully opened file root://eospublic.cern.ch//eos/opendata/cms/mc/RunIIFall15MiniAODv2/DYJetsToLL_M-50_PtZ-100_TuneCUETP8M1_13TeV-amcatnlo-pythia8/MINIAODSIM/PU25nsData2015v1_76X_mcRun2_asymptotic_v12-v1/60000/1CAC4E1B-C2D8-E511-AB9E-008CFA1CB740.root
Begin processing the 200001st record. Run 1, Event 1769298, LumiSection 4020 at 21-Sep-2023 07:35:32.726 CEST
21-Sep-2023 07:35:33 CEST  Closed file root://eospublic.cern.ch//eos/opendata/cms/mc/RunIIFall15MiniAODv2/DYJetsToLL_M-50_PtZ-100_TuneCUETP8M1_13TeV-amcatnlo-pythia8/MINIAODSIM/PU25nsData2015v1_76X_mcRun2_asymptotic_v12-v1/60000/1CAC4E1B-C2D8-E511-AB9E-008CFA1CB740.root
21-Sep-2023 07:35:33 CEST  Initiating request to open file root://eospublic.cern.ch//eos/opendata/cms/mc/RunIIFall15MiniAODv2/DYJetsToLL_M-50_PtZ-100_TuneCUETP8M1_13TeV-amcatnlo-pythia8/MINIAODSIM/PU25nsData2015v1_76X_mcRun2_asymptotic_v12-v1/60000/283C68DB-55D9-E511-B921-002481E0D12C.root
%MSG-w XrdAdaptor:  file_open 21-Sep-2023 07:35:33 CEST PostProcessEvent
Data is served from cern.ch instead of original site eospublic
%MSG
21-Sep-2023 07:35:33 CEST  Successfully opened file root://eospublic.cern.ch//eos/opendata/cms/mc/RunIIFall15MiniAODv2/DYJetsToLL_M-50_PtZ-100_TuneCUETP8M1_13TeV-amcatnlo-pythia8/MINIAODSIM/PU25nsData2015v1_76X_mcRun2_asymptotic_v12-v1/60000/283C68DB-55D9-E511-B921-002481E0D12C.root
21-Sep-2023 07:35:34 CEST  Closed file root://eospublic.cern.ch//eos/opendata/cms/mc/RunIIFall15MiniAODv2/DYJetsToLL_M-50_PtZ-100_TuneCUETP8M1_13TeV-amcatnlo-pythia8/MINIAODSIM/PU25nsData2015v1_76X_mcRun2_asymptotic_v12-v1/60000/283C68DB-55D9-E511-B921-002481E0D12C.root
21-Sep-2023 07:35:34 CEST  Initiating request to open file root://eospublic.cern.ch//eos/opendata/cms/mc/RunIIFall15MiniAODv2/DYJetsToLL_M-50_PtZ-100_TuneCUETP8M1_13TeV-amcatnlo-pythia8/MINIAODSIM/PU25nsData2015v1_76X_mcRun2_asymptotic_v12-v1/60000/3A97A416-C7D8-E511-AE5D-0026189438E4.root
%MSG-w XrdAdaptor:  file_open 21-Sep-2023 07:35:34 CEST PostProcessEvent
Data is served from cern.ch instead of original site eospublic
%MSG
21-Sep-2023 07:35:34 CEST  Successfully opened file root://eospublic.cern.ch//eos/opendata/cms/mc/RunIIFall15MiniAODv2/DYJetsToLL_M-50_PtZ-100_TuneCUETP8M1_13TeV-amcatnlo-pythia8/MINIAODSIM/PU25nsData2015v1_76X_mcRun2_asymptotic_v12-v1/60000/3A97A416-C7D8-E511-AE5D-0026189438E4.root
21-Sep-2023 07:35:37 CEST  Closed file root://eospublic.cern.ch//eos/opendata/cms/mc/RunIIFall15MiniAODv2/DYJetsToLL_M-50_PtZ-100_TuneCUETP8M1_13TeV-amcatnlo-pythia8/MINIAODSIM/PU25nsData2015v1_76X_mcRun2_asymptotic_v12-v1/60000/3A97A416-C7D8-E511-AE5D-0026189438E4.root
21-Sep-2023 07:35:37 CEST  Initiating request to open file root://eospublic.cern.ch//eos/opendata/cms/mc/RunIIFall15MiniAODv2/DYJetsToLL_M-50_PtZ-100_TuneCUETP8M1_13TeV-amcatnlo-pythia8/MINIAODSIM/PU25nsData2015v1_76X_mcRun2_asymptotic_v12-v1/60000/440E6DC5-55D9-E511-B0D1-901B0E6459E0.root
%MSG-w XrdAdaptor:  file_open 21-Sep-2023 07:35:37 CEST PostProcessEvent
Data is served from cern.ch instead of original site eospublic
%MSG
21-Sep-2023 07:35:37 CEST  Successfully opened file root://eospublic.cern.ch//eos/opendata/cms/mc/RunIIFall15MiniAODv2/DYJetsToLL_M-50_PtZ-100_TuneCUETP8M1_13TeV-amcatnlo-pythia8/MINIAODSIM/PU25nsData2015v1_76X_mcRun2_asymptotic_v12-v1/60000/440E6DC5-55D9-E511-B0D1-901B0E6459E0.root
21-Sep-2023 07:35:37 CEST  Closed file root://eospublic.cern.ch//eos/opendata/cms/mc/RunIIFall15MiniAODv2/DYJetsToLL_M-50_PtZ-100_TuneCUETP8M1_13TeV-amcatnlo-pythia8/MINIAODSIM/PU25nsData2015v1_76X_mcRun2_asymptotic_v12-v1/60000/440E6DC5-55D9-E511-B0D1-901B0E6459E0.root
21-Sep-2023 07:35:37 CEST  Initiating request to open file root://eospublic.cern.ch//eos/opendata/cms/mc/RunIIFall15MiniAODv2/DYJetsToLL_M-50_PtZ-100_TuneCUETP8M1_13TeV-amcatnlo-pythia8/MINIAODSIM/PU25nsData2015v1_76X_mcRun2_asymptotic_v12-v1/60000/5C3267E8-56D9-E511-95E1-002590907692.root
%MSG-w XrdAdaptor:  file_open 21-Sep-2023 07:35:37 CEST PostProcessEvent
Data is served from cern.ch instead of original site eospublic
%MSG
21-Sep-2023 07:35:37 CEST  Successfully opened file root://eospublic.cern.ch//eos/opendata/cms/mc/RunIIFall15MiniAODv2/DYJetsToLL_M-50_PtZ-100_TuneCUETP8M1_13TeV-amcatnlo-pythia8/MINIAODSIM/PU25nsData2015v1_76X_mcRun2_asymptotic_v12-v1/60000/5C3267E8-56D9-E511-95E1-002590907692.root
21-Sep-2023 07:35:38 CEST  Closed file root://eospublic.cern.ch//eos/opendata/cms/mc/RunIIFall15MiniAODv2/DYJetsToLL_M-50_PtZ-100_TuneCUETP8M1_13TeV-amcatnlo-pythia8/MINIAODSIM/PU25nsData2015v1_76X_mcRun2_asymptotic_v12-v1/60000/5C3267E8-56D9-E511-95E1-002590907692.root
21-Sep-2023 07:35:38 CEST  Initiating request to open file root://eospublic.cern.ch//eos/opendata/cms/mc/RunIIFall15MiniAODv2/DYJetsToLL_M-50_PtZ-100_TuneCUETP8M1_13TeV-amcatnlo-pythia8/MINIAODSIM/PU25nsData2015v1_76X_mcRun2_asymptotic_v12-v1/60000/5E7D341D-C2D8-E511-B182-0025905B85EE.root
%MSG-w XrdAdaptor:  file_open 21-Sep-2023 07:35:38 CEST PostProcessEvent
Data is served from cern.ch instead of original site eospublic
%MSG
21-Sep-2023 07:35:38 CEST  Successfully opened file root://eospublic.cern.ch//eos/opendata/cms/mc/RunIIFall15MiniAODv2/DYJetsToLL_M-50_PtZ-100_TuneCUETP8M1_13TeV-amcatnlo-pythia8/MINIAODSIM/PU25nsData2015v1_76X_mcRun2_asymptotic_v12-v1/60000/5E7D341D-C2D8-E511-B182-0025905B85EE.root
Begin processing the 300001st record. Run 1, Event 1677210, LumiSection 3810 at 21-Sep-2023 07:35:41.968 CEST
21-Sep-2023 07:35:42 CEST  Closed file root://eospublic.cern.ch//eos/opendata/cms/mc/RunIIFall15MiniAODv2/DYJetsToLL_M-50_PtZ-100_TuneCUETP8M1_13TeV-amcatnlo-pythia8/MINIAODSIM/PU25nsData2015v1_76X_mcRun2_asymptotic_v12-v1/60000/5E7D341D-C2D8-E511-B182-0025905B85EE.root
21-Sep-2023 07:35:42 CEST  Initiating request to open file root://eospublic.cern.ch//eos/opendata/cms/mc/RunIIFall15MiniAODv2/DYJetsToLL_M-50_PtZ-100_TuneCUETP8M1_13TeV-amcatnlo-pythia8/MINIAODSIM/PU25nsData2015v1_76X_mcRun2_asymptotic_v12-v1/60000/60E8ED8F-BFD8-E511-A767-0CC47A4D7668.root
%MSG-w XrdAdaptor:  file_open 21-Sep-2023 07:35:42 CEST PostProcessEvent
Data is served from cern.ch instead of original site eospublic
%MSG
21-Sep-2023 07:35:42 CEST  Successfully opened file root://eospublic.cern.ch//eos/opendata/cms/mc/RunIIFall15MiniAODv2/DYJetsToLL_M-50_PtZ-100_TuneCUETP8M1_13TeV-amcatnlo-pythia8/MINIAODSIM/PU25nsData2015v1_76X_mcRun2_asymptotic_v12-v1/60000/60E8ED8F-BFD8-E511-A767-0CC47A4D7668.root
21-Sep-2023 07:35:45 CEST  Closed file root://eospublic.cern.ch//eos/opendata/cms/mc/RunIIFall15MiniAODv2/DYJetsToLL_M-50_PtZ-100_TuneCUETP8M1_13TeV-amcatnlo-pythia8/MINIAODSIM/PU25nsData2015v1_76X_mcRun2_asymptotic_v12-v1/60000/60E8ED8F-BFD8-E511-A767-0CC47A4D7668.root
21-Sep-2023 07:35:45 CEST  Initiating request to open file root://eospublic.cern.ch//eos/opendata/cms/mc/RunIIFall15MiniAODv2/DYJetsToLL_M-50_PtZ-100_TuneCUETP8M1_13TeV-amcatnlo-pythia8/MINIAODSIM/PU25nsData2015v1_76X_mcRun2_asymptotic_v12-v1/60000/62686AB9-55D9-E511-9160-782BCB53A0C1.root
%MSG-w XrdAdaptor:  file_open 21-Sep-2023 07:35:45 CEST PostProcessEvent
Data is served from cern.ch instead of original site eospublic
%MSG
21-Sep-2023 07:35:46 CEST  Successfully opened file root://eospublic.cern.ch//eos/opendata/cms/mc/RunIIFall15MiniAODv2/DYJetsToLL_M-50_PtZ-100_TuneCUETP8M1_13TeV-amcatnlo-pythia8/MINIAODSIM/PU25nsData2015v1_76X_mcRun2_asymptotic_v12-v1/60000/62686AB9-55D9-E511-9160-782BCB53A0C1.root
21-Sep-2023 07:35:46 CEST  Closed file root://eospublic.cern.ch//eos/opendata/cms/mc/RunIIFall15MiniAODv2/DYJetsToLL_M-50_PtZ-100_TuneCUETP8M1_13TeV-amcatnlo-pythia8/MINIAODSIM/PU25nsData2015v1_76X_mcRun2_asymptotic_v12-v1/60000/62686AB9-55D9-E511-9160-782BCB53A0C1.root
21-Sep-2023 07:35:46 CEST  Initiating request to open file root://eospublic.cern.ch//eos/opendata/cms/mc/RunIIFall15MiniAODv2/DYJetsToLL_M-50_PtZ-100_TuneCUETP8M1_13TeV-amcatnlo-pythia8/MINIAODSIM/PU25nsData2015v1_76X_mcRun2_asymptotic_v12-v1/60000/62F6C197-BFD8-E511-ADE8-14187740D279.root
%MSG-w XrdAdaptor:  file_open 21-Sep-2023 07:35:46 CEST PostProcessEvent
Data is served from cern.ch instead of original site eospublic
%MSG
21-Sep-2023 07:35:47 CEST  Successfully opened file root://eospublic.cern.ch//eos/opendata/cms/mc/RunIIFall15MiniAODv2/DYJetsToLL_M-50_PtZ-100_TuneCUETP8M1_13TeV-amcatnlo-pythia8/MINIAODSIM/PU25nsData2015v1_76X_mcRun2_asymptotic_v12-v1/60000/62F6C197-BFD8-E511-ADE8-14187740D279.root
Begin processing the 400001st record. Run 1, Event 2823494, LumiSection 6415 at 21-Sep-2023 07:35:49.810 CEST
21-Sep-2023 07:35:50 CEST  Closed file root://eospublic.cern.ch//eos/opendata/cms/mc/RunIIFall15MiniAODv2/DYJetsToLL_M-50_PtZ-100_TuneCUETP8M1_13TeV-amcatnlo-pythia8/MINIAODSIM/PU25nsData2015v1_76X_mcRun2_asymptotic_v12-v1/60000/62F6C197-BFD8-E511-ADE8-14187740D279.root
21-Sep-2023 07:35:50 CEST  Initiating request to open file root://eospublic.cern.ch//eos/opendata/cms/mc/RunIIFall15MiniAODv2/DYJetsToLL_M-50_PtZ-100_TuneCUETP8M1_13TeV-amcatnlo-pythia8/MINIAODSIM/PU25nsData2015v1_76X_mcRun2_asymptotic_v12-v1/60000/66B9C94D-BDD8-E511-8333-549F358EB76F.root
%MSG-w XrdAdaptor:  file_open 21-Sep-2023 07:35:50 CEST PostProcessEvent
Data is served from cern.ch instead of original site eospublic
%MSG
21-Sep-2023 07:35:50 CEST  Successfully opened file root://eospublic.cern.ch//eos/opendata/cms/mc/RunIIFall15MiniAODv2/DYJetsToLL_M-50_PtZ-100_TuneCUETP8M1_13TeV-amcatnlo-pythia8/MINIAODSIM/PU25nsData2015v1_76X_mcRun2_asymptotic_v12-v1/60000/66B9C94D-BDD8-E511-8333-549F358EB76F.root
21-Sep-2023 07:35:53 CEST  Closed file root://eospublic.cern.ch//eos/opendata/cms/mc/RunIIFall15MiniAODv2/DYJetsToLL_M-50_PtZ-100_TuneCUETP8M1_13TeV-amcatnlo-pythia8/MINIAODSIM/PU25nsData2015v1_76X_mcRun2_asymptotic_v12-v1/60000/66B9C94D-BDD8-E511-8333-549F358EB76F.root
21-Sep-2023 07:35:53 CEST  Initiating request to open file root://eospublic.cern.ch//eos/opendata/cms/mc/RunIIFall15MiniAODv2/DYJetsToLL_M-50_PtZ-100_TuneCUETP8M1_13TeV-amcatnlo-pythia8/MINIAODSIM/PU25nsData2015v1_76X_mcRun2_asymptotic_v12-v1/60000/6AF995C7-55D9-E511-85E6-008CFAF51358.root
%MSG-w XrdAdaptor:  file_open 21-Sep-2023 07:35:54 CEST PostProcessEvent
Data is served from cern.ch instead of original site eospublic
%MSG
21-Sep-2023 07:35:54 CEST  Successfully opened file root://eospublic.cern.ch//eos/opendata/cms/mc/RunIIFall15MiniAODv2/DYJetsToLL_M-50_PtZ-100_TuneCUETP8M1_13TeV-amcatnlo-pythia8/MINIAODSIM/PU25nsData2015v1_76X_mcRun2_asymptotic_v12-v1/60000/6AF995C7-55D9-E511-85E6-008CFAF51358.root
21-Sep-2023 07:35:55 CEST  Closed file root://eospublic.cern.ch//eos/opendata/cms/mc/RunIIFall15MiniAODv2/DYJetsToLL_M-50_PtZ-100_TuneCUETP8M1_13TeV-amcatnlo-pythia8/MINIAODSIM/PU25nsData2015v1_76X_mcRun2_asymptotic_v12-v1/60000/6AF995C7-55D9-E511-85E6-008CFAF51358.root
21-Sep-2023 07:35:55 CEST  Initiating request to open file root://eospublic.cern.ch//eos/opendata/cms/mc/RunIIFall15MiniAODv2/DYJetsToLL_M-50_PtZ-100_TuneCUETP8M1_13TeV-amcatnlo-pythia8/MINIAODSIM/PU25nsData2015v1_76X_mcRun2_asymptotic_v12-v1/60000/765D8BA8-C4D8-E511-AFB6-0CC47A4D7670.root
%MSG-w XrdAdaptor:  file_open 21-Sep-2023 07:35:55 CEST PostProcessEvent
Data is served from cern.ch instead of original site eospublic
%MSG
21-Sep-2023 07:35:55 CEST  Successfully opened file root://eospublic.cern.ch//eos/opendata/cms/mc/RunIIFall15MiniAODv2/DYJetsToLL_M-50_PtZ-100_TuneCUETP8M1_13TeV-amcatnlo-pythia8/MINIAODSIM/PU25nsData2015v1_76X_mcRun2_asymptotic_v12-v1/60000/765D8BA8-C4D8-E511-AFB6-0CC47A4D7670.root
Begin processing the 500001st record. Run 1, Event 2258144, LumiSection 5131 at 21-Sep-2023 07:35:57.883 CEST
21-Sep-2023 07:35:58 CEST  Closed file root://eospublic.cern.ch//eos/opendata/cms/mc/RunIIFall15MiniAODv2/DYJetsToLL_M-50_PtZ-100_TuneCUETP8M1_13TeV-amcatnlo-pythia8/MINIAODSIM/PU25nsData2015v1_76X_mcRun2_asymptotic_v12-v1/60000/765D8BA8-C4D8-E511-AFB6-0CC47A4D7670.root
21-Sep-2023 07:35:58 CEST  Initiating request to open file root://eospublic.cern.ch//eos/opendata/cms/mc/RunIIFall15MiniAODv2/DYJetsToLL_M-50_PtZ-100_TuneCUETP8M1_13TeV-amcatnlo-pythia8/MINIAODSIM/PU25nsData2015v1_76X_mcRun2_asymptotic_v12-v1/60000/76E8AAB6-10D9-E511-B097-14187741278B.root
%MSG-w XrdAdaptor:  file_open 21-Sep-2023 07:35:58 CEST PostProcessEvent
Data is served from cern.ch instead of original site eospublic
%MSG
21-Sep-2023 07:35:58 CEST  Successfully opened file root://eospublic.cern.ch//eos/opendata/cms/mc/RunIIFall15MiniAODv2/DYJetsToLL_M-50_PtZ-100_TuneCUETP8M1_13TeV-amcatnlo-pythia8/MINIAODSIM/PU25nsData2015v1_76X_mcRun2_asymptotic_v12-v1/60000/76E8AAB6-10D9-E511-B097-14187741278B.root
21-Sep-2023 07:36:00 CEST  Closed file root://eospublic.cern.ch//eos/opendata/cms/mc/RunIIFall15MiniAODv2/DYJetsToLL_M-50_PtZ-100_TuneCUETP8M1_13TeV-amcatnlo-pythia8/MINIAODSIM/PU25nsData2015v1_76X_mcRun2_asymptotic_v12-v1/60000/76E8AAB6-10D9-E511-B097-14187741278B.root
21-Sep-2023 07:36:00 CEST  Initiating request to open file root://eospublic.cern.ch//eos/opendata/cms/mc/RunIIFall15MiniAODv2/DYJetsToLL_M-50_PtZ-100_TuneCUETP8M1_13TeV-amcatnlo-pythia8/MINIAODSIM/PU25nsData2015v1_76X_mcRun2_asymptotic_v12-v1/60000/7E00AD95-BFD8-E511-9A62-549F3525C4EC.root
%MSG-w XrdAdaptor:  file_open 21-Sep-2023 07:36:00 CEST PostProcessEvent
Data is served from cern.ch instead of original site eospublic
%MSG
21-Sep-2023 07:36:00 CEST  Successfully opened file root://eospublic.cern.ch//eos/opendata/cms/mc/RunIIFall15MiniAODv2/DYJetsToLL_M-50_PtZ-100_TuneCUETP8M1_13TeV-amcatnlo-pythia8/MINIAODSIM/PU25nsData2015v1_76X_mcRun2_asymptotic_v12-v1/60000/7E00AD95-BFD8-E511-9A62-549F3525C4EC.root
21-Sep-2023 07:36:01 CEST  Closed file root://eospublic.cern.ch//eos/opendata/cms/mc/RunIIFall15MiniAODv2/DYJetsToLL_M-50_PtZ-100_TuneCUETP8M1_13TeV-amcatnlo-pythia8/MINIAODSIM/PU25nsData2015v1_76X_mcRun2_asymptotic_v12-v1/60000/7E00AD95-BFD8-E511-9A62-549F3525C4EC.root
21-Sep-2023 07:36:01 CEST  Initiating request to open file root://eospublic.cern.ch//eos/opendata/cms/mc/RunIIFall15MiniAODv2/DYJetsToLL_M-50_PtZ-100_TuneCUETP8M1_13TeV-amcatnlo-pythia8/MINIAODSIM/PU25nsData2015v1_76X_mcRun2_asymptotic_v12-v1/60000/7E3EAAA0-55D9-E511-8537-0CC47A78A41C.root
%MSG-w XrdAdaptor:  file_open 21-Sep-2023 07:36:02 CEST PostProcessEvent
Data is served from cern.ch instead of original site eospublic
%MSG
21-Sep-2023 07:36:02 CEST  Successfully opened file root://eospublic.cern.ch//eos/opendata/cms/mc/RunIIFall15MiniAODv2/DYJetsToLL_M-50_PtZ-100_TuneCUETP8M1_13TeV-amcatnlo-pythia8/MINIAODSIM/PU25nsData2015v1_76X_mcRun2_asymptotic_v12-v1/60000/7E3EAAA0-55D9-E511-8537-0CC47A78A41C.root
21-Sep-2023 07:36:03 CEST  Closed file root://eospublic.cern.ch//eos/opendata/cms/mc/RunIIFall15MiniAODv2/DYJetsToLL_M-50_PtZ-100_TuneCUETP8M1_13TeV-amcatnlo-pythia8/MINIAODSIM/PU25nsData2015v1_76X_mcRun2_asymptotic_v12-v1/60000/7E3EAAA0-55D9-E511-8537-0CC47A78A41C.root
21-Sep-2023 07:36:03 CEST  Initiating request to open file root://eospublic.cern.ch//eos/opendata/cms/mc/RunIIFall15MiniAODv2/DYJetsToLL_M-50_PtZ-100_TuneCUETP8M1_13TeV-amcatnlo-pythia8/MINIAODSIM/PU25nsData2015v1_76X_mcRun2_asymptotic_v12-v1/60000/80A859C1-55D9-E511-8722-A0369F7FC54C.root
%MSG-w XrdAdaptor:  file_open 21-Sep-2023 07:36:03 CEST PostProcessEvent
Data is served from cern.ch instead of original site eospublic
%MSG
21-Sep-2023 07:36:03 CEST  Successfully opened file root://eospublic.cern.ch//eos/opendata/cms/mc/RunIIFall15MiniAODv2/DYJetsToLL_M-50_PtZ-100_TuneCUETP8M1_13TeV-amcatnlo-pythia8/MINIAODSIM/PU25nsData2015v1_76X_mcRun2_asymptotic_v12-v1/60000/80A859C1-55D9-E511-8722-A0369F7FC54C.root
21-Sep-2023 07:36:04 CEST  Closed file root://eospublic.cern.ch//eos/opendata/cms/mc/RunIIFall15MiniAODv2/DYJetsToLL_M-50_PtZ-100_TuneCUETP8M1_13TeV-amcatnlo-pythia8/MINIAODSIM/PU25nsData2015v1_76X_mcRun2_asymptotic_v12-v1/60000/80A859C1-55D9-E511-8722-A0369F7FC54C.root
21-Sep-2023 07:36:04 CEST  Initiating request to open file root://eospublic.cern.ch//eos/opendata/cms/mc/RunIIFall15MiniAODv2/DYJetsToLL_M-50_PtZ-100_TuneCUETP8M1_13TeV-amcatnlo-pythia8/MINIAODSIM/PU25nsData2015v1_76X_mcRun2_asymptotic_v12-v1/60000/82EEE4D7-D0D8-E511-8D93-02163E01681A.root
%MSG-w XrdAdaptor:  file_open 21-Sep-2023 07:36:04 CEST PostProcessEvent
Data is served from cern.ch instead of original site eospublic
%MSG
21-Sep-2023 07:36:04 CEST  Successfully opened file root://eospublic.cern.ch//eos/opendata/cms/mc/RunIIFall15MiniAODv2/DYJetsToLL_M-50_PtZ-100_TuneCUETP8M1_13TeV-amcatnlo-pythia8/MINIAODSIM/PU25nsData2015v1_76X_mcRun2_asymptotic_v12-v1/60000/82EEE4D7-D0D8-E511-8D93-02163E01681A.root
21-Sep-2023 07:36:06 CEST  Closed file root://eospublic.cern.ch//eos/opendata/cms/mc/RunIIFall15MiniAODv2/DYJetsToLL_M-50_PtZ-100_TuneCUETP8M1_13TeV-amcatnlo-pythia8/MINIAODSIM/PU25nsData2015v1_76X_mcRun2_asymptotic_v12-v1/60000/82EEE4D7-D0D8-E511-8D93-02163E01681A.root
21-Sep-2023 07:36:06 CEST  Initiating request to open file root://eospublic.cern.ch//eos/opendata/cms/mc/RunIIFall15MiniAODv2/DYJetsToLL_M-50_PtZ-100_TuneCUETP8M1_13TeV-amcatnlo-pythia8/MINIAODSIM/PU25nsData2015v1_76X_mcRun2_asymptotic_v12-v1/60000/8A077C5F-FFD8-E511-95B7-0CC47A13D176.root
%MSG-w XrdAdaptor:  file_open 21-Sep-2023 07:36:06 CEST PostProcessEvent
Data is served from cern.ch instead of original site eospublic
%MSG
21-Sep-2023 07:36:06 CEST  Successfully opened file root://eospublic.cern.ch//eos/opendata/cms/mc/RunIIFall15MiniAODv2/DYJetsToLL_M-50_PtZ-100_TuneCUETP8M1_13TeV-amcatnlo-pythia8/MINIAODSIM/PU25nsData2015v1_76X_mcRun2_asymptotic_v12-v1/60000/8A077C5F-FFD8-E511-95B7-0CC47A13D176.root
Begin processing the 600001st record. Run 1, Event 766994, LumiSection 1743 at 21-Sep-2023 07:36:07.907 CEST
21-Sep-2023 07:36:09 CEST  Closed file root://eospublic.cern.ch//eos/opendata/cms/mc/RunIIFall15MiniAODv2/DYJetsToLL_M-50_PtZ-100_TuneCUETP8M1_13TeV-amcatnlo-pythia8/MINIAODSIM/PU25nsData2015v1_76X_mcRun2_asymptotic_v12-v1/60000/8A077C5F-FFD8-E511-95B7-0CC47A13D176.root
21-Sep-2023 07:36:09 CEST  Initiating request to open file root://eospublic.cern.ch//eos/opendata/cms/mc/RunIIFall15MiniAODv2/DYJetsToLL_M-50_PtZ-100_TuneCUETP8M1_13TeV-amcatnlo-pythia8/MINIAODSIM/PU25nsData2015v1_76X_mcRun2_asymptotic_v12-v1/60000/8ADBDFBA-E9D8-E511-9D87-0CC47A4D76C0.root
%MSG-w XrdAdaptor:  file_open 21-Sep-2023 07:36:09 CEST PostProcessEvent
Data is served from cern.ch instead of original site eospublic
%MSG
21-Sep-2023 07:36:09 CEST  Successfully opened file root://eospublic.cern.ch//eos/opendata/cms/mc/RunIIFall15MiniAODv2/DYJetsToLL_M-50_PtZ-100_TuneCUETP8M1_13TeV-amcatnlo-pythia8/MINIAODSIM/PU25nsData2015v1_76X_mcRun2_asymptotic_v12-v1/60000/8ADBDFBA-E9D8-E511-9D87-0CC47A4D76C0.root
21-Sep-2023 07:36:12 CEST  Closed file root://eospublic.cern.ch//eos/opendata/cms/mc/RunIIFall15MiniAODv2/DYJetsToLL_M-50_PtZ-100_TuneCUETP8M1_13TeV-amcatnlo-pythia8/MINIAODSIM/PU25nsData2015v1_76X_mcRun2_asymptotic_v12-v1/60000/8ADBDFBA-E9D8-E511-9D87-0CC47A4D76C0.root
21-Sep-2023 07:36:12 CEST  Initiating request to open file root://eospublic.cern.ch//eos/opendata/cms/mc/RunIIFall15MiniAODv2/DYJetsToLL_M-50_PtZ-100_TuneCUETP8M1_13TeV-amcatnlo-pythia8/MINIAODSIM/PU25nsData2015v1_76X_mcRun2_asymptotic_v12-v1/60000/8C954EA6-C4D8-E511-9308-0CC47A4D7614.root
%MSG-w XrdAdaptor:  file_open 21-Sep-2023 07:36:12 CEST PostProcessEvent
Data is served from cern.ch instead of original site eospublic
%MSG
21-Sep-2023 07:36:12 CEST  Successfully opened file root://eospublic.cern.ch//eos/opendata/cms/mc/RunIIFall15MiniAODv2/DYJetsToLL_M-50_PtZ-100_TuneCUETP8M1_13TeV-amcatnlo-pythia8/MINIAODSIM/PU25nsData2015v1_76X_mcRun2_asymptotic_v12-v1/60000/8C954EA6-C4D8-E511-9308-0CC47A4D7614.root
Begin processing the 700001st record. Run 1, Event 2228459, LumiSection 5063 at 21-Sep-2023 07:36:15.189 CEST
21-Sep-2023 07:36:16 CEST  Closed file root://eospublic.cern.ch//eos/opendata/cms/mc/RunIIFall15MiniAODv2/DYJetsToLL_M-50_PtZ-100_TuneCUETP8M1_13TeV-amcatnlo-pythia8/MINIAODSIM/PU25nsData2015v1_76X_mcRun2_asymptotic_v12-v1/60000/8C954EA6-C4D8-E511-9308-0CC47A4D7614.root
21-Sep-2023 07:36:16 CEST  Initiating request to open file root://eospublic.cern.ch//eos/opendata/cms/mc/RunIIFall15MiniAODv2/DYJetsToLL_M-50_PtZ-100_TuneCUETP8M1_13TeV-amcatnlo-pythia8/MINIAODSIM/PU25nsData2015v1_76X_mcRun2_asymptotic_v12-v1/60000/90392CF8-55D9-E511-903F-90B11C2CB7A9.root
%MSG-w XrdAdaptor:  file_open 21-Sep-2023 07:36:16 CEST PostProcessEvent
Data is served from cern.ch instead of original site eospublic
%MSG
21-Sep-2023 07:36:16 CEST  Successfully opened file root://eospublic.cern.ch//eos/opendata/cms/mc/RunIIFall15MiniAODv2/DYJetsToLL_M-50_PtZ-100_TuneCUETP8M1_13TeV-amcatnlo-pythia8/MINIAODSIM/PU25nsData2015v1_76X_mcRun2_asymptotic_v12-v1/60000/90392CF8-55D9-E511-903F-90B11C2CB7A9.root
21-Sep-2023 07:36:17 CEST  Closed file root://eospublic.cern.ch//eos/opendata/cms/mc/RunIIFall15MiniAODv2/DYJetsToLL_M-50_PtZ-100_TuneCUETP8M1_13TeV-amcatnlo-pythia8/MINIAODSIM/PU25nsData2015v1_76X_mcRun2_asymptotic_v12-v1/60000/90392CF8-55D9-E511-903F-90B11C2CB7A9.root
21-Sep-2023 07:36:17 CEST  Initiating request to open file root://eospublic.cern.ch//eos/opendata/cms/mc/RunIIFall15MiniAODv2/DYJetsToLL_M-50_PtZ-100_TuneCUETP8M1_13TeV-amcatnlo-pythia8/MINIAODSIM/PU25nsData2015v1_76X_mcRun2_asymptotic_v12-v1/60000/927AFFBA-C3D8-E511-A9D5-001E67A4061D.root
%MSG-w XrdAdaptor:  file_open 21-Sep-2023 07:36:17 CEST PostProcessEvent
Data is served from cern.ch instead of original site eospublic
%MSG
21-Sep-2023 07:36:17 CEST  Successfully opened file root://eospublic.cern.ch//eos/opendata/cms/mc/RunIIFall15MiniAODv2/DYJetsToLL_M-50_PtZ-100_TuneCUETP8M1_13TeV-amcatnlo-pythia8/MINIAODSIM/PU25nsData2015v1_76X_mcRun2_asymptotic_v12-v1/60000/927AFFBA-C3D8-E511-A9D5-001E67A4061D.root
21-Sep-2023 07:36:20 CEST  Closed file root://eospublic.cern.ch//eos/opendata/cms/mc/RunIIFall15MiniAODv2/DYJetsToLL_M-50_PtZ-100_TuneCUETP8M1_13TeV-amcatnlo-pythia8/MINIAODSIM/PU25nsData2015v1_76X_mcRun2_asymptotic_v12-v1/60000/927AFFBA-C3D8-E511-A9D5-001E67A4061D.root
21-Sep-2023 07:36:20 CEST  Initiating request to open file root://eospublic.cern.ch//eos/opendata/cms/mc/RunIIFall15MiniAODv2/DYJetsToLL_M-50_PtZ-100_TuneCUETP8M1_13TeV-amcatnlo-pythia8/MINIAODSIM/PU25nsData2015v1_76X_mcRun2_asymptotic_v12-v1/60000/9C81927E-56D9-E511-BB2A-001E675A4759.root
%MSG-w XrdAdaptor:  file_open 21-Sep-2023 07:36:20 CEST PostProcessEvent
Data is served from cern.ch instead of original site eospublic
%MSG
21-Sep-2023 07:36:20 CEST  Successfully opened file root://eospublic.cern.ch//eos/opendata/cms/mc/RunIIFall15MiniAODv2/DYJetsToLL_M-50_PtZ-100_TuneCUETP8M1_13TeV-amcatnlo-pythia8/MINIAODSIM/PU25nsData2015v1_76X_mcRun2_asymptotic_v12-v1/60000/9C81927E-56D9-E511-BB2A-001E675A4759.root
21-Sep-2023 07:36:21 CEST  Closed file root://eospublic.cern.ch//eos/opendata/cms/mc/RunIIFall15MiniAODv2/DYJetsToLL_M-50_PtZ-100_TuneCUETP8M1_13TeV-amcatnlo-pythia8/MINIAODSIM/PU25nsData2015v1_76X_mcRun2_asymptotic_v12-v1/60000/9C81927E-56D9-E511-BB2A-001E675A4759.root
21-Sep-2023 07:36:21 CEST  Initiating request to open file root://eospublic.cern.ch//eos/opendata/cms/mc/RunIIFall15MiniAODv2/DYJetsToLL_M-50_PtZ-100_TuneCUETP8M1_13TeV-amcatnlo-pythia8/MINIAODSIM/PU25nsData2015v1_76X_mcRun2_asymptotic_v12-v1/60000/A69D2CBF-55D9-E511-90B0-008CFA197AB0.root
%MSG-w XrdAdaptor:  file_open 21-Sep-2023 07:36:21 CEST PostProcessEvent
Data is served from cern.ch instead of original site eospublic
%MSG
21-Sep-2023 07:36:21 CEST  Successfully opened file root://eospublic.cern.ch//eos/opendata/cms/mc/RunIIFall15MiniAODv2/DYJetsToLL_M-50_PtZ-100_TuneCUETP8M1_13TeV-amcatnlo-pythia8/MINIAODSIM/PU25nsData2015v1_76X_mcRun2_asymptotic_v12-v1/60000/A69D2CBF-55D9-E511-90B0-008CFA197AB0.root
21-Sep-2023 07:36:22 CEST  Closed file root://eospublic.cern.ch//eos/opendata/cms/mc/RunIIFall15MiniAODv2/DYJetsToLL_M-50_PtZ-100_TuneCUETP8M1_13TeV-amcatnlo-pythia8/MINIAODSIM/PU25nsData2015v1_76X_mcRun2_asymptotic_v12-v1/60000/A69D2CBF-55D9-E511-90B0-008CFA197AB0.root
21-Sep-2023 07:36:22 CEST  Initiating request to open file root://eospublic.cern.ch//eos/opendata/cms/mc/RunIIFall15MiniAODv2/DYJetsToLL_M-50_PtZ-100_TuneCUETP8M1_13TeV-amcatnlo-pythia8/MINIAODSIM/PU25nsData2015v1_76X_mcRun2_asymptotic_v12-v1/60000/A8AC18AB-0DD9-E511-BF01-0CC47A13CB62.root
%MSG-w XrdAdaptor:  file_open 21-Sep-2023 07:36:22 CEST PostProcessEvent
Data is served from cern.ch instead of original site eospublic
%MSG
21-Sep-2023 07:36:22 CEST  Successfully opened file root://eospublic.cern.ch//eos/opendata/cms/mc/RunIIFall15MiniAODv2/DYJetsToLL_M-50_PtZ-100_TuneCUETP8M1_13TeV-amcatnlo-pythia8/MINIAODSIM/PU25nsData2015v1_76X_mcRun2_asymptotic_v12-v1/60000/A8AC18AB-0DD9-E511-BF01-0CC47A13CB62.root
21-Sep-2023 07:36:23 CEST  Closed file root://eospublic.cern.ch//eos/opendata/cms/mc/RunIIFall15MiniAODv2/DYJetsToLL_M-50_PtZ-100_TuneCUETP8M1_13TeV-amcatnlo-pythia8/MINIAODSIM/PU25nsData2015v1_76X_mcRun2_asymptotic_v12-v1/60000/A8AC18AB-0DD9-E511-BF01-0CC47A13CB62.root
21-Sep-2023 07:36:23 CEST  Initiating request to open file root://eospublic.cern.ch//eos/opendata/cms/mc/RunIIFall15MiniAODv2/DYJetsToLL_M-50_PtZ-100_TuneCUETP8M1_13TeV-amcatnlo-pythia8/MINIAODSIM/PU25nsData2015v1_76X_mcRun2_asymptotic_v12-v1/60000/AA397EAF-55D9-E511-AB67-BCAEC50971F2.root
%MSG-w XrdAdaptor:  file_open 21-Sep-2023 07:36:24 CEST PostProcessEvent
Data is served from cern.ch instead of original site eospublic
%MSG
21-Sep-2023 07:36:24 CEST  Successfully opened file root://eospublic.cern.ch//eos/opendata/cms/mc/RunIIFall15MiniAODv2/DYJetsToLL_M-50_PtZ-100_TuneCUETP8M1_13TeV-amcatnlo-pythia8/MINIAODSIM/PU25nsData2015v1_76X_mcRun2_asymptotic_v12-v1/60000/AA397EAF-55D9-E511-AB67-BCAEC50971F2.root
21-Sep-2023 07:36:24 CEST  Closed file root://eospublic.cern.ch//eos/opendata/cms/mc/RunIIFall15MiniAODv2/DYJetsToLL_M-50_PtZ-100_TuneCUETP8M1_13TeV-amcatnlo-pythia8/MINIAODSIM/PU25nsData2015v1_76X_mcRun2_asymptotic_v12-v1/60000/AA397EAF-55D9-E511-AB67-BCAEC50971F2.root
21-Sep-2023 07:36:24 CEST  Initiating request to open file root://eospublic.cern.ch//eos/opendata/cms/mc/RunIIFall15MiniAODv2/DYJetsToLL_M-50_PtZ-100_TuneCUETP8M1_13TeV-amcatnlo-pythia8/MINIAODSIM/PU25nsData2015v1_76X_mcRun2_asymptotic_v12-v1/60000/B094A0C8-1DD9-E511-B92C-0025905A612C.root
%MSG-w XrdAdaptor:  file_open 21-Sep-2023 07:36:24 CEST PostProcessEvent
Data is served from cern.ch instead of original site eospublic
%MSG
21-Sep-2023 07:36:24 CEST  Successfully opened file root://eospublic.cern.ch//eos/opendata/cms/mc/RunIIFall15MiniAODv2/DYJetsToLL_M-50_PtZ-100_TuneCUETP8M1_13TeV-amcatnlo-pythia8/MINIAODSIM/PU25nsData2015v1_76X_mcRun2_asymptotic_v12-v1/60000/B094A0C8-1DD9-E511-B92C-0025905A612C.root
Begin processing the 800001st record. Run 1, Event 1043992, LumiSection 2372 at 21-Sep-2023 07:36:25.695 CEST
21-Sep-2023 07:36:26 CEST  Closed file root://eospublic.cern.ch//eos/opendata/cms/mc/RunIIFall15MiniAODv2/DYJetsToLL_M-50_PtZ-100_TuneCUETP8M1_13TeV-amcatnlo-pythia8/MINIAODSIM/PU25nsData2015v1_76X_mcRun2_asymptotic_v12-v1/60000/B094A0C8-1DD9-E511-B92C-0025905A612C.root
21-Sep-2023 07:36:26 CEST  Initiating request to open file root://eospublic.cern.ch//eos/opendata/cms/mc/RunIIFall15MiniAODv2/DYJetsToLL_M-50_PtZ-100_TuneCUETP8M1_13TeV-amcatnlo-pythia8/MINIAODSIM/PU25nsData2015v1_76X_mcRun2_asymptotic_v12-v1/60000/B2CA37BF-E9D8-E511-9122-0025905A60F4.root
%MSG-w XrdAdaptor:  file_open 21-Sep-2023 07:36:26 CEST PostProcessEvent
Data is served from cern.ch instead of original site eospublic
%MSG
21-Sep-2023 07:36:26 CEST  Successfully opened file root://eospublic.cern.ch//eos/opendata/cms/mc/RunIIFall15MiniAODv2/DYJetsToLL_M-50_PtZ-100_TuneCUETP8M1_13TeV-amcatnlo-pythia8/MINIAODSIM/PU25nsData2015v1_76X_mcRun2_asymptotic_v12-v1/60000/B2CA37BF-E9D8-E511-9122-0025905A60F4.root
21-Sep-2023 07:36:30 CEST  Closed file root://eospublic.cern.ch//eos/opendata/cms/mc/RunIIFall15MiniAODv2/DYJetsToLL_M-50_PtZ-100_TuneCUETP8M1_13TeV-amcatnlo-pythia8/MINIAODSIM/PU25nsData2015v1_76X_mcRun2_asymptotic_v12-v1/60000/B2CA37BF-E9D8-E511-9122-0025905A60F4.root
21-Sep-2023 07:36:30 CEST  Initiating request to open file root://eospublic.cern.ch//eos/opendata/cms/mc/RunIIFall15MiniAODv2/DYJetsToLL_M-50_PtZ-100_TuneCUETP8M1_13TeV-amcatnlo-pythia8/MINIAODSIM/PU25nsData2015v1_76X_mcRun2_asymptotic_v12-v1/60000/B8A8A7C3-C3D8-E511-A27C-001517FB141C.root
%MSG-w XrdAdaptor:  file_open 21-Sep-2023 07:36:30 CEST PostProcessEvent
Data is served from cern.ch instead of original site eospublic
%MSG
21-Sep-2023 07:36:30 CEST  Successfully opened file root://eospublic.cern.ch//eos/opendata/cms/mc/RunIIFall15MiniAODv2/DYJetsToLL_M-50_PtZ-100_TuneCUETP8M1_13TeV-amcatnlo-pythia8/MINIAODSIM/PU25nsData2015v1_76X_mcRun2_asymptotic_v12-v1/60000/B8A8A7C3-C3D8-E511-A27C-001517FB141C.root
21-Sep-2023 07:36:32 CEST  Closed file root://eospublic.cern.ch//eos/opendata/cms/mc/RunIIFall15MiniAODv2/DYJetsToLL_M-50_PtZ-100_TuneCUETP8M1_13TeV-amcatnlo-pythia8/MINIAODSIM/PU25nsData2015v1_76X_mcRun2_asymptotic_v12-v1/60000/B8A8A7C3-C3D8-E511-A27C-001517FB141C.root
21-Sep-2023 07:36:32 CEST  Initiating request to open file root://eospublic.cern.ch//eos/opendata/cms/mc/RunIIFall15MiniAODv2/DYJetsToLL_M-50_PtZ-100_TuneCUETP8M1_13TeV-amcatnlo-pythia8/MINIAODSIM/PU25nsData2015v1_76X_mcRun2_asymptotic_v12-v1/60000/BAE521F0-55D9-E511-96D3-00259029E84C.root
%MSG-w XrdAdaptor:  file_open 21-Sep-2023 07:36:32 CEST PostProcessEvent
Data is served from cern.ch instead of original site eospublic
%MSG
21-Sep-2023 07:36:32 CEST  Successfully opened file root://eospublic.cern.ch//eos/opendata/cms/mc/RunIIFall15MiniAODv2/DYJetsToLL_M-50_PtZ-100_TuneCUETP8M1_13TeV-amcatnlo-pythia8/MINIAODSIM/PU25nsData2015v1_76X_mcRun2_asymptotic_v12-v1/60000/BAE521F0-55D9-E511-96D3-00259029E84C.root
21-Sep-2023 07:36:33 CEST  Closed file root://eospublic.cern.ch//eos/opendata/cms/mc/RunIIFall15MiniAODv2/DYJetsToLL_M-50_PtZ-100_TuneCUETP8M1_13TeV-amcatnlo-pythia8/MINIAODSIM/PU25nsData2015v1_76X_mcRun2_asymptotic_v12-v1/60000/BAE521F0-55D9-E511-96D3-00259029E84C.root
21-Sep-2023 07:36:33 CEST  Initiating request to open file root://eospublic.cern.ch//eos/opendata/cms/mc/RunIIFall15MiniAODv2/DYJetsToLL_M-50_PtZ-100_TuneCUETP8M1_13TeV-amcatnlo-pythia8/MINIAODSIM/PU25nsData2015v1_76X_mcRun2_asymptotic_v12-v1/60000/BE6FEC6A-14D9-E511-975C-008CFAF06138.root
%MSG-w XrdAdaptor:  file_open 21-Sep-2023 07:36:33 CEST PostProcessEvent
Data is served from cern.ch instead of original site eospublic
%MSG
21-Sep-2023 07:36:33 CEST  Successfully opened file root://eospublic.cern.ch//eos/opendata/cms/mc/RunIIFall15MiniAODv2/DYJetsToLL_M-50_PtZ-100_TuneCUETP8M1_13TeV-amcatnlo-pythia8/MINIAODSIM/PU25nsData2015v1_76X_mcRun2_asymptotic_v12-v1/60000/BE6FEC6A-14D9-E511-975C-008CFAF06138.root
Begin processing the 900001st record. Run 1, Event 2283493, LumiSection 5189 at 21-Sep-2023 07:36:34.354 CEST
21-Sep-2023 07:36:34 CEST  Closed file root://eospublic.cern.ch//eos/opendata/cms/mc/RunIIFall15MiniAODv2/DYJetsToLL_M-50_PtZ-100_TuneCUETP8M1_13TeV-amcatnlo-pythia8/MINIAODSIM/PU25nsData2015v1_76X_mcRun2_asymptotic_v12-v1/60000/BE6FEC6A-14D9-E511-975C-008CFAF06138.root
21-Sep-2023 07:36:34 CEST  Initiating request to open file root://eospublic.cern.ch//eos/opendata/cms/mc/RunIIFall15MiniAODv2/DYJetsToLL_M-50_PtZ-100_TuneCUETP8M1_13TeV-amcatnlo-pythia8/MINIAODSIM/PU25nsData2015v1_76X_mcRun2_asymptotic_v12-v1/60000/CC29C0C2-E9D8-E511-8A63-0025905A60E0.root
%MSG-w XrdAdaptor:  file_open 21-Sep-2023 07:36:34 CEST PostProcessEvent
Data is served from cern.ch instead of original site eospublic
%MSG
21-Sep-2023 07:36:34 CEST  Successfully opened file root://eospublic.cern.ch//eos/opendata/cms/mc/RunIIFall15MiniAODv2/DYJetsToLL_M-50_PtZ-100_TuneCUETP8M1_13TeV-amcatnlo-pythia8/MINIAODSIM/PU25nsData2015v1_76X_mcRun2_asymptotic_v12-v1/60000/CC29C0C2-E9D8-E511-8A63-0025905A60E0.root
21-Sep-2023 07:36:37 CEST  Closed file root://eospublic.cern.ch//eos/opendata/cms/mc/RunIIFall15MiniAODv2/DYJetsToLL_M-50_PtZ-100_TuneCUETP8M1_13TeV-amcatnlo-pythia8/MINIAODSIM/PU25nsData2015v1_76X_mcRun2_asymptotic_v12-v1/60000/CC29C0C2-E9D8-E511-8A63-0025905A60E0.root
21-Sep-2023 07:36:37 CEST  Initiating request to open file root://eospublic.cern.ch//eos/opendata/cms/mc/RunIIFall15MiniAODv2/DYJetsToLL_M-50_PtZ-100_TuneCUETP8M1_13TeV-amcatnlo-pythia8/MINIAODSIM/PU25nsData2015v1_76X_mcRun2_asymptotic_v12-v1/60000/CE3726A4-C4D8-E511-AE17-3417EBE4E7D2.root
%MSG-w XrdAdaptor:  file_open 21-Sep-2023 07:36:37 CEST PostProcessEvent
Data is served from cern.ch instead of original site eospublic
%MSG
21-Sep-2023 07:36:37 CEST  Successfully opened file root://eospublic.cern.ch//eos/opendata/cms/mc/RunIIFall15MiniAODv2/DYJetsToLL_M-50_PtZ-100_TuneCUETP8M1_13TeV-amcatnlo-pythia8/MINIAODSIM/PU25nsData2015v1_76X_mcRun2_asymptotic_v12-v1/60000/CE3726A4-C4D8-E511-AE17-3417EBE4E7D2.root
21-Sep-2023 07:36:41 CEST  Closed file root://eospublic.cern.ch//eos/opendata/cms/mc/RunIIFall15MiniAODv2/DYJetsToLL_M-50_PtZ-100_TuneCUETP8M1_13TeV-amcatnlo-pythia8/MINIAODSIM/PU25nsData2015v1_76X_mcRun2_asymptotic_v12-v1/60000/CE3726A4-C4D8-E511-AE17-3417EBE4E7D2.root
21-Sep-2023 07:36:41 CEST  Initiating request to open file root://eospublic.cern.ch//eos/opendata/cms/mc/RunIIFall15MiniAODv2/DYJetsToLL_M-50_PtZ-100_TuneCUETP8M1_13TeV-amcatnlo-pythia8/MINIAODSIM/PU25nsData2015v1_76X_mcRun2_asymptotic_v12-v1/60000/DE2427B8-E9D8-E511-946D-0025905A606A.root
%MSG-w XrdAdaptor:  file_open 21-Sep-2023 07:36:41 CEST PostProcessEvent
Data is served from cern.ch instead of original site eospublic
%MSG
21-Sep-2023 07:36:41 CEST  Successfully opened file root://eospublic.cern.ch//eos/opendata/cms/mc/RunIIFall15MiniAODv2/DYJetsToLL_M-50_PtZ-100_TuneCUETP8M1_13TeV-amcatnlo-pythia8/MINIAODSIM/PU25nsData2015v1_76X_mcRun2_asymptotic_v12-v1/60000/DE2427B8-E9D8-E511-946D-0025905A606A.root
Begin processing the 1000001st record. Run 1, Event 2203864, LumiSection 5008 at 21-Sep-2023 07:36:42.178 CEST
21-Sep-2023 07:36:42 CEST  Closed file root://eospublic.cern.ch//eos/opendata/cms/mc/RunIIFall15MiniAODv2/DYJetsToLL_M-50_PtZ-100_TuneCUETP8M1_13TeV-amcatnlo-pythia8/MINIAODSIM/PU25nsData2015v1_76X_mcRun2_asymptotic_v12-v1/60000/DE2427B8-E9D8-E511-946D-0025905A606A.root
21-Sep-2023 07:36:42 CEST  Initiating request to open file root://eospublic.cern.ch//eos/opendata/cms/mc/RunIIFall15MiniAODv2/DYJetsToLL_M-50_PtZ-100_TuneCUETP8M1_13TeV-amcatnlo-pythia8/MINIAODSIM/PU25nsData2015v1_76X_mcRun2_asymptotic_v12-v1/60000/DEB6D4EB-57D9-E511-B3CF-02163E00CE66.root
%MSG-w XrdAdaptor:  file_open 21-Sep-2023 07:36:42 CEST PostProcessEvent
Data is served from cern.ch instead of original site eospublic
%MSG
21-Sep-2023 07:36:42 CEST  Successfully opened file root://eospublic.cern.ch//eos/opendata/cms/mc/RunIIFall15MiniAODv2/DYJetsToLL_M-50_PtZ-100_TuneCUETP8M1_13TeV-amcatnlo-pythia8/MINIAODSIM/PU25nsData2015v1_76X_mcRun2_asymptotic_v12-v1/60000/DEB6D4EB-57D9-E511-B3CF-02163E00CE66.root
21-Sep-2023 07:36:43 CEST  Closed file root://eospublic.cern.ch//eos/opendata/cms/mc/RunIIFall15MiniAODv2/DYJetsToLL_M-50_PtZ-100_TuneCUETP8M1_13TeV-amcatnlo-pythia8/MINIAODSIM/PU25nsData2015v1_76X_mcRun2_asymptotic_v12-v1/60000/DEB6D4EB-57D9-E511-B3CF-02163E00CE66.root
21-Sep-2023 07:36:43 CEST  Initiating request to open file root://eospublic.cern.ch//eos/opendata/cms/mc/RunIIFall15MiniAODv2/DYJetsToLL_M-50_PtZ-100_TuneCUETP8M1_13TeV-amcatnlo-pythia8/MINIAODSIM/PU25nsData2015v1_76X_mcRun2_asymptotic_v12-v1/60000/DEC1C79A-BFD8-E511-AB5F-0CC47A4D75F0.root
%MSG-w XrdAdaptor:  file_open 21-Sep-2023 07:36:43 CEST PostProcessEvent
Data is served from cern.ch instead of original site eospublic
%MSG
21-Sep-2023 07:36:43 CEST  Successfully opened file root://eospublic.cern.ch//eos/opendata/cms/mc/RunIIFall15MiniAODv2/DYJetsToLL_M-50_PtZ-100_TuneCUETP8M1_13TeV-amcatnlo-pythia8/MINIAODSIM/PU25nsData2015v1_76X_mcRun2_asymptotic_v12-v1/60000/DEC1C79A-BFD8-E511-AB5F-0CC47A4D75F0.root
21-Sep-2023 07:36:47 CEST  Closed file root://eospublic.cern.ch//eos/opendata/cms/mc/RunIIFall15MiniAODv2/DYJetsToLL_M-50_PtZ-100_TuneCUETP8M1_13TeV-amcatnlo-pythia8/MINIAODSIM/PU25nsData2015v1_76X_mcRun2_asymptotic_v12-v1/60000/DEC1C79A-BFD8-E511-AB5F-0CC47A4D75F0.root
21-Sep-2023 07:36:47 CEST  Initiating request to open file root://eospublic.cern.ch//eos/opendata/cms/mc/RunIIFall15MiniAODv2/DYJetsToLL_M-50_PtZ-100_TuneCUETP8M1_13TeV-amcatnlo-pythia8/MINIAODSIM/PU25nsData2015v1_76X_mcRun2_asymptotic_v12-v1/60000/E011C374-15D9-E511-8CA8-21DA714294B4.root
%MSG-w XrdAdaptor:  file_open 21-Sep-2023 07:36:47 CEST PostProcessEvent
Data is served from cern.ch instead of original site eospublic
%MSG
21-Sep-2023 07:36:47 CEST  Successfully opened file root://eospublic.cern.ch//eos/opendata/cms/mc/RunIIFall15MiniAODv2/DYJetsToLL_M-50_PtZ-100_TuneCUETP8M1_13TeV-amcatnlo-pythia8/MINIAODSIM/PU25nsData2015v1_76X_mcRun2_asymptotic_v12-v1/60000/E011C374-15D9-E511-8CA8-21DA714294B4.root
21-Sep-2023 07:36:48 CEST  Closed file root://eospublic.cern.ch//eos/opendata/cms/mc/RunIIFall15MiniAODv2/DYJetsToLL_M-50_PtZ-100_TuneCUETP8M1_13TeV-amcatnlo-pythia8/MINIAODSIM/PU25nsData2015v1_76X_mcRun2_asymptotic_v12-v1/60000/E011C374-15D9-E511-8CA8-21DA714294B4.root
21-Sep-2023 07:36:48 CEST  Initiating request to open file root://eospublic.cern.ch//eos/opendata/cms/mc/RunIIFall15MiniAODv2/DYJetsToLL_M-50_PtZ-100_TuneCUETP8M1_13TeV-amcatnlo-pythia8/MINIAODSIM/PU25nsData2015v1_76X_mcRun2_asymptotic_v12-v1/60000/E0E67C59-BBD8-E511-8ED4-0025904C51F2.root
%MSG-w XrdAdaptor:  file_open 21-Sep-2023 07:36:48 CEST PostProcessEvent
Data is served from cern.ch instead of original site eospublic
%MSG
21-Sep-2023 07:36:48 CEST  Successfully opened file root://eospublic.cern.ch//eos/opendata/cms/mc/RunIIFall15MiniAODv2/DYJetsToLL_M-50_PtZ-100_TuneCUETP8M1_13TeV-amcatnlo-pythia8/MINIAODSIM/PU25nsData2015v1_76X_mcRun2_asymptotic_v12-v1/60000/E0E67C59-BBD8-E511-8ED4-0025904C51F2.root
21-Sep-2023 07:36:50 CEST  Closed file root://eospublic.cern.ch//eos/opendata/cms/mc/RunIIFall15MiniAODv2/DYJetsToLL_M-50_PtZ-100_TuneCUETP8M1_13TeV-amcatnlo-pythia8/MINIAODSIM/PU25nsData2015v1_76X_mcRun2_asymptotic_v12-v1/60000/E0E67C59-BBD8-E511-8ED4-0025904C51F2.root
21-Sep-2023 07:36:50 CEST  Initiating request to open file root://eospublic.cern.ch//eos/opendata/cms/mc/RunIIFall15MiniAODv2/DYJetsToLL_M-50_PtZ-100_TuneCUETP8M1_13TeV-amcatnlo-pythia8/MINIAODSIM/PU25nsData2015v1_76X_mcRun2_asymptotic_v12-v1/60000/E2B6736B-D1D8-E511-BA7B-001EC94B51EE.root
%MSG-w XrdAdaptor:  file_open 21-Sep-2023 07:36:50 CEST PostProcessEvent
Data is served from cern.ch instead of original site eospublic
%MSG
21-Sep-2023 07:36:50 CEST  Successfully opened file root://eospublic.cern.ch//eos/opendata/cms/mc/RunIIFall15MiniAODv2/DYJetsToLL_M-50_PtZ-100_TuneCUETP8M1_13TeV-amcatnlo-pythia8/MINIAODSIM/PU25nsData2015v1_76X_mcRun2_asymptotic_v12-v1/60000/E2B6736B-D1D8-E511-BA7B-001EC94B51EE.root
Begin processing the 1100001st record. Run 1, Event 196991, LumiSection 448 at 21-Sep-2023 07:36:51.673 CEST
21-Sep-2023 07:36:54 CEST  Closed file root://eospublic.cern.ch//eos/opendata/cms/mc/RunIIFall15MiniAODv2/DYJetsToLL_M-50_PtZ-100_TuneCUETP8M1_13TeV-amcatnlo-pythia8/MINIAODSIM/PU25nsData2015v1_76X_mcRun2_asymptotic_v12-v1/60000/E2B6736B-D1D8-E511-BA7B-001EC94B51EE.root
21-Sep-2023 07:36:54 CEST  Initiating request to open file root://eospublic.cern.ch//eos/opendata/cms/mc/RunIIFall15MiniAODv2/DYJetsToLL_M-50_PtZ-100_TuneCUETP8M1_13TeV-amcatnlo-pythia8/MINIAODSIM/PU25nsData2015v1_76X_mcRun2_asymptotic_v12-v1/60000/EA0AFFC7-55D9-E511-8BB4-44A8423DE404.root
%MSG-w XrdAdaptor:  file_open 21-Sep-2023 07:36:54 CEST PostProcessEvent
Data is served from cern.ch instead of original site eospublic
%MSG
21-Sep-2023 07:36:54 CEST  Successfully opened file root://eospublic.cern.ch//eos/opendata/cms/mc/RunIIFall15MiniAODv2/DYJetsToLL_M-50_PtZ-100_TuneCUETP8M1_13TeV-amcatnlo-pythia8/MINIAODSIM/PU25nsData2015v1_76X_mcRun2_asymptotic_v12-v1/60000/EA0AFFC7-55D9-E511-8BB4-44A8423DE404.root
21-Sep-2023 07:36:54 CEST  Closed file root://eospublic.cern.ch//eos/opendata/cms/mc/RunIIFall15MiniAODv2/DYJetsToLL_M-50_PtZ-100_TuneCUETP8M1_13TeV-amcatnlo-pythia8/MINIAODSIM/PU25nsData2015v1_76X_mcRun2_asymptotic_v12-v1/60000/EA0AFFC7-55D9-E511-8BB4-44A8423DE404.root
21-Sep-2023 07:36:54 CEST  Initiating request to open file root://eospublic.cern.ch//eos/opendata/cms/mc/RunIIFall15MiniAODv2/DYJetsToLL_M-50_PtZ-100_TuneCUETP8M1_13TeV-amcatnlo-pythia8/MINIAODSIM/PU25nsData2015v1_76X_mcRun2_asymptotic_v12-v1/60000/EA63D2B7-E9D8-E511-A90D-0CC47A78A340.root
%MSG-w XrdAdaptor:  file_open 21-Sep-2023 07:36:54 CEST PostProcessEvent
Data is served from cern.ch instead of original site eospublic
%MSG
21-Sep-2023 07:36:54 CEST  Successfully opened file root://eospublic.cern.ch//eos/opendata/cms/mc/RunIIFall15MiniAODv2/DYJetsToLL_M-50_PtZ-100_TuneCUETP8M1_13TeV-amcatnlo-pythia8/MINIAODSIM/PU25nsData2015v1_76X_mcRun2_asymptotic_v12-v1/60000/EA63D2B7-E9D8-E511-A90D-0CC47A78A340.root
21-Sep-2023 07:36:58 CEST  Closed file root://eospublic.cern.ch//eos/opendata/cms/mc/RunIIFall15MiniAODv2/DYJetsToLL_M-50_PtZ-100_TuneCUETP8M1_13TeV-amcatnlo-pythia8/MINIAODSIM/PU25nsData2015v1_76X_mcRun2_asymptotic_v12-v1/60000/EA63D2B7-E9D8-E511-A90D-0CC47A78A340.root
21-Sep-2023 07:36:58 CEST  Initiating request to open file root://eospublic.cern.ch//eos/opendata/cms/mc/RunIIFall15MiniAODv2/DYJetsToLL_M-50_PtZ-100_TuneCUETP8M1_13TeV-amcatnlo-pythia8/MINIAODSIM/PU25nsData2015v1_76X_mcRun2_asymptotic_v12-v1/60000/F2559978-D1D8-E511-9F6A-782BCB53A0C1.root
%MSG-w XrdAdaptor:  file_open 21-Sep-2023 07:36:58 CEST PostProcessEvent
Data is served from cern.ch instead of original site eospublic
%MSG
21-Sep-2023 07:36:58 CEST  Successfully opened file root://eospublic.cern.ch//eos/opendata/cms/mc/RunIIFall15MiniAODv2/DYJetsToLL_M-50_PtZ-100_TuneCUETP8M1_13TeV-amcatnlo-pythia8/MINIAODSIM/PU25nsData2015v1_76X_mcRun2_asymptotic_v12-v1/60000/F2559978-D1D8-E511-9F6A-782BCB53A0C1.root
Begin processing the 1200001st record. Run 1, Event 631386, LumiSection 1434 at 21-Sep-2023 07:36:59.424 CEST
21-Sep-2023 07:37:00 CEST  Closed file root://eospublic.cern.ch//eos/opendata/cms/mc/RunIIFall15MiniAODv2/DYJetsToLL_M-50_PtZ-100_TuneCUETP8M1_13TeV-amcatnlo-pythia8/MINIAODSIM/PU25nsData2015v1_76X_mcRun2_asymptotic_v12-v1/60000/F2559978-D1D8-E511-9F6A-782BCB53A0C1.root
21-Sep-2023 07:37:00 CEST  Initiating request to open file root://eospublic.cern.ch//eos/opendata/cms/mc/RunIIFall15MiniAODv2/DYJetsToLL_M-50_PtZ-100_TuneCUETP8M1_13TeV-amcatnlo-pythia8/MINIAODSIM/PU25nsData2015v1_76X_mcRun2_asymptotic_v12-v1/60000/F2A753DD-55D9-E511-A04D-0CC47A010854.root
%MSG-w XrdAdaptor:  file_open 21-Sep-2023 07:37:01 CEST PostProcessEvent
Data is served from cern.ch instead of original site eospublic
%MSG
21-Sep-2023 07:37:01 CEST  Successfully opened file root://eospublic.cern.ch//eos/opendata/cms/mc/RunIIFall15MiniAODv2/DYJetsToLL_M-50_PtZ-100_TuneCUETP8M1_13TeV-amcatnlo-pythia8/MINIAODSIM/PU25nsData2015v1_76X_mcRun2_asymptotic_v12-v1/60000/F2A753DD-55D9-E511-A04D-0CC47A010854.root
21-Sep-2023 07:37:01 CEST  Closed file root://eospublic.cern.ch//eos/opendata/cms/mc/RunIIFall15MiniAODv2/DYJetsToLL_M-50_PtZ-100_TuneCUETP8M1_13TeV-amcatnlo-pythia8/MINIAODSIM/PU25nsData2015v1_76X_mcRun2_asymptotic_v12-v1/60000/F2A753DD-55D9-E511-A04D-0CC47A010854.root
21-Sep-2023 07:37:01 CEST  Initiating request to open file root://eospublic.cern.ch//eos/opendata/cms/mc/RunIIFall15MiniAODv2/DYJetsToLL_M-50_PtZ-100_TuneCUETP8M1_13TeV-amcatnlo-pythia8/MINIAODSIM/PU25nsData2015v1_76X_mcRun2_asymptotic_v12-v1/60000/F4EDF4D0-55D9-E511-BA6A-00266CF25878.root
%MSG-w XrdAdaptor:  file_open 21-Sep-2023 07:37:01 CEST PostProcessEvent
Data is served from cern.ch instead of original site eospublic
%MSG
21-Sep-2023 07:37:01 CEST  Successfully opened file root://eospublic.cern.ch//eos/opendata/cms/mc/RunIIFall15MiniAODv2/DYJetsToLL_M-50_PtZ-100_TuneCUETP8M1_13TeV-amcatnlo-pythia8/MINIAODSIM/PU25nsData2015v1_76X_mcRun2_asymptotic_v12-v1/60000/F4EDF4D0-55D9-E511-BA6A-00266CF25878.root
     59.356763      0.000518    610.323320             0
     88.813076      0.000789    610.323320             1
     82.314182      0.001155    610.323320             2
 
21-Sep-2023 07:37:02 CEST  Closed file root://eospublic.cern.ch//eos/opendata/cms/mc/RunIIFall15MiniAODv2/DYJetsToLL_M-50_PtZ-100_TuneCUETP8M1_13TeV-amcatnlo-pythia8/MINIAODSIM/PU25nsData2015v1_76X_mcRun2_asymptotic_v12-v1/60000/F4EDF4D0-55D9-E511-BA6A-00266CF25878.root

------------------------------------
GenXsecAnalyzer:
------------------------------------
-------------------------------------------------------------------------------------------------------------------------------------------------------------------------- 
Overall cross-section summary 
--------------------------------------------------------------------------------------------------------------------------------------------------------------------------
Process		xsec_before [pb]		passed	nposw	nnegw	tried	nposw	nnegw 	xsec_match [pb]			accepted [%]	 event_eff [%]
0		5.935e+01 +/- 2.178e-03		58	58	0	289183	289060	123	1.192e-02 +/- 1.564e-03		0.0 +/- 0.0	0.0 +/- 0.0
1		8.881e+01 +/- 3.147e-03		348209	264468	83741	905710	671960	233750	3.663e+01 +/- 9.400e-02		41.2 +/- 0.1	38.4 +/- 0.1
2		8.231e+01 +/- 4.604e-03		882972	572207	310765	1796067	1104377	691690	5.215e+01 +/- 1.389e-01		63.4 +/- 0.2	49.2 +/- 0.0
-------------------------------------------------------------------------------------------------------------------------------------------------------------------------- 
Total		2.305e+02 +/- 5.987e-03		1231239	836733	394506	2990960	2065397	925563	8.942e+01 +/- 1.723e-01		38.8 +/- 0.1	41.2 +/- 0.0
--------------------------------------------------------------------------------------------------------------------------------------------------------------------------
Before matching: total cross section = 2.305e+02 +- 5.987e-03 pb
After matching: total cross section = 8.942e+01 +- 1.723e-01 pb
Filter efficiency (taking into account weights)= (2.69498e+08) / (2.69498e+08) = 1.000e+00 +- 0.000e+00
Filter efficiency (event-level)= (1.23124e+06) / (1.23124e+06) = 1.000e+00 +- 0.000e+00
After filter: final cross section = 8.942e+01 +- 1.723e-01 pb

=============================================

MessageLogger Summary

 type     category        sev    module        subroutine        count    total
 ---- -------------------- -- ---------------- ----------------  -----    -----
    1 GenXSecAnalyzer      -w GenXSecAnalyzer:                      14       14
    2 XrdAdaptor           -w file_open                             51       51
    3 fileAction           -s file_close                            51       51
    4 fileAction           -s file_open                            102      102

 type    category    Examples: run/evt        run/evt          run/evt
 ---- -------------------- ---------------- ---------------- ----------------
    1 GenXSecAnalyzer      PostEndRun       PostEndRun       PostEndRun
    2 XrdAdaptor           pre-events       PostProcessEvent PostProcessEvent
    3 fileAction           PostProcessEvent PostProcessEvent PostEndRun
    4 fileAction           pre-events       pre-events       PostProcessEvent

Severity    # Occurrences   Total Occurrences
--------    -------------   -----------------
Warning                65                  65
System                153                 153
