18-Sep-2023 19:13:01 CEST  Initiating request to open file http://opendata.cern.ch/eos/opendata/cms/mc/RunIIFall15MiniAODv2/QCDuubar_Pt-15to3000_TuneZ2star_Flat_13TeV_pythia6/MINIAODSIM/PU25nsData2015v1_76X_mcRun2_asymptotic_v12-v1/60000/58984FDA-E0B8-E511-9A1E-0CC47A010010.root
18-Sep-2023 19:13:05 CEST  Successfully opened file http://opendata.cern.ch/eos/opendata/cms/mc/RunIIFall15MiniAODv2/QCDuubar_Pt-15to3000_TuneZ2star_Flat_13TeV_pythia6/MINIAODSIM/PU25nsData2015v1_76X_mcRun2_asymptotic_v12-v1/60000/58984FDA-E0B8-E511-9A1E-0CC47A010010.root
Begin processing the 1st record. Run 1, Event 9417, LumiSection 67 on stream 0 at 18-Sep-2023 19:13:06.744 CEST
18-Sep-2023 19:13:07 CEST  Closed file http://opendata.cern.ch/eos/opendata/cms/mc/RunIIFall15MiniAODv2/QCDuubar_Pt-15to3000_TuneZ2star_Flat_13TeV_pythia6/MINIAODSIM/PU25nsData2015v1_76X_mcRun2_asymptotic_v12-v1/60000/58984FDA-E0B8-E511-9A1E-0CC47A010010.root
18-Sep-2023 19:13:07 CEST  Initiating request to open file http://opendata.cern.ch/eos/opendata/cms/mc/RunIIFall15MiniAODv2/QCDuubar_Pt-15to3000_TuneZ2star_Flat_13TeV_pythia6/MINIAODSIM/PU25nsData2015v1_76X_mcRun2_asymptotic_v12-v1/60000/7097D50B-E0B8-E511-A521-0CC47A00934A.root
18-Sep-2023 19:13:07 CEST  Successfully opened file http://opendata.cern.ch/eos/opendata/cms/mc/RunIIFall15MiniAODv2/QCDuubar_Pt-15to3000_TuneZ2star_Flat_13TeV_pythia6/MINIAODSIM/PU25nsData2015v1_76X_mcRun2_asymptotic_v12-v1/60000/7097D50B-E0B8-E511-A521-0CC47A00934A.root
18-Sep-2023 19:13:10 CEST  Closed file http://opendata.cern.ch/eos/opendata/cms/mc/RunIIFall15MiniAODv2/QCDuubar_Pt-15to3000_TuneZ2star_Flat_13TeV_pythia6/MINIAODSIM/PU25nsData2015v1_76X_mcRun2_asymptotic_v12-v1/60000/7097D50B-E0B8-E511-A521-0CC47A00934A.root
18-Sep-2023 19:13:10 CEST  Initiating request to open file http://opendata.cern.ch/eos/opendata/cms/mc/RunIIFall15MiniAODv2/QCDuubar_Pt-15to3000_TuneZ2star_Flat_13TeV_pythia6/MINIAODSIM/PU25nsData2015v1_76X_mcRun2_asymptotic_v12-v1/60000/8EF945D0-DFB8-E511-B606-D4AE5269F656.root
18-Sep-2023 19:13:10 CEST  Successfully opened file http://opendata.cern.ch/eos/opendata/cms/mc/RunIIFall15MiniAODv2/QCDuubar_Pt-15to3000_TuneZ2star_Flat_13TeV_pythia6/MINIAODSIM/PU25nsData2015v1_76X_mcRun2_asymptotic_v12-v1/60000/8EF945D0-DFB8-E511-B606-D4AE5269F656.root
18-Sep-2023 19:13:14 CEST  Closed file http://opendata.cern.ch/eos/opendata/cms/mc/RunIIFall15MiniAODv2/QCDuubar_Pt-15to3000_TuneZ2star_Flat_13TeV_pythia6/MINIAODSIM/PU25nsData2015v1_76X_mcRun2_asymptotic_v12-v1/60000/8EF945D0-DFB8-E511-B606-D4AE5269F656.root

------------------------------------
GenXsecAnalyzer:
------------------------------------
Before Filter: total cross section = 3.125e+08 +- 0.000e+00 pb
Filter efficiency (taking into account weights)= (99344) / (99344) = 1.000e+00 +- 0.000e+00
Filter efficiency (event-level)= (99344) / (99344) = 1.000e+00 +- 0.000e+00    [TO BE USED IN MCM]

After filter: final cross section = 3.125e+08 +- 0.000e+00 pb
After filter: final fraction of events with negative weights = 0.000e+00 +- 0.000e+00
After filter: final equivalent lumi for 1M events (1/fb) = 3.200e-06 +- 3.200e-09

=============================================

MessageLogger Summary

 type     category        sev    module        subroutine        count    total
 ---- -------------------- -- ---------------- ----------------  -----    -----
    1 GenXSecAnalyzer      -w GenXSecAnalyzer:                       7        7
    2 fileAction           -s file_close                             3        3
    3 fileAction           -s file_open                              6        6

 type    category    Examples: run/evt        run/evt          run/evt
 ---- -------------------- ---------------- ---------------- ----------------
    1 GenXSecAnalyzer      PostGlobalEndRun PostGlobalEndRun PostGlobalEndRun
    2 fileAction           PostProcessEvent PostProcessEvent PostGlobalEndRun
    3 fileAction           pre-events       pre-events       PostProcessEvent

Severity    # Occurrences   Total Occurrences
--------    -------------   -----------------
Warning                 7                   7
System                  9                   9

dropped waiting message count 0
