21-Sep-2023 15:14:21 CEST  Initiating request to open file root://eospublic.cern.ch//eos/opendata/cms/mc/RunIIFall15MiniAODv2/DYJetsToLL_M-50_HT-600toInf_TuneCUETP8M1_13TeV-madgraphMLM-pythia8/MINIAODSIM/PU25nsData2015v1_76X_mcRun2_asymptotic_v12-v1/70000/00761843-D4BD-E511-853E-000F53273498.root
%MSG-w XrdAdaptor:  file_open 21-Sep-2023 15:14:24 CEST pre-events
Data is served from cern.ch instead of original site eospublic
%MSG
21-Sep-2023 15:14:28 CEST  Successfully opened file root://eospublic.cern.ch//eos/opendata/cms/mc/RunIIFall15MiniAODv2/DYJetsToLL_M-50_HT-600toInf_TuneCUETP8M1_13TeV-madgraphMLM-pythia8/MINIAODSIM/PU25nsData2015v1_76X_mcRun2_asymptotic_v12-v1/70000/00761843-D4BD-E511-853E-000F53273498.root
Begin processing the 1st record. Run 1, Event 163261, LumiSection 100 at 21-Sep-2023 15:14:30.524 CEST
21-Sep-2023 15:14:32 CEST  Closed file root://eospublic.cern.ch//eos/opendata/cms/mc/RunIIFall15MiniAODv2/DYJetsToLL_M-50_HT-600toInf_TuneCUETP8M1_13TeV-madgraphMLM-pythia8/MINIAODSIM/PU25nsData2015v1_76X_mcRun2_asymptotic_v12-v1/70000/00761843-D4BD-E511-853E-000F53273498.root
21-Sep-2023 15:14:32 CEST  Initiating request to open file root://eospublic.cern.ch//eos/opendata/cms/mc/RunIIFall15MiniAODv2/DYJetsToLL_M-50_HT-600toInf_TuneCUETP8M1_13TeV-madgraphMLM-pythia8/MINIAODSIM/PU25nsData2015v1_76X_mcRun2_asymptotic_v12-v1/70000/1019DE47-D4BD-E511-9724-000F530E4794.root
%MSG-w XrdAdaptor:  file_open 21-Sep-2023 15:14:33 CEST PostProcessEvent
Data is served from cern.ch instead of original site eospublic
%MSG
21-Sep-2023 15:14:33 CEST  Successfully opened file root://eospublic.cern.ch//eos/opendata/cms/mc/RunIIFall15MiniAODv2/DYJetsToLL_M-50_HT-600toInf_TuneCUETP8M1_13TeV-madgraphMLM-pythia8/MINIAODSIM/PU25nsData2015v1_76X_mcRun2_asymptotic_v12-v1/70000/1019DE47-D4BD-E511-9724-000F530E4794.root
21-Sep-2023 15:14:39 CEST  Closed file root://eospublic.cern.ch//eos/opendata/cms/mc/RunIIFall15MiniAODv2/DYJetsToLL_M-50_HT-600toInf_TuneCUETP8M1_13TeV-madgraphMLM-pythia8/MINIAODSIM/PU25nsData2015v1_76X_mcRun2_asymptotic_v12-v1/70000/1019DE47-D4BD-E511-9724-000F530E4794.root
21-Sep-2023 15:14:39 CEST  Initiating request to open file root://eospublic.cern.ch//eos/opendata/cms/mc/RunIIFall15MiniAODv2/DYJetsToLL_M-50_HT-600toInf_TuneCUETP8M1_13TeV-madgraphMLM-pythia8/MINIAODSIM/PU25nsData2015v1_76X_mcRun2_asymptotic_v12-v1/70000/2E817151-D4BD-E511-A546-782BCB407CF7.root
%MSG-w XrdAdaptor:  file_open 21-Sep-2023 15:14:39 CEST PostProcessEvent
Data is served from cern.ch instead of original site eospublic
%MSG
21-Sep-2023 15:14:39 CEST  Successfully opened file root://eospublic.cern.ch//eos/opendata/cms/mc/RunIIFall15MiniAODv2/DYJetsToLL_M-50_HT-600toInf_TuneCUETP8M1_13TeV-madgraphMLM-pythia8/MINIAODSIM/PU25nsData2015v1_76X_mcRun2_asymptotic_v12-v1/70000/2E817151-D4BD-E511-A546-782BCB407CF7.root
Begin processing the 100001st record. Run 1, Event 13774430, LumiSection 8354 at 21-Sep-2023 15:14:42.595 CEST
21-Sep-2023 15:14:44 CEST  Closed file root://eospublic.cern.ch//eos/opendata/cms/mc/RunIIFall15MiniAODv2/DYJetsToLL_M-50_HT-600toInf_TuneCUETP8M1_13TeV-madgraphMLM-pythia8/MINIAODSIM/PU25nsData2015v1_76X_mcRun2_asymptotic_v12-v1/70000/2E817151-D4BD-E511-A546-782BCB407CF7.root
21-Sep-2023 15:14:44 CEST  Initiating request to open file root://eospublic.cern.ch//eos/opendata/cms/mc/RunIIFall15MiniAODv2/DYJetsToLL_M-50_HT-600toInf_TuneCUETP8M1_13TeV-madgraphMLM-pythia8/MINIAODSIM/PU25nsData2015v1_76X_mcRun2_asymptotic_v12-v1/70000/32B50125-D4BD-E511-B04B-008CFAF06ACE.root
%MSG-w XrdAdaptor:  file_open 21-Sep-2023 15:14:44 CEST PostProcessEvent
Data is served from cern.ch instead of original site eospublic
%MSG
21-Sep-2023 15:14:44 CEST  Successfully opened file root://eospublic.cern.ch//eos/opendata/cms/mc/RunIIFall15MiniAODv2/DYJetsToLL_M-50_HT-600toInf_TuneCUETP8M1_13TeV-madgraphMLM-pythia8/MINIAODSIM/PU25nsData2015v1_76X_mcRun2_asymptotic_v12-v1/70000/32B50125-D4BD-E511-B04B-008CFAF06ACE.root
21-Sep-2023 15:14:49 CEST  Closed file root://eospublic.cern.ch//eos/opendata/cms/mc/RunIIFall15MiniAODv2/DYJetsToLL_M-50_HT-600toInf_TuneCUETP8M1_13TeV-madgraphMLM-pythia8/MINIAODSIM/PU25nsData2015v1_76X_mcRun2_asymptotic_v12-v1/70000/32B50125-D4BD-E511-B04B-008CFAF06ACE.root
21-Sep-2023 15:14:49 CEST  Initiating request to open file root://eospublic.cern.ch//eos/opendata/cms/mc/RunIIFall15MiniAODv2/DYJetsToLL_M-50_HT-600toInf_TuneCUETP8M1_13TeV-madgraphMLM-pythia8/MINIAODSIM/PU25nsData2015v1_76X_mcRun2_asymptotic_v12-v1/70000/40E0754F-D4BD-E511-B3E2-782BCB407C98.root
%MSG-w XrdAdaptor:  file_open 21-Sep-2023 15:14:49 CEST PostProcessEvent
Data is served from cern.ch instead of original site eospublic
%MSG
21-Sep-2023 15:14:49 CEST  Successfully opened file root://eospublic.cern.ch//eos/opendata/cms/mc/RunIIFall15MiniAODv2/DYJetsToLL_M-50_HT-600toInf_TuneCUETP8M1_13TeV-madgraphMLM-pythia8/MINIAODSIM/PU25nsData2015v1_76X_mcRun2_asymptotic_v12-v1/70000/40E0754F-D4BD-E511-B3E2-782BCB407C98.root
Begin processing the 200001st record. Run 1, Event 5749292, LumiSection 3487 at 21-Sep-2023 15:14:53.399 CEST
21-Sep-2023 15:14:54 CEST  Closed file root://eospublic.cern.ch//eos/opendata/cms/mc/RunIIFall15MiniAODv2/DYJetsToLL_M-50_HT-600toInf_TuneCUETP8M1_13TeV-madgraphMLM-pythia8/MINIAODSIM/PU25nsData2015v1_76X_mcRun2_asymptotic_v12-v1/70000/40E0754F-D4BD-E511-B3E2-782BCB407C98.root
21-Sep-2023 15:14:54 CEST  Initiating request to open file root://eospublic.cern.ch//eos/opendata/cms/mc/RunIIFall15MiniAODv2/DYJetsToLL_M-50_HT-600toInf_TuneCUETP8M1_13TeV-madgraphMLM-pythia8/MINIAODSIM/PU25nsData2015v1_76X_mcRun2_asymptotic_v12-v1/70000/4C889964-B5BD-E511-B3F9-782BCB283FAD.root
%MSG-w XrdAdaptor:  file_open 21-Sep-2023 15:14:54 CEST PostProcessEvent
Data is served from cern.ch instead of original site eospublic
%MSG
21-Sep-2023 15:14:54 CEST  Successfully opened file root://eospublic.cern.ch//eos/opendata/cms/mc/RunIIFall15MiniAODv2/DYJetsToLL_M-50_HT-600toInf_TuneCUETP8M1_13TeV-madgraphMLM-pythia8/MINIAODSIM/PU25nsData2015v1_76X_mcRun2_asymptotic_v12-v1/70000/4C889964-B5BD-E511-B3F9-782BCB283FAD.root
21-Sep-2023 15:14:59 CEST  Closed file root://eospublic.cern.ch//eos/opendata/cms/mc/RunIIFall15MiniAODv2/DYJetsToLL_M-50_HT-600toInf_TuneCUETP8M1_13TeV-madgraphMLM-pythia8/MINIAODSIM/PU25nsData2015v1_76X_mcRun2_asymptotic_v12-v1/70000/4C889964-B5BD-E511-B3F9-782BCB283FAD.root
21-Sep-2023 15:14:59 CEST  Initiating request to open file root://eospublic.cern.ch//eos/opendata/cms/mc/RunIIFall15MiniAODv2/DYJetsToLL_M-50_HT-600toInf_TuneCUETP8M1_13TeV-madgraphMLM-pythia8/MINIAODSIM/PU25nsData2015v1_76X_mcRun2_asymptotic_v12-v1/70000/5418BA28-D4BD-E511-8630-001E674D9F1E.root
%MSG-w XrdAdaptor:  file_open 21-Sep-2023 15:14:59 CEST PostProcessEvent
Data is served from cern.ch instead of original site eospublic
%MSG
21-Sep-2023 15:14:59 CEST  Successfully opened file root://eospublic.cern.ch//eos/opendata/cms/mc/RunIIFall15MiniAODv2/DYJetsToLL_M-50_HT-600toInf_TuneCUETP8M1_13TeV-madgraphMLM-pythia8/MINIAODSIM/PU25nsData2015v1_76X_mcRun2_asymptotic_v12-v1/70000/5418BA28-D4BD-E511-8630-001E674D9F1E.root
Begin processing the 300001st record. Run 1, Event 5697679, LumiSection 3456 at 21-Sep-2023 15:15:04.463 CEST
21-Sep-2023 15:15:04 CEST  Closed file root://eospublic.cern.ch//eos/opendata/cms/mc/RunIIFall15MiniAODv2/DYJetsToLL_M-50_HT-600toInf_TuneCUETP8M1_13TeV-madgraphMLM-pythia8/MINIAODSIM/PU25nsData2015v1_76X_mcRun2_asymptotic_v12-v1/70000/5418BA28-D4BD-E511-8630-001E674D9F1E.root
21-Sep-2023 15:15:04 CEST  Initiating request to open file root://eospublic.cern.ch//eos/opendata/cms/mc/RunIIFall15MiniAODv2/DYJetsToLL_M-50_HT-600toInf_TuneCUETP8M1_13TeV-madgraphMLM-pythia8/MINIAODSIM/PU25nsData2015v1_76X_mcRun2_asymptotic_v12-v1/70000/5A64D736-D4BD-E511-83A6-782BCB28323E.root
%MSG-w XrdAdaptor:  file_open 21-Sep-2023 15:15:04 CEST PostProcessEvent
Data is served from cern.ch instead of original site eospublic
%MSG
21-Sep-2023 15:15:04 CEST  Successfully opened file root://eospublic.cern.ch//eos/opendata/cms/mc/RunIIFall15MiniAODv2/DYJetsToLL_M-50_HT-600toInf_TuneCUETP8M1_13TeV-madgraphMLM-pythia8/MINIAODSIM/PU25nsData2015v1_76X_mcRun2_asymptotic_v12-v1/70000/5A64D736-D4BD-E511-83A6-782BCB28323E.root
21-Sep-2023 15:15:09 CEST  Closed file root://eospublic.cern.ch//eos/opendata/cms/mc/RunIIFall15MiniAODv2/DYJetsToLL_M-50_HT-600toInf_TuneCUETP8M1_13TeV-madgraphMLM-pythia8/MINIAODSIM/PU25nsData2015v1_76X_mcRun2_asymptotic_v12-v1/70000/5A64D736-D4BD-E511-83A6-782BCB28323E.root
21-Sep-2023 15:15:09 CEST  Initiating request to open file root://eospublic.cern.ch//eos/opendata/cms/mc/RunIIFall15MiniAODv2/DYJetsToLL_M-50_HT-600toInf_TuneCUETP8M1_13TeV-madgraphMLM-pythia8/MINIAODSIM/PU25nsData2015v1_76X_mcRun2_asymptotic_v12-v1/70000/5E612E0A-B3BD-E511-A748-000F530E47AC.root
%MSG-w XrdAdaptor:  file_open 21-Sep-2023 15:15:09 CEST PostProcessEvent
Data is served from cern.ch instead of original site eospublic
%MSG
21-Sep-2023 15:15:09 CEST  Successfully opened file root://eospublic.cern.ch//eos/opendata/cms/mc/RunIIFall15MiniAODv2/DYJetsToLL_M-50_HT-600toInf_TuneCUETP8M1_13TeV-madgraphMLM-pythia8/MINIAODSIM/PU25nsData2015v1_76X_mcRun2_asymptotic_v12-v1/70000/5E612E0A-B3BD-E511-A748-000F530E47AC.root
Begin processing the 400001st record. Run 1, Event 4864522, LumiSection 2950 at 21-Sep-2023 15:15:15.012 CEST
21-Sep-2023 15:15:15 CEST  Closed file root://eospublic.cern.ch//eos/opendata/cms/mc/RunIIFall15MiniAODv2/DYJetsToLL_M-50_HT-600toInf_TuneCUETP8M1_13TeV-madgraphMLM-pythia8/MINIAODSIM/PU25nsData2015v1_76X_mcRun2_asymptotic_v12-v1/70000/5E612E0A-B3BD-E511-A748-000F530E47AC.root
21-Sep-2023 15:15:15 CEST  Initiating request to open file root://eospublic.cern.ch//eos/opendata/cms/mc/RunIIFall15MiniAODv2/DYJetsToLL_M-50_HT-600toInf_TuneCUETP8M1_13TeV-madgraphMLM-pythia8/MINIAODSIM/PU25nsData2015v1_76X_mcRun2_asymptotic_v12-v1/70000/62FEB740-D4BD-E511-A6CA-008CFAF07512.root
%MSG-w XrdAdaptor:  file_open 21-Sep-2023 15:15:15 CEST PostProcessEvent
Data is served from cern.ch instead of original site eospublic
%MSG
21-Sep-2023 15:15:15 CEST  Successfully opened file root://eospublic.cern.ch//eos/opendata/cms/mc/RunIIFall15MiniAODv2/DYJetsToLL_M-50_HT-600toInf_TuneCUETP8M1_13TeV-madgraphMLM-pythia8/MINIAODSIM/PU25nsData2015v1_76X_mcRun2_asymptotic_v12-v1/70000/62FEB740-D4BD-E511-A6CA-008CFAF07512.root
21-Sep-2023 15:15:19 CEST  Closed file root://eospublic.cern.ch//eos/opendata/cms/mc/RunIIFall15MiniAODv2/DYJetsToLL_M-50_HT-600toInf_TuneCUETP8M1_13TeV-madgraphMLM-pythia8/MINIAODSIM/PU25nsData2015v1_76X_mcRun2_asymptotic_v12-v1/70000/62FEB740-D4BD-E511-A6CA-008CFAF07512.root
21-Sep-2023 15:15:19 CEST  Initiating request to open file root://eospublic.cern.ch//eos/opendata/cms/mc/RunIIFall15MiniAODv2/DYJetsToLL_M-50_HT-600toInf_TuneCUETP8M1_13TeV-madgraphMLM-pythia8/MINIAODSIM/PU25nsData2015v1_76X_mcRun2_asymptotic_v12-v1/70000/7A71A153-D4BD-E511-AB9F-782BCB6E0AD0.root
%MSG-w XrdAdaptor:  file_open 21-Sep-2023 15:15:19 CEST PostProcessEvent
Data is served from cern.ch instead of original site eospublic
%MSG
21-Sep-2023 15:15:19 CEST  Successfully opened file root://eospublic.cern.ch//eos/opendata/cms/mc/RunIIFall15MiniAODv2/DYJetsToLL_M-50_HT-600toInf_TuneCUETP8M1_13TeV-madgraphMLM-pythia8/MINIAODSIM/PU25nsData2015v1_76X_mcRun2_asymptotic_v12-v1/70000/7A71A153-D4BD-E511-AB9F-782BCB6E0AD0.root
21-Sep-2023 15:15:25 CEST  Closed file root://eospublic.cern.ch//eos/opendata/cms/mc/RunIIFall15MiniAODv2/DYJetsToLL_M-50_HT-600toInf_TuneCUETP8M1_13TeV-madgraphMLM-pythia8/MINIAODSIM/PU25nsData2015v1_76X_mcRun2_asymptotic_v12-v1/70000/7A71A153-D4BD-E511-AB9F-782BCB6E0AD0.root
21-Sep-2023 15:15:25 CEST  Initiating request to open file root://eospublic.cern.ch//eos/opendata/cms/mc/RunIIFall15MiniAODv2/DYJetsToLL_M-50_HT-600toInf_TuneCUETP8M1_13TeV-madgraphMLM-pythia8/MINIAODSIM/PU25nsData2015v1_76X_mcRun2_asymptotic_v12-v1/70000/7CD6D64E-B5BD-E511-A3BD-008CFAF06DC8.root
%MSG-w XrdAdaptor:  file_open 21-Sep-2023 15:15:25 CEST PostProcessEvent
Data is served from cern.ch instead of original site eospublic
%MSG
21-Sep-2023 15:15:25 CEST  Successfully opened file root://eospublic.cern.ch//eos/opendata/cms/mc/RunIIFall15MiniAODv2/DYJetsToLL_M-50_HT-600toInf_TuneCUETP8M1_13TeV-madgraphMLM-pythia8/MINIAODSIM/PU25nsData2015v1_76X_mcRun2_asymptotic_v12-v1/70000/7CD6D64E-B5BD-E511-A3BD-008CFAF06DC8.root
Begin processing the 500001st record. Run 1, Event 3201460, LumiSection 1942 at 21-Sep-2023 15:15:27.799 CEST
21-Sep-2023 15:15:30 CEST  Closed file root://eospublic.cern.ch//eos/opendata/cms/mc/RunIIFall15MiniAODv2/DYJetsToLL_M-50_HT-600toInf_TuneCUETP8M1_13TeV-madgraphMLM-pythia8/MINIAODSIM/PU25nsData2015v1_76X_mcRun2_asymptotic_v12-v1/70000/7CD6D64E-B5BD-E511-A3BD-008CFAF06DC8.root
21-Sep-2023 15:15:30 CEST  Initiating request to open file root://eospublic.cern.ch//eos/opendata/cms/mc/RunIIFall15MiniAODv2/DYJetsToLL_M-50_HT-600toInf_TuneCUETP8M1_13TeV-madgraphMLM-pythia8/MINIAODSIM/PU25nsData2015v1_76X_mcRun2_asymptotic_v12-v1/70000/8430C3FD-B2BD-E511-9A89-AC853D9DAC1F.root
%MSG-w XrdAdaptor:  file_open 21-Sep-2023 15:15:30 CEST PostProcessEvent
Data is served from cern.ch instead of original site eospublic
%MSG
21-Sep-2023 15:15:30 CEST  Successfully opened file root://eospublic.cern.ch//eos/opendata/cms/mc/RunIIFall15MiniAODv2/DYJetsToLL_M-50_HT-600toInf_TuneCUETP8M1_13TeV-madgraphMLM-pythia8/MINIAODSIM/PU25nsData2015v1_76X_mcRun2_asymptotic_v12-v1/70000/8430C3FD-B2BD-E511-9A89-AC853D9DAC1F.root
21-Sep-2023 15:15:34 CEST  Closed file root://eospublic.cern.ch//eos/opendata/cms/mc/RunIIFall15MiniAODv2/DYJetsToLL_M-50_HT-600toInf_TuneCUETP8M1_13TeV-madgraphMLM-pythia8/MINIAODSIM/PU25nsData2015v1_76X_mcRun2_asymptotic_v12-v1/70000/8430C3FD-B2BD-E511-9A89-AC853D9DAC1F.root
21-Sep-2023 15:15:34 CEST  Initiating request to open file root://eospublic.cern.ch//eos/opendata/cms/mc/RunIIFall15MiniAODv2/DYJetsToLL_M-50_HT-600toInf_TuneCUETP8M1_13TeV-madgraphMLM-pythia8/MINIAODSIM/PU25nsData2015v1_76X_mcRun2_asymptotic_v12-v1/70000/882AD34B-D4BD-E511-ADB8-782BCB407CF7.root
%MSG-w XrdAdaptor:  file_open 21-Sep-2023 15:15:34 CEST PostProcessEvent
Data is served from cern.ch instead of original site eospublic
%MSG
21-Sep-2023 15:15:35 CEST  Successfully opened file root://eospublic.cern.ch//eos/opendata/cms/mc/RunIIFall15MiniAODv2/DYJetsToLL_M-50_HT-600toInf_TuneCUETP8M1_13TeV-madgraphMLM-pythia8/MINIAODSIM/PU25nsData2015v1_76X_mcRun2_asymptotic_v12-v1/70000/882AD34B-D4BD-E511-ADB8-782BCB407CF7.root
Begin processing the 600001st record. Run 1, Event 6997291, LumiSection 4244 at 21-Sep-2023 15:15:38.794 CEST
21-Sep-2023 15:15:40 CEST  Closed file root://eospublic.cern.ch//eos/opendata/cms/mc/RunIIFall15MiniAODv2/DYJetsToLL_M-50_HT-600toInf_TuneCUETP8M1_13TeV-madgraphMLM-pythia8/MINIAODSIM/PU25nsData2015v1_76X_mcRun2_asymptotic_v12-v1/70000/882AD34B-D4BD-E511-ADB8-782BCB407CF7.root
21-Sep-2023 15:15:40 CEST  Initiating request to open file root://eospublic.cern.ch//eos/opendata/cms/mc/RunIIFall15MiniAODv2/DYJetsToLL_M-50_HT-600toInf_TuneCUETP8M1_13TeV-madgraphMLM-pythia8/MINIAODSIM/PU25nsData2015v1_76X_mcRun2_asymptotic_v12-v1/70000/8AA7423A-D4BD-E511-8AC2-001E674FB6A8.root
%MSG-w XrdAdaptor:  file_open 21-Sep-2023 15:15:40 CEST PostProcessEvent
Data is served from cern.ch instead of original site eospublic
%MSG
21-Sep-2023 15:15:40 CEST  Successfully opened file root://eospublic.cern.ch//eos/opendata/cms/mc/RunIIFall15MiniAODv2/DYJetsToLL_M-50_HT-600toInf_TuneCUETP8M1_13TeV-madgraphMLM-pythia8/MINIAODSIM/PU25nsData2015v1_76X_mcRun2_asymptotic_v12-v1/70000/8AA7423A-D4BD-E511-8AC2-001E674FB6A8.root
21-Sep-2023 15:15:45 CEST  Closed file root://eospublic.cern.ch//eos/opendata/cms/mc/RunIIFall15MiniAODv2/DYJetsToLL_M-50_HT-600toInf_TuneCUETP8M1_13TeV-madgraphMLM-pythia8/MINIAODSIM/PU25nsData2015v1_76X_mcRun2_asymptotic_v12-v1/70000/8AA7423A-D4BD-E511-8AC2-001E674FB6A8.root
21-Sep-2023 15:15:45 CEST  Initiating request to open file root://eospublic.cern.ch//eos/opendata/cms/mc/RunIIFall15MiniAODv2/DYJetsToLL_M-50_HT-600toInf_TuneCUETP8M1_13TeV-madgraphMLM-pythia8/MINIAODSIM/PU25nsData2015v1_76X_mcRun2_asymptotic_v12-v1/70000/AAF8B631-D4BD-E511-BB61-782BCB6A5183.root
%MSG-w XrdAdaptor:  file_open 21-Sep-2023 15:15:45 CEST PostProcessEvent
Data is served from cern.ch instead of original site eospublic
%MSG
21-Sep-2023 15:15:45 CEST  Successfully opened file root://eospublic.cern.ch//eos/opendata/cms/mc/RunIIFall15MiniAODv2/DYJetsToLL_M-50_HT-600toInf_TuneCUETP8M1_13TeV-madgraphMLM-pythia8/MINIAODSIM/PU25nsData2015v1_76X_mcRun2_asymptotic_v12-v1/70000/AAF8B631-D4BD-E511-BB61-782BCB6A5183.root
Begin processing the 700001st record. Run 1, Event 13685791, LumiSection 8300 at 21-Sep-2023 15:15:49.457 CEST
21-Sep-2023 15:15:50 CEST  Closed file root://eospublic.cern.ch//eos/opendata/cms/mc/RunIIFall15MiniAODv2/DYJetsToLL_M-50_HT-600toInf_TuneCUETP8M1_13TeV-madgraphMLM-pythia8/MINIAODSIM/PU25nsData2015v1_76X_mcRun2_asymptotic_v12-v1/70000/AAF8B631-D4BD-E511-BB61-782BCB6A5183.root
21-Sep-2023 15:15:50 CEST  Initiating request to open file root://eospublic.cern.ch//eos/opendata/cms/mc/RunIIFall15MiniAODv2/DYJetsToLL_M-50_HT-600toInf_TuneCUETP8M1_13TeV-madgraphMLM-pythia8/MINIAODSIM/PU25nsData2015v1_76X_mcRun2_asymptotic_v12-v1/70000/B069C12D-D4BD-E511-9B48-008CFAF0743A.root
%MSG-w XrdAdaptor:  file_open 21-Sep-2023 15:15:50 CEST PostProcessEvent
Data is served from cern.ch instead of original site eospublic
%MSG
21-Sep-2023 15:15:50 CEST  Successfully opened file root://eospublic.cern.ch//eos/opendata/cms/mc/RunIIFall15MiniAODv2/DYJetsToLL_M-50_HT-600toInf_TuneCUETP8M1_13TeV-madgraphMLM-pythia8/MINIAODSIM/PU25nsData2015v1_76X_mcRun2_asymptotic_v12-v1/70000/B069C12D-D4BD-E511-9B48-008CFAF0743A.root
21-Sep-2023 15:15:55 CEST  Closed file root://eospublic.cern.ch//eos/opendata/cms/mc/RunIIFall15MiniAODv2/DYJetsToLL_M-50_HT-600toInf_TuneCUETP8M1_13TeV-madgraphMLM-pythia8/MINIAODSIM/PU25nsData2015v1_76X_mcRun2_asymptotic_v12-v1/70000/B069C12D-D4BD-E511-9B48-008CFAF0743A.root
21-Sep-2023 15:15:55 CEST  Initiating request to open file root://eospublic.cern.ch//eos/opendata/cms/mc/RunIIFall15MiniAODv2/DYJetsToLL_M-50_HT-600toInf_TuneCUETP8M1_13TeV-madgraphMLM-pythia8/MINIAODSIM/PU25nsData2015v1_76X_mcRun2_asymptotic_v12-v1/70000/B89ADC24-D4BD-E511-9BEA-001E674FB3E7.root
%MSG-w XrdAdaptor:  file_open 21-Sep-2023 15:15:55 CEST PostProcessEvent
Data is served from cern.ch instead of original site eospublic
%MSG
21-Sep-2023 15:15:55 CEST  Successfully opened file root://eospublic.cern.ch//eos/opendata/cms/mc/RunIIFall15MiniAODv2/DYJetsToLL_M-50_HT-600toInf_TuneCUETP8M1_13TeV-madgraphMLM-pythia8/MINIAODSIM/PU25nsData2015v1_76X_mcRun2_asymptotic_v12-v1/70000/B89ADC24-D4BD-E511-9BEA-001E674FB3E7.root
Begin processing the 800001st record. Run 1, Event 9167221, LumiSection 5560 at 21-Sep-2023 15:15:59.846 CEST
21-Sep-2023 15:16:00 CEST  Closed file root://eospublic.cern.ch//eos/opendata/cms/mc/RunIIFall15MiniAODv2/DYJetsToLL_M-50_HT-600toInf_TuneCUETP8M1_13TeV-madgraphMLM-pythia8/MINIAODSIM/PU25nsData2015v1_76X_mcRun2_asymptotic_v12-v1/70000/B89ADC24-D4BD-E511-9BEA-001E674FB3E7.root
21-Sep-2023 15:16:00 CEST  Initiating request to open file root://eospublic.cern.ch//eos/opendata/cms/mc/RunIIFall15MiniAODv2/DYJetsToLL_M-50_HT-600toInf_TuneCUETP8M1_13TeV-madgraphMLM-pythia8/MINIAODSIM/PU25nsData2015v1_76X_mcRun2_asymptotic_v12-v1/70000/C030AD24-D4BD-E511-82E1-008CFAF0669C.root
%MSG-w XrdAdaptor:  file_open 21-Sep-2023 15:16:00 CEST PostProcessEvent
Data is served from cern.ch instead of original site eospublic
%MSG
21-Sep-2023 15:16:00 CEST  Successfully opened file root://eospublic.cern.ch//eos/opendata/cms/mc/RunIIFall15MiniAODv2/DYJetsToLL_M-50_HT-600toInf_TuneCUETP8M1_13TeV-madgraphMLM-pythia8/MINIAODSIM/PU25nsData2015v1_76X_mcRun2_asymptotic_v12-v1/70000/C030AD24-D4BD-E511-82E1-008CFAF0669C.root
21-Sep-2023 15:16:05 CEST  Closed file root://eospublic.cern.ch//eos/opendata/cms/mc/RunIIFall15MiniAODv2/DYJetsToLL_M-50_HT-600toInf_TuneCUETP8M1_13TeV-madgraphMLM-pythia8/MINIAODSIM/PU25nsData2015v1_76X_mcRun2_asymptotic_v12-v1/70000/C030AD24-D4BD-E511-82E1-008CFAF0669C.root
21-Sep-2023 15:16:05 CEST  Initiating request to open file root://eospublic.cern.ch//eos/opendata/cms/mc/RunIIFall15MiniAODv2/DYJetsToLL_M-50_HT-600toInf_TuneCUETP8M1_13TeV-madgraphMLM-pythia8/MINIAODSIM/PU25nsData2015v1_76X_mcRun2_asymptotic_v12-v1/70000/D610BC5B-D4BD-E511-860A-842B2B2A7CF2.root
%MSG-w XrdAdaptor:  file_open 21-Sep-2023 15:16:05 CEST PostProcessEvent
Data is served from cern.ch instead of original site eospublic
%MSG
21-Sep-2023 15:16:05 CEST  Successfully opened file root://eospublic.cern.ch//eos/opendata/cms/mc/RunIIFall15MiniAODv2/DYJetsToLL_M-50_HT-600toInf_TuneCUETP8M1_13TeV-madgraphMLM-pythia8/MINIAODSIM/PU25nsData2015v1_76X_mcRun2_asymptotic_v12-v1/70000/D610BC5B-D4BD-E511-860A-842B2B2A7CF2.root
21-Sep-2023 15:16:10 CEST  Closed file root://eospublic.cern.ch//eos/opendata/cms/mc/RunIIFall15MiniAODv2/DYJetsToLL_M-50_HT-600toInf_TuneCUETP8M1_13TeV-madgraphMLM-pythia8/MINIAODSIM/PU25nsData2015v1_76X_mcRun2_asymptotic_v12-v1/70000/D610BC5B-D4BD-E511-860A-842B2B2A7CF2.root
21-Sep-2023 15:16:10 CEST  Initiating request to open file root://eospublic.cern.ch//eos/opendata/cms/mc/RunIIFall15MiniAODv2/DYJetsToLL_M-50_HT-600toInf_TuneCUETP8M1_13TeV-madgraphMLM-pythia8/MINIAODSIM/PU25nsData2015v1_76X_mcRun2_asymptotic_v12-v1/70000/DA2F2B42-D4BD-E511-BAD9-782BCB6A50CA.root
%MSG-w XrdAdaptor:  file_open 21-Sep-2023 15:16:10 CEST PostProcessEvent
Data is served from cern.ch instead of original site eospublic
%MSG
21-Sep-2023 15:16:10 CEST  Successfully opened file root://eospublic.cern.ch//eos/opendata/cms/mc/RunIIFall15MiniAODv2/DYJetsToLL_M-50_HT-600toInf_TuneCUETP8M1_13TeV-madgraphMLM-pythia8/MINIAODSIM/PU25nsData2015v1_76X_mcRun2_asymptotic_v12-v1/70000/DA2F2B42-D4BD-E511-BAD9-782BCB6A50CA.root
Begin processing the 900001st record. Run 1, Event 3968742, LumiSection 2407 at 21-Sep-2023 15:16:13.240 CEST
21-Sep-2023 15:16:15 CEST  Closed file root://eospublic.cern.ch//eos/opendata/cms/mc/RunIIFall15MiniAODv2/DYJetsToLL_M-50_HT-600toInf_TuneCUETP8M1_13TeV-madgraphMLM-pythia8/MINIAODSIM/PU25nsData2015v1_76X_mcRun2_asymptotic_v12-v1/70000/DA2F2B42-D4BD-E511-BAD9-782BCB6A50CA.root
21-Sep-2023 15:16:15 CEST  Initiating request to open file root://eospublic.cern.ch//eos/opendata/cms/mc/RunIIFall15MiniAODv2/DYJetsToLL_M-50_HT-600toInf_TuneCUETP8M1_13TeV-madgraphMLM-pythia8/MINIAODSIM/PU25nsData2015v1_76X_mcRun2_asymptotic_v12-v1/70000/E2B08324-D4BD-E511-8CEB-008CFAF072A8.root
%MSG-w XrdAdaptor:  file_open 21-Sep-2023 15:16:15 CEST PostProcessEvent
Data is served from cern.ch instead of original site eospublic
%MSG
21-Sep-2023 15:16:15 CEST  Successfully opened file root://eospublic.cern.ch//eos/opendata/cms/mc/RunIIFall15MiniAODv2/DYJetsToLL_M-50_HT-600toInf_TuneCUETP8M1_13TeV-madgraphMLM-pythia8/MINIAODSIM/PU25nsData2015v1_76X_mcRun2_asymptotic_v12-v1/70000/E2B08324-D4BD-E511-8CEB-008CFAF072A8.root
21-Sep-2023 15:16:21 CEST  Closed file root://eospublic.cern.ch//eos/opendata/cms/mc/RunIIFall15MiniAODv2/DYJetsToLL_M-50_HT-600toInf_TuneCUETP8M1_13TeV-madgraphMLM-pythia8/MINIAODSIM/PU25nsData2015v1_76X_mcRun2_asymptotic_v12-v1/70000/E2B08324-D4BD-E511-8CEB-008CFAF072A8.root
21-Sep-2023 15:16:21 CEST  Initiating request to open file root://eospublic.cern.ch//eos/opendata/cms/mc/RunIIFall15MiniAODv2/DYJetsToLL_M-50_HT-600toInf_TuneCUETP8M1_13TeV-madgraphMLM-pythia8/MINIAODSIM/PU25nsData2015v1_76X_mcRun2_asymptotic_v12-v1/70000/F40C9248-D4BD-E511-9DB2-008CFAF2059C.root
%MSG-w XrdAdaptor:  file_open 21-Sep-2023 15:16:21 CEST PostProcessEvent
Data is served from cern.ch instead of original site eospublic
%MSG
21-Sep-2023 15:16:21 CEST  Successfully opened file root://eospublic.cern.ch//eos/opendata/cms/mc/RunIIFall15MiniAODv2/DYJetsToLL_M-50_HT-600toInf_TuneCUETP8M1_13TeV-madgraphMLM-pythia8/MINIAODSIM/PU25nsData2015v1_76X_mcRun2_asymptotic_v12-v1/70000/F40C9248-D4BD-E511-9DB2-008CFAF2059C.root
Begin processing the 1000001st record. Run 1, Event 6920478, LumiSection 4197 at 21-Sep-2023 15:16:24.720 CEST
      0.016468      0.000000      0.018412             1
      1.545173      0.000012      0.018412             2
      7.394425      0.000059      0.018412             3
     20.646187      0.000164      0.018412             4
 
21-Sep-2023 15:16:26 CEST  Closed file root://eospublic.cern.ch//eos/opendata/cms/mc/RunIIFall15MiniAODv2/DYJetsToLL_M-50_HT-600toInf_TuneCUETP8M1_13TeV-madgraphMLM-pythia8/MINIAODSIM/PU25nsData2015v1_76X_mcRun2_asymptotic_v12-v1/70000/F40C9248-D4BD-E511-9DB2-008CFAF2059C.root

------------------------------------
GenXsecAnalyzer:
------------------------------------
-------------------------------------------------------------------------------------------------------------------------------------------------------------------------- 
Overall cross-section summary 
--------------------------------------------------------------------------------------------------------------------------------------------------------------------------
Process		xsec_before [pb]		passed	nposw	nnegw	tried	nposw	nnegw 	xsec_match [pb]			accepted [%]	 event_eff [%]
0		1.649e-02 +/- 3.797e-07		1103	1103	0	19423	19423	0	9.365e-04 +/- 2.739e-05		5.7 +/- 0.2	5.7 +/- 0.2
1		1.545e+00 +/- 2.661e-05		40058	40058	0	735349	735349	0	8.417e-02 +/- 4.089e-04		5.4 +/- 0.0	5.4 +/- 0.0
2		7.395e+00 +/- 1.272e-04		105556	105556	0	3475168	3475168	0	2.246e-01 +/- 6.807e-04		3.0 +/- 0.0	3.0 +/- 0.0
3		2.065e+01 +/- 3.552e-04		884386	884386	0	9644736	9644736	0	1.893e+00 +/- 1.919e-03		9.2 +/- 0.0	9.2 +/- 0.0
-------------------------------------------------------------------------------------------------------------------------------------------------------------------------- 
Total		2.960e+01 +/- 3.783e-04		1031103	1031103	0	13874676	13874676	0	2.200e+00 +/- 2.085e-03		7.4 +/- 0.0	7.4 +/- 0.0
--------------------------------------------------------------------------------------------------------------------------------------------------------------------------
Before matching: total cross section = 2.960e+01 +- 3.783e-04 pb
After matching: total cross section = 2.200e+00 +- 2.085e-03 pb
Filter efficiency (taking into account weights)= (1.0311e+06) / (1.0311e+06) = 1.000e+00 +- 0.000e+00
Filter efficiency (event-level)= (1.0311e+06) / (1.0311e+06) = 1.000e+00 +- 0.000e+00
After filter: final cross section = 2.200e+00 +- 2.085e-03 pb

=============================================

MessageLogger Summary

 type     category        sev    module        subroutine        count    total
 ---- -------------------- -- ---------------- ----------------  -----    -----
    1 GenXSecAnalyzer      -w GenXSecAnalyzer:                      15       15
    2 XrdAdaptor           -w file_open                             23       23
    3 fileAction           -s file_close                            23       23
    4 fileAction           -s file_open                             46       46

 type    category    Examples: run/evt        run/evt          run/evt
 ---- -------------------- ---------------- ---------------- ----------------
    1 GenXSecAnalyzer      PostEndRun       PostEndRun       PostEndRun
    2 XrdAdaptor           pre-events       PostProcessEvent PostProcessEvent
    3 fileAction           PostProcessEvent PostProcessEvent PostEndRun
    4 fileAction           pre-events       pre-events       PostProcessEvent

Severity    # Occurrences   Total Occurrences
--------    -------------   -----------------
Warning                38                  38
System                 69                  69
