21-Sep-2023 15:16:34 CEST  Initiating request to open file root://eospublic.cern.ch//eos/opendata/cms/mc/RunIIFall15MiniAODv2/DYJetsToLL_M-1500to2000_TuneCUETP8M1_13TeV-amcatnloFXFX-pythia8/MINIAODSIM/PU25nsData2015v1_76X_mcRun2_asymptotic_v12-v1/10000/52783617-57B8-E511-A566-842B2B180A9F.root
%MSG-w XrdAdaptor:  file_open 21-Sep-2023 15:16:36 CEST pre-events
Data is served from cern.ch instead of original site eospublic
%MSG
21-Sep-2023 15:16:41 CEST  Successfully opened file root://eospublic.cern.ch//eos/opendata/cms/mc/RunIIFall15MiniAODv2/DYJetsToLL_M-1500to2000_TuneCUETP8M1_13TeV-amcatnloFXFX-pythia8/MINIAODSIM/PU25nsData2015v1_76X_mcRun2_asymptotic_v12-v1/10000/52783617-57B8-E511-A566-842B2B180A9F.root
Begin processing the 1st record. Run 1, Event 80697, LumiSection 124 at 21-Sep-2023 15:16:43.013 CEST
      0.002215      0.000009      0.017809             1
      0.001333      0.000009      0.017809             2
      0.002356      0.000004      0.017809             0
 
21-Sep-2023 15:16:43 CEST  Closed file root://eospublic.cern.ch//eos/opendata/cms/mc/RunIIFall15MiniAODv2/DYJetsToLL_M-1500to2000_TuneCUETP8M1_13TeV-amcatnloFXFX-pythia8/MINIAODSIM/PU25nsData2015v1_76X_mcRun2_asymptotic_v12-v1/10000/52783617-57B8-E511-A566-842B2B180A9F.root

------------------------------------
GenXsecAnalyzer:
------------------------------------
-------------------------------------------------------------------------------------------------------------------------------------------------------------------------- 
Overall cross-section summary 
--------------------------------------------------------------------------------------------------------------------------------------------------------------------------
Process		xsec_before [pb]		passed	nposw	nnegw	tried	nposw	nnegw 	xsec_match [pb]			accepted [%]	 event_eff [%]
0		2.356e-03 +/- 3.704e-06		1790	1748	42	4782	4559	223	9.270e-04 +/- 1.826e-05		39.3 +/- 0.8	37.4 +/- 0.7
1		2.215e-03 +/- 8.686e-06		4004	2791	1213	14817	9562	5255	8.117e-04 +/- 2.863e-05		36.6 +/- 1.3	27.0 +/- 0.4
2		1.333e-03 +/- 8.631e-06		3898	2438	1460	13549	8084	5465	4.976e-04 +/- 2.748e-05		37.3 +/- 2.0	28.8 +/- 0.4
-------------------------------------------------------------------------------------------------------------------------------------------------------------------------- 
Total		5.904e-03 +/- 1.279e-05		9692	6977	2715	33148	22205	10943	2.234e-03 +/- 4.445e-05		37.8 +/- 0.7	29.2 +/- 0.2
--------------------------------------------------------------------------------------------------------------------------------------------------------------------------
Before matching: total cross section = 5.904e-03 +- 1.279e-05 pb
After matching: total cross section = 2.234e-03 +- 4.445e-05 pb
Filter efficiency (taking into account weights)= (75.9007) / (75.9007) = 1.000e+00 +- 0.000e+00
Filter efficiency (event-level)= (9692) / (9692) = 1.000e+00 +- 0.000e+00
After filter: final cross section = 2.234e-03 +- 4.445e-05 pb

=============================================

MessageLogger Summary

 type     category        sev    module        subroutine        count    total
 ---- -------------------- -- ---------------- ----------------  -----    -----
    1 GenXSecAnalyzer      -w GenXSecAnalyzer:                      14       14
    2 XrdAdaptor           -w file_open                              1        1
    3 fileAction           -s file_close                             1        1
    4 fileAction           -s file_open                              2        2

 type    category    Examples: run/evt        run/evt          run/evt
 ---- -------------------- ---------------- ---------------- ----------------
    1 GenXSecAnalyzer      PostEndRun       PostEndRun       PostEndRun
    2 XrdAdaptor           pre-events                        
    3 fileAction           PostEndRun                        
    4 fileAction           pre-events       pre-events       

Severity    # Occurrences   Total Occurrences
--------    -------------   -----------------
Warning                15                  15
System                  3                   3
