21-Sep-2023 14:42:25 CEST  Initiating request to open file root://eospublic.cern.ch//eos/opendata/cms/mc/RunIIFall15MiniAODv2/DYBJetsToNuNu_Zpt-40toInf_TuneCUETP8M1_13TeV-madgraphMLM-pythia8/MINIAODSIM/PU25nsData2015v1_76X_mcRun2_asymptotic_v12-v1/20000/0094FD3D-4AB8-E511-9C47-002590D60004.root
%MSG-w XrdAdaptor:  file_open 21-Sep-2023 14:42:25 CEST pre-events
Data is served from cern.ch instead of original site eospublic
%MSG
21-Sep-2023 14:42:27 CEST  Successfully opened file root://eospublic.cern.ch//eos/opendata/cms/mc/RunIIFall15MiniAODv2/DYBJetsToNuNu_Zpt-40toInf_TuneCUETP8M1_13TeV-madgraphMLM-pythia8/MINIAODSIM/PU25nsData2015v1_76X_mcRun2_asymptotic_v12-v1/20000/0094FD3D-4AB8-E511-9C47-002590D60004.root
Begin processing the 1st record. Run 1, Event 10785, LumiSection 11 at 21-Sep-2023 14:42:28.727 CEST
21-Sep-2023 14:42:30 CEST  Closed file root://eospublic.cern.ch//eos/opendata/cms/mc/RunIIFall15MiniAODv2/DYBJetsToNuNu_Zpt-40toInf_TuneCUETP8M1_13TeV-madgraphMLM-pythia8/MINIAODSIM/PU25nsData2015v1_76X_mcRun2_asymptotic_v12-v1/20000/0094FD3D-4AB8-E511-9C47-002590D60004.root
21-Sep-2023 14:42:30 CEST  Initiating request to open file root://eospublic.cern.ch//eos/opendata/cms/mc/RunIIFall15MiniAODv2/DYBJetsToNuNu_Zpt-40toInf_TuneCUETP8M1_13TeV-madgraphMLM-pythia8/MINIAODSIM/PU25nsData2015v1_76X_mcRun2_asymptotic_v12-v1/20000/10D22F3B-4AB8-E511-A371-002590D60068.root
%MSG-w XrdAdaptor:  file_open 21-Sep-2023 14:42:30 CEST PostProcessEvent
Data is served from cern.ch instead of original site eospublic
%MSG
21-Sep-2023 14:42:30 CEST  Successfully opened file root://eospublic.cern.ch//eos/opendata/cms/mc/RunIIFall15MiniAODv2/DYBJetsToNuNu_Zpt-40toInf_TuneCUETP8M1_13TeV-madgraphMLM-pythia8/MINIAODSIM/PU25nsData2015v1_76X_mcRun2_asymptotic_v12-v1/20000/10D22F3B-4AB8-E511-A371-002590D60068.root
21-Sep-2023 14:42:33 CEST  Closed file root://eospublic.cern.ch//eos/opendata/cms/mc/RunIIFall15MiniAODv2/DYBJetsToNuNu_Zpt-40toInf_TuneCUETP8M1_13TeV-madgraphMLM-pythia8/MINIAODSIM/PU25nsData2015v1_76X_mcRun2_asymptotic_v12-v1/20000/10D22F3B-4AB8-E511-A371-002590D60068.root
21-Sep-2023 14:42:33 CEST  Initiating request to open file root://eospublic.cern.ch//eos/opendata/cms/mc/RunIIFall15MiniAODv2/DYBJetsToNuNu_Zpt-40toInf_TuneCUETP8M1_13TeV-madgraphMLM-pythia8/MINIAODSIM/PU25nsData2015v1_76X_mcRun2_asymptotic_v12-v1/20000/182F9B3D-4AB8-E511-A703-002590D60068.root
%MSG-w XrdAdaptor:  file_open 21-Sep-2023 14:42:34 CEST PostProcessEvent
Data is served from cern.ch instead of original site eospublic
%MSG
21-Sep-2023 14:42:34 CEST  Successfully opened file root://eospublic.cern.ch//eos/opendata/cms/mc/RunIIFall15MiniAODv2/DYBJetsToNuNu_Zpt-40toInf_TuneCUETP8M1_13TeV-madgraphMLM-pythia8/MINIAODSIM/PU25nsData2015v1_76X_mcRun2_asymptotic_v12-v1/20000/182F9B3D-4AB8-E511-A703-002590D60068.root
Begin processing the 100001st record. Run 1, Event 1056157, LumiSection 980 at 21-Sep-2023 14:42:37.321 CEST
21-Sep-2023 14:42:37 CEST  Closed file root://eospublic.cern.ch//eos/opendata/cms/mc/RunIIFall15MiniAODv2/DYBJetsToNuNu_Zpt-40toInf_TuneCUETP8M1_13TeV-madgraphMLM-pythia8/MINIAODSIM/PU25nsData2015v1_76X_mcRun2_asymptotic_v12-v1/20000/182F9B3D-4AB8-E511-A703-002590D60068.root
21-Sep-2023 14:42:37 CEST  Initiating request to open file root://eospublic.cern.ch//eos/opendata/cms/mc/RunIIFall15MiniAODv2/DYBJetsToNuNu_Zpt-40toInf_TuneCUETP8M1_13TeV-madgraphMLM-pythia8/MINIAODSIM/PU25nsData2015v1_76X_mcRun2_asymptotic_v12-v1/20000/2E1A1125-4BB8-E511-853F-44A8423C4026.root
%MSG-w XrdAdaptor:  file_open 21-Sep-2023 14:42:37 CEST PostProcessEvent
Data is served from cern.ch instead of original site eospublic
%MSG
21-Sep-2023 14:42:38 CEST  Successfully opened file root://eospublic.cern.ch//eos/opendata/cms/mc/RunIIFall15MiniAODv2/DYBJetsToNuNu_Zpt-40toInf_TuneCUETP8M1_13TeV-madgraphMLM-pythia8/MINIAODSIM/PU25nsData2015v1_76X_mcRun2_asymptotic_v12-v1/20000/2E1A1125-4BB8-E511-853F-44A8423C4026.root
21-Sep-2023 14:42:41 CEST  Closed file root://eospublic.cern.ch//eos/opendata/cms/mc/RunIIFall15MiniAODv2/DYBJetsToNuNu_Zpt-40toInf_TuneCUETP8M1_13TeV-madgraphMLM-pythia8/MINIAODSIM/PU25nsData2015v1_76X_mcRun2_asymptotic_v12-v1/20000/2E1A1125-4BB8-E511-853F-44A8423C4026.root
21-Sep-2023 14:42:41 CEST  Initiating request to open file root://eospublic.cern.ch//eos/opendata/cms/mc/RunIIFall15MiniAODv2/DYBJetsToNuNu_Zpt-40toInf_TuneCUETP8M1_13TeV-madgraphMLM-pythia8/MINIAODSIM/PU25nsData2015v1_76X_mcRun2_asymptotic_v12-v1/20000/324CF27C-4AB8-E511-96B6-002590D60150.root
%MSG-w XrdAdaptor:  file_open 21-Sep-2023 14:42:41 CEST PostProcessEvent
Data is served from cern.ch instead of original site eospublic
%MSG
21-Sep-2023 14:42:41 CEST  Successfully opened file root://eospublic.cern.ch//eos/opendata/cms/mc/RunIIFall15MiniAODv2/DYBJetsToNuNu_Zpt-40toInf_TuneCUETP8M1_13TeV-madgraphMLM-pythia8/MINIAODSIM/PU25nsData2015v1_76X_mcRun2_asymptotic_v12-v1/20000/324CF27C-4AB8-E511-96B6-002590D60150.root
21-Sep-2023 14:42:45 CEST  Closed file root://eospublic.cern.ch//eos/opendata/cms/mc/RunIIFall15MiniAODv2/DYBJetsToNuNu_Zpt-40toInf_TuneCUETP8M1_13TeV-madgraphMLM-pythia8/MINIAODSIM/PU25nsData2015v1_76X_mcRun2_asymptotic_v12-v1/20000/324CF27C-4AB8-E511-96B6-002590D60150.root
21-Sep-2023 14:42:45 CEST  Initiating request to open file root://eospublic.cern.ch//eos/opendata/cms/mc/RunIIFall15MiniAODv2/DYBJetsToNuNu_Zpt-40toInf_TuneCUETP8M1_13TeV-madgraphMLM-pythia8/MINIAODSIM/PU25nsData2015v1_76X_mcRun2_asymptotic_v12-v1/20000/44B8853E-4AB8-E511-82F6-002590D60068.root
%MSG-w XrdAdaptor:  file_open 21-Sep-2023 14:42:45 CEST PostProcessEvent
Data is served from cern.ch instead of original site eospublic
%MSG
21-Sep-2023 14:42:45 CEST  Successfully opened file root://eospublic.cern.ch//eos/opendata/cms/mc/RunIIFall15MiniAODv2/DYBJetsToNuNu_Zpt-40toInf_TuneCUETP8M1_13TeV-madgraphMLM-pythia8/MINIAODSIM/PU25nsData2015v1_76X_mcRun2_asymptotic_v12-v1/20000/44B8853E-4AB8-E511-82F6-002590D60068.root
Begin processing the 200001st record. Run 1, Event 6179676, LumiSection 5733 at 21-Sep-2023 14:42:47.857 CEST
21-Sep-2023 14:42:49 CEST  Closed file root://eospublic.cern.ch//eos/opendata/cms/mc/RunIIFall15MiniAODv2/DYBJetsToNuNu_Zpt-40toInf_TuneCUETP8M1_13TeV-madgraphMLM-pythia8/MINIAODSIM/PU25nsData2015v1_76X_mcRun2_asymptotic_v12-v1/20000/44B8853E-4AB8-E511-82F6-002590D60068.root
21-Sep-2023 14:42:49 CEST  Initiating request to open file root://eospublic.cern.ch//eos/opendata/cms/mc/RunIIFall15MiniAODv2/DYBJetsToNuNu_Zpt-40toInf_TuneCUETP8M1_13TeV-madgraphMLM-pythia8/MINIAODSIM/PU25nsData2015v1_76X_mcRun2_asymptotic_v12-v1/20000/4811236B-4BB8-E511-919E-002590D60150.root
%MSG-w XrdAdaptor:  file_open 21-Sep-2023 14:42:49 CEST PostProcessEvent
Data is served from cern.ch instead of original site eospublic
%MSG
21-Sep-2023 14:42:50 CEST  Successfully opened file root://eospublic.cern.ch//eos/opendata/cms/mc/RunIIFall15MiniAODv2/DYBJetsToNuNu_Zpt-40toInf_TuneCUETP8M1_13TeV-madgraphMLM-pythia8/MINIAODSIM/PU25nsData2015v1_76X_mcRun2_asymptotic_v12-v1/20000/4811236B-4BB8-E511-919E-002590D60150.root
21-Sep-2023 14:42:53 CEST  Closed file root://eospublic.cern.ch//eos/opendata/cms/mc/RunIIFall15MiniAODv2/DYBJetsToNuNu_Zpt-40toInf_TuneCUETP8M1_13TeV-madgraphMLM-pythia8/MINIAODSIM/PU25nsData2015v1_76X_mcRun2_asymptotic_v12-v1/20000/4811236B-4BB8-E511-919E-002590D60150.root
21-Sep-2023 14:42:53 CEST  Initiating request to open file root://eospublic.cern.ch//eos/opendata/cms/mc/RunIIFall15MiniAODv2/DYBJetsToNuNu_Zpt-40toInf_TuneCUETP8M1_13TeV-madgraphMLM-pythia8/MINIAODSIM/PU25nsData2015v1_76X_mcRun2_asymptotic_v12-v1/20000/4A802912-4BB8-E511-9C2A-002590D60004.root
%MSG-w XrdAdaptor:  file_open 21-Sep-2023 14:42:53 CEST PostProcessEvent
Data is served from cern.ch instead of original site eospublic
%MSG
21-Sep-2023 14:42:53 CEST  Successfully opened file root://eospublic.cern.ch//eos/opendata/cms/mc/RunIIFall15MiniAODv2/DYBJetsToNuNu_Zpt-40toInf_TuneCUETP8M1_13TeV-madgraphMLM-pythia8/MINIAODSIM/PU25nsData2015v1_76X_mcRun2_asymptotic_v12-v1/20000/4A802912-4BB8-E511-9C2A-002590D60004.root
Begin processing the 300001st record. Run 1, Event 9867136, LumiSection 9153 at 21-Sep-2023 14:42:56.549 CEST
21-Sep-2023 14:42:57 CEST  Closed file root://eospublic.cern.ch//eos/opendata/cms/mc/RunIIFall15MiniAODv2/DYBJetsToNuNu_Zpt-40toInf_TuneCUETP8M1_13TeV-madgraphMLM-pythia8/MINIAODSIM/PU25nsData2015v1_76X_mcRun2_asymptotic_v12-v1/20000/4A802912-4BB8-E511-9C2A-002590D60004.root
21-Sep-2023 14:42:57 CEST  Initiating request to open file root://eospublic.cern.ch//eos/opendata/cms/mc/RunIIFall15MiniAODv2/DYBJetsToNuNu_Zpt-40toInf_TuneCUETP8M1_13TeV-madgraphMLM-pythia8/MINIAODSIM/PU25nsData2015v1_76X_mcRun2_asymptotic_v12-v1/20000/4E5CFCEC-49B8-E511-A5E4-001EC9EAF8B2.root
%MSG-w XrdAdaptor:  file_open 21-Sep-2023 14:42:57 CEST PostProcessEvent
Data is served from cern.ch instead of original site eospublic
%MSG
21-Sep-2023 14:42:57 CEST  Successfully opened file root://eospublic.cern.ch//eos/opendata/cms/mc/RunIIFall15MiniAODv2/DYBJetsToNuNu_Zpt-40toInf_TuneCUETP8M1_13TeV-madgraphMLM-pythia8/MINIAODSIM/PU25nsData2015v1_76X_mcRun2_asymptotic_v12-v1/20000/4E5CFCEC-49B8-E511-A5E4-001EC9EAF8B2.root
21-Sep-2023 14:43:01 CEST  Closed file root://eospublic.cern.ch//eos/opendata/cms/mc/RunIIFall15MiniAODv2/DYBJetsToNuNu_Zpt-40toInf_TuneCUETP8M1_13TeV-madgraphMLM-pythia8/MINIAODSIM/PU25nsData2015v1_76X_mcRun2_asymptotic_v12-v1/20000/4E5CFCEC-49B8-E511-A5E4-001EC9EAF8B2.root
21-Sep-2023 14:43:01 CEST  Initiating request to open file root://eospublic.cern.ch//eos/opendata/cms/mc/RunIIFall15MiniAODv2/DYBJetsToNuNu_Zpt-40toInf_TuneCUETP8M1_13TeV-madgraphMLM-pythia8/MINIAODSIM/PU25nsData2015v1_76X_mcRun2_asymptotic_v12-v1/20000/4EE5D76D-4BB8-E511-B16B-44A8423D7989.root
%MSG-w XrdAdaptor:  file_open 21-Sep-2023 14:43:01 CEST PostProcessEvent
Data is served from cern.ch instead of original site eospublic
%MSG
21-Sep-2023 14:43:01 CEST  Successfully opened file root://eospublic.cern.ch//eos/opendata/cms/mc/RunIIFall15MiniAODv2/DYBJetsToNuNu_Zpt-40toInf_TuneCUETP8M1_13TeV-madgraphMLM-pythia8/MINIAODSIM/PU25nsData2015v1_76X_mcRun2_asymptotic_v12-v1/20000/4EE5D76D-4BB8-E511-B16B-44A8423D7989.root
Begin processing the 400001st record. Run 1, Event 4010160, LumiSection 3720 at 21-Sep-2023 14:43:05.343 CEST
21-Sep-2023 14:43:05 CEST  Closed file root://eospublic.cern.ch//eos/opendata/cms/mc/RunIIFall15MiniAODv2/DYBJetsToNuNu_Zpt-40toInf_TuneCUETP8M1_13TeV-madgraphMLM-pythia8/MINIAODSIM/PU25nsData2015v1_76X_mcRun2_asymptotic_v12-v1/20000/4EE5D76D-4BB8-E511-B16B-44A8423D7989.root
21-Sep-2023 14:43:05 CEST  Initiating request to open file root://eospublic.cern.ch//eos/opendata/cms/mc/RunIIFall15MiniAODv2/DYBJetsToNuNu_Zpt-40toInf_TuneCUETP8M1_13TeV-madgraphMLM-pythia8/MINIAODSIM/PU25nsData2015v1_76X_mcRun2_asymptotic_v12-v1/20000/50C68A28-4BB8-E511-B984-001EC9EAF8B2.root
%MSG-w XrdAdaptor:  file_open 21-Sep-2023 14:43:05 CEST PostProcessEvent
Data is served from cern.ch instead of original site eospublic
%MSG
21-Sep-2023 14:43:05 CEST  Successfully opened file root://eospublic.cern.ch//eos/opendata/cms/mc/RunIIFall15MiniAODv2/DYBJetsToNuNu_Zpt-40toInf_TuneCUETP8M1_13TeV-madgraphMLM-pythia8/MINIAODSIM/PU25nsData2015v1_76X_mcRun2_asymptotic_v12-v1/20000/50C68A28-4BB8-E511-B984-001EC9EAF8B2.root
21-Sep-2023 14:43:09 CEST  Closed file root://eospublic.cern.ch//eos/opendata/cms/mc/RunIIFall15MiniAODv2/DYBJetsToNuNu_Zpt-40toInf_TuneCUETP8M1_13TeV-madgraphMLM-pythia8/MINIAODSIM/PU25nsData2015v1_76X_mcRun2_asymptotic_v12-v1/20000/50C68A28-4BB8-E511-B984-001EC9EAF8B2.root
21-Sep-2023 14:43:09 CEST  Initiating request to open file root://eospublic.cern.ch//eos/opendata/cms/mc/RunIIFall15MiniAODv2/DYBJetsToNuNu_Zpt-40toInf_TuneCUETP8M1_13TeV-madgraphMLM-pythia8/MINIAODSIM/PU25nsData2015v1_76X_mcRun2_asymptotic_v12-v1/20000/62F665C9-4BB8-E511-9FA5-44A8423C4026.root
%MSG-w XrdAdaptor:  file_open 21-Sep-2023 14:43:10 CEST PostProcessEvent
Data is served from cern.ch instead of original site eospublic
%MSG
21-Sep-2023 14:43:10 CEST  Successfully opened file root://eospublic.cern.ch//eos/opendata/cms/mc/RunIIFall15MiniAODv2/DYBJetsToNuNu_Zpt-40toInf_TuneCUETP8M1_13TeV-madgraphMLM-pythia8/MINIAODSIM/PU25nsData2015v1_76X_mcRun2_asymptotic_v12-v1/20000/62F665C9-4BB8-E511-9FA5-44A8423C4026.root
Begin processing the 500001st record. Run 1, Event 9581622, LumiSection 8889 at 21-Sep-2023 14:43:14.842 CEST
21-Sep-2023 14:43:15 CEST  Closed file root://eospublic.cern.ch//eos/opendata/cms/mc/RunIIFall15MiniAODv2/DYBJetsToNuNu_Zpt-40toInf_TuneCUETP8M1_13TeV-madgraphMLM-pythia8/MINIAODSIM/PU25nsData2015v1_76X_mcRun2_asymptotic_v12-v1/20000/62F665C9-4BB8-E511-9FA5-44A8423C4026.root
21-Sep-2023 14:43:15 CEST  Initiating request to open file root://eospublic.cern.ch//eos/opendata/cms/mc/RunIIFall15MiniAODv2/DYBJetsToNuNu_Zpt-40toInf_TuneCUETP8M1_13TeV-madgraphMLM-pythia8/MINIAODSIM/PU25nsData2015v1_76X_mcRun2_asymptotic_v12-v1/20000/8600DD65-4BB8-E511-B8F6-44A8423D7989.root
%MSG-w XrdAdaptor:  file_open 21-Sep-2023 14:43:15 CEST PostProcessEvent
Data is served from cern.ch instead of original site eospublic
%MSG
21-Sep-2023 14:43:15 CEST  Successfully opened file root://eospublic.cern.ch//eos/opendata/cms/mc/RunIIFall15MiniAODv2/DYBJetsToNuNu_Zpt-40toInf_TuneCUETP8M1_13TeV-madgraphMLM-pythia8/MINIAODSIM/PU25nsData2015v1_76X_mcRun2_asymptotic_v12-v1/20000/8600DD65-4BB8-E511-B8F6-44A8423D7989.root
21-Sep-2023 14:43:18 CEST  Closed file root://eospublic.cern.ch//eos/opendata/cms/mc/RunIIFall15MiniAODv2/DYBJetsToNuNu_Zpt-40toInf_TuneCUETP8M1_13TeV-madgraphMLM-pythia8/MINIAODSIM/PU25nsData2015v1_76X_mcRun2_asymptotic_v12-v1/20000/8600DD65-4BB8-E511-B8F6-44A8423D7989.root
21-Sep-2023 14:43:18 CEST  Initiating request to open file root://eospublic.cern.ch//eos/opendata/cms/mc/RunIIFall15MiniAODv2/DYBJetsToNuNu_Zpt-40toInf_TuneCUETP8M1_13TeV-madgraphMLM-pythia8/MINIAODSIM/PU25nsData2015v1_76X_mcRun2_asymptotic_v12-v1/20000/90DCFDC8-4FB8-E511-A50E-20CF305B050A.root
%MSG-w XrdAdaptor:  file_open 21-Sep-2023 14:43:18 CEST PostProcessEvent
Data is served from cern.ch instead of original site eospublic
%MSG
21-Sep-2023 14:43:18 CEST  Successfully opened file root://eospublic.cern.ch//eos/opendata/cms/mc/RunIIFall15MiniAODv2/DYBJetsToNuNu_Zpt-40toInf_TuneCUETP8M1_13TeV-madgraphMLM-pythia8/MINIAODSIM/PU25nsData2015v1_76X_mcRun2_asymptotic_v12-v1/20000/90DCFDC8-4FB8-E511-A50E-20CF305B050A.root
21-Sep-2023 14:43:20 CEST  Closed file root://eospublic.cern.ch//eos/opendata/cms/mc/RunIIFall15MiniAODv2/DYBJetsToNuNu_Zpt-40toInf_TuneCUETP8M1_13TeV-madgraphMLM-pythia8/MINIAODSIM/PU25nsData2015v1_76X_mcRun2_asymptotic_v12-v1/20000/90DCFDC8-4FB8-E511-A50E-20CF305B050A.root
21-Sep-2023 14:43:20 CEST  Initiating request to open file root://eospublic.cern.ch//eos/opendata/cms/mc/RunIIFall15MiniAODv2/DYBJetsToNuNu_Zpt-40toInf_TuneCUETP8M1_13TeV-madgraphMLM-pythia8/MINIAODSIM/PU25nsData2015v1_76X_mcRun2_asymptotic_v12-v1/20000/90EC35B2-4BB8-E511-9A41-002590D60004.root
%MSG-w XrdAdaptor:  file_open 21-Sep-2023 14:43:20 CEST PostProcessEvent
Data is served from cern.ch instead of original site eospublic
%MSG
21-Sep-2023 14:43:20 CEST  Successfully opened file root://eospublic.cern.ch//eos/opendata/cms/mc/RunIIFall15MiniAODv2/DYBJetsToNuNu_Zpt-40toInf_TuneCUETP8M1_13TeV-madgraphMLM-pythia8/MINIAODSIM/PU25nsData2015v1_76X_mcRun2_asymptotic_v12-v1/20000/90EC35B2-4BB8-E511-9A41-002590D60004.root
21-Sep-2023 14:43:24 CEST  Closed file root://eospublic.cern.ch//eos/opendata/cms/mc/RunIIFall15MiniAODv2/DYBJetsToNuNu_Zpt-40toInf_TuneCUETP8M1_13TeV-madgraphMLM-pythia8/MINIAODSIM/PU25nsData2015v1_76X_mcRun2_asymptotic_v12-v1/20000/90EC35B2-4BB8-E511-9A41-002590D60004.root
21-Sep-2023 14:43:24 CEST  Initiating request to open file root://eospublic.cern.ch//eos/opendata/cms/mc/RunIIFall15MiniAODv2/DYBJetsToNuNu_Zpt-40toInf_TuneCUETP8M1_13TeV-madgraphMLM-pythia8/MINIAODSIM/PU25nsData2015v1_76X_mcRun2_asymptotic_v12-v1/20000/9E20D355-4BB8-E511-B9E3-002590D60150.root
%MSG-w XrdAdaptor:  file_open 21-Sep-2023 14:43:24 CEST PostProcessEvent
Data is served from cern.ch instead of original site eospublic
%MSG
21-Sep-2023 14:43:24 CEST  Successfully opened file root://eospublic.cern.ch//eos/opendata/cms/mc/RunIIFall15MiniAODv2/DYBJetsToNuNu_Zpt-40toInf_TuneCUETP8M1_13TeV-madgraphMLM-pythia8/MINIAODSIM/PU25nsData2015v1_76X_mcRun2_asymptotic_v12-v1/20000/9E20D355-4BB8-E511-B9E3-002590D60150.root
Begin processing the 600001st record. Run 1, Event 2877514, LumiSection 2669 at 21-Sep-2023 14:43:26.625 CEST
21-Sep-2023 14:43:28 CEST  Closed file root://eospublic.cern.ch//eos/opendata/cms/mc/RunIIFall15MiniAODv2/DYBJetsToNuNu_Zpt-40toInf_TuneCUETP8M1_13TeV-madgraphMLM-pythia8/MINIAODSIM/PU25nsData2015v1_76X_mcRun2_asymptotic_v12-v1/20000/9E20D355-4BB8-E511-B9E3-002590D60150.root
21-Sep-2023 14:43:28 CEST  Initiating request to open file root://eospublic.cern.ch//eos/opendata/cms/mc/RunIIFall15MiniAODv2/DYBJetsToNuNu_Zpt-40toInf_TuneCUETP8M1_13TeV-madgraphMLM-pythia8/MINIAODSIM/PU25nsData2015v1_76X_mcRun2_asymptotic_v12-v1/20000/9EAAE2DA-4AB8-E511-B517-44A8423D7989.root
%MSG-w XrdAdaptor:  file_open 21-Sep-2023 14:43:28 CEST PostProcessEvent
Data is served from cern.ch instead of original site eospublic
%MSG
21-Sep-2023 14:43:28 CEST  Successfully opened file root://eospublic.cern.ch//eos/opendata/cms/mc/RunIIFall15MiniAODv2/DYBJetsToNuNu_Zpt-40toInf_TuneCUETP8M1_13TeV-madgraphMLM-pythia8/MINIAODSIM/PU25nsData2015v1_76X_mcRun2_asymptotic_v12-v1/20000/9EAAE2DA-4AB8-E511-B517-44A8423D7989.root
21-Sep-2023 14:43:31 CEST  Closed file root://eospublic.cern.ch//eos/opendata/cms/mc/RunIIFall15MiniAODv2/DYBJetsToNuNu_Zpt-40toInf_TuneCUETP8M1_13TeV-madgraphMLM-pythia8/MINIAODSIM/PU25nsData2015v1_76X_mcRun2_asymptotic_v12-v1/20000/9EAAE2DA-4AB8-E511-B517-44A8423D7989.root
21-Sep-2023 14:43:31 CEST  Initiating request to open file root://eospublic.cern.ch//eos/opendata/cms/mc/RunIIFall15MiniAODv2/DYBJetsToNuNu_Zpt-40toInf_TuneCUETP8M1_13TeV-madgraphMLM-pythia8/MINIAODSIM/PU25nsData2015v1_76X_mcRun2_asymptotic_v12-v1/20000/A26CE719-4BB8-E511-851C-002590D6004A.root
%MSG-w XrdAdaptor:  file_open 21-Sep-2023 14:43:32 CEST PostProcessEvent
Data is served from cern.ch instead of original site eospublic
%MSG
21-Sep-2023 14:43:32 CEST  Successfully opened file root://eospublic.cern.ch//eos/opendata/cms/mc/RunIIFall15MiniAODv2/DYBJetsToNuNu_Zpt-40toInf_TuneCUETP8M1_13TeV-madgraphMLM-pythia8/MINIAODSIM/PU25nsData2015v1_76X_mcRun2_asymptotic_v12-v1/20000/A26CE719-4BB8-E511-851C-002590D6004A.root
Begin processing the 700001st record. Run 1, Event 4827300, LumiSection 4479 at 21-Sep-2023 14:43:35.051 CEST
21-Sep-2023 14:43:35 CEST  Closed file root://eospublic.cern.ch//eos/opendata/cms/mc/RunIIFall15MiniAODv2/DYBJetsToNuNu_Zpt-40toInf_TuneCUETP8M1_13TeV-madgraphMLM-pythia8/MINIAODSIM/PU25nsData2015v1_76X_mcRun2_asymptotic_v12-v1/20000/A26CE719-4BB8-E511-851C-002590D6004A.root
21-Sep-2023 14:43:35 CEST  Initiating request to open file root://eospublic.cern.ch//eos/opendata/cms/mc/RunIIFall15MiniAODv2/DYBJetsToNuNu_Zpt-40toInf_TuneCUETP8M1_13TeV-madgraphMLM-pythia8/MINIAODSIM/PU25nsData2015v1_76X_mcRun2_asymptotic_v12-v1/20000/A2CDDC45-4BB8-E511-B74C-001EC9EAFEBE.root
%MSG-w XrdAdaptor:  file_open 21-Sep-2023 14:43:35 CEST PostProcessEvent
Data is served from cern.ch instead of original site eospublic
%MSG
21-Sep-2023 14:43:35 CEST  Successfully opened file root://eospublic.cern.ch//eos/opendata/cms/mc/RunIIFall15MiniAODv2/DYBJetsToNuNu_Zpt-40toInf_TuneCUETP8M1_13TeV-madgraphMLM-pythia8/MINIAODSIM/PU25nsData2015v1_76X_mcRun2_asymptotic_v12-v1/20000/A2CDDC45-4BB8-E511-B74C-001EC9EAFEBE.root
21-Sep-2023 14:43:39 CEST  Closed file root://eospublic.cern.ch//eos/opendata/cms/mc/RunIIFall15MiniAODv2/DYBJetsToNuNu_Zpt-40toInf_TuneCUETP8M1_13TeV-madgraphMLM-pythia8/MINIAODSIM/PU25nsData2015v1_76X_mcRun2_asymptotic_v12-v1/20000/A2CDDC45-4BB8-E511-B74C-001EC9EAFEBE.root
21-Sep-2023 14:43:39 CEST  Initiating request to open file root://eospublic.cern.ch//eos/opendata/cms/mc/RunIIFall15MiniAODv2/DYBJetsToNuNu_Zpt-40toInf_TuneCUETP8M1_13TeV-madgraphMLM-pythia8/MINIAODSIM/PU25nsData2015v1_76X_mcRun2_asymptotic_v12-v1/20000/AA091A3E-4AB8-E511-A659-002590D60150.root
%MSG-w XrdAdaptor:  file_open 21-Sep-2023 14:43:39 CEST PostProcessEvent
Data is served from cern.ch instead of original site eospublic
%MSG
21-Sep-2023 14:43:39 CEST  Successfully opened file root://eospublic.cern.ch//eos/opendata/cms/mc/RunIIFall15MiniAODv2/DYBJetsToNuNu_Zpt-40toInf_TuneCUETP8M1_13TeV-madgraphMLM-pythia8/MINIAODSIM/PU25nsData2015v1_76X_mcRun2_asymptotic_v12-v1/20000/AA091A3E-4AB8-E511-A659-002590D60150.root
21-Sep-2023 14:43:43 CEST  Closed file root://eospublic.cern.ch//eos/opendata/cms/mc/RunIIFall15MiniAODv2/DYBJetsToNuNu_Zpt-40toInf_TuneCUETP8M1_13TeV-madgraphMLM-pythia8/MINIAODSIM/PU25nsData2015v1_76X_mcRun2_asymptotic_v12-v1/20000/AA091A3E-4AB8-E511-A659-002590D60150.root
21-Sep-2023 14:43:43 CEST  Initiating request to open file root://eospublic.cern.ch//eos/opendata/cms/mc/RunIIFall15MiniAODv2/DYBJetsToNuNu_Zpt-40toInf_TuneCUETP8M1_13TeV-madgraphMLM-pythia8/MINIAODSIM/PU25nsData2015v1_76X_mcRun2_asymptotic_v12-v1/20000/B295ED35-4AB8-E511-AC08-44A8423D7989.root
%MSG-w XrdAdaptor:  file_open 21-Sep-2023 14:43:43 CEST PostProcessEvent
Data is served from cern.ch instead of original site eospublic
%MSG
21-Sep-2023 14:43:43 CEST  Successfully opened file root://eospublic.cern.ch//eos/opendata/cms/mc/RunIIFall15MiniAODv2/DYBJetsToNuNu_Zpt-40toInf_TuneCUETP8M1_13TeV-madgraphMLM-pythia8/MINIAODSIM/PU25nsData2015v1_76X_mcRun2_asymptotic_v12-v1/20000/B295ED35-4AB8-E511-AC08-44A8423D7989.root
Begin processing the 800001st record. Run 1, Event 3946470, LumiSection 3661 at 21-Sep-2023 14:43:45.117 CEST
21-Sep-2023 14:43:47 CEST  Closed file root://eospublic.cern.ch//eos/opendata/cms/mc/RunIIFall15MiniAODv2/DYBJetsToNuNu_Zpt-40toInf_TuneCUETP8M1_13TeV-madgraphMLM-pythia8/MINIAODSIM/PU25nsData2015v1_76X_mcRun2_asymptotic_v12-v1/20000/B295ED35-4AB8-E511-AC08-44A8423D7989.root
21-Sep-2023 14:43:47 CEST  Initiating request to open file root://eospublic.cern.ch//eos/opendata/cms/mc/RunIIFall15MiniAODv2/DYBJetsToNuNu_Zpt-40toInf_TuneCUETP8M1_13TeV-madgraphMLM-pythia8/MINIAODSIM/PU25nsData2015v1_76X_mcRun2_asymptotic_v12-v1/20000/C82CDEC4-4AB8-E511-8509-44A8423D7989.root
%MSG-w XrdAdaptor:  file_open 21-Sep-2023 14:43:47 CEST PostProcessEvent
Data is served from cern.ch instead of original site eospublic
%MSG
21-Sep-2023 14:43:47 CEST  Successfully opened file root://eospublic.cern.ch//eos/opendata/cms/mc/RunIIFall15MiniAODv2/DYBJetsToNuNu_Zpt-40toInf_TuneCUETP8M1_13TeV-madgraphMLM-pythia8/MINIAODSIM/PU25nsData2015v1_76X_mcRun2_asymptotic_v12-v1/20000/C82CDEC4-4AB8-E511-8509-44A8423D7989.root
21-Sep-2023 14:43:51 CEST  Closed file root://eospublic.cern.ch//eos/opendata/cms/mc/RunIIFall15MiniAODv2/DYBJetsToNuNu_Zpt-40toInf_TuneCUETP8M1_13TeV-madgraphMLM-pythia8/MINIAODSIM/PU25nsData2015v1_76X_mcRun2_asymptotic_v12-v1/20000/C82CDEC4-4AB8-E511-8509-44A8423D7989.root
21-Sep-2023 14:43:51 CEST  Initiating request to open file root://eospublic.cern.ch//eos/opendata/cms/mc/RunIIFall15MiniAODv2/DYBJetsToNuNu_Zpt-40toInf_TuneCUETP8M1_13TeV-madgraphMLM-pythia8/MINIAODSIM/PU25nsData2015v1_76X_mcRun2_asymptotic_v12-v1/20000/CCF10CA0-4AB8-E511-807A-44A8423C4026.root
%MSG-w XrdAdaptor:  file_open 21-Sep-2023 14:43:51 CEST PostProcessEvent
Data is served from cern.ch instead of original site eospublic
%MSG
21-Sep-2023 14:43:51 CEST  Successfully opened file root://eospublic.cern.ch//eos/opendata/cms/mc/RunIIFall15MiniAODv2/DYBJetsToNuNu_Zpt-40toInf_TuneCUETP8M1_13TeV-madgraphMLM-pythia8/MINIAODSIM/PU25nsData2015v1_76X_mcRun2_asymptotic_v12-v1/20000/CCF10CA0-4AB8-E511-807A-44A8423C4026.root
Begin processing the 900001st record. Run 1, Event 8278807, LumiSection 7680 at 21-Sep-2023 14:43:53.503 CEST
21-Sep-2023 14:43:54 CEST  Closed file root://eospublic.cern.ch//eos/opendata/cms/mc/RunIIFall15MiniAODv2/DYBJetsToNuNu_Zpt-40toInf_TuneCUETP8M1_13TeV-madgraphMLM-pythia8/MINIAODSIM/PU25nsData2015v1_76X_mcRun2_asymptotic_v12-v1/20000/CCF10CA0-4AB8-E511-807A-44A8423C4026.root
21-Sep-2023 14:43:54 CEST  Initiating request to open file root://eospublic.cern.ch//eos/opendata/cms/mc/RunIIFall15MiniAODv2/DYBJetsToNuNu_Zpt-40toInf_TuneCUETP8M1_13TeV-madgraphMLM-pythia8/MINIAODSIM/PU25nsData2015v1_76X_mcRun2_asymptotic_v12-v1/20000/E06514A2-4AB8-E511-AD90-002590D60004.root
%MSG-w XrdAdaptor:  file_open 21-Sep-2023 14:43:54 CEST PostProcessEvent
Data is served from cern.ch instead of original site eospublic
%MSG
21-Sep-2023 14:43:54 CEST  Successfully opened file root://eospublic.cern.ch//eos/opendata/cms/mc/RunIIFall15MiniAODv2/DYBJetsToNuNu_Zpt-40toInf_TuneCUETP8M1_13TeV-madgraphMLM-pythia8/MINIAODSIM/PU25nsData2015v1_76X_mcRun2_asymptotic_v12-v1/20000/E06514A2-4AB8-E511-AD90-002590D60004.root
21-Sep-2023 14:43:59 CEST  Closed file root://eospublic.cern.ch//eos/opendata/cms/mc/RunIIFall15MiniAODv2/DYBJetsToNuNu_Zpt-40toInf_TuneCUETP8M1_13TeV-madgraphMLM-pythia8/MINIAODSIM/PU25nsData2015v1_76X_mcRun2_asymptotic_v12-v1/20000/E06514A2-4AB8-E511-AD90-002590D60004.root
21-Sep-2023 14:43:59 CEST  Initiating request to open file root://eospublic.cern.ch//eos/opendata/cms/mc/RunIIFall15MiniAODv2/DYBJetsToNuNu_Zpt-40toInf_TuneCUETP8M1_13TeV-madgraphMLM-pythia8/MINIAODSIM/PU25nsData2015v1_76X_mcRun2_asymptotic_v12-v1/20000/EA3B803D-4AB8-E511-9D4A-001EC9EAFEBE.root
%MSG-w XrdAdaptor:  file_open 21-Sep-2023 14:43:59 CEST PostProcessEvent
Data is served from cern.ch instead of original site eospublic
%MSG
21-Sep-2023 14:43:59 CEST  Successfully opened file root://eospublic.cern.ch//eos/opendata/cms/mc/RunIIFall15MiniAODv2/DYBJetsToNuNu_Zpt-40toInf_TuneCUETP8M1_13TeV-madgraphMLM-pythia8/MINIAODSIM/PU25nsData2015v1_76X_mcRun2_asymptotic_v12-v1/20000/EA3B803D-4AB8-E511-9D4A-001EC9EAFEBE.root
Begin processing the 1000001st record. Run 1, Event 7769856, LumiSection 7207 at 21-Sep-2023 14:44:02.457 CEST
21-Sep-2023 14:44:02 CEST  Closed file root://eospublic.cern.ch//eos/opendata/cms/mc/RunIIFall15MiniAODv2/DYBJetsToNuNu_Zpt-40toInf_TuneCUETP8M1_13TeV-madgraphMLM-pythia8/MINIAODSIM/PU25nsData2015v1_76X_mcRun2_asymptotic_v12-v1/20000/EA3B803D-4AB8-E511-9D4A-001EC9EAFEBE.root
21-Sep-2023 14:44:02 CEST  Initiating request to open file root://eospublic.cern.ch//eos/opendata/cms/mc/RunIIFall15MiniAODv2/DYBJetsToNuNu_Zpt-40toInf_TuneCUETP8M1_13TeV-madgraphMLM-pythia8/MINIAODSIM/PU25nsData2015v1_76X_mcRun2_asymptotic_v12-v1/20000/F8930D31-4AB8-E511-94C6-44A8423D7989.root
%MSG-w XrdAdaptor:  file_open 21-Sep-2023 14:44:02 CEST PostProcessEvent
Data is served from cern.ch instead of original site eospublic
%MSG
21-Sep-2023 14:44:03 CEST  Successfully opened file root://eospublic.cern.ch//eos/opendata/cms/mc/RunIIFall15MiniAODv2/DYBJetsToNuNu_Zpt-40toInf_TuneCUETP8M1_13TeV-madgraphMLM-pythia8/MINIAODSIM/PU25nsData2015v1_76X_mcRun2_asymptotic_v12-v1/20000/F8930D31-4AB8-E511-94C6-44A8423D7989.root
     55.347386      0.000351      0.975975             0
    122.116348      0.000775      0.975975             1
    142.528767      0.000905      0.975975             2
    135.689686      0.000862      0.975975             3
 
21-Sep-2023 14:44:06 CEST  Closed file root://eospublic.cern.ch//eos/opendata/cms/mc/RunIIFall15MiniAODv2/DYBJetsToNuNu_Zpt-40toInf_TuneCUETP8M1_13TeV-madgraphMLM-pythia8/MINIAODSIM/PU25nsData2015v1_76X_mcRun2_asymptotic_v12-v1/20000/F8930D31-4AB8-E511-94C6-44A8423D7989.root

------------------------------------
GenXsecAnalyzer:
------------------------------------
-------------------------------------------------------------------------------------------------------------------------------------------------------------------------- 
Overall cross-section summary 
--------------------------------------------------------------------------------------------------------------------------------------------------------------------------
Process		xsec_before [pb]		passed	nposw	nnegw	tried	nposw	nnegw 	xsec_match [pb]			accepted [%]	 event_eff [%]
0		5.534e+01 +/- 1.382e-03		349583	349583	0	1177979	1177979	0	1.642e+01 +/- 2.330e-02		29.7 +/- 0.0	29.7 +/- 0.0
1		1.221e+02 +/- 3.049e-03		371952	371952	0	2620765	2620765	0	1.733e+01 +/- 2.633e-02		14.2 +/- 0.0	14.2 +/- 0.0
2		1.425e+02 +/- 3.558e-03		186842	186842	0	3073671	3073671	0	8.663e+00 +/- 1.943e-02		6.1 +/- 0.0	6.1 +/- 0.0
3		1.357e+02 +/- 3.387e-03		137974	137974	0	2909829	2909829	0	6.434e+00 +/- 1.691e-02		4.7 +/- 0.0	4.7 +/- 0.0
-------------------------------------------------------------------------------------------------------------------------------------------------------------------------- 
Total		4.557e+02 +/- 5.944e-03		1046351	1046351	0	9782244	9782244	0	4.874e+01 +/- 4.503e-02		10.7 +/- 0.0	10.7 +/- 0.0
--------------------------------------------------------------------------------------------------------------------------------------------------------------------------
Before matching: total cross section = 4.557e+02 +- 5.944e-03 pb
After matching: total cross section = 4.874e+01 +- 4.503e-02 pb
Filter efficiency (taking into account weights)= (1.04635e+06) / (1.04635e+06) = 1.000e+00 +- 0.000e+00
Filter efficiency (event-level)= (1.04635e+06) / (1.04635e+06) = 1.000e+00 +- 0.000e+00
After filter: final cross section = 4.874e+01 +- 4.503e-02 pb

=============================================

MessageLogger Summary

 type     category        sev    module        subroutine        count    total
 ---- -------------------- -- ---------------- ----------------  -----    -----
    1 GenXSecAnalyzer      -w GenXSecAnalyzer:                      15       15
    2 XrdAdaptor           -w file_open                             26       26
    3 fileAction           -s file_close                            26       26
    4 fileAction           -s file_open                             52       52

 type    category    Examples: run/evt        run/evt          run/evt
 ---- -------------------- ---------------- ---------------- ----------------
    1 GenXSecAnalyzer      PostEndRun       PostEndRun       PostEndRun
    2 XrdAdaptor           pre-events       PostProcessEvent PostProcessEvent
    3 fileAction           PostProcessEvent PostProcessEvent PostEndRun
    4 fileAction           pre-events       pre-events       PostProcessEvent

Severity    # Occurrences   Total Occurrences
--------    -------------   -----------------
Warning                41                  41
System                 78                  78
