20-Oct-2023 22:43:48 CEST  Initiating request to open file root://eospublic.cern.ch//eos/opendata/cms/mc/RunIIFall15MiniAODv2/tZq_ll_4f_13TeV-amcatnlo-pythia8_TuneCUETP8M1/MINIAODSIM/PU25nsData2015v1_76X_mcRun2_asymptotic_v12-v1/00000/000420F1-1DB8-E511-B547-0025905C4270.root
%MSG-w XrdAdaptor:  file_open 20-Oct-2023 22:43:48 CEST pre-events
Data is served from cern.ch instead of original site eospublic
%MSG
20-Oct-2023 22:43:50 CEST  Successfully opened file root://eospublic.cern.ch//eos/opendata/cms/mc/RunIIFall15MiniAODv2/tZq_ll_4f_13TeV-amcatnlo-pythia8_TuneCUETP8M1/MINIAODSIM/PU25nsData2015v1_76X_mcRun2_asymptotic_v12-v1/00000/000420F1-1DB8-E511-B547-0025905C4270.root
Begin processing the 1st record. Run 1, Event 1421056, LumiSection 7117 at 20-Oct-2023 22:43:50.902 CEST
20-Oct-2023 22:43:52 CEST  Closed file root://eospublic.cern.ch//eos/opendata/cms/mc/RunIIFall15MiniAODv2/tZq_ll_4f_13TeV-amcatnlo-pythia8_TuneCUETP8M1/MINIAODSIM/PU25nsData2015v1_76X_mcRun2_asymptotic_v12-v1/00000/000420F1-1DB8-E511-B547-0025905C4270.root
20-Oct-2023 22:43:52 CEST  Initiating request to open file root://eospublic.cern.ch//eos/opendata/cms/mc/RunIIFall15MiniAODv2/tZq_ll_4f_13TeV-amcatnlo-pythia8_TuneCUETP8M1/MINIAODSIM/PU25nsData2015v1_76X_mcRun2_asymptotic_v12-v1/00000/1077310F-20B8-E511-803E-0025905C4328.root
%MSG-w XrdAdaptor:  file_open 20-Oct-2023 22:43:52 CEST PostProcessEvent
Data is served from cern.ch instead of original site eospublic
%MSG
20-Oct-2023 22:43:52 CEST  Successfully opened file root://eospublic.cern.ch//eos/opendata/cms/mc/RunIIFall15MiniAODv2/tZq_ll_4f_13TeV-amcatnlo-pythia8_TuneCUETP8M1/MINIAODSIM/PU25nsData2015v1_76X_mcRun2_asymptotic_v12-v1/00000/1077310F-20B8-E511-803E-0025905C4328.root
20-Oct-2023 22:43:56 CEST  Closed file root://eospublic.cern.ch//eos/opendata/cms/mc/RunIIFall15MiniAODv2/tZq_ll_4f_13TeV-amcatnlo-pythia8_TuneCUETP8M1/MINIAODSIM/PU25nsData2015v1_76X_mcRun2_asymptotic_v12-v1/00000/1077310F-20B8-E511-803E-0025905C4328.root
20-Oct-2023 22:43:56 CEST  Initiating request to open file root://eospublic.cern.ch//eos/opendata/cms/mc/RunIIFall15MiniAODv2/tZq_ll_4f_13TeV-amcatnlo-pythia8_TuneCUETP8M1/MINIAODSIM/PU25nsData2015v1_76X_mcRun2_asymptotic_v12-v1/00000/1CF21F55-1EB8-E511-B7AE-0025905C22AE.root
%MSG-w XrdAdaptor:  file_open 20-Oct-2023 22:43:56 CEST PostProcessEvent
Data is served from cern.ch instead of original site eospublic
%MSG
20-Oct-2023 22:43:56 CEST  Successfully opened file root://eospublic.cern.ch//eos/opendata/cms/mc/RunIIFall15MiniAODv2/tZq_ll_4f_13TeV-amcatnlo-pythia8_TuneCUETP8M1/MINIAODSIM/PU25nsData2015v1_76X_mcRun2_asymptotic_v12-v1/00000/1CF21F55-1EB8-E511-B7AE-0025905C22AE.root
Begin processing the 100001st record. Run 1, Event 2994446, LumiSection 14995 at 20-Oct-2023 22:43:58.193 CEST
20-Oct-2023 22:43:59 CEST  Closed file root://eospublic.cern.ch//eos/opendata/cms/mc/RunIIFall15MiniAODv2/tZq_ll_4f_13TeV-amcatnlo-pythia8_TuneCUETP8M1/MINIAODSIM/PU25nsData2015v1_76X_mcRun2_asymptotic_v12-v1/00000/1CF21F55-1EB8-E511-B7AE-0025905C22AE.root
20-Oct-2023 22:43:59 CEST  Initiating request to open file root://eospublic.cern.ch//eos/opendata/cms/mc/RunIIFall15MiniAODv2/tZq_ll_4f_13TeV-amcatnlo-pythia8_TuneCUETP8M1/MINIAODSIM/PU25nsData2015v1_76X_mcRun2_asymptotic_v12-v1/00000/20D40820-20B8-E511-9714-0025905AC876.root
%MSG-w XrdAdaptor:  file_open 20-Oct-2023 22:43:59 CEST PostProcessEvent
Data is served from cern.ch instead of original site eospublic
%MSG
20-Oct-2023 22:43:59 CEST  Successfully opened file root://eospublic.cern.ch//eos/opendata/cms/mc/RunIIFall15MiniAODv2/tZq_ll_4f_13TeV-amcatnlo-pythia8_TuneCUETP8M1/MINIAODSIM/PU25nsData2015v1_76X_mcRun2_asymptotic_v12-v1/00000/20D40820-20B8-E511-9714-0025905AC876.root
20-Oct-2023 22:44:02 CEST  Closed file root://eospublic.cern.ch//eos/opendata/cms/mc/RunIIFall15MiniAODv2/tZq_ll_4f_13TeV-amcatnlo-pythia8_TuneCUETP8M1/MINIAODSIM/PU25nsData2015v1_76X_mcRun2_asymptotic_v12-v1/00000/20D40820-20B8-E511-9714-0025905AC876.root
20-Oct-2023 22:44:02 CEST  Initiating request to open file root://eospublic.cern.ch//eos/opendata/cms/mc/RunIIFall15MiniAODv2/tZq_ll_4f_13TeV-amcatnlo-pythia8_TuneCUETP8M1/MINIAODSIM/PU25nsData2015v1_76X_mcRun2_asymptotic_v12-v1/00000/20FC89A4-1FB8-E511-86A7-0025905C4328.root
%MSG-w XrdAdaptor:  file_open 20-Oct-2023 22:44:02 CEST PostProcessEvent
Data is served from cern.ch instead of original site eospublic
%MSG
20-Oct-2023 22:44:02 CEST  Successfully opened file root://eospublic.cern.ch//eos/opendata/cms/mc/RunIIFall15MiniAODv2/tZq_ll_4f_13TeV-amcatnlo-pythia8_TuneCUETP8M1/MINIAODSIM/PU25nsData2015v1_76X_mcRun2_asymptotic_v12-v1/00000/20FC89A4-1FB8-E511-86A7-0025905C4328.root
Begin processing the 200001st record. Run 1, Event 2758540, LumiSection 13814 at 20-Oct-2023 22:44:05.424 CEST
20-Oct-2023 22:44:05 CEST  Closed file root://eospublic.cern.ch//eos/opendata/cms/mc/RunIIFall15MiniAODv2/tZq_ll_4f_13TeV-amcatnlo-pythia8_TuneCUETP8M1/MINIAODSIM/PU25nsData2015v1_76X_mcRun2_asymptotic_v12-v1/00000/20FC89A4-1FB8-E511-86A7-0025905C4328.root
20-Oct-2023 22:44:05 CEST  Initiating request to open file root://eospublic.cern.ch//eos/opendata/cms/mc/RunIIFall15MiniAODv2/tZq_ll_4f_13TeV-amcatnlo-pythia8_TuneCUETP8M1/MINIAODSIM/PU25nsData2015v1_76X_mcRun2_asymptotic_v12-v1/00000/287818E8-1EB8-E511-AA07-0025905C22AE.root
%MSG-w XrdAdaptor:  file_open 20-Oct-2023 22:44:05 CEST PostProcessEvent
Data is served from cern.ch instead of original site eospublic
%MSG
20-Oct-2023 22:44:05 CEST  Successfully opened file root://eospublic.cern.ch//eos/opendata/cms/mc/RunIIFall15MiniAODv2/tZq_ll_4f_13TeV-amcatnlo-pythia8_TuneCUETP8M1/MINIAODSIM/PU25nsData2015v1_76X_mcRun2_asymptotic_v12-v1/00000/287818E8-1EB8-E511-AA07-0025905C22AE.root
20-Oct-2023 22:44:08 CEST  Closed file root://eospublic.cern.ch//eos/opendata/cms/mc/RunIIFall15MiniAODv2/tZq_ll_4f_13TeV-amcatnlo-pythia8_TuneCUETP8M1/MINIAODSIM/PU25nsData2015v1_76X_mcRun2_asymptotic_v12-v1/00000/287818E8-1EB8-E511-AA07-0025905C22AE.root
20-Oct-2023 22:44:08 CEST  Initiating request to open file root://eospublic.cern.ch//eos/opendata/cms/mc/RunIIFall15MiniAODv2/tZq_ll_4f_13TeV-amcatnlo-pythia8_TuneCUETP8M1/MINIAODSIM/PU25nsData2015v1_76X_mcRun2_asymptotic_v12-v1/00000/2E8BA16A-1DB8-E511-B5C2-0025905C2CC0.root
%MSG-w XrdAdaptor:  file_open 20-Oct-2023 22:44:08 CEST PostProcessEvent
Data is served from cern.ch instead of original site eospublic
%MSG
20-Oct-2023 22:44:08 CEST  Successfully opened file root://eospublic.cern.ch//eos/opendata/cms/mc/RunIIFall15MiniAODv2/tZq_ll_4f_13TeV-amcatnlo-pythia8_TuneCUETP8M1/MINIAODSIM/PU25nsData2015v1_76X_mcRun2_asymptotic_v12-v1/00000/2E8BA16A-1DB8-E511-B5C2-0025905C2CC0.root
20-Oct-2023 22:44:11 CEST  Closed file root://eospublic.cern.ch//eos/opendata/cms/mc/RunIIFall15MiniAODv2/tZq_ll_4f_13TeV-amcatnlo-pythia8_TuneCUETP8M1/MINIAODSIM/PU25nsData2015v1_76X_mcRun2_asymptotic_v12-v1/00000/2E8BA16A-1DB8-E511-B5C2-0025905C2CC0.root
20-Oct-2023 22:44:11 CEST  Initiating request to open file root://eospublic.cern.ch//eos/opendata/cms/mc/RunIIFall15MiniAODv2/tZq_ll_4f_13TeV-amcatnlo-pythia8_TuneCUETP8M1/MINIAODSIM/PU25nsData2015v1_76X_mcRun2_asymptotic_v12-v1/00000/381A0ACB-1FB8-E511-ABDD-0025905C4470.root
%MSG-w XrdAdaptor:  file_open 20-Oct-2023 22:44:11 CEST PostProcessEvent
Data is served from cern.ch instead of original site eospublic
%MSG
20-Oct-2023 22:44:11 CEST  Successfully opened file root://eospublic.cern.ch//eos/opendata/cms/mc/RunIIFall15MiniAODv2/tZq_ll_4f_13TeV-amcatnlo-pythia8_TuneCUETP8M1/MINIAODSIM/PU25nsData2015v1_76X_mcRun2_asymptotic_v12-v1/00000/381A0ACB-1FB8-E511-ABDD-0025905C4470.root
Begin processing the 300001st record. Run 1, Event 671481, LumiSection 3363 at 20-Oct-2023 22:44:13.453 CEST
20-Oct-2023 22:44:14 CEST  Closed file root://eospublic.cern.ch//eos/opendata/cms/mc/RunIIFall15MiniAODv2/tZq_ll_4f_13TeV-amcatnlo-pythia8_TuneCUETP8M1/MINIAODSIM/PU25nsData2015v1_76X_mcRun2_asymptotic_v12-v1/00000/381A0ACB-1FB8-E511-ABDD-0025905C4470.root
20-Oct-2023 22:44:14 CEST  Initiating request to open file root://eospublic.cern.ch//eos/opendata/cms/mc/RunIIFall15MiniAODv2/tZq_ll_4f_13TeV-amcatnlo-pythia8_TuneCUETP8M1/MINIAODSIM/PU25nsData2015v1_76X_mcRun2_asymptotic_v12-v1/00000/3AE364D8-1EB8-E511-825C-0025905C426E.root
%MSG-w XrdAdaptor:  file_open 20-Oct-2023 22:44:14 CEST PostProcessEvent
Data is served from cern.ch instead of original site eospublic
%MSG
20-Oct-2023 22:44:14 CEST  Successfully opened file root://eospublic.cern.ch//eos/opendata/cms/mc/RunIIFall15MiniAODv2/tZq_ll_4f_13TeV-amcatnlo-pythia8_TuneCUETP8M1/MINIAODSIM/PU25nsData2015v1_76X_mcRun2_asymptotic_v12-v1/00000/3AE364D8-1EB8-E511-825C-0025905C426E.root
20-Oct-2023 22:44:17 CEST  Closed file root://eospublic.cern.ch//eos/opendata/cms/mc/RunIIFall15MiniAODv2/tZq_ll_4f_13TeV-amcatnlo-pythia8_TuneCUETP8M1/MINIAODSIM/PU25nsData2015v1_76X_mcRun2_asymptotic_v12-v1/00000/3AE364D8-1EB8-E511-825C-0025905C426E.root
20-Oct-2023 22:44:17 CEST  Initiating request to open file root://eospublic.cern.ch//eos/opendata/cms/mc/RunIIFall15MiniAODv2/tZq_ll_4f_13TeV-amcatnlo-pythia8_TuneCUETP8M1/MINIAODSIM/PU25nsData2015v1_76X_mcRun2_asymptotic_v12-v1/00000/3E0325C7-1EB8-E511-9DC4-0025905C22AE.root
%MSG-w XrdAdaptor:  file_open 20-Oct-2023 22:44:17 CEST PostProcessEvent
Data is served from cern.ch instead of original site eospublic
%MSG
20-Oct-2023 22:44:17 CEST  Successfully opened file root://eospublic.cern.ch//eos/opendata/cms/mc/RunIIFall15MiniAODv2/tZq_ll_4f_13TeV-amcatnlo-pythia8_TuneCUETP8M1/MINIAODSIM/PU25nsData2015v1_76X_mcRun2_asymptotic_v12-v1/00000/3E0325C7-1EB8-E511-9DC4-0025905C22AE.root
20-Oct-2023 22:44:20 CEST  Closed file root://eospublic.cern.ch//eos/opendata/cms/mc/RunIIFall15MiniAODv2/tZq_ll_4f_13TeV-amcatnlo-pythia8_TuneCUETP8M1/MINIAODSIM/PU25nsData2015v1_76X_mcRun2_asymptotic_v12-v1/00000/3E0325C7-1EB8-E511-9DC4-0025905C22AE.root
20-Oct-2023 22:44:20 CEST  Initiating request to open file root://eospublic.cern.ch//eos/opendata/cms/mc/RunIIFall15MiniAODv2/tZq_ll_4f_13TeV-amcatnlo-pythia8_TuneCUETP8M1/MINIAODSIM/PU25nsData2015v1_76X_mcRun2_asymptotic_v12-v1/00000/40B4DAF8-1FB8-E511-829D-0025905AC99A.root
%MSG-w XrdAdaptor:  file_open 20-Oct-2023 22:44:20 CEST PostProcessEvent
Data is served from cern.ch instead of original site eospublic
%MSG
20-Oct-2023 22:44:20 CEST  Successfully opened file root://eospublic.cern.ch//eos/opendata/cms/mc/RunIIFall15MiniAODv2/tZq_ll_4f_13TeV-amcatnlo-pythia8_TuneCUETP8M1/MINIAODSIM/PU25nsData2015v1_76X_mcRun2_asymptotic_v12-v1/00000/40B4DAF8-1FB8-E511-829D-0025905AC99A.root
Begin processing the 400001st record. Run 1, Event 939447, LumiSection 4705 at 20-Oct-2023 22:44:21.161 CEST
20-Oct-2023 22:44:22 CEST  Closed file root://eospublic.cern.ch//eos/opendata/cms/mc/RunIIFall15MiniAODv2/tZq_ll_4f_13TeV-amcatnlo-pythia8_TuneCUETP8M1/MINIAODSIM/PU25nsData2015v1_76X_mcRun2_asymptotic_v12-v1/00000/40B4DAF8-1FB8-E511-829D-0025905AC99A.root
20-Oct-2023 22:44:22 CEST  Initiating request to open file root://eospublic.cern.ch//eos/opendata/cms/mc/RunIIFall15MiniAODv2/tZq_ll_4f_13TeV-amcatnlo-pythia8_TuneCUETP8M1/MINIAODSIM/PU25nsData2015v1_76X_mcRun2_asymptotic_v12-v1/00000/4211A133-1FB8-E511-AA40-0025905C4328.root
%MSG-w XrdAdaptor:  file_open 20-Oct-2023 22:44:22 CEST PostProcessEvent
Data is served from cern.ch instead of original site eospublic
%MSG
20-Oct-2023 22:44:22 CEST  Successfully opened file root://eospublic.cern.ch//eos/opendata/cms/mc/RunIIFall15MiniAODv2/tZq_ll_4f_13TeV-amcatnlo-pythia8_TuneCUETP8M1/MINIAODSIM/PU25nsData2015v1_76X_mcRun2_asymptotic_v12-v1/00000/4211A133-1FB8-E511-AA40-0025905C4328.root
20-Oct-2023 22:44:25 CEST  Closed file root://eospublic.cern.ch//eos/opendata/cms/mc/RunIIFall15MiniAODv2/tZq_ll_4f_13TeV-amcatnlo-pythia8_TuneCUETP8M1/MINIAODSIM/PU25nsData2015v1_76X_mcRun2_asymptotic_v12-v1/00000/4211A133-1FB8-E511-AA40-0025905C4328.root
20-Oct-2023 22:44:25 CEST  Initiating request to open file root://eospublic.cern.ch//eos/opendata/cms/mc/RunIIFall15MiniAODv2/tZq_ll_4f_13TeV-amcatnlo-pythia8_TuneCUETP8M1/MINIAODSIM/PU25nsData2015v1_76X_mcRun2_asymptotic_v12-v1/00000/4452C4C7-1FB8-E511-AD49-0025905C446C.root
%MSG-w XrdAdaptor:  file_open 20-Oct-2023 22:44:25 CEST PostProcessEvent
Data is served from cern.ch instead of original site eospublic
%MSG
20-Oct-2023 22:44:25 CEST  Successfully opened file root://eospublic.cern.ch//eos/opendata/cms/mc/RunIIFall15MiniAODv2/tZq_ll_4f_13TeV-amcatnlo-pythia8_TuneCUETP8M1/MINIAODSIM/PU25nsData2015v1_76X_mcRun2_asymptotic_v12-v1/00000/4452C4C7-1FB8-E511-AD49-0025905C446C.root
Begin processing the 500001st record. Run 1, Event 436144, LumiSection 2184 at 20-Oct-2023 22:44:28.405 CEST
20-Oct-2023 22:44:28 CEST  Closed file root://eospublic.cern.ch//eos/opendata/cms/mc/RunIIFall15MiniAODv2/tZq_ll_4f_13TeV-amcatnlo-pythia8_TuneCUETP8M1/MINIAODSIM/PU25nsData2015v1_76X_mcRun2_asymptotic_v12-v1/00000/4452C4C7-1FB8-E511-AD49-0025905C446C.root
20-Oct-2023 22:44:28 CEST  Initiating request to open file root://eospublic.cern.ch//eos/opendata/cms/mc/RunIIFall15MiniAODv2/tZq_ll_4f_13TeV-amcatnlo-pythia8_TuneCUETP8M1/MINIAODSIM/PU25nsData2015v1_76X_mcRun2_asymptotic_v12-v1/00000/44B440AF-1DB8-E511-8F09-0025905AF57C.root
%MSG-w XrdAdaptor:  file_open 20-Oct-2023 22:44:28 CEST PostProcessEvent
Data is served from cern.ch instead of original site eospublic
%MSG
20-Oct-2023 22:44:28 CEST  Successfully opened file root://eospublic.cern.ch//eos/opendata/cms/mc/RunIIFall15MiniAODv2/tZq_ll_4f_13TeV-amcatnlo-pythia8_TuneCUETP8M1/MINIAODSIM/PU25nsData2015v1_76X_mcRun2_asymptotic_v12-v1/00000/44B440AF-1DB8-E511-8F09-0025905AF57C.root
20-Oct-2023 22:44:31 CEST  Closed file root://eospublic.cern.ch//eos/opendata/cms/mc/RunIIFall15MiniAODv2/tZq_ll_4f_13TeV-amcatnlo-pythia8_TuneCUETP8M1/MINIAODSIM/PU25nsData2015v1_76X_mcRun2_asymptotic_v12-v1/00000/44B440AF-1DB8-E511-8F09-0025905AF57C.root
20-Oct-2023 22:44:31 CEST  Initiating request to open file root://eospublic.cern.ch//eos/opendata/cms/mc/RunIIFall15MiniAODv2/tZq_ll_4f_13TeV-amcatnlo-pythia8_TuneCUETP8M1/MINIAODSIM/PU25nsData2015v1_76X_mcRun2_asymptotic_v12-v1/00000/48D518AB-1FB8-E511-BFFA-0025905AC960.root
%MSG-w XrdAdaptor:  file_open 20-Oct-2023 22:44:31 CEST PostProcessEvent
Data is served from cern.ch instead of original site eospublic
%MSG
20-Oct-2023 22:44:31 CEST  Successfully opened file root://eospublic.cern.ch//eos/opendata/cms/mc/RunIIFall15MiniAODv2/tZq_ll_4f_13TeV-amcatnlo-pythia8_TuneCUETP8M1/MINIAODSIM/PU25nsData2015v1_76X_mcRun2_asymptotic_v12-v1/00000/48D518AB-1FB8-E511-BFFA-0025905AC960.root
20-Oct-2023 22:44:35 CEST  Closed file root://eospublic.cern.ch//eos/opendata/cms/mc/RunIIFall15MiniAODv2/tZq_ll_4f_13TeV-amcatnlo-pythia8_TuneCUETP8M1/MINIAODSIM/PU25nsData2015v1_76X_mcRun2_asymptotic_v12-v1/00000/48D518AB-1FB8-E511-BFFA-0025905AC960.root
20-Oct-2023 22:44:35 CEST  Initiating request to open file root://eospublic.cern.ch//eos/opendata/cms/mc/RunIIFall15MiniAODv2/tZq_ll_4f_13TeV-amcatnlo-pythia8_TuneCUETP8M1/MINIAODSIM/PU25nsData2015v1_76X_mcRun2_asymptotic_v12-v1/00000/4CDFDD43-1DB8-E511-92F4-0025905C4326.root
%MSG-w XrdAdaptor:  file_open 20-Oct-2023 22:44:35 CEST PostProcessEvent
Data is served from cern.ch instead of original site eospublic
%MSG
20-Oct-2023 22:44:35 CEST  Successfully opened file root://eospublic.cern.ch//eos/opendata/cms/mc/RunIIFall15MiniAODv2/tZq_ll_4f_13TeV-amcatnlo-pythia8_TuneCUETP8M1/MINIAODSIM/PU25nsData2015v1_76X_mcRun2_asymptotic_v12-v1/00000/4CDFDD43-1DB8-E511-92F4-0025905C4326.root
Begin processing the 600001st record. Run 1, Event 2499793, LumiSection 12518 at 20-Oct-2023 22:44:36.201 CEST
20-Oct-2023 22:44:38 CEST  Closed file root://eospublic.cern.ch//eos/opendata/cms/mc/RunIIFall15MiniAODv2/tZq_ll_4f_13TeV-amcatnlo-pythia8_TuneCUETP8M1/MINIAODSIM/PU25nsData2015v1_76X_mcRun2_asymptotic_v12-v1/00000/4CDFDD43-1DB8-E511-92F4-0025905C4326.root
20-Oct-2023 22:44:38 CEST  Initiating request to open file root://eospublic.cern.ch//eos/opendata/cms/mc/RunIIFall15MiniAODv2/tZq_ll_4f_13TeV-amcatnlo-pythia8_TuneCUETP8M1/MINIAODSIM/PU25nsData2015v1_76X_mcRun2_asymptotic_v12-v1/00000/4EC2D9B1-1EB8-E511-ADCE-0025905AC876.root
%MSG-w XrdAdaptor:  file_open 20-Oct-2023 22:44:38 CEST PostProcessEvent
Data is served from cern.ch instead of original site eospublic
%MSG
20-Oct-2023 22:44:38 CEST  Successfully opened file root://eospublic.cern.ch//eos/opendata/cms/mc/RunIIFall15MiniAODv2/tZq_ll_4f_13TeV-amcatnlo-pythia8_TuneCUETP8M1/MINIAODSIM/PU25nsData2015v1_76X_mcRun2_asymptotic_v12-v1/00000/4EC2D9B1-1EB8-E511-ADCE-0025905AC876.root
20-Oct-2023 22:44:40 CEST  Closed file root://eospublic.cern.ch//eos/opendata/cms/mc/RunIIFall15MiniAODv2/tZq_ll_4f_13TeV-amcatnlo-pythia8_TuneCUETP8M1/MINIAODSIM/PU25nsData2015v1_76X_mcRun2_asymptotic_v12-v1/00000/4EC2D9B1-1EB8-E511-ADCE-0025905AC876.root
20-Oct-2023 22:44:40 CEST  Initiating request to open file root://eospublic.cern.ch//eos/opendata/cms/mc/RunIIFall15MiniAODv2/tZq_ll_4f_13TeV-amcatnlo-pythia8_TuneCUETP8M1/MINIAODSIM/PU25nsData2015v1_76X_mcRun2_asymptotic_v12-v1/00000/50D00C8C-1FB8-E511-A7E8-0025905C426E.root
%MSG-w XrdAdaptor:  file_open 20-Oct-2023 22:44:40 CEST PostProcessEvent
Data is served from cern.ch instead of original site eospublic
%MSG
20-Oct-2023 22:44:40 CEST  Successfully opened file root://eospublic.cern.ch//eos/opendata/cms/mc/RunIIFall15MiniAODv2/tZq_ll_4f_13TeV-amcatnlo-pythia8_TuneCUETP8M1/MINIAODSIM/PU25nsData2015v1_76X_mcRun2_asymptotic_v12-v1/00000/50D00C8C-1FB8-E511-A7E8-0025905C426E.root
Begin processing the 700001st record. Run 1, Event 1092855, LumiSection 5473 at 20-Oct-2023 22:44:43.225 CEST
20-Oct-2023 22:44:44 CEST  Closed file root://eospublic.cern.ch//eos/opendata/cms/mc/RunIIFall15MiniAODv2/tZq_ll_4f_13TeV-amcatnlo-pythia8_TuneCUETP8M1/MINIAODSIM/PU25nsData2015v1_76X_mcRun2_asymptotic_v12-v1/00000/50D00C8C-1FB8-E511-A7E8-0025905C426E.root
20-Oct-2023 22:44:44 CEST  Initiating request to open file root://eospublic.cern.ch//eos/opendata/cms/mc/RunIIFall15MiniAODv2/tZq_ll_4f_13TeV-amcatnlo-pythia8_TuneCUETP8M1/MINIAODSIM/PU25nsData2015v1_76X_mcRun2_asymptotic_v12-v1/00000/52705F6F-1FB8-E511-8B6D-0025905C42D4.root
%MSG-w XrdAdaptor:  file_open 20-Oct-2023 22:44:44 CEST PostProcessEvent
Data is served from cern.ch instead of original site eospublic
%MSG
20-Oct-2023 22:44:44 CEST  Successfully opened file root://eospublic.cern.ch//eos/opendata/cms/mc/RunIIFall15MiniAODv2/tZq_ll_4f_13TeV-amcatnlo-pythia8_TuneCUETP8M1/MINIAODSIM/PU25nsData2015v1_76X_mcRun2_asymptotic_v12-v1/00000/52705F6F-1FB8-E511-8B6D-0025905C42D4.root
20-Oct-2023 22:44:47 CEST  Closed file root://eospublic.cern.ch//eos/opendata/cms/mc/RunIIFall15MiniAODv2/tZq_ll_4f_13TeV-amcatnlo-pythia8_TuneCUETP8M1/MINIAODSIM/PU25nsData2015v1_76X_mcRun2_asymptotic_v12-v1/00000/52705F6F-1FB8-E511-8B6D-0025905C42D4.root
20-Oct-2023 22:44:47 CEST  Initiating request to open file root://eospublic.cern.ch//eos/opendata/cms/mc/RunIIFall15MiniAODv2/tZq_ll_4f_13TeV-amcatnlo-pythia8_TuneCUETP8M1/MINIAODSIM/PU25nsData2015v1_76X_mcRun2_asymptotic_v12-v1/00000/56C0CD29-20B8-E511-B345-0025905AC95E.root
%MSG-w XrdAdaptor:  file_open 20-Oct-2023 22:44:47 CEST PostProcessEvent
Data is served from cern.ch instead of original site eospublic
%MSG
20-Oct-2023 22:44:47 CEST  Successfully opened file root://eospublic.cern.ch//eos/opendata/cms/mc/RunIIFall15MiniAODv2/tZq_ll_4f_13TeV-amcatnlo-pythia8_TuneCUETP8M1/MINIAODSIM/PU25nsData2015v1_76X_mcRun2_asymptotic_v12-v1/00000/56C0CD29-20B8-E511-B345-0025905AC95E.root
Begin processing the 800001st record. Run 1, Event 1100811, LumiSection 5513 at 20-Oct-2023 22:44:50.483 CEST
20-Oct-2023 22:44:51 CEST  Closed file root://eospublic.cern.ch//eos/opendata/cms/mc/RunIIFall15MiniAODv2/tZq_ll_4f_13TeV-amcatnlo-pythia8_TuneCUETP8M1/MINIAODSIM/PU25nsData2015v1_76X_mcRun2_asymptotic_v12-v1/00000/56C0CD29-20B8-E511-B345-0025905AC95E.root
20-Oct-2023 22:44:51 CEST  Initiating request to open file root://eospublic.cern.ch//eos/opendata/cms/mc/RunIIFall15MiniAODv2/tZq_ll_4f_13TeV-amcatnlo-pythia8_TuneCUETP8M1/MINIAODSIM/PU25nsData2015v1_76X_mcRun2_asymptotic_v12-v1/00000/5A624FC1-1FB8-E511-A719-0025905AF57C.root
%MSG-w XrdAdaptor:  file_open 20-Oct-2023 22:44:51 CEST PostProcessEvent
Data is served from cern.ch instead of original site eospublic
%MSG
20-Oct-2023 22:44:51 CEST  Successfully opened file root://eospublic.cern.ch//eos/opendata/cms/mc/RunIIFall15MiniAODv2/tZq_ll_4f_13TeV-amcatnlo-pythia8_TuneCUETP8M1/MINIAODSIM/PU25nsData2015v1_76X_mcRun2_asymptotic_v12-v1/00000/5A624FC1-1FB8-E511-A719-0025905AF57C.root
20-Oct-2023 22:44:54 CEST  Closed file root://eospublic.cern.ch//eos/opendata/cms/mc/RunIIFall15MiniAODv2/tZq_ll_4f_13TeV-amcatnlo-pythia8_TuneCUETP8M1/MINIAODSIM/PU25nsData2015v1_76X_mcRun2_asymptotic_v12-v1/00000/5A624FC1-1FB8-E511-A719-0025905AF57C.root
20-Oct-2023 22:44:54 CEST  Initiating request to open file root://eospublic.cern.ch//eos/opendata/cms/mc/RunIIFall15MiniAODv2/tZq_ll_4f_13TeV-amcatnlo-pythia8_TuneCUETP8M1/MINIAODSIM/PU25nsData2015v1_76X_mcRun2_asymptotic_v12-v1/00000/5E60614F-1EB8-E511-ACD3-0025905C4326.root
%MSG-w XrdAdaptor:  file_open 20-Oct-2023 22:44:54 CEST PostProcessEvent
Data is served from cern.ch instead of original site eospublic
%MSG
20-Oct-2023 22:44:54 CEST  Successfully opened file root://eospublic.cern.ch//eos/opendata/cms/mc/RunIIFall15MiniAODv2/tZq_ll_4f_13TeV-amcatnlo-pythia8_TuneCUETP8M1/MINIAODSIM/PU25nsData2015v1_76X_mcRun2_asymptotic_v12-v1/00000/5E60614F-1EB8-E511-ACD3-0025905C4326.root
20-Oct-2023 22:44:57 CEST  Closed file root://eospublic.cern.ch//eos/opendata/cms/mc/RunIIFall15MiniAODv2/tZq_ll_4f_13TeV-amcatnlo-pythia8_TuneCUETP8M1/MINIAODSIM/PU25nsData2015v1_76X_mcRun2_asymptotic_v12-v1/00000/5E60614F-1EB8-E511-ACD3-0025905C4326.root
20-Oct-2023 22:44:57 CEST  Initiating request to open file root://eospublic.cern.ch//eos/opendata/cms/mc/RunIIFall15MiniAODv2/tZq_ll_4f_13TeV-amcatnlo-pythia8_TuneCUETP8M1/MINIAODSIM/PU25nsData2015v1_76X_mcRun2_asymptotic_v12-v1/00000/5EB3AD40-1FB8-E511-A196-0025905C4326.root
%MSG-w XrdAdaptor:  file_open 20-Oct-2023 22:44:57 CEST PostProcessEvent
Data is served from cern.ch instead of original site eospublic
%MSG
20-Oct-2023 22:44:57 CEST  Successfully opened file root://eospublic.cern.ch//eos/opendata/cms/mc/RunIIFall15MiniAODv2/tZq_ll_4f_13TeV-amcatnlo-pythia8_TuneCUETP8M1/MINIAODSIM/PU25nsData2015v1_76X_mcRun2_asymptotic_v12-v1/00000/5EB3AD40-1FB8-E511-A196-0025905C4326.root
Begin processing the 900001st record. Run 1, Event 73753, LumiSection 370 at 20-Oct-2023 22:44:58.406 CEST
20-Oct-2023 22:45:00 CEST  Closed file root://eospublic.cern.ch//eos/opendata/cms/mc/RunIIFall15MiniAODv2/tZq_ll_4f_13TeV-amcatnlo-pythia8_TuneCUETP8M1/MINIAODSIM/PU25nsData2015v1_76X_mcRun2_asymptotic_v12-v1/00000/5EB3AD40-1FB8-E511-A196-0025905C4326.root
20-Oct-2023 22:45:00 CEST  Initiating request to open file root://eospublic.cern.ch//eos/opendata/cms/mc/RunIIFall15MiniAODv2/tZq_ll_4f_13TeV-amcatnlo-pythia8_TuneCUETP8M1/MINIAODSIM/PU25nsData2015v1_76X_mcRun2_asymptotic_v12-v1/00000/66696724-1EB8-E511-9E0E-0025905AC99A.root
%MSG-w XrdAdaptor:  file_open 20-Oct-2023 22:45:00 CEST PostProcessEvent
Data is served from cern.ch instead of original site eospublic
%MSG
20-Oct-2023 22:45:00 CEST  Successfully opened file root://eospublic.cern.ch//eos/opendata/cms/mc/RunIIFall15MiniAODv2/tZq_ll_4f_13TeV-amcatnlo-pythia8_TuneCUETP8M1/MINIAODSIM/PU25nsData2015v1_76X_mcRun2_asymptotic_v12-v1/00000/66696724-1EB8-E511-9E0E-0025905AC99A.root
20-Oct-2023 22:45:02 CEST  Closed file root://eospublic.cern.ch//eos/opendata/cms/mc/RunIIFall15MiniAODv2/tZq_ll_4f_13TeV-amcatnlo-pythia8_TuneCUETP8M1/MINIAODSIM/PU25nsData2015v1_76X_mcRun2_asymptotic_v12-v1/00000/66696724-1EB8-E511-9E0E-0025905AC99A.root
20-Oct-2023 22:45:02 CEST  Initiating request to open file root://eospublic.cern.ch//eos/opendata/cms/mc/RunIIFall15MiniAODv2/tZq_ll_4f_13TeV-amcatnlo-pythia8_TuneCUETP8M1/MINIAODSIM/PU25nsData2015v1_76X_mcRun2_asymptotic_v12-v1/00000/66AEB83C-1FB8-E511-BE2A-0025905C4326.root
%MSG-w XrdAdaptor:  file_open 20-Oct-2023 22:45:03 CEST PostProcessEvent
Data is served from cern.ch instead of original site eospublic
%MSG
20-Oct-2023 22:45:03 CEST  Successfully opened file root://eospublic.cern.ch//eos/opendata/cms/mc/RunIIFall15MiniAODv2/tZq_ll_4f_13TeV-amcatnlo-pythia8_TuneCUETP8M1/MINIAODSIM/PU25nsData2015v1_76X_mcRun2_asymptotic_v12-v1/00000/66AEB83C-1FB8-E511-BE2A-0025905C4326.root
20-Oct-2023 22:45:05 CEST  Closed file root://eospublic.cern.ch//eos/opendata/cms/mc/RunIIFall15MiniAODv2/tZq_ll_4f_13TeV-amcatnlo-pythia8_TuneCUETP8M1/MINIAODSIM/PU25nsData2015v1_76X_mcRun2_asymptotic_v12-v1/00000/66AEB83C-1FB8-E511-BE2A-0025905C4326.root
20-Oct-2023 22:45:05 CEST  Initiating request to open file root://eospublic.cern.ch//eos/opendata/cms/mc/RunIIFall15MiniAODv2/tZq_ll_4f_13TeV-amcatnlo-pythia8_TuneCUETP8M1/MINIAODSIM/PU25nsData2015v1_76X_mcRun2_asymptotic_v12-v1/00000/6AF8EC41-1FB8-E511-9C82-0025905C22AE.root
%MSG-w XrdAdaptor:  file_open 20-Oct-2023 22:45:05 CEST PostProcessEvent
Data is served from cern.ch instead of original site eospublic
%MSG
20-Oct-2023 22:45:05 CEST  Successfully opened file root://eospublic.cern.ch//eos/opendata/cms/mc/RunIIFall15MiniAODv2/tZq_ll_4f_13TeV-amcatnlo-pythia8_TuneCUETP8M1/MINIAODSIM/PU25nsData2015v1_76X_mcRun2_asymptotic_v12-v1/00000/6AF8EC41-1FB8-E511-9C82-0025905C22AE.root
Begin processing the 1000001st record. Run 1, Event 46296, LumiSection 232 at 20-Oct-2023 22:45:06.419 CEST
20-Oct-2023 22:45:08 CEST  Closed file root://eospublic.cern.ch//eos/opendata/cms/mc/RunIIFall15MiniAODv2/tZq_ll_4f_13TeV-amcatnlo-pythia8_TuneCUETP8M1/MINIAODSIM/PU25nsData2015v1_76X_mcRun2_asymptotic_v12-v1/00000/6AF8EC41-1FB8-E511-9C82-0025905C22AE.root
20-Oct-2023 22:45:08 CEST  Initiating request to open file root://eospublic.cern.ch//eos/opendata/cms/mc/RunIIFall15MiniAODv2/tZq_ll_4f_13TeV-amcatnlo-pythia8_TuneCUETP8M1/MINIAODSIM/PU25nsData2015v1_76X_mcRun2_asymptotic_v12-v1/00000/6E38992F-1EB8-E511-9415-0025905C4270.root
%MSG-w XrdAdaptor:  file_open 20-Oct-2023 22:45:08 CEST PostProcessEvent
Data is served from cern.ch instead of original site eospublic
%MSG
20-Oct-2023 22:45:08 CEST  Successfully opened file root://eospublic.cern.ch//eos/opendata/cms/mc/RunIIFall15MiniAODv2/tZq_ll_4f_13TeV-amcatnlo-pythia8_TuneCUETP8M1/MINIAODSIM/PU25nsData2015v1_76X_mcRun2_asymptotic_v12-v1/00000/6E38992F-1EB8-E511-9415-0025905C4270.root
20-Oct-2023 22:45:11 CEST  Closed file root://eospublic.cern.ch//eos/opendata/cms/mc/RunIIFall15MiniAODv2/tZq_ll_4f_13TeV-amcatnlo-pythia8_TuneCUETP8M1/MINIAODSIM/PU25nsData2015v1_76X_mcRun2_asymptotic_v12-v1/00000/6E38992F-1EB8-E511-9415-0025905C4270.root
20-Oct-2023 22:45:11 CEST  Initiating request to open file root://eospublic.cern.ch//eos/opendata/cms/mc/RunIIFall15MiniAODv2/tZq_ll_4f_13TeV-amcatnlo-pythia8_TuneCUETP8M1/MINIAODSIM/PU25nsData2015v1_76X_mcRun2_asymptotic_v12-v1/00000/725E2004-20B8-E511-A077-0025905C4326.root
%MSG-w XrdAdaptor:  file_open 20-Oct-2023 22:45:11 CEST PostProcessEvent
Data is served from cern.ch instead of original site eospublic
%MSG
20-Oct-2023 22:45:11 CEST  Successfully opened file root://eospublic.cern.ch//eos/opendata/cms/mc/RunIIFall15MiniAODv2/tZq_ll_4f_13TeV-amcatnlo-pythia8_TuneCUETP8M1/MINIAODSIM/PU25nsData2015v1_76X_mcRun2_asymptotic_v12-v1/00000/725E2004-20B8-E511-A077-0025905C4326.root
Begin processing the 1100001st record. Run 1, Event 240005, LumiSection 1202 at 20-Oct-2023 22:45:13.497 CEST
20-Oct-2023 22:45:14 CEST  Closed file root://eospublic.cern.ch//eos/opendata/cms/mc/RunIIFall15MiniAODv2/tZq_ll_4f_13TeV-amcatnlo-pythia8_TuneCUETP8M1/MINIAODSIM/PU25nsData2015v1_76X_mcRun2_asymptotic_v12-v1/00000/725E2004-20B8-E511-A077-0025905C4326.root
20-Oct-2023 22:45:14 CEST  Initiating request to open file root://eospublic.cern.ch//eos/opendata/cms/mc/RunIIFall15MiniAODv2/tZq_ll_4f_13TeV-amcatnlo-pythia8_TuneCUETP8M1/MINIAODSIM/PU25nsData2015v1_76X_mcRun2_asymptotic_v12-v1/00000/727F8A35-1DB8-E511-9CEB-0025905C4328.root
%MSG-w XrdAdaptor:  file_open 20-Oct-2023 22:45:14 CEST PostProcessEvent
Data is served from cern.ch instead of original site eospublic
%MSG
20-Oct-2023 22:45:14 CEST  Successfully opened file root://eospublic.cern.ch//eos/opendata/cms/mc/RunIIFall15MiniAODv2/tZq_ll_4f_13TeV-amcatnlo-pythia8_TuneCUETP8M1/MINIAODSIM/PU25nsData2015v1_76X_mcRun2_asymptotic_v12-v1/00000/727F8A35-1DB8-E511-9CEB-0025905C4328.root
20-Oct-2023 22:45:17 CEST  Closed file root://eospublic.cern.ch//eos/opendata/cms/mc/RunIIFall15MiniAODv2/tZq_ll_4f_13TeV-amcatnlo-pythia8_TuneCUETP8M1/MINIAODSIM/PU25nsData2015v1_76X_mcRun2_asymptotic_v12-v1/00000/727F8A35-1DB8-E511-9CEB-0025905C4328.root
20-Oct-2023 22:45:17 CEST  Initiating request to open file root://eospublic.cern.ch//eos/opendata/cms/mc/RunIIFall15MiniAODv2/tZq_ll_4f_13TeV-amcatnlo-pythia8_TuneCUETP8M1/MINIAODSIM/PU25nsData2015v1_76X_mcRun2_asymptotic_v12-v1/00000/72C072CA-1DB8-E511-AC56-0025905AC876.root
%MSG-w XrdAdaptor:  file_open 20-Oct-2023 22:45:18 CEST PostProcessEvent
Data is served from cern.ch instead of original site eospublic
%MSG
20-Oct-2023 22:45:18 CEST  Successfully opened file root://eospublic.cern.ch//eos/opendata/cms/mc/RunIIFall15MiniAODv2/tZq_ll_4f_13TeV-amcatnlo-pythia8_TuneCUETP8M1/MINIAODSIM/PU25nsData2015v1_76X_mcRun2_asymptotic_v12-v1/00000/72C072CA-1DB8-E511-AC56-0025905AC876.root
20-Oct-2023 22:45:20 CEST  Closed file root://eospublic.cern.ch//eos/opendata/cms/mc/RunIIFall15MiniAODv2/tZq_ll_4f_13TeV-amcatnlo-pythia8_TuneCUETP8M1/MINIAODSIM/PU25nsData2015v1_76X_mcRun2_asymptotic_v12-v1/00000/72C072CA-1DB8-E511-AC56-0025905AC876.root
20-Oct-2023 22:45:20 CEST  Initiating request to open file root://eospublic.cern.ch//eos/opendata/cms/mc/RunIIFall15MiniAODv2/tZq_ll_4f_13TeV-amcatnlo-pythia8_TuneCUETP8M1/MINIAODSIM/PU25nsData2015v1_76X_mcRun2_asymptotic_v12-v1/00000/7C73603D-1EB8-E511-B72D-0025905C4326.root
%MSG-w XrdAdaptor:  file_open 20-Oct-2023 22:45:20 CEST PostProcessEvent
Data is served from cern.ch instead of original site eospublic
%MSG
20-Oct-2023 22:45:20 CEST  Successfully opened file root://eospublic.cern.ch//eos/opendata/cms/mc/RunIIFall15MiniAODv2/tZq_ll_4f_13TeV-amcatnlo-pythia8_TuneCUETP8M1/MINIAODSIM/PU25nsData2015v1_76X_mcRun2_asymptotic_v12-v1/00000/7C73603D-1EB8-E511-B72D-0025905C4326.root
Begin processing the 1200001st record. Run 1, Event 1846104, LumiSection 9245 at 20-Oct-2023 22:45:21.532 CEST
20-Oct-2023 22:45:23 CEST  Closed file root://eospublic.cern.ch//eos/opendata/cms/mc/RunIIFall15MiniAODv2/tZq_ll_4f_13TeV-amcatnlo-pythia8_TuneCUETP8M1/MINIAODSIM/PU25nsData2015v1_76X_mcRun2_asymptotic_v12-v1/00000/7C73603D-1EB8-E511-B72D-0025905C4326.root
20-Oct-2023 22:45:23 CEST  Initiating request to open file root://eospublic.cern.ch//eos/opendata/cms/mc/RunIIFall15MiniAODv2/tZq_ll_4f_13TeV-amcatnlo-pythia8_TuneCUETP8M1/MINIAODSIM/PU25nsData2015v1_76X_mcRun2_asymptotic_v12-v1/00000/823B399A-1FB8-E511-B683-0025905AC876.root
%MSG-w XrdAdaptor:  file_open 20-Oct-2023 22:45:23 CEST PostProcessEvent
Data is served from cern.ch instead of original site eospublic
%MSG
20-Oct-2023 22:45:23 CEST  Successfully opened file root://eospublic.cern.ch//eos/opendata/cms/mc/RunIIFall15MiniAODv2/tZq_ll_4f_13TeV-amcatnlo-pythia8_TuneCUETP8M1/MINIAODSIM/PU25nsData2015v1_76X_mcRun2_asymptotic_v12-v1/00000/823B399A-1FB8-E511-B683-0025905AC876.root
20-Oct-2023 22:45:27 CEST  Closed file root://eospublic.cern.ch//eos/opendata/cms/mc/RunIIFall15MiniAODv2/tZq_ll_4f_13TeV-amcatnlo-pythia8_TuneCUETP8M1/MINIAODSIM/PU25nsData2015v1_76X_mcRun2_asymptotic_v12-v1/00000/823B399A-1FB8-E511-B683-0025905AC876.root
20-Oct-2023 22:45:27 CEST  Initiating request to open file root://eospublic.cern.ch//eos/opendata/cms/mc/RunIIFall15MiniAODv2/tZq_ll_4f_13TeV-amcatnlo-pythia8_TuneCUETP8M1/MINIAODSIM/PU25nsData2015v1_76X_mcRun2_asymptotic_v12-v1/00000/867429C8-1EB8-E511-9122-0025905AC960.root
%MSG-w XrdAdaptor:  file_open 20-Oct-2023 22:45:27 CEST PostProcessEvent
Data is served from cern.ch instead of original site eospublic
%MSG
20-Oct-2023 22:45:27 CEST  Successfully opened file root://eospublic.cern.ch//eos/opendata/cms/mc/RunIIFall15MiniAODv2/tZq_ll_4f_13TeV-amcatnlo-pythia8_TuneCUETP8M1/MINIAODSIM/PU25nsData2015v1_76X_mcRun2_asymptotic_v12-v1/00000/867429C8-1EB8-E511-9122-0025905AC960.root
Begin processing the 1300001st record. Run 1, Event 914503, LumiSection 4580 at 20-Oct-2023 22:45:28.647 CEST
20-Oct-2023 22:45:29 CEST  Closed file root://eospublic.cern.ch//eos/opendata/cms/mc/RunIIFall15MiniAODv2/tZq_ll_4f_13TeV-amcatnlo-pythia8_TuneCUETP8M1/MINIAODSIM/PU25nsData2015v1_76X_mcRun2_asymptotic_v12-v1/00000/867429C8-1EB8-E511-9122-0025905AC960.root
20-Oct-2023 22:45:29 CEST  Initiating request to open file root://eospublic.cern.ch//eos/opendata/cms/mc/RunIIFall15MiniAODv2/tZq_ll_4f_13TeV-amcatnlo-pythia8_TuneCUETP8M1/MINIAODSIM/PU25nsData2015v1_76X_mcRun2_asymptotic_v12-v1/00000/8A57C662-1EB8-E511-82B2-0025905AC876.root
%MSG-w XrdAdaptor:  file_open 20-Oct-2023 22:45:30 CEST PostProcessEvent
Data is served from cern.ch instead of original site eospublic
%MSG
20-Oct-2023 22:45:30 CEST  Successfully opened file root://eospublic.cern.ch//eos/opendata/cms/mc/RunIIFall15MiniAODv2/tZq_ll_4f_13TeV-amcatnlo-pythia8_TuneCUETP8M1/MINIAODSIM/PU25nsData2015v1_76X_mcRun2_asymptotic_v12-v1/00000/8A57C662-1EB8-E511-82B2-0025905AC876.root
20-Oct-2023 22:45:33 CEST  Closed file root://eospublic.cern.ch//eos/opendata/cms/mc/RunIIFall15MiniAODv2/tZq_ll_4f_13TeV-amcatnlo-pythia8_TuneCUETP8M1/MINIAODSIM/PU25nsData2015v1_76X_mcRun2_asymptotic_v12-v1/00000/8A57C662-1EB8-E511-82B2-0025905AC876.root
20-Oct-2023 22:45:33 CEST  Initiating request to open file root://eospublic.cern.ch//eos/opendata/cms/mc/RunIIFall15MiniAODv2/tZq_ll_4f_13TeV-amcatnlo-pythia8_TuneCUETP8M1/MINIAODSIM/PU25nsData2015v1_76X_mcRun2_asymptotic_v12-v1/00000/8C52038C-1FB8-E511-918B-0025905C446A.root
%MSG-w XrdAdaptor:  file_open 20-Oct-2023 22:45:33 CEST PostProcessEvent
Data is served from cern.ch instead of original site eospublic
%MSG
20-Oct-2023 22:45:33 CEST  Successfully opened file root://eospublic.cern.ch//eos/opendata/cms/mc/RunIIFall15MiniAODv2/tZq_ll_4f_13TeV-amcatnlo-pythia8_TuneCUETP8M1/MINIAODSIM/PU25nsData2015v1_76X_mcRun2_asymptotic_v12-v1/00000/8C52038C-1FB8-E511-918B-0025905C446A.root
20-Oct-2023 22:45:36 CEST  Closed file root://eospublic.cern.ch//eos/opendata/cms/mc/RunIIFall15MiniAODv2/tZq_ll_4f_13TeV-amcatnlo-pythia8_TuneCUETP8M1/MINIAODSIM/PU25nsData2015v1_76X_mcRun2_asymptotic_v12-v1/00000/8C52038C-1FB8-E511-918B-0025905C446A.root
20-Oct-2023 22:45:36 CEST  Initiating request to open file root://eospublic.cern.ch//eos/opendata/cms/mc/RunIIFall15MiniAODv2/tZq_ll_4f_13TeV-amcatnlo-pythia8_TuneCUETP8M1/MINIAODSIM/PU25nsData2015v1_76X_mcRun2_asymptotic_v12-v1/00000/8E9CFDBE-1EB8-E511-BD7E-0025905C4270.root
%MSG-w XrdAdaptor:  file_open 20-Oct-2023 22:45:36 CEST PostProcessEvent
Data is served from cern.ch instead of original site eospublic
%MSG
20-Oct-2023 22:45:36 CEST  Successfully opened file root://eospublic.cern.ch//eos/opendata/cms/mc/RunIIFall15MiniAODv2/tZq_ll_4f_13TeV-amcatnlo-pythia8_TuneCUETP8M1/MINIAODSIM/PU25nsData2015v1_76X_mcRun2_asymptotic_v12-v1/00000/8E9CFDBE-1EB8-E511-BD7E-0025905C4270.root
Begin processing the 1400001st record. Run 1, Event 1476, LumiSection 8 at 20-Oct-2023 22:45:37.771 CEST
20-Oct-2023 22:45:40 CEST  Closed file root://eospublic.cern.ch//eos/opendata/cms/mc/RunIIFall15MiniAODv2/tZq_ll_4f_13TeV-amcatnlo-pythia8_TuneCUETP8M1/MINIAODSIM/PU25nsData2015v1_76X_mcRun2_asymptotic_v12-v1/00000/8E9CFDBE-1EB8-E511-BD7E-0025905C4270.root
20-Oct-2023 22:45:40 CEST  Initiating request to open file root://eospublic.cern.ch//eos/opendata/cms/mc/RunIIFall15MiniAODv2/tZq_ll_4f_13TeV-amcatnlo-pythia8_TuneCUETP8M1/MINIAODSIM/PU25nsData2015v1_76X_mcRun2_asymptotic_v12-v1/00000/9687EA24-1FB8-E511-A817-0025905C4326.root
%MSG-w XrdAdaptor:  file_open 20-Oct-2023 22:45:40 CEST PostProcessEvent
Data is served from cern.ch instead of original site eospublic
%MSG
20-Oct-2023 22:45:40 CEST  Successfully opened file root://eospublic.cern.ch//eos/opendata/cms/mc/RunIIFall15MiniAODv2/tZq_ll_4f_13TeV-amcatnlo-pythia8_TuneCUETP8M1/MINIAODSIM/PU25nsData2015v1_76X_mcRun2_asymptotic_v12-v1/00000/9687EA24-1FB8-E511-A817-0025905C4326.root
20-Oct-2023 22:45:46 CEST  Closed file root://eospublic.cern.ch//eos/opendata/cms/mc/RunIIFall15MiniAODv2/tZq_ll_4f_13TeV-amcatnlo-pythia8_TuneCUETP8M1/MINIAODSIM/PU25nsData2015v1_76X_mcRun2_asymptotic_v12-v1/00000/9687EA24-1FB8-E511-A817-0025905C4326.root
20-Oct-2023 22:45:46 CEST  Initiating request to open file root://eospublic.cern.ch//eos/opendata/cms/mc/RunIIFall15MiniAODv2/tZq_ll_4f_13TeV-amcatnlo-pythia8_TuneCUETP8M1/MINIAODSIM/PU25nsData2015v1_76X_mcRun2_asymptotic_v12-v1/00000/9A46CE43-1DB8-E511-98C4-0025905C4326.root
%MSG-w XrdAdaptor:  file_open 20-Oct-2023 22:45:46 CEST PostProcessEvent
Data is served from cern.ch instead of original site eospublic
%MSG
20-Oct-2023 22:45:46 CEST  Successfully opened file root://eospublic.cern.ch//eos/opendata/cms/mc/RunIIFall15MiniAODv2/tZq_ll_4f_13TeV-amcatnlo-pythia8_TuneCUETP8M1/MINIAODSIM/PU25nsData2015v1_76X_mcRun2_asymptotic_v12-v1/00000/9A46CE43-1DB8-E511-98C4-0025905C4326.root
Begin processing the 1500001st record. Run 1, Event 2943638, LumiSection 14741 at 20-Oct-2023 22:45:47.499 CEST
20-Oct-2023 22:45:49 CEST  Closed file root://eospublic.cern.ch//eos/opendata/cms/mc/RunIIFall15MiniAODv2/tZq_ll_4f_13TeV-amcatnlo-pythia8_TuneCUETP8M1/MINIAODSIM/PU25nsData2015v1_76X_mcRun2_asymptotic_v12-v1/00000/9A46CE43-1DB8-E511-98C4-0025905C4326.root
20-Oct-2023 22:45:49 CEST  Initiating request to open file root://eospublic.cern.ch//eos/opendata/cms/mc/RunIIFall15MiniAODv2/tZq_ll_4f_13TeV-amcatnlo-pythia8_TuneCUETP8M1/MINIAODSIM/PU25nsData2015v1_76X_mcRun2_asymptotic_v12-v1/00000/A2743323-20B8-E511-BE55-0025905AC804.root
%MSG-w XrdAdaptor:  file_open 20-Oct-2023 22:45:49 CEST PostProcessEvent
Data is served from cern.ch instead of original site eospublic
%MSG
20-Oct-2023 22:45:49 CEST  Successfully opened file root://eospublic.cern.ch//eos/opendata/cms/mc/RunIIFall15MiniAODv2/tZq_ll_4f_13TeV-amcatnlo-pythia8_TuneCUETP8M1/MINIAODSIM/PU25nsData2015v1_76X_mcRun2_asymptotic_v12-v1/00000/A2743323-20B8-E511-BE55-0025905AC804.root
20-Oct-2023 22:45:52 CEST  Closed file root://eospublic.cern.ch//eos/opendata/cms/mc/RunIIFall15MiniAODv2/tZq_ll_4f_13TeV-amcatnlo-pythia8_TuneCUETP8M1/MINIAODSIM/PU25nsData2015v1_76X_mcRun2_asymptotic_v12-v1/00000/A2743323-20B8-E511-BE55-0025905AC804.root
20-Oct-2023 22:45:52 CEST  Initiating request to open file root://eospublic.cern.ch//eos/opendata/cms/mc/RunIIFall15MiniAODv2/tZq_ll_4f_13TeV-amcatnlo-pythia8_TuneCUETP8M1/MINIAODSIM/PU25nsData2015v1_76X_mcRun2_asymptotic_v12-v1/00000/A2F32309-20B8-E511-89BF-0025905C22AE.root
%MSG-w XrdAdaptor:  file_open 20-Oct-2023 22:45:52 CEST PostProcessEvent
Data is served from cern.ch instead of original site eospublic
%MSG
20-Oct-2023 22:45:52 CEST  Successfully opened file root://eospublic.cern.ch//eos/opendata/cms/mc/RunIIFall15MiniAODv2/tZq_ll_4f_13TeV-amcatnlo-pythia8_TuneCUETP8M1/MINIAODSIM/PU25nsData2015v1_76X_mcRun2_asymptotic_v12-v1/00000/A2F32309-20B8-E511-89BF-0025905C22AE.root
Begin processing the 1600001st record. Run 1, Event 505060, LumiSection 2530 at 20-Oct-2023 22:45:54.642 CEST
20-Oct-2023 22:45:55 CEST  Closed file root://eospublic.cern.ch//eos/opendata/cms/mc/RunIIFall15MiniAODv2/tZq_ll_4f_13TeV-amcatnlo-pythia8_TuneCUETP8M1/MINIAODSIM/PU25nsData2015v1_76X_mcRun2_asymptotic_v12-v1/00000/A2F32309-20B8-E511-89BF-0025905C22AE.root
20-Oct-2023 22:45:55 CEST  Initiating request to open file root://eospublic.cern.ch//eos/opendata/cms/mc/RunIIFall15MiniAODv2/tZq_ll_4f_13TeV-amcatnlo-pythia8_TuneCUETP8M1/MINIAODSIM/PU25nsData2015v1_76X_mcRun2_asymptotic_v12-v1/00000/A84AEA4A-1FB8-E511-A1BD-0025905AC876.root
%MSG-w XrdAdaptor:  file_open 20-Oct-2023 22:45:55 CEST PostProcessEvent
Data is served from cern.ch instead of original site eospublic
%MSG
20-Oct-2023 22:45:55 CEST  Successfully opened file root://eospublic.cern.ch//eos/opendata/cms/mc/RunIIFall15MiniAODv2/tZq_ll_4f_13TeV-amcatnlo-pythia8_TuneCUETP8M1/MINIAODSIM/PU25nsData2015v1_76X_mcRun2_asymptotic_v12-v1/00000/A84AEA4A-1FB8-E511-A1BD-0025905AC876.root
20-Oct-2023 22:45:57 CEST  Closed file root://eospublic.cern.ch//eos/opendata/cms/mc/RunIIFall15MiniAODv2/tZq_ll_4f_13TeV-amcatnlo-pythia8_TuneCUETP8M1/MINIAODSIM/PU25nsData2015v1_76X_mcRun2_asymptotic_v12-v1/00000/A84AEA4A-1FB8-E511-A1BD-0025905AC876.root
20-Oct-2023 22:45:57 CEST  Initiating request to open file root://eospublic.cern.ch//eos/opendata/cms/mc/RunIIFall15MiniAODv2/tZq_ll_4f_13TeV-amcatnlo-pythia8_TuneCUETP8M1/MINIAODSIM/PU25nsData2015v1_76X_mcRun2_asymptotic_v12-v1/00000/A8FB9053-1EB8-E511-97D8-0025905C4326.root
%MSG-w XrdAdaptor:  file_open 20-Oct-2023 22:45:57 CEST PostProcessEvent
Data is served from cern.ch instead of original site eospublic
%MSG
20-Oct-2023 22:45:57 CEST  Successfully opened file root://eospublic.cern.ch//eos/opendata/cms/mc/RunIIFall15MiniAODv2/tZq_ll_4f_13TeV-amcatnlo-pythia8_TuneCUETP8M1/MINIAODSIM/PU25nsData2015v1_76X_mcRun2_asymptotic_v12-v1/00000/A8FB9053-1EB8-E511-97D8-0025905C4326.root
20-Oct-2023 22:46:00 CEST  Closed file root://eospublic.cern.ch//eos/opendata/cms/mc/RunIIFall15MiniAODv2/tZq_ll_4f_13TeV-amcatnlo-pythia8_TuneCUETP8M1/MINIAODSIM/PU25nsData2015v1_76X_mcRun2_asymptotic_v12-v1/00000/A8FB9053-1EB8-E511-97D8-0025905C4326.root
20-Oct-2023 22:46:00 CEST  Initiating request to open file root://eospublic.cern.ch//eos/opendata/cms/mc/RunIIFall15MiniAODv2/tZq_ll_4f_13TeV-amcatnlo-pythia8_TuneCUETP8M1/MINIAODSIM/PU25nsData2015v1_76X_mcRun2_asymptotic_v12-v1/00000/AC3668DD-1EB8-E511-A6B7-0025905AF57C.root
%MSG-w XrdAdaptor:  file_open 20-Oct-2023 22:46:00 CEST PostProcessEvent
Data is served from cern.ch instead of original site eospublic
%MSG
20-Oct-2023 22:46:00 CEST  Successfully opened file root://eospublic.cern.ch//eos/opendata/cms/mc/RunIIFall15MiniAODv2/tZq_ll_4f_13TeV-amcatnlo-pythia8_TuneCUETP8M1/MINIAODSIM/PU25nsData2015v1_76X_mcRun2_asymptotic_v12-v1/00000/AC3668DD-1EB8-E511-A6B7-0025905AF57C.root
Begin processing the 1700001st record. Run 1, Event 13892, LumiSection 70 at 20-Oct-2023 22:46:02.359 CEST
20-Oct-2023 22:46:03 CEST  Closed file root://eospublic.cern.ch//eos/opendata/cms/mc/RunIIFall15MiniAODv2/tZq_ll_4f_13TeV-amcatnlo-pythia8_TuneCUETP8M1/MINIAODSIM/PU25nsData2015v1_76X_mcRun2_asymptotic_v12-v1/00000/AC3668DD-1EB8-E511-A6B7-0025905AF57C.root
20-Oct-2023 22:46:03 CEST  Initiating request to open file root://eospublic.cern.ch//eos/opendata/cms/mc/RunIIFall15MiniAODv2/tZq_ll_4f_13TeV-amcatnlo-pythia8_TuneCUETP8M1/MINIAODSIM/PU25nsData2015v1_76X_mcRun2_asymptotic_v12-v1/00000/B00ADAE9-1DB8-E511-AEDD-0025905AC960.root
%MSG-w XrdAdaptor:  file_open 20-Oct-2023 22:46:03 CEST PostProcessEvent
Data is served from cern.ch instead of original site eospublic
%MSG
20-Oct-2023 22:46:03 CEST  Successfully opened file root://eospublic.cern.ch//eos/opendata/cms/mc/RunIIFall15MiniAODv2/tZq_ll_4f_13TeV-amcatnlo-pythia8_TuneCUETP8M1/MINIAODSIM/PU25nsData2015v1_76X_mcRun2_asymptotic_v12-v1/00000/B00ADAE9-1DB8-E511-AEDD-0025905AC960.root
20-Oct-2023 22:46:06 CEST  Closed file root://eospublic.cern.ch//eos/opendata/cms/mc/RunIIFall15MiniAODv2/tZq_ll_4f_13TeV-amcatnlo-pythia8_TuneCUETP8M1/MINIAODSIM/PU25nsData2015v1_76X_mcRun2_asymptotic_v12-v1/00000/B00ADAE9-1DB8-E511-AEDD-0025905AC960.root
20-Oct-2023 22:46:06 CEST  Initiating request to open file root://eospublic.cern.ch//eos/opendata/cms/mc/RunIIFall15MiniAODv2/tZq_ll_4f_13TeV-amcatnlo-pythia8_TuneCUETP8M1/MINIAODSIM/PU25nsData2015v1_76X_mcRun2_asymptotic_v12-v1/00000/B83AAAB7-1FB8-E511-A242-0025905C22AE.root
%MSG-w XrdAdaptor:  file_open 20-Oct-2023 22:46:06 CEST PostProcessEvent
Data is served from cern.ch instead of original site eospublic
%MSG
20-Oct-2023 22:46:06 CEST  Successfully opened file root://eospublic.cern.ch//eos/opendata/cms/mc/RunIIFall15MiniAODv2/tZq_ll_4f_13TeV-amcatnlo-pythia8_TuneCUETP8M1/MINIAODSIM/PU25nsData2015v1_76X_mcRun2_asymptotic_v12-v1/00000/B83AAAB7-1FB8-E511-A242-0025905C22AE.root
20-Oct-2023 22:46:09 CEST  Closed file root://eospublic.cern.ch//eos/opendata/cms/mc/RunIIFall15MiniAODv2/tZq_ll_4f_13TeV-amcatnlo-pythia8_TuneCUETP8M1/MINIAODSIM/PU25nsData2015v1_76X_mcRun2_asymptotic_v12-v1/00000/B83AAAB7-1FB8-E511-A242-0025905C22AE.root
20-Oct-2023 22:46:09 CEST  Initiating request to open file root://eospublic.cern.ch//eos/opendata/cms/mc/RunIIFall15MiniAODv2/tZq_ll_4f_13TeV-amcatnlo-pythia8_TuneCUETP8M1/MINIAODSIM/PU25nsData2015v1_76X_mcRun2_asymptotic_v12-v1/00000/B8D7948A-1FB8-E511-90FA-0025905AF57C.root
%MSG-w XrdAdaptor:  file_open 20-Oct-2023 22:46:09 CEST PostProcessEvent
Data is served from cern.ch instead of original site eospublic
%MSG
20-Oct-2023 22:46:09 CEST  Successfully opened file root://eospublic.cern.ch//eos/opendata/cms/mc/RunIIFall15MiniAODv2/tZq_ll_4f_13TeV-amcatnlo-pythia8_TuneCUETP8M1/MINIAODSIM/PU25nsData2015v1_76X_mcRun2_asymptotic_v12-v1/00000/B8D7948A-1FB8-E511-90FA-0025905AF57C.root
Begin processing the 1800001st record. Run 1, Event 1293537, LumiSection 6478 at 20-Oct-2023 22:46:10.608 CEST
20-Oct-2023 22:46:12 CEST  Closed file root://eospublic.cern.ch//eos/opendata/cms/mc/RunIIFall15MiniAODv2/tZq_ll_4f_13TeV-amcatnlo-pythia8_TuneCUETP8M1/MINIAODSIM/PU25nsData2015v1_76X_mcRun2_asymptotic_v12-v1/00000/B8D7948A-1FB8-E511-90FA-0025905AF57C.root
20-Oct-2023 22:46:12 CEST  Initiating request to open file root://eospublic.cern.ch//eos/opendata/cms/mc/RunIIFall15MiniAODv2/tZq_ll_4f_13TeV-amcatnlo-pythia8_TuneCUETP8M1/MINIAODSIM/PU25nsData2015v1_76X_mcRun2_asymptotic_v12-v1/00000/BEE7061B-20B8-E511-B02F-0025905AC95E.root
%MSG-w XrdAdaptor:  file_open 20-Oct-2023 22:46:12 CEST PostProcessEvent
Data is served from cern.ch instead of original site eospublic
%MSG
20-Oct-2023 22:46:12 CEST  Successfully opened file root://eospublic.cern.ch//eos/opendata/cms/mc/RunIIFall15MiniAODv2/tZq_ll_4f_13TeV-amcatnlo-pythia8_TuneCUETP8M1/MINIAODSIM/PU25nsData2015v1_76X_mcRun2_asymptotic_v12-v1/00000/BEE7061B-20B8-E511-B02F-0025905AC95E.root
20-Oct-2023 22:46:14 CEST  Closed file root://eospublic.cern.ch//eos/opendata/cms/mc/RunIIFall15MiniAODv2/tZq_ll_4f_13TeV-amcatnlo-pythia8_TuneCUETP8M1/MINIAODSIM/PU25nsData2015v1_76X_mcRun2_asymptotic_v12-v1/00000/BEE7061B-20B8-E511-B02F-0025905AC95E.root
20-Oct-2023 22:46:14 CEST  Initiating request to open file root://eospublic.cern.ch//eos/opendata/cms/mc/RunIIFall15MiniAODv2/tZq_ll_4f_13TeV-amcatnlo-pythia8_TuneCUETP8M1/MINIAODSIM/PU25nsData2015v1_76X_mcRun2_asymptotic_v12-v1/00000/BEEFF035-1DB8-E511-AE65-0025905AC876.root
%MSG-w XrdAdaptor:  file_open 20-Oct-2023 22:46:14 CEST PostProcessEvent
Data is served from cern.ch instead of original site eospublic
%MSG
20-Oct-2023 22:46:14 CEST  Successfully opened file root://eospublic.cern.ch//eos/opendata/cms/mc/RunIIFall15MiniAODv2/tZq_ll_4f_13TeV-amcatnlo-pythia8_TuneCUETP8M1/MINIAODSIM/PU25nsData2015v1_76X_mcRun2_asymptotic_v12-v1/00000/BEEFF035-1DB8-E511-AE65-0025905AC876.root
Begin processing the 1900001st record. Run 1, Event 1100540, LumiSection 5512 at 20-Oct-2023 22:46:17.703 CEST
20-Oct-2023 22:46:18 CEST  Closed file root://eospublic.cern.ch//eos/opendata/cms/mc/RunIIFall15MiniAODv2/tZq_ll_4f_13TeV-amcatnlo-pythia8_TuneCUETP8M1/MINIAODSIM/PU25nsData2015v1_76X_mcRun2_asymptotic_v12-v1/00000/BEEFF035-1DB8-E511-AE65-0025905AC876.root
20-Oct-2023 22:46:18 CEST  Initiating request to open file root://eospublic.cern.ch//eos/opendata/cms/mc/RunIIFall15MiniAODv2/tZq_ll_4f_13TeV-amcatnlo-pythia8_TuneCUETP8M1/MINIAODSIM/PU25nsData2015v1_76X_mcRun2_asymptotic_v12-v1/00000/C09D43D6-1FB8-E511-8CCD-0025905C4270.root
%MSG-w XrdAdaptor:  file_open 20-Oct-2023 22:46:18 CEST PostProcessEvent
Data is served from cern.ch instead of original site eospublic
%MSG
20-Oct-2023 22:46:18 CEST  Successfully opened file root://eospublic.cern.ch//eos/opendata/cms/mc/RunIIFall15MiniAODv2/tZq_ll_4f_13TeV-amcatnlo-pythia8_TuneCUETP8M1/MINIAODSIM/PU25nsData2015v1_76X_mcRun2_asymptotic_v12-v1/00000/C09D43D6-1FB8-E511-8CCD-0025905C4270.root
20-Oct-2023 22:46:21 CEST  Closed file root://eospublic.cern.ch//eos/opendata/cms/mc/RunIIFall15MiniAODv2/tZq_ll_4f_13TeV-amcatnlo-pythia8_TuneCUETP8M1/MINIAODSIM/PU25nsData2015v1_76X_mcRun2_asymptotic_v12-v1/00000/C09D43D6-1FB8-E511-8CCD-0025905C4270.root
20-Oct-2023 22:46:21 CEST  Initiating request to open file root://eospublic.cern.ch//eos/opendata/cms/mc/RunIIFall15MiniAODv2/tZq_ll_4f_13TeV-amcatnlo-pythia8_TuneCUETP8M1/MINIAODSIM/PU25nsData2015v1_76X_mcRun2_asymptotic_v12-v1/00000/C28C3855-1FB8-E511-B1FF-0025905AC99A.root
%MSG-w XrdAdaptor:  file_open 20-Oct-2023 22:46:21 CEST PostProcessEvent
Data is served from cern.ch instead of original site eospublic
%MSG
20-Oct-2023 22:46:21 CEST  Successfully opened file root://eospublic.cern.ch//eos/opendata/cms/mc/RunIIFall15MiniAODv2/tZq_ll_4f_13TeV-amcatnlo-pythia8_TuneCUETP8M1/MINIAODSIM/PU25nsData2015v1_76X_mcRun2_asymptotic_v12-v1/00000/C28C3855-1FB8-E511-B1FF-0025905AC99A.root
20-Oct-2023 22:46:24 CEST  Closed file root://eospublic.cern.ch//eos/opendata/cms/mc/RunIIFall15MiniAODv2/tZq_ll_4f_13TeV-amcatnlo-pythia8_TuneCUETP8M1/MINIAODSIM/PU25nsData2015v1_76X_mcRun2_asymptotic_v12-v1/00000/C28C3855-1FB8-E511-B1FF-0025905AC99A.root
20-Oct-2023 22:46:24 CEST  Initiating request to open file root://eospublic.cern.ch//eos/opendata/cms/mc/RunIIFall15MiniAODv2/tZq_ll_4f_13TeV-amcatnlo-pythia8_TuneCUETP8M1/MINIAODSIM/PU25nsData2015v1_76X_mcRun2_asymptotic_v12-v1/00000/C2E44C45-1DB8-E511-BBAD-0025905C4326.root
%MSG-w XrdAdaptor:  file_open 20-Oct-2023 22:46:24 CEST PostProcessEvent
Data is served from cern.ch instead of original site eospublic
%MSG
20-Oct-2023 22:46:24 CEST  Successfully opened file root://eospublic.cern.ch//eos/opendata/cms/mc/RunIIFall15MiniAODv2/tZq_ll_4f_13TeV-amcatnlo-pythia8_TuneCUETP8M1/MINIAODSIM/PU25nsData2015v1_76X_mcRun2_asymptotic_v12-v1/00000/C2E44C45-1DB8-E511-BBAD-0025905C4326.root
Begin processing the 2000001st record. Run 1, Event 1173592, LumiSection 5877 at 20-Oct-2023 22:46:25.622 CEST
20-Oct-2023 22:46:27 CEST  Closed file root://eospublic.cern.ch//eos/opendata/cms/mc/RunIIFall15MiniAODv2/tZq_ll_4f_13TeV-amcatnlo-pythia8_TuneCUETP8M1/MINIAODSIM/PU25nsData2015v1_76X_mcRun2_asymptotic_v12-v1/00000/C2E44C45-1DB8-E511-BBAD-0025905C4326.root
20-Oct-2023 22:46:27 CEST  Initiating request to open file root://eospublic.cern.ch//eos/opendata/cms/mc/RunIIFall15MiniAODv2/tZq_ll_4f_13TeV-amcatnlo-pythia8_TuneCUETP8M1/MINIAODSIM/PU25nsData2015v1_76X_mcRun2_asymptotic_v12-v1/00000/C8544CEB-1FB8-E511-B4FC-0025905C446C.root
%MSG-w XrdAdaptor:  file_open 20-Oct-2023 22:46:27 CEST PostProcessEvent
Data is served from cern.ch instead of original site eospublic
%MSG
20-Oct-2023 22:46:27 CEST  Successfully opened file root://eospublic.cern.ch//eos/opendata/cms/mc/RunIIFall15MiniAODv2/tZq_ll_4f_13TeV-amcatnlo-pythia8_TuneCUETP8M1/MINIAODSIM/PU25nsData2015v1_76X_mcRun2_asymptotic_v12-v1/00000/C8544CEB-1FB8-E511-B4FC-0025905C446C.root
20-Oct-2023 22:46:29 CEST  Closed file root://eospublic.cern.ch//eos/opendata/cms/mc/RunIIFall15MiniAODv2/tZq_ll_4f_13TeV-amcatnlo-pythia8_TuneCUETP8M1/MINIAODSIM/PU25nsData2015v1_76X_mcRun2_asymptotic_v12-v1/00000/C8544CEB-1FB8-E511-B4FC-0025905C446C.root
20-Oct-2023 22:46:29 CEST  Initiating request to open file root://eospublic.cern.ch//eos/opendata/cms/mc/RunIIFall15MiniAODv2/tZq_ll_4f_13TeV-amcatnlo-pythia8_TuneCUETP8M1/MINIAODSIM/PU25nsData2015v1_76X_mcRun2_asymptotic_v12-v1/00000/C8AF1C53-1EB8-E511-936A-0025905C4328.root
%MSG-w XrdAdaptor:  file_open 20-Oct-2023 22:46:29 CEST PostProcessEvent
Data is served from cern.ch instead of original site eospublic
%MSG
20-Oct-2023 22:46:29 CEST  Successfully opened file root://eospublic.cern.ch//eos/opendata/cms/mc/RunIIFall15MiniAODv2/tZq_ll_4f_13TeV-amcatnlo-pythia8_TuneCUETP8M1/MINIAODSIM/PU25nsData2015v1_76X_mcRun2_asymptotic_v12-v1/00000/C8AF1C53-1EB8-E511-936A-0025905C4328.root
Begin processing the 2100001st record. Run 1, Event 2723195, LumiSection 13637 at 20-Oct-2023 22:46:32.612 CEST
20-Oct-2023 22:46:32 CEST  Closed file root://eospublic.cern.ch//eos/opendata/cms/mc/RunIIFall15MiniAODv2/tZq_ll_4f_13TeV-amcatnlo-pythia8_TuneCUETP8M1/MINIAODSIM/PU25nsData2015v1_76X_mcRun2_asymptotic_v12-v1/00000/C8AF1C53-1EB8-E511-936A-0025905C4328.root
20-Oct-2023 22:46:32 CEST  Initiating request to open file root://eospublic.cern.ch//eos/opendata/cms/mc/RunIIFall15MiniAODv2/tZq_ll_4f_13TeV-amcatnlo-pythia8_TuneCUETP8M1/MINIAODSIM/PU25nsData2015v1_76X_mcRun2_asymptotic_v12-v1/00000/CE8D6135-1DB8-E511-A641-0025905C4270.root
%MSG-w XrdAdaptor:  file_open 20-Oct-2023 22:46:32 CEST PostProcessEvent
Data is served from cern.ch instead of original site eospublic
%MSG
20-Oct-2023 22:46:32 CEST  Successfully opened file root://eospublic.cern.ch//eos/opendata/cms/mc/RunIIFall15MiniAODv2/tZq_ll_4f_13TeV-amcatnlo-pythia8_TuneCUETP8M1/MINIAODSIM/PU25nsData2015v1_76X_mcRun2_asymptotic_v12-v1/00000/CE8D6135-1DB8-E511-A641-0025905C4270.root
20-Oct-2023 22:46:35 CEST  Closed file root://eospublic.cern.ch//eos/opendata/cms/mc/RunIIFall15MiniAODv2/tZq_ll_4f_13TeV-amcatnlo-pythia8_TuneCUETP8M1/MINIAODSIM/PU25nsData2015v1_76X_mcRun2_asymptotic_v12-v1/00000/CE8D6135-1DB8-E511-A641-0025905C4270.root
20-Oct-2023 22:46:35 CEST  Initiating request to open file root://eospublic.cern.ch//eos/opendata/cms/mc/RunIIFall15MiniAODv2/tZq_ll_4f_13TeV-amcatnlo-pythia8_TuneCUETP8M1/MINIAODSIM/PU25nsData2015v1_76X_mcRun2_asymptotic_v12-v1/00000/DAA3C00C-1FB8-E511-BB03-0025905AC95E.root
%MSG-w XrdAdaptor:  file_open 20-Oct-2023 22:46:35 CEST PostProcessEvent
Data is served from cern.ch instead of original site eospublic
%MSG
20-Oct-2023 22:46:35 CEST  Successfully opened file root://eospublic.cern.ch//eos/opendata/cms/mc/RunIIFall15MiniAODv2/tZq_ll_4f_13TeV-amcatnlo-pythia8_TuneCUETP8M1/MINIAODSIM/PU25nsData2015v1_76X_mcRun2_asymptotic_v12-v1/00000/DAA3C00C-1FB8-E511-BB03-0025905AC95E.root
20-Oct-2023 22:46:38 CEST  Closed file root://eospublic.cern.ch//eos/opendata/cms/mc/RunIIFall15MiniAODv2/tZq_ll_4f_13TeV-amcatnlo-pythia8_TuneCUETP8M1/MINIAODSIM/PU25nsData2015v1_76X_mcRun2_asymptotic_v12-v1/00000/DAA3C00C-1FB8-E511-BB03-0025905AC95E.root
20-Oct-2023 22:46:38 CEST  Initiating request to open file root://eospublic.cern.ch//eos/opendata/cms/mc/RunIIFall15MiniAODv2/tZq_ll_4f_13TeV-amcatnlo-pythia8_TuneCUETP8M1/MINIAODSIM/PU25nsData2015v1_76X_mcRun2_asymptotic_v12-v1/00000/DE13F612-1FB8-E511-9553-0025905C4270.root
%MSG-w XrdAdaptor:  file_open 20-Oct-2023 22:46:38 CEST PostProcessEvent
Data is served from cern.ch instead of original site eospublic
%MSG
20-Oct-2023 22:46:38 CEST  Successfully opened file root://eospublic.cern.ch//eos/opendata/cms/mc/RunIIFall15MiniAODv2/tZq_ll_4f_13TeV-amcatnlo-pythia8_TuneCUETP8M1/MINIAODSIM/PU25nsData2015v1_76X_mcRun2_asymptotic_v12-v1/00000/DE13F612-1FB8-E511-9553-0025905C4270.root
Begin processing the 2200001st record. Run 1, Event 2753486, LumiSection 13789 at 20-Oct-2023 22:46:40.634 CEST
20-Oct-2023 22:46:42 CEST  Closed file root://eospublic.cern.ch//eos/opendata/cms/mc/RunIIFall15MiniAODv2/tZq_ll_4f_13TeV-amcatnlo-pythia8_TuneCUETP8M1/MINIAODSIM/PU25nsData2015v1_76X_mcRun2_asymptotic_v12-v1/00000/DE13F612-1FB8-E511-9553-0025905C4270.root
20-Oct-2023 22:46:42 CEST  Initiating request to open file root://eospublic.cern.ch//eos/opendata/cms/mc/RunIIFall15MiniAODv2/tZq_ll_4f_13TeV-amcatnlo-pythia8_TuneCUETP8M1/MINIAODSIM/PU25nsData2015v1_76X_mcRun2_asymptotic_v12-v1/00000/DE53F065-1EB8-E511-9427-0025905C42D4.root
%MSG-w XrdAdaptor:  file_open 20-Oct-2023 22:46:42 CEST PostProcessEvent
Data is served from cern.ch instead of original site eospublic
%MSG
20-Oct-2023 22:46:42 CEST  Successfully opened file root://eospublic.cern.ch//eos/opendata/cms/mc/RunIIFall15MiniAODv2/tZq_ll_4f_13TeV-amcatnlo-pythia8_TuneCUETP8M1/MINIAODSIM/PU25nsData2015v1_76X_mcRun2_asymptotic_v12-v1/00000/DE53F065-1EB8-E511-9427-0025905C42D4.root
20-Oct-2023 22:46:45 CEST  Closed file root://eospublic.cern.ch//eos/opendata/cms/mc/RunIIFall15MiniAODv2/tZq_ll_4f_13TeV-amcatnlo-pythia8_TuneCUETP8M1/MINIAODSIM/PU25nsData2015v1_76X_mcRun2_asymptotic_v12-v1/00000/DE53F065-1EB8-E511-9427-0025905C42D4.root
20-Oct-2023 22:46:45 CEST  Initiating request to open file root://eospublic.cern.ch//eos/opendata/cms/mc/RunIIFall15MiniAODv2/tZq_ll_4f_13TeV-amcatnlo-pythia8_TuneCUETP8M1/MINIAODSIM/PU25nsData2015v1_76X_mcRun2_asymptotic_v12-v1/00000/DEC3FED7-1EB8-E511-8FC5-0025905C2CC0.root
%MSG-w XrdAdaptor:  file_open 20-Oct-2023 22:46:45 CEST PostProcessEvent
Data is served from cern.ch instead of original site eospublic
%MSG
20-Oct-2023 22:46:45 CEST  Successfully opened file root://eospublic.cern.ch//eos/opendata/cms/mc/RunIIFall15MiniAODv2/tZq_ll_4f_13TeV-amcatnlo-pythia8_TuneCUETP8M1/MINIAODSIM/PU25nsData2015v1_76X_mcRun2_asymptotic_v12-v1/00000/DEC3FED7-1EB8-E511-8FC5-0025905C2CC0.root
Begin processing the 2300001st record. Run 1, Event 1348322, LumiSection 6752 at 20-Oct-2023 22:46:47.823 CEST
20-Oct-2023 22:46:48 CEST  Closed file root://eospublic.cern.ch//eos/opendata/cms/mc/RunIIFall15MiniAODv2/tZq_ll_4f_13TeV-amcatnlo-pythia8_TuneCUETP8M1/MINIAODSIM/PU25nsData2015v1_76X_mcRun2_asymptotic_v12-v1/00000/DEC3FED7-1EB8-E511-8FC5-0025905C2CC0.root
20-Oct-2023 22:46:48 CEST  Initiating request to open file root://eospublic.cern.ch//eos/opendata/cms/mc/RunIIFall15MiniAODv2/tZq_ll_4f_13TeV-amcatnlo-pythia8_TuneCUETP8M1/MINIAODSIM/PU25nsData2015v1_76X_mcRun2_asymptotic_v12-v1/00000/E42C82E4-1FB8-E511-A203-0025905C4470.root
%MSG-w XrdAdaptor:  file_open 20-Oct-2023 22:46:48 CEST PostProcessEvent
Data is served from cern.ch instead of original site eospublic
%MSG
20-Oct-2023 22:46:48 CEST  Successfully opened file root://eospublic.cern.ch//eos/opendata/cms/mc/RunIIFall15MiniAODv2/tZq_ll_4f_13TeV-amcatnlo-pythia8_TuneCUETP8M1/MINIAODSIM/PU25nsData2015v1_76X_mcRun2_asymptotic_v12-v1/00000/E42C82E4-1FB8-E511-A203-0025905C4470.root
20-Oct-2023 22:46:52 CEST  Closed file root://eospublic.cern.ch//eos/opendata/cms/mc/RunIIFall15MiniAODv2/tZq_ll_4f_13TeV-amcatnlo-pythia8_TuneCUETP8M1/MINIAODSIM/PU25nsData2015v1_76X_mcRun2_asymptotic_v12-v1/00000/E42C82E4-1FB8-E511-A203-0025905C4470.root
20-Oct-2023 22:46:52 CEST  Initiating request to open file root://eospublic.cern.ch//eos/opendata/cms/mc/RunIIFall15MiniAODv2/tZq_ll_4f_13TeV-amcatnlo-pythia8_TuneCUETP8M1/MINIAODSIM/PU25nsData2015v1_76X_mcRun2_asymptotic_v12-v1/00000/E4867FCF-1EB8-E511-83DD-0025905C446C.root
%MSG-w XrdAdaptor:  file_open 20-Oct-2023 22:46:52 CEST PostProcessEvent
Data is served from cern.ch instead of original site eospublic
%MSG
20-Oct-2023 22:46:52 CEST  Successfully opened file root://eospublic.cern.ch//eos/opendata/cms/mc/RunIIFall15MiniAODv2/tZq_ll_4f_13TeV-amcatnlo-pythia8_TuneCUETP8M1/MINIAODSIM/PU25nsData2015v1_76X_mcRun2_asymptotic_v12-v1/00000/E4867FCF-1EB8-E511-83DD-0025905C446C.root
Begin processing the 2400001st record. Run 1, Event 50628, LumiSection 254 at 20-Oct-2023 22:46:55.043 CEST
20-Oct-2023 22:46:55 CEST  Closed file root://eospublic.cern.ch//eos/opendata/cms/mc/RunIIFall15MiniAODv2/tZq_ll_4f_13TeV-amcatnlo-pythia8_TuneCUETP8M1/MINIAODSIM/PU25nsData2015v1_76X_mcRun2_asymptotic_v12-v1/00000/E4867FCF-1EB8-E511-83DD-0025905C446C.root
20-Oct-2023 22:46:55 CEST  Initiating request to open file root://eospublic.cern.ch//eos/opendata/cms/mc/RunIIFall15MiniAODv2/tZq_ll_4f_13TeV-amcatnlo-pythia8_TuneCUETP8M1/MINIAODSIM/PU25nsData2015v1_76X_mcRun2_asymptotic_v12-v1/00000/E66C30E8-1CB8-E511-A335-0025905AC99A.root
%MSG-w XrdAdaptor:  file_open 20-Oct-2023 22:46:55 CEST PostProcessEvent
Data is served from cern.ch instead of original site eospublic
%MSG
20-Oct-2023 22:46:55 CEST  Successfully opened file root://eospublic.cern.ch//eos/opendata/cms/mc/RunIIFall15MiniAODv2/tZq_ll_4f_13TeV-amcatnlo-pythia8_TuneCUETP8M1/MINIAODSIM/PU25nsData2015v1_76X_mcRun2_asymptotic_v12-v1/00000/E66C30E8-1CB8-E511-A335-0025905AC99A.root
20-Oct-2023 22:46:58 CEST  Closed file root://eospublic.cern.ch//eos/opendata/cms/mc/RunIIFall15MiniAODv2/tZq_ll_4f_13TeV-amcatnlo-pythia8_TuneCUETP8M1/MINIAODSIM/PU25nsData2015v1_76X_mcRun2_asymptotic_v12-v1/00000/E66C30E8-1CB8-E511-A335-0025905AC99A.root
20-Oct-2023 22:46:58 CEST  Initiating request to open file root://eospublic.cern.ch//eos/opendata/cms/mc/RunIIFall15MiniAODv2/tZq_ll_4f_13TeV-amcatnlo-pythia8_TuneCUETP8M1/MINIAODSIM/PU25nsData2015v1_76X_mcRun2_asymptotic_v12-v1/00000/EE45EC15-20B8-E511-95FD-0025905C4326.root
%MSG-w XrdAdaptor:  file_open 20-Oct-2023 22:46:58 CEST PostProcessEvent
Data is served from cern.ch instead of original site eospublic
%MSG
20-Oct-2023 22:46:58 CEST  Successfully opened file root://eospublic.cern.ch//eos/opendata/cms/mc/RunIIFall15MiniAODv2/tZq_ll_4f_13TeV-amcatnlo-pythia8_TuneCUETP8M1/MINIAODSIM/PU25nsData2015v1_76X_mcRun2_asymptotic_v12-v1/00000/EE45EC15-20B8-E511-95FD-0025905C4326.root
20-Oct-2023 22:47:02 CEST  Closed file root://eospublic.cern.ch//eos/opendata/cms/mc/RunIIFall15MiniAODv2/tZq_ll_4f_13TeV-amcatnlo-pythia8_TuneCUETP8M1/MINIAODSIM/PU25nsData2015v1_76X_mcRun2_asymptotic_v12-v1/00000/EE45EC15-20B8-E511-95FD-0025905C4326.root
20-Oct-2023 22:47:02 CEST  Initiating request to open file root://eospublic.cern.ch//eos/opendata/cms/mc/RunIIFall15MiniAODv2/tZq_ll_4f_13TeV-amcatnlo-pythia8_TuneCUETP8M1/MINIAODSIM/PU25nsData2015v1_76X_mcRun2_asymptotic_v12-v1/00000/F48DDBF7-1EB8-E511-8FDA-0025905C446C.root
%MSG-w XrdAdaptor:  file_open 20-Oct-2023 22:47:02 CEST PostProcessEvent
Data is served from cern.ch instead of original site eospublic
%MSG
20-Oct-2023 22:47:02 CEST  Successfully opened file root://eospublic.cern.ch//eos/opendata/cms/mc/RunIIFall15MiniAODv2/tZq_ll_4f_13TeV-amcatnlo-pythia8_TuneCUETP8M1/MINIAODSIM/PU25nsData2015v1_76X_mcRun2_asymptotic_v12-v1/00000/F48DDBF7-1EB8-E511-8FDA-0025905C446C.root
Begin processing the 2500001st record. Run 1, Event 236885, LumiSection 1187 at 20-Oct-2023 22:47:02.960 CEST
20-Oct-2023 22:47:04 CEST  Closed file root://eospublic.cern.ch//eos/opendata/cms/mc/RunIIFall15MiniAODv2/tZq_ll_4f_13TeV-amcatnlo-pythia8_TuneCUETP8M1/MINIAODSIM/PU25nsData2015v1_76X_mcRun2_asymptotic_v12-v1/00000/F48DDBF7-1EB8-E511-8FDA-0025905C446C.root
20-Oct-2023 22:47:04 CEST  Initiating request to open file root://eospublic.cern.ch//eos/opendata/cms/mc/RunIIFall15MiniAODv2/tZq_ll_4f_13TeV-amcatnlo-pythia8_TuneCUETP8M1/MINIAODSIM/PU25nsData2015v1_76X_mcRun2_asymptotic_v12-v1/00000/FAC49074-1EB8-E511-BBDB-0025905AC99A.root
%MSG-w XrdAdaptor:  file_open 20-Oct-2023 22:47:04 CEST PostProcessEvent
Data is served from cern.ch instead of original site eospublic
%MSG
20-Oct-2023 22:47:04 CEST  Successfully opened file root://eospublic.cern.ch//eos/opendata/cms/mc/RunIIFall15MiniAODv2/tZq_ll_4f_13TeV-amcatnlo-pythia8_TuneCUETP8M1/MINIAODSIM/PU25nsData2015v1_76X_mcRun2_asymptotic_v12-v1/00000/FAC49074-1EB8-E511-BBDB-0025905AC99A.root
20-Oct-2023 22:47:08 CEST  Closed file root://eospublic.cern.ch//eos/opendata/cms/mc/RunIIFall15MiniAODv2/tZq_ll_4f_13TeV-amcatnlo-pythia8_TuneCUETP8M1/MINIAODSIM/PU25nsData2015v1_76X_mcRun2_asymptotic_v12-v1/00000/FAC49074-1EB8-E511-BBDB-0025905AC99A.root
20-Oct-2023 22:47:08 CEST  Initiating request to open file root://eospublic.cern.ch//eos/opendata/cms/mc/RunIIFall15MiniAODv2/tZq_ll_4f_13TeV-amcatnlo-pythia8_TuneCUETP8M1/MINIAODSIM/PU25nsData2015v1_76X_mcRun2_asymptotic_v12-v1/60000/143FC5E3-1DB8-E511-A6C2-0025905C426E.root
%MSG-w XrdAdaptor:  file_open 20-Oct-2023 22:47:08 CEST PostProcessEvent
Data is served from cern.ch instead of original site eospublic
%MSG
20-Oct-2023 22:47:08 CEST  Successfully opened file root://eospublic.cern.ch//eos/opendata/cms/mc/RunIIFall15MiniAODv2/tZq_ll_4f_13TeV-amcatnlo-pythia8_TuneCUETP8M1/MINIAODSIM/PU25nsData2015v1_76X_mcRun2_asymptotic_v12-v1/60000/143FC5E3-1DB8-E511-A6C2-0025905C426E.root
20-Oct-2023 22:47:09 CEST  Closed file root://eospublic.cern.ch//eos/opendata/cms/mc/RunIIFall15MiniAODv2/tZq_ll_4f_13TeV-amcatnlo-pythia8_TuneCUETP8M1/MINIAODSIM/PU25nsData2015v1_76X_mcRun2_asymptotic_v12-v1/60000/143FC5E3-1DB8-E511-A6C2-0025905C426E.root
20-Oct-2023 22:47:09 CEST  Initiating request to open file root://eospublic.cern.ch//eos/opendata/cms/mc/RunIIFall15MiniAODv2/tZq_ll_4f_13TeV-amcatnlo-pythia8_TuneCUETP8M1/MINIAODSIM/PU25nsData2015v1_76X_mcRun2_asymptotic_v12-v1/70000/24F5AD9E-5EB8-E511-8081-0025905C4270.root
%MSG-w XrdAdaptor:  file_open 20-Oct-2023 22:47:09 CEST PostProcessEvent
Data is served from cern.ch instead of original site eospublic
%MSG
20-Oct-2023 22:47:09 CEST  Successfully opened file root://eospublic.cern.ch//eos/opendata/cms/mc/RunIIFall15MiniAODv2/tZq_ll_4f_13TeV-amcatnlo-pythia8_TuneCUETP8M1/MINIAODSIM/PU25nsData2015v1_76X_mcRun2_asymptotic_v12-v1/70000/24F5AD9E-5EB8-E511-8081-0025905C4270.root
Begin processing the 2600001st record. Run 1, Event 2436448, LumiSection 12201 at 20-Oct-2023 22:47:11.013 CEST
20-Oct-2023 22:47:12 CEST  Closed file root://eospublic.cern.ch//eos/opendata/cms/mc/RunIIFall15MiniAODv2/tZq_ll_4f_13TeV-amcatnlo-pythia8_TuneCUETP8M1/MINIAODSIM/PU25nsData2015v1_76X_mcRun2_asymptotic_v12-v1/70000/24F5AD9E-5EB8-E511-8081-0025905C4270.root
20-Oct-2023 22:47:12 CEST  Initiating request to open file root://eospublic.cern.ch//eos/opendata/cms/mc/RunIIFall15MiniAODv2/tZq_ll_4f_13TeV-amcatnlo-pythia8_TuneCUETP8M1/MINIAODSIM/PU25nsData2015v1_76X_mcRun2_asymptotic_v12-v1/70000/3E30BAD5-5CB8-E511-97DB-0025905C4270.root
%MSG-w XrdAdaptor:  file_open 20-Oct-2023 22:47:12 CEST PostProcessEvent
Data is served from cern.ch instead of original site eospublic
%MSG
20-Oct-2023 22:47:12 CEST  Successfully opened file root://eospublic.cern.ch//eos/opendata/cms/mc/RunIIFall15MiniAODv2/tZq_ll_4f_13TeV-amcatnlo-pythia8_TuneCUETP8M1/MINIAODSIM/PU25nsData2015v1_76X_mcRun2_asymptotic_v12-v1/70000/3E30BAD5-5CB8-E511-97DB-0025905C4270.root
20-Oct-2023 22:47:15 CEST  Closed file root://eospublic.cern.ch//eos/opendata/cms/mc/RunIIFall15MiniAODv2/tZq_ll_4f_13TeV-amcatnlo-pythia8_TuneCUETP8M1/MINIAODSIM/PU25nsData2015v1_76X_mcRun2_asymptotic_v12-v1/70000/3E30BAD5-5CB8-E511-97DB-0025905C4270.root
20-Oct-2023 22:47:15 CEST  Initiating request to open file root://eospublic.cern.ch//eos/opendata/cms/mc/RunIIFall15MiniAODv2/tZq_ll_4f_13TeV-amcatnlo-pythia8_TuneCUETP8M1/MINIAODSIM/PU25nsData2015v1_76X_mcRun2_asymptotic_v12-v1/70000/54D04DA4-5DB8-E511-8E93-0025905C4270.root
%MSG-w XrdAdaptor:  file_open 20-Oct-2023 22:47:15 CEST PostProcessEvent
Data is served from cern.ch instead of original site eospublic
%MSG
20-Oct-2023 22:47:15 CEST  Successfully opened file root://eospublic.cern.ch//eos/opendata/cms/mc/RunIIFall15MiniAODv2/tZq_ll_4f_13TeV-amcatnlo-pythia8_TuneCUETP8M1/MINIAODSIM/PU25nsData2015v1_76X_mcRun2_asymptotic_v12-v1/70000/54D04DA4-5DB8-E511-8E93-0025905C4270.root
Begin processing the 2700001st record. Run 1, Event 773776, LumiSection 3875 at 20-Oct-2023 22:47:18.053 CEST
20-Oct-2023 22:47:18 CEST  Closed file root://eospublic.cern.ch//eos/opendata/cms/mc/RunIIFall15MiniAODv2/tZq_ll_4f_13TeV-amcatnlo-pythia8_TuneCUETP8M1/MINIAODSIM/PU25nsData2015v1_76X_mcRun2_asymptotic_v12-v1/70000/54D04DA4-5DB8-E511-8E93-0025905C4270.root
20-Oct-2023 22:47:18 CEST  Initiating request to open file root://eospublic.cern.ch//eos/opendata/cms/mc/RunIIFall15MiniAODv2/tZq_ll_4f_13TeV-amcatnlo-pythia8_TuneCUETP8M1/MINIAODSIM/PU25nsData2015v1_76X_mcRun2_asymptotic_v12-v1/70000/56E27AA7-5FB8-E511-BCA9-0025905C4270.root
%MSG-w XrdAdaptor:  file_open 20-Oct-2023 22:47:18 CEST PostProcessEvent
Data is served from cern.ch instead of original site eospublic
%MSG
20-Oct-2023 22:47:18 CEST  Successfully opened file root://eospublic.cern.ch//eos/opendata/cms/mc/RunIIFall15MiniAODv2/tZq_ll_4f_13TeV-amcatnlo-pythia8_TuneCUETP8M1/MINIAODSIM/PU25nsData2015v1_76X_mcRun2_asymptotic_v12-v1/70000/56E27AA7-5FB8-E511-BCA9-0025905C4270.root
20-Oct-2023 22:47:21 CEST  Closed file root://eospublic.cern.ch//eos/opendata/cms/mc/RunIIFall15MiniAODv2/tZq_ll_4f_13TeV-amcatnlo-pythia8_TuneCUETP8M1/MINIAODSIM/PU25nsData2015v1_76X_mcRun2_asymptotic_v12-v1/70000/56E27AA7-5FB8-E511-BCA9-0025905C4270.root
20-Oct-2023 22:47:21 CEST  Initiating request to open file root://eospublic.cern.ch//eos/opendata/cms/mc/RunIIFall15MiniAODv2/tZq_ll_4f_13TeV-amcatnlo-pythia8_TuneCUETP8M1/MINIAODSIM/PU25nsData2015v1_76X_mcRun2_asymptotic_v12-v1/70000/6A5CD446-60B8-E511-BEF2-0025905C4326.root
%MSG-w XrdAdaptor:  file_open 20-Oct-2023 22:47:21 CEST PostProcessEvent
Data is served from cern.ch instead of original site eospublic
%MSG
20-Oct-2023 22:47:21 CEST  Successfully opened file root://eospublic.cern.ch//eos/opendata/cms/mc/RunIIFall15MiniAODv2/tZq_ll_4f_13TeV-amcatnlo-pythia8_TuneCUETP8M1/MINIAODSIM/PU25nsData2015v1_76X_mcRun2_asymptotic_v12-v1/70000/6A5CD446-60B8-E511-BEF2-0025905C4326.root
Begin processing the 2800001st record. Run 1, Event 2452306, LumiSection 12281 at 20-Oct-2023 22:47:25.310 CEST
20-Oct-2023 22:47:25 CEST  Closed file root://eospublic.cern.ch//eos/opendata/cms/mc/RunIIFall15MiniAODv2/tZq_ll_4f_13TeV-amcatnlo-pythia8_TuneCUETP8M1/MINIAODSIM/PU25nsData2015v1_76X_mcRun2_asymptotic_v12-v1/70000/6A5CD446-60B8-E511-BEF2-0025905C4326.root
20-Oct-2023 22:47:25 CEST  Initiating request to open file root://eospublic.cern.ch//eos/opendata/cms/mc/RunIIFall15MiniAODv2/tZq_ll_4f_13TeV-amcatnlo-pythia8_TuneCUETP8M1/MINIAODSIM/PU25nsData2015v1_76X_mcRun2_asymptotic_v12-v1/70000/90D9CE17-60B8-E511-B733-0025905C4270.root
%MSG-w XrdAdaptor:  file_open 20-Oct-2023 22:47:25 CEST PostProcessEvent
Data is served from cern.ch instead of original site eospublic
%MSG
20-Oct-2023 22:47:25 CEST  Successfully opened file root://eospublic.cern.ch//eos/opendata/cms/mc/RunIIFall15MiniAODv2/tZq_ll_4f_13TeV-amcatnlo-pythia8_TuneCUETP8M1/MINIAODSIM/PU25nsData2015v1_76X_mcRun2_asymptotic_v12-v1/70000/90D9CE17-60B8-E511-B733-0025905C4270.root
20-Oct-2023 22:47:29 CEST  Closed file root://eospublic.cern.ch//eos/opendata/cms/mc/RunIIFall15MiniAODv2/tZq_ll_4f_13TeV-amcatnlo-pythia8_TuneCUETP8M1/MINIAODSIM/PU25nsData2015v1_76X_mcRun2_asymptotic_v12-v1/70000/90D9CE17-60B8-E511-B733-0025905C4270.root
20-Oct-2023 22:47:29 CEST  Initiating request to open file root://eospublic.cern.ch//eos/opendata/cms/mc/RunIIFall15MiniAODv2/tZq_ll_4f_13TeV-amcatnlo-pythia8_TuneCUETP8M1/MINIAODSIM/PU25nsData2015v1_76X_mcRun2_asymptotic_v12-v1/70000/B259B086-5EB8-E511-8BBD-0025905C4270.root
%MSG-w XrdAdaptor:  file_open 20-Oct-2023 22:47:29 CEST PostProcessEvent
Data is served from cern.ch instead of original site eospublic
%MSG
20-Oct-2023 22:47:29 CEST  Successfully opened file root://eospublic.cern.ch//eos/opendata/cms/mc/RunIIFall15MiniAODv2/tZq_ll_4f_13TeV-amcatnlo-pythia8_TuneCUETP8M1/MINIAODSIM/PU25nsData2015v1_76X_mcRun2_asymptotic_v12-v1/70000/B259B086-5EB8-E511-8BBD-0025905C4270.root
20-Oct-2023 22:47:31 CEST  Closed file root://eospublic.cern.ch//eos/opendata/cms/mc/RunIIFall15MiniAODv2/tZq_ll_4f_13TeV-amcatnlo-pythia8_TuneCUETP8M1/MINIAODSIM/PU25nsData2015v1_76X_mcRun2_asymptotic_v12-v1/70000/B259B086-5EB8-E511-8BBD-0025905C4270.root
20-Oct-2023 22:47:31 CEST  Initiating request to open file root://eospublic.cern.ch//eos/opendata/cms/mc/RunIIFall15MiniAODv2/tZq_ll_4f_13TeV-amcatnlo-pythia8_TuneCUETP8M1/MINIAODSIM/PU25nsData2015v1_76X_mcRun2_asymptotic_v12-v1/70000/BA9E730F-61B8-E511-808B-0025905AC806.root
%MSG-w XrdAdaptor:  file_open 20-Oct-2023 22:47:31 CEST PostProcessEvent
Data is served from cern.ch instead of original site eospublic
%MSG
20-Oct-2023 22:47:31 CEST  Successfully opened file root://eospublic.cern.ch//eos/opendata/cms/mc/RunIIFall15MiniAODv2/tZq_ll_4f_13TeV-amcatnlo-pythia8_TuneCUETP8M1/MINIAODSIM/PU25nsData2015v1_76X_mcRun2_asymptotic_v12-v1/70000/BA9E730F-61B8-E511-808B-0025905AC806.root
Begin processing the 2900001st record. Run 1, Event 1912894, LumiSection 9579 at 20-Oct-2023 22:47:33.676 CEST
20-Oct-2023 22:47:35 CEST  Closed file root://eospublic.cern.ch//eos/opendata/cms/mc/RunIIFall15MiniAODv2/tZq_ll_4f_13TeV-amcatnlo-pythia8_TuneCUETP8M1/MINIAODSIM/PU25nsData2015v1_76X_mcRun2_asymptotic_v12-v1/70000/BA9E730F-61B8-E511-808B-0025905AC806.root
20-Oct-2023 22:47:35 CEST  Initiating request to open file root://eospublic.cern.ch//eos/opendata/cms/mc/RunIIFall15MiniAODv2/tZq_ll_4f_13TeV-amcatnlo-pythia8_TuneCUETP8M1/MINIAODSIM/PU25nsData2015v1_76X_mcRun2_asymptotic_v12-v1/70000/CC9CFBE0-60B8-E511-B018-0025905C4270.root
%MSG-w XrdAdaptor:  file_open 20-Oct-2023 22:47:35 CEST PostProcessEvent
Data is served from cern.ch instead of original site eospublic
%MSG
20-Oct-2023 22:47:35 CEST  Successfully opened file root://eospublic.cern.ch//eos/opendata/cms/mc/RunIIFall15MiniAODv2/tZq_ll_4f_13TeV-amcatnlo-pythia8_TuneCUETP8M1/MINIAODSIM/PU25nsData2015v1_76X_mcRun2_asymptotic_v12-v1/70000/CC9CFBE0-60B8-E511-B018-0025905C4270.root
20-Oct-2023 22:47:38 CEST  Closed file root://eospublic.cern.ch//eos/opendata/cms/mc/RunIIFall15MiniAODv2/tZq_ll_4f_13TeV-amcatnlo-pythia8_TuneCUETP8M1/MINIAODSIM/PU25nsData2015v1_76X_mcRun2_asymptotic_v12-v1/70000/CC9CFBE0-60B8-E511-B018-0025905C4270.root
20-Oct-2023 22:47:38 CEST  Initiating request to open file root://eospublic.cern.ch//eos/opendata/cms/mc/RunIIFall15MiniAODv2/tZq_ll_4f_13TeV-amcatnlo-pythia8_TuneCUETP8M1/MINIAODSIM/PU25nsData2015v1_76X_mcRun2_asymptotic_v12-v1/70000/F45A576E-5FB8-E511-8579-0025905C4270.root
%MSG-w XrdAdaptor:  file_open 20-Oct-2023 22:47:38 CEST PostProcessEvent
Data is served from cern.ch instead of original site eospublic
%MSG
20-Oct-2023 22:47:38 CEST  Successfully opened file root://eospublic.cern.ch//eos/opendata/cms/mc/RunIIFall15MiniAODv2/tZq_ll_4f_13TeV-amcatnlo-pythia8_TuneCUETP8M1/MINIAODSIM/PU25nsData2015v1_76X_mcRun2_asymptotic_v12-v1/70000/F45A576E-5FB8-E511-8579-0025905C4270.root
      0.075800      0.000199      0.290549             0
 
20-Oct-2023 22:47:40 CEST  Closed file root://eospublic.cern.ch//eos/opendata/cms/mc/RunIIFall15MiniAODv2/tZq_ll_4f_13TeV-amcatnlo-pythia8_TuneCUETP8M1/MINIAODSIM/PU25nsData2015v1_76X_mcRun2_asymptotic_v12-v1/70000/F45A576E-5FB8-E511-8579-0025905C4270.root

------------------------------------
GenXsecAnalyzer:
------------------------------------
-------------------------------------------------------------------------------------------------------------------------------------------------------------------------- 
Overall cross-section summary 
--------------------------------------------------------------------------------------------------------------------------------------------------------------------------
Process		xsec_before [pb]		passed	nposw	nnegw	tried	nposw	nnegw 	xsec_match [pb]			accepted [%]	 event_eff [%]
0		7.580e-02 +/- 1.989e-04		2996000	1896070	1099930	2996000	1896070	1099930	7.580e-02 +/- 1.989e-04		100.0 +/- 0.0	100.0 +/- 0.0
-------------------------------------------------------------------------------------------------------------------------------------------------------------------------- 
Total		7.580e-02 +/- 1.989e-04		2996000	1896070	1099930	2996000	1896070	1099930	7.580e-02 +/- 1.989e-04		100.0 +/- 0.0	100.0 +/- 0.0
--------------------------------------------------------------------------------------------------------------------------------------------------------------------------
Before matching: total cross section = 7.580e-02 +- 1.989e-04 pb
After matching: total cross section = 7.580e-02 +- 1.989e-04 pb
Filter efficiency (taking into account weights)= (231317) / (231317) = 1.000e+00 +- 0.000e+00
Filter efficiency (event-level)= (2.996e+06) / (2.996e+06) = 1.000e+00 +- 0.000e+00
After filter: final cross section = 7.580e-02 +- 1.989e-04 pb

=============================================

MessageLogger Summary

 type     category        sev    module        subroutine        count    total
 ---- -------------------- -- ---------------- ----------------  -----    -----
    1 GenXSecAnalyzer      -w GenXSecAnalyzer:                      12       12
    2 XrdAdaptor           -w file_open                             75       75
    3 fileAction           -s file_close                            75       75
    4 fileAction           -s file_open                            150      150

 type    category    Examples: run/evt        run/evt          run/evt
 ---- -------------------- ---------------- ---------------- ----------------
    1 GenXSecAnalyzer      PostEndRun       PostEndRun       PostEndRun
    2 XrdAdaptor           pre-events       PostProcessEvent PostProcessEvent
    3 fileAction           PostProcessEvent PostProcessEvent PostEndRun
    4 fileAction           pre-events       pre-events       PostProcessEvent

Severity    # Occurrences   Total Occurrences
--------    -------------   -----------------
Warning                87                  87
System                225                 225
