20-Oct-2023 22:50:31 CEST  Initiating request to open file root://eospublic.cern.ch//eos/opendata/cms/mc/RunIIFall15MiniAODv2/tGamma_FCNC_tGc_13TeV-madgraph-pythia8_TuneCUETP8M1/MINIAODSIM/PU25nsData2015v1_76X_mcRun2_asymptotic_v12-v1/10000/48A751A5-4CB8-E511-9D86-001EC9B215A1.root
%MSG-w XrdAdaptor:  file_open 20-Oct-2023 22:50:31 CEST pre-events
Data is served from cern.ch instead of original site eospublic
%MSG
20-Oct-2023 22:50:33 CEST  Successfully opened file root://eospublic.cern.ch//eos/opendata/cms/mc/RunIIFall15MiniAODv2/tGamma_FCNC_tGc_13TeV-madgraph-pythia8_TuneCUETP8M1/MINIAODSIM/PU25nsData2015v1_76X_mcRun2_asymptotic_v12-v1/10000/48A751A5-4CB8-E511-9D86-001EC9B215A1.root
Begin processing the 1st record. Run 1, Event 201, LumiSection 2 at 20-Oct-2023 22:50:34.599 CEST
20-Oct-2023 22:50:37 CEST  Closed file root://eospublic.cern.ch//eos/opendata/cms/mc/RunIIFall15MiniAODv2/tGamma_FCNC_tGc_13TeV-madgraph-pythia8_TuneCUETP8M1/MINIAODSIM/PU25nsData2015v1_76X_mcRun2_asymptotic_v12-v1/10000/48A751A5-4CB8-E511-9D86-001EC9B215A1.root
20-Oct-2023 22:50:37 CEST  Initiating request to open file root://eospublic.cern.ch//eos/opendata/cms/mc/RunIIFall15MiniAODv2/tGamma_FCNC_tGc_13TeV-madgraph-pythia8_TuneCUETP8M1/MINIAODSIM/PU25nsData2015v1_76X_mcRun2_asymptotic_v12-v1/10000/602C9A3C-4DB8-E511-8795-008CFAF06CA2.root
%MSG-w XrdAdaptor:  file_open 20-Oct-2023 22:50:37 CEST PostProcessEvent
Data is served from cern.ch instead of original site eospublic
%MSG
20-Oct-2023 22:50:37 CEST  Successfully opened file root://eospublic.cern.ch//eos/opendata/cms/mc/RunIIFall15MiniAODv2/tGamma_FCNC_tGc_13TeV-madgraph-pythia8_TuneCUETP8M1/MINIAODSIM/PU25nsData2015v1_76X_mcRun2_asymptotic_v12-v1/10000/602C9A3C-4DB8-E511-8795-008CFAF06CA2.root
20-Oct-2023 22:50:39 CEST  Closed file root://eospublic.cern.ch//eos/opendata/cms/mc/RunIIFall15MiniAODv2/tGamma_FCNC_tGc_13TeV-madgraph-pythia8_TuneCUETP8M1/MINIAODSIM/PU25nsData2015v1_76X_mcRun2_asymptotic_v12-v1/10000/602C9A3C-4DB8-E511-8795-008CFAF06CA2.root
20-Oct-2023 22:50:39 CEST  Initiating request to open file root://eospublic.cern.ch//eos/opendata/cms/mc/RunIIFall15MiniAODv2/tGamma_FCNC_tGc_13TeV-madgraph-pythia8_TuneCUETP8M1/MINIAODSIM/PU25nsData2015v1_76X_mcRun2_asymptotic_v12-v1/10000/7AE2CDC0-4CB8-E511-A6E6-00259021A53E.root
%MSG-w XrdAdaptor:  file_open 20-Oct-2023 22:50:39 CEST PostProcessEvent
Data is served from cern.ch instead of original site eospublic
%MSG
20-Oct-2023 22:50:40 CEST  Successfully opened file root://eospublic.cern.ch//eos/opendata/cms/mc/RunIIFall15MiniAODv2/tGamma_FCNC_tGc_13TeV-madgraph-pythia8_TuneCUETP8M1/MINIAODSIM/PU25nsData2015v1_76X_mcRun2_asymptotic_v12-v1/10000/7AE2CDC0-4CB8-E511-A6E6-00259021A53E.root
20-Oct-2023 22:50:41 CEST  Closed file root://eospublic.cern.ch//eos/opendata/cms/mc/RunIIFall15MiniAODv2/tGamma_FCNC_tGc_13TeV-madgraph-pythia8_TuneCUETP8M1/MINIAODSIM/PU25nsData2015v1_76X_mcRun2_asymptotic_v12-v1/10000/7AE2CDC0-4CB8-E511-A6E6-00259021A53E.root
20-Oct-2023 22:50:41 CEST  Initiating request to open file root://eospublic.cern.ch//eos/opendata/cms/mc/RunIIFall15MiniAODv2/tGamma_FCNC_tGc_13TeV-madgraph-pythia8_TuneCUETP8M1/MINIAODSIM/PU25nsData2015v1_76X_mcRun2_asymptotic_v12-v1/10000/8668C833-4DB8-E511-8E2E-008CFAF06ACE.root
%MSG-w XrdAdaptor:  file_open 20-Oct-2023 22:50:41 CEST PostProcessEvent
Data is served from cern.ch instead of original site eospublic
%MSG
20-Oct-2023 22:50:41 CEST  Successfully opened file root://eospublic.cern.ch//eos/opendata/cms/mc/RunIIFall15MiniAODv2/tGamma_FCNC_tGc_13TeV-madgraph-pythia8_TuneCUETP8M1/MINIAODSIM/PU25nsData2015v1_76X_mcRun2_asymptotic_v12-v1/10000/8668C833-4DB8-E511-8E2E-008CFAF06ACE.root
Begin processing the 100001st record. Run 1, Event 144001, LumiSection 721 at 20-Oct-2023 22:50:42.490 CEST
20-Oct-2023 22:50:44 CEST  Closed file root://eospublic.cern.ch//eos/opendata/cms/mc/RunIIFall15MiniAODv2/tGamma_FCNC_tGc_13TeV-madgraph-pythia8_TuneCUETP8M1/MINIAODSIM/PU25nsData2015v1_76X_mcRun2_asymptotic_v12-v1/10000/8668C833-4DB8-E511-8E2E-008CFAF06ACE.root
20-Oct-2023 22:50:44 CEST  Initiating request to open file root://eospublic.cern.ch//eos/opendata/cms/mc/RunIIFall15MiniAODv2/tGamma_FCNC_tGc_13TeV-madgraph-pythia8_TuneCUETP8M1/MINIAODSIM/PU25nsData2015v1_76X_mcRun2_asymptotic_v12-v1/10000/9AFF67AD-4CB8-E511-AA3E-0CC47A0091C6.root
%MSG-w XrdAdaptor:  file_open 20-Oct-2023 22:50:44 CEST PostProcessEvent
Data is served from cern.ch instead of original site eospublic
%MSG
20-Oct-2023 22:50:44 CEST  Successfully opened file root://eospublic.cern.ch//eos/opendata/cms/mc/RunIIFall15MiniAODv2/tGamma_FCNC_tGc_13TeV-madgraph-pythia8_TuneCUETP8M1/MINIAODSIM/PU25nsData2015v1_76X_mcRun2_asymptotic_v12-v1/10000/9AFF67AD-4CB8-E511-AA3E-0CC47A0091C6.root
20-Oct-2023 22:50:46 CEST  Closed file root://eospublic.cern.ch//eos/opendata/cms/mc/RunIIFall15MiniAODv2/tGamma_FCNC_tGc_13TeV-madgraph-pythia8_TuneCUETP8M1/MINIAODSIM/PU25nsData2015v1_76X_mcRun2_asymptotic_v12-v1/10000/9AFF67AD-4CB8-E511-AA3E-0CC47A0091C6.root
20-Oct-2023 22:50:46 CEST  Initiating request to open file root://eospublic.cern.ch//eos/opendata/cms/mc/RunIIFall15MiniAODv2/tGamma_FCNC_tGc_13TeV-madgraph-pythia8_TuneCUETP8M1/MINIAODSIM/PU25nsData2015v1_76X_mcRun2_asymptotic_v12-v1/10000/A0D2692C-4DB8-E511-B3DE-AC853D9F5344.root
%MSG-w XrdAdaptor:  file_open 20-Oct-2023 22:50:46 CEST PostProcessEvent
Data is served from cern.ch instead of original site eospublic
%MSG
20-Oct-2023 22:50:46 CEST  Successfully opened file root://eospublic.cern.ch//eos/opendata/cms/mc/RunIIFall15MiniAODv2/tGamma_FCNC_tGc_13TeV-madgraph-pythia8_TuneCUETP8M1/MINIAODSIM/PU25nsData2015v1_76X_mcRun2_asymptotic_v12-v1/10000/A0D2692C-4DB8-E511-B3DE-AC853D9F5344.root
Begin processing the 200001st record. Run 1, Event 3001, LumiSection 16 at 20-Oct-2023 22:50:49.626 CEST
20-Oct-2023 22:50:50 CEST  Closed file root://eospublic.cern.ch//eos/opendata/cms/mc/RunIIFall15MiniAODv2/tGamma_FCNC_tGc_13TeV-madgraph-pythia8_TuneCUETP8M1/MINIAODSIM/PU25nsData2015v1_76X_mcRun2_asymptotic_v12-v1/10000/A0D2692C-4DB8-E511-B3DE-AC853D9F5344.root
20-Oct-2023 22:50:50 CEST  Initiating request to open file root://eospublic.cern.ch//eos/opendata/cms/mc/RunIIFall15MiniAODv2/tGamma_FCNC_tGc_13TeV-madgraph-pythia8_TuneCUETP8M1/MINIAODSIM/PU25nsData2015v1_76X_mcRun2_asymptotic_v12-v1/10000/B8F3C32F-4DB8-E511-BA5C-000F530E46D0.root
%MSG-w XrdAdaptor:  file_open 20-Oct-2023 22:50:50 CEST PostProcessEvent
Data is served from cern.ch instead of original site eospublic
%MSG
20-Oct-2023 22:50:50 CEST  Successfully opened file root://eospublic.cern.ch//eos/opendata/cms/mc/RunIIFall15MiniAODv2/tGamma_FCNC_tGc_13TeV-madgraph-pythia8_TuneCUETP8M1/MINIAODSIM/PU25nsData2015v1_76X_mcRun2_asymptotic_v12-v1/10000/B8F3C32F-4DB8-E511-BA5C-000F530E46D0.root
20-Oct-2023 22:50:52 CEST  Closed file root://eospublic.cern.ch//eos/opendata/cms/mc/RunIIFall15MiniAODv2/tGamma_FCNC_tGc_13TeV-madgraph-pythia8_TuneCUETP8M1/MINIAODSIM/PU25nsData2015v1_76X_mcRun2_asymptotic_v12-v1/10000/B8F3C32F-4DB8-E511-BA5C-000F530E46D0.root
20-Oct-2023 22:50:52 CEST  Initiating request to open file root://eospublic.cern.ch//eos/opendata/cms/mc/RunIIFall15MiniAODv2/tGamma_FCNC_tGc_13TeV-madgraph-pythia8_TuneCUETP8M1/MINIAODSIM/PU25nsData2015v1_76X_mcRun2_asymptotic_v12-v1/10000/D4DD5F29-4DB8-E511-A82F-AC853D9DACD3.root
%MSG-w XrdAdaptor:  file_open 20-Oct-2023 22:50:52 CEST PostProcessEvent
Data is served from cern.ch instead of original site eospublic
%MSG
20-Oct-2023 22:50:52 CEST  Successfully opened file root://eospublic.cern.ch//eos/opendata/cms/mc/RunIIFall15MiniAODv2/tGamma_FCNC_tGc_13TeV-madgraph-pythia8_TuneCUETP8M1/MINIAODSIM/PU25nsData2015v1_76X_mcRun2_asymptotic_v12-v1/10000/D4DD5F29-4DB8-E511-A82F-AC853D9DACD3.root
20-Oct-2023 22:50:55 CEST  Closed file root://eospublic.cern.ch//eos/opendata/cms/mc/RunIIFall15MiniAODv2/tGamma_FCNC_tGc_13TeV-madgraph-pythia8_TuneCUETP8M1/MINIAODSIM/PU25nsData2015v1_76X_mcRun2_asymptotic_v12-v1/10000/D4DD5F29-4DB8-E511-A82F-AC853D9DACD3.root
20-Oct-2023 22:50:55 CEST  Initiating request to open file root://eospublic.cern.ch//eos/opendata/cms/mc/RunIIFall15MiniAODv2/tGamma_FCNC_tGc_13TeV-madgraph-pythia8_TuneCUETP8M1/MINIAODSIM/PU25nsData2015v1_76X_mcRun2_asymptotic_v12-v1/10000/DAB4C329-4DB8-E511-8E92-000F53273744.root
%MSG-w XrdAdaptor:  file_open 20-Oct-2023 22:50:55 CEST PostProcessEvent
Data is served from cern.ch instead of original site eospublic
%MSG
20-Oct-2023 22:50:55 CEST  Successfully opened file root://eospublic.cern.ch//eos/opendata/cms/mc/RunIIFall15MiniAODv2/tGamma_FCNC_tGc_13TeV-madgraph-pythia8_TuneCUETP8M1/MINIAODSIM/PU25nsData2015v1_76X_mcRun2_asymptotic_v12-v1/10000/DAB4C329-4DB8-E511-8E92-000F53273744.root
Begin processing the 300001st record. Run 1, Event 264201, LumiSection 1322 at 20-Oct-2023 22:50:57.868 CEST
20-Oct-2023 22:50:59 CEST  Closed file root://eospublic.cern.ch//eos/opendata/cms/mc/RunIIFall15MiniAODv2/tGamma_FCNC_tGc_13TeV-madgraph-pythia8_TuneCUETP8M1/MINIAODSIM/PU25nsData2015v1_76X_mcRun2_asymptotic_v12-v1/10000/DAB4C329-4DB8-E511-8E92-000F53273744.root
20-Oct-2023 22:50:59 CEST  Initiating request to open file root://eospublic.cern.ch//eos/opendata/cms/mc/RunIIFall15MiniAODv2/tGamma_FCNC_tGc_13TeV-madgraph-pythia8_TuneCUETP8M1/MINIAODSIM/PU25nsData2015v1_76X_mcRun2_asymptotic_v12-v1/10000/F451E72B-4DB8-E511-BFAA-008CFA50268E.root
%MSG-w XrdAdaptor:  file_open 20-Oct-2023 22:50:59 CEST PostProcessEvent
Data is served from cern.ch instead of original site eospublic
%MSG
20-Oct-2023 22:50:59 CEST  Successfully opened file root://eospublic.cern.ch//eos/opendata/cms/mc/RunIIFall15MiniAODv2/tGamma_FCNC_tGc_13TeV-madgraph-pythia8_TuneCUETP8M1/MINIAODSIM/PU25nsData2015v1_76X_mcRun2_asymptotic_v12-v1/10000/F451E72B-4DB8-E511-BFAA-008CFA50268E.root
20-Oct-2023 22:51:02 CEST  Closed file root://eospublic.cern.ch//eos/opendata/cms/mc/RunIIFall15MiniAODv2/tGamma_FCNC_tGc_13TeV-madgraph-pythia8_TuneCUETP8M1/MINIAODSIM/PU25nsData2015v1_76X_mcRun2_asymptotic_v12-v1/10000/F451E72B-4DB8-E511-BFAA-008CFA50268E.root
20-Oct-2023 22:51:02 CEST  Initiating request to open file root://eospublic.cern.ch//eos/opendata/cms/mc/RunIIFall15MiniAODv2/tGamma_FCNC_tGc_13TeV-madgraph-pythia8_TuneCUETP8M1/MINIAODSIM/PU25nsData2015v1_76X_mcRun2_asymptotic_v12-v1/10000/F6CAF529-4DB8-E511-9419-008CFAF060D8.root
%MSG-w XrdAdaptor:  file_open 20-Oct-2023 22:51:02 CEST PostProcessEvent
Data is served from cern.ch instead of original site eospublic
%MSG
20-Oct-2023 22:51:02 CEST  Successfully opened file root://eospublic.cern.ch//eos/opendata/cms/mc/RunIIFall15MiniAODv2/tGamma_FCNC_tGc_13TeV-madgraph-pythia8_TuneCUETP8M1/MINIAODSIM/PU25nsData2015v1_76X_mcRun2_asymptotic_v12-v1/10000/F6CAF529-4DB8-E511-9419-008CFAF060D8.root
      0.201514      0.000002      0.000002             0
 
20-Oct-2023 22:51:05 CEST  Closed file root://eospublic.cern.ch//eos/opendata/cms/mc/RunIIFall15MiniAODv2/tGamma_FCNC_tGc_13TeV-madgraph-pythia8_TuneCUETP8M1/MINIAODSIM/PU25nsData2015v1_76X_mcRun2_asymptotic_v12-v1/10000/F6CAF529-4DB8-E511-9419-008CFAF060D8.root

------------------------------------
GenXsecAnalyzer:
------------------------------------
-------------------------------------------------------------------------------------------------------------------------------------------------------------------------- 
Overall cross-section summary 
--------------------------------------------------------------------------------------------------------------------------------------------------------------------------
Process		xsec_before [pb]		passed	nposw	nnegw	tried	nposw	nnegw 	xsec_match [pb]			accepted [%]	 event_eff [%]
0		2.015e-01 +/- 5.229e-06		399200	399200	0	399200	399200	0	2.015e-01 +/- 5.229e-06		100.0 +/- 0.0	100.0 +/- 0.0
-------------------------------------------------------------------------------------------------------------------------------------------------------------------------- 
Total		2.015e-01 +/- 5.229e-06		399200	399200	0	399200	399200	0	2.015e-01 +/- 5.229e-06		100.0 +/- 0.0	100.0 +/- 0.0
--------------------------------------------------------------------------------------------------------------------------------------------------------------------------
Before matching: total cross section = 2.015e-01 +- 5.229e-06 pb
After matching: total cross section = 2.015e-01 +- 5.229e-06 pb
Filter efficiency (taking into account weights)= (399200) / (399200) = 1.000e+00 +- 0.000e+00
Filter efficiency (event-level)= (399200) / (399200) = 1.000e+00 +- 0.000e+00
After filter: final cross section = 2.015e-01 +- 5.229e-06 pb

=============================================

MessageLogger Summary

 type     category        sev    module        subroutine        count    total
 ---- -------------------- -- ---------------- ----------------  -----    -----
    1 GenXSecAnalyzer      -w GenXSecAnalyzer:                      12       12
    2 XrdAdaptor           -w file_open                             11       11
    3 fileAction           -s file_close                            11       11
    4 fileAction           -s file_open                             22       22

 type    category    Examples: run/evt        run/evt          run/evt
 ---- -------------------- ---------------- ---------------- ----------------
    1 GenXSecAnalyzer      PostEndRun       PostEndRun       PostEndRun
    2 XrdAdaptor           pre-events       PostProcessEvent PostProcessEvent
    3 fileAction           PostProcessEvent PostProcessEvent PostEndRun
    4 fileAction           pre-events       pre-events       PostProcessEvent

Severity    # Occurrences   Total Occurrences
--------    -------------   -----------------
Warning                23                  23
System                 33                  33
