20-Oct-2023 22:09:05 CEST  Initiating request to open file root://eospublic.cern.ch//eos/opendata/cms/mc/RunIIFall15MiniAODv2/TTToLL_MLL_1800ToInf_TuneCUETP8M1_13TeV-powheg-pythia8/MINIAODSIM/PU25nsData2015v1_76X_mcRun2_asymptotic_v12-v1/60000/40599392-7ED5-E511-B4B1-FA163E37E599.root
%MSG-w XrdAdaptor:  file_open 20-Oct-2023 22:09:05 CEST pre-events
Data is served from cern.ch instead of original site eospublic
%MSG
20-Oct-2023 22:09:07 CEST  Successfully opened file root://eospublic.cern.ch//eos/opendata/cms/mc/RunIIFall15MiniAODv2/TTToLL_MLL_1800ToInf_TuneCUETP8M1_13TeV-powheg-pythia8/MINIAODSIM/PU25nsData2015v1_76X_mcRun2_asymptotic_v12-v1/60000/40599392-7ED5-E511-B4B1-FA163E37E599.root
Begin processing the 1st record. Run 1, Event 1601, LumiSection 9 at 20-Oct-2023 22:09:07.928 CEST
20-Oct-2023 22:09:08 CEST  Closed file root://eospublic.cern.ch//eos/opendata/cms/mc/RunIIFall15MiniAODv2/TTToLL_MLL_1800ToInf_TuneCUETP8M1_13TeV-powheg-pythia8/MINIAODSIM/PU25nsData2015v1_76X_mcRun2_asymptotic_v12-v1/60000/40599392-7ED5-E511-B4B1-FA163E37E599.root
20-Oct-2023 22:09:08 CEST  Initiating request to open file root://eospublic.cern.ch//eos/opendata/cms/mc/RunIIFall15MiniAODv2/TTToLL_MLL_1800ToInf_TuneCUETP8M1_13TeV-powheg-pythia8/MINIAODSIM/PU25nsData2015v1_76X_mcRun2_asymptotic_v12-v1/60000/D68568A5-7ED5-E511-9527-0CC47A6C115A.root
%MSG-w XrdAdaptor:  file_open 20-Oct-2023 22:09:08 CEST PostProcessEvent
Data is served from cern.ch instead of original site eospublic
%MSG
20-Oct-2023 22:09:08 CEST  Successfully opened file root://eospublic.cern.ch//eos/opendata/cms/mc/RunIIFall15MiniAODv2/TTToLL_MLL_1800ToInf_TuneCUETP8M1_13TeV-powheg-pythia8/MINIAODSIM/PU25nsData2015v1_76X_mcRun2_asymptotic_v12-v1/60000/D68568A5-7ED5-E511-9527-0CC47A6C115A.root
20-Oct-2023 22:09:09 CEST  Closed file root://eospublic.cern.ch//eos/opendata/cms/mc/RunIIFall15MiniAODv2/TTToLL_MLL_1800ToInf_TuneCUETP8M1_13TeV-powheg-pythia8/MINIAODSIM/PU25nsData2015v1_76X_mcRun2_asymptotic_v12-v1/60000/D68568A5-7ED5-E511-9527-0CC47A6C115A.root
20-Oct-2023 22:09:09 CEST  Initiating request to open file root://eospublic.cern.ch//eos/opendata/cms/mc/RunIIFall15MiniAODv2/TTToLL_MLL_1800ToInf_TuneCUETP8M1_13TeV-powheg-pythia8/MINIAODSIM/PU25nsData2015v1_76X_mcRun2_asymptotic_v12-v1/60000/DAFFD324-7FD5-E511-8DC8-02163E011467.root
%MSG-w XrdAdaptor:  file_open 20-Oct-2023 22:09:09 CEST PostProcessEvent
Data is served from cern.ch instead of original site eospublic
%MSG
20-Oct-2023 22:09:09 CEST  Successfully opened file root://eospublic.cern.ch//eos/opendata/cms/mc/RunIIFall15MiniAODv2/TTToLL_MLL_1800ToInf_TuneCUETP8M1_13TeV-powheg-pythia8/MINIAODSIM/PU25nsData2015v1_76X_mcRun2_asymptotic_v12-v1/60000/DAFFD324-7FD5-E511-8DC8-02163E011467.root
20-Oct-2023 22:09:11 CEST  Closed file root://eospublic.cern.ch//eos/opendata/cms/mc/RunIIFall15MiniAODv2/TTToLL_MLL_1800ToInf_TuneCUETP8M1_13TeV-powheg-pythia8/MINIAODSIM/PU25nsData2015v1_76X_mcRun2_asymptotic_v12-v1/60000/DAFFD324-7FD5-E511-8DC8-02163E011467.root

------------------------------------
GenXsecAnalyzer:
------------------------------------
-------------------------------------------------------------------------------------------------------------------------------------------------------------------------- 
Overall cross-section summary 
--------------------------------------------------------------------------------------------------------------------------------------------------------------------------
Process		xsec_before [pb]		passed	nposw	nnegw	tried	nposw	nnegw 	xsec_match [pb]			accepted [%]	 event_eff [%]
0		7.663e+01 +/- 6.953e-02		40829	40829	0	40829	40829	0	7.663e+01 +/- 6.953e-02		100.0 +/- 0.0	100.0 +/- 0.0
-------------------------------------------------------------------------------------------------------------------------------------------------------------------------- 
Total		7.663e+01 +/- 6.953e-02		40829	40829	0	40829	40829	0	7.663e+01 +/- 6.953e-02		100.0 +/- 0.0	100.0 +/- 0.0
--------------------------------------------------------------------------------------------------------------------------------------------------------------------------
Before matching: total cross section = 7.663e+01 +- 6.953e-02 pb
After matching: total cross section = 7.663e+01 +- 6.953e-02 pb
Filter efficiency (taking into account weights)= (40829) / (40829) = 1.000e+00 +- 0.000e+00
Filter efficiency (event-level)= (40829) / (40829) = 1.000e+00 +- 0.000e+00
After filter: final cross section = 7.663e+01 +- 6.953e-02 pb

=============================================

MessageLogger Summary

 type     category        sev    module        subroutine        count    total
 ---- -------------------- -- ---------------- ----------------  -----    -----
    1 GenXSecAnalyzer      -w GenXSecAnalyzer:                      12       12
    2 XrdAdaptor           -w file_open                              3        3
    3 fileAction           -s file_close                             3        3
    4 fileAction           -s file_open                              6        6

 type    category    Examples: run/evt        run/evt          run/evt
 ---- -------------------- ---------------- ---------------- ----------------
    1 GenXSecAnalyzer      PostEndRun       PostEndRun       PostEndRun
    2 XrdAdaptor           pre-events       PostProcessEvent PostProcessEvent
    3 fileAction           PostProcessEvent PostProcessEvent PostEndRun
    4 fileAction           pre-events       pre-events       PostProcessEvent

Severity    # Occurrences   Total Occurrences
--------    -------------   -----------------
Warning                15                  15
System                  9                   9
