20-Oct-2023 22:51:07 CEST  Initiating request to open file root://eospublic.cern.ch//eos/opendata/cms/mc/RunIIFall15MiniAODv2/tGamma_FCNC_tGu_13TeV-madgraph-pythia8_TuneCUETP8M1/MINIAODSIM/PU25nsData2015v1_76X_mcRun2_asymptotic_v12-v1/00000/14F8B8D5-ABD1-E511-988D-0CC47A4D7626.root
%MSG-w XrdAdaptor:  file_open 20-Oct-2023 22:51:07 CEST pre-events
Data is served from cern.ch instead of original site eospublic
%MSG
20-Oct-2023 22:51:09 CEST  Successfully opened file root://eospublic.cern.ch//eos/opendata/cms/mc/RunIIFall15MiniAODv2/tGamma_FCNC_tGu_13TeV-madgraph-pythia8_TuneCUETP8M1/MINIAODSIM/PU25nsData2015v1_76X_mcRun2_asymptotic_v12-v1/00000/14F8B8D5-ABD1-E511-988D-0CC47A4D7626.root
Begin processing the 1st record. Run 1, Event 43001, LumiSection 216 at 20-Oct-2023 22:51:10.125 CEST
20-Oct-2023 22:51:11 CEST  Closed file root://eospublic.cern.ch//eos/opendata/cms/mc/RunIIFall15MiniAODv2/tGamma_FCNC_tGu_13TeV-madgraph-pythia8_TuneCUETP8M1/MINIAODSIM/PU25nsData2015v1_76X_mcRun2_asymptotic_v12-v1/00000/14F8B8D5-ABD1-E511-988D-0CC47A4D7626.root
20-Oct-2023 22:51:11 CEST  Initiating request to open file root://eospublic.cern.ch//eos/opendata/cms/mc/RunIIFall15MiniAODv2/tGamma_FCNC_tGu_13TeV-madgraph-pythia8_TuneCUETP8M1/MINIAODSIM/PU25nsData2015v1_76X_mcRun2_asymptotic_v12-v1/00000/3C8632D8-ABD1-E511-9A93-0025905A6084.root
%MSG-w XrdAdaptor:  file_open 20-Oct-2023 22:51:11 CEST PostProcessEvent
Data is served from cern.ch instead of original site eospublic
%MSG
20-Oct-2023 22:51:11 CEST  Successfully opened file root://eospublic.cern.ch//eos/opendata/cms/mc/RunIIFall15MiniAODv2/tGamma_FCNC_tGu_13TeV-madgraph-pythia8_TuneCUETP8M1/MINIAODSIM/PU25nsData2015v1_76X_mcRun2_asymptotic_v12-v1/00000/3C8632D8-ABD1-E511-9A93-0025905A6084.root
20-Oct-2023 22:51:14 CEST  Closed file root://eospublic.cern.ch//eos/opendata/cms/mc/RunIIFall15MiniAODv2/tGamma_FCNC_tGu_13TeV-madgraph-pythia8_TuneCUETP8M1/MINIAODSIM/PU25nsData2015v1_76X_mcRun2_asymptotic_v12-v1/00000/3C8632D8-ABD1-E511-9A93-0025905A6084.root
20-Oct-2023 22:51:14 CEST  Initiating request to open file root://eospublic.cern.ch//eos/opendata/cms/mc/RunIIFall15MiniAODv2/tGamma_FCNC_tGu_13TeV-madgraph-pythia8_TuneCUETP8M1/MINIAODSIM/PU25nsData2015v1_76X_mcRun2_asymptotic_v12-v1/00000/52519ED1-ABD1-E511-8D13-0CC47A4C8E20.root
%MSG-w XrdAdaptor:  file_open 20-Oct-2023 22:51:14 CEST PostProcessEvent
Data is served from cern.ch instead of original site eospublic
%MSG
20-Oct-2023 22:51:14 CEST  Successfully opened file root://eospublic.cern.ch//eos/opendata/cms/mc/RunIIFall15MiniAODv2/tGamma_FCNC_tGu_13TeV-madgraph-pythia8_TuneCUETP8M1/MINIAODSIM/PU25nsData2015v1_76X_mcRun2_asymptotic_v12-v1/00000/52519ED1-ABD1-E511-8D13-0CC47A4C8E20.root
Begin processing the 100001st record. Run 1, Event 250201, LumiSection 1252 at 20-Oct-2023 22:51:17.140 CEST
20-Oct-2023 22:51:17 CEST  Closed file root://eospublic.cern.ch//eos/opendata/cms/mc/RunIIFall15MiniAODv2/tGamma_FCNC_tGu_13TeV-madgraph-pythia8_TuneCUETP8M1/MINIAODSIM/PU25nsData2015v1_76X_mcRun2_asymptotic_v12-v1/00000/52519ED1-ABD1-E511-8D13-0CC47A4C8E20.root
20-Oct-2023 22:51:17 CEST  Initiating request to open file root://eospublic.cern.ch//eos/opendata/cms/mc/RunIIFall15MiniAODv2/tGamma_FCNC_tGu_13TeV-madgraph-pythia8_TuneCUETP8M1/MINIAODSIM/PU25nsData2015v1_76X_mcRun2_asymptotic_v12-v1/00000/A804D4D8-ABD1-E511-B14F-0025905B8612.root
%MSG-w XrdAdaptor:  file_open 20-Oct-2023 22:51:17 CEST PostProcessEvent
Data is served from cern.ch instead of original site eospublic
%MSG
20-Oct-2023 22:51:17 CEST  Successfully opened file root://eospublic.cern.ch//eos/opendata/cms/mc/RunIIFall15MiniAODv2/tGamma_FCNC_tGu_13TeV-madgraph-pythia8_TuneCUETP8M1/MINIAODSIM/PU25nsData2015v1_76X_mcRun2_asymptotic_v12-v1/00000/A804D4D8-ABD1-E511-B14F-0025905B8612.root
20-Oct-2023 22:51:20 CEST  Closed file root://eospublic.cern.ch//eos/opendata/cms/mc/RunIIFall15MiniAODv2/tGamma_FCNC_tGu_13TeV-madgraph-pythia8_TuneCUETP8M1/MINIAODSIM/PU25nsData2015v1_76X_mcRun2_asymptotic_v12-v1/00000/A804D4D8-ABD1-E511-B14F-0025905B8612.root
20-Oct-2023 22:51:20 CEST  Initiating request to open file root://eospublic.cern.ch//eos/opendata/cms/mc/RunIIFall15MiniAODv2/tGamma_FCNC_tGu_13TeV-madgraph-pythia8_TuneCUETP8M1/MINIAODSIM/PU25nsData2015v1_76X_mcRun2_asymptotic_v12-v1/00000/E26828D2-ABD1-E511-A27E-0CC47A78A2EC.root
%MSG-w XrdAdaptor:  file_open 20-Oct-2023 22:51:20 CEST PostProcessEvent
Data is served from cern.ch instead of original site eospublic
%MSG
20-Oct-2023 22:51:20 CEST  Successfully opened file root://eospublic.cern.ch//eos/opendata/cms/mc/RunIIFall15MiniAODv2/tGamma_FCNC_tGu_13TeV-madgraph-pythia8_TuneCUETP8M1/MINIAODSIM/PU25nsData2015v1_76X_mcRun2_asymptotic_v12-v1/00000/E26828D2-ABD1-E511-A27E-0CC47A78A2EC.root
20-Oct-2023 22:51:23 CEST  Closed file root://eospublic.cern.ch//eos/opendata/cms/mc/RunIIFall15MiniAODv2/tGamma_FCNC_tGu_13TeV-madgraph-pythia8_TuneCUETP8M1/MINIAODSIM/PU25nsData2015v1_76X_mcRun2_asymptotic_v12-v1/00000/E26828D2-ABD1-E511-A27E-0CC47A78A2EC.root
20-Oct-2023 22:51:23 CEST  Initiating request to open file root://eospublic.cern.ch//eos/opendata/cms/mc/RunIIFall15MiniAODv2/tGamma_FCNC_tGu_13TeV-madgraph-pythia8_TuneCUETP8M1/MINIAODSIM/PU25nsData2015v1_76X_mcRun2_asymptotic_v12-v1/00000/E6D0F2D2-ABD1-E511-B186-002618943807.root
%MSG-w XrdAdaptor:  file_open 20-Oct-2023 22:51:23 CEST PostProcessEvent
Data is served from cern.ch instead of original site eospublic
%MSG
20-Oct-2023 22:51:23 CEST  Successfully opened file root://eospublic.cern.ch//eos/opendata/cms/mc/RunIIFall15MiniAODv2/tGamma_FCNC_tGu_13TeV-madgraph-pythia8_TuneCUETP8M1/MINIAODSIM/PU25nsData2015v1_76X_mcRun2_asymptotic_v12-v1/00000/E6D0F2D2-ABD1-E511-B186-002618943807.root
Begin processing the 200001st record. Run 1, Event 349201, LumiSection 1747 at 20-Oct-2023 22:51:25.124 CEST
20-Oct-2023 22:51:27 CEST  Closed file root://eospublic.cern.ch//eos/opendata/cms/mc/RunIIFall15MiniAODv2/tGamma_FCNC_tGu_13TeV-madgraph-pythia8_TuneCUETP8M1/MINIAODSIM/PU25nsData2015v1_76X_mcRun2_asymptotic_v12-v1/00000/E6D0F2D2-ABD1-E511-B186-002618943807.root
20-Oct-2023 22:51:27 CEST  Initiating request to open file root://eospublic.cern.ch//eos/opendata/cms/mc/RunIIFall15MiniAODv2/tGamma_FCNC_tGu_13TeV-madgraph-pythia8_TuneCUETP8M1/MINIAODSIM/PU25nsData2015v1_76X_mcRun2_asymptotic_v12-v1/00000/EC6916D4-ABD1-E511-9BE8-0CC47A4C8E34.root
%MSG-w XrdAdaptor:  file_open 20-Oct-2023 22:51:27 CEST PostProcessEvent
Data is served from cern.ch instead of original site eospublic
%MSG
20-Oct-2023 22:51:27 CEST  Successfully opened file root://eospublic.cern.ch//eos/opendata/cms/mc/RunIIFall15MiniAODv2/tGamma_FCNC_tGu_13TeV-madgraph-pythia8_TuneCUETP8M1/MINIAODSIM/PU25nsData2015v1_76X_mcRun2_asymptotic_v12-v1/00000/EC6916D4-ABD1-E511-9BE8-0CC47A4C8E34.root
20-Oct-2023 22:51:30 CEST  Closed file root://eospublic.cern.ch//eos/opendata/cms/mc/RunIIFall15MiniAODv2/tGamma_FCNC_tGu_13TeV-madgraph-pythia8_TuneCUETP8M1/MINIAODSIM/PU25nsData2015v1_76X_mcRun2_asymptotic_v12-v1/00000/EC6916D4-ABD1-E511-9BE8-0CC47A4C8E34.root
20-Oct-2023 22:51:30 CEST  Initiating request to open file root://eospublic.cern.ch//eos/opendata/cms/mc/RunIIFall15MiniAODv2/tGamma_FCNC_tGu_13TeV-madgraph-pythia8_TuneCUETP8M1/MINIAODSIM/PU25nsData2015v1_76X_mcRun2_asymptotic_v12-v1/00000/F02EF6D5-ABD1-E511-A9CA-0CC47A4D762E.root
%MSG-w XrdAdaptor:  file_open 20-Oct-2023 22:51:30 CEST PostProcessEvent
Data is served from cern.ch instead of original site eospublic
%MSG
20-Oct-2023 22:51:30 CEST  Successfully opened file root://eospublic.cern.ch//eos/opendata/cms/mc/RunIIFall15MiniAODv2/tGamma_FCNC_tGu_13TeV-madgraph-pythia8_TuneCUETP8M1/MINIAODSIM/PU25nsData2015v1_76X_mcRun2_asymptotic_v12-v1/00000/F02EF6D5-ABD1-E511-A9CA-0CC47A4D762E.root
Begin processing the 300001st record. Run 1, Event 135801, LumiSection 680 at 20-Oct-2023 22:51:32.287 CEST
20-Oct-2023 22:51:33 CEST  Closed file root://eospublic.cern.ch//eos/opendata/cms/mc/RunIIFall15MiniAODv2/tGamma_FCNC_tGu_13TeV-madgraph-pythia8_TuneCUETP8M1/MINIAODSIM/PU25nsData2015v1_76X_mcRun2_asymptotic_v12-v1/00000/F02EF6D5-ABD1-E511-A9CA-0CC47A4D762E.root
20-Oct-2023 22:51:33 CEST  Initiating request to open file root://eospublic.cern.ch//eos/opendata/cms/mc/RunIIFall15MiniAODv2/tGamma_FCNC_tGu_13TeV-madgraph-pythia8_TuneCUETP8M1/MINIAODSIM/PU25nsData2015v1_76X_mcRun2_asymptotic_v12-v1/00000/F255F2D3-ABD1-E511-BA44-0025905938A8.root
%MSG-w XrdAdaptor:  file_open 20-Oct-2023 22:51:33 CEST PostProcessEvent
Data is served from cern.ch instead of original site eospublic
%MSG
20-Oct-2023 22:51:33 CEST  Successfully opened file root://eospublic.cern.ch//eos/opendata/cms/mc/RunIIFall15MiniAODv2/tGamma_FCNC_tGu_13TeV-madgraph-pythia8_TuneCUETP8M1/MINIAODSIM/PU25nsData2015v1_76X_mcRun2_asymptotic_v12-v1/00000/F255F2D3-ABD1-E511-BA44-0025905938A8.root
      1.551083      0.000010      0.000313             0
 
20-Oct-2023 22:51:37 CEST  Closed file root://eospublic.cern.ch//eos/opendata/cms/mc/RunIIFall15MiniAODv2/tGamma_FCNC_tGu_13TeV-madgraph-pythia8_TuneCUETP8M1/MINIAODSIM/PU25nsData2015v1_76X_mcRun2_asymptotic_v12-v1/00000/F255F2D3-ABD1-E511-BA44-0025905938A8.root

------------------------------------
GenXsecAnalyzer:
------------------------------------
-------------------------------------------------------------------------------------------------------------------------------------------------------------------------- 
Overall cross-section summary 
--------------------------------------------------------------------------------------------------------------------------------------------------------------------------
Process		xsec_before [pb]		passed	nposw	nnegw	tried	nposw	nnegw 	xsec_match [pb]			accepted [%]	 event_eff [%]
0		1.551e+00 +/- 6.630e-05		375000	375000	0	375000	375000	0	1.551e+00 +/- 6.630e-05		100.0 +/- 0.0	100.0 +/- 0.0
-------------------------------------------------------------------------------------------------------------------------------------------------------------------------- 
Total		1.551e+00 +/- 6.630e-05		375000	375000	0	375000	375000	0	1.551e+00 +/- 6.630e-05		100.0 +/- 0.0	100.0 +/- 0.0
--------------------------------------------------------------------------------------------------------------------------------------------------------------------------
Before matching: total cross section = 1.551e+00 +- 6.630e-05 pb
After matching: total cross section = 1.551e+00 +- 6.630e-05 pb
Filter efficiency (taking into account weights)= (375000) / (375000) = 1.000e+00 +- 0.000e+00
Filter efficiency (event-level)= (375000) / (375000) = 1.000e+00 +- 0.000e+00
After filter: final cross section = 1.551e+00 +- 6.630e-05 pb

=============================================

MessageLogger Summary

 type     category        sev    module        subroutine        count    total
 ---- -------------------- -- ---------------- ----------------  -----    -----
    1 GenXSecAnalyzer      -w GenXSecAnalyzer:                      12       12
    2 XrdAdaptor           -w file_open                              9        9
    3 fileAction           -s file_close                             9        9
    4 fileAction           -s file_open                             18       18

 type    category    Examples: run/evt        run/evt          run/evt
 ---- -------------------- ---------------- ---------------- ----------------
    1 GenXSecAnalyzer      PostEndRun       PostEndRun       PostEndRun
    2 XrdAdaptor           pre-events       PostProcessEvent PostProcessEvent
    3 fileAction           PostProcessEvent PostProcessEvent PostEndRun
    4 fileAction           pre-events       pre-events       PostProcessEvent

Severity    # Occurrences   Total Occurrences
--------    -------------   -----------------
Warning                21                  21
System                 27                  27
