21-Oct-2023 18:53:58 CEST  Initiating request to open file root://eospublic.cern.ch//eos/opendata/cms/mc/RunIIFall15MiniAODv2/ST_tW_top_5f_mtop1695_inclusiveDecays_13TeV-powheg-pythia8_TuneCUETP8M1/MINIAODSIM/PU25nsData2015v1_76X_mcRun2_asymptotic_v12-v1/00000/143D1DA8-5ABB-E511-8690-002590182FD6.root
%MSG-w XrdAdaptor:  file_open 21-Oct-2023 18:53:58 CEST pre-events
Data is served from cern.ch instead of original site eospublic
%MSG
21-Oct-2023 18:54:00 CEST  Successfully opened file root://eospublic.cern.ch//eos/opendata/cms/mc/RunIIFall15MiniAODv2/ST_tW_top_5f_mtop1695_inclusiveDecays_13TeV-powheg-pythia8_TuneCUETP8M1/MINIAODSIM/PU25nsData2015v1_76X_mcRun2_asymptotic_v12-v1/00000/143D1DA8-5ABB-E511-8690-002590182FD6.root
Begin processing the 1st record. Run 1, Event 101, LumiSection 2 at 21-Oct-2023 18:54:01.855 CEST
21-Oct-2023 18:54:05 CEST  Closed file root://eospublic.cern.ch//eos/opendata/cms/mc/RunIIFall15MiniAODv2/ST_tW_top_5f_mtop1695_inclusiveDecays_13TeV-powheg-pythia8_TuneCUETP8M1/MINIAODSIM/PU25nsData2015v1_76X_mcRun2_asymptotic_v12-v1/00000/143D1DA8-5ABB-E511-8690-002590182FD6.root
21-Oct-2023 18:54:05 CEST  Initiating request to open file root://eospublic.cern.ch//eos/opendata/cms/mc/RunIIFall15MiniAODv2/ST_tW_top_5f_mtop1695_inclusiveDecays_13TeV-powheg-pythia8_TuneCUETP8M1/MINIAODSIM/PU25nsData2015v1_76X_mcRun2_asymptotic_v12-v1/00000/2ECF3842-58BB-E511-9F04-003048C56E4A.root
%MSG-w XrdAdaptor:  file_open 21-Oct-2023 18:54:05 CEST PostProcessEvent
Data is served from cern.ch instead of original site eospublic
%MSG
21-Oct-2023 18:54:05 CEST  Successfully opened file root://eospublic.cern.ch//eos/opendata/cms/mc/RunIIFall15MiniAODv2/ST_tW_top_5f_mtop1695_inclusiveDecays_13TeV-powheg-pythia8_TuneCUETP8M1/MINIAODSIM/PU25nsData2015v1_76X_mcRun2_asymptotic_v12-v1/00000/2ECF3842-58BB-E511-9F04-003048C56E4A.root
21-Oct-2023 18:54:11 CEST  Closed file root://eospublic.cern.ch//eos/opendata/cms/mc/RunIIFall15MiniAODv2/ST_tW_top_5f_mtop1695_inclusiveDecays_13TeV-powheg-pythia8_TuneCUETP8M1/MINIAODSIM/PU25nsData2015v1_76X_mcRun2_asymptotic_v12-v1/00000/2ECF3842-58BB-E511-9F04-003048C56E4A.root
21-Oct-2023 18:54:11 CEST  Initiating request to open file root://eospublic.cern.ch//eos/opendata/cms/mc/RunIIFall15MiniAODv2/ST_tW_top_5f_mtop1695_inclusiveDecays_13TeV-powheg-pythia8_TuneCUETP8M1/MINIAODSIM/PU25nsData2015v1_76X_mcRun2_asymptotic_v12-v1/00000/3A614538-58BB-E511-B196-001A4B0A06A8.root
%MSG-w XrdAdaptor:  file_open 21-Oct-2023 18:54:11 CEST PostProcessEvent
Data is served from cern.ch instead of original site eospublic
%MSG
21-Oct-2023 18:54:11 CEST  Successfully opened file root://eospublic.cern.ch//eos/opendata/cms/mc/RunIIFall15MiniAODv2/ST_tW_top_5f_mtop1695_inclusiveDecays_13TeV-powheg-pythia8_TuneCUETP8M1/MINIAODSIM/PU25nsData2015v1_76X_mcRun2_asymptotic_v12-v1/00000/3A614538-58BB-E511-B196-001A4B0A06A8.root
Begin processing the 100001st record. Run 1, Event 483301, LumiSection 4834 at 21-Oct-2023 18:54:12.657 CEST
21-Oct-2023 18:54:15 CEST  Closed file root://eospublic.cern.ch//eos/opendata/cms/mc/RunIIFall15MiniAODv2/ST_tW_top_5f_mtop1695_inclusiveDecays_13TeV-powheg-pythia8_TuneCUETP8M1/MINIAODSIM/PU25nsData2015v1_76X_mcRun2_asymptotic_v12-v1/00000/3A614538-58BB-E511-B196-001A4B0A06A8.root
21-Oct-2023 18:54:15 CEST  Initiating request to open file root://eospublic.cern.ch//eos/opendata/cms/mc/RunIIFall15MiniAODv2/ST_tW_top_5f_mtop1695_inclusiveDecays_13TeV-powheg-pythia8_TuneCUETP8M1/MINIAODSIM/PU25nsData2015v1_76X_mcRun2_asymptotic_v12-v1/00000/3AF9EE32-58BB-E511-98A1-002590182D8E.root
%MSG-w XrdAdaptor:  file_open 21-Oct-2023 18:54:15 CEST PostProcessEvent
Data is served from cern.ch instead of original site eospublic
%MSG
21-Oct-2023 18:54:15 CEST  Successfully opened file root://eospublic.cern.ch//eos/opendata/cms/mc/RunIIFall15MiniAODv2/ST_tW_top_5f_mtop1695_inclusiveDecays_13TeV-powheg-pythia8_TuneCUETP8M1/MINIAODSIM/PU25nsData2015v1_76X_mcRun2_asymptotic_v12-v1/00000/3AF9EE32-58BB-E511-98A1-002590182D8E.root
21-Oct-2023 18:54:20 CEST  Closed file root://eospublic.cern.ch//eos/opendata/cms/mc/RunIIFall15MiniAODv2/ST_tW_top_5f_mtop1695_inclusiveDecays_13TeV-powheg-pythia8_TuneCUETP8M1/MINIAODSIM/PU25nsData2015v1_76X_mcRun2_asymptotic_v12-v1/00000/3AF9EE32-58BB-E511-98A1-002590182D8E.root
21-Oct-2023 18:54:20 CEST  Initiating request to open file root://eospublic.cern.ch//eos/opendata/cms/mc/RunIIFall15MiniAODv2/ST_tW_top_5f_mtop1695_inclusiveDecays_13TeV-powheg-pythia8_TuneCUETP8M1/MINIAODSIM/PU25nsData2015v1_76X_mcRun2_asymptotic_v12-v1/00000/3EA6B231-58BB-E511-B3E2-003048C7A7C8.root
%MSG-w XrdAdaptor:  file_open 21-Oct-2023 18:54:20 CEST PostProcessEvent
Data is served from cern.ch instead of original site eospublic
%MSG
21-Oct-2023 18:54:20 CEST  Successfully opened file root://eospublic.cern.ch//eos/opendata/cms/mc/RunIIFall15MiniAODv2/ST_tW_top_5f_mtop1695_inclusiveDecays_13TeV-powheg-pythia8_TuneCUETP8M1/MINIAODSIM/PU25nsData2015v1_76X_mcRun2_asymptotic_v12-v1/00000/3EA6B231-58BB-E511-B3E2-003048C7A7C8.root
Begin processing the 200001st record. Run 1, Event 404701, LumiSection 4048 at 21-Oct-2023 18:54:23.698 CEST
21-Oct-2023 18:54:25 CEST  Closed file root://eospublic.cern.ch//eos/opendata/cms/mc/RunIIFall15MiniAODv2/ST_tW_top_5f_mtop1695_inclusiveDecays_13TeV-powheg-pythia8_TuneCUETP8M1/MINIAODSIM/PU25nsData2015v1_76X_mcRun2_asymptotic_v12-v1/00000/3EA6B231-58BB-E511-B3E2-003048C7A7C8.root
21-Oct-2023 18:54:25 CEST  Initiating request to open file root://eospublic.cern.ch//eos/opendata/cms/mc/RunIIFall15MiniAODv2/ST_tW_top_5f_mtop1695_inclusiveDecays_13TeV-powheg-pythia8_TuneCUETP8M1/MINIAODSIM/PU25nsData2015v1_76X_mcRun2_asymptotic_v12-v1/00000/BA91C1B3-5ABB-E511-A496-003048976AE4.root
%MSG-w XrdAdaptor:  file_open 21-Oct-2023 18:54:25 CEST PostProcessEvent
Data is served from cern.ch instead of original site eospublic
%MSG
21-Oct-2023 18:54:25 CEST  Successfully opened file root://eospublic.cern.ch//eos/opendata/cms/mc/RunIIFall15MiniAODv2/ST_tW_top_5f_mtop1695_inclusiveDecays_13TeV-powheg-pythia8_TuneCUETP8M1/MINIAODSIM/PU25nsData2015v1_76X_mcRun2_asymptotic_v12-v1/00000/BA91C1B3-5ABB-E511-A496-003048976AE4.root
21-Oct-2023 18:54:30 CEST  Closed file root://eospublic.cern.ch//eos/opendata/cms/mc/RunIIFall15MiniAODv2/ST_tW_top_5f_mtop1695_inclusiveDecays_13TeV-powheg-pythia8_TuneCUETP8M1/MINIAODSIM/PU25nsData2015v1_76X_mcRun2_asymptotic_v12-v1/00000/BA91C1B3-5ABB-E511-A496-003048976AE4.root
21-Oct-2023 18:54:30 CEST  Initiating request to open file root://eospublic.cern.ch//eos/opendata/cms/mc/RunIIFall15MiniAODv2/ST_tW_top_5f_mtop1695_inclusiveDecays_13TeV-powheg-pythia8_TuneCUETP8M1/MINIAODSIM/PU25nsData2015v1_76X_mcRun2_asymptotic_v12-v1/60000/165842A4-67BB-E511-BC89-003048945312.root
%MSG-w XrdAdaptor:  file_open 21-Oct-2023 18:54:30 CEST PostProcessEvent
Data is served from cern.ch instead of original site eospublic
%MSG
21-Oct-2023 18:54:30 CEST  Successfully opened file root://eospublic.cern.ch//eos/opendata/cms/mc/RunIIFall15MiniAODv2/ST_tW_top_5f_mtop1695_inclusiveDecays_13TeV-powheg-pythia8_TuneCUETP8M1/MINIAODSIM/PU25nsData2015v1_76X_mcRun2_asymptotic_v12-v1/60000/165842A4-67BB-E511-BC89-003048945312.root
21-Oct-2023 18:54:32 CEST  Closed file root://eospublic.cern.ch//eos/opendata/cms/mc/RunIIFall15MiniAODv2/ST_tW_top_5f_mtop1695_inclusiveDecays_13TeV-powheg-pythia8_TuneCUETP8M1/MINIAODSIM/PU25nsData2015v1_76X_mcRun2_asymptotic_v12-v1/60000/165842A4-67BB-E511-BC89-003048945312.root
21-Oct-2023 18:54:32 CEST  Initiating request to open file root://eospublic.cern.ch//eos/opendata/cms/mc/RunIIFall15MiniAODv2/ST_tW_top_5f_mtop1695_inclusiveDecays_13TeV-powheg-pythia8_TuneCUETP8M1/MINIAODSIM/PU25nsData2015v1_76X_mcRun2_asymptotic_v12-v1/60000/369987B2-67BB-E511-B2EA-003048C5734E.root
%MSG-w XrdAdaptor:  file_open 21-Oct-2023 18:54:32 CEST PostProcessEvent
Data is served from cern.ch instead of original site eospublic
%MSG
21-Oct-2023 18:54:32 CEST  Successfully opened file root://eospublic.cern.ch//eos/opendata/cms/mc/RunIIFall15MiniAODv2/ST_tW_top_5f_mtop1695_inclusiveDecays_13TeV-powheg-pythia8_TuneCUETP8M1/MINIAODSIM/PU25nsData2015v1_76X_mcRun2_asymptotic_v12-v1/60000/369987B2-67BB-E511-B2EA-003048C5734E.root
Begin processing the 300001st record. Run 1, Event 59401, LumiSection 595 at 21-Oct-2023 18:54:35.369 CEST
21-Oct-2023 18:54:37 CEST  Closed file root://eospublic.cern.ch//eos/opendata/cms/mc/RunIIFall15MiniAODv2/ST_tW_top_5f_mtop1695_inclusiveDecays_13TeV-powheg-pythia8_TuneCUETP8M1/MINIAODSIM/PU25nsData2015v1_76X_mcRun2_asymptotic_v12-v1/60000/369987B2-67BB-E511-B2EA-003048C5734E.root
21-Oct-2023 18:54:37 CEST  Initiating request to open file root://eospublic.cern.ch//eos/opendata/cms/mc/RunIIFall15MiniAODv2/ST_tW_top_5f_mtop1695_inclusiveDecays_13TeV-powheg-pythia8_TuneCUETP8M1/MINIAODSIM/PU25nsData2015v1_76X_mcRun2_asymptotic_v12-v1/60000/8218B7A3-67BB-E511-91FE-003048976ACA.root
%MSG-w XrdAdaptor:  file_open 21-Oct-2023 18:54:37 CEST PostProcessEvent
Data is served from cern.ch instead of original site eospublic
%MSG
21-Oct-2023 18:54:37 CEST  Successfully opened file root://eospublic.cern.ch//eos/opendata/cms/mc/RunIIFall15MiniAODv2/ST_tW_top_5f_mtop1695_inclusiveDecays_13TeV-powheg-pythia8_TuneCUETP8M1/MINIAODSIM/PU25nsData2015v1_76X_mcRun2_asymptotic_v12-v1/60000/8218B7A3-67BB-E511-91FE-003048976ACA.root
21-Oct-2023 18:54:42 CEST  Closed file root://eospublic.cern.ch//eos/opendata/cms/mc/RunIIFall15MiniAODv2/ST_tW_top_5f_mtop1695_inclusiveDecays_13TeV-powheg-pythia8_TuneCUETP8M1/MINIAODSIM/PU25nsData2015v1_76X_mcRun2_asymptotic_v12-v1/60000/8218B7A3-67BB-E511-91FE-003048976ACA.root
21-Oct-2023 18:54:42 CEST  Initiating request to open file root://eospublic.cern.ch//eos/opendata/cms/mc/RunIIFall15MiniAODv2/ST_tW_top_5f_mtop1695_inclusiveDecays_13TeV-powheg-pythia8_TuneCUETP8M1/MINIAODSIM/PU25nsData2015v1_76X_mcRun2_asymptotic_v12-v1/60000/A29E72A1-67BB-E511-A3E7-003048C57344.root
%MSG-w XrdAdaptor:  file_open 21-Oct-2023 18:54:42 CEST PostProcessEvent
Data is served from cern.ch instead of original site eospublic
%MSG
21-Oct-2023 18:54:42 CEST  Successfully opened file root://eospublic.cern.ch//eos/opendata/cms/mc/RunIIFall15MiniAODv2/ST_tW_top_5f_mtop1695_inclusiveDecays_13TeV-powheg-pythia8_TuneCUETP8M1/MINIAODSIM/PU25nsData2015v1_76X_mcRun2_asymptotic_v12-v1/60000/A29E72A1-67BB-E511-A3E7-003048C57344.root
Begin processing the 400001st record. Run 1, Event 423601, LumiSection 4237 at 21-Oct-2023 18:54:46.119 CEST
21-Oct-2023 18:54:47 CEST  Closed file root://eospublic.cern.ch//eos/opendata/cms/mc/RunIIFall15MiniAODv2/ST_tW_top_5f_mtop1695_inclusiveDecays_13TeV-powheg-pythia8_TuneCUETP8M1/MINIAODSIM/PU25nsData2015v1_76X_mcRun2_asymptotic_v12-v1/60000/A29E72A1-67BB-E511-A3E7-003048C57344.root
21-Oct-2023 18:54:47 CEST  Initiating request to open file root://eospublic.cern.ch//eos/opendata/cms/mc/RunIIFall15MiniAODv2/ST_tW_top_5f_mtop1695_inclusiveDecays_13TeV-powheg-pythia8_TuneCUETP8M1/MINIAODSIM/PU25nsData2015v1_76X_mcRun2_asymptotic_v12-v1/60000/D00BC76B-67BB-E511-8505-0025904E0D86.root
%MSG-w XrdAdaptor:  file_open 21-Oct-2023 18:54:47 CEST PostProcessEvent
Data is served from cern.ch instead of original site eospublic
%MSG
21-Oct-2023 18:54:47 CEST  Successfully opened file root://eospublic.cern.ch//eos/opendata/cms/mc/RunIIFall15MiniAODv2/ST_tW_top_5f_mtop1695_inclusiveDecays_13TeV-powheg-pythia8_TuneCUETP8M1/MINIAODSIM/PU25nsData2015v1_76X_mcRun2_asymptotic_v12-v1/60000/D00BC76B-67BB-E511-8505-0025904E0D86.root
21-Oct-2023 18:54:51 CEST  Closed file root://eospublic.cern.ch//eos/opendata/cms/mc/RunIIFall15MiniAODv2/ST_tW_top_5f_mtop1695_inclusiveDecays_13TeV-powheg-pythia8_TuneCUETP8M1/MINIAODSIM/PU25nsData2015v1_76X_mcRun2_asymptotic_v12-v1/60000/D00BC76B-67BB-E511-8505-0025904E0D86.root
21-Oct-2023 18:54:51 CEST  Initiating request to open file root://eospublic.cern.ch//eos/opendata/cms/mc/RunIIFall15MiniAODv2/ST_tW_top_5f_mtop1695_inclusiveDecays_13TeV-powheg-pythia8_TuneCUETP8M1/MINIAODSIM/PU25nsData2015v1_76X_mcRun2_asymptotic_v12-v1/60000/DE8423DD-67BB-E511-9CFF-003048976D98.root
%MSG-w XrdAdaptor:  file_open 21-Oct-2023 18:54:51 CEST PostProcessEvent
Data is served from cern.ch instead of original site eospublic
%MSG
21-Oct-2023 18:54:51 CEST  Successfully opened file root://eospublic.cern.ch//eos/opendata/cms/mc/RunIIFall15MiniAODv2/ST_tW_top_5f_mtop1695_inclusiveDecays_13TeV-powheg-pythia8_TuneCUETP8M1/MINIAODSIM/PU25nsData2015v1_76X_mcRun2_asymptotic_v12-v1/60000/DE8423DD-67BB-E511-9CFF-003048976D98.root
     39.903800      0.032009      1.000000         10000
 
21-Oct-2023 18:54:55 CEST  Closed file root://eospublic.cern.ch//eos/opendata/cms/mc/RunIIFall15MiniAODv2/ST_tW_top_5f_mtop1695_inclusiveDecays_13TeV-powheg-pythia8_TuneCUETP8M1/MINIAODSIM/PU25nsData2015v1_76X_mcRun2_asymptotic_v12-v1/60000/DE8423DD-67BB-E511-9CFF-003048976D98.root

------------------------------------
GenXsecAnalyzer:
------------------------------------
-------------------------------------------------------------------------------------------------------------------------------------------------------------------------- 
Overall cross-section summary 
--------------------------------------------------------------------------------------------------------------------------------------------------------------------------
Process		xsec_before [pb]		passed	nposw	nnegw	tried	nposw	nnegw 	xsec_match [pb]			accepted [%]	 event_eff [%]
-------------------------------------------------------------------------------------------------------------------------------------------------------------------------- 
Total		3.990e+01 +/- 3.201e-02		984900	984900	0	984900	984900	0	3.990e+01 +/- 3.201e-02		100.0 +/- 0.0	100.0 +/- 0.0
--------------------------------------------------------------------------------------------------------------------------------------------------------------------------
Before matching: total cross section = 3.990e+01 +- 3.201e-02 pb
After matching: total cross section = 3.990e+01 +- 3.201e-02 pb
Filter efficiency (taking into account weights)= (492500) / (492500) = 1.000e+00 +- 0.000e+00
Filter efficiency (event-level)= (492500) / (492500) = 1.000e+00 +- 0.000e+00
After filter: final cross section = 3.990e+01 +- 3.201e-02 pb

=============================================

MessageLogger Summary

 type     category        sev    module        subroutine        count    total
 ---- -------------------- -- ---------------- ----------------  -----    -----
    1 GenXSecAnalyzer      -w GenXSecAnalyzer:                      11       11
    2 XrdAdaptor           -w file_open                             12       12
    3 fileAction           -s file_close                            12       12
    4 fileAction           -s file_open                             24       24

 type    category    Examples: run/evt        run/evt          run/evt
 ---- -------------------- ---------------- ---------------- ----------------
    1 GenXSecAnalyzer      PostEndRun       PostEndRun       PostEndRun
    2 XrdAdaptor           pre-events       PostProcessEvent PostProcessEvent
    3 fileAction           PostProcessEvent PostProcessEvent PostEndRun
    4 fileAction           pre-events       pre-events       PostProcessEvent

Severity    # Occurrences   Total Occurrences
--------    -------------   -----------------
Warning                23                  23
System                 36                  36
