21-Oct-2023 01:30:12 CEST  Initiating request to open file root://eospublic.cern.ch//eos/opendata/cms/mc/RunIIFall15MiniAODv2/TTJets_HT-1200to2500_TuneCUETP8M1_13TeV-madgraphMLM-pythia8/MINIAODSIM/PU25nsData2015v1_76X_mcRun2_asymptotic_v12-v1/20000/0AB57DD8-18B8-E511-BD16-002590A4FFA2.root
%MSG-w XrdAdaptor:  file_open 21-Oct-2023 01:30:12 CEST pre-events
Data is served from cern.ch instead of original site eospublic
%MSG
21-Oct-2023 01:30:14 CEST  Successfully opened file root://eospublic.cern.ch//eos/opendata/cms/mc/RunIIFall15MiniAODv2/TTJets_HT-1200to2500_TuneCUETP8M1_13TeV-madgraphMLM-pythia8/MINIAODSIM/PU25nsData2015v1_76X_mcRun2_asymptotic_v12-v1/20000/0AB57DD8-18B8-E511-BD16-002590A4FFA2.root
Begin processing the 1st record. Run 1, Event 3178, LumiSection 4 at 21-Oct-2023 01:30:15.889 CEST
21-Oct-2023 01:30:18 CEST  Closed file root://eospublic.cern.ch//eos/opendata/cms/mc/RunIIFall15MiniAODv2/TTJets_HT-1200to2500_TuneCUETP8M1_13TeV-madgraphMLM-pythia8/MINIAODSIM/PU25nsData2015v1_76X_mcRun2_asymptotic_v12-v1/20000/0AB57DD8-18B8-E511-BD16-002590A4FFA2.root
21-Oct-2023 01:30:18 CEST  Initiating request to open file root://eospublic.cern.ch//eos/opendata/cms/mc/RunIIFall15MiniAODv2/TTJets_HT-1200to2500_TuneCUETP8M1_13TeV-madgraphMLM-pythia8/MINIAODSIM/PU25nsData2015v1_76X_mcRun2_asymptotic_v12-v1/20000/18AE92FE-ADB8-E511-8419-001E67397238.root
%MSG-w XrdAdaptor:  file_open 21-Oct-2023 01:30:19 CEST PostProcessEvent
Data is served from cern.ch instead of original site eospublic
%MSG
21-Oct-2023 01:30:19 CEST  Successfully opened file root://eospublic.cern.ch//eos/opendata/cms/mc/RunIIFall15MiniAODv2/TTJets_HT-1200to2500_TuneCUETP8M1_13TeV-madgraphMLM-pythia8/MINIAODSIM/PU25nsData2015v1_76X_mcRun2_asymptotic_v12-v1/20000/18AE92FE-ADB8-E511-8419-001E67397238.root
21-Oct-2023 01:30:22 CEST  Closed file root://eospublic.cern.ch//eos/opendata/cms/mc/RunIIFall15MiniAODv2/TTJets_HT-1200to2500_TuneCUETP8M1_13TeV-madgraphMLM-pythia8/MINIAODSIM/PU25nsData2015v1_76X_mcRun2_asymptotic_v12-v1/20000/18AE92FE-ADB8-E511-8419-001E67397238.root
21-Oct-2023 01:30:22 CEST  Initiating request to open file root://eospublic.cern.ch//eos/opendata/cms/mc/RunIIFall15MiniAODv2/TTJets_HT-1200to2500_TuneCUETP8M1_13TeV-madgraphMLM-pythia8/MINIAODSIM/PU25nsData2015v1_76X_mcRun2_asymptotic_v12-v1/20000/1E086F6A-60B8-E511-9676-001E67397003.root
%MSG-w XrdAdaptor:  file_open 21-Oct-2023 01:30:22 CEST PostProcessEvent
Data is served from cern.ch instead of original site eospublic
%MSG
21-Oct-2023 01:30:22 CEST  Successfully opened file root://eospublic.cern.ch//eos/opendata/cms/mc/RunIIFall15MiniAODv2/TTJets_HT-1200to2500_TuneCUETP8M1_13TeV-madgraphMLM-pythia8/MINIAODSIM/PU25nsData2015v1_76X_mcRun2_asymptotic_v12-v1/20000/1E086F6A-60B8-E511-9676-001E67397003.root
Begin processing the 100001st record. Run 1, Event 1979079, LumiSection 2062 at 21-Oct-2023 01:30:25.818 CEST
21-Oct-2023 01:30:27 CEST  Closed file root://eospublic.cern.ch//eos/opendata/cms/mc/RunIIFall15MiniAODv2/TTJets_HT-1200to2500_TuneCUETP8M1_13TeV-madgraphMLM-pythia8/MINIAODSIM/PU25nsData2015v1_76X_mcRun2_asymptotic_v12-v1/20000/1E086F6A-60B8-E511-9676-001E67397003.root
21-Oct-2023 01:30:27 CEST  Initiating request to open file root://eospublic.cern.ch//eos/opendata/cms/mc/RunIIFall15MiniAODv2/TTJets_HT-1200to2500_TuneCUETP8M1_13TeV-madgraphMLM-pythia8/MINIAODSIM/PU25nsData2015v1_76X_mcRun2_asymptotic_v12-v1/20000/380238EE-18B8-E511-8AAA-001E67E71BF5.root
%MSG-w XrdAdaptor:  file_open 21-Oct-2023 01:30:27 CEST PostProcessEvent
Data is served from cern.ch instead of original site eospublic
%MSG
21-Oct-2023 01:30:27 CEST  Successfully opened file root://eospublic.cern.ch//eos/opendata/cms/mc/RunIIFall15MiniAODv2/TTJets_HT-1200to2500_TuneCUETP8M1_13TeV-madgraphMLM-pythia8/MINIAODSIM/PU25nsData2015v1_76X_mcRun2_asymptotic_v12-v1/20000/380238EE-18B8-E511-8AAA-001E67E71BF5.root
21-Oct-2023 01:30:32 CEST  Closed file root://eospublic.cern.ch//eos/opendata/cms/mc/RunIIFall15MiniAODv2/TTJets_HT-1200to2500_TuneCUETP8M1_13TeV-madgraphMLM-pythia8/MINIAODSIM/PU25nsData2015v1_76X_mcRun2_asymptotic_v12-v1/20000/380238EE-18B8-E511-8AAA-001E67E71BF5.root
21-Oct-2023 01:30:32 CEST  Initiating request to open file root://eospublic.cern.ch//eos/opendata/cms/mc/RunIIFall15MiniAODv2/TTJets_HT-1200to2500_TuneCUETP8M1_13TeV-madgraphMLM-pythia8/MINIAODSIM/PU25nsData2015v1_76X_mcRun2_asymptotic_v12-v1/20000/5CA1BB78-60B8-E511-AF75-001E67397021.root
%MSG-w XrdAdaptor:  file_open 21-Oct-2023 01:30:32 CEST PostProcessEvent
Data is served from cern.ch instead of original site eospublic
%MSG
21-Oct-2023 01:30:32 CEST  Successfully opened file root://eospublic.cern.ch//eos/opendata/cms/mc/RunIIFall15MiniAODv2/TTJets_HT-1200to2500_TuneCUETP8M1_13TeV-madgraphMLM-pythia8/MINIAODSIM/PU25nsData2015v1_76X_mcRun2_asymptotic_v12-v1/20000/5CA1BB78-60B8-E511-AF75-001E67397021.root
Begin processing the 200001st record. Run 1, Event 5169274, LumiSection 5385 at 21-Oct-2023 01:30:35.882 CEST
21-Oct-2023 01:30:36 CEST  Closed file root://eospublic.cern.ch//eos/opendata/cms/mc/RunIIFall15MiniAODv2/TTJets_HT-1200to2500_TuneCUETP8M1_13TeV-madgraphMLM-pythia8/MINIAODSIM/PU25nsData2015v1_76X_mcRun2_asymptotic_v12-v1/20000/5CA1BB78-60B8-E511-AF75-001E67397021.root
21-Oct-2023 01:30:36 CEST  Initiating request to open file root://eospublic.cern.ch//eos/opendata/cms/mc/RunIIFall15MiniAODv2/TTJets_HT-1200to2500_TuneCUETP8M1_13TeV-madgraphMLM-pythia8/MINIAODSIM/PU25nsData2015v1_76X_mcRun2_asymptotic_v12-v1/20000/74B358EF-18B8-E511-B59A-002590A370FE.root
%MSG-w XrdAdaptor:  file_open 21-Oct-2023 01:30:36 CEST PostProcessEvent
Data is served from cern.ch instead of original site eospublic
%MSG
21-Oct-2023 01:30:36 CEST  Successfully opened file root://eospublic.cern.ch//eos/opendata/cms/mc/RunIIFall15MiniAODv2/TTJets_HT-1200to2500_TuneCUETP8M1_13TeV-madgraphMLM-pythia8/MINIAODSIM/PU25nsData2015v1_76X_mcRun2_asymptotic_v12-v1/20000/74B358EF-18B8-E511-B59A-002590A370FE.root
21-Oct-2023 01:30:42 CEST  Closed file root://eospublic.cern.ch//eos/opendata/cms/mc/RunIIFall15MiniAODv2/TTJets_HT-1200to2500_TuneCUETP8M1_13TeV-madgraphMLM-pythia8/MINIAODSIM/PU25nsData2015v1_76X_mcRun2_asymptotic_v12-v1/20000/74B358EF-18B8-E511-B59A-002590A370FE.root
21-Oct-2023 01:30:42 CEST  Initiating request to open file root://eospublic.cern.ch//eos/opendata/cms/mc/RunIIFall15MiniAODv2/TTJets_HT-1200to2500_TuneCUETP8M1_13TeV-madgraphMLM-pythia8/MINIAODSIM/PU25nsData2015v1_76X_mcRun2_asymptotic_v12-v1/20000/7C02E9B3-ADB8-E511-8BA6-0025904C5DE0.root
%MSG-w XrdAdaptor:  file_open 21-Oct-2023 01:30:42 CEST PostProcessEvent
Data is served from cern.ch instead of original site eospublic
%MSG
21-Oct-2023 01:30:42 CEST  Successfully opened file root://eospublic.cern.ch//eos/opendata/cms/mc/RunIIFall15MiniAODv2/TTJets_HT-1200to2500_TuneCUETP8M1_13TeV-madgraphMLM-pythia8/MINIAODSIM/PU25nsData2015v1_76X_mcRun2_asymptotic_v12-v1/20000/7C02E9B3-ADB8-E511-8BA6-0025904C5DE0.root
21-Oct-2023 01:30:43 CEST  Closed file root://eospublic.cern.ch//eos/opendata/cms/mc/RunIIFall15MiniAODv2/TTJets_HT-1200to2500_TuneCUETP8M1_13TeV-madgraphMLM-pythia8/MINIAODSIM/PU25nsData2015v1_76X_mcRun2_asymptotic_v12-v1/20000/7C02E9B3-ADB8-E511-8BA6-0025904C5DE0.root
21-Oct-2023 01:30:43 CEST  Initiating request to open file root://eospublic.cern.ch//eos/opendata/cms/mc/RunIIFall15MiniAODv2/TTJets_HT-1200to2500_TuneCUETP8M1_13TeV-madgraphMLM-pythia8/MINIAODSIM/PU25nsData2015v1_76X_mcRun2_asymptotic_v12-v1/20000/8257EE64-60B8-E511-BB02-001E67396973.root
%MSG-w XrdAdaptor:  file_open 21-Oct-2023 01:30:43 CEST PostProcessEvent
Data is served from cern.ch instead of original site eospublic
%MSG
21-Oct-2023 01:30:43 CEST  Successfully opened file root://eospublic.cern.ch//eos/opendata/cms/mc/RunIIFall15MiniAODv2/TTJets_HT-1200to2500_TuneCUETP8M1_13TeV-madgraphMLM-pythia8/MINIAODSIM/PU25nsData2015v1_76X_mcRun2_asymptotic_v12-v1/20000/8257EE64-60B8-E511-BB02-001E67396973.root
Begin processing the 300001st record. Run 1, Event 3219943, LumiSection 3354 at 21-Oct-2023 01:30:47.363 CEST
21-Oct-2023 01:30:48 CEST  Closed file root://eospublic.cern.ch//eos/opendata/cms/mc/RunIIFall15MiniAODv2/TTJets_HT-1200to2500_TuneCUETP8M1_13TeV-madgraphMLM-pythia8/MINIAODSIM/PU25nsData2015v1_76X_mcRun2_asymptotic_v12-v1/20000/8257EE64-60B8-E511-BB02-001E67396973.root
21-Oct-2023 01:30:48 CEST  Initiating request to open file root://eospublic.cern.ch//eos/opendata/cms/mc/RunIIFall15MiniAODv2/TTJets_HT-1200to2500_TuneCUETP8M1_13TeV-madgraphMLM-pythia8/MINIAODSIM/PU25nsData2015v1_76X_mcRun2_asymptotic_v12-v1/20000/96D2EE6B-60B8-E511-9867-001E67397003.root
%MSG-w XrdAdaptor:  file_open 21-Oct-2023 01:30:48 CEST PostProcessEvent
Data is served from cern.ch instead of original site eospublic
%MSG
21-Oct-2023 01:30:48 CEST  Successfully opened file root://eospublic.cern.ch//eos/opendata/cms/mc/RunIIFall15MiniAODv2/TTJets_HT-1200to2500_TuneCUETP8M1_13TeV-madgraphMLM-pythia8/MINIAODSIM/PU25nsData2015v1_76X_mcRun2_asymptotic_v12-v1/20000/96D2EE6B-60B8-E511-9867-001E67397003.root
21-Oct-2023 01:30:53 CEST  Closed file root://eospublic.cern.ch//eos/opendata/cms/mc/RunIIFall15MiniAODv2/TTJets_HT-1200to2500_TuneCUETP8M1_13TeV-madgraphMLM-pythia8/MINIAODSIM/PU25nsData2015v1_76X_mcRun2_asymptotic_v12-v1/20000/96D2EE6B-60B8-E511-9867-001E67397003.root
21-Oct-2023 01:30:53 CEST  Initiating request to open file root://eospublic.cern.ch//eos/opendata/cms/mc/RunIIFall15MiniAODv2/TTJets_HT-1200to2500_TuneCUETP8M1_13TeV-madgraphMLM-pythia8/MINIAODSIM/PU25nsData2015v1_76X_mcRun2_asymptotic_v12-v1/20000/A4405269-60B8-E511-AE9F-001E67397D73.root
%MSG-w XrdAdaptor:  file_open 21-Oct-2023 01:30:53 CEST PostProcessEvent
Data is served from cern.ch instead of original site eospublic
%MSG
21-Oct-2023 01:30:53 CEST  Successfully opened file root://eospublic.cern.ch//eos/opendata/cms/mc/RunIIFall15MiniAODv2/TTJets_HT-1200to2500_TuneCUETP8M1_13TeV-madgraphMLM-pythia8/MINIAODSIM/PU25nsData2015v1_76X_mcRun2_asymptotic_v12-v1/20000/A4405269-60B8-E511-AE9F-001E67397D73.root
Begin processing the 400001st record. Run 1, Event 3962290, LumiSection 4128 at 21-Oct-2023 01:30:57.780 CEST
21-Oct-2023 01:30:57 CEST  Closed file root://eospublic.cern.ch//eos/opendata/cms/mc/RunIIFall15MiniAODv2/TTJets_HT-1200to2500_TuneCUETP8M1_13TeV-madgraphMLM-pythia8/MINIAODSIM/PU25nsData2015v1_76X_mcRun2_asymptotic_v12-v1/20000/A4405269-60B8-E511-AE9F-001E67397D73.root
21-Oct-2023 01:30:57 CEST  Initiating request to open file root://eospublic.cern.ch//eos/opendata/cms/mc/RunIIFall15MiniAODv2/TTJets_HT-1200to2500_TuneCUETP8M1_13TeV-madgraphMLM-pythia8/MINIAODSIM/PU25nsData2015v1_76X_mcRun2_asymptotic_v12-v1/20000/DEF81C70-60B8-E511-83BD-002590A88812.root
%MSG-w XrdAdaptor:  file_open 21-Oct-2023 01:30:58 CEST PostProcessEvent
Data is served from cern.ch instead of original site eospublic
%MSG
21-Oct-2023 01:30:58 CEST  Successfully opened file root://eospublic.cern.ch//eos/opendata/cms/mc/RunIIFall15MiniAODv2/TTJets_HT-1200to2500_TuneCUETP8M1_13TeV-madgraphMLM-pythia8/MINIAODSIM/PU25nsData2015v1_76X_mcRun2_asymptotic_v12-v1/20000/DEF81C70-60B8-E511-83BD-002590A88812.root
21-Oct-2023 01:31:02 CEST  Closed file root://eospublic.cern.ch//eos/opendata/cms/mc/RunIIFall15MiniAODv2/TTJets_HT-1200to2500_TuneCUETP8M1_13TeV-madgraphMLM-pythia8/MINIAODSIM/PU25nsData2015v1_76X_mcRun2_asymptotic_v12-v1/20000/DEF81C70-60B8-E511-83BD-002590A88812.root
21-Oct-2023 01:31:02 CEST  Initiating request to open file root://eospublic.cern.ch//eos/opendata/cms/mc/RunIIFall15MiniAODv2/TTJets_HT-1200to2500_TuneCUETP8M1_13TeV-madgraphMLM-pythia8/MINIAODSIM/PU25nsData2015v1_76X_mcRun2_asymptotic_v12-v1/20000/E8EA9078-60B8-E511-B7C4-001E67397D73.root
%MSG-w XrdAdaptor:  file_open 21-Oct-2023 01:31:03 CEST PostProcessEvent
Data is served from cern.ch instead of original site eospublic
%MSG
21-Oct-2023 01:31:03 CEST  Successfully opened file root://eospublic.cern.ch//eos/opendata/cms/mc/RunIIFall15MiniAODv2/TTJets_HT-1200to2500_TuneCUETP8M1_13TeV-madgraphMLM-pythia8/MINIAODSIM/PU25nsData2015v1_76X_mcRun2_asymptotic_v12-v1/20000/E8EA9078-60B8-E511-B7C4-001E67397D73.root
21-Oct-2023 01:31:08 CEST  Closed file root://eospublic.cern.ch//eos/opendata/cms/mc/RunIIFall15MiniAODv2/TTJets_HT-1200to2500_TuneCUETP8M1_13TeV-madgraphMLM-pythia8/MINIAODSIM/PU25nsData2015v1_76X_mcRun2_asymptotic_v12-v1/20000/E8EA9078-60B8-E511-B7C4-001E67397D73.root
21-Oct-2023 01:31:08 CEST  Initiating request to open file root://eospublic.cern.ch//eos/opendata/cms/mc/RunIIFall15MiniAODv2/TTJets_HT-1200to2500_TuneCUETP8M1_13TeV-madgraphMLM-pythia8/MINIAODSIM/PU25nsData2015v1_76X_mcRun2_asymptotic_v12-v1/20000/FC819BF1-18B8-E511-A952-002590A3C984.root
%MSG-w XrdAdaptor:  file_open 21-Oct-2023 01:31:08 CEST PostProcessEvent
Data is served from cern.ch instead of original site eospublic
%MSG
21-Oct-2023 01:31:08 CEST  Successfully opened file root://eospublic.cern.ch//eos/opendata/cms/mc/RunIIFall15MiniAODv2/TTJets_HT-1200to2500_TuneCUETP8M1_13TeV-madgraphMLM-pythia8/MINIAODSIM/PU25nsData2015v1_76X_mcRun2_asymptotic_v12-v1/20000/FC819BF1-18B8-E511-A952-002590A3C984.root
Begin processing the 500001st record. Run 1, Event 3503915, LumiSection 3650 at 21-Oct-2023 01:31:09.921 CEST
21-Oct-2023 01:31:13 CEST  Closed file root://eospublic.cern.ch//eos/opendata/cms/mc/RunIIFall15MiniAODv2/TTJets_HT-1200to2500_TuneCUETP8M1_13TeV-madgraphMLM-pythia8/MINIAODSIM/PU25nsData2015v1_76X_mcRun2_asymptotic_v12-v1/20000/FC819BF1-18B8-E511-A952-002590A3C984.root
21-Oct-2023 01:31:13 CEST  Initiating request to open file root://eospublic.cern.ch//eos/opendata/cms/mc/RunIIFall15MiniAODv2/TTJets_HT-1200to2500_TuneCUETP8M1_13TeV-madgraphMLM-pythia8/MINIAODSIM/PU25nsData2015v1_76X_mcRun2_asymptotic_v12-v1/60000/0A20B662-D6B8-E511-AFEB-782BCB2100C5.root
%MSG-w XrdAdaptor:  file_open 21-Oct-2023 01:31:13 CEST PostProcessEvent
Data is served from cern.ch instead of original site eospublic
%MSG
21-Oct-2023 01:31:13 CEST  Successfully opened file root://eospublic.cern.ch//eos/opendata/cms/mc/RunIIFall15MiniAODv2/TTJets_HT-1200to2500_TuneCUETP8M1_13TeV-madgraphMLM-pythia8/MINIAODSIM/PU25nsData2015v1_76X_mcRun2_asymptotic_v12-v1/60000/0A20B662-D6B8-E511-AFEB-782BCB2100C5.root
21-Oct-2023 01:31:17 CEST  Closed file root://eospublic.cern.ch//eos/opendata/cms/mc/RunIIFall15MiniAODv2/TTJets_HT-1200to2500_TuneCUETP8M1_13TeV-madgraphMLM-pythia8/MINIAODSIM/PU25nsData2015v1_76X_mcRun2_asymptotic_v12-v1/60000/0A20B662-D6B8-E511-AFEB-782BCB2100C5.root
21-Oct-2023 01:31:17 CEST  Initiating request to open file root://eospublic.cern.ch//eos/opendata/cms/mc/RunIIFall15MiniAODv2/TTJets_HT-1200to2500_TuneCUETP8M1_13TeV-madgraphMLM-pythia8/MINIAODSIM/PU25nsData2015v1_76X_mcRun2_asymptotic_v12-v1/60000/58DC4B62-87B8-E511-821B-C81F66B78625.root
%MSG-w XrdAdaptor:  file_open 21-Oct-2023 01:31:17 CEST PostProcessEvent
Data is served from cern.ch instead of original site eospublic
%MSG
21-Oct-2023 01:31:17 CEST  Successfully opened file root://eospublic.cern.ch//eos/opendata/cms/mc/RunIIFall15MiniAODv2/TTJets_HT-1200to2500_TuneCUETP8M1_13TeV-madgraphMLM-pythia8/MINIAODSIM/PU25nsData2015v1_76X_mcRun2_asymptotic_v12-v1/60000/58DC4B62-87B8-E511-821B-C81F66B78625.root
Begin processing the 600001st record. Run 1, Event 561900, LumiSection 586 at 21-Oct-2023 01:31:20.221 CEST
21-Oct-2023 01:31:22 CEST  Closed file root://eospublic.cern.ch//eos/opendata/cms/mc/RunIIFall15MiniAODv2/TTJets_HT-1200to2500_TuneCUETP8M1_13TeV-madgraphMLM-pythia8/MINIAODSIM/PU25nsData2015v1_76X_mcRun2_asymptotic_v12-v1/60000/58DC4B62-87B8-E511-821B-C81F66B78625.root
21-Oct-2023 01:31:22 CEST  Initiating request to open file root://eospublic.cern.ch//eos/opendata/cms/mc/RunIIFall15MiniAODv2/TTJets_HT-1200to2500_TuneCUETP8M1_13TeV-madgraphMLM-pythia8/MINIAODSIM/PU25nsData2015v1_76X_mcRun2_asymptotic_v12-v1/60000/6C3292DF-6DB8-E511-9B59-002590A4FFB8.root
%MSG-w XrdAdaptor:  file_open 21-Oct-2023 01:31:22 CEST PostProcessEvent
Data is served from cern.ch instead of original site eospublic
%MSG
21-Oct-2023 01:31:22 CEST  Successfully opened file root://eospublic.cern.ch//eos/opendata/cms/mc/RunIIFall15MiniAODv2/TTJets_HT-1200to2500_TuneCUETP8M1_13TeV-madgraphMLM-pythia8/MINIAODSIM/PU25nsData2015v1_76X_mcRun2_asymptotic_v12-v1/60000/6C3292DF-6DB8-E511-9B59-002590A4FFB8.root
21-Oct-2023 01:31:27 CEST  Closed file root://eospublic.cern.ch//eos/opendata/cms/mc/RunIIFall15MiniAODv2/TTJets_HT-1200to2500_TuneCUETP8M1_13TeV-madgraphMLM-pythia8/MINIAODSIM/PU25nsData2015v1_76X_mcRun2_asymptotic_v12-v1/60000/6C3292DF-6DB8-E511-9B59-002590A4FFB8.root
21-Oct-2023 01:31:27 CEST  Initiating request to open file root://eospublic.cern.ch//eos/opendata/cms/mc/RunIIFall15MiniAODv2/TTJets_HT-1200to2500_TuneCUETP8M1_13TeV-madgraphMLM-pythia8/MINIAODSIM/PU25nsData2015v1_76X_mcRun2_asymptotic_v12-v1/60000/8057E156-87B8-E511-987E-001E67396761.root
%MSG-w XrdAdaptor:  file_open 21-Oct-2023 01:31:27 CEST PostProcessEvent
Data is served from cern.ch instead of original site eospublic
%MSG
21-Oct-2023 01:31:27 CEST  Successfully opened file root://eospublic.cern.ch//eos/opendata/cms/mc/RunIIFall15MiniAODv2/TTJets_HT-1200to2500_TuneCUETP8M1_13TeV-madgraphMLM-pythia8/MINIAODSIM/PU25nsData2015v1_76X_mcRun2_asymptotic_v12-v1/60000/8057E156-87B8-E511-987E-001E67396761.root
Begin processing the 700001st record. Run 1, Event 4892029, LumiSection 5096 at 21-Oct-2023 01:31:30.482 CEST
21-Oct-2023 01:31:31 CEST  Closed file root://eospublic.cern.ch//eos/opendata/cms/mc/RunIIFall15MiniAODv2/TTJets_HT-1200to2500_TuneCUETP8M1_13TeV-madgraphMLM-pythia8/MINIAODSIM/PU25nsData2015v1_76X_mcRun2_asymptotic_v12-v1/60000/8057E156-87B8-E511-987E-001E67396761.root
21-Oct-2023 01:31:31 CEST  Initiating request to open file root://eospublic.cern.ch//eos/opendata/cms/mc/RunIIFall15MiniAODv2/TTJets_HT-1200to2500_TuneCUETP8M1_13TeV-madgraphMLM-pythia8/MINIAODSIM/PU25nsData2015v1_76X_mcRun2_asymptotic_v12-v1/60000/84D216DF-6DB8-E511-ACC6-002590A83354.root
%MSG-w XrdAdaptor:  file_open 21-Oct-2023 01:31:31 CEST PostProcessEvent
Data is served from cern.ch instead of original site eospublic
%MSG
21-Oct-2023 01:31:31 CEST  Successfully opened file root://eospublic.cern.ch//eos/opendata/cms/mc/RunIIFall15MiniAODv2/TTJets_HT-1200to2500_TuneCUETP8M1_13TeV-madgraphMLM-pythia8/MINIAODSIM/PU25nsData2015v1_76X_mcRun2_asymptotic_v12-v1/60000/84D216DF-6DB8-E511-ACC6-002590A83354.root
21-Oct-2023 01:31:36 CEST  Closed file root://eospublic.cern.ch//eos/opendata/cms/mc/RunIIFall15MiniAODv2/TTJets_HT-1200to2500_TuneCUETP8M1_13TeV-madgraphMLM-pythia8/MINIAODSIM/PU25nsData2015v1_76X_mcRun2_asymptotic_v12-v1/60000/84D216DF-6DB8-E511-ACC6-002590A83354.root
21-Oct-2023 01:31:36 CEST  Initiating request to open file root://eospublic.cern.ch//eos/opendata/cms/mc/RunIIFall15MiniAODv2/TTJets_HT-1200to2500_TuneCUETP8M1_13TeV-madgraphMLM-pythia8/MINIAODSIM/PU25nsData2015v1_76X_mcRun2_asymptotic_v12-v1/60000/90B723E1-6DB8-E511-8C77-001E67E6F8EB.root
%MSG-w XrdAdaptor:  file_open 21-Oct-2023 01:31:36 CEST PostProcessEvent
Data is served from cern.ch instead of original site eospublic
%MSG
21-Oct-2023 01:31:36 CEST  Successfully opened file root://eospublic.cern.ch//eos/opendata/cms/mc/RunIIFall15MiniAODv2/TTJets_HT-1200to2500_TuneCUETP8M1_13TeV-madgraphMLM-pythia8/MINIAODSIM/PU25nsData2015v1_76X_mcRun2_asymptotic_v12-v1/60000/90B723E1-6DB8-E511-8C77-001E67E6F8EB.root
Begin processing the 800001st record. Run 1, Event 4343867, LumiSection 4525 at 21-Oct-2023 01:31:40.827 CEST
21-Oct-2023 01:31:41 CEST  Closed file root://eospublic.cern.ch//eos/opendata/cms/mc/RunIIFall15MiniAODv2/TTJets_HT-1200to2500_TuneCUETP8M1_13TeV-madgraphMLM-pythia8/MINIAODSIM/PU25nsData2015v1_76X_mcRun2_asymptotic_v12-v1/60000/90B723E1-6DB8-E511-8C77-001E67E6F8EB.root
21-Oct-2023 01:31:41 CEST  Initiating request to open file root://eospublic.cern.ch//eos/opendata/cms/mc/RunIIFall15MiniAODv2/TTJets_HT-1200to2500_TuneCUETP8M1_13TeV-madgraphMLM-pythia8/MINIAODSIM/PU25nsData2015v1_76X_mcRun2_asymptotic_v12-v1/60000/A057BADB-6DB8-E511-BD8A-002590A4FFE8.root
%MSG-w XrdAdaptor:  file_open 21-Oct-2023 01:31:41 CEST PostProcessEvent
Data is served from cern.ch instead of original site eospublic
%MSG
21-Oct-2023 01:31:41 CEST  Successfully opened file root://eospublic.cern.ch//eos/opendata/cms/mc/RunIIFall15MiniAODv2/TTJets_HT-1200to2500_TuneCUETP8M1_13TeV-madgraphMLM-pythia8/MINIAODSIM/PU25nsData2015v1_76X_mcRun2_asymptotic_v12-v1/60000/A057BADB-6DB8-E511-BD8A-002590A4FFE8.root
21-Oct-2023 01:31:46 CEST  Closed file root://eospublic.cern.ch//eos/opendata/cms/mc/RunIIFall15MiniAODv2/TTJets_HT-1200to2500_TuneCUETP8M1_13TeV-madgraphMLM-pythia8/MINIAODSIM/PU25nsData2015v1_76X_mcRun2_asymptotic_v12-v1/60000/A057BADB-6DB8-E511-BD8A-002590A4FFE8.root
21-Oct-2023 01:31:46 CEST  Initiating request to open file root://eospublic.cern.ch//eos/opendata/cms/mc/RunIIFall15MiniAODv2/TTJets_HT-1200to2500_TuneCUETP8M1_13TeV-madgraphMLM-pythia8/MINIAODSIM/PU25nsData2015v1_76X_mcRun2_asymptotic_v12-v1/60000/B0F76BD9-6DB8-E511-985D-002590A80DFA.root
%MSG-w XrdAdaptor:  file_open 21-Oct-2023 01:31:46 CEST PostProcessEvent
Data is served from cern.ch instead of original site eospublic
%MSG
21-Oct-2023 01:31:46 CEST  Successfully opened file root://eospublic.cern.ch//eos/opendata/cms/mc/RunIIFall15MiniAODv2/TTJets_HT-1200to2500_TuneCUETP8M1_13TeV-madgraphMLM-pythia8/MINIAODSIM/PU25nsData2015v1_76X_mcRun2_asymptotic_v12-v1/60000/B0F76BD9-6DB8-E511-985D-002590A80DFA.root
Begin processing the 900001st record. Run 1, Event 4038016, LumiSection 4207 at 21-Oct-2023 01:31:51.168 CEST
21-Oct-2023 01:31:51 CEST  Closed file root://eospublic.cern.ch//eos/opendata/cms/mc/RunIIFall15MiniAODv2/TTJets_HT-1200to2500_TuneCUETP8M1_13TeV-madgraphMLM-pythia8/MINIAODSIM/PU25nsData2015v1_76X_mcRun2_asymptotic_v12-v1/60000/B0F76BD9-6DB8-E511-985D-002590A80DFA.root
21-Oct-2023 01:31:51 CEST  Initiating request to open file root://eospublic.cern.ch//eos/opendata/cms/mc/RunIIFall15MiniAODv2/TTJets_HT-1200to2500_TuneCUETP8M1_13TeV-madgraphMLM-pythia8/MINIAODSIM/PU25nsData2015v1_76X_mcRun2_asymptotic_v12-v1/60000/B447BFDC-6DB8-E511-A359-001E6739687E.root
%MSG-w XrdAdaptor:  file_open 21-Oct-2023 01:31:51 CEST PostProcessEvent
Data is served from cern.ch instead of original site eospublic
%MSG
21-Oct-2023 01:31:51 CEST  Successfully opened file root://eospublic.cern.ch//eos/opendata/cms/mc/RunIIFall15MiniAODv2/TTJets_HT-1200to2500_TuneCUETP8M1_13TeV-madgraphMLM-pythia8/MINIAODSIM/PU25nsData2015v1_76X_mcRun2_asymptotic_v12-v1/60000/B447BFDC-6DB8-E511-A359-001E6739687E.root
21-Oct-2023 01:31:56 CEST  Closed file root://eospublic.cern.ch//eos/opendata/cms/mc/RunIIFall15MiniAODv2/TTJets_HT-1200to2500_TuneCUETP8M1_13TeV-madgraphMLM-pythia8/MINIAODSIM/PU25nsData2015v1_76X_mcRun2_asymptotic_v12-v1/60000/B447BFDC-6DB8-E511-A359-001E6739687E.root
21-Oct-2023 01:31:56 CEST  Initiating request to open file root://eospublic.cern.ch//eos/opendata/cms/mc/RunIIFall15MiniAODv2/TTJets_HT-1200to2500_TuneCUETP8M1_13TeV-madgraphMLM-pythia8/MINIAODSIM/PU25nsData2015v1_76X_mcRun2_asymptotic_v12-v1/60000/E661AADC-6DB8-E511-9C64-001E67396617.root
%MSG-w XrdAdaptor:  file_open 21-Oct-2023 01:31:56 CEST PostProcessEvent
Data is served from cern.ch instead of original site eospublic
%MSG
21-Oct-2023 01:31:56 CEST  Successfully opened file root://eospublic.cern.ch//eos/opendata/cms/mc/RunIIFall15MiniAODv2/TTJets_HT-1200to2500_TuneCUETP8M1_13TeV-madgraphMLM-pythia8/MINIAODSIM/PU25nsData2015v1_76X_mcRun2_asymptotic_v12-v1/60000/E661AADC-6DB8-E511-9C64-001E67396617.root
      0.010320      0.000000      0.000134             1
      0.124853      0.000001      0.000134             2
      0.496930      0.000005      0.000134             3
 
21-Oct-2023 01:32:00 CEST  Closed file root://eospublic.cern.ch//eos/opendata/cms/mc/RunIIFall15MiniAODv2/TTJets_HT-1200to2500_TuneCUETP8M1_13TeV-madgraphMLM-pythia8/MINIAODSIM/PU25nsData2015v1_76X_mcRun2_asymptotic_v12-v1/60000/E661AADC-6DB8-E511-9C64-001E67396617.root

------------------------------------
GenXsecAnalyzer:
------------------------------------
-------------------------------------------------------------------------------------------------------------------------------------------------------------------------- 
Overall cross-section summary 
--------------------------------------------------------------------------------------------------------------------------------------------------------------------------
Process		xsec_before [pb]		passed	nposw	nnegw	tried	nposw	nnegw 	xsec_match [pb]			accepted [%]	 event_eff [%]
0		1.032e-02 +/- 2.181e-07		13633	13633	0	86767	86767	0	1.622e-03 +/- 1.275e-05		15.7 +/- 0.1	15.7 +/- 0.1
1		1.249e-01 +/- 2.636e-06		150256	150256	0	1045553	1045553	0	1.794e-02 +/- 4.284e-05		14.4 +/- 0.0	14.4 +/- 0.0
2		4.969e-01 +/- 1.049e-05		828601	828601	0	4141722	4141722	0	9.942e-02 +/- 9.771e-05		20.0 +/- 0.0	20.0 +/- 0.0
-------------------------------------------------------------------------------------------------------------------------------------------------------------------------- 
Total		6.321e-01 +/- 1.082e-05		992490	992490	0	5274042	5274042	0	1.190e-01 +/- 1.076e-04		18.8 +/- 0.0	18.8 +/- 0.0
--------------------------------------------------------------------------------------------------------------------------------------------------------------------------
Before matching: total cross section = 6.321e-01 +- 1.082e-05 pb
After matching: total cross section = 1.190e-01 +- 1.076e-04 pb
Filter efficiency (taking into account weights)= (992490) / (992490) = 1.000e+00 +- 0.000e+00
Filter efficiency (event-level)= (992490) / (992490) = 1.000e+00 +- 0.000e+00
After filter: final cross section = 1.190e-01 +- 1.076e-04 pb

=============================================

MessageLogger Summary

 type     category        sev    module        subroutine        count    total
 ---- -------------------- -- ---------------- ----------------  -----    -----
    1 GenXSecAnalyzer      -w GenXSecAnalyzer:                      14       14
    2 XrdAdaptor           -w file_open                             23       23
    3 fileAction           -s file_close                            23       23
    4 fileAction           -s file_open                             46       46

 type    category    Examples: run/evt        run/evt          run/evt
 ---- -------------------- ---------------- ---------------- ----------------
    1 GenXSecAnalyzer      PostEndRun       PostEndRun       PostEndRun
    2 XrdAdaptor           pre-events       PostProcessEvent PostProcessEvent
    3 fileAction           PostProcessEvent PostProcessEvent PostEndRun
    4 fileAction           pre-events       pre-events       PostProcessEvent

Severity    # Occurrences   Total Occurrences
--------    -------------   -----------------
Warning                37                  37
System                 69                  69
