19-Oct-2023 05:24:30 CEST  Initiating request to open file root://eospublic.cern.ch//eos/opendata/cms/mc/RunIIFall15MiniAODv2/ST_s-channel_4f_leptonDecays_13TeV-amcatnlo-pythia8_TuneCUETP8M1/MINIAODSIM/PU25nsData2015v1_76X_mcRun2_asymptotic_v12-v2/10000/0EF9A5F0-63C1-E511-BB1F-441EA1616DE6.root
%MSG-w XrdAdaptor:  file_open 19-Oct-2023 05:24:30 CEST pre-events
Data is served from cern.ch instead of original site eospublic
%MSG
19-Oct-2023 05:24:33 CEST  Successfully opened file root://eospublic.cern.ch//eos/opendata/cms/mc/RunIIFall15MiniAODv2/ST_s-channel_4f_leptonDecays_13TeV-amcatnlo-pythia8_TuneCUETP8M1/MINIAODSIM/PU25nsData2015v1_76X_mcRun2_asymptotic_v12-v2/10000/0EF9A5F0-63C1-E511-BB1F-441EA1616DE6.root
Begin processing the 1st record. Run 1, Event 1201, LumiSection 7 at 19-Oct-2023 05:24:34.577 CEST
19-Oct-2023 05:24:39 CEST  Closed file root://eospublic.cern.ch//eos/opendata/cms/mc/RunIIFall15MiniAODv2/ST_s-channel_4f_leptonDecays_13TeV-amcatnlo-pythia8_TuneCUETP8M1/MINIAODSIM/PU25nsData2015v1_76X_mcRun2_asymptotic_v12-v2/10000/0EF9A5F0-63C1-E511-BB1F-441EA1616DE6.root
19-Oct-2023 05:24:39 CEST  Initiating request to open file root://eospublic.cern.ch//eos/opendata/cms/mc/RunIIFall15MiniAODv2/ST_s-channel_4f_leptonDecays_13TeV-amcatnlo-pythia8_TuneCUETP8M1/MINIAODSIM/PU25nsData2015v1_76X_mcRun2_asymptotic_v12-v2/10000/1C0907DE-65C1-E511-91DB-441EA1615FA0.root
%MSG-w XrdAdaptor:  file_open 19-Oct-2023 05:24:39 CEST PostProcessEvent
Data is served from cern.ch instead of original site eospublic
%MSG
19-Oct-2023 05:24:39 CEST  Successfully opened file root://eospublic.cern.ch//eos/opendata/cms/mc/RunIIFall15MiniAODv2/ST_s-channel_4f_leptonDecays_13TeV-amcatnlo-pythia8_TuneCUETP8M1/MINIAODSIM/PU25nsData2015v1_76X_mcRun2_asymptotic_v12-v2/10000/1C0907DE-65C1-E511-91DB-441EA1615FA0.root
19-Oct-2023 05:24:44 CEST  Closed file root://eospublic.cern.ch//eos/opendata/cms/mc/RunIIFall15MiniAODv2/ST_s-channel_4f_leptonDecays_13TeV-amcatnlo-pythia8_TuneCUETP8M1/MINIAODSIM/PU25nsData2015v1_76X_mcRun2_asymptotic_v12-v2/10000/1C0907DE-65C1-E511-91DB-441EA1615FA0.root
19-Oct-2023 05:24:44 CEST  Initiating request to open file root://eospublic.cern.ch//eos/opendata/cms/mc/RunIIFall15MiniAODv2/ST_s-channel_4f_leptonDecays_13TeV-amcatnlo-pythia8_TuneCUETP8M1/MINIAODSIM/PU25nsData2015v1_76X_mcRun2_asymptotic_v12-v2/10000/3C87A664-65C1-E511-814E-E4115BCE00BE.root
%MSG-w XrdAdaptor:  file_open 19-Oct-2023 05:24:44 CEST PostProcessEvent
Data is served from cern.ch instead of original site eospublic
%MSG
19-Oct-2023 05:24:44 CEST  Successfully opened file root://eospublic.cern.ch//eos/opendata/cms/mc/RunIIFall15MiniAODv2/ST_s-channel_4f_leptonDecays_13TeV-amcatnlo-pythia8_TuneCUETP8M1/MINIAODSIM/PU25nsData2015v1_76X_mcRun2_asymptotic_v12-v2/10000/3C87A664-65C1-E511-814E-E4115BCE00BE.root
Begin processing the 100001st record. Run 1, Event 294401, LumiSection 1473 at 19-Oct-2023 05:24:48.202 CEST
19-Oct-2023 05:24:50 CEST  Closed file root://eospublic.cern.ch//eos/opendata/cms/mc/RunIIFall15MiniAODv2/ST_s-channel_4f_leptonDecays_13TeV-amcatnlo-pythia8_TuneCUETP8M1/MINIAODSIM/PU25nsData2015v1_76X_mcRun2_asymptotic_v12-v2/10000/3C87A664-65C1-E511-814E-E4115BCE00BE.root
19-Oct-2023 05:24:50 CEST  Initiating request to open file root://eospublic.cern.ch//eos/opendata/cms/mc/RunIIFall15MiniAODv2/ST_s-channel_4f_leptonDecays_13TeV-amcatnlo-pythia8_TuneCUETP8M1/MINIAODSIM/PU25nsData2015v1_76X_mcRun2_asymptotic_v12-v2/10000/3E750403-65C1-E511-B945-00215A490902.root
%MSG-w XrdAdaptor:  file_open 19-Oct-2023 05:24:50 CEST PostProcessEvent
Data is served from cern.ch instead of original site eospublic
%MSG
19-Oct-2023 05:24:50 CEST  Successfully opened file root://eospublic.cern.ch//eos/opendata/cms/mc/RunIIFall15MiniAODv2/ST_s-channel_4f_leptonDecays_13TeV-amcatnlo-pythia8_TuneCUETP8M1/MINIAODSIM/PU25nsData2015v1_76X_mcRun2_asymptotic_v12-v2/10000/3E750403-65C1-E511-B945-00215A490902.root
19-Oct-2023 05:24:56 CEST  Closed file root://eospublic.cern.ch//eos/opendata/cms/mc/RunIIFall15MiniAODv2/ST_s-channel_4f_leptonDecays_13TeV-amcatnlo-pythia8_TuneCUETP8M1/MINIAODSIM/PU25nsData2015v1_76X_mcRun2_asymptotic_v12-v2/10000/3E750403-65C1-E511-B945-00215A490902.root
19-Oct-2023 05:24:56 CEST  Initiating request to open file root://eospublic.cern.ch//eos/opendata/cms/mc/RunIIFall15MiniAODv2/ST_s-channel_4f_leptonDecays_13TeV-amcatnlo-pythia8_TuneCUETP8M1/MINIAODSIM/PU25nsData2015v1_76X_mcRun2_asymptotic_v12-v2/10000/448E0632-65C1-E511-87F9-441EA161DC8E.root
%MSG-w XrdAdaptor:  file_open 19-Oct-2023 05:24:56 CEST PostProcessEvent
Data is served from cern.ch instead of original site eospublic
%MSG
19-Oct-2023 05:24:56 CEST  Successfully opened file root://eospublic.cern.ch//eos/opendata/cms/mc/RunIIFall15MiniAODv2/ST_s-channel_4f_leptonDecays_13TeV-amcatnlo-pythia8_TuneCUETP8M1/MINIAODSIM/PU25nsData2015v1_76X_mcRun2_asymptotic_v12-v2/10000/448E0632-65C1-E511-87F9-441EA161DC8E.root
Begin processing the 200001st record. Run 1, Event 969601, LumiSection 4849 at 19-Oct-2023 05:25:01.532 CEST
19-Oct-2023 05:25:03 CEST  Closed file root://eospublic.cern.ch//eos/opendata/cms/mc/RunIIFall15MiniAODv2/ST_s-channel_4f_leptonDecays_13TeV-amcatnlo-pythia8_TuneCUETP8M1/MINIAODSIM/PU25nsData2015v1_76X_mcRun2_asymptotic_v12-v2/10000/448E0632-65C1-E511-87F9-441EA161DC8E.root
19-Oct-2023 05:25:03 CEST  Initiating request to open file root://eospublic.cern.ch//eos/opendata/cms/mc/RunIIFall15MiniAODv2/ST_s-channel_4f_leptonDecays_13TeV-amcatnlo-pythia8_TuneCUETP8M1/MINIAODSIM/PU25nsData2015v1_76X_mcRun2_asymptotic_v12-v2/10000/46B0D490-64C1-E511-9FD0-441EA1616D30.root
%MSG-w XrdAdaptor:  file_open 19-Oct-2023 05:25:03 CEST PostProcessEvent
Data is served from cern.ch instead of original site eospublic
%MSG
19-Oct-2023 05:25:03 CEST  Successfully opened file root://eospublic.cern.ch//eos/opendata/cms/mc/RunIIFall15MiniAODv2/ST_s-channel_4f_leptonDecays_13TeV-amcatnlo-pythia8_TuneCUETP8M1/MINIAODSIM/PU25nsData2015v1_76X_mcRun2_asymptotic_v12-v2/10000/46B0D490-64C1-E511-9FD0-441EA1616D30.root
19-Oct-2023 05:25:09 CEST  Closed file root://eospublic.cern.ch//eos/opendata/cms/mc/RunIIFall15MiniAODv2/ST_s-channel_4f_leptonDecays_13TeV-amcatnlo-pythia8_TuneCUETP8M1/MINIAODSIM/PU25nsData2015v1_76X_mcRun2_asymptotic_v12-v2/10000/46B0D490-64C1-E511-9FD0-441EA1616D30.root
19-Oct-2023 05:25:09 CEST  Initiating request to open file root://eospublic.cern.ch//eos/opendata/cms/mc/RunIIFall15MiniAODv2/ST_s-channel_4f_leptonDecays_13TeV-amcatnlo-pythia8_TuneCUETP8M1/MINIAODSIM/PU25nsData2015v1_76X_mcRun2_asymptotic_v12-v2/10000/4CE3068E-65C1-E511-B11B-AC162DA6D2F8.root
%MSG-w XrdAdaptor:  file_open 19-Oct-2023 05:25:09 CEST PostProcessEvent
Data is served from cern.ch instead of original site eospublic
%MSG
19-Oct-2023 05:25:09 CEST  Successfully opened file root://eospublic.cern.ch//eos/opendata/cms/mc/RunIIFall15MiniAODv2/ST_s-channel_4f_leptonDecays_13TeV-amcatnlo-pythia8_TuneCUETP8M1/MINIAODSIM/PU25nsData2015v1_76X_mcRun2_asymptotic_v12-v2/10000/4CE3068E-65C1-E511-B11B-AC162DA6D2F8.root
19-Oct-2023 05:25:14 CEST  Closed file root://eospublic.cern.ch//eos/opendata/cms/mc/RunIIFall15MiniAODv2/ST_s-channel_4f_leptonDecays_13TeV-amcatnlo-pythia8_TuneCUETP8M1/MINIAODSIM/PU25nsData2015v1_76X_mcRun2_asymptotic_v12-v2/10000/4CE3068E-65C1-E511-B11B-AC162DA6D2F8.root
19-Oct-2023 05:25:14 CEST  Initiating request to open file root://eospublic.cern.ch//eos/opendata/cms/mc/RunIIFall15MiniAODv2/ST_s-channel_4f_leptonDecays_13TeV-amcatnlo-pythia8_TuneCUETP8M1/MINIAODSIM/PU25nsData2015v1_76X_mcRun2_asymptotic_v12-v2/10000/68154A48-65C1-E511-92DA-441EA158FEFE.root
%MSG-w XrdAdaptor:  file_open 19-Oct-2023 05:25:14 CEST PostProcessEvent
Data is served from cern.ch instead of original site eospublic
%MSG
19-Oct-2023 05:25:14 CEST  Successfully opened file root://eospublic.cern.ch//eos/opendata/cms/mc/RunIIFall15MiniAODv2/ST_s-channel_4f_leptonDecays_13TeV-amcatnlo-pythia8_TuneCUETP8M1/MINIAODSIM/PU25nsData2015v1_76X_mcRun2_asymptotic_v12-v2/10000/68154A48-65C1-E511-92DA-441EA158FEFE.root
Begin processing the 300001st record. Run 1, Event 256801, LumiSection 1285 at 19-Oct-2023 05:25:16.799 CEST
19-Oct-2023 05:25:19 CEST  Closed file root://eospublic.cern.ch//eos/opendata/cms/mc/RunIIFall15MiniAODv2/ST_s-channel_4f_leptonDecays_13TeV-amcatnlo-pythia8_TuneCUETP8M1/MINIAODSIM/PU25nsData2015v1_76X_mcRun2_asymptotic_v12-v2/10000/68154A48-65C1-E511-92DA-441EA158FEFE.root
19-Oct-2023 05:25:19 CEST  Initiating request to open file root://eospublic.cern.ch//eos/opendata/cms/mc/RunIIFall15MiniAODv2/ST_s-channel_4f_leptonDecays_13TeV-amcatnlo-pythia8_TuneCUETP8M1/MINIAODSIM/PU25nsData2015v1_76X_mcRun2_asymptotic_v12-v2/10000/68BCC024-66C1-E511-8B59-441EA1616D66.root
%MSG-w XrdAdaptor:  file_open 19-Oct-2023 05:25:19 CEST PostProcessEvent
Data is served from cern.ch instead of original site eospublic
%MSG
19-Oct-2023 05:25:19 CEST  Successfully opened file root://eospublic.cern.ch//eos/opendata/cms/mc/RunIIFall15MiniAODv2/ST_s-channel_4f_leptonDecays_13TeV-amcatnlo-pythia8_TuneCUETP8M1/MINIAODSIM/PU25nsData2015v1_76X_mcRun2_asymptotic_v12-v2/10000/68BCC024-66C1-E511-8B59-441EA1616D66.root
19-Oct-2023 05:25:25 CEST  Closed file root://eospublic.cern.ch//eos/opendata/cms/mc/RunIIFall15MiniAODv2/ST_s-channel_4f_leptonDecays_13TeV-amcatnlo-pythia8_TuneCUETP8M1/MINIAODSIM/PU25nsData2015v1_76X_mcRun2_asymptotic_v12-v2/10000/68BCC024-66C1-E511-8B59-441EA1616D66.root
19-Oct-2023 05:25:25 CEST  Initiating request to open file root://eospublic.cern.ch//eos/opendata/cms/mc/RunIIFall15MiniAODv2/ST_s-channel_4f_leptonDecays_13TeV-amcatnlo-pythia8_TuneCUETP8M1/MINIAODSIM/PU25nsData2015v1_76X_mcRun2_asymptotic_v12-v2/10000/6A2632F9-63C1-E511-89B8-441EA1615FA0.root
%MSG-w XrdAdaptor:  file_open 19-Oct-2023 05:25:25 CEST PostProcessEvent
Data is served from cern.ch instead of original site eospublic
%MSG
19-Oct-2023 05:25:25 CEST  Successfully opened file root://eospublic.cern.ch//eos/opendata/cms/mc/RunIIFall15MiniAODv2/ST_s-channel_4f_leptonDecays_13TeV-amcatnlo-pythia8_TuneCUETP8M1/MINIAODSIM/PU25nsData2015v1_76X_mcRun2_asymptotic_v12-v2/10000/6A2632F9-63C1-E511-89B8-441EA1615FA0.root
Begin processing the 400001st record. Run 1, Event 364401, LumiSection 1823 at 19-Oct-2023 05:25:30.285 CEST
19-Oct-2023 05:25:30 CEST  Closed file root://eospublic.cern.ch//eos/opendata/cms/mc/RunIIFall15MiniAODv2/ST_s-channel_4f_leptonDecays_13TeV-amcatnlo-pythia8_TuneCUETP8M1/MINIAODSIM/PU25nsData2015v1_76X_mcRun2_asymptotic_v12-v2/10000/6A2632F9-63C1-E511-89B8-441EA1615FA0.root
19-Oct-2023 05:25:30 CEST  Initiating request to open file root://eospublic.cern.ch//eos/opendata/cms/mc/RunIIFall15MiniAODv2/ST_s-channel_4f_leptonDecays_13TeV-amcatnlo-pythia8_TuneCUETP8M1/MINIAODSIM/PU25nsData2015v1_76X_mcRun2_asymptotic_v12-v2/10000/6C4491E7-64C1-E511-BB95-00226406926C.root
%MSG-w XrdAdaptor:  file_open 19-Oct-2023 05:25:30 CEST PostProcessEvent
Data is served from cern.ch instead of original site eospublic
%MSG
19-Oct-2023 05:25:30 CEST  Successfully opened file root://eospublic.cern.ch//eos/opendata/cms/mc/RunIIFall15MiniAODv2/ST_s-channel_4f_leptonDecays_13TeV-amcatnlo-pythia8_TuneCUETP8M1/MINIAODSIM/PU25nsData2015v1_76X_mcRun2_asymptotic_v12-v2/10000/6C4491E7-64C1-E511-BB95-00226406926C.root
19-Oct-2023 05:25:36 CEST  Closed file root://eospublic.cern.ch//eos/opendata/cms/mc/RunIIFall15MiniAODv2/ST_s-channel_4f_leptonDecays_13TeV-amcatnlo-pythia8_TuneCUETP8M1/MINIAODSIM/PU25nsData2015v1_76X_mcRun2_asymptotic_v12-v2/10000/6C4491E7-64C1-E511-BB95-00226406926C.root
19-Oct-2023 05:25:36 CEST  Initiating request to open file root://eospublic.cern.ch//eos/opendata/cms/mc/RunIIFall15MiniAODv2/ST_s-channel_4f_leptonDecays_13TeV-amcatnlo-pythia8_TuneCUETP8M1/MINIAODSIM/PU25nsData2015v1_76X_mcRun2_asymptotic_v12-v2/10000/76B3ABFD-65C1-E511-B973-00215AA9D8C0.root
%MSG-w XrdAdaptor:  file_open 19-Oct-2023 05:25:36 CEST PostProcessEvent
Data is served from cern.ch instead of original site eospublic
%MSG
19-Oct-2023 05:25:36 CEST  Successfully opened file root://eospublic.cern.ch//eos/opendata/cms/mc/RunIIFall15MiniAODv2/ST_s-channel_4f_leptonDecays_13TeV-amcatnlo-pythia8_TuneCUETP8M1/MINIAODSIM/PU25nsData2015v1_76X_mcRun2_asymptotic_v12-v2/10000/76B3ABFD-65C1-E511-B973-00215AA9D8C0.root
19-Oct-2023 05:25:41 CEST  Closed file root://eospublic.cern.ch//eos/opendata/cms/mc/RunIIFall15MiniAODv2/ST_s-channel_4f_leptonDecays_13TeV-amcatnlo-pythia8_TuneCUETP8M1/MINIAODSIM/PU25nsData2015v1_76X_mcRun2_asymptotic_v12-v2/10000/76B3ABFD-65C1-E511-B973-00215AA9D8C0.root
19-Oct-2023 05:25:41 CEST  Initiating request to open file root://eospublic.cern.ch//eos/opendata/cms/mc/RunIIFall15MiniAODv2/ST_s-channel_4f_leptonDecays_13TeV-amcatnlo-pythia8_TuneCUETP8M1/MINIAODSIM/PU25nsData2015v1_76X_mcRun2_asymptotic_v12-v2/10000/8C9C396D-64C1-E511-A4BE-441EA161DC8E.root
%MSG-w XrdAdaptor:  file_open 19-Oct-2023 05:25:41 CEST PostProcessEvent
Data is served from cern.ch instead of original site eospublic
%MSG
19-Oct-2023 05:25:41 CEST  Successfully opened file root://eospublic.cern.ch//eos/opendata/cms/mc/RunIIFall15MiniAODv2/ST_s-channel_4f_leptonDecays_13TeV-amcatnlo-pythia8_TuneCUETP8M1/MINIAODSIM/PU25nsData2015v1_76X_mcRun2_asymptotic_v12-v2/10000/8C9C396D-64C1-E511-A4BE-441EA161DC8E.root
Begin processing the 500001st record. Run 1, Event 108801, LumiSection 545 at 19-Oct-2023 05:25:45.037 CEST
19-Oct-2023 05:25:46 CEST  Closed file root://eospublic.cern.ch//eos/opendata/cms/mc/RunIIFall15MiniAODv2/ST_s-channel_4f_leptonDecays_13TeV-amcatnlo-pythia8_TuneCUETP8M1/MINIAODSIM/PU25nsData2015v1_76X_mcRun2_asymptotic_v12-v2/10000/8C9C396D-64C1-E511-A4BE-441EA161DC8E.root
19-Oct-2023 05:25:46 CEST  Initiating request to open file root://eospublic.cern.ch//eos/opendata/cms/mc/RunIIFall15MiniAODv2/ST_s-channel_4f_leptonDecays_13TeV-amcatnlo-pythia8_TuneCUETP8M1/MINIAODSIM/PU25nsData2015v1_76X_mcRun2_asymptotic_v12-v2/10000/8EB1D021-66C1-E511-AEF9-0022640671E8.root
%MSG-w XrdAdaptor:  file_open 19-Oct-2023 05:25:46 CEST PostProcessEvent
Data is served from cern.ch instead of original site eospublic
%MSG
19-Oct-2023 05:25:46 CEST  Successfully opened file root://eospublic.cern.ch//eos/opendata/cms/mc/RunIIFall15MiniAODv2/ST_s-channel_4f_leptonDecays_13TeV-amcatnlo-pythia8_TuneCUETP8M1/MINIAODSIM/PU25nsData2015v1_76X_mcRun2_asymptotic_v12-v2/10000/8EB1D021-66C1-E511-AEF9-0022640671E8.root
19-Oct-2023 05:25:51 CEST  Closed file root://eospublic.cern.ch//eos/opendata/cms/mc/RunIIFall15MiniAODv2/ST_s-channel_4f_leptonDecays_13TeV-amcatnlo-pythia8_TuneCUETP8M1/MINIAODSIM/PU25nsData2015v1_76X_mcRun2_asymptotic_v12-v2/10000/8EB1D021-66C1-E511-AEF9-0022640671E8.root
19-Oct-2023 05:25:51 CEST  Initiating request to open file root://eospublic.cern.ch//eos/opendata/cms/mc/RunIIFall15MiniAODv2/ST_s-channel_4f_leptonDecays_13TeV-amcatnlo-pythia8_TuneCUETP8M1/MINIAODSIM/PU25nsData2015v1_76X_mcRun2_asymptotic_v12-v2/10000/90EF506C-65C1-E511-A705-00226406926C.root
%MSG-w XrdAdaptor:  file_open 19-Oct-2023 05:25:51 CEST PostProcessEvent
Data is served from cern.ch instead of original site eospublic
%MSG
19-Oct-2023 05:25:51 CEST  Successfully opened file root://eospublic.cern.ch//eos/opendata/cms/mc/RunIIFall15MiniAODv2/ST_s-channel_4f_leptonDecays_13TeV-amcatnlo-pythia8_TuneCUETP8M1/MINIAODSIM/PU25nsData2015v1_76X_mcRun2_asymptotic_v12-v2/10000/90EF506C-65C1-E511-A705-00226406926C.root
Begin processing the 600001st record. Run 1, Event 682401, LumiSection 3413 at 19-Oct-2023 05:25:57.793 CEST
19-Oct-2023 05:25:58 CEST  Closed file root://eospublic.cern.ch//eos/opendata/cms/mc/RunIIFall15MiniAODv2/ST_s-channel_4f_leptonDecays_13TeV-amcatnlo-pythia8_TuneCUETP8M1/MINIAODSIM/PU25nsData2015v1_76X_mcRun2_asymptotic_v12-v2/10000/90EF506C-65C1-E511-A705-00226406926C.root
19-Oct-2023 05:25:58 CEST  Initiating request to open file root://eospublic.cern.ch//eos/opendata/cms/mc/RunIIFall15MiniAODv2/ST_s-channel_4f_leptonDecays_13TeV-amcatnlo-pythia8_TuneCUETP8M1/MINIAODSIM/PU25nsData2015v1_76X_mcRun2_asymptotic_v12-v2/10000/9A076A78-64C1-E511-9C5B-0030487BB7E8.root
%MSG-w XrdAdaptor:  file_open 19-Oct-2023 05:25:58 CEST PostProcessEvent
Data is served from cern.ch instead of original site eospublic
%MSG
19-Oct-2023 05:25:58 CEST  Successfully opened file root://eospublic.cern.ch//eos/opendata/cms/mc/RunIIFall15MiniAODv2/ST_s-channel_4f_leptonDecays_13TeV-amcatnlo-pythia8_TuneCUETP8M1/MINIAODSIM/PU25nsData2015v1_76X_mcRun2_asymptotic_v12-v2/10000/9A076A78-64C1-E511-9C5B-0030487BB7E8.root
19-Oct-2023 05:26:03 CEST  Closed file root://eospublic.cern.ch//eos/opendata/cms/mc/RunIIFall15MiniAODv2/ST_s-channel_4f_leptonDecays_13TeV-amcatnlo-pythia8_TuneCUETP8M1/MINIAODSIM/PU25nsData2015v1_76X_mcRun2_asymptotic_v12-v2/10000/9A076A78-64C1-E511-9C5B-0030487BB7E8.root
19-Oct-2023 05:26:03 CEST  Initiating request to open file root://eospublic.cern.ch//eos/opendata/cms/mc/RunIIFall15MiniAODv2/ST_s-channel_4f_leptonDecays_13TeV-amcatnlo-pythia8_TuneCUETP8M1/MINIAODSIM/PU25nsData2015v1_76X_mcRun2_asymptotic_v12-v2/10000/9C11A76B-64C1-E511-A90B-38EAA78E2C94.root
%MSG-w XrdAdaptor:  file_open 19-Oct-2023 05:26:03 CEST PostProcessEvent
Data is served from cern.ch instead of original site eospublic
%MSG
19-Oct-2023 05:26:03 CEST  Successfully opened file root://eospublic.cern.ch//eos/opendata/cms/mc/RunIIFall15MiniAODv2/ST_s-channel_4f_leptonDecays_13TeV-amcatnlo-pythia8_TuneCUETP8M1/MINIAODSIM/PU25nsData2015v1_76X_mcRun2_asymptotic_v12-v2/10000/9C11A76B-64C1-E511-A90B-38EAA78E2C94.root
19-Oct-2023 05:26:09 CEST  Closed file root://eospublic.cern.ch//eos/opendata/cms/mc/RunIIFall15MiniAODv2/ST_s-channel_4f_leptonDecays_13TeV-amcatnlo-pythia8_TuneCUETP8M1/MINIAODSIM/PU25nsData2015v1_76X_mcRun2_asymptotic_v12-v2/10000/9C11A76B-64C1-E511-A90B-38EAA78E2C94.root
19-Oct-2023 05:26:09 CEST  Initiating request to open file root://eospublic.cern.ch//eos/opendata/cms/mc/RunIIFall15MiniAODv2/ST_s-channel_4f_leptonDecays_13TeV-amcatnlo-pythia8_TuneCUETP8M1/MINIAODSIM/PU25nsData2015v1_76X_mcRun2_asymptotic_v12-v2/10000/9CE6FF3D-64C1-E511-9E43-441EA158FE9A.root
%MSG-w XrdAdaptor:  file_open 19-Oct-2023 05:26:09 CEST PostProcessEvent
Data is served from cern.ch instead of original site eospublic
%MSG
19-Oct-2023 05:26:09 CEST  Successfully opened file root://eospublic.cern.ch//eos/opendata/cms/mc/RunIIFall15MiniAODv2/ST_s-channel_4f_leptonDecays_13TeV-amcatnlo-pythia8_TuneCUETP8M1/MINIAODSIM/PU25nsData2015v1_76X_mcRun2_asymptotic_v12-v2/10000/9CE6FF3D-64C1-E511-9E43-441EA158FE9A.root
Begin processing the 700001st record. Run 1, Event 172801, LumiSection 865 at 19-Oct-2023 05:26:12.861 CEST
19-Oct-2023 05:26:16 CEST  Closed file root://eospublic.cern.ch//eos/opendata/cms/mc/RunIIFall15MiniAODv2/ST_s-channel_4f_leptonDecays_13TeV-amcatnlo-pythia8_TuneCUETP8M1/MINIAODSIM/PU25nsData2015v1_76X_mcRun2_asymptotic_v12-v2/10000/9CE6FF3D-64C1-E511-9E43-441EA158FE9A.root
19-Oct-2023 05:26:16 CEST  Initiating request to open file root://eospublic.cern.ch//eos/opendata/cms/mc/RunIIFall15MiniAODv2/ST_s-channel_4f_leptonDecays_13TeV-amcatnlo-pythia8_TuneCUETP8M1/MINIAODSIM/PU25nsData2015v1_76X_mcRun2_asymptotic_v12-v2/10000/9E2F0169-65C1-E511-8D35-441EA1616DE6.root
%MSG-w XrdAdaptor:  file_open 19-Oct-2023 05:26:16 CEST PostProcessEvent
Data is served from cern.ch instead of original site eospublic
%MSG
19-Oct-2023 05:26:16 CEST  Successfully opened file root://eospublic.cern.ch//eos/opendata/cms/mc/RunIIFall15MiniAODv2/ST_s-channel_4f_leptonDecays_13TeV-amcatnlo-pythia8_TuneCUETP8M1/MINIAODSIM/PU25nsData2015v1_76X_mcRun2_asymptotic_v12-v2/10000/9E2F0169-65C1-E511-8D35-441EA1616DE6.root
19-Oct-2023 05:26:23 CEST  Closed file root://eospublic.cern.ch//eos/opendata/cms/mc/RunIIFall15MiniAODv2/ST_s-channel_4f_leptonDecays_13TeV-amcatnlo-pythia8_TuneCUETP8M1/MINIAODSIM/PU25nsData2015v1_76X_mcRun2_asymptotic_v12-v2/10000/9E2F0169-65C1-E511-8D35-441EA1616DE6.root
19-Oct-2023 05:26:23 CEST  Initiating request to open file root://eospublic.cern.ch//eos/opendata/cms/mc/RunIIFall15MiniAODv2/ST_s-channel_4f_leptonDecays_13TeV-amcatnlo-pythia8_TuneCUETP8M1/MINIAODSIM/PU25nsData2015v1_76X_mcRun2_asymptotic_v12-v2/10000/A800ED1E-66C1-E511-A925-0022640691CC.root
%MSG-w XrdAdaptor:  file_open 19-Oct-2023 05:26:23 CEST PostProcessEvent
Data is served from cern.ch instead of original site eospublic
%MSG
19-Oct-2023 05:26:23 CEST  Successfully opened file root://eospublic.cern.ch//eos/opendata/cms/mc/RunIIFall15MiniAODv2/ST_s-channel_4f_leptonDecays_13TeV-amcatnlo-pythia8_TuneCUETP8M1/MINIAODSIM/PU25nsData2015v1_76X_mcRun2_asymptotic_v12-v2/10000/A800ED1E-66C1-E511-A925-0022640691CC.root
Begin processing the 800001st record. Run 1, Event 653601, LumiSection 3269 at 19-Oct-2023 05:26:27.594 CEST
19-Oct-2023 05:26:30 CEST  Closed file root://eospublic.cern.ch//eos/opendata/cms/mc/RunIIFall15MiniAODv2/ST_s-channel_4f_leptonDecays_13TeV-amcatnlo-pythia8_TuneCUETP8M1/MINIAODSIM/PU25nsData2015v1_76X_mcRun2_asymptotic_v12-v2/10000/A800ED1E-66C1-E511-A925-0022640691CC.root
19-Oct-2023 05:26:30 CEST  Initiating request to open file root://eospublic.cern.ch//eos/opendata/cms/mc/RunIIFall15MiniAODv2/ST_s-channel_4f_leptonDecays_13TeV-amcatnlo-pythia8_TuneCUETP8M1/MINIAODSIM/PU25nsData2015v1_76X_mcRun2_asymptotic_v12-v2/10000/C8C605E9-65C1-E511-8542-38EAA78E2C94.root
%MSG-w XrdAdaptor:  file_open 19-Oct-2023 05:26:30 CEST PostProcessEvent
Data is served from cern.ch instead of original site eospublic
%MSG
19-Oct-2023 05:26:30 CEST  Successfully opened file root://eospublic.cern.ch//eos/opendata/cms/mc/RunIIFall15MiniAODv2/ST_s-channel_4f_leptonDecays_13TeV-amcatnlo-pythia8_TuneCUETP8M1/MINIAODSIM/PU25nsData2015v1_76X_mcRun2_asymptotic_v12-v2/10000/C8C605E9-65C1-E511-8542-38EAA78E2C94.root
19-Oct-2023 05:26:36 CEST  Closed file root://eospublic.cern.ch//eos/opendata/cms/mc/RunIIFall15MiniAODv2/ST_s-channel_4f_leptonDecays_13TeV-amcatnlo-pythia8_TuneCUETP8M1/MINIAODSIM/PU25nsData2015v1_76X_mcRun2_asymptotic_v12-v2/10000/C8C605E9-65C1-E511-8542-38EAA78E2C94.root
19-Oct-2023 05:26:36 CEST  Initiating request to open file root://eospublic.cern.ch//eos/opendata/cms/mc/RunIIFall15MiniAODv2/ST_s-channel_4f_leptonDecays_13TeV-amcatnlo-pythia8_TuneCUETP8M1/MINIAODSIM/PU25nsData2015v1_76X_mcRun2_asymptotic_v12-v2/10000/CE1F7C3B-66C1-E511-ADCD-00226406926C.root
%MSG-w XrdAdaptor:  file_open 19-Oct-2023 05:26:36 CEST PostProcessEvent
Data is served from cern.ch instead of original site eospublic
%MSG
19-Oct-2023 05:26:36 CEST  Successfully opened file root://eospublic.cern.ch//eos/opendata/cms/mc/RunIIFall15MiniAODv2/ST_s-channel_4f_leptonDecays_13TeV-amcatnlo-pythia8_TuneCUETP8M1/MINIAODSIM/PU25nsData2015v1_76X_mcRun2_asymptotic_v12-v2/10000/CE1F7C3B-66C1-E511-ADCD-00226406926C.root
Begin processing the 900001st record. Run 1, Event 26001, LumiSection 131 at 19-Oct-2023 05:26:41.064 CEST
19-Oct-2023 05:26:42 CEST  Closed file root://eospublic.cern.ch//eos/opendata/cms/mc/RunIIFall15MiniAODv2/ST_s-channel_4f_leptonDecays_13TeV-amcatnlo-pythia8_TuneCUETP8M1/MINIAODSIM/PU25nsData2015v1_76X_mcRun2_asymptotic_v12-v2/10000/CE1F7C3B-66C1-E511-ADCD-00226406926C.root
19-Oct-2023 05:26:42 CEST  Initiating request to open file root://eospublic.cern.ch//eos/opendata/cms/mc/RunIIFall15MiniAODv2/ST_s-channel_4f_leptonDecays_13TeV-amcatnlo-pythia8_TuneCUETP8M1/MINIAODSIM/PU25nsData2015v1_76X_mcRun2_asymptotic_v12-v2/10000/D6D60E26-66C1-E511-B39B-00215AA64960.root
%MSG-w XrdAdaptor:  file_open 19-Oct-2023 05:26:42 CEST PostProcessEvent
Data is served from cern.ch instead of original site eospublic
%MSG
19-Oct-2023 05:26:42 CEST  Successfully opened file root://eospublic.cern.ch//eos/opendata/cms/mc/RunIIFall15MiniAODv2/ST_s-channel_4f_leptonDecays_13TeV-amcatnlo-pythia8_TuneCUETP8M1/MINIAODSIM/PU25nsData2015v1_76X_mcRun2_asymptotic_v12-v2/10000/D6D60E26-66C1-E511-B39B-00215AA64960.root
19-Oct-2023 05:26:48 CEST  Closed file root://eospublic.cern.ch//eos/opendata/cms/mc/RunIIFall15MiniAODv2/ST_s-channel_4f_leptonDecays_13TeV-amcatnlo-pythia8_TuneCUETP8M1/MINIAODSIM/PU25nsData2015v1_76X_mcRun2_asymptotic_v12-v2/10000/D6D60E26-66C1-E511-B39B-00215AA64960.root
19-Oct-2023 05:26:48 CEST  Initiating request to open file root://eospublic.cern.ch//eos/opendata/cms/mc/RunIIFall15MiniAODv2/ST_s-channel_4f_leptonDecays_13TeV-amcatnlo-pythia8_TuneCUETP8M1/MINIAODSIM/PU25nsData2015v1_76X_mcRun2_asymptotic_v12-v2/10000/DA2F46B0-65C1-E511-930F-441EA161DC8E.root
%MSG-w XrdAdaptor:  file_open 19-Oct-2023 05:26:48 CEST PostProcessEvent
Data is served from cern.ch instead of original site eospublic
%MSG
19-Oct-2023 05:26:48 CEST  Successfully opened file root://eospublic.cern.ch//eos/opendata/cms/mc/RunIIFall15MiniAODv2/ST_s-channel_4f_leptonDecays_13TeV-amcatnlo-pythia8_TuneCUETP8M1/MINIAODSIM/PU25nsData2015v1_76X_mcRun2_asymptotic_v12-v2/10000/DA2F46B0-65C1-E511-930F-441EA161DC8E.root
      2.070862      0.003422      5.410470             0
      1.294547      0.003050      5.410470             1
 
19-Oct-2023 05:26:54 CEST  Closed file root://eospublic.cern.ch//eos/opendata/cms/mc/RunIIFall15MiniAODv2/ST_s-channel_4f_leptonDecays_13TeV-amcatnlo-pythia8_TuneCUETP8M1/MINIAODSIM/PU25nsData2015v1_76X_mcRun2_asymptotic_v12-v2/10000/DA2F46B0-65C1-E511-930F-441EA161DC8E.root

------------------------------------
GenXsecAnalyzer:
------------------------------------
-------------------------------------------------------------------------------------------------------------------------------------------------------------------------- 
Overall cross-section summary 
--------------------------------------------------------------------------------------------------------------------------------------------------------------------------
Process		xsec_before [pb]		passed	nposw	nnegw	tried	nposw	nnegw 	xsec_match [pb]			accepted [%]	 event_eff [%]
0		2.071e+00 +/- 3.422e-03		615106	499192	115914	615106	499192	115914	2.071e+00 +/- 3.422e-03		100.0 +/- 0.0	100.0 +/- 0.0
1		1.295e+00 +/- 3.050e-03		383294	310981	72313	383294	310981	72313	1.295e+00 +/- 3.050e-03		100.0 +/- 0.0	100.0 +/- 0.0
-------------------------------------------------------------------------------------------------------------------------------------------------------------------------- 
Total		3.365e+00 +/- 4.584e-03		998400	810173	188227	998400	810173	188227	3.365e+00 +/- 4.584e-03		100.0 +/- 0.0	100.0 +/- 0.0
--------------------------------------------------------------------------------------------------------------------------------------------------------------------------
Before matching: total cross section = 3.365e+00 +- 4.584e-03 pb
After matching: total cross section = 3.365e+00 +- 4.584e-03 pb
Filter efficiency (taking into account weights)= (3.36502e+06) / (3.36502e+06) = 1.000e+00 +- 0.000e+00
Filter efficiency (event-level)= (998400) / (998400) = 1.000e+00 +- 0.000e+00
After filter: final cross section = 3.365e+00 +- 4.584e-03 pb

=============================================

MessageLogger Summary

 type     category        sev    module        subroutine        count    total
 ---- -------------------- -- ---------------- ----------------  -----    -----
    1 GenXSecAnalyzer      -w GenXSecAnalyzer:                      13       13
    2 XrdAdaptor           -w file_open                             24       24
    3 fileAction           -s file_close                            24       24
    4 fileAction           -s file_open                             48       48

 type    category    Examples: run/evt        run/evt          run/evt
 ---- -------------------- ---------------- ---------------- ----------------
    1 GenXSecAnalyzer      PostEndRun       PostEndRun       PostEndRun
    2 XrdAdaptor           pre-events       PostProcessEvent PostProcessEvent
    3 fileAction           PostProcessEvent PostProcessEvent PostEndRun
    4 fileAction           pre-events       pre-events       PostProcessEvent

Severity    # Occurrences   Total Occurrences
--------    -------------   -----------------
Warning                37                  37
System                 72                  72
