19-Oct-2023 13:12:25 CEST  Initiating request to open file root://eospublic.cern.ch//eos/opendata/cms/mc/RunIIFall15MiniAODv2/ST_tW_top_5f_inclusiveDecays_13TeV-powheg-pythia8_TuneCUETP8M1/MINIAODSIM/PU25nsData2015v1_76X_mcRun2_asymptotic_v12-v1/70000/0CAE8121-20B9-E511-A86F-002590D9D822.root
%MSG-w XrdAdaptor:  file_open 19-Oct-2023 13:12:25 CEST pre-events
Data is served from cern.ch instead of original site eospublic
%MSG
19-Oct-2023 13:12:28 CEST  Successfully opened file root://eospublic.cern.ch//eos/opendata/cms/mc/RunIIFall15MiniAODv2/ST_tW_top_5f_inclusiveDecays_13TeV-powheg-pythia8_TuneCUETP8M1/MINIAODSIM/PU25nsData2015v1_76X_mcRun2_asymptotic_v12-v1/70000/0CAE8121-20B9-E511-A86F-002590D9D822.root
Begin processing the 1st record. Run 1, Event 259601, LumiSection 1299 at 19-Oct-2023 13:12:30.759 CEST
19-Oct-2023 13:12:36 CEST  Closed file root://eospublic.cern.ch//eos/opendata/cms/mc/RunIIFall15MiniAODv2/ST_tW_top_5f_inclusiveDecays_13TeV-powheg-pythia8_TuneCUETP8M1/MINIAODSIM/PU25nsData2015v1_76X_mcRun2_asymptotic_v12-v1/70000/0CAE8121-20B9-E511-A86F-002590D9D822.root
19-Oct-2023 13:12:36 CEST  Initiating request to open file root://eospublic.cern.ch//eos/opendata/cms/mc/RunIIFall15MiniAODv2/ST_tW_top_5f_inclusiveDecays_13TeV-powheg-pythia8_TuneCUETP8M1/MINIAODSIM/PU25nsData2015v1_76X_mcRun2_asymptotic_v12-v1/70000/104F0605-BEB8-E511-804E-00259075D6B4.root
%MSG-w XrdAdaptor:  file_open 19-Oct-2023 13:12:36 CEST PostProcessEvent
Data is served from cern.ch instead of original site eospublic
%MSG
19-Oct-2023 13:12:36 CEST  Successfully opened file root://eospublic.cern.ch//eos/opendata/cms/mc/RunIIFall15MiniAODv2/ST_tW_top_5f_inclusiveDecays_13TeV-powheg-pythia8_TuneCUETP8M1/MINIAODSIM/PU25nsData2015v1_76X_mcRun2_asymptotic_v12-v1/70000/104F0605-BEB8-E511-804E-00259075D6B4.root
19-Oct-2023 13:12:41 CEST  Closed file root://eospublic.cern.ch//eos/opendata/cms/mc/RunIIFall15MiniAODv2/ST_tW_top_5f_inclusiveDecays_13TeV-powheg-pythia8_TuneCUETP8M1/MINIAODSIM/PU25nsData2015v1_76X_mcRun2_asymptotic_v12-v1/70000/104F0605-BEB8-E511-804E-00259075D6B4.root
19-Oct-2023 13:12:41 CEST  Initiating request to open file root://eospublic.cern.ch//eos/opendata/cms/mc/RunIIFall15MiniAODv2/ST_tW_top_5f_inclusiveDecays_13TeV-powheg-pythia8_TuneCUETP8M1/MINIAODSIM/PU25nsData2015v1_76X_mcRun2_asymptotic_v12-v1/70000/2218E674-D4B8-E511-8C56-002590FD5A72.root
%MSG-w XrdAdaptor:  file_open 19-Oct-2023 13:12:41 CEST PostProcessEvent
Data is served from cern.ch instead of original site eospublic
%MSG
19-Oct-2023 13:12:41 CEST  Successfully opened file root://eospublic.cern.ch//eos/opendata/cms/mc/RunIIFall15MiniAODv2/ST_tW_top_5f_inclusiveDecays_13TeV-powheg-pythia8_TuneCUETP8M1/MINIAODSIM/PU25nsData2015v1_76X_mcRun2_asymptotic_v12-v1/70000/2218E674-D4B8-E511-8C56-002590FD5A72.root
Begin processing the 100001st record. Run 1, Event 56401, LumiSection 283 at 19-Oct-2023 13:12:45.291 CEST
19-Oct-2023 13:12:47 CEST  Closed file root://eospublic.cern.ch//eos/opendata/cms/mc/RunIIFall15MiniAODv2/ST_tW_top_5f_inclusiveDecays_13TeV-powheg-pythia8_TuneCUETP8M1/MINIAODSIM/PU25nsData2015v1_76X_mcRun2_asymptotic_v12-v1/70000/2218E674-D4B8-E511-8C56-002590FD5A72.root
19-Oct-2023 13:12:47 CEST  Initiating request to open file root://eospublic.cern.ch//eos/opendata/cms/mc/RunIIFall15MiniAODv2/ST_tW_top_5f_inclusiveDecays_13TeV-powheg-pythia8_TuneCUETP8M1/MINIAODSIM/PU25nsData2015v1_76X_mcRun2_asymptotic_v12-v1/70000/24C0F0FB-CAB8-E511-9642-00304867FD3B.root
%MSG-w XrdAdaptor:  file_open 19-Oct-2023 13:12:47 CEST PostProcessEvent
Data is served from cern.ch instead of original site eospublic
%MSG
19-Oct-2023 13:12:47 CEST  Successfully opened file root://eospublic.cern.ch//eos/opendata/cms/mc/RunIIFall15MiniAODv2/ST_tW_top_5f_inclusiveDecays_13TeV-powheg-pythia8_TuneCUETP8M1/MINIAODSIM/PU25nsData2015v1_76X_mcRun2_asymptotic_v12-v1/70000/24C0F0FB-CAB8-E511-9642-00304867FD3B.root
19-Oct-2023 13:12:54 CEST  Closed file root://eospublic.cern.ch//eos/opendata/cms/mc/RunIIFall15MiniAODv2/ST_tW_top_5f_inclusiveDecays_13TeV-powheg-pythia8_TuneCUETP8M1/MINIAODSIM/PU25nsData2015v1_76X_mcRun2_asymptotic_v12-v1/70000/24C0F0FB-CAB8-E511-9642-00304867FD3B.root
19-Oct-2023 13:12:54 CEST  Initiating request to open file root://eospublic.cern.ch//eos/opendata/cms/mc/RunIIFall15MiniAODv2/ST_tW_top_5f_inclusiveDecays_13TeV-powheg-pythia8_TuneCUETP8M1/MINIAODSIM/PU25nsData2015v1_76X_mcRun2_asymptotic_v12-v1/70000/3AD42817-20B9-E511-8DF8-0CC47A0AD69E.root
%MSG-w XrdAdaptor:  file_open 19-Oct-2023 13:12:54 CEST PostProcessEvent
Data is served from cern.ch instead of original site eospublic
%MSG
19-Oct-2023 13:12:54 CEST  Successfully opened file root://eospublic.cern.ch//eos/opendata/cms/mc/RunIIFall15MiniAODv2/ST_tW_top_5f_inclusiveDecays_13TeV-powheg-pythia8_TuneCUETP8M1/MINIAODSIM/PU25nsData2015v1_76X_mcRun2_asymptotic_v12-v1/70000/3AD42817-20B9-E511-8DF8-0CC47A0AD69E.root
19-Oct-2023 13:12:59 CEST  Closed file root://eospublic.cern.ch//eos/opendata/cms/mc/RunIIFall15MiniAODv2/ST_tW_top_5f_inclusiveDecays_13TeV-powheg-pythia8_TuneCUETP8M1/MINIAODSIM/PU25nsData2015v1_76X_mcRun2_asymptotic_v12-v1/70000/3AD42817-20B9-E511-8DF8-0CC47A0AD69E.root
19-Oct-2023 13:12:59 CEST  Initiating request to open file root://eospublic.cern.ch//eos/opendata/cms/mc/RunIIFall15MiniAODv2/ST_tW_top_5f_inclusiveDecays_13TeV-powheg-pythia8_TuneCUETP8M1/MINIAODSIM/PU25nsData2015v1_76X_mcRun2_asymptotic_v12-v1/70000/46D0391B-21B9-E511-A117-0CC47A0AD74E.root
%MSG-w XrdAdaptor:  file_open 19-Oct-2023 13:12:59 CEST PostProcessEvent
Data is served from cern.ch instead of original site eospublic
%MSG
19-Oct-2023 13:12:59 CEST  Successfully opened file root://eospublic.cern.ch//eos/opendata/cms/mc/RunIIFall15MiniAODv2/ST_tW_top_5f_inclusiveDecays_13TeV-powheg-pythia8_TuneCUETP8M1/MINIAODSIM/PU25nsData2015v1_76X_mcRun2_asymptotic_v12-v1/70000/46D0391B-21B9-E511-A117-0CC47A0AD74E.root
Begin processing the 200001st record. Run 1, Event 106001, LumiSection 531 at 19-Oct-2023 13:13:01.153 CEST
19-Oct-2023 13:13:05 CEST  Closed file root://eospublic.cern.ch//eos/opendata/cms/mc/RunIIFall15MiniAODv2/ST_tW_top_5f_inclusiveDecays_13TeV-powheg-pythia8_TuneCUETP8M1/MINIAODSIM/PU25nsData2015v1_76X_mcRun2_asymptotic_v12-v1/70000/46D0391B-21B9-E511-A117-0CC47A0AD74E.root
19-Oct-2023 13:13:05 CEST  Initiating request to open file root://eospublic.cern.ch//eos/opendata/cms/mc/RunIIFall15MiniAODv2/ST_tW_top_5f_inclusiveDecays_13TeV-powheg-pythia8_TuneCUETP8M1/MINIAODSIM/PU25nsData2015v1_76X_mcRun2_asymptotic_v12-v1/70000/64ED2629-BEB8-E511-B014-00259019A418.root
%MSG-w XrdAdaptor:  file_open 19-Oct-2023 13:13:05 CEST PostProcessEvent
Data is served from cern.ch instead of original site eospublic
%MSG
19-Oct-2023 13:13:05 CEST  Successfully opened file root://eospublic.cern.ch//eos/opendata/cms/mc/RunIIFall15MiniAODv2/ST_tW_top_5f_inclusiveDecays_13TeV-powheg-pythia8_TuneCUETP8M1/MINIAODSIM/PU25nsData2015v1_76X_mcRun2_asymptotic_v12-v1/70000/64ED2629-BEB8-E511-B014-00259019A418.root
19-Oct-2023 13:13:12 CEST  Closed file root://eospublic.cern.ch//eos/opendata/cms/mc/RunIIFall15MiniAODv2/ST_tW_top_5f_inclusiveDecays_13TeV-powheg-pythia8_TuneCUETP8M1/MINIAODSIM/PU25nsData2015v1_76X_mcRun2_asymptotic_v12-v1/70000/64ED2629-BEB8-E511-B014-00259019A418.root
19-Oct-2023 13:13:12 CEST  Initiating request to open file root://eospublic.cern.ch//eos/opendata/cms/mc/RunIIFall15MiniAODv2/ST_tW_top_5f_inclusiveDecays_13TeV-powheg-pythia8_TuneCUETP8M1/MINIAODSIM/PU25nsData2015v1_76X_mcRun2_asymptotic_v12-v1/70000/6A69541F-BEB8-E511-92A2-0CC47A0AD6AA.root
%MSG-w XrdAdaptor:  file_open 19-Oct-2023 13:13:12 CEST PostProcessEvent
Data is served from cern.ch instead of original site eospublic
%MSG
19-Oct-2023 13:13:12 CEST  Successfully opened file root://eospublic.cern.ch//eos/opendata/cms/mc/RunIIFall15MiniAODv2/ST_tW_top_5f_inclusiveDecays_13TeV-powheg-pythia8_TuneCUETP8M1/MINIAODSIM/PU25nsData2015v1_76X_mcRun2_asymptotic_v12-v1/70000/6A69541F-BEB8-E511-92A2-0CC47A0AD6AA.root
Begin processing the 300001st record. Run 1, Event 524001, LumiSection 2621 at 19-Oct-2023 13:13:14.618 CEST
19-Oct-2023 13:13:18 CEST  Closed file root://eospublic.cern.ch//eos/opendata/cms/mc/RunIIFall15MiniAODv2/ST_tW_top_5f_inclusiveDecays_13TeV-powheg-pythia8_TuneCUETP8M1/MINIAODSIM/PU25nsData2015v1_76X_mcRun2_asymptotic_v12-v1/70000/6A69541F-BEB8-E511-92A2-0CC47A0AD6AA.root
19-Oct-2023 13:13:18 CEST  Initiating request to open file root://eospublic.cern.ch//eos/opendata/cms/mc/RunIIFall15MiniAODv2/ST_tW_top_5f_inclusiveDecays_13TeV-powheg-pythia8_TuneCUETP8M1/MINIAODSIM/PU25nsData2015v1_76X_mcRun2_asymptotic_v12-v1/70000/76B38E09-C6B8-E511-99A0-0025901AC404.root
%MSG-w XrdAdaptor:  file_open 19-Oct-2023 13:13:18 CEST PostProcessEvent
Data is served from cern.ch instead of original site eospublic
%MSG
19-Oct-2023 13:13:19 CEST  Successfully opened file root://eospublic.cern.ch//eos/opendata/cms/mc/RunIIFall15MiniAODv2/ST_tW_top_5f_inclusiveDecays_13TeV-powheg-pythia8_TuneCUETP8M1/MINIAODSIM/PU25nsData2015v1_76X_mcRun2_asymptotic_v12-v1/70000/76B38E09-C6B8-E511-99A0-0025901AC404.root
19-Oct-2023 13:13:26 CEST  Closed file root://eospublic.cern.ch//eos/opendata/cms/mc/RunIIFall15MiniAODv2/ST_tW_top_5f_inclusiveDecays_13TeV-powheg-pythia8_TuneCUETP8M1/MINIAODSIM/PU25nsData2015v1_76X_mcRun2_asymptotic_v12-v1/70000/76B38E09-C6B8-E511-99A0-0025901AC404.root
19-Oct-2023 13:13:26 CEST  Initiating request to open file root://eospublic.cern.ch//eos/opendata/cms/mc/RunIIFall15MiniAODv2/ST_tW_top_5f_inclusiveDecays_13TeV-powheg-pythia8_TuneCUETP8M1/MINIAODSIM/PU25nsData2015v1_76X_mcRun2_asymptotic_v12-v1/70000/7EF5BAAD-C9B8-E511-8784-00259048AD6A.root
%MSG-w XrdAdaptor:  file_open 19-Oct-2023 13:13:26 CEST PostProcessEvent
Data is served from cern.ch instead of original site eospublic
%MSG
19-Oct-2023 13:13:26 CEST  Successfully opened file root://eospublic.cern.ch//eos/opendata/cms/mc/RunIIFall15MiniAODv2/ST_tW_top_5f_inclusiveDecays_13TeV-powheg-pythia8_TuneCUETP8M1/MINIAODSIM/PU25nsData2015v1_76X_mcRun2_asymptotic_v12-v1/70000/7EF5BAAD-C9B8-E511-8784-00259048AD6A.root
Begin processing the 400001st record. Run 1, Event 712801, LumiSection 3565 at 19-Oct-2023 13:13:28.318 CEST
19-Oct-2023 13:13:32 CEST  Closed file root://eospublic.cern.ch//eos/opendata/cms/mc/RunIIFall15MiniAODv2/ST_tW_top_5f_inclusiveDecays_13TeV-powheg-pythia8_TuneCUETP8M1/MINIAODSIM/PU25nsData2015v1_76X_mcRun2_asymptotic_v12-v1/70000/7EF5BAAD-C9B8-E511-8784-00259048AD6A.root
19-Oct-2023 13:13:32 CEST  Initiating request to open file root://eospublic.cern.ch//eos/opendata/cms/mc/RunIIFall15MiniAODv2/ST_tW_top_5f_inclusiveDecays_13TeV-powheg-pythia8_TuneCUETP8M1/MINIAODSIM/PU25nsData2015v1_76X_mcRun2_asymptotic_v12-v1/70000/80C3FB49-E5B8-E511-96C4-0CC47A57CCEA.root
%MSG-w XrdAdaptor:  file_open 19-Oct-2023 13:13:32 CEST PostProcessEvent
Data is served from cern.ch instead of original site eospublic
%MSG
19-Oct-2023 13:13:32 CEST  Successfully opened file root://eospublic.cern.ch//eos/opendata/cms/mc/RunIIFall15MiniAODv2/ST_tW_top_5f_inclusiveDecays_13TeV-powheg-pythia8_TuneCUETP8M1/MINIAODSIM/PU25nsData2015v1_76X_mcRun2_asymptotic_v12-v1/70000/80C3FB49-E5B8-E511-96C4-0CC47A57CCEA.root
19-Oct-2023 13:13:38 CEST  Closed file root://eospublic.cern.ch//eos/opendata/cms/mc/RunIIFall15MiniAODv2/ST_tW_top_5f_inclusiveDecays_13TeV-powheg-pythia8_TuneCUETP8M1/MINIAODSIM/PU25nsData2015v1_76X_mcRun2_asymptotic_v12-v1/70000/80C3FB49-E5B8-E511-96C4-0CC47A57CCEA.root
19-Oct-2023 13:13:38 CEST  Initiating request to open file root://eospublic.cern.ch//eos/opendata/cms/mc/RunIIFall15MiniAODv2/ST_tW_top_5f_inclusiveDecays_13TeV-powheg-pythia8_TuneCUETP8M1/MINIAODSIM/PU25nsData2015v1_76X_mcRun2_asymptotic_v12-v1/70000/8E03C8E8-C7B8-E511-8A04-00259029E84C.root
%MSG-w XrdAdaptor:  file_open 19-Oct-2023 13:13:38 CEST PostProcessEvent
Data is served from cern.ch instead of original site eospublic
%MSG
19-Oct-2023 13:13:38 CEST  Successfully opened file root://eospublic.cern.ch//eos/opendata/cms/mc/RunIIFall15MiniAODv2/ST_tW_top_5f_inclusiveDecays_13TeV-powheg-pythia8_TuneCUETP8M1/MINIAODSIM/PU25nsData2015v1_76X_mcRun2_asymptotic_v12-v1/70000/8E03C8E8-C7B8-E511-8A04-00259029E84C.root
Begin processing the 500001st record. Run 1, Event 438001, LumiSection 2191 at 19-Oct-2023 13:13:42.117 CEST
19-Oct-2023 13:13:43 CEST  Closed file root://eospublic.cern.ch//eos/opendata/cms/mc/RunIIFall15MiniAODv2/ST_tW_top_5f_inclusiveDecays_13TeV-powheg-pythia8_TuneCUETP8M1/MINIAODSIM/PU25nsData2015v1_76X_mcRun2_asymptotic_v12-v1/70000/8E03C8E8-C7B8-E511-8A04-00259029E84C.root
19-Oct-2023 13:13:43 CEST  Initiating request to open file root://eospublic.cern.ch//eos/opendata/cms/mc/RunIIFall15MiniAODv2/ST_tW_top_5f_inclusiveDecays_13TeV-powheg-pythia8_TuneCUETP8M1/MINIAODSIM/PU25nsData2015v1_76X_mcRun2_asymptotic_v12-v1/70000/907DBC7A-D4B8-E511-A334-003048322CDB.root
%MSG-w XrdAdaptor:  file_open 19-Oct-2023 13:13:43 CEST PostProcessEvent
Data is served from cern.ch instead of original site eospublic
%MSG
19-Oct-2023 13:13:43 CEST  Successfully opened file root://eospublic.cern.ch//eos/opendata/cms/mc/RunIIFall15MiniAODv2/ST_tW_top_5f_inclusiveDecays_13TeV-powheg-pythia8_TuneCUETP8M1/MINIAODSIM/PU25nsData2015v1_76X_mcRun2_asymptotic_v12-v1/70000/907DBC7A-D4B8-E511-A334-003048322CDB.root
19-Oct-2023 13:13:50 CEST  Closed file root://eospublic.cern.ch//eos/opendata/cms/mc/RunIIFall15MiniAODv2/ST_tW_top_5f_inclusiveDecays_13TeV-powheg-pythia8_TuneCUETP8M1/MINIAODSIM/PU25nsData2015v1_76X_mcRun2_asymptotic_v12-v1/70000/907DBC7A-D4B8-E511-A334-003048322CDB.root
19-Oct-2023 13:13:50 CEST  Initiating request to open file root://eospublic.cern.ch//eos/opendata/cms/mc/RunIIFall15MiniAODv2/ST_tW_top_5f_inclusiveDecays_13TeV-powheg-pythia8_TuneCUETP8M1/MINIAODSIM/PU25nsData2015v1_76X_mcRun2_asymptotic_v12-v1/70000/94620417-20B9-E511-9671-003048322C5A.root
%MSG-w XrdAdaptor:  file_open 19-Oct-2023 13:13:50 CEST PostProcessEvent
Data is served from cern.ch instead of original site eospublic
%MSG
19-Oct-2023 13:13:50 CEST  Successfully opened file root://eospublic.cern.ch//eos/opendata/cms/mc/RunIIFall15MiniAODv2/ST_tW_top_5f_inclusiveDecays_13TeV-powheg-pythia8_TuneCUETP8M1/MINIAODSIM/PU25nsData2015v1_76X_mcRun2_asymptotic_v12-v1/70000/94620417-20B9-E511-9671-003048322C5A.root
Begin processing the 600001st record. Run 1, Event 332801, LumiSection 1665 at 19-Oct-2023 13:13:55.423 CEST
19-Oct-2023 13:13:56 CEST  Closed file root://eospublic.cern.ch//eos/opendata/cms/mc/RunIIFall15MiniAODv2/ST_tW_top_5f_inclusiveDecays_13TeV-powheg-pythia8_TuneCUETP8M1/MINIAODSIM/PU25nsData2015v1_76X_mcRun2_asymptotic_v12-v1/70000/94620417-20B9-E511-9671-003048322C5A.root
19-Oct-2023 13:13:56 CEST  Initiating request to open file root://eospublic.cern.ch//eos/opendata/cms/mc/RunIIFall15MiniAODv2/ST_tW_top_5f_inclusiveDecays_13TeV-powheg-pythia8_TuneCUETP8M1/MINIAODSIM/PU25nsData2015v1_76X_mcRun2_asymptotic_v12-v1/70000/A08F7871-CDB8-E511-B6B8-0025902BD8CE.root
%MSG-w XrdAdaptor:  file_open 19-Oct-2023 13:13:56 CEST PostProcessEvent
Data is served from cern.ch instead of original site eospublic
%MSG
19-Oct-2023 13:13:56 CEST  Successfully opened file root://eospublic.cern.ch//eos/opendata/cms/mc/RunIIFall15MiniAODv2/ST_tW_top_5f_inclusiveDecays_13TeV-powheg-pythia8_TuneCUETP8M1/MINIAODSIM/PU25nsData2015v1_76X_mcRun2_asymptotic_v12-v1/70000/A08F7871-CDB8-E511-B6B8-0025902BD8CE.root
19-Oct-2023 13:14:02 CEST  Closed file root://eospublic.cern.ch//eos/opendata/cms/mc/RunIIFall15MiniAODv2/ST_tW_top_5f_inclusiveDecays_13TeV-powheg-pythia8_TuneCUETP8M1/MINIAODSIM/PU25nsData2015v1_76X_mcRun2_asymptotic_v12-v1/70000/A08F7871-CDB8-E511-B6B8-0025902BD8CE.root
19-Oct-2023 13:14:02 CEST  Initiating request to open file root://eospublic.cern.ch//eos/opendata/cms/mc/RunIIFall15MiniAODv2/ST_tW_top_5f_inclusiveDecays_13TeV-powheg-pythia8_TuneCUETP8M1/MINIAODSIM/PU25nsData2015v1_76X_mcRun2_asymptotic_v12-v1/70000/A298B1B4-D2B8-E511-846A-003048322CDB.root
%MSG-w XrdAdaptor:  file_open 19-Oct-2023 13:14:02 CEST PostProcessEvent
Data is served from cern.ch instead of original site eospublic
%MSG
19-Oct-2023 13:14:02 CEST  Successfully opened file root://eospublic.cern.ch//eos/opendata/cms/mc/RunIIFall15MiniAODv2/ST_tW_top_5f_inclusiveDecays_13TeV-powheg-pythia8_TuneCUETP8M1/MINIAODSIM/PU25nsData2015v1_76X_mcRun2_asymptotic_v12-v1/70000/A298B1B4-D2B8-E511-846A-003048322CDB.root
19-Oct-2023 13:14:09 CEST  Closed file root://eospublic.cern.ch//eos/opendata/cms/mc/RunIIFall15MiniAODv2/ST_tW_top_5f_inclusiveDecays_13TeV-powheg-pythia8_TuneCUETP8M1/MINIAODSIM/PU25nsData2015v1_76X_mcRun2_asymptotic_v12-v1/70000/A298B1B4-D2B8-E511-846A-003048322CDB.root
19-Oct-2023 13:14:09 CEST  Initiating request to open file root://eospublic.cern.ch//eos/opendata/cms/mc/RunIIFall15MiniAODv2/ST_tW_top_5f_inclusiveDecays_13TeV-powheg-pythia8_TuneCUETP8M1/MINIAODSIM/PU25nsData2015v1_76X_mcRun2_asymptotic_v12-v1/70000/A456714A-E5B8-E511-B46D-0CC47A57CCEA.root
%MSG-w XrdAdaptor:  file_open 19-Oct-2023 13:14:09 CEST PostProcessEvent
Data is served from cern.ch instead of original site eospublic
%MSG
19-Oct-2023 13:14:09 CEST  Successfully opened file root://eospublic.cern.ch//eos/opendata/cms/mc/RunIIFall15MiniAODv2/ST_tW_top_5f_inclusiveDecays_13TeV-powheg-pythia8_TuneCUETP8M1/MINIAODSIM/PU25nsData2015v1_76X_mcRun2_asymptotic_v12-v1/70000/A456714A-E5B8-E511-B46D-0CC47A57CCEA.root
Begin processing the 700001st record. Run 1, Event 19601, LumiSection 99 at 19-Oct-2023 13:14:10.611 CEST
19-Oct-2023 13:14:15 CEST  Closed file root://eospublic.cern.ch//eos/opendata/cms/mc/RunIIFall15MiniAODv2/ST_tW_top_5f_inclusiveDecays_13TeV-powheg-pythia8_TuneCUETP8M1/MINIAODSIM/PU25nsData2015v1_76X_mcRun2_asymptotic_v12-v1/70000/A456714A-E5B8-E511-B46D-0CC47A57CCEA.root
19-Oct-2023 13:14:15 CEST  Initiating request to open file root://eospublic.cern.ch//eos/opendata/cms/mc/RunIIFall15MiniAODv2/ST_tW_top_5f_inclusiveDecays_13TeV-powheg-pythia8_TuneCUETP8M1/MINIAODSIM/PU25nsData2015v1_76X_mcRun2_asymptotic_v12-v1/70000/AAC4C528-20B9-E511-9AB8-0CC47A57CF08.root
%MSG-w XrdAdaptor:  file_open 19-Oct-2023 13:14:15 CEST PostProcessEvent
Data is served from cern.ch instead of original site eospublic
%MSG
19-Oct-2023 13:14:15 CEST  Successfully opened file root://eospublic.cern.ch//eos/opendata/cms/mc/RunIIFall15MiniAODv2/ST_tW_top_5f_inclusiveDecays_13TeV-powheg-pythia8_TuneCUETP8M1/MINIAODSIM/PU25nsData2015v1_76X_mcRun2_asymptotic_v12-v1/70000/AAC4C528-20B9-E511-9AB8-0CC47A57CF08.root
19-Oct-2023 13:14:20 CEST  Closed file root://eospublic.cern.ch//eos/opendata/cms/mc/RunIIFall15MiniAODv2/ST_tW_top_5f_inclusiveDecays_13TeV-powheg-pythia8_TuneCUETP8M1/MINIAODSIM/PU25nsData2015v1_76X_mcRun2_asymptotic_v12-v1/70000/AAC4C528-20B9-E511-9AB8-0CC47A57CF08.root
19-Oct-2023 13:14:20 CEST  Initiating request to open file root://eospublic.cern.ch//eos/opendata/cms/mc/RunIIFall15MiniAODv2/ST_tW_top_5f_inclusiveDecays_13TeV-powheg-pythia8_TuneCUETP8M1/MINIAODSIM/PU25nsData2015v1_76X_mcRun2_asymptotic_v12-v1/70000/BE6A2FEA-BDB8-E511-ADD5-00304867FE7B.root
%MSG-w XrdAdaptor:  file_open 19-Oct-2023 13:14:20 CEST PostProcessEvent
Data is served from cern.ch instead of original site eospublic
%MSG
19-Oct-2023 13:14:20 CEST  Successfully opened file root://eospublic.cern.ch//eos/opendata/cms/mc/RunIIFall15MiniAODv2/ST_tW_top_5f_inclusiveDecays_13TeV-powheg-pythia8_TuneCUETP8M1/MINIAODSIM/PU25nsData2015v1_76X_mcRun2_asymptotic_v12-v1/70000/BE6A2FEA-BDB8-E511-ADD5-00304867FE7B.root
Begin processing the 800001st record. Run 1, Event 513601, LumiSection 2569 at 19-Oct-2023 13:14:23.958 CEST
19-Oct-2023 13:14:26 CEST  Closed file root://eospublic.cern.ch//eos/opendata/cms/mc/RunIIFall15MiniAODv2/ST_tW_top_5f_inclusiveDecays_13TeV-powheg-pythia8_TuneCUETP8M1/MINIAODSIM/PU25nsData2015v1_76X_mcRun2_asymptotic_v12-v1/70000/BE6A2FEA-BDB8-E511-ADD5-00304867FE7B.root
19-Oct-2023 13:14:26 CEST  Initiating request to open file root://eospublic.cern.ch//eos/opendata/cms/mc/RunIIFall15MiniAODv2/ST_tW_top_5f_inclusiveDecays_13TeV-powheg-pythia8_TuneCUETP8M1/MINIAODSIM/PU25nsData2015v1_76X_mcRun2_asymptotic_v12-v1/70000/D2C1EE1B-20B9-E511-A7FE-0CC47A57CD56.root
%MSG-w XrdAdaptor:  file_open 19-Oct-2023 13:14:26 CEST PostProcessEvent
Data is served from cern.ch instead of original site eospublic
%MSG
19-Oct-2023 13:14:26 CEST  Successfully opened file root://eospublic.cern.ch//eos/opendata/cms/mc/RunIIFall15MiniAODv2/ST_tW_top_5f_inclusiveDecays_13TeV-powheg-pythia8_TuneCUETP8M1/MINIAODSIM/PU25nsData2015v1_76X_mcRun2_asymptotic_v12-v1/70000/D2C1EE1B-20B9-E511-A7FE-0CC47A57CD56.root
19-Oct-2023 13:14:32 CEST  Closed file root://eospublic.cern.ch//eos/opendata/cms/mc/RunIIFall15MiniAODv2/ST_tW_top_5f_inclusiveDecays_13TeV-powheg-pythia8_TuneCUETP8M1/MINIAODSIM/PU25nsData2015v1_76X_mcRun2_asymptotic_v12-v1/70000/D2C1EE1B-20B9-E511-A7FE-0CC47A57CD56.root
19-Oct-2023 13:14:32 CEST  Initiating request to open file root://eospublic.cern.ch//eos/opendata/cms/mc/RunIIFall15MiniAODv2/ST_tW_top_5f_inclusiveDecays_13TeV-powheg-pythia8_TuneCUETP8M1/MINIAODSIM/PU25nsData2015v1_76X_mcRun2_asymptotic_v12-v1/70000/DE9FE21F-20B9-E511-A259-0025907D2000.root
%MSG-w XrdAdaptor:  file_open 19-Oct-2023 13:14:32 CEST PostProcessEvent
Data is served from cern.ch instead of original site eospublic
%MSG
19-Oct-2023 13:14:32 CEST  Successfully opened file root://eospublic.cern.ch//eos/opendata/cms/mc/RunIIFall15MiniAODv2/ST_tW_top_5f_inclusiveDecays_13TeV-powheg-pythia8_TuneCUETP8M1/MINIAODSIM/PU25nsData2015v1_76X_mcRun2_asymptotic_v12-v1/70000/DE9FE21F-20B9-E511-A259-0025907D2000.root
Begin processing the 900001st record. Run 1, Event 16801, LumiSection 85 at 19-Oct-2023 13:14:37.202 CEST
19-Oct-2023 13:14:39 CEST  Closed file root://eospublic.cern.ch//eos/opendata/cms/mc/RunIIFall15MiniAODv2/ST_tW_top_5f_inclusiveDecays_13TeV-powheg-pythia8_TuneCUETP8M1/MINIAODSIM/PU25nsData2015v1_76X_mcRun2_asymptotic_v12-v1/70000/DE9FE21F-20B9-E511-A259-0025907D2000.root
19-Oct-2023 13:14:39 CEST  Initiating request to open file root://eospublic.cern.ch//eos/opendata/cms/mc/RunIIFall15MiniAODv2/ST_tW_top_5f_inclusiveDecays_13TeV-powheg-pythia8_TuneCUETP8M1/MINIAODSIM/PU25nsData2015v1_76X_mcRun2_asymptotic_v12-v1/70000/F83599E9-BDB8-E511-A7D3-0025901AC3FE.root
%MSG-w XrdAdaptor:  file_open 19-Oct-2023 13:14:39 CEST PostProcessEvent
Data is served from cern.ch instead of original site eospublic
%MSG
19-Oct-2023 13:14:39 CEST  Successfully opened file root://eospublic.cern.ch//eos/opendata/cms/mc/RunIIFall15MiniAODv2/ST_tW_top_5f_inclusiveDecays_13TeV-powheg-pythia8_TuneCUETP8M1/MINIAODSIM/PU25nsData2015v1_76X_mcRun2_asymptotic_v12-v1/70000/F83599E9-BDB8-E511-A7D3-0025901AC3FE.root
19-Oct-2023 13:14:44 CEST  Closed file root://eospublic.cern.ch//eos/opendata/cms/mc/RunIIFall15MiniAODv2/ST_tW_top_5f_inclusiveDecays_13TeV-powheg-pythia8_TuneCUETP8M1/MINIAODSIM/PU25nsData2015v1_76X_mcRun2_asymptotic_v12-v1/70000/F83599E9-BDB8-E511-A7D3-0025901AC3FE.root
19-Oct-2023 13:14:44 CEST  Initiating request to open file root://eospublic.cern.ch//eos/opendata/cms/mc/RunIIFall15MiniAODv2/ST_tW_top_5f_inclusiveDecays_13TeV-powheg-pythia8_TuneCUETP8M1/MINIAODSIM/PU25nsData2015v1_76X_mcRun2_asymptotic_v12-v1/70000/FCB5EFAB-C6B8-E511-8354-0025901AC0FC.root
%MSG-w XrdAdaptor:  file_open 19-Oct-2023 13:14:44 CEST PostProcessEvent
Data is served from cern.ch instead of original site eospublic
%MSG
19-Oct-2023 13:14:44 CEST  Successfully opened file root://eospublic.cern.ch//eos/opendata/cms/mc/RunIIFall15MiniAODv2/ST_tW_top_5f_inclusiveDecays_13TeV-powheg-pythia8_TuneCUETP8M1/MINIAODSIM/PU25nsData2015v1_76X_mcRun2_asymptotic_v12-v1/70000/FCB5EFAB-C6B8-E511-8354-0025901AC0FC.root
     38.093900      0.030498      1.000000         10000
 
19-Oct-2023 13:14:50 CEST  Closed file root://eospublic.cern.ch//eos/opendata/cms/mc/RunIIFall15MiniAODv2/ST_tW_top_5f_inclusiveDecays_13TeV-powheg-pythia8_TuneCUETP8M1/MINIAODSIM/PU25nsData2015v1_76X_mcRun2_asymptotic_v12-v1/70000/FCB5EFAB-C6B8-E511-8354-0025901AC0FC.root

------------------------------------
GenXsecAnalyzer:
------------------------------------
-------------------------------------------------------------------------------------------------------------------------------------------------------------------------- 
Overall cross-section summary 
--------------------------------------------------------------------------------------------------------------------------------------------------------------------------
Process		xsec_before [pb]		passed	nposw	nnegw	tried	nposw	nnegw 	xsec_match [pb]			accepted [%]	 event_eff [%]
-------------------------------------------------------------------------------------------------------------------------------------------------------------------------- 
Total		3.809e+01 +/- 3.050e-02		1999800	1999800	0	1999800	1999800	0	3.809e+01 +/- 3.050e-02		100.0 +/- 0.0	100.0 +/- 0.0
--------------------------------------------------------------------------------------------------------------------------------------------------------------------------
Before matching: total cross section = 3.809e+01 +- 3.050e-02 pb
After matching: total cross section = 3.809e+01 +- 3.050e-02 pb
Filter efficiency (taking into account weights)= (1e+06) / (1e+06) = 1.000e+00 +- 0.000e+00
Filter efficiency (event-level)= (1e+06) / (1e+06) = 1.000e+00 +- 0.000e+00
After filter: final cross section = 3.809e+01 +- 3.050e-02 pb

=============================================

MessageLogger Summary

 type     category        sev    module        subroutine        count    total
 ---- -------------------- -- ---------------- ----------------  -----    -----
    1 GenXSecAnalyzer      -w GenXSecAnalyzer:                      11       11
    2 XrdAdaptor           -w file_open                             23       23
    3 fileAction           -s file_close                            23       23
    4 fileAction           -s file_open                             46       46

 type    category    Examples: run/evt        run/evt          run/evt
 ---- -------------------- ---------------- ---------------- ----------------
    1 GenXSecAnalyzer      PostEndRun       PostEndRun       PostEndRun
    2 XrdAdaptor           pre-events       PostProcessEvent PostProcessEvent
    3 fileAction           PostProcessEvent PostProcessEvent PostEndRun
    4 fileAction           pre-events       pre-events       PostProcessEvent

Severity    # Occurrences   Total Occurrences
--------    -------------   -----------------
Warning                34                  34
System                 69                  69
