18-Oct-2023 19:59:00 CEST  Initiating request to open file root://eospublic.cern.ch//eos/opendata/cms/mc/RunIIFall15MiniAODv2/GGJets_M-8000To13000_Pt-50_13TeV-sherpa/MINIAODSIM/PU25nsData2015v1_76X_mcRun2_asymptotic_v12-v1/80000/1870728A-6FD8-E511-ACE0-00266CFAE304.root
%MSG-w XrdAdaptor:  file_open 18-Oct-2023 19:59:12 CEST pre-events
Data is served from cern.ch instead of original site eospublic
%MSG
18-Oct-2023 19:59:16 CEST  Successfully opened file root://eospublic.cern.ch//eos/opendata/cms/mc/RunIIFall15MiniAODv2/GGJets_M-8000To13000_Pt-50_13TeV-sherpa/MINIAODSIM/PU25nsData2015v1_76X_mcRun2_asymptotic_v12-v1/80000/1870728A-6FD8-E511-ACE0-00266CFAE304.root
Begin processing the 1st record. Run 1, Event 1535, LumiSection 27 at 18-Oct-2023 19:59:18.128 CEST
18-Oct-2023 19:59:20 CEST  Closed file root://eospublic.cern.ch//eos/opendata/cms/mc/RunIIFall15MiniAODv2/GGJets_M-8000To13000_Pt-50_13TeV-sherpa/MINIAODSIM/PU25nsData2015v1_76X_mcRun2_asymptotic_v12-v1/80000/1870728A-6FD8-E511-ACE0-00266CFAE304.root
18-Oct-2023 19:59:20 CEST  Initiating request to open file root://eospublic.cern.ch//eos/opendata/cms/mc/RunIIFall15MiniAODv2/GGJets_M-8000To13000_Pt-50_13TeV-sherpa/MINIAODSIM/PU25nsData2015v1_76X_mcRun2_asymptotic_v12-v1/80000/26F4638E-6FD8-E511-9E6F-008CFA002184.root
%MSG-w XrdAdaptor:  file_open 18-Oct-2023 19:59:20 CEST PostProcessEvent
Data is served from cern.ch instead of original site eospublic
%MSG
18-Oct-2023 19:59:20 CEST  Successfully opened file root://eospublic.cern.ch//eos/opendata/cms/mc/RunIIFall15MiniAODv2/GGJets_M-8000To13000_Pt-50_13TeV-sherpa/MINIAODSIM/PU25nsData2015v1_76X_mcRun2_asymptotic_v12-v1/80000/26F4638E-6FD8-E511-9E6F-008CFA002184.root
18-Oct-2023 19:59:23 CEST  Closed file root://eospublic.cern.ch//eos/opendata/cms/mc/RunIIFall15MiniAODv2/GGJets_M-8000To13000_Pt-50_13TeV-sherpa/MINIAODSIM/PU25nsData2015v1_76X_mcRun2_asymptotic_v12-v1/80000/26F4638E-6FD8-E511-9E6F-008CFA002184.root
18-Oct-2023 19:59:23 CEST  Initiating request to open file root://eospublic.cern.ch//eos/opendata/cms/mc/RunIIFall15MiniAODv2/GGJets_M-8000To13000_Pt-50_13TeV-sherpa/MINIAODSIM/PU25nsData2015v1_76X_mcRun2_asymptotic_v12-v1/80000/28988490-6FD8-E511-B2F5-008CFA000898.root
%MSG-w XrdAdaptor:  file_open 18-Oct-2023 19:59:23 CEST PostProcessEvent
Data is served from cern.ch instead of original site eospublic
%MSG
18-Oct-2023 19:59:23 CEST  Successfully opened file root://eospublic.cern.ch//eos/opendata/cms/mc/RunIIFall15MiniAODv2/GGJets_M-8000To13000_Pt-50_13TeV-sherpa/MINIAODSIM/PU25nsData2015v1_76X_mcRun2_asymptotic_v12-v1/80000/28988490-6FD8-E511-B2F5-008CFA000898.root
Begin processing the 100001st record. Run 1, Event 45438, LumiSection 771 at 18-Oct-2023 19:59:25.545 CEST
18-Oct-2023 19:59:26 CEST  Closed file root://eospublic.cern.ch//eos/opendata/cms/mc/RunIIFall15MiniAODv2/GGJets_M-8000To13000_Pt-50_13TeV-sherpa/MINIAODSIM/PU25nsData2015v1_76X_mcRun2_asymptotic_v12-v1/80000/28988490-6FD8-E511-B2F5-008CFA000898.root
18-Oct-2023 19:59:26 CEST  Initiating request to open file root://eospublic.cern.ch//eos/opendata/cms/mc/RunIIFall15MiniAODv2/GGJets_M-8000To13000_Pt-50_13TeV-sherpa/MINIAODSIM/PU25nsData2015v1_76X_mcRun2_asymptotic_v12-v1/80000/36E2988D-6FD8-E511-9335-02163E013EE8.root
%MSG-w XrdAdaptor:  file_open 18-Oct-2023 19:59:26 CEST PostProcessEvent
Data is served from cern.ch instead of original site eospublic
%MSG
18-Oct-2023 19:59:26 CEST  Successfully opened file root://eospublic.cern.ch//eos/opendata/cms/mc/RunIIFall15MiniAODv2/GGJets_M-8000To13000_Pt-50_13TeV-sherpa/MINIAODSIM/PU25nsData2015v1_76X_mcRun2_asymptotic_v12-v1/80000/36E2988D-6FD8-E511-9335-02163E013EE8.root
18-Oct-2023 19:59:27 CEST  Closed file root://eospublic.cern.ch//eos/opendata/cms/mc/RunIIFall15MiniAODv2/GGJets_M-8000To13000_Pt-50_13TeV-sherpa/MINIAODSIM/PU25nsData2015v1_76X_mcRun2_asymptotic_v12-v1/80000/36E2988D-6FD8-E511-9335-02163E013EE8.root
18-Oct-2023 19:59:27 CEST  Initiating request to open file root://eospublic.cern.ch//eos/opendata/cms/mc/RunIIFall15MiniAODv2/GGJets_M-8000To13000_Pt-50_13TeV-sherpa/MINIAODSIM/PU25nsData2015v1_76X_mcRun2_asymptotic_v12-v1/80000/9E38338A-6FD8-E511-9AB1-7845C4FC39D7.root
%MSG-w XrdAdaptor:  file_open 18-Oct-2023 19:59:27 CEST PostProcessEvent
Data is served from cern.ch instead of original site eospublic
%MSG
18-Oct-2023 19:59:27 CEST  Successfully opened file root://eospublic.cern.ch//eos/opendata/cms/mc/RunIIFall15MiniAODv2/GGJets_M-8000To13000_Pt-50_13TeV-sherpa/MINIAODSIM/PU25nsData2015v1_76X_mcRun2_asymptotic_v12-v1/80000/9E38338A-6FD8-E511-9AB1-7845C4FC39D7.root
18-Oct-2023 19:59:30 CEST  Closed file root://eospublic.cern.ch//eos/opendata/cms/mc/RunIIFall15MiniAODv2/GGJets_M-8000To13000_Pt-50_13TeV-sherpa/MINIAODSIM/PU25nsData2015v1_76X_mcRun2_asymptotic_v12-v1/80000/9E38338A-6FD8-E511-9AB1-7845C4FC39D7.root
18-Oct-2023 19:59:30 CEST  Initiating request to open file root://eospublic.cern.ch//eos/opendata/cms/mc/RunIIFall15MiniAODv2/GGJets_M-8000To13000_Pt-50_13TeV-sherpa/MINIAODSIM/PU25nsData2015v1_76X_mcRun2_asymptotic_v12-v1/80000/D27BFC85-6FD8-E511-83E5-008CFA0EA06C.root
%MSG-w XrdAdaptor:  file_open 18-Oct-2023 19:59:30 CEST PostProcessEvent
Data is served from cern.ch instead of original site eospublic
%MSG
18-Oct-2023 19:59:30 CEST  Successfully opened file root://eospublic.cern.ch//eos/opendata/cms/mc/RunIIFall15MiniAODv2/GGJets_M-8000To13000_Pt-50_13TeV-sherpa/MINIAODSIM/PU25nsData2015v1_76X_mcRun2_asymptotic_v12-v1/80000/D27BFC85-6FD8-E511-83E5-008CFA0EA06C.root
18-Oct-2023 19:59:33 CEST  Closed file root://eospublic.cern.ch//eos/opendata/cms/mc/RunIIFall15MiniAODv2/GGJets_M-8000To13000_Pt-50_13TeV-sherpa/MINIAODSIM/PU25nsData2015v1_76X_mcRun2_asymptotic_v12-v1/80000/D27BFC85-6FD8-E511-83E5-008CFA0EA06C.root

------------------------------------
GenXsecAnalyzer:
------------------------------------
Before Filtrer: total cross section = 7.310e-11 +- 2.330e-13 pb
Filter efficiency (taking into account weights)= (39429) / (39429) = 1.000e+00 +- 0.000e+00
Filter efficiency (event-level)= (199879) / (199879) = 1.000e+00 +- 0.000e+00
After filter: final cross section = 7.310e-11 +- 2.330e-13 pb

=============================================

MessageLogger Summary

 type     category        sev    module        subroutine        count    total
 ---- -------------------- -- ---------------- ----------------  -----    -----
    1 GenXSecAnalyzer      -w GenXSecAnalyzer:                       5        5
    2 XrdAdaptor           -w file_open                              6        6
    3 fileAction           -s file_close                             6        6
    4 fileAction           -s file_open                             12       12

 type    category    Examples: run/evt        run/evt          run/evt
 ---- -------------------- ---------------- ---------------- ----------------
    1 GenXSecAnalyzer      PostEndRun       PostEndRun       PostEndRun
    2 XrdAdaptor           pre-events       PostProcessEvent PostProcessEvent
    3 fileAction           PostProcessEvent PostProcessEvent PostEndRun
    4 fileAction           pre-events       pre-events       PostProcessEvent

Severity    # Occurrences   Total Occurrences
--------    -------------   -----------------
Warning                11                  11
System                 18                  18
