19-Oct-2023 00:16:12 CEST  Initiating request to open file root://eospublic.cern.ch//eos/opendata/cms/mc/RunIIFall15MiniAODv2/GGJets_M-4000To6000_Pt-50_13TeV-sherpa/MINIAODSIM/PU25nsData2015v1_76X_mcRun2_asymptotic_v12-v1/00000/1276B328-90D8-E511-86DD-02163E00EA91.root
%MSG-w XrdAdaptor:  file_open 19-Oct-2023 00:16:13 CEST pre-events
Data is served from cern.ch instead of original site eospublic
%MSG
19-Oct-2023 00:16:15 CEST  Successfully opened file root://eospublic.cern.ch//eos/opendata/cms/mc/RunIIFall15MiniAODv2/GGJets_M-4000To6000_Pt-50_13TeV-sherpa/MINIAODSIM/PU25nsData2015v1_76X_mcRun2_asymptotic_v12-v1/00000/1276B328-90D8-E511-86DD-02163E00EA91.root
Begin processing the 1st record. Run 1, Event 21403, LumiSection 247 at 19-Oct-2023 00:16:16.748 CEST
19-Oct-2023 00:16:18 CEST  Closed file root://eospublic.cern.ch//eos/opendata/cms/mc/RunIIFall15MiniAODv2/GGJets_M-4000To6000_Pt-50_13TeV-sherpa/MINIAODSIM/PU25nsData2015v1_76X_mcRun2_asymptotic_v12-v1/00000/1276B328-90D8-E511-86DD-02163E00EA91.root
19-Oct-2023 00:16:18 CEST  Initiating request to open file root://eospublic.cern.ch//eos/opendata/cms/mc/RunIIFall15MiniAODv2/GGJets_M-4000To6000_Pt-50_13TeV-sherpa/MINIAODSIM/PU25nsData2015v1_76X_mcRun2_asymptotic_v12-v1/00000/12BB7969-F8D8-E511-96BD-20CF3027A635.root
%MSG-w XrdAdaptor:  file_open 19-Oct-2023 00:16:18 CEST PostProcessEvent
Data is served from cern.ch instead of original site eospublic
%MSG
19-Oct-2023 00:16:18 CEST  Successfully opened file root://eospublic.cern.ch//eos/opendata/cms/mc/RunIIFall15MiniAODv2/GGJets_M-4000To6000_Pt-50_13TeV-sherpa/MINIAODSIM/PU25nsData2015v1_76X_mcRun2_asymptotic_v12-v1/00000/12BB7969-F8D8-E511-96BD-20CF3027A635.root
19-Oct-2023 00:16:19 CEST  Closed file root://eospublic.cern.ch//eos/opendata/cms/mc/RunIIFall15MiniAODv2/GGJets_M-4000To6000_Pt-50_13TeV-sherpa/MINIAODSIM/PU25nsData2015v1_76X_mcRun2_asymptotic_v12-v1/00000/12BB7969-F8D8-E511-96BD-20CF3027A635.root
19-Oct-2023 00:16:19 CEST  Initiating request to open file root://eospublic.cern.ch//eos/opendata/cms/mc/RunIIFall15MiniAODv2/GGJets_M-4000To6000_Pt-50_13TeV-sherpa/MINIAODSIM/PU25nsData2015v1_76X_mcRun2_asymptotic_v12-v1/00000/365D07DC-FAD8-E511-BBBF-02163E00B5CB.root
%MSG-w XrdAdaptor:  file_open 19-Oct-2023 00:16:19 CEST PostProcessEvent
Data is served from cern.ch instead of original site eospublic
%MSG
19-Oct-2023 00:16:19 CEST  Successfully opened file root://eospublic.cern.ch//eos/opendata/cms/mc/RunIIFall15MiniAODv2/GGJets_M-4000To6000_Pt-50_13TeV-sherpa/MINIAODSIM/PU25nsData2015v1_76X_mcRun2_asymptotic_v12-v1/00000/365D07DC-FAD8-E511-BBBF-02163E00B5CB.root
19-Oct-2023 00:16:20 CEST  Closed file root://eospublic.cern.ch//eos/opendata/cms/mc/RunIIFall15MiniAODv2/GGJets_M-4000To6000_Pt-50_13TeV-sherpa/MINIAODSIM/PU25nsData2015v1_76X_mcRun2_asymptotic_v12-v1/00000/365D07DC-FAD8-E511-BBBF-02163E00B5CB.root
19-Oct-2023 00:16:20 CEST  Initiating request to open file root://eospublic.cern.ch//eos/opendata/cms/mc/RunIIFall15MiniAODv2/GGJets_M-4000To6000_Pt-50_13TeV-sherpa/MINIAODSIM/PU25nsData2015v1_76X_mcRun2_asymptotic_v12-v1/00000/5A992631-90D8-E511-8F83-02163E00EB49.root
%MSG-w XrdAdaptor:  file_open 19-Oct-2023 00:16:20 CEST PostProcessEvent
Data is served from cern.ch instead of original site eospublic
%MSG
19-Oct-2023 00:16:20 CEST  Successfully opened file root://eospublic.cern.ch//eos/opendata/cms/mc/RunIIFall15MiniAODv2/GGJets_M-4000To6000_Pt-50_13TeV-sherpa/MINIAODSIM/PU25nsData2015v1_76X_mcRun2_asymptotic_v12-v1/00000/5A992631-90D8-E511-8F83-02163E00EB49.root
19-Oct-2023 00:16:25 CEST  Closed file root://eospublic.cern.ch//eos/opendata/cms/mc/RunIIFall15MiniAODv2/GGJets_M-4000To6000_Pt-50_13TeV-sherpa/MINIAODSIM/PU25nsData2015v1_76X_mcRun2_asymptotic_v12-v1/00000/5A992631-90D8-E511-8F83-02163E00EB49.root
19-Oct-2023 00:16:25 CEST  Initiating request to open file root://eospublic.cern.ch//eos/opendata/cms/mc/RunIIFall15MiniAODv2/GGJets_M-4000To6000_Pt-50_13TeV-sherpa/MINIAODSIM/PU25nsData2015v1_76X_mcRun2_asymptotic_v12-v1/00000/744C7DCC-9ED8-E511-98A8-02163E00E7D4.root
%MSG-w XrdAdaptor:  file_open 19-Oct-2023 00:16:25 CEST PostProcessEvent
Data is served from cern.ch instead of original site eospublic
%MSG
19-Oct-2023 00:16:25 CEST  Successfully opened file root://eospublic.cern.ch//eos/opendata/cms/mc/RunIIFall15MiniAODv2/GGJets_M-4000To6000_Pt-50_13TeV-sherpa/MINIAODSIM/PU25nsData2015v1_76X_mcRun2_asymptotic_v12-v1/00000/744C7DCC-9ED8-E511-98A8-02163E00E7D4.root
Begin processing the 100001st record. Run 1, Event 213623, LumiSection 2456 at 19-Oct-2023 00:16:28.681 CEST
19-Oct-2023 00:16:29 CEST  Closed file root://eospublic.cern.ch//eos/opendata/cms/mc/RunIIFall15MiniAODv2/GGJets_M-4000To6000_Pt-50_13TeV-sherpa/MINIAODSIM/PU25nsData2015v1_76X_mcRun2_asymptotic_v12-v1/00000/744C7DCC-9ED8-E511-98A8-02163E00E7D4.root
19-Oct-2023 00:16:29 CEST  Initiating request to open file root://eospublic.cern.ch//eos/opendata/cms/mc/RunIIFall15MiniAODv2/GGJets_M-4000To6000_Pt-50_13TeV-sherpa/MINIAODSIM/PU25nsData2015v1_76X_mcRun2_asymptotic_v12-v1/00000/9068F495-F8D8-E511-8E16-842B2B76653D.root
%MSG-w XrdAdaptor:  file_open 19-Oct-2023 00:16:29 CEST PostProcessEvent
Data is served from cern.ch instead of original site eospublic
%MSG
19-Oct-2023 00:16:29 CEST  Successfully opened file root://eospublic.cern.ch//eos/opendata/cms/mc/RunIIFall15MiniAODv2/GGJets_M-4000To6000_Pt-50_13TeV-sherpa/MINIAODSIM/PU25nsData2015v1_76X_mcRun2_asymptotic_v12-v1/00000/9068F495-F8D8-E511-8E16-842B2B76653D.root
19-Oct-2023 00:16:30 CEST  Closed file root://eospublic.cern.ch//eos/opendata/cms/mc/RunIIFall15MiniAODv2/GGJets_M-4000To6000_Pt-50_13TeV-sherpa/MINIAODSIM/PU25nsData2015v1_76X_mcRun2_asymptotic_v12-v1/00000/9068F495-F8D8-E511-8E16-842B2B76653D.root
19-Oct-2023 00:16:30 CEST  Initiating request to open file root://eospublic.cern.ch//eos/opendata/cms/mc/RunIIFall15MiniAODv2/GGJets_M-4000To6000_Pt-50_13TeV-sherpa/MINIAODSIM/PU25nsData2015v1_76X_mcRun2_asymptotic_v12-v1/00000/98C02393-F8D8-E511-95A9-002590DE6E1E.root
%MSG-w XrdAdaptor:  file_open 19-Oct-2023 00:16:30 CEST PostProcessEvent
Data is served from cern.ch instead of original site eospublic
%MSG
19-Oct-2023 00:16:30 CEST  Successfully opened file root://eospublic.cern.ch//eos/opendata/cms/mc/RunIIFall15MiniAODv2/GGJets_M-4000To6000_Pt-50_13TeV-sherpa/MINIAODSIM/PU25nsData2015v1_76X_mcRun2_asymptotic_v12-v1/00000/98C02393-F8D8-E511-95A9-002590DE6E1E.root
19-Oct-2023 00:16:31 CEST  Closed file root://eospublic.cern.ch//eos/opendata/cms/mc/RunIIFall15MiniAODv2/GGJets_M-4000To6000_Pt-50_13TeV-sherpa/MINIAODSIM/PU25nsData2015v1_76X_mcRun2_asymptotic_v12-v1/00000/98C02393-F8D8-E511-95A9-002590DE6E1E.root
19-Oct-2023 00:16:31 CEST  Initiating request to open file root://eospublic.cern.ch//eos/opendata/cms/mc/RunIIFall15MiniAODv2/GGJets_M-4000To6000_Pt-50_13TeV-sherpa/MINIAODSIM/PU25nsData2015v1_76X_mcRun2_asymptotic_v12-v1/10000/C82FCA5D-25D8-E511-8EFD-D067E5F91821.root
%MSG-w XrdAdaptor:  file_open 19-Oct-2023 00:16:31 CEST PostProcessEvent
Data is served from cern.ch instead of original site eospublic
%MSG
19-Oct-2023 00:16:31 CEST  Successfully opened file root://eospublic.cern.ch//eos/opendata/cms/mc/RunIIFall15MiniAODv2/GGJets_M-4000To6000_Pt-50_13TeV-sherpa/MINIAODSIM/PU25nsData2015v1_76X_mcRun2_asymptotic_v12-v1/10000/C82FCA5D-25D8-E511-8EFD-D067E5F91821.root
19-Oct-2023 00:16:33 CEST  Closed file root://eospublic.cern.ch//eos/opendata/cms/mc/RunIIFall15MiniAODv2/GGJets_M-4000To6000_Pt-50_13TeV-sherpa/MINIAODSIM/PU25nsData2015v1_76X_mcRun2_asymptotic_v12-v1/10000/C82FCA5D-25D8-E511-8EFD-D067E5F91821.root
19-Oct-2023 00:16:33 CEST  Initiating request to open file root://eospublic.cern.ch//eos/opendata/cms/mc/RunIIFall15MiniAODv2/GGJets_M-4000To6000_Pt-50_13TeV-sherpa/MINIAODSIM/PU25nsData2015v1_76X_mcRun2_asymptotic_v12-v1/40000/08CCC9D9-8BD8-E511-9825-7845C4FBB60E.root
%MSG-w XrdAdaptor:  file_open 19-Oct-2023 00:16:33 CEST PostProcessEvent
Data is served from cern.ch instead of original site eospublic
%MSG
19-Oct-2023 00:16:33 CEST  Successfully opened file root://eospublic.cern.ch//eos/opendata/cms/mc/RunIIFall15MiniAODv2/GGJets_M-4000To6000_Pt-50_13TeV-sherpa/MINIAODSIM/PU25nsData2015v1_76X_mcRun2_asymptotic_v12-v1/40000/08CCC9D9-8BD8-E511-9825-7845C4FBB60E.root
19-Oct-2023 00:16:35 CEST  Closed file root://eospublic.cern.ch//eos/opendata/cms/mc/RunIIFall15MiniAODv2/GGJets_M-4000To6000_Pt-50_13TeV-sherpa/MINIAODSIM/PU25nsData2015v1_76X_mcRun2_asymptotic_v12-v1/40000/08CCC9D9-8BD8-E511-9825-7845C4FBB60E.root
19-Oct-2023 00:16:35 CEST  Initiating request to open file root://eospublic.cern.ch//eos/opendata/cms/mc/RunIIFall15MiniAODv2/GGJets_M-4000To6000_Pt-50_13TeV-sherpa/MINIAODSIM/PU25nsData2015v1_76X_mcRun2_asymptotic_v12-v1/40000/30EA0953-91D8-E511-8F65-0025907B4F64.root
%MSG-w XrdAdaptor:  file_open 19-Oct-2023 00:16:35 CEST PostProcessEvent
Data is served from cern.ch instead of original site eospublic
%MSG
19-Oct-2023 00:16:35 CEST  Successfully opened file root://eospublic.cern.ch//eos/opendata/cms/mc/RunIIFall15MiniAODv2/GGJets_M-4000To6000_Pt-50_13TeV-sherpa/MINIAODSIM/PU25nsData2015v1_76X_mcRun2_asymptotic_v12-v1/40000/30EA0953-91D8-E511-8F65-0025907B4F64.root
19-Oct-2023 00:16:37 CEST  Closed file root://eospublic.cern.ch//eos/opendata/cms/mc/RunIIFall15MiniAODv2/GGJets_M-4000To6000_Pt-50_13TeV-sherpa/MINIAODSIM/PU25nsData2015v1_76X_mcRun2_asymptotic_v12-v1/40000/30EA0953-91D8-E511-8F65-0025907B4F64.root
19-Oct-2023 00:16:37 CEST  Initiating request to open file root://eospublic.cern.ch//eos/opendata/cms/mc/RunIIFall15MiniAODv2/GGJets_M-4000To6000_Pt-50_13TeV-sherpa/MINIAODSIM/PU25nsData2015v1_76X_mcRun2_asymptotic_v12-v1/40000/3A5C9B0A-03D9-E511-9F13-6CC2173CEC30.root
%MSG-w XrdAdaptor:  file_open 19-Oct-2023 00:16:37 CEST PostProcessEvent
Data is served from cern.ch instead of original site eospublic
%MSG
19-Oct-2023 00:16:37 CEST  Successfully opened file root://eospublic.cern.ch//eos/opendata/cms/mc/RunIIFall15MiniAODv2/GGJets_M-4000To6000_Pt-50_13TeV-sherpa/MINIAODSIM/PU25nsData2015v1_76X_mcRun2_asymptotic_v12-v1/40000/3A5C9B0A-03D9-E511-9F13-6CC2173CEC30.root
19-Oct-2023 00:16:38 CEST  Closed file root://eospublic.cern.ch//eos/opendata/cms/mc/RunIIFall15MiniAODv2/GGJets_M-4000To6000_Pt-50_13TeV-sherpa/MINIAODSIM/PU25nsData2015v1_76X_mcRun2_asymptotic_v12-v1/40000/3A5C9B0A-03D9-E511-9F13-6CC2173CEC30.root
19-Oct-2023 00:16:38 CEST  Initiating request to open file root://eospublic.cern.ch//eos/opendata/cms/mc/RunIIFall15MiniAODv2/GGJets_M-4000To6000_Pt-50_13TeV-sherpa/MINIAODSIM/PU25nsData2015v1_76X_mcRun2_asymptotic_v12-v1/40000/424C9BDC-7FD8-E511-AFDF-0025904C66F6.root
%MSG-w XrdAdaptor:  file_open 19-Oct-2023 00:16:38 CEST PostProcessEvent
Data is served from cern.ch instead of original site eospublic
%MSG
19-Oct-2023 00:16:38 CEST  Successfully opened file root://eospublic.cern.ch//eos/opendata/cms/mc/RunIIFall15MiniAODv2/GGJets_M-4000To6000_Pt-50_13TeV-sherpa/MINIAODSIM/PU25nsData2015v1_76X_mcRun2_asymptotic_v12-v1/40000/424C9BDC-7FD8-E511-AFDF-0025904C66F6.root
19-Oct-2023 00:16:39 CEST  Closed file root://eospublic.cern.ch//eos/opendata/cms/mc/RunIIFall15MiniAODv2/GGJets_M-4000To6000_Pt-50_13TeV-sherpa/MINIAODSIM/PU25nsData2015v1_76X_mcRun2_asymptotic_v12-v1/40000/424C9BDC-7FD8-E511-AFDF-0025904C66F6.root
19-Oct-2023 00:16:39 CEST  Initiating request to open file root://eospublic.cern.ch//eos/opendata/cms/mc/RunIIFall15MiniAODv2/GGJets_M-4000To6000_Pt-50_13TeV-sherpa/MINIAODSIM/PU25nsData2015v1_76X_mcRun2_asymptotic_v12-v1/40000/62EBF13C-87D8-E511-ACF5-E41D2D08DC90.root
%MSG-w XrdAdaptor:  file_open 19-Oct-2023 00:16:39 CEST PostProcessEvent
Data is served from cern.ch instead of original site eospublic
%MSG
19-Oct-2023 00:16:40 CEST  Successfully opened file root://eospublic.cern.ch//eos/opendata/cms/mc/RunIIFall15MiniAODv2/GGJets_M-4000To6000_Pt-50_13TeV-sherpa/MINIAODSIM/PU25nsData2015v1_76X_mcRun2_asymptotic_v12-v1/40000/62EBF13C-87D8-E511-ACF5-E41D2D08DC90.root
19-Oct-2023 00:16:41 CEST  Closed file root://eospublic.cern.ch//eos/opendata/cms/mc/RunIIFall15MiniAODv2/GGJets_M-4000To6000_Pt-50_13TeV-sherpa/MINIAODSIM/PU25nsData2015v1_76X_mcRun2_asymptotic_v12-v1/40000/62EBF13C-87D8-E511-ACF5-E41D2D08DC90.root
19-Oct-2023 00:16:41 CEST  Initiating request to open file root://eospublic.cern.ch//eos/opendata/cms/mc/RunIIFall15MiniAODv2/GGJets_M-4000To6000_Pt-50_13TeV-sherpa/MINIAODSIM/PU25nsData2015v1_76X_mcRun2_asymptotic_v12-v1/40000/9A340132-A7D8-E511-AB99-0CC47A4D9A58.root
%MSG-w XrdAdaptor:  file_open 19-Oct-2023 00:16:41 CEST PostProcessEvent
Data is served from cern.ch instead of original site eospublic
%MSG
19-Oct-2023 00:16:41 CEST  Successfully opened file root://eospublic.cern.ch//eos/opendata/cms/mc/RunIIFall15MiniAODv2/GGJets_M-4000To6000_Pt-50_13TeV-sherpa/MINIAODSIM/PU25nsData2015v1_76X_mcRun2_asymptotic_v12-v1/40000/9A340132-A7D8-E511-AB99-0CC47A4D9A58.root
Begin processing the 200001st record. Run 1, Event 111063, LumiSection 1277 at 19-Oct-2023 00:16:44.514 CEST
19-Oct-2023 00:16:45 CEST  Closed file root://eospublic.cern.ch//eos/opendata/cms/mc/RunIIFall15MiniAODv2/GGJets_M-4000To6000_Pt-50_13TeV-sherpa/MINIAODSIM/PU25nsData2015v1_76X_mcRun2_asymptotic_v12-v1/40000/9A340132-A7D8-E511-AB99-0CC47A4D9A58.root
19-Oct-2023 00:16:45 CEST  Initiating request to open file root://eospublic.cern.ch//eos/opendata/cms/mc/RunIIFall15MiniAODv2/GGJets_M-4000To6000_Pt-50_13TeV-sherpa/MINIAODSIM/PU25nsData2015v1_76X_mcRun2_asymptotic_v12-v1/40000/BAAA0B52-91D8-E511-8AD2-0CC47A4DEEBA.root
%MSG-w XrdAdaptor:  file_open 19-Oct-2023 00:16:45 CEST PostProcessEvent
Data is served from cern.ch instead of original site eospublic
%MSG
19-Oct-2023 00:16:45 CEST  Successfully opened file root://eospublic.cern.ch//eos/opendata/cms/mc/RunIIFall15MiniAODv2/GGJets_M-4000To6000_Pt-50_13TeV-sherpa/MINIAODSIM/PU25nsData2015v1_76X_mcRun2_asymptotic_v12-v1/40000/BAAA0B52-91D8-E511-8AD2-0CC47A4DEEBA.root
19-Oct-2023 00:16:49 CEST  Closed file root://eospublic.cern.ch//eos/opendata/cms/mc/RunIIFall15MiniAODv2/GGJets_M-4000To6000_Pt-50_13TeV-sherpa/MINIAODSIM/PU25nsData2015v1_76X_mcRun2_asymptotic_v12-v1/40000/BAAA0B52-91D8-E511-8AD2-0CC47A4DEEBA.root
19-Oct-2023 00:16:49 CEST  Initiating request to open file root://eospublic.cern.ch//eos/opendata/cms/mc/RunIIFall15MiniAODv2/GGJets_M-4000To6000_Pt-50_13TeV-sherpa/MINIAODSIM/PU25nsData2015v1_76X_mcRun2_asymptotic_v12-v1/40000/BCC7F30F-03D9-E511-8578-00266CF24ED4.root
%MSG-w XrdAdaptor:  file_open 19-Oct-2023 00:16:50 CEST PostProcessEvent
Data is served from cern.ch instead of original site eospublic
%MSG
19-Oct-2023 00:16:50 CEST  Successfully opened file root://eospublic.cern.ch//eos/opendata/cms/mc/RunIIFall15MiniAODv2/GGJets_M-4000To6000_Pt-50_13TeV-sherpa/MINIAODSIM/PU25nsData2015v1_76X_mcRun2_asymptotic_v12-v1/40000/BCC7F30F-03D9-E511-8578-00266CF24ED4.root
19-Oct-2023 00:16:51 CEST  Closed file root://eospublic.cern.ch//eos/opendata/cms/mc/RunIIFall15MiniAODv2/GGJets_M-4000To6000_Pt-50_13TeV-sherpa/MINIAODSIM/PU25nsData2015v1_76X_mcRun2_asymptotic_v12-v1/40000/BCC7F30F-03D9-E511-8578-00266CF24ED4.root
19-Oct-2023 00:16:51 CEST  Initiating request to open file root://eospublic.cern.ch//eos/opendata/cms/mc/RunIIFall15MiniAODv2/GGJets_M-4000To6000_Pt-50_13TeV-sherpa/MINIAODSIM/PU25nsData2015v1_76X_mcRun2_asymptotic_v12-v1/80000/00ECC6B8-50D9-E511-9F5D-002590747DE2.root
%MSG-w XrdAdaptor:  file_open 19-Oct-2023 00:16:51 CEST PostProcessEvent
Data is served from cern.ch instead of original site eospublic
%MSG
19-Oct-2023 00:16:51 CEST  Successfully opened file root://eospublic.cern.ch//eos/opendata/cms/mc/RunIIFall15MiniAODv2/GGJets_M-4000To6000_Pt-50_13TeV-sherpa/MINIAODSIM/PU25nsData2015v1_76X_mcRun2_asymptotic_v12-v1/80000/00ECC6B8-50D9-E511-9F5D-002590747DE2.root
19-Oct-2023 00:16:52 CEST  Closed file root://eospublic.cern.ch//eos/opendata/cms/mc/RunIIFall15MiniAODv2/GGJets_M-4000To6000_Pt-50_13TeV-sherpa/MINIAODSIM/PU25nsData2015v1_76X_mcRun2_asymptotic_v12-v1/80000/00ECC6B8-50D9-E511-9F5D-002590747DE2.root
19-Oct-2023 00:16:52 CEST  Initiating request to open file root://eospublic.cern.ch//eos/opendata/cms/mc/RunIIFall15MiniAODv2/GGJets_M-4000To6000_Pt-50_13TeV-sherpa/MINIAODSIM/PU25nsData2015v1_76X_mcRun2_asymptotic_v12-v1/80000/162EF601-49D9-E511-BF4E-002481DE4C6E.root
%MSG-w XrdAdaptor:  file_open 19-Oct-2023 00:16:52 CEST PostProcessEvent
Data is served from cern.ch instead of original site eospublic
%MSG
19-Oct-2023 00:16:52 CEST  Successfully opened file root://eospublic.cern.ch//eos/opendata/cms/mc/RunIIFall15MiniAODv2/GGJets_M-4000To6000_Pt-50_13TeV-sherpa/MINIAODSIM/PU25nsData2015v1_76X_mcRun2_asymptotic_v12-v1/80000/162EF601-49D9-E511-BF4E-002481DE4C6E.root
19-Oct-2023 00:16:53 CEST  Closed file root://eospublic.cern.ch//eos/opendata/cms/mc/RunIIFall15MiniAODv2/GGJets_M-4000To6000_Pt-50_13TeV-sherpa/MINIAODSIM/PU25nsData2015v1_76X_mcRun2_asymptotic_v12-v1/80000/162EF601-49D9-E511-BF4E-002481DE4C6E.root
19-Oct-2023 00:16:53 CEST  Initiating request to open file root://eospublic.cern.ch//eos/opendata/cms/mc/RunIIFall15MiniAODv2/GGJets_M-4000To6000_Pt-50_13TeV-sherpa/MINIAODSIM/PU25nsData2015v1_76X_mcRun2_asymptotic_v12-v1/80000/18FE9819-44D9-E511-A828-3417EBE64BA3.root
%MSG-w XrdAdaptor:  file_open 19-Oct-2023 00:16:53 CEST PostProcessEvent
Data is served from cern.ch instead of original site eospublic
%MSG
19-Oct-2023 00:16:53 CEST  Successfully opened file root://eospublic.cern.ch//eos/opendata/cms/mc/RunIIFall15MiniAODv2/GGJets_M-4000To6000_Pt-50_13TeV-sherpa/MINIAODSIM/PU25nsData2015v1_76X_mcRun2_asymptotic_v12-v1/80000/18FE9819-44D9-E511-A828-3417EBE64BA3.root
19-Oct-2023 00:16:54 CEST  Closed file root://eospublic.cern.ch//eos/opendata/cms/mc/RunIIFall15MiniAODv2/GGJets_M-4000To6000_Pt-50_13TeV-sherpa/MINIAODSIM/PU25nsData2015v1_76X_mcRun2_asymptotic_v12-v1/80000/18FE9819-44D9-E511-A828-3417EBE64BA3.root
19-Oct-2023 00:16:54 CEST  Initiating request to open file root://eospublic.cern.ch//eos/opendata/cms/mc/RunIIFall15MiniAODv2/GGJets_M-4000To6000_Pt-50_13TeV-sherpa/MINIAODSIM/PU25nsData2015v1_76X_mcRun2_asymptotic_v12-v1/80000/543E8CCD-5CD9-E511-94E5-008CFA197918.root
%MSG-w XrdAdaptor:  file_open 19-Oct-2023 00:16:54 CEST PostProcessEvent
Data is served from cern.ch instead of original site eospublic
%MSG
19-Oct-2023 00:16:54 CEST  Successfully opened file root://eospublic.cern.ch//eos/opendata/cms/mc/RunIIFall15MiniAODv2/GGJets_M-4000To6000_Pt-50_13TeV-sherpa/MINIAODSIM/PU25nsData2015v1_76X_mcRun2_asymptotic_v12-v1/80000/543E8CCD-5CD9-E511-94E5-008CFA197918.root
19-Oct-2023 00:16:55 CEST  Closed file root://eospublic.cern.ch//eos/opendata/cms/mc/RunIIFall15MiniAODv2/GGJets_M-4000To6000_Pt-50_13TeV-sherpa/MINIAODSIM/PU25nsData2015v1_76X_mcRun2_asymptotic_v12-v1/80000/543E8CCD-5CD9-E511-94E5-008CFA197918.root
19-Oct-2023 00:16:55 CEST  Initiating request to open file root://eospublic.cern.ch//eos/opendata/cms/mc/RunIIFall15MiniAODv2/GGJets_M-4000To6000_Pt-50_13TeV-sherpa/MINIAODSIM/PU25nsData2015v1_76X_mcRun2_asymptotic_v12-v1/80000/54EFA9DB-5CD9-E511-A91A-0030483345E4.root
%MSG-w XrdAdaptor:  file_open 19-Oct-2023 00:16:55 CEST PostProcessEvent
Data is served from cern.ch instead of original site eospublic
%MSG
19-Oct-2023 00:16:55 CEST  Successfully opened file root://eospublic.cern.ch//eos/opendata/cms/mc/RunIIFall15MiniAODv2/GGJets_M-4000To6000_Pt-50_13TeV-sherpa/MINIAODSIM/PU25nsData2015v1_76X_mcRun2_asymptotic_v12-v1/80000/54EFA9DB-5CD9-E511-A91A-0030483345E4.root
19-Oct-2023 00:16:56 CEST  Closed file root://eospublic.cern.ch//eos/opendata/cms/mc/RunIIFall15MiniAODv2/GGJets_M-4000To6000_Pt-50_13TeV-sherpa/MINIAODSIM/PU25nsData2015v1_76X_mcRun2_asymptotic_v12-v1/80000/54EFA9DB-5CD9-E511-A91A-0030483345E4.root
19-Oct-2023 00:16:56 CEST  Initiating request to open file root://eospublic.cern.ch//eos/opendata/cms/mc/RunIIFall15MiniAODv2/GGJets_M-4000To6000_Pt-50_13TeV-sherpa/MINIAODSIM/PU25nsData2015v1_76X_mcRun2_asymptotic_v12-v1/80000/5AC353DF-5CD9-E511-8E6B-0CC47A4D9A30.root
%MSG-w XrdAdaptor:  file_open 19-Oct-2023 00:16:56 CEST PostProcessEvent
Data is served from cern.ch instead of original site eospublic
%MSG
19-Oct-2023 00:16:56 CEST  Successfully opened file root://eospublic.cern.ch//eos/opendata/cms/mc/RunIIFall15MiniAODv2/GGJets_M-4000To6000_Pt-50_13TeV-sherpa/MINIAODSIM/PU25nsData2015v1_76X_mcRun2_asymptotic_v12-v1/80000/5AC353DF-5CD9-E511-8E6B-0CC47A4D9A30.root
19-Oct-2023 00:16:57 CEST  Closed file root://eospublic.cern.ch//eos/opendata/cms/mc/RunIIFall15MiniAODv2/GGJets_M-4000To6000_Pt-50_13TeV-sherpa/MINIAODSIM/PU25nsData2015v1_76X_mcRun2_asymptotic_v12-v1/80000/5AC353DF-5CD9-E511-8E6B-0CC47A4D9A30.root
19-Oct-2023 00:16:57 CEST  Initiating request to open file root://eospublic.cern.ch//eos/opendata/cms/mc/RunIIFall15MiniAODv2/GGJets_M-4000To6000_Pt-50_13TeV-sherpa/MINIAODSIM/PU25nsData2015v1_76X_mcRun2_asymptotic_v12-v1/80000/6E3ED54C-43D9-E511-8C83-03001305E7FF.root
%MSG-w XrdAdaptor:  file_open 19-Oct-2023 00:16:57 CEST PostProcessEvent
Data is served from cern.ch instead of original site eospublic
%MSG
19-Oct-2023 00:16:57 CEST  Successfully opened file root://eospublic.cern.ch//eos/opendata/cms/mc/RunIIFall15MiniAODv2/GGJets_M-4000To6000_Pt-50_13TeV-sherpa/MINIAODSIM/PU25nsData2015v1_76X_mcRun2_asymptotic_v12-v1/80000/6E3ED54C-43D9-E511-8C83-03001305E7FF.root
19-Oct-2023 00:16:58 CEST  Closed file root://eospublic.cern.ch//eos/opendata/cms/mc/RunIIFall15MiniAODv2/GGJets_M-4000To6000_Pt-50_13TeV-sherpa/MINIAODSIM/PU25nsData2015v1_76X_mcRun2_asymptotic_v12-v1/80000/6E3ED54C-43D9-E511-8C83-03001305E7FF.root
19-Oct-2023 00:16:58 CEST  Initiating request to open file root://eospublic.cern.ch//eos/opendata/cms/mc/RunIIFall15MiniAODv2/GGJets_M-4000To6000_Pt-50_13TeV-sherpa/MINIAODSIM/PU25nsData2015v1_76X_mcRun2_asymptotic_v12-v1/80000/722B4225-5DD9-E511-9A1A-F04DA27710A2.root
%MSG-w XrdAdaptor:  file_open 19-Oct-2023 00:16:58 CEST PostProcessEvent
Data is served from cern.ch instead of original site eospublic
%MSG
19-Oct-2023 00:16:58 CEST  Successfully opened file root://eospublic.cern.ch//eos/opendata/cms/mc/RunIIFall15MiniAODv2/GGJets_M-4000To6000_Pt-50_13TeV-sherpa/MINIAODSIM/PU25nsData2015v1_76X_mcRun2_asymptotic_v12-v1/80000/722B4225-5DD9-E511-9A1A-F04DA27710A2.root
19-Oct-2023 00:16:59 CEST  Closed file root://eospublic.cern.ch//eos/opendata/cms/mc/RunIIFall15MiniAODv2/GGJets_M-4000To6000_Pt-50_13TeV-sherpa/MINIAODSIM/PU25nsData2015v1_76X_mcRun2_asymptotic_v12-v1/80000/722B4225-5DD9-E511-9A1A-F04DA27710A2.root
19-Oct-2023 00:16:59 CEST  Initiating request to open file root://eospublic.cern.ch//eos/opendata/cms/mc/RunIIFall15MiniAODv2/GGJets_M-4000To6000_Pt-50_13TeV-sherpa/MINIAODSIM/PU25nsData2015v1_76X_mcRun2_asymptotic_v12-v1/80000/7E9DC502-51D9-E511-BBF7-B083FECFC6ED.root
%MSG-w XrdAdaptor:  file_open 19-Oct-2023 00:16:59 CEST PostProcessEvent
Data is served from cern.ch instead of original site eospublic
%MSG
19-Oct-2023 00:16:59 CEST  Successfully opened file root://eospublic.cern.ch//eos/opendata/cms/mc/RunIIFall15MiniAODv2/GGJets_M-4000To6000_Pt-50_13TeV-sherpa/MINIAODSIM/PU25nsData2015v1_76X_mcRun2_asymptotic_v12-v1/80000/7E9DC502-51D9-E511-BBF7-B083FECFC6ED.root
19-Oct-2023 00:17:00 CEST  Closed file root://eospublic.cern.ch//eos/opendata/cms/mc/RunIIFall15MiniAODv2/GGJets_M-4000To6000_Pt-50_13TeV-sherpa/MINIAODSIM/PU25nsData2015v1_76X_mcRun2_asymptotic_v12-v1/80000/7E9DC502-51D9-E511-BBF7-B083FECFC6ED.root
19-Oct-2023 00:17:00 CEST  Initiating request to open file root://eospublic.cern.ch//eos/opendata/cms/mc/RunIIFall15MiniAODv2/GGJets_M-4000To6000_Pt-50_13TeV-sherpa/MINIAODSIM/PU25nsData2015v1_76X_mcRun2_asymptotic_v12-v1/80000/80E6702D-5DD9-E511-9DD4-008CFA166008.root
%MSG-w XrdAdaptor:  file_open 19-Oct-2023 00:17:00 CEST PostProcessEvent
Data is served from cern.ch instead of original site eospublic
%MSG
19-Oct-2023 00:17:00 CEST  Successfully opened file root://eospublic.cern.ch//eos/opendata/cms/mc/RunIIFall15MiniAODv2/GGJets_M-4000To6000_Pt-50_13TeV-sherpa/MINIAODSIM/PU25nsData2015v1_76X_mcRun2_asymptotic_v12-v1/80000/80E6702D-5DD9-E511-9DD4-008CFA166008.root
19-Oct-2023 00:17:01 CEST  Closed file root://eospublic.cern.ch//eos/opendata/cms/mc/RunIIFall15MiniAODv2/GGJets_M-4000To6000_Pt-50_13TeV-sherpa/MINIAODSIM/PU25nsData2015v1_76X_mcRun2_asymptotic_v12-v1/80000/80E6702D-5DD9-E511-9DD4-008CFA166008.root
19-Oct-2023 00:17:01 CEST  Initiating request to open file root://eospublic.cern.ch//eos/opendata/cms/mc/RunIIFall15MiniAODv2/GGJets_M-4000To6000_Pt-50_13TeV-sherpa/MINIAODSIM/PU25nsData2015v1_76X_mcRun2_asymptotic_v12-v1/80000/88AD04D0-5CD9-E511-BCD2-001E675A67BB.root
%MSG-w XrdAdaptor:  file_open 19-Oct-2023 00:17:01 CEST PostProcessEvent
Data is served from cern.ch instead of original site eospublic
%MSG
19-Oct-2023 00:17:01 CEST  Successfully opened file root://eospublic.cern.ch//eos/opendata/cms/mc/RunIIFall15MiniAODv2/GGJets_M-4000To6000_Pt-50_13TeV-sherpa/MINIAODSIM/PU25nsData2015v1_76X_mcRun2_asymptotic_v12-v1/80000/88AD04D0-5CD9-E511-BCD2-001E675A67BB.root
19-Oct-2023 00:17:02 CEST  Closed file root://eospublic.cern.ch//eos/opendata/cms/mc/RunIIFall15MiniAODv2/GGJets_M-4000To6000_Pt-50_13TeV-sherpa/MINIAODSIM/PU25nsData2015v1_76X_mcRun2_asymptotic_v12-v1/80000/88AD04D0-5CD9-E511-BCD2-001E675A67BB.root
19-Oct-2023 00:17:02 CEST  Initiating request to open file root://eospublic.cern.ch//eos/opendata/cms/mc/RunIIFall15MiniAODv2/GGJets_M-4000To6000_Pt-50_13TeV-sherpa/MINIAODSIM/PU25nsData2015v1_76X_mcRun2_asymptotic_v12-v1/80000/8A39BBFF-47D9-E511-9AE1-D8D385AF8A16.root
%MSG-w XrdAdaptor:  file_open 19-Oct-2023 00:17:02 CEST PostProcessEvent
Data is served from cern.ch instead of original site eospublic
%MSG
19-Oct-2023 00:17:02 CEST  Successfully opened file root://eospublic.cern.ch//eos/opendata/cms/mc/RunIIFall15MiniAODv2/GGJets_M-4000To6000_Pt-50_13TeV-sherpa/MINIAODSIM/PU25nsData2015v1_76X_mcRun2_asymptotic_v12-v1/80000/8A39BBFF-47D9-E511-9AE1-D8D385AF8A16.root
19-Oct-2023 00:17:03 CEST  Closed file root://eospublic.cern.ch//eos/opendata/cms/mc/RunIIFall15MiniAODv2/GGJets_M-4000To6000_Pt-50_13TeV-sherpa/MINIAODSIM/PU25nsData2015v1_76X_mcRun2_asymptotic_v12-v1/80000/8A39BBFF-47D9-E511-9AE1-D8D385AF8A16.root
19-Oct-2023 00:17:03 CEST  Initiating request to open file root://eospublic.cern.ch//eos/opendata/cms/mc/RunIIFall15MiniAODv2/GGJets_M-4000To6000_Pt-50_13TeV-sherpa/MINIAODSIM/PU25nsData2015v1_76X_mcRun2_asymptotic_v12-v1/80000/9E30FFD2-5CD9-E511-9609-0025904886E6.root
%MSG-w XrdAdaptor:  file_open 19-Oct-2023 00:17:03 CEST PostProcessEvent
Data is served from cern.ch instead of original site eospublic
%MSG
19-Oct-2023 00:17:03 CEST  Successfully opened file root://eospublic.cern.ch//eos/opendata/cms/mc/RunIIFall15MiniAODv2/GGJets_M-4000To6000_Pt-50_13TeV-sherpa/MINIAODSIM/PU25nsData2015v1_76X_mcRun2_asymptotic_v12-v1/80000/9E30FFD2-5CD9-E511-9609-0025904886E6.root
19-Oct-2023 00:17:13 CEST  Closed file root://eospublic.cern.ch//eos/opendata/cms/mc/RunIIFall15MiniAODv2/GGJets_M-4000To6000_Pt-50_13TeV-sherpa/MINIAODSIM/PU25nsData2015v1_76X_mcRun2_asymptotic_v12-v1/80000/9E30FFD2-5CD9-E511-9609-0025904886E6.root
19-Oct-2023 00:17:13 CEST  Initiating request to open file root://eospublic.cern.ch//eos/opendata/cms/mc/RunIIFall15MiniAODv2/GGJets_M-4000To6000_Pt-50_13TeV-sherpa/MINIAODSIM/PU25nsData2015v1_76X_mcRun2_asymptotic_v12-v1/80000/D6EAA8DB-5DD9-E511-B035-001E67504445.root
%MSG-w XrdAdaptor:  file_open 19-Oct-2023 00:17:13 CEST PostProcessEvent
Data is served from cern.ch instead of original site eospublic
%MSG
19-Oct-2023 00:17:13 CEST  Successfully opened file root://eospublic.cern.ch//eos/opendata/cms/mc/RunIIFall15MiniAODv2/GGJets_M-4000To6000_Pt-50_13TeV-sherpa/MINIAODSIM/PU25nsData2015v1_76X_mcRun2_asymptotic_v12-v1/80000/D6EAA8DB-5DD9-E511-B035-001E67504445.root
19-Oct-2023 00:17:14 CEST  Closed file root://eospublic.cern.ch//eos/opendata/cms/mc/RunIIFall15MiniAODv2/GGJets_M-4000To6000_Pt-50_13TeV-sherpa/MINIAODSIM/PU25nsData2015v1_76X_mcRun2_asymptotic_v12-v1/80000/D6EAA8DB-5DD9-E511-B035-001E67504445.root

------------------------------------
GenXsecAnalyzer:
------------------------------------
Before Filtrer: total cross section = 2.442e-06 +- 6.246e-09 pb
Filter efficiency (taking into account weights)= (49770.9) / (49770.9) = 1.000e+00 +- 0.000e+00
Filter efficiency (event-level)= (297476) / (297476) = 1.000e+00 +- 0.000e+00
After filter: final cross section = 2.442e-06 +- 6.246e-09 pb

=============================================

MessageLogger Summary

 type     category        sev    module        subroutine        count    total
 ---- -------------------- -- ---------------- ----------------  -----    -----
    1 GenXSecAnalyzer      -w GenXSecAnalyzer:                       5        5
    2 XrdAdaptor           -w file_open                             30       30
    3 fileAction           -s file_close                            30       30
    4 fileAction           -s file_open                             60       60

 type    category    Examples: run/evt        run/evt          run/evt
 ---- -------------------- ---------------- ---------------- ----------------
    1 GenXSecAnalyzer      PostEndRun       PostEndRun       PostEndRun
    2 XrdAdaptor           pre-events       PostProcessEvent PostProcessEvent
    3 fileAction           PostProcessEvent PostProcessEvent PostEndRun
    4 fileAction           pre-events       pre-events       PostProcessEvent

Severity    # Occurrences   Total Occurrences
--------    -------------   -----------------
Warning                35                  35
System                 90                  90
