05-Oct-2023 13:34:23 CEST  Initiating request to open file root://eospublic.cern.ch//eos/opendata/cms/mc/RunIIFall15MiniAODv2/QCD_Pt_1400to1800_TuneCUETP8M1_13TeV_pythia8/MINIAODSIM/PU25nsData2015v1_76X_mcRun2_asymptotic_v12-v1/60000/0E6B5D2E-53BB-E511-B4A5-001E6724807F.root
%MSG-w XrdAdaptor:  file_open 05-Oct-2023 13:34:23 CEST pre-events
Data is served from cern.ch instead of original site eospublic
%MSG
05-Oct-2023 13:34:25 CEST  Successfully opened file root://eospublic.cern.ch//eos/opendata/cms/mc/RunIIFall15MiniAODv2/QCD_Pt_1400to1800_TuneCUETP8M1_13TeV_pythia8/MINIAODSIM/PU25nsData2015v1_76X_mcRun2_asymptotic_v12-v1/60000/0E6B5D2E-53BB-E511-B4A5-001E6724807F.root
Begin processing the 1st record. Run 1, Event 1, LumiSection 1 at 05-Oct-2023 13:34:26.541 CEST
05-Oct-2023 13:34:29 CEST  Closed file root://eospublic.cern.ch//eos/opendata/cms/mc/RunIIFall15MiniAODv2/QCD_Pt_1400to1800_TuneCUETP8M1_13TeV_pythia8/MINIAODSIM/PU25nsData2015v1_76X_mcRun2_asymptotic_v12-v1/60000/0E6B5D2E-53BB-E511-B4A5-001E6724807F.root
05-Oct-2023 13:34:29 CEST  Initiating request to open file root://eospublic.cern.ch//eos/opendata/cms/mc/RunIIFall15MiniAODv2/QCD_Pt_1400to1800_TuneCUETP8M1_13TeV_pythia8/MINIAODSIM/PU25nsData2015v1_76X_mcRun2_asymptotic_v12-v1/60000/48D21831-53BB-E511-996E-001E6724897B.root
%MSG-w XrdAdaptor:  file_open 05-Oct-2023 13:34:29 CEST PostProcessEvent
Data is served from cern.ch instead of original site eospublic
%MSG
05-Oct-2023 13:34:29 CEST  Successfully opened file root://eospublic.cern.ch//eos/opendata/cms/mc/RunIIFall15MiniAODv2/QCD_Pt_1400to1800_TuneCUETP8M1_13TeV_pythia8/MINIAODSIM/PU25nsData2015v1_76X_mcRun2_asymptotic_v12-v1/60000/48D21831-53BB-E511-996E-001E6724897B.root
05-Oct-2023 13:34:32 CEST  Closed file root://eospublic.cern.ch//eos/opendata/cms/mc/RunIIFall15MiniAODv2/QCD_Pt_1400to1800_TuneCUETP8M1_13TeV_pythia8/MINIAODSIM/PU25nsData2015v1_76X_mcRun2_asymptotic_v12-v1/60000/48D21831-53BB-E511-996E-001E6724897B.root
05-Oct-2023 13:34:32 CEST  Initiating request to open file root://eospublic.cern.ch//eos/opendata/cms/mc/RunIIFall15MiniAODv2/QCD_Pt_1400to1800_TuneCUETP8M1_13TeV_pythia8/MINIAODSIM/PU25nsData2015v1_76X_mcRun2_asymptotic_v12-v1/60000/5270BE2E-53BB-E511-AAA8-001E672488D1.root
%MSG-w XrdAdaptor:  file_open 05-Oct-2023 13:34:32 CEST PostProcessEvent
Data is served from cern.ch instead of original site eospublic
%MSG
05-Oct-2023 13:34:32 CEST  Successfully opened file root://eospublic.cern.ch//eos/opendata/cms/mc/RunIIFall15MiniAODv2/QCD_Pt_1400to1800_TuneCUETP8M1_13TeV_pythia8/MINIAODSIM/PU25nsData2015v1_76X_mcRun2_asymptotic_v12-v1/60000/5270BE2E-53BB-E511-AAA8-001E672488D1.root
Begin processing the 100001st record. Run 1, Event 121034, LumiSection 708 at 05-Oct-2023 13:34:33.761 CEST
05-Oct-2023 13:34:36 CEST  Closed file root://eospublic.cern.ch//eos/opendata/cms/mc/RunIIFall15MiniAODv2/QCD_Pt_1400to1800_TuneCUETP8M1_13TeV_pythia8/MINIAODSIM/PU25nsData2015v1_76X_mcRun2_asymptotic_v12-v1/60000/5270BE2E-53BB-E511-AAA8-001E672488D1.root
05-Oct-2023 13:34:36 CEST  Initiating request to open file root://eospublic.cern.ch//eos/opendata/cms/mc/RunIIFall15MiniAODv2/QCD_Pt_1400to1800_TuneCUETP8M1_13TeV_pythia8/MINIAODSIM/PU25nsData2015v1_76X_mcRun2_asymptotic_v12-v1/60000/543ABF57-53BB-E511-9A13-001E6724839F.root
%MSG-w XrdAdaptor:  file_open 05-Oct-2023 13:34:36 CEST PostProcessEvent
Data is served from cern.ch instead of original site eospublic
%MSG
05-Oct-2023 13:34:36 CEST  Successfully opened file root://eospublic.cern.ch//eos/opendata/cms/mc/RunIIFall15MiniAODv2/QCD_Pt_1400to1800_TuneCUETP8M1_13TeV_pythia8/MINIAODSIM/PU25nsData2015v1_76X_mcRun2_asymptotic_v12-v1/60000/543ABF57-53BB-E511-9A13-001E6724839F.root
05-Oct-2023 13:34:39 CEST  Closed file root://eospublic.cern.ch//eos/opendata/cms/mc/RunIIFall15MiniAODv2/QCD_Pt_1400to1800_TuneCUETP8M1_13TeV_pythia8/MINIAODSIM/PU25nsData2015v1_76X_mcRun2_asymptotic_v12-v1/60000/543ABF57-53BB-E511-9A13-001E6724839F.root
05-Oct-2023 13:34:39 CEST  Initiating request to open file root://eospublic.cern.ch//eos/opendata/cms/mc/RunIIFall15MiniAODv2/QCD_Pt_1400to1800_TuneCUETP8M1_13TeV_pythia8/MINIAODSIM/PU25nsData2015v1_76X_mcRun2_asymptotic_v12-v1/60000/A2812930-53BB-E511-9199-001E6724862E.root
%MSG-w XrdAdaptor:  file_open 05-Oct-2023 13:34:39 CEST PostProcessEvent
Data is served from cern.ch instead of original site eospublic
%MSG
05-Oct-2023 13:34:39 CEST  Successfully opened file root://eospublic.cern.ch//eos/opendata/cms/mc/RunIIFall15MiniAODv2/QCD_Pt_1400to1800_TuneCUETP8M1_13TeV_pythia8/MINIAODSIM/PU25nsData2015v1_76X_mcRun2_asymptotic_v12-v1/60000/A2812930-53BB-E511-9199-001E6724862E.root
Begin processing the 200001st record. Run 1, Event 41655, LumiSection 244 at 05-Oct-2023 13:34:41.228 CEST
05-Oct-2023 13:34:43 CEST  Closed file root://eospublic.cern.ch//eos/opendata/cms/mc/RunIIFall15MiniAODv2/QCD_Pt_1400to1800_TuneCUETP8M1_13TeV_pythia8/MINIAODSIM/PU25nsData2015v1_76X_mcRun2_asymptotic_v12-v1/60000/A2812930-53BB-E511-9199-001E6724862E.root
05-Oct-2023 13:34:43 CEST  Initiating request to open file root://eospublic.cern.ch//eos/opendata/cms/mc/RunIIFall15MiniAODv2/QCD_Pt_1400to1800_TuneCUETP8M1_13TeV_pythia8/MINIAODSIM/PU25nsData2015v1_76X_mcRun2_asymptotic_v12-v1/60000/C6180B2F-53BB-E511-8C91-003048F35116.root
%MSG-w XrdAdaptor:  file_open 05-Oct-2023 13:34:43 CEST PostProcessEvent
Data is served from cern.ch instead of original site eospublic
%MSG
05-Oct-2023 13:34:43 CEST  Successfully opened file root://eospublic.cern.ch//eos/opendata/cms/mc/RunIIFall15MiniAODv2/QCD_Pt_1400to1800_TuneCUETP8M1_13TeV_pythia8/MINIAODSIM/PU25nsData2015v1_76X_mcRun2_asymptotic_v12-v1/60000/C6180B2F-53BB-E511-8C91-003048F35116.root
05-Oct-2023 13:34:46 CEST  Closed file root://eospublic.cern.ch//eos/opendata/cms/mc/RunIIFall15MiniAODv2/QCD_Pt_1400to1800_TuneCUETP8M1_13TeV_pythia8/MINIAODSIM/PU25nsData2015v1_76X_mcRun2_asymptotic_v12-v1/60000/C6180B2F-53BB-E511-8C91-003048F35116.root
05-Oct-2023 13:34:46 CEST  Initiating request to open file root://eospublic.cern.ch//eos/opendata/cms/mc/RunIIFall15MiniAODv2/QCD_Pt_1400to1800_TuneCUETP8M1_13TeV_pythia8/MINIAODSIM/PU25nsData2015v1_76X_mcRun2_asymptotic_v12-v1/60000/D05CBE19-53BB-E511-B99C-003048F35110.root
%MSG-w XrdAdaptor:  file_open 05-Oct-2023 13:34:46 CEST PostProcessEvent
Data is served from cern.ch instead of original site eospublic
%MSG
05-Oct-2023 13:34:46 CEST  Successfully opened file root://eospublic.cern.ch//eos/opendata/cms/mc/RunIIFall15MiniAODv2/QCD_Pt_1400to1800_TuneCUETP8M1_13TeV_pythia8/MINIAODSIM/PU25nsData2015v1_76X_mcRun2_asymptotic_v12-v1/60000/D05CBE19-53BB-E511-B99C-003048F35110.root
Begin processing the 300001st record. Run 1, Event 388890, LumiSection 2275 at 05-Oct-2023 13:34:48.525 CEST
05-Oct-2023 13:34:50 CEST  Closed file root://eospublic.cern.ch//eos/opendata/cms/mc/RunIIFall15MiniAODv2/QCD_Pt_1400to1800_TuneCUETP8M1_13TeV_pythia8/MINIAODSIM/PU25nsData2015v1_76X_mcRun2_asymptotic_v12-v1/60000/D05CBE19-53BB-E511-B99C-003048F35110.root
05-Oct-2023 13:34:50 CEST  Initiating request to open file root://eospublic.cern.ch//eos/opendata/cms/mc/RunIIFall15MiniAODv2/QCD_Pt_1400to1800_TuneCUETP8M1_13TeV_pythia8/MINIAODSIM/PU25nsData2015v1_76X_mcRun2_asymptotic_v12-v1/60000/F62DDE2F-53BB-E511-A7E5-001E6724840D.root
%MSG-w XrdAdaptor:  file_open 05-Oct-2023 13:34:50 CEST PostProcessEvent
Data is served from cern.ch instead of original site eospublic
%MSG
05-Oct-2023 13:34:50 CEST  Successfully opened file root://eospublic.cern.ch//eos/opendata/cms/mc/RunIIFall15MiniAODv2/QCD_Pt_1400to1800_TuneCUETP8M1_13TeV_pythia8/MINIAODSIM/PU25nsData2015v1_76X_mcRun2_asymptotic_v12-v1/60000/F62DDE2F-53BB-E511-A7E5-001E6724840D.root
05-Oct-2023 13:34:53 CEST  Closed file root://eospublic.cern.ch//eos/opendata/cms/mc/RunIIFall15MiniAODv2/QCD_Pt_1400to1800_TuneCUETP8M1_13TeV_pythia8/MINIAODSIM/PU25nsData2015v1_76X_mcRun2_asymptotic_v12-v1/60000/F62DDE2F-53BB-E511-A7E5-001E6724840D.root
05-Oct-2023 13:34:53 CEST  Initiating request to open file root://eospublic.cern.ch//eos/opendata/cms/mc/RunIIFall15MiniAODv2/QCD_Pt_1400to1800_TuneCUETP8M1_13TeV_pythia8/MINIAODSIM/PU25nsData2015v1_76X_mcRun2_asymptotic_v12-v1/60000/FE28BE33-53BB-E511-9746-001E67248732.root
%MSG-w XrdAdaptor:  file_open 05-Oct-2023 13:34:53 CEST PostProcessEvent
Data is served from cern.ch instead of original site eospublic
%MSG
05-Oct-2023 13:34:53 CEST  Successfully opened file root://eospublic.cern.ch//eos/opendata/cms/mc/RunIIFall15MiniAODv2/QCD_Pt_1400to1800_TuneCUETP8M1_13TeV_pythia8/MINIAODSIM/PU25nsData2015v1_76X_mcRun2_asymptotic_v12-v1/60000/FE28BE33-53BB-E511-9746-001E67248732.root
05-Oct-2023 13:34:55 CEST  Closed file root://eospublic.cern.ch//eos/opendata/cms/mc/RunIIFall15MiniAODv2/QCD_Pt_1400to1800_TuneCUETP8M1_13TeV_pythia8/MINIAODSIM/PU25nsData2015v1_76X_mcRun2_asymptotic_v12-v1/60000/FE28BE33-53BB-E511-9746-001E67248732.root

------------------------------------
GenXsecAnalyzer:
------------------------------------
Before Filtrer: total cross section = 8.376e-01 +- 6.358e-04 pb
Filter efficiency (taking into account weights)= (395725) / (395725) = 1.000e+00 +- 0.000e+00
Filter efficiency (event-level)= (395725) / (395725) = 1.000e+00 +- 0.000e+00
After filter: final cross section = 8.376e-01 +- 6.358e-04 pb

=============================================

MessageLogger Summary

 type     category        sev    module        subroutine        count    total
 ---- -------------------- -- ---------------- ----------------  -----    -----
    1 GenXSecAnalyzer      -w GenXSecAnalyzer:                       5        5
    2 XrdAdaptor           -w file_open                              9        9
    3 fileAction           -s file_close                             9        9
    4 fileAction           -s file_open                             18       18

 type    category    Examples: run/evt        run/evt          run/evt
 ---- -------------------- ---------------- ---------------- ----------------
    1 GenXSecAnalyzer      PostEndRun       PostEndRun       PostEndRun
    2 XrdAdaptor           pre-events       PostProcessEvent PostProcessEvent
    3 fileAction           PostProcessEvent PostProcessEvent PostEndRun
    4 fileAction           pre-events       pre-events       PostProcessEvent

Severity    # Occurrences   Total Occurrences
--------    -------------   -----------------
Warning                14                  14
System                 27                  27
