19-Oct-2023 00:19:16 CEST  Initiating request to open file root://eospublic.cern.ch//eos/opendata/cms/mc/RunIIFall15MiniAODv2/WToMuNu_M-4000_TuneCUETP8M1_13TeV-pythia8/MINIAODSIM/PU25nsData2015v1_76X_mcRun2_asymptotic_v12-v1/40000/04C83014-28DF-E511-94DA-00259073E4A2.root
%MSG-w XrdAdaptor:  file_open 19-Oct-2023 00:19:17 CEST pre-events
Data is served from cern.ch instead of original site eospublic
%MSG
19-Oct-2023 00:19:19 CEST  Successfully opened file root://eospublic.cern.ch//eos/opendata/cms/mc/RunIIFall15MiniAODv2/WToMuNu_M-4000_TuneCUETP8M1_13TeV-pythia8/MINIAODSIM/PU25nsData2015v1_76X_mcRun2_asymptotic_v12-v1/40000/04C83014-28DF-E511-94DA-00259073E4A2.root
Begin processing the 1st record. Run 1, Event 18623, LumiSection 103 at 19-Oct-2023 00:19:20.603 CEST
19-Oct-2023 00:19:23 CEST  Closed file root://eospublic.cern.ch//eos/opendata/cms/mc/RunIIFall15MiniAODv2/WToMuNu_M-4000_TuneCUETP8M1_13TeV-pythia8/MINIAODSIM/PU25nsData2015v1_76X_mcRun2_asymptotic_v12-v1/40000/04C83014-28DF-E511-94DA-00259073E4A2.root
19-Oct-2023 00:19:23 CEST  Initiating request to open file root://eospublic.cern.ch//eos/opendata/cms/mc/RunIIFall15MiniAODv2/WToMuNu_M-4000_TuneCUETP8M1_13TeV-pythia8/MINIAODSIM/PU25nsData2015v1_76X_mcRun2_asymptotic_v12-v1/40000/088DE63A-28DF-E511-9670-00259074AEDE.root
%MSG-w XrdAdaptor:  file_open 19-Oct-2023 00:19:23 CEST PostProcessEvent
Data is served from cern.ch instead of original site eospublic
%MSG
19-Oct-2023 00:19:23 CEST  Successfully opened file root://eospublic.cern.ch//eos/opendata/cms/mc/RunIIFall15MiniAODv2/WToMuNu_M-4000_TuneCUETP8M1_13TeV-pythia8/MINIAODSIM/PU25nsData2015v1_76X_mcRun2_asymptotic_v12-v1/40000/088DE63A-28DF-E511-9670-00259074AEDE.root
19-Oct-2023 00:19:28 CEST  Closed file root://eospublic.cern.ch//eos/opendata/cms/mc/RunIIFall15MiniAODv2/WToMuNu_M-4000_TuneCUETP8M1_13TeV-pythia8/MINIAODSIM/PU25nsData2015v1_76X_mcRun2_asymptotic_v12-v1/40000/088DE63A-28DF-E511-9670-00259074AEDE.root
19-Oct-2023 00:19:28 CEST  Initiating request to open file root://eospublic.cern.ch//eos/opendata/cms/mc/RunIIFall15MiniAODv2/WToMuNu_M-4000_TuneCUETP8M1_13TeV-pythia8/MINIAODSIM/PU25nsData2015v1_76X_mcRun2_asymptotic_v12-v1/40000/50604539-28DF-E511-9370-00259073E4D4.root
%MSG-w XrdAdaptor:  file_open 19-Oct-2023 00:19:28 CEST PostProcessEvent
Data is served from cern.ch instead of original site eospublic
%MSG
19-Oct-2023 00:19:28 CEST  Successfully opened file root://eospublic.cern.ch//eos/opendata/cms/mc/RunIIFall15MiniAODv2/WToMuNu_M-4000_TuneCUETP8M1_13TeV-pythia8/MINIAODSIM/PU25nsData2015v1_76X_mcRun2_asymptotic_v12-v1/40000/50604539-28DF-E511-9370-00259073E4D4.root
19-Oct-2023 00:19:30 CEST  Closed file root://eospublic.cern.ch//eos/opendata/cms/mc/RunIIFall15MiniAODv2/WToMuNu_M-4000_TuneCUETP8M1_13TeV-pythia8/MINIAODSIM/PU25nsData2015v1_76X_mcRun2_asymptotic_v12-v1/40000/50604539-28DF-E511-9370-00259073E4D4.root
19-Oct-2023 00:19:30 CEST  Initiating request to open file root://eospublic.cern.ch//eos/opendata/cms/mc/RunIIFall15MiniAODv2/WToMuNu_M-4000_TuneCUETP8M1_13TeV-pythia8/MINIAODSIM/PU25nsData2015v1_76X_mcRun2_asymptotic_v12-v1/40000/58D71D3C-28DF-E511-9312-0025907277BE.root
%MSG-w XrdAdaptor:  file_open 19-Oct-2023 00:19:30 CEST PostProcessEvent
Data is served from cern.ch instead of original site eospublic
%MSG
19-Oct-2023 00:19:30 CEST  Successfully opened file root://eospublic.cern.ch//eos/opendata/cms/mc/RunIIFall15MiniAODv2/WToMuNu_M-4000_TuneCUETP8M1_13TeV-pythia8/MINIAODSIM/PU25nsData2015v1_76X_mcRun2_asymptotic_v12-v1/40000/58D71D3C-28DF-E511-9312-0025907277BE.root
Begin processing the 100001st record. Run 1, Event 281002, LumiSection 1545 at 19-Oct-2023 00:19:31.541 CEST
19-Oct-2023 00:19:35 CEST  Closed file root://eospublic.cern.ch//eos/opendata/cms/mc/RunIIFall15MiniAODv2/WToMuNu_M-4000_TuneCUETP8M1_13TeV-pythia8/MINIAODSIM/PU25nsData2015v1_76X_mcRun2_asymptotic_v12-v1/40000/58D71D3C-28DF-E511-9312-0025907277BE.root
19-Oct-2023 00:19:35 CEST  Initiating request to open file root://eospublic.cern.ch//eos/opendata/cms/mc/RunIIFall15MiniAODv2/WToMuNu_M-4000_TuneCUETP8M1_13TeV-pythia8/MINIAODSIM/PU25nsData2015v1_76X_mcRun2_asymptotic_v12-v1/40000/B8E1FDC3-28DF-E511-8CE7-008CFA0F5040.root
%MSG-w XrdAdaptor:  file_open 19-Oct-2023 00:19:35 CEST PostProcessEvent
Data is served from cern.ch instead of original site eospublic
%MSG
19-Oct-2023 00:19:35 CEST  Successfully opened file root://eospublic.cern.ch//eos/opendata/cms/mc/RunIIFall15MiniAODv2/WToMuNu_M-4000_TuneCUETP8M1_13TeV-pythia8/MINIAODSIM/PU25nsData2015v1_76X_mcRun2_asymptotic_v12-v1/40000/B8E1FDC3-28DF-E511-8CE7-008CFA0F5040.root
19-Oct-2023 00:19:36 CEST  Closed file root://eospublic.cern.ch//eos/opendata/cms/mc/RunIIFall15MiniAODv2/WToMuNu_M-4000_TuneCUETP8M1_13TeV-pythia8/MINIAODSIM/PU25nsData2015v1_76X_mcRun2_asymptotic_v12-v1/40000/B8E1FDC3-28DF-E511-8CE7-008CFA0F5040.root
19-Oct-2023 00:19:36 CEST  Initiating request to open file root://eospublic.cern.ch//eos/opendata/cms/mc/RunIIFall15MiniAODv2/WToMuNu_M-4000_TuneCUETP8M1_13TeV-pythia8/MINIAODSIM/PU25nsData2015v1_76X_mcRun2_asymptotic_v12-v1/40000/C86BB036-28DF-E511-AC18-0CC47A4128F8.root
%MSG-w XrdAdaptor:  file_open 19-Oct-2023 00:19:36 CEST PostProcessEvent
Data is served from cern.ch instead of original site eospublic
%MSG
19-Oct-2023 00:19:36 CEST  Successfully opened file root://eospublic.cern.ch//eos/opendata/cms/mc/RunIIFall15MiniAODv2/WToMuNu_M-4000_TuneCUETP8M1_13TeV-pythia8/MINIAODSIM/PU25nsData2015v1_76X_mcRun2_asymptotic_v12-v1/40000/C86BB036-28DF-E511-AC18-0CC47A4128F8.root
Begin processing the 200001st record. Run 1, Event 834447, LumiSection 4589 at 19-Oct-2023 00:19:41.293 CEST
19-Oct-2023 00:19:41 CEST  Closed file root://eospublic.cern.ch//eos/opendata/cms/mc/RunIIFall15MiniAODv2/WToMuNu_M-4000_TuneCUETP8M1_13TeV-pythia8/MINIAODSIM/PU25nsData2015v1_76X_mcRun2_asymptotic_v12-v1/40000/C86BB036-28DF-E511-AC18-0CC47A4128F8.root
19-Oct-2023 00:19:41 CEST  Initiating request to open file root://eospublic.cern.ch//eos/opendata/cms/mc/RunIIFall15MiniAODv2/WToMuNu_M-4000_TuneCUETP8M1_13TeV-pythia8/MINIAODSIM/PU25nsData2015v1_76X_mcRun2_asymptotic_v12-v1/40000/CC273736-28DF-E511-BDE1-00259073E44C.root
%MSG-w XrdAdaptor:  file_open 19-Oct-2023 00:19:41 CEST PostProcessEvent
Data is served from cern.ch instead of original site eospublic
%MSG
19-Oct-2023 00:19:41 CEST  Successfully opened file root://eospublic.cern.ch//eos/opendata/cms/mc/RunIIFall15MiniAODv2/WToMuNu_M-4000_TuneCUETP8M1_13TeV-pythia8/MINIAODSIM/PU25nsData2015v1_76X_mcRun2_asymptotic_v12-v1/40000/CC273736-28DF-E511-BDE1-00259073E44C.root
19-Oct-2023 00:19:45 CEST  Closed file root://eospublic.cern.ch//eos/opendata/cms/mc/RunIIFall15MiniAODv2/WToMuNu_M-4000_TuneCUETP8M1_13TeV-pythia8/MINIAODSIM/PU25nsData2015v1_76X_mcRun2_asymptotic_v12-v1/40000/CC273736-28DF-E511-BDE1-00259073E44C.root
19-Oct-2023 00:19:45 CEST  Initiating request to open file root://eospublic.cern.ch//eos/opendata/cms/mc/RunIIFall15MiniAODv2/WToMuNu_M-4000_TuneCUETP8M1_13TeV-pythia8/MINIAODSIM/PU25nsData2015v1_76X_mcRun2_asymptotic_v12-v1/40000/F64010D4-27DF-E511-8E26-0090FAA57A00.root
%MSG-w XrdAdaptor:  file_open 19-Oct-2023 00:19:45 CEST PostProcessEvent
Data is served from cern.ch instead of original site eospublic
%MSG
19-Oct-2023 00:19:46 CEST  Successfully opened file root://eospublic.cern.ch//eos/opendata/cms/mc/RunIIFall15MiniAODv2/WToMuNu_M-4000_TuneCUETP8M1_13TeV-pythia8/MINIAODSIM/PU25nsData2015v1_76X_mcRun2_asymptotic_v12-v1/40000/F64010D4-27DF-E511-8E26-0090FAA57A00.root
19-Oct-2023 00:19:50 CEST  Closed file root://eospublic.cern.ch//eos/opendata/cms/mc/RunIIFall15MiniAODv2/WToMuNu_M-4000_TuneCUETP8M1_13TeV-pythia8/MINIAODSIM/PU25nsData2015v1_76X_mcRun2_asymptotic_v12-v1/40000/F64010D4-27DF-E511-8E26-0090FAA57A00.root
19-Oct-2023 00:19:50 CEST  Initiating request to open file root://eospublic.cern.ch//eos/opendata/cms/mc/RunIIFall15MiniAODv2/WToMuNu_M-4000_TuneCUETP8M1_13TeV-pythia8/MINIAODSIM/PU25nsData2015v1_76X_mcRun2_asymptotic_v12-v1/40000/F860A733-28DF-E511-A118-0090FAA57750.root
%MSG-w XrdAdaptor:  file_open 19-Oct-2023 00:19:50 CEST PostProcessEvent
Data is served from cern.ch instead of original site eospublic
%MSG
19-Oct-2023 00:19:50 CEST  Successfully opened file root://eospublic.cern.ch//eos/opendata/cms/mc/RunIIFall15MiniAODv2/WToMuNu_M-4000_TuneCUETP8M1_13TeV-pythia8/MINIAODSIM/PU25nsData2015v1_76X_mcRun2_asymptotic_v12-v1/40000/F860A733-28DF-E511-A118-0090FAA57750.root
Begin processing the 300001st record. Run 1, Event 447551, LumiSection 2461 at 19-Oct-2023 00:19:52.357 CEST
19-Oct-2023 00:19:54 CEST  Closed file root://eospublic.cern.ch//eos/opendata/cms/mc/RunIIFall15MiniAODv2/WToMuNu_M-4000_TuneCUETP8M1_13TeV-pythia8/MINIAODSIM/PU25nsData2015v1_76X_mcRun2_asymptotic_v12-v1/40000/F860A733-28DF-E511-A118-0090FAA57750.root
19-Oct-2023 00:19:54 CEST  Initiating request to open file root://eospublic.cern.ch//eos/opendata/cms/mc/RunIIFall15MiniAODv2/WToMuNu_M-4000_TuneCUETP8M1_13TeV-pythia8/MINIAODSIM/PU25nsData2015v1_76X_mcRun2_asymptotic_v12-v1/60000/245A9E9A-35E0-E511-9A74-20CF300E9EB4.root
%MSG-w XrdAdaptor:  file_open 19-Oct-2023 00:19:54 CEST PostProcessEvent
Data is served from cern.ch instead of original site eospublic
%MSG
19-Oct-2023 00:19:54 CEST  Successfully opened file root://eospublic.cern.ch//eos/opendata/cms/mc/RunIIFall15MiniAODv2/WToMuNu_M-4000_TuneCUETP8M1_13TeV-pythia8/MINIAODSIM/PU25nsData2015v1_76X_mcRun2_asymptotic_v12-v1/60000/245A9E9A-35E0-E511-9A74-20CF300E9EB4.root
19-Oct-2023 00:19:58 CEST  Closed file root://eospublic.cern.ch//eos/opendata/cms/mc/RunIIFall15MiniAODv2/WToMuNu_M-4000_TuneCUETP8M1_13TeV-pythia8/MINIAODSIM/PU25nsData2015v1_76X_mcRun2_asymptotic_v12-v1/60000/245A9E9A-35E0-E511-9A74-20CF300E9EB4.root
19-Oct-2023 00:19:58 CEST  Initiating request to open file root://eospublic.cern.ch//eos/opendata/cms/mc/RunIIFall15MiniAODv2/WToMuNu_M-4000_TuneCUETP8M1_13TeV-pythia8/MINIAODSIM/PU25nsData2015v1_76X_mcRun2_asymptotic_v12-v1/60000/2CE54696-35E0-E511-92D6-008CFA0A58B0.root
%MSG-w XrdAdaptor:  file_open 19-Oct-2023 00:19:58 CEST PostProcessEvent
Data is served from cern.ch instead of original site eospublic
%MSG
19-Oct-2023 00:19:58 CEST  Successfully opened file root://eospublic.cern.ch//eos/opendata/cms/mc/RunIIFall15MiniAODv2/WToMuNu_M-4000_TuneCUETP8M1_13TeV-pythia8/MINIAODSIM/PU25nsData2015v1_76X_mcRun2_asymptotic_v12-v1/60000/2CE54696-35E0-E511-92D6-008CFA0A58B0.root
Begin processing the 400001st record. Run 1, Event 825847, LumiSection 4541 at 19-Oct-2023 00:20:02.085 CEST
19-Oct-2023 00:20:02 CEST  Closed file root://eospublic.cern.ch//eos/opendata/cms/mc/RunIIFall15MiniAODv2/WToMuNu_M-4000_TuneCUETP8M1_13TeV-pythia8/MINIAODSIM/PU25nsData2015v1_76X_mcRun2_asymptotic_v12-v1/60000/2CE54696-35E0-E511-92D6-008CFA0A58B0.root
19-Oct-2023 00:20:02 CEST  Initiating request to open file root://eospublic.cern.ch//eos/opendata/cms/mc/RunIIFall15MiniAODv2/WToMuNu_M-4000_TuneCUETP8M1_13TeV-pythia8/MINIAODSIM/PU25nsData2015v1_76X_mcRun2_asymptotic_v12-v1/60000/30826490-4AE0-E511-BEFF-008CFA1660F8.root
%MSG-w XrdAdaptor:  file_open 19-Oct-2023 00:20:02 CEST PostProcessEvent
Data is served from cern.ch instead of original site eospublic
%MSG
19-Oct-2023 00:20:02 CEST  Successfully opened file root://eospublic.cern.ch//eos/opendata/cms/mc/RunIIFall15MiniAODv2/WToMuNu_M-4000_TuneCUETP8M1_13TeV-pythia8/MINIAODSIM/PU25nsData2015v1_76X_mcRun2_asymptotic_v12-v1/60000/30826490-4AE0-E511-BEFF-008CFA1660F8.root
19-Oct-2023 00:20:06 CEST  Closed file root://eospublic.cern.ch//eos/opendata/cms/mc/RunIIFall15MiniAODv2/WToMuNu_M-4000_TuneCUETP8M1_13TeV-pythia8/MINIAODSIM/PU25nsData2015v1_76X_mcRun2_asymptotic_v12-v1/60000/30826490-4AE0-E511-BEFF-008CFA1660F8.root
19-Oct-2023 00:20:06 CEST  Initiating request to open file root://eospublic.cern.ch//eos/opendata/cms/mc/RunIIFall15MiniAODv2/WToMuNu_M-4000_TuneCUETP8M1_13TeV-pythia8/MINIAODSIM/PU25nsData2015v1_76X_mcRun2_asymptotic_v12-v1/60000/3424234A-4AE0-E511-B856-0CC47A4DEE8E.root
%MSG-w XrdAdaptor:  file_open 19-Oct-2023 00:20:06 CEST PostProcessEvent
Data is served from cern.ch instead of original site eospublic
%MSG
19-Oct-2023 00:20:06 CEST  Successfully opened file root://eospublic.cern.ch//eos/opendata/cms/mc/RunIIFall15MiniAODv2/WToMuNu_M-4000_TuneCUETP8M1_13TeV-pythia8/MINIAODSIM/PU25nsData2015v1_76X_mcRun2_asymptotic_v12-v1/60000/3424234A-4AE0-E511-B856-0CC47A4DEE8E.root
19-Oct-2023 00:20:10 CEST  Closed file root://eospublic.cern.ch//eos/opendata/cms/mc/RunIIFall15MiniAODv2/WToMuNu_M-4000_TuneCUETP8M1_13TeV-pythia8/MINIAODSIM/PU25nsData2015v1_76X_mcRun2_asymptotic_v12-v1/60000/3424234A-4AE0-E511-B856-0CC47A4DEE8E.root
19-Oct-2023 00:20:10 CEST  Initiating request to open file root://eospublic.cern.ch//eos/opendata/cms/mc/RunIIFall15MiniAODv2/WToMuNu_M-4000_TuneCUETP8M1_13TeV-pythia8/MINIAODSIM/PU25nsData2015v1_76X_mcRun2_asymptotic_v12-v1/60000/5E9567D4-35E0-E511-A74F-008CFA056400.root
%MSG-w XrdAdaptor:  file_open 19-Oct-2023 00:20:10 CEST PostProcessEvent
Data is served from cern.ch instead of original site eospublic
%MSG
19-Oct-2023 00:20:10 CEST  Successfully opened file root://eospublic.cern.ch//eos/opendata/cms/mc/RunIIFall15MiniAODv2/WToMuNu_M-4000_TuneCUETP8M1_13TeV-pythia8/MINIAODSIM/PU25nsData2015v1_76X_mcRun2_asymptotic_v12-v1/60000/5E9567D4-35E0-E511-A74F-008CFA056400.root
Begin processing the 500001st record. Run 1, Event 826242, LumiSection 4544 at 19-Oct-2023 00:20:12.939 CEST
19-Oct-2023 00:20:15 CEST  Closed file root://eospublic.cern.ch//eos/opendata/cms/mc/RunIIFall15MiniAODv2/WToMuNu_M-4000_TuneCUETP8M1_13TeV-pythia8/MINIAODSIM/PU25nsData2015v1_76X_mcRun2_asymptotic_v12-v1/60000/5E9567D4-35E0-E511-A74F-008CFA056400.root
19-Oct-2023 00:20:15 CEST  Initiating request to open file root://eospublic.cern.ch//eos/opendata/cms/mc/RunIIFall15MiniAODv2/WToMuNu_M-4000_TuneCUETP8M1_13TeV-pythia8/MINIAODSIM/PU25nsData2015v1_76X_mcRun2_asymptotic_v12-v1/60000/74C5BED1-4AE0-E511-870B-008CFA56D894.root
%MSG-w XrdAdaptor:  file_open 19-Oct-2023 00:20:15 CEST PostProcessEvent
Data is served from cern.ch instead of original site eospublic
%MSG
19-Oct-2023 00:20:15 CEST  Successfully opened file root://eospublic.cern.ch//eos/opendata/cms/mc/RunIIFall15MiniAODv2/WToMuNu_M-4000_TuneCUETP8M1_13TeV-pythia8/MINIAODSIM/PU25nsData2015v1_76X_mcRun2_asymptotic_v12-v1/60000/74C5BED1-4AE0-E511-870B-008CFA56D894.root
19-Oct-2023 00:20:19 CEST  Closed file root://eospublic.cern.ch//eos/opendata/cms/mc/RunIIFall15MiniAODv2/WToMuNu_M-4000_TuneCUETP8M1_13TeV-pythia8/MINIAODSIM/PU25nsData2015v1_76X_mcRun2_asymptotic_v12-v1/60000/74C5BED1-4AE0-E511-870B-008CFA56D894.root
19-Oct-2023 00:20:19 CEST  Initiating request to open file root://eospublic.cern.ch//eos/opendata/cms/mc/RunIIFall15MiniAODv2/WToMuNu_M-4000_TuneCUETP8M1_13TeV-pythia8/MINIAODSIM/PU25nsData2015v1_76X_mcRun2_asymptotic_v12-v1/60000/824F5328-45E0-E511-8F5E-00259073E450.root
%MSG-w XrdAdaptor:  file_open 19-Oct-2023 00:20:19 CEST PostProcessEvent
Data is served from cern.ch instead of original site eospublic
%MSG
19-Oct-2023 00:20:19 CEST  Successfully opened file root://eospublic.cern.ch//eos/opendata/cms/mc/RunIIFall15MiniAODv2/WToMuNu_M-4000_TuneCUETP8M1_13TeV-pythia8/MINIAODSIM/PU25nsData2015v1_76X_mcRun2_asymptotic_v12-v1/60000/824F5328-45E0-E511-8F5E-00259073E450.root
Begin processing the 600001st record. Run 1, Event 716168, LumiSection 3938 at 19-Oct-2023 00:20:23.442 CEST
19-Oct-2023 00:20:24 CEST  Closed file root://eospublic.cern.ch//eos/opendata/cms/mc/RunIIFall15MiniAODv2/WToMuNu_M-4000_TuneCUETP8M1_13TeV-pythia8/MINIAODSIM/PU25nsData2015v1_76X_mcRun2_asymptotic_v12-v1/60000/824F5328-45E0-E511-8F5E-00259073E450.root
19-Oct-2023 00:20:24 CEST  Initiating request to open file root://eospublic.cern.ch//eos/opendata/cms/mc/RunIIFall15MiniAODv2/WToMuNu_M-4000_TuneCUETP8M1_13TeV-pythia8/MINIAODSIM/PU25nsData2015v1_76X_mcRun2_asymptotic_v12-v1/60000/8A28482F-45E0-E511-B23E-008CFA198314.root
%MSG-w XrdAdaptor:  file_open 19-Oct-2023 00:20:24 CEST PostProcessEvent
Data is served from cern.ch instead of original site eospublic
%MSG
19-Oct-2023 00:20:24 CEST  Successfully opened file root://eospublic.cern.ch//eos/opendata/cms/mc/RunIIFall15MiniAODv2/WToMuNu_M-4000_TuneCUETP8M1_13TeV-pythia8/MINIAODSIM/PU25nsData2015v1_76X_mcRun2_asymptotic_v12-v1/60000/8A28482F-45E0-E511-B23E-008CFA198314.root
19-Oct-2023 00:20:29 CEST  Closed file root://eospublic.cern.ch//eos/opendata/cms/mc/RunIIFall15MiniAODv2/WToMuNu_M-4000_TuneCUETP8M1_13TeV-pythia8/MINIAODSIM/PU25nsData2015v1_76X_mcRun2_asymptotic_v12-v1/60000/8A28482F-45E0-E511-B23E-008CFA198314.root
19-Oct-2023 00:20:29 CEST  Initiating request to open file root://eospublic.cern.ch//eos/opendata/cms/mc/RunIIFall15MiniAODv2/WToMuNu_M-4000_TuneCUETP8M1_13TeV-pythia8/MINIAODSIM/PU25nsData2015v1_76X_mcRun2_asymptotic_v12-v1/60000/8EEC23AA-35E0-E511-9A04-20CF305B04D1.root
%MSG-w XrdAdaptor:  file_open 19-Oct-2023 00:20:29 CEST PostProcessEvent
Data is served from cern.ch instead of original site eospublic
%MSG
19-Oct-2023 00:20:29 CEST  Successfully opened file root://eospublic.cern.ch//eos/opendata/cms/mc/RunIIFall15MiniAODv2/WToMuNu_M-4000_TuneCUETP8M1_13TeV-pythia8/MINIAODSIM/PU25nsData2015v1_76X_mcRun2_asymptotic_v12-v1/60000/8EEC23AA-35E0-E511-9A04-20CF305B04D1.root
19-Oct-2023 00:20:33 CEST  Closed file root://eospublic.cern.ch//eos/opendata/cms/mc/RunIIFall15MiniAODv2/WToMuNu_M-4000_TuneCUETP8M1_13TeV-pythia8/MINIAODSIM/PU25nsData2015v1_76X_mcRun2_asymptotic_v12-v1/60000/8EEC23AA-35E0-E511-9A04-20CF305B04D1.root
19-Oct-2023 00:20:33 CEST  Initiating request to open file root://eospublic.cern.ch//eos/opendata/cms/mc/RunIIFall15MiniAODv2/WToMuNu_M-4000_TuneCUETP8M1_13TeV-pythia8/MINIAODSIM/PU25nsData2015v1_76X_mcRun2_asymptotic_v12-v1/60000/AAB5AE34-45E0-E511-A45F-008CFA05E898.root
%MSG-w XrdAdaptor:  file_open 19-Oct-2023 00:20:33 CEST PostProcessEvent
Data is served from cern.ch instead of original site eospublic
%MSG
19-Oct-2023 00:20:33 CEST  Successfully opened file root://eospublic.cern.ch//eos/opendata/cms/mc/RunIIFall15MiniAODv2/WToMuNu_M-4000_TuneCUETP8M1_13TeV-pythia8/MINIAODSIM/PU25nsData2015v1_76X_mcRun2_asymptotic_v12-v1/60000/AAB5AE34-45E0-E511-A45F-008CFA05E898.root
Begin processing the 700001st record. Run 1, Event 981017, LumiSection 5395 at 19-Oct-2023 00:20:34.328 CEST
19-Oct-2023 00:20:34 CEST  Closed file root://eospublic.cern.ch//eos/opendata/cms/mc/RunIIFall15MiniAODv2/WToMuNu_M-4000_TuneCUETP8M1_13TeV-pythia8/MINIAODSIM/PU25nsData2015v1_76X_mcRun2_asymptotic_v12-v1/60000/AAB5AE34-45E0-E511-A45F-008CFA05E898.root
19-Oct-2023 00:20:34 CEST  Initiating request to open file root://eospublic.cern.ch//eos/opendata/cms/mc/RunIIFall15MiniAODv2/WToMuNu_M-4000_TuneCUETP8M1_13TeV-pythia8/MINIAODSIM/PU25nsData2015v1_76X_mcRun2_asymptotic_v12-v1/60000/BC170598-35E0-E511-A725-20CF305616EF.root
%MSG-w XrdAdaptor:  file_open 19-Oct-2023 00:20:34 CEST PostProcessEvent
Data is served from cern.ch instead of original site eospublic
%MSG
19-Oct-2023 00:20:34 CEST  Successfully opened file root://eospublic.cern.ch//eos/opendata/cms/mc/RunIIFall15MiniAODv2/WToMuNu_M-4000_TuneCUETP8M1_13TeV-pythia8/MINIAODSIM/PU25nsData2015v1_76X_mcRun2_asymptotic_v12-v1/60000/BC170598-35E0-E511-A725-20CF305616EF.root
19-Oct-2023 00:20:38 CEST  Closed file root://eospublic.cern.ch//eos/opendata/cms/mc/RunIIFall15MiniAODv2/WToMuNu_M-4000_TuneCUETP8M1_13TeV-pythia8/MINIAODSIM/PU25nsData2015v1_76X_mcRun2_asymptotic_v12-v1/60000/BC170598-35E0-E511-A725-20CF305616EF.root
19-Oct-2023 00:20:38 CEST  Initiating request to open file root://eospublic.cern.ch//eos/opendata/cms/mc/RunIIFall15MiniAODv2/WToMuNu_M-4000_TuneCUETP8M1_13TeV-pythia8/MINIAODSIM/PU25nsData2015v1_76X_mcRun2_asymptotic_v12-v1/60000/C0E5D0A4-35E0-E511-B801-20CF3027A560.root
%MSG-w XrdAdaptor:  file_open 19-Oct-2023 00:20:38 CEST PostProcessEvent
Data is served from cern.ch instead of original site eospublic
%MSG
19-Oct-2023 00:20:38 CEST  Successfully opened file root://eospublic.cern.ch//eos/opendata/cms/mc/RunIIFall15MiniAODv2/WToMuNu_M-4000_TuneCUETP8M1_13TeV-pythia8/MINIAODSIM/PU25nsData2015v1_76X_mcRun2_asymptotic_v12-v1/60000/C0E5D0A4-35E0-E511-B801-20CF3027A560.root
19-Oct-2023 00:20:42 CEST  Closed file root://eospublic.cern.ch//eos/opendata/cms/mc/RunIIFall15MiniAODv2/WToMuNu_M-4000_TuneCUETP8M1_13TeV-pythia8/MINIAODSIM/PU25nsData2015v1_76X_mcRun2_asymptotic_v12-v1/60000/C0E5D0A4-35E0-E511-B801-20CF3027A560.root
19-Oct-2023 00:20:42 CEST  Initiating request to open file root://eospublic.cern.ch//eos/opendata/cms/mc/RunIIFall15MiniAODv2/WToMuNu_M-4000_TuneCUETP8M1_13TeV-pythia8/MINIAODSIM/PU25nsData2015v1_76X_mcRun2_asymptotic_v12-v1/60000/CEB025CC-35E0-E511-8625-002481DE48D8.root
%MSG-w XrdAdaptor:  file_open 19-Oct-2023 00:20:42 CEST PostProcessEvent
Data is served from cern.ch instead of original site eospublic
%MSG
19-Oct-2023 00:20:42 CEST  Successfully opened file root://eospublic.cern.ch//eos/opendata/cms/mc/RunIIFall15MiniAODv2/WToMuNu_M-4000_TuneCUETP8M1_13TeV-pythia8/MINIAODSIM/PU25nsData2015v1_76X_mcRun2_asymptotic_v12-v1/60000/CEB025CC-35E0-E511-8625-002481DE48D8.root
Begin processing the 800001st record. Run 1, Event 394851, LumiSection 2172 at 19-Oct-2023 00:20:45.156 CEST
19-Oct-2023 00:20:45 CEST  Closed file root://eospublic.cern.ch//eos/opendata/cms/mc/RunIIFall15MiniAODv2/WToMuNu_M-4000_TuneCUETP8M1_13TeV-pythia8/MINIAODSIM/PU25nsData2015v1_76X_mcRun2_asymptotic_v12-v1/60000/CEB025CC-35E0-E511-8625-002481DE48D8.root
19-Oct-2023 00:20:45 CEST  Initiating request to open file root://eospublic.cern.ch//eos/opendata/cms/mc/RunIIFall15MiniAODv2/WToMuNu_M-4000_TuneCUETP8M1_13TeV-pythia8/MINIAODSIM/PU25nsData2015v1_76X_mcRun2_asymptotic_v12-v1/60000/D64480B7-35E0-E511-96F4-008CFA56D764.root
%MSG-w XrdAdaptor:  file_open 19-Oct-2023 00:20:45 CEST PostProcessEvent
Data is served from cern.ch instead of original site eospublic
%MSG
19-Oct-2023 00:20:45 CEST  Successfully opened file root://eospublic.cern.ch//eos/opendata/cms/mc/RunIIFall15MiniAODv2/WToMuNu_M-4000_TuneCUETP8M1_13TeV-pythia8/MINIAODSIM/PU25nsData2015v1_76X_mcRun2_asymptotic_v12-v1/60000/D64480B7-35E0-E511-96F4-008CFA56D764.root
19-Oct-2023 00:20:50 CEST  Closed file root://eospublic.cern.ch//eos/opendata/cms/mc/RunIIFall15MiniAODv2/WToMuNu_M-4000_TuneCUETP8M1_13TeV-pythia8/MINIAODSIM/PU25nsData2015v1_76X_mcRun2_asymptotic_v12-v1/60000/D64480B7-35E0-E511-96F4-008CFA56D764.root
19-Oct-2023 00:20:50 CEST  Initiating request to open file root://eospublic.cern.ch//eos/opendata/cms/mc/RunIIFall15MiniAODv2/WToMuNu_M-4000_TuneCUETP8M1_13TeV-pythia8/MINIAODSIM/PU25nsData2015v1_76X_mcRun2_asymptotic_v12-v1/60000/D8703DC7-35E0-E511-B96F-0025907B4F08.root
%MSG-w XrdAdaptor:  file_open 19-Oct-2023 00:20:50 CEST PostProcessEvent
Data is served from cern.ch instead of original site eospublic
%MSG
19-Oct-2023 00:20:50 CEST  Successfully opened file root://eospublic.cern.ch//eos/opendata/cms/mc/RunIIFall15MiniAODv2/WToMuNu_M-4000_TuneCUETP8M1_13TeV-pythia8/MINIAODSIM/PU25nsData2015v1_76X_mcRun2_asymptotic_v12-v1/60000/D8703DC7-35E0-E511-B96F-0025907B4F08.root
Begin processing the 900001st record. Run 1, Event 678776, LumiSection 3733 at 19-Oct-2023 00:20:55.077 CEST
19-Oct-2023 00:20:55 CEST  Closed file root://eospublic.cern.ch//eos/opendata/cms/mc/RunIIFall15MiniAODv2/WToMuNu_M-4000_TuneCUETP8M1_13TeV-pythia8/MINIAODSIM/PU25nsData2015v1_76X_mcRun2_asymptotic_v12-v1/60000/D8703DC7-35E0-E511-B96F-0025907B4F08.root
19-Oct-2023 00:20:55 CEST  Initiating request to open file root://eospublic.cern.ch//eos/opendata/cms/mc/RunIIFall15MiniAODv2/WToMuNu_M-4000_TuneCUETP8M1_13TeV-pythia8/MINIAODSIM/PU25nsData2015v1_76X_mcRun2_asymptotic_v12-v1/60000/D8746ED3-35E0-E511-855C-20CF3027A608.root
%MSG-w XrdAdaptor:  file_open 19-Oct-2023 00:20:55 CEST PostProcessEvent
Data is served from cern.ch instead of original site eospublic
%MSG
19-Oct-2023 00:20:55 CEST  Successfully opened file root://eospublic.cern.ch//eos/opendata/cms/mc/RunIIFall15MiniAODv2/WToMuNu_M-4000_TuneCUETP8M1_13TeV-pythia8/MINIAODSIM/PU25nsData2015v1_76X_mcRun2_asymptotic_v12-v1/60000/D8746ED3-35E0-E511-855C-20CF3027A608.root
19-Oct-2023 00:21:00 CEST  Closed file root://eospublic.cern.ch//eos/opendata/cms/mc/RunIIFall15MiniAODv2/WToMuNu_M-4000_TuneCUETP8M1_13TeV-pythia8/MINIAODSIM/PU25nsData2015v1_76X_mcRun2_asymptotic_v12-v1/60000/D8746ED3-35E0-E511-855C-20CF3027A608.root
19-Oct-2023 00:21:00 CEST  Initiating request to open file root://eospublic.cern.ch//eos/opendata/cms/mc/RunIIFall15MiniAODv2/WToMuNu_M-4000_TuneCUETP8M1_13TeV-pythia8/MINIAODSIM/PU25nsData2015v1_76X_mcRun2_asymptotic_v12-v1/60000/F0A51D4E-4AE0-E511-80B0-002590775158.root
%MSG-w XrdAdaptor:  file_open 19-Oct-2023 00:21:00 CEST PostProcessEvent
Data is served from cern.ch instead of original site eospublic
%MSG
19-Oct-2023 00:21:00 CEST  Successfully opened file root://eospublic.cern.ch//eos/opendata/cms/mc/RunIIFall15MiniAODv2/WToMuNu_M-4000_TuneCUETP8M1_13TeV-pythia8/MINIAODSIM/PU25nsData2015v1_76X_mcRun2_asymptotic_v12-v1/60000/F0A51D4E-4AE0-E511-80B0-002590775158.root
19-Oct-2023 00:21:04 CEST  Closed file root://eospublic.cern.ch//eos/opendata/cms/mc/RunIIFall15MiniAODv2/WToMuNu_M-4000_TuneCUETP8M1_13TeV-pythia8/MINIAODSIM/PU25nsData2015v1_76X_mcRun2_asymptotic_v12-v1/60000/F0A51D4E-4AE0-E511-80B0-002590775158.root

------------------------------------
GenXsecAnalyzer:
------------------------------------
Before Filtrer: total cross section = 2.703e-06 +- 1.559e-09 pb
Filter efficiency (taking into account weights)= (992708) / (992708) = 1.000e+00 +- 0.000e+00
Filter efficiency (event-level)= (992708) / (992708) = 1.000e+00 +- 0.000e+00
After filter: final cross section = 2.703e-06 +- 1.559e-09 pb

=============================================

MessageLogger Summary

 type     category        sev    module        subroutine        count    total
 ---- -------------------- -- ---------------- ----------------  -----    -----
    1 GenXSecAnalyzer      -w GenXSecAnalyzer:                       5        5
    2 XrdAdaptor           -w file_open                             26       26
    3 fileAction           -s file_close                            26       26
    4 fileAction           -s file_open                             52       52

 type    category    Examples: run/evt        run/evt          run/evt
 ---- -------------------- ---------------- ---------------- ----------------
    1 GenXSecAnalyzer      PostEndRun       PostEndRun       PostEndRun
    2 XrdAdaptor           pre-events       PostProcessEvent PostProcessEvent
    3 fileAction           PostProcessEvent PostProcessEvent PostEndRun
    4 fileAction           pre-events       pre-events       PostProcessEvent

Severity    # Occurrences   Total Occurrences
--------    -------------   -----------------
Warning                31                  31
System                 78                  78
