19-Oct-2023 13:53:22 CEST  Initiating request to open file root://eospublic.cern.ch//eos/opendata/cms/mc/RunIIFall15MiniAODv2/WWTo2L2Nu_13TeV-powheg/MINIAODSIM/PU25nsData2015v1_76X_mcRun2_asymptotic_v12-v1/10000/5E230663-7BBC-E511-962F-18A905C5A684.root
%MSG-w XrdAdaptor:  file_open 19-Oct-2023 13:53:22 CEST pre-events
Data is served from cern.ch instead of original site eospublic
%MSG
19-Oct-2023 13:53:26 CEST  Successfully opened file root://eospublic.cern.ch//eos/opendata/cms/mc/RunIIFall15MiniAODv2/WWTo2L2Nu_13TeV-powheg/MINIAODSIM/PU25nsData2015v1_76X_mcRun2_asymptotic_v12-v1/10000/5E230663-7BBC-E511-962F-18A905C5A684.root
Begin processing the 1st record. Run 1, Event 30407, LumiSection 154 at 19-Oct-2023 13:53:27.256 CEST
19-Oct-2023 13:53:29 CEST  Closed file root://eospublic.cern.ch//eos/opendata/cms/mc/RunIIFall15MiniAODv2/WWTo2L2Nu_13TeV-powheg/MINIAODSIM/PU25nsData2015v1_76X_mcRun2_asymptotic_v12-v1/10000/5E230663-7BBC-E511-962F-18A905C5A684.root
19-Oct-2023 13:53:29 CEST  Initiating request to open file root://eospublic.cern.ch//eos/opendata/cms/mc/RunIIFall15MiniAODv2/WWTo2L2Nu_13TeV-powheg/MINIAODSIM/PU25nsData2015v1_76X_mcRun2_asymptotic_v12-v1/60000/00A337C9-B3BB-E511-B479-78E7D122BCE0.root
%MSG-w XrdAdaptor:  file_open 19-Oct-2023 13:53:29 CEST PostProcessEvent
Data is served from cern.ch instead of original site eospublic
%MSG
19-Oct-2023 13:53:29 CEST  Successfully opened file root://eospublic.cern.ch//eos/opendata/cms/mc/RunIIFall15MiniAODv2/WWTo2L2Nu_13TeV-powheg/MINIAODSIM/PU25nsData2015v1_76X_mcRun2_asymptotic_v12-v1/60000/00A337C9-B3BB-E511-B479-78E7D122BCE0.root
19-Oct-2023 13:53:33 CEST  Closed file root://eospublic.cern.ch//eos/opendata/cms/mc/RunIIFall15MiniAODv2/WWTo2L2Nu_13TeV-powheg/MINIAODSIM/PU25nsData2015v1_76X_mcRun2_asymptotic_v12-v1/60000/00A337C9-B3BB-E511-B479-78E7D122BCE0.root
19-Oct-2023 13:53:33 CEST  Initiating request to open file root://eospublic.cern.ch//eos/opendata/cms/mc/RunIIFall15MiniAODv2/WWTo2L2Nu_13TeV-powheg/MINIAODSIM/PU25nsData2015v1_76X_mcRun2_asymptotic_v12-v1/60000/06CD5C99-10BC-E511-8851-78E7D12226B8.root
%MSG-w XrdAdaptor:  file_open 19-Oct-2023 13:53:33 CEST PostProcessEvent
Data is served from cern.ch instead of original site eospublic
%MSG
19-Oct-2023 13:53:33 CEST  Successfully opened file root://eospublic.cern.ch//eos/opendata/cms/mc/RunIIFall15MiniAODv2/WWTo2L2Nu_13TeV-powheg/MINIAODSIM/PU25nsData2015v1_76X_mcRun2_asymptotic_v12-v1/60000/06CD5C99-10BC-E511-8851-78E7D12226B8.root
19-Oct-2023 13:53:37 CEST  Closed file root://eospublic.cern.ch//eos/opendata/cms/mc/RunIIFall15MiniAODv2/WWTo2L2Nu_13TeV-powheg/MINIAODSIM/PU25nsData2015v1_76X_mcRun2_asymptotic_v12-v1/60000/06CD5C99-10BC-E511-8851-78E7D12226B8.root
19-Oct-2023 13:53:37 CEST  Initiating request to open file root://eospublic.cern.ch//eos/opendata/cms/mc/RunIIFall15MiniAODv2/WWTo2L2Nu_13TeV-powheg/MINIAODSIM/PU25nsData2015v1_76X_mcRun2_asymptotic_v12-v1/60000/08D139DC-B3BB-E511-A743-78E7D122FEA8.root
%MSG-w XrdAdaptor:  file_open 19-Oct-2023 13:53:37 CEST PostProcessEvent
Data is served from cern.ch instead of original site eospublic
%MSG
19-Oct-2023 13:53:37 CEST  Successfully opened file root://eospublic.cern.ch//eos/opendata/cms/mc/RunIIFall15MiniAODv2/WWTo2L2Nu_13TeV-powheg/MINIAODSIM/PU25nsData2015v1_76X_mcRun2_asymptotic_v12-v1/60000/08D139DC-B3BB-E511-A743-78E7D122FEA8.root
Begin processing the 100001st record. Run 1, Event 802587, LumiSection 4044 at 19-Oct-2023 13:53:39.452 CEST
19-Oct-2023 13:53:42 CEST  Closed file root://eospublic.cern.ch//eos/opendata/cms/mc/RunIIFall15MiniAODv2/WWTo2L2Nu_13TeV-powheg/MINIAODSIM/PU25nsData2015v1_76X_mcRun2_asymptotic_v12-v1/60000/08D139DC-B3BB-E511-A743-78E7D122FEA8.root
19-Oct-2023 13:53:42 CEST  Initiating request to open file root://eospublic.cern.ch//eos/opendata/cms/mc/RunIIFall15MiniAODv2/WWTo2L2Nu_13TeV-powheg/MINIAODSIM/PU25nsData2015v1_76X_mcRun2_asymptotic_v12-v1/60000/1844E232-B9BB-E511-9F05-78E7D1220230.root
%MSG-w XrdAdaptor:  file_open 19-Oct-2023 13:53:42 CEST PostProcessEvent
Data is served from cern.ch instead of original site eospublic
%MSG
19-Oct-2023 13:53:43 CEST  Successfully opened file root://eospublic.cern.ch//eos/opendata/cms/mc/RunIIFall15MiniAODv2/WWTo2L2Nu_13TeV-powheg/MINIAODSIM/PU25nsData2015v1_76X_mcRun2_asymptotic_v12-v1/60000/1844E232-B9BB-E511-9F05-78E7D1220230.root
19-Oct-2023 13:53:47 CEST  Closed file root://eospublic.cern.ch//eos/opendata/cms/mc/RunIIFall15MiniAODv2/WWTo2L2Nu_13TeV-powheg/MINIAODSIM/PU25nsData2015v1_76X_mcRun2_asymptotic_v12-v1/60000/1844E232-B9BB-E511-9F05-78E7D1220230.root
19-Oct-2023 13:53:47 CEST  Initiating request to open file root://eospublic.cern.ch//eos/opendata/cms/mc/RunIIFall15MiniAODv2/WWTo2L2Nu_13TeV-powheg/MINIAODSIM/PU25nsData2015v1_76X_mcRun2_asymptotic_v12-v1/60000/2081F701-08BC-E511-B635-78E7D12226B8.root
%MSG-w XrdAdaptor:  file_open 19-Oct-2023 13:53:47 CEST PostProcessEvent
Data is served from cern.ch instead of original site eospublic
%MSG
19-Oct-2023 13:53:47 CEST  Successfully opened file root://eospublic.cern.ch//eos/opendata/cms/mc/RunIIFall15MiniAODv2/WWTo2L2Nu_13TeV-powheg/MINIAODSIM/PU25nsData2015v1_76X_mcRun2_asymptotic_v12-v1/60000/2081F701-08BC-E511-B635-78E7D12226B8.root
Begin processing the 200001st record. Run 1, Event 523249, LumiSection 2637 at 19-Oct-2023 13:53:50.866 CEST
19-Oct-2023 13:53:52 CEST  Closed file root://eospublic.cern.ch//eos/opendata/cms/mc/RunIIFall15MiniAODv2/WWTo2L2Nu_13TeV-powheg/MINIAODSIM/PU25nsData2015v1_76X_mcRun2_asymptotic_v12-v1/60000/2081F701-08BC-E511-B635-78E7D12226B8.root
19-Oct-2023 13:53:52 CEST  Initiating request to open file root://eospublic.cern.ch//eos/opendata/cms/mc/RunIIFall15MiniAODv2/WWTo2L2Nu_13TeV-powheg/MINIAODSIM/PU25nsData2015v1_76X_mcRun2_asymptotic_v12-v1/60000/24EFAF25-05BC-E511-BD24-78E7D1241AB8.root
%MSG-w XrdAdaptor:  file_open 19-Oct-2023 13:53:52 CEST PostProcessEvent
Data is served from cern.ch instead of original site eospublic
%MSG
19-Oct-2023 13:53:52 CEST  Successfully opened file root://eospublic.cern.ch//eos/opendata/cms/mc/RunIIFall15MiniAODv2/WWTo2L2Nu_13TeV-powheg/MINIAODSIM/PU25nsData2015v1_76X_mcRun2_asymptotic_v12-v1/60000/24EFAF25-05BC-E511-BD24-78E7D1241AB8.root
19-Oct-2023 13:53:53 CEST  Closed file root://eospublic.cern.ch//eos/opendata/cms/mc/RunIIFall15MiniAODv2/WWTo2L2Nu_13TeV-powheg/MINIAODSIM/PU25nsData2015v1_76X_mcRun2_asymptotic_v12-v1/60000/24EFAF25-05BC-E511-BD24-78E7D1241AB8.root
19-Oct-2023 13:53:53 CEST  Initiating request to open file root://eospublic.cern.ch//eos/opendata/cms/mc/RunIIFall15MiniAODv2/WWTo2L2Nu_13TeV-powheg/MINIAODSIM/PU25nsData2015v1_76X_mcRun2_asymptotic_v12-v1/60000/2A2C2EB8-06BC-E511-821E-78E7D1238168.root
%MSG-w XrdAdaptor:  file_open 19-Oct-2023 13:53:53 CEST PostProcessEvent
Data is served from cern.ch instead of original site eospublic
%MSG
19-Oct-2023 13:53:53 CEST  Successfully opened file root://eospublic.cern.ch//eos/opendata/cms/mc/RunIIFall15MiniAODv2/WWTo2L2Nu_13TeV-powheg/MINIAODSIM/PU25nsData2015v1_76X_mcRun2_asymptotic_v12-v1/60000/2A2C2EB8-06BC-E511-821E-78E7D1238168.root
19-Oct-2023 13:53:57 CEST  Closed file root://eospublic.cern.ch//eos/opendata/cms/mc/RunIIFall15MiniAODv2/WWTo2L2Nu_13TeV-powheg/MINIAODSIM/PU25nsData2015v1_76X_mcRun2_asymptotic_v12-v1/60000/2A2C2EB8-06BC-E511-821E-78E7D1238168.root
19-Oct-2023 13:53:57 CEST  Initiating request to open file root://eospublic.cern.ch//eos/opendata/cms/mc/RunIIFall15MiniAODv2/WWTo2L2Nu_13TeV-powheg/MINIAODSIM/PU25nsData2015v1_76X_mcRun2_asymptotic_v12-v1/60000/2C765FC5-B3BB-E511-B653-78E7D12294B0.root
%MSG-w XrdAdaptor:  file_open 19-Oct-2023 13:53:57 CEST PostProcessEvent
Data is served from cern.ch instead of original site eospublic
%MSG
19-Oct-2023 13:53:57 CEST  Successfully opened file root://eospublic.cern.ch//eos/opendata/cms/mc/RunIIFall15MiniAODv2/WWTo2L2Nu_13TeV-powheg/MINIAODSIM/PU25nsData2015v1_76X_mcRun2_asymptotic_v12-v1/60000/2C765FC5-B3BB-E511-B653-78E7D12294B0.root
Begin processing the 300001st record. Run 1, Event 1818113, LumiSection 9162 at 19-Oct-2023 13:54:03.139 CEST
19-Oct-2023 13:54:03 CEST  Closed file root://eospublic.cern.ch//eos/opendata/cms/mc/RunIIFall15MiniAODv2/WWTo2L2Nu_13TeV-powheg/MINIAODSIM/PU25nsData2015v1_76X_mcRun2_asymptotic_v12-v1/60000/2C765FC5-B3BB-E511-B653-78E7D12294B0.root
19-Oct-2023 13:54:03 CEST  Initiating request to open file root://eospublic.cern.ch//eos/opendata/cms/mc/RunIIFall15MiniAODv2/WWTo2L2Nu_13TeV-powheg/MINIAODSIM/PU25nsData2015v1_76X_mcRun2_asymptotic_v12-v1/60000/300A99CE-0ABC-E511-971D-441EA1390CE0.root
%MSG-w XrdAdaptor:  file_open 19-Oct-2023 13:54:03 CEST PostProcessEvent
Data is served from cern.ch instead of original site eospublic
%MSG
19-Oct-2023 13:54:03 CEST  Successfully opened file root://eospublic.cern.ch//eos/opendata/cms/mc/RunIIFall15MiniAODv2/WWTo2L2Nu_13TeV-powheg/MINIAODSIM/PU25nsData2015v1_76X_mcRun2_asymptotic_v12-v1/60000/300A99CE-0ABC-E511-971D-441EA1390CE0.root
19-Oct-2023 13:54:06 CEST  Closed file root://eospublic.cern.ch//eos/opendata/cms/mc/RunIIFall15MiniAODv2/WWTo2L2Nu_13TeV-powheg/MINIAODSIM/PU25nsData2015v1_76X_mcRun2_asymptotic_v12-v1/60000/300A99CE-0ABC-E511-971D-441EA1390CE0.root
19-Oct-2023 13:54:06 CEST  Initiating request to open file root://eospublic.cern.ch//eos/opendata/cms/mc/RunIIFall15MiniAODv2/WWTo2L2Nu_13TeV-powheg/MINIAODSIM/PU25nsData2015v1_76X_mcRun2_asymptotic_v12-v1/60000/309B86F7-B3BB-E511-AB39-78E7D122BCE0.root
%MSG-w XrdAdaptor:  file_open 19-Oct-2023 13:54:06 CEST PostProcessEvent
Data is served from cern.ch instead of original site eospublic
%MSG
19-Oct-2023 13:54:06 CEST  Successfully opened file root://eospublic.cern.ch//eos/opendata/cms/mc/RunIIFall15MiniAODv2/WWTo2L2Nu_13TeV-powheg/MINIAODSIM/PU25nsData2015v1_76X_mcRun2_asymptotic_v12-v1/60000/309B86F7-B3BB-E511-AB39-78E7D122BCE0.root
19-Oct-2023 13:54:11 CEST  Closed file root://eospublic.cern.ch//eos/opendata/cms/mc/RunIIFall15MiniAODv2/WWTo2L2Nu_13TeV-powheg/MINIAODSIM/PU25nsData2015v1_76X_mcRun2_asymptotic_v12-v1/60000/309B86F7-B3BB-E511-AB39-78E7D122BCE0.root
19-Oct-2023 13:54:11 CEST  Initiating request to open file root://eospublic.cern.ch//eos/opendata/cms/mc/RunIIFall15MiniAODv2/WWTo2L2Nu_13TeV-powheg/MINIAODSIM/PU25nsData2015v1_76X_mcRun2_asymptotic_v12-v1/60000/3855EA6D-1CBC-E511-AF5A-78E7D1220230.root
%MSG-w XrdAdaptor:  file_open 19-Oct-2023 13:54:11 CEST PostProcessEvent
Data is served from cern.ch instead of original site eospublic
%MSG
19-Oct-2023 13:54:11 CEST  Successfully opened file root://eospublic.cern.ch//eos/opendata/cms/mc/RunIIFall15MiniAODv2/WWTo2L2Nu_13TeV-powheg/MINIAODSIM/PU25nsData2015v1_76X_mcRun2_asymptotic_v12-v1/60000/3855EA6D-1CBC-E511-AF5A-78E7D1220230.root
Begin processing the 400001st record. Run 1, Event 903673, LumiSection 4554 at 19-Oct-2023 13:54:15.788 CEST
19-Oct-2023 13:54:16 CEST  Closed file root://eospublic.cern.ch//eos/opendata/cms/mc/RunIIFall15MiniAODv2/WWTo2L2Nu_13TeV-powheg/MINIAODSIM/PU25nsData2015v1_76X_mcRun2_asymptotic_v12-v1/60000/3855EA6D-1CBC-E511-AF5A-78E7D1220230.root
19-Oct-2023 13:54:16 CEST  Initiating request to open file root://eospublic.cern.ch//eos/opendata/cms/mc/RunIIFall15MiniAODv2/WWTo2L2Nu_13TeV-powheg/MINIAODSIM/PU25nsData2015v1_76X_mcRun2_asymptotic_v12-v1/60000/38750E2C-10BC-E511-8A32-78E7D1217468.root
%MSG-w XrdAdaptor:  file_open 19-Oct-2023 13:54:17 CEST PostProcessEvent
Data is served from cern.ch instead of original site eospublic
%MSG
19-Oct-2023 13:54:17 CEST  Successfully opened file root://eospublic.cern.ch//eos/opendata/cms/mc/RunIIFall15MiniAODv2/WWTo2L2Nu_13TeV-powheg/MINIAODSIM/PU25nsData2015v1_76X_mcRun2_asymptotic_v12-v1/60000/38750E2C-10BC-E511-8A32-78E7D1217468.root
19-Oct-2023 13:54:21 CEST  Closed file root://eospublic.cern.ch//eos/opendata/cms/mc/RunIIFall15MiniAODv2/WWTo2L2Nu_13TeV-powheg/MINIAODSIM/PU25nsData2015v1_76X_mcRun2_asymptotic_v12-v1/60000/38750E2C-10BC-E511-8A32-78E7D1217468.root
19-Oct-2023 13:54:21 CEST  Initiating request to open file root://eospublic.cern.ch//eos/opendata/cms/mc/RunIIFall15MiniAODv2/WWTo2L2Nu_13TeV-powheg/MINIAODSIM/PU25nsData2015v1_76X_mcRun2_asymptotic_v12-v1/60000/38CA267F-FFBB-E511-8985-78E7D121E458.root
%MSG-w XrdAdaptor:  file_open 19-Oct-2023 13:54:21 CEST PostProcessEvent
Data is served from cern.ch instead of original site eospublic
%MSG
19-Oct-2023 13:54:21 CEST  Successfully opened file root://eospublic.cern.ch//eos/opendata/cms/mc/RunIIFall15MiniAODv2/WWTo2L2Nu_13TeV-powheg/MINIAODSIM/PU25nsData2015v1_76X_mcRun2_asymptotic_v12-v1/60000/38CA267F-FFBB-E511-8985-78E7D121E458.root
19-Oct-2023 13:54:27 CEST  Closed file root://eospublic.cern.ch//eos/opendata/cms/mc/RunIIFall15MiniAODv2/WWTo2L2Nu_13TeV-powheg/MINIAODSIM/PU25nsData2015v1_76X_mcRun2_asymptotic_v12-v1/60000/38CA267F-FFBB-E511-8985-78E7D121E458.root
19-Oct-2023 13:54:27 CEST  Initiating request to open file root://eospublic.cern.ch//eos/opendata/cms/mc/RunIIFall15MiniAODv2/WWTo2L2Nu_13TeV-powheg/MINIAODSIM/PU25nsData2015v1_76X_mcRun2_asymptotic_v12-v1/60000/3A37DAEC-F6BB-E511-B7C3-78E7D12395E8.root
%MSG-w XrdAdaptor:  file_open 19-Oct-2023 13:54:27 CEST PostProcessEvent
Data is served from cern.ch instead of original site eospublic
%MSG
19-Oct-2023 13:54:27 CEST  Successfully opened file root://eospublic.cern.ch//eos/opendata/cms/mc/RunIIFall15MiniAODv2/WWTo2L2Nu_13TeV-powheg/MINIAODSIM/PU25nsData2015v1_76X_mcRun2_asymptotic_v12-v1/60000/3A37DAEC-F6BB-E511-B7C3-78E7D12395E8.root
Begin processing the 500001st record. Run 1, Event 1135509, LumiSection 5722 at 19-Oct-2023 13:54:28.327 CEST
19-Oct-2023 13:54:32 CEST  Closed file root://eospublic.cern.ch//eos/opendata/cms/mc/RunIIFall15MiniAODv2/WWTo2L2Nu_13TeV-powheg/MINIAODSIM/PU25nsData2015v1_76X_mcRun2_asymptotic_v12-v1/60000/3A37DAEC-F6BB-E511-B7C3-78E7D12395E8.root
19-Oct-2023 13:54:32 CEST  Initiating request to open file root://eospublic.cern.ch//eos/opendata/cms/mc/RunIIFall15MiniAODv2/WWTo2L2Nu_13TeV-powheg/MINIAODSIM/PU25nsData2015v1_76X_mcRun2_asymptotic_v12-v1/60000/46D7BB4D-08BC-E511-8183-78E7D121E458.root
%MSG-w XrdAdaptor:  file_open 19-Oct-2023 13:54:32 CEST PostProcessEvent
Data is served from cern.ch instead of original site eospublic
%MSG
19-Oct-2023 13:54:32 CEST  Successfully opened file root://eospublic.cern.ch//eos/opendata/cms/mc/RunIIFall15MiniAODv2/WWTo2L2Nu_13TeV-powheg/MINIAODSIM/PU25nsData2015v1_76X_mcRun2_asymptotic_v12-v1/60000/46D7BB4D-08BC-E511-8183-78E7D121E458.root
19-Oct-2023 13:54:35 CEST  Closed file root://eospublic.cern.ch//eos/opendata/cms/mc/RunIIFall15MiniAODv2/WWTo2L2Nu_13TeV-powheg/MINIAODSIM/PU25nsData2015v1_76X_mcRun2_asymptotic_v12-v1/60000/46D7BB4D-08BC-E511-8183-78E7D121E458.root
19-Oct-2023 13:54:35 CEST  Initiating request to open file root://eospublic.cern.ch//eos/opendata/cms/mc/RunIIFall15MiniAODv2/WWTo2L2Nu_13TeV-powheg/MINIAODSIM/PU25nsData2015v1_76X_mcRun2_asymptotic_v12-v1/60000/4E46DDDD-07BC-E511-B7F9-78E7D1216D38.root
%MSG-w XrdAdaptor:  file_open 19-Oct-2023 13:54:35 CEST PostProcessEvent
Data is served from cern.ch instead of original site eospublic
%MSG
19-Oct-2023 13:54:35 CEST  Successfully opened file root://eospublic.cern.ch//eos/opendata/cms/mc/RunIIFall15MiniAODv2/WWTo2L2Nu_13TeV-powheg/MINIAODSIM/PU25nsData2015v1_76X_mcRun2_asymptotic_v12-v1/60000/4E46DDDD-07BC-E511-B7F9-78E7D1216D38.root
Begin processing the 600001st record. Run 1, Event 1892133, LumiSection 9535 at 19-Oct-2023 13:54:39.215 CEST
19-Oct-2023 13:54:40 CEST  Closed file root://eospublic.cern.ch//eos/opendata/cms/mc/RunIIFall15MiniAODv2/WWTo2L2Nu_13TeV-powheg/MINIAODSIM/PU25nsData2015v1_76X_mcRun2_asymptotic_v12-v1/60000/4E46DDDD-07BC-E511-B7F9-78E7D1216D38.root
19-Oct-2023 13:54:40 CEST  Initiating request to open file root://eospublic.cern.ch//eos/opendata/cms/mc/RunIIFall15MiniAODv2/WWTo2L2Nu_13TeV-powheg/MINIAODSIM/PU25nsData2015v1_76X_mcRun2_asymptotic_v12-v1/60000/4E4F791F-B3BB-E511-BDA4-78E7D12294B0.root
%MSG-w XrdAdaptor:  file_open 19-Oct-2023 13:54:40 CEST PostProcessEvent
Data is served from cern.ch instead of original site eospublic
%MSG
19-Oct-2023 13:54:40 CEST  Successfully opened file root://eospublic.cern.ch//eos/opendata/cms/mc/RunIIFall15MiniAODv2/WWTo2L2Nu_13TeV-powheg/MINIAODSIM/PU25nsData2015v1_76X_mcRun2_asymptotic_v12-v1/60000/4E4F791F-B3BB-E511-BDA4-78E7D12294B0.root
19-Oct-2023 13:54:46 CEST  Closed file root://eospublic.cern.ch//eos/opendata/cms/mc/RunIIFall15MiniAODv2/WWTo2L2Nu_13TeV-powheg/MINIAODSIM/PU25nsData2015v1_76X_mcRun2_asymptotic_v12-v1/60000/4E4F791F-B3BB-E511-BDA4-78E7D12294B0.root
19-Oct-2023 13:54:46 CEST  Initiating request to open file root://eospublic.cern.ch//eos/opendata/cms/mc/RunIIFall15MiniAODv2/WWTo2L2Nu_13TeV-powheg/MINIAODSIM/PU25nsData2015v1_76X_mcRun2_asymptotic_v12-v1/60000/526212D6-B4BC-E511-90A3-441EA1390CE0.root
%MSG-w XrdAdaptor:  file_open 19-Oct-2023 13:54:46 CEST PostProcessEvent
Data is served from cern.ch instead of original site eospublic
%MSG
19-Oct-2023 13:54:46 CEST  Successfully opened file root://eospublic.cern.ch//eos/opendata/cms/mc/RunIIFall15MiniAODv2/WWTo2L2Nu_13TeV-powheg/MINIAODSIM/PU25nsData2015v1_76X_mcRun2_asymptotic_v12-v1/60000/526212D6-B4BC-E511-90A3-441EA1390CE0.root
Begin processing the 700001st record. Run 1, Event 1145717, LumiSection 5774 at 19-Oct-2023 13:54:50.328 CEST
19-Oct-2023 13:54:50 CEST  Closed file root://eospublic.cern.ch//eos/opendata/cms/mc/RunIIFall15MiniAODv2/WWTo2L2Nu_13TeV-powheg/MINIAODSIM/PU25nsData2015v1_76X_mcRun2_asymptotic_v12-v1/60000/526212D6-B4BC-E511-90A3-441EA1390CE0.root
19-Oct-2023 13:54:50 CEST  Initiating request to open file root://eospublic.cern.ch//eos/opendata/cms/mc/RunIIFall15MiniAODv2/WWTo2L2Nu_13TeV-powheg/MINIAODSIM/PU25nsData2015v1_76X_mcRun2_asymptotic_v12-v1/60000/567CEE32-B9BB-E511-8A1D-78E7D12226B8.root
%MSG-w XrdAdaptor:  file_open 19-Oct-2023 13:54:50 CEST PostProcessEvent
Data is served from cern.ch instead of original site eospublic
%MSG
19-Oct-2023 13:54:50 CEST  Successfully opened file root://eospublic.cern.ch//eos/opendata/cms/mc/RunIIFall15MiniAODv2/WWTo2L2Nu_13TeV-powheg/MINIAODSIM/PU25nsData2015v1_76X_mcRun2_asymptotic_v12-v1/60000/567CEE32-B9BB-E511-8A1D-78E7D12226B8.root
19-Oct-2023 13:54:56 CEST  Closed file root://eospublic.cern.ch//eos/opendata/cms/mc/RunIIFall15MiniAODv2/WWTo2L2Nu_13TeV-powheg/MINIAODSIM/PU25nsData2015v1_76X_mcRun2_asymptotic_v12-v1/60000/567CEE32-B9BB-E511-8A1D-78E7D12226B8.root
19-Oct-2023 13:54:56 CEST  Initiating request to open file root://eospublic.cern.ch//eos/opendata/cms/mc/RunIIFall15MiniAODv2/WWTo2L2Nu_13TeV-powheg/MINIAODSIM/PU25nsData2015v1_76X_mcRun2_asymptotic_v12-v1/60000/568F9804-52BC-E511-B3FD-78E7D12226B8.root
%MSG-w XrdAdaptor:  file_open 19-Oct-2023 13:54:56 CEST PostProcessEvent
Data is served from cern.ch instead of original site eospublic
%MSG
19-Oct-2023 13:54:56 CEST  Successfully opened file root://eospublic.cern.ch//eos/opendata/cms/mc/RunIIFall15MiniAODv2/WWTo2L2Nu_13TeV-powheg/MINIAODSIM/PU25nsData2015v1_76X_mcRun2_asymptotic_v12-v1/60000/568F9804-52BC-E511-B3FD-78E7D12226B8.root
19-Oct-2023 13:55:01 CEST  Closed file root://eospublic.cern.ch//eos/opendata/cms/mc/RunIIFall15MiniAODv2/WWTo2L2Nu_13TeV-powheg/MINIAODSIM/PU25nsData2015v1_76X_mcRun2_asymptotic_v12-v1/60000/568F9804-52BC-E511-B3FD-78E7D12226B8.root
19-Oct-2023 13:55:01 CEST  Initiating request to open file root://eospublic.cern.ch//eos/opendata/cms/mc/RunIIFall15MiniAODv2/WWTo2L2Nu_13TeV-powheg/MINIAODSIM/PU25nsData2015v1_76X_mcRun2_asymptotic_v12-v1/60000/60E50A17-09BC-E511-BAF6-78E7D122FEA8.root
%MSG-w XrdAdaptor:  file_open 19-Oct-2023 13:55:01 CEST PostProcessEvent
Data is served from cern.ch instead of original site eospublic
%MSG
19-Oct-2023 13:55:01 CEST  Successfully opened file root://eospublic.cern.ch//eos/opendata/cms/mc/RunIIFall15MiniAODv2/WWTo2L2Nu_13TeV-powheg/MINIAODSIM/PU25nsData2015v1_76X_mcRun2_asymptotic_v12-v1/60000/60E50A17-09BC-E511-BAF6-78E7D122FEA8.root
Begin processing the 800001st record. Run 1, Event 82241, LumiSection 415 at 19-Oct-2023 13:55:02.321 CEST
19-Oct-2023 13:55:05 CEST  Closed file root://eospublic.cern.ch//eos/opendata/cms/mc/RunIIFall15MiniAODv2/WWTo2L2Nu_13TeV-powheg/MINIAODSIM/PU25nsData2015v1_76X_mcRun2_asymptotic_v12-v1/60000/60E50A17-09BC-E511-BAF6-78E7D122FEA8.root
19-Oct-2023 13:55:05 CEST  Initiating request to open file root://eospublic.cern.ch//eos/opendata/cms/mc/RunIIFall15MiniAODv2/WWTo2L2Nu_13TeV-powheg/MINIAODSIM/PU25nsData2015v1_76X_mcRun2_asymptotic_v12-v1/60000/62AA7744-F8BB-E511-80C1-78E7D12294B0.root
%MSG-w XrdAdaptor:  file_open 19-Oct-2023 13:55:05 CEST PostProcessEvent
Data is served from cern.ch instead of original site eospublic
%MSG
19-Oct-2023 13:55:05 CEST  Successfully opened file root://eospublic.cern.ch//eos/opendata/cms/mc/RunIIFall15MiniAODv2/WWTo2L2Nu_13TeV-powheg/MINIAODSIM/PU25nsData2015v1_76X_mcRun2_asymptotic_v12-v1/60000/62AA7744-F8BB-E511-80C1-78E7D12294B0.root
19-Oct-2023 13:55:10 CEST  Closed file root://eospublic.cern.ch//eos/opendata/cms/mc/RunIIFall15MiniAODv2/WWTo2L2Nu_13TeV-powheg/MINIAODSIM/PU25nsData2015v1_76X_mcRun2_asymptotic_v12-v1/60000/62AA7744-F8BB-E511-80C1-78E7D12294B0.root
19-Oct-2023 13:55:10 CEST  Initiating request to open file root://eospublic.cern.ch//eos/opendata/cms/mc/RunIIFall15MiniAODv2/WWTo2L2Nu_13TeV-powheg/MINIAODSIM/PU25nsData2015v1_76X_mcRun2_asymptotic_v12-v1/60000/642DCEBA-0ABC-E511-B4CD-78E7D1239AB8.root
%MSG-w XrdAdaptor:  file_open 19-Oct-2023 13:55:10 CEST PostProcessEvent
Data is served from cern.ch instead of original site eospublic
%MSG
19-Oct-2023 13:55:11 CEST  Successfully opened file root://eospublic.cern.ch//eos/opendata/cms/mc/RunIIFall15MiniAODv2/WWTo2L2Nu_13TeV-powheg/MINIAODSIM/PU25nsData2015v1_76X_mcRun2_asymptotic_v12-v1/60000/642DCEBA-0ABC-E511-B4CD-78E7D1239AB8.root
Begin processing the 900001st record. Run 1, Event 1199105, LumiSection 6043 at 19-Oct-2023 13:55:13.157 CEST
19-Oct-2023 13:55:15 CEST  Closed file root://eospublic.cern.ch//eos/opendata/cms/mc/RunIIFall15MiniAODv2/WWTo2L2Nu_13TeV-powheg/MINIAODSIM/PU25nsData2015v1_76X_mcRun2_asymptotic_v12-v1/60000/642DCEBA-0ABC-E511-B4CD-78E7D1239AB8.root
19-Oct-2023 13:55:15 CEST  Initiating request to open file root://eospublic.cern.ch//eos/opendata/cms/mc/RunIIFall15MiniAODv2/WWTo2L2Nu_13TeV-powheg/MINIAODSIM/PU25nsData2015v1_76X_mcRun2_asymptotic_v12-v1/60000/6681A732-B9BB-E511-9C79-78E7D12501E8.root
%MSG-w XrdAdaptor:  file_open 19-Oct-2023 13:55:15 CEST PostProcessEvent
Data is served from cern.ch instead of original site eospublic
%MSG
19-Oct-2023 13:55:15 CEST  Successfully opened file root://eospublic.cern.ch//eos/opendata/cms/mc/RunIIFall15MiniAODv2/WWTo2L2Nu_13TeV-powheg/MINIAODSIM/PU25nsData2015v1_76X_mcRun2_asymptotic_v12-v1/60000/6681A732-B9BB-E511-9C79-78E7D12501E8.root
19-Oct-2023 13:55:19 CEST  Closed file root://eospublic.cern.ch//eos/opendata/cms/mc/RunIIFall15MiniAODv2/WWTo2L2Nu_13TeV-powheg/MINIAODSIM/PU25nsData2015v1_76X_mcRun2_asymptotic_v12-v1/60000/6681A732-B9BB-E511-9C79-78E7D12501E8.root
19-Oct-2023 13:55:19 CEST  Initiating request to open file root://eospublic.cern.ch//eos/opendata/cms/mc/RunIIFall15MiniAODv2/WWTo2L2Nu_13TeV-powheg/MINIAODSIM/PU25nsData2015v1_76X_mcRun2_asymptotic_v12-v1/60000/7012CDCD-07BC-E511-8245-78E7D1241AB8.root
%MSG-w XrdAdaptor:  file_open 19-Oct-2023 13:55:19 CEST PostProcessEvent
Data is served from cern.ch instead of original site eospublic
%MSG
19-Oct-2023 13:55:19 CEST  Successfully opened file root://eospublic.cern.ch//eos/opendata/cms/mc/RunIIFall15MiniAODv2/WWTo2L2Nu_13TeV-powheg/MINIAODSIM/PU25nsData2015v1_76X_mcRun2_asymptotic_v12-v1/60000/7012CDCD-07BC-E511-8245-78E7D1241AB8.root
19-Oct-2023 13:55:23 CEST  Closed file root://eospublic.cern.ch//eos/opendata/cms/mc/RunIIFall15MiniAODv2/WWTo2L2Nu_13TeV-powheg/MINIAODSIM/PU25nsData2015v1_76X_mcRun2_asymptotic_v12-v1/60000/7012CDCD-07BC-E511-8245-78E7D1241AB8.root
19-Oct-2023 13:55:23 CEST  Initiating request to open file root://eospublic.cern.ch//eos/opendata/cms/mc/RunIIFall15MiniAODv2/WWTo2L2Nu_13TeV-powheg/MINIAODSIM/PU25nsData2015v1_76X_mcRun2_asymptotic_v12-v1/60000/70CE6BDC-07BC-E511-80CC-78E7D122FEA8.root
%MSG-w XrdAdaptor:  file_open 19-Oct-2023 13:55:23 CEST PostProcessEvent
Data is served from cern.ch instead of original site eospublic
%MSG
19-Oct-2023 13:55:23 CEST  Successfully opened file root://eospublic.cern.ch//eos/opendata/cms/mc/RunIIFall15MiniAODv2/WWTo2L2Nu_13TeV-powheg/MINIAODSIM/PU25nsData2015v1_76X_mcRun2_asymptotic_v12-v1/60000/70CE6BDC-07BC-E511-80CC-78E7D122FEA8.root
Begin processing the 1000001st record. Run 1, Event 235447, LumiSection 1186 at 19-Oct-2023 13:55:24.885 CEST
19-Oct-2023 13:55:28 CEST  Closed file root://eospublic.cern.ch//eos/opendata/cms/mc/RunIIFall15MiniAODv2/WWTo2L2Nu_13TeV-powheg/MINIAODSIM/PU25nsData2015v1_76X_mcRun2_asymptotic_v12-v1/60000/70CE6BDC-07BC-E511-80CC-78E7D122FEA8.root
19-Oct-2023 13:55:28 CEST  Initiating request to open file root://eospublic.cern.ch//eos/opendata/cms/mc/RunIIFall15MiniAODv2/WWTo2L2Nu_13TeV-powheg/MINIAODSIM/PU25nsData2015v1_76X_mcRun2_asymptotic_v12-v1/60000/7ADD7CCA-B3BB-E511-BF66-78E7D1216D38.root
%MSG-w XrdAdaptor:  file_open 19-Oct-2023 13:55:28 CEST PostProcessEvent
Data is served from cern.ch instead of original site eospublic
%MSG
19-Oct-2023 13:55:28 CEST  Successfully opened file root://eospublic.cern.ch//eos/opendata/cms/mc/RunIIFall15MiniAODv2/WWTo2L2Nu_13TeV-powheg/MINIAODSIM/PU25nsData2015v1_76X_mcRun2_asymptotic_v12-v1/60000/7ADD7CCA-B3BB-E511-BF66-78E7D1216D38.root
19-Oct-2023 13:55:32 CEST  Closed file root://eospublic.cern.ch//eos/opendata/cms/mc/RunIIFall15MiniAODv2/WWTo2L2Nu_13TeV-powheg/MINIAODSIM/PU25nsData2015v1_76X_mcRun2_asymptotic_v12-v1/60000/7ADD7CCA-B3BB-E511-BF66-78E7D1216D38.root
19-Oct-2023 13:55:32 CEST  Initiating request to open file root://eospublic.cern.ch//eos/opendata/cms/mc/RunIIFall15MiniAODv2/WWTo2L2Nu_13TeV-powheg/MINIAODSIM/PU25nsData2015v1_76X_mcRun2_asymptotic_v12-v1/60000/808C1D33-B9BB-E511-8BF6-78E7D1241AB8.root
%MSG-w XrdAdaptor:  file_open 19-Oct-2023 13:55:32 CEST PostProcessEvent
Data is served from cern.ch instead of original site eospublic
%MSG
19-Oct-2023 13:55:32 CEST  Successfully opened file root://eospublic.cern.ch//eos/opendata/cms/mc/RunIIFall15MiniAODv2/WWTo2L2Nu_13TeV-powheg/MINIAODSIM/PU25nsData2015v1_76X_mcRun2_asymptotic_v12-v1/60000/808C1D33-B9BB-E511-8BF6-78E7D1241AB8.root
Begin processing the 1100001st record. Run 1, Event 327441, LumiSection 1650 at 19-Oct-2023 13:55:36.032 CEST
19-Oct-2023 13:55:37 CEST  Closed file root://eospublic.cern.ch//eos/opendata/cms/mc/RunIIFall15MiniAODv2/WWTo2L2Nu_13TeV-powheg/MINIAODSIM/PU25nsData2015v1_76X_mcRun2_asymptotic_v12-v1/60000/808C1D33-B9BB-E511-8BF6-78E7D1241AB8.root
19-Oct-2023 13:55:37 CEST  Initiating request to open file root://eospublic.cern.ch//eos/opendata/cms/mc/RunIIFall15MiniAODv2/WWTo2L2Nu_13TeV-powheg/MINIAODSIM/PU25nsData2015v1_76X_mcRun2_asymptotic_v12-v1/60000/8403DBA2-06BC-E511-B67B-78E7D1239AB8.root
%MSG-w XrdAdaptor:  file_open 19-Oct-2023 13:55:37 CEST PostProcessEvent
Data is served from cern.ch instead of original site eospublic
%MSG
19-Oct-2023 13:55:37 CEST  Successfully opened file root://eospublic.cern.ch//eos/opendata/cms/mc/RunIIFall15MiniAODv2/WWTo2L2Nu_13TeV-powheg/MINIAODSIM/PU25nsData2015v1_76X_mcRun2_asymptotic_v12-v1/60000/8403DBA2-06BC-E511-B67B-78E7D1239AB8.root
19-Oct-2023 13:55:41 CEST  Closed file root://eospublic.cern.ch//eos/opendata/cms/mc/RunIIFall15MiniAODv2/WWTo2L2Nu_13TeV-powheg/MINIAODSIM/PU25nsData2015v1_76X_mcRun2_asymptotic_v12-v1/60000/8403DBA2-06BC-E511-B67B-78E7D1239AB8.root
19-Oct-2023 13:55:41 CEST  Initiating request to open file root://eospublic.cern.ch//eos/opendata/cms/mc/RunIIFall15MiniAODv2/WWTo2L2Nu_13TeV-powheg/MINIAODSIM/PU25nsData2015v1_76X_mcRun2_asymptotic_v12-v1/60000/8A317F9D-06BC-E511-AE1D-78E7D1241AB8.root
%MSG-w XrdAdaptor:  file_open 19-Oct-2023 13:55:41 CEST PostProcessEvent
Data is served from cern.ch instead of original site eospublic
%MSG
19-Oct-2023 13:55:41 CEST  Successfully opened file root://eospublic.cern.ch//eos/opendata/cms/mc/RunIIFall15MiniAODv2/WWTo2L2Nu_13TeV-powheg/MINIAODSIM/PU25nsData2015v1_76X_mcRun2_asymptotic_v12-v1/60000/8A317F9D-06BC-E511-AE1D-78E7D1241AB8.root
19-Oct-2023 13:55:45 CEST  Closed file root://eospublic.cern.ch//eos/opendata/cms/mc/RunIIFall15MiniAODv2/WWTo2L2Nu_13TeV-powheg/MINIAODSIM/PU25nsData2015v1_76X_mcRun2_asymptotic_v12-v1/60000/8A317F9D-06BC-E511-AE1D-78E7D1241AB8.root
19-Oct-2023 13:55:45 CEST  Initiating request to open file root://eospublic.cern.ch//eos/opendata/cms/mc/RunIIFall15MiniAODv2/WWTo2L2Nu_13TeV-powheg/MINIAODSIM/PU25nsData2015v1_76X_mcRun2_asymptotic_v12-v1/60000/9615EF03-09BC-E511-A621-78E7D1241AB8.root
%MSG-w XrdAdaptor:  file_open 19-Oct-2023 13:55:45 CEST PostProcessEvent
Data is served from cern.ch instead of original site eospublic
%MSG
19-Oct-2023 13:55:45 CEST  Successfully opened file root://eospublic.cern.ch//eos/opendata/cms/mc/RunIIFall15MiniAODv2/WWTo2L2Nu_13TeV-powheg/MINIAODSIM/PU25nsData2015v1_76X_mcRun2_asymptotic_v12-v1/60000/9615EF03-09BC-E511-A621-78E7D1241AB8.root
Begin processing the 1200001st record. Run 1, Event 1207639, LumiSection 6085 at 19-Oct-2023 13:55:48.378 CEST
19-Oct-2023 13:55:50 CEST  Closed file root://eospublic.cern.ch//eos/opendata/cms/mc/RunIIFall15MiniAODv2/WWTo2L2Nu_13TeV-powheg/MINIAODSIM/PU25nsData2015v1_76X_mcRun2_asymptotic_v12-v1/60000/9615EF03-09BC-E511-A621-78E7D1241AB8.root
19-Oct-2023 13:55:50 CEST  Initiating request to open file root://eospublic.cern.ch//eos/opendata/cms/mc/RunIIFall15MiniAODv2/WWTo2L2Nu_13TeV-powheg/MINIAODSIM/PU25nsData2015v1_76X_mcRun2_asymptotic_v12-v1/60000/9C51271B-09BC-E511-9106-441EA1390CE0.root
%MSG-w XrdAdaptor:  file_open 19-Oct-2023 13:55:50 CEST PostProcessEvent
Data is served from cern.ch instead of original site eospublic
%MSG
19-Oct-2023 13:55:50 CEST  Successfully opened file root://eospublic.cern.ch//eos/opendata/cms/mc/RunIIFall15MiniAODv2/WWTo2L2Nu_13TeV-powheg/MINIAODSIM/PU25nsData2015v1_76X_mcRun2_asymptotic_v12-v1/60000/9C51271B-09BC-E511-9106-441EA1390CE0.root
19-Oct-2023 13:55:55 CEST  Closed file root://eospublic.cern.ch//eos/opendata/cms/mc/RunIIFall15MiniAODv2/WWTo2L2Nu_13TeV-powheg/MINIAODSIM/PU25nsData2015v1_76X_mcRun2_asymptotic_v12-v1/60000/9C51271B-09BC-E511-9106-441EA1390CE0.root
19-Oct-2023 13:55:55 CEST  Initiating request to open file root://eospublic.cern.ch//eos/opendata/cms/mc/RunIIFall15MiniAODv2/WWTo2L2Nu_13TeV-powheg/MINIAODSIM/PU25nsData2015v1_76X_mcRun2_asymptotic_v12-v1/60000/A45C5170-0DBC-E511-A6EA-78E7D12226B8.root
%MSG-w XrdAdaptor:  file_open 19-Oct-2023 13:55:56 CEST PostProcessEvent
Data is served from cern.ch instead of original site eospublic
%MSG
19-Oct-2023 13:55:56 CEST  Successfully opened file root://eospublic.cern.ch//eos/opendata/cms/mc/RunIIFall15MiniAODv2/WWTo2L2Nu_13TeV-powheg/MINIAODSIM/PU25nsData2015v1_76X_mcRun2_asymptotic_v12-v1/60000/A45C5170-0DBC-E511-A6EA-78E7D12226B8.root
Begin processing the 1300001st record. Run 1, Event 1564329, LumiSection 7883 at 19-Oct-2023 13:55:59.754 CEST
19-Oct-2023 13:56:00 CEST  Closed file root://eospublic.cern.ch//eos/opendata/cms/mc/RunIIFall15MiniAODv2/WWTo2L2Nu_13TeV-powheg/MINIAODSIM/PU25nsData2015v1_76X_mcRun2_asymptotic_v12-v1/60000/A45C5170-0DBC-E511-A6EA-78E7D12226B8.root
19-Oct-2023 13:56:00 CEST  Initiating request to open file root://eospublic.cern.ch//eos/opendata/cms/mc/RunIIFall15MiniAODv2/WWTo2L2Nu_13TeV-powheg/MINIAODSIM/PU25nsData2015v1_76X_mcRun2_asymptotic_v12-v1/60000/A6F364BD-FFBB-E511-8355-78E7D122BCE0.root
%MSG-w XrdAdaptor:  file_open 19-Oct-2023 13:56:00 CEST PostProcessEvent
Data is served from cern.ch instead of original site eospublic
%MSG
19-Oct-2023 13:56:00 CEST  Successfully opened file root://eospublic.cern.ch//eos/opendata/cms/mc/RunIIFall15MiniAODv2/WWTo2L2Nu_13TeV-powheg/MINIAODSIM/PU25nsData2015v1_76X_mcRun2_asymptotic_v12-v1/60000/A6F364BD-FFBB-E511-8355-78E7D122BCE0.root
19-Oct-2023 13:56:02 CEST  Closed file root://eospublic.cern.ch//eos/opendata/cms/mc/RunIIFall15MiniAODv2/WWTo2L2Nu_13TeV-powheg/MINIAODSIM/PU25nsData2015v1_76X_mcRun2_asymptotic_v12-v1/60000/A6F364BD-FFBB-E511-8355-78E7D122BCE0.root
19-Oct-2023 13:56:02 CEST  Initiating request to open file root://eospublic.cern.ch//eos/opendata/cms/mc/RunIIFall15MiniAODv2/WWTo2L2Nu_13TeV-powheg/MINIAODSIM/PU25nsData2015v1_76X_mcRun2_asymptotic_v12-v1/60000/A8AB3596-F6BB-E511-96B0-78E7D12294B0.root
%MSG-w XrdAdaptor:  file_open 19-Oct-2023 13:56:02 CEST PostProcessEvent
Data is served from cern.ch instead of original site eospublic
%MSG
19-Oct-2023 13:56:02 CEST  Successfully opened file root://eospublic.cern.ch//eos/opendata/cms/mc/RunIIFall15MiniAODv2/WWTo2L2Nu_13TeV-powheg/MINIAODSIM/PU25nsData2015v1_76X_mcRun2_asymptotic_v12-v1/60000/A8AB3596-F6BB-E511-96B0-78E7D12294B0.root
19-Oct-2023 13:56:08 CEST  Closed file root://eospublic.cern.ch//eos/opendata/cms/mc/RunIIFall15MiniAODv2/WWTo2L2Nu_13TeV-powheg/MINIAODSIM/PU25nsData2015v1_76X_mcRun2_asymptotic_v12-v1/60000/A8AB3596-F6BB-E511-96B0-78E7D12294B0.root
19-Oct-2023 13:56:08 CEST  Initiating request to open file root://eospublic.cern.ch//eos/opendata/cms/mc/RunIIFall15MiniAODv2/WWTo2L2Nu_13TeV-powheg/MINIAODSIM/PU25nsData2015v1_76X_mcRun2_asymptotic_v12-v1/60000/ACF50EF8-B3BB-E511-AB5A-78E7D1220230.root
%MSG-w XrdAdaptor:  file_open 19-Oct-2023 13:56:08 CEST PostProcessEvent
Data is served from cern.ch instead of original site eospublic
%MSG
19-Oct-2023 13:56:08 CEST  Successfully opened file root://eospublic.cern.ch//eos/opendata/cms/mc/RunIIFall15MiniAODv2/WWTo2L2Nu_13TeV-powheg/MINIAODSIM/PU25nsData2015v1_76X_mcRun2_asymptotic_v12-v1/60000/ACF50EF8-B3BB-E511-AB5A-78E7D1220230.root
Begin processing the 1400001st record. Run 1, Event 1820747, LumiSection 9175 at 19-Oct-2023 13:56:12.650 CEST
19-Oct-2023 13:56:14 CEST  Closed file root://eospublic.cern.ch//eos/opendata/cms/mc/RunIIFall15MiniAODv2/WWTo2L2Nu_13TeV-powheg/MINIAODSIM/PU25nsData2015v1_76X_mcRun2_asymptotic_v12-v1/60000/ACF50EF8-B3BB-E511-AB5A-78E7D1220230.root
19-Oct-2023 13:56:14 CEST  Initiating request to open file root://eospublic.cern.ch//eos/opendata/cms/mc/RunIIFall15MiniAODv2/WWTo2L2Nu_13TeV-powheg/MINIAODSIM/PU25nsData2015v1_76X_mcRun2_asymptotic_v12-v1/60000/AEC3602B-13BC-E511-91DC-78E7D1220230.root
%MSG-w XrdAdaptor:  file_open 19-Oct-2023 13:56:14 CEST PostProcessEvent
Data is served from cern.ch instead of original site eospublic
%MSG
19-Oct-2023 13:56:14 CEST  Successfully opened file root://eospublic.cern.ch//eos/opendata/cms/mc/RunIIFall15MiniAODv2/WWTo2L2Nu_13TeV-powheg/MINIAODSIM/PU25nsData2015v1_76X_mcRun2_asymptotic_v12-v1/60000/AEC3602B-13BC-E511-91DC-78E7D1220230.root
19-Oct-2023 13:56:16 CEST  Closed file root://eospublic.cern.ch//eos/opendata/cms/mc/RunIIFall15MiniAODv2/WWTo2L2Nu_13TeV-powheg/MINIAODSIM/PU25nsData2015v1_76X_mcRun2_asymptotic_v12-v1/60000/AEC3602B-13BC-E511-91DC-78E7D1220230.root
19-Oct-2023 13:56:16 CEST  Initiating request to open file root://eospublic.cern.ch//eos/opendata/cms/mc/RunIIFall15MiniAODv2/WWTo2L2Nu_13TeV-powheg/MINIAODSIM/PU25nsData2015v1_76X_mcRun2_asymptotic_v12-v1/60000/B0F4EFAF-F9BB-E511-BB9F-78E7D1239AB8.root
%MSG-w XrdAdaptor:  file_open 19-Oct-2023 13:56:16 CEST PostProcessEvent
Data is served from cern.ch instead of original site eospublic
%MSG
19-Oct-2023 13:56:16 CEST  Successfully opened file root://eospublic.cern.ch//eos/opendata/cms/mc/RunIIFall15MiniAODv2/WWTo2L2Nu_13TeV-powheg/MINIAODSIM/PU25nsData2015v1_76X_mcRun2_asymptotic_v12-v1/60000/B0F4EFAF-F9BB-E511-BB9F-78E7D1239AB8.root
19-Oct-2023 13:56:21 CEST  Closed file root://eospublic.cern.ch//eos/opendata/cms/mc/RunIIFall15MiniAODv2/WWTo2L2Nu_13TeV-powheg/MINIAODSIM/PU25nsData2015v1_76X_mcRun2_asymptotic_v12-v1/60000/B0F4EFAF-F9BB-E511-BB9F-78E7D1239AB8.root
19-Oct-2023 13:56:21 CEST  Initiating request to open file root://eospublic.cern.ch//eos/opendata/cms/mc/RunIIFall15MiniAODv2/WWTo2L2Nu_13TeV-powheg/MINIAODSIM/PU25nsData2015v1_76X_mcRun2_asymptotic_v12-v1/60000/BA55B7A2-06BC-E511-9917-441EA1390CE0.root
%MSG-w XrdAdaptor:  file_open 19-Oct-2023 13:56:21 CEST PostProcessEvent
Data is served from cern.ch instead of original site eospublic
%MSG
19-Oct-2023 13:56:21 CEST  Successfully opened file root://eospublic.cern.ch//eos/opendata/cms/mc/RunIIFall15MiniAODv2/WWTo2L2Nu_13TeV-powheg/MINIAODSIM/PU25nsData2015v1_76X_mcRun2_asymptotic_v12-v1/60000/BA55B7A2-06BC-E511-9917-441EA1390CE0.root
Begin processing the 1500001st record. Run 1, Event 766053, LumiSection 3860 at 19-Oct-2023 13:56:25.600 CEST
19-Oct-2023 13:56:26 CEST  Closed file root://eospublic.cern.ch//eos/opendata/cms/mc/RunIIFall15MiniAODv2/WWTo2L2Nu_13TeV-powheg/MINIAODSIM/PU25nsData2015v1_76X_mcRun2_asymptotic_v12-v1/60000/BA55B7A2-06BC-E511-9917-441EA1390CE0.root
19-Oct-2023 13:56:26 CEST  Initiating request to open file root://eospublic.cern.ch//eos/opendata/cms/mc/RunIIFall15MiniAODv2/WWTo2L2Nu_13TeV-powheg/MINIAODSIM/PU25nsData2015v1_76X_mcRun2_asymptotic_v12-v1/60000/C4FAD1DB-B3BB-E511-B12D-78E7D1241AB8.root
%MSG-w XrdAdaptor:  file_open 19-Oct-2023 13:56:26 CEST PostProcessEvent
Data is served from cern.ch instead of original site eospublic
%MSG
19-Oct-2023 13:56:26 CEST  Successfully opened file root://eospublic.cern.ch//eos/opendata/cms/mc/RunIIFall15MiniAODv2/WWTo2L2Nu_13TeV-powheg/MINIAODSIM/PU25nsData2015v1_76X_mcRun2_asymptotic_v12-v1/60000/C4FAD1DB-B3BB-E511-B12D-78E7D1241AB8.root
19-Oct-2023 13:56:32 CEST  Closed file root://eospublic.cern.ch//eos/opendata/cms/mc/RunIIFall15MiniAODv2/WWTo2L2Nu_13TeV-powheg/MINIAODSIM/PU25nsData2015v1_76X_mcRun2_asymptotic_v12-v1/60000/C4FAD1DB-B3BB-E511-B12D-78E7D1241AB8.root
19-Oct-2023 13:56:32 CEST  Initiating request to open file root://eospublic.cern.ch//eos/opendata/cms/mc/RunIIFall15MiniAODv2/WWTo2L2Nu_13TeV-powheg/MINIAODSIM/PU25nsData2015v1_76X_mcRun2_asymptotic_v12-v1/60000/E0D89CC6-B3BB-E511-B350-78E7D12395E8.root
%MSG-w XrdAdaptor:  file_open 19-Oct-2023 13:56:32 CEST PostProcessEvent
Data is served from cern.ch instead of original site eospublic
%MSG
19-Oct-2023 13:56:32 CEST  Successfully opened file root://eospublic.cern.ch//eos/opendata/cms/mc/RunIIFall15MiniAODv2/WWTo2L2Nu_13TeV-powheg/MINIAODSIM/PU25nsData2015v1_76X_mcRun2_asymptotic_v12-v1/60000/E0D89CC6-B3BB-E511-B350-78E7D12395E8.root
Begin processing the 1600001st record. Run 1, Event 1551827, LumiSection 7820 at 19-Oct-2023 13:56:37.337 CEST
19-Oct-2023 13:56:38 CEST  Closed file root://eospublic.cern.ch//eos/opendata/cms/mc/RunIIFall15MiniAODv2/WWTo2L2Nu_13TeV-powheg/MINIAODSIM/PU25nsData2015v1_76X_mcRun2_asymptotic_v12-v1/60000/E0D89CC6-B3BB-E511-B350-78E7D12395E8.root
19-Oct-2023 13:56:38 CEST  Initiating request to open file root://eospublic.cern.ch//eos/opendata/cms/mc/RunIIFall15MiniAODv2/WWTo2L2Nu_13TeV-powheg/MINIAODSIM/PU25nsData2015v1_76X_mcRun2_asymptotic_v12-v1/60000/E4270EA4-B2BB-E511-A954-78E7D1238168.root
%MSG-w XrdAdaptor:  file_open 19-Oct-2023 13:56:38 CEST PostProcessEvent
Data is served from cern.ch instead of original site eospublic
%MSG
19-Oct-2023 13:56:38 CEST  Successfully opened file root://eospublic.cern.ch//eos/opendata/cms/mc/RunIIFall15MiniAODv2/WWTo2L2Nu_13TeV-powheg/MINIAODSIM/PU25nsData2015v1_76X_mcRun2_asymptotic_v12-v1/60000/E4270EA4-B2BB-E511-A954-78E7D1238168.root
19-Oct-2023 13:56:43 CEST  Closed file root://eospublic.cern.ch//eos/opendata/cms/mc/RunIIFall15MiniAODv2/WWTo2L2Nu_13TeV-powheg/MINIAODSIM/PU25nsData2015v1_76X_mcRun2_asymptotic_v12-v1/60000/E4270EA4-B2BB-E511-A954-78E7D1238168.root
19-Oct-2023 13:56:43 CEST  Initiating request to open file root://eospublic.cern.ch//eos/opendata/cms/mc/RunIIFall15MiniAODv2/WWTo2L2Nu_13TeV-powheg/MINIAODSIM/PU25nsData2015v1_76X_mcRun2_asymptotic_v12-v1/60000/E4D75BA6-B2BB-E511-BF72-78E7D1220230.root
%MSG-w XrdAdaptor:  file_open 19-Oct-2023 13:56:43 CEST PostProcessEvent
Data is served from cern.ch instead of original site eospublic
%MSG
19-Oct-2023 13:56:43 CEST  Successfully opened file root://eospublic.cern.ch//eos/opendata/cms/mc/RunIIFall15MiniAODv2/WWTo2L2Nu_13TeV-powheg/MINIAODSIM/PU25nsData2015v1_76X_mcRun2_asymptotic_v12-v1/60000/E4D75BA6-B2BB-E511-BF72-78E7D1220230.root
19-Oct-2023 13:56:48 CEST  Closed file root://eospublic.cern.ch//eos/opendata/cms/mc/RunIIFall15MiniAODv2/WWTo2L2Nu_13TeV-powheg/MINIAODSIM/PU25nsData2015v1_76X_mcRun2_asymptotic_v12-v1/60000/E4D75BA6-B2BB-E511-BF72-78E7D1220230.root
19-Oct-2023 13:56:48 CEST  Initiating request to open file root://eospublic.cern.ch//eos/opendata/cms/mc/RunIIFall15MiniAODv2/WWTo2L2Nu_13TeV-powheg/MINIAODSIM/PU25nsData2015v1_76X_mcRun2_asymptotic_v12-v1/60000/EC7A6BDB-B3BB-E511-9C1B-78E7D12501E8.root
%MSG-w XrdAdaptor:  file_open 19-Oct-2023 13:56:48 CEST PostProcessEvent
Data is served from cern.ch instead of original site eospublic
%MSG
19-Oct-2023 13:56:48 CEST  Successfully opened file root://eospublic.cern.ch//eos/opendata/cms/mc/RunIIFall15MiniAODv2/WWTo2L2Nu_13TeV-powheg/MINIAODSIM/PU25nsData2015v1_76X_mcRun2_asymptotic_v12-v1/60000/EC7A6BDB-B3BB-E511-9C1B-78E7D12501E8.root
Begin processing the 1700001st record. Run 1, Event 1308955, LumiSection 6596 at 19-Oct-2023 13:56:50.004 CEST
19-Oct-2023 13:56:53 CEST  Closed file root://eospublic.cern.ch//eos/opendata/cms/mc/RunIIFall15MiniAODv2/WWTo2L2Nu_13TeV-powheg/MINIAODSIM/PU25nsData2015v1_76X_mcRun2_asymptotic_v12-v1/60000/EC7A6BDB-B3BB-E511-9C1B-78E7D12501E8.root
19-Oct-2023 13:56:53 CEST  Initiating request to open file root://eospublic.cern.ch//eos/opendata/cms/mc/RunIIFall15MiniAODv2/WWTo2L2Nu_13TeV-powheg/MINIAODSIM/PU25nsData2015v1_76X_mcRun2_asymptotic_v12-v1/60000/EC9E974A-08BC-E511-A169-78E7D1238168.root
%MSG-w XrdAdaptor:  file_open 19-Oct-2023 13:56:53 CEST PostProcessEvent
Data is served from cern.ch instead of original site eospublic
%MSG
19-Oct-2023 13:56:53 CEST  Successfully opened file root://eospublic.cern.ch//eos/opendata/cms/mc/RunIIFall15MiniAODv2/WWTo2L2Nu_13TeV-powheg/MINIAODSIM/PU25nsData2015v1_76X_mcRun2_asymptotic_v12-v1/60000/EC9E974A-08BC-E511-A169-78E7D1238168.root
19-Oct-2023 13:56:57 CEST  Closed file root://eospublic.cern.ch//eos/opendata/cms/mc/RunIIFall15MiniAODv2/WWTo2L2Nu_13TeV-powheg/MINIAODSIM/PU25nsData2015v1_76X_mcRun2_asymptotic_v12-v1/60000/EC9E974A-08BC-E511-A169-78E7D1238168.root
19-Oct-2023 13:56:57 CEST  Initiating request to open file root://eospublic.cern.ch//eos/opendata/cms/mc/RunIIFall15MiniAODv2/WWTo2L2Nu_13TeV-powheg/MINIAODSIM/PU25nsData2015v1_76X_mcRun2_asymptotic_v12-v1/60000/F01EB3D5-B4BC-E511-8EF9-78E7D1238168.root
%MSG-w XrdAdaptor:  file_open 19-Oct-2023 13:56:57 CEST PostProcessEvent
Data is served from cern.ch instead of original site eospublic
%MSG
19-Oct-2023 13:56:57 CEST  Successfully opened file root://eospublic.cern.ch//eos/opendata/cms/mc/RunIIFall15MiniAODv2/WWTo2L2Nu_13TeV-powheg/MINIAODSIM/PU25nsData2015v1_76X_mcRun2_asymptotic_v12-v1/60000/F01EB3D5-B4BC-E511-8EF9-78E7D1238168.root
Begin processing the 1800001st record. Run 1, Event 198885, LumiSection 1003 at 19-Oct-2023 13:57:01.355 CEST
19-Oct-2023 13:57:03 CEST  Closed file root://eospublic.cern.ch//eos/opendata/cms/mc/RunIIFall15MiniAODv2/WWTo2L2Nu_13TeV-powheg/MINIAODSIM/PU25nsData2015v1_76X_mcRun2_asymptotic_v12-v1/60000/F01EB3D5-B4BC-E511-8EF9-78E7D1238168.root
19-Oct-2023 13:57:03 CEST  Initiating request to open file root://eospublic.cern.ch//eos/opendata/cms/mc/RunIIFall15MiniAODv2/WWTo2L2Nu_13TeV-powheg/MINIAODSIM/PU25nsData2015v1_76X_mcRun2_asymptotic_v12-v1/60000/F06288DC-B3BB-E511-8A02-78E7D12501E8.root
%MSG-w XrdAdaptor:  file_open 19-Oct-2023 13:57:03 CEST PostProcessEvent
Data is served from cern.ch instead of original site eospublic
%MSG
19-Oct-2023 13:57:03 CEST  Successfully opened file root://eospublic.cern.ch//eos/opendata/cms/mc/RunIIFall15MiniAODv2/WWTo2L2Nu_13TeV-powheg/MINIAODSIM/PU25nsData2015v1_76X_mcRun2_asymptotic_v12-v1/60000/F06288DC-B3BB-E511-8A02-78E7D12501E8.root
19-Oct-2023 13:57:08 CEST  Closed file root://eospublic.cern.ch//eos/opendata/cms/mc/RunIIFall15MiniAODv2/WWTo2L2Nu_13TeV-powheg/MINIAODSIM/PU25nsData2015v1_76X_mcRun2_asymptotic_v12-v1/60000/F06288DC-B3BB-E511-8A02-78E7D12501E8.root
19-Oct-2023 13:57:08 CEST  Initiating request to open file root://eospublic.cern.ch//eos/opendata/cms/mc/RunIIFall15MiniAODv2/WWTo2L2Nu_13TeV-powheg/MINIAODSIM/PU25nsData2015v1_76X_mcRun2_asymptotic_v12-v1/60000/F2CA2B76-07BC-E511-8AB7-78E7D1220598.root
%MSG-w XrdAdaptor:  file_open 19-Oct-2023 13:57:08 CEST PostProcessEvent
Data is served from cern.ch instead of original site eospublic
%MSG
19-Oct-2023 13:57:08 CEST  Successfully opened file root://eospublic.cern.ch//eos/opendata/cms/mc/RunIIFall15MiniAODv2/WWTo2L2Nu_13TeV-powheg/MINIAODSIM/PU25nsData2015v1_76X_mcRun2_asymptotic_v12-v1/60000/F2CA2B76-07BC-E511-8AB7-78E7D1220598.root
Begin processing the 1900001st record. Run 1, Event 1315531, LumiSection 6630 at 19-Oct-2023 13:57:12.319 CEST
19-Oct-2023 13:57:12 CEST  Closed file root://eospublic.cern.ch//eos/opendata/cms/mc/RunIIFall15MiniAODv2/WWTo2L2Nu_13TeV-powheg/MINIAODSIM/PU25nsData2015v1_76X_mcRun2_asymptotic_v12-v1/60000/F2CA2B76-07BC-E511-8AB7-78E7D1220598.root
19-Oct-2023 13:57:12 CEST  Initiating request to open file root://eospublic.cern.ch//eos/opendata/cms/mc/RunIIFall15MiniAODv2/WWTo2L2Nu_13TeV-powheg/MINIAODSIM/PU25nsData2015v1_76X_mcRun2_asymptotic_v12-v1/60000/F631AB50-10BC-E511-B45E-78E7D12226B8.root
%MSG-w XrdAdaptor:  file_open 19-Oct-2023 13:57:12 CEST PostProcessEvent
Data is served from cern.ch instead of original site eospublic
%MSG
19-Oct-2023 13:57:13 CEST  Successfully opened file root://eospublic.cern.ch//eos/opendata/cms/mc/RunIIFall15MiniAODv2/WWTo2L2Nu_13TeV-powheg/MINIAODSIM/PU25nsData2015v1_76X_mcRun2_asymptotic_v12-v1/60000/F631AB50-10BC-E511-B45E-78E7D12226B8.root
19-Oct-2023 13:57:17 CEST  Closed file root://eospublic.cern.ch//eos/opendata/cms/mc/RunIIFall15MiniAODv2/WWTo2L2Nu_13TeV-powheg/MINIAODSIM/PU25nsData2015v1_76X_mcRun2_asymptotic_v12-v1/60000/F631AB50-10BC-E511-B45E-78E7D12226B8.root
19-Oct-2023 13:57:17 CEST  Initiating request to open file root://eospublic.cern.ch//eos/opendata/cms/mc/RunIIFall15MiniAODv2/WWTo2L2Nu_13TeV-powheg/MINIAODSIM/PU25nsData2015v1_76X_mcRun2_asymptotic_v12-v1/60000/FEA248C9-B3BB-E511-9512-78E7D122BCE0.root
%MSG-w XrdAdaptor:  file_open 19-Oct-2023 13:57:17 CEST PostProcessEvent
Data is served from cern.ch instead of original site eospublic
%MSG
19-Oct-2023 13:57:17 CEST  Successfully opened file root://eospublic.cern.ch//eos/opendata/cms/mc/RunIIFall15MiniAODv2/WWTo2L2Nu_13TeV-powheg/MINIAODSIM/PU25nsData2015v1_76X_mcRun2_asymptotic_v12-v1/60000/FEA248C9-B3BB-E511-9512-78E7D122BCE0.root
     10.481400      0.008367      1.000000         10000
 
19-Oct-2023 13:57:21 CEST  Closed file root://eospublic.cern.ch//eos/opendata/cms/mc/RunIIFall15MiniAODv2/WWTo2L2Nu_13TeV-powheg/MINIAODSIM/PU25nsData2015v1_76X_mcRun2_asymptotic_v12-v1/60000/FEA248C9-B3BB-E511-9512-78E7D122BCE0.root

------------------------------------
GenXsecAnalyzer:
------------------------------------
-------------------------------------------------------------------------------------------------------------------------------------------------------------------------- 
Overall cross-section summary 
--------------------------------------------------------------------------------------------------------------------------------------------------------------------------
Process		xsec_before [pb]		passed	nposw	nnegw	tried	nposw	nnegw 	xsec_match [pb]			accepted [%]	 event_eff [%]
-------------------------------------------------------------------------------------------------------------------------------------------------------------------------- 
Total		1.048e+01 +/- 8.367e-03		3959776	3959776	0	3959776	3959776	0	1.048e+01 +/- 8.367e-03		100.0 +/- 0.0	100.0 +/- 0.0
--------------------------------------------------------------------------------------------------------------------------------------------------------------------------
Before matching: total cross section = 1.048e+01 +- 8.367e-03 pb
After matching: total cross section = 1.048e+01 +- 8.367e-03 pb
Filter efficiency (taking into account weights)= (1.97999e+06) / (1.97999e+06) = 1.000e+00 +- 0.000e+00
Filter efficiency (event-level)= (1.97999e+06) / (1.97999e+06) = 1.000e+00 +- 0.000e+00
After filter: final cross section = 1.048e+01 +- 8.367e-03 pb

=============================================

MessageLogger Summary

 type     category        sev    module        subroutine        count    total
 ---- -------------------- -- ---------------- ----------------  -----    -----
    1 GenXSecAnalyzer      -w GenXSecAnalyzer:                      11       11
    2 XrdAdaptor           -w file_open                             51       51
    3 fileAction           -s file_close                            51       51
    4 fileAction           -s file_open                            102      102

 type    category    Examples: run/evt        run/evt          run/evt
 ---- -------------------- ---------------- ---------------- ----------------
    1 GenXSecAnalyzer      PostEndRun       PostEndRun       PostEndRun
    2 XrdAdaptor           pre-events       PostProcessEvent PostProcessEvent
    3 fileAction           PostProcessEvent PostProcessEvent PostEndRun
    4 fileAction           pre-events       pre-events       PostProcessEvent

Severity    # Occurrences   Total Occurrences
--------    -------------   -----------------
Warning                62                  62
System                153                 153
