19-Oct-2023 13:37:41 CEST  Initiating request to open file root://eospublic.cern.ch//eos/opendata/cms/mc/RunIIFall15MiniAODv2/WWTo2L2Nu_13TeV-powheg-CUETP8M1Down/MINIAODSIM/PU25nsData2015v1_76X_mcRun2_asymptotic_v12-v1/10000/061CB11D-20D5-E511-8B90-D4AE526DF090.root
%MSG-w XrdAdaptor:  file_open 19-Oct-2023 13:37:42 CEST pre-events
Data is served from cern.ch instead of original site eospublic
%MSG
19-Oct-2023 13:37:44 CEST  Successfully opened file root://eospublic.cern.ch//eos/opendata/cms/mc/RunIIFall15MiniAODv2/WWTo2L2Nu_13TeV-powheg-CUETP8M1Down/MINIAODSIM/PU25nsData2015v1_76X_mcRun2_asymptotic_v12-v1/10000/061CB11D-20D5-E511-8B90-D4AE526DF090.root
Begin processing the 1st record. Run 1, Event 176043, LumiSection 888 at 19-Oct-2023 13:37:45.995 CEST
19-Oct-2023 13:37:46 CEST  Closed file root://eospublic.cern.ch//eos/opendata/cms/mc/RunIIFall15MiniAODv2/WWTo2L2Nu_13TeV-powheg-CUETP8M1Down/MINIAODSIM/PU25nsData2015v1_76X_mcRun2_asymptotic_v12-v1/10000/061CB11D-20D5-E511-8B90-D4AE526DF090.root
19-Oct-2023 13:37:46 CEST  Initiating request to open file root://eospublic.cern.ch//eos/opendata/cms/mc/RunIIFall15MiniAODv2/WWTo2L2Nu_13TeV-powheg-CUETP8M1Down/MINIAODSIM/PU25nsData2015v1_76X_mcRun2_asymptotic_v12-v1/10000/0A8014F9-F6D4-E511-A67F-00261894397F.root
%MSG-w XrdAdaptor:  file_open 19-Oct-2023 13:37:46 CEST PostProcessEvent
Data is served from cern.ch instead of original site eospublic
%MSG
19-Oct-2023 13:37:46 CEST  Successfully opened file root://eospublic.cern.ch//eos/opendata/cms/mc/RunIIFall15MiniAODv2/WWTo2L2Nu_13TeV-powheg-CUETP8M1Down/MINIAODSIM/PU25nsData2015v1_76X_mcRun2_asymptotic_v12-v1/10000/0A8014F9-F6D4-E511-A67F-00261894397F.root
19-Oct-2023 13:37:52 CEST  Closed file root://eospublic.cern.ch//eos/opendata/cms/mc/RunIIFall15MiniAODv2/WWTo2L2Nu_13TeV-powheg-CUETP8M1Down/MINIAODSIM/PU25nsData2015v1_76X_mcRun2_asymptotic_v12-v1/10000/0A8014F9-F6D4-E511-A67F-00261894397F.root
19-Oct-2023 13:37:52 CEST  Initiating request to open file root://eospublic.cern.ch//eos/opendata/cms/mc/RunIIFall15MiniAODv2/WWTo2L2Nu_13TeV-powheg-CUETP8M1Down/MINIAODSIM/PU25nsData2015v1_76X_mcRun2_asymptotic_v12-v1/10000/14A88647-13D5-E511-8F7F-0CC47A78A3B4.root
%MSG-w XrdAdaptor:  file_open 19-Oct-2023 13:37:52 CEST PostProcessEvent
Data is served from cern.ch instead of original site eospublic
%MSG
19-Oct-2023 13:37:52 CEST  Successfully opened file root://eospublic.cern.ch//eos/opendata/cms/mc/RunIIFall15MiniAODv2/WWTo2L2Nu_13TeV-powheg-CUETP8M1Down/MINIAODSIM/PU25nsData2015v1_76X_mcRun2_asymptotic_v12-v1/10000/14A88647-13D5-E511-8F7F-0CC47A78A3B4.root
Begin processing the 100001st record. Run 1, Event 1183865, LumiSection 5965 at 19-Oct-2023 13:37:57.160 CEST
19-Oct-2023 13:37:57 CEST  Closed file root://eospublic.cern.ch//eos/opendata/cms/mc/RunIIFall15MiniAODv2/WWTo2L2Nu_13TeV-powheg-CUETP8M1Down/MINIAODSIM/PU25nsData2015v1_76X_mcRun2_asymptotic_v12-v1/10000/14A88647-13D5-E511-8F7F-0CC47A78A3B4.root
19-Oct-2023 13:37:57 CEST  Initiating request to open file root://eospublic.cern.ch//eos/opendata/cms/mc/RunIIFall15MiniAODv2/WWTo2L2Nu_13TeV-powheg-CUETP8M1Down/MINIAODSIM/PU25nsData2015v1_76X_mcRun2_asymptotic_v12-v1/10000/283FDF48-13D5-E511-8200-0025905A60C6.root
%MSG-w XrdAdaptor:  file_open 19-Oct-2023 13:37:57 CEST PostProcessEvent
Data is served from cern.ch instead of original site eospublic
%MSG
19-Oct-2023 13:37:58 CEST  Successfully opened file root://eospublic.cern.ch//eos/opendata/cms/mc/RunIIFall15MiniAODv2/WWTo2L2Nu_13TeV-powheg-CUETP8M1Down/MINIAODSIM/PU25nsData2015v1_76X_mcRun2_asymptotic_v12-v1/10000/283FDF48-13D5-E511-8200-0025905A60C6.root
19-Oct-2023 13:38:02 CEST  Closed file root://eospublic.cern.ch//eos/opendata/cms/mc/RunIIFall15MiniAODv2/WWTo2L2Nu_13TeV-powheg-CUETP8M1Down/MINIAODSIM/PU25nsData2015v1_76X_mcRun2_asymptotic_v12-v1/10000/283FDF48-13D5-E511-8200-0025905A60C6.root
19-Oct-2023 13:38:02 CEST  Initiating request to open file root://eospublic.cern.ch//eos/opendata/cms/mc/RunIIFall15MiniAODv2/WWTo2L2Nu_13TeV-powheg-CUETP8M1Down/MINIAODSIM/PU25nsData2015v1_76X_mcRun2_asymptotic_v12-v1/10000/38984F6A-18D5-E511-A6E0-0025905B8612.root
%MSG-w XrdAdaptor:  file_open 19-Oct-2023 13:38:02 CEST PostProcessEvent
Data is served from cern.ch instead of original site eospublic
%MSG
19-Oct-2023 13:38:02 CEST  Successfully opened file root://eospublic.cern.ch//eos/opendata/cms/mc/RunIIFall15MiniAODv2/WWTo2L2Nu_13TeV-powheg-CUETP8M1Down/MINIAODSIM/PU25nsData2015v1_76X_mcRun2_asymptotic_v12-v1/10000/38984F6A-18D5-E511-A6E0-0025905B8612.root
19-Oct-2023 13:38:08 CEST  Closed file root://eospublic.cern.ch//eos/opendata/cms/mc/RunIIFall15MiniAODv2/WWTo2L2Nu_13TeV-powheg-CUETP8M1Down/MINIAODSIM/PU25nsData2015v1_76X_mcRun2_asymptotic_v12-v1/10000/38984F6A-18D5-E511-A6E0-0025905B8612.root
19-Oct-2023 13:38:08 CEST  Initiating request to open file root://eospublic.cern.ch//eos/opendata/cms/mc/RunIIFall15MiniAODv2/WWTo2L2Nu_13TeV-powheg-CUETP8M1Down/MINIAODSIM/PU25nsData2015v1_76X_mcRun2_asymptotic_v12-v1/10000/40AF201D-20D5-E511-9BDA-003048FFD79E.root
%MSG-w XrdAdaptor:  file_open 19-Oct-2023 13:38:08 CEST PostProcessEvent
Data is served from cern.ch instead of original site eospublic
%MSG
19-Oct-2023 13:38:08 CEST  Successfully opened file root://eospublic.cern.ch//eos/opendata/cms/mc/RunIIFall15MiniAODv2/WWTo2L2Nu_13TeV-powheg-CUETP8M1Down/MINIAODSIM/PU25nsData2015v1_76X_mcRun2_asymptotic_v12-v1/10000/40AF201D-20D5-E511-9BDA-003048FFD79E.root
Begin processing the 200001st record. Run 1, Event 278105, LumiSection 1402 at 19-Oct-2023 13:38:09.822 CEST
19-Oct-2023 13:38:12 CEST  Closed file root://eospublic.cern.ch//eos/opendata/cms/mc/RunIIFall15MiniAODv2/WWTo2L2Nu_13TeV-powheg-CUETP8M1Down/MINIAODSIM/PU25nsData2015v1_76X_mcRun2_asymptotic_v12-v1/10000/40AF201D-20D5-E511-9BDA-003048FFD79E.root
19-Oct-2023 13:38:12 CEST  Initiating request to open file root://eospublic.cern.ch//eos/opendata/cms/mc/RunIIFall15MiniAODv2/WWTo2L2Nu_13TeV-powheg-CUETP8M1Down/MINIAODSIM/PU25nsData2015v1_76X_mcRun2_asymptotic_v12-v1/10000/52EBB46C-20D5-E511-8077-0025905A6090.root
%MSG-w XrdAdaptor:  file_open 19-Oct-2023 13:38:12 CEST PostProcessEvent
Data is served from cern.ch instead of original site eospublic
%MSG
19-Oct-2023 13:38:12 CEST  Successfully opened file root://eospublic.cern.ch//eos/opendata/cms/mc/RunIIFall15MiniAODv2/WWTo2L2Nu_13TeV-powheg-CUETP8M1Down/MINIAODSIM/PU25nsData2015v1_76X_mcRun2_asymptotic_v12-v1/10000/52EBB46C-20D5-E511-8077-0025905A6090.root
19-Oct-2023 13:38:15 CEST  Closed file root://eospublic.cern.ch//eos/opendata/cms/mc/RunIIFall15MiniAODv2/WWTo2L2Nu_13TeV-powheg-CUETP8M1Down/MINIAODSIM/PU25nsData2015v1_76X_mcRun2_asymptotic_v12-v1/10000/52EBB46C-20D5-E511-8077-0025905A6090.root
19-Oct-2023 13:38:15 CEST  Initiating request to open file root://eospublic.cern.ch//eos/opendata/cms/mc/RunIIFall15MiniAODv2/WWTo2L2Nu_13TeV-powheg-CUETP8M1Down/MINIAODSIM/PU25nsData2015v1_76X_mcRun2_asymptotic_v12-v1/10000/9432730C-20D5-E511-A7FA-002618943919.root
%MSG-w XrdAdaptor:  file_open 19-Oct-2023 13:38:15 CEST PostProcessEvent
Data is served from cern.ch instead of original site eospublic
%MSG
19-Oct-2023 13:38:15 CEST  Successfully opened file root://eospublic.cern.ch//eos/opendata/cms/mc/RunIIFall15MiniAODv2/WWTo2L2Nu_13TeV-powheg-CUETP8M1Down/MINIAODSIM/PU25nsData2015v1_76X_mcRun2_asymptotic_v12-v1/10000/9432730C-20D5-E511-A7FA-002618943919.root
19-Oct-2023 13:38:20 CEST  Closed file root://eospublic.cern.ch//eos/opendata/cms/mc/RunIIFall15MiniAODv2/WWTo2L2Nu_13TeV-powheg-CUETP8M1Down/MINIAODSIM/PU25nsData2015v1_76X_mcRun2_asymptotic_v12-v1/10000/9432730C-20D5-E511-A7FA-002618943919.root
19-Oct-2023 13:38:20 CEST  Initiating request to open file root://eospublic.cern.ch//eos/opendata/cms/mc/RunIIFall15MiniAODv2/WWTo2L2Nu_13TeV-powheg-CUETP8M1Down/MINIAODSIM/PU25nsData2015v1_76X_mcRun2_asymptotic_v12-v1/10000/96840146-13D5-E511-A94E-0CC47A78A436.root
%MSG-w XrdAdaptor:  file_open 19-Oct-2023 13:38:20 CEST PostProcessEvent
Data is served from cern.ch instead of original site eospublic
%MSG
19-Oct-2023 13:38:20 CEST  Successfully opened file root://eospublic.cern.ch//eos/opendata/cms/mc/RunIIFall15MiniAODv2/WWTo2L2Nu_13TeV-powheg-CUETP8M1Down/MINIAODSIM/PU25nsData2015v1_76X_mcRun2_asymptotic_v12-v1/10000/96840146-13D5-E511-A94E-0CC47A78A436.root
Begin processing the 300001st record. Run 1, Event 347717, LumiSection 1753 at 19-Oct-2023 13:38:22.473 CEST
19-Oct-2023 13:38:26 CEST  Closed file root://eospublic.cern.ch//eos/opendata/cms/mc/RunIIFall15MiniAODv2/WWTo2L2Nu_13TeV-powheg-CUETP8M1Down/MINIAODSIM/PU25nsData2015v1_76X_mcRun2_asymptotic_v12-v1/10000/96840146-13D5-E511-A94E-0CC47A78A436.root
19-Oct-2023 13:38:26 CEST  Initiating request to open file root://eospublic.cern.ch//eos/opendata/cms/mc/RunIIFall15MiniAODv2/WWTo2L2Nu_13TeV-powheg-CUETP8M1Down/MINIAODSIM/PU25nsData2015v1_76X_mcRun2_asymptotic_v12-v1/10000/AA5B7719-20D5-E511-8B5C-0025905B855C.root
%MSG-w XrdAdaptor:  file_open 19-Oct-2023 13:38:26 CEST PostProcessEvent
Data is served from cern.ch instead of original site eospublic
%MSG
19-Oct-2023 13:38:26 CEST  Successfully opened file root://eospublic.cern.ch//eos/opendata/cms/mc/RunIIFall15MiniAODv2/WWTo2L2Nu_13TeV-powheg-CUETP8M1Down/MINIAODSIM/PU25nsData2015v1_76X_mcRun2_asymptotic_v12-v1/10000/AA5B7719-20D5-E511-8B5C-0025905B855C.root
19-Oct-2023 13:38:30 CEST  Closed file root://eospublic.cern.ch//eos/opendata/cms/mc/RunIIFall15MiniAODv2/WWTo2L2Nu_13TeV-powheg-CUETP8M1Down/MINIAODSIM/PU25nsData2015v1_76X_mcRun2_asymptotic_v12-v1/10000/AA5B7719-20D5-E511-8B5C-0025905B855C.root
19-Oct-2023 13:38:30 CEST  Initiating request to open file root://eospublic.cern.ch//eos/opendata/cms/mc/RunIIFall15MiniAODv2/WWTo2L2Nu_13TeV-powheg-CUETP8M1Down/MINIAODSIM/PU25nsData2015v1_76X_mcRun2_asymptotic_v12-v1/10000/BA891245-20D5-E511-BA00-0025905B85FC.root
%MSG-w XrdAdaptor:  file_open 19-Oct-2023 13:38:30 CEST PostProcessEvent
Data is served from cern.ch instead of original site eospublic
%MSG
19-Oct-2023 13:38:30 CEST  Successfully opened file root://eospublic.cern.ch//eos/opendata/cms/mc/RunIIFall15MiniAODv2/WWTo2L2Nu_13TeV-powheg-CUETP8M1Down/MINIAODSIM/PU25nsData2015v1_76X_mcRun2_asymptotic_v12-v1/10000/BA891245-20D5-E511-BA00-0025905B85FC.root
Begin processing the 400001st record. Run 1, Event 1236727, LumiSection 6232 at 19-Oct-2023 13:38:34.138 CEST
19-Oct-2023 13:38:35 CEST  Closed file root://eospublic.cern.ch//eos/opendata/cms/mc/RunIIFall15MiniAODv2/WWTo2L2Nu_13TeV-powheg-CUETP8M1Down/MINIAODSIM/PU25nsData2015v1_76X_mcRun2_asymptotic_v12-v1/10000/BA891245-20D5-E511-BA00-0025905B85FC.root
19-Oct-2023 13:38:35 CEST  Initiating request to open file root://eospublic.cern.ch//eos/opendata/cms/mc/RunIIFall15MiniAODv2/WWTo2L2Nu_13TeV-powheg-CUETP8M1Down/MINIAODSIM/PU25nsData2015v1_76X_mcRun2_asymptotic_v12-v1/10000/C6BF2246-13D5-E511-BC89-002590593876.root
%MSG-w XrdAdaptor:  file_open 19-Oct-2023 13:38:35 CEST PostProcessEvent
Data is served from cern.ch instead of original site eospublic
%MSG
19-Oct-2023 13:38:35 CEST  Successfully opened file root://eospublic.cern.ch//eos/opendata/cms/mc/RunIIFall15MiniAODv2/WWTo2L2Nu_13TeV-powheg-CUETP8M1Down/MINIAODSIM/PU25nsData2015v1_76X_mcRun2_asymptotic_v12-v1/10000/C6BF2246-13D5-E511-BC89-002590593876.root
19-Oct-2023 13:38:41 CEST  Closed file root://eospublic.cern.ch//eos/opendata/cms/mc/RunIIFall15MiniAODv2/WWTo2L2Nu_13TeV-powheg-CUETP8M1Down/MINIAODSIM/PU25nsData2015v1_76X_mcRun2_asymptotic_v12-v1/10000/C6BF2246-13D5-E511-BC89-002590593876.root
19-Oct-2023 13:38:41 CEST  Initiating request to open file root://eospublic.cern.ch//eos/opendata/cms/mc/RunIIFall15MiniAODv2/WWTo2L2Nu_13TeV-powheg-CUETP8M1Down/MINIAODSIM/PU25nsData2015v1_76X_mcRun2_asymptotic_v12-v1/10000/CC1E3012-20D5-E511-98BB-0CC47A4D76D2.root
%MSG-w XrdAdaptor:  file_open 19-Oct-2023 13:38:41 CEST PostProcessEvent
Data is served from cern.ch instead of original site eospublic
%MSG
19-Oct-2023 13:38:41 CEST  Successfully opened file root://eospublic.cern.ch//eos/opendata/cms/mc/RunIIFall15MiniAODv2/WWTo2L2Nu_13TeV-powheg-CUETP8M1Down/MINIAODSIM/PU25nsData2015v1_76X_mcRun2_asymptotic_v12-v1/10000/CC1E3012-20D5-E511-98BB-0CC47A4D76D2.root
Begin processing the 500001st record. Run 1, Event 298633, LumiSection 1505 at 19-Oct-2023 13:38:45.598 CEST
19-Oct-2023 13:38:45 CEST  Closed file root://eospublic.cern.ch//eos/opendata/cms/mc/RunIIFall15MiniAODv2/WWTo2L2Nu_13TeV-powheg-CUETP8M1Down/MINIAODSIM/PU25nsData2015v1_76X_mcRun2_asymptotic_v12-v1/10000/CC1E3012-20D5-E511-98BB-0CC47A4D76D2.root
19-Oct-2023 13:38:45 CEST  Initiating request to open file root://eospublic.cern.ch//eos/opendata/cms/mc/RunIIFall15MiniAODv2/WWTo2L2Nu_13TeV-powheg-CUETP8M1Down/MINIAODSIM/PU25nsData2015v1_76X_mcRun2_asymptotic_v12-v1/10000/D214811F-20D5-E511-8224-0025905A48FC.root
%MSG-w XrdAdaptor:  file_open 19-Oct-2023 13:38:45 CEST PostProcessEvent
Data is served from cern.ch instead of original site eospublic
%MSG
19-Oct-2023 13:38:45 CEST  Successfully opened file root://eospublic.cern.ch//eos/opendata/cms/mc/RunIIFall15MiniAODv2/WWTo2L2Nu_13TeV-powheg-CUETP8M1Down/MINIAODSIM/PU25nsData2015v1_76X_mcRun2_asymptotic_v12-v1/10000/D214811F-20D5-E511-8224-0025905A48FC.root
19-Oct-2023 13:38:50 CEST  Closed file root://eospublic.cern.ch//eos/opendata/cms/mc/RunIIFall15MiniAODv2/WWTo2L2Nu_13TeV-powheg-CUETP8M1Down/MINIAODSIM/PU25nsData2015v1_76X_mcRun2_asymptotic_v12-v1/10000/D214811F-20D5-E511-8224-0025905A48FC.root
19-Oct-2023 13:38:50 CEST  Initiating request to open file root://eospublic.cern.ch//eos/opendata/cms/mc/RunIIFall15MiniAODv2/WWTo2L2Nu_13TeV-powheg-CUETP8M1Down/MINIAODSIM/PU25nsData2015v1_76X_mcRun2_asymptotic_v12-v1/10000/D6EF8E1E-20D5-E511-BA5E-0025905A60A0.root
%MSG-w XrdAdaptor:  file_open 19-Oct-2023 13:38:50 CEST PostProcessEvent
Data is served from cern.ch instead of original site eospublic
%MSG
19-Oct-2023 13:38:50 CEST  Successfully opened file root://eospublic.cern.ch//eos/opendata/cms/mc/RunIIFall15MiniAODv2/WWTo2L2Nu_13TeV-powheg-CUETP8M1Down/MINIAODSIM/PU25nsData2015v1_76X_mcRun2_asymptotic_v12-v1/10000/D6EF8E1E-20D5-E511-BA5E-0025905A60A0.root
19-Oct-2023 13:38:54 CEST  Closed file root://eospublic.cern.ch//eos/opendata/cms/mc/RunIIFall15MiniAODv2/WWTo2L2Nu_13TeV-powheg-CUETP8M1Down/MINIAODSIM/PU25nsData2015v1_76X_mcRun2_asymptotic_v12-v1/10000/D6EF8E1E-20D5-E511-BA5E-0025905A60A0.root
19-Oct-2023 13:38:54 CEST  Initiating request to open file root://eospublic.cern.ch//eos/opendata/cms/mc/RunIIFall15MiniAODv2/WWTo2L2Nu_13TeV-powheg-CUETP8M1Down/MINIAODSIM/PU25nsData2015v1_76X_mcRun2_asymptotic_v12-v1/10000/D8B48204-20D5-E511-92DB-0CC47A78A42E.root
%MSG-w XrdAdaptor:  file_open 19-Oct-2023 13:38:54 CEST PostProcessEvent
Data is served from cern.ch instead of original site eospublic
%MSG
19-Oct-2023 13:38:54 CEST  Successfully opened file root://eospublic.cern.ch//eos/opendata/cms/mc/RunIIFall15MiniAODv2/WWTo2L2Nu_13TeV-powheg-CUETP8M1Down/MINIAODSIM/PU25nsData2015v1_76X_mcRun2_asymptotic_v12-v1/10000/D8B48204-20D5-E511-92DB-0CC47A78A42E.root
Begin processing the 600001st record. Run 1, Event 25349, LumiSection 128 at 19-Oct-2023 13:38:57.547 CEST
19-Oct-2023 13:38:59 CEST  Closed file root://eospublic.cern.ch//eos/opendata/cms/mc/RunIIFall15MiniAODv2/WWTo2L2Nu_13TeV-powheg-CUETP8M1Down/MINIAODSIM/PU25nsData2015v1_76X_mcRun2_asymptotic_v12-v1/10000/D8B48204-20D5-E511-92DB-0CC47A78A42E.root
19-Oct-2023 13:38:59 CEST  Initiating request to open file root://eospublic.cern.ch//eos/opendata/cms/mc/RunIIFall15MiniAODv2/WWTo2L2Nu_13TeV-powheg-CUETP8M1Down/MINIAODSIM/PU25nsData2015v1_76X_mcRun2_asymptotic_v12-v1/10000/DA279561-18D5-E511-A10F-0CC47A4C8F1C.root
%MSG-w XrdAdaptor:  file_open 19-Oct-2023 13:38:59 CEST PostProcessEvent
Data is served from cern.ch instead of original site eospublic
%MSG
19-Oct-2023 13:38:59 CEST  Successfully opened file root://eospublic.cern.ch//eos/opendata/cms/mc/RunIIFall15MiniAODv2/WWTo2L2Nu_13TeV-powheg-CUETP8M1Down/MINIAODSIM/PU25nsData2015v1_76X_mcRun2_asymptotic_v12-v1/10000/DA279561-18D5-E511-A10F-0CC47A4C8F1C.root
19-Oct-2023 13:39:03 CEST  Closed file root://eospublic.cern.ch//eos/opendata/cms/mc/RunIIFall15MiniAODv2/WWTo2L2Nu_13TeV-powheg-CUETP8M1Down/MINIAODSIM/PU25nsData2015v1_76X_mcRun2_asymptotic_v12-v1/10000/DA279561-18D5-E511-A10F-0CC47A4C8F1C.root
19-Oct-2023 13:39:03 CEST  Initiating request to open file root://eospublic.cern.ch//eos/opendata/cms/mc/RunIIFall15MiniAODv2/WWTo2L2Nu_13TeV-powheg-CUETP8M1Down/MINIAODSIM/PU25nsData2015v1_76X_mcRun2_asymptotic_v12-v1/10000/F2DE27F9-F6D4-E511-9D8F-0CC47A4C8F08.root
%MSG-w XrdAdaptor:  file_open 19-Oct-2023 13:39:04 CEST PostProcessEvent
Data is served from cern.ch instead of original site eospublic
%MSG
19-Oct-2023 13:39:04 CEST  Successfully opened file root://eospublic.cern.ch//eos/opendata/cms/mc/RunIIFall15MiniAODv2/WWTo2L2Nu_13TeV-powheg-CUETP8M1Down/MINIAODSIM/PU25nsData2015v1_76X_mcRun2_asymptotic_v12-v1/10000/F2DE27F9-F6D4-E511-9D8F-0CC47A4C8F08.root
Begin processing the 700001st record. Run 1, Event 1978175, LumiSection 9968 at 19-Oct-2023 13:39:08.487 CEST
19-Oct-2023 13:39:08 CEST  Closed file root://eospublic.cern.ch//eos/opendata/cms/mc/RunIIFall15MiniAODv2/WWTo2L2Nu_13TeV-powheg-CUETP8M1Down/MINIAODSIM/PU25nsData2015v1_76X_mcRun2_asymptotic_v12-v1/10000/F2DE27F9-F6D4-E511-9D8F-0CC47A4C8F08.root
19-Oct-2023 13:39:08 CEST  Initiating request to open file root://eospublic.cern.ch//eos/opendata/cms/mc/RunIIFall15MiniAODv2/WWTo2L2Nu_13TeV-powheg-CUETP8M1Down/MINIAODSIM/PU25nsData2015v1_76X_mcRun2_asymptotic_v12-v1/80000/00F815C8-9AD4-E511-A47C-0025905B85CA.root
%MSG-w XrdAdaptor:  file_open 19-Oct-2023 13:39:08 CEST PostProcessEvent
Data is served from cern.ch instead of original site eospublic
%MSG
19-Oct-2023 13:39:08 CEST  Successfully opened file root://eospublic.cern.ch//eos/opendata/cms/mc/RunIIFall15MiniAODv2/WWTo2L2Nu_13TeV-powheg-CUETP8M1Down/MINIAODSIM/PU25nsData2015v1_76X_mcRun2_asymptotic_v12-v1/80000/00F815C8-9AD4-E511-A47C-0025905B85CA.root
19-Oct-2023 13:39:11 CEST  Closed file root://eospublic.cern.ch//eos/opendata/cms/mc/RunIIFall15MiniAODv2/WWTo2L2Nu_13TeV-powheg-CUETP8M1Down/MINIAODSIM/PU25nsData2015v1_76X_mcRun2_asymptotic_v12-v1/80000/00F815C8-9AD4-E511-A47C-0025905B85CA.root
19-Oct-2023 13:39:11 CEST  Initiating request to open file root://eospublic.cern.ch//eos/opendata/cms/mc/RunIIFall15MiniAODv2/WWTo2L2Nu_13TeV-powheg-CUETP8M1Down/MINIAODSIM/PU25nsData2015v1_76X_mcRun2_asymptotic_v12-v1/80000/18FBC84E-2DD4-E511-96A7-0025905A60F4.root
%MSG-w XrdAdaptor:  file_open 19-Oct-2023 13:39:11 CEST PostProcessEvent
Data is served from cern.ch instead of original site eospublic
%MSG
19-Oct-2023 13:39:11 CEST  Successfully opened file root://eospublic.cern.ch//eos/opendata/cms/mc/RunIIFall15MiniAODv2/WWTo2L2Nu_13TeV-powheg-CUETP8M1Down/MINIAODSIM/PU25nsData2015v1_76X_mcRun2_asymptotic_v12-v1/80000/18FBC84E-2DD4-E511-96A7-0025905A60F4.root
19-Oct-2023 13:39:16 CEST  Closed file root://eospublic.cern.ch//eos/opendata/cms/mc/RunIIFall15MiniAODv2/WWTo2L2Nu_13TeV-powheg-CUETP8M1Down/MINIAODSIM/PU25nsData2015v1_76X_mcRun2_asymptotic_v12-v1/80000/18FBC84E-2DD4-E511-96A7-0025905A60F4.root
19-Oct-2023 13:39:16 CEST  Initiating request to open file root://eospublic.cern.ch//eos/opendata/cms/mc/RunIIFall15MiniAODv2/WWTo2L2Nu_13TeV-powheg-CUETP8M1Down/MINIAODSIM/PU25nsData2015v1_76X_mcRun2_asymptotic_v12-v1/80000/2432AA7D-20D4-E511-A940-0025905B8560.root
%MSG-w XrdAdaptor:  file_open 19-Oct-2023 13:39:16 CEST PostProcessEvent
Data is served from cern.ch instead of original site eospublic
%MSG
19-Oct-2023 13:39:16 CEST  Successfully opened file root://eospublic.cern.ch//eos/opendata/cms/mc/RunIIFall15MiniAODv2/WWTo2L2Nu_13TeV-powheg-CUETP8M1Down/MINIAODSIM/PU25nsData2015v1_76X_mcRun2_asymptotic_v12-v1/80000/2432AA7D-20D4-E511-A940-0025905B8560.root
19-Oct-2023 13:39:17 CEST  Closed file root://eospublic.cern.ch//eos/opendata/cms/mc/RunIIFall15MiniAODv2/WWTo2L2Nu_13TeV-powheg-CUETP8M1Down/MINIAODSIM/PU25nsData2015v1_76X_mcRun2_asymptotic_v12-v1/80000/2432AA7D-20D4-E511-A940-0025905B8560.root
19-Oct-2023 13:39:17 CEST  Initiating request to open file root://eospublic.cern.ch//eos/opendata/cms/mc/RunIIFall15MiniAODv2/WWTo2L2Nu_13TeV-powheg-CUETP8M1Down/MINIAODSIM/PU25nsData2015v1_76X_mcRun2_asymptotic_v12-v1/80000/26594317-9CD4-E511-84E2-0CC47A78A3F8.root
%MSG-w XrdAdaptor:  file_open 19-Oct-2023 13:39:17 CEST PostProcessEvent
Data is served from cern.ch instead of original site eospublic
%MSG
19-Oct-2023 13:39:17 CEST  Successfully opened file root://eospublic.cern.ch//eos/opendata/cms/mc/RunIIFall15MiniAODv2/WWTo2L2Nu_13TeV-powheg-CUETP8M1Down/MINIAODSIM/PU25nsData2015v1_76X_mcRun2_asymptotic_v12-v1/80000/26594317-9CD4-E511-84E2-0CC47A78A3F8.root
Begin processing the 800001st record. Run 1, Event 1846709, LumiSection 9306 at 19-Oct-2023 13:39:20.854 CEST
19-Oct-2023 13:39:21 CEST  Closed file root://eospublic.cern.ch//eos/opendata/cms/mc/RunIIFall15MiniAODv2/WWTo2L2Nu_13TeV-powheg-CUETP8M1Down/MINIAODSIM/PU25nsData2015v1_76X_mcRun2_asymptotic_v12-v1/80000/26594317-9CD4-E511-84E2-0CC47A78A3F8.root
19-Oct-2023 13:39:21 CEST  Initiating request to open file root://eospublic.cern.ch//eos/opendata/cms/mc/RunIIFall15MiniAODv2/WWTo2L2Nu_13TeV-powheg-CUETP8M1Down/MINIAODSIM/PU25nsData2015v1_76X_mcRun2_asymptotic_v12-v1/80000/2E185F4D-29D4-E511-9A30-0CC47A4C8ECA.root
%MSG-w XrdAdaptor:  file_open 19-Oct-2023 13:39:21 CEST PostProcessEvent
Data is served from cern.ch instead of original site eospublic
%MSG
19-Oct-2023 13:39:21 CEST  Successfully opened file root://eospublic.cern.ch//eos/opendata/cms/mc/RunIIFall15MiniAODv2/WWTo2L2Nu_13TeV-powheg-CUETP8M1Down/MINIAODSIM/PU25nsData2015v1_76X_mcRun2_asymptotic_v12-v1/80000/2E185F4D-29D4-E511-9A30-0CC47A4C8ECA.root
19-Oct-2023 13:39:26 CEST  Closed file root://eospublic.cern.ch//eos/opendata/cms/mc/RunIIFall15MiniAODv2/WWTo2L2Nu_13TeV-powheg-CUETP8M1Down/MINIAODSIM/PU25nsData2015v1_76X_mcRun2_asymptotic_v12-v1/80000/2E185F4D-29D4-E511-9A30-0CC47A4C8ECA.root
19-Oct-2023 13:39:26 CEST  Initiating request to open file root://eospublic.cern.ch//eos/opendata/cms/mc/RunIIFall15MiniAODv2/WWTo2L2Nu_13TeV-powheg-CUETP8M1Down/MINIAODSIM/PU25nsData2015v1_76X_mcRun2_asymptotic_v12-v1/80000/30722914-9BD4-E511-B2B1-0CC47A4C8EE2.root
%MSG-w XrdAdaptor:  file_open 19-Oct-2023 13:39:26 CEST PostProcessEvent
Data is served from cern.ch instead of original site eospublic
%MSG
19-Oct-2023 13:39:26 CEST  Successfully opened file root://eospublic.cern.ch//eos/opendata/cms/mc/RunIIFall15MiniAODv2/WWTo2L2Nu_13TeV-powheg-CUETP8M1Down/MINIAODSIM/PU25nsData2015v1_76X_mcRun2_asymptotic_v12-v1/80000/30722914-9BD4-E511-B2B1-0CC47A4C8EE2.root
19-Oct-2023 13:39:31 CEST  Closed file root://eospublic.cern.ch//eos/opendata/cms/mc/RunIIFall15MiniAODv2/WWTo2L2Nu_13TeV-powheg-CUETP8M1Down/MINIAODSIM/PU25nsData2015v1_76X_mcRun2_asymptotic_v12-v1/80000/30722914-9BD4-E511-B2B1-0CC47A4C8EE2.root
19-Oct-2023 13:39:31 CEST  Initiating request to open file root://eospublic.cern.ch//eos/opendata/cms/mc/RunIIFall15MiniAODv2/WWTo2L2Nu_13TeV-powheg-CUETP8M1Down/MINIAODSIM/PU25nsData2015v1_76X_mcRun2_asymptotic_v12-v1/80000/32E524FD-9BD4-E511-B4D0-0025905B858E.root
%MSG-w XrdAdaptor:  file_open 19-Oct-2023 13:39:31 CEST PostProcessEvent
Data is served from cern.ch instead of original site eospublic
%MSG
19-Oct-2023 13:39:31 CEST  Successfully opened file root://eospublic.cern.ch//eos/opendata/cms/mc/RunIIFall15MiniAODv2/WWTo2L2Nu_13TeV-powheg-CUETP8M1Down/MINIAODSIM/PU25nsData2015v1_76X_mcRun2_asymptotic_v12-v1/80000/32E524FD-9BD4-E511-B4D0-0025905B858E.root
Begin processing the 900001st record. Run 1, Event 661991, LumiSection 3336 at 19-Oct-2023 13:39:32.764 CEST
19-Oct-2023 13:39:35 CEST  Closed file root://eospublic.cern.ch//eos/opendata/cms/mc/RunIIFall15MiniAODv2/WWTo2L2Nu_13TeV-powheg-CUETP8M1Down/MINIAODSIM/PU25nsData2015v1_76X_mcRun2_asymptotic_v12-v1/80000/32E524FD-9BD4-E511-B4D0-0025905B858E.root
19-Oct-2023 13:39:35 CEST  Initiating request to open file root://eospublic.cern.ch//eos/opendata/cms/mc/RunIIFall15MiniAODv2/WWTo2L2Nu_13TeV-powheg-CUETP8M1Down/MINIAODSIM/PU25nsData2015v1_76X_mcRun2_asymptotic_v12-v1/80000/34ED0BE7-F2D4-E511-9370-D4AE526A1010.root
%MSG-w XrdAdaptor:  file_open 19-Oct-2023 13:39:35 CEST PostProcessEvent
Data is served from cern.ch instead of original site eospublic
%MSG
19-Oct-2023 13:39:35 CEST  Successfully opened file root://eospublic.cern.ch//eos/opendata/cms/mc/RunIIFall15MiniAODv2/WWTo2L2Nu_13TeV-powheg-CUETP8M1Down/MINIAODSIM/PU25nsData2015v1_76X_mcRun2_asymptotic_v12-v1/80000/34ED0BE7-F2D4-E511-9370-D4AE526A1010.root
19-Oct-2023 13:39:36 CEST  Closed file root://eospublic.cern.ch//eos/opendata/cms/mc/RunIIFall15MiniAODv2/WWTo2L2Nu_13TeV-powheg-CUETP8M1Down/MINIAODSIM/PU25nsData2015v1_76X_mcRun2_asymptotic_v12-v1/80000/34ED0BE7-F2D4-E511-9370-D4AE526A1010.root
19-Oct-2023 13:39:36 CEST  Initiating request to open file root://eospublic.cern.ch//eos/opendata/cms/mc/RunIIFall15MiniAODv2/WWTo2L2Nu_13TeV-powheg-CUETP8M1Down/MINIAODSIM/PU25nsData2015v1_76X_mcRun2_asymptotic_v12-v1/80000/3A32CD24-9AD4-E511-B5CD-0CC47A4C8E98.root
%MSG-w XrdAdaptor:  file_open 19-Oct-2023 13:39:36 CEST PostProcessEvent
Data is served from cern.ch instead of original site eospublic
%MSG
19-Oct-2023 13:39:36 CEST  Successfully opened file root://eospublic.cern.ch//eos/opendata/cms/mc/RunIIFall15MiniAODv2/WWTo2L2Nu_13TeV-powheg-CUETP8M1Down/MINIAODSIM/PU25nsData2015v1_76X_mcRun2_asymptotic_v12-v1/80000/3A32CD24-9AD4-E511-B5CD-0CC47A4C8E98.root
19-Oct-2023 13:39:41 CEST  Closed file root://eospublic.cern.ch//eos/opendata/cms/mc/RunIIFall15MiniAODv2/WWTo2L2Nu_13TeV-powheg-CUETP8M1Down/MINIAODSIM/PU25nsData2015v1_76X_mcRun2_asymptotic_v12-v1/80000/3A32CD24-9AD4-E511-B5CD-0CC47A4C8E98.root
19-Oct-2023 13:39:41 CEST  Initiating request to open file root://eospublic.cern.ch//eos/opendata/cms/mc/RunIIFall15MiniAODv2/WWTo2L2Nu_13TeV-powheg-CUETP8M1Down/MINIAODSIM/PU25nsData2015v1_76X_mcRun2_asymptotic_v12-v1/80000/3ED89625-A2D5-E511-B184-0CC47A57D066.root
%MSG-w XrdAdaptor:  file_open 19-Oct-2023 13:39:41 CEST PostProcessEvent
Data is served from cern.ch instead of original site eospublic
%MSG
19-Oct-2023 13:39:41 CEST  Successfully opened file root://eospublic.cern.ch//eos/opendata/cms/mc/RunIIFall15MiniAODv2/WWTo2L2Nu_13TeV-powheg-CUETP8M1Down/MINIAODSIM/PU25nsData2015v1_76X_mcRun2_asymptotic_v12-v1/80000/3ED89625-A2D5-E511-B184-0CC47A57D066.root
Begin processing the 1000001st record. Run 1, Event 987263, LumiSection 4975 at 19-Oct-2023 13:39:44.452 CEST
19-Oct-2023 13:39:45 CEST  Closed file root://eospublic.cern.ch//eos/opendata/cms/mc/RunIIFall15MiniAODv2/WWTo2L2Nu_13TeV-powheg-CUETP8M1Down/MINIAODSIM/PU25nsData2015v1_76X_mcRun2_asymptotic_v12-v1/80000/3ED89625-A2D5-E511-B184-0CC47A57D066.root
19-Oct-2023 13:39:45 CEST  Initiating request to open file root://eospublic.cern.ch//eos/opendata/cms/mc/RunIIFall15MiniAODv2/WWTo2L2Nu_13TeV-powheg-CUETP8M1Down/MINIAODSIM/PU25nsData2015v1_76X_mcRun2_asymptotic_v12-v1/80000/4E9DC62A-A2D5-E511-9D32-549F3525DEFC.root
%MSG-w XrdAdaptor:  file_open 19-Oct-2023 13:39:45 CEST PostProcessEvent
Data is served from cern.ch instead of original site eospublic
%MSG
19-Oct-2023 13:39:45 CEST  Successfully opened file root://eospublic.cern.ch//eos/opendata/cms/mc/RunIIFall15MiniAODv2/WWTo2L2Nu_13TeV-powheg-CUETP8M1Down/MINIAODSIM/PU25nsData2015v1_76X_mcRun2_asymptotic_v12-v1/80000/4E9DC62A-A2D5-E511-9D32-549F3525DEFC.root
19-Oct-2023 13:39:46 CEST  Closed file root://eospublic.cern.ch//eos/opendata/cms/mc/RunIIFall15MiniAODv2/WWTo2L2Nu_13TeV-powheg-CUETP8M1Down/MINIAODSIM/PU25nsData2015v1_76X_mcRun2_asymptotic_v12-v1/80000/4E9DC62A-A2D5-E511-9D32-549F3525DEFC.root
19-Oct-2023 13:39:46 CEST  Initiating request to open file root://eospublic.cern.ch//eos/opendata/cms/mc/RunIIFall15MiniAODv2/WWTo2L2Nu_13TeV-powheg-CUETP8M1Down/MINIAODSIM/PU25nsData2015v1_76X_mcRun2_asymptotic_v12-v1/80000/522B3EF6-46D4-E511-8348-1CC1DE1D0AD4.root
%MSG-w XrdAdaptor:  file_open 19-Oct-2023 13:39:46 CEST PostProcessEvent
Data is served from cern.ch instead of original site eospublic
%MSG
19-Oct-2023 13:39:46 CEST  Successfully opened file root://eospublic.cern.ch//eos/opendata/cms/mc/RunIIFall15MiniAODv2/WWTo2L2Nu_13TeV-powheg-CUETP8M1Down/MINIAODSIM/PU25nsData2015v1_76X_mcRun2_asymptotic_v12-v1/80000/522B3EF6-46D4-E511-8348-1CC1DE1D0AD4.root
19-Oct-2023 13:39:48 CEST  Closed file root://eospublic.cern.ch//eos/opendata/cms/mc/RunIIFall15MiniAODv2/WWTo2L2Nu_13TeV-powheg-CUETP8M1Down/MINIAODSIM/PU25nsData2015v1_76X_mcRun2_asymptotic_v12-v1/80000/522B3EF6-46D4-E511-8348-1CC1DE1D0AD4.root
19-Oct-2023 13:39:48 CEST  Initiating request to open file root://eospublic.cern.ch//eos/opendata/cms/mc/RunIIFall15MiniAODv2/WWTo2L2Nu_13TeV-powheg-CUETP8M1Down/MINIAODSIM/PU25nsData2015v1_76X_mcRun2_asymptotic_v12-v1/80000/529B4836-9BD4-E511-9142-002618943946.root
%MSG-w XrdAdaptor:  file_open 19-Oct-2023 13:39:48 CEST PostProcessEvent
Data is served from cern.ch instead of original site eospublic
%MSG
19-Oct-2023 13:39:49 CEST  Successfully opened file root://eospublic.cern.ch//eos/opendata/cms/mc/RunIIFall15MiniAODv2/WWTo2L2Nu_13TeV-powheg-CUETP8M1Down/MINIAODSIM/PU25nsData2015v1_76X_mcRun2_asymptotic_v12-v1/80000/529B4836-9BD4-E511-9142-002618943946.root
19-Oct-2023 13:39:53 CEST  Closed file root://eospublic.cern.ch//eos/opendata/cms/mc/RunIIFall15MiniAODv2/WWTo2L2Nu_13TeV-powheg-CUETP8M1Down/MINIAODSIM/PU25nsData2015v1_76X_mcRun2_asymptotic_v12-v1/80000/529B4836-9BD4-E511-9142-002618943946.root
19-Oct-2023 13:39:53 CEST  Initiating request to open file root://eospublic.cern.ch//eos/opendata/cms/mc/RunIIFall15MiniAODv2/WWTo2L2Nu_13TeV-powheg-CUETP8M1Down/MINIAODSIM/PU25nsData2015v1_76X_mcRun2_asymptotic_v12-v1/80000/5C6915FA-9BD4-E511-8FBE-0CC47A4C8E66.root
%MSG-w XrdAdaptor:  file_open 19-Oct-2023 13:39:53 CEST PostProcessEvent
Data is served from cern.ch instead of original site eospublic
%MSG
19-Oct-2023 13:39:54 CEST  Successfully opened file root://eospublic.cern.ch//eos/opendata/cms/mc/RunIIFall15MiniAODv2/WWTo2L2Nu_13TeV-powheg-CUETP8M1Down/MINIAODSIM/PU25nsData2015v1_76X_mcRun2_asymptotic_v12-v1/80000/5C6915FA-9BD4-E511-8FBE-0CC47A4C8E66.root
Begin processing the 1100001st record. Run 1, Event 534525, LumiSection 2693 at 19-Oct-2023 13:39:56.982 CEST
19-Oct-2023 13:39:58 CEST  Closed file root://eospublic.cern.ch//eos/opendata/cms/mc/RunIIFall15MiniAODv2/WWTo2L2Nu_13TeV-powheg-CUETP8M1Down/MINIAODSIM/PU25nsData2015v1_76X_mcRun2_asymptotic_v12-v1/80000/5C6915FA-9BD4-E511-8FBE-0CC47A4C8E66.root
19-Oct-2023 13:39:58 CEST  Initiating request to open file root://eospublic.cern.ch//eos/opendata/cms/mc/RunIIFall15MiniAODv2/WWTo2L2Nu_13TeV-powheg-CUETP8M1Down/MINIAODSIM/PU25nsData2015v1_76X_mcRun2_asymptotic_v12-v1/80000/62DBE2FF-46D4-E511-9C0D-008CFA06473C.root
%MSG-w XrdAdaptor:  file_open 19-Oct-2023 13:39:58 CEST PostProcessEvent
Data is served from cern.ch instead of original site eospublic
%MSG
19-Oct-2023 13:39:58 CEST  Successfully opened file root://eospublic.cern.ch//eos/opendata/cms/mc/RunIIFall15MiniAODv2/WWTo2L2Nu_13TeV-powheg-CUETP8M1Down/MINIAODSIM/PU25nsData2015v1_76X_mcRun2_asymptotic_v12-v1/80000/62DBE2FF-46D4-E511-9C0D-008CFA06473C.root
19-Oct-2023 13:40:01 CEST  Closed file root://eospublic.cern.ch//eos/opendata/cms/mc/RunIIFall15MiniAODv2/WWTo2L2Nu_13TeV-powheg-CUETP8M1Down/MINIAODSIM/PU25nsData2015v1_76X_mcRun2_asymptotic_v12-v1/80000/62DBE2FF-46D4-E511-9C0D-008CFA06473C.root
19-Oct-2023 13:40:01 CEST  Initiating request to open file root://eospublic.cern.ch//eos/opendata/cms/mc/RunIIFall15MiniAODv2/WWTo2L2Nu_13TeV-powheg-CUETP8M1Down/MINIAODSIM/PU25nsData2015v1_76X_mcRun2_asymptotic_v12-v1/80000/6429CC58-9BD4-E511-873A-0025905A6138.root
%MSG-w XrdAdaptor:  file_open 19-Oct-2023 13:40:02 CEST PostProcessEvent
Data is served from cern.ch instead of original site eospublic
%MSG
19-Oct-2023 13:40:02 CEST  Successfully opened file root://eospublic.cern.ch//eos/opendata/cms/mc/RunIIFall15MiniAODv2/WWTo2L2Nu_13TeV-powheg-CUETP8M1Down/MINIAODSIM/PU25nsData2015v1_76X_mcRun2_asymptotic_v12-v1/80000/6429CC58-9BD4-E511-873A-0025905A6138.root
19-Oct-2023 13:40:04 CEST  Closed file root://eospublic.cern.ch//eos/opendata/cms/mc/RunIIFall15MiniAODv2/WWTo2L2Nu_13TeV-powheg-CUETP8M1Down/MINIAODSIM/PU25nsData2015v1_76X_mcRun2_asymptotic_v12-v1/80000/6429CC58-9BD4-E511-873A-0025905A6138.root
19-Oct-2023 13:40:04 CEST  Initiating request to open file root://eospublic.cern.ch//eos/opendata/cms/mc/RunIIFall15MiniAODv2/WWTo2L2Nu_13TeV-powheg-CUETP8M1Down/MINIAODSIM/PU25nsData2015v1_76X_mcRun2_asymptotic_v12-v1/80000/64677832-9BD4-E511-A574-0CC47A4D7646.root
%MSG-w XrdAdaptor:  file_open 19-Oct-2023 13:40:04 CEST PostProcessEvent
Data is served from cern.ch instead of original site eospublic
%MSG
19-Oct-2023 13:40:04 CEST  Successfully opened file root://eospublic.cern.ch//eos/opendata/cms/mc/RunIIFall15MiniAODv2/WWTo2L2Nu_13TeV-powheg-CUETP8M1Down/MINIAODSIM/PU25nsData2015v1_76X_mcRun2_asymptotic_v12-v1/80000/64677832-9BD4-E511-A574-0CC47A4D7646.root
Begin processing the 1200001st record. Run 1, Event 1697371, LumiSection 8553 at 19-Oct-2023 13:40:08.670 CEST
19-Oct-2023 13:40:09 CEST  Closed file root://eospublic.cern.ch//eos/opendata/cms/mc/RunIIFall15MiniAODv2/WWTo2L2Nu_13TeV-powheg-CUETP8M1Down/MINIAODSIM/PU25nsData2015v1_76X_mcRun2_asymptotic_v12-v1/80000/64677832-9BD4-E511-A574-0CC47A4D7646.root
19-Oct-2023 13:40:09 CEST  Initiating request to open file root://eospublic.cern.ch//eos/opendata/cms/mc/RunIIFall15MiniAODv2/WWTo2L2Nu_13TeV-powheg-CUETP8M1Down/MINIAODSIM/PU25nsData2015v1_76X_mcRun2_asymptotic_v12-v1/80000/6ECA8622-02D5-E511-9409-3417EBE64BA3.root
%MSG-w XrdAdaptor:  file_open 19-Oct-2023 13:40:09 CEST PostProcessEvent
Data is served from cern.ch instead of original site eospublic
%MSG
19-Oct-2023 13:40:09 CEST  Successfully opened file root://eospublic.cern.ch//eos/opendata/cms/mc/RunIIFall15MiniAODv2/WWTo2L2Nu_13TeV-powheg-CUETP8M1Down/MINIAODSIM/PU25nsData2015v1_76X_mcRun2_asymptotic_v12-v1/80000/6ECA8622-02D5-E511-9409-3417EBE64BA3.root
19-Oct-2023 13:40:10 CEST  Closed file root://eospublic.cern.ch//eos/opendata/cms/mc/RunIIFall15MiniAODv2/WWTo2L2Nu_13TeV-powheg-CUETP8M1Down/MINIAODSIM/PU25nsData2015v1_76X_mcRun2_asymptotic_v12-v1/80000/6ECA8622-02D5-E511-9409-3417EBE64BA3.root
19-Oct-2023 13:40:10 CEST  Initiating request to open file root://eospublic.cern.ch//eos/opendata/cms/mc/RunIIFall15MiniAODv2/WWTo2L2Nu_13TeV-powheg-CUETP8M1Down/MINIAODSIM/PU25nsData2015v1_76X_mcRun2_asymptotic_v12-v1/80000/820C2051-26D4-E511-A8D7-A0000420FE80.root
%MSG-w XrdAdaptor:  file_open 19-Oct-2023 13:40:10 CEST PostProcessEvent
Data is served from cern.ch instead of original site eospublic
%MSG
19-Oct-2023 13:40:11 CEST  Successfully opened file root://eospublic.cern.ch//eos/opendata/cms/mc/RunIIFall15MiniAODv2/WWTo2L2Nu_13TeV-powheg-CUETP8M1Down/MINIAODSIM/PU25nsData2015v1_76X_mcRun2_asymptotic_v12-v1/80000/820C2051-26D4-E511-A8D7-A0000420FE80.root
19-Oct-2023 13:40:14 CEST  Closed file root://eospublic.cern.ch//eos/opendata/cms/mc/RunIIFall15MiniAODv2/WWTo2L2Nu_13TeV-powheg-CUETP8M1Down/MINIAODSIM/PU25nsData2015v1_76X_mcRun2_asymptotic_v12-v1/80000/820C2051-26D4-E511-A8D7-A0000420FE80.root
19-Oct-2023 13:40:14 CEST  Initiating request to open file root://eospublic.cern.ch//eos/opendata/cms/mc/RunIIFall15MiniAODv2/WWTo2L2Nu_13TeV-powheg-CUETP8M1Down/MINIAODSIM/PU25nsData2015v1_76X_mcRun2_asymptotic_v12-v1/80000/8A1957A5-26D4-E511-AA61-0CC47A4D76B2.root
%MSG-w XrdAdaptor:  file_open 19-Oct-2023 13:40:14 CEST PostProcessEvent
Data is served from cern.ch instead of original site eospublic
%MSG
19-Oct-2023 13:40:14 CEST  Successfully opened file root://eospublic.cern.ch//eos/opendata/cms/mc/RunIIFall15MiniAODv2/WWTo2L2Nu_13TeV-powheg-CUETP8M1Down/MINIAODSIM/PU25nsData2015v1_76X_mcRun2_asymptotic_v12-v1/80000/8A1957A5-26D4-E511-AA61-0CC47A4D76B2.root
19-Oct-2023 13:40:15 CEST  Closed file root://eospublic.cern.ch//eos/opendata/cms/mc/RunIIFall15MiniAODv2/WWTo2L2Nu_13TeV-powheg-CUETP8M1Down/MINIAODSIM/PU25nsData2015v1_76X_mcRun2_asymptotic_v12-v1/80000/8A1957A5-26D4-E511-AA61-0CC47A4D76B2.root
19-Oct-2023 13:40:15 CEST  Initiating request to open file root://eospublic.cern.ch//eos/opendata/cms/mc/RunIIFall15MiniAODv2/WWTo2L2Nu_13TeV-powheg-CUETP8M1Down/MINIAODSIM/PU25nsData2015v1_76X_mcRun2_asymptotic_v12-v1/80000/8CCB6CDE-8CD4-E511-8D0A-1418774124DE.root
%MSG-w XrdAdaptor:  file_open 19-Oct-2023 13:40:15 CEST PostProcessEvent
Data is served from cern.ch instead of original site eospublic
%MSG
19-Oct-2023 13:40:15 CEST  Successfully opened file root://eospublic.cern.ch//eos/opendata/cms/mc/RunIIFall15MiniAODv2/WWTo2L2Nu_13TeV-powheg-CUETP8M1Down/MINIAODSIM/PU25nsData2015v1_76X_mcRun2_asymptotic_v12-v1/80000/8CCB6CDE-8CD4-E511-8D0A-1418774124DE.root
19-Oct-2023 13:40:20 CEST  Closed file root://eospublic.cern.ch//eos/opendata/cms/mc/RunIIFall15MiniAODv2/WWTo2L2Nu_13TeV-powheg-CUETP8M1Down/MINIAODSIM/PU25nsData2015v1_76X_mcRun2_asymptotic_v12-v1/80000/8CCB6CDE-8CD4-E511-8D0A-1418774124DE.root
19-Oct-2023 13:40:20 CEST  Initiating request to open file root://eospublic.cern.ch//eos/opendata/cms/mc/RunIIFall15MiniAODv2/WWTo2L2Nu_13TeV-powheg-CUETP8M1Down/MINIAODSIM/PU25nsData2015v1_76X_mcRun2_asymptotic_v12-v1/80000/9A0D7C57-9BD4-E511-B289-0CC47A7452D0.root
%MSG-w XrdAdaptor:  file_open 19-Oct-2023 13:40:20 CEST PostProcessEvent
Data is served from cern.ch instead of original site eospublic
%MSG
19-Oct-2023 13:40:20 CEST  Successfully opened file root://eospublic.cern.ch//eos/opendata/cms/mc/RunIIFall15MiniAODv2/WWTo2L2Nu_13TeV-powheg-CUETP8M1Down/MINIAODSIM/PU25nsData2015v1_76X_mcRun2_asymptotic_v12-v1/80000/9A0D7C57-9BD4-E511-B289-0CC47A7452D0.root
Begin processing the 1300001st record. Run 1, Event 856137, LumiSection 4314 at 19-Oct-2023 13:40:22.521 CEST
19-Oct-2023 13:40:25 CEST  Closed file root://eospublic.cern.ch//eos/opendata/cms/mc/RunIIFall15MiniAODv2/WWTo2L2Nu_13TeV-powheg-CUETP8M1Down/MINIAODSIM/PU25nsData2015v1_76X_mcRun2_asymptotic_v12-v1/80000/9A0D7C57-9BD4-E511-B289-0CC47A7452D0.root
19-Oct-2023 13:40:25 CEST  Initiating request to open file root://eospublic.cern.ch//eos/opendata/cms/mc/RunIIFall15MiniAODv2/WWTo2L2Nu_13TeV-powheg-CUETP8M1Down/MINIAODSIM/PU25nsData2015v1_76X_mcRun2_asymptotic_v12-v1/80000/9AE14BB6-2AD4-E511-9B9F-0025905B8582.root
%MSG-w XrdAdaptor:  file_open 19-Oct-2023 13:40:25 CEST PostProcessEvent
Data is served from cern.ch instead of original site eospublic
%MSG
19-Oct-2023 13:40:25 CEST  Successfully opened file root://eospublic.cern.ch//eos/opendata/cms/mc/RunIIFall15MiniAODv2/WWTo2L2Nu_13TeV-powheg-CUETP8M1Down/MINIAODSIM/PU25nsData2015v1_76X_mcRun2_asymptotic_v12-v1/80000/9AE14BB6-2AD4-E511-9B9F-0025905B8582.root
19-Oct-2023 13:40:30 CEST  Closed file root://eospublic.cern.ch//eos/opendata/cms/mc/RunIIFall15MiniAODv2/WWTo2L2Nu_13TeV-powheg-CUETP8M1Down/MINIAODSIM/PU25nsData2015v1_76X_mcRun2_asymptotic_v12-v1/80000/9AE14BB6-2AD4-E511-9B9F-0025905B8582.root
19-Oct-2023 13:40:30 CEST  Initiating request to open file root://eospublic.cern.ch//eos/opendata/cms/mc/RunIIFall15MiniAODv2/WWTo2L2Nu_13TeV-powheg-CUETP8M1Down/MINIAODSIM/PU25nsData2015v1_76X_mcRun2_asymptotic_v12-v1/80000/9C5BB3F4-98D5-E511-9B6D-0025905A6068.root
%MSG-w XrdAdaptor:  file_open 19-Oct-2023 13:40:30 CEST PostProcessEvent
Data is served from cern.ch instead of original site eospublic
%MSG
19-Oct-2023 13:40:30 CEST  Successfully opened file root://eospublic.cern.ch//eos/opendata/cms/mc/RunIIFall15MiniAODv2/WWTo2L2Nu_13TeV-powheg-CUETP8M1Down/MINIAODSIM/PU25nsData2015v1_76X_mcRun2_asymptotic_v12-v1/80000/9C5BB3F4-98D5-E511-9B6D-0025905A6068.root
19-Oct-2023 13:40:32 CEST  Closed file root://eospublic.cern.ch//eos/opendata/cms/mc/RunIIFall15MiniAODv2/WWTo2L2Nu_13TeV-powheg-CUETP8M1Down/MINIAODSIM/PU25nsData2015v1_76X_mcRun2_asymptotic_v12-v1/80000/9C5BB3F4-98D5-E511-9B6D-0025905A6068.root
19-Oct-2023 13:40:32 CEST  Initiating request to open file root://eospublic.cern.ch//eos/opendata/cms/mc/RunIIFall15MiniAODv2/WWTo2L2Nu_13TeV-powheg-CUETP8M1Down/MINIAODSIM/PU25nsData2015v1_76X_mcRun2_asymptotic_v12-v1/80000/A67C6B68-20D4-E511-9F31-0CC47A4C8E22.root
%MSG-w XrdAdaptor:  file_open 19-Oct-2023 13:40:32 CEST PostProcessEvent
Data is served from cern.ch instead of original site eospublic
%MSG
19-Oct-2023 13:40:32 CEST  Successfully opened file root://eospublic.cern.ch//eos/opendata/cms/mc/RunIIFall15MiniAODv2/WWTo2L2Nu_13TeV-powheg-CUETP8M1Down/MINIAODSIM/PU25nsData2015v1_76X_mcRun2_asymptotic_v12-v1/80000/A67C6B68-20D4-E511-9F31-0CC47A4C8E22.root
Begin processing the 1400001st record. Run 1, Event 859531, LumiSection 4331 at 19-Oct-2023 13:40:34.337 CEST
19-Oct-2023 13:40:37 CEST  Closed file root://eospublic.cern.ch//eos/opendata/cms/mc/RunIIFall15MiniAODv2/WWTo2L2Nu_13TeV-powheg-CUETP8M1Down/MINIAODSIM/PU25nsData2015v1_76X_mcRun2_asymptotic_v12-v1/80000/A67C6B68-20D4-E511-9F31-0CC47A4C8E22.root
19-Oct-2023 13:40:37 CEST  Initiating request to open file root://eospublic.cern.ch//eos/opendata/cms/mc/RunIIFall15MiniAODv2/WWTo2L2Nu_13TeV-powheg-CUETP8M1Down/MINIAODSIM/PU25nsData2015v1_76X_mcRun2_asymptotic_v12-v1/80000/A81A6980-2DD5-E511-A862-3417EBE6453D.root
%MSG-w XrdAdaptor:  file_open 19-Oct-2023 13:40:37 CEST PostProcessEvent
Data is served from cern.ch instead of original site eospublic
%MSG
19-Oct-2023 13:40:37 CEST  Successfully opened file root://eospublic.cern.ch//eos/opendata/cms/mc/RunIIFall15MiniAODv2/WWTo2L2Nu_13TeV-powheg-CUETP8M1Down/MINIAODSIM/PU25nsData2015v1_76X_mcRun2_asymptotic_v12-v1/80000/A81A6980-2DD5-E511-A862-3417EBE6453D.root
19-Oct-2023 13:40:38 CEST  Closed file root://eospublic.cern.ch//eos/opendata/cms/mc/RunIIFall15MiniAODv2/WWTo2L2Nu_13TeV-powheg-CUETP8M1Down/MINIAODSIM/PU25nsData2015v1_76X_mcRun2_asymptotic_v12-v1/80000/A81A6980-2DD5-E511-A862-3417EBE6453D.root
19-Oct-2023 13:40:38 CEST  Initiating request to open file root://eospublic.cern.ch//eos/opendata/cms/mc/RunIIFall15MiniAODv2/WWTo2L2Nu_13TeV-powheg-CUETP8M1Down/MINIAODSIM/PU25nsData2015v1_76X_mcRun2_asymptotic_v12-v1/80000/AE6EC34F-2DD4-E511-BC88-0025905A48BA.root
%MSG-w XrdAdaptor:  file_open 19-Oct-2023 13:40:38 CEST PostProcessEvent
Data is served from cern.ch instead of original site eospublic
%MSG
19-Oct-2023 13:40:38 CEST  Successfully opened file root://eospublic.cern.ch//eos/opendata/cms/mc/RunIIFall15MiniAODv2/WWTo2L2Nu_13TeV-powheg-CUETP8M1Down/MINIAODSIM/PU25nsData2015v1_76X_mcRun2_asymptotic_v12-v1/80000/AE6EC34F-2DD4-E511-BC88-0025905A48BA.root
19-Oct-2023 13:40:43 CEST  Closed file root://eospublic.cern.ch//eos/opendata/cms/mc/RunIIFall15MiniAODv2/WWTo2L2Nu_13TeV-powheg-CUETP8M1Down/MINIAODSIM/PU25nsData2015v1_76X_mcRun2_asymptotic_v12-v1/80000/AE6EC34F-2DD4-E511-BC88-0025905A48BA.root
19-Oct-2023 13:40:43 CEST  Initiating request to open file root://eospublic.cern.ch//eos/opendata/cms/mc/RunIIFall15MiniAODv2/WWTo2L2Nu_13TeV-powheg-CUETP8M1Down/MINIAODSIM/PU25nsData2015v1_76X_mcRun2_asymptotic_v12-v1/80000/C2F636CA-2AD4-E511-BB21-002618943842.root
%MSG-w XrdAdaptor:  file_open 19-Oct-2023 13:40:43 CEST PostProcessEvent
Data is served from cern.ch instead of original site eospublic
%MSG
19-Oct-2023 13:40:43 CEST  Successfully opened file root://eospublic.cern.ch//eos/opendata/cms/mc/RunIIFall15MiniAODv2/WWTo2L2Nu_13TeV-powheg-CUETP8M1Down/MINIAODSIM/PU25nsData2015v1_76X_mcRun2_asymptotic_v12-v1/80000/C2F636CA-2AD4-E511-BB21-002618943842.root
Begin processing the 1500001st record. Run 1, Event 1676499, LumiSection 8448 at 19-Oct-2023 13:40:46.050 CEST
19-Oct-2023 13:40:48 CEST  Closed file root://eospublic.cern.ch//eos/opendata/cms/mc/RunIIFall15MiniAODv2/WWTo2L2Nu_13TeV-powheg-CUETP8M1Down/MINIAODSIM/PU25nsData2015v1_76X_mcRun2_asymptotic_v12-v1/80000/C2F636CA-2AD4-E511-BB21-002618943842.root
19-Oct-2023 13:40:48 CEST  Initiating request to open file root://eospublic.cern.ch//eos/opendata/cms/mc/RunIIFall15MiniAODv2/WWTo2L2Nu_13TeV-powheg-CUETP8M1Down/MINIAODSIM/PU25nsData2015v1_76X_mcRun2_asymptotic_v12-v1/80000/DC06794B-29D4-E511-9311-0CC47A7452D8.root
%MSG-w XrdAdaptor:  file_open 19-Oct-2023 13:40:48 CEST PostProcessEvent
Data is served from cern.ch instead of original site eospublic
%MSG
19-Oct-2023 13:40:48 CEST  Successfully opened file root://eospublic.cern.ch//eos/opendata/cms/mc/RunIIFall15MiniAODv2/WWTo2L2Nu_13TeV-powheg-CUETP8M1Down/MINIAODSIM/PU25nsData2015v1_76X_mcRun2_asymptotic_v12-v1/80000/DC06794B-29D4-E511-9311-0CC47A7452D8.root
19-Oct-2023 13:40:53 CEST  Closed file root://eospublic.cern.ch//eos/opendata/cms/mc/RunIIFall15MiniAODv2/WWTo2L2Nu_13TeV-powheg-CUETP8M1Down/MINIAODSIM/PU25nsData2015v1_76X_mcRun2_asymptotic_v12-v1/80000/DC06794B-29D4-E511-9311-0CC47A7452D8.root
19-Oct-2023 13:40:53 CEST  Initiating request to open file root://eospublic.cern.ch//eos/opendata/cms/mc/RunIIFall15MiniAODv2/WWTo2L2Nu_13TeV-powheg-CUETP8M1Down/MINIAODSIM/PU25nsData2015v1_76X_mcRun2_asymptotic_v12-v1/80000/DC131A0E-D6D4-E511-959F-141877411367.root
%MSG-w XrdAdaptor:  file_open 19-Oct-2023 13:40:53 CEST PostProcessEvent
Data is served from cern.ch instead of original site eospublic
%MSG
19-Oct-2023 13:40:53 CEST  Successfully opened file root://eospublic.cern.ch//eos/opendata/cms/mc/RunIIFall15MiniAODv2/WWTo2L2Nu_13TeV-powheg-CUETP8M1Down/MINIAODSIM/PU25nsData2015v1_76X_mcRun2_asymptotic_v12-v1/80000/DC131A0E-D6D4-E511-959F-141877411367.root
Begin processing the 1600001st record. Run 1, Event 1573415, LumiSection 7929 at 19-Oct-2023 13:40:56.720 CEST
19-Oct-2023 13:40:57 CEST  Closed file root://eospublic.cern.ch//eos/opendata/cms/mc/RunIIFall15MiniAODv2/WWTo2L2Nu_13TeV-powheg-CUETP8M1Down/MINIAODSIM/PU25nsData2015v1_76X_mcRun2_asymptotic_v12-v1/80000/DC131A0E-D6D4-E511-959F-141877411367.root
19-Oct-2023 13:40:57 CEST  Initiating request to open file root://eospublic.cern.ch//eos/opendata/cms/mc/RunIIFall15MiniAODv2/WWTo2L2Nu_13TeV-powheg-CUETP8M1Down/MINIAODSIM/PU25nsData2015v1_76X_mcRun2_asymptotic_v12-v1/80000/DCD55FFA-9BD4-E511-B4BA-002590E3A0FC.root
%MSG-w XrdAdaptor:  file_open 19-Oct-2023 13:40:57 CEST PostProcessEvent
Data is served from cern.ch instead of original site eospublic
%MSG
19-Oct-2023 13:40:57 CEST  Successfully opened file root://eospublic.cern.ch//eos/opendata/cms/mc/RunIIFall15MiniAODv2/WWTo2L2Nu_13TeV-powheg-CUETP8M1Down/MINIAODSIM/PU25nsData2015v1_76X_mcRun2_asymptotic_v12-v1/80000/DCD55FFA-9BD4-E511-B4BA-002590E3A0FC.root
19-Oct-2023 13:41:00 CEST  Closed file root://eospublic.cern.ch//eos/opendata/cms/mc/RunIIFall15MiniAODv2/WWTo2L2Nu_13TeV-powheg-CUETP8M1Down/MINIAODSIM/PU25nsData2015v1_76X_mcRun2_asymptotic_v12-v1/80000/DCD55FFA-9BD4-E511-B4BA-002590E3A0FC.root
19-Oct-2023 13:41:00 CEST  Initiating request to open file root://eospublic.cern.ch//eos/opendata/cms/mc/RunIIFall15MiniAODv2/WWTo2L2Nu_13TeV-powheg-CUETP8M1Down/MINIAODSIM/PU25nsData2015v1_76X_mcRun2_asymptotic_v12-v1/80000/E2B21061-29D4-E511-B67A-BCAEC509720C.root
%MSG-w XrdAdaptor:  file_open 19-Oct-2023 13:41:00 CEST PostProcessEvent
Data is served from cern.ch instead of original site eospublic
%MSG
19-Oct-2023 13:41:00 CEST  Successfully opened file root://eospublic.cern.ch//eos/opendata/cms/mc/RunIIFall15MiniAODv2/WWTo2L2Nu_13TeV-powheg-CUETP8M1Down/MINIAODSIM/PU25nsData2015v1_76X_mcRun2_asymptotic_v12-v1/80000/E2B21061-29D4-E511-B67A-BCAEC509720C.root
19-Oct-2023 13:41:02 CEST  Closed file root://eospublic.cern.ch//eos/opendata/cms/mc/RunIIFall15MiniAODv2/WWTo2L2Nu_13TeV-powheg-CUETP8M1Down/MINIAODSIM/PU25nsData2015v1_76X_mcRun2_asymptotic_v12-v1/80000/E2B21061-29D4-E511-B67A-BCAEC509720C.root
19-Oct-2023 13:41:02 CEST  Initiating request to open file root://eospublic.cern.ch//eos/opendata/cms/mc/RunIIFall15MiniAODv2/WWTo2L2Nu_13TeV-powheg-CUETP8M1Down/MINIAODSIM/PU25nsData2015v1_76X_mcRun2_asymptotic_v12-v1/80000/E436F7BB-2AD4-E511-8B0A-0025905A60B6.root
%MSG-w XrdAdaptor:  file_open 19-Oct-2023 13:41:03 CEST PostProcessEvent
Data is served from cern.ch instead of original site eospublic
%MSG
19-Oct-2023 13:41:03 CEST  Successfully opened file root://eospublic.cern.ch//eos/opendata/cms/mc/RunIIFall15MiniAODv2/WWTo2L2Nu_13TeV-powheg-CUETP8M1Down/MINIAODSIM/PU25nsData2015v1_76X_mcRun2_asymptotic_v12-v1/80000/E436F7BB-2AD4-E511-8B0A-0025905A60B6.root
19-Oct-2023 13:41:08 CEST  Closed file root://eospublic.cern.ch//eos/opendata/cms/mc/RunIIFall15MiniAODv2/WWTo2L2Nu_13TeV-powheg-CUETP8M1Down/MINIAODSIM/PU25nsData2015v1_76X_mcRun2_asymptotic_v12-v1/80000/E436F7BB-2AD4-E511-8B0A-0025905A60B6.root
19-Oct-2023 13:41:08 CEST  Initiating request to open file root://eospublic.cern.ch//eos/opendata/cms/mc/RunIIFall15MiniAODv2/WWTo2L2Nu_13TeV-powheg-CUETP8M1Down/MINIAODSIM/PU25nsData2015v1_76X_mcRun2_asymptotic_v12-v1/80000/E6EF9C3A-9BD4-E511-A68B-0CC47A78A3F4.root
%MSG-w XrdAdaptor:  file_open 19-Oct-2023 13:41:08 CEST PostProcessEvent
Data is served from cern.ch instead of original site eospublic
%MSG
19-Oct-2023 13:41:08 CEST  Successfully opened file root://eospublic.cern.ch//eos/opendata/cms/mc/RunIIFall15MiniAODv2/WWTo2L2Nu_13TeV-powheg-CUETP8M1Down/MINIAODSIM/PU25nsData2015v1_76X_mcRun2_asymptotic_v12-v1/80000/E6EF9C3A-9BD4-E511-A68B-0CC47A78A3F4.root
Begin processing the 1700001st record. Run 1, Event 1272743, LumiSection 6414 at 19-Oct-2023 13:41:09.902 CEST
19-Oct-2023 13:41:12 CEST  Closed file root://eospublic.cern.ch//eos/opendata/cms/mc/RunIIFall15MiniAODv2/WWTo2L2Nu_13TeV-powheg-CUETP8M1Down/MINIAODSIM/PU25nsData2015v1_76X_mcRun2_asymptotic_v12-v1/80000/E6EF9C3A-9BD4-E511-A68B-0CC47A78A3F4.root
19-Oct-2023 13:41:12 CEST  Initiating request to open file root://eospublic.cern.ch//eos/opendata/cms/mc/RunIIFall15MiniAODv2/WWTo2L2Nu_13TeV-powheg-CUETP8M1Down/MINIAODSIM/PU25nsData2015v1_76X_mcRun2_asymptotic_v12-v1/80000/E8299E67-68D4-E511-AC8D-001E675A6AB3.root
%MSG-w XrdAdaptor:  file_open 19-Oct-2023 13:41:12 CEST PostProcessEvent
Data is served from cern.ch instead of original site eospublic
%MSG
19-Oct-2023 13:41:12 CEST  Successfully opened file root://eospublic.cern.ch//eos/opendata/cms/mc/RunIIFall15MiniAODv2/WWTo2L2Nu_13TeV-powheg-CUETP8M1Down/MINIAODSIM/PU25nsData2015v1_76X_mcRun2_asymptotic_v12-v1/80000/E8299E67-68D4-E511-AC8D-001E675A6AB3.root
19-Oct-2023 13:41:16 CEST  Closed file root://eospublic.cern.ch//eos/opendata/cms/mc/RunIIFall15MiniAODv2/WWTo2L2Nu_13TeV-powheg-CUETP8M1Down/MINIAODSIM/PU25nsData2015v1_76X_mcRun2_asymptotic_v12-v1/80000/E8299E67-68D4-E511-AC8D-001E675A6AB3.root
19-Oct-2023 13:41:16 CEST  Initiating request to open file root://eospublic.cern.ch//eos/opendata/cms/mc/RunIIFall15MiniAODv2/WWTo2L2Nu_13TeV-powheg-CUETP8M1Down/MINIAODSIM/PU25nsData2015v1_76X_mcRun2_asymptotic_v12-v1/80000/F4FE2714-9CD4-E511-A875-0CC47A7452D0.root
%MSG-w XrdAdaptor:  file_open 19-Oct-2023 13:41:16 CEST PostProcessEvent
Data is served from cern.ch instead of original site eospublic
%MSG
19-Oct-2023 13:41:16 CEST  Successfully opened file root://eospublic.cern.ch//eos/opendata/cms/mc/RunIIFall15MiniAODv2/WWTo2L2Nu_13TeV-powheg-CUETP8M1Down/MINIAODSIM/PU25nsData2015v1_76X_mcRun2_asymptotic_v12-v1/80000/F4FE2714-9CD4-E511-A875-0CC47A7452D0.root
Begin processing the 1800001st record. Run 1, Event 1728245, LumiSection 8709 at 19-Oct-2023 13:41:20.718 CEST
19-Oct-2023 13:41:20 CEST  Closed file root://eospublic.cern.ch//eos/opendata/cms/mc/RunIIFall15MiniAODv2/WWTo2L2Nu_13TeV-powheg-CUETP8M1Down/MINIAODSIM/PU25nsData2015v1_76X_mcRun2_asymptotic_v12-v1/80000/F4FE2714-9CD4-E511-A875-0CC47A7452D0.root
19-Oct-2023 13:41:20 CEST  Initiating request to open file root://eospublic.cern.ch//eos/opendata/cms/mc/RunIIFall15MiniAODv2/WWTo2L2Nu_13TeV-powheg-CUETP8M1Down/MINIAODSIM/PU25nsData2015v1_76X_mcRun2_asymptotic_v12-v1/80000/F6360BDC-F7D4-E511-808E-0025904C7E04.root
%MSG-w XrdAdaptor:  file_open 19-Oct-2023 13:41:20 CEST PostProcessEvent
Data is served from cern.ch instead of original site eospublic
%MSG
19-Oct-2023 13:41:20 CEST  Successfully opened file root://eospublic.cern.ch//eos/opendata/cms/mc/RunIIFall15MiniAODv2/WWTo2L2Nu_13TeV-powheg-CUETP8M1Down/MINIAODSIM/PU25nsData2015v1_76X_mcRun2_asymptotic_v12-v1/80000/F6360BDC-F7D4-E511-808E-0025904C7E04.root
19-Oct-2023 13:41:21 CEST  Closed file root://eospublic.cern.ch//eos/opendata/cms/mc/RunIIFall15MiniAODv2/WWTo2L2Nu_13TeV-powheg-CUETP8M1Down/MINIAODSIM/PU25nsData2015v1_76X_mcRun2_asymptotic_v12-v1/80000/F6360BDC-F7D4-E511-808E-0025904C7E04.root
19-Oct-2023 13:41:21 CEST  Initiating request to open file root://eospublic.cern.ch//eos/opendata/cms/mc/RunIIFall15MiniAODv2/WWTo2L2Nu_13TeV-powheg-CUETP8M1Down/MINIAODSIM/PU25nsData2015v1_76X_mcRun2_asymptotic_v12-v1/80000/F6496D37-9BD4-E511-9C4D-0CC47A4C8E66.root
%MSG-w XrdAdaptor:  file_open 19-Oct-2023 13:41:21 CEST PostProcessEvent
Data is served from cern.ch instead of original site eospublic
%MSG
19-Oct-2023 13:41:22 CEST  Successfully opened file root://eospublic.cern.ch//eos/opendata/cms/mc/RunIIFall15MiniAODv2/WWTo2L2Nu_13TeV-powheg-CUETP8M1Down/MINIAODSIM/PU25nsData2015v1_76X_mcRun2_asymptotic_v12-v1/80000/F6496D37-9BD4-E511-9C4D-0CC47A4C8E66.root
19-Oct-2023 13:41:27 CEST  Closed file root://eospublic.cern.ch//eos/opendata/cms/mc/RunIIFall15MiniAODv2/WWTo2L2Nu_13TeV-powheg-CUETP8M1Down/MINIAODSIM/PU25nsData2015v1_76X_mcRun2_asymptotic_v12-v1/80000/F6496D37-9BD4-E511-9C4D-0CC47A4C8E66.root
19-Oct-2023 13:41:27 CEST  Initiating request to open file root://eospublic.cern.ch//eos/opendata/cms/mc/RunIIFall15MiniAODv2/WWTo2L2Nu_13TeV-powheg-CUETP8M1Down/MINIAODSIM/PU25nsData2015v1_76X_mcRun2_asymptotic_v12-v1/80000/FC9A9C4E-26D4-E511-8F69-0CC47A74524E.root
%MSG-w XrdAdaptor:  file_open 19-Oct-2023 13:41:27 CEST PostProcessEvent
Data is served from cern.ch instead of original site eospublic
%MSG
19-Oct-2023 13:41:27 CEST  Successfully opened file root://eospublic.cern.ch//eos/opendata/cms/mc/RunIIFall15MiniAODv2/WWTo2L2Nu_13TeV-powheg-CUETP8M1Down/MINIAODSIM/PU25nsData2015v1_76X_mcRun2_asymptotic_v12-v1/80000/FC9A9C4E-26D4-E511-8F69-0CC47A74524E.root
Begin processing the 1900001st record. Run 1, Event 967459, LumiSection 4876 at 19-Oct-2023 13:41:32.304 CEST
19-Oct-2023 13:41:32 CEST  Closed file root://eospublic.cern.ch//eos/opendata/cms/mc/RunIIFall15MiniAODv2/WWTo2L2Nu_13TeV-powheg-CUETP8M1Down/MINIAODSIM/PU25nsData2015v1_76X_mcRun2_asymptotic_v12-v1/80000/FC9A9C4E-26D4-E511-8F69-0CC47A74524E.root
19-Oct-2023 13:41:32 CEST  Initiating request to open file root://eospublic.cern.ch//eos/opendata/cms/mc/RunIIFall15MiniAODv2/WWTo2L2Nu_13TeV-powheg-CUETP8M1Down/MINIAODSIM/PU25nsData2015v1_76X_mcRun2_asymptotic_v12-v1/80000/FE715398-29D4-E511-B834-0025905A6068.root
%MSG-w XrdAdaptor:  file_open 19-Oct-2023 13:41:32 CEST PostProcessEvent
Data is served from cern.ch instead of original site eospublic
%MSG
19-Oct-2023 13:41:32 CEST  Successfully opened file root://eospublic.cern.ch//eos/opendata/cms/mc/RunIIFall15MiniAODv2/WWTo2L2Nu_13TeV-powheg-CUETP8M1Down/MINIAODSIM/PU25nsData2015v1_76X_mcRun2_asymptotic_v12-v1/80000/FE715398-29D4-E511-B834-0025905A6068.root
     10.481400      0.008367      1.000000         10000
 
19-Oct-2023 13:41:37 CEST  Closed file root://eospublic.cern.ch//eos/opendata/cms/mc/RunIIFall15MiniAODv2/WWTo2L2Nu_13TeV-powheg-CUETP8M1Down/MINIAODSIM/PU25nsData2015v1_76X_mcRun2_asymptotic_v12-v1/80000/FE715398-29D4-E511-B834-0025905A6068.root

------------------------------------
GenXsecAnalyzer:
------------------------------------
-------------------------------------------------------------------------------------------------------------------------------------------------------------------------- 
Overall cross-section summary 
--------------------------------------------------------------------------------------------------------------------------------------------------------------------------
Process		xsec_before [pb]		passed	nposw	nnegw	tried	nposw	nnegw 	xsec_match [pb]			accepted [%]	 event_eff [%]
-------------------------------------------------------------------------------------------------------------------------------------------------------------------------- 
Total		1.048e+01 +/- 8.367e-03		3893352	3893352	0	3893352	3893352	0	1.048e+01 +/- 8.367e-03		100.0 +/- 0.0	100.0 +/- 0.0
--------------------------------------------------------------------------------------------------------------------------------------------------------------------------
Before matching: total cross section = 1.048e+01 +- 8.367e-03 pb
After matching: total cross section = 1.048e+01 +- 8.367e-03 pb
Filter efficiency (taking into account weights)= (1.94678e+06) / (1.94678e+06) = 1.000e+00 +- 0.000e+00
Filter efficiency (event-level)= (1.94678e+06) / (1.94678e+06) = 1.000e+00 +- 0.000e+00
After filter: final cross section = 1.048e+01 +- 8.367e-03 pb

=============================================

MessageLogger Summary

 type     category        sev    module        subroutine        count    total
 ---- -------------------- -- ---------------- ----------------  -----    -----
    1 GenXSecAnalyzer      -w GenXSecAnalyzer:                      11       11
    2 XrdAdaptor           -w file_open                             58       58
    3 fileAction           -s file_close                            58       58
    4 fileAction           -s file_open                            116      116

 type    category    Examples: run/evt        run/evt          run/evt
 ---- -------------------- ---------------- ---------------- ----------------
    1 GenXSecAnalyzer      PostEndRun       PostEndRun       PostEndRun
    2 XrdAdaptor           pre-events       PostProcessEvent PostProcessEvent
    3 fileAction           PostProcessEvent PostProcessEvent PostEndRun
    4 fileAction           pre-events       pre-events       PostProcessEvent

Severity    # Occurrences   Total Occurrences
--------    -------------   -----------------
Warning                69                  69
System                174                 174
