19-Oct-2023 05:27:22 CEST  Initiating request to open file root://eospublic.cern.ch//eos/opendata/cms/mc/RunIIFall15MiniAODv2/WToENu_M-500_TuneCUETP8M1_13TeV-pythia8/MINIAODSIM/PU25nsData2015v1_76X_mcRun2_asymptotic_v12-v1/70000/0A681AFD-B5BA-E511-ADCF-003048FFD734.root
%MSG-w XrdAdaptor:  file_open 19-Oct-2023 05:27:23 CEST pre-events
Data is served from cern.ch instead of original site eospublic
%MSG
19-Oct-2023 05:27:25 CEST  Successfully opened file root://eospublic.cern.ch//eos/opendata/cms/mc/RunIIFall15MiniAODv2/WToENu_M-500_TuneCUETP8M1_13TeV-pythia8/MINIAODSIM/PU25nsData2015v1_76X_mcRun2_asymptotic_v12-v1/70000/0A681AFD-B5BA-E511-ADCF-003048FFD734.root
Begin processing the 1st record. Run 1, Event 29251, LumiSection 151 at 19-Oct-2023 05:27:26.392 CEST
19-Oct-2023 05:27:28 CEST  Closed file root://eospublic.cern.ch//eos/opendata/cms/mc/RunIIFall15MiniAODv2/WToENu_M-500_TuneCUETP8M1_13TeV-pythia8/MINIAODSIM/PU25nsData2015v1_76X_mcRun2_asymptotic_v12-v1/70000/0A681AFD-B5BA-E511-ADCF-003048FFD734.root
19-Oct-2023 05:27:28 CEST  Initiating request to open file root://eospublic.cern.ch//eos/opendata/cms/mc/RunIIFall15MiniAODv2/WToENu_M-500_TuneCUETP8M1_13TeV-pythia8/MINIAODSIM/PU25nsData2015v1_76X_mcRun2_asymptotic_v12-v1/70000/0A756CE7-B2BA-E511-9208-0CC47A78A4A0.root
%MSG-w XrdAdaptor:  file_open 19-Oct-2023 05:27:29 CEST PostProcessEvent
Data is served from cern.ch instead of original site eospublic
%MSG
19-Oct-2023 05:27:29 CEST  Successfully opened file root://eospublic.cern.ch//eos/opendata/cms/mc/RunIIFall15MiniAODv2/WToENu_M-500_TuneCUETP8M1_13TeV-pythia8/MINIAODSIM/PU25nsData2015v1_76X_mcRun2_asymptotic_v12-v1/70000/0A756CE7-B2BA-E511-9208-0CC47A78A4A0.root
19-Oct-2023 05:27:32 CEST  Closed file root://eospublic.cern.ch//eos/opendata/cms/mc/RunIIFall15MiniAODv2/WToENu_M-500_TuneCUETP8M1_13TeV-pythia8/MINIAODSIM/PU25nsData2015v1_76X_mcRun2_asymptotic_v12-v1/70000/0A756CE7-B2BA-E511-9208-0CC47A78A4A0.root
19-Oct-2023 05:27:32 CEST  Initiating request to open file root://eospublic.cern.ch//eos/opendata/cms/mc/RunIIFall15MiniAODv2/WToENu_M-500_TuneCUETP8M1_13TeV-pythia8/MINIAODSIM/PU25nsData2015v1_76X_mcRun2_asymptotic_v12-v1/70000/0E23EAE4-B2BA-E511-90EA-003048FFCB8C.root
%MSG-w XrdAdaptor:  file_open 19-Oct-2023 05:27:33 CEST PostProcessEvent
Data is served from cern.ch instead of original site eospublic
%MSG
19-Oct-2023 05:27:33 CEST  Successfully opened file root://eospublic.cern.ch//eos/opendata/cms/mc/RunIIFall15MiniAODv2/WToENu_M-500_TuneCUETP8M1_13TeV-pythia8/MINIAODSIM/PU25nsData2015v1_76X_mcRun2_asymptotic_v12-v1/70000/0E23EAE4-B2BA-E511-90EA-003048FFCB8C.root
Begin processing the 100001st record. Run 1, Event 194771, LumiSection 999 at 19-Oct-2023 05:27:36.337 CEST
19-Oct-2023 05:27:37 CEST  Closed file root://eospublic.cern.ch//eos/opendata/cms/mc/RunIIFall15MiniAODv2/WToENu_M-500_TuneCUETP8M1_13TeV-pythia8/MINIAODSIM/PU25nsData2015v1_76X_mcRun2_asymptotic_v12-v1/70000/0E23EAE4-B2BA-E511-90EA-003048FFCB8C.root
19-Oct-2023 05:27:37 CEST  Initiating request to open file root://eospublic.cern.ch//eos/opendata/cms/mc/RunIIFall15MiniAODv2/WToENu_M-500_TuneCUETP8M1_13TeV-pythia8/MINIAODSIM/PU25nsData2015v1_76X_mcRun2_asymptotic_v12-v1/70000/18A515E7-B2BA-E511-A886-0025905A60BC.root
%MSG-w XrdAdaptor:  file_open 19-Oct-2023 05:27:37 CEST PostProcessEvent
Data is served from cern.ch instead of original site eospublic
%MSG
19-Oct-2023 05:27:37 CEST  Successfully opened file root://eospublic.cern.ch//eos/opendata/cms/mc/RunIIFall15MiniAODv2/WToENu_M-500_TuneCUETP8M1_13TeV-pythia8/MINIAODSIM/PU25nsData2015v1_76X_mcRun2_asymptotic_v12-v1/70000/18A515E7-B2BA-E511-A886-0025905A60BC.root
19-Oct-2023 05:27:41 CEST  Closed file root://eospublic.cern.ch//eos/opendata/cms/mc/RunIIFall15MiniAODv2/WToENu_M-500_TuneCUETP8M1_13TeV-pythia8/MINIAODSIM/PU25nsData2015v1_76X_mcRun2_asymptotic_v12-v1/70000/18A515E7-B2BA-E511-A886-0025905A60BC.root
19-Oct-2023 05:27:41 CEST  Initiating request to open file root://eospublic.cern.ch//eos/opendata/cms/mc/RunIIFall15MiniAODv2/WToENu_M-500_TuneCUETP8M1_13TeV-pythia8/MINIAODSIM/PU25nsData2015v1_76X_mcRun2_asymptotic_v12-v1/70000/1E509CE6-B2BA-E511-9440-0025905B85E8.root
%MSG-w XrdAdaptor:  file_open 19-Oct-2023 05:27:41 CEST PostProcessEvent
Data is served from cern.ch instead of original site eospublic
%MSG
19-Oct-2023 05:27:41 CEST  Successfully opened file root://eospublic.cern.ch//eos/opendata/cms/mc/RunIIFall15MiniAODv2/WToENu_M-500_TuneCUETP8M1_13TeV-pythia8/MINIAODSIM/PU25nsData2015v1_76X_mcRun2_asymptotic_v12-v1/70000/1E509CE6-B2BA-E511-9440-0025905B85E8.root
19-Oct-2023 05:27:45 CEST  Closed file root://eospublic.cern.ch//eos/opendata/cms/mc/RunIIFall15MiniAODv2/WToENu_M-500_TuneCUETP8M1_13TeV-pythia8/MINIAODSIM/PU25nsData2015v1_76X_mcRun2_asymptotic_v12-v1/70000/1E509CE6-B2BA-E511-9440-0025905B85E8.root
19-Oct-2023 05:27:45 CEST  Initiating request to open file root://eospublic.cern.ch//eos/opendata/cms/mc/RunIIFall15MiniAODv2/WToENu_M-500_TuneCUETP8M1_13TeV-pythia8/MINIAODSIM/PU25nsData2015v1_76X_mcRun2_asymptotic_v12-v1/70000/1E597CB7-E6B8-E511-AEEE-0024E85A3EE4.root
%MSG-w XrdAdaptor:  file_open 19-Oct-2023 05:27:45 CEST PostProcessEvent
Data is served from cern.ch instead of original site eospublic
%MSG
19-Oct-2023 05:27:45 CEST  Successfully opened file root://eospublic.cern.ch//eos/opendata/cms/mc/RunIIFall15MiniAODv2/WToENu_M-500_TuneCUETP8M1_13TeV-pythia8/MINIAODSIM/PU25nsData2015v1_76X_mcRun2_asymptotic_v12-v1/70000/1E597CB7-E6B8-E511-AEEE-0024E85A3EE4.root
Begin processing the 200001st record. Run 1, Event 142281, LumiSection 730 at 19-Oct-2023 05:27:47.616 CEST
19-Oct-2023 05:27:49 CEST  Closed file root://eospublic.cern.ch//eos/opendata/cms/mc/RunIIFall15MiniAODv2/WToENu_M-500_TuneCUETP8M1_13TeV-pythia8/MINIAODSIM/PU25nsData2015v1_76X_mcRun2_asymptotic_v12-v1/70000/1E597CB7-E6B8-E511-AEEE-0024E85A3EE4.root
19-Oct-2023 05:27:49 CEST  Initiating request to open file root://eospublic.cern.ch//eos/opendata/cms/mc/RunIIFall15MiniAODv2/WToENu_M-500_TuneCUETP8M1_13TeV-pythia8/MINIAODSIM/PU25nsData2015v1_76X_mcRun2_asymptotic_v12-v1/70000/284244FE-B5BA-E511-A9E5-0025905A6064.root
%MSG-w XrdAdaptor:  file_open 19-Oct-2023 05:27:49 CEST PostProcessEvent
Data is served from cern.ch instead of original site eospublic
%MSG
19-Oct-2023 05:27:49 CEST  Successfully opened file root://eospublic.cern.ch//eos/opendata/cms/mc/RunIIFall15MiniAODv2/WToENu_M-500_TuneCUETP8M1_13TeV-pythia8/MINIAODSIM/PU25nsData2015v1_76X_mcRun2_asymptotic_v12-v1/70000/284244FE-B5BA-E511-A9E5-0025905A6064.root
19-Oct-2023 05:27:54 CEST  Closed file root://eospublic.cern.ch//eos/opendata/cms/mc/RunIIFall15MiniAODv2/WToENu_M-500_TuneCUETP8M1_13TeV-pythia8/MINIAODSIM/PU25nsData2015v1_76X_mcRun2_asymptotic_v12-v1/70000/284244FE-B5BA-E511-A9E5-0025905A6064.root
19-Oct-2023 05:27:54 CEST  Initiating request to open file root://eospublic.cern.ch//eos/opendata/cms/mc/RunIIFall15MiniAODv2/WToENu_M-500_TuneCUETP8M1_13TeV-pythia8/MINIAODSIM/PU25nsData2015v1_76X_mcRun2_asymptotic_v12-v1/70000/2A66BDD7-B5BA-E511-A23F-0025905A6070.root
%MSG-w XrdAdaptor:  file_open 19-Oct-2023 05:27:54 CEST PostProcessEvent
Data is served from cern.ch instead of original site eospublic
%MSG
19-Oct-2023 05:27:54 CEST  Successfully opened file root://eospublic.cern.ch//eos/opendata/cms/mc/RunIIFall15MiniAODv2/WToENu_M-500_TuneCUETP8M1_13TeV-pythia8/MINIAODSIM/PU25nsData2015v1_76X_mcRun2_asymptotic_v12-v1/70000/2A66BDD7-B5BA-E511-A23F-0025905A6070.root
Begin processing the 300001st record. Run 1, Event 97591, LumiSection 501 at 19-Oct-2023 05:27:57.491 CEST
19-Oct-2023 05:27:58 CEST  Closed file root://eospublic.cern.ch//eos/opendata/cms/mc/RunIIFall15MiniAODv2/WToENu_M-500_TuneCUETP8M1_13TeV-pythia8/MINIAODSIM/PU25nsData2015v1_76X_mcRun2_asymptotic_v12-v1/70000/2A66BDD7-B5BA-E511-A23F-0025905A6070.root
19-Oct-2023 05:27:58 CEST  Initiating request to open file root://eospublic.cern.ch//eos/opendata/cms/mc/RunIIFall15MiniAODv2/WToENu_M-500_TuneCUETP8M1_13TeV-pythia8/MINIAODSIM/PU25nsData2015v1_76X_mcRun2_asymptotic_v12-v1/70000/36BB8C1A-B6BA-E511-BCBD-0CC47A4C8E0E.root
%MSG-w XrdAdaptor:  file_open 19-Oct-2023 05:27:58 CEST PostProcessEvent
Data is served from cern.ch instead of original site eospublic
%MSG
19-Oct-2023 05:27:58 CEST  Successfully opened file root://eospublic.cern.ch//eos/opendata/cms/mc/RunIIFall15MiniAODv2/WToENu_M-500_TuneCUETP8M1_13TeV-pythia8/MINIAODSIM/PU25nsData2015v1_76X_mcRun2_asymptotic_v12-v1/70000/36BB8C1A-B6BA-E511-BCBD-0CC47A4C8E0E.root
19-Oct-2023 05:28:02 CEST  Closed file root://eospublic.cern.ch//eos/opendata/cms/mc/RunIIFall15MiniAODv2/WToENu_M-500_TuneCUETP8M1_13TeV-pythia8/MINIAODSIM/PU25nsData2015v1_76X_mcRun2_asymptotic_v12-v1/70000/36BB8C1A-B6BA-E511-BCBD-0CC47A4C8E0E.root
19-Oct-2023 05:28:02 CEST  Initiating request to open file root://eospublic.cern.ch//eos/opendata/cms/mc/RunIIFall15MiniAODv2/WToENu_M-500_TuneCUETP8M1_13TeV-pythia8/MINIAODSIM/PU25nsData2015v1_76X_mcRun2_asymptotic_v12-v1/70000/38856BF7-B5BA-E511-833C-0CC47A4D7600.root
%MSG-w XrdAdaptor:  file_open 19-Oct-2023 05:28:02 CEST PostProcessEvent
Data is served from cern.ch instead of original site eospublic
%MSG
19-Oct-2023 05:28:02 CEST  Successfully opened file root://eospublic.cern.ch//eos/opendata/cms/mc/RunIIFall15MiniAODv2/WToENu_M-500_TuneCUETP8M1_13TeV-pythia8/MINIAODSIM/PU25nsData2015v1_76X_mcRun2_asymptotic_v12-v1/70000/38856BF7-B5BA-E511-833C-0CC47A4D7600.root
19-Oct-2023 05:28:06 CEST  Closed file root://eospublic.cern.ch//eos/opendata/cms/mc/RunIIFall15MiniAODv2/WToENu_M-500_TuneCUETP8M1_13TeV-pythia8/MINIAODSIM/PU25nsData2015v1_76X_mcRun2_asymptotic_v12-v1/70000/38856BF7-B5BA-E511-833C-0CC47A4D7600.root
19-Oct-2023 05:28:06 CEST  Initiating request to open file root://eospublic.cern.ch//eos/opendata/cms/mc/RunIIFall15MiniAODv2/WToENu_M-500_TuneCUETP8M1_13TeV-pythia8/MINIAODSIM/PU25nsData2015v1_76X_mcRun2_asymptotic_v12-v1/70000/483FB6E5-B2BA-E511-BCC0-0CC47A4D7686.root
%MSG-w XrdAdaptor:  file_open 19-Oct-2023 05:28:06 CEST PostProcessEvent
Data is served from cern.ch instead of original site eospublic
%MSG
19-Oct-2023 05:28:06 CEST  Successfully opened file root://eospublic.cern.ch//eos/opendata/cms/mc/RunIIFall15MiniAODv2/WToENu_M-500_TuneCUETP8M1_13TeV-pythia8/MINIAODSIM/PU25nsData2015v1_76X_mcRun2_asymptotic_v12-v1/70000/483FB6E5-B2BA-E511-BCC0-0CC47A4D7686.root
Begin processing the 400001st record. Run 1, Event 635561, LumiSection 3260 at 19-Oct-2023 05:28:08.517 CEST
19-Oct-2023 05:28:10 CEST  Closed file root://eospublic.cern.ch//eos/opendata/cms/mc/RunIIFall15MiniAODv2/WToENu_M-500_TuneCUETP8M1_13TeV-pythia8/MINIAODSIM/PU25nsData2015v1_76X_mcRun2_asymptotic_v12-v1/70000/483FB6E5-B2BA-E511-BCC0-0CC47A4D7686.root
19-Oct-2023 05:28:10 CEST  Initiating request to open file root://eospublic.cern.ch//eos/opendata/cms/mc/RunIIFall15MiniAODv2/WToENu_M-500_TuneCUETP8M1_13TeV-pythia8/MINIAODSIM/PU25nsData2015v1_76X_mcRun2_asymptotic_v12-v1/70000/509DF2E3-B2BA-E511-B6F5-0CC47A4D7630.root
%MSG-w XrdAdaptor:  file_open 19-Oct-2023 05:28:10 CEST PostProcessEvent
Data is served from cern.ch instead of original site eospublic
%MSG
19-Oct-2023 05:28:10 CEST  Successfully opened file root://eospublic.cern.ch//eos/opendata/cms/mc/RunIIFall15MiniAODv2/WToENu_M-500_TuneCUETP8M1_13TeV-pythia8/MINIAODSIM/PU25nsData2015v1_76X_mcRun2_asymptotic_v12-v1/70000/509DF2E3-B2BA-E511-B6F5-0CC47A4D7630.root
19-Oct-2023 05:28:15 CEST  Closed file root://eospublic.cern.ch//eos/opendata/cms/mc/RunIIFall15MiniAODv2/WToENu_M-500_TuneCUETP8M1_13TeV-pythia8/MINIAODSIM/PU25nsData2015v1_76X_mcRun2_asymptotic_v12-v1/70000/509DF2E3-B2BA-E511-B6F5-0CC47A4D7630.root
19-Oct-2023 05:28:15 CEST  Initiating request to open file root://eospublic.cern.ch//eos/opendata/cms/mc/RunIIFall15MiniAODv2/WToENu_M-500_TuneCUETP8M1_13TeV-pythia8/MINIAODSIM/PU25nsData2015v1_76X_mcRun2_asymptotic_v12-v1/70000/5C114CF8-B5BA-E511-A74A-0025905A60E4.root
%MSG-w XrdAdaptor:  file_open 19-Oct-2023 05:28:15 CEST PostProcessEvent
Data is served from cern.ch instead of original site eospublic
%MSG
19-Oct-2023 05:28:15 CEST  Successfully opened file root://eospublic.cern.ch//eos/opendata/cms/mc/RunIIFall15MiniAODv2/WToENu_M-500_TuneCUETP8M1_13TeV-pythia8/MINIAODSIM/PU25nsData2015v1_76X_mcRun2_asymptotic_v12-v1/70000/5C114CF8-B5BA-E511-A74A-0025905A60E4.root
Begin processing the 500001st record. Run 1, Event 388071, LumiSection 1991 at 19-Oct-2023 05:28:18.819 CEST
19-Oct-2023 05:28:20 CEST  Closed file root://eospublic.cern.ch//eos/opendata/cms/mc/RunIIFall15MiniAODv2/WToENu_M-500_TuneCUETP8M1_13TeV-pythia8/MINIAODSIM/PU25nsData2015v1_76X_mcRun2_asymptotic_v12-v1/70000/5C114CF8-B5BA-E511-A74A-0025905A60E4.root
19-Oct-2023 05:28:20 CEST  Initiating request to open file root://eospublic.cern.ch//eos/opendata/cms/mc/RunIIFall15MiniAODv2/WToENu_M-500_TuneCUETP8M1_13TeV-pythia8/MINIAODSIM/PU25nsData2015v1_76X_mcRun2_asymptotic_v12-v1/70000/623C4EF2-B5BA-E511-98B2-002618943973.root
%MSG-w XrdAdaptor:  file_open 19-Oct-2023 05:28:20 CEST PostProcessEvent
Data is served from cern.ch instead of original site eospublic
%MSG
19-Oct-2023 05:28:20 CEST  Successfully opened file root://eospublic.cern.ch//eos/opendata/cms/mc/RunIIFall15MiniAODv2/WToENu_M-500_TuneCUETP8M1_13TeV-pythia8/MINIAODSIM/PU25nsData2015v1_76X_mcRun2_asymptotic_v12-v1/70000/623C4EF2-B5BA-E511-98B2-002618943973.root
19-Oct-2023 05:28:25 CEST  Closed file root://eospublic.cern.ch//eos/opendata/cms/mc/RunIIFall15MiniAODv2/WToENu_M-500_TuneCUETP8M1_13TeV-pythia8/MINIAODSIM/PU25nsData2015v1_76X_mcRun2_asymptotic_v12-v1/70000/623C4EF2-B5BA-E511-98B2-002618943973.root
19-Oct-2023 05:28:25 CEST  Initiating request to open file root://eospublic.cern.ch//eos/opendata/cms/mc/RunIIFall15MiniAODv2/WToENu_M-500_TuneCUETP8M1_13TeV-pythia8/MINIAODSIM/PU25nsData2015v1_76X_mcRun2_asymptotic_v12-v1/70000/70F6B7E6-B2BA-E511-9A1D-0025905A60A6.root
%MSG-w XrdAdaptor:  file_open 19-Oct-2023 05:28:25 CEST PostProcessEvent
Data is served from cern.ch instead of original site eospublic
%MSG
19-Oct-2023 05:28:25 CEST  Successfully opened file root://eospublic.cern.ch//eos/opendata/cms/mc/RunIIFall15MiniAODv2/WToENu_M-500_TuneCUETP8M1_13TeV-pythia8/MINIAODSIM/PU25nsData2015v1_76X_mcRun2_asymptotic_v12-v1/70000/70F6B7E6-B2BA-E511-9A1D-0025905A60A6.root
Begin processing the 600001st record. Run 1, Event 699061, LumiSection 3585 at 19-Oct-2023 05:28:29.241 CEST
19-Oct-2023 05:28:30 CEST  Closed file root://eospublic.cern.ch//eos/opendata/cms/mc/RunIIFall15MiniAODv2/WToENu_M-500_TuneCUETP8M1_13TeV-pythia8/MINIAODSIM/PU25nsData2015v1_76X_mcRun2_asymptotic_v12-v1/70000/70F6B7E6-B2BA-E511-9A1D-0025905A60A6.root
19-Oct-2023 05:28:30 CEST  Initiating request to open file root://eospublic.cern.ch//eos/opendata/cms/mc/RunIIFall15MiniAODv2/WToENu_M-500_TuneCUETP8M1_13TeV-pythia8/MINIAODSIM/PU25nsData2015v1_76X_mcRun2_asymptotic_v12-v1/70000/887DA1E5-B2BA-E511-A112-0CC47A4D76D0.root
%MSG-w XrdAdaptor:  file_open 19-Oct-2023 05:28:30 CEST PostProcessEvent
Data is served from cern.ch instead of original site eospublic
%MSG
19-Oct-2023 05:28:30 CEST  Successfully opened file root://eospublic.cern.ch//eos/opendata/cms/mc/RunIIFall15MiniAODv2/WToENu_M-500_TuneCUETP8M1_13TeV-pythia8/MINIAODSIM/PU25nsData2015v1_76X_mcRun2_asymptotic_v12-v1/70000/887DA1E5-B2BA-E511-A112-0CC47A4D76D0.root
19-Oct-2023 05:28:35 CEST  Closed file root://eospublic.cern.ch//eos/opendata/cms/mc/RunIIFall15MiniAODv2/WToENu_M-500_TuneCUETP8M1_13TeV-pythia8/MINIAODSIM/PU25nsData2015v1_76X_mcRun2_asymptotic_v12-v1/70000/887DA1E5-B2BA-E511-A112-0CC47A4D76D0.root
19-Oct-2023 05:28:35 CEST  Initiating request to open file root://eospublic.cern.ch//eos/opendata/cms/mc/RunIIFall15MiniAODv2/WToENu_M-500_TuneCUETP8M1_13TeV-pythia8/MINIAODSIM/PU25nsData2015v1_76X_mcRun2_asymptotic_v12-v1/70000/8AF2C5E5-B2BA-E511-B1E1-0CC47A4D7604.root
%MSG-w XrdAdaptor:  file_open 19-Oct-2023 05:28:35 CEST PostProcessEvent
Data is served from cern.ch instead of original site eospublic
%MSG
19-Oct-2023 05:28:35 CEST  Successfully opened file root://eospublic.cern.ch//eos/opendata/cms/mc/RunIIFall15MiniAODv2/WToENu_M-500_TuneCUETP8M1_13TeV-pythia8/MINIAODSIM/PU25nsData2015v1_76X_mcRun2_asymptotic_v12-v1/70000/8AF2C5E5-B2BA-E511-B1E1-0CC47A4D7604.root
Begin processing the 700001st record. Run 1, Event 352901, LumiSection 1810 at 19-Oct-2023 05:28:39.414 CEST
19-Oct-2023 05:28:40 CEST  Closed file root://eospublic.cern.ch//eos/opendata/cms/mc/RunIIFall15MiniAODv2/WToENu_M-500_TuneCUETP8M1_13TeV-pythia8/MINIAODSIM/PU25nsData2015v1_76X_mcRun2_asymptotic_v12-v1/70000/8AF2C5E5-B2BA-E511-B1E1-0CC47A4D7604.root
19-Oct-2023 05:28:40 CEST  Initiating request to open file root://eospublic.cern.ch//eos/opendata/cms/mc/RunIIFall15MiniAODv2/WToENu_M-500_TuneCUETP8M1_13TeV-pythia8/MINIAODSIM/PU25nsData2015v1_76X_mcRun2_asymptotic_v12-v1/70000/8EB14CF8-B5BA-E511-A322-0025905A612C.root
%MSG-w XrdAdaptor:  file_open 19-Oct-2023 05:28:40 CEST PostProcessEvent
Data is served from cern.ch instead of original site eospublic
%MSG
19-Oct-2023 05:28:40 CEST  Successfully opened file root://eospublic.cern.ch//eos/opendata/cms/mc/RunIIFall15MiniAODv2/WToENu_M-500_TuneCUETP8M1_13TeV-pythia8/MINIAODSIM/PU25nsData2015v1_76X_mcRun2_asymptotic_v12-v1/70000/8EB14CF8-B5BA-E511-A322-0025905A612C.root
19-Oct-2023 05:28:44 CEST  Closed file root://eospublic.cern.ch//eos/opendata/cms/mc/RunIIFall15MiniAODv2/WToENu_M-500_TuneCUETP8M1_13TeV-pythia8/MINIAODSIM/PU25nsData2015v1_76X_mcRun2_asymptotic_v12-v1/70000/8EB14CF8-B5BA-E511-A322-0025905A612C.root
19-Oct-2023 05:28:44 CEST  Initiating request to open file root://eospublic.cern.ch//eos/opendata/cms/mc/RunIIFall15MiniAODv2/WToENu_M-500_TuneCUETP8M1_13TeV-pythia8/MINIAODSIM/PU25nsData2015v1_76X_mcRun2_asymptotic_v12-v1/70000/9EA524F9-B5BA-E511-872F-0025905B8596.root
%MSG-w XrdAdaptor:  file_open 19-Oct-2023 05:28:44 CEST PostProcessEvent
Data is served from cern.ch instead of original site eospublic
%MSG
19-Oct-2023 05:28:44 CEST  Successfully opened file root://eospublic.cern.ch//eos/opendata/cms/mc/RunIIFall15MiniAODv2/WToENu_M-500_TuneCUETP8M1_13TeV-pythia8/MINIAODSIM/PU25nsData2015v1_76X_mcRun2_asymptotic_v12-v1/70000/9EA524F9-B5BA-E511-872F-0025905B8596.root
19-Oct-2023 05:28:45 CEST  Closed file root://eospublic.cern.ch//eos/opendata/cms/mc/RunIIFall15MiniAODv2/WToENu_M-500_TuneCUETP8M1_13TeV-pythia8/MINIAODSIM/PU25nsData2015v1_76X_mcRun2_asymptotic_v12-v1/70000/9EA524F9-B5BA-E511-872F-0025905B8596.root
19-Oct-2023 05:28:45 CEST  Initiating request to open file root://eospublic.cern.ch//eos/opendata/cms/mc/RunIIFall15MiniAODv2/WToENu_M-500_TuneCUETP8M1_13TeV-pythia8/MINIAODSIM/PU25nsData2015v1_76X_mcRun2_asymptotic_v12-v1/70000/A66E9DE4-B2BA-E511-84E4-003048FFD720.root
%MSG-w XrdAdaptor:  file_open 19-Oct-2023 05:28:45 CEST PostProcessEvent
Data is served from cern.ch instead of original site eospublic
%MSG
19-Oct-2023 05:28:45 CEST  Successfully opened file root://eospublic.cern.ch//eos/opendata/cms/mc/RunIIFall15MiniAODv2/WToENu_M-500_TuneCUETP8M1_13TeV-pythia8/MINIAODSIM/PU25nsData2015v1_76X_mcRun2_asymptotic_v12-v1/70000/A66E9DE4-B2BA-E511-84E4-003048FFD720.root
19-Oct-2023 05:28:48 CEST  Closed file root://eospublic.cern.ch//eos/opendata/cms/mc/RunIIFall15MiniAODv2/WToENu_M-500_TuneCUETP8M1_13TeV-pythia8/MINIAODSIM/PU25nsData2015v1_76X_mcRun2_asymptotic_v12-v1/70000/A66E9DE4-B2BA-E511-84E4-003048FFD720.root
19-Oct-2023 05:28:48 CEST  Initiating request to open file root://eospublic.cern.ch//eos/opendata/cms/mc/RunIIFall15MiniAODv2/WToENu_M-500_TuneCUETP8M1_13TeV-pythia8/MINIAODSIM/PU25nsData2015v1_76X_mcRun2_asymptotic_v12-v1/70000/A8A627E4-B2BA-E511-9FE7-0CC47A4C8E96.root
%MSG-w XrdAdaptor:  file_open 19-Oct-2023 05:28:48 CEST PostProcessEvent
Data is served from cern.ch instead of original site eospublic
%MSG
19-Oct-2023 05:28:48 CEST  Successfully opened file root://eospublic.cern.ch//eos/opendata/cms/mc/RunIIFall15MiniAODv2/WToENu_M-500_TuneCUETP8M1_13TeV-pythia8/MINIAODSIM/PU25nsData2015v1_76X_mcRun2_asymptotic_v12-v1/70000/A8A627E4-B2BA-E511-9FE7-0CC47A4C8E96.root
Begin processing the 800001st record. Run 1, Event 431061, LumiSection 2211 at 19-Oct-2023 05:28:51.474 CEST
19-Oct-2023 05:28:52 CEST  Closed file root://eospublic.cern.ch//eos/opendata/cms/mc/RunIIFall15MiniAODv2/WToENu_M-500_TuneCUETP8M1_13TeV-pythia8/MINIAODSIM/PU25nsData2015v1_76X_mcRun2_asymptotic_v12-v1/70000/A8A627E4-B2BA-E511-9FE7-0CC47A4C8E96.root
19-Oct-2023 05:28:52 CEST  Initiating request to open file root://eospublic.cern.ch//eos/opendata/cms/mc/RunIIFall15MiniAODv2/WToENu_M-500_TuneCUETP8M1_13TeV-pythia8/MINIAODSIM/PU25nsData2015v1_76X_mcRun2_asymptotic_v12-v1/70000/C45E5AE2-B2BA-E511-9A2E-0CC47A7452D8.root
%MSG-w XrdAdaptor:  file_open 19-Oct-2023 05:28:52 CEST PostProcessEvent
Data is served from cern.ch instead of original site eospublic
%MSG
19-Oct-2023 05:28:52 CEST  Successfully opened file root://eospublic.cern.ch//eos/opendata/cms/mc/RunIIFall15MiniAODv2/WToENu_M-500_TuneCUETP8M1_13TeV-pythia8/MINIAODSIM/PU25nsData2015v1_76X_mcRun2_asymptotic_v12-v1/70000/C45E5AE2-B2BA-E511-9A2E-0CC47A7452D8.root
19-Oct-2023 05:28:57 CEST  Closed file root://eospublic.cern.ch//eos/opendata/cms/mc/RunIIFall15MiniAODv2/WToENu_M-500_TuneCUETP8M1_13TeV-pythia8/MINIAODSIM/PU25nsData2015v1_76X_mcRun2_asymptotic_v12-v1/70000/C45E5AE2-B2BA-E511-9A2E-0CC47A7452D8.root
19-Oct-2023 05:28:57 CEST  Initiating request to open file root://eospublic.cern.ch//eos/opendata/cms/mc/RunIIFall15MiniAODv2/WToENu_M-500_TuneCUETP8M1_13TeV-pythia8/MINIAODSIM/PU25nsData2015v1_76X_mcRun2_asymptotic_v12-v1/70000/F28929E7-B2BA-E511-B060-0CC47A4D76C6.root
%MSG-w XrdAdaptor:  file_open 19-Oct-2023 05:28:57 CEST PostProcessEvent
Data is served from cern.ch instead of original site eospublic
%MSG
19-Oct-2023 05:28:57 CEST  Successfully opened file root://eospublic.cern.ch//eos/opendata/cms/mc/RunIIFall15MiniAODv2/WToENu_M-500_TuneCUETP8M1_13TeV-pythia8/MINIAODSIM/PU25nsData2015v1_76X_mcRun2_asymptotic_v12-v1/70000/F28929E7-B2BA-E511-B060-0CC47A4D76C6.root
Begin processing the 900001st record. Run 1, Event 283801, LumiSection 1456 at 19-Oct-2023 05:29:01.849 CEST
19-Oct-2023 05:29:02 CEST  Closed file root://eospublic.cern.ch//eos/opendata/cms/mc/RunIIFall15MiniAODv2/WToENu_M-500_TuneCUETP8M1_13TeV-pythia8/MINIAODSIM/PU25nsData2015v1_76X_mcRun2_asymptotic_v12-v1/70000/F28929E7-B2BA-E511-B060-0CC47A4D76C6.root
19-Oct-2023 05:29:02 CEST  Initiating request to open file root://eospublic.cern.ch//eos/opendata/cms/mc/RunIIFall15MiniAODv2/WToENu_M-500_TuneCUETP8M1_13TeV-pythia8/MINIAODSIM/PU25nsData2015v1_76X_mcRun2_asymptotic_v12-v1/70000/F29149F8-B5BA-E511-B702-0CC47A745298.root
%MSG-w XrdAdaptor:  file_open 19-Oct-2023 05:29:02 CEST PostProcessEvent
Data is served from cern.ch instead of original site eospublic
%MSG
19-Oct-2023 05:29:02 CEST  Successfully opened file root://eospublic.cern.ch//eos/opendata/cms/mc/RunIIFall15MiniAODv2/WToENu_M-500_TuneCUETP8M1_13TeV-pythia8/MINIAODSIM/PU25nsData2015v1_76X_mcRun2_asymptotic_v12-v1/70000/F29149F8-B5BA-E511-B702-0CC47A745298.root
19-Oct-2023 05:29:07 CEST  Closed file root://eospublic.cern.ch//eos/opendata/cms/mc/RunIIFall15MiniAODv2/WToENu_M-500_TuneCUETP8M1_13TeV-pythia8/MINIAODSIM/PU25nsData2015v1_76X_mcRun2_asymptotic_v12-v1/70000/F29149F8-B5BA-E511-B702-0CC47A745298.root
19-Oct-2023 05:29:07 CEST  Initiating request to open file root://eospublic.cern.ch//eos/opendata/cms/mc/RunIIFall15MiniAODv2/WToENu_M-500_TuneCUETP8M1_13TeV-pythia8/MINIAODSIM/PU25nsData2015v1_76X_mcRun2_asymptotic_v12-v1/70000/F6B9DCEB-B2BA-E511-982B-0025905A48EC.root
%MSG-w XrdAdaptor:  file_open 19-Oct-2023 05:29:07 CEST PostProcessEvent
Data is served from cern.ch instead of original site eospublic
%MSG
19-Oct-2023 05:29:07 CEST  Successfully opened file root://eospublic.cern.ch//eos/opendata/cms/mc/RunIIFall15MiniAODv2/WToENu_M-500_TuneCUETP8M1_13TeV-pythia8/MINIAODSIM/PU25nsData2015v1_76X_mcRun2_asymptotic_v12-v1/70000/F6B9DCEB-B2BA-E511-982B-0025905A48EC.root
19-Oct-2023 05:29:11 CEST  Closed file root://eospublic.cern.ch//eos/opendata/cms/mc/RunIIFall15MiniAODv2/WToENu_M-500_TuneCUETP8M1_13TeV-pythia8/MINIAODSIM/PU25nsData2015v1_76X_mcRun2_asymptotic_v12-v1/70000/F6B9DCEB-B2BA-E511-982B-0025905A48EC.root

------------------------------------
GenXsecAnalyzer:
------------------------------------
Before Filtrer: total cross section = 2.135e-01 +- 1.194e-04 pb
Filter efficiency (taking into account weights)= (993370) / (993370) = 1.000e+00 +- 0.000e+00
Filter efficiency (event-level)= (993370) / (993370) = 1.000e+00 +- 0.000e+00
After filter: final cross section = 2.135e-01 +- 1.194e-04 pb

=============================================

MessageLogger Summary

 type     category        sev    module        subroutine        count    total
 ---- -------------------- -- ---------------- ----------------  -----    -----
    1 GenXSecAnalyzer      -w GenXSecAnalyzer:                       5        5
    2 XrdAdaptor           -w file_open                             25       25
    3 fileAction           -s file_close                            25       25
    4 fileAction           -s file_open                             50       50

 type    category    Examples: run/evt        run/evt          run/evt
 ---- -------------------- ---------------- ---------------- ----------------
    1 GenXSecAnalyzer      PostEndRun       PostEndRun       PostEndRun
    2 XrdAdaptor           pre-events       PostProcessEvent PostProcessEvent
    3 fileAction           PostProcessEvent PostProcessEvent PostEndRun
    4 fileAction           pre-events       pre-events       PostProcessEvent

Severity    # Occurrences   Total Occurrences
--------    -------------   -----------------
Warning                30                  30
System                 75                  75
