19-Oct-2023 00:14:12 CEST  Initiating request to open file root://eospublic.cern.ch//eos/opendata/cms/mc/RunIIFall15MiniAODv2/GGJets_M-500To1000_Pt-50_13TeV-sherpa/MINIAODSIM/PU25nsData2015v1_0T_magnetOffBS0T_76X_mcRun2_0T_v1-v1/40000/183FDC1C-78D7-E511-9093-002590FD5A52.root
%MSG-w XrdAdaptor:  file_open 19-Oct-2023 00:14:12 CEST pre-events
Data is served from cern.ch instead of original site eospublic
%MSG
19-Oct-2023 00:14:15 CEST  Successfully opened file root://eospublic.cern.ch//eos/opendata/cms/mc/RunIIFall15MiniAODv2/GGJets_M-500To1000_Pt-50_13TeV-sherpa/MINIAODSIM/PU25nsData2015v1_0T_magnetOffBS0T_76X_mcRun2_0T_v1-v1/40000/183FDC1C-78D7-E511-9093-002590FD5A52.root
Begin processing the 1st record. Run 1, Event 428261, LumiSection 6119 at 19-Oct-2023 00:14:16.340 CEST
19-Oct-2023 00:14:19 CEST  Closed file root://eospublic.cern.ch//eos/opendata/cms/mc/RunIIFall15MiniAODv2/GGJets_M-500To1000_Pt-50_13TeV-sherpa/MINIAODSIM/PU25nsData2015v1_0T_magnetOffBS0T_76X_mcRun2_0T_v1-v1/40000/183FDC1C-78D7-E511-9093-002590FD5A52.root
19-Oct-2023 00:14:19 CEST  Initiating request to open file root://eospublic.cern.ch//eos/opendata/cms/mc/RunIIFall15MiniAODv2/GGJets_M-500To1000_Pt-50_13TeV-sherpa/MINIAODSIM/PU25nsData2015v1_0T_magnetOffBS0T_76X_mcRun2_0T_v1-v1/40000/284DDC1C-78D7-E511-BD25-002590FD5A52.root
%MSG-w XrdAdaptor:  file_open 19-Oct-2023 00:14:20 CEST PostProcessEvent
Data is served from cern.ch instead of original site eospublic
%MSG
19-Oct-2023 00:14:20 CEST  Successfully opened file root://eospublic.cern.ch//eos/opendata/cms/mc/RunIIFall15MiniAODv2/GGJets_M-500To1000_Pt-50_13TeV-sherpa/MINIAODSIM/PU25nsData2015v1_0T_magnetOffBS0T_76X_mcRun2_0T_v1-v1/40000/284DDC1C-78D7-E511-BD25-002590FD5A52.root
19-Oct-2023 00:14:24 CEST  Closed file root://eospublic.cern.ch//eos/opendata/cms/mc/RunIIFall15MiniAODv2/GGJets_M-500To1000_Pt-50_13TeV-sherpa/MINIAODSIM/PU25nsData2015v1_0T_magnetOffBS0T_76X_mcRun2_0T_v1-v1/40000/284DDC1C-78D7-E511-BD25-002590FD5A52.root
19-Oct-2023 00:14:24 CEST  Initiating request to open file root://eospublic.cern.ch//eos/opendata/cms/mc/RunIIFall15MiniAODv2/GGJets_M-500To1000_Pt-50_13TeV-sherpa/MINIAODSIM/PU25nsData2015v1_0T_magnetOffBS0T_76X_mcRun2_0T_v1-v1/40000/4648DC1C-78D7-E511-887B-002590FD5A52.root
%MSG-w XrdAdaptor:  file_open 19-Oct-2023 00:14:24 CEST PostProcessEvent
Data is served from cern.ch instead of original site eospublic
%MSG
19-Oct-2023 00:14:24 CEST  Successfully opened file root://eospublic.cern.ch//eos/opendata/cms/mc/RunIIFall15MiniAODv2/GGJets_M-500To1000_Pt-50_13TeV-sherpa/MINIAODSIM/PU25nsData2015v1_0T_magnetOffBS0T_76X_mcRun2_0T_v1-v1/40000/4648DC1C-78D7-E511-887B-002590FD5A52.root
Begin processing the 100001st record. Run 1, Event 424242, LumiSection 6061 at 19-Oct-2023 00:14:26.954 CEST
19-Oct-2023 00:14:29 CEST  Closed file root://eospublic.cern.ch//eos/opendata/cms/mc/RunIIFall15MiniAODv2/GGJets_M-500To1000_Pt-50_13TeV-sherpa/MINIAODSIM/PU25nsData2015v1_0T_magnetOffBS0T_76X_mcRun2_0T_v1-v1/40000/4648DC1C-78D7-E511-887B-002590FD5A52.root
19-Oct-2023 00:14:29 CEST  Initiating request to open file root://eospublic.cern.ch//eos/opendata/cms/mc/RunIIFall15MiniAODv2/GGJets_M-500To1000_Pt-50_13TeV-sherpa/MINIAODSIM/PU25nsData2015v1_0T_magnetOffBS0T_76X_mcRun2_0T_v1-v1/40000/5840DC1C-78D7-E511-A5C7-002590FD5A52.root
%MSG-w XrdAdaptor:  file_open 19-Oct-2023 00:14:29 CEST PostProcessEvent
Data is served from cern.ch instead of original site eospublic
%MSG
19-Oct-2023 00:14:29 CEST  Successfully opened file root://eospublic.cern.ch//eos/opendata/cms/mc/RunIIFall15MiniAODv2/GGJets_M-500To1000_Pt-50_13TeV-sherpa/MINIAODSIM/PU25nsData2015v1_0T_magnetOffBS0T_76X_mcRun2_0T_v1-v1/40000/5840DC1C-78D7-E511-A5C7-002590FD5A52.root
19-Oct-2023 00:14:34 CEST  Closed file root://eospublic.cern.ch//eos/opendata/cms/mc/RunIIFall15MiniAODv2/GGJets_M-500To1000_Pt-50_13TeV-sherpa/MINIAODSIM/PU25nsData2015v1_0T_magnetOffBS0T_76X_mcRun2_0T_v1-v1/40000/5840DC1C-78D7-E511-A5C7-002590FD5A52.root
19-Oct-2023 00:14:34 CEST  Initiating request to open file root://eospublic.cern.ch//eos/opendata/cms/mc/RunIIFall15MiniAODv2/GGJets_M-500To1000_Pt-50_13TeV-sherpa/MINIAODSIM/PU25nsData2015v1_0T_magnetOffBS0T_76X_mcRun2_0T_v1-v1/40000/AC78DC1C-78D7-E511-8B50-002590FD5A52.root
%MSG-w XrdAdaptor:  file_open 19-Oct-2023 00:14:34 CEST PostProcessEvent
Data is served from cern.ch instead of original site eospublic
%MSG
19-Oct-2023 00:14:34 CEST  Successfully opened file root://eospublic.cern.ch//eos/opendata/cms/mc/RunIIFall15MiniAODv2/GGJets_M-500To1000_Pt-50_13TeV-sherpa/MINIAODSIM/PU25nsData2015v1_0T_magnetOffBS0T_76X_mcRun2_0T_v1-v1/40000/AC78DC1C-78D7-E511-8B50-002590FD5A52.root
Begin processing the 200001st record. Run 1, Event 561622, LumiSection 8024 at 19-Oct-2023 00:14:37.741 CEST
19-Oct-2023 00:14:38 CEST  Closed file root://eospublic.cern.ch//eos/opendata/cms/mc/RunIIFall15MiniAODv2/GGJets_M-500To1000_Pt-50_13TeV-sherpa/MINIAODSIM/PU25nsData2015v1_0T_magnetOffBS0T_76X_mcRun2_0T_v1-v1/40000/AC78DC1C-78D7-E511-8B50-002590FD5A52.root
19-Oct-2023 00:14:38 CEST  Initiating request to open file root://eospublic.cern.ch//eos/opendata/cms/mc/RunIIFall15MiniAODv2/GGJets_M-500To1000_Pt-50_13TeV-sherpa/MINIAODSIM/PU25nsData2015v1_0T_magnetOffBS0T_76X_mcRun2_0T_v1-v1/40000/B8D2DF1C-78D7-E511-A868-002590FD5A52.root
%MSG-w XrdAdaptor:  file_open 19-Oct-2023 00:14:38 CEST PostProcessEvent
Data is served from cern.ch instead of original site eospublic
%MSG
19-Oct-2023 00:14:38 CEST  Successfully opened file root://eospublic.cern.ch//eos/opendata/cms/mc/RunIIFall15MiniAODv2/GGJets_M-500To1000_Pt-50_13TeV-sherpa/MINIAODSIM/PU25nsData2015v1_0T_magnetOffBS0T_76X_mcRun2_0T_v1-v1/40000/B8D2DF1C-78D7-E511-A868-002590FD5A52.root
19-Oct-2023 00:14:42 CEST  Closed file root://eospublic.cern.ch//eos/opendata/cms/mc/RunIIFall15MiniAODv2/GGJets_M-500To1000_Pt-50_13TeV-sherpa/MINIAODSIM/PU25nsData2015v1_0T_magnetOffBS0T_76X_mcRun2_0T_v1-v1/40000/B8D2DF1C-78D7-E511-A868-002590FD5A52.root
19-Oct-2023 00:14:42 CEST  Initiating request to open file root://eospublic.cern.ch//eos/opendata/cms/mc/RunIIFall15MiniAODv2/GGJets_M-500To1000_Pt-50_13TeV-sherpa/MINIAODSIM/PU25nsData2015v1_0T_magnetOffBS0T_76X_mcRun2_0T_v1-v1/40000/BA6FDC1C-78D7-E511-9465-002590FD5A52.root
%MSG-w XrdAdaptor:  file_open 19-Oct-2023 00:14:42 CEST PostProcessEvent
Data is served from cern.ch instead of original site eospublic
%MSG
19-Oct-2023 00:14:42 CEST  Successfully opened file root://eospublic.cern.ch//eos/opendata/cms/mc/RunIIFall15MiniAODv2/GGJets_M-500To1000_Pt-50_13TeV-sherpa/MINIAODSIM/PU25nsData2015v1_0T_magnetOffBS0T_76X_mcRun2_0T_v1-v1/40000/BA6FDC1C-78D7-E511-9465-002590FD5A52.root
19-Oct-2023 00:14:47 CEST  Closed file root://eospublic.cern.ch//eos/opendata/cms/mc/RunIIFall15MiniAODv2/GGJets_M-500To1000_Pt-50_13TeV-sherpa/MINIAODSIM/PU25nsData2015v1_0T_magnetOffBS0T_76X_mcRun2_0T_v1-v1/40000/BA6FDC1C-78D7-E511-9465-002590FD5A52.root
19-Oct-2023 00:14:47 CEST  Initiating request to open file root://eospublic.cern.ch//eos/opendata/cms/mc/RunIIFall15MiniAODv2/GGJets_M-500To1000_Pt-50_13TeV-sherpa/MINIAODSIM/PU25nsData2015v1_0T_magnetOffBS0T_76X_mcRun2_0T_v1-v1/40000/BC40DC1C-78D7-E511-87AA-002590FD5A52.root
%MSG-w XrdAdaptor:  file_open 19-Oct-2023 00:14:47 CEST PostProcessEvent
Data is served from cern.ch instead of original site eospublic
%MSG
19-Oct-2023 00:14:47 CEST  Successfully opened file root://eospublic.cern.ch//eos/opendata/cms/mc/RunIIFall15MiniAODv2/GGJets_M-500To1000_Pt-50_13TeV-sherpa/MINIAODSIM/PU25nsData2015v1_0T_magnetOffBS0T_76X_mcRun2_0T_v1-v1/40000/BC40DC1C-78D7-E511-87AA-002590FD5A52.root
Begin processing the 300001st record. Run 1, Event 149294, LumiSection 2133 at 19-Oct-2023 00:14:49.548 CEST
19-Oct-2023 00:14:51 CEST  Closed file root://eospublic.cern.ch//eos/opendata/cms/mc/RunIIFall15MiniAODv2/GGJets_M-500To1000_Pt-50_13TeV-sherpa/MINIAODSIM/PU25nsData2015v1_0T_magnetOffBS0T_76X_mcRun2_0T_v1-v1/40000/BC40DC1C-78D7-E511-87AA-002590FD5A52.root
19-Oct-2023 00:14:51 CEST  Initiating request to open file root://eospublic.cern.ch//eos/opendata/cms/mc/RunIIFall15MiniAODv2/GGJets_M-500To1000_Pt-50_13TeV-sherpa/MINIAODSIM/PU25nsData2015v1_0T_magnetOffBS0T_76X_mcRun2_0T_v1-v1/40000/DA4ADC1C-78D7-E511-851E-002590FD5A52.root
%MSG-w XrdAdaptor:  file_open 19-Oct-2023 00:14:51 CEST PostProcessEvent
Data is served from cern.ch instead of original site eospublic
%MSG
19-Oct-2023 00:14:51 CEST  Successfully opened file root://eospublic.cern.ch//eos/opendata/cms/mc/RunIIFall15MiniAODv2/GGJets_M-500To1000_Pt-50_13TeV-sherpa/MINIAODSIM/PU25nsData2015v1_0T_magnetOffBS0T_76X_mcRun2_0T_v1-v1/40000/DA4ADC1C-78D7-E511-851E-002590FD5A52.root
19-Oct-2023 00:14:56 CEST  Closed file root://eospublic.cern.ch//eos/opendata/cms/mc/RunIIFall15MiniAODv2/GGJets_M-500To1000_Pt-50_13TeV-sherpa/MINIAODSIM/PU25nsData2015v1_0T_magnetOffBS0T_76X_mcRun2_0T_v1-v1/40000/DA4ADC1C-78D7-E511-851E-002590FD5A52.root
19-Oct-2023 00:14:56 CEST  Initiating request to open file root://eospublic.cern.ch//eos/opendata/cms/mc/RunIIFall15MiniAODv2/GGJets_M-500To1000_Pt-50_13TeV-sherpa/MINIAODSIM/PU25nsData2015v1_0T_magnetOffBS0T_76X_mcRun2_0T_v1-v1/40000/FA48DC1C-78D7-E511-944D-002590FD5A52.root
%MSG-w XrdAdaptor:  file_open 19-Oct-2023 00:14:56 CEST PostProcessEvent
Data is served from cern.ch instead of original site eospublic
%MSG
19-Oct-2023 00:14:56 CEST  Successfully opened file root://eospublic.cern.ch//eos/opendata/cms/mc/RunIIFall15MiniAODv2/GGJets_M-500To1000_Pt-50_13TeV-sherpa/MINIAODSIM/PU25nsData2015v1_0T_magnetOffBS0T_76X_mcRun2_0T_v1-v1/40000/FA48DC1C-78D7-E511-944D-002590FD5A52.root
Begin processing the 400001st record. Run 1, Event 43447, LumiSection 621 at 19-Oct-2023 00:14:59.951 CEST
19-Oct-2023 00:15:01 CEST  Closed file root://eospublic.cern.ch//eos/opendata/cms/mc/RunIIFall15MiniAODv2/GGJets_M-500To1000_Pt-50_13TeV-sherpa/MINIAODSIM/PU25nsData2015v1_0T_magnetOffBS0T_76X_mcRun2_0T_v1-v1/40000/FA48DC1C-78D7-E511-944D-002590FD5A52.root
19-Oct-2023 00:15:01 CEST  Initiating request to open file root://eospublic.cern.ch//eos/opendata/cms/mc/RunIIFall15MiniAODv2/GGJets_M-500To1000_Pt-50_13TeV-sherpa/MINIAODSIM/PU25nsData2015v1_0T_magnetOffBS0T_76X_mcRun2_0T_v1-v1/60000/00A9A05B-23D7-E511-BE6B-00259048AD6A.root
%MSG-w XrdAdaptor:  file_open 19-Oct-2023 00:15:01 CEST PostProcessEvent
Data is served from cern.ch instead of original site eospublic
%MSG
19-Oct-2023 00:15:01 CEST  Successfully opened file root://eospublic.cern.ch//eos/opendata/cms/mc/RunIIFall15MiniAODv2/GGJets_M-500To1000_Pt-50_13TeV-sherpa/MINIAODSIM/PU25nsData2015v1_0T_magnetOffBS0T_76X_mcRun2_0T_v1-v1/60000/00A9A05B-23D7-E511-BE6B-00259048AD6A.root
19-Oct-2023 00:15:06 CEST  Closed file root://eospublic.cern.ch//eos/opendata/cms/mc/RunIIFall15MiniAODv2/GGJets_M-500To1000_Pt-50_13TeV-sherpa/MINIAODSIM/PU25nsData2015v1_0T_magnetOffBS0T_76X_mcRun2_0T_v1-v1/60000/00A9A05B-23D7-E511-BE6B-00259048AD6A.root
19-Oct-2023 00:15:06 CEST  Initiating request to open file root://eospublic.cern.ch//eos/opendata/cms/mc/RunIIFall15MiniAODv2/GGJets_M-500To1000_Pt-50_13TeV-sherpa/MINIAODSIM/PU25nsData2015v1_0T_magnetOffBS0T_76X_mcRun2_0T_v1-v1/60000/14ECCF02-23D7-E511-9654-00259029E71C.root
%MSG-w XrdAdaptor:  file_open 19-Oct-2023 00:15:06 CEST PostProcessEvent
Data is served from cern.ch instead of original site eospublic
%MSG
19-Oct-2023 00:15:06 CEST  Successfully opened file root://eospublic.cern.ch//eos/opendata/cms/mc/RunIIFall15MiniAODv2/GGJets_M-500To1000_Pt-50_13TeV-sherpa/MINIAODSIM/PU25nsData2015v1_0T_magnetOffBS0T_76X_mcRun2_0T_v1-v1/60000/14ECCF02-23D7-E511-9654-00259029E71C.root
19-Oct-2023 00:15:09 CEST  Closed file root://eospublic.cern.ch//eos/opendata/cms/mc/RunIIFall15MiniAODv2/GGJets_M-500To1000_Pt-50_13TeV-sherpa/MINIAODSIM/PU25nsData2015v1_0T_magnetOffBS0T_76X_mcRun2_0T_v1-v1/60000/14ECCF02-23D7-E511-9654-00259029E71C.root
19-Oct-2023 00:15:09 CEST  Initiating request to open file root://eospublic.cern.ch//eos/opendata/cms/mc/RunIIFall15MiniAODv2/GGJets_M-500To1000_Pt-50_13TeV-sherpa/MINIAODSIM/PU25nsData2015v1_0T_magnetOffBS0T_76X_mcRun2_0T_v1-v1/60000/4C8F09F8-22D7-E511-85A2-001E67A402B2.root
%MSG-w XrdAdaptor:  file_open 19-Oct-2023 00:15:09 CEST PostProcessEvent
Data is served from cern.ch instead of original site eospublic
%MSG
19-Oct-2023 00:15:10 CEST  Successfully opened file root://eospublic.cern.ch//eos/opendata/cms/mc/RunIIFall15MiniAODv2/GGJets_M-500To1000_Pt-50_13TeV-sherpa/MINIAODSIM/PU25nsData2015v1_0T_magnetOffBS0T_76X_mcRun2_0T_v1-v1/60000/4C8F09F8-22D7-E511-85A2-001E67A402B2.root
19-Oct-2023 00:15:10 CEST  Closed file root://eospublic.cern.ch//eos/opendata/cms/mc/RunIIFall15MiniAODv2/GGJets_M-500To1000_Pt-50_13TeV-sherpa/MINIAODSIM/PU25nsData2015v1_0T_magnetOffBS0T_76X_mcRun2_0T_v1-v1/60000/4C8F09F8-22D7-E511-85A2-001E67A402B2.root
19-Oct-2023 00:15:10 CEST  Initiating request to open file root://eospublic.cern.ch//eos/opendata/cms/mc/RunIIFall15MiniAODv2/GGJets_M-500To1000_Pt-50_13TeV-sherpa/MINIAODSIM/PU25nsData2015v1_0T_magnetOffBS0T_76X_mcRun2_0T_v1-v1/60000/98EB103E-23D7-E511-BA49-002590D9D8AA.root
%MSG-w XrdAdaptor:  file_open 19-Oct-2023 00:15:10 CEST PostProcessEvent
Data is served from cern.ch instead of original site eospublic
%MSG
19-Oct-2023 00:15:10 CEST  Successfully opened file root://eospublic.cern.ch//eos/opendata/cms/mc/RunIIFall15MiniAODv2/GGJets_M-500To1000_Pt-50_13TeV-sherpa/MINIAODSIM/PU25nsData2015v1_0T_magnetOffBS0T_76X_mcRun2_0T_v1-v1/60000/98EB103E-23D7-E511-BA49-002590D9D8AA.root
Begin processing the 500001st record. Run 1, Event 351279, LumiSection 5019 at 19-Oct-2023 00:15:12.350 CEST
19-Oct-2023 00:15:16 CEST  Closed file root://eospublic.cern.ch//eos/opendata/cms/mc/RunIIFall15MiniAODv2/GGJets_M-500To1000_Pt-50_13TeV-sherpa/MINIAODSIM/PU25nsData2015v1_0T_magnetOffBS0T_76X_mcRun2_0T_v1-v1/60000/98EB103E-23D7-E511-BA49-002590D9D8AA.root
19-Oct-2023 00:15:16 CEST  Initiating request to open file root://eospublic.cern.ch//eos/opendata/cms/mc/RunIIFall15MiniAODv2/GGJets_M-500To1000_Pt-50_13TeV-sherpa/MINIAODSIM/PU25nsData2015v1_0T_magnetOffBS0T_76X_mcRun2_0T_v1-v1/60000/CA81F252-23D7-E511-88D1-00259029E71C.root
%MSG-w XrdAdaptor:  file_open 19-Oct-2023 00:15:16 CEST PostProcessEvent
Data is served from cern.ch instead of original site eospublic
%MSG
19-Oct-2023 00:15:16 CEST  Successfully opened file root://eospublic.cern.ch//eos/opendata/cms/mc/RunIIFall15MiniAODv2/GGJets_M-500To1000_Pt-50_13TeV-sherpa/MINIAODSIM/PU25nsData2015v1_0T_magnetOffBS0T_76X_mcRun2_0T_v1-v1/60000/CA81F252-23D7-E511-88D1-00259029E71C.root
19-Oct-2023 00:15:21 CEST  Closed file root://eospublic.cern.ch//eos/opendata/cms/mc/RunIIFall15MiniAODv2/GGJets_M-500To1000_Pt-50_13TeV-sherpa/MINIAODSIM/PU25nsData2015v1_0T_magnetOffBS0T_76X_mcRun2_0T_v1-v1/60000/CA81F252-23D7-E511-88D1-00259029E71C.root
19-Oct-2023 00:15:21 CEST  Initiating request to open file root://eospublic.cern.ch//eos/opendata/cms/mc/RunIIFall15MiniAODv2/GGJets_M-500To1000_Pt-50_13TeV-sherpa/MINIAODSIM/PU25nsData2015v1_0T_magnetOffBS0T_76X_mcRun2_0T_v1-v1/60000/F6CEBE03-23D7-E511-8D85-002590D9D8B4.root
%MSG-w XrdAdaptor:  file_open 19-Oct-2023 00:15:21 CEST PostProcessEvent
Data is served from cern.ch instead of original site eospublic
%MSG
19-Oct-2023 00:15:21 CEST  Successfully opened file root://eospublic.cern.ch//eos/opendata/cms/mc/RunIIFall15MiniAODv2/GGJets_M-500To1000_Pt-50_13TeV-sherpa/MINIAODSIM/PU25nsData2015v1_0T_magnetOffBS0T_76X_mcRun2_0T_v1-v1/60000/F6CEBE03-23D7-E511-8D85-002590D9D8B4.root
Begin processing the 600001st record. Run 1, Event 870160, LumiSection 12431 at 19-Oct-2023 00:15:22.971 CEST
19-Oct-2023 00:15:23 CEST  Closed file root://eospublic.cern.ch//eos/opendata/cms/mc/RunIIFall15MiniAODv2/GGJets_M-500To1000_Pt-50_13TeV-sherpa/MINIAODSIM/PU25nsData2015v1_0T_magnetOffBS0T_76X_mcRun2_0T_v1-v1/60000/F6CEBE03-23D7-E511-8D85-002590D9D8B4.root
19-Oct-2023 00:15:23 CEST  Initiating request to open file root://eospublic.cern.ch//eos/opendata/cms/mc/RunIIFall15MiniAODv2/GGJets_M-500To1000_Pt-50_13TeV-sherpa/MINIAODSIM/PU25nsData2015v1_0T_magnetOffBS0T_76X_mcRun2_0T_v1-v1/80000/2A72E1A0-18D7-E511-AD7F-00259075D702.root
%MSG-w XrdAdaptor:  file_open 19-Oct-2023 00:15:24 CEST PostProcessEvent
Data is served from cern.ch instead of original site eospublic
%MSG
19-Oct-2023 00:15:24 CEST  Successfully opened file root://eospublic.cern.ch//eos/opendata/cms/mc/RunIIFall15MiniAODv2/GGJets_M-500To1000_Pt-50_13TeV-sherpa/MINIAODSIM/PU25nsData2015v1_0T_magnetOffBS0T_76X_mcRun2_0T_v1-v1/80000/2A72E1A0-18D7-E511-AD7F-00259075D702.root
19-Oct-2023 00:15:28 CEST  Closed file root://eospublic.cern.ch//eos/opendata/cms/mc/RunIIFall15MiniAODv2/GGJets_M-500To1000_Pt-50_13TeV-sherpa/MINIAODSIM/PU25nsData2015v1_0T_magnetOffBS0T_76X_mcRun2_0T_v1-v1/80000/2A72E1A0-18D7-E511-AD7F-00259075D702.root
19-Oct-2023 00:15:28 CEST  Initiating request to open file root://eospublic.cern.ch//eos/opendata/cms/mc/RunIIFall15MiniAODv2/GGJets_M-500To1000_Pt-50_13TeV-sherpa/MINIAODSIM/PU25nsData2015v1_0T_magnetOffBS0T_76X_mcRun2_0T_v1-v1/80000/543373AF-19D7-E511-920E-0025907DE266.root
%MSG-w XrdAdaptor:  file_open 19-Oct-2023 00:15:28 CEST PostProcessEvent
Data is served from cern.ch instead of original site eospublic
%MSG
19-Oct-2023 00:15:28 CEST  Successfully opened file root://eospublic.cern.ch//eos/opendata/cms/mc/RunIIFall15MiniAODv2/GGJets_M-500To1000_Pt-50_13TeV-sherpa/MINIAODSIM/PU25nsData2015v1_0T_magnetOffBS0T_76X_mcRun2_0T_v1-v1/80000/543373AF-19D7-E511-920E-0025907DE266.root
19-Oct-2023 00:15:32 CEST  Closed file root://eospublic.cern.ch//eos/opendata/cms/mc/RunIIFall15MiniAODv2/GGJets_M-500To1000_Pt-50_13TeV-sherpa/MINIAODSIM/PU25nsData2015v1_0T_magnetOffBS0T_76X_mcRun2_0T_v1-v1/80000/543373AF-19D7-E511-920E-0025907DE266.root
19-Oct-2023 00:15:32 CEST  Initiating request to open file root://eospublic.cern.ch//eos/opendata/cms/mc/RunIIFall15MiniAODv2/GGJets_M-500To1000_Pt-50_13TeV-sherpa/MINIAODSIM/PU25nsData2015v1_0T_magnetOffBS0T_76X_mcRun2_0T_v1-v1/80000/5679020A-1AD7-E511-A832-00259029E66E.root
%MSG-w XrdAdaptor:  file_open 19-Oct-2023 00:15:32 CEST PostProcessEvent
Data is served from cern.ch instead of original site eospublic
%MSG
19-Oct-2023 00:15:32 CEST  Successfully opened file root://eospublic.cern.ch//eos/opendata/cms/mc/RunIIFall15MiniAODv2/GGJets_M-500To1000_Pt-50_13TeV-sherpa/MINIAODSIM/PU25nsData2015v1_0T_magnetOffBS0T_76X_mcRun2_0T_v1-v1/80000/5679020A-1AD7-E511-A832-00259029E66E.root
Begin processing the 700001st record. Run 1, Event 923471, LumiSection 13193 at 19-Oct-2023 00:15:35.024 CEST
19-Oct-2023 00:15:37 CEST  Closed file root://eospublic.cern.ch//eos/opendata/cms/mc/RunIIFall15MiniAODv2/GGJets_M-500To1000_Pt-50_13TeV-sherpa/MINIAODSIM/PU25nsData2015v1_0T_magnetOffBS0T_76X_mcRun2_0T_v1-v1/80000/5679020A-1AD7-E511-A832-00259029E66E.root
19-Oct-2023 00:15:37 CEST  Initiating request to open file root://eospublic.cern.ch//eos/opendata/cms/mc/RunIIFall15MiniAODv2/GGJets_M-500To1000_Pt-50_13TeV-sherpa/MINIAODSIM/PU25nsData2015v1_0T_magnetOffBS0T_76X_mcRun2_0T_v1-v1/80000/68F12A95-18D7-E511-A181-00259029E888.root
%MSG-w XrdAdaptor:  file_open 19-Oct-2023 00:15:37 CEST PostProcessEvent
Data is served from cern.ch instead of original site eospublic
%MSG
19-Oct-2023 00:15:37 CEST  Successfully opened file root://eospublic.cern.ch//eos/opendata/cms/mc/RunIIFall15MiniAODv2/GGJets_M-500To1000_Pt-50_13TeV-sherpa/MINIAODSIM/PU25nsData2015v1_0T_magnetOffBS0T_76X_mcRun2_0T_v1-v1/80000/68F12A95-18D7-E511-A181-00259029E888.root
19-Oct-2023 00:15:42 CEST  Closed file root://eospublic.cern.ch//eos/opendata/cms/mc/RunIIFall15MiniAODv2/GGJets_M-500To1000_Pt-50_13TeV-sherpa/MINIAODSIM/PU25nsData2015v1_0T_magnetOffBS0T_76X_mcRun2_0T_v1-v1/80000/68F12A95-18D7-E511-A181-00259029E888.root
19-Oct-2023 00:15:42 CEST  Initiating request to open file root://eospublic.cern.ch//eos/opendata/cms/mc/RunIIFall15MiniAODv2/GGJets_M-500To1000_Pt-50_13TeV-sherpa/MINIAODSIM/PU25nsData2015v1_0T_magnetOffBS0T_76X_mcRun2_0T_v1-v1/80000/8017EAF0-19D7-E511-A860-00259048AC76.root
%MSG-w XrdAdaptor:  file_open 19-Oct-2023 00:15:42 CEST PostProcessEvent
Data is served from cern.ch instead of original site eospublic
%MSG
19-Oct-2023 00:15:42 CEST  Successfully opened file root://eospublic.cern.ch//eos/opendata/cms/mc/RunIIFall15MiniAODv2/GGJets_M-500To1000_Pt-50_13TeV-sherpa/MINIAODSIM/PU25nsData2015v1_0T_magnetOffBS0T_76X_mcRun2_0T_v1-v1/80000/8017EAF0-19D7-E511-A860-00259048AC76.root
Begin processing the 800001st record. Run 1, Event 841962, LumiSection 12029 at 19-Oct-2023 00:15:45.279 CEST
19-Oct-2023 00:15:46 CEST  Closed file root://eospublic.cern.ch//eos/opendata/cms/mc/RunIIFall15MiniAODv2/GGJets_M-500To1000_Pt-50_13TeV-sherpa/MINIAODSIM/PU25nsData2015v1_0T_magnetOffBS0T_76X_mcRun2_0T_v1-v1/80000/8017EAF0-19D7-E511-A860-00259048AC76.root
19-Oct-2023 00:15:46 CEST  Initiating request to open file root://eospublic.cern.ch//eos/opendata/cms/mc/RunIIFall15MiniAODv2/GGJets_M-500To1000_Pt-50_13TeV-sherpa/MINIAODSIM/PU25nsData2015v1_0T_magnetOffBS0T_76X_mcRun2_0T_v1-v1/80000/B2CDA061-19D7-E511-BF18-0025907DE266.root
%MSG-w XrdAdaptor:  file_open 19-Oct-2023 00:15:46 CEST PostProcessEvent
Data is served from cern.ch instead of original site eospublic
%MSG
19-Oct-2023 00:15:46 CEST  Successfully opened file root://eospublic.cern.ch//eos/opendata/cms/mc/RunIIFall15MiniAODv2/GGJets_M-500To1000_Pt-50_13TeV-sherpa/MINIAODSIM/PU25nsData2015v1_0T_magnetOffBS0T_76X_mcRun2_0T_v1-v1/80000/B2CDA061-19D7-E511-BF18-0025907DE266.root
19-Oct-2023 00:15:48 CEST  Closed file root://eospublic.cern.ch//eos/opendata/cms/mc/RunIIFall15MiniAODv2/GGJets_M-500To1000_Pt-50_13TeV-sherpa/MINIAODSIM/PU25nsData2015v1_0T_magnetOffBS0T_76X_mcRun2_0T_v1-v1/80000/B2CDA061-19D7-E511-BF18-0025907DE266.root
19-Oct-2023 00:15:48 CEST  Initiating request to open file root://eospublic.cern.ch//eos/opendata/cms/mc/RunIIFall15MiniAODv2/GGJets_M-500To1000_Pt-50_13TeV-sherpa/MINIAODSIM/PU25nsData2015v1_0T_magnetOffBS0T_76X_mcRun2_0T_v1-v1/80000/BC1F294A-1AD7-E511-BFAD-00259029E66E.root
%MSG-w XrdAdaptor:  file_open 19-Oct-2023 00:15:48 CEST PostProcessEvent
Data is served from cern.ch instead of original site eospublic
%MSG
19-Oct-2023 00:15:48 CEST  Successfully opened file root://eospublic.cern.ch//eos/opendata/cms/mc/RunIIFall15MiniAODv2/GGJets_M-500To1000_Pt-50_13TeV-sherpa/MINIAODSIM/PU25nsData2015v1_0T_magnetOffBS0T_76X_mcRun2_0T_v1-v1/80000/BC1F294A-1AD7-E511-BFAD-00259029E66E.root
19-Oct-2023 00:15:53 CEST  Closed file root://eospublic.cern.ch//eos/opendata/cms/mc/RunIIFall15MiniAODv2/GGJets_M-500To1000_Pt-50_13TeV-sherpa/MINIAODSIM/PU25nsData2015v1_0T_magnetOffBS0T_76X_mcRun2_0T_v1-v1/80000/BC1F294A-1AD7-E511-BFAD-00259029E66E.root
19-Oct-2023 00:15:53 CEST  Initiating request to open file root://eospublic.cern.ch//eos/opendata/cms/mc/RunIIFall15MiniAODv2/GGJets_M-500To1000_Pt-50_13TeV-sherpa/MINIAODSIM/PU25nsData2015v1_0T_magnetOffBS0T_76X_mcRun2_0T_v1-v1/80000/D42710F8-19D7-E511-92D4-0CC47A0AD6DA.root
%MSG-w XrdAdaptor:  file_open 19-Oct-2023 00:15:53 CEST PostProcessEvent
Data is served from cern.ch instead of original site eospublic
%MSG
19-Oct-2023 00:15:53 CEST  Successfully opened file root://eospublic.cern.ch//eos/opendata/cms/mc/RunIIFall15MiniAODv2/GGJets_M-500To1000_Pt-50_13TeV-sherpa/MINIAODSIM/PU25nsData2015v1_0T_magnetOffBS0T_76X_mcRun2_0T_v1-v1/80000/D42710F8-19D7-E511-92D4-0CC47A0AD6DA.root
Begin processing the 900001st record. Run 1, Event 691083, LumiSection 9873 at 19-Oct-2023 00:15:57.005 CEST
19-Oct-2023 00:15:58 CEST  Closed file root://eospublic.cern.ch//eos/opendata/cms/mc/RunIIFall15MiniAODv2/GGJets_M-500To1000_Pt-50_13TeV-sherpa/MINIAODSIM/PU25nsData2015v1_0T_magnetOffBS0T_76X_mcRun2_0T_v1-v1/80000/D42710F8-19D7-E511-92D4-0CC47A0AD6DA.root
19-Oct-2023 00:15:58 CEST  Initiating request to open file root://eospublic.cern.ch//eos/opendata/cms/mc/RunIIFall15MiniAODv2/GGJets_M-500To1000_Pt-50_13TeV-sherpa/MINIAODSIM/PU25nsData2015v1_0T_magnetOffBS0T_76X_mcRun2_0T_v1-v1/80000/F29690B4-18D7-E511-BF87-0CC47A0AD456.root
%MSG-w XrdAdaptor:  file_open 19-Oct-2023 00:15:58 CEST PostProcessEvent
Data is served from cern.ch instead of original site eospublic
%MSG
19-Oct-2023 00:15:58 CEST  Successfully opened file root://eospublic.cern.ch//eos/opendata/cms/mc/RunIIFall15MiniAODv2/GGJets_M-500To1000_Pt-50_13TeV-sherpa/MINIAODSIM/PU25nsData2015v1_0T_magnetOffBS0T_76X_mcRun2_0T_v1-v1/80000/F29690B4-18D7-E511-BF87-0CC47A0AD456.root
19-Oct-2023 00:16:03 CEST  Closed file root://eospublic.cern.ch//eos/opendata/cms/mc/RunIIFall15MiniAODv2/GGJets_M-500To1000_Pt-50_13TeV-sherpa/MINIAODSIM/PU25nsData2015v1_0T_magnetOffBS0T_76X_mcRun2_0T_v1-v1/80000/F29690B4-18D7-E511-BF87-0CC47A0AD456.root
19-Oct-2023 00:16:03 CEST  Initiating request to open file root://eospublic.cern.ch//eos/opendata/cms/mc/RunIIFall15MiniAODv2/GGJets_M-500To1000_Pt-50_13TeV-sherpa/MINIAODSIM/PU25nsData2015v1_0T_magnetOffBS0T_76X_mcRun2_0T_v1-v1/80000/FCEB5873-19D7-E511-ACF4-002590791DA2.root
%MSG-w XrdAdaptor:  file_open 19-Oct-2023 00:16:03 CEST PostProcessEvent
Data is served from cern.ch instead of original site eospublic
%MSG
19-Oct-2023 00:16:03 CEST  Successfully opened file root://eospublic.cern.ch//eos/opendata/cms/mc/RunIIFall15MiniAODv2/GGJets_M-500To1000_Pt-50_13TeV-sherpa/MINIAODSIM/PU25nsData2015v1_0T_magnetOffBS0T_76X_mcRun2_0T_v1-v1/80000/FCEB5873-19D7-E511-ACF4-002590791DA2.root
19-Oct-2023 00:16:07 CEST  Closed file root://eospublic.cern.ch//eos/opendata/cms/mc/RunIIFall15MiniAODv2/GGJets_M-500To1000_Pt-50_13TeV-sherpa/MINIAODSIM/PU25nsData2015v1_0T_magnetOffBS0T_76X_mcRun2_0T_v1-v1/80000/FCEB5873-19D7-E511-ACF4-002590791DA2.root

------------------------------------
GenXsecAnalyzer:
------------------------------------
Before Filtrer: total cross section = 1.478e-01 +- 2.130e-04 pb
Filter efficiency (taking into account weights)= (209278) / (209278) = 1.000e+00 +- 0.000e+00
Filter efficiency (event-level)= (999077) / (999077) = 1.000e+00 +- 0.000e+00
After filter: final cross section = 1.478e-01 +- 2.130e-04 pb

=============================================

MessageLogger Summary

 type     category        sev    module        subroutine        count    total
 ---- -------------------- -- ---------------- ----------------  -----    -----
    1 GenXSecAnalyzer      -w GenXSecAnalyzer:                       5        5
    2 XrdAdaptor           -w file_open                             26       26
    3 fileAction           -s file_close                            26       26
    4 fileAction           -s file_open                             52       52

 type    category    Examples: run/evt        run/evt          run/evt
 ---- -------------------- ---------------- ---------------- ----------------
    1 GenXSecAnalyzer      PostEndRun       PostEndRun       PostEndRun
    2 XrdAdaptor           pre-events       PostProcessEvent PostProcessEvent
    3 fileAction           PostProcessEvent PostProcessEvent PostEndRun
    4 fileAction           pre-events       pre-events       PostProcessEvent

Severity    # Occurrences   Total Occurrences
--------    -------------   -----------------
Warning                31                  31
System                 78                  78
