18-Oct-2023 23:58:51 CEST  Initiating request to open file root://eospublic.cern.ch//eos/opendata/cms/mc/RunIIFall15MiniAODv2/WToENu_M-1000_TuneCUETP8M1_13TeV-pythia8/MINIAODSIM/PU25nsData2015v1_76X_mcRun2_asymptotic_v12-v1/50000/00CD2474-C2B8-E511-A8EC-00269E95B17C.root
%MSG-w XrdAdaptor:  file_open 18-Oct-2023 23:58:52 CEST pre-events
Data is served from cern.ch instead of original site eospublic
%MSG
18-Oct-2023 23:58:54 CEST  Successfully opened file root://eospublic.cern.ch//eos/opendata/cms/mc/RunIIFall15MiniAODv2/WToENu_M-1000_TuneCUETP8M1_13TeV-pythia8/MINIAODSIM/PU25nsData2015v1_76X_mcRun2_asymptotic_v12-v1/50000/00CD2474-C2B8-E511-A8EC-00269E95B17C.root
Begin processing the 1st record. Run 1, Event 7633, LumiSection 73 at 18-Oct-2023 23:58:55.729 CEST
18-Oct-2023 23:58:59 CEST  Closed file root://eospublic.cern.ch//eos/opendata/cms/mc/RunIIFall15MiniAODv2/WToENu_M-1000_TuneCUETP8M1_13TeV-pythia8/MINIAODSIM/PU25nsData2015v1_76X_mcRun2_asymptotic_v12-v1/50000/00CD2474-C2B8-E511-A8EC-00269E95B17C.root
18-Oct-2023 23:58:59 CEST  Initiating request to open file root://eospublic.cern.ch//eos/opendata/cms/mc/RunIIFall15MiniAODv2/WToENu_M-1000_TuneCUETP8M1_13TeV-pythia8/MINIAODSIM/PU25nsData2015v1_76X_mcRun2_asymptotic_v12-v1/50000/2018DD73-C2B8-E511-838D-047D7B416516.root
%MSG-w XrdAdaptor:  file_open 18-Oct-2023 23:58:59 CEST PostProcessEvent
Data is served from cern.ch instead of original site eospublic
%MSG
18-Oct-2023 23:58:59 CEST  Successfully opened file root://eospublic.cern.ch//eos/opendata/cms/mc/RunIIFall15MiniAODv2/WToENu_M-1000_TuneCUETP8M1_13TeV-pythia8/MINIAODSIM/PU25nsData2015v1_76X_mcRun2_asymptotic_v12-v1/50000/2018DD73-C2B8-E511-838D-047D7B416516.root
18-Oct-2023 23:59:04 CEST  Closed file root://eospublic.cern.ch//eos/opendata/cms/mc/RunIIFall15MiniAODv2/WToENu_M-1000_TuneCUETP8M1_13TeV-pythia8/MINIAODSIM/PU25nsData2015v1_76X_mcRun2_asymptotic_v12-v1/50000/2018DD73-C2B8-E511-838D-047D7B416516.root
18-Oct-2023 23:59:04 CEST  Initiating request to open file root://eospublic.cern.ch//eos/opendata/cms/mc/RunIIFall15MiniAODv2/WToENu_M-1000_TuneCUETP8M1_13TeV-pythia8/MINIAODSIM/PU25nsData2015v1_76X_mcRun2_asymptotic_v12-v1/50000/2208EEE9-C1B8-E511-8A7B-0025905AC99A.root
%MSG-w XrdAdaptor:  file_open 18-Oct-2023 23:59:04 CEST PostProcessEvent
Data is served from cern.ch instead of original site eospublic
%MSG
18-Oct-2023 23:59:04 CEST  Successfully opened file root://eospublic.cern.ch//eos/opendata/cms/mc/RunIIFall15MiniAODv2/WToENu_M-1000_TuneCUETP8M1_13TeV-pythia8/MINIAODSIM/PU25nsData2015v1_76X_mcRun2_asymptotic_v12-v1/50000/2208EEE9-C1B8-E511-8A7B-0025905AC99A.root
Begin processing the 100001st record. Run 1, Event 521189, LumiSection 4917 at 18-Oct-2023 23:59:06.468 CEST
18-Oct-2023 23:59:09 CEST  Closed file root://eospublic.cern.ch//eos/opendata/cms/mc/RunIIFall15MiniAODv2/WToENu_M-1000_TuneCUETP8M1_13TeV-pythia8/MINIAODSIM/PU25nsData2015v1_76X_mcRun2_asymptotic_v12-v1/50000/2208EEE9-C1B8-E511-8A7B-0025905AC99A.root
18-Oct-2023 23:59:09 CEST  Initiating request to open file root://eospublic.cern.ch//eos/opendata/cms/mc/RunIIFall15MiniAODv2/WToENu_M-1000_TuneCUETP8M1_13TeV-pythia8/MINIAODSIM/PU25nsData2015v1_76X_mcRun2_asymptotic_v12-v1/50000/2AC2ED72-C2B8-E511-9AA4-1CC1DE1CF69A.root
%MSG-w XrdAdaptor:  file_open 18-Oct-2023 23:59:09 CEST PostProcessEvent
Data is served from cern.ch instead of original site eospublic
%MSG
18-Oct-2023 23:59:09 CEST  Successfully opened file root://eospublic.cern.ch//eos/opendata/cms/mc/RunIIFall15MiniAODv2/WToENu_M-1000_TuneCUETP8M1_13TeV-pythia8/MINIAODSIM/PU25nsData2015v1_76X_mcRun2_asymptotic_v12-v1/50000/2AC2ED72-C2B8-E511-9AA4-1CC1DE1CF69A.root
18-Oct-2023 23:59:14 CEST  Closed file root://eospublic.cern.ch//eos/opendata/cms/mc/RunIIFall15MiniAODv2/WToENu_M-1000_TuneCUETP8M1_13TeV-pythia8/MINIAODSIM/PU25nsData2015v1_76X_mcRun2_asymptotic_v12-v1/50000/2AC2ED72-C2B8-E511-9AA4-1CC1DE1CF69A.root
18-Oct-2023 23:59:14 CEST  Initiating request to open file root://eospublic.cern.ch//eos/opendata/cms/mc/RunIIFall15MiniAODv2/WToENu_M-1000_TuneCUETP8M1_13TeV-pythia8/MINIAODSIM/PU25nsData2015v1_76X_mcRun2_asymptotic_v12-v1/50000/42E53E64-C2B8-E511-A38A-6CC2173D57C0.root
%MSG-w XrdAdaptor:  file_open 18-Oct-2023 23:59:14 CEST PostProcessEvent
Data is served from cern.ch instead of original site eospublic
%MSG
18-Oct-2023 23:59:14 CEST  Successfully opened file root://eospublic.cern.ch//eos/opendata/cms/mc/RunIIFall15MiniAODv2/WToENu_M-1000_TuneCUETP8M1_13TeV-pythia8/MINIAODSIM/PU25nsData2015v1_76X_mcRun2_asymptotic_v12-v1/50000/42E53E64-C2B8-E511-A38A-6CC2173D57C0.root
Begin processing the 200001st record. Run 1, Event 303517, LumiSection 2863 at 18-Oct-2023 23:59:17.575 CEST
18-Oct-2023 23:59:19 CEST  Closed file root://eospublic.cern.ch//eos/opendata/cms/mc/RunIIFall15MiniAODv2/WToENu_M-1000_TuneCUETP8M1_13TeV-pythia8/MINIAODSIM/PU25nsData2015v1_76X_mcRun2_asymptotic_v12-v1/50000/42E53E64-C2B8-E511-A38A-6CC2173D57C0.root
18-Oct-2023 23:59:19 CEST  Initiating request to open file root://eospublic.cern.ch//eos/opendata/cms/mc/RunIIFall15MiniAODv2/WToENu_M-1000_TuneCUETP8M1_13TeV-pythia8/MINIAODSIM/PU25nsData2015v1_76X_mcRun2_asymptotic_v12-v1/50000/448CC773-C2B8-E511-B7AD-047D7B2E84EC.root
%MSG-w XrdAdaptor:  file_open 18-Oct-2023 23:59:19 CEST PostProcessEvent
Data is served from cern.ch instead of original site eospublic
%MSG
18-Oct-2023 23:59:19 CEST  Successfully opened file root://eospublic.cern.ch//eos/opendata/cms/mc/RunIIFall15MiniAODv2/WToENu_M-1000_TuneCUETP8M1_13TeV-pythia8/MINIAODSIM/PU25nsData2015v1_76X_mcRun2_asymptotic_v12-v1/50000/448CC773-C2B8-E511-B7AD-047D7B2E84EC.root
18-Oct-2023 23:59:23 CEST  Closed file root://eospublic.cern.ch//eos/opendata/cms/mc/RunIIFall15MiniAODv2/WToENu_M-1000_TuneCUETP8M1_13TeV-pythia8/MINIAODSIM/PU25nsData2015v1_76X_mcRun2_asymptotic_v12-v1/50000/448CC773-C2B8-E511-B7AD-047D7B2E84EC.root
18-Oct-2023 23:59:23 CEST  Initiating request to open file root://eospublic.cern.ch//eos/opendata/cms/mc/RunIIFall15MiniAODv2/WToENu_M-1000_TuneCUETP8M1_13TeV-pythia8/MINIAODSIM/PU25nsData2015v1_76X_mcRun2_asymptotic_v12-v1/50000/5C7E7064-C4B8-E511-9AF7-0025905C4472.root
%MSG-w XrdAdaptor:  file_open 18-Oct-2023 23:59:23 CEST PostProcessEvent
Data is served from cern.ch instead of original site eospublic
%MSG
18-Oct-2023 23:59:24 CEST  Successfully opened file root://eospublic.cern.ch//eos/opendata/cms/mc/RunIIFall15MiniAODv2/WToENu_M-1000_TuneCUETP8M1_13TeV-pythia8/MINIAODSIM/PU25nsData2015v1_76X_mcRun2_asymptotic_v12-v1/50000/5C7E7064-C4B8-E511-9AF7-0025905C4472.root
Begin processing the 300001st record. Run 1, Event 913717, LumiSection 8620 at 18-Oct-2023 23:59:28.317 CEST
18-Oct-2023 23:59:29 CEST  Closed file root://eospublic.cern.ch//eos/opendata/cms/mc/RunIIFall15MiniAODv2/WToENu_M-1000_TuneCUETP8M1_13TeV-pythia8/MINIAODSIM/PU25nsData2015v1_76X_mcRun2_asymptotic_v12-v1/50000/5C7E7064-C4B8-E511-9AF7-0025905C4472.root
18-Oct-2023 23:59:29 CEST  Initiating request to open file root://eospublic.cern.ch//eos/opendata/cms/mc/RunIIFall15MiniAODv2/WToENu_M-1000_TuneCUETP8M1_13TeV-pythia8/MINIAODSIM/PU25nsData2015v1_76X_mcRun2_asymptotic_v12-v1/50000/5E91BC73-C2B8-E511-B689-047D7B2E81BC.root
%MSG-w XrdAdaptor:  file_open 18-Oct-2023 23:59:29 CEST PostProcessEvent
Data is served from cern.ch instead of original site eospublic
%MSG
18-Oct-2023 23:59:29 CEST  Successfully opened file root://eospublic.cern.ch//eos/opendata/cms/mc/RunIIFall15MiniAODv2/WToENu_M-1000_TuneCUETP8M1_13TeV-pythia8/MINIAODSIM/PU25nsData2015v1_76X_mcRun2_asymptotic_v12-v1/50000/5E91BC73-C2B8-E511-B689-047D7B2E81BC.root
18-Oct-2023 23:59:33 CEST  Closed file root://eospublic.cern.ch//eos/opendata/cms/mc/RunIIFall15MiniAODv2/WToENu_M-1000_TuneCUETP8M1_13TeV-pythia8/MINIAODSIM/PU25nsData2015v1_76X_mcRun2_asymptotic_v12-v1/50000/5E91BC73-C2B8-E511-B689-047D7B2E81BC.root
18-Oct-2023 23:59:33 CEST  Initiating request to open file root://eospublic.cern.ch//eos/opendata/cms/mc/RunIIFall15MiniAODv2/WToENu_M-1000_TuneCUETP8M1_13TeV-pythia8/MINIAODSIM/PU25nsData2015v1_76X_mcRun2_asymptotic_v12-v1/50000/7ABFA86F-C2B8-E511-9993-002481DE4938.root
%MSG-w XrdAdaptor:  file_open 18-Oct-2023 23:59:33 CEST PostProcessEvent
Data is served from cern.ch instead of original site eospublic
%MSG
18-Oct-2023 23:59:33 CEST  Successfully opened file root://eospublic.cern.ch//eos/opendata/cms/mc/RunIIFall15MiniAODv2/WToENu_M-1000_TuneCUETP8M1_13TeV-pythia8/MINIAODSIM/PU25nsData2015v1_76X_mcRun2_asymptotic_v12-v1/50000/7ABFA86F-C2B8-E511-9993-002481DE4938.root
18-Oct-2023 23:59:38 CEST  Closed file root://eospublic.cern.ch//eos/opendata/cms/mc/RunIIFall15MiniAODv2/WToENu_M-1000_TuneCUETP8M1_13TeV-pythia8/MINIAODSIM/PU25nsData2015v1_76X_mcRun2_asymptotic_v12-v1/50000/7ABFA86F-C2B8-E511-9993-002481DE4938.root
18-Oct-2023 23:59:38 CEST  Initiating request to open file root://eospublic.cern.ch//eos/opendata/cms/mc/RunIIFall15MiniAODv2/WToENu_M-1000_TuneCUETP8M1_13TeV-pythia8/MINIAODSIM/PU25nsData2015v1_76X_mcRun2_asymptotic_v12-v1/50000/7E5BAFC4-C1B8-E511-88DB-0025B3268576.root
%MSG-w XrdAdaptor:  file_open 18-Oct-2023 23:59:38 CEST PostProcessEvent
Data is served from cern.ch instead of original site eospublic
%MSG
18-Oct-2023 23:59:38 CEST  Successfully opened file root://eospublic.cern.ch//eos/opendata/cms/mc/RunIIFall15MiniAODv2/WToENu_M-1000_TuneCUETP8M1_13TeV-pythia8/MINIAODSIM/PU25nsData2015v1_76X_mcRun2_asymptotic_v12-v1/50000/7E5BAFC4-C1B8-E511-88DB-0025B3268576.root
Begin processing the 400001st record. Run 1, Event 289029, LumiSection 2727 at 18-Oct-2023 23:59:39.959 CEST
18-Oct-2023 23:59:43 CEST  Closed file root://eospublic.cern.ch//eos/opendata/cms/mc/RunIIFall15MiniAODv2/WToENu_M-1000_TuneCUETP8M1_13TeV-pythia8/MINIAODSIM/PU25nsData2015v1_76X_mcRun2_asymptotic_v12-v1/50000/7E5BAFC4-C1B8-E511-88DB-0025B3268576.root
18-Oct-2023 23:59:43 CEST  Initiating request to open file root://eospublic.cern.ch//eos/opendata/cms/mc/RunIIFall15MiniAODv2/WToENu_M-1000_TuneCUETP8M1_13TeV-pythia8/MINIAODSIM/PU25nsData2015v1_76X_mcRun2_asymptotic_v12-v1/50000/A2854544-C2B8-E511-9A75-0025905C426E.root
%MSG-w XrdAdaptor:  file_open 18-Oct-2023 23:59:43 CEST PostProcessEvent
Data is served from cern.ch instead of original site eospublic
%MSG
18-Oct-2023 23:59:43 CEST  Successfully opened file root://eospublic.cern.ch//eos/opendata/cms/mc/RunIIFall15MiniAODv2/WToENu_M-1000_TuneCUETP8M1_13TeV-pythia8/MINIAODSIM/PU25nsData2015v1_76X_mcRun2_asymptotic_v12-v1/50000/A2854544-C2B8-E511-9A75-0025905C426E.root
18-Oct-2023 23:59:47 CEST  Closed file root://eospublic.cern.ch//eos/opendata/cms/mc/RunIIFall15MiniAODv2/WToENu_M-1000_TuneCUETP8M1_13TeV-pythia8/MINIAODSIM/PU25nsData2015v1_76X_mcRun2_asymptotic_v12-v1/50000/A2854544-C2B8-E511-9A75-0025905C426E.root
18-Oct-2023 23:59:47 CEST  Initiating request to open file root://eospublic.cern.ch//eos/opendata/cms/mc/RunIIFall15MiniAODv2/WToENu_M-1000_TuneCUETP8M1_13TeV-pythia8/MINIAODSIM/PU25nsData2015v1_76X_mcRun2_asymptotic_v12-v1/50000/A692C530-C2B8-E511-83F9-0025905AC95E.root
%MSG-w XrdAdaptor:  file_open 18-Oct-2023 23:59:47 CEST PostProcessEvent
Data is served from cern.ch instead of original site eospublic
%MSG
18-Oct-2023 23:59:47 CEST  Successfully opened file root://eospublic.cern.ch//eos/opendata/cms/mc/RunIIFall15MiniAODv2/WToENu_M-1000_TuneCUETP8M1_13TeV-pythia8/MINIAODSIM/PU25nsData2015v1_76X_mcRun2_asymptotic_v12-v1/50000/A692C530-C2B8-E511-83F9-0025905AC95E.root
Begin processing the 500001st record. Run 1, Event 963049, LumiSection 9085 at 18-Oct-2023 23:59:49.739 CEST
18-Oct-2023 23:59:51 CEST  Closed file root://eospublic.cern.ch//eos/opendata/cms/mc/RunIIFall15MiniAODv2/WToENu_M-1000_TuneCUETP8M1_13TeV-pythia8/MINIAODSIM/PU25nsData2015v1_76X_mcRun2_asymptotic_v12-v1/50000/A692C530-C2B8-E511-83F9-0025905AC95E.root
18-Oct-2023 23:59:51 CEST  Initiating request to open file root://eospublic.cern.ch//eos/opendata/cms/mc/RunIIFall15MiniAODv2/WToENu_M-1000_TuneCUETP8M1_13TeV-pythia8/MINIAODSIM/PU25nsData2015v1_76X_mcRun2_asymptotic_v12-v1/50000/AA782172-C2B8-E511-9C52-002481CFE642.root
%MSG-w XrdAdaptor:  file_open 18-Oct-2023 23:59:51 CEST PostProcessEvent
Data is served from cern.ch instead of original site eospublic
%MSG
18-Oct-2023 23:59:51 CEST  Successfully opened file root://eospublic.cern.ch//eos/opendata/cms/mc/RunIIFall15MiniAODv2/WToENu_M-1000_TuneCUETP8M1_13TeV-pythia8/MINIAODSIM/PU25nsData2015v1_76X_mcRun2_asymptotic_v12-v1/50000/AA782172-C2B8-E511-9C52-002481CFE642.root
18-Oct-2023 23:59:55 CEST  Closed file root://eospublic.cern.ch//eos/opendata/cms/mc/RunIIFall15MiniAODv2/WToENu_M-1000_TuneCUETP8M1_13TeV-pythia8/MINIAODSIM/PU25nsData2015v1_76X_mcRun2_asymptotic_v12-v1/50000/AA782172-C2B8-E511-9C52-002481CFE642.root
18-Oct-2023 23:59:55 CEST  Initiating request to open file root://eospublic.cern.ch//eos/opendata/cms/mc/RunIIFall15MiniAODv2/WToENu_M-1000_TuneCUETP8M1_13TeV-pythia8/MINIAODSIM/PU25nsData2015v1_76X_mcRun2_asymptotic_v12-v1/50000/AAD5FACD-C1B8-E511-9DE1-6CC2173C3DD0.root
%MSG-w XrdAdaptor:  file_open 18-Oct-2023 23:59:55 CEST PostProcessEvent
Data is served from cern.ch instead of original site eospublic
%MSG
18-Oct-2023 23:59:55 CEST  Successfully opened file root://eospublic.cern.ch//eos/opendata/cms/mc/RunIIFall15MiniAODv2/WToENu_M-1000_TuneCUETP8M1_13TeV-pythia8/MINIAODSIM/PU25nsData2015v1_76X_mcRun2_asymptotic_v12-v1/50000/AAD5FACD-C1B8-E511-9DE1-6CC2173C3DD0.root
Begin processing the 600001st record. Run 1, Event 993253, LumiSection 9371 at 19-Oct-2023 00:00:00.009 CEST
19-Oct-2023 00:00:00 CEST  Closed file root://eospublic.cern.ch//eos/opendata/cms/mc/RunIIFall15MiniAODv2/WToENu_M-1000_TuneCUETP8M1_13TeV-pythia8/MINIAODSIM/PU25nsData2015v1_76X_mcRun2_asymptotic_v12-v1/50000/AAD5FACD-C1B8-E511-9DE1-6CC2173C3DD0.root
19-Oct-2023 00:00:00 CEST  Initiating request to open file root://eospublic.cern.ch//eos/opendata/cms/mc/RunIIFall15MiniAODv2/WToENu_M-1000_TuneCUETP8M1_13TeV-pythia8/MINIAODSIM/PU25nsData2015v1_76X_mcRun2_asymptotic_v12-v1/50000/BE3B1048-C2B8-E511-B912-90B11CBCFFC3.root
%MSG-w XrdAdaptor:  file_open 19-Oct-2023 00:00:00 CEST PostProcessEvent
Data is served from cern.ch instead of original site eospublic
%MSG
19-Oct-2023 00:00:00 CEST  Successfully opened file root://eospublic.cern.ch//eos/opendata/cms/mc/RunIIFall15MiniAODv2/WToENu_M-1000_TuneCUETP8M1_13TeV-pythia8/MINIAODSIM/PU25nsData2015v1_76X_mcRun2_asymptotic_v12-v1/50000/BE3B1048-C2B8-E511-B912-90B11CBCFFC3.root
19-Oct-2023 00:00:05 CEST  Closed file root://eospublic.cern.ch//eos/opendata/cms/mc/RunIIFall15MiniAODv2/WToENu_M-1000_TuneCUETP8M1_13TeV-pythia8/MINIAODSIM/PU25nsData2015v1_76X_mcRun2_asymptotic_v12-v1/50000/BE3B1048-C2B8-E511-B912-90B11CBCFFC3.root
19-Oct-2023 00:00:05 CEST  Initiating request to open file root://eospublic.cern.ch//eos/opendata/cms/mc/RunIIFall15MiniAODv2/WToENu_M-1000_TuneCUETP8M1_13TeV-pythia8/MINIAODSIM/PU25nsData2015v1_76X_mcRun2_asymptotic_v12-v1/50000/C24AEDF8-C1B8-E511-A9B4-0025905C42D2.root
%MSG-w XrdAdaptor:  file_open 19-Oct-2023 00:00:05 CEST PostProcessEvent
Data is served from cern.ch instead of original site eospublic
%MSG
19-Oct-2023 00:00:05 CEST  Successfully opened file root://eospublic.cern.ch//eos/opendata/cms/mc/RunIIFall15MiniAODv2/WToENu_M-1000_TuneCUETP8M1_13TeV-pythia8/MINIAODSIM/PU25nsData2015v1_76X_mcRun2_asymptotic_v12-v1/50000/C24AEDF8-C1B8-E511-A9B4-0025905C42D2.root
19-Oct-2023 00:00:09 CEST  Closed file root://eospublic.cern.ch//eos/opendata/cms/mc/RunIIFall15MiniAODv2/WToENu_M-1000_TuneCUETP8M1_13TeV-pythia8/MINIAODSIM/PU25nsData2015v1_76X_mcRun2_asymptotic_v12-v1/50000/C24AEDF8-C1B8-E511-A9B4-0025905C42D2.root
19-Oct-2023 00:00:09 CEST  Initiating request to open file root://eospublic.cern.ch//eos/opendata/cms/mc/RunIIFall15MiniAODv2/WToENu_M-1000_TuneCUETP8M1_13TeV-pythia8/MINIAODSIM/PU25nsData2015v1_76X_mcRun2_asymptotic_v12-v1/50000/CC3CE973-C2B8-E511-8FE4-00269E95ACE4.root
%MSG-w XrdAdaptor:  file_open 19-Oct-2023 00:00:09 CEST PostProcessEvent
Data is served from cern.ch instead of original site eospublic
%MSG
19-Oct-2023 00:00:10 CEST  Successfully opened file root://eospublic.cern.ch//eos/opendata/cms/mc/RunIIFall15MiniAODv2/WToENu_M-1000_TuneCUETP8M1_13TeV-pythia8/MINIAODSIM/PU25nsData2015v1_76X_mcRun2_asymptotic_v12-v1/50000/CC3CE973-C2B8-E511-8FE4-00269E95ACE4.root
Begin processing the 700001st record. Run 1, Event 571833, LumiSection 5395 at 19-Oct-2023 00:00:11.916 CEST
19-Oct-2023 00:00:14 CEST  Closed file root://eospublic.cern.ch//eos/opendata/cms/mc/RunIIFall15MiniAODv2/WToENu_M-1000_TuneCUETP8M1_13TeV-pythia8/MINIAODSIM/PU25nsData2015v1_76X_mcRun2_asymptotic_v12-v1/50000/CC3CE973-C2B8-E511-8FE4-00269E95ACE4.root
19-Oct-2023 00:00:14 CEST  Initiating request to open file root://eospublic.cern.ch//eos/opendata/cms/mc/RunIIFall15MiniAODv2/WToENu_M-1000_TuneCUETP8M1_13TeV-pythia8/MINIAODSIM/PU25nsData2015v1_76X_mcRun2_asymptotic_v12-v1/50000/D6045072-C2B8-E511-847C-002481DE4BF0.root
%MSG-w XrdAdaptor:  file_open 19-Oct-2023 00:00:15 CEST PostProcessEvent
Data is served from cern.ch instead of original site eospublic
%MSG
19-Oct-2023 00:00:15 CEST  Successfully opened file root://eospublic.cern.ch//eos/opendata/cms/mc/RunIIFall15MiniAODv2/WToENu_M-1000_TuneCUETP8M1_13TeV-pythia8/MINIAODSIM/PU25nsData2015v1_76X_mcRun2_asymptotic_v12-v1/50000/D6045072-C2B8-E511-847C-002481DE4BF0.root
19-Oct-2023 00:00:20 CEST  Closed file root://eospublic.cern.ch//eos/opendata/cms/mc/RunIIFall15MiniAODv2/WToENu_M-1000_TuneCUETP8M1_13TeV-pythia8/MINIAODSIM/PU25nsData2015v1_76X_mcRun2_asymptotic_v12-v1/50000/D6045072-C2B8-E511-847C-002481DE4BF0.root
19-Oct-2023 00:00:20 CEST  Initiating request to open file root://eospublic.cern.ch//eos/opendata/cms/mc/RunIIFall15MiniAODv2/WToENu_M-1000_TuneCUETP8M1_13TeV-pythia8/MINIAODSIM/PU25nsData2015v1_76X_mcRun2_asymptotic_v12-v1/50000/DA826972-C2B8-E511-B7CC-002481CFE7F2.root
%MSG-w XrdAdaptor:  file_open 19-Oct-2023 00:00:20 CEST PostProcessEvent
Data is served from cern.ch instead of original site eospublic
%MSG
19-Oct-2023 00:00:20 CEST  Successfully opened file root://eospublic.cern.ch//eos/opendata/cms/mc/RunIIFall15MiniAODv2/WToENu_M-1000_TuneCUETP8M1_13TeV-pythia8/MINIAODSIM/PU25nsData2015v1_76X_mcRun2_asymptotic_v12-v1/50000/DA826972-C2B8-E511-B7CC-002481CFE7F2.root
Begin processing the 800001st record. Run 1, Event 792273, LumiSection 7475 at 19-Oct-2023 00:00:22.432 CEST
19-Oct-2023 00:00:24 CEST  Closed file root://eospublic.cern.ch//eos/opendata/cms/mc/RunIIFall15MiniAODv2/WToENu_M-1000_TuneCUETP8M1_13TeV-pythia8/MINIAODSIM/PU25nsData2015v1_76X_mcRun2_asymptotic_v12-v1/50000/DA826972-C2B8-E511-B7CC-002481CFE7F2.root
19-Oct-2023 00:00:24 CEST  Initiating request to open file root://eospublic.cern.ch//eos/opendata/cms/mc/RunIIFall15MiniAODv2/WToENu_M-1000_TuneCUETP8M1_13TeV-pythia8/MINIAODSIM/PU25nsData2015v1_76X_mcRun2_asymptotic_v12-v1/50000/DE995773-C2B8-E511-BC9E-6CC2173D6B10.root
%MSG-w XrdAdaptor:  file_open 19-Oct-2023 00:00:25 CEST PostProcessEvent
Data is served from cern.ch instead of original site eospublic
%MSG
19-Oct-2023 00:00:25 CEST  Successfully opened file root://eospublic.cern.ch//eos/opendata/cms/mc/RunIIFall15MiniAODv2/WToENu_M-1000_TuneCUETP8M1_13TeV-pythia8/MINIAODSIM/PU25nsData2015v1_76X_mcRun2_asymptotic_v12-v1/50000/DE995773-C2B8-E511-BC9E-6CC2173D6B10.root
19-Oct-2023 00:00:28 CEST  Closed file root://eospublic.cern.ch//eos/opendata/cms/mc/RunIIFall15MiniAODv2/WToENu_M-1000_TuneCUETP8M1_13TeV-pythia8/MINIAODSIM/PU25nsData2015v1_76X_mcRun2_asymptotic_v12-v1/50000/DE995773-C2B8-E511-BC9E-6CC2173D6B10.root
19-Oct-2023 00:00:28 CEST  Initiating request to open file root://eospublic.cern.ch//eos/opendata/cms/mc/RunIIFall15MiniAODv2/WToENu_M-1000_TuneCUETP8M1_13TeV-pythia8/MINIAODSIM/PU25nsData2015v1_76X_mcRun2_asymptotic_v12-v1/50000/E4220474-C2B8-E511-B1C2-00269E95B0A4.root
%MSG-w XrdAdaptor:  file_open 19-Oct-2023 00:00:28 CEST PostProcessEvent
Data is served from cern.ch instead of original site eospublic
%MSG
19-Oct-2023 00:00:28 CEST  Successfully opened file root://eospublic.cern.ch//eos/opendata/cms/mc/RunIIFall15MiniAODv2/WToENu_M-1000_TuneCUETP8M1_13TeV-pythia8/MINIAODSIM/PU25nsData2015v1_76X_mcRun2_asymptotic_v12-v1/50000/E4220474-C2B8-E511-B1C2-00269E95B0A4.root
Begin processing the 900001st record. Run 1, Event 350961, LumiSection 3311 at 19-Oct-2023 00:00:32.616 CEST
19-Oct-2023 00:00:33 CEST  Closed file root://eospublic.cern.ch//eos/opendata/cms/mc/RunIIFall15MiniAODv2/WToENu_M-1000_TuneCUETP8M1_13TeV-pythia8/MINIAODSIM/PU25nsData2015v1_76X_mcRun2_asymptotic_v12-v1/50000/E4220474-C2B8-E511-B1C2-00269E95B0A4.root
19-Oct-2023 00:00:33 CEST  Initiating request to open file root://eospublic.cern.ch//eos/opendata/cms/mc/RunIIFall15MiniAODv2/WToENu_M-1000_TuneCUETP8M1_13TeV-pythia8/MINIAODSIM/PU25nsData2015v1_76X_mcRun2_asymptotic_v12-v1/50000/E683CFE1-C1B8-E511-8A7D-90B11CBCFFC3.root
%MSG-w XrdAdaptor:  file_open 19-Oct-2023 00:00:33 CEST PostProcessEvent
Data is served from cern.ch instead of original site eospublic
%MSG
19-Oct-2023 00:00:33 CEST  Successfully opened file root://eospublic.cern.ch//eos/opendata/cms/mc/RunIIFall15MiniAODv2/WToENu_M-1000_TuneCUETP8M1_13TeV-pythia8/MINIAODSIM/PU25nsData2015v1_76X_mcRun2_asymptotic_v12-v1/50000/E683CFE1-C1B8-E511-8A7D-90B11CBCFFC3.root
19-Oct-2023 00:00:35 CEST  Closed file root://eospublic.cern.ch//eos/opendata/cms/mc/RunIIFall15MiniAODv2/WToENu_M-1000_TuneCUETP8M1_13TeV-pythia8/MINIAODSIM/PU25nsData2015v1_76X_mcRun2_asymptotic_v12-v1/50000/E683CFE1-C1B8-E511-8A7D-90B11CBCFFC3.root
19-Oct-2023 00:00:35 CEST  Initiating request to open file root://eospublic.cern.ch//eos/opendata/cms/mc/RunIIFall15MiniAODv2/WToENu_M-1000_TuneCUETP8M1_13TeV-pythia8/MINIAODSIM/PU25nsData2015v1_76X_mcRun2_asymptotic_v12-v1/50000/FAFFF357-C4B8-E511-88B2-0025905AC804.root
%MSG-w XrdAdaptor:  file_open 19-Oct-2023 00:00:35 CEST PostProcessEvent
Data is served from cern.ch instead of original site eospublic
%MSG
19-Oct-2023 00:00:35 CEST  Successfully opened file root://eospublic.cern.ch//eos/opendata/cms/mc/RunIIFall15MiniAODv2/WToENu_M-1000_TuneCUETP8M1_13TeV-pythia8/MINIAODSIM/PU25nsData2015v1_76X_mcRun2_asymptotic_v12-v1/50000/FAFFF357-C4B8-E511-88B2-0025905AC804.root
19-Oct-2023 00:00:39 CEST  Closed file root://eospublic.cern.ch//eos/opendata/cms/mc/RunIIFall15MiniAODv2/WToENu_M-1000_TuneCUETP8M1_13TeV-pythia8/MINIAODSIM/PU25nsData2015v1_76X_mcRun2_asymptotic_v12-v1/50000/FAFFF357-C4B8-E511-88B2-0025905AC804.root
19-Oct-2023 00:00:39 CEST  Initiating request to open file root://eospublic.cern.ch//eos/opendata/cms/mc/RunIIFall15MiniAODv2/WToENu_M-1000_TuneCUETP8M1_13TeV-pythia8/MINIAODSIM/PU25nsData2015v1_76X_mcRun2_asymptotic_v12-v1/50000/FC70A472-C2B8-E511-BC4E-0025B3E01F20.root
%MSG-w XrdAdaptor:  file_open 19-Oct-2023 00:00:39 CEST PostProcessEvent
Data is served from cern.ch instead of original site eospublic
%MSG
19-Oct-2023 00:00:39 CEST  Successfully opened file root://eospublic.cern.ch//eos/opendata/cms/mc/RunIIFall15MiniAODv2/WToENu_M-1000_TuneCUETP8M1_13TeV-pythia8/MINIAODSIM/PU25nsData2015v1_76X_mcRun2_asymptotic_v12-v1/50000/FC70A472-C2B8-E511-BC4E-0025B3E01F20.root
19-Oct-2023 00:00:44 CEST  Closed file root://eospublic.cern.ch//eos/opendata/cms/mc/RunIIFall15MiniAODv2/WToENu_M-1000_TuneCUETP8M1_13TeV-pythia8/MINIAODSIM/PU25nsData2015v1_76X_mcRun2_asymptotic_v12-v1/50000/FC70A472-C2B8-E511-BC4E-0025B3E01F20.root

------------------------------------
GenXsecAnalyzer:
------------------------------------
Before Filtrer: total cross section = 1.276e-02 +- 7.420e-06 pb
Filter efficiency (taking into account weights)= (998728) / (998728) = 1.000e+00 +- 0.000e+00
Filter efficiency (event-level)= (998728) / (998728) = 1.000e+00 +- 0.000e+00
After filter: final cross section = 1.276e-02 +- 7.420e-06 pb

=============================================

MessageLogger Summary

 type     category        sev    module        subroutine        count    total
 ---- -------------------- -- ---------------- ----------------  -----    -----
    1 GenXSecAnalyzer      -w GenXSecAnalyzer:                       5        5
    2 XrdAdaptor           -w file_open                             24       24
    3 fileAction           -s file_close                            24       24
    4 fileAction           -s file_open                             48       48

 type    category    Examples: run/evt        run/evt          run/evt
 ---- -------------------- ---------------- ---------------- ----------------
    1 GenXSecAnalyzer      PostEndRun       PostEndRun       PostEndRun
    2 XrdAdaptor           pre-events       PostProcessEvent PostProcessEvent
    3 fileAction           PostProcessEvent PostProcessEvent PostEndRun
    4 fileAction           pre-events       pre-events       PostProcessEvent

Severity    # Occurrences   Total Occurrences
--------    -------------   -----------------
Warning                29                  29
System                 72                  72
