19-Oct-2023 00:00:51 CEST  Initiating request to open file root://eospublic.cern.ch//eos/opendata/cms/mc/RunIIFall15MiniAODv2/EEG_PTG130To400_MEE50_13TeV_sherpa/MINIAODSIM/PU25nsData2015v1_76X_mcRun2_asymptotic_v12-v1/70000/247ED840-4FB8-E511-8EBC-0025905C4326.root
%MSG-w XrdAdaptor:  file_open 19-Oct-2023 00:00:52 CEST pre-events
Data is served from cern.ch instead of original site eospublic
%MSG
19-Oct-2023 00:00:55 CEST  Successfully opened file root://eospublic.cern.ch//eos/opendata/cms/mc/RunIIFall15MiniAODv2/EEG_PTG130To400_MEE50_13TeV_sherpa/MINIAODSIM/PU25nsData2015v1_76X_mcRun2_asymptotic_v12-v1/70000/247ED840-4FB8-E511-8EBC-0025905C4326.root
Begin processing the 1st record. Run 1, Event 25430, LumiSection 178 at 19-Oct-2023 00:00:57.041 CEST
19-Oct-2023 00:01:00 CEST  Closed file root://eospublic.cern.ch//eos/opendata/cms/mc/RunIIFall15MiniAODv2/EEG_PTG130To400_MEE50_13TeV_sherpa/MINIAODSIM/PU25nsData2015v1_76X_mcRun2_asymptotic_v12-v1/70000/247ED840-4FB8-E511-8EBC-0025905C4326.root
19-Oct-2023 00:01:00 CEST  Initiating request to open file root://eospublic.cern.ch//eos/opendata/cms/mc/RunIIFall15MiniAODv2/EEG_PTG130To400_MEE50_13TeV_sherpa/MINIAODSIM/PU25nsData2015v1_76X_mcRun2_asymptotic_v12-v1/70000/2C455F23-4EB8-E511-97C6-0025905AC802.root
%MSG-w XrdAdaptor:  file_open 19-Oct-2023 00:01:00 CEST PostProcessEvent
Data is served from cern.ch instead of original site eospublic
%MSG
19-Oct-2023 00:01:00 CEST  Successfully opened file root://eospublic.cern.ch//eos/opendata/cms/mc/RunIIFall15MiniAODv2/EEG_PTG130To400_MEE50_13TeV_sherpa/MINIAODSIM/PU25nsData2015v1_76X_mcRun2_asymptotic_v12-v1/70000/2C455F23-4EB8-E511-97C6-0025905AC802.root
19-Oct-2023 00:01:05 CEST  Closed file root://eospublic.cern.ch//eos/opendata/cms/mc/RunIIFall15MiniAODv2/EEG_PTG130To400_MEE50_13TeV_sherpa/MINIAODSIM/PU25nsData2015v1_76X_mcRun2_asymptotic_v12-v1/70000/2C455F23-4EB8-E511-97C6-0025905AC802.root
19-Oct-2023 00:01:05 CEST  Initiating request to open file root://eospublic.cern.ch//eos/opendata/cms/mc/RunIIFall15MiniAODv2/EEG_PTG130To400_MEE50_13TeV_sherpa/MINIAODSIM/PU25nsData2015v1_76X_mcRun2_asymptotic_v12-v1/70000/44E42A41-4EB8-E511-B262-0025905C4326.root
%MSG-w XrdAdaptor:  file_open 19-Oct-2023 00:01:05 CEST PostProcessEvent
Data is served from cern.ch instead of original site eospublic
%MSG
19-Oct-2023 00:01:05 CEST  Successfully opened file root://eospublic.cern.ch//eos/opendata/cms/mc/RunIIFall15MiniAODv2/EEG_PTG130To400_MEE50_13TeV_sherpa/MINIAODSIM/PU25nsData2015v1_76X_mcRun2_asymptotic_v12-v1/70000/44E42A41-4EB8-E511-B262-0025905C4326.root
Begin processing the 100001st record. Run 1, Event 43605, LumiSection 304 at 19-Oct-2023 00:01:07.369 CEST
19-Oct-2023 00:01:09 CEST  Closed file root://eospublic.cern.ch//eos/opendata/cms/mc/RunIIFall15MiniAODv2/EEG_PTG130To400_MEE50_13TeV_sherpa/MINIAODSIM/PU25nsData2015v1_76X_mcRun2_asymptotic_v12-v1/70000/44E42A41-4EB8-E511-B262-0025905C4326.root
19-Oct-2023 00:01:09 CEST  Initiating request to open file root://eospublic.cern.ch//eos/opendata/cms/mc/RunIIFall15MiniAODv2/EEG_PTG130To400_MEE50_13TeV_sherpa/MINIAODSIM/PU25nsData2015v1_76X_mcRun2_asymptotic_v12-v1/70000/80755336-4FB8-E511-99CD-0025905C4326.root
%MSG-w XrdAdaptor:  file_open 19-Oct-2023 00:01:09 CEST PostProcessEvent
Data is served from cern.ch instead of original site eospublic
%MSG
19-Oct-2023 00:01:09 CEST  Successfully opened file root://eospublic.cern.ch//eos/opendata/cms/mc/RunIIFall15MiniAODv2/EEG_PTG130To400_MEE50_13TeV_sherpa/MINIAODSIM/PU25nsData2015v1_76X_mcRun2_asymptotic_v12-v1/70000/80755336-4FB8-E511-99CD-0025905C4326.root
19-Oct-2023 00:01:14 CEST  Closed file root://eospublic.cern.ch//eos/opendata/cms/mc/RunIIFall15MiniAODv2/EEG_PTG130To400_MEE50_13TeV_sherpa/MINIAODSIM/PU25nsData2015v1_76X_mcRun2_asymptotic_v12-v1/70000/80755336-4FB8-E511-99CD-0025905C4326.root
19-Oct-2023 00:01:14 CEST  Initiating request to open file root://eospublic.cern.ch//eos/opendata/cms/mc/RunIIFall15MiniAODv2/EEG_PTG130To400_MEE50_13TeV_sherpa/MINIAODSIM/PU25nsData2015v1_76X_mcRun2_asymptotic_v12-v1/70000/927854BB-4FB8-E511-9F43-0025905AC876.root
%MSG-w XrdAdaptor:  file_open 19-Oct-2023 00:01:14 CEST PostProcessEvent
Data is served from cern.ch instead of original site eospublic
%MSG
19-Oct-2023 00:01:14 CEST  Successfully opened file root://eospublic.cern.ch//eos/opendata/cms/mc/RunIIFall15MiniAODv2/EEG_PTG130To400_MEE50_13TeV_sherpa/MINIAODSIM/PU25nsData2015v1_76X_mcRun2_asymptotic_v12-v1/70000/927854BB-4FB8-E511-9F43-0025905AC876.root
Begin processing the 200001st record. Run 1, Event 350271, LumiSection 2438 at 19-Oct-2023 00:01:18.344 CEST
19-Oct-2023 00:01:20 CEST  Closed file root://eospublic.cern.ch//eos/opendata/cms/mc/RunIIFall15MiniAODv2/EEG_PTG130To400_MEE50_13TeV_sherpa/MINIAODSIM/PU25nsData2015v1_76X_mcRun2_asymptotic_v12-v1/70000/927854BB-4FB8-E511-9F43-0025905AC876.root
19-Oct-2023 00:01:20 CEST  Initiating request to open file root://eospublic.cern.ch//eos/opendata/cms/mc/RunIIFall15MiniAODv2/EEG_PTG130To400_MEE50_13TeV_sherpa/MINIAODSIM/PU25nsData2015v1_76X_mcRun2_asymptotic_v12-v1/70000/948512B2-4FB8-E511-8E96-0025905C4470.root
%MSG-w XrdAdaptor:  file_open 19-Oct-2023 00:01:20 CEST PostProcessEvent
Data is served from cern.ch instead of original site eospublic
%MSG
19-Oct-2023 00:01:20 CEST  Successfully opened file root://eospublic.cern.ch//eos/opendata/cms/mc/RunIIFall15MiniAODv2/EEG_PTG130To400_MEE50_13TeV_sherpa/MINIAODSIM/PU25nsData2015v1_76X_mcRun2_asymptotic_v12-v1/70000/948512B2-4FB8-E511-8E96-0025905C4470.root
19-Oct-2023 00:01:25 CEST  Closed file root://eospublic.cern.ch//eos/opendata/cms/mc/RunIIFall15MiniAODv2/EEG_PTG130To400_MEE50_13TeV_sherpa/MINIAODSIM/PU25nsData2015v1_76X_mcRun2_asymptotic_v12-v1/70000/948512B2-4FB8-E511-8E96-0025905C4470.root
19-Oct-2023 00:01:25 CEST  Initiating request to open file root://eospublic.cern.ch//eos/opendata/cms/mc/RunIIFall15MiniAODv2/EEG_PTG130To400_MEE50_13TeV_sherpa/MINIAODSIM/PU25nsData2015v1_76X_mcRun2_asymptotic_v12-v1/70000/981A8774-4DB8-E511-B175-0025905C4326.root
%MSG-w XrdAdaptor:  file_open 19-Oct-2023 00:01:25 CEST PostProcessEvent
Data is served from cern.ch instead of original site eospublic
%MSG
19-Oct-2023 00:01:25 CEST  Successfully opened file root://eospublic.cern.ch//eos/opendata/cms/mc/RunIIFall15MiniAODv2/EEG_PTG130To400_MEE50_13TeV_sherpa/MINIAODSIM/PU25nsData2015v1_76X_mcRun2_asymptotic_v12-v1/70000/981A8774-4DB8-E511-B175-0025905C4326.root
Begin processing the 300001st record. Run 1, Event 384421, LumiSection 2675 at 19-Oct-2023 00:01:29.073 CEST
19-Oct-2023 00:01:29 CEST  Closed file root://eospublic.cern.ch//eos/opendata/cms/mc/RunIIFall15MiniAODv2/EEG_PTG130To400_MEE50_13TeV_sherpa/MINIAODSIM/PU25nsData2015v1_76X_mcRun2_asymptotic_v12-v1/70000/981A8774-4DB8-E511-B175-0025905C4326.root
19-Oct-2023 00:01:29 CEST  Initiating request to open file root://eospublic.cern.ch//eos/opendata/cms/mc/RunIIFall15MiniAODv2/EEG_PTG130To400_MEE50_13TeV_sherpa/MINIAODSIM/PU25nsData2015v1_76X_mcRun2_asymptotic_v12-v1/70000/AC98AA5A-4DB8-E511-AEAD-0025905AC802.root
%MSG-w XrdAdaptor:  file_open 19-Oct-2023 00:01:29 CEST PostProcessEvent
Data is served from cern.ch instead of original site eospublic
%MSG
19-Oct-2023 00:01:29 CEST  Successfully opened file root://eospublic.cern.ch//eos/opendata/cms/mc/RunIIFall15MiniAODv2/EEG_PTG130To400_MEE50_13TeV_sherpa/MINIAODSIM/PU25nsData2015v1_76X_mcRun2_asymptotic_v12-v1/70000/AC98AA5A-4DB8-E511-AEAD-0025905AC802.root
19-Oct-2023 00:01:33 CEST  Closed file root://eospublic.cern.ch//eos/opendata/cms/mc/RunIIFall15MiniAODv2/EEG_PTG130To400_MEE50_13TeV_sherpa/MINIAODSIM/PU25nsData2015v1_76X_mcRun2_asymptotic_v12-v1/70000/AC98AA5A-4DB8-E511-AEAD-0025905AC802.root
19-Oct-2023 00:01:33 CEST  Initiating request to open file root://eospublic.cern.ch//eos/opendata/cms/mc/RunIIFall15MiniAODv2/EEG_PTG130To400_MEE50_13TeV_sherpa/MINIAODSIM/PU25nsData2015v1_76X_mcRun2_asymptotic_v12-v1/70000/BA9E5851-4EB8-E511-BF7E-0025905C4326.root
%MSG-w XrdAdaptor:  file_open 19-Oct-2023 00:01:33 CEST PostProcessEvent
Data is served from cern.ch instead of original site eospublic
%MSG
19-Oct-2023 00:01:33 CEST  Successfully opened file root://eospublic.cern.ch//eos/opendata/cms/mc/RunIIFall15MiniAODv2/EEG_PTG130To400_MEE50_13TeV_sherpa/MINIAODSIM/PU25nsData2015v1_76X_mcRun2_asymptotic_v12-v1/70000/BA9E5851-4EB8-E511-BF7E-0025905C4326.root
19-Oct-2023 00:01:37 CEST  Closed file root://eospublic.cern.ch//eos/opendata/cms/mc/RunIIFall15MiniAODv2/EEG_PTG130To400_MEE50_13TeV_sherpa/MINIAODSIM/PU25nsData2015v1_76X_mcRun2_asymptotic_v12-v1/70000/BA9E5851-4EB8-E511-BF7E-0025905C4326.root
19-Oct-2023 00:01:37 CEST  Initiating request to open file root://eospublic.cern.ch//eos/opendata/cms/mc/RunIIFall15MiniAODv2/EEG_PTG130To400_MEE50_13TeV_sherpa/MINIAODSIM/PU25nsData2015v1_76X_mcRun2_asymptotic_v12-v1/70000/CCB3BDF7-4DB8-E511-A044-0025905C4470.root
%MSG-w XrdAdaptor:  file_open 19-Oct-2023 00:01:37 CEST PostProcessEvent
Data is served from cern.ch instead of original site eospublic
%MSG
19-Oct-2023 00:01:37 CEST  Successfully opened file root://eospublic.cern.ch//eos/opendata/cms/mc/RunIIFall15MiniAODv2/EEG_PTG130To400_MEE50_13TeV_sherpa/MINIAODSIM/PU25nsData2015v1_76X_mcRun2_asymptotic_v12-v1/70000/CCB3BDF7-4DB8-E511-A044-0025905C4470.root
Begin processing the 400001st record. Run 1, Event 106831, LumiSection 743 at 19-Oct-2023 00:01:41.246 CEST
19-Oct-2023 00:01:42 CEST  Closed file root://eospublic.cern.ch//eos/opendata/cms/mc/RunIIFall15MiniAODv2/EEG_PTG130To400_MEE50_13TeV_sherpa/MINIAODSIM/PU25nsData2015v1_76X_mcRun2_asymptotic_v12-v1/70000/CCB3BDF7-4DB8-E511-A044-0025905C4470.root
19-Oct-2023 00:01:42 CEST  Initiating request to open file root://eospublic.cern.ch//eos/opendata/cms/mc/RunIIFall15MiniAODv2/EEG_PTG130To400_MEE50_13TeV_sherpa/MINIAODSIM/PU25nsData2015v1_76X_mcRun2_asymptotic_v12-v1/70000/E27DBED4-4EB8-E511-8DBD-0025905C4470.root
%MSG-w XrdAdaptor:  file_open 19-Oct-2023 00:01:42 CEST PostProcessEvent
Data is served from cern.ch instead of original site eospublic
%MSG
19-Oct-2023 00:01:42 CEST  Successfully opened file root://eospublic.cern.ch//eos/opendata/cms/mc/RunIIFall15MiniAODv2/EEG_PTG130To400_MEE50_13TeV_sherpa/MINIAODSIM/PU25nsData2015v1_76X_mcRun2_asymptotic_v12-v1/70000/E27DBED4-4EB8-E511-8DBD-0025905C4470.root
19-Oct-2023 00:01:47 CEST  Closed file root://eospublic.cern.ch//eos/opendata/cms/mc/RunIIFall15MiniAODv2/EEG_PTG130To400_MEE50_13TeV_sherpa/MINIAODSIM/PU25nsData2015v1_76X_mcRun2_asymptotic_v12-v1/70000/E27DBED4-4EB8-E511-8DBD-0025905C4470.root
19-Oct-2023 00:01:47 CEST  Initiating request to open file root://eospublic.cern.ch//eos/opendata/cms/mc/RunIIFall15MiniAODv2/EEG_PTG130To400_MEE50_13TeV_sherpa/MINIAODSIM/PU25nsData2015v1_76X_mcRun2_asymptotic_v12-v1/70000/F651BC02-4FB8-E511-ACFC-0025905AC802.root
%MSG-w XrdAdaptor:  file_open 19-Oct-2023 00:01:47 CEST PostProcessEvent
Data is served from cern.ch instead of original site eospublic
%MSG
19-Oct-2023 00:01:47 CEST  Successfully opened file root://eospublic.cern.ch//eos/opendata/cms/mc/RunIIFall15MiniAODv2/EEG_PTG130To400_MEE50_13TeV_sherpa/MINIAODSIM/PU25nsData2015v1_76X_mcRun2_asymptotic_v12-v1/70000/F651BC02-4FB8-E511-ACFC-0025905AC802.root
19-Oct-2023 00:01:52 CEST  Closed file root://eospublic.cern.ch//eos/opendata/cms/mc/RunIIFall15MiniAODv2/EEG_PTG130To400_MEE50_13TeV_sherpa/MINIAODSIM/PU25nsData2015v1_76X_mcRun2_asymptotic_v12-v1/70000/F651BC02-4FB8-E511-ACFC-0025905AC802.root

------------------------------------
GenXsecAnalyzer:
------------------------------------
Before Filtrer: total cross section = 1.998e-02 +- 1.823e-05 pb
Filter efficiency (taking into account weights)= (499994) / (499994) = 1.000e+00 +- 0.000e+00
Filter efficiency (event-level)= (499994) / (499994) = 1.000e+00 +- 0.000e+00
After filter: final cross section = 1.998e-02 +- 1.823e-05 pb

=============================================

MessageLogger Summary

 type     category        sev    module        subroutine        count    total
 ---- -------------------- -- ---------------- ----------------  -----    -----
    1 GenXSecAnalyzer      -w GenXSecAnalyzer:                       5        5
    2 XrdAdaptor           -w file_open                             12       12
    3 fileAction           -s file_close                            12       12
    4 fileAction           -s file_open                             24       24

 type    category    Examples: run/evt        run/evt          run/evt
 ---- -------------------- ---------------- ---------------- ----------------
    1 GenXSecAnalyzer      PostEndRun       PostEndRun       PostEndRun
    2 XrdAdaptor           pre-events       PostProcessEvent PostProcessEvent
    3 fileAction           PostProcessEvent PostProcessEvent PostEndRun
    4 fileAction           pre-events       pre-events       PostProcessEvent

Severity    # Occurrences   Total Occurrences
--------    -------------   -----------------
Warning                17                  17
System                 36                  36
