19-Oct-2023 00:22:38 CEST  Initiating request to open file root://eospublic.cern.ch//eos/opendata/cms/mc/RunIIFall15MiniAODv2/WToMuNu_M-5000_TuneCUETP8M1_13TeV-pythia8/MINIAODSIM/PU25nsData2015v1_76X_mcRun2_asymptotic_v12-v1/00000/0286C6BA-60E0-E511-B8B8-0025904A8ECA.root
%MSG-w XrdAdaptor:  file_open 19-Oct-2023 00:22:39 CEST pre-events
Data is served from cern.ch instead of original site eospublic
%MSG
19-Oct-2023 00:22:43 CEST  Successfully opened file root://eospublic.cern.ch//eos/opendata/cms/mc/RunIIFall15MiniAODv2/WToMuNu_M-5000_TuneCUETP8M1_13TeV-pythia8/MINIAODSIM/PU25nsData2015v1_76X_mcRun2_asymptotic_v12-v1/00000/0286C6BA-60E0-E511-B8B8-0025904A8ECA.root
Begin processing the 1st record. Run 1, Event 164312, LumiSection 909 at 19-Oct-2023 00:22:44.174 CEST
19-Oct-2023 00:22:44 CEST  Closed file root://eospublic.cern.ch//eos/opendata/cms/mc/RunIIFall15MiniAODv2/WToMuNu_M-5000_TuneCUETP8M1_13TeV-pythia8/MINIAODSIM/PU25nsData2015v1_76X_mcRun2_asymptotic_v12-v1/00000/0286C6BA-60E0-E511-B8B8-0025904A8ECA.root
19-Oct-2023 00:22:44 CEST  Initiating request to open file root://eospublic.cern.ch//eos/opendata/cms/mc/RunIIFall15MiniAODv2/WToMuNu_M-5000_TuneCUETP8M1_13TeV-pythia8/MINIAODSIM/PU25nsData2015v1_76X_mcRun2_asymptotic_v12-v1/00000/062CCF8F-60E0-E511-95FB-005056021007.root
%MSG-w XrdAdaptor:  file_open 19-Oct-2023 00:22:44 CEST PostProcessEvent
Data is served from cern.ch instead of original site eospublic
%MSG
19-Oct-2023 00:22:44 CEST  Successfully opened file root://eospublic.cern.ch//eos/opendata/cms/mc/RunIIFall15MiniAODv2/WToMuNu_M-5000_TuneCUETP8M1_13TeV-pythia8/MINIAODSIM/PU25nsData2015v1_76X_mcRun2_asymptotic_v12-v1/00000/062CCF8F-60E0-E511-95FB-005056021007.root
19-Oct-2023 00:22:45 CEST  Closed file root://eospublic.cern.ch//eos/opendata/cms/mc/RunIIFall15MiniAODv2/WToMuNu_M-5000_TuneCUETP8M1_13TeV-pythia8/MINIAODSIM/PU25nsData2015v1_76X_mcRun2_asymptotic_v12-v1/00000/062CCF8F-60E0-E511-95FB-005056021007.root
19-Oct-2023 00:22:45 CEST  Initiating request to open file root://eospublic.cern.ch//eos/opendata/cms/mc/RunIIFall15MiniAODv2/WToMuNu_M-5000_TuneCUETP8M1_13TeV-pythia8/MINIAODSIM/PU25nsData2015v1_76X_mcRun2_asymptotic_v12-v1/00000/187E4F23-BCDF-E511-A970-0CC47A4DED0C.root
%MSG-w XrdAdaptor:  file_open 19-Oct-2023 00:22:45 CEST PostProcessEvent
Data is served from cern.ch instead of original site eospublic
%MSG
19-Oct-2023 00:22:45 CEST  Successfully opened file root://eospublic.cern.ch//eos/opendata/cms/mc/RunIIFall15MiniAODv2/WToMuNu_M-5000_TuneCUETP8M1_13TeV-pythia8/MINIAODSIM/PU25nsData2015v1_76X_mcRun2_asymptotic_v12-v1/00000/187E4F23-BCDF-E511-A970-0CC47A4DED0C.root
19-Oct-2023 00:22:50 CEST  Closed file root://eospublic.cern.ch//eos/opendata/cms/mc/RunIIFall15MiniAODv2/WToMuNu_M-5000_TuneCUETP8M1_13TeV-pythia8/MINIAODSIM/PU25nsData2015v1_76X_mcRun2_asymptotic_v12-v1/00000/187E4F23-BCDF-E511-A970-0CC47A4DED0C.root
19-Oct-2023 00:22:50 CEST  Initiating request to open file root://eospublic.cern.ch//eos/opendata/cms/mc/RunIIFall15MiniAODv2/WToMuNu_M-5000_TuneCUETP8M1_13TeV-pythia8/MINIAODSIM/PU25nsData2015v1_76X_mcRun2_asymptotic_v12-v1/00000/1AF32248-D4DF-E511-8D76-0CC47A13D284.root
%MSG-w XrdAdaptor:  file_open 19-Oct-2023 00:22:50 CEST PostProcessEvent
Data is served from cern.ch instead of original site eospublic
%MSG
19-Oct-2023 00:22:50 CEST  Successfully opened file root://eospublic.cern.ch//eos/opendata/cms/mc/RunIIFall15MiniAODv2/WToMuNu_M-5000_TuneCUETP8M1_13TeV-pythia8/MINIAODSIM/PU25nsData2015v1_76X_mcRun2_asymptotic_v12-v1/00000/1AF32248-D4DF-E511-8D76-0CC47A13D284.root
Begin processing the 100001st record. Run 1, Event 950356, LumiSection 5254 at 19-Oct-2023 00:22:54.987 CEST
19-Oct-2023 00:22:55 CEST  Closed file root://eospublic.cern.ch//eos/opendata/cms/mc/RunIIFall15MiniAODv2/WToMuNu_M-5000_TuneCUETP8M1_13TeV-pythia8/MINIAODSIM/PU25nsData2015v1_76X_mcRun2_asymptotic_v12-v1/00000/1AF32248-D4DF-E511-8D76-0CC47A13D284.root
19-Oct-2023 00:22:55 CEST  Initiating request to open file root://eospublic.cern.ch//eos/opendata/cms/mc/RunIIFall15MiniAODv2/WToMuNu_M-5000_TuneCUETP8M1_13TeV-pythia8/MINIAODSIM/PU25nsData2015v1_76X_mcRun2_asymptotic_v12-v1/00000/1E58658A-C3DF-E511-8F38-00259073E50A.root
%MSG-w XrdAdaptor:  file_open 19-Oct-2023 00:22:55 CEST PostProcessEvent
Data is served from cern.ch instead of original site eospublic
%MSG
19-Oct-2023 00:22:55 CEST  Successfully opened file root://eospublic.cern.ch//eos/opendata/cms/mc/RunIIFall15MiniAODv2/WToMuNu_M-5000_TuneCUETP8M1_13TeV-pythia8/MINIAODSIM/PU25nsData2015v1_76X_mcRun2_asymptotic_v12-v1/00000/1E58658A-C3DF-E511-8F38-00259073E50A.root
19-Oct-2023 00:22:59 CEST  Closed file root://eospublic.cern.ch//eos/opendata/cms/mc/RunIIFall15MiniAODv2/WToMuNu_M-5000_TuneCUETP8M1_13TeV-pythia8/MINIAODSIM/PU25nsData2015v1_76X_mcRun2_asymptotic_v12-v1/00000/1E58658A-C3DF-E511-8F38-00259073E50A.root
19-Oct-2023 00:22:59 CEST  Initiating request to open file root://eospublic.cern.ch//eos/opendata/cms/mc/RunIIFall15MiniAODv2/WToMuNu_M-5000_TuneCUETP8M1_13TeV-pythia8/MINIAODSIM/PU25nsData2015v1_76X_mcRun2_asymptotic_v12-v1/00000/20569693-60E0-E511-8A34-0CC47A0092D0.root
%MSG-w XrdAdaptor:  file_open 19-Oct-2023 00:23:01 CEST PostProcessEvent
Data is served from cern.ch instead of original site eospublic
%MSG
19-Oct-2023 00:23:01 CEST  Successfully opened file root://eospublic.cern.ch//eos/opendata/cms/mc/RunIIFall15MiniAODv2/WToMuNu_M-5000_TuneCUETP8M1_13TeV-pythia8/MINIAODSIM/PU25nsData2015v1_76X_mcRun2_asymptotic_v12-v1/00000/20569693-60E0-E511-8A34-0CC47A0092D0.root
19-Oct-2023 00:23:03 CEST  Closed file root://eospublic.cern.ch//eos/opendata/cms/mc/RunIIFall15MiniAODv2/WToMuNu_M-5000_TuneCUETP8M1_13TeV-pythia8/MINIAODSIM/PU25nsData2015v1_76X_mcRun2_asymptotic_v12-v1/00000/20569693-60E0-E511-8A34-0CC47A0092D0.root
19-Oct-2023 00:23:03 CEST  Initiating request to open file root://eospublic.cern.ch//eos/opendata/cms/mc/RunIIFall15MiniAODv2/WToMuNu_M-5000_TuneCUETP8M1_13TeV-pythia8/MINIAODSIM/PU25nsData2015v1_76X_mcRun2_asymptotic_v12-v1/00000/226E3510-CCDF-E511-B6FD-00259073E44C.root
%MSG-w XrdAdaptor:  file_open 19-Oct-2023 00:23:03 CEST PostProcessEvent
Data is served from cern.ch instead of original site eospublic
%MSG
19-Oct-2023 00:23:03 CEST  Successfully opened file root://eospublic.cern.ch//eos/opendata/cms/mc/RunIIFall15MiniAODv2/WToMuNu_M-5000_TuneCUETP8M1_13TeV-pythia8/MINIAODSIM/PU25nsData2015v1_76X_mcRun2_asymptotic_v12-v1/00000/226E3510-CCDF-E511-B6FD-00259073E44C.root
Begin processing the 200001st record. Run 1, Event 692830, LumiSection 3830 at 19-Oct-2023 00:23:07.549 CEST
19-Oct-2023 00:23:07 CEST  Closed file root://eospublic.cern.ch//eos/opendata/cms/mc/RunIIFall15MiniAODv2/WToMuNu_M-5000_TuneCUETP8M1_13TeV-pythia8/MINIAODSIM/PU25nsData2015v1_76X_mcRun2_asymptotic_v12-v1/00000/226E3510-CCDF-E511-B6FD-00259073E44C.root
19-Oct-2023 00:23:07 CEST  Initiating request to open file root://eospublic.cern.ch//eos/opendata/cms/mc/RunIIFall15MiniAODv2/WToMuNu_M-5000_TuneCUETP8M1_13TeV-pythia8/MINIAODSIM/PU25nsData2015v1_76X_mcRun2_asymptotic_v12-v1/00000/22BFC472-60E0-E511-A6CC-008CFA111310.root
%MSG-w XrdAdaptor:  file_open 19-Oct-2023 00:23:07 CEST PostProcessEvent
Data is served from cern.ch instead of original site eospublic
%MSG
19-Oct-2023 00:23:07 CEST  Successfully opened file root://eospublic.cern.ch//eos/opendata/cms/mc/RunIIFall15MiniAODv2/WToMuNu_M-5000_TuneCUETP8M1_13TeV-pythia8/MINIAODSIM/PU25nsData2015v1_76X_mcRun2_asymptotic_v12-v1/00000/22BFC472-60E0-E511-A6CC-008CFA111310.root
19-Oct-2023 00:23:08 CEST  Closed file root://eospublic.cern.ch//eos/opendata/cms/mc/RunIIFall15MiniAODv2/WToMuNu_M-5000_TuneCUETP8M1_13TeV-pythia8/MINIAODSIM/PU25nsData2015v1_76X_mcRun2_asymptotic_v12-v1/00000/22BFC472-60E0-E511-A6CC-008CFA111310.root
19-Oct-2023 00:23:08 CEST  Initiating request to open file root://eospublic.cern.ch//eos/opendata/cms/mc/RunIIFall15MiniAODv2/WToMuNu_M-5000_TuneCUETP8M1_13TeV-pythia8/MINIAODSIM/PU25nsData2015v1_76X_mcRun2_asymptotic_v12-v1/00000/3215464A-D4DF-E511-A851-90B11C27E14D.root
%MSG-w XrdAdaptor:  file_open 19-Oct-2023 00:23:08 CEST PostProcessEvent
Data is served from cern.ch instead of original site eospublic
%MSG
19-Oct-2023 00:23:08 CEST  Successfully opened file root://eospublic.cern.ch//eos/opendata/cms/mc/RunIIFall15MiniAODv2/WToMuNu_M-5000_TuneCUETP8M1_13TeV-pythia8/MINIAODSIM/PU25nsData2015v1_76X_mcRun2_asymptotic_v12-v1/00000/3215464A-D4DF-E511-A851-90B11C27E14D.root
19-Oct-2023 00:23:13 CEST  Closed file root://eospublic.cern.ch//eos/opendata/cms/mc/RunIIFall15MiniAODv2/WToMuNu_M-5000_TuneCUETP8M1_13TeV-pythia8/MINIAODSIM/PU25nsData2015v1_76X_mcRun2_asymptotic_v12-v1/00000/3215464A-D4DF-E511-A851-90B11C27E14D.root
19-Oct-2023 00:23:13 CEST  Initiating request to open file root://eospublic.cern.ch//eos/opendata/cms/mc/RunIIFall15MiniAODv2/WToMuNu_M-5000_TuneCUETP8M1_13TeV-pythia8/MINIAODSIM/PU25nsData2015v1_76X_mcRun2_asymptotic_v12-v1/00000/5E161E95-F2DF-E511-8179-0025904C7A8E.root
%MSG-w XrdAdaptor:  file_open 19-Oct-2023 00:23:13 CEST PostProcessEvent
Data is served from cern.ch instead of original site eospublic
%MSG
19-Oct-2023 00:23:13 CEST  Successfully opened file root://eospublic.cern.ch//eos/opendata/cms/mc/RunIIFall15MiniAODv2/WToMuNu_M-5000_TuneCUETP8M1_13TeV-pythia8/MINIAODSIM/PU25nsData2015v1_76X_mcRun2_asymptotic_v12-v1/00000/5E161E95-F2DF-E511-8179-0025904C7A8E.root
19-Oct-2023 00:23:16 CEST  Closed file root://eospublic.cern.ch//eos/opendata/cms/mc/RunIIFall15MiniAODv2/WToMuNu_M-5000_TuneCUETP8M1_13TeV-pythia8/MINIAODSIM/PU25nsData2015v1_76X_mcRun2_asymptotic_v12-v1/00000/5E161E95-F2DF-E511-8179-0025904C7A8E.root
19-Oct-2023 00:23:16 CEST  Initiating request to open file root://eospublic.cern.ch//eos/opendata/cms/mc/RunIIFall15MiniAODv2/WToMuNu_M-5000_TuneCUETP8M1_13TeV-pythia8/MINIAODSIM/PU25nsData2015v1_76X_mcRun2_asymptotic_v12-v1/00000/64A25885-D1DF-E511-826E-0006F630D31F.root
%MSG-w XrdAdaptor:  file_open 19-Oct-2023 00:23:16 CEST PostProcessEvent
Data is served from cern.ch instead of original site eospublic
%MSG
19-Oct-2023 00:23:16 CEST  Successfully opened file root://eospublic.cern.ch//eos/opendata/cms/mc/RunIIFall15MiniAODv2/WToMuNu_M-5000_TuneCUETP8M1_13TeV-pythia8/MINIAODSIM/PU25nsData2015v1_76X_mcRun2_asymptotic_v12-v1/00000/64A25885-D1DF-E511-826E-0006F630D31F.root
Begin processing the 300001st record. Run 1, Event 137656, LumiSection 761 at 19-Oct-2023 00:23:19.075 CEST
19-Oct-2023 00:23:20 CEST  Closed file root://eospublic.cern.ch//eos/opendata/cms/mc/RunIIFall15MiniAODv2/WToMuNu_M-5000_TuneCUETP8M1_13TeV-pythia8/MINIAODSIM/PU25nsData2015v1_76X_mcRun2_asymptotic_v12-v1/00000/64A25885-D1DF-E511-826E-0006F630D31F.root
19-Oct-2023 00:23:20 CEST  Initiating request to open file root://eospublic.cern.ch//eos/opendata/cms/mc/RunIIFall15MiniAODv2/WToMuNu_M-5000_TuneCUETP8M1_13TeV-pythia8/MINIAODSIM/PU25nsData2015v1_76X_mcRun2_asymptotic_v12-v1/00000/664B4C91-B8DF-E511-9C04-0050560210EC.root
%MSG-w XrdAdaptor:  file_open 19-Oct-2023 00:23:20 CEST PostProcessEvent
Data is served from cern.ch instead of original site eospublic
%MSG
19-Oct-2023 00:23:20 CEST  Successfully opened file root://eospublic.cern.ch//eos/opendata/cms/mc/RunIIFall15MiniAODv2/WToMuNu_M-5000_TuneCUETP8M1_13TeV-pythia8/MINIAODSIM/PU25nsData2015v1_76X_mcRun2_asymptotic_v12-v1/00000/664B4C91-B8DF-E511-9C04-0050560210EC.root
19-Oct-2023 00:23:25 CEST  Closed file root://eospublic.cern.ch//eos/opendata/cms/mc/RunIIFall15MiniAODv2/WToMuNu_M-5000_TuneCUETP8M1_13TeV-pythia8/MINIAODSIM/PU25nsData2015v1_76X_mcRun2_asymptotic_v12-v1/00000/664B4C91-B8DF-E511-9C04-0050560210EC.root
19-Oct-2023 00:23:25 CEST  Initiating request to open file root://eospublic.cern.ch//eos/opendata/cms/mc/RunIIFall15MiniAODv2/WToMuNu_M-5000_TuneCUETP8M1_13TeV-pythia8/MINIAODSIM/PU25nsData2015v1_76X_mcRun2_asymptotic_v12-v1/00000/6A3779E9-CFDF-E511-AAC5-90B11C2AA430.root
%MSG-w XrdAdaptor:  file_open 19-Oct-2023 00:23:25 CEST PostProcessEvent
Data is served from cern.ch instead of original site eospublic
%MSG
19-Oct-2023 00:23:25 CEST  Successfully opened file root://eospublic.cern.ch//eos/opendata/cms/mc/RunIIFall15MiniAODv2/WToMuNu_M-5000_TuneCUETP8M1_13TeV-pythia8/MINIAODSIM/PU25nsData2015v1_76X_mcRun2_asymptotic_v12-v1/00000/6A3779E9-CFDF-E511-AAC5-90B11C2AA430.root
Begin processing the 400001st record. Run 1, Event 856478, LumiSection 4735 at 19-Oct-2023 00:23:30.533 CEST
19-Oct-2023 00:23:30 CEST  Closed file root://eospublic.cern.ch//eos/opendata/cms/mc/RunIIFall15MiniAODv2/WToMuNu_M-5000_TuneCUETP8M1_13TeV-pythia8/MINIAODSIM/PU25nsData2015v1_76X_mcRun2_asymptotic_v12-v1/00000/6A3779E9-CFDF-E511-AAC5-90B11C2AA430.root
19-Oct-2023 00:23:30 CEST  Initiating request to open file root://eospublic.cern.ch//eos/opendata/cms/mc/RunIIFall15MiniAODv2/WToMuNu_M-5000_TuneCUETP8M1_13TeV-pythia8/MINIAODSIM/PU25nsData2015v1_76X_mcRun2_asymptotic_v12-v1/00000/6ED188E6-CFDF-E511-8DCC-0CC47A13D284.root
%MSG-w XrdAdaptor:  file_open 19-Oct-2023 00:23:30 CEST PostProcessEvent
Data is served from cern.ch instead of original site eospublic
%MSG
19-Oct-2023 00:23:30 CEST  Successfully opened file root://eospublic.cern.ch//eos/opendata/cms/mc/RunIIFall15MiniAODv2/WToMuNu_M-5000_TuneCUETP8M1_13TeV-pythia8/MINIAODSIM/PU25nsData2015v1_76X_mcRun2_asymptotic_v12-v1/00000/6ED188E6-CFDF-E511-8DCC-0CC47A13D284.root
19-Oct-2023 00:23:33 CEST  Closed file root://eospublic.cern.ch//eos/opendata/cms/mc/RunIIFall15MiniAODv2/WToMuNu_M-5000_TuneCUETP8M1_13TeV-pythia8/MINIAODSIM/PU25nsData2015v1_76X_mcRun2_asymptotic_v12-v1/00000/6ED188E6-CFDF-E511-8DCC-0CC47A13D284.root
19-Oct-2023 00:23:33 CEST  Initiating request to open file root://eospublic.cern.ch//eos/opendata/cms/mc/RunIIFall15MiniAODv2/WToMuNu_M-5000_TuneCUETP8M1_13TeV-pythia8/MINIAODSIM/PU25nsData2015v1_76X_mcRun2_asymptotic_v12-v1/00000/7A8A271D-B8DF-E511-9A28-0CC47A4D9A6E.root
%MSG-w XrdAdaptor:  file_open 19-Oct-2023 00:23:33 CEST PostProcessEvent
Data is served from cern.ch instead of original site eospublic
%MSG
19-Oct-2023 00:23:33 CEST  Successfully opened file root://eospublic.cern.ch//eos/opendata/cms/mc/RunIIFall15MiniAODv2/WToMuNu_M-5000_TuneCUETP8M1_13TeV-pythia8/MINIAODSIM/PU25nsData2015v1_76X_mcRun2_asymptotic_v12-v1/00000/7A8A271D-B8DF-E511-9A28-0CC47A4D9A6E.root
19-Oct-2023 00:23:38 CEST  Closed file root://eospublic.cern.ch//eos/opendata/cms/mc/RunIIFall15MiniAODv2/WToMuNu_M-5000_TuneCUETP8M1_13TeV-pythia8/MINIAODSIM/PU25nsData2015v1_76X_mcRun2_asymptotic_v12-v1/00000/7A8A271D-B8DF-E511-9A28-0CC47A4D9A6E.root
19-Oct-2023 00:23:38 CEST  Initiating request to open file root://eospublic.cern.ch//eos/opendata/cms/mc/RunIIFall15MiniAODv2/WToMuNu_M-5000_TuneCUETP8M1_13TeV-pythia8/MINIAODSIM/PU25nsData2015v1_76X_mcRun2_asymptotic_v12-v1/00000/7C9DFD85-C3DF-E511-9D61-0025907B5048.root
%MSG-w XrdAdaptor:  file_open 19-Oct-2023 00:23:38 CEST PostProcessEvent
Data is served from cern.ch instead of original site eospublic
%MSG
19-Oct-2023 00:23:38 CEST  Successfully opened file root://eospublic.cern.ch//eos/opendata/cms/mc/RunIIFall15MiniAODv2/WToMuNu_M-5000_TuneCUETP8M1_13TeV-pythia8/MINIAODSIM/PU25nsData2015v1_76X_mcRun2_asymptotic_v12-v1/00000/7C9DFD85-C3DF-E511-9D61-0025907B5048.root
19-Oct-2023 00:23:39 CEST  Closed file root://eospublic.cern.ch//eos/opendata/cms/mc/RunIIFall15MiniAODv2/WToMuNu_M-5000_TuneCUETP8M1_13TeV-pythia8/MINIAODSIM/PU25nsData2015v1_76X_mcRun2_asymptotic_v12-v1/00000/7C9DFD85-C3DF-E511-9D61-0025907B5048.root
19-Oct-2023 00:23:39 CEST  Initiating request to open file root://eospublic.cern.ch//eos/opendata/cms/mc/RunIIFall15MiniAODv2/WToMuNu_M-5000_TuneCUETP8M1_13TeV-pythia8/MINIAODSIM/PU25nsData2015v1_76X_mcRun2_asymptotic_v12-v1/00000/8AAB7ED1-C1DF-E511-9C84-0025907B4EFC.root
%MSG-w XrdAdaptor:  file_open 19-Oct-2023 00:23:39 CEST PostProcessEvent
Data is served from cern.ch instead of original site eospublic
%MSG
19-Oct-2023 00:23:39 CEST  Successfully opened file root://eospublic.cern.ch//eos/opendata/cms/mc/RunIIFall15MiniAODv2/WToMuNu_M-5000_TuneCUETP8M1_13TeV-pythia8/MINIAODSIM/PU25nsData2015v1_76X_mcRun2_asymptotic_v12-v1/00000/8AAB7ED1-C1DF-E511-9C84-0025907B4EFC.root
Begin processing the 500001st record. Run 1, Event 627927, LumiSection 3471 at 19-Oct-2023 00:23:43.465 CEST
19-Oct-2023 00:23:45 CEST  Closed file root://eospublic.cern.ch//eos/opendata/cms/mc/RunIIFall15MiniAODv2/WToMuNu_M-5000_TuneCUETP8M1_13TeV-pythia8/MINIAODSIM/PU25nsData2015v1_76X_mcRun2_asymptotic_v12-v1/00000/8AAB7ED1-C1DF-E511-9C84-0025907B4EFC.root
19-Oct-2023 00:23:45 CEST  Initiating request to open file root://eospublic.cern.ch//eos/opendata/cms/mc/RunIIFall15MiniAODv2/WToMuNu_M-5000_TuneCUETP8M1_13TeV-pythia8/MINIAODSIM/PU25nsData2015v1_76X_mcRun2_asymptotic_v12-v1/00000/965436A2-60E0-E511-94DB-90B11C08CDB7.root
%MSG-w XrdAdaptor:  file_open 19-Oct-2023 00:23:45 CEST PostProcessEvent
Data is served from cern.ch instead of original site eospublic
%MSG
19-Oct-2023 00:23:45 CEST  Successfully opened file root://eospublic.cern.ch//eos/opendata/cms/mc/RunIIFall15MiniAODv2/WToMuNu_M-5000_TuneCUETP8M1_13TeV-pythia8/MINIAODSIM/PU25nsData2015v1_76X_mcRun2_asymptotic_v12-v1/00000/965436A2-60E0-E511-94DB-90B11C08CDB7.root
19-Oct-2023 00:23:46 CEST  Closed file root://eospublic.cern.ch//eos/opendata/cms/mc/RunIIFall15MiniAODv2/WToMuNu_M-5000_TuneCUETP8M1_13TeV-pythia8/MINIAODSIM/PU25nsData2015v1_76X_mcRun2_asymptotic_v12-v1/00000/965436A2-60E0-E511-94DB-90B11C08CDB7.root
19-Oct-2023 00:23:46 CEST  Initiating request to open file root://eospublic.cern.ch//eos/opendata/cms/mc/RunIIFall15MiniAODv2/WToMuNu_M-5000_TuneCUETP8M1_13TeV-pythia8/MINIAODSIM/PU25nsData2015v1_76X_mcRun2_asymptotic_v12-v1/00000/9824F048-D4DF-E511-981D-90B11C27F101.root
%MSG-w XrdAdaptor:  file_open 19-Oct-2023 00:23:46 CEST PostProcessEvent
Data is served from cern.ch instead of original site eospublic
%MSG
19-Oct-2023 00:23:46 CEST  Successfully opened file root://eospublic.cern.ch//eos/opendata/cms/mc/RunIIFall15MiniAODv2/WToMuNu_M-5000_TuneCUETP8M1_13TeV-pythia8/MINIAODSIM/PU25nsData2015v1_76X_mcRun2_asymptotic_v12-v1/00000/9824F048-D4DF-E511-981D-90B11C27F101.root
19-Oct-2023 00:23:51 CEST  Closed file root://eospublic.cern.ch//eos/opendata/cms/mc/RunIIFall15MiniAODv2/WToMuNu_M-5000_TuneCUETP8M1_13TeV-pythia8/MINIAODSIM/PU25nsData2015v1_76X_mcRun2_asymptotic_v12-v1/00000/9824F048-D4DF-E511-981D-90B11C27F101.root
19-Oct-2023 00:23:51 CEST  Initiating request to open file root://eospublic.cern.ch//eos/opendata/cms/mc/RunIIFall15MiniAODv2/WToMuNu_M-5000_TuneCUETP8M1_13TeV-pythia8/MINIAODSIM/PU25nsData2015v1_76X_mcRun2_asymptotic_v12-v1/00000/9EC35450-EBDF-E511-9AFF-0025902D944E.root
%MSG-w XrdAdaptor:  file_open 19-Oct-2023 00:23:51 CEST PostProcessEvent
Data is served from cern.ch instead of original site eospublic
%MSG
19-Oct-2023 00:23:51 CEST  Successfully opened file root://eospublic.cern.ch//eos/opendata/cms/mc/RunIIFall15MiniAODv2/WToMuNu_M-5000_TuneCUETP8M1_13TeV-pythia8/MINIAODSIM/PU25nsData2015v1_76X_mcRun2_asymptotic_v12-v1/00000/9EC35450-EBDF-E511-9AFF-0025902D944E.root
19-Oct-2023 00:23:55 CEST  Closed file root://eospublic.cern.ch//eos/opendata/cms/mc/RunIIFall15MiniAODv2/WToMuNu_M-5000_TuneCUETP8M1_13TeV-pythia8/MINIAODSIM/PU25nsData2015v1_76X_mcRun2_asymptotic_v12-v1/00000/9EC35450-EBDF-E511-9AFF-0025902D944E.root
19-Oct-2023 00:23:55 CEST  Initiating request to open file root://eospublic.cern.ch//eos/opendata/cms/mc/RunIIFall15MiniAODv2/WToMuNu_M-5000_TuneCUETP8M1_13TeV-pythia8/MINIAODSIM/PU25nsData2015v1_76X_mcRun2_asymptotic_v12-v1/00000/AE4D6827-BCDF-E511-80E6-00259073E37C.root
%MSG-w XrdAdaptor:  file_open 19-Oct-2023 00:23:55 CEST PostProcessEvent
Data is served from cern.ch instead of original site eospublic
%MSG
19-Oct-2023 00:23:55 CEST  Successfully opened file root://eospublic.cern.ch//eos/opendata/cms/mc/RunIIFall15MiniAODv2/WToMuNu_M-5000_TuneCUETP8M1_13TeV-pythia8/MINIAODSIM/PU25nsData2015v1_76X_mcRun2_asymptotic_v12-v1/00000/AE4D6827-BCDF-E511-80E6-00259073E37C.root
Begin processing the 600001st record. Run 1, Event 993663, LumiSection 5494 at 19-Oct-2023 00:23:59.192 CEST
19-Oct-2023 00:23:59 CEST  Closed file root://eospublic.cern.ch//eos/opendata/cms/mc/RunIIFall15MiniAODv2/WToMuNu_M-5000_TuneCUETP8M1_13TeV-pythia8/MINIAODSIM/PU25nsData2015v1_76X_mcRun2_asymptotic_v12-v1/00000/AE4D6827-BCDF-E511-80E6-00259073E37C.root
19-Oct-2023 00:23:59 CEST  Initiating request to open file root://eospublic.cern.ch//eos/opendata/cms/mc/RunIIFall15MiniAODv2/WToMuNu_M-5000_TuneCUETP8M1_13TeV-pythia8/MINIAODSIM/PU25nsData2015v1_76X_mcRun2_asymptotic_v12-v1/00000/B0768AEF-B0DF-E511-B627-0090FAA588B4.root
%MSG-w XrdAdaptor:  file_open 19-Oct-2023 00:23:59 CEST PostProcessEvent
Data is served from cern.ch instead of original site eospublic
%MSG
19-Oct-2023 00:23:59 CEST  Successfully opened file root://eospublic.cern.ch//eos/opendata/cms/mc/RunIIFall15MiniAODv2/WToMuNu_M-5000_TuneCUETP8M1_13TeV-pythia8/MINIAODSIM/PU25nsData2015v1_76X_mcRun2_asymptotic_v12-v1/00000/B0768AEF-B0DF-E511-B627-0090FAA588B4.root
19-Oct-2023 00:24:04 CEST  Closed file root://eospublic.cern.ch//eos/opendata/cms/mc/RunIIFall15MiniAODv2/WToMuNu_M-5000_TuneCUETP8M1_13TeV-pythia8/MINIAODSIM/PU25nsData2015v1_76X_mcRun2_asymptotic_v12-v1/00000/B0768AEF-B0DF-E511-B627-0090FAA588B4.root
19-Oct-2023 00:24:04 CEST  Initiating request to open file root://eospublic.cern.ch//eos/opendata/cms/mc/RunIIFall15MiniAODv2/WToMuNu_M-5000_TuneCUETP8M1_13TeV-pythia8/MINIAODSIM/PU25nsData2015v1_76X_mcRun2_asymptotic_v12-v1/00000/B6C2FFFE-C5DF-E511-B2EE-0CC47A13D216.root
%MSG-w XrdAdaptor:  file_open 19-Oct-2023 00:24:04 CEST PostProcessEvent
Data is served from cern.ch instead of original site eospublic
%MSG
19-Oct-2023 00:24:04 CEST  Successfully opened file root://eospublic.cern.ch//eos/opendata/cms/mc/RunIIFall15MiniAODv2/WToMuNu_M-5000_TuneCUETP8M1_13TeV-pythia8/MINIAODSIM/PU25nsData2015v1_76X_mcRun2_asymptotic_v12-v1/00000/B6C2FFFE-C5DF-E511-B2EE-0CC47A13D216.root
19-Oct-2023 00:24:09 CEST  Closed file root://eospublic.cern.ch//eos/opendata/cms/mc/RunIIFall15MiniAODv2/WToMuNu_M-5000_TuneCUETP8M1_13TeV-pythia8/MINIAODSIM/PU25nsData2015v1_76X_mcRun2_asymptotic_v12-v1/00000/B6C2FFFE-C5DF-E511-B2EE-0CC47A13D216.root
19-Oct-2023 00:24:09 CEST  Initiating request to open file root://eospublic.cern.ch//eos/opendata/cms/mc/RunIIFall15MiniAODv2/WToMuNu_M-5000_TuneCUETP8M1_13TeV-pythia8/MINIAODSIM/PU25nsData2015v1_76X_mcRun2_asymptotic_v12-v1/00000/BA2C46DD-D3DF-E511-AF01-0CC47A13CC7A.root
%MSG-w XrdAdaptor:  file_open 19-Oct-2023 00:24:10 CEST PostProcessEvent
Data is served from cern.ch instead of original site eospublic
%MSG
19-Oct-2023 00:24:10 CEST  Successfully opened file root://eospublic.cern.ch//eos/opendata/cms/mc/RunIIFall15MiniAODv2/WToMuNu_M-5000_TuneCUETP8M1_13TeV-pythia8/MINIAODSIM/PU25nsData2015v1_76X_mcRun2_asymptotic_v12-v1/00000/BA2C46DD-D3DF-E511-AF01-0CC47A13CC7A.root
Begin processing the 700001st record. Run 1, Event 388621, LumiSection 2149 at 19-Oct-2023 00:24:11.694 CEST
19-Oct-2023 00:24:14 CEST  Closed file root://eospublic.cern.ch//eos/opendata/cms/mc/RunIIFall15MiniAODv2/WToMuNu_M-5000_TuneCUETP8M1_13TeV-pythia8/MINIAODSIM/PU25nsData2015v1_76X_mcRun2_asymptotic_v12-v1/00000/BA2C46DD-D3DF-E511-AF01-0CC47A13CC7A.root
19-Oct-2023 00:24:14 CEST  Initiating request to open file root://eospublic.cern.ch//eos/opendata/cms/mc/RunIIFall15MiniAODv2/WToMuNu_M-5000_TuneCUETP8M1_13TeV-pythia8/MINIAODSIM/PU25nsData2015v1_76X_mcRun2_asymptotic_v12-v1/00000/C4C7F5DF-E0DF-E511-9593-003048F5B6A9.root
%MSG-w XrdAdaptor:  file_open 19-Oct-2023 00:24:14 CEST PostProcessEvent
Data is served from cern.ch instead of original site eospublic
%MSG
19-Oct-2023 00:24:14 CEST  Successfully opened file root://eospublic.cern.ch//eos/opendata/cms/mc/RunIIFall15MiniAODv2/WToMuNu_M-5000_TuneCUETP8M1_13TeV-pythia8/MINIAODSIM/PU25nsData2015v1_76X_mcRun2_asymptotic_v12-v1/00000/C4C7F5DF-E0DF-E511-9593-003048F5B6A9.root
19-Oct-2023 00:24:20 CEST  Closed file root://eospublic.cern.ch//eos/opendata/cms/mc/RunIIFall15MiniAODv2/WToMuNu_M-5000_TuneCUETP8M1_13TeV-pythia8/MINIAODSIM/PU25nsData2015v1_76X_mcRun2_asymptotic_v12-v1/00000/C4C7F5DF-E0DF-E511-9593-003048F5B6A9.root
19-Oct-2023 00:24:20 CEST  Initiating request to open file root://eospublic.cern.ch//eos/opendata/cms/mc/RunIIFall15MiniAODv2/WToMuNu_M-5000_TuneCUETP8M1_13TeV-pythia8/MINIAODSIM/PU25nsData2015v1_76X_mcRun2_asymptotic_v12-v1/00000/D2642C54-B8DF-E511-8BC7-20CF3056170B.root
%MSG-w XrdAdaptor:  file_open 19-Oct-2023 00:24:20 CEST PostProcessEvent
Data is served from cern.ch instead of original site eospublic
%MSG
19-Oct-2023 00:24:20 CEST  Successfully opened file root://eospublic.cern.ch//eos/opendata/cms/mc/RunIIFall15MiniAODv2/WToMuNu_M-5000_TuneCUETP8M1_13TeV-pythia8/MINIAODSIM/PU25nsData2015v1_76X_mcRun2_asymptotic_v12-v1/00000/D2642C54-B8DF-E511-8BC7-20CF3056170B.root
19-Oct-2023 00:24:22 CEST  Closed file root://eospublic.cern.ch//eos/opendata/cms/mc/RunIIFall15MiniAODv2/WToMuNu_M-5000_TuneCUETP8M1_13TeV-pythia8/MINIAODSIM/PU25nsData2015v1_76X_mcRun2_asymptotic_v12-v1/00000/D2642C54-B8DF-E511-8BC7-20CF3056170B.root
19-Oct-2023 00:24:22 CEST  Initiating request to open file root://eospublic.cern.ch//eos/opendata/cms/mc/RunIIFall15MiniAODv2/WToMuNu_M-5000_TuneCUETP8M1_13TeV-pythia8/MINIAODSIM/PU25nsData2015v1_76X_mcRun2_asymptotic_v12-v1/00000/EC4A05EE-D1DF-E511-AC82-A4BADB38FCD5.root
%MSG-w XrdAdaptor:  file_open 19-Oct-2023 00:24:22 CEST PostProcessEvent
Data is served from cern.ch instead of original site eospublic
%MSG
19-Oct-2023 00:24:22 CEST  Successfully opened file root://eospublic.cern.ch//eos/opendata/cms/mc/RunIIFall15MiniAODv2/WToMuNu_M-5000_TuneCUETP8M1_13TeV-pythia8/MINIAODSIM/PU25nsData2015v1_76X_mcRun2_asymptotic_v12-v1/00000/EC4A05EE-D1DF-E511-AC82-A4BADB38FCD5.root
Begin processing the 800001st record. Run 1, Event 214079, LumiSection 1183 at 19-Oct-2023 00:24:26.833 CEST
19-Oct-2023 00:24:28 CEST  Closed file root://eospublic.cern.ch//eos/opendata/cms/mc/RunIIFall15MiniAODv2/WToMuNu_M-5000_TuneCUETP8M1_13TeV-pythia8/MINIAODSIM/PU25nsData2015v1_76X_mcRun2_asymptotic_v12-v1/00000/EC4A05EE-D1DF-E511-AC82-A4BADB38FCD5.root
19-Oct-2023 00:24:28 CEST  Initiating request to open file root://eospublic.cern.ch//eos/opendata/cms/mc/RunIIFall15MiniAODv2/WToMuNu_M-5000_TuneCUETP8M1_13TeV-pythia8/MINIAODSIM/PU25nsData2015v1_76X_mcRun2_asymptotic_v12-v1/00000/F4EEB673-C6DF-E511-BF90-0025907253B6.root
%MSG-w XrdAdaptor:  file_open 19-Oct-2023 00:24:28 CEST PostProcessEvent
Data is served from cern.ch instead of original site eospublic
%MSG
19-Oct-2023 00:24:28 CEST  Successfully opened file root://eospublic.cern.ch//eos/opendata/cms/mc/RunIIFall15MiniAODv2/WToMuNu_M-5000_TuneCUETP8M1_13TeV-pythia8/MINIAODSIM/PU25nsData2015v1_76X_mcRun2_asymptotic_v12-v1/00000/F4EEB673-C6DF-E511-BF90-0025907253B6.root
19-Oct-2023 00:24:30 CEST  Closed file root://eospublic.cern.ch//eos/opendata/cms/mc/RunIIFall15MiniAODv2/WToMuNu_M-5000_TuneCUETP8M1_13TeV-pythia8/MINIAODSIM/PU25nsData2015v1_76X_mcRun2_asymptotic_v12-v1/00000/F4EEB673-C6DF-E511-BF90-0025907253B6.root
19-Oct-2023 00:24:30 CEST  Initiating request to open file root://eospublic.cern.ch//eos/opendata/cms/mc/RunIIFall15MiniAODv2/WToMuNu_M-5000_TuneCUETP8M1_13TeV-pythia8/MINIAODSIM/PU25nsData2015v1_76X_mcRun2_asymptotic_v12-v1/00000/F61B2BA2-D6DF-E511-9459-0090FAA1ACF4.root
%MSG-w XrdAdaptor:  file_open 19-Oct-2023 00:24:30 CEST PostProcessEvent
Data is served from cern.ch instead of original site eospublic
%MSG
19-Oct-2023 00:24:30 CEST  Successfully opened file root://eospublic.cern.ch//eos/opendata/cms/mc/RunIIFall15MiniAODv2/WToMuNu_M-5000_TuneCUETP8M1_13TeV-pythia8/MINIAODSIM/PU25nsData2015v1_76X_mcRun2_asymptotic_v12-v1/00000/F61B2BA2-D6DF-E511-9459-0090FAA1ACF4.root
19-Oct-2023 00:24:34 CEST  Closed file root://eospublic.cern.ch//eos/opendata/cms/mc/RunIIFall15MiniAODv2/WToMuNu_M-5000_TuneCUETP8M1_13TeV-pythia8/MINIAODSIM/PU25nsData2015v1_76X_mcRun2_asymptotic_v12-v1/00000/F61B2BA2-D6DF-E511-9459-0090FAA1ACF4.root
19-Oct-2023 00:24:34 CEST  Initiating request to open file root://eospublic.cern.ch//eos/opendata/cms/mc/RunIIFall15MiniAODv2/WToMuNu_M-5000_TuneCUETP8M1_13TeV-pythia8/MINIAODSIM/PU25nsData2015v1_76X_mcRun2_asymptotic_v12-v1/00000/F8CCF2A4-D6DF-E511-9B9A-00259073E380.root
%MSG-w XrdAdaptor:  file_open 19-Oct-2023 00:24:34 CEST PostProcessEvent
Data is served from cern.ch instead of original site eospublic
%MSG
19-Oct-2023 00:24:34 CEST  Successfully opened file root://eospublic.cern.ch//eos/opendata/cms/mc/RunIIFall15MiniAODv2/WToMuNu_M-5000_TuneCUETP8M1_13TeV-pythia8/MINIAODSIM/PU25nsData2015v1_76X_mcRun2_asymptotic_v12-v1/00000/F8CCF2A4-D6DF-E511-9B9A-00259073E380.root
19-Oct-2023 00:24:37 CEST  Closed file root://eospublic.cern.ch//eos/opendata/cms/mc/RunIIFall15MiniAODv2/WToMuNu_M-5000_TuneCUETP8M1_13TeV-pythia8/MINIAODSIM/PU25nsData2015v1_76X_mcRun2_asymptotic_v12-v1/00000/F8CCF2A4-D6DF-E511-9B9A-00259073E380.root
19-Oct-2023 00:24:37 CEST  Initiating request to open file root://eospublic.cern.ch//eos/opendata/cms/mc/RunIIFall15MiniAODv2/WToMuNu_M-5000_TuneCUETP8M1_13TeV-pythia8/MINIAODSIM/PU25nsData2015v1_76X_mcRun2_asymptotic_v12-v1/00000/FE533A8F-B8DF-E511-9E80-20CF3056170B.root
%MSG-w XrdAdaptor:  file_open 19-Oct-2023 00:24:37 CEST PostProcessEvent
Data is served from cern.ch instead of original site eospublic
%MSG
19-Oct-2023 00:24:37 CEST  Successfully opened file root://eospublic.cern.ch//eos/opendata/cms/mc/RunIIFall15MiniAODv2/WToMuNu_M-5000_TuneCUETP8M1_13TeV-pythia8/MINIAODSIM/PU25nsData2015v1_76X_mcRun2_asymptotic_v12-v1/00000/FE533A8F-B8DF-E511-9E80-20CF3056170B.root
19-Oct-2023 00:24:38 CEST  Closed file root://eospublic.cern.ch//eos/opendata/cms/mc/RunIIFall15MiniAODv2/WToMuNu_M-5000_TuneCUETP8M1_13TeV-pythia8/MINIAODSIM/PU25nsData2015v1_76X_mcRun2_asymptotic_v12-v1/00000/FE533A8F-B8DF-E511-9E80-20CF3056170B.root
19-Oct-2023 00:24:38 CEST  Initiating request to open file root://eospublic.cern.ch//eos/opendata/cms/mc/RunIIFall15MiniAODv2/WToMuNu_M-5000_TuneCUETP8M1_13TeV-pythia8/MINIAODSIM/PU25nsData2015v1_76X_mcRun2_asymptotic_v12-v1/80000/24D96928-81DF-E511-A5E0-0CC47A4DEE04.root
%MSG-w XrdAdaptor:  file_open 19-Oct-2023 00:24:38 CEST PostProcessEvent
Data is served from cern.ch instead of original site eospublic
%MSG
19-Oct-2023 00:24:38 CEST  Successfully opened file root://eospublic.cern.ch//eos/opendata/cms/mc/RunIIFall15MiniAODv2/WToMuNu_M-5000_TuneCUETP8M1_13TeV-pythia8/MINIAODSIM/PU25nsData2015v1_76X_mcRun2_asymptotic_v12-v1/80000/24D96928-81DF-E511-A5E0-0CC47A4DEE04.root
Begin processing the 900001st record. Run 1, Event 573350, LumiSection 3170 at 19-Oct-2023 00:24:40.531 CEST
19-Oct-2023 00:24:42 CEST  Closed file root://eospublic.cern.ch//eos/opendata/cms/mc/RunIIFall15MiniAODv2/WToMuNu_M-5000_TuneCUETP8M1_13TeV-pythia8/MINIAODSIM/PU25nsData2015v1_76X_mcRun2_asymptotic_v12-v1/80000/24D96928-81DF-E511-A5E0-0CC47A4DEE04.root
19-Oct-2023 00:24:42 CEST  Initiating request to open file root://eospublic.cern.ch//eos/opendata/cms/mc/RunIIFall15MiniAODv2/WToMuNu_M-5000_TuneCUETP8M1_13TeV-pythia8/MINIAODSIM/PU25nsData2015v1_76X_mcRun2_asymptotic_v12-v1/80000/303494E2-80DF-E511-856A-0CC47A13D176.root
%MSG-w XrdAdaptor:  file_open 19-Oct-2023 00:24:42 CEST PostProcessEvent
Data is served from cern.ch instead of original site eospublic
%MSG
19-Oct-2023 00:24:42 CEST  Successfully opened file root://eospublic.cern.ch//eos/opendata/cms/mc/RunIIFall15MiniAODv2/WToMuNu_M-5000_TuneCUETP8M1_13TeV-pythia8/MINIAODSIM/PU25nsData2015v1_76X_mcRun2_asymptotic_v12-v1/80000/303494E2-80DF-E511-856A-0CC47A13D176.root
19-Oct-2023 00:24:45 CEST  Closed file root://eospublic.cern.ch//eos/opendata/cms/mc/RunIIFall15MiniAODv2/WToMuNu_M-5000_TuneCUETP8M1_13TeV-pythia8/MINIAODSIM/PU25nsData2015v1_76X_mcRun2_asymptotic_v12-v1/80000/303494E2-80DF-E511-856A-0CC47A13D176.root
19-Oct-2023 00:24:45 CEST  Initiating request to open file root://eospublic.cern.ch//eos/opendata/cms/mc/RunIIFall15MiniAODv2/WToMuNu_M-5000_TuneCUETP8M1_13TeV-pythia8/MINIAODSIM/PU25nsData2015v1_76X_mcRun2_asymptotic_v12-v1/80000/E24D2918-81DF-E511-8CF0-002590D0B046.root
%MSG-w XrdAdaptor:  file_open 19-Oct-2023 00:24:45 CEST PostProcessEvent
Data is served from cern.ch instead of original site eospublic
%MSG
19-Oct-2023 00:24:45 CEST  Successfully opened file root://eospublic.cern.ch//eos/opendata/cms/mc/RunIIFall15MiniAODv2/WToMuNu_M-5000_TuneCUETP8M1_13TeV-pythia8/MINIAODSIM/PU25nsData2015v1_76X_mcRun2_asymptotic_v12-v1/80000/E24D2918-81DF-E511-8CF0-002590D0B046.root
19-Oct-2023 00:24:50 CEST  Closed file root://eospublic.cern.ch//eos/opendata/cms/mc/RunIIFall15MiniAODv2/WToMuNu_M-5000_TuneCUETP8M1_13TeV-pythia8/MINIAODSIM/PU25nsData2015v1_76X_mcRun2_asymptotic_v12-v1/80000/E24D2918-81DF-E511-8CF0-002590D0B046.root

------------------------------------
GenXsecAnalyzer:
------------------------------------
Before Filtrer: total cross section = 2.708e-07 +- 1.561e-10 pb
Filter efficiency (taking into account weights)= (991318) / (991318) = 1.000e+00 +- 0.000e+00
Filter efficiency (event-level)= (991318) / (991318) = 1.000e+00 +- 0.000e+00
After filter: final cross section = 2.708e-07 +- 1.561e-10 pb

=============================================

MessageLogger Summary

 type     category        sev    module        subroutine        count    total
 ---- -------------------- -- ---------------- ----------------  -----    -----
    1 GenXSecAnalyzer      -w GenXSecAnalyzer:                       5        5
    2 XrdAdaptor           -w file_open                             34       34
    3 fileAction           -s file_close                            34       34
    4 fileAction           -s file_open                             68       68

 type    category    Examples: run/evt        run/evt          run/evt
 ---- -------------------- ---------------- ---------------- ----------------
    1 GenXSecAnalyzer      PostEndRun       PostEndRun       PostEndRun
    2 XrdAdaptor           pre-events       PostProcessEvent PostProcessEvent
    3 fileAction           PostProcessEvent PostProcessEvent PostEndRun
    4 fileAction           pre-events       pre-events       PostProcessEvent

Severity    # Occurrences   Total Occurrences
--------    -------------   -----------------
Warning                39                  39
System                102                 102
