05-Oct-2023 09:00:57 CEST  Initiating request to open file root://eospublic.cern.ch//eos/opendata/cms/mc/RunIIFall15MiniAODv2/QCD_Pt_2400to3200_TuneCUETP8M1_13TeV_pythia8/MINIAODSIM/PU25nsData2015v1_76X_mcRun2_asymptotic_v12-v1/00000/08BDAE29-51BB-E511-A6D1-008CFA1113F4.root
%MSG-w XrdAdaptor:  file_open 05-Oct-2023 09:00:57 CEST pre-events
Data is served from cern.ch instead of original site eospublic
%MSG
05-Oct-2023 09:00:59 CEST  Successfully opened file root://eospublic.cern.ch//eos/opendata/cms/mc/RunIIFall15MiniAODv2/QCD_Pt_2400to3200_TuneCUETP8M1_13TeV_pythia8/MINIAODSIM/PU25nsData2015v1_76X_mcRun2_asymptotic_v12-v1/00000/08BDAE29-51BB-E511-A6D1-008CFA1113F4.root
Begin processing the 1st record. Run 1, Event 1807, LumiSection 15 at 05-Oct-2023 09:01:00.778 CEST
05-Oct-2023 09:01:03 CEST  Closed file root://eospublic.cern.ch//eos/opendata/cms/mc/RunIIFall15MiniAODv2/QCD_Pt_2400to3200_TuneCUETP8M1_13TeV_pythia8/MINIAODSIM/PU25nsData2015v1_76X_mcRun2_asymptotic_v12-v1/00000/08BDAE29-51BB-E511-A6D1-008CFA1113F4.root
05-Oct-2023 09:01:03 CEST  Initiating request to open file root://eospublic.cern.ch//eos/opendata/cms/mc/RunIIFall15MiniAODv2/QCD_Pt_2400to3200_TuneCUETP8M1_13TeV_pythia8/MINIAODSIM/PU25nsData2015v1_76X_mcRun2_asymptotic_v12-v1/00000/10EBD422-51BB-E511-A95B-008CFA197454.root
%MSG-w XrdAdaptor:  file_open 05-Oct-2023 09:01:03 CEST PostProcessEvent
Data is served from cern.ch instead of original site eospublic
%MSG
05-Oct-2023 09:01:03 CEST  Successfully opened file root://eospublic.cern.ch//eos/opendata/cms/mc/RunIIFall15MiniAODv2/QCD_Pt_2400to3200_TuneCUETP8M1_13TeV_pythia8/MINIAODSIM/PU25nsData2015v1_76X_mcRun2_asymptotic_v12-v1/00000/10EBD422-51BB-E511-A95B-008CFA197454.root
05-Oct-2023 09:01:07 CEST  Closed file root://eospublic.cern.ch//eos/opendata/cms/mc/RunIIFall15MiniAODv2/QCD_Pt_2400to3200_TuneCUETP8M1_13TeV_pythia8/MINIAODSIM/PU25nsData2015v1_76X_mcRun2_asymptotic_v12-v1/00000/10EBD422-51BB-E511-A95B-008CFA197454.root
05-Oct-2023 09:01:07 CEST  Initiating request to open file root://eospublic.cern.ch//eos/opendata/cms/mc/RunIIFall15MiniAODv2/QCD_Pt_2400to3200_TuneCUETP8M1_13TeV_pythia8/MINIAODSIM/PU25nsData2015v1_76X_mcRun2_asymptotic_v12-v1/00000/1A634296-52BB-E511-924D-008CFA197DF0.root
%MSG-w XrdAdaptor:  file_open 05-Oct-2023 09:01:07 CEST PostProcessEvent
Data is served from cern.ch instead of original site eospublic
%MSG
05-Oct-2023 09:01:07 CEST  Successfully opened file root://eospublic.cern.ch//eos/opendata/cms/mc/RunIIFall15MiniAODv2/QCD_Pt_2400to3200_TuneCUETP8M1_13TeV_pythia8/MINIAODSIM/PU25nsData2015v1_76X_mcRun2_asymptotic_v12-v1/00000/1A634296-52BB-E511-924D-008CFA197DF0.root
Begin processing the 100001st record. Run 1, Event 67622, LumiSection 525 at 05-Oct-2023 09:01:08.228 CEST
05-Oct-2023 09:01:10 CEST  Closed file root://eospublic.cern.ch//eos/opendata/cms/mc/RunIIFall15MiniAODv2/QCD_Pt_2400to3200_TuneCUETP8M1_13TeV_pythia8/MINIAODSIM/PU25nsData2015v1_76X_mcRun2_asymptotic_v12-v1/00000/1A634296-52BB-E511-924D-008CFA197DF0.root
05-Oct-2023 09:01:10 CEST  Initiating request to open file root://eospublic.cern.ch//eos/opendata/cms/mc/RunIIFall15MiniAODv2/QCD_Pt_2400to3200_TuneCUETP8M1_13TeV_pythia8/MINIAODSIM/PU25nsData2015v1_76X_mcRun2_asymptotic_v12-v1/00000/50A58D91-52BB-E511-91D0-008CFA111154.root
%MSG-w XrdAdaptor:  file_open 05-Oct-2023 09:01:10 CEST PostProcessEvent
Data is served from cern.ch instead of original site eospublic
%MSG
05-Oct-2023 09:01:10 CEST  Successfully opened file root://eospublic.cern.ch//eos/opendata/cms/mc/RunIIFall15MiniAODv2/QCD_Pt_2400to3200_TuneCUETP8M1_13TeV_pythia8/MINIAODSIM/PU25nsData2015v1_76X_mcRun2_asymptotic_v12-v1/00000/50A58D91-52BB-E511-91D0-008CFA111154.root
05-Oct-2023 09:01:14 CEST  Closed file root://eospublic.cern.ch//eos/opendata/cms/mc/RunIIFall15MiniAODv2/QCD_Pt_2400to3200_TuneCUETP8M1_13TeV_pythia8/MINIAODSIM/PU25nsData2015v1_76X_mcRun2_asymptotic_v12-v1/00000/50A58D91-52BB-E511-91D0-008CFA111154.root
05-Oct-2023 09:01:14 CEST  Initiating request to open file root://eospublic.cern.ch//eos/opendata/cms/mc/RunIIFall15MiniAODv2/QCD_Pt_2400to3200_TuneCUETP8M1_13TeV_pythia8/MINIAODSIM/PU25nsData2015v1_76X_mcRun2_asymptotic_v12-v1/00000/5EBDA301-51BB-E511-B6D0-008CFA166188.root
%MSG-w XrdAdaptor:  file_open 05-Oct-2023 09:01:14 CEST PostProcessEvent
Data is served from cern.ch instead of original site eospublic
%MSG
05-Oct-2023 09:01:14 CEST  Successfully opened file root://eospublic.cern.ch//eos/opendata/cms/mc/RunIIFall15MiniAODv2/QCD_Pt_2400to3200_TuneCUETP8M1_13TeV_pythia8/MINIAODSIM/PU25nsData2015v1_76X_mcRun2_asymptotic_v12-v1/00000/5EBDA301-51BB-E511-B6D0-008CFA166188.root
Begin processing the 200001st record. Run 1, Event 211611, LumiSection 1641 at 05-Oct-2023 09:01:15.628 CEST
05-Oct-2023 09:01:17 CEST  Closed file root://eospublic.cern.ch//eos/opendata/cms/mc/RunIIFall15MiniAODv2/QCD_Pt_2400to3200_TuneCUETP8M1_13TeV_pythia8/MINIAODSIM/PU25nsData2015v1_76X_mcRun2_asymptotic_v12-v1/00000/5EBDA301-51BB-E511-B6D0-008CFA166188.root
05-Oct-2023 09:01:17 CEST  Initiating request to open file root://eospublic.cern.ch//eos/opendata/cms/mc/RunIIFall15MiniAODv2/QCD_Pt_2400to3200_TuneCUETP8M1_13TeV_pythia8/MINIAODSIM/PU25nsData2015v1_76X_mcRun2_asymptotic_v12-v1/00000/7674BE17-51BB-E511-BFC8-008CFA111348.root
%MSG-w XrdAdaptor:  file_open 05-Oct-2023 09:01:17 CEST PostProcessEvent
Data is served from cern.ch instead of original site eospublic
%MSG
05-Oct-2023 09:01:17 CEST  Successfully opened file root://eospublic.cern.ch//eos/opendata/cms/mc/RunIIFall15MiniAODv2/QCD_Pt_2400to3200_TuneCUETP8M1_13TeV_pythia8/MINIAODSIM/PU25nsData2015v1_76X_mcRun2_asymptotic_v12-v1/00000/7674BE17-51BB-E511-BFC8-008CFA111348.root
05-Oct-2023 09:01:20 CEST  Closed file root://eospublic.cern.ch//eos/opendata/cms/mc/RunIIFall15MiniAODv2/QCD_Pt_2400to3200_TuneCUETP8M1_13TeV_pythia8/MINIAODSIM/PU25nsData2015v1_76X_mcRun2_asymptotic_v12-v1/00000/7674BE17-51BB-E511-BFC8-008CFA111348.root
05-Oct-2023 09:01:20 CEST  Initiating request to open file root://eospublic.cern.ch//eos/opendata/cms/mc/RunIIFall15MiniAODv2/QCD_Pt_2400to3200_TuneCUETP8M1_13TeV_pythia8/MINIAODSIM/PU25nsData2015v1_76X_mcRun2_asymptotic_v12-v1/00000/7C12B495-52BB-E511-B259-008CFA1974A0.root
%MSG-w XrdAdaptor:  file_open 05-Oct-2023 09:01:20 CEST PostProcessEvent
Data is served from cern.ch instead of original site eospublic
%MSG
05-Oct-2023 09:01:20 CEST  Successfully opened file root://eospublic.cern.ch//eos/opendata/cms/mc/RunIIFall15MiniAODv2/QCD_Pt_2400to3200_TuneCUETP8M1_13TeV_pythia8/MINIAODSIM/PU25nsData2015v1_76X_mcRun2_asymptotic_v12-v1/00000/7C12B495-52BB-E511-B259-008CFA1974A0.root
Begin processing the 300001st record. Run 1, Event 307899, LumiSection 2387 at 05-Oct-2023 09:01:23.011 CEST
05-Oct-2023 09:01:23 CEST  Closed file root://eospublic.cern.ch//eos/opendata/cms/mc/RunIIFall15MiniAODv2/QCD_Pt_2400to3200_TuneCUETP8M1_13TeV_pythia8/MINIAODSIM/PU25nsData2015v1_76X_mcRun2_asymptotic_v12-v1/00000/7C12B495-52BB-E511-B259-008CFA1974A0.root
05-Oct-2023 09:01:23 CEST  Initiating request to open file root://eospublic.cern.ch//eos/opendata/cms/mc/RunIIFall15MiniAODv2/QCD_Pt_2400to3200_TuneCUETP8M1_13TeV_pythia8/MINIAODSIM/PU25nsData2015v1_76X_mcRun2_asymptotic_v12-v1/00000/86DD051B-51BB-E511-95A8-008CFA197480.root
%MSG-w XrdAdaptor:  file_open 05-Oct-2023 09:01:23 CEST PostProcessEvent
Data is served from cern.ch instead of original site eospublic
%MSG
05-Oct-2023 09:01:23 CEST  Successfully opened file root://eospublic.cern.ch//eos/opendata/cms/mc/RunIIFall15MiniAODv2/QCD_Pt_2400to3200_TuneCUETP8M1_13TeV_pythia8/MINIAODSIM/PU25nsData2015v1_76X_mcRun2_asymptotic_v12-v1/00000/86DD051B-51BB-E511-95A8-008CFA197480.root
05-Oct-2023 09:01:26 CEST  Closed file root://eospublic.cern.ch//eos/opendata/cms/mc/RunIIFall15MiniAODv2/QCD_Pt_2400to3200_TuneCUETP8M1_13TeV_pythia8/MINIAODSIM/PU25nsData2015v1_76X_mcRun2_asymptotic_v12-v1/00000/86DD051B-51BB-E511-95A8-008CFA197480.root
05-Oct-2023 09:01:26 CEST  Initiating request to open file root://eospublic.cern.ch//eos/opendata/cms/mc/RunIIFall15MiniAODv2/QCD_Pt_2400to3200_TuneCUETP8M1_13TeV_pythia8/MINIAODSIM/PU25nsData2015v1_76X_mcRun2_asymptotic_v12-v1/00000/9467C112-51BB-E511-8810-008CFA1113E8.root
%MSG-w XrdAdaptor:  file_open 05-Oct-2023 09:01:26 CEST PostProcessEvent
Data is served from cern.ch instead of original site eospublic
%MSG
05-Oct-2023 09:01:26 CEST  Successfully opened file root://eospublic.cern.ch//eos/opendata/cms/mc/RunIIFall15MiniAODv2/QCD_Pt_2400to3200_TuneCUETP8M1_13TeV_pythia8/MINIAODSIM/PU25nsData2015v1_76X_mcRun2_asymptotic_v12-v1/00000/9467C112-51BB-E511-8810-008CFA1113E8.root
05-Oct-2023 09:01:30 CEST  Closed file root://eospublic.cern.ch//eos/opendata/cms/mc/RunIIFall15MiniAODv2/QCD_Pt_2400to3200_TuneCUETP8M1_13TeV_pythia8/MINIAODSIM/PU25nsData2015v1_76X_mcRun2_asymptotic_v12-v1/00000/9467C112-51BB-E511-8810-008CFA1113E8.root

------------------------------------
GenXsecAnalyzer:
------------------------------------
Before Filtrer: total cross section = 6.742e-03 +- 5.489e-06 pb
Filter efficiency (taking into account weights)= (398452) / (398452) = 1.000e+00 +- 0.000e+00
Filter efficiency (event-level)= (398452) / (398452) = 1.000e+00 +- 0.000e+00
After filter: final cross section = 6.742e-03 +- 5.489e-06 pb

=============================================

MessageLogger Summary

 type     category        sev    module        subroutine        count    total
 ---- -------------------- -- ---------------- ----------------  -----    -----
    1 GenXSecAnalyzer      -w GenXSecAnalyzer:                       5        5
    2 XrdAdaptor           -w file_open                              9        9
    3 fileAction           -s file_close                             9        9
    4 fileAction           -s file_open                             18       18

 type    category    Examples: run/evt        run/evt          run/evt
 ---- -------------------- ---------------- ---------------- ----------------
    1 GenXSecAnalyzer      PostEndRun       PostEndRun       PostEndRun
    2 XrdAdaptor           pre-events       PostProcessEvent PostProcessEvent
    3 fileAction           PostProcessEvent PostProcessEvent PostEndRun
    4 fileAction           pre-events       pre-events       PostProcessEvent

Severity    # Occurrences   Total Occurrences
--------    -------------   -----------------
Warning                14                  14
System                 27                  27
