05-Oct-2023 10:50:56 CEST  Initiating request to open file root://eospublic.cern.ch//eos/opendata/cms/mc/RunIIFall15MiniAODv2/QCD_Pt_470to600_TuneCUETP8M1_13TeV_pythia8/MINIAODSIM/PU25nsData2015v1_76X_mcRun2_asymptotic_v12-v1/50000/004A5302-BBB8-E511-8558-0023AEEEB559.root
%MSG-w XrdAdaptor:  file_open 05-Oct-2023 10:50:57 CEST pre-events
Data is served from cern.ch instead of original site eospublic
%MSG
05-Oct-2023 10:50:59 CEST  Successfully opened file root://eospublic.cern.ch//eos/opendata/cms/mc/RunIIFall15MiniAODv2/QCD_Pt_470to600_TuneCUETP8M1_13TeV_pythia8/MINIAODSIM/PU25nsData2015v1_76X_mcRun2_asymptotic_v12-v1/50000/004A5302-BBB8-E511-8558-0023AEEEB559.root
Begin processing the 1st record. Run 1, Event 23257, LumiSection 137 at 05-Oct-2023 10:51:00.738 CEST
05-Oct-2023 10:51:03 CEST  Closed file root://eospublic.cern.ch//eos/opendata/cms/mc/RunIIFall15MiniAODv2/QCD_Pt_470to600_TuneCUETP8M1_13TeV_pythia8/MINIAODSIM/PU25nsData2015v1_76X_mcRun2_asymptotic_v12-v1/50000/004A5302-BBB8-E511-8558-0023AEEEB559.root
05-Oct-2023 10:51:03 CEST  Initiating request to open file root://eospublic.cern.ch//eos/opendata/cms/mc/RunIIFall15MiniAODv2/QCD_Pt_470to600_TuneCUETP8M1_13TeV_pythia8/MINIAODSIM/PU25nsData2015v1_76X_mcRun2_asymptotic_v12-v1/50000/0494D20C-BBB8-E511-98C0-0026B94DBE31.root
%MSG-w XrdAdaptor:  file_open 05-Oct-2023 10:51:03 CEST PostProcessEvent
Data is served from cern.ch instead of original site eospublic
%MSG
05-Oct-2023 10:51:03 CEST  Successfully opened file root://eospublic.cern.ch//eos/opendata/cms/mc/RunIIFall15MiniAODv2/QCD_Pt_470to600_TuneCUETP8M1_13TeV_pythia8/MINIAODSIM/PU25nsData2015v1_76X_mcRun2_asymptotic_v12-v1/50000/0494D20C-BBB8-E511-98C0-0026B94DBE31.root
05-Oct-2023 10:51:06 CEST  Closed file root://eospublic.cern.ch//eos/opendata/cms/mc/RunIIFall15MiniAODv2/QCD_Pt_470to600_TuneCUETP8M1_13TeV_pythia8/MINIAODSIM/PU25nsData2015v1_76X_mcRun2_asymptotic_v12-v1/50000/0494D20C-BBB8-E511-98C0-0026B94DBE31.root
05-Oct-2023 10:51:06 CEST  Initiating request to open file root://eospublic.cern.ch//eos/opendata/cms/mc/RunIIFall15MiniAODv2/QCD_Pt_470to600_TuneCUETP8M1_13TeV_pythia8/MINIAODSIM/PU25nsData2015v1_76X_mcRun2_asymptotic_v12-v1/50000/04A020BB-B7B8-E511-8901-28924A35056A.root
%MSG-w XrdAdaptor:  file_open 05-Oct-2023 10:51:06 CEST PostProcessEvent
Data is served from cern.ch instead of original site eospublic
%MSG
05-Oct-2023 10:51:06 CEST  Successfully opened file root://eospublic.cern.ch//eos/opendata/cms/mc/RunIIFall15MiniAODv2/QCD_Pt_470to600_TuneCUETP8M1_13TeV_pythia8/MINIAODSIM/PU25nsData2015v1_76X_mcRun2_asymptotic_v12-v1/50000/04A020BB-B7B8-E511-8901-28924A35056A.root
Begin processing the 100001st record. Run 1, Event 1159175, LumiSection 6779 at 05-Oct-2023 10:51:08.079 CEST
05-Oct-2023 10:51:10 CEST  Closed file root://eospublic.cern.ch//eos/opendata/cms/mc/RunIIFall15MiniAODv2/QCD_Pt_470to600_TuneCUETP8M1_13TeV_pythia8/MINIAODSIM/PU25nsData2015v1_76X_mcRun2_asymptotic_v12-v1/50000/04A020BB-B7B8-E511-8901-28924A35056A.root
05-Oct-2023 10:51:10 CEST  Initiating request to open file root://eospublic.cern.ch//eos/opendata/cms/mc/RunIIFall15MiniAODv2/QCD_Pt_470to600_TuneCUETP8M1_13TeV_pythia8/MINIAODSIM/PU25nsData2015v1_76X_mcRun2_asymptotic_v12-v1/50000/16A8CB06-BBB8-E511-91F1-0026B9278678.root
%MSG-w XrdAdaptor:  file_open 05-Oct-2023 10:51:10 CEST PostProcessEvent
Data is served from cern.ch instead of original site eospublic
%MSG
05-Oct-2023 10:51:10 CEST  Successfully opened file root://eospublic.cern.ch//eos/opendata/cms/mc/RunIIFall15MiniAODv2/QCD_Pt_470to600_TuneCUETP8M1_13TeV_pythia8/MINIAODSIM/PU25nsData2015v1_76X_mcRun2_asymptotic_v12-v1/50000/16A8CB06-BBB8-E511-91F1-0026B9278678.root
05-Oct-2023 10:51:13 CEST  Closed file root://eospublic.cern.ch//eos/opendata/cms/mc/RunIIFall15MiniAODv2/QCD_Pt_470to600_TuneCUETP8M1_13TeV_pythia8/MINIAODSIM/PU25nsData2015v1_76X_mcRun2_asymptotic_v12-v1/50000/16A8CB06-BBB8-E511-91F1-0026B9278678.root
05-Oct-2023 10:51:13 CEST  Initiating request to open file root://eospublic.cern.ch//eos/opendata/cms/mc/RunIIFall15MiniAODv2/QCD_Pt_470to600_TuneCUETP8M1_13TeV_pythia8/MINIAODSIM/PU25nsData2015v1_76X_mcRun2_asymptotic_v12-v1/50000/16FBDDC3-BBB8-E511-8959-28924A33AFD2.root
%MSG-w XrdAdaptor:  file_open 05-Oct-2023 10:51:13 CEST PostProcessEvent
Data is served from cern.ch instead of original site eospublic
%MSG
05-Oct-2023 10:51:13 CEST  Successfully opened file root://eospublic.cern.ch//eos/opendata/cms/mc/RunIIFall15MiniAODv2/QCD_Pt_470to600_TuneCUETP8M1_13TeV_pythia8/MINIAODSIM/PU25nsData2015v1_76X_mcRun2_asymptotic_v12-v1/50000/16FBDDC3-BBB8-E511-8959-28924A33AFD2.root
Begin processing the 200001st record. Run 1, Event 804315, LumiSection 4704 at 05-Oct-2023 10:51:15.617 CEST
05-Oct-2023 10:51:16 CEST  Closed file root://eospublic.cern.ch//eos/opendata/cms/mc/RunIIFall15MiniAODv2/QCD_Pt_470to600_TuneCUETP8M1_13TeV_pythia8/MINIAODSIM/PU25nsData2015v1_76X_mcRun2_asymptotic_v12-v1/50000/16FBDDC3-BBB8-E511-8959-28924A33AFD2.root
05-Oct-2023 10:51:16 CEST  Initiating request to open file root://eospublic.cern.ch//eos/opendata/cms/mc/RunIIFall15MiniAODv2/QCD_Pt_470to600_TuneCUETP8M1_13TeV_pythia8/MINIAODSIM/PU25nsData2015v1_76X_mcRun2_asymptotic_v12-v1/50000/1A9B5D05-BBB8-E511-949D-BC305B390A4C.root
%MSG-w XrdAdaptor:  file_open 05-Oct-2023 10:51:16 CEST PostProcessEvent
Data is served from cern.ch instead of original site eospublic
%MSG
05-Oct-2023 10:51:16 CEST  Successfully opened file root://eospublic.cern.ch//eos/opendata/cms/mc/RunIIFall15MiniAODv2/QCD_Pt_470to600_TuneCUETP8M1_13TeV_pythia8/MINIAODSIM/PU25nsData2015v1_76X_mcRun2_asymptotic_v12-v1/50000/1A9B5D05-BBB8-E511-949D-BC305B390A4C.root
05-Oct-2023 10:51:20 CEST  Closed file root://eospublic.cern.ch//eos/opendata/cms/mc/RunIIFall15MiniAODv2/QCD_Pt_470to600_TuneCUETP8M1_13TeV_pythia8/MINIAODSIM/PU25nsData2015v1_76X_mcRun2_asymptotic_v12-v1/50000/1A9B5D05-BBB8-E511-949D-BC305B390A4C.root
05-Oct-2023 10:51:20 CEST  Initiating request to open file root://eospublic.cern.ch//eos/opendata/cms/mc/RunIIFall15MiniAODv2/QCD_Pt_470to600_TuneCUETP8M1_13TeV_pythia8/MINIAODSIM/PU25nsData2015v1_76X_mcRun2_asymptotic_v12-v1/50000/1C3EEB04-BBB8-E511-AE5E-BC305B390A73.root
%MSG-w XrdAdaptor:  file_open 05-Oct-2023 10:51:20 CEST PostProcessEvent
Data is served from cern.ch instead of original site eospublic
%MSG
05-Oct-2023 10:51:20 CEST  Successfully opened file root://eospublic.cern.ch//eos/opendata/cms/mc/RunIIFall15MiniAODv2/QCD_Pt_470to600_TuneCUETP8M1_13TeV_pythia8/MINIAODSIM/PU25nsData2015v1_76X_mcRun2_asymptotic_v12-v1/50000/1C3EEB04-BBB8-E511-AE5E-BC305B390A73.root
Begin processing the 300001st record. Run 1, Event 3885871, LumiSection 22725 at 05-Oct-2023 10:51:23.032 CEST
05-Oct-2023 10:51:23 CEST  Closed file root://eospublic.cern.ch//eos/opendata/cms/mc/RunIIFall15MiniAODv2/QCD_Pt_470to600_TuneCUETP8M1_13TeV_pythia8/MINIAODSIM/PU25nsData2015v1_76X_mcRun2_asymptotic_v12-v1/50000/1C3EEB04-BBB8-E511-AE5E-BC305B390A73.root
05-Oct-2023 10:51:23 CEST  Initiating request to open file root://eospublic.cern.ch//eos/opendata/cms/mc/RunIIFall15MiniAODv2/QCD_Pt_470to600_TuneCUETP8M1_13TeV_pythia8/MINIAODSIM/PU25nsData2015v1_76X_mcRun2_asymptotic_v12-v1/50000/206CA0BC-B7B8-E511-B97E-0026B94DBD88.root
%MSG-w XrdAdaptor:  file_open 05-Oct-2023 10:51:23 CEST PostProcessEvent
Data is served from cern.ch instead of original site eospublic
%MSG
05-Oct-2023 10:51:23 CEST  Successfully opened file root://eospublic.cern.ch//eos/opendata/cms/mc/RunIIFall15MiniAODv2/QCD_Pt_470to600_TuneCUETP8M1_13TeV_pythia8/MINIAODSIM/PU25nsData2015v1_76X_mcRun2_asymptotic_v12-v1/50000/206CA0BC-B7B8-E511-B97E-0026B94DBD88.root
05-Oct-2023 10:51:26 CEST  Closed file root://eospublic.cern.ch//eos/opendata/cms/mc/RunIIFall15MiniAODv2/QCD_Pt_470to600_TuneCUETP8M1_13TeV_pythia8/MINIAODSIM/PU25nsData2015v1_76X_mcRun2_asymptotic_v12-v1/50000/206CA0BC-B7B8-E511-B97E-0026B94DBD88.root
05-Oct-2023 10:51:26 CEST  Initiating request to open file root://eospublic.cern.ch//eos/opendata/cms/mc/RunIIFall15MiniAODv2/QCD_Pt_470to600_TuneCUETP8M1_13TeV_pythia8/MINIAODSIM/PU25nsData2015v1_76X_mcRun2_asymptotic_v12-v1/50000/20BDA111-BBB8-E511-AA89-0023AEEEB3D6.root
%MSG-w XrdAdaptor:  file_open 05-Oct-2023 10:51:27 CEST PostProcessEvent
Data is served from cern.ch instead of original site eospublic
%MSG
05-Oct-2023 10:51:27 CEST  Successfully opened file root://eospublic.cern.ch//eos/opendata/cms/mc/RunIIFall15MiniAODv2/QCD_Pt_470to600_TuneCUETP8M1_13TeV_pythia8/MINIAODSIM/PU25nsData2015v1_76X_mcRun2_asymptotic_v12-v1/50000/20BDA111-BBB8-E511-AA89-0023AEEEB3D6.root
Begin processing the 400001st record. Run 1, Event 2742017, LumiSection 16036 at 05-Oct-2023 10:51:30.451 CEST
05-Oct-2023 10:51:30 CEST  Closed file root://eospublic.cern.ch//eos/opendata/cms/mc/RunIIFall15MiniAODv2/QCD_Pt_470to600_TuneCUETP8M1_13TeV_pythia8/MINIAODSIM/PU25nsData2015v1_76X_mcRun2_asymptotic_v12-v1/50000/20BDA111-BBB8-E511-AA89-0023AEEEB3D6.root
05-Oct-2023 10:51:30 CEST  Initiating request to open file root://eospublic.cern.ch//eos/opendata/cms/mc/RunIIFall15MiniAODv2/QCD_Pt_470to600_TuneCUETP8M1_13TeV_pythia8/MINIAODSIM/PU25nsData2015v1_76X_mcRun2_asymptotic_v12-v1/50000/226150D5-B6B8-E511-9840-009C02AAB554.root
%MSG-w XrdAdaptor:  file_open 05-Oct-2023 10:51:30 CEST PostProcessEvent
Data is served from cern.ch instead of original site eospublic
%MSG
05-Oct-2023 10:51:30 CEST  Successfully opened file root://eospublic.cern.ch//eos/opendata/cms/mc/RunIIFall15MiniAODv2/QCD_Pt_470to600_TuneCUETP8M1_13TeV_pythia8/MINIAODSIM/PU25nsData2015v1_76X_mcRun2_asymptotic_v12-v1/50000/226150D5-B6B8-E511-9840-009C02AAB554.root
05-Oct-2023 10:51:34 CEST  Closed file root://eospublic.cern.ch//eos/opendata/cms/mc/RunIIFall15MiniAODv2/QCD_Pt_470to600_TuneCUETP8M1_13TeV_pythia8/MINIAODSIM/PU25nsData2015v1_76X_mcRun2_asymptotic_v12-v1/50000/226150D5-B6B8-E511-9840-009C02AAB554.root
05-Oct-2023 10:51:34 CEST  Initiating request to open file root://eospublic.cern.ch//eos/opendata/cms/mc/RunIIFall15MiniAODv2/QCD_Pt_470to600_TuneCUETP8M1_13TeV_pythia8/MINIAODSIM/PU25nsData2015v1_76X_mcRun2_asymptotic_v12-v1/50000/24E9A7FE-BAB8-E511-94DF-3417EBE47FCA.root
%MSG-w XrdAdaptor:  file_open 05-Oct-2023 10:51:34 CEST PostProcessEvent
Data is served from cern.ch instead of original site eospublic
%MSG
05-Oct-2023 10:51:34 CEST  Successfully opened file root://eospublic.cern.ch//eos/opendata/cms/mc/RunIIFall15MiniAODv2/QCD_Pt_470to600_TuneCUETP8M1_13TeV_pythia8/MINIAODSIM/PU25nsData2015v1_76X_mcRun2_asymptotic_v12-v1/50000/24E9A7FE-BAB8-E511-94DF-3417EBE47FCA.root
05-Oct-2023 10:51:37 CEST  Closed file root://eospublic.cern.ch//eos/opendata/cms/mc/RunIIFall15MiniAODv2/QCD_Pt_470to600_TuneCUETP8M1_13TeV_pythia8/MINIAODSIM/PU25nsData2015v1_76X_mcRun2_asymptotic_v12-v1/50000/24E9A7FE-BAB8-E511-94DF-3417EBE47FCA.root
05-Oct-2023 10:51:37 CEST  Initiating request to open file root://eospublic.cern.ch//eos/opendata/cms/mc/RunIIFall15MiniAODv2/QCD_Pt_470to600_TuneCUETP8M1_13TeV_pythia8/MINIAODSIM/PU25nsData2015v1_76X_mcRun2_asymptotic_v12-v1/50000/2A3F37BC-B7B8-E511-8E5A-0026B94DBD6E.root
%MSG-w XrdAdaptor:  file_open 05-Oct-2023 10:51:37 CEST PostProcessEvent
Data is served from cern.ch instead of original site eospublic
%MSG
05-Oct-2023 10:51:37 CEST  Successfully opened file root://eospublic.cern.ch//eos/opendata/cms/mc/RunIIFall15MiniAODv2/QCD_Pt_470to600_TuneCUETP8M1_13TeV_pythia8/MINIAODSIM/PU25nsData2015v1_76X_mcRun2_asymptotic_v12-v1/50000/2A3F37BC-B7B8-E511-8E5A-0026B94DBD6E.root
Begin processing the 500001st record. Run 1, Event 1994541, LumiSection 11664 at 05-Oct-2023 10:51:38.944 CEST
05-Oct-2023 10:51:41 CEST  Closed file root://eospublic.cern.ch//eos/opendata/cms/mc/RunIIFall15MiniAODv2/QCD_Pt_470to600_TuneCUETP8M1_13TeV_pythia8/MINIAODSIM/PU25nsData2015v1_76X_mcRun2_asymptotic_v12-v1/50000/2A3F37BC-B7B8-E511-8E5A-0026B94DBD6E.root
05-Oct-2023 10:51:41 CEST  Initiating request to open file root://eospublic.cern.ch//eos/opendata/cms/mc/RunIIFall15MiniAODv2/QCD_Pt_470to600_TuneCUETP8M1_13TeV_pythia8/MINIAODSIM/PU25nsData2015v1_76X_mcRun2_asymptotic_v12-v1/50000/2E6FA705-BBB8-E511-A85A-0026B92785E9.root
%MSG-w XrdAdaptor:  file_open 05-Oct-2023 10:51:41 CEST PostProcessEvent
Data is served from cern.ch instead of original site eospublic
%MSG
05-Oct-2023 10:51:41 CEST  Successfully opened file root://eospublic.cern.ch//eos/opendata/cms/mc/RunIIFall15MiniAODv2/QCD_Pt_470to600_TuneCUETP8M1_13TeV_pythia8/MINIAODSIM/PU25nsData2015v1_76X_mcRun2_asymptotic_v12-v1/50000/2E6FA705-BBB8-E511-A85A-0026B92785E9.root
05-Oct-2023 10:51:44 CEST  Closed file root://eospublic.cern.ch//eos/opendata/cms/mc/RunIIFall15MiniAODv2/QCD_Pt_470to600_TuneCUETP8M1_13TeV_pythia8/MINIAODSIM/PU25nsData2015v1_76X_mcRun2_asymptotic_v12-v1/50000/2E6FA705-BBB8-E511-A85A-0026B92785E9.root
05-Oct-2023 10:51:44 CEST  Initiating request to open file root://eospublic.cern.ch//eos/opendata/cms/mc/RunIIFall15MiniAODv2/QCD_Pt_470to600_TuneCUETP8M1_13TeV_pythia8/MINIAODSIM/PU25nsData2015v1_76X_mcRun2_asymptotic_v12-v1/50000/3A7944BA-B7B8-E511-B139-0023AEEEB559.root
%MSG-w XrdAdaptor:  file_open 05-Oct-2023 10:51:44 CEST PostProcessEvent
Data is served from cern.ch instead of original site eospublic
%MSG
05-Oct-2023 10:51:44 CEST  Successfully opened file root://eospublic.cern.ch//eos/opendata/cms/mc/RunIIFall15MiniAODv2/QCD_Pt_470to600_TuneCUETP8M1_13TeV_pythia8/MINIAODSIM/PU25nsData2015v1_76X_mcRun2_asymptotic_v12-v1/50000/3A7944BA-B7B8-E511-B139-0023AEEEB559.root
Begin processing the 600001st record. Run 1, Event 3794281, LumiSection 22189 at 05-Oct-2023 10:51:46.213 CEST
05-Oct-2023 10:51:47 CEST  Closed file root://eospublic.cern.ch//eos/opendata/cms/mc/RunIIFall15MiniAODv2/QCD_Pt_470to600_TuneCUETP8M1_13TeV_pythia8/MINIAODSIM/PU25nsData2015v1_76X_mcRun2_asymptotic_v12-v1/50000/3A7944BA-B7B8-E511-B139-0023AEEEB559.root
05-Oct-2023 10:51:47 CEST  Initiating request to open file root://eospublic.cern.ch//eos/opendata/cms/mc/RunIIFall15MiniAODv2/QCD_Pt_470to600_TuneCUETP8M1_13TeV_pythia8/MINIAODSIM/PU25nsData2015v1_76X_mcRun2_asymptotic_v12-v1/50000/40CC1E01-BBB8-E511-A523-0023AEEEB208.root
%MSG-w XrdAdaptor:  file_open 05-Oct-2023 10:51:47 CEST PostProcessEvent
Data is served from cern.ch instead of original site eospublic
%MSG
05-Oct-2023 10:51:47 CEST  Successfully opened file root://eospublic.cern.ch//eos/opendata/cms/mc/RunIIFall15MiniAODv2/QCD_Pt_470to600_TuneCUETP8M1_13TeV_pythia8/MINIAODSIM/PU25nsData2015v1_76X_mcRun2_asymptotic_v12-v1/50000/40CC1E01-BBB8-E511-A523-0023AEEEB208.root
05-Oct-2023 10:51:50 CEST  Closed file root://eospublic.cern.ch//eos/opendata/cms/mc/RunIIFall15MiniAODv2/QCD_Pt_470to600_TuneCUETP8M1_13TeV_pythia8/MINIAODSIM/PU25nsData2015v1_76X_mcRun2_asymptotic_v12-v1/50000/40CC1E01-BBB8-E511-A523-0023AEEEB208.root
05-Oct-2023 10:51:50 CEST  Initiating request to open file root://eospublic.cern.ch//eos/opendata/cms/mc/RunIIFall15MiniAODv2/QCD_Pt_470to600_TuneCUETP8M1_13TeV_pythia8/MINIAODSIM/PU25nsData2015v1_76X_mcRun2_asymptotic_v12-v1/50000/4C5A5EBC-B7B8-E511-A867-0026B94DBDA2.root
%MSG-w XrdAdaptor:  file_open 05-Oct-2023 10:51:50 CEST PostProcessEvent
Data is served from cern.ch instead of original site eospublic
%MSG
05-Oct-2023 10:51:50 CEST  Successfully opened file root://eospublic.cern.ch//eos/opendata/cms/mc/RunIIFall15MiniAODv2/QCD_Pt_470to600_TuneCUETP8M1_13TeV_pythia8/MINIAODSIM/PU25nsData2015v1_76X_mcRun2_asymptotic_v12-v1/50000/4C5A5EBC-B7B8-E511-A867-0026B94DBDA2.root
Begin processing the 700001st record. Run 1, Event 1326203, LumiSection 7756 at 05-Oct-2023 10:51:53.382 CEST
05-Oct-2023 10:51:53 CEST  Closed file root://eospublic.cern.ch//eos/opendata/cms/mc/RunIIFall15MiniAODv2/QCD_Pt_470to600_TuneCUETP8M1_13TeV_pythia8/MINIAODSIM/PU25nsData2015v1_76X_mcRun2_asymptotic_v12-v1/50000/4C5A5EBC-B7B8-E511-A867-0026B94DBDA2.root
05-Oct-2023 10:51:53 CEST  Initiating request to open file root://eospublic.cern.ch//eos/opendata/cms/mc/RunIIFall15MiniAODv2/QCD_Pt_470to600_TuneCUETP8M1_13TeV_pythia8/MINIAODSIM/PU25nsData2015v1_76X_mcRun2_asymptotic_v12-v1/50000/5AAB0D7C-BCB8-E511-881E-0023AEEEB208.root
%MSG-w XrdAdaptor:  file_open 05-Oct-2023 10:51:53 CEST PostProcessEvent
Data is served from cern.ch instead of original site eospublic
%MSG
05-Oct-2023 10:51:53 CEST  Successfully opened file root://eospublic.cern.ch//eos/opendata/cms/mc/RunIIFall15MiniAODv2/QCD_Pt_470to600_TuneCUETP8M1_13TeV_pythia8/MINIAODSIM/PU25nsData2015v1_76X_mcRun2_asymptotic_v12-v1/50000/5AAB0D7C-BCB8-E511-881E-0023AEEEB208.root
05-Oct-2023 10:51:57 CEST  Closed file root://eospublic.cern.ch//eos/opendata/cms/mc/RunIIFall15MiniAODv2/QCD_Pt_470to600_TuneCUETP8M1_13TeV_pythia8/MINIAODSIM/PU25nsData2015v1_76X_mcRun2_asymptotic_v12-v1/50000/5AAB0D7C-BCB8-E511-881E-0023AEEEB208.root
05-Oct-2023 10:51:57 CEST  Initiating request to open file root://eospublic.cern.ch//eos/opendata/cms/mc/RunIIFall15MiniAODv2/QCD_Pt_470to600_TuneCUETP8M1_13TeV_pythia8/MINIAODSIM/PU25nsData2015v1_76X_mcRun2_asymptotic_v12-v1/50000/5C101005-BBB8-E511-9E76-BC305B3909FE.root
%MSG-w XrdAdaptor:  file_open 05-Oct-2023 10:51:57 CEST PostProcessEvent
Data is served from cern.ch instead of original site eospublic
%MSG
05-Oct-2023 10:51:57 CEST  Successfully opened file root://eospublic.cern.ch//eos/opendata/cms/mc/RunIIFall15MiniAODv2/QCD_Pt_470to600_TuneCUETP8M1_13TeV_pythia8/MINIAODSIM/PU25nsData2015v1_76X_mcRun2_asymptotic_v12-v1/50000/5C101005-BBB8-E511-9E76-BC305B3909FE.root
05-Oct-2023 10:52:00 CEST  Closed file root://eospublic.cern.ch//eos/opendata/cms/mc/RunIIFall15MiniAODv2/QCD_Pt_470to600_TuneCUETP8M1_13TeV_pythia8/MINIAODSIM/PU25nsData2015v1_76X_mcRun2_asymptotic_v12-v1/50000/5C101005-BBB8-E511-9E76-BC305B3909FE.root
05-Oct-2023 10:52:00 CEST  Initiating request to open file root://eospublic.cern.ch//eos/opendata/cms/mc/RunIIFall15MiniAODv2/QCD_Pt_470to600_TuneCUETP8M1_13TeV_pythia8/MINIAODSIM/PU25nsData2015v1_76X_mcRun2_asymptotic_v12-v1/50000/660A03BC-B7B8-E511-BF73-3417EBE47C5E.root
%MSG-w XrdAdaptor:  file_open 05-Oct-2023 10:52:00 CEST PostProcessEvent
Data is served from cern.ch instead of original site eospublic
%MSG
05-Oct-2023 10:52:00 CEST  Successfully opened file root://eospublic.cern.ch//eos/opendata/cms/mc/RunIIFall15MiniAODv2/QCD_Pt_470to600_TuneCUETP8M1_13TeV_pythia8/MINIAODSIM/PU25nsData2015v1_76X_mcRun2_asymptotic_v12-v1/50000/660A03BC-B7B8-E511-BF73-3417EBE47C5E.root
Begin processing the 800001st record. Run 1, Event 2491191, LumiSection 14569 at 05-Oct-2023 10:52:01.824 CEST
05-Oct-2023 10:52:03 CEST  Closed file root://eospublic.cern.ch//eos/opendata/cms/mc/RunIIFall15MiniAODv2/QCD_Pt_470to600_TuneCUETP8M1_13TeV_pythia8/MINIAODSIM/PU25nsData2015v1_76X_mcRun2_asymptotic_v12-v1/50000/660A03BC-B7B8-E511-BF73-3417EBE47C5E.root
05-Oct-2023 10:52:03 CEST  Initiating request to open file root://eospublic.cern.ch//eos/opendata/cms/mc/RunIIFall15MiniAODv2/QCD_Pt_470to600_TuneCUETP8M1_13TeV_pythia8/MINIAODSIM/PU25nsData2015v1_76X_mcRun2_asymptotic_v12-v1/50000/6E3E43BD-B7B8-E511-BBD3-BC305B390AA7.root
%MSG-w XrdAdaptor:  file_open 05-Oct-2023 10:52:03 CEST PostProcessEvent
Data is served from cern.ch instead of original site eospublic
%MSG
05-Oct-2023 10:52:03 CEST  Successfully opened file root://eospublic.cern.ch//eos/opendata/cms/mc/RunIIFall15MiniAODv2/QCD_Pt_470to600_TuneCUETP8M1_13TeV_pythia8/MINIAODSIM/PU25nsData2015v1_76X_mcRun2_asymptotic_v12-v1/50000/6E3E43BD-B7B8-E511-BBD3-BC305B390AA7.root
05-Oct-2023 10:52:06 CEST  Closed file root://eospublic.cern.ch//eos/opendata/cms/mc/RunIIFall15MiniAODv2/QCD_Pt_470to600_TuneCUETP8M1_13TeV_pythia8/MINIAODSIM/PU25nsData2015v1_76X_mcRun2_asymptotic_v12-v1/50000/6E3E43BD-B7B8-E511-BBD3-BC305B390AA7.root
05-Oct-2023 10:52:06 CEST  Initiating request to open file root://eospublic.cern.ch//eos/opendata/cms/mc/RunIIFall15MiniAODv2/QCD_Pt_470to600_TuneCUETP8M1_13TeV_pythia8/MINIAODSIM/PU25nsData2015v1_76X_mcRun2_asymptotic_v12-v1/50000/74CD1F02-BBB8-E511-BA0B-28924A33AFD2.root
%MSG-w XrdAdaptor:  file_open 05-Oct-2023 10:52:06 CEST PostProcessEvent
Data is served from cern.ch instead of original site eospublic
%MSG
05-Oct-2023 10:52:06 CEST  Successfully opened file root://eospublic.cern.ch//eos/opendata/cms/mc/RunIIFall15MiniAODv2/QCD_Pt_470to600_TuneCUETP8M1_13TeV_pythia8/MINIAODSIM/PU25nsData2015v1_76X_mcRun2_asymptotic_v12-v1/50000/74CD1F02-BBB8-E511-BA0B-28924A33AFD2.root
Begin processing the 900001st record. Run 1, Event 3857959, LumiSection 22561 at 05-Oct-2023 10:52:09.262 CEST
05-Oct-2023 10:52:09 CEST  Closed file root://eospublic.cern.ch//eos/opendata/cms/mc/RunIIFall15MiniAODv2/QCD_Pt_470to600_TuneCUETP8M1_13TeV_pythia8/MINIAODSIM/PU25nsData2015v1_76X_mcRun2_asymptotic_v12-v1/50000/74CD1F02-BBB8-E511-BA0B-28924A33AFD2.root
05-Oct-2023 10:52:09 CEST  Initiating request to open file root://eospublic.cern.ch//eos/opendata/cms/mc/RunIIFall15MiniAODv2/QCD_Pt_470to600_TuneCUETP8M1_13TeV_pythia8/MINIAODSIM/PU25nsData2015v1_76X_mcRun2_asymptotic_v12-v1/50000/782F6870-BCB8-E511-8ED0-3417EBE47FCA.root
%MSG-w XrdAdaptor:  file_open 05-Oct-2023 10:52:10 CEST PostProcessEvent
Data is served from cern.ch instead of original site eospublic
%MSG
05-Oct-2023 10:52:10 CEST  Successfully opened file root://eospublic.cern.ch//eos/opendata/cms/mc/RunIIFall15MiniAODv2/QCD_Pt_470to600_TuneCUETP8M1_13TeV_pythia8/MINIAODSIM/PU25nsData2015v1_76X_mcRun2_asymptotic_v12-v1/50000/782F6870-BCB8-E511-8ED0-3417EBE47FCA.root
05-Oct-2023 10:52:13 CEST  Closed file root://eospublic.cern.ch//eos/opendata/cms/mc/RunIIFall15MiniAODv2/QCD_Pt_470to600_TuneCUETP8M1_13TeV_pythia8/MINIAODSIM/PU25nsData2015v1_76X_mcRun2_asymptotic_v12-v1/50000/782F6870-BCB8-E511-8ED0-3417EBE47FCA.root
05-Oct-2023 10:52:13 CEST  Initiating request to open file root://eospublic.cern.ch//eos/opendata/cms/mc/RunIIFall15MiniAODv2/QCD_Pt_470to600_TuneCUETP8M1_13TeV_pythia8/MINIAODSIM/PU25nsData2015v1_76X_mcRun2_asymptotic_v12-v1/50000/783513BA-B7B8-E511-8377-0026B94DBDC9.root
%MSG-w XrdAdaptor:  file_open 05-Oct-2023 10:52:13 CEST PostProcessEvent
Data is served from cern.ch instead of original site eospublic
%MSG
05-Oct-2023 10:52:13 CEST  Successfully opened file root://eospublic.cern.ch//eos/opendata/cms/mc/RunIIFall15MiniAODv2/QCD_Pt_470to600_TuneCUETP8M1_13TeV_pythia8/MINIAODSIM/PU25nsData2015v1_76X_mcRun2_asymptotic_v12-v1/50000/783513BA-B7B8-E511-8377-0026B94DBDC9.root
05-Oct-2023 10:52:16 CEST  Closed file root://eospublic.cern.ch//eos/opendata/cms/mc/RunIIFall15MiniAODv2/QCD_Pt_470to600_TuneCUETP8M1_13TeV_pythia8/MINIAODSIM/PU25nsData2015v1_76X_mcRun2_asymptotic_v12-v1/50000/783513BA-B7B8-E511-8377-0026B94DBDC9.root
05-Oct-2023 10:52:16 CEST  Initiating request to open file root://eospublic.cern.ch//eos/opendata/cms/mc/RunIIFall15MiniAODv2/QCD_Pt_470to600_TuneCUETP8M1_13TeV_pythia8/MINIAODSIM/PU25nsData2015v1_76X_mcRun2_asymptotic_v12-v1/50000/7C722801-BBB8-E511-BD87-28924A33BBAA.root
%MSG-w XrdAdaptor:  file_open 05-Oct-2023 10:52:16 CEST PostProcessEvent
Data is served from cern.ch instead of original site eospublic
%MSG
05-Oct-2023 10:52:16 CEST  Successfully opened file root://eospublic.cern.ch//eos/opendata/cms/mc/RunIIFall15MiniAODv2/QCD_Pt_470to600_TuneCUETP8M1_13TeV_pythia8/MINIAODSIM/PU25nsData2015v1_76X_mcRun2_asymptotic_v12-v1/50000/7C722801-BBB8-E511-BD87-28924A33BBAA.root
Begin processing the 1000001st record. Run 1, Event 1421003, LumiSection 8310 at 05-Oct-2023 10:52:17.637 CEST
05-Oct-2023 10:52:19 CEST  Closed file root://eospublic.cern.ch//eos/opendata/cms/mc/RunIIFall15MiniAODv2/QCD_Pt_470to600_TuneCUETP8M1_13TeV_pythia8/MINIAODSIM/PU25nsData2015v1_76X_mcRun2_asymptotic_v12-v1/50000/7C722801-BBB8-E511-BD87-28924A33BBAA.root
05-Oct-2023 10:52:19 CEST  Initiating request to open file root://eospublic.cern.ch//eos/opendata/cms/mc/RunIIFall15MiniAODv2/QCD_Pt_470to600_TuneCUETP8M1_13TeV_pythia8/MINIAODSIM/PU25nsData2015v1_76X_mcRun2_asymptotic_v12-v1/50000/8CDA23BE-B7B8-E511-AB16-0026B9278651.root
%MSG-w XrdAdaptor:  file_open 05-Oct-2023 10:52:19 CEST PostProcessEvent
Data is served from cern.ch instead of original site eospublic
%MSG
05-Oct-2023 10:52:19 CEST  Successfully opened file root://eospublic.cern.ch//eos/opendata/cms/mc/RunIIFall15MiniAODv2/QCD_Pt_470to600_TuneCUETP8M1_13TeV_pythia8/MINIAODSIM/PU25nsData2015v1_76X_mcRun2_asymptotic_v12-v1/50000/8CDA23BE-B7B8-E511-AB16-0026B9278651.root
05-Oct-2023 10:52:22 CEST  Closed file root://eospublic.cern.ch//eos/opendata/cms/mc/RunIIFall15MiniAODv2/QCD_Pt_470to600_TuneCUETP8M1_13TeV_pythia8/MINIAODSIM/PU25nsData2015v1_76X_mcRun2_asymptotic_v12-v1/50000/8CDA23BE-B7B8-E511-AB16-0026B9278651.root
05-Oct-2023 10:52:22 CEST  Initiating request to open file root://eospublic.cern.ch//eos/opendata/cms/mc/RunIIFall15MiniAODv2/QCD_Pt_470to600_TuneCUETP8M1_13TeV_pythia8/MINIAODSIM/PU25nsData2015v1_76X_mcRun2_asymptotic_v12-v1/50000/8CF35204-BBB8-E511-B830-28924A35056A.root
%MSG-w XrdAdaptor:  file_open 05-Oct-2023 10:52:22 CEST PostProcessEvent
Data is served from cern.ch instead of original site eospublic
%MSG
05-Oct-2023 10:52:22 CEST  Successfully opened file root://eospublic.cern.ch//eos/opendata/cms/mc/RunIIFall15MiniAODv2/QCD_Pt_470to600_TuneCUETP8M1_13TeV_pythia8/MINIAODSIM/PU25nsData2015v1_76X_mcRun2_asymptotic_v12-v1/50000/8CF35204-BBB8-E511-B830-28924A35056A.root
Begin processing the 1100001st record. Run 1, Event 51429, LumiSection 301 at 05-Oct-2023 10:52:24.650 CEST
05-Oct-2023 10:52:25 CEST  Closed file root://eospublic.cern.ch//eos/opendata/cms/mc/RunIIFall15MiniAODv2/QCD_Pt_470to600_TuneCUETP8M1_13TeV_pythia8/MINIAODSIM/PU25nsData2015v1_76X_mcRun2_asymptotic_v12-v1/50000/8CF35204-BBB8-E511-B830-28924A35056A.root
05-Oct-2023 10:52:25 CEST  Initiating request to open file root://eospublic.cern.ch//eos/opendata/cms/mc/RunIIFall15MiniAODv2/QCD_Pt_470to600_TuneCUETP8M1_13TeV_pythia8/MINIAODSIM/PU25nsData2015v1_76X_mcRun2_asymptotic_v12-v1/50000/98BB32BD-B7B8-E511-B933-0026B94DBDF0.root
%MSG-w XrdAdaptor:  file_open 05-Oct-2023 10:52:25 CEST PostProcessEvent
Data is served from cern.ch instead of original site eospublic
%MSG
05-Oct-2023 10:52:25 CEST  Successfully opened file root://eospublic.cern.ch//eos/opendata/cms/mc/RunIIFall15MiniAODv2/QCD_Pt_470to600_TuneCUETP8M1_13TeV_pythia8/MINIAODSIM/PU25nsData2015v1_76X_mcRun2_asymptotic_v12-v1/50000/98BB32BD-B7B8-E511-B933-0026B94DBDF0.root
05-Oct-2023 10:52:28 CEST  Closed file root://eospublic.cern.ch//eos/opendata/cms/mc/RunIIFall15MiniAODv2/QCD_Pt_470to600_TuneCUETP8M1_13TeV_pythia8/MINIAODSIM/PU25nsData2015v1_76X_mcRun2_asymptotic_v12-v1/50000/98BB32BD-B7B8-E511-B933-0026B94DBDF0.root
05-Oct-2023 10:52:28 CEST  Initiating request to open file root://eospublic.cern.ch//eos/opendata/cms/mc/RunIIFall15MiniAODv2/QCD_Pt_470to600_TuneCUETP8M1_13TeV_pythia8/MINIAODSIM/PU25nsData2015v1_76X_mcRun2_asymptotic_v12-v1/50000/A2467104-BBB8-E511-AF98-28924A35059A.root
%MSG-w XrdAdaptor:  file_open 05-Oct-2023 10:52:28 CEST PostProcessEvent
Data is served from cern.ch instead of original site eospublic
%MSG
05-Oct-2023 10:52:28 CEST  Successfully opened file root://eospublic.cern.ch//eos/opendata/cms/mc/RunIIFall15MiniAODv2/QCD_Pt_470to600_TuneCUETP8M1_13TeV_pythia8/MINIAODSIM/PU25nsData2015v1_76X_mcRun2_asymptotic_v12-v1/50000/A2467104-BBB8-E511-AF98-28924A35059A.root
05-Oct-2023 10:52:31 CEST  Closed file root://eospublic.cern.ch//eos/opendata/cms/mc/RunIIFall15MiniAODv2/QCD_Pt_470to600_TuneCUETP8M1_13TeV_pythia8/MINIAODSIM/PU25nsData2015v1_76X_mcRun2_asymptotic_v12-v1/50000/A2467104-BBB8-E511-AF98-28924A35059A.root
05-Oct-2023 10:52:31 CEST  Initiating request to open file root://eospublic.cern.ch//eos/opendata/cms/mc/RunIIFall15MiniAODv2/QCD_Pt_470to600_TuneCUETP8M1_13TeV_pythia8/MINIAODSIM/PU25nsData2015v1_76X_mcRun2_asymptotic_v12-v1/50000/A2624ABD-B7B8-E511-97D3-0026B94DBDAF.root
%MSG-w XrdAdaptor:  file_open 05-Oct-2023 10:52:31 CEST PostProcessEvent
Data is served from cern.ch instead of original site eospublic
%MSG
05-Oct-2023 10:52:31 CEST  Successfully opened file root://eospublic.cern.ch//eos/opendata/cms/mc/RunIIFall15MiniAODv2/QCD_Pt_470to600_TuneCUETP8M1_13TeV_pythia8/MINIAODSIM/PU25nsData2015v1_76X_mcRun2_asymptotic_v12-v1/50000/A2624ABD-B7B8-E511-97D3-0026B94DBDAF.root
Begin processing the 1200001st record. Run 1, Event 266683, LumiSection 1560 at 05-Oct-2023 10:52:32.633 CEST
05-Oct-2023 10:52:35 CEST  Closed file root://eospublic.cern.ch//eos/opendata/cms/mc/RunIIFall15MiniAODv2/QCD_Pt_470to600_TuneCUETP8M1_13TeV_pythia8/MINIAODSIM/PU25nsData2015v1_76X_mcRun2_asymptotic_v12-v1/50000/A2624ABD-B7B8-E511-97D3-0026B94DBDAF.root
05-Oct-2023 10:52:35 CEST  Initiating request to open file root://eospublic.cern.ch//eos/opendata/cms/mc/RunIIFall15MiniAODv2/QCD_Pt_470to600_TuneCUETP8M1_13TeV_pythia8/MINIAODSIM/PU25nsData2015v1_76X_mcRun2_asymptotic_v12-v1/50000/A6186CB9-B7B8-E511-AF12-28924A33B062.root
%MSG-w XrdAdaptor:  file_open 05-Oct-2023 10:52:35 CEST PostProcessEvent
Data is served from cern.ch instead of original site eospublic
%MSG
05-Oct-2023 10:52:35 CEST  Successfully opened file root://eospublic.cern.ch//eos/opendata/cms/mc/RunIIFall15MiniAODv2/QCD_Pt_470to600_TuneCUETP8M1_13TeV_pythia8/MINIAODSIM/PU25nsData2015v1_76X_mcRun2_asymptotic_v12-v1/50000/A6186CB9-B7B8-E511-AF12-28924A33B062.root
05-Oct-2023 10:52:38 CEST  Closed file root://eospublic.cern.ch//eos/opendata/cms/mc/RunIIFall15MiniAODv2/QCD_Pt_470to600_TuneCUETP8M1_13TeV_pythia8/MINIAODSIM/PU25nsData2015v1_76X_mcRun2_asymptotic_v12-v1/50000/A6186CB9-B7B8-E511-AF12-28924A33B062.root
05-Oct-2023 10:52:38 CEST  Initiating request to open file root://eospublic.cern.ch//eos/opendata/cms/mc/RunIIFall15MiniAODv2/QCD_Pt_470to600_TuneCUETP8M1_13TeV_pythia8/MINIAODSIM/PU25nsData2015v1_76X_mcRun2_asymptotic_v12-v1/50000/A84E08B8-B7B8-E511-A271-3417EBE47FCA.root
%MSG-w XrdAdaptor:  file_open 05-Oct-2023 10:52:38 CEST PostProcessEvent
Data is served from cern.ch instead of original site eospublic
%MSG
05-Oct-2023 10:52:38 CEST  Successfully opened file root://eospublic.cern.ch//eos/opendata/cms/mc/RunIIFall15MiniAODv2/QCD_Pt_470to600_TuneCUETP8M1_13TeV_pythia8/MINIAODSIM/PU25nsData2015v1_76X_mcRun2_asymptotic_v12-v1/50000/A84E08B8-B7B8-E511-A271-3417EBE47FCA.root
Begin processing the 1300001st record. Run 1, Event 661829, LumiSection 3871 at 05-Oct-2023 10:52:39.938 CEST
05-Oct-2023 10:52:41 CEST  Closed file root://eospublic.cern.ch//eos/opendata/cms/mc/RunIIFall15MiniAODv2/QCD_Pt_470to600_TuneCUETP8M1_13TeV_pythia8/MINIAODSIM/PU25nsData2015v1_76X_mcRun2_asymptotic_v12-v1/50000/A84E08B8-B7B8-E511-A271-3417EBE47FCA.root
05-Oct-2023 10:52:41 CEST  Initiating request to open file root://eospublic.cern.ch//eos/opendata/cms/mc/RunIIFall15MiniAODv2/QCD_Pt_470to600_TuneCUETP8M1_13TeV_pythia8/MINIAODSIM/PU25nsData2015v1_76X_mcRun2_asymptotic_v12-v1/50000/AA9A7ABB-B7B8-E511-979A-28924A33AF26.root
%MSG-w XrdAdaptor:  file_open 05-Oct-2023 10:52:41 CEST PostProcessEvent
Data is served from cern.ch instead of original site eospublic
%MSG
05-Oct-2023 10:52:41 CEST  Successfully opened file root://eospublic.cern.ch//eos/opendata/cms/mc/RunIIFall15MiniAODv2/QCD_Pt_470to600_TuneCUETP8M1_13TeV_pythia8/MINIAODSIM/PU25nsData2015v1_76X_mcRun2_asymptotic_v12-v1/50000/AA9A7ABB-B7B8-E511-979A-28924A33AF26.root
05-Oct-2023 10:52:45 CEST  Closed file root://eospublic.cern.ch//eos/opendata/cms/mc/RunIIFall15MiniAODv2/QCD_Pt_470to600_TuneCUETP8M1_13TeV_pythia8/MINIAODSIM/PU25nsData2015v1_76X_mcRun2_asymptotic_v12-v1/50000/AA9A7ABB-B7B8-E511-979A-28924A33AF26.root
05-Oct-2023 10:52:45 CEST  Initiating request to open file root://eospublic.cern.ch//eos/opendata/cms/mc/RunIIFall15MiniAODv2/QCD_Pt_470to600_TuneCUETP8M1_13TeV_pythia8/MINIAODSIM/PU25nsData2015v1_76X_mcRun2_asymptotic_v12-v1/50000/AE180CBC-B7B8-E511-A945-28924A33AFD2.root
%MSG-w XrdAdaptor:  file_open 05-Oct-2023 10:52:45 CEST PostProcessEvent
Data is served from cern.ch instead of original site eospublic
%MSG
05-Oct-2023 10:52:45 CEST  Successfully opened file root://eospublic.cern.ch//eos/opendata/cms/mc/RunIIFall15MiniAODv2/QCD_Pt_470to600_TuneCUETP8M1_13TeV_pythia8/MINIAODSIM/PU25nsData2015v1_76X_mcRun2_asymptotic_v12-v1/50000/AE180CBC-B7B8-E511-A945-28924A33AFD2.root
Begin processing the 1400001st record. Run 1, Event 1085019, LumiSection 6345 at 05-Oct-2023 10:52:47.115 CEST
05-Oct-2023 10:52:48 CEST  Closed file root://eospublic.cern.ch//eos/opendata/cms/mc/RunIIFall15MiniAODv2/QCD_Pt_470to600_TuneCUETP8M1_13TeV_pythia8/MINIAODSIM/PU25nsData2015v1_76X_mcRun2_asymptotic_v12-v1/50000/AE180CBC-B7B8-E511-A945-28924A33AFD2.root
05-Oct-2023 10:52:48 CEST  Initiating request to open file root://eospublic.cern.ch//eos/opendata/cms/mc/RunIIFall15MiniAODv2/QCD_Pt_470to600_TuneCUETP8M1_13TeV_pythia8/MINIAODSIM/PU25nsData2015v1_76X_mcRun2_asymptotic_v12-v1/50000/B265B689-BCB8-E511-84CD-009C02AAB554.root
%MSG-w XrdAdaptor:  file_open 05-Oct-2023 10:52:48 CEST PostProcessEvent
Data is served from cern.ch instead of original site eospublic
%MSG
05-Oct-2023 10:52:48 CEST  Successfully opened file root://eospublic.cern.ch//eos/opendata/cms/mc/RunIIFall15MiniAODv2/QCD_Pt_470to600_TuneCUETP8M1_13TeV_pythia8/MINIAODSIM/PU25nsData2015v1_76X_mcRun2_asymptotic_v12-v1/50000/B265B689-BCB8-E511-84CD-009C02AAB554.root
05-Oct-2023 10:52:51 CEST  Closed file root://eospublic.cern.ch//eos/opendata/cms/mc/RunIIFall15MiniAODv2/QCD_Pt_470to600_TuneCUETP8M1_13TeV_pythia8/MINIAODSIM/PU25nsData2015v1_76X_mcRun2_asymptotic_v12-v1/50000/B265B689-BCB8-E511-84CD-009C02AAB554.root
05-Oct-2023 10:52:51 CEST  Initiating request to open file root://eospublic.cern.ch//eos/opendata/cms/mc/RunIIFall15MiniAODv2/QCD_Pt_470to600_TuneCUETP8M1_13TeV_pythia8/MINIAODSIM/PU25nsData2015v1_76X_mcRun2_asymptotic_v12-v1/50000/B288D9BB-B7B8-E511-91EE-0026B92785E9.root
%MSG-w XrdAdaptor:  file_open 05-Oct-2023 10:52:51 CEST PostProcessEvent
Data is served from cern.ch instead of original site eospublic
%MSG
05-Oct-2023 10:52:51 CEST  Successfully opened file root://eospublic.cern.ch//eos/opendata/cms/mc/RunIIFall15MiniAODv2/QCD_Pt_470to600_TuneCUETP8M1_13TeV_pythia8/MINIAODSIM/PU25nsData2015v1_76X_mcRun2_asymptotic_v12-v1/50000/B288D9BB-B7B8-E511-91EE-0026B92785E9.root
Begin processing the 1500001st record. Run 1, Event 1930237, LumiSection 11288 at 05-Oct-2023 10:52:54.185 CEST
05-Oct-2023 10:52:54 CEST  Closed file root://eospublic.cern.ch//eos/opendata/cms/mc/RunIIFall15MiniAODv2/QCD_Pt_470to600_TuneCUETP8M1_13TeV_pythia8/MINIAODSIM/PU25nsData2015v1_76X_mcRun2_asymptotic_v12-v1/50000/B288D9BB-B7B8-E511-91EE-0026B92785E9.root
05-Oct-2023 10:52:54 CEST  Initiating request to open file root://eospublic.cern.ch//eos/opendata/cms/mc/RunIIFall15MiniAODv2/QCD_Pt_470to600_TuneCUETP8M1_13TeV_pythia8/MINIAODSIM/PU25nsData2015v1_76X_mcRun2_asymptotic_v12-v1/50000/B29ADDBE-B7B8-E511-8707-0026B94DBD95.root
%MSG-w XrdAdaptor:  file_open 05-Oct-2023 10:52:54 CEST PostProcessEvent
Data is served from cern.ch instead of original site eospublic
%MSG
05-Oct-2023 10:52:54 CEST  Successfully opened file root://eospublic.cern.ch//eos/opendata/cms/mc/RunIIFall15MiniAODv2/QCD_Pt_470to600_TuneCUETP8M1_13TeV_pythia8/MINIAODSIM/PU25nsData2015v1_76X_mcRun2_asymptotic_v12-v1/50000/B29ADDBE-B7B8-E511-8707-0026B94DBD95.root
05-Oct-2023 10:52:57 CEST  Closed file root://eospublic.cern.ch//eos/opendata/cms/mc/RunIIFall15MiniAODv2/QCD_Pt_470to600_TuneCUETP8M1_13TeV_pythia8/MINIAODSIM/PU25nsData2015v1_76X_mcRun2_asymptotic_v12-v1/50000/B29ADDBE-B7B8-E511-8707-0026B94DBD95.root
05-Oct-2023 10:52:57 CEST  Initiating request to open file root://eospublic.cern.ch//eos/opendata/cms/mc/RunIIFall15MiniAODv2/QCD_Pt_470to600_TuneCUETP8M1_13TeV_pythia8/MINIAODSIM/PU25nsData2015v1_76X_mcRun2_asymptotic_v12-v1/50000/B8EFB450-BCB8-E511-B158-28924A33BBAA.root
%MSG-w XrdAdaptor:  file_open 05-Oct-2023 10:52:58 CEST PostProcessEvent
Data is served from cern.ch instead of original site eospublic
%MSG
05-Oct-2023 10:52:58 CEST  Successfully opened file root://eospublic.cern.ch//eos/opendata/cms/mc/RunIIFall15MiniAODv2/QCD_Pt_470to600_TuneCUETP8M1_13TeV_pythia8/MINIAODSIM/PU25nsData2015v1_76X_mcRun2_asymptotic_v12-v1/50000/B8EFB450-BCB8-E511-B158-28924A33BBAA.root
Begin processing the 1600001st record. Run 1, Event 3283325, LumiSection 19201 at 05-Oct-2023 10:53:02.323 CEST
05-Oct-2023 10:53:02 CEST  Closed file root://eospublic.cern.ch//eos/opendata/cms/mc/RunIIFall15MiniAODv2/QCD_Pt_470to600_TuneCUETP8M1_13TeV_pythia8/MINIAODSIM/PU25nsData2015v1_76X_mcRun2_asymptotic_v12-v1/50000/B8EFB450-BCB8-E511-B158-28924A33BBAA.root
05-Oct-2023 10:53:02 CEST  Initiating request to open file root://eospublic.cern.ch//eos/opendata/cms/mc/RunIIFall15MiniAODv2/QCD_Pt_470to600_TuneCUETP8M1_13TeV_pythia8/MINIAODSIM/PU25nsData2015v1_76X_mcRun2_asymptotic_v12-v1/50000/BA202405-BBB8-E511-9E6D-0026B927865E.root
%MSG-w XrdAdaptor:  file_open 05-Oct-2023 10:53:02 CEST PostProcessEvent
Data is served from cern.ch instead of original site eospublic
%MSG
05-Oct-2023 10:53:02 CEST  Successfully opened file root://eospublic.cern.ch//eos/opendata/cms/mc/RunIIFall15MiniAODv2/QCD_Pt_470to600_TuneCUETP8M1_13TeV_pythia8/MINIAODSIM/PU25nsData2015v1_76X_mcRun2_asymptotic_v12-v1/50000/BA202405-BBB8-E511-9E6D-0026B927865E.root
05-Oct-2023 10:53:05 CEST  Closed file root://eospublic.cern.ch//eos/opendata/cms/mc/RunIIFall15MiniAODv2/QCD_Pt_470to600_TuneCUETP8M1_13TeV_pythia8/MINIAODSIM/PU25nsData2015v1_76X_mcRun2_asymptotic_v12-v1/50000/BA202405-BBB8-E511-9E6D-0026B927865E.root
05-Oct-2023 10:53:05 CEST  Initiating request to open file root://eospublic.cern.ch//eos/opendata/cms/mc/RunIIFall15MiniAODv2/QCD_Pt_470to600_TuneCUETP8M1_13TeV_pythia8/MINIAODSIM/PU25nsData2015v1_76X_mcRun2_asymptotic_v12-v1/50000/BADA27B9-B7B8-E511-89B3-28924A33B062.root
%MSG-w XrdAdaptor:  file_open 05-Oct-2023 10:53:05 CEST PostProcessEvent
Data is served from cern.ch instead of original site eospublic
%MSG
05-Oct-2023 10:53:05 CEST  Successfully opened file root://eospublic.cern.ch//eos/opendata/cms/mc/RunIIFall15MiniAODv2/QCD_Pt_470to600_TuneCUETP8M1_13TeV_pythia8/MINIAODSIM/PU25nsData2015v1_76X_mcRun2_asymptotic_v12-v1/50000/BADA27B9-B7B8-E511-89B3-28924A33B062.root
05-Oct-2023 10:53:08 CEST  Closed file root://eospublic.cern.ch//eos/opendata/cms/mc/RunIIFall15MiniAODv2/QCD_Pt_470to600_TuneCUETP8M1_13TeV_pythia8/MINIAODSIM/PU25nsData2015v1_76X_mcRun2_asymptotic_v12-v1/50000/BADA27B9-B7B8-E511-89B3-28924A33B062.root
05-Oct-2023 10:53:08 CEST  Initiating request to open file root://eospublic.cern.ch//eos/opendata/cms/mc/RunIIFall15MiniAODv2/QCD_Pt_470to600_TuneCUETP8M1_13TeV_pythia8/MINIAODSIM/PU25nsData2015v1_76X_mcRun2_asymptotic_v12-v1/50000/BC0CFF61-B8B8-E511-B9C2-009C02AAB554.root
%MSG-w XrdAdaptor:  file_open 05-Oct-2023 10:53:08 CEST PostProcessEvent
Data is served from cern.ch instead of original site eospublic
%MSG
05-Oct-2023 10:53:08 CEST  Successfully opened file root://eospublic.cern.ch//eos/opendata/cms/mc/RunIIFall15MiniAODv2/QCD_Pt_470to600_TuneCUETP8M1_13TeV_pythia8/MINIAODSIM/PU25nsData2015v1_76X_mcRun2_asymptotic_v12-v1/50000/BC0CFF61-B8B8-E511-B9C2-009C02AAB554.root
Begin processing the 1700001st record. Run 1, Event 2941461, LumiSection 17202 at 05-Oct-2023 10:53:10.408 CEST
05-Oct-2023 10:53:12 CEST  Closed file root://eospublic.cern.ch//eos/opendata/cms/mc/RunIIFall15MiniAODv2/QCD_Pt_470to600_TuneCUETP8M1_13TeV_pythia8/MINIAODSIM/PU25nsData2015v1_76X_mcRun2_asymptotic_v12-v1/50000/BC0CFF61-B8B8-E511-B9C2-009C02AAB554.root
05-Oct-2023 10:53:12 CEST  Initiating request to open file root://eospublic.cern.ch//eos/opendata/cms/mc/RunIIFall15MiniAODv2/QCD_Pt_470to600_TuneCUETP8M1_13TeV_pythia8/MINIAODSIM/PU25nsData2015v1_76X_mcRun2_asymptotic_v12-v1/50000/BEE232BB-B7B8-E511-8849-28924A3504DA.root
%MSG-w XrdAdaptor:  file_open 05-Oct-2023 10:53:12 CEST PostProcessEvent
Data is served from cern.ch instead of original site eospublic
%MSG
05-Oct-2023 10:53:12 CEST  Successfully opened file root://eospublic.cern.ch//eos/opendata/cms/mc/RunIIFall15MiniAODv2/QCD_Pt_470to600_TuneCUETP8M1_13TeV_pythia8/MINIAODSIM/PU25nsData2015v1_76X_mcRun2_asymptotic_v12-v1/50000/BEE232BB-B7B8-E511-8849-28924A3504DA.root
05-Oct-2023 10:53:15 CEST  Closed file root://eospublic.cern.ch//eos/opendata/cms/mc/RunIIFall15MiniAODv2/QCD_Pt_470to600_TuneCUETP8M1_13TeV_pythia8/MINIAODSIM/PU25nsData2015v1_76X_mcRun2_asymptotic_v12-v1/50000/BEE232BB-B7B8-E511-8849-28924A3504DA.root
05-Oct-2023 10:53:15 CEST  Initiating request to open file root://eospublic.cern.ch//eos/opendata/cms/mc/RunIIFall15MiniAODv2/QCD_Pt_470to600_TuneCUETP8M1_13TeV_pythia8/MINIAODSIM/PU25nsData2015v1_76X_mcRun2_asymptotic_v12-v1/50000/BEE56C11-BBB8-E511-82E7-0026B9277996.root
%MSG-w XrdAdaptor:  file_open 05-Oct-2023 10:53:15 CEST PostProcessEvent
Data is served from cern.ch instead of original site eospublic
%MSG
05-Oct-2023 10:53:15 CEST  Successfully opened file root://eospublic.cern.ch//eos/opendata/cms/mc/RunIIFall15MiniAODv2/QCD_Pt_470to600_TuneCUETP8M1_13TeV_pythia8/MINIAODSIM/PU25nsData2015v1_76X_mcRun2_asymptotic_v12-v1/50000/BEE56C11-BBB8-E511-82E7-0026B9277996.root
Begin processing the 1800001st record. Run 1, Event 2254893, LumiSection 13187 at 05-Oct-2023 10:53:17.601 CEST
05-Oct-2023 10:53:18 CEST  Closed file root://eospublic.cern.ch//eos/opendata/cms/mc/RunIIFall15MiniAODv2/QCD_Pt_470to600_TuneCUETP8M1_13TeV_pythia8/MINIAODSIM/PU25nsData2015v1_76X_mcRun2_asymptotic_v12-v1/50000/BEE56C11-BBB8-E511-82E7-0026B9277996.root
05-Oct-2023 10:53:18 CEST  Initiating request to open file root://eospublic.cern.ch//eos/opendata/cms/mc/RunIIFall15MiniAODv2/QCD_Pt_470to600_TuneCUETP8M1_13TeV_pythia8/MINIAODSIM/PU25nsData2015v1_76X_mcRun2_asymptotic_v12-v1/50000/C4BDF801-BBB8-E511-8B01-28924A33AFD2.root
%MSG-w XrdAdaptor:  file_open 05-Oct-2023 10:53:18 CEST PostProcessEvent
Data is served from cern.ch instead of original site eospublic
%MSG
05-Oct-2023 10:53:18 CEST  Successfully opened file root://eospublic.cern.ch//eos/opendata/cms/mc/RunIIFall15MiniAODv2/QCD_Pt_470to600_TuneCUETP8M1_13TeV_pythia8/MINIAODSIM/PU25nsData2015v1_76X_mcRun2_asymptotic_v12-v1/50000/C4BDF801-BBB8-E511-8B01-28924A33AFD2.root
05-Oct-2023 10:53:21 CEST  Closed file root://eospublic.cern.ch//eos/opendata/cms/mc/RunIIFall15MiniAODv2/QCD_Pt_470to600_TuneCUETP8M1_13TeV_pythia8/MINIAODSIM/PU25nsData2015v1_76X_mcRun2_asymptotic_v12-v1/50000/C4BDF801-BBB8-E511-8B01-28924A33AFD2.root
05-Oct-2023 10:53:21 CEST  Initiating request to open file root://eospublic.cern.ch//eos/opendata/cms/mc/RunIIFall15MiniAODv2/QCD_Pt_470to600_TuneCUETP8M1_13TeV_pythia8/MINIAODSIM/PU25nsData2015v1_76X_mcRun2_asymptotic_v12-v1/50000/C6DD20BB-B7B8-E511-B4FA-28924A35056A.root
%MSG-w XrdAdaptor:  file_open 05-Oct-2023 10:53:21 CEST PostProcessEvent
Data is served from cern.ch instead of original site eospublic
%MSG
05-Oct-2023 10:53:22 CEST  Successfully opened file root://eospublic.cern.ch//eos/opendata/cms/mc/RunIIFall15MiniAODv2/QCD_Pt_470to600_TuneCUETP8M1_13TeV_pythia8/MINIAODSIM/PU25nsData2015v1_76X_mcRun2_asymptotic_v12-v1/50000/C6DD20BB-B7B8-E511-B4FA-28924A35056A.root
Begin processing the 1900001st record. Run 1, Event 1486555, LumiSection 8694 at 05-Oct-2023 10:53:24.745 CEST
05-Oct-2023 10:53:25 CEST  Closed file root://eospublic.cern.ch//eos/opendata/cms/mc/RunIIFall15MiniAODv2/QCD_Pt_470to600_TuneCUETP8M1_13TeV_pythia8/MINIAODSIM/PU25nsData2015v1_76X_mcRun2_asymptotic_v12-v1/50000/C6DD20BB-B7B8-E511-B4FA-28924A35056A.root
05-Oct-2023 10:53:25 CEST  Initiating request to open file root://eospublic.cern.ch//eos/opendata/cms/mc/RunIIFall15MiniAODv2/QCD_Pt_470to600_TuneCUETP8M1_13TeV_pythia8/MINIAODSIM/PU25nsData2015v1_76X_mcRun2_asymptotic_v12-v1/50000/C8E8A9DB-BAB8-E511-9911-BC305B390A9A.root
%MSG-w XrdAdaptor:  file_open 05-Oct-2023 10:53:25 CEST PostProcessEvent
Data is served from cern.ch instead of original site eospublic
%MSG
05-Oct-2023 10:53:25 CEST  Successfully opened file root://eospublic.cern.ch//eos/opendata/cms/mc/RunIIFall15MiniAODv2/QCD_Pt_470to600_TuneCUETP8M1_13TeV_pythia8/MINIAODSIM/PU25nsData2015v1_76X_mcRun2_asymptotic_v12-v1/50000/C8E8A9DB-BAB8-E511-9911-BC305B390A9A.root
05-Oct-2023 10:53:28 CEST  Closed file root://eospublic.cern.ch//eos/opendata/cms/mc/RunIIFall15MiniAODv2/QCD_Pt_470to600_TuneCUETP8M1_13TeV_pythia8/MINIAODSIM/PU25nsData2015v1_76X_mcRun2_asymptotic_v12-v1/50000/C8E8A9DB-BAB8-E511-9911-BC305B390A9A.root
05-Oct-2023 10:53:28 CEST  Initiating request to open file root://eospublic.cern.ch//eos/opendata/cms/mc/RunIIFall15MiniAODv2/QCD_Pt_470to600_TuneCUETP8M1_13TeV_pythia8/MINIAODSIM/PU25nsData2015v1_76X_mcRun2_asymptotic_v12-v1/50000/CE195F03-BBB8-E511-99DB-009C02AAB554.root
%MSG-w XrdAdaptor:  file_open 05-Oct-2023 10:53:28 CEST PostProcessEvent
Data is served from cern.ch instead of original site eospublic
%MSG
05-Oct-2023 10:53:28 CEST  Successfully opened file root://eospublic.cern.ch//eos/opendata/cms/mc/RunIIFall15MiniAODv2/QCD_Pt_470to600_TuneCUETP8M1_13TeV_pythia8/MINIAODSIM/PU25nsData2015v1_76X_mcRun2_asymptotic_v12-v1/50000/CE195F03-BBB8-E511-99DB-009C02AAB554.root
05-Oct-2023 10:53:31 CEST  Closed file root://eospublic.cern.ch//eos/opendata/cms/mc/RunIIFall15MiniAODv2/QCD_Pt_470to600_TuneCUETP8M1_13TeV_pythia8/MINIAODSIM/PU25nsData2015v1_76X_mcRun2_asymptotic_v12-v1/50000/CE195F03-BBB8-E511-99DB-009C02AAB554.root
05-Oct-2023 10:53:31 CEST  Initiating request to open file root://eospublic.cern.ch//eos/opendata/cms/mc/RunIIFall15MiniAODv2/QCD_Pt_470to600_TuneCUETP8M1_13TeV_pythia8/MINIAODSIM/PU25nsData2015v1_76X_mcRun2_asymptotic_v12-v1/50000/E61176BC-B7B8-E511-9D5C-28924A33BBAA.root
%MSG-w XrdAdaptor:  file_open 05-Oct-2023 10:53:31 CEST PostProcessEvent
Data is served from cern.ch instead of original site eospublic
%MSG
05-Oct-2023 10:53:31 CEST  Successfully opened file root://eospublic.cern.ch//eos/opendata/cms/mc/RunIIFall15MiniAODv2/QCD_Pt_470to600_TuneCUETP8M1_13TeV_pythia8/MINIAODSIM/PU25nsData2015v1_76X_mcRun2_asymptotic_v12-v1/50000/E61176BC-B7B8-E511-9D5C-28924A33BBAA.root
Begin processing the 2000001st record. Run 1, Event 1253447, LumiSection 7331 at 05-Oct-2023 10:53:32.898 CEST
05-Oct-2023 10:53:34 CEST  Closed file root://eospublic.cern.ch//eos/opendata/cms/mc/RunIIFall15MiniAODv2/QCD_Pt_470to600_TuneCUETP8M1_13TeV_pythia8/MINIAODSIM/PU25nsData2015v1_76X_mcRun2_asymptotic_v12-v1/50000/E61176BC-B7B8-E511-9D5C-28924A33BBAA.root
05-Oct-2023 10:53:34 CEST  Initiating request to open file root://eospublic.cern.ch//eos/opendata/cms/mc/RunIIFall15MiniAODv2/QCD_Pt_470to600_TuneCUETP8M1_13TeV_pythia8/MINIAODSIM/PU25nsData2015v1_76X_mcRun2_asymptotic_v12-v1/50000/E87DEB02-BBB8-E511-A9E7-009C02AABB60.root
%MSG-w XrdAdaptor:  file_open 05-Oct-2023 10:53:35 CEST PostProcessEvent
Data is served from cern.ch instead of original site eospublic
%MSG
05-Oct-2023 10:53:35 CEST  Successfully opened file root://eospublic.cern.ch//eos/opendata/cms/mc/RunIIFall15MiniAODv2/QCD_Pt_470to600_TuneCUETP8M1_13TeV_pythia8/MINIAODSIM/PU25nsData2015v1_76X_mcRun2_asymptotic_v12-v1/50000/E87DEB02-BBB8-E511-A9E7-009C02AABB60.root
05-Oct-2023 10:53:38 CEST  Closed file root://eospublic.cern.ch//eos/opendata/cms/mc/RunIIFall15MiniAODv2/QCD_Pt_470to600_TuneCUETP8M1_13TeV_pythia8/MINIAODSIM/PU25nsData2015v1_76X_mcRun2_asymptotic_v12-v1/50000/E87DEB02-BBB8-E511-A9E7-009C02AABB60.root
05-Oct-2023 10:53:38 CEST  Initiating request to open file root://eospublic.cern.ch//eos/opendata/cms/mc/RunIIFall15MiniAODv2/QCD_Pt_470to600_TuneCUETP8M1_13TeV_pythia8/MINIAODSIM/PU25nsData2015v1_76X_mcRun2_asymptotic_v12-v1/50000/E8E76DBA-B7B8-E511-AD25-009C02AABB60.root
%MSG-w XrdAdaptor:  file_open 05-Oct-2023 10:53:38 CEST PostProcessEvent
Data is served from cern.ch instead of original site eospublic
%MSG
05-Oct-2023 10:53:38 CEST  Successfully opened file root://eospublic.cern.ch//eos/opendata/cms/mc/RunIIFall15MiniAODv2/QCD_Pt_470to600_TuneCUETP8M1_13TeV_pythia8/MINIAODSIM/PU25nsData2015v1_76X_mcRun2_asymptotic_v12-v1/50000/E8E76DBA-B7B8-E511-AD25-009C02AABB60.root
Begin processing the 2100001st record. Run 1, Event 477927, LumiSection 2795 at 05-Oct-2023 10:53:40.151 CEST
05-Oct-2023 10:53:41 CEST  Closed file root://eospublic.cern.ch//eos/opendata/cms/mc/RunIIFall15MiniAODv2/QCD_Pt_470to600_TuneCUETP8M1_13TeV_pythia8/MINIAODSIM/PU25nsData2015v1_76X_mcRun2_asymptotic_v12-v1/50000/E8E76DBA-B7B8-E511-AD25-009C02AABB60.root
05-Oct-2023 10:53:41 CEST  Initiating request to open file root://eospublic.cern.ch//eos/opendata/cms/mc/RunIIFall15MiniAODv2/QCD_Pt_470to600_TuneCUETP8M1_13TeV_pythia8/MINIAODSIM/PU25nsData2015v1_76X_mcRun2_asymptotic_v12-v1/50000/EA973E2F-BBB8-E511-89A7-0026B92779BD.root
%MSG-w XrdAdaptor:  file_open 05-Oct-2023 10:53:41 CEST PostProcessEvent
Data is served from cern.ch instead of original site eospublic
%MSG
05-Oct-2023 10:53:41 CEST  Successfully opened file root://eospublic.cern.ch//eos/opendata/cms/mc/RunIIFall15MiniAODv2/QCD_Pt_470to600_TuneCUETP8M1_13TeV_pythia8/MINIAODSIM/PU25nsData2015v1_76X_mcRun2_asymptotic_v12-v1/50000/EA973E2F-BBB8-E511-89A7-0026B92779BD.root
05-Oct-2023 10:53:45 CEST  Closed file root://eospublic.cern.ch//eos/opendata/cms/mc/RunIIFall15MiniAODv2/QCD_Pt_470to600_TuneCUETP8M1_13TeV_pythia8/MINIAODSIM/PU25nsData2015v1_76X_mcRun2_asymptotic_v12-v1/50000/EA973E2F-BBB8-E511-89A7-0026B92779BD.root
05-Oct-2023 10:53:45 CEST  Initiating request to open file root://eospublic.cern.ch//eos/opendata/cms/mc/RunIIFall15MiniAODv2/QCD_Pt_470to600_TuneCUETP8M1_13TeV_pythia8/MINIAODSIM/PU25nsData2015v1_76X_mcRun2_asymptotic_v12-v1/50000/EC222101-BBB8-E511-AA12-0023AEEEB538.root
%MSG-w XrdAdaptor:  file_open 05-Oct-2023 10:53:45 CEST PostProcessEvent
Data is served from cern.ch instead of original site eospublic
%MSG
05-Oct-2023 10:53:45 CEST  Successfully opened file root://eospublic.cern.ch//eos/opendata/cms/mc/RunIIFall15MiniAODv2/QCD_Pt_470to600_TuneCUETP8M1_13TeV_pythia8/MINIAODSIM/PU25nsData2015v1_76X_mcRun2_asymptotic_v12-v1/50000/EC222101-BBB8-E511-AA12-0023AEEEB538.root
Begin processing the 2200001st record. Run 1, Event 1706185, LumiSection 9978 at 05-Oct-2023 10:53:47.394 CEST
05-Oct-2023 10:53:48 CEST  Closed file root://eospublic.cern.ch//eos/opendata/cms/mc/RunIIFall15MiniAODv2/QCD_Pt_470to600_TuneCUETP8M1_13TeV_pythia8/MINIAODSIM/PU25nsData2015v1_76X_mcRun2_asymptotic_v12-v1/50000/EC222101-BBB8-E511-AA12-0023AEEEB538.root
05-Oct-2023 10:53:48 CEST  Initiating request to open file root://eospublic.cern.ch//eos/opendata/cms/mc/RunIIFall15MiniAODv2/QCD_Pt_470to600_TuneCUETP8M1_13TeV_pythia8/MINIAODSIM/PU25nsData2015v1_76X_mcRun2_asymptotic_v12-v1/50000/F2BE6204-BBB8-E511-9243-28924A35056A.root
%MSG-w XrdAdaptor:  file_open 05-Oct-2023 10:53:48 CEST PostProcessEvent
Data is served from cern.ch instead of original site eospublic
%MSG
05-Oct-2023 10:53:48 CEST  Successfully opened file root://eospublic.cern.ch//eos/opendata/cms/mc/RunIIFall15MiniAODv2/QCD_Pt_470to600_TuneCUETP8M1_13TeV_pythia8/MINIAODSIM/PU25nsData2015v1_76X_mcRun2_asymptotic_v12-v1/50000/F2BE6204-BBB8-E511-9243-28924A35056A.root
05-Oct-2023 10:53:51 CEST  Closed file root://eospublic.cern.ch//eos/opendata/cms/mc/RunIIFall15MiniAODv2/QCD_Pt_470to600_TuneCUETP8M1_13TeV_pythia8/MINIAODSIM/PU25nsData2015v1_76X_mcRun2_asymptotic_v12-v1/50000/F2BE6204-BBB8-E511-9243-28924A35056A.root
05-Oct-2023 10:53:51 CEST  Initiating request to open file root://eospublic.cern.ch//eos/opendata/cms/mc/RunIIFall15MiniAODv2/QCD_Pt_470to600_TuneCUETP8M1_13TeV_pythia8/MINIAODSIM/PU25nsData2015v1_76X_mcRun2_asymptotic_v12-v1/50000/FA197DB6-B8B8-E511-AAF8-BC305B390A9A.root
%MSG-w XrdAdaptor:  file_open 05-Oct-2023 10:53:51 CEST PostProcessEvent
Data is served from cern.ch instead of original site eospublic
%MSG
05-Oct-2023 10:53:51 CEST  Successfully opened file root://eospublic.cern.ch//eos/opendata/cms/mc/RunIIFall15MiniAODv2/QCD_Pt_470to600_TuneCUETP8M1_13TeV_pythia8/MINIAODSIM/PU25nsData2015v1_76X_mcRun2_asymptotic_v12-v1/50000/FA197DB6-B8B8-E511-AAF8-BC305B390A9A.root
Begin processing the 2300001st record. Run 1, Event 2446751, LumiSection 14309 at 05-Oct-2023 10:53:54.519 CEST
05-Oct-2023 10:53:54 CEST  Closed file root://eospublic.cern.ch//eos/opendata/cms/mc/RunIIFall15MiniAODv2/QCD_Pt_470to600_TuneCUETP8M1_13TeV_pythia8/MINIAODSIM/PU25nsData2015v1_76X_mcRun2_asymptotic_v12-v1/50000/FA197DB6-B8B8-E511-AAF8-BC305B390A9A.root
05-Oct-2023 10:53:54 CEST  Initiating request to open file root://eospublic.cern.ch//eos/opendata/cms/mc/RunIIFall15MiniAODv2/QCD_Pt_470to600_TuneCUETP8M1_13TeV_pythia8/MINIAODSIM/PU25nsData2015v1_76X_mcRun2_asymptotic_v12-v1/50000/FE888704-BBB8-E511-B9AC-0026B94DBDD6.root
%MSG-w XrdAdaptor:  file_open 05-Oct-2023 10:53:54 CEST PostProcessEvent
Data is served from cern.ch instead of original site eospublic
%MSG
05-Oct-2023 10:53:54 CEST  Successfully opened file root://eospublic.cern.ch//eos/opendata/cms/mc/RunIIFall15MiniAODv2/QCD_Pt_470to600_TuneCUETP8M1_13TeV_pythia8/MINIAODSIM/PU25nsData2015v1_76X_mcRun2_asymptotic_v12-v1/50000/FE888704-BBB8-E511-B9AC-0026B94DBDD6.root
05-Oct-2023 10:53:58 CEST  Closed file root://eospublic.cern.ch//eos/opendata/cms/mc/RunIIFall15MiniAODv2/QCD_Pt_470to600_TuneCUETP8M1_13TeV_pythia8/MINIAODSIM/PU25nsData2015v1_76X_mcRun2_asymptotic_v12-v1/50000/FE888704-BBB8-E511-B9AC-0026B94DBDD6.root
05-Oct-2023 10:53:58 CEST  Initiating request to open file root://eospublic.cern.ch//eos/opendata/cms/mc/RunIIFall15MiniAODv2/QCD_Pt_470to600_TuneCUETP8M1_13TeV_pythia8/MINIAODSIM/PU25nsData2015v1_76X_mcRun2_asymptotic_v12-v1/70000/009D9F0F-3BB9-E511-86BA-0026B9277A32.root
%MSG-w XrdAdaptor:  file_open 05-Oct-2023 10:53:58 CEST PostProcessEvent
Data is served from cern.ch instead of original site eospublic
%MSG
05-Oct-2023 10:53:58 CEST  Successfully opened file root://eospublic.cern.ch//eos/opendata/cms/mc/RunIIFall15MiniAODv2/QCD_Pt_470to600_TuneCUETP8M1_13TeV_pythia8/MINIAODSIM/PU25nsData2015v1_76X_mcRun2_asymptotic_v12-v1/70000/009D9F0F-3BB9-E511-86BA-0026B9277A32.root
Begin processing the 2400001st record. Run 1, Event 2660295, LumiSection 15558 at 05-Oct-2023 10:54:01.542 CEST
05-Oct-2023 10:54:01 CEST  Closed file root://eospublic.cern.ch//eos/opendata/cms/mc/RunIIFall15MiniAODv2/QCD_Pt_470to600_TuneCUETP8M1_13TeV_pythia8/MINIAODSIM/PU25nsData2015v1_76X_mcRun2_asymptotic_v12-v1/70000/009D9F0F-3BB9-E511-86BA-0026B9277A32.root
05-Oct-2023 10:54:01 CEST  Initiating request to open file root://eospublic.cern.ch//eos/opendata/cms/mc/RunIIFall15MiniAODv2/QCD_Pt_470to600_TuneCUETP8M1_13TeV_pythia8/MINIAODSIM/PU25nsData2015v1_76X_mcRun2_asymptotic_v12-v1/70000/10266E36-39B9-E511-BB97-BC305B390A9A.root
%MSG-w XrdAdaptor:  file_open 05-Oct-2023 10:54:01 CEST PostProcessEvent
Data is served from cern.ch instead of original site eospublic
%MSG
05-Oct-2023 10:54:01 CEST  Successfully opened file root://eospublic.cern.ch//eos/opendata/cms/mc/RunIIFall15MiniAODv2/QCD_Pt_470to600_TuneCUETP8M1_13TeV_pythia8/MINIAODSIM/PU25nsData2015v1_76X_mcRun2_asymptotic_v12-v1/70000/10266E36-39B9-E511-BB97-BC305B390A9A.root
05-Oct-2023 10:54:05 CEST  Closed file root://eospublic.cern.ch//eos/opendata/cms/mc/RunIIFall15MiniAODv2/QCD_Pt_470to600_TuneCUETP8M1_13TeV_pythia8/MINIAODSIM/PU25nsData2015v1_76X_mcRun2_asymptotic_v12-v1/70000/10266E36-39B9-E511-BB97-BC305B390A9A.root
05-Oct-2023 10:54:05 CEST  Initiating request to open file root://eospublic.cern.ch//eos/opendata/cms/mc/RunIIFall15MiniAODv2/QCD_Pt_470to600_TuneCUETP8M1_13TeV_pythia8/MINIAODSIM/PU25nsData2015v1_76X_mcRun2_asymptotic_v12-v1/70000/14682B47-34B9-E511-A047-BC305B390A32.root
%MSG-w XrdAdaptor:  file_open 05-Oct-2023 10:54:05 CEST PostProcessEvent
Data is served from cern.ch instead of original site eospublic
%MSG
05-Oct-2023 10:54:05 CEST  Successfully opened file root://eospublic.cern.ch//eos/opendata/cms/mc/RunIIFall15MiniAODv2/QCD_Pt_470to600_TuneCUETP8M1_13TeV_pythia8/MINIAODSIM/PU25nsData2015v1_76X_mcRun2_asymptotic_v12-v1/70000/14682B47-34B9-E511-A047-BC305B390A32.root
05-Oct-2023 10:54:08 CEST  Closed file root://eospublic.cern.ch//eos/opendata/cms/mc/RunIIFall15MiniAODv2/QCD_Pt_470to600_TuneCUETP8M1_13TeV_pythia8/MINIAODSIM/PU25nsData2015v1_76X_mcRun2_asymptotic_v12-v1/70000/14682B47-34B9-E511-A047-BC305B390A32.root
05-Oct-2023 10:54:08 CEST  Initiating request to open file root://eospublic.cern.ch//eos/opendata/cms/mc/RunIIFall15MiniAODv2/QCD_Pt_470to600_TuneCUETP8M1_13TeV_pythia8/MINIAODSIM/PU25nsData2015v1_76X_mcRun2_asymptotic_v12-v1/70000/1C930B83-3AB9-E511-A2AA-28924A33AFD2.root
%MSG-w XrdAdaptor:  file_open 05-Oct-2023 10:54:08 CEST PostProcessEvent
Data is served from cern.ch instead of original site eospublic
%MSG
05-Oct-2023 10:54:08 CEST  Successfully opened file root://eospublic.cern.ch//eos/opendata/cms/mc/RunIIFall15MiniAODv2/QCD_Pt_470to600_TuneCUETP8M1_13TeV_pythia8/MINIAODSIM/PU25nsData2015v1_76X_mcRun2_asymptotic_v12-v1/70000/1C930B83-3AB9-E511-A2AA-28924A33AFD2.root
Begin processing the 2500001st record. Run 1, Event 2829721, LumiSection 16549 at 05-Oct-2023 10:54:09.873 CEST
05-Oct-2023 10:54:11 CEST  Closed file root://eospublic.cern.ch//eos/opendata/cms/mc/RunIIFall15MiniAODv2/QCD_Pt_470to600_TuneCUETP8M1_13TeV_pythia8/MINIAODSIM/PU25nsData2015v1_76X_mcRun2_asymptotic_v12-v1/70000/1C930B83-3AB9-E511-A2AA-28924A33AFD2.root
05-Oct-2023 10:54:11 CEST  Initiating request to open file root://eospublic.cern.ch//eos/opendata/cms/mc/RunIIFall15MiniAODv2/QCD_Pt_470to600_TuneCUETP8M1_13TeV_pythia8/MINIAODSIM/PU25nsData2015v1_76X_mcRun2_asymptotic_v12-v1/70000/262F9EE9-09B9-E511-81D8-0026B94DBDAF.root
%MSG-w XrdAdaptor:  file_open 05-Oct-2023 10:54:11 CEST PostProcessEvent
Data is served from cern.ch instead of original site eospublic
%MSG
05-Oct-2023 10:54:11 CEST  Successfully opened file root://eospublic.cern.ch//eos/opendata/cms/mc/RunIIFall15MiniAODv2/QCD_Pt_470to600_TuneCUETP8M1_13TeV_pythia8/MINIAODSIM/PU25nsData2015v1_76X_mcRun2_asymptotic_v12-v1/70000/262F9EE9-09B9-E511-81D8-0026B94DBDAF.root
05-Oct-2023 10:54:15 CEST  Closed file root://eospublic.cern.ch//eos/opendata/cms/mc/RunIIFall15MiniAODv2/QCD_Pt_470to600_TuneCUETP8M1_13TeV_pythia8/MINIAODSIM/PU25nsData2015v1_76X_mcRun2_asymptotic_v12-v1/70000/262F9EE9-09B9-E511-81D8-0026B94DBDAF.root
05-Oct-2023 10:54:15 CEST  Initiating request to open file root://eospublic.cern.ch//eos/opendata/cms/mc/RunIIFall15MiniAODv2/QCD_Pt_470to600_TuneCUETP8M1_13TeV_pythia8/MINIAODSIM/PU25nsData2015v1_76X_mcRun2_asymptotic_v12-v1/70000/2E4D1F16-3BB9-E511-AB39-0023AEEEB538.root
%MSG-w XrdAdaptor:  file_open 05-Oct-2023 10:54:15 CEST PostProcessEvent
Data is served from cern.ch instead of original site eospublic
%MSG
05-Oct-2023 10:54:15 CEST  Successfully opened file root://eospublic.cern.ch//eos/opendata/cms/mc/RunIIFall15MiniAODv2/QCD_Pt_470to600_TuneCUETP8M1_13TeV_pythia8/MINIAODSIM/PU25nsData2015v1_76X_mcRun2_asymptotic_v12-v1/70000/2E4D1F16-3BB9-E511-AB39-0023AEEEB538.root
Begin processing the 2600001st record. Run 1, Event 2111315, LumiSection 12347 at 05-Oct-2023 10:54:17.032 CEST
05-Oct-2023 10:54:18 CEST  Closed file root://eospublic.cern.ch//eos/opendata/cms/mc/RunIIFall15MiniAODv2/QCD_Pt_470to600_TuneCUETP8M1_13TeV_pythia8/MINIAODSIM/PU25nsData2015v1_76X_mcRun2_asymptotic_v12-v1/70000/2E4D1F16-3BB9-E511-AB39-0023AEEEB538.root
05-Oct-2023 10:54:18 CEST  Initiating request to open file root://eospublic.cern.ch//eos/opendata/cms/mc/RunIIFall15MiniAODv2/QCD_Pt_470to600_TuneCUETP8M1_13TeV_pythia8/MINIAODSIM/PU25nsData2015v1_76X_mcRun2_asymptotic_v12-v1/70000/3E3A1781-3AB9-E511-BADE-0023AEEEB55F.root
%MSG-w XrdAdaptor:  file_open 05-Oct-2023 10:54:18 CEST PostProcessEvent
Data is served from cern.ch instead of original site eospublic
%MSG
05-Oct-2023 10:54:18 CEST  Successfully opened file root://eospublic.cern.ch//eos/opendata/cms/mc/RunIIFall15MiniAODv2/QCD_Pt_470to600_TuneCUETP8M1_13TeV_pythia8/MINIAODSIM/PU25nsData2015v1_76X_mcRun2_asymptotic_v12-v1/70000/3E3A1781-3AB9-E511-BADE-0023AEEEB55F.root
05-Oct-2023 10:54:22 CEST  Closed file root://eospublic.cern.ch//eos/opendata/cms/mc/RunIIFall15MiniAODv2/QCD_Pt_470to600_TuneCUETP8M1_13TeV_pythia8/MINIAODSIM/PU25nsData2015v1_76X_mcRun2_asymptotic_v12-v1/70000/3E3A1781-3AB9-E511-BADE-0023AEEEB55F.root
05-Oct-2023 10:54:22 CEST  Initiating request to open file root://eospublic.cern.ch//eos/opendata/cms/mc/RunIIFall15MiniAODv2/QCD_Pt_470to600_TuneCUETP8M1_13TeV_pythia8/MINIAODSIM/PU25nsData2015v1_76X_mcRun2_asymptotic_v12-v1/70000/4857E6E2-32B9-E511-A690-0026B94DBDE3.root
%MSG-w XrdAdaptor:  file_open 05-Oct-2023 10:54:22 CEST PostProcessEvent
Data is served from cern.ch instead of original site eospublic
%MSG
05-Oct-2023 10:54:22 CEST  Successfully opened file root://eospublic.cern.ch//eos/opendata/cms/mc/RunIIFall15MiniAODv2/QCD_Pt_470to600_TuneCUETP8M1_13TeV_pythia8/MINIAODSIM/PU25nsData2015v1_76X_mcRun2_asymptotic_v12-v1/70000/4857E6E2-32B9-E511-A690-0026B94DBDE3.root
Begin processing the 2700001st record. Run 1, Event 3442857, LumiSection 20134 at 05-Oct-2023 10:54:24.072 CEST
05-Oct-2023 10:54:25 CEST  Closed file root://eospublic.cern.ch//eos/opendata/cms/mc/RunIIFall15MiniAODv2/QCD_Pt_470to600_TuneCUETP8M1_13TeV_pythia8/MINIAODSIM/PU25nsData2015v1_76X_mcRun2_asymptotic_v12-v1/70000/4857E6E2-32B9-E511-A690-0026B94DBDE3.root
05-Oct-2023 10:54:25 CEST  Initiating request to open file root://eospublic.cern.ch//eos/opendata/cms/mc/RunIIFall15MiniAODv2/QCD_Pt_470to600_TuneCUETP8M1_13TeV_pythia8/MINIAODSIM/PU25nsData2015v1_76X_mcRun2_asymptotic_v12-v1/70000/52AE3CC9-3AB9-E511-9ADF-0026B92785E9.root
%MSG-w XrdAdaptor:  file_open 05-Oct-2023 10:54:25 CEST PostProcessEvent
Data is served from cern.ch instead of original site eospublic
%MSG
05-Oct-2023 10:54:25 CEST  Successfully opened file root://eospublic.cern.ch//eos/opendata/cms/mc/RunIIFall15MiniAODv2/QCD_Pt_470to600_TuneCUETP8M1_13TeV_pythia8/MINIAODSIM/PU25nsData2015v1_76X_mcRun2_asymptotic_v12-v1/70000/52AE3CC9-3AB9-E511-9ADF-0026B92785E9.root
05-Oct-2023 10:54:29 CEST  Closed file root://eospublic.cern.ch//eos/opendata/cms/mc/RunIIFall15MiniAODv2/QCD_Pt_470to600_TuneCUETP8M1_13TeV_pythia8/MINIAODSIM/PU25nsData2015v1_76X_mcRun2_asymptotic_v12-v1/70000/52AE3CC9-3AB9-E511-9ADF-0026B92785E9.root
05-Oct-2023 10:54:29 CEST  Initiating request to open file root://eospublic.cern.ch//eos/opendata/cms/mc/RunIIFall15MiniAODv2/QCD_Pt_470to600_TuneCUETP8M1_13TeV_pythia8/MINIAODSIM/PU25nsData2015v1_76X_mcRun2_asymptotic_v12-v1/70000/549A4948-34B9-E511-AF2A-0023AEEEB538.root
%MSG-w XrdAdaptor:  file_open 05-Oct-2023 10:54:29 CEST PostProcessEvent
Data is served from cern.ch instead of original site eospublic
%MSG
05-Oct-2023 10:54:29 CEST  Successfully opened file root://eospublic.cern.ch//eos/opendata/cms/mc/RunIIFall15MiniAODv2/QCD_Pt_470to600_TuneCUETP8M1_13TeV_pythia8/MINIAODSIM/PU25nsData2015v1_76X_mcRun2_asymptotic_v12-v1/70000/549A4948-34B9-E511-AF2A-0023AEEEB538.root
Begin processing the 2800001st record. Run 1, Event 761713, LumiSection 4455 at 05-Oct-2023 10:54:31.387 CEST
05-Oct-2023 10:54:32 CEST  Closed file root://eospublic.cern.ch//eos/opendata/cms/mc/RunIIFall15MiniAODv2/QCD_Pt_470to600_TuneCUETP8M1_13TeV_pythia8/MINIAODSIM/PU25nsData2015v1_76X_mcRun2_asymptotic_v12-v1/70000/549A4948-34B9-E511-AF2A-0023AEEEB538.root
05-Oct-2023 10:54:32 CEST  Initiating request to open file root://eospublic.cern.ch//eos/opendata/cms/mc/RunIIFall15MiniAODv2/QCD_Pt_470to600_TuneCUETP8M1_13TeV_pythia8/MINIAODSIM/PU25nsData2015v1_76X_mcRun2_asymptotic_v12-v1/70000/58083F5A-2EB9-E511-A554-BC305B390A4C.root
%MSG-w XrdAdaptor:  file_open 05-Oct-2023 10:54:32 CEST PostProcessEvent
Data is served from cern.ch instead of original site eospublic
%MSG
05-Oct-2023 10:54:32 CEST  Successfully opened file root://eospublic.cern.ch//eos/opendata/cms/mc/RunIIFall15MiniAODv2/QCD_Pt_470to600_TuneCUETP8M1_13TeV_pythia8/MINIAODSIM/PU25nsData2015v1_76X_mcRun2_asymptotic_v12-v1/70000/58083F5A-2EB9-E511-A554-BC305B390A4C.root
05-Oct-2023 10:54:35 CEST  Closed file root://eospublic.cern.ch//eos/opendata/cms/mc/RunIIFall15MiniAODv2/QCD_Pt_470to600_TuneCUETP8M1_13TeV_pythia8/MINIAODSIM/PU25nsData2015v1_76X_mcRun2_asymptotic_v12-v1/70000/58083F5A-2EB9-E511-A554-BC305B390A4C.root
05-Oct-2023 10:54:35 CEST  Initiating request to open file root://eospublic.cern.ch//eos/opendata/cms/mc/RunIIFall15MiniAODv2/QCD_Pt_470to600_TuneCUETP8M1_13TeV_pythia8/MINIAODSIM/PU25nsData2015v1_76X_mcRun2_asymptotic_v12-v1/70000/5C6EEEF7-3AB9-E511-9DD4-0026B94DBDAF.root
%MSG-w XrdAdaptor:  file_open 05-Oct-2023 10:54:35 CEST PostProcessEvent
Data is served from cern.ch instead of original site eospublic
%MSG
05-Oct-2023 10:54:35 CEST  Successfully opened file root://eospublic.cern.ch//eos/opendata/cms/mc/RunIIFall15MiniAODv2/QCD_Pt_470to600_TuneCUETP8M1_13TeV_pythia8/MINIAODSIM/PU25nsData2015v1_76X_mcRun2_asymptotic_v12-v1/70000/5C6EEEF7-3AB9-E511-9DD4-0026B94DBDAF.root
Begin processing the 2900001st record. Run 1, Event 1369241, LumiSection 8008 at 05-Oct-2023 10:54:38.570 CEST
05-Oct-2023 10:54:39 CEST  Closed file root://eospublic.cern.ch//eos/opendata/cms/mc/RunIIFall15MiniAODv2/QCD_Pt_470to600_TuneCUETP8M1_13TeV_pythia8/MINIAODSIM/PU25nsData2015v1_76X_mcRun2_asymptotic_v12-v1/70000/5C6EEEF7-3AB9-E511-9DD4-0026B94DBDAF.root
05-Oct-2023 10:54:39 CEST  Initiating request to open file root://eospublic.cern.ch//eos/opendata/cms/mc/RunIIFall15MiniAODv2/QCD_Pt_470to600_TuneCUETP8M1_13TeV_pythia8/MINIAODSIM/PU25nsData2015v1_76X_mcRun2_asymptotic_v12-v1/70000/62D081AA-37B9-E511-945D-BC305B390A32.root
%MSG-w XrdAdaptor:  file_open 05-Oct-2023 10:54:39 CEST PostProcessEvent
Data is served from cern.ch instead of original site eospublic
%MSG
05-Oct-2023 10:54:39 CEST  Successfully opened file root://eospublic.cern.ch//eos/opendata/cms/mc/RunIIFall15MiniAODv2/QCD_Pt_470to600_TuneCUETP8M1_13TeV_pythia8/MINIAODSIM/PU25nsData2015v1_76X_mcRun2_asymptotic_v12-v1/70000/62D081AA-37B9-E511-945D-BC305B390A32.root
05-Oct-2023 10:54:42 CEST  Closed file root://eospublic.cern.ch//eos/opendata/cms/mc/RunIIFall15MiniAODv2/QCD_Pt_470to600_TuneCUETP8M1_13TeV_pythia8/MINIAODSIM/PU25nsData2015v1_76X_mcRun2_asymptotic_v12-v1/70000/62D081AA-37B9-E511-945D-BC305B390A32.root
05-Oct-2023 10:54:42 CEST  Initiating request to open file root://eospublic.cern.ch//eos/opendata/cms/mc/RunIIFall15MiniAODv2/QCD_Pt_470to600_TuneCUETP8M1_13TeV_pythia8/MINIAODSIM/PU25nsData2015v1_76X_mcRun2_asymptotic_v12-v1/70000/660B080F-22B9-E511-BDE0-BC305B390A18.root
%MSG-w XrdAdaptor:  file_open 05-Oct-2023 10:54:42 CEST PostProcessEvent
Data is served from cern.ch instead of original site eospublic
%MSG
05-Oct-2023 10:54:42 CEST  Successfully opened file root://eospublic.cern.ch//eos/opendata/cms/mc/RunIIFall15MiniAODv2/QCD_Pt_470to600_TuneCUETP8M1_13TeV_pythia8/MINIAODSIM/PU25nsData2015v1_76X_mcRun2_asymptotic_v12-v1/70000/660B080F-22B9-E511-BDE0-BC305B390A18.root
Begin processing the 3000001st record. Run 1, Event 3959685, LumiSection 23157 at 05-Oct-2023 10:54:45.905 CEST
05-Oct-2023 10:54:45 CEST  Closed file root://eospublic.cern.ch//eos/opendata/cms/mc/RunIIFall15MiniAODv2/QCD_Pt_470to600_TuneCUETP8M1_13TeV_pythia8/MINIAODSIM/PU25nsData2015v1_76X_mcRun2_asymptotic_v12-v1/70000/660B080F-22B9-E511-BDE0-BC305B390A18.root
05-Oct-2023 10:54:45 CEST  Initiating request to open file root://eospublic.cern.ch//eos/opendata/cms/mc/RunIIFall15MiniAODv2/QCD_Pt_470to600_TuneCUETP8M1_13TeV_pythia8/MINIAODSIM/PU25nsData2015v1_76X_mcRun2_asymptotic_v12-v1/70000/781A33A9-22B9-E511-89AF-28924A33BBAA.root
%MSG-w XrdAdaptor:  file_open 05-Oct-2023 10:54:46 CEST PostProcessEvent
Data is served from cern.ch instead of original site eospublic
%MSG
05-Oct-2023 10:54:46 CEST  Successfully opened file root://eospublic.cern.ch//eos/opendata/cms/mc/RunIIFall15MiniAODv2/QCD_Pt_470to600_TuneCUETP8M1_13TeV_pythia8/MINIAODSIM/PU25nsData2015v1_76X_mcRun2_asymptotic_v12-v1/70000/781A33A9-22B9-E511-89AF-28924A33BBAA.root
05-Oct-2023 10:54:49 CEST  Closed file root://eospublic.cern.ch//eos/opendata/cms/mc/RunIIFall15MiniAODv2/QCD_Pt_470to600_TuneCUETP8M1_13TeV_pythia8/MINIAODSIM/PU25nsData2015v1_76X_mcRun2_asymptotic_v12-v1/70000/781A33A9-22B9-E511-89AF-28924A33BBAA.root
05-Oct-2023 10:54:49 CEST  Initiating request to open file root://eospublic.cern.ch//eos/opendata/cms/mc/RunIIFall15MiniAODv2/QCD_Pt_470to600_TuneCUETP8M1_13TeV_pythia8/MINIAODSIM/PU25nsData2015v1_76X_mcRun2_asymptotic_v12-v1/70000/9C843E0C-3AB9-E511-9243-0026B9278651.root
%MSG-w XrdAdaptor:  file_open 05-Oct-2023 10:54:49 CEST PostProcessEvent
Data is served from cern.ch instead of original site eospublic
%MSG
05-Oct-2023 10:54:49 CEST  Successfully opened file root://eospublic.cern.ch//eos/opendata/cms/mc/RunIIFall15MiniAODv2/QCD_Pt_470to600_TuneCUETP8M1_13TeV_pythia8/MINIAODSIM/PU25nsData2015v1_76X_mcRun2_asymptotic_v12-v1/70000/9C843E0C-3AB9-E511-9243-0026B9278651.root
05-Oct-2023 10:54:53 CEST  Closed file root://eospublic.cern.ch//eos/opendata/cms/mc/RunIIFall15MiniAODv2/QCD_Pt_470to600_TuneCUETP8M1_13TeV_pythia8/MINIAODSIM/PU25nsData2015v1_76X_mcRun2_asymptotic_v12-v1/70000/9C843E0C-3AB9-E511-9243-0026B9278651.root
05-Oct-2023 10:54:53 CEST  Initiating request to open file root://eospublic.cern.ch//eos/opendata/cms/mc/RunIIFall15MiniAODv2/QCD_Pt_470to600_TuneCUETP8M1_13TeV_pythia8/MINIAODSIM/PU25nsData2015v1_76X_mcRun2_asymptotic_v12-v1/70000/B093BD57-38B9-E511-B709-28924A3504DA.root
%MSG-w XrdAdaptor:  file_open 05-Oct-2023 10:54:53 CEST PostProcessEvent
Data is served from cern.ch instead of original site eospublic
%MSG
05-Oct-2023 10:54:53 CEST  Successfully opened file root://eospublic.cern.ch//eos/opendata/cms/mc/RunIIFall15MiniAODv2/QCD_Pt_470to600_TuneCUETP8M1_13TeV_pythia8/MINIAODSIM/PU25nsData2015v1_76X_mcRun2_asymptotic_v12-v1/70000/B093BD57-38B9-E511-B709-28924A3504DA.root
Begin processing the 3100001st record. Run 1, Event 1401319, LumiSection 8195 at 05-Oct-2023 10:54:54.099 CEST
05-Oct-2023 10:54:56 CEST  Closed file root://eospublic.cern.ch//eos/opendata/cms/mc/RunIIFall15MiniAODv2/QCD_Pt_470to600_TuneCUETP8M1_13TeV_pythia8/MINIAODSIM/PU25nsData2015v1_76X_mcRun2_asymptotic_v12-v1/70000/B093BD57-38B9-E511-B709-28924A3504DA.root
05-Oct-2023 10:54:56 CEST  Initiating request to open file root://eospublic.cern.ch//eos/opendata/cms/mc/RunIIFall15MiniAODv2/QCD_Pt_470to600_TuneCUETP8M1_13TeV_pythia8/MINIAODSIM/PU25nsData2015v1_76X_mcRun2_asymptotic_v12-v1/70000/B22ADD83-3AB9-E511-B950-28924A33B062.root
%MSG-w XrdAdaptor:  file_open 05-Oct-2023 10:54:56 CEST PostProcessEvent
Data is served from cern.ch instead of original site eospublic
%MSG
05-Oct-2023 10:54:56 CEST  Successfully opened file root://eospublic.cern.ch//eos/opendata/cms/mc/RunIIFall15MiniAODv2/QCD_Pt_470to600_TuneCUETP8M1_13TeV_pythia8/MINIAODSIM/PU25nsData2015v1_76X_mcRun2_asymptotic_v12-v1/70000/B22ADD83-3AB9-E511-B950-28924A33B062.root
05-Oct-2023 10:54:59 CEST  Closed file root://eospublic.cern.ch//eos/opendata/cms/mc/RunIIFall15MiniAODv2/QCD_Pt_470to600_TuneCUETP8M1_13TeV_pythia8/MINIAODSIM/PU25nsData2015v1_76X_mcRun2_asymptotic_v12-v1/70000/B22ADD83-3AB9-E511-B950-28924A33B062.root
05-Oct-2023 10:54:59 CEST  Initiating request to open file root://eospublic.cern.ch//eos/opendata/cms/mc/RunIIFall15MiniAODv2/QCD_Pt_470to600_TuneCUETP8M1_13TeV_pythia8/MINIAODSIM/PU25nsData2015v1_76X_mcRun2_asymptotic_v12-v1/70000/B6C4F2F0-37B9-E511-8D71-0026B92779A3.root
%MSG-w XrdAdaptor:  file_open 05-Oct-2023 10:54:59 CEST PostProcessEvent
Data is served from cern.ch instead of original site eospublic
%MSG
05-Oct-2023 10:54:59 CEST  Successfully opened file root://eospublic.cern.ch//eos/opendata/cms/mc/RunIIFall15MiniAODv2/QCD_Pt_470to600_TuneCUETP8M1_13TeV_pythia8/MINIAODSIM/PU25nsData2015v1_76X_mcRun2_asymptotic_v12-v1/70000/B6C4F2F0-37B9-E511-8D71-0026B92779A3.root
Begin processing the 3200001st record. Run 1, Event 1860077, LumiSection 10878 at 05-Oct-2023 10:55:01.348 CEST
05-Oct-2023 10:55:02 CEST  Closed file root://eospublic.cern.ch//eos/opendata/cms/mc/RunIIFall15MiniAODv2/QCD_Pt_470to600_TuneCUETP8M1_13TeV_pythia8/MINIAODSIM/PU25nsData2015v1_76X_mcRun2_asymptotic_v12-v1/70000/B6C4F2F0-37B9-E511-8D71-0026B92779A3.root
05-Oct-2023 10:55:02 CEST  Initiating request to open file root://eospublic.cern.ch//eos/opendata/cms/mc/RunIIFall15MiniAODv2/QCD_Pt_470to600_TuneCUETP8M1_13TeV_pythia8/MINIAODSIM/PU25nsData2015v1_76X_mcRun2_asymptotic_v12-v1/70000/B8DECEB3-E1B8-E511-9BFB-BC305B390A73.root
%MSG-w XrdAdaptor:  file_open 05-Oct-2023 10:55:02 CEST PostProcessEvent
Data is served from cern.ch instead of original site eospublic
%MSG
05-Oct-2023 10:55:02 CEST  Successfully opened file root://eospublic.cern.ch//eos/opendata/cms/mc/RunIIFall15MiniAODv2/QCD_Pt_470to600_TuneCUETP8M1_13TeV_pythia8/MINIAODSIM/PU25nsData2015v1_76X_mcRun2_asymptotic_v12-v1/70000/B8DECEB3-E1B8-E511-9BFB-BC305B390A73.root
05-Oct-2023 10:55:06 CEST  Closed file root://eospublic.cern.ch//eos/opendata/cms/mc/RunIIFall15MiniAODv2/QCD_Pt_470to600_TuneCUETP8M1_13TeV_pythia8/MINIAODSIM/PU25nsData2015v1_76X_mcRun2_asymptotic_v12-v1/70000/B8DECEB3-E1B8-E511-9BFB-BC305B390A73.root
05-Oct-2023 10:55:06 CEST  Initiating request to open file root://eospublic.cern.ch//eos/opendata/cms/mc/RunIIFall15MiniAODv2/QCD_Pt_470to600_TuneCUETP8M1_13TeV_pythia8/MINIAODSIM/PU25nsData2015v1_76X_mcRun2_asymptotic_v12-v1/70000/C032C411-19B9-E511-83E8-0023AEEEB538.root
%MSG-w XrdAdaptor:  file_open 05-Oct-2023 10:55:06 CEST PostProcessEvent
Data is served from cern.ch instead of original site eospublic
%MSG
05-Oct-2023 10:55:06 CEST  Successfully opened file root://eospublic.cern.ch//eos/opendata/cms/mc/RunIIFall15MiniAODv2/QCD_Pt_470to600_TuneCUETP8M1_13TeV_pythia8/MINIAODSIM/PU25nsData2015v1_76X_mcRun2_asymptotic_v12-v1/70000/C032C411-19B9-E511-83E8-0023AEEEB538.root
Begin processing the 3300001st record. Run 1, Event 774021, LumiSection 4527 at 05-Oct-2023 10:55:08.706 CEST
05-Oct-2023 10:55:10 CEST  Closed file root://eospublic.cern.ch//eos/opendata/cms/mc/RunIIFall15MiniAODv2/QCD_Pt_470to600_TuneCUETP8M1_13TeV_pythia8/MINIAODSIM/PU25nsData2015v1_76X_mcRun2_asymptotic_v12-v1/70000/C032C411-19B9-E511-83E8-0023AEEEB538.root
05-Oct-2023 10:55:10 CEST  Initiating request to open file root://eospublic.cern.ch//eos/opendata/cms/mc/RunIIFall15MiniAODv2/QCD_Pt_470to600_TuneCUETP8M1_13TeV_pythia8/MINIAODSIM/PU25nsData2015v1_76X_mcRun2_asymptotic_v12-v1/70000/C68253C5-39B9-E511-895B-0026B94DBE17.root
%MSG-w XrdAdaptor:  file_open 05-Oct-2023 10:55:10 CEST PostProcessEvent
Data is served from cern.ch instead of original site eospublic
%MSG
05-Oct-2023 10:55:10 CEST  Successfully opened file root://eospublic.cern.ch//eos/opendata/cms/mc/RunIIFall15MiniAODv2/QCD_Pt_470to600_TuneCUETP8M1_13TeV_pythia8/MINIAODSIM/PU25nsData2015v1_76X_mcRun2_asymptotic_v12-v1/70000/C68253C5-39B9-E511-895B-0026B94DBE17.root
05-Oct-2023 10:55:13 CEST  Closed file root://eospublic.cern.ch//eos/opendata/cms/mc/RunIIFall15MiniAODv2/QCD_Pt_470to600_TuneCUETP8M1_13TeV_pythia8/MINIAODSIM/PU25nsData2015v1_76X_mcRun2_asymptotic_v12-v1/70000/C68253C5-39B9-E511-895B-0026B94DBE17.root
05-Oct-2023 10:55:13 CEST  Initiating request to open file root://eospublic.cern.ch//eos/opendata/cms/mc/RunIIFall15MiniAODv2/QCD_Pt_470to600_TuneCUETP8M1_13TeV_pythia8/MINIAODSIM/PU25nsData2015v1_76X_mcRun2_asymptotic_v12-v1/70000/C8491D41-3AB9-E511-A57E-0023AEEEB226.root
%MSG-w XrdAdaptor:  file_open 05-Oct-2023 10:55:13 CEST PostProcessEvent
Data is served from cern.ch instead of original site eospublic
%MSG
05-Oct-2023 10:55:13 CEST  Successfully opened file root://eospublic.cern.ch//eos/opendata/cms/mc/RunIIFall15MiniAODv2/QCD_Pt_470to600_TuneCUETP8M1_13TeV_pythia8/MINIAODSIM/PU25nsData2015v1_76X_mcRun2_asymptotic_v12-v1/70000/C8491D41-3AB9-E511-A57E-0023AEEEB226.root
Begin processing the 3400001st record. Run 1, Event 1093927, LumiSection 6398 at 05-Oct-2023 10:55:15.875 CEST
05-Oct-2023 10:55:16 CEST  Closed file root://eospublic.cern.ch//eos/opendata/cms/mc/RunIIFall15MiniAODv2/QCD_Pt_470to600_TuneCUETP8M1_13TeV_pythia8/MINIAODSIM/PU25nsData2015v1_76X_mcRun2_asymptotic_v12-v1/70000/C8491D41-3AB9-E511-A57E-0023AEEEB226.root
05-Oct-2023 10:55:16 CEST  Initiating request to open file root://eospublic.cern.ch//eos/opendata/cms/mc/RunIIFall15MiniAODv2/QCD_Pt_470to600_TuneCUETP8M1_13TeV_pythia8/MINIAODSIM/PU25nsData2015v1_76X_mcRun2_asymptotic_v12-v1/70000/CE37EDF8-09B9-E511-B14F-0026B94DBDBC.root
%MSG-w XrdAdaptor:  file_open 05-Oct-2023 10:55:16 CEST PostProcessEvent
Data is served from cern.ch instead of original site eospublic
%MSG
05-Oct-2023 10:55:16 CEST  Successfully opened file root://eospublic.cern.ch//eos/opendata/cms/mc/RunIIFall15MiniAODv2/QCD_Pt_470to600_TuneCUETP8M1_13TeV_pythia8/MINIAODSIM/PU25nsData2015v1_76X_mcRun2_asymptotic_v12-v1/70000/CE37EDF8-09B9-E511-B14F-0026B94DBDBC.root
05-Oct-2023 10:55:20 CEST  Closed file root://eospublic.cern.ch//eos/opendata/cms/mc/RunIIFall15MiniAODv2/QCD_Pt_470to600_TuneCUETP8M1_13TeV_pythia8/MINIAODSIM/PU25nsData2015v1_76X_mcRun2_asymptotic_v12-v1/70000/CE37EDF8-09B9-E511-B14F-0026B94DBDBC.root
05-Oct-2023 10:55:20 CEST  Initiating request to open file root://eospublic.cern.ch//eos/opendata/cms/mc/RunIIFall15MiniAODv2/QCD_Pt_470to600_TuneCUETP8M1_13TeV_pythia8/MINIAODSIM/PU25nsData2015v1_76X_mcRun2_asymptotic_v12-v1/70000/CED8F08E-2EB9-E511-8856-0023AEEEB538.root
%MSG-w XrdAdaptor:  file_open 05-Oct-2023 10:55:20 CEST PostProcessEvent
Data is served from cern.ch instead of original site eospublic
%MSG
05-Oct-2023 10:55:20 CEST  Successfully opened file root://eospublic.cern.ch//eos/opendata/cms/mc/RunIIFall15MiniAODv2/QCD_Pt_470to600_TuneCUETP8M1_13TeV_pythia8/MINIAODSIM/PU25nsData2015v1_76X_mcRun2_asymptotic_v12-v1/70000/CED8F08E-2EB9-E511-8856-0023AEEEB538.root
Begin processing the 3500001st record. Run 1, Event 1753439, LumiSection 10255 at 05-Oct-2023 10:55:23.054 CEST
05-Oct-2023 10:55:23 CEST  Closed file root://eospublic.cern.ch//eos/opendata/cms/mc/RunIIFall15MiniAODv2/QCD_Pt_470to600_TuneCUETP8M1_13TeV_pythia8/MINIAODSIM/PU25nsData2015v1_76X_mcRun2_asymptotic_v12-v1/70000/CED8F08E-2EB9-E511-8856-0023AEEEB538.root
05-Oct-2023 10:55:23 CEST  Initiating request to open file root://eospublic.cern.ch//eos/opendata/cms/mc/RunIIFall15MiniAODv2/QCD_Pt_470to600_TuneCUETP8M1_13TeV_pythia8/MINIAODSIM/PU25nsData2015v1_76X_mcRun2_asymptotic_v12-v1/70000/D0F1AE58-3BB9-E511-830D-28924A33AF26.root
%MSG-w XrdAdaptor:  file_open 05-Oct-2023 10:55:23 CEST PostProcessEvent
Data is served from cern.ch instead of original site eospublic
%MSG
05-Oct-2023 10:55:23 CEST  Successfully opened file root://eospublic.cern.ch//eos/opendata/cms/mc/RunIIFall15MiniAODv2/QCD_Pt_470to600_TuneCUETP8M1_13TeV_pythia8/MINIAODSIM/PU25nsData2015v1_76X_mcRun2_asymptotic_v12-v1/70000/D0F1AE58-3BB9-E511-830D-28924A33AF26.root
05-Oct-2023 10:55:27 CEST  Closed file root://eospublic.cern.ch//eos/opendata/cms/mc/RunIIFall15MiniAODv2/QCD_Pt_470to600_TuneCUETP8M1_13TeV_pythia8/MINIAODSIM/PU25nsData2015v1_76X_mcRun2_asymptotic_v12-v1/70000/D0F1AE58-3BB9-E511-830D-28924A33AF26.root
05-Oct-2023 10:55:27 CEST  Initiating request to open file root://eospublic.cern.ch//eos/opendata/cms/mc/RunIIFall15MiniAODv2/QCD_Pt_470to600_TuneCUETP8M1_13TeV_pythia8/MINIAODSIM/PU25nsData2015v1_76X_mcRun2_asymptotic_v12-v1/70000/D20B9683-30B9-E511-A02B-0023AEEEB538.root
%MSG-w XrdAdaptor:  file_open 05-Oct-2023 10:55:27 CEST PostProcessEvent
Data is served from cern.ch instead of original site eospublic
%MSG
05-Oct-2023 10:55:27 CEST  Successfully opened file root://eospublic.cern.ch//eos/opendata/cms/mc/RunIIFall15MiniAODv2/QCD_Pt_470to600_TuneCUETP8M1_13TeV_pythia8/MINIAODSIM/PU25nsData2015v1_76X_mcRun2_asymptotic_v12-v1/70000/D20B9683-30B9-E511-A02B-0023AEEEB538.root
Begin processing the 3600001st record. Run 1, Event 800763, LumiSection 4683 at 05-Oct-2023 10:55:30.421 CEST
05-Oct-2023 10:55:30 CEST  Closed file root://eospublic.cern.ch//eos/opendata/cms/mc/RunIIFall15MiniAODv2/QCD_Pt_470to600_TuneCUETP8M1_13TeV_pythia8/MINIAODSIM/PU25nsData2015v1_76X_mcRun2_asymptotic_v12-v1/70000/D20B9683-30B9-E511-A02B-0023AEEEB538.root
05-Oct-2023 10:55:30 CEST  Initiating request to open file root://eospublic.cern.ch//eos/opendata/cms/mc/RunIIFall15MiniAODv2/QCD_Pt_470to600_TuneCUETP8M1_13TeV_pythia8/MINIAODSIM/PU25nsData2015v1_76X_mcRun2_asymptotic_v12-v1/70000/D8D64A7B-30B9-E511-85D6-28924A33BBAA.root
%MSG-w XrdAdaptor:  file_open 05-Oct-2023 10:55:31 CEST PostProcessEvent
Data is served from cern.ch instead of original site eospublic
%MSG
05-Oct-2023 10:55:31 CEST  Successfully opened file root://eospublic.cern.ch//eos/opendata/cms/mc/RunIIFall15MiniAODv2/QCD_Pt_470to600_TuneCUETP8M1_13TeV_pythia8/MINIAODSIM/PU25nsData2015v1_76X_mcRun2_asymptotic_v12-v1/70000/D8D64A7B-30B9-E511-85D6-28924A33BBAA.root
05-Oct-2023 10:55:34 CEST  Closed file root://eospublic.cern.ch//eos/opendata/cms/mc/RunIIFall15MiniAODv2/QCD_Pt_470to600_TuneCUETP8M1_13TeV_pythia8/MINIAODSIM/PU25nsData2015v1_76X_mcRun2_asymptotic_v12-v1/70000/D8D64A7B-30B9-E511-85D6-28924A33BBAA.root
05-Oct-2023 10:55:34 CEST  Initiating request to open file root://eospublic.cern.ch//eos/opendata/cms/mc/RunIIFall15MiniAODv2/QCD_Pt_470to600_TuneCUETP8M1_13TeV_pythia8/MINIAODSIM/PU25nsData2015v1_76X_mcRun2_asymptotic_v12-v1/70000/DAA25E7F-3BB9-E511-8BCA-BC305B390A9A.root
%MSG-w XrdAdaptor:  file_open 05-Oct-2023 10:55:34 CEST PostProcessEvent
Data is served from cern.ch instead of original site eospublic
%MSG
05-Oct-2023 10:55:34 CEST  Successfully opened file root://eospublic.cern.ch//eos/opendata/cms/mc/RunIIFall15MiniAODv2/QCD_Pt_470to600_TuneCUETP8M1_13TeV_pythia8/MINIAODSIM/PU25nsData2015v1_76X_mcRun2_asymptotic_v12-v1/70000/DAA25E7F-3BB9-E511-8BCA-BC305B390A9A.root
Begin processing the 3700001st record. Run 1, Event 3908311, LumiSection 22856 at 05-Oct-2023 10:55:39.270 CEST
05-Oct-2023 10:55:39 CEST  Closed file root://eospublic.cern.ch//eos/opendata/cms/mc/RunIIFall15MiniAODv2/QCD_Pt_470to600_TuneCUETP8M1_13TeV_pythia8/MINIAODSIM/PU25nsData2015v1_76X_mcRun2_asymptotic_v12-v1/70000/DAA25E7F-3BB9-E511-8BCA-BC305B390A9A.root
05-Oct-2023 10:55:39 CEST  Initiating request to open file root://eospublic.cern.ch//eos/opendata/cms/mc/RunIIFall15MiniAODv2/QCD_Pt_470to600_TuneCUETP8M1_13TeV_pythia8/MINIAODSIM/PU25nsData2015v1_76X_mcRun2_asymptotic_v12-v1/70000/DC3DEC0F-3AB9-E511-BF85-28924A3504DA.root
%MSG-w XrdAdaptor:  file_open 05-Oct-2023 10:55:39 CEST PostProcessEvent
Data is served from cern.ch instead of original site eospublic
%MSG
05-Oct-2023 10:55:39 CEST  Successfully opened file root://eospublic.cern.ch//eos/opendata/cms/mc/RunIIFall15MiniAODv2/QCD_Pt_470to600_TuneCUETP8M1_13TeV_pythia8/MINIAODSIM/PU25nsData2015v1_76X_mcRun2_asymptotic_v12-v1/70000/DC3DEC0F-3AB9-E511-BF85-28924A3504DA.root
05-Oct-2023 10:55:42 CEST  Closed file root://eospublic.cern.ch//eos/opendata/cms/mc/RunIIFall15MiniAODv2/QCD_Pt_470to600_TuneCUETP8M1_13TeV_pythia8/MINIAODSIM/PU25nsData2015v1_76X_mcRun2_asymptotic_v12-v1/70000/DC3DEC0F-3AB9-E511-BF85-28924A3504DA.root
05-Oct-2023 10:55:42 CEST  Initiating request to open file root://eospublic.cern.ch//eos/opendata/cms/mc/RunIIFall15MiniAODv2/QCD_Pt_470to600_TuneCUETP8M1_13TeV_pythia8/MINIAODSIM/PU25nsData2015v1_76X_mcRun2_asymptotic_v12-v1/70000/DE81118F-3BB9-E511-857B-BC305B390A0B.root
%MSG-w XrdAdaptor:  file_open 05-Oct-2023 10:55:42 CEST PostProcessEvent
Data is served from cern.ch instead of original site eospublic
%MSG
05-Oct-2023 10:55:43 CEST  Successfully opened file root://eospublic.cern.ch//eos/opendata/cms/mc/RunIIFall15MiniAODv2/QCD_Pt_470to600_TuneCUETP8M1_13TeV_pythia8/MINIAODSIM/PU25nsData2015v1_76X_mcRun2_asymptotic_v12-v1/70000/DE81118F-3BB9-E511-857B-BC305B390A0B.root
05-Oct-2023 10:55:46 CEST  Closed file root://eospublic.cern.ch//eos/opendata/cms/mc/RunIIFall15MiniAODv2/QCD_Pt_470to600_TuneCUETP8M1_13TeV_pythia8/MINIAODSIM/PU25nsData2015v1_76X_mcRun2_asymptotic_v12-v1/70000/DE81118F-3BB9-E511-857B-BC305B390A0B.root
05-Oct-2023 10:55:46 CEST  Initiating request to open file root://eospublic.cern.ch//eos/opendata/cms/mc/RunIIFall15MiniAODv2/QCD_Pt_470to600_TuneCUETP8M1_13TeV_pythia8/MINIAODSIM/PU25nsData2015v1_76X_mcRun2_asymptotic_v12-v1/70000/EA14B88E-32B9-E511-ADF9-0023AEEEB538.root
%MSG-w XrdAdaptor:  file_open 05-Oct-2023 10:55:46 CEST PostProcessEvent
Data is served from cern.ch instead of original site eospublic
%MSG
05-Oct-2023 10:55:46 CEST  Successfully opened file root://eospublic.cern.ch//eos/opendata/cms/mc/RunIIFall15MiniAODv2/QCD_Pt_470to600_TuneCUETP8M1_13TeV_pythia8/MINIAODSIM/PU25nsData2015v1_76X_mcRun2_asymptotic_v12-v1/70000/EA14B88E-32B9-E511-ADF9-0023AEEEB538.root
Begin processing the 3800001st record. Run 1, Event 978533, LumiSection 5723 at 05-Oct-2023 10:55:47.328 CEST
05-Oct-2023 10:55:49 CEST  Closed file root://eospublic.cern.ch//eos/opendata/cms/mc/RunIIFall15MiniAODv2/QCD_Pt_470to600_TuneCUETP8M1_13TeV_pythia8/MINIAODSIM/PU25nsData2015v1_76X_mcRun2_asymptotic_v12-v1/70000/EA14B88E-32B9-E511-ADF9-0023AEEEB538.root
05-Oct-2023 10:55:49 CEST  Initiating request to open file root://eospublic.cern.ch//eos/opendata/cms/mc/RunIIFall15MiniAODv2/QCD_Pt_470to600_TuneCUETP8M1_13TeV_pythia8/MINIAODSIM/PU25nsData2015v1_76X_mcRun2_asymptotic_v12-v1/70000/ECE9B1B6-39B9-E511-AE56-28924A33AF26.root
%MSG-w XrdAdaptor:  file_open 05-Oct-2023 10:55:49 CEST PostProcessEvent
Data is served from cern.ch instead of original site eospublic
%MSG
05-Oct-2023 10:55:49 CEST  Successfully opened file root://eospublic.cern.ch//eos/opendata/cms/mc/RunIIFall15MiniAODv2/QCD_Pt_470to600_TuneCUETP8M1_13TeV_pythia8/MINIAODSIM/PU25nsData2015v1_76X_mcRun2_asymptotic_v12-v1/70000/ECE9B1B6-39B9-E511-AE56-28924A33AF26.root
05-Oct-2023 10:55:52 CEST  Closed file root://eospublic.cern.ch//eos/opendata/cms/mc/RunIIFall15MiniAODv2/QCD_Pt_470to600_TuneCUETP8M1_13TeV_pythia8/MINIAODSIM/PU25nsData2015v1_76X_mcRun2_asymptotic_v12-v1/70000/ECE9B1B6-39B9-E511-AE56-28924A33AF26.root
05-Oct-2023 10:55:52 CEST  Initiating request to open file root://eospublic.cern.ch//eos/opendata/cms/mc/RunIIFall15MiniAODv2/QCD_Pt_470to600_TuneCUETP8M1_13TeV_pythia8/MINIAODSIM/PU25nsData2015v1_76X_mcRun2_asymptotic_v12-v1/70000/F67B2960-3BB9-E511-A376-009C02AAB484.root
%MSG-w XrdAdaptor:  file_open 05-Oct-2023 10:55:52 CEST PostProcessEvent
Data is served from cern.ch instead of original site eospublic
%MSG
05-Oct-2023 10:55:52 CEST  Successfully opened file root://eospublic.cern.ch//eos/opendata/cms/mc/RunIIFall15MiniAODv2/QCD_Pt_470to600_TuneCUETP8M1_13TeV_pythia8/MINIAODSIM/PU25nsData2015v1_76X_mcRun2_asymptotic_v12-v1/70000/F67B2960-3BB9-E511-A376-009C02AAB484.root
Begin processing the 3900001st record. Run 1, Event 2185245, LumiSection 12780 at 05-Oct-2023 10:55:54.385 CEST
05-Oct-2023 10:55:55 CEST  Closed file root://eospublic.cern.ch//eos/opendata/cms/mc/RunIIFall15MiniAODv2/QCD_Pt_470to600_TuneCUETP8M1_13TeV_pythia8/MINIAODSIM/PU25nsData2015v1_76X_mcRun2_asymptotic_v12-v1/70000/F67B2960-3BB9-E511-A376-009C02AAB484.root
05-Oct-2023 10:55:55 CEST  Initiating request to open file root://eospublic.cern.ch//eos/opendata/cms/mc/RunIIFall15MiniAODv2/QCD_Pt_470to600_TuneCUETP8M1_13TeV_pythia8/MINIAODSIM/PU25nsData2015v1_76X_mcRun2_asymptotic_v12-v1/70000/FED79499-32B9-E511-AC89-009C02AABEB8.root
%MSG-w XrdAdaptor:  file_open 05-Oct-2023 10:55:55 CEST PostProcessEvent
Data is served from cern.ch instead of original site eospublic
%MSG
05-Oct-2023 10:55:55 CEST  Successfully opened file root://eospublic.cern.ch//eos/opendata/cms/mc/RunIIFall15MiniAODv2/QCD_Pt_470to600_TuneCUETP8M1_13TeV_pythia8/MINIAODSIM/PU25nsData2015v1_76X_mcRun2_asymptotic_v12-v1/70000/FED79499-32B9-E511-AC89-009C02AABEB8.root
05-Oct-2023 10:55:59 CEST  Closed file root://eospublic.cern.ch//eos/opendata/cms/mc/RunIIFall15MiniAODv2/QCD_Pt_470to600_TuneCUETP8M1_13TeV_pythia8/MINIAODSIM/PU25nsData2015v1_76X_mcRun2_asymptotic_v12-v1/70000/FED79499-32B9-E511-AC89-009C02AABEB8.root

------------------------------------
GenXsecAnalyzer:
------------------------------------
Before Filtrer: total cross section = 6.409e+02 +- 1.522e-01 pb
Filter efficiency (taking into account weights)= (3.97778e+06) / (3.97778e+06) = 1.000e+00 +- 0.000e+00
Filter efficiency (event-level)= (3.97777e+06) / (3.97777e+06) = 1.000e+00 +- 0.000e+00
After filter: final cross section = 6.409e+02 +- 1.522e-01 pb

=============================================

MessageLogger Summary

 type     category        sev    module        subroutine        count    total
 ---- -------------------- -- ---------------- ----------------  -----    -----
    1 GenXSecAnalyzer      -w GenXSecAnalyzer:                       5        5
    2 XrdAdaptor           -w file_open                             89       89
    3 fileAction           -s file_close                            89       89
    4 fileAction           -s file_open                            178      178

 type    category    Examples: run/evt        run/evt          run/evt
 ---- -------------------- ---------------- ---------------- ----------------
    1 GenXSecAnalyzer      PostEndRun       PostEndRun       PostEndRun
    2 XrdAdaptor           pre-events       PostProcessEvent PostProcessEvent
    3 fileAction           PostProcessEvent PostProcessEvent PostEndRun
    4 fileAction           pre-events       pre-events       PostProcessEvent

Severity    # Occurrences   Total Occurrences
--------    -------------   -----------------
Warning                94                  94
System                267                 267
