05-Oct-2023 13:19:48 CEST  Initiating request to open file root://eospublic.cern.ch//eos/opendata/cms/mc/RunIIFall15MiniAODv2/QCD_HT1500to2000_GenJets5_TuneCUETP8M1_13TeV-madgraphMLM-pythia8/MINIAODSIM/PU25nsData2015v1_76X_mcRun2_asymptotic_v12-v1/10000/0A175593-19D7-E511-B18A-002590596498.root
%MSG-w XrdAdaptor:  file_open 05-Oct-2023 13:19:48 CEST pre-events
Data is served from cern.ch instead of original site eospublic
%MSG
05-Oct-2023 13:19:51 CEST  Successfully opened file root://eospublic.cern.ch//eos/opendata/cms/mc/RunIIFall15MiniAODv2/QCD_HT1500to2000_GenJets5_TuneCUETP8M1_13TeV-madgraphMLM-pythia8/MINIAODSIM/PU25nsData2015v1_76X_mcRun2_asymptotic_v12-v1/10000/0A175593-19D7-E511-B18A-002590596498.root
Begin processing the 1st record. Run 1, Event 19618019, LumiSection 4279 at 05-Oct-2023 13:19:52.419 CEST
05-Oct-2023 13:19:54 CEST  Closed file root://eospublic.cern.ch//eos/opendata/cms/mc/RunIIFall15MiniAODv2/QCD_HT1500to2000_GenJets5_TuneCUETP8M1_13TeV-madgraphMLM-pythia8/MINIAODSIM/PU25nsData2015v1_76X_mcRun2_asymptotic_v12-v1/10000/0A175593-19D7-E511-B18A-002590596498.root
05-Oct-2023 13:19:54 CEST  Initiating request to open file root://eospublic.cern.ch//eos/opendata/cms/mc/RunIIFall15MiniAODv2/QCD_HT1500to2000_GenJets5_TuneCUETP8M1_13TeV-madgraphMLM-pythia8/MINIAODSIM/PU25nsData2015v1_76X_mcRun2_asymptotic_v12-v1/10000/127E2090-19D7-E511-AE05-0CC47A74527A.root
%MSG-w XrdAdaptor:  file_open 05-Oct-2023 13:19:54 CEST PostProcessEvent
Data is served from cern.ch instead of original site eospublic
%MSG
05-Oct-2023 13:19:54 CEST  Successfully opened file root://eospublic.cern.ch//eos/opendata/cms/mc/RunIIFall15MiniAODv2/QCD_HT1500to2000_GenJets5_TuneCUETP8M1_13TeV-madgraphMLM-pythia8/MINIAODSIM/PU25nsData2015v1_76X_mcRun2_asymptotic_v12-v1/10000/127E2090-19D7-E511-AE05-0CC47A74527A.root
05-Oct-2023 13:19:57 CEST  Closed file root://eospublic.cern.ch//eos/opendata/cms/mc/RunIIFall15MiniAODv2/QCD_HT1500to2000_GenJets5_TuneCUETP8M1_13TeV-madgraphMLM-pythia8/MINIAODSIM/PU25nsData2015v1_76X_mcRun2_asymptotic_v12-v1/10000/127E2090-19D7-E511-AE05-0CC47A74527A.root
05-Oct-2023 13:19:57 CEST  Initiating request to open file root://eospublic.cern.ch//eos/opendata/cms/mc/RunIIFall15MiniAODv2/QCD_HT1500to2000_GenJets5_TuneCUETP8M1_13TeV-madgraphMLM-pythia8/MINIAODSIM/PU25nsData2015v1_76X_mcRun2_asymptotic_v12-v1/10000/324C1391-19D7-E511-9EF1-0CC47A4D76A2.root
%MSG-w XrdAdaptor:  file_open 05-Oct-2023 13:19:57 CEST PostProcessEvent
Data is served from cern.ch instead of original site eospublic
%MSG
05-Oct-2023 13:19:58 CEST  Successfully opened file root://eospublic.cern.ch//eos/opendata/cms/mc/RunIIFall15MiniAODv2/QCD_HT1500to2000_GenJets5_TuneCUETP8M1_13TeV-madgraphMLM-pythia8/MINIAODSIM/PU25nsData2015v1_76X_mcRun2_asymptotic_v12-v1/10000/324C1391-19D7-E511-9EF1-0CC47A4D76A2.root
Begin processing the 100001st record. Run 1, Event 29546514, LumiSection 6443 at 05-Oct-2023 13:19:59.902 CEST
05-Oct-2023 13:20:01 CEST  Closed file root://eospublic.cern.ch//eos/opendata/cms/mc/RunIIFall15MiniAODv2/QCD_HT1500to2000_GenJets5_TuneCUETP8M1_13TeV-madgraphMLM-pythia8/MINIAODSIM/PU25nsData2015v1_76X_mcRun2_asymptotic_v12-v1/10000/324C1391-19D7-E511-9EF1-0CC47A4D76A2.root
05-Oct-2023 13:20:01 CEST  Initiating request to open file root://eospublic.cern.ch//eos/opendata/cms/mc/RunIIFall15MiniAODv2/QCD_HT1500to2000_GenJets5_TuneCUETP8M1_13TeV-madgraphMLM-pythia8/MINIAODSIM/PU25nsData2015v1_76X_mcRun2_asymptotic_v12-v1/10000/36183C4D-19D7-E511-8914-0026189438DE.root
%MSG-w XrdAdaptor:  file_open 05-Oct-2023 13:20:01 CEST PostProcessEvent
Data is served from cern.ch instead of original site eospublic
%MSG
05-Oct-2023 13:20:01 CEST  Successfully opened file root://eospublic.cern.ch//eos/opendata/cms/mc/RunIIFall15MiniAODv2/QCD_HT1500to2000_GenJets5_TuneCUETP8M1_13TeV-madgraphMLM-pythia8/MINIAODSIM/PU25nsData2015v1_76X_mcRun2_asymptotic_v12-v1/10000/36183C4D-19D7-E511-8914-0026189438DE.root
05-Oct-2023 13:20:04 CEST  Closed file root://eospublic.cern.ch//eos/opendata/cms/mc/RunIIFall15MiniAODv2/QCD_HT1500to2000_GenJets5_TuneCUETP8M1_13TeV-madgraphMLM-pythia8/MINIAODSIM/PU25nsData2015v1_76X_mcRun2_asymptotic_v12-v1/10000/36183C4D-19D7-E511-8914-0026189438DE.root
05-Oct-2023 13:20:04 CEST  Initiating request to open file root://eospublic.cern.ch//eos/opendata/cms/mc/RunIIFall15MiniAODv2/QCD_HT1500to2000_GenJets5_TuneCUETP8M1_13TeV-madgraphMLM-pythia8/MINIAODSIM/PU25nsData2015v1_76X_mcRun2_asymptotic_v12-v1/10000/3857EB93-19D7-E511-BBEA-0CC47A74525A.root
%MSG-w XrdAdaptor:  file_open 05-Oct-2023 13:20:04 CEST PostProcessEvent
Data is served from cern.ch instead of original site eospublic
%MSG
05-Oct-2023 13:20:04 CEST  Successfully opened file root://eospublic.cern.ch//eos/opendata/cms/mc/RunIIFall15MiniAODv2/QCD_HT1500to2000_GenJets5_TuneCUETP8M1_13TeV-madgraphMLM-pythia8/MINIAODSIM/PU25nsData2015v1_76X_mcRun2_asymptotic_v12-v1/10000/3857EB93-19D7-E511-BBEA-0CC47A74525A.root
Begin processing the 200001st record. Run 1, Event 43040052, LumiSection 9386 at 05-Oct-2023 13:20:07.264 CEST
05-Oct-2023 13:20:07 CEST  Closed file root://eospublic.cern.ch//eos/opendata/cms/mc/RunIIFall15MiniAODv2/QCD_HT1500to2000_GenJets5_TuneCUETP8M1_13TeV-madgraphMLM-pythia8/MINIAODSIM/PU25nsData2015v1_76X_mcRun2_asymptotic_v12-v1/10000/3857EB93-19D7-E511-BBEA-0CC47A74525A.root
05-Oct-2023 13:20:07 CEST  Initiating request to open file root://eospublic.cern.ch//eos/opendata/cms/mc/RunIIFall15MiniAODv2/QCD_HT1500to2000_GenJets5_TuneCUETP8M1_13TeV-madgraphMLM-pythia8/MINIAODSIM/PU25nsData2015v1_76X_mcRun2_asymptotic_v12-v1/10000/3A9E0496-19D7-E511-8B56-0025905A60F4.root
%MSG-w XrdAdaptor:  file_open 05-Oct-2023 13:20:07 CEST PostProcessEvent
Data is served from cern.ch instead of original site eospublic
%MSG
05-Oct-2023 13:20:07 CEST  Successfully opened file root://eospublic.cern.ch//eos/opendata/cms/mc/RunIIFall15MiniAODv2/QCD_HT1500to2000_GenJets5_TuneCUETP8M1_13TeV-madgraphMLM-pythia8/MINIAODSIM/PU25nsData2015v1_76X_mcRun2_asymptotic_v12-v1/10000/3A9E0496-19D7-E511-8B56-0025905A60F4.root
05-Oct-2023 13:20:10 CEST  Closed file root://eospublic.cern.ch//eos/opendata/cms/mc/RunIIFall15MiniAODv2/QCD_HT1500to2000_GenJets5_TuneCUETP8M1_13TeV-madgraphMLM-pythia8/MINIAODSIM/PU25nsData2015v1_76X_mcRun2_asymptotic_v12-v1/10000/3A9E0496-19D7-E511-8B56-0025905A60F4.root
05-Oct-2023 13:20:10 CEST  Initiating request to open file root://eospublic.cern.ch//eos/opendata/cms/mc/RunIIFall15MiniAODv2/QCD_HT1500to2000_GenJets5_TuneCUETP8M1_13TeV-madgraphMLM-pythia8/MINIAODSIM/PU25nsData2015v1_76X_mcRun2_asymptotic_v12-v1/10000/3AC425B3-19D7-E511-97B1-0025905B85AA.root
%MSG-w XrdAdaptor:  file_open 05-Oct-2023 13:20:10 CEST PostProcessEvent
Data is served from cern.ch instead of original site eospublic
%MSG
05-Oct-2023 13:20:10 CEST  Successfully opened file root://eospublic.cern.ch//eos/opendata/cms/mc/RunIIFall15MiniAODv2/QCD_HT1500to2000_GenJets5_TuneCUETP8M1_13TeV-madgraphMLM-pythia8/MINIAODSIM/PU25nsData2015v1_76X_mcRun2_asymptotic_v12-v1/10000/3AC425B3-19D7-E511-97B1-0025905B85AA.root
05-Oct-2023 13:20:14 CEST  Closed file root://eospublic.cern.ch//eos/opendata/cms/mc/RunIIFall15MiniAODv2/QCD_HT1500to2000_GenJets5_TuneCUETP8M1_13TeV-madgraphMLM-pythia8/MINIAODSIM/PU25nsData2015v1_76X_mcRun2_asymptotic_v12-v1/10000/3AC425B3-19D7-E511-97B1-0025905B85AA.root
05-Oct-2023 13:20:14 CEST  Initiating request to open file root://eospublic.cern.ch//eos/opendata/cms/mc/RunIIFall15MiniAODv2/QCD_HT1500to2000_GenJets5_TuneCUETP8M1_13TeV-madgraphMLM-pythia8/MINIAODSIM/PU25nsData2015v1_76X_mcRun2_asymptotic_v12-v1/10000/3AC7AD91-19D7-E511-816E-0CC47A4D7674.root
%MSG-w XrdAdaptor:  file_open 05-Oct-2023 13:20:14 CEST PostProcessEvent
Data is served from cern.ch instead of original site eospublic
%MSG
05-Oct-2023 13:20:14 CEST  Successfully opened file root://eospublic.cern.ch//eos/opendata/cms/mc/RunIIFall15MiniAODv2/QCD_HT1500to2000_GenJets5_TuneCUETP8M1_13TeV-madgraphMLM-pythia8/MINIAODSIM/PU25nsData2015v1_76X_mcRun2_asymptotic_v12-v1/10000/3AC7AD91-19D7-E511-816E-0CC47A4D7674.root
Begin processing the 300001st record. Run 1, Event 19216044, LumiSection 4191 at 05-Oct-2023 13:20:15.884 CEST
05-Oct-2023 13:20:17 CEST  Closed file root://eospublic.cern.ch//eos/opendata/cms/mc/RunIIFall15MiniAODv2/QCD_HT1500to2000_GenJets5_TuneCUETP8M1_13TeV-madgraphMLM-pythia8/MINIAODSIM/PU25nsData2015v1_76X_mcRun2_asymptotic_v12-v1/10000/3AC7AD91-19D7-E511-816E-0CC47A4D7674.root
05-Oct-2023 13:20:17 CEST  Initiating request to open file root://eospublic.cern.ch//eos/opendata/cms/mc/RunIIFall15MiniAODv2/QCD_HT1500to2000_GenJets5_TuneCUETP8M1_13TeV-madgraphMLM-pythia8/MINIAODSIM/PU25nsData2015v1_76X_mcRun2_asymptotic_v12-v1/10000/46BD0DA8-19D7-E511-9C19-0CC47A4D767C.root
%MSG-w XrdAdaptor:  file_open 05-Oct-2023 13:20:17 CEST PostProcessEvent
Data is served from cern.ch instead of original site eospublic
%MSG
05-Oct-2023 13:20:17 CEST  Successfully opened file root://eospublic.cern.ch//eos/opendata/cms/mc/RunIIFall15MiniAODv2/QCD_HT1500to2000_GenJets5_TuneCUETP8M1_13TeV-madgraphMLM-pythia8/MINIAODSIM/PU25nsData2015v1_76X_mcRun2_asymptotic_v12-v1/10000/46BD0DA8-19D7-E511-9C19-0CC47A4D767C.root
05-Oct-2023 13:20:20 CEST  Closed file root://eospublic.cern.ch//eos/opendata/cms/mc/RunIIFall15MiniAODv2/QCD_HT1500to2000_GenJets5_TuneCUETP8M1_13TeV-madgraphMLM-pythia8/MINIAODSIM/PU25nsData2015v1_76X_mcRun2_asymptotic_v12-v1/10000/46BD0DA8-19D7-E511-9C19-0CC47A4D767C.root
05-Oct-2023 13:20:20 CEST  Initiating request to open file root://eospublic.cern.ch//eos/opendata/cms/mc/RunIIFall15MiniAODv2/QCD_HT1500to2000_GenJets5_TuneCUETP8M1_13TeV-madgraphMLM-pythia8/MINIAODSIM/PU25nsData2015v1_76X_mcRun2_asymptotic_v12-v1/10000/4AB46FAF-19D7-E511-8852-0CC47A78A3B4.root
%MSG-w XrdAdaptor:  file_open 05-Oct-2023 13:20:20 CEST PostProcessEvent
Data is served from cern.ch instead of original site eospublic
%MSG
05-Oct-2023 13:20:20 CEST  Successfully opened file root://eospublic.cern.ch//eos/opendata/cms/mc/RunIIFall15MiniAODv2/QCD_HT1500to2000_GenJets5_TuneCUETP8M1_13TeV-madgraphMLM-pythia8/MINIAODSIM/PU25nsData2015v1_76X_mcRun2_asymptotic_v12-v1/10000/4AB46FAF-19D7-E511-8852-0CC47A78A3B4.root
Begin processing the 400001st record. Run 1, Event 42423723, LumiSection 9252 at 05-Oct-2023 13:20:23.355 CEST
05-Oct-2023 13:20:23 CEST  Closed file root://eospublic.cern.ch//eos/opendata/cms/mc/RunIIFall15MiniAODv2/QCD_HT1500to2000_GenJets5_TuneCUETP8M1_13TeV-madgraphMLM-pythia8/MINIAODSIM/PU25nsData2015v1_76X_mcRun2_asymptotic_v12-v1/10000/4AB46FAF-19D7-E511-8852-0CC47A78A3B4.root
05-Oct-2023 13:20:23 CEST  Initiating request to open file root://eospublic.cern.ch//eos/opendata/cms/mc/RunIIFall15MiniAODv2/QCD_HT1500to2000_GenJets5_TuneCUETP8M1_13TeV-madgraphMLM-pythia8/MINIAODSIM/PU25nsData2015v1_76X_mcRun2_asymptotic_v12-v1/10000/52DF55AF-19D7-E511-A429-0CC47A4D7690.root
%MSG-w XrdAdaptor:  file_open 05-Oct-2023 13:20:23 CEST PostProcessEvent
Data is served from cern.ch instead of original site eospublic
%MSG
05-Oct-2023 13:20:23 CEST  Successfully opened file root://eospublic.cern.ch//eos/opendata/cms/mc/RunIIFall15MiniAODv2/QCD_HT1500to2000_GenJets5_TuneCUETP8M1_13TeV-madgraphMLM-pythia8/MINIAODSIM/PU25nsData2015v1_76X_mcRun2_asymptotic_v12-v1/10000/52DF55AF-19D7-E511-A429-0CC47A4D7690.root
05-Oct-2023 13:20:26 CEST  Closed file root://eospublic.cern.ch//eos/opendata/cms/mc/RunIIFall15MiniAODv2/QCD_HT1500to2000_GenJets5_TuneCUETP8M1_13TeV-madgraphMLM-pythia8/MINIAODSIM/PU25nsData2015v1_76X_mcRun2_asymptotic_v12-v1/10000/52DF55AF-19D7-E511-A429-0CC47A4D7690.root
05-Oct-2023 13:20:26 CEST  Initiating request to open file root://eospublic.cern.ch//eos/opendata/cms/mc/RunIIFall15MiniAODv2/QCD_HT1500to2000_GenJets5_TuneCUETP8M1_13TeV-madgraphMLM-pythia8/MINIAODSIM/PU25nsData2015v1_76X_mcRun2_asymptotic_v12-v1/10000/58CE92AF-19D7-E511-9416-0CC47A4D760C.root
%MSG-w XrdAdaptor:  file_open 05-Oct-2023 13:20:26 CEST PostProcessEvent
Data is served from cern.ch instead of original site eospublic
%MSG
05-Oct-2023 13:20:26 CEST  Successfully opened file root://eospublic.cern.ch//eos/opendata/cms/mc/RunIIFall15MiniAODv2/QCD_HT1500to2000_GenJets5_TuneCUETP8M1_13TeV-madgraphMLM-pythia8/MINIAODSIM/PU25nsData2015v1_76X_mcRun2_asymptotic_v12-v1/10000/58CE92AF-19D7-E511-9416-0CC47A4D760C.root
05-Oct-2023 13:20:30 CEST  Closed file root://eospublic.cern.ch//eos/opendata/cms/mc/RunIIFall15MiniAODv2/QCD_HT1500to2000_GenJets5_TuneCUETP8M1_13TeV-madgraphMLM-pythia8/MINIAODSIM/PU25nsData2015v1_76X_mcRun2_asymptotic_v12-v1/10000/58CE92AF-19D7-E511-9416-0CC47A4D760C.root
05-Oct-2023 13:20:30 CEST  Initiating request to open file root://eospublic.cern.ch//eos/opendata/cms/mc/RunIIFall15MiniAODv2/QCD_HT1500to2000_GenJets5_TuneCUETP8M1_13TeV-madgraphMLM-pythia8/MINIAODSIM/PU25nsData2015v1_76X_mcRun2_asymptotic_v12-v1/10000/766C9D8D-1AD7-E511-8248-0CC47A4C8EE8.root
%MSG-w XrdAdaptor:  file_open 05-Oct-2023 13:20:30 CEST PostProcessEvent
Data is served from cern.ch instead of original site eospublic
%MSG
05-Oct-2023 13:20:30 CEST  Successfully opened file root://eospublic.cern.ch//eos/opendata/cms/mc/RunIIFall15MiniAODv2/QCD_HT1500to2000_GenJets5_TuneCUETP8M1_13TeV-madgraphMLM-pythia8/MINIAODSIM/PU25nsData2015v1_76X_mcRun2_asymptotic_v12-v1/10000/766C9D8D-1AD7-E511-8248-0CC47A4C8EE8.root
Begin processing the 500001st record. Run 1, Event 19142458, LumiSection 4175 at 05-Oct-2023 13:20:31.886 CEST
05-Oct-2023 13:20:32 CEST  Closed file root://eospublic.cern.ch//eos/opendata/cms/mc/RunIIFall15MiniAODv2/QCD_HT1500to2000_GenJets5_TuneCUETP8M1_13TeV-madgraphMLM-pythia8/MINIAODSIM/PU25nsData2015v1_76X_mcRun2_asymptotic_v12-v1/10000/766C9D8D-1AD7-E511-8248-0CC47A4C8EE8.root
05-Oct-2023 13:20:32 CEST  Initiating request to open file root://eospublic.cern.ch//eos/opendata/cms/mc/RunIIFall15MiniAODv2/QCD_HT1500to2000_GenJets5_TuneCUETP8M1_13TeV-madgraphMLM-pythia8/MINIAODSIM/PU25nsData2015v1_76X_mcRun2_asymptotic_v12-v1/10000/78FD2CB2-19D7-E511-AF77-0025905A48BA.root
%MSG-w XrdAdaptor:  file_open 05-Oct-2023 13:20:32 CEST PostProcessEvent
Data is served from cern.ch instead of original site eospublic
%MSG
05-Oct-2023 13:20:32 CEST  Successfully opened file root://eospublic.cern.ch//eos/opendata/cms/mc/RunIIFall15MiniAODv2/QCD_HT1500to2000_GenJets5_TuneCUETP8M1_13TeV-madgraphMLM-pythia8/MINIAODSIM/PU25nsData2015v1_76X_mcRun2_asymptotic_v12-v1/10000/78FD2CB2-19D7-E511-AF77-0025905A48BA.root
05-Oct-2023 13:20:35 CEST  Closed file root://eospublic.cern.ch//eos/opendata/cms/mc/RunIIFall15MiniAODv2/QCD_HT1500to2000_GenJets5_TuneCUETP8M1_13TeV-madgraphMLM-pythia8/MINIAODSIM/PU25nsData2015v1_76X_mcRun2_asymptotic_v12-v1/10000/78FD2CB2-19D7-E511-AF77-0025905A48BA.root
05-Oct-2023 13:20:35 CEST  Initiating request to open file root://eospublic.cern.ch//eos/opendata/cms/mc/RunIIFall15MiniAODv2/QCD_HT1500to2000_GenJets5_TuneCUETP8M1_13TeV-madgraphMLM-pythia8/MINIAODSIM/PU25nsData2015v1_76X_mcRun2_asymptotic_v12-v1/10000/90CCAD63-19D7-E511-9276-0CC47A4D765A.root
%MSG-w XrdAdaptor:  file_open 05-Oct-2023 13:20:35 CEST PostProcessEvent
Data is served from cern.ch instead of original site eospublic
%MSG
05-Oct-2023 13:20:35 CEST  Successfully opened file root://eospublic.cern.ch//eos/opendata/cms/mc/RunIIFall15MiniAODv2/QCD_HT1500to2000_GenJets5_TuneCUETP8M1_13TeV-madgraphMLM-pythia8/MINIAODSIM/PU25nsData2015v1_76X_mcRun2_asymptotic_v12-v1/10000/90CCAD63-19D7-E511-9276-0CC47A4D765A.root
05-Oct-2023 13:20:39 CEST  Closed file root://eospublic.cern.ch//eos/opendata/cms/mc/RunIIFall15MiniAODv2/QCD_HT1500to2000_GenJets5_TuneCUETP8M1_13TeV-madgraphMLM-pythia8/MINIAODSIM/PU25nsData2015v1_76X_mcRun2_asymptotic_v12-v1/10000/90CCAD63-19D7-E511-9276-0CC47A4D765A.root
05-Oct-2023 13:20:39 CEST  Initiating request to open file root://eospublic.cern.ch//eos/opendata/cms/mc/RunIIFall15MiniAODv2/QCD_HT1500to2000_GenJets5_TuneCUETP8M1_13TeV-madgraphMLM-pythia8/MINIAODSIM/PU25nsData2015v1_76X_mcRun2_asymptotic_v12-v1/10000/92597C83-19D7-E511-A82E-0CC47A4D7604.root
%MSG-w XrdAdaptor:  file_open 05-Oct-2023 13:20:39 CEST PostProcessEvent
Data is served from cern.ch instead of original site eospublic
%MSG
05-Oct-2023 13:20:39 CEST  Successfully opened file root://eospublic.cern.ch//eos/opendata/cms/mc/RunIIFall15MiniAODv2/QCD_HT1500to2000_GenJets5_TuneCUETP8M1_13TeV-madgraphMLM-pythia8/MINIAODSIM/PU25nsData2015v1_76X_mcRun2_asymptotic_v12-v1/10000/92597C83-19D7-E511-A82E-0CC47A4D7604.root
Begin processing the 600001st record. Run 1, Event 9180692, LumiSection 2003 at 05-Oct-2023 13:20:40.268 CEST
05-Oct-2023 13:20:42 CEST  Closed file root://eospublic.cern.ch//eos/opendata/cms/mc/RunIIFall15MiniAODv2/QCD_HT1500to2000_GenJets5_TuneCUETP8M1_13TeV-madgraphMLM-pythia8/MINIAODSIM/PU25nsData2015v1_76X_mcRun2_asymptotic_v12-v1/10000/92597C83-19D7-E511-A82E-0CC47A4D7604.root
05-Oct-2023 13:20:42 CEST  Initiating request to open file root://eospublic.cern.ch//eos/opendata/cms/mc/RunIIFall15MiniAODv2/QCD_HT1500to2000_GenJets5_TuneCUETP8M1_13TeV-madgraphMLM-pythia8/MINIAODSIM/PU25nsData2015v1_76X_mcRun2_asymptotic_v12-v1/10000/9601E78F-19D7-E511-91E9-0CC47A4C8E86.root
%MSG-w XrdAdaptor:  file_open 05-Oct-2023 13:20:42 CEST PostProcessEvent
Data is served from cern.ch instead of original site eospublic
%MSG
05-Oct-2023 13:20:42 CEST  Successfully opened file root://eospublic.cern.ch//eos/opendata/cms/mc/RunIIFall15MiniAODv2/QCD_HT1500to2000_GenJets5_TuneCUETP8M1_13TeV-madgraphMLM-pythia8/MINIAODSIM/PU25nsData2015v1_76X_mcRun2_asymptotic_v12-v1/10000/9601E78F-19D7-E511-91E9-0CC47A4C8E86.root
05-Oct-2023 13:20:45 CEST  Closed file root://eospublic.cern.ch//eos/opendata/cms/mc/RunIIFall15MiniAODv2/QCD_HT1500to2000_GenJets5_TuneCUETP8M1_13TeV-madgraphMLM-pythia8/MINIAODSIM/PU25nsData2015v1_76X_mcRun2_asymptotic_v12-v1/10000/9601E78F-19D7-E511-91E9-0CC47A4C8E86.root
05-Oct-2023 13:20:45 CEST  Initiating request to open file root://eospublic.cern.ch//eos/opendata/cms/mc/RunIIFall15MiniAODv2/QCD_HT1500to2000_GenJets5_TuneCUETP8M1_13TeV-madgraphMLM-pythia8/MINIAODSIM/PU25nsData2015v1_76X_mcRun2_asymptotic_v12-v1/10000/A28E13B1-19D7-E511-BEDE-0CC47A4C8F08.root
%MSG-w XrdAdaptor:  file_open 05-Oct-2023 13:20:45 CEST PostProcessEvent
Data is served from cern.ch instead of original site eospublic
%MSG
05-Oct-2023 13:20:45 CEST  Successfully opened file root://eospublic.cern.ch//eos/opendata/cms/mc/RunIIFall15MiniAODv2/QCD_HT1500to2000_GenJets5_TuneCUETP8M1_13TeV-madgraphMLM-pythia8/MINIAODSIM/PU25nsData2015v1_76X_mcRun2_asymptotic_v12-v1/10000/A28E13B1-19D7-E511-BEDE-0CC47A4C8F08.root
Begin processing the 700001st record. Run 1, Event 56613963, LumiSection 12346 at 05-Oct-2023 13:20:47.982 CEST
05-Oct-2023 13:20:48 CEST  Closed file root://eospublic.cern.ch//eos/opendata/cms/mc/RunIIFall15MiniAODv2/QCD_HT1500to2000_GenJets5_TuneCUETP8M1_13TeV-madgraphMLM-pythia8/MINIAODSIM/PU25nsData2015v1_76X_mcRun2_asymptotic_v12-v1/10000/A28E13B1-19D7-E511-BEDE-0CC47A4C8F08.root
05-Oct-2023 13:20:48 CEST  Initiating request to open file root://eospublic.cern.ch//eos/opendata/cms/mc/RunIIFall15MiniAODv2/QCD_HT1500to2000_GenJets5_TuneCUETP8M1_13TeV-madgraphMLM-pythia8/MINIAODSIM/PU25nsData2015v1_76X_mcRun2_asymptotic_v12-v1/10000/A66E3F6F-19D7-E511-BC59-0CC47A4D76CC.root
%MSG-w XrdAdaptor:  file_open 05-Oct-2023 13:20:48 CEST PostProcessEvent
Data is served from cern.ch instead of original site eospublic
%MSG
05-Oct-2023 13:20:48 CEST  Successfully opened file root://eospublic.cern.ch//eos/opendata/cms/mc/RunIIFall15MiniAODv2/QCD_HT1500to2000_GenJets5_TuneCUETP8M1_13TeV-madgraphMLM-pythia8/MINIAODSIM/PU25nsData2015v1_76X_mcRun2_asymptotic_v12-v1/10000/A66E3F6F-19D7-E511-BC59-0CC47A4D76CC.root
05-Oct-2023 13:20:52 CEST  Closed file root://eospublic.cern.ch//eos/opendata/cms/mc/RunIIFall15MiniAODv2/QCD_HT1500to2000_GenJets5_TuneCUETP8M1_13TeV-madgraphMLM-pythia8/MINIAODSIM/PU25nsData2015v1_76X_mcRun2_asymptotic_v12-v1/10000/A66E3F6F-19D7-E511-BC59-0CC47A4D76CC.root
05-Oct-2023 13:20:52 CEST  Initiating request to open file root://eospublic.cern.ch//eos/opendata/cms/mc/RunIIFall15MiniAODv2/QCD_HT1500to2000_GenJets5_TuneCUETP8M1_13TeV-madgraphMLM-pythia8/MINIAODSIM/PU25nsData2015v1_76X_mcRun2_asymptotic_v12-v1/10000/A84C5C58-1AD7-E511-9940-0CC47A4D7604.root
%MSG-w XrdAdaptor:  file_open 05-Oct-2023 13:20:52 CEST PostProcessEvent
Data is served from cern.ch instead of original site eospublic
%MSG
05-Oct-2023 13:20:52 CEST  Successfully opened file root://eospublic.cern.ch//eos/opendata/cms/mc/RunIIFall15MiniAODv2/QCD_HT1500to2000_GenJets5_TuneCUETP8M1_13TeV-madgraphMLM-pythia8/MINIAODSIM/PU25nsData2015v1_76X_mcRun2_asymptotic_v12-v1/10000/A84C5C58-1AD7-E511-9940-0CC47A4D7604.root
05-Oct-2023 13:20:54 CEST  Closed file root://eospublic.cern.ch//eos/opendata/cms/mc/RunIIFall15MiniAODv2/QCD_HT1500to2000_GenJets5_TuneCUETP8M1_13TeV-madgraphMLM-pythia8/MINIAODSIM/PU25nsData2015v1_76X_mcRun2_asymptotic_v12-v1/10000/A84C5C58-1AD7-E511-9940-0CC47A4D7604.root
05-Oct-2023 13:20:54 CEST  Initiating request to open file root://eospublic.cern.ch//eos/opendata/cms/mc/RunIIFall15MiniAODv2/QCD_HT1500to2000_GenJets5_TuneCUETP8M1_13TeV-madgraphMLM-pythia8/MINIAODSIM/PU25nsData2015v1_76X_mcRun2_asymptotic_v12-v1/10000/AC54658A-19D7-E511-938B-0025905B860E.root
%MSG-w XrdAdaptor:  file_open 05-Oct-2023 13:20:54 CEST PostProcessEvent
Data is served from cern.ch instead of original site eospublic
%MSG
05-Oct-2023 13:20:54 CEST  Successfully opened file root://eospublic.cern.ch//eos/opendata/cms/mc/RunIIFall15MiniAODv2/QCD_HT1500to2000_GenJets5_TuneCUETP8M1_13TeV-madgraphMLM-pythia8/MINIAODSIM/PU25nsData2015v1_76X_mcRun2_asymptotic_v12-v1/10000/AC54658A-19D7-E511-938B-0025905B860E.root
Begin processing the 800001st record. Run 1, Event 10832838, LumiSection 2363 at 05-Oct-2023 13:20:56.583 CEST
05-Oct-2023 13:20:58 CEST  Closed file root://eospublic.cern.ch//eos/opendata/cms/mc/RunIIFall15MiniAODv2/QCD_HT1500to2000_GenJets5_TuneCUETP8M1_13TeV-madgraphMLM-pythia8/MINIAODSIM/PU25nsData2015v1_76X_mcRun2_asymptotic_v12-v1/10000/AC54658A-19D7-E511-938B-0025905B860E.root
05-Oct-2023 13:20:58 CEST  Initiating request to open file root://eospublic.cern.ch//eos/opendata/cms/mc/RunIIFall15MiniAODv2/QCD_HT1500to2000_GenJets5_TuneCUETP8M1_13TeV-madgraphMLM-pythia8/MINIAODSIM/PU25nsData2015v1_76X_mcRun2_asymptotic_v12-v1/10000/B0198E66-19D7-E511-A81D-0CC47A4D7692.root
%MSG-w XrdAdaptor:  file_open 05-Oct-2023 13:20:58 CEST PostProcessEvent
Data is served from cern.ch instead of original site eospublic
%MSG
05-Oct-2023 13:20:58 CEST  Successfully opened file root://eospublic.cern.ch//eos/opendata/cms/mc/RunIIFall15MiniAODv2/QCD_HT1500to2000_GenJets5_TuneCUETP8M1_13TeV-madgraphMLM-pythia8/MINIAODSIM/PU25nsData2015v1_76X_mcRun2_asymptotic_v12-v1/10000/B0198E66-19D7-E511-A81D-0CC47A4D7692.root
05-Oct-2023 13:21:01 CEST  Closed file root://eospublic.cern.ch//eos/opendata/cms/mc/RunIIFall15MiniAODv2/QCD_HT1500to2000_GenJets5_TuneCUETP8M1_13TeV-madgraphMLM-pythia8/MINIAODSIM/PU25nsData2015v1_76X_mcRun2_asymptotic_v12-v1/10000/B0198E66-19D7-E511-A81D-0CC47A4D7692.root
05-Oct-2023 13:21:01 CEST  Initiating request to open file root://eospublic.cern.ch//eos/opendata/cms/mc/RunIIFall15MiniAODv2/QCD_HT1500to2000_GenJets5_TuneCUETP8M1_13TeV-madgraphMLM-pythia8/MINIAODSIM/PU25nsData2015v1_76X_mcRun2_asymptotic_v12-v1/10000/B023E03B-1AD7-E511-ADD9-0025905A605E.root
%MSG-w XrdAdaptor:  file_open 05-Oct-2023 13:21:01 CEST PostProcessEvent
Data is served from cern.ch instead of original site eospublic
%MSG
05-Oct-2023 13:21:01 CEST  Successfully opened file root://eospublic.cern.ch//eos/opendata/cms/mc/RunIIFall15MiniAODv2/QCD_HT1500to2000_GenJets5_TuneCUETP8M1_13TeV-madgraphMLM-pythia8/MINIAODSIM/PU25nsData2015v1_76X_mcRun2_asymptotic_v12-v1/10000/B023E03B-1AD7-E511-ADD9-0025905A605E.root
05-Oct-2023 13:21:04 CEST  Closed file root://eospublic.cern.ch//eos/opendata/cms/mc/RunIIFall15MiniAODv2/QCD_HT1500to2000_GenJets5_TuneCUETP8M1_13TeV-madgraphMLM-pythia8/MINIAODSIM/PU25nsData2015v1_76X_mcRun2_asymptotic_v12-v1/10000/B023E03B-1AD7-E511-ADD9-0025905A605E.root
05-Oct-2023 13:21:04 CEST  Initiating request to open file root://eospublic.cern.ch//eos/opendata/cms/mc/RunIIFall15MiniAODv2/QCD_HT1500to2000_GenJets5_TuneCUETP8M1_13TeV-madgraphMLM-pythia8/MINIAODSIM/PU25nsData2015v1_76X_mcRun2_asymptotic_v12-v1/10000/B2772CAE-19D7-E511-8203-0CC47A4C8E28.root
%MSG-w XrdAdaptor:  file_open 05-Oct-2023 13:21:04 CEST PostProcessEvent
Data is served from cern.ch instead of original site eospublic
%MSG
05-Oct-2023 13:21:04 CEST  Successfully opened file root://eospublic.cern.ch//eos/opendata/cms/mc/RunIIFall15MiniAODv2/QCD_HT1500to2000_GenJets5_TuneCUETP8M1_13TeV-madgraphMLM-pythia8/MINIAODSIM/PU25nsData2015v1_76X_mcRun2_asymptotic_v12-v1/10000/B2772CAE-19D7-E511-8203-0CC47A4C8E28.root
Begin processing the 900001st record. Run 1, Event 34878123, LumiSection 7606 at 05-Oct-2023 13:21:05.326 CEST
05-Oct-2023 13:21:07 CEST  Closed file root://eospublic.cern.ch//eos/opendata/cms/mc/RunIIFall15MiniAODv2/QCD_HT1500to2000_GenJets5_TuneCUETP8M1_13TeV-madgraphMLM-pythia8/MINIAODSIM/PU25nsData2015v1_76X_mcRun2_asymptotic_v12-v1/10000/B2772CAE-19D7-E511-8203-0CC47A4C8E28.root
05-Oct-2023 13:21:07 CEST  Initiating request to open file root://eospublic.cern.ch//eos/opendata/cms/mc/RunIIFall15MiniAODv2/QCD_HT1500to2000_GenJets5_TuneCUETP8M1_13TeV-madgraphMLM-pythia8/MINIAODSIM/PU25nsData2015v1_76X_mcRun2_asymptotic_v12-v1/10000/B693EF4D-19D7-E511-84C1-0CC47A4D76B6.root
%MSG-w XrdAdaptor:  file_open 05-Oct-2023 13:21:07 CEST PostProcessEvent
Data is served from cern.ch instead of original site eospublic
%MSG
05-Oct-2023 13:21:07 CEST  Successfully opened file root://eospublic.cern.ch//eos/opendata/cms/mc/RunIIFall15MiniAODv2/QCD_HT1500to2000_GenJets5_TuneCUETP8M1_13TeV-madgraphMLM-pythia8/MINIAODSIM/PU25nsData2015v1_76X_mcRun2_asymptotic_v12-v1/10000/B693EF4D-19D7-E511-84C1-0CC47A4D76B6.root
05-Oct-2023 13:21:11 CEST  Closed file root://eospublic.cern.ch//eos/opendata/cms/mc/RunIIFall15MiniAODv2/QCD_HT1500to2000_GenJets5_TuneCUETP8M1_13TeV-madgraphMLM-pythia8/MINIAODSIM/PU25nsData2015v1_76X_mcRun2_asymptotic_v12-v1/10000/B693EF4D-19D7-E511-84C1-0CC47A4D76B6.root
05-Oct-2023 13:21:11 CEST  Initiating request to open file root://eospublic.cern.ch//eos/opendata/cms/mc/RunIIFall15MiniAODv2/QCD_HT1500to2000_GenJets5_TuneCUETP8M1_13TeV-madgraphMLM-pythia8/MINIAODSIM/PU25nsData2015v1_76X_mcRun2_asymptotic_v12-v1/10000/BA1D47A4-19D7-E511-8794-0025905B861C.root
%MSG-w XrdAdaptor:  file_open 05-Oct-2023 13:21:11 CEST PostProcessEvent
Data is served from cern.ch instead of original site eospublic
%MSG
05-Oct-2023 13:21:11 CEST  Successfully opened file root://eospublic.cern.ch//eos/opendata/cms/mc/RunIIFall15MiniAODv2/QCD_HT1500to2000_GenJets5_TuneCUETP8M1_13TeV-madgraphMLM-pythia8/MINIAODSIM/PU25nsData2015v1_76X_mcRun2_asymptotic_v12-v1/10000/BA1D47A4-19D7-E511-8794-0025905B861C.root
Begin processing the 1000001st record. Run 1, Event 30211243, LumiSection 6589 at 05-Oct-2023 13:21:12.974 CEST
05-Oct-2023 13:21:14 CEST  Closed file root://eospublic.cern.ch//eos/opendata/cms/mc/RunIIFall15MiniAODv2/QCD_HT1500to2000_GenJets5_TuneCUETP8M1_13TeV-madgraphMLM-pythia8/MINIAODSIM/PU25nsData2015v1_76X_mcRun2_asymptotic_v12-v1/10000/BA1D47A4-19D7-E511-8794-0025905B861C.root
05-Oct-2023 13:21:14 CEST  Initiating request to open file root://eospublic.cern.ch//eos/opendata/cms/mc/RunIIFall15MiniAODv2/QCD_HT1500to2000_GenJets5_TuneCUETP8M1_13TeV-madgraphMLM-pythia8/MINIAODSIM/PU25nsData2015v1_76X_mcRun2_asymptotic_v12-v1/10000/BACDDA6F-19D7-E511-ADFA-0CC47A4D7632.root
%MSG-w XrdAdaptor:  file_open 05-Oct-2023 13:21:14 CEST PostProcessEvent
Data is served from cern.ch instead of original site eospublic
%MSG
05-Oct-2023 13:21:14 CEST  Successfully opened file root://eospublic.cern.ch//eos/opendata/cms/mc/RunIIFall15MiniAODv2/QCD_HT1500to2000_GenJets5_TuneCUETP8M1_13TeV-madgraphMLM-pythia8/MINIAODSIM/PU25nsData2015v1_76X_mcRun2_asymptotic_v12-v1/10000/BACDDA6F-19D7-E511-ADFA-0CC47A4D7632.root
05-Oct-2023 13:21:17 CEST  Closed file root://eospublic.cern.ch//eos/opendata/cms/mc/RunIIFall15MiniAODv2/QCD_HT1500to2000_GenJets5_TuneCUETP8M1_13TeV-madgraphMLM-pythia8/MINIAODSIM/PU25nsData2015v1_76X_mcRun2_asymptotic_v12-v1/10000/BACDDA6F-19D7-E511-ADFA-0CC47A4D7632.root
05-Oct-2023 13:21:17 CEST  Initiating request to open file root://eospublic.cern.ch//eos/opendata/cms/mc/RunIIFall15MiniAODv2/QCD_HT1500to2000_GenJets5_TuneCUETP8M1_13TeV-madgraphMLM-pythia8/MINIAODSIM/PU25nsData2015v1_76X_mcRun2_asymptotic_v12-v1/10000/D426E6B4-19D7-E511-B432-0025905A60B2.root
%MSG-w XrdAdaptor:  file_open 05-Oct-2023 13:21:17 CEST PostProcessEvent
Data is served from cern.ch instead of original site eospublic
%MSG
05-Oct-2023 13:21:18 CEST  Successfully opened file root://eospublic.cern.ch//eos/opendata/cms/mc/RunIIFall15MiniAODv2/QCD_HT1500to2000_GenJets5_TuneCUETP8M1_13TeV-madgraphMLM-pythia8/MINIAODSIM/PU25nsData2015v1_76X_mcRun2_asymptotic_v12-v1/10000/D426E6B4-19D7-E511-B432-0025905A60B2.root
Begin processing the 1100001st record. Run 1, Event 44491561, LumiSection 9703 at 05-Oct-2023 13:21:20.698 CEST
05-Oct-2023 13:21:21 CEST  Closed file root://eospublic.cern.ch//eos/opendata/cms/mc/RunIIFall15MiniAODv2/QCD_HT1500to2000_GenJets5_TuneCUETP8M1_13TeV-madgraphMLM-pythia8/MINIAODSIM/PU25nsData2015v1_76X_mcRun2_asymptotic_v12-v1/10000/D426E6B4-19D7-E511-B432-0025905A60B2.root
05-Oct-2023 13:21:21 CEST  Initiating request to open file root://eospublic.cern.ch//eos/opendata/cms/mc/RunIIFall15MiniAODv2/QCD_HT1500to2000_GenJets5_TuneCUETP8M1_13TeV-madgraphMLM-pythia8/MINIAODSIM/PU25nsData2015v1_76X_mcRun2_asymptotic_v12-v1/10000/D42EA6AB-19D7-E511-BE39-0026189438DF.root
%MSG-w XrdAdaptor:  file_open 05-Oct-2023 13:21:21 CEST PostProcessEvent
Data is served from cern.ch instead of original site eospublic
%MSG
05-Oct-2023 13:21:21 CEST  Successfully opened file root://eospublic.cern.ch//eos/opendata/cms/mc/RunIIFall15MiniAODv2/QCD_HT1500to2000_GenJets5_TuneCUETP8M1_13TeV-madgraphMLM-pythia8/MINIAODSIM/PU25nsData2015v1_76X_mcRun2_asymptotic_v12-v1/10000/D42EA6AB-19D7-E511-BE39-0026189438DF.root
05-Oct-2023 13:21:24 CEST  Closed file root://eospublic.cern.ch//eos/opendata/cms/mc/RunIIFall15MiniAODv2/QCD_HT1500to2000_GenJets5_TuneCUETP8M1_13TeV-madgraphMLM-pythia8/MINIAODSIM/PU25nsData2015v1_76X_mcRun2_asymptotic_v12-v1/10000/D42EA6AB-19D7-E511-BE39-0026189438DF.root
05-Oct-2023 13:21:24 CEST  Initiating request to open file root://eospublic.cern.ch//eos/opendata/cms/mc/RunIIFall15MiniAODv2/QCD_HT1500to2000_GenJets5_TuneCUETP8M1_13TeV-madgraphMLM-pythia8/MINIAODSIM/PU25nsData2015v1_76X_mcRun2_asymptotic_v12-v1/10000/D6BE5394-19D7-E511-AD31-0CC47A4C8E46.root
%MSG-w XrdAdaptor:  file_open 05-Oct-2023 13:21:24 CEST PostProcessEvent
Data is served from cern.ch instead of original site eospublic
%MSG
05-Oct-2023 13:21:24 CEST  Successfully opened file root://eospublic.cern.ch//eos/opendata/cms/mc/RunIIFall15MiniAODv2/QCD_HT1500to2000_GenJets5_TuneCUETP8M1_13TeV-madgraphMLM-pythia8/MINIAODSIM/PU25nsData2015v1_76X_mcRun2_asymptotic_v12-v1/10000/D6BE5394-19D7-E511-AD31-0CC47A4C8E46.root
05-Oct-2023 13:21:27 CEST  Closed file root://eospublic.cern.ch//eos/opendata/cms/mc/RunIIFall15MiniAODv2/QCD_HT1500to2000_GenJets5_TuneCUETP8M1_13TeV-madgraphMLM-pythia8/MINIAODSIM/PU25nsData2015v1_76X_mcRun2_asymptotic_v12-v1/10000/D6BE5394-19D7-E511-AD31-0CC47A4C8E46.root
05-Oct-2023 13:21:27 CEST  Initiating request to open file root://eospublic.cern.ch//eos/opendata/cms/mc/RunIIFall15MiniAODv2/QCD_HT1500to2000_GenJets5_TuneCUETP8M1_13TeV-madgraphMLM-pythia8/MINIAODSIM/PU25nsData2015v1_76X_mcRun2_asymptotic_v12-v1/10000/F024F1B2-19D7-E511-AA8C-0CC47A4D762E.root
%MSG-w XrdAdaptor:  file_open 05-Oct-2023 13:21:27 CEST PostProcessEvent
Data is served from cern.ch instead of original site eospublic
%MSG
05-Oct-2023 13:21:27 CEST  Successfully opened file root://eospublic.cern.ch//eos/opendata/cms/mc/RunIIFall15MiniAODv2/QCD_HT1500to2000_GenJets5_TuneCUETP8M1_13TeV-madgraphMLM-pythia8/MINIAODSIM/PU25nsData2015v1_76X_mcRun2_asymptotic_v12-v1/10000/F024F1B2-19D7-E511-AA8C-0CC47A4D762E.root
Begin processing the 1200001st record. Run 1, Event 55532079, LumiSection 12110 at 05-Oct-2023 13:21:29.009 CEST
05-Oct-2023 13:21:29 CEST  Closed file root://eospublic.cern.ch//eos/opendata/cms/mc/RunIIFall15MiniAODv2/QCD_HT1500to2000_GenJets5_TuneCUETP8M1_13TeV-madgraphMLM-pythia8/MINIAODSIM/PU25nsData2015v1_76X_mcRun2_asymptotic_v12-v1/10000/F024F1B2-19D7-E511-AA8C-0CC47A4D762E.root
05-Oct-2023 13:21:29 CEST  Initiating request to open file root://eospublic.cern.ch//eos/opendata/cms/mc/RunIIFall15MiniAODv2/QCD_HT1500to2000_GenJets5_TuneCUETP8M1_13TeV-madgraphMLM-pythia8/MINIAODSIM/PU25nsData2015v1_76X_mcRun2_asymptotic_v12-v1/10000/F0F2FF94-19D7-E511-A4F8-0025905A60D2.root
%MSG-w XrdAdaptor:  file_open 05-Oct-2023 13:21:29 CEST PostProcessEvent
Data is served from cern.ch instead of original site eospublic
%MSG
05-Oct-2023 13:21:29 CEST  Successfully opened file root://eospublic.cern.ch//eos/opendata/cms/mc/RunIIFall15MiniAODv2/QCD_HT1500to2000_GenJets5_TuneCUETP8M1_13TeV-madgraphMLM-pythia8/MINIAODSIM/PU25nsData2015v1_76X_mcRun2_asymptotic_v12-v1/10000/F0F2FF94-19D7-E511-A4F8-0025905A60D2.root
05-Oct-2023 13:21:33 CEST  Closed file root://eospublic.cern.ch//eos/opendata/cms/mc/RunIIFall15MiniAODv2/QCD_HT1500to2000_GenJets5_TuneCUETP8M1_13TeV-madgraphMLM-pythia8/MINIAODSIM/PU25nsData2015v1_76X_mcRun2_asymptotic_v12-v1/10000/F0F2FF94-19D7-E511-A4F8-0025905A60D2.root
05-Oct-2023 13:21:33 CEST  Initiating request to open file root://eospublic.cern.ch//eos/opendata/cms/mc/RunIIFall15MiniAODv2/QCD_HT1500to2000_GenJets5_TuneCUETP8M1_13TeV-madgraphMLM-pythia8/MINIAODSIM/PU25nsData2015v1_76X_mcRun2_asymptotic_v12-v1/10000/F2761694-19D7-E511-9B19-0CC47A4C8F18.root
%MSG-w XrdAdaptor:  file_open 05-Oct-2023 13:21:33 CEST PostProcessEvent
Data is served from cern.ch instead of original site eospublic
%MSG
05-Oct-2023 13:21:33 CEST  Successfully opened file root://eospublic.cern.ch//eos/opendata/cms/mc/RunIIFall15MiniAODv2/QCD_HT1500to2000_GenJets5_TuneCUETP8M1_13TeV-madgraphMLM-pythia8/MINIAODSIM/PU25nsData2015v1_76X_mcRun2_asymptotic_v12-v1/10000/F2761694-19D7-E511-9B19-0CC47A4C8F18.root
05-Oct-2023 13:21:36 CEST  Closed file root://eospublic.cern.ch//eos/opendata/cms/mc/RunIIFall15MiniAODv2/QCD_HT1500to2000_GenJets5_TuneCUETP8M1_13TeV-madgraphMLM-pythia8/MINIAODSIM/PU25nsData2015v1_76X_mcRun2_asymptotic_v12-v1/10000/F2761694-19D7-E511-9B19-0CC47A4C8F18.root
05-Oct-2023 13:21:36 CEST  Initiating request to open file root://eospublic.cern.ch//eos/opendata/cms/mc/RunIIFall15MiniAODv2/QCD_HT1500to2000_GenJets5_TuneCUETP8M1_13TeV-madgraphMLM-pythia8/MINIAODSIM/PU25nsData2015v1_76X_mcRun2_asymptotic_v12-v1/10000/F4C6FA76-19D7-E511-8E3E-0025905B85AE.root
%MSG-w XrdAdaptor:  file_open 05-Oct-2023 13:21:36 CEST PostProcessEvent
Data is served from cern.ch instead of original site eospublic
%MSG
05-Oct-2023 13:21:36 CEST  Successfully opened file root://eospublic.cern.ch//eos/opendata/cms/mc/RunIIFall15MiniAODv2/QCD_HT1500to2000_GenJets5_TuneCUETP8M1_13TeV-madgraphMLM-pythia8/MINIAODSIM/PU25nsData2015v1_76X_mcRun2_asymptotic_v12-v1/10000/F4C6FA76-19D7-E511-8E3E-0025905B85AE.root
Begin processing the 1300001st record. Run 1, Event 15290922, LumiSection 3335 at 05-Oct-2023 13:21:38.056 CEST
05-Oct-2023 13:21:40 CEST  Closed file root://eospublic.cern.ch//eos/opendata/cms/mc/RunIIFall15MiniAODv2/QCD_HT1500to2000_GenJets5_TuneCUETP8M1_13TeV-madgraphMLM-pythia8/MINIAODSIM/PU25nsData2015v1_76X_mcRun2_asymptotic_v12-v1/10000/F4C6FA76-19D7-E511-8E3E-0025905B85AE.root
05-Oct-2023 13:21:40 CEST  Initiating request to open file root://eospublic.cern.ch//eos/opendata/cms/mc/RunIIFall15MiniAODv2/QCD_HT1500to2000_GenJets5_TuneCUETP8M1_13TeV-madgraphMLM-pythia8/MINIAODSIM/PU25nsData2015v1_76X_mcRun2_asymptotic_v12-v1/10000/FE49C66E-19D7-E511-92FF-0CC47A4C8E98.root
%MSG-w XrdAdaptor:  file_open 05-Oct-2023 13:21:40 CEST PostProcessEvent
Data is served from cern.ch instead of original site eospublic
%MSG
05-Oct-2023 13:21:40 CEST  Successfully opened file root://eospublic.cern.ch//eos/opendata/cms/mc/RunIIFall15MiniAODv2/QCD_HT1500to2000_GenJets5_TuneCUETP8M1_13TeV-madgraphMLM-pythia8/MINIAODSIM/PU25nsData2015v1_76X_mcRun2_asymptotic_v12-v1/10000/FE49C66E-19D7-E511-92FF-0CC47A4C8E98.root
05-Oct-2023 13:21:44 CEST  Closed file root://eospublic.cern.ch//eos/opendata/cms/mc/RunIIFall15MiniAODv2/QCD_HT1500to2000_GenJets5_TuneCUETP8M1_13TeV-madgraphMLM-pythia8/MINIAODSIM/PU25nsData2015v1_76X_mcRun2_asymptotic_v12-v1/10000/FE49C66E-19D7-E511-92FF-0CC47A4C8E98.root
05-Oct-2023 13:21:44 CEST  Initiating request to open file root://eospublic.cern.ch//eos/opendata/cms/mc/RunIIFall15MiniAODv2/QCD_HT1500to2000_GenJets5_TuneCUETP8M1_13TeV-madgraphMLM-pythia8/MINIAODSIM/PU25nsData2015v1_76X_mcRun2_asymptotic_v12-v1/40000/06A73BA2-47D7-E511-A9C4-0025905A60BE.root
%MSG-w XrdAdaptor:  file_open 05-Oct-2023 13:21:44 CEST PostProcessEvent
Data is served from cern.ch instead of original site eospublic
%MSG
05-Oct-2023 13:21:44 CEST  Successfully opened file root://eospublic.cern.ch//eos/opendata/cms/mc/RunIIFall15MiniAODv2/QCD_HT1500to2000_GenJets5_TuneCUETP8M1_13TeV-madgraphMLM-pythia8/MINIAODSIM/PU25nsData2015v1_76X_mcRun2_asymptotic_v12-v1/40000/06A73BA2-47D7-E511-A9C4-0025905A60BE.root
Begin processing the 1400001st record. Run 1, Event 54438308, LumiSection 11871 at 05-Oct-2023 13:21:45.594 CEST
05-Oct-2023 13:21:47 CEST  Closed file root://eospublic.cern.ch//eos/opendata/cms/mc/RunIIFall15MiniAODv2/QCD_HT1500to2000_GenJets5_TuneCUETP8M1_13TeV-madgraphMLM-pythia8/MINIAODSIM/PU25nsData2015v1_76X_mcRun2_asymptotic_v12-v1/40000/06A73BA2-47D7-E511-A9C4-0025905A60BE.root
05-Oct-2023 13:21:47 CEST  Initiating request to open file root://eospublic.cern.ch//eos/opendata/cms/mc/RunIIFall15MiniAODv2/QCD_HT1500to2000_GenJets5_TuneCUETP8M1_13TeV-madgraphMLM-pythia8/MINIAODSIM/PU25nsData2015v1_76X_mcRun2_asymptotic_v12-v1/40000/142A5462-47D7-E511-ACF5-0025905B85DA.root
%MSG-w XrdAdaptor:  file_open 05-Oct-2023 13:21:47 CEST PostProcessEvent
Data is served from cern.ch instead of original site eospublic
%MSG
05-Oct-2023 13:21:47 CEST  Successfully opened file root://eospublic.cern.ch//eos/opendata/cms/mc/RunIIFall15MiniAODv2/QCD_HT1500to2000_GenJets5_TuneCUETP8M1_13TeV-madgraphMLM-pythia8/MINIAODSIM/PU25nsData2015v1_76X_mcRun2_asymptotic_v12-v1/40000/142A5462-47D7-E511-ACF5-0025905B85DA.root
05-Oct-2023 13:21:50 CEST  Closed file root://eospublic.cern.ch//eos/opendata/cms/mc/RunIIFall15MiniAODv2/QCD_HT1500to2000_GenJets5_TuneCUETP8M1_13TeV-madgraphMLM-pythia8/MINIAODSIM/PU25nsData2015v1_76X_mcRun2_asymptotic_v12-v1/40000/142A5462-47D7-E511-ACF5-0025905B85DA.root
05-Oct-2023 13:21:50 CEST  Initiating request to open file root://eospublic.cern.ch//eos/opendata/cms/mc/RunIIFall15MiniAODv2/QCD_HT1500to2000_GenJets5_TuneCUETP8M1_13TeV-madgraphMLM-pythia8/MINIAODSIM/PU25nsData2015v1_76X_mcRun2_asymptotic_v12-v1/40000/189F892D-3CD7-E511-BF53-0026189438D8.root
%MSG-w XrdAdaptor:  file_open 05-Oct-2023 13:21:50 CEST PostProcessEvent
Data is served from cern.ch instead of original site eospublic
%MSG
05-Oct-2023 13:21:50 CEST  Successfully opened file root://eospublic.cern.ch//eos/opendata/cms/mc/RunIIFall15MiniAODv2/QCD_HT1500to2000_GenJets5_TuneCUETP8M1_13TeV-madgraphMLM-pythia8/MINIAODSIM/PU25nsData2015v1_76X_mcRun2_asymptotic_v12-v1/40000/189F892D-3CD7-E511-BF53-0026189438D8.root
Begin processing the 1500001st record. Run 1, Event 16204043, LumiSection 3534 at 05-Oct-2023 13:21:53.244 CEST
05-Oct-2023 13:21:54 CEST  Closed file root://eospublic.cern.ch//eos/opendata/cms/mc/RunIIFall15MiniAODv2/QCD_HT1500to2000_GenJets5_TuneCUETP8M1_13TeV-madgraphMLM-pythia8/MINIAODSIM/PU25nsData2015v1_76X_mcRun2_asymptotic_v12-v1/40000/189F892D-3CD7-E511-BF53-0026189438D8.root
05-Oct-2023 13:21:54 CEST  Initiating request to open file root://eospublic.cern.ch//eos/opendata/cms/mc/RunIIFall15MiniAODv2/QCD_HT1500to2000_GenJets5_TuneCUETP8M1_13TeV-madgraphMLM-pythia8/MINIAODSIM/PU25nsData2015v1_76X_mcRun2_asymptotic_v12-v1/40000/20DC3F9A-47D7-E511-B340-002618943810.root
%MSG-w XrdAdaptor:  file_open 05-Oct-2023 13:21:54 CEST PostProcessEvent
Data is served from cern.ch instead of original site eospublic
%MSG
05-Oct-2023 13:21:54 CEST  Successfully opened file root://eospublic.cern.ch//eos/opendata/cms/mc/RunIIFall15MiniAODv2/QCD_HT1500to2000_GenJets5_TuneCUETP8M1_13TeV-madgraphMLM-pythia8/MINIAODSIM/PU25nsData2015v1_76X_mcRun2_asymptotic_v12-v1/40000/20DC3F9A-47D7-E511-B340-002618943810.root
05-Oct-2023 13:21:57 CEST  Closed file root://eospublic.cern.ch//eos/opendata/cms/mc/RunIIFall15MiniAODv2/QCD_HT1500to2000_GenJets5_TuneCUETP8M1_13TeV-madgraphMLM-pythia8/MINIAODSIM/PU25nsData2015v1_76X_mcRun2_asymptotic_v12-v1/40000/20DC3F9A-47D7-E511-B340-002618943810.root
05-Oct-2023 13:21:57 CEST  Initiating request to open file root://eospublic.cern.ch//eos/opendata/cms/mc/RunIIFall15MiniAODv2/QCD_HT1500to2000_GenJets5_TuneCUETP8M1_13TeV-madgraphMLM-pythia8/MINIAODSIM/PU25nsData2015v1_76X_mcRun2_asymptotic_v12-v1/40000/2C43167E-47D7-E511-AA65-0CC47A4C8E1E.root
%MSG-w XrdAdaptor:  file_open 05-Oct-2023 13:21:57 CEST PostProcessEvent
Data is served from cern.ch instead of original site eospublic
%MSG
05-Oct-2023 13:21:57 CEST  Successfully opened file root://eospublic.cern.ch//eos/opendata/cms/mc/RunIIFall15MiniAODv2/QCD_HT1500to2000_GenJets5_TuneCUETP8M1_13TeV-madgraphMLM-pythia8/MINIAODSIM/PU25nsData2015v1_76X_mcRun2_asymptotic_v12-v1/40000/2C43167E-47D7-E511-AA65-0CC47A4C8E1E.root
Begin processing the 1600001st record. Run 1, Event 51563090, LumiSection 11245 at 05-Oct-2023 13:22:01.187 CEST
05-Oct-2023 13:22:01 CEST  Closed file root://eospublic.cern.ch//eos/opendata/cms/mc/RunIIFall15MiniAODv2/QCD_HT1500to2000_GenJets5_TuneCUETP8M1_13TeV-madgraphMLM-pythia8/MINIAODSIM/PU25nsData2015v1_76X_mcRun2_asymptotic_v12-v1/40000/2C43167E-47D7-E511-AA65-0CC47A4C8E1E.root
05-Oct-2023 13:22:01 CEST  Initiating request to open file root://eospublic.cern.ch//eos/opendata/cms/mc/RunIIFall15MiniAODv2/QCD_HT1500to2000_GenJets5_TuneCUETP8M1_13TeV-madgraphMLM-pythia8/MINIAODSIM/PU25nsData2015v1_76X_mcRun2_asymptotic_v12-v1/40000/30999D3E-3CD7-E511-9C64-0CC47A78A4B0.root
%MSG-w XrdAdaptor:  file_open 05-Oct-2023 13:22:01 CEST PostProcessEvent
Data is served from cern.ch instead of original site eospublic
%MSG
05-Oct-2023 13:22:01 CEST  Successfully opened file root://eospublic.cern.ch//eos/opendata/cms/mc/RunIIFall15MiniAODv2/QCD_HT1500to2000_GenJets5_TuneCUETP8M1_13TeV-madgraphMLM-pythia8/MINIAODSIM/PU25nsData2015v1_76X_mcRun2_asymptotic_v12-v1/40000/30999D3E-3CD7-E511-9C64-0CC47A78A4B0.root
05-Oct-2023 13:22:05 CEST  Closed file root://eospublic.cern.ch//eos/opendata/cms/mc/RunIIFall15MiniAODv2/QCD_HT1500to2000_GenJets5_TuneCUETP8M1_13TeV-madgraphMLM-pythia8/MINIAODSIM/PU25nsData2015v1_76X_mcRun2_asymptotic_v12-v1/40000/30999D3E-3CD7-E511-9C64-0CC47A78A4B0.root
05-Oct-2023 13:22:05 CEST  Initiating request to open file root://eospublic.cern.ch//eos/opendata/cms/mc/RunIIFall15MiniAODv2/QCD_HT1500to2000_GenJets5_TuneCUETP8M1_13TeV-madgraphMLM-pythia8/MINIAODSIM/PU25nsData2015v1_76X_mcRun2_asymptotic_v12-v1/40000/5A58C699-47D7-E511-A453-0CC47A4D768C.root
%MSG-w XrdAdaptor:  file_open 05-Oct-2023 13:22:05 CEST PostProcessEvent
Data is served from cern.ch instead of original site eospublic
%MSG
05-Oct-2023 13:22:05 CEST  Successfully opened file root://eospublic.cern.ch//eos/opendata/cms/mc/RunIIFall15MiniAODv2/QCD_HT1500to2000_GenJets5_TuneCUETP8M1_13TeV-madgraphMLM-pythia8/MINIAODSIM/PU25nsData2015v1_76X_mcRun2_asymptotic_v12-v1/40000/5A58C699-47D7-E511-A453-0CC47A4D768C.root
05-Oct-2023 13:22:08 CEST  Closed file root://eospublic.cern.ch//eos/opendata/cms/mc/RunIIFall15MiniAODv2/QCD_HT1500to2000_GenJets5_TuneCUETP8M1_13TeV-madgraphMLM-pythia8/MINIAODSIM/PU25nsData2015v1_76X_mcRun2_asymptotic_v12-v1/40000/5A58C699-47D7-E511-A453-0CC47A4D768C.root
05-Oct-2023 13:22:08 CEST  Initiating request to open file root://eospublic.cern.ch//eos/opendata/cms/mc/RunIIFall15MiniAODv2/QCD_HT1500to2000_GenJets5_TuneCUETP8M1_13TeV-madgraphMLM-pythia8/MINIAODSIM/PU25nsData2015v1_76X_mcRun2_asymptotic_v12-v1/40000/8A518AFB-34D7-E511-A6BB-0025905A6126.root
%MSG-w XrdAdaptor:  file_open 05-Oct-2023 13:22:08 CEST PostProcessEvent
Data is served from cern.ch instead of original site eospublic
%MSG
05-Oct-2023 13:22:08 CEST  Successfully opened file root://eospublic.cern.ch//eos/opendata/cms/mc/RunIIFall15MiniAODv2/QCD_HT1500to2000_GenJets5_TuneCUETP8M1_13TeV-madgraphMLM-pythia8/MINIAODSIM/PU25nsData2015v1_76X_mcRun2_asymptotic_v12-v1/40000/8A518AFB-34D7-E511-A6BB-0025905A6126.root
Begin processing the 1700001st record. Run 1, Event 56967168, LumiSection 12423 at 05-Oct-2023 13:22:09.852 CEST
05-Oct-2023 13:22:12 CEST  Closed file root://eospublic.cern.ch//eos/opendata/cms/mc/RunIIFall15MiniAODv2/QCD_HT1500to2000_GenJets5_TuneCUETP8M1_13TeV-madgraphMLM-pythia8/MINIAODSIM/PU25nsData2015v1_76X_mcRun2_asymptotic_v12-v1/40000/8A518AFB-34D7-E511-A6BB-0025905A6126.root
05-Oct-2023 13:22:12 CEST  Initiating request to open file root://eospublic.cern.ch//eos/opendata/cms/mc/RunIIFall15MiniAODv2/QCD_HT1500to2000_GenJets5_TuneCUETP8M1_13TeV-madgraphMLM-pythia8/MINIAODSIM/PU25nsData2015v1_76X_mcRun2_asymptotic_v12-v1/40000/9A4F6B9A-47D7-E511-98FB-0026189438BF.root
%MSG-w XrdAdaptor:  file_open 05-Oct-2023 13:22:12 CEST PostProcessEvent
Data is served from cern.ch instead of original site eospublic
%MSG
05-Oct-2023 13:22:12 CEST  Successfully opened file root://eospublic.cern.ch//eos/opendata/cms/mc/RunIIFall15MiniAODv2/QCD_HT1500to2000_GenJets5_TuneCUETP8M1_13TeV-madgraphMLM-pythia8/MINIAODSIM/PU25nsData2015v1_76X_mcRun2_asymptotic_v12-v1/40000/9A4F6B9A-47D7-E511-98FB-0026189438BF.root
05-Oct-2023 13:22:15 CEST  Closed file root://eospublic.cern.ch//eos/opendata/cms/mc/RunIIFall15MiniAODv2/QCD_HT1500to2000_GenJets5_TuneCUETP8M1_13TeV-madgraphMLM-pythia8/MINIAODSIM/PU25nsData2015v1_76X_mcRun2_asymptotic_v12-v1/40000/9A4F6B9A-47D7-E511-98FB-0026189438BF.root
05-Oct-2023 13:22:15 CEST  Initiating request to open file root://eospublic.cern.ch//eos/opendata/cms/mc/RunIIFall15MiniAODv2/QCD_HT1500to2000_GenJets5_TuneCUETP8M1_13TeV-madgraphMLM-pythia8/MINIAODSIM/PU25nsData2015v1_76X_mcRun2_asymptotic_v12-v1/40000/B2E8B7FF-34D7-E511-9313-0025905A611E.root
%MSG-w XrdAdaptor:  file_open 05-Oct-2023 13:22:15 CEST PostProcessEvent
Data is served from cern.ch instead of original site eospublic
%MSG
05-Oct-2023 13:22:15 CEST  Successfully opened file root://eospublic.cern.ch//eos/opendata/cms/mc/RunIIFall15MiniAODv2/QCD_HT1500to2000_GenJets5_TuneCUETP8M1_13TeV-madgraphMLM-pythia8/MINIAODSIM/PU25nsData2015v1_76X_mcRun2_asymptotic_v12-v1/40000/B2E8B7FF-34D7-E511-9313-0025905A611E.root
Begin processing the 1800001st record. Run 1, Event 48944318, LumiSection 10673 at 05-Oct-2023 13:22:17.285 CEST
05-Oct-2023 13:22:18 CEST  Closed file root://eospublic.cern.ch//eos/opendata/cms/mc/RunIIFall15MiniAODv2/QCD_HT1500to2000_GenJets5_TuneCUETP8M1_13TeV-madgraphMLM-pythia8/MINIAODSIM/PU25nsData2015v1_76X_mcRun2_asymptotic_v12-v1/40000/B2E8B7FF-34D7-E511-9313-0025905A611E.root
05-Oct-2023 13:22:18 CEST  Initiating request to open file root://eospublic.cern.ch//eos/opendata/cms/mc/RunIIFall15MiniAODv2/QCD_HT1500to2000_GenJets5_TuneCUETP8M1_13TeV-madgraphMLM-pythia8/MINIAODSIM/PU25nsData2015v1_76X_mcRun2_asymptotic_v12-v1/40000/B4802F9A-47D7-E511-9663-002618943972.root
%MSG-w XrdAdaptor:  file_open 05-Oct-2023 13:22:18 CEST PostProcessEvent
Data is served from cern.ch instead of original site eospublic
%MSG
05-Oct-2023 13:22:19 CEST  Successfully opened file root://eospublic.cern.ch//eos/opendata/cms/mc/RunIIFall15MiniAODv2/QCD_HT1500to2000_GenJets5_TuneCUETP8M1_13TeV-madgraphMLM-pythia8/MINIAODSIM/PU25nsData2015v1_76X_mcRun2_asymptotic_v12-v1/40000/B4802F9A-47D7-E511-9663-002618943972.root
05-Oct-2023 13:22:22 CEST  Closed file root://eospublic.cern.ch//eos/opendata/cms/mc/RunIIFall15MiniAODv2/QCD_HT1500to2000_GenJets5_TuneCUETP8M1_13TeV-madgraphMLM-pythia8/MINIAODSIM/PU25nsData2015v1_76X_mcRun2_asymptotic_v12-v1/40000/B4802F9A-47D7-E511-9663-002618943972.root
05-Oct-2023 13:22:22 CEST  Initiating request to open file root://eospublic.cern.ch//eos/opendata/cms/mc/RunIIFall15MiniAODv2/QCD_HT1500to2000_GenJets5_TuneCUETP8M1_13TeV-madgraphMLM-pythia8/MINIAODSIM/PU25nsData2015v1_76X_mcRun2_asymptotic_v12-v1/40000/D6208D9D-47D7-E511-9681-0025905A6134.root
%MSG-w XrdAdaptor:  file_open 05-Oct-2023 13:22:22 CEST PostProcessEvent
Data is served from cern.ch instead of original site eospublic
%MSG
05-Oct-2023 13:22:22 CEST  Successfully opened file root://eospublic.cern.ch//eos/opendata/cms/mc/RunIIFall15MiniAODv2/QCD_HT1500to2000_GenJets5_TuneCUETP8M1_13TeV-madgraphMLM-pythia8/MINIAODSIM/PU25nsData2015v1_76X_mcRun2_asymptotic_v12-v1/40000/D6208D9D-47D7-E511-9681-0025905A6134.root
Begin processing the 1900001st record. Run 1, Event 37650207, LumiSection 8210 at 05-Oct-2023 13:22:24.712 CEST
05-Oct-2023 13:22:25 CEST  Closed file root://eospublic.cern.ch//eos/opendata/cms/mc/RunIIFall15MiniAODv2/QCD_HT1500to2000_GenJets5_TuneCUETP8M1_13TeV-madgraphMLM-pythia8/MINIAODSIM/PU25nsData2015v1_76X_mcRun2_asymptotic_v12-v1/40000/D6208D9D-47D7-E511-9681-0025905A6134.root
05-Oct-2023 13:22:25 CEST  Initiating request to open file root://eospublic.cern.ch//eos/opendata/cms/mc/RunIIFall15MiniAODv2/QCD_HT1500to2000_GenJets5_TuneCUETP8M1_13TeV-madgraphMLM-pythia8/MINIAODSIM/PU25nsData2015v1_76X_mcRun2_asymptotic_v12-v1/40000/DC6B649D-47D7-E511-876A-0CC47A4D7662.root
%MSG-w XrdAdaptor:  file_open 05-Oct-2023 13:22:25 CEST PostProcessEvent
Data is served from cern.ch instead of original site eospublic
%MSG
05-Oct-2023 13:22:25 CEST  Successfully opened file root://eospublic.cern.ch//eos/opendata/cms/mc/RunIIFall15MiniAODv2/QCD_HT1500to2000_GenJets5_TuneCUETP8M1_13TeV-madgraphMLM-pythia8/MINIAODSIM/PU25nsData2015v1_76X_mcRun2_asymptotic_v12-v1/40000/DC6B649D-47D7-E511-876A-0CC47A4D7662.root
05-Oct-2023 13:22:28 CEST  Closed file root://eospublic.cern.ch//eos/opendata/cms/mc/RunIIFall15MiniAODv2/QCD_HT1500to2000_GenJets5_TuneCUETP8M1_13TeV-madgraphMLM-pythia8/MINIAODSIM/PU25nsData2015v1_76X_mcRun2_asymptotic_v12-v1/40000/DC6B649D-47D7-E511-876A-0CC47A4D7662.root
05-Oct-2023 13:22:28 CEST  Initiating request to open file root://eospublic.cern.ch//eos/opendata/cms/mc/RunIIFall15MiniAODv2/QCD_HT1500to2000_GenJets5_TuneCUETP8M1_13TeV-madgraphMLM-pythia8/MINIAODSIM/PU25nsData2015v1_76X_mcRun2_asymptotic_v12-v1/40000/F094529A-47D7-E511-B319-0026189438F3.root
%MSG-w XrdAdaptor:  file_open 05-Oct-2023 13:22:28 CEST PostProcessEvent
Data is served from cern.ch instead of original site eospublic
%MSG
05-Oct-2023 13:22:28 CEST  Successfully opened file root://eospublic.cern.ch//eos/opendata/cms/mc/RunIIFall15MiniAODv2/QCD_HT1500to2000_GenJets5_TuneCUETP8M1_13TeV-madgraphMLM-pythia8/MINIAODSIM/PU25nsData2015v1_76X_mcRun2_asymptotic_v12-v1/40000/F094529A-47D7-E511-B319-0026189438F3.root
05-Oct-2023 13:22:31 CEST  Closed file root://eospublic.cern.ch//eos/opendata/cms/mc/RunIIFall15MiniAODv2/QCD_HT1500to2000_GenJets5_TuneCUETP8M1_13TeV-madgraphMLM-pythia8/MINIAODSIM/PU25nsData2015v1_76X_mcRun2_asymptotic_v12-v1/40000/F094529A-47D7-E511-B319-0026189438F3.root
05-Oct-2023 13:22:31 CEST  Initiating request to open file root://eospublic.cern.ch//eos/opendata/cms/mc/RunIIFall15MiniAODv2/QCD_HT1500to2000_GenJets5_TuneCUETP8M1_13TeV-madgraphMLM-pythia8/MINIAODSIM/PU25nsData2015v1_76X_mcRun2_asymptotic_v12-v1/60000/427EB1D3-51D6-E511-B10B-0CC47A4D7640.root
%MSG-w XrdAdaptor:  file_open 05-Oct-2023 13:22:32 CEST PostProcessEvent
Data is served from cern.ch instead of original site eospublic
%MSG
05-Oct-2023 13:22:32 CEST  Successfully opened file root://eospublic.cern.ch//eos/opendata/cms/mc/RunIIFall15MiniAODv2/QCD_HT1500to2000_GenJets5_TuneCUETP8M1_13TeV-madgraphMLM-pythia8/MINIAODSIM/PU25nsData2015v1_76X_mcRun2_asymptotic_v12-v1/60000/427EB1D3-51D6-E511-B10B-0CC47A4D7640.root
05-Oct-2023 13:22:32 CEST  Closed file root://eospublic.cern.ch//eos/opendata/cms/mc/RunIIFall15MiniAODv2/QCD_HT1500to2000_GenJets5_TuneCUETP8M1_13TeV-madgraphMLM-pythia8/MINIAODSIM/PU25nsData2015v1_76X_mcRun2_asymptotic_v12-v1/60000/427EB1D3-51D6-E511-B10B-0CC47A4D7640.root
05-Oct-2023 13:22:32 CEST  Initiating request to open file root://eospublic.cern.ch//eos/opendata/cms/mc/RunIIFall15MiniAODv2/QCD_HT1500to2000_GenJets5_TuneCUETP8M1_13TeV-madgraphMLM-pythia8/MINIAODSIM/PU25nsData2015v1_76X_mcRun2_asymptotic_v12-v1/60000/8C42D9D9-51D6-E511-B91B-0CC47A4C8E2A.root
%MSG-w XrdAdaptor:  file_open 05-Oct-2023 13:22:32 CEST PostProcessEvent
Data is served from cern.ch instead of original site eospublic
%MSG
05-Oct-2023 13:22:32 CEST  Successfully opened file root://eospublic.cern.ch//eos/opendata/cms/mc/RunIIFall15MiniAODv2/QCD_HT1500to2000_GenJets5_TuneCUETP8M1_13TeV-madgraphMLM-pythia8/MINIAODSIM/PU25nsData2015v1_76X_mcRun2_asymptotic_v12-v1/60000/8C42D9D9-51D6-E511-B91B-0CC47A4C8E2A.root
     46.188322      0.000349      0.080622             0
    349.063607      0.002639      0.080622             1
   1415.250766      0.010701      0.080622             2
 
05-Oct-2023 13:22:33 CEST  Closed file root://eospublic.cern.ch//eos/opendata/cms/mc/RunIIFall15MiniAODv2/QCD_HT1500to2000_GenJets5_TuneCUETP8M1_13TeV-madgraphMLM-pythia8/MINIAODSIM/PU25nsData2015v1_76X_mcRun2_asymptotic_v12-v1/60000/8C42D9D9-51D6-E511-B91B-0CC47A4C8E2A.root

------------------------------------
GenXsecAnalyzer:
------------------------------------
-------------------------------------------------------------------------------------------------------------------------------------------------------------------------- 
Overall cross-section summary 
--------------------------------------------------------------------------------------------------------------------------------------------------------------------------
Process		xsec_before [pb]		passed	nposw	nnegw	tried	nposw	nnegw 	xsec_match [pb]			accepted [%]	 event_eff [%]
0		4.619e+01 +/- 8.114e-04		13219	13219	0	1375733	1375733	0	4.438e-01 +/- 3.842e-03		1.0 +/- 0.0	1.0 +/- 0.0
1		3.491e+02 +/- 6.131e-03		51120	51120	0	10379590	10379590	0	1.719e+00 +/- 7.585e-03		0.5 +/- 0.0	0.5 +/- 0.0
2		1.415e+03 +/- 2.486e-02		3499044	3499044	0	42042253	42042253	0	1.178e+02 +/- 6.033e-02		8.3 +/- 0.0	8.3 +/- 0.0
-------------------------------------------------------------------------------------------------------------------------------------------------------------------------- 
Total		1.811e+03 +/- 2.562e-02		3563383	3563383	0	53797576	53797576	0	1.199e+02 +/- 6.141e-02		6.6 +/- 0.0	6.6 +/- 0.0
--------------------------------------------------------------------------------------------------------------------------------------------------------------------------
Before matching: total cross section = 1.811e+03 +- 2.562e-02 pb
After matching: total cross section = 1.199e+02 +- 6.141e-02 pb
Filter efficiency (taking into account weights)= (1.99617e+06) / (3.56338e+06) = 5.602e-01 +- 2.629e-04
Filter efficiency (event-level)= (1.99617e+06) / (3.56338e+06) = 5.602e-01 +- 2.629e-04
After filter: final cross section = 6.718e+01 +- 4.667e-02 pb

=============================================

MessageLogger Summary

 type     category        sev    module        subroutine        count    total
 ---- -------------------- -- ---------------- ----------------  -----    -----
    1 GenXSecAnalyzer      -w GenXSecAnalyzer:                      14       14
    2 XrdAdaptor           -w file_open                             51       51
    3 fileAction           -s file_close                            51       51
    4 fileAction           -s file_open                            102      102

 type    category    Examples: run/evt        run/evt          run/evt
 ---- -------------------- ---------------- ---------------- ----------------
    1 GenXSecAnalyzer      PostEndRun       PostEndRun       PostEndRun
    2 XrdAdaptor           pre-events       PostProcessEvent PostProcessEvent
    3 fileAction           PostProcessEvent PostProcessEvent PostEndRun
    4 fileAction           pre-events       pre-events       PostProcessEvent

Severity    # Occurrences   Total Occurrences
--------    -------------   -----------------
Warning                65                  65
System                153                 153
