05-Oct-2023 12:49:24 CEST  Initiating request to open file root://eospublic.cern.ch//eos/opendata/cms/mc/RunIIFall15MiniAODv2/QCD_Pt-40toInf_DoubleEMEnriched_MGG-80toInf_TuneCUETP8M1_13TeV_Pythia8/MINIAODSIM/PU25nsData2015v1_0T_magnetOffBS0T_76X_mcRun2_0T_v1-v1/00000/0C8B4FC2-A5D3-E511-8521-00266CFFC7E4.root
%MSG-w XrdAdaptor:  file_open 05-Oct-2023 12:49:24 CEST pre-events
Data is served from cern.ch instead of original site eospublic
%MSG
05-Oct-2023 12:49:27 CEST  Successfully opened file root://eospublic.cern.ch//eos/opendata/cms/mc/RunIIFall15MiniAODv2/QCD_Pt-40toInf_DoubleEMEnriched_MGG-80toInf_TuneCUETP8M1_13TeV_Pythia8/MINIAODSIM/PU25nsData2015v1_0T_magnetOffBS0T_76X_mcRun2_0T_v1-v1/00000/0C8B4FC2-A5D3-E511-8521-00266CFFC7E4.root
Begin processing the 1st record. Run 1, Event 10581703, LumiSection 113 at 05-Oct-2023 12:49:28.160 CEST
05-Oct-2023 12:49:30 CEST  Closed file root://eospublic.cern.ch//eos/opendata/cms/mc/RunIIFall15MiniAODv2/QCD_Pt-40toInf_DoubleEMEnriched_MGG-80toInf_TuneCUETP8M1_13TeV_Pythia8/MINIAODSIM/PU25nsData2015v1_0T_magnetOffBS0T_76X_mcRun2_0T_v1-v1/00000/0C8B4FC2-A5D3-E511-8521-00266CFFC7E4.root
05-Oct-2023 12:49:30 CEST  Initiating request to open file root://eospublic.cern.ch//eos/opendata/cms/mc/RunIIFall15MiniAODv2/QCD_Pt-40toInf_DoubleEMEnriched_MGG-80toInf_TuneCUETP8M1_13TeV_Pythia8/MINIAODSIM/PU25nsData2015v1_0T_magnetOffBS0T_76X_mcRun2_0T_v1-v1/00000/0E154B3E-96D5-E511-B1B4-6CC2173BBA70.root
%MSG-w XrdAdaptor:  file_open 05-Oct-2023 12:49:30 CEST PostProcessEvent
Data is served from cern.ch instead of original site eospublic
%MSG
05-Oct-2023 12:49:30 CEST  Successfully opened file root://eospublic.cern.ch//eos/opendata/cms/mc/RunIIFall15MiniAODv2/QCD_Pt-40toInf_DoubleEMEnriched_MGG-80toInf_TuneCUETP8M1_13TeV_Pythia8/MINIAODSIM/PU25nsData2015v1_0T_magnetOffBS0T_76X_mcRun2_0T_v1-v1/00000/0E154B3E-96D5-E511-B1B4-6CC2173BBA70.root
05-Oct-2023 12:49:31 CEST  Closed file root://eospublic.cern.ch//eos/opendata/cms/mc/RunIIFall15MiniAODv2/QCD_Pt-40toInf_DoubleEMEnriched_MGG-80toInf_TuneCUETP8M1_13TeV_Pythia8/MINIAODSIM/PU25nsData2015v1_0T_magnetOffBS0T_76X_mcRun2_0T_v1-v1/00000/0E154B3E-96D5-E511-B1B4-6CC2173BBA70.root
05-Oct-2023 12:49:31 CEST  Initiating request to open file root://eospublic.cern.ch//eos/opendata/cms/mc/RunIIFall15MiniAODv2/QCD_Pt-40toInf_DoubleEMEnriched_MGG-80toInf_TuneCUETP8M1_13TeV_Pythia8/MINIAODSIM/PU25nsData2015v1_0T_magnetOffBS0T_76X_mcRun2_0T_v1-v1/00000/38AF2B61-99D3-E511-B005-00266CF91A18.root
%MSG-w XrdAdaptor:  file_open 05-Oct-2023 12:49:31 CEST PostProcessEvent
Data is served from cern.ch instead of original site eospublic
%MSG
05-Oct-2023 12:49:31 CEST  Successfully opened file root://eospublic.cern.ch//eos/opendata/cms/mc/RunIIFall15MiniAODv2/QCD_Pt-40toInf_DoubleEMEnriched_MGG-80toInf_TuneCUETP8M1_13TeV_Pythia8/MINIAODSIM/PU25nsData2015v1_0T_magnetOffBS0T_76X_mcRun2_0T_v1-v1/00000/38AF2B61-99D3-E511-B005-00266CF91A18.root
Begin processing the 100001st record. Run 1, Event 636720309, LumiSection 6743 at 05-Oct-2023 12:49:35.147 CEST
05-Oct-2023 12:49:35 CEST  Closed file root://eospublic.cern.ch//eos/opendata/cms/mc/RunIIFall15MiniAODv2/QCD_Pt-40toInf_DoubleEMEnriched_MGG-80toInf_TuneCUETP8M1_13TeV_Pythia8/MINIAODSIM/PU25nsData2015v1_0T_magnetOffBS0T_76X_mcRun2_0T_v1-v1/00000/38AF2B61-99D3-E511-B005-00266CF91A18.root
05-Oct-2023 12:49:35 CEST  Initiating request to open file root://eospublic.cern.ch//eos/opendata/cms/mc/RunIIFall15MiniAODv2/QCD_Pt-40toInf_DoubleEMEnriched_MGG-80toInf_TuneCUETP8M1_13TeV_Pythia8/MINIAODSIM/PU25nsData2015v1_0T_magnetOffBS0T_76X_mcRun2_0T_v1-v1/00000/6AC6497C-99D3-E511-A01B-001E67DBE06B.root
%MSG-w XrdAdaptor:  file_open 05-Oct-2023 12:49:35 CEST PostProcessEvent
Data is served from cern.ch instead of original site eospublic
%MSG
05-Oct-2023 12:49:35 CEST  Successfully opened file root://eospublic.cern.ch//eos/opendata/cms/mc/RunIIFall15MiniAODv2/QCD_Pt-40toInf_DoubleEMEnriched_MGG-80toInf_TuneCUETP8M1_13TeV_Pythia8/MINIAODSIM/PU25nsData2015v1_0T_magnetOffBS0T_76X_mcRun2_0T_v1-v1/00000/6AC6497C-99D3-E511-A01B-001E67DBE06B.root
05-Oct-2023 12:49:37 CEST  Closed file root://eospublic.cern.ch//eos/opendata/cms/mc/RunIIFall15MiniAODv2/QCD_Pt-40toInf_DoubleEMEnriched_MGG-80toInf_TuneCUETP8M1_13TeV_Pythia8/MINIAODSIM/PU25nsData2015v1_0T_magnetOffBS0T_76X_mcRun2_0T_v1-v1/00000/6AC6497C-99D3-E511-A01B-001E67DBE06B.root
05-Oct-2023 12:49:37 CEST  Initiating request to open file root://eospublic.cern.ch//eos/opendata/cms/mc/RunIIFall15MiniAODv2/QCD_Pt-40toInf_DoubleEMEnriched_MGG-80toInf_TuneCUETP8M1_13TeV_Pythia8/MINIAODSIM/PU25nsData2015v1_0T_magnetOffBS0T_76X_mcRun2_0T_v1-v1/00000/78975502-19D4-E511-A3CD-AC162DA8C2B0.root
%MSG-w XrdAdaptor:  file_open 05-Oct-2023 12:49:37 CEST PostProcessEvent
Data is served from cern.ch instead of original site eospublic
%MSG
05-Oct-2023 12:49:37 CEST  Successfully opened file root://eospublic.cern.ch//eos/opendata/cms/mc/RunIIFall15MiniAODv2/QCD_Pt-40toInf_DoubleEMEnriched_MGG-80toInf_TuneCUETP8M1_13TeV_Pythia8/MINIAODSIM/PU25nsData2015v1_0T_magnetOffBS0T_76X_mcRun2_0T_v1-v1/00000/78975502-19D4-E511-A3CD-AC162DA8C2B0.root
05-Oct-2023 12:49:39 CEST  Closed file root://eospublic.cern.ch//eos/opendata/cms/mc/RunIIFall15MiniAODv2/QCD_Pt-40toInf_DoubleEMEnriched_MGG-80toInf_TuneCUETP8M1_13TeV_Pythia8/MINIAODSIM/PU25nsData2015v1_0T_magnetOffBS0T_76X_mcRun2_0T_v1-v1/00000/78975502-19D4-E511-A3CD-AC162DA8C2B0.root
05-Oct-2023 12:49:39 CEST  Initiating request to open file root://eospublic.cern.ch//eos/opendata/cms/mc/RunIIFall15MiniAODv2/QCD_Pt-40toInf_DoubleEMEnriched_MGG-80toInf_TuneCUETP8M1_13TeV_Pythia8/MINIAODSIM/PU25nsData2015v1_0T_magnetOffBS0T_76X_mcRun2_0T_v1-v1/00000/7E35A67C-87D3-E511-9B46-C4346BC8F6D0.root
%MSG-w XrdAdaptor:  file_open 05-Oct-2023 12:49:39 CEST PostProcessEvent
Data is served from cern.ch instead of original site eospublic
%MSG
05-Oct-2023 12:49:40 CEST  Successfully opened file root://eospublic.cern.ch//eos/opendata/cms/mc/RunIIFall15MiniAODv2/QCD_Pt-40toInf_DoubleEMEnriched_MGG-80toInf_TuneCUETP8M1_13TeV_Pythia8/MINIAODSIM/PU25nsData2015v1_0T_magnetOffBS0T_76X_mcRun2_0T_v1-v1/00000/7E35A67C-87D3-E511-9B46-C4346BC8F6D0.root
Begin processing the 200001st record. Run 1, Event 706446761, LumiSection 7482 at 05-Oct-2023 12:49:43.259 CEST
05-Oct-2023 12:49:43 CEST  Closed file root://eospublic.cern.ch//eos/opendata/cms/mc/RunIIFall15MiniAODv2/QCD_Pt-40toInf_DoubleEMEnriched_MGG-80toInf_TuneCUETP8M1_13TeV_Pythia8/MINIAODSIM/PU25nsData2015v1_0T_magnetOffBS0T_76X_mcRun2_0T_v1-v1/00000/7E35A67C-87D3-E511-9B46-C4346BC8F6D0.root
05-Oct-2023 12:49:43 CEST  Initiating request to open file root://eospublic.cern.ch//eos/opendata/cms/mc/RunIIFall15MiniAODv2/QCD_Pt-40toInf_DoubleEMEnriched_MGG-80toInf_TuneCUETP8M1_13TeV_Pythia8/MINIAODSIM/PU25nsData2015v1_0T_magnetOffBS0T_76X_mcRun2_0T_v1-v1/00000/885031D7-AED3-E511-A249-A0369F8363EE.root
%MSG-w XrdAdaptor:  file_open 05-Oct-2023 12:49:43 CEST PostProcessEvent
Data is served from cern.ch instead of original site eospublic
%MSG
05-Oct-2023 12:49:43 CEST  Successfully opened file root://eospublic.cern.ch//eos/opendata/cms/mc/RunIIFall15MiniAODv2/QCD_Pt-40toInf_DoubleEMEnriched_MGG-80toInf_TuneCUETP8M1_13TeV_Pythia8/MINIAODSIM/PU25nsData2015v1_0T_magnetOffBS0T_76X_mcRun2_0T_v1-v1/00000/885031D7-AED3-E511-A249-A0369F8363EE.root
05-Oct-2023 12:49:46 CEST  Closed file root://eospublic.cern.ch//eos/opendata/cms/mc/RunIIFall15MiniAODv2/QCD_Pt-40toInf_DoubleEMEnriched_MGG-80toInf_TuneCUETP8M1_13TeV_Pythia8/MINIAODSIM/PU25nsData2015v1_0T_magnetOffBS0T_76X_mcRun2_0T_v1-v1/00000/885031D7-AED3-E511-A249-A0369F8363EE.root
05-Oct-2023 12:49:46 CEST  Initiating request to open file root://eospublic.cern.ch//eos/opendata/cms/mc/RunIIFall15MiniAODv2/QCD_Pt-40toInf_DoubleEMEnriched_MGG-80toInf_TuneCUETP8M1_13TeV_Pythia8/MINIAODSIM/PU25nsData2015v1_0T_magnetOffBS0T_76X_mcRun2_0T_v1-v1/00000/B478D4C5-A5D3-E511-8442-001E67DBE642.root
%MSG-w XrdAdaptor:  file_open 05-Oct-2023 12:49:46 CEST PostProcessEvent
Data is served from cern.ch instead of original site eospublic
%MSG
05-Oct-2023 12:49:46 CEST  Successfully opened file root://eospublic.cern.ch//eos/opendata/cms/mc/RunIIFall15MiniAODv2/QCD_Pt-40toInf_DoubleEMEnriched_MGG-80toInf_TuneCUETP8M1_13TeV_Pythia8/MINIAODSIM/PU25nsData2015v1_0T_magnetOffBS0T_76X_mcRun2_0T_v1-v1/00000/B478D4C5-A5D3-E511-8442-001E67DBE642.root
05-Oct-2023 12:49:49 CEST  Closed file root://eospublic.cern.ch//eos/opendata/cms/mc/RunIIFall15MiniAODv2/QCD_Pt-40toInf_DoubleEMEnriched_MGG-80toInf_TuneCUETP8M1_13TeV_Pythia8/MINIAODSIM/PU25nsData2015v1_0T_magnetOffBS0T_76X_mcRun2_0T_v1-v1/00000/B478D4C5-A5D3-E511-8442-001E67DBE642.root
05-Oct-2023 12:49:49 CEST  Initiating request to open file root://eospublic.cern.ch//eos/opendata/cms/mc/RunIIFall15MiniAODv2/QCD_Pt-40toInf_DoubleEMEnriched_MGG-80toInf_TuneCUETP8M1_13TeV_Pythia8/MINIAODSIM/PU25nsData2015v1_0T_magnetOffBS0T_76X_mcRun2_0T_v1-v1/00000/D6039F7F-5FD4-E511-954D-00266CFFC7CC.root
%MSG-w XrdAdaptor:  file_open 05-Oct-2023 12:49:49 CEST PostProcessEvent
Data is served from cern.ch instead of original site eospublic
%MSG
05-Oct-2023 12:49:49 CEST  Successfully opened file root://eospublic.cern.ch//eos/opendata/cms/mc/RunIIFall15MiniAODv2/QCD_Pt-40toInf_DoubleEMEnriched_MGG-80toInf_TuneCUETP8M1_13TeV_Pythia8/MINIAODSIM/PU25nsData2015v1_0T_magnetOffBS0T_76X_mcRun2_0T_v1-v1/00000/D6039F7F-5FD4-E511-954D-00266CFFC7CC.root
05-Oct-2023 12:49:50 CEST  Closed file root://eospublic.cern.ch//eos/opendata/cms/mc/RunIIFall15MiniAODv2/QCD_Pt-40toInf_DoubleEMEnriched_MGG-80toInf_TuneCUETP8M1_13TeV_Pythia8/MINIAODSIM/PU25nsData2015v1_0T_magnetOffBS0T_76X_mcRun2_0T_v1-v1/00000/D6039F7F-5FD4-E511-954D-00266CFFC7CC.root
05-Oct-2023 12:49:50 CEST  Initiating request to open file root://eospublic.cern.ch//eos/opendata/cms/mc/RunIIFall15MiniAODv2/QCD_Pt-40toInf_DoubleEMEnriched_MGG-80toInf_TuneCUETP8M1_13TeV_Pythia8/MINIAODSIM/PU25nsData2015v1_0T_magnetOffBS0T_76X_mcRun2_0T_v1-v1/00000/D6C8E3C6-A5D3-E511-835B-001E67E5EDBB.root
%MSG-w XrdAdaptor:  file_open 05-Oct-2023 12:49:50 CEST PostProcessEvent
Data is served from cern.ch instead of original site eospublic
%MSG
05-Oct-2023 12:49:50 CEST  Successfully opened file root://eospublic.cern.ch//eos/opendata/cms/mc/RunIIFall15MiniAODv2/QCD_Pt-40toInf_DoubleEMEnriched_MGG-80toInf_TuneCUETP8M1_13TeV_Pythia8/MINIAODSIM/PU25nsData2015v1_0T_magnetOffBS0T_76X_mcRun2_0T_v1-v1/00000/D6C8E3C6-A5D3-E511-835B-001E67E5EDBB.root
Begin processing the 300001st record. Run 1, Event 118183895, LumiSection 1252 at 05-Oct-2023 12:49:52.070 CEST
05-Oct-2023 12:49:53 CEST  Closed file root://eospublic.cern.ch//eos/opendata/cms/mc/RunIIFall15MiniAODv2/QCD_Pt-40toInf_DoubleEMEnriched_MGG-80toInf_TuneCUETP8M1_13TeV_Pythia8/MINIAODSIM/PU25nsData2015v1_0T_magnetOffBS0T_76X_mcRun2_0T_v1-v1/00000/D6C8E3C6-A5D3-E511-835B-001E67E5EDBB.root
05-Oct-2023 12:49:53 CEST  Initiating request to open file root://eospublic.cern.ch//eos/opendata/cms/mc/RunIIFall15MiniAODv2/QCD_Pt-40toInf_DoubleEMEnriched_MGG-80toInf_TuneCUETP8M1_13TeV_Pythia8/MINIAODSIM/PU25nsData2015v1_0T_magnetOffBS0T_76X_mcRun2_0T_v1-v1/00000/DE34D0F8-AED3-E511-BE3A-00266CFFCC54.root
%MSG-w XrdAdaptor:  file_open 05-Oct-2023 12:49:53 CEST PostProcessEvent
Data is served from cern.ch instead of original site eospublic
%MSG
05-Oct-2023 12:49:53 CEST  Successfully opened file root://eospublic.cern.ch//eos/opendata/cms/mc/RunIIFall15MiniAODv2/QCD_Pt-40toInf_DoubleEMEnriched_MGG-80toInf_TuneCUETP8M1_13TeV_Pythia8/MINIAODSIM/PU25nsData2015v1_0T_magnetOffBS0T_76X_mcRun2_0T_v1-v1/00000/DE34D0F8-AED3-E511-BE3A-00266CFFCC54.root
05-Oct-2023 12:49:56 CEST  Closed file root://eospublic.cern.ch//eos/opendata/cms/mc/RunIIFall15MiniAODv2/QCD_Pt-40toInf_DoubleEMEnriched_MGG-80toInf_TuneCUETP8M1_13TeV_Pythia8/MINIAODSIM/PU25nsData2015v1_0T_magnetOffBS0T_76X_mcRun2_0T_v1-v1/00000/DE34D0F8-AED3-E511-BE3A-00266CFFCC54.root
05-Oct-2023 12:49:56 CEST  Initiating request to open file root://eospublic.cern.ch//eos/opendata/cms/mc/RunIIFall15MiniAODv2/QCD_Pt-40toInf_DoubleEMEnriched_MGG-80toInf_TuneCUETP8M1_13TeV_Pythia8/MINIAODSIM/PU25nsData2015v1_0T_magnetOffBS0T_76X_mcRun2_0T_v1-v1/10000/08EA6AD8-9BD3-E511-83CB-00266CFFBDB4.root
%MSG-w XrdAdaptor:  file_open 05-Oct-2023 12:49:56 CEST PostProcessEvent
Data is served from cern.ch instead of original site eospublic
%MSG
05-Oct-2023 12:49:56 CEST  Successfully opened file root://eospublic.cern.ch//eos/opendata/cms/mc/RunIIFall15MiniAODv2/QCD_Pt-40toInf_DoubleEMEnriched_MGG-80toInf_TuneCUETP8M1_13TeV_Pythia8/MINIAODSIM/PU25nsData2015v1_0T_magnetOffBS0T_76X_mcRun2_0T_v1-v1/10000/08EA6AD8-9BD3-E511-83CB-00266CFFBDB4.root
05-Oct-2023 12:49:58 CEST  Closed file root://eospublic.cern.ch//eos/opendata/cms/mc/RunIIFall15MiniAODv2/QCD_Pt-40toInf_DoubleEMEnriched_MGG-80toInf_TuneCUETP8M1_13TeV_Pythia8/MINIAODSIM/PU25nsData2015v1_0T_magnetOffBS0T_76X_mcRun2_0T_v1-v1/10000/08EA6AD8-9BD3-E511-83CB-00266CFFBDB4.root
05-Oct-2023 12:49:58 CEST  Initiating request to open file root://eospublic.cern.ch//eos/opendata/cms/mc/RunIIFall15MiniAODv2/QCD_Pt-40toInf_DoubleEMEnriched_MGG-80toInf_TuneCUETP8M1_13TeV_Pythia8/MINIAODSIM/PU25nsData2015v1_0T_magnetOffBS0T_76X_mcRun2_0T_v1-v1/10000/1A3EFED9-9BD3-E511-AE29-00266CFEFE70.root
%MSG-w XrdAdaptor:  file_open 05-Oct-2023 12:49:58 CEST PostProcessEvent
Data is served from cern.ch instead of original site eospublic
%MSG
05-Oct-2023 12:49:58 CEST  Successfully opened file root://eospublic.cern.ch//eos/opendata/cms/mc/RunIIFall15MiniAODv2/QCD_Pt-40toInf_DoubleEMEnriched_MGG-80toInf_TuneCUETP8M1_13TeV_Pythia8/MINIAODSIM/PU25nsData2015v1_0T_magnetOffBS0T_76X_mcRun2_0T_v1-v1/10000/1A3EFED9-9BD3-E511-AE29-00266CFEFE70.root
Begin processing the 400001st record. Run 1, Event 705127473, LumiSection 7468 at 05-Oct-2023 12:49:59.818 CEST
05-Oct-2023 12:50:01 CEST  Closed file root://eospublic.cern.ch//eos/opendata/cms/mc/RunIIFall15MiniAODv2/QCD_Pt-40toInf_DoubleEMEnriched_MGG-80toInf_TuneCUETP8M1_13TeV_Pythia8/MINIAODSIM/PU25nsData2015v1_0T_magnetOffBS0T_76X_mcRun2_0T_v1-v1/10000/1A3EFED9-9BD3-E511-AE29-00266CFEFE70.root
05-Oct-2023 12:50:01 CEST  Initiating request to open file root://eospublic.cern.ch//eos/opendata/cms/mc/RunIIFall15MiniAODv2/QCD_Pt-40toInf_DoubleEMEnriched_MGG-80toInf_TuneCUETP8M1_13TeV_Pythia8/MINIAODSIM/PU25nsData2015v1_0T_magnetOffBS0T_76X_mcRun2_0T_v1-v1/10000/1C46221D-07D4-E511-8EFF-6CC2173BBE90.root
%MSG-w XrdAdaptor:  file_open 05-Oct-2023 12:50:01 CEST PostProcessEvent
Data is served from cern.ch instead of original site eospublic
%MSG
05-Oct-2023 12:50:01 CEST  Successfully opened file root://eospublic.cern.ch//eos/opendata/cms/mc/RunIIFall15MiniAODv2/QCD_Pt-40toInf_DoubleEMEnriched_MGG-80toInf_TuneCUETP8M1_13TeV_Pythia8/MINIAODSIM/PU25nsData2015v1_0T_magnetOffBS0T_76X_mcRun2_0T_v1-v1/10000/1C46221D-07D4-E511-8EFF-6CC2173BBE90.root
05-Oct-2023 12:50:05 CEST  Closed file root://eospublic.cern.ch//eos/opendata/cms/mc/RunIIFall15MiniAODv2/QCD_Pt-40toInf_DoubleEMEnriched_MGG-80toInf_TuneCUETP8M1_13TeV_Pythia8/MINIAODSIM/PU25nsData2015v1_0T_magnetOffBS0T_76X_mcRun2_0T_v1-v1/10000/1C46221D-07D4-E511-8EFF-6CC2173BBE90.root
05-Oct-2023 12:50:05 CEST  Initiating request to open file root://eospublic.cern.ch//eos/opendata/cms/mc/RunIIFall15MiniAODv2/QCD_Pt-40toInf_DoubleEMEnriched_MGG-80toInf_TuneCUETP8M1_13TeV_Pythia8/MINIAODSIM/PU25nsData2015v1_0T_magnetOffBS0T_76X_mcRun2_0T_v1-v1/10000/32C00980-09D4-E511-9388-00266CFFBC64.root
%MSG-w XrdAdaptor:  file_open 05-Oct-2023 12:50:05 CEST PostProcessEvent
Data is served from cern.ch instead of original site eospublic
%MSG
05-Oct-2023 12:50:05 CEST  Successfully opened file root://eospublic.cern.ch//eos/opendata/cms/mc/RunIIFall15MiniAODv2/QCD_Pt-40toInf_DoubleEMEnriched_MGG-80toInf_TuneCUETP8M1_13TeV_Pythia8/MINIAODSIM/PU25nsData2015v1_0T_magnetOffBS0T_76X_mcRun2_0T_v1-v1/10000/32C00980-09D4-E511-9388-00266CFFBC64.root
Begin processing the 500001st record. Run 1, Event 162689258, LumiSection 1723 at 05-Oct-2023 12:50:07.331 CEST
05-Oct-2023 12:50:08 CEST  Closed file root://eospublic.cern.ch//eos/opendata/cms/mc/RunIIFall15MiniAODv2/QCD_Pt-40toInf_DoubleEMEnriched_MGG-80toInf_TuneCUETP8M1_13TeV_Pythia8/MINIAODSIM/PU25nsData2015v1_0T_magnetOffBS0T_76X_mcRun2_0T_v1-v1/10000/32C00980-09D4-E511-9388-00266CFFBC64.root
05-Oct-2023 12:50:08 CEST  Initiating request to open file root://eospublic.cern.ch//eos/opendata/cms/mc/RunIIFall15MiniAODv2/QCD_Pt-40toInf_DoubleEMEnriched_MGG-80toInf_TuneCUETP8M1_13TeV_Pythia8/MINIAODSIM/PU25nsData2015v1_0T_magnetOffBS0T_76X_mcRun2_0T_v1-v1/10000/62BBECFA-FDD3-E511-8343-001E67DBE881.root
%MSG-w XrdAdaptor:  file_open 05-Oct-2023 12:50:08 CEST PostProcessEvent
Data is served from cern.ch instead of original site eospublic
%MSG
05-Oct-2023 12:50:08 CEST  Successfully opened file root://eospublic.cern.ch//eos/opendata/cms/mc/RunIIFall15MiniAODv2/QCD_Pt-40toInf_DoubleEMEnriched_MGG-80toInf_TuneCUETP8M1_13TeV_Pythia8/MINIAODSIM/PU25nsData2015v1_0T_magnetOffBS0T_76X_mcRun2_0T_v1-v1/10000/62BBECFA-FDD3-E511-8343-001E67DBE881.root
05-Oct-2023 12:50:12 CEST  Closed file root://eospublic.cern.ch//eos/opendata/cms/mc/RunIIFall15MiniAODv2/QCD_Pt-40toInf_DoubleEMEnriched_MGG-80toInf_TuneCUETP8M1_13TeV_Pythia8/MINIAODSIM/PU25nsData2015v1_0T_magnetOffBS0T_76X_mcRun2_0T_v1-v1/10000/62BBECFA-FDD3-E511-8343-001E67DBE881.root
05-Oct-2023 12:50:12 CEST  Initiating request to open file root://eospublic.cern.ch//eos/opendata/cms/mc/RunIIFall15MiniAODv2/QCD_Pt-40toInf_DoubleEMEnriched_MGG-80toInf_TuneCUETP8M1_13TeV_Pythia8/MINIAODSIM/PU25nsData2015v1_0T_magnetOffBS0T_76X_mcRun2_0T_v1-v1/10000/B8BFEC80-09D4-E511-AFA4-00266CFFC43C.root
%MSG-w XrdAdaptor:  file_open 05-Oct-2023 12:50:12 CEST PostProcessEvent
Data is served from cern.ch instead of original site eospublic
%MSG
05-Oct-2023 12:50:12 CEST  Successfully opened file root://eospublic.cern.ch//eos/opendata/cms/mc/RunIIFall15MiniAODv2/QCD_Pt-40toInf_DoubleEMEnriched_MGG-80toInf_TuneCUETP8M1_13TeV_Pythia8/MINIAODSIM/PU25nsData2015v1_0T_magnetOffBS0T_76X_mcRun2_0T_v1-v1/10000/B8BFEC80-09D4-E511-AFA4-00266CFFC43C.root
Begin processing the 600001st record. Run 1, Event 126046544, LumiSection 1335 at 05-Oct-2023 12:50:14.509 CEST
05-Oct-2023 12:50:15 CEST  Closed file root://eospublic.cern.ch//eos/opendata/cms/mc/RunIIFall15MiniAODv2/QCD_Pt-40toInf_DoubleEMEnriched_MGG-80toInf_TuneCUETP8M1_13TeV_Pythia8/MINIAODSIM/PU25nsData2015v1_0T_magnetOffBS0T_76X_mcRun2_0T_v1-v1/10000/B8BFEC80-09D4-E511-AFA4-00266CFFC43C.root
05-Oct-2023 12:50:15 CEST  Initiating request to open file root://eospublic.cern.ch//eos/opendata/cms/mc/RunIIFall15MiniAODv2/QCD_Pt-40toInf_DoubleEMEnriched_MGG-80toInf_TuneCUETP8M1_13TeV_Pythia8/MINIAODSIM/PU25nsData2015v1_0T_magnetOffBS0T_76X_mcRun2_0T_v1-v1/10000/BCED8950-9CD4-E511-973E-00266CFFCC7C.root
%MSG-w XrdAdaptor:  file_open 05-Oct-2023 12:50:15 CEST PostProcessEvent
Data is served from cern.ch instead of original site eospublic
%MSG
05-Oct-2023 12:50:15 CEST  Successfully opened file root://eospublic.cern.ch//eos/opendata/cms/mc/RunIIFall15MiniAODv2/QCD_Pt-40toInf_DoubleEMEnriched_MGG-80toInf_TuneCUETP8M1_13TeV_Pythia8/MINIAODSIM/PU25nsData2015v1_0T_magnetOffBS0T_76X_mcRun2_0T_v1-v1/10000/BCED8950-9CD4-E511-973E-00266CFFCC7C.root
05-Oct-2023 12:50:18 CEST  Closed file root://eospublic.cern.ch//eos/opendata/cms/mc/RunIIFall15MiniAODv2/QCD_Pt-40toInf_DoubleEMEnriched_MGG-80toInf_TuneCUETP8M1_13TeV_Pythia8/MINIAODSIM/PU25nsData2015v1_0T_magnetOffBS0T_76X_mcRun2_0T_v1-v1/10000/BCED8950-9CD4-E511-973E-00266CFFCC7C.root
05-Oct-2023 12:50:18 CEST  Initiating request to open file root://eospublic.cern.ch//eos/opendata/cms/mc/RunIIFall15MiniAODv2/QCD_Pt-40toInf_DoubleEMEnriched_MGG-80toInf_TuneCUETP8M1_13TeV_Pythia8/MINIAODSIM/PU25nsData2015v1_0T_magnetOffBS0T_76X_mcRun2_0T_v1-v1/10000/E6DBB49E-9CD4-E511-947A-00266CFEFC5C.root
%MSG-w XrdAdaptor:  file_open 05-Oct-2023 12:50:18 CEST PostProcessEvent
Data is served from cern.ch instead of original site eospublic
%MSG
05-Oct-2023 12:50:18 CEST  Successfully opened file root://eospublic.cern.ch//eos/opendata/cms/mc/RunIIFall15MiniAODv2/QCD_Pt-40toInf_DoubleEMEnriched_MGG-80toInf_TuneCUETP8M1_13TeV_Pythia8/MINIAODSIM/PU25nsData2015v1_0T_magnetOffBS0T_76X_mcRun2_0T_v1-v1/10000/E6DBB49E-9CD4-E511-947A-00266CFEFC5C.root
05-Oct-2023 12:50:20 CEST  Closed file root://eospublic.cern.ch//eos/opendata/cms/mc/RunIIFall15MiniAODv2/QCD_Pt-40toInf_DoubleEMEnriched_MGG-80toInf_TuneCUETP8M1_13TeV_Pythia8/MINIAODSIM/PU25nsData2015v1_0T_magnetOffBS0T_76X_mcRun2_0T_v1-v1/10000/E6DBB49E-9CD4-E511-947A-00266CFEFC5C.root
05-Oct-2023 12:50:20 CEST  Initiating request to open file root://eospublic.cern.ch//eos/opendata/cms/mc/RunIIFall15MiniAODv2/QCD_Pt-40toInf_DoubleEMEnriched_MGG-80toInf_TuneCUETP8M1_13TeV_Pythia8/MINIAODSIM/PU25nsData2015v1_0T_magnetOffBS0T_76X_mcRun2_0T_v1-v1/10000/F2A3D1FC-FDD3-E511-A09A-00266CFF0608.root
%MSG-w XrdAdaptor:  file_open 05-Oct-2023 12:50:20 CEST PostProcessEvent
Data is served from cern.ch instead of original site eospublic
%MSG
05-Oct-2023 12:50:20 CEST  Successfully opened file root://eospublic.cern.ch//eos/opendata/cms/mc/RunIIFall15MiniAODv2/QCD_Pt-40toInf_DoubleEMEnriched_MGG-80toInf_TuneCUETP8M1_13TeV_Pythia8/MINIAODSIM/PU25nsData2015v1_0T_magnetOffBS0T_76X_mcRun2_0T_v1-v1/10000/F2A3D1FC-FDD3-E511-A09A-00266CFF0608.root
Begin processing the 700001st record. Run 1, Event 248311957, LumiSection 2630 at 05-Oct-2023 12:50:22.276 CEST
05-Oct-2023 12:50:23 CEST  Closed file root://eospublic.cern.ch//eos/opendata/cms/mc/RunIIFall15MiniAODv2/QCD_Pt-40toInf_DoubleEMEnriched_MGG-80toInf_TuneCUETP8M1_13TeV_Pythia8/MINIAODSIM/PU25nsData2015v1_0T_magnetOffBS0T_76X_mcRun2_0T_v1-v1/10000/F2A3D1FC-FDD3-E511-A09A-00266CFF0608.root
05-Oct-2023 12:50:23 CEST  Initiating request to open file root://eospublic.cern.ch//eos/opendata/cms/mc/RunIIFall15MiniAODv2/QCD_Pt-40toInf_DoubleEMEnriched_MGG-80toInf_TuneCUETP8M1_13TeV_Pythia8/MINIAODSIM/PU25nsData2015v1_0T_magnetOffBS0T_76X_mcRun2_0T_v1-v1/10000/FE981278-09D4-E511-8AC9-6CC2173BB980.root
%MSG-w XrdAdaptor:  file_open 05-Oct-2023 12:50:23 CEST PostProcessEvent
Data is served from cern.ch instead of original site eospublic
%MSG
05-Oct-2023 12:50:23 CEST  Successfully opened file root://eospublic.cern.ch//eos/opendata/cms/mc/RunIIFall15MiniAODv2/QCD_Pt-40toInf_DoubleEMEnriched_MGG-80toInf_TuneCUETP8M1_13TeV_Pythia8/MINIAODSIM/PU25nsData2015v1_0T_magnetOffBS0T_76X_mcRun2_0T_v1-v1/10000/FE981278-09D4-E511-8AC9-6CC2173BB980.root
05-Oct-2023 12:50:26 CEST  Closed file root://eospublic.cern.ch//eos/opendata/cms/mc/RunIIFall15MiniAODv2/QCD_Pt-40toInf_DoubleEMEnriched_MGG-80toInf_TuneCUETP8M1_13TeV_Pythia8/MINIAODSIM/PU25nsData2015v1_0T_magnetOffBS0T_76X_mcRun2_0T_v1-v1/10000/FE981278-09D4-E511-8AC9-6CC2173BB980.root
05-Oct-2023 12:50:26 CEST  Initiating request to open file root://eospublic.cern.ch//eos/opendata/cms/mc/RunIIFall15MiniAODv2/QCD_Pt-40toInf_DoubleEMEnriched_MGG-80toInf_TuneCUETP8M1_13TeV_Pythia8/MINIAODSIM/PU25nsData2015v1_0T_magnetOffBS0T_76X_mcRun2_0T_v1-v1/40000/0219593F-27D4-E511-A5A3-001E67F333FC.root
%MSG-w XrdAdaptor:  file_open 05-Oct-2023 12:50:26 CEST PostProcessEvent
Data is served from cern.ch instead of original site eospublic
%MSG
05-Oct-2023 12:50:26 CEST  Successfully opened file root://eospublic.cern.ch//eos/opendata/cms/mc/RunIIFall15MiniAODv2/QCD_Pt-40toInf_DoubleEMEnriched_MGG-80toInf_TuneCUETP8M1_13TeV_Pythia8/MINIAODSIM/PU25nsData2015v1_0T_magnetOffBS0T_76X_mcRun2_0T_v1-v1/40000/0219593F-27D4-E511-A5A3-001E67F333FC.root
05-Oct-2023 12:50:28 CEST  Closed file root://eospublic.cern.ch//eos/opendata/cms/mc/RunIIFall15MiniAODv2/QCD_Pt-40toInf_DoubleEMEnriched_MGG-80toInf_TuneCUETP8M1_13TeV_Pythia8/MINIAODSIM/PU25nsData2015v1_0T_magnetOffBS0T_76X_mcRun2_0T_v1-v1/40000/0219593F-27D4-E511-A5A3-001E67F333FC.root
05-Oct-2023 12:50:28 CEST  Initiating request to open file root://eospublic.cern.ch//eos/opendata/cms/mc/RunIIFall15MiniAODv2/QCD_Pt-40toInf_DoubleEMEnriched_MGG-80toInf_TuneCUETP8M1_13TeV_Pythia8/MINIAODSIM/PU25nsData2015v1_0T_magnetOffBS0T_76X_mcRun2_0T_v1-v1/40000/5C3C12BB-A2D3-E511-8836-00266CFF0234.root
%MSG-w XrdAdaptor:  file_open 05-Oct-2023 12:50:28 CEST PostProcessEvent
Data is served from cern.ch instead of original site eospublic
%MSG
05-Oct-2023 12:50:28 CEST  Successfully opened file root://eospublic.cern.ch//eos/opendata/cms/mc/RunIIFall15MiniAODv2/QCD_Pt-40toInf_DoubleEMEnriched_MGG-80toInf_TuneCUETP8M1_13TeV_Pythia8/MINIAODSIM/PU25nsData2015v1_0T_magnetOffBS0T_76X_mcRun2_0T_v1-v1/40000/5C3C12BB-A2D3-E511-8836-00266CFF0234.root
Begin processing the 800001st record. Run 1, Event 344664279, LumiSection 3650 at 05-Oct-2023 12:50:30.207 CEST
05-Oct-2023 12:50:32 CEST  Closed file root://eospublic.cern.ch//eos/opendata/cms/mc/RunIIFall15MiniAODv2/QCD_Pt-40toInf_DoubleEMEnriched_MGG-80toInf_TuneCUETP8M1_13TeV_Pythia8/MINIAODSIM/PU25nsData2015v1_0T_magnetOffBS0T_76X_mcRun2_0T_v1-v1/40000/5C3C12BB-A2D3-E511-8836-00266CFF0234.root
05-Oct-2023 12:50:32 CEST  Initiating request to open file root://eospublic.cern.ch//eos/opendata/cms/mc/RunIIFall15MiniAODv2/QCD_Pt-40toInf_DoubleEMEnriched_MGG-80toInf_TuneCUETP8M1_13TeV_Pythia8/MINIAODSIM/PU25nsData2015v1_0T_magnetOffBS0T_76X_mcRun2_0T_v1-v1/40000/68A6198B-9BD3-E511-8821-6CC2173BBA60.root
%MSG-w XrdAdaptor:  file_open 05-Oct-2023 12:50:32 CEST PostProcessEvent
Data is served from cern.ch instead of original site eospublic
%MSG
05-Oct-2023 12:50:32 CEST  Successfully opened file root://eospublic.cern.ch//eos/opendata/cms/mc/RunIIFall15MiniAODv2/QCD_Pt-40toInf_DoubleEMEnriched_MGG-80toInf_TuneCUETP8M1_13TeV_Pythia8/MINIAODSIM/PU25nsData2015v1_0T_magnetOffBS0T_76X_mcRun2_0T_v1-v1/40000/68A6198B-9BD3-E511-8821-6CC2173BBA60.root
05-Oct-2023 12:50:34 CEST  Closed file root://eospublic.cern.ch//eos/opendata/cms/mc/RunIIFall15MiniAODv2/QCD_Pt-40toInf_DoubleEMEnriched_MGG-80toInf_TuneCUETP8M1_13TeV_Pythia8/MINIAODSIM/PU25nsData2015v1_0T_magnetOffBS0T_76X_mcRun2_0T_v1-v1/40000/68A6198B-9BD3-E511-8821-6CC2173BBA60.root
05-Oct-2023 12:50:34 CEST  Initiating request to open file root://eospublic.cern.ch//eos/opendata/cms/mc/RunIIFall15MiniAODv2/QCD_Pt-40toInf_DoubleEMEnriched_MGG-80toInf_TuneCUETP8M1_13TeV_Pythia8/MINIAODSIM/PU25nsData2015v1_0T_magnetOffBS0T_76X_mcRun2_0T_v1-v1/40000/A4B1D0E1-A5D3-E511-9A56-008CFA0518D4.root
%MSG-w XrdAdaptor:  file_open 05-Oct-2023 12:50:34 CEST PostProcessEvent
Data is served from cern.ch instead of original site eospublic
%MSG
05-Oct-2023 12:50:34 CEST  Successfully opened file root://eospublic.cern.ch//eos/opendata/cms/mc/RunIIFall15MiniAODv2/QCD_Pt-40toInf_DoubleEMEnriched_MGG-80toInf_TuneCUETP8M1_13TeV_Pythia8/MINIAODSIM/PU25nsData2015v1_0T_magnetOffBS0T_76X_mcRun2_0T_v1-v1/40000/A4B1D0E1-A5D3-E511-9A56-008CFA0518D4.root
Begin processing the 900001st record. Run 1, Event 946445503, LumiSection 10023 at 05-Oct-2023 12:50:37.261 CEST
05-Oct-2023 12:50:38 CEST  Closed file root://eospublic.cern.ch//eos/opendata/cms/mc/RunIIFall15MiniAODv2/QCD_Pt-40toInf_DoubleEMEnriched_MGG-80toInf_TuneCUETP8M1_13TeV_Pythia8/MINIAODSIM/PU25nsData2015v1_0T_magnetOffBS0T_76X_mcRun2_0T_v1-v1/40000/A4B1D0E1-A5D3-E511-9A56-008CFA0518D4.root
05-Oct-2023 12:50:38 CEST  Initiating request to open file root://eospublic.cern.ch//eos/opendata/cms/mc/RunIIFall15MiniAODv2/QCD_Pt-40toInf_DoubleEMEnriched_MGG-80toInf_TuneCUETP8M1_13TeV_Pythia8/MINIAODSIM/PU25nsData2015v1_0T_magnetOffBS0T_76X_mcRun2_0T_v1-v1/40000/B66DAADB-B3D3-E511-872A-001E67DBE881.root
%MSG-w XrdAdaptor:  file_open 05-Oct-2023 12:50:38 CEST PostProcessEvent
Data is served from cern.ch instead of original site eospublic
%MSG
05-Oct-2023 12:50:38 CEST  Successfully opened file root://eospublic.cern.ch//eos/opendata/cms/mc/RunIIFall15MiniAODv2/QCD_Pt-40toInf_DoubleEMEnriched_MGG-80toInf_TuneCUETP8M1_13TeV_Pythia8/MINIAODSIM/PU25nsData2015v1_0T_magnetOffBS0T_76X_mcRun2_0T_v1-v1/40000/B66DAADB-B3D3-E511-872A-001E67DBE881.root
05-Oct-2023 12:50:41 CEST  Closed file root://eospublic.cern.ch//eos/opendata/cms/mc/RunIIFall15MiniAODv2/QCD_Pt-40toInf_DoubleEMEnriched_MGG-80toInf_TuneCUETP8M1_13TeV_Pythia8/MINIAODSIM/PU25nsData2015v1_0T_magnetOffBS0T_76X_mcRun2_0T_v1-v1/40000/B66DAADB-B3D3-E511-872A-001E67DBE881.root
05-Oct-2023 12:50:41 CEST  Initiating request to open file root://eospublic.cern.ch//eos/opendata/cms/mc/RunIIFall15MiniAODv2/QCD_Pt-40toInf_DoubleEMEnriched_MGG-80toInf_TuneCUETP8M1_13TeV_Pythia8/MINIAODSIM/PU25nsData2015v1_0T_magnetOffBS0T_76X_mcRun2_0T_v1-v1/40000/D64FD8AD-A2D3-E511-A7AF-00266CFFCB14.root
%MSG-w XrdAdaptor:  file_open 05-Oct-2023 12:50:41 CEST PostProcessEvent
Data is served from cern.ch instead of original site eospublic
%MSG
05-Oct-2023 12:50:41 CEST  Successfully opened file root://eospublic.cern.ch//eos/opendata/cms/mc/RunIIFall15MiniAODv2/QCD_Pt-40toInf_DoubleEMEnriched_MGG-80toInf_TuneCUETP8M1_13TeV_Pythia8/MINIAODSIM/PU25nsData2015v1_0T_magnetOffBS0T_76X_mcRun2_0T_v1-v1/40000/D64FD8AD-A2D3-E511-A7AF-00266CFFCB14.root
Begin processing the 1000001st record. Run 1, Event 807451735, LumiSection 8551 at 05-Oct-2023 12:50:44.527 CEST
05-Oct-2023 12:50:44 CEST  Closed file root://eospublic.cern.ch//eos/opendata/cms/mc/RunIIFall15MiniAODv2/QCD_Pt-40toInf_DoubleEMEnriched_MGG-80toInf_TuneCUETP8M1_13TeV_Pythia8/MINIAODSIM/PU25nsData2015v1_0T_magnetOffBS0T_76X_mcRun2_0T_v1-v1/40000/D64FD8AD-A2D3-E511-A7AF-00266CFFCB14.root
05-Oct-2023 12:50:44 CEST  Initiating request to open file root://eospublic.cern.ch//eos/opendata/cms/mc/RunIIFall15MiniAODv2/QCD_Pt-40toInf_DoubleEMEnriched_MGG-80toInf_TuneCUETP8M1_13TeV_Pythia8/MINIAODSIM/PU25nsData2015v1_0T_magnetOffBS0T_76X_mcRun2_0T_v1-v1/40000/DE1C9DE3-A5D3-E511-83FD-00266CFFBCE0.root
%MSG-w XrdAdaptor:  file_open 05-Oct-2023 12:50:44 CEST PostProcessEvent
Data is served from cern.ch instead of original site eospublic
%MSG
05-Oct-2023 12:50:44 CEST  Successfully opened file root://eospublic.cern.ch//eos/opendata/cms/mc/RunIIFall15MiniAODv2/QCD_Pt-40toInf_DoubleEMEnriched_MGG-80toInf_TuneCUETP8M1_13TeV_Pythia8/MINIAODSIM/PU25nsData2015v1_0T_magnetOffBS0T_76X_mcRun2_0T_v1-v1/40000/DE1C9DE3-A5D3-E511-83FD-00266CFFBCE0.root
05-Oct-2023 12:50:46 CEST  Closed file root://eospublic.cern.ch//eos/opendata/cms/mc/RunIIFall15MiniAODv2/QCD_Pt-40toInf_DoubleEMEnriched_MGG-80toInf_TuneCUETP8M1_13TeV_Pythia8/MINIAODSIM/PU25nsData2015v1_0T_magnetOffBS0T_76X_mcRun2_0T_v1-v1/40000/DE1C9DE3-A5D3-E511-83FD-00266CFFBCE0.root
05-Oct-2023 12:50:46 CEST  Initiating request to open file root://eospublic.cern.ch//eos/opendata/cms/mc/RunIIFall15MiniAODv2/QCD_Pt-40toInf_DoubleEMEnriched_MGG-80toInf_TuneCUETP8M1_13TeV_Pythia8/MINIAODSIM/PU25nsData2015v1_0T_magnetOffBS0T_76X_mcRun2_0T_v1-v1/40000/E69DAFBC-9AD3-E511-AF07-00266CF91A18.root
%MSG-w XrdAdaptor:  file_open 05-Oct-2023 12:50:46 CEST PostProcessEvent
Data is served from cern.ch instead of original site eospublic
%MSG
05-Oct-2023 12:50:46 CEST  Successfully opened file root://eospublic.cern.ch//eos/opendata/cms/mc/RunIIFall15MiniAODv2/QCD_Pt-40toInf_DoubleEMEnriched_MGG-80toInf_TuneCUETP8M1_13TeV_Pythia8/MINIAODSIM/PU25nsData2015v1_0T_magnetOffBS0T_76X_mcRun2_0T_v1-v1/40000/E69DAFBC-9AD3-E511-AF07-00266CF91A18.root
05-Oct-2023 12:50:49 CEST  Closed file root://eospublic.cern.ch//eos/opendata/cms/mc/RunIIFall15MiniAODv2/QCD_Pt-40toInf_DoubleEMEnriched_MGG-80toInf_TuneCUETP8M1_13TeV_Pythia8/MINIAODSIM/PU25nsData2015v1_0T_magnetOffBS0T_76X_mcRun2_0T_v1-v1/40000/E69DAFBC-9AD3-E511-AF07-00266CF91A18.root
05-Oct-2023 12:50:49 CEST  Initiating request to open file root://eospublic.cern.ch//eos/opendata/cms/mc/RunIIFall15MiniAODv2/QCD_Pt-40toInf_DoubleEMEnriched_MGG-80toInf_TuneCUETP8M1_13TeV_Pythia8/MINIAODSIM/PU25nsData2015v1_0T_magnetOffBS0T_76X_mcRun2_0T_v1-v1/60000/0015D269-94D3-E511-9A10-AC162DABBBA0.root
%MSG-w XrdAdaptor:  file_open 05-Oct-2023 12:50:49 CEST PostProcessEvent
Data is served from cern.ch instead of original site eospublic
%MSG
05-Oct-2023 12:50:49 CEST  Successfully opened file root://eospublic.cern.ch//eos/opendata/cms/mc/RunIIFall15MiniAODv2/QCD_Pt-40toInf_DoubleEMEnriched_MGG-80toInf_TuneCUETP8M1_13TeV_Pythia8/MINIAODSIM/PU25nsData2015v1_0T_magnetOffBS0T_76X_mcRun2_0T_v1-v1/60000/0015D269-94D3-E511-9A10-AC162DABBBA0.root
Begin processing the 1100001st record. Run 1, Event 651100032, LumiSection 6896 at 05-Oct-2023 12:50:52.592 CEST
05-Oct-2023 12:50:53 CEST  Closed file root://eospublic.cern.ch//eos/opendata/cms/mc/RunIIFall15MiniAODv2/QCD_Pt-40toInf_DoubleEMEnriched_MGG-80toInf_TuneCUETP8M1_13TeV_Pythia8/MINIAODSIM/PU25nsData2015v1_0T_magnetOffBS0T_76X_mcRun2_0T_v1-v1/60000/0015D269-94D3-E511-9A10-AC162DABBBA0.root
05-Oct-2023 12:50:53 CEST  Initiating request to open file root://eospublic.cern.ch//eos/opendata/cms/mc/RunIIFall15MiniAODv2/QCD_Pt-40toInf_DoubleEMEnriched_MGG-80toInf_TuneCUETP8M1_13TeV_Pythia8/MINIAODSIM/PU25nsData2015v1_0T_magnetOffBS0T_76X_mcRun2_0T_v1-v1/60000/20C60A9A-91D3-E511-9488-00266CFFC76C.root
%MSG-w XrdAdaptor:  file_open 05-Oct-2023 12:50:53 CEST PostProcessEvent
Data is served from cern.ch instead of original site eospublic
%MSG
05-Oct-2023 12:50:53 CEST  Successfully opened file root://eospublic.cern.ch//eos/opendata/cms/mc/RunIIFall15MiniAODv2/QCD_Pt-40toInf_DoubleEMEnriched_MGG-80toInf_TuneCUETP8M1_13TeV_Pythia8/MINIAODSIM/PU25nsData2015v1_0T_magnetOffBS0T_76X_mcRun2_0T_v1-v1/60000/20C60A9A-91D3-E511-9488-00266CFFC76C.root
05-Oct-2023 12:50:56 CEST  Closed file root://eospublic.cern.ch//eos/opendata/cms/mc/RunIIFall15MiniAODv2/QCD_Pt-40toInf_DoubleEMEnriched_MGG-80toInf_TuneCUETP8M1_13TeV_Pythia8/MINIAODSIM/PU25nsData2015v1_0T_magnetOffBS0T_76X_mcRun2_0T_v1-v1/60000/20C60A9A-91D3-E511-9488-00266CFFC76C.root
05-Oct-2023 12:50:56 CEST  Initiating request to open file root://eospublic.cern.ch//eos/opendata/cms/mc/RunIIFall15MiniAODv2/QCD_Pt-40toInf_DoubleEMEnriched_MGG-80toInf_TuneCUETP8M1_13TeV_Pythia8/MINIAODSIM/PU25nsData2015v1_0T_magnetOffBS0T_76X_mcRun2_0T_v1-v1/60000/301EC2AF-93D3-E511-8202-00266CFFC76C.root
%MSG-w XrdAdaptor:  file_open 05-Oct-2023 12:50:56 CEST PostProcessEvent
Data is served from cern.ch instead of original site eospublic
%MSG
05-Oct-2023 12:50:56 CEST  Successfully opened file root://eospublic.cern.ch//eos/opendata/cms/mc/RunIIFall15MiniAODv2/QCD_Pt-40toInf_DoubleEMEnriched_MGG-80toInf_TuneCUETP8M1_13TeV_Pythia8/MINIAODSIM/PU25nsData2015v1_0T_magnetOffBS0T_76X_mcRun2_0T_v1-v1/60000/301EC2AF-93D3-E511-8202-00266CFFC76C.root
05-Oct-2023 12:50:59 CEST  Closed file root://eospublic.cern.ch//eos/opendata/cms/mc/RunIIFall15MiniAODv2/QCD_Pt-40toInf_DoubleEMEnriched_MGG-80toInf_TuneCUETP8M1_13TeV_Pythia8/MINIAODSIM/PU25nsData2015v1_0T_magnetOffBS0T_76X_mcRun2_0T_v1-v1/60000/301EC2AF-93D3-E511-8202-00266CFFC76C.root
05-Oct-2023 12:50:59 CEST  Initiating request to open file root://eospublic.cern.ch//eos/opendata/cms/mc/RunIIFall15MiniAODv2/QCD_Pt-40toInf_DoubleEMEnriched_MGG-80toInf_TuneCUETP8M1_13TeV_Pythia8/MINIAODSIM/PU25nsData2015v1_0T_magnetOffBS0T_76X_mcRun2_0T_v1-v1/60000/3A1CB4C6-87D3-E511-8ED7-C4346BC85718.root
%MSG-w XrdAdaptor:  file_open 05-Oct-2023 12:50:59 CEST PostProcessEvent
Data is served from cern.ch instead of original site eospublic
%MSG
05-Oct-2023 12:50:59 CEST  Successfully opened file root://eospublic.cern.ch//eos/opendata/cms/mc/RunIIFall15MiniAODv2/QCD_Pt-40toInf_DoubleEMEnriched_MGG-80toInf_TuneCUETP8M1_13TeV_Pythia8/MINIAODSIM/PU25nsData2015v1_0T_magnetOffBS0T_76X_mcRun2_0T_v1-v1/60000/3A1CB4C6-87D3-E511-8ED7-C4346BC85718.root
Begin processing the 1200001st record. Run 1, Event 30577052, LumiSection 324 at 05-Oct-2023 12:51:00.597 CEST
05-Oct-2023 12:51:03 CEST  Closed file root://eospublic.cern.ch//eos/opendata/cms/mc/RunIIFall15MiniAODv2/QCD_Pt-40toInf_DoubleEMEnriched_MGG-80toInf_TuneCUETP8M1_13TeV_Pythia8/MINIAODSIM/PU25nsData2015v1_0T_magnetOffBS0T_76X_mcRun2_0T_v1-v1/60000/3A1CB4C6-87D3-E511-8ED7-C4346BC85718.root
05-Oct-2023 12:51:03 CEST  Initiating request to open file root://eospublic.cern.ch//eos/opendata/cms/mc/RunIIFall15MiniAODv2/QCD_Pt-40toInf_DoubleEMEnriched_MGG-80toInf_TuneCUETP8M1_13TeV_Pythia8/MINIAODSIM/PU25nsData2015v1_0T_magnetOffBS0T_76X_mcRun2_0T_v1-v1/60000/6A3A4CDB-B9D3-E511-86B6-00266CFC3B0C.root
%MSG-w XrdAdaptor:  file_open 05-Oct-2023 12:51:03 CEST PostProcessEvent
Data is served from cern.ch instead of original site eospublic
%MSG
05-Oct-2023 12:51:03 CEST  Successfully opened file root://eospublic.cern.ch//eos/opendata/cms/mc/RunIIFall15MiniAODv2/QCD_Pt-40toInf_DoubleEMEnriched_MGG-80toInf_TuneCUETP8M1_13TeV_Pythia8/MINIAODSIM/PU25nsData2015v1_0T_magnetOffBS0T_76X_mcRun2_0T_v1-v1/60000/6A3A4CDB-B9D3-E511-86B6-00266CFC3B0C.root
05-Oct-2023 12:51:06 CEST  Closed file root://eospublic.cern.ch//eos/opendata/cms/mc/RunIIFall15MiniAODv2/QCD_Pt-40toInf_DoubleEMEnriched_MGG-80toInf_TuneCUETP8M1_13TeV_Pythia8/MINIAODSIM/PU25nsData2015v1_0T_magnetOffBS0T_76X_mcRun2_0T_v1-v1/60000/6A3A4CDB-B9D3-E511-86B6-00266CFC3B0C.root
05-Oct-2023 12:51:06 CEST  Initiating request to open file root://eospublic.cern.ch//eos/opendata/cms/mc/RunIIFall15MiniAODv2/QCD_Pt-40toInf_DoubleEMEnriched_MGG-80toInf_TuneCUETP8M1_13TeV_Pythia8/MINIAODSIM/PU25nsData2015v1_0T_magnetOffBS0T_76X_mcRun2_0T_v1-v1/60000/8218A59F-8DD3-E511-98FD-001E67DBE06B.root
%MSG-w XrdAdaptor:  file_open 05-Oct-2023 12:51:06 CEST PostProcessEvent
Data is served from cern.ch instead of original site eospublic
%MSG
05-Oct-2023 12:51:06 CEST  Successfully opened file root://eospublic.cern.ch//eos/opendata/cms/mc/RunIIFall15MiniAODv2/QCD_Pt-40toInf_DoubleEMEnriched_MGG-80toInf_TuneCUETP8M1_13TeV_Pythia8/MINIAODSIM/PU25nsData2015v1_0T_magnetOffBS0T_76X_mcRun2_0T_v1-v1/60000/8218A59F-8DD3-E511-98FD-001E67DBE06B.root
Begin processing the 1300001st record. Run 1, Event 257814298, LumiSection 2731 at 05-Oct-2023 12:51:07.954 CEST
05-Oct-2023 12:51:10 CEST  Closed file root://eospublic.cern.ch//eos/opendata/cms/mc/RunIIFall15MiniAODv2/QCD_Pt-40toInf_DoubleEMEnriched_MGG-80toInf_TuneCUETP8M1_13TeV_Pythia8/MINIAODSIM/PU25nsData2015v1_0T_magnetOffBS0T_76X_mcRun2_0T_v1-v1/60000/8218A59F-8DD3-E511-98FD-001E67DBE06B.root
05-Oct-2023 12:51:10 CEST  Initiating request to open file root://eospublic.cern.ch//eos/opendata/cms/mc/RunIIFall15MiniAODv2/QCD_Pt-40toInf_DoubleEMEnriched_MGG-80toInf_TuneCUETP8M1_13TeV_Pythia8/MINIAODSIM/PU25nsData2015v1_0T_magnetOffBS0T_76X_mcRun2_0T_v1-v1/60000/84C3B2D6-B9D3-E511-B805-00266CFEFDC4.root
%MSG-w XrdAdaptor:  file_open 05-Oct-2023 12:51:10 CEST PostProcessEvent
Data is served from cern.ch instead of original site eospublic
%MSG
05-Oct-2023 12:51:10 CEST  Successfully opened file root://eospublic.cern.ch//eos/opendata/cms/mc/RunIIFall15MiniAODv2/QCD_Pt-40toInf_DoubleEMEnriched_MGG-80toInf_TuneCUETP8M1_13TeV_Pythia8/MINIAODSIM/PU25nsData2015v1_0T_magnetOffBS0T_76X_mcRun2_0T_v1-v1/60000/84C3B2D6-B9D3-E511-B805-00266CFEFDC4.root
05-Oct-2023 12:51:13 CEST  Closed file root://eospublic.cern.ch//eos/opendata/cms/mc/RunIIFall15MiniAODv2/QCD_Pt-40toInf_DoubleEMEnriched_MGG-80toInf_TuneCUETP8M1_13TeV_Pythia8/MINIAODSIM/PU25nsData2015v1_0T_magnetOffBS0T_76X_mcRun2_0T_v1-v1/60000/84C3B2D6-B9D3-E511-B805-00266CFEFDC4.root
05-Oct-2023 12:51:13 CEST  Initiating request to open file root://eospublic.cern.ch//eos/opendata/cms/mc/RunIIFall15MiniAODv2/QCD_Pt-40toInf_DoubleEMEnriched_MGG-80toInf_TuneCUETP8M1_13TeV_Pythia8/MINIAODSIM/PU25nsData2015v1_0T_magnetOffBS0T_76X_mcRun2_0T_v1-v1/60000/903A4D7B-CFD3-E511-8592-001E67E5E8B6.root
%MSG-w XrdAdaptor:  file_open 05-Oct-2023 12:51:13 CEST PostProcessEvent
Data is served from cern.ch instead of original site eospublic
%MSG
05-Oct-2023 12:51:14 CEST  Successfully opened file root://eospublic.cern.ch//eos/opendata/cms/mc/RunIIFall15MiniAODv2/QCD_Pt-40toInf_DoubleEMEnriched_MGG-80toInf_TuneCUETP8M1_13TeV_Pythia8/MINIAODSIM/PU25nsData2015v1_0T_magnetOffBS0T_76X_mcRun2_0T_v1-v1/60000/903A4D7B-CFD3-E511-8592-001E67E5E8B6.root
Begin processing the 1400001st record. Run 1, Event 262331690, LumiSection 2779 at 05-Oct-2023 12:51:15.017 CEST
05-Oct-2023 12:51:15 CEST  Closed file root://eospublic.cern.ch//eos/opendata/cms/mc/RunIIFall15MiniAODv2/QCD_Pt-40toInf_DoubleEMEnriched_MGG-80toInf_TuneCUETP8M1_13TeV_Pythia8/MINIAODSIM/PU25nsData2015v1_0T_magnetOffBS0T_76X_mcRun2_0T_v1-v1/60000/903A4D7B-CFD3-E511-8592-001E67E5E8B6.root
05-Oct-2023 12:51:15 CEST  Initiating request to open file root://eospublic.cern.ch//eos/opendata/cms/mc/RunIIFall15MiniAODv2/QCD_Pt-40toInf_DoubleEMEnriched_MGG-80toInf_TuneCUETP8M1_13TeV_Pythia8/MINIAODSIM/PU25nsData2015v1_0T_magnetOffBS0T_76X_mcRun2_0T_v1-v1/60000/AEA5C49A-91D3-E511-A43F-00266CFEFE1C.root
%MSG-w XrdAdaptor:  file_open 05-Oct-2023 12:51:15 CEST PostProcessEvent
Data is served from cern.ch instead of original site eospublic
%MSG
05-Oct-2023 12:51:15 CEST  Successfully opened file root://eospublic.cern.ch//eos/opendata/cms/mc/RunIIFall15MiniAODv2/QCD_Pt-40toInf_DoubleEMEnriched_MGG-80toInf_TuneCUETP8M1_13TeV_Pythia8/MINIAODSIM/PU25nsData2015v1_0T_magnetOffBS0T_76X_mcRun2_0T_v1-v1/60000/AEA5C49A-91D3-E511-A43F-00266CFEFE1C.root
05-Oct-2023 12:51:19 CEST  Closed file root://eospublic.cern.ch//eos/opendata/cms/mc/RunIIFall15MiniAODv2/QCD_Pt-40toInf_DoubleEMEnriched_MGG-80toInf_TuneCUETP8M1_13TeV_Pythia8/MINIAODSIM/PU25nsData2015v1_0T_magnetOffBS0T_76X_mcRun2_0T_v1-v1/60000/AEA5C49A-91D3-E511-A43F-00266CFEFE1C.root
05-Oct-2023 12:51:19 CEST  Initiating request to open file root://eospublic.cern.ch//eos/opendata/cms/mc/RunIIFall15MiniAODv2/QCD_Pt-40toInf_DoubleEMEnriched_MGG-80toInf_TuneCUETP8M1_13TeV_Pythia8/MINIAODSIM/PU25nsData2015v1_0T_magnetOffBS0T_76X_mcRun2_0T_v1-v1/60000/D60E193F-8FD3-E511-9B31-001E67DBE06B.root
%MSG-w XrdAdaptor:  file_open 05-Oct-2023 12:51:19 CEST PostProcessEvent
Data is served from cern.ch instead of original site eospublic
%MSG
05-Oct-2023 12:51:19 CEST  Successfully opened file root://eospublic.cern.ch//eos/opendata/cms/mc/RunIIFall15MiniAODv2/QCD_Pt-40toInf_DoubleEMEnriched_MGG-80toInf_TuneCUETP8M1_13TeV_Pythia8/MINIAODSIM/PU25nsData2015v1_0T_magnetOffBS0T_76X_mcRun2_0T_v1-v1/60000/D60E193F-8FD3-E511-9B31-001E67DBE06B.root
Begin processing the 1500001st record. Run 1, Event 153064449, LumiSection 1621 at 05-Oct-2023 12:51:22.278 CEST
05-Oct-2023 12:51:22 CEST  Closed file root://eospublic.cern.ch//eos/opendata/cms/mc/RunIIFall15MiniAODv2/QCD_Pt-40toInf_DoubleEMEnriched_MGG-80toInf_TuneCUETP8M1_13TeV_Pythia8/MINIAODSIM/PU25nsData2015v1_0T_magnetOffBS0T_76X_mcRun2_0T_v1-v1/60000/D60E193F-8FD3-E511-9B31-001E67DBE06B.root
05-Oct-2023 12:51:22 CEST  Initiating request to open file root://eospublic.cern.ch//eos/opendata/cms/mc/RunIIFall15MiniAODv2/QCD_Pt-40toInf_DoubleEMEnriched_MGG-80toInf_TuneCUETP8M1_13TeV_Pythia8/MINIAODSIM/PU25nsData2015v1_0T_magnetOffBS0T_76X_mcRun2_0T_v1-v1/60000/D69B4B6C-CFD3-E511-90EE-008CFA05206C.root
%MSG-w XrdAdaptor:  file_open 05-Oct-2023 12:51:22 CEST PostProcessEvent
Data is served from cern.ch instead of original site eospublic
%MSG
05-Oct-2023 12:51:22 CEST  Successfully opened file root://eospublic.cern.ch//eos/opendata/cms/mc/RunIIFall15MiniAODv2/QCD_Pt-40toInf_DoubleEMEnriched_MGG-80toInf_TuneCUETP8M1_13TeV_Pythia8/MINIAODSIM/PU25nsData2015v1_0T_magnetOffBS0T_76X_mcRun2_0T_v1-v1/60000/D69B4B6C-CFD3-E511-90EE-008CFA05206C.root
05-Oct-2023 12:51:26 CEST  Closed file root://eospublic.cern.ch//eos/opendata/cms/mc/RunIIFall15MiniAODv2/QCD_Pt-40toInf_DoubleEMEnriched_MGG-80toInf_TuneCUETP8M1_13TeV_Pythia8/MINIAODSIM/PU25nsData2015v1_0T_magnetOffBS0T_76X_mcRun2_0T_v1-v1/60000/D69B4B6C-CFD3-E511-90EE-008CFA05206C.root
05-Oct-2023 12:51:26 CEST  Initiating request to open file root://eospublic.cern.ch//eos/opendata/cms/mc/RunIIFall15MiniAODv2/QCD_Pt-40toInf_DoubleEMEnriched_MGG-80toInf_TuneCUETP8M1_13TeV_Pythia8/MINIAODSIM/PU25nsData2015v1_0T_magnetOffBS0T_76X_mcRun2_0T_v1-v1/80000/06C86030-9CD6-E511-98AB-A0369F8363EE.root
%MSG-w XrdAdaptor:  file_open 05-Oct-2023 12:51:26 CEST PostProcessEvent
Data is served from cern.ch instead of original site eospublic
%MSG
05-Oct-2023 12:51:26 CEST  Successfully opened file root://eospublic.cern.ch//eos/opendata/cms/mc/RunIIFall15MiniAODv2/QCD_Pt-40toInf_DoubleEMEnriched_MGG-80toInf_TuneCUETP8M1_13TeV_Pythia8/MINIAODSIM/PU25nsData2015v1_0T_magnetOffBS0T_76X_mcRun2_0T_v1-v1/80000/06C86030-9CD6-E511-98AB-A0369F8363EE.root
05-Oct-2023 12:51:29 CEST  Closed file root://eospublic.cern.ch//eos/opendata/cms/mc/RunIIFall15MiniAODv2/QCD_Pt-40toInf_DoubleEMEnriched_MGG-80toInf_TuneCUETP8M1_13TeV_Pythia8/MINIAODSIM/PU25nsData2015v1_0T_magnetOffBS0T_76X_mcRun2_0T_v1-v1/80000/06C86030-9CD6-E511-98AB-A0369F8363EE.root
05-Oct-2023 12:51:29 CEST  Initiating request to open file root://eospublic.cern.ch//eos/opendata/cms/mc/RunIIFall15MiniAODv2/QCD_Pt-40toInf_DoubleEMEnriched_MGG-80toInf_TuneCUETP8M1_13TeV_Pythia8/MINIAODSIM/PU25nsData2015v1_0T_magnetOffBS0T_76X_mcRun2_0T_v1-v1/80000/0C97CD66-9CD6-E511-A1FA-C4346BC84780.root
%MSG-w XrdAdaptor:  file_open 05-Oct-2023 12:51:29 CEST PostProcessEvent
Data is served from cern.ch instead of original site eospublic
%MSG
05-Oct-2023 12:51:29 CEST  Successfully opened file root://eospublic.cern.ch//eos/opendata/cms/mc/RunIIFall15MiniAODv2/QCD_Pt-40toInf_DoubleEMEnriched_MGG-80toInf_TuneCUETP8M1_13TeV_Pythia8/MINIAODSIM/PU25nsData2015v1_0T_magnetOffBS0T_76X_mcRun2_0T_v1-v1/80000/0C97CD66-9CD6-E511-A1FA-C4346BC84780.root
Begin processing the 1600001st record. Run 1, Event 245432527, LumiSection 2600 at 05-Oct-2023 12:51:30.307 CEST
05-Oct-2023 12:51:31 CEST  Closed file root://eospublic.cern.ch//eos/opendata/cms/mc/RunIIFall15MiniAODv2/QCD_Pt-40toInf_DoubleEMEnriched_MGG-80toInf_TuneCUETP8M1_13TeV_Pythia8/MINIAODSIM/PU25nsData2015v1_0T_magnetOffBS0T_76X_mcRun2_0T_v1-v1/80000/0C97CD66-9CD6-E511-A1FA-C4346BC84780.root
05-Oct-2023 12:51:31 CEST  Initiating request to open file root://eospublic.cern.ch//eos/opendata/cms/mc/RunIIFall15MiniAODv2/QCD_Pt-40toInf_DoubleEMEnriched_MGG-80toInf_TuneCUETP8M1_13TeV_Pythia8/MINIAODSIM/PU25nsData2015v1_0T_magnetOffBS0T_76X_mcRun2_0T_v1-v1/80000/2AEDDF31-9ED3-E511-A878-00266CFFBF80.root
%MSG-w XrdAdaptor:  file_open 05-Oct-2023 12:51:32 CEST PostProcessEvent
Data is served from cern.ch instead of original site eospublic
%MSG
05-Oct-2023 12:51:32 CEST  Successfully opened file root://eospublic.cern.ch//eos/opendata/cms/mc/RunIIFall15MiniAODv2/QCD_Pt-40toInf_DoubleEMEnriched_MGG-80toInf_TuneCUETP8M1_13TeV_Pythia8/MINIAODSIM/PU25nsData2015v1_0T_magnetOffBS0T_76X_mcRun2_0T_v1-v1/80000/2AEDDF31-9ED3-E511-A878-00266CFFBF80.root
05-Oct-2023 12:51:35 CEST  Closed file root://eospublic.cern.ch//eos/opendata/cms/mc/RunIIFall15MiniAODv2/QCD_Pt-40toInf_DoubleEMEnriched_MGG-80toInf_TuneCUETP8M1_13TeV_Pythia8/MINIAODSIM/PU25nsData2015v1_0T_magnetOffBS0T_76X_mcRun2_0T_v1-v1/80000/2AEDDF31-9ED3-E511-A878-00266CFFBF80.root
05-Oct-2023 12:51:35 CEST  Initiating request to open file root://eospublic.cern.ch//eos/opendata/cms/mc/RunIIFall15MiniAODv2/QCD_Pt-40toInf_DoubleEMEnriched_MGG-80toInf_TuneCUETP8M1_13TeV_Pythia8/MINIAODSIM/PU25nsData2015v1_0T_magnetOffBS0T_76X_mcRun2_0T_v1-v1/80000/3818F298-91D3-E511-BA84-00266CFFBFC0.root
%MSG-w XrdAdaptor:  file_open 05-Oct-2023 12:51:35 CEST PostProcessEvent
Data is served from cern.ch instead of original site eospublic
%MSG
05-Oct-2023 12:51:35 CEST  Successfully opened file root://eospublic.cern.ch//eos/opendata/cms/mc/RunIIFall15MiniAODv2/QCD_Pt-40toInf_DoubleEMEnriched_MGG-80toInf_TuneCUETP8M1_13TeV_Pythia8/MINIAODSIM/PU25nsData2015v1_0T_magnetOffBS0T_76X_mcRun2_0T_v1-v1/80000/3818F298-91D3-E511-BA84-00266CFFBFC0.root
Begin processing the 1700001st record. Run 1, Event 637907704, LumiSection 6756 at 05-Oct-2023 12:51:37.582 CEST
05-Oct-2023 12:51:39 CEST  Closed file root://eospublic.cern.ch//eos/opendata/cms/mc/RunIIFall15MiniAODv2/QCD_Pt-40toInf_DoubleEMEnriched_MGG-80toInf_TuneCUETP8M1_13TeV_Pythia8/MINIAODSIM/PU25nsData2015v1_0T_magnetOffBS0T_76X_mcRun2_0T_v1-v1/80000/3818F298-91D3-E511-BA84-00266CFFBFC0.root
05-Oct-2023 12:51:39 CEST  Initiating request to open file root://eospublic.cern.ch//eos/opendata/cms/mc/RunIIFall15MiniAODv2/QCD_Pt-40toInf_DoubleEMEnriched_MGG-80toInf_TuneCUETP8M1_13TeV_Pythia8/MINIAODSIM/PU25nsData2015v1_0T_magnetOffBS0T_76X_mcRun2_0T_v1-v1/80000/38729D63-9ED3-E511-8772-00266CFFCB14.root
%MSG-w XrdAdaptor:  file_open 05-Oct-2023 12:51:39 CEST PostProcessEvent
Data is served from cern.ch instead of original site eospublic
%MSG
05-Oct-2023 12:51:39 CEST  Successfully opened file root://eospublic.cern.ch//eos/opendata/cms/mc/RunIIFall15MiniAODv2/QCD_Pt-40toInf_DoubleEMEnriched_MGG-80toInf_TuneCUETP8M1_13TeV_Pythia8/MINIAODSIM/PU25nsData2015v1_0T_magnetOffBS0T_76X_mcRun2_0T_v1-v1/80000/38729D63-9ED3-E511-8772-00266CFFCB14.root
05-Oct-2023 12:51:42 CEST  Closed file root://eospublic.cern.ch//eos/opendata/cms/mc/RunIIFall15MiniAODv2/QCD_Pt-40toInf_DoubleEMEnriched_MGG-80toInf_TuneCUETP8M1_13TeV_Pythia8/MINIAODSIM/PU25nsData2015v1_0T_magnetOffBS0T_76X_mcRun2_0T_v1-v1/80000/38729D63-9ED3-E511-8772-00266CFFCB14.root
05-Oct-2023 12:51:42 CEST  Initiating request to open file root://eospublic.cern.ch//eos/opendata/cms/mc/RunIIFall15MiniAODv2/QCD_Pt-40toInf_DoubleEMEnriched_MGG-80toInf_TuneCUETP8M1_13TeV_Pythia8/MINIAODSIM/PU25nsData2015v1_0T_magnetOffBS0T_76X_mcRun2_0T_v1-v1/80000/3AC3A53F-9ED3-E511-8E72-C4346BC8F6D0.root
%MSG-w XrdAdaptor:  file_open 05-Oct-2023 12:51:42 CEST PostProcessEvent
Data is served from cern.ch instead of original site eospublic
%MSG
05-Oct-2023 12:51:42 CEST  Successfully opened file root://eospublic.cern.ch//eos/opendata/cms/mc/RunIIFall15MiniAODv2/QCD_Pt-40toInf_DoubleEMEnriched_MGG-80toInf_TuneCUETP8M1_13TeV_Pythia8/MINIAODSIM/PU25nsData2015v1_0T_magnetOffBS0T_76X_mcRun2_0T_v1-v1/80000/3AC3A53F-9ED3-E511-8E72-C4346BC8F6D0.root
Begin processing the 1800001st record. Run 1, Event 506134071, LumiSection 5360 at 05-Oct-2023 12:51:44.728 CEST
05-Oct-2023 12:51:45 CEST  Closed file root://eospublic.cern.ch//eos/opendata/cms/mc/RunIIFall15MiniAODv2/QCD_Pt-40toInf_DoubleEMEnriched_MGG-80toInf_TuneCUETP8M1_13TeV_Pythia8/MINIAODSIM/PU25nsData2015v1_0T_magnetOffBS0T_76X_mcRun2_0T_v1-v1/80000/3AC3A53F-9ED3-E511-8E72-C4346BC8F6D0.root
05-Oct-2023 12:51:45 CEST  Initiating request to open file root://eospublic.cern.ch//eos/opendata/cms/mc/RunIIFall15MiniAODv2/QCD_Pt-40toInf_DoubleEMEnriched_MGG-80toInf_TuneCUETP8M1_13TeV_Pythia8/MINIAODSIM/PU25nsData2015v1_0T_magnetOffBS0T_76X_mcRun2_0T_v1-v1/80000/4A8691F3-9ED3-E511-9AB9-008CFA052C0C.root
%MSG-w XrdAdaptor:  file_open 05-Oct-2023 12:51:45 CEST PostProcessEvent
Data is served from cern.ch instead of original site eospublic
%MSG
05-Oct-2023 12:51:45 CEST  Successfully opened file root://eospublic.cern.ch//eos/opendata/cms/mc/RunIIFall15MiniAODv2/QCD_Pt-40toInf_DoubleEMEnriched_MGG-80toInf_TuneCUETP8M1_13TeV_Pythia8/MINIAODSIM/PU25nsData2015v1_0T_magnetOffBS0T_76X_mcRun2_0T_v1-v1/80000/4A8691F3-9ED3-E511-9AB9-008CFA052C0C.root
05-Oct-2023 12:51:46 CEST  Closed file root://eospublic.cern.ch//eos/opendata/cms/mc/RunIIFall15MiniAODv2/QCD_Pt-40toInf_DoubleEMEnriched_MGG-80toInf_TuneCUETP8M1_13TeV_Pythia8/MINIAODSIM/PU25nsData2015v1_0T_magnetOffBS0T_76X_mcRun2_0T_v1-v1/80000/4A8691F3-9ED3-E511-9AB9-008CFA052C0C.root
05-Oct-2023 12:51:46 CEST  Initiating request to open file root://eospublic.cern.ch//eos/opendata/cms/mc/RunIIFall15MiniAODv2/QCD_Pt-40toInf_DoubleEMEnriched_MGG-80toInf_TuneCUETP8M1_13TeV_Pythia8/MINIAODSIM/PU25nsData2015v1_0T_magnetOffBS0T_76X_mcRun2_0T_v1-v1/80000/825EA997-91D3-E511-93A4-00266CFFCA1C.root
%MSG-w XrdAdaptor:  file_open 05-Oct-2023 12:51:46 CEST PostProcessEvent
Data is served from cern.ch instead of original site eospublic
%MSG
05-Oct-2023 12:51:46 CEST  Successfully opened file root://eospublic.cern.ch//eos/opendata/cms/mc/RunIIFall15MiniAODv2/QCD_Pt-40toInf_DoubleEMEnriched_MGG-80toInf_TuneCUETP8M1_13TeV_Pythia8/MINIAODSIM/PU25nsData2015v1_0T_magnetOffBS0T_76X_mcRun2_0T_v1-v1/80000/825EA997-91D3-E511-93A4-00266CFFCA1C.root
05-Oct-2023 12:51:50 CEST  Closed file root://eospublic.cern.ch//eos/opendata/cms/mc/RunIIFall15MiniAODv2/QCD_Pt-40toInf_DoubleEMEnriched_MGG-80toInf_TuneCUETP8M1_13TeV_Pythia8/MINIAODSIM/PU25nsData2015v1_0T_magnetOffBS0T_76X_mcRun2_0T_v1-v1/80000/825EA997-91D3-E511-93A4-00266CFFCA1C.root
05-Oct-2023 12:51:50 CEST  Initiating request to open file root://eospublic.cern.ch//eos/opendata/cms/mc/RunIIFall15MiniAODv2/QCD_Pt-40toInf_DoubleEMEnriched_MGG-80toInf_TuneCUETP8M1_13TeV_Pythia8/MINIAODSIM/PU25nsData2015v1_0T_magnetOffBS0T_76X_mcRun2_0T_v1-v1/80000/C42EEC66-9CD6-E511-8C03-C4346BBC9BB0.root
%MSG-w XrdAdaptor:  file_open 05-Oct-2023 12:51:50 CEST PostProcessEvent
Data is served from cern.ch instead of original site eospublic
%MSG
05-Oct-2023 12:51:50 CEST  Successfully opened file root://eospublic.cern.ch//eos/opendata/cms/mc/RunIIFall15MiniAODv2/QCD_Pt-40toInf_DoubleEMEnriched_MGG-80toInf_TuneCUETP8M1_13TeV_Pythia8/MINIAODSIM/PU25nsData2015v1_0T_magnetOffBS0T_76X_mcRun2_0T_v1-v1/80000/C42EEC66-9CD6-E511-8C03-C4346BBC9BB0.root
Begin processing the 1900001st record. Run 1, Event 499259846, LumiSection 5288 at 05-Oct-2023 12:51:52.527 CEST
05-Oct-2023 12:51:52 CEST  Closed file root://eospublic.cern.ch//eos/opendata/cms/mc/RunIIFall15MiniAODv2/QCD_Pt-40toInf_DoubleEMEnriched_MGG-80toInf_TuneCUETP8M1_13TeV_Pythia8/MINIAODSIM/PU25nsData2015v1_0T_magnetOffBS0T_76X_mcRun2_0T_v1-v1/80000/C42EEC66-9CD6-E511-8C03-C4346BBC9BB0.root
05-Oct-2023 12:51:52 CEST  Initiating request to open file root://eospublic.cern.ch//eos/opendata/cms/mc/RunIIFall15MiniAODv2/QCD_Pt-40toInf_DoubleEMEnriched_MGG-80toInf_TuneCUETP8M1_13TeV_Pythia8/MINIAODSIM/PU25nsData2015v1_0T_magnetOffBS0T_76X_mcRun2_0T_v1-v1/80000/DC19E363-9ED3-E511-8788-00266CFEFE1C.root
%MSG-w XrdAdaptor:  file_open 05-Oct-2023 12:51:52 CEST PostProcessEvent
Data is served from cern.ch instead of original site eospublic
%MSG
05-Oct-2023 12:51:53 CEST  Successfully opened file root://eospublic.cern.ch//eos/opendata/cms/mc/RunIIFall15MiniAODv2/QCD_Pt-40toInf_DoubleEMEnriched_MGG-80toInf_TuneCUETP8M1_13TeV_Pythia8/MINIAODSIM/PU25nsData2015v1_0T_magnetOffBS0T_76X_mcRun2_0T_v1-v1/80000/DC19E363-9ED3-E511-8788-00266CFEFE1C.root
05-Oct-2023 12:51:56 CEST  Closed file root://eospublic.cern.ch//eos/opendata/cms/mc/RunIIFall15MiniAODv2/QCD_Pt-40toInf_DoubleEMEnriched_MGG-80toInf_TuneCUETP8M1_13TeV_Pythia8/MINIAODSIM/PU25nsData2015v1_0T_magnetOffBS0T_76X_mcRun2_0T_v1-v1/80000/DC19E363-9ED3-E511-8788-00266CFEFE1C.root
05-Oct-2023 12:51:56 CEST  Initiating request to open file root://eospublic.cern.ch//eos/opendata/cms/mc/RunIIFall15MiniAODv2/QCD_Pt-40toInf_DoubleEMEnriched_MGG-80toInf_TuneCUETP8M1_13TeV_Pythia8/MINIAODSIM/PU25nsData2015v1_0T_magnetOffBS0T_76X_mcRun2_0T_v1-v1/80000/EC544524-9CD6-E511-9ABB-6CC2173BBED0.root
%MSG-w XrdAdaptor:  file_open 05-Oct-2023 12:51:56 CEST PostProcessEvent
Data is served from cern.ch instead of original site eospublic
%MSG
05-Oct-2023 12:51:56 CEST  Successfully opened file root://eospublic.cern.ch//eos/opendata/cms/mc/RunIIFall15MiniAODv2/QCD_Pt-40toInf_DoubleEMEnriched_MGG-80toInf_TuneCUETP8M1_13TeV_Pythia8/MINIAODSIM/PU25nsData2015v1_0T_magnetOffBS0T_76X_mcRun2_0T_v1-v1/80000/EC544524-9CD6-E511-9ABB-6CC2173BBED0.root
05-Oct-2023 12:51:59 CEST  Closed file root://eospublic.cern.ch//eos/opendata/cms/mc/RunIIFall15MiniAODv2/QCD_Pt-40toInf_DoubleEMEnriched_MGG-80toInf_TuneCUETP8M1_13TeV_Pythia8/MINIAODSIM/PU25nsData2015v1_0T_magnetOffBS0T_76X_mcRun2_0T_v1-v1/80000/EC544524-9CD6-E511-9ABB-6CC2173BBED0.root
05-Oct-2023 12:51:59 CEST  Initiating request to open file root://eospublic.cern.ch//eos/opendata/cms/mc/RunIIFall15MiniAODv2/QCD_Pt-40toInf_DoubleEMEnriched_MGG-80toInf_TuneCUETP8M1_13TeV_Pythia8/MINIAODSIM/PU25nsData2015v1_0T_magnetOffBS0T_76X_mcRun2_0T_v1-v1/80000/F8B5A47A-9CD6-E511-955D-00266CFFBCB0.root
%MSG-w XrdAdaptor:  file_open 05-Oct-2023 12:51:59 CEST PostProcessEvent
Data is served from cern.ch instead of original site eospublic
%MSG
05-Oct-2023 12:51:59 CEST  Successfully opened file root://eospublic.cern.ch//eos/opendata/cms/mc/RunIIFall15MiniAODv2/QCD_Pt-40toInf_DoubleEMEnriched_MGG-80toInf_TuneCUETP8M1_13TeV_Pythia8/MINIAODSIM/PU25nsData2015v1_0T_magnetOffBS0T_76X_mcRun2_0T_v1-v1/80000/F8B5A47A-9CD6-E511-955D-00266CFFBCB0.root
Begin processing the 2000001st record. Run 1, Event 340806468, LumiSection 3610 at 05-Oct-2023 12:52:00.477 CEST
05-Oct-2023 12:52:02 CEST  Closed file root://eospublic.cern.ch//eos/opendata/cms/mc/RunIIFall15MiniAODv2/QCD_Pt-40toInf_DoubleEMEnriched_MGG-80toInf_TuneCUETP8M1_13TeV_Pythia8/MINIAODSIM/PU25nsData2015v1_0T_magnetOffBS0T_76X_mcRun2_0T_v1-v1/80000/F8B5A47A-9CD6-E511-955D-00266CFFBCB0.root
05-Oct-2023 12:52:02 CEST  Initiating request to open file root://eospublic.cern.ch//eos/opendata/cms/mc/RunIIFall15MiniAODv2/QCD_Pt-40toInf_DoubleEMEnriched_MGG-80toInf_TuneCUETP8M1_13TeV_Pythia8/MINIAODSIM/PU25nsData2015v1_0T_magnetOffBS0T_76X_mcRun2_0T_v1-v1/80000/FA1CDDE3-9ED3-E511-9555-00266CFFBCB0.root
%MSG-w XrdAdaptor:  file_open 05-Oct-2023 12:52:02 CEST PostProcessEvent
Data is served from cern.ch instead of original site eospublic
%MSG
05-Oct-2023 12:52:02 CEST  Successfully opened file root://eospublic.cern.ch//eos/opendata/cms/mc/RunIIFall15MiniAODv2/QCD_Pt-40toInf_DoubleEMEnriched_MGG-80toInf_TuneCUETP8M1_13TeV_Pythia8/MINIAODSIM/PU25nsData2015v1_0T_magnetOffBS0T_76X_mcRun2_0T_v1-v1/80000/FA1CDDE3-9ED3-E511-9555-00266CFFBCB0.root
05-Oct-2023 12:52:05 CEST  Closed file root://eospublic.cern.ch//eos/opendata/cms/mc/RunIIFall15MiniAODv2/QCD_Pt-40toInf_DoubleEMEnriched_MGG-80toInf_TuneCUETP8M1_13TeV_Pythia8/MINIAODSIM/PU25nsData2015v1_0T_magnetOffBS0T_76X_mcRun2_0T_v1-v1/80000/FA1CDDE3-9ED3-E511-9555-00266CFFBCB0.root

------------------------------------
GenXsecAnalyzer:
------------------------------------
Before Filtrer: total cross section = 5.414e+07 +- 9.242e+02 pb
Filter efficiency (taking into account weights)= (2.07988e+06) / (9.92351e+08) = 2.096e-03 +- 1.452e-06
Filter efficiency (event-level)= (2.07988e+06) / (9.92351e+08) = 2.096e-03 +- 1.452e-06
After filter: final cross section = 1.135e+05 +- 7.862e+01 pb

=============================================

MessageLogger Summary

 type     category        sev    module        subroutine        count    total
 ---- -------------------- -- ---------------- ----------------  -----    -----
    1 GenXSecAnalyzer      -w GenXSecAnalyzer:                       5        5
    2 XrdAdaptor           -w file_open                             53       53
    3 fileAction           -s file_close                            53       53
    4 fileAction           -s file_open                            106      106

 type    category    Examples: run/evt        run/evt          run/evt
 ---- -------------------- ---------------- ---------------- ----------------
    1 GenXSecAnalyzer      PostEndRun       PostEndRun       PostEndRun
    2 XrdAdaptor           pre-events       PostProcessEvent PostProcessEvent
    3 fileAction           PostProcessEvent PostProcessEvent PostEndRun
    4 fileAction           pre-events       pre-events       PostProcessEvent

Severity    # Occurrences   Total Occurrences
--------    -------------   -----------------
Warning                58                  58
System                159                 159
