04-Oct-2023 05:57:31 CEST  Initiating request to open file root://eospublic.cern.ch//eos/opendata/cms/mc/RunIIFall15MiniAODv2/MinBias_TuneCUETP8M1_13TeV_PYTHIA8/MINIAODSIM/PU25nsData2015v1_76X_mcRun2_asymptotic_v12-v1/00000/228080E1-772D-E611-BDB4-0025905C3D40.root
%MSG-w XrdAdaptor:  file_open 04-Oct-2023 05:57:31 CEST pre-events
Data is served from cern.ch instead of original site eospublic
%MSG
04-Oct-2023 05:57:32 CEST  Successfully opened file root://eospublic.cern.ch//eos/opendata/cms/mc/RunIIFall15MiniAODv2/MinBias_TuneCUETP8M1_13TeV_PYTHIA8/MINIAODSIM/PU25nsData2015v1_76X_mcRun2_asymptotic_v12-v1/00000/228080E1-772D-E611-BDB4-0025905C3D40.root
Begin processing the 1st record. Run 1, Event 284734, LumiSection 1439 at 04-Oct-2023 05:57:33.545 CEST
04-Oct-2023 05:57:33 CEST  Closed file root://eospublic.cern.ch//eos/opendata/cms/mc/RunIIFall15MiniAODv2/MinBias_TuneCUETP8M1_13TeV_PYTHIA8/MINIAODSIM/PU25nsData2015v1_76X_mcRun2_asymptotic_v12-v1/00000/228080E1-772D-E611-BDB4-0025905C3D40.root

------------------------------------
GenXsecAnalyzer:
------------------------------------
Before Filtrer: total cross section = 2.374e+12 +- 8.382e+10 pb
Filter efficiency (taking into account weights)= (200.035) / (200.035) = 1.000e+00 +- 0.000e+00
Filter efficiency (event-level)= (200) / (200) = 1.000e+00 +- 0.000e+00
After filter: final cross section = 2.374e+12 +- 8.382e+10 pb

=============================================

MessageLogger Summary

 type     category        sev    module        subroutine        count    total
 ---- -------------------- -- ---------------- ----------------  -----    -----
    1 GenXSecAnalyzer      -w GenXSecAnalyzer:                       5        5
    2 XrdAdaptor           -w file_open                              1        1
    3 fileAction           -s file_close                             1        1
    4 fileAction           -s file_open                              2        2

 type    category    Examples: run/evt        run/evt          run/evt
 ---- -------------------- ---------------- ---------------- ----------------
    1 GenXSecAnalyzer      PostEndRun       PostEndRun       PostEndRun
    2 XrdAdaptor           pre-events                        
    3 fileAction           PostEndRun                        
    4 fileAction           pre-events       pre-events       

Severity    # Occurrences   Total Occurrences
--------    -------------   -----------------
Warning                 6                   6
System                  3                   3
