03-Aug-2023 01:22:50 CEST  Initiating request to open file root://eospublic.cern.ch//eos/opendata/cms/mc/RunIIFall15MiniAODv2/DYBJetsToLL_M-50_TuneCUETP8M1_13TeV-madgraphMLM-pythia8/MINIAODSIM/PU25nsData2015v1_76X_mcRun2_asymptotic_v12-v1/10000/42B5E189-30DF-E511-93FE-002590D0AFBC.root
%MSG-w XrdAdaptor:  file_open 03-Aug-2023 01:22:53 CEST pre-events
Data is served from cern.ch instead of original site eospublic
%MSG
03-Aug-2023 01:22:59 CEST  Successfully opened file root://eospublic.cern.ch//eos/opendata/cms/mc/RunIIFall15MiniAODv2/DYBJetsToLL_M-50_TuneCUETP8M1_13TeV-madgraphMLM-pythia8/MINIAODSIM/PU25nsData2015v1_76X_mcRun2_asymptotic_v12-v1/10000/42B5E189-30DF-E511-93FE-002590D0AFBC.root
Begin processing the 1st record. Run 1, Event 146271, LumiSection 117 on stream 0 at 03-Aug-2023 01:23:00.573 CEST
    157.738596      0.008826      0.159392             0
    175.324183      0.009810      0.159392             1
    143.993205      0.008058      0.159392             2
    113.625902      0.006359      0.159392             3
 
03-Aug-2023 01:23:00 CEST  Closed file root://eospublic.cern.ch//eos/opendata/cms/mc/RunIIFall15MiniAODv2/DYBJetsToLL_M-50_TuneCUETP8M1_13TeV-madgraphMLM-pythia8/MINIAODSIM/PU25nsData2015v1_76X_mcRun2_asymptotic_v12-v1/10000/42B5E189-30DF-E511-93FE-002590D0AFBC.root

------------------------------------
GenXsecAnalyzer:
------------------------------------
-------------------------------------------------------------------------------------------------------------------------------------------------------------------------- 
Overall cross-section summary 
--------------------------------------------------------------------------------------------------------------------------------------------------------------------------
Process		xsec_before [pb]		passed	nposw	nnegw	tried	nposw	nnegw 	xsec_match [pb]			accepted [%]	 event_eff [%]
0		1.576e+02 +/- 3.948e-02		5129	5129	0	22676	22676	0	3.565e+01 +/- 4.380e-01		22.6 +/- 0.3	22.6 +/- 0.3
1		1.754e+02 +/- 4.393e-02		3120	3120	0	25458	25458	0	2.149e+01 +/- 3.604e-01		12.3 +/- 0.2	12.3 +/- 0.2
2		1.441e+02 +/- 3.610e-02		1114	1114	0	20481	20481	0	7.837e+00 +/- 2.283e-01		5.4 +/- 0.2	5.4 +/- 0.2
3		1.135e+02 +/- 2.843e-02		673	673	0	16279	16279	0	4.691e+00 +/- 1.770e-01		4.1 +/- 0.2	4.1 +/- 0.2
-------------------------------------------------------------------------------------------------------------------------------------------------------------------------- 
Total		5.905e+02 +/- 7.483e-02		10036	10036	0	84894	84894	0	6.981e+01 +/- 6.544e-01		11.8 +/- 0.1	11.8 +/- 0.1
--------------------------------------------------------------------------------------------------------------------------------------------------------------------------
Before matching: total cross section = 5.905e+02 +- 7.483e-02 pb
After matching: total cross section = 6.981e+01 +- 6.544e-01 pb
Matching efficiency = 0.1 +/- 0.0   [TO BE USED IN MCM]
Filter efficiency (taking into account weights)= (10036) / (10036) = 1.000e+00 +- 0.000e+00
Filter efficiency (event-level)= (10036) / (10036) = 1.000e+00 +- 0.000e+00    [TO BE USED IN MCM]

After filter: final cross section = 6.981e+01 +- 6.544e-01 pb
After filter: final fraction of events with negative weights = 0.000e+00 +- 0.000e+00
After filter: final equivalent lumi for 1M events (1/fb) = 1.432e+01 +- 1.350e-01

=============================================

MessageLogger Summary

 type     category        sev    module        subroutine        count    total
 ---- -------------------- -- ---------------- ----------------  -----    -----
    1 GenXSecAnalyzer      -w GenXSecAnalyzer:                      18       18
    2 XrdAdaptor           -w file_open                              1        1
    3 fileAction           -s file_close                             1        1
    4 fileAction           -s file_open                              2        2

 type    category    Examples: run/evt        run/evt          run/evt
 ---- -------------------- ---------------- ---------------- ----------------
    1 GenXSecAnalyzer      PostGlobalEndRun PostGlobalEndRun PostGlobalEndRun
    2 XrdAdaptor           pre-events                        
    3 fileAction           PostGlobalEndRun                  
    4 fileAction           pre-events       pre-events       

Severity    # Occurrences   Total Occurrences
--------    -------------   -----------------
Warning                19                  19
System                  3                   3

dropped waiting message count 0
