04-Oct-2023 19:17:02 CEST  Initiating request to open file root://eospublic.cern.ch//eos/opendata/cms/mc/RunIIFall15MiniAODv2/DYJetsToLL_M-5to50_HT-400to600_TuneCUETP8M1_13TeV-madgraphMLM-pythia8/MINIAODSIM/PU25nsData2015v1_76X_mcRun2_asymptotic_v12-v1/50000/0C0A3993-3CB8-E511-9741-F0795920ED74.root
%MSG-w XrdAdaptor:  file_open 04-Oct-2023 19:17:02 CEST pre-events
Data is served from cern.ch instead of original site eospublic
%MSG
04-Oct-2023 19:17:03 CEST  Successfully opened file root://eospublic.cern.ch//eos/opendata/cms/mc/RunIIFall15MiniAODv2/DYJetsToLL_M-5to50_HT-400to600_TuneCUETP8M1_13TeV-madgraphMLM-pythia8/MINIAODSIM/PU25nsData2015v1_76X_mcRun2_asymptotic_v12-v1/50000/0C0A3993-3CB8-E511-9741-F0795920ED74.root
Begin processing the 1st record. Run 1, Event 155905, LumiSection 88 at 04-Oct-2023 19:17:05.214 CEST
04-Oct-2023 19:17:07 CEST  Closed file root://eospublic.cern.ch//eos/opendata/cms/mc/RunIIFall15MiniAODv2/DYJetsToLL_M-5to50_HT-400to600_TuneCUETP8M1_13TeV-madgraphMLM-pythia8/MINIAODSIM/PU25nsData2015v1_76X_mcRun2_asymptotic_v12-v1/50000/0C0A3993-3CB8-E511-9741-F0795920ED74.root
04-Oct-2023 19:17:07 CEST  Initiating request to open file root://eospublic.cern.ch//eos/opendata/cms/mc/RunIIFall15MiniAODv2/DYJetsToLL_M-5to50_HT-400to600_TuneCUETP8M1_13TeV-madgraphMLM-pythia8/MINIAODSIM/PU25nsData2015v1_76X_mcRun2_asymptotic_v12-v1/50000/1C057BBA-3BB8-E511-9229-F0795920ED74.root
%MSG-w XrdAdaptor:  file_open 04-Oct-2023 19:17:07 CEST PostProcessEvent
Data is served from cern.ch instead of original site eospublic
%MSG
04-Oct-2023 19:17:07 CEST  Successfully opened file root://eospublic.cern.ch//eos/opendata/cms/mc/RunIIFall15MiniAODv2/DYJetsToLL_M-5to50_HT-400to600_TuneCUETP8M1_13TeV-madgraphMLM-pythia8/MINIAODSIM/PU25nsData2015v1_76X_mcRun2_asymptotic_v12-v1/50000/1C057BBA-3BB8-E511-9229-F0795920ED74.root
04-Oct-2023 19:17:09 CEST  Closed file root://eospublic.cern.ch//eos/opendata/cms/mc/RunIIFall15MiniAODv2/DYJetsToLL_M-5to50_HT-400to600_TuneCUETP8M1_13TeV-madgraphMLM-pythia8/MINIAODSIM/PU25nsData2015v1_76X_mcRun2_asymptotic_v12-v1/50000/1C057BBA-3BB8-E511-9229-F0795920ED74.root
04-Oct-2023 19:17:09 CEST  Initiating request to open file root://eospublic.cern.ch//eos/opendata/cms/mc/RunIIFall15MiniAODv2/DYJetsToLL_M-5to50_HT-400to600_TuneCUETP8M1_13TeV-madgraphMLM-pythia8/MINIAODSIM/PU25nsData2015v1_76X_mcRun2_asymptotic_v12-v1/50000/1CC217FC-3BB8-E511-B98A-F46D0450CEA0.root
%MSG-w XrdAdaptor:  file_open 04-Oct-2023 19:17:09 CEST PostProcessEvent
Data is served from cern.ch instead of original site eospublic
%MSG
04-Oct-2023 19:17:09 CEST  Successfully opened file root://eospublic.cern.ch//eos/opendata/cms/mc/RunIIFall15MiniAODv2/DYJetsToLL_M-5to50_HT-400to600_TuneCUETP8M1_13TeV-madgraphMLM-pythia8/MINIAODSIM/PU25nsData2015v1_76X_mcRun2_asymptotic_v12-v1/50000/1CC217FC-3BB8-E511-B98A-F46D0450CEA0.root
04-Oct-2023 19:17:13 CEST  Closed file root://eospublic.cern.ch//eos/opendata/cms/mc/RunIIFall15MiniAODv2/DYJetsToLL_M-5to50_HT-400to600_TuneCUETP8M1_13TeV-madgraphMLM-pythia8/MINIAODSIM/PU25nsData2015v1_76X_mcRun2_asymptotic_v12-v1/50000/1CC217FC-3BB8-E511-B98A-F46D0450CEA0.root
04-Oct-2023 19:17:13 CEST  Initiating request to open file root://eospublic.cern.ch//eos/opendata/cms/mc/RunIIFall15MiniAODv2/DYJetsToLL_M-5to50_HT-400to600_TuneCUETP8M1_13TeV-madgraphMLM-pythia8/MINIAODSIM/PU25nsData2015v1_76X_mcRun2_asymptotic_v12-v1/50000/2EB3F9C5-3CB8-E511-97F6-F46D0450CE46.root
%MSG-w XrdAdaptor:  file_open 04-Oct-2023 19:17:13 CEST PostProcessEvent
Data is served from cern.ch instead of original site eospublic
%MSG
04-Oct-2023 19:17:13 CEST  Successfully opened file root://eospublic.cern.ch//eos/opendata/cms/mc/RunIIFall15MiniAODv2/DYJetsToLL_M-5to50_HT-400to600_TuneCUETP8M1_13TeV-madgraphMLM-pythia8/MINIAODSIM/PU25nsData2015v1_76X_mcRun2_asymptotic_v12-v1/50000/2EB3F9C5-3CB8-E511-97F6-F46D0450CE46.root
Begin processing the 100001st record. Run 1, Event 1788093, LumiSection 998 at 04-Oct-2023 19:17:16.127 CEST
04-Oct-2023 19:17:17 CEST  Closed file root://eospublic.cern.ch//eos/opendata/cms/mc/RunIIFall15MiniAODv2/DYJetsToLL_M-5to50_HT-400to600_TuneCUETP8M1_13TeV-madgraphMLM-pythia8/MINIAODSIM/PU25nsData2015v1_76X_mcRun2_asymptotic_v12-v1/50000/2EB3F9C5-3CB8-E511-97F6-F46D0450CE46.root
04-Oct-2023 19:17:17 CEST  Initiating request to open file root://eospublic.cern.ch//eos/opendata/cms/mc/RunIIFall15MiniAODv2/DYJetsToLL_M-5to50_HT-400to600_TuneCUETP8M1_13TeV-madgraphMLM-pythia8/MINIAODSIM/PU25nsData2015v1_76X_mcRun2_asymptotic_v12-v1/50000/3236C5C3-3CB8-E511-9A48-BCAEC5567FC6.root
%MSG-w XrdAdaptor:  file_open 04-Oct-2023 19:17:17 CEST PostProcessEvent
Data is served from cern.ch instead of original site eospublic
%MSG
04-Oct-2023 19:17:17 CEST  Successfully opened file root://eospublic.cern.ch//eos/opendata/cms/mc/RunIIFall15MiniAODv2/DYJetsToLL_M-5to50_HT-400to600_TuneCUETP8M1_13TeV-madgraphMLM-pythia8/MINIAODSIM/PU25nsData2015v1_76X_mcRun2_asymptotic_v12-v1/50000/3236C5C3-3CB8-E511-9A48-BCAEC5567FC6.root
04-Oct-2023 19:17:21 CEST  Closed file root://eospublic.cern.ch//eos/opendata/cms/mc/RunIIFall15MiniAODv2/DYJetsToLL_M-5to50_HT-400to600_TuneCUETP8M1_13TeV-madgraphMLM-pythia8/MINIAODSIM/PU25nsData2015v1_76X_mcRun2_asymptotic_v12-v1/50000/3236C5C3-3CB8-E511-9A48-BCAEC5567FC6.root
04-Oct-2023 19:17:21 CEST  Initiating request to open file root://eospublic.cern.ch//eos/opendata/cms/mc/RunIIFall15MiniAODv2/DYJetsToLL_M-5to50_HT-400to600_TuneCUETP8M1_13TeV-madgraphMLM-pythia8/MINIAODSIM/PU25nsData2015v1_76X_mcRun2_asymptotic_v12-v1/50000/381FAE50-3CB8-E511-A2D6-F0795920ED74.root
%MSG-w XrdAdaptor:  file_open 04-Oct-2023 19:17:21 CEST PostProcessEvent
Data is served from cern.ch instead of original site eospublic
%MSG
04-Oct-2023 19:17:21 CEST  Successfully opened file root://eospublic.cern.ch//eos/opendata/cms/mc/RunIIFall15MiniAODv2/DYJetsToLL_M-5to50_HT-400to600_TuneCUETP8M1_13TeV-madgraphMLM-pythia8/MINIAODSIM/PU25nsData2015v1_76X_mcRun2_asymptotic_v12-v1/50000/381FAE50-3CB8-E511-A2D6-F0795920ED74.root
Begin processing the 200001st record. Run 1, Event 11372358, LumiSection 6347 at 04-Oct-2023 19:17:25.045 CEST
04-Oct-2023 19:17:26 CEST  Closed file root://eospublic.cern.ch//eos/opendata/cms/mc/RunIIFall15MiniAODv2/DYJetsToLL_M-5to50_HT-400to600_TuneCUETP8M1_13TeV-madgraphMLM-pythia8/MINIAODSIM/PU25nsData2015v1_76X_mcRun2_asymptotic_v12-v1/50000/381FAE50-3CB8-E511-A2D6-F0795920ED74.root
04-Oct-2023 19:17:26 CEST  Initiating request to open file root://eospublic.cern.ch//eos/opendata/cms/mc/RunIIFall15MiniAODv2/DYJetsToLL_M-5to50_HT-400to600_TuneCUETP8M1_13TeV-madgraphMLM-pythia8/MINIAODSIM/PU25nsData2015v1_76X_mcRun2_asymptotic_v12-v1/50000/3AF6F23C-3CB8-E511-A07D-F0795920ED74.root
%MSG-w XrdAdaptor:  file_open 04-Oct-2023 19:17:26 CEST PostProcessEvent
Data is served from cern.ch instead of original site eospublic
%MSG
04-Oct-2023 19:17:26 CEST  Successfully opened file root://eospublic.cern.ch//eos/opendata/cms/mc/RunIIFall15MiniAODv2/DYJetsToLL_M-5to50_HT-400to600_TuneCUETP8M1_13TeV-madgraphMLM-pythia8/MINIAODSIM/PU25nsData2015v1_76X_mcRun2_asymptotic_v12-v1/50000/3AF6F23C-3CB8-E511-A07D-F0795920ED74.root
04-Oct-2023 19:17:30 CEST  Closed file root://eospublic.cern.ch//eos/opendata/cms/mc/RunIIFall15MiniAODv2/DYJetsToLL_M-5to50_HT-400to600_TuneCUETP8M1_13TeV-madgraphMLM-pythia8/MINIAODSIM/PU25nsData2015v1_76X_mcRun2_asymptotic_v12-v1/50000/3AF6F23C-3CB8-E511-A07D-F0795920ED74.root
04-Oct-2023 19:17:30 CEST  Initiating request to open file root://eospublic.cern.ch//eos/opendata/cms/mc/RunIIFall15MiniAODv2/DYJetsToLL_M-5to50_HT-400to600_TuneCUETP8M1_13TeV-madgraphMLM-pythia8/MINIAODSIM/PU25nsData2015v1_76X_mcRun2_asymptotic_v12-v1/50000/400564B7-3BB8-E511-A411-BCAEC54E98EF.root
%MSG-w XrdAdaptor:  file_open 04-Oct-2023 19:17:30 CEST PostProcessEvent
Data is served from cern.ch instead of original site eospublic
%MSG
04-Oct-2023 19:17:30 CEST  Successfully opened file root://eospublic.cern.ch//eos/opendata/cms/mc/RunIIFall15MiniAODv2/DYJetsToLL_M-5to50_HT-400to600_TuneCUETP8M1_13TeV-madgraphMLM-pythia8/MINIAODSIM/PU25nsData2015v1_76X_mcRun2_asymptotic_v12-v1/50000/400564B7-3BB8-E511-A411-BCAEC54E98EF.root
Begin processing the 300001st record. Run 1, Event 10513633, LumiSection 5867 at 04-Oct-2023 19:17:34.421 CEST
04-Oct-2023 19:17:35 CEST  Closed file root://eospublic.cern.ch//eos/opendata/cms/mc/RunIIFall15MiniAODv2/DYJetsToLL_M-5to50_HT-400to600_TuneCUETP8M1_13TeV-madgraphMLM-pythia8/MINIAODSIM/PU25nsData2015v1_76X_mcRun2_asymptotic_v12-v1/50000/400564B7-3BB8-E511-A411-BCAEC54E98EF.root
04-Oct-2023 19:17:35 CEST  Initiating request to open file root://eospublic.cern.ch//eos/opendata/cms/mc/RunIIFall15MiniAODv2/DYJetsToLL_M-5to50_HT-400to600_TuneCUETP8M1_13TeV-madgraphMLM-pythia8/MINIAODSIM/PU25nsData2015v1_76X_mcRun2_asymptotic_v12-v1/50000/44CD0608-3BB8-E511-A741-F46D0450CEA0.root
%MSG-w XrdAdaptor:  file_open 04-Oct-2023 19:17:35 CEST PostProcessEvent
Data is served from cern.ch instead of original site eospublic
%MSG
04-Oct-2023 19:17:35 CEST  Successfully opened file root://eospublic.cern.ch//eos/opendata/cms/mc/RunIIFall15MiniAODv2/DYJetsToLL_M-5to50_HT-400to600_TuneCUETP8M1_13TeV-madgraphMLM-pythia8/MINIAODSIM/PU25nsData2015v1_76X_mcRun2_asymptotic_v12-v1/50000/44CD0608-3BB8-E511-A741-F46D0450CEA0.root
04-Oct-2023 19:17:38 CEST  Closed file root://eospublic.cern.ch//eos/opendata/cms/mc/RunIIFall15MiniAODv2/DYJetsToLL_M-5to50_HT-400to600_TuneCUETP8M1_13TeV-madgraphMLM-pythia8/MINIAODSIM/PU25nsData2015v1_76X_mcRun2_asymptotic_v12-v1/50000/44CD0608-3BB8-E511-A741-F46D0450CEA0.root
04-Oct-2023 19:17:38 CEST  Initiating request to open file root://eospublic.cern.ch//eos/opendata/cms/mc/RunIIFall15MiniAODv2/DYJetsToLL_M-5to50_HT-400to600_TuneCUETP8M1_13TeV-madgraphMLM-pythia8/MINIAODSIM/PU25nsData2015v1_76X_mcRun2_asymptotic_v12-v1/50000/48365ABA-3BB8-E511-AC8D-08606E15EABA.root
%MSG-w XrdAdaptor:  file_open 04-Oct-2023 19:17:38 CEST PostProcessEvent
Data is served from cern.ch instead of original site eospublic
%MSG
04-Oct-2023 19:17:39 CEST  Successfully opened file root://eospublic.cern.ch//eos/opendata/cms/mc/RunIIFall15MiniAODv2/DYJetsToLL_M-5to50_HT-400to600_TuneCUETP8M1_13TeV-madgraphMLM-pythia8/MINIAODSIM/PU25nsData2015v1_76X_mcRun2_asymptotic_v12-v1/50000/48365ABA-3BB8-E511-AC8D-08606E15EABA.root
04-Oct-2023 19:17:43 CEST  Closed file root://eospublic.cern.ch//eos/opendata/cms/mc/RunIIFall15MiniAODv2/DYJetsToLL_M-5to50_HT-400to600_TuneCUETP8M1_13TeV-madgraphMLM-pythia8/MINIAODSIM/PU25nsData2015v1_76X_mcRun2_asymptotic_v12-v1/50000/48365ABA-3BB8-E511-AC8D-08606E15EABA.root
04-Oct-2023 19:17:43 CEST  Initiating request to open file root://eospublic.cern.ch//eos/opendata/cms/mc/RunIIFall15MiniAODv2/DYJetsToLL_M-5to50_HT-400to600_TuneCUETP8M1_13TeV-madgraphMLM-pythia8/MINIAODSIM/PU25nsData2015v1_76X_mcRun2_asymptotic_v12-v1/50000/50C48D4F-3CB8-E511-9DB7-F46D0450CEA0.root
%MSG-w XrdAdaptor:  file_open 04-Oct-2023 19:17:43 CEST PostProcessEvent
Data is served from cern.ch instead of original site eospublic
%MSG
04-Oct-2023 19:17:43 CEST  Successfully opened file root://eospublic.cern.ch//eos/opendata/cms/mc/RunIIFall15MiniAODv2/DYJetsToLL_M-5to50_HT-400to600_TuneCUETP8M1_13TeV-madgraphMLM-pythia8/MINIAODSIM/PU25nsData2015v1_76X_mcRun2_asymptotic_v12-v1/50000/50C48D4F-3CB8-E511-9DB7-F46D0450CEA0.root
Begin processing the 400001st record. Run 1, Event 3995189, LumiSection 2230 at 04-Oct-2023 19:17:45.043 CEST
04-Oct-2023 19:17:47 CEST  Closed file root://eospublic.cern.ch//eos/opendata/cms/mc/RunIIFall15MiniAODv2/DYJetsToLL_M-5to50_HT-400to600_TuneCUETP8M1_13TeV-madgraphMLM-pythia8/MINIAODSIM/PU25nsData2015v1_76X_mcRun2_asymptotic_v12-v1/50000/50C48D4F-3CB8-E511-9DB7-F46D0450CEA0.root
04-Oct-2023 19:17:47 CEST  Initiating request to open file root://eospublic.cern.ch//eos/opendata/cms/mc/RunIIFall15MiniAODv2/DYJetsToLL_M-5to50_HT-400to600_TuneCUETP8M1_13TeV-madgraphMLM-pythia8/MINIAODSIM/PU25nsData2015v1_76X_mcRun2_asymptotic_v12-v1/50000/5C743BAE-3CB8-E511-B0C7-08606E15E9C2.root
%MSG-w XrdAdaptor:  file_open 04-Oct-2023 19:17:47 CEST PostProcessEvent
Data is served from cern.ch instead of original site eospublic
%MSG
04-Oct-2023 19:17:47 CEST  Successfully opened file root://eospublic.cern.ch//eos/opendata/cms/mc/RunIIFall15MiniAODv2/DYJetsToLL_M-5to50_HT-400to600_TuneCUETP8M1_13TeV-madgraphMLM-pythia8/MINIAODSIM/PU25nsData2015v1_76X_mcRun2_asymptotic_v12-v1/50000/5C743BAE-3CB8-E511-B0C7-08606E15E9C2.root
04-Oct-2023 19:17:51 CEST  Closed file root://eospublic.cern.ch//eos/opendata/cms/mc/RunIIFall15MiniAODv2/DYJetsToLL_M-5to50_HT-400to600_TuneCUETP8M1_13TeV-madgraphMLM-pythia8/MINIAODSIM/PU25nsData2015v1_76X_mcRun2_asymptotic_v12-v1/50000/5C743BAE-3CB8-E511-B0C7-08606E15E9C2.root
04-Oct-2023 19:17:51 CEST  Initiating request to open file root://eospublic.cern.ch//eos/opendata/cms/mc/RunIIFall15MiniAODv2/DYJetsToLL_M-5to50_HT-400to600_TuneCUETP8M1_13TeV-madgraphMLM-pythia8/MINIAODSIM/PU25nsData2015v1_76X_mcRun2_asymptotic_v12-v1/50000/5EF838BD-3BB8-E511-91F2-F46D0450CE46.root
%MSG-w XrdAdaptor:  file_open 04-Oct-2023 19:17:51 CEST PostProcessEvent
Data is served from cern.ch instead of original site eospublic
%MSG
04-Oct-2023 19:17:51 CEST  Successfully opened file root://eospublic.cern.ch//eos/opendata/cms/mc/RunIIFall15MiniAODv2/DYJetsToLL_M-5to50_HT-400to600_TuneCUETP8M1_13TeV-madgraphMLM-pythia8/MINIAODSIM/PU25nsData2015v1_76X_mcRun2_asymptotic_v12-v1/50000/5EF838BD-3BB8-E511-91F2-F46D0450CE46.root
Begin processing the 500001st record. Run 1, Event 10779209, LumiSection 6016 at 04-Oct-2023 19:17:54.338 CEST
04-Oct-2023 19:17:55 CEST  Closed file root://eospublic.cern.ch//eos/opendata/cms/mc/RunIIFall15MiniAODv2/DYJetsToLL_M-5to50_HT-400to600_TuneCUETP8M1_13TeV-madgraphMLM-pythia8/MINIAODSIM/PU25nsData2015v1_76X_mcRun2_asymptotic_v12-v1/50000/5EF838BD-3BB8-E511-91F2-F46D0450CE46.root
04-Oct-2023 19:17:55 CEST  Initiating request to open file root://eospublic.cern.ch//eos/opendata/cms/mc/RunIIFall15MiniAODv2/DYJetsToLL_M-5to50_HT-400to600_TuneCUETP8M1_13TeV-madgraphMLM-pythia8/MINIAODSIM/PU25nsData2015v1_76X_mcRun2_asymptotic_v12-v1/50000/7CBFB2FA-3AB8-E511-81FE-F0795920ED74.root
%MSG-w XrdAdaptor:  file_open 04-Oct-2023 19:17:55 CEST PostProcessEvent
Data is served from cern.ch instead of original site eospublic
%MSG
04-Oct-2023 19:17:55 CEST  Successfully opened file root://eospublic.cern.ch//eos/opendata/cms/mc/RunIIFall15MiniAODv2/DYJetsToLL_M-5to50_HT-400to600_TuneCUETP8M1_13TeV-madgraphMLM-pythia8/MINIAODSIM/PU25nsData2015v1_76X_mcRun2_asymptotic_v12-v1/50000/7CBFB2FA-3AB8-E511-81FE-F0795920ED74.root
04-Oct-2023 19:18:00 CEST  Closed file root://eospublic.cern.ch//eos/opendata/cms/mc/RunIIFall15MiniAODv2/DYJetsToLL_M-5to50_HT-400to600_TuneCUETP8M1_13TeV-madgraphMLM-pythia8/MINIAODSIM/PU25nsData2015v1_76X_mcRun2_asymptotic_v12-v1/50000/7CBFB2FA-3AB8-E511-81FE-F0795920ED74.root
04-Oct-2023 19:18:00 CEST  Initiating request to open file root://eospublic.cern.ch//eos/opendata/cms/mc/RunIIFall15MiniAODv2/DYJetsToLL_M-5to50_HT-400to600_TuneCUETP8M1_13TeV-madgraphMLM-pythia8/MINIAODSIM/PU25nsData2015v1_76X_mcRun2_asymptotic_v12-v1/50000/8205DAB8-3BB8-E511-842C-F46D0450CEA0.root
%MSG-w XrdAdaptor:  file_open 04-Oct-2023 19:18:00 CEST PostProcessEvent
Data is served from cern.ch instead of original site eospublic
%MSG
04-Oct-2023 19:18:00 CEST  Successfully opened file root://eospublic.cern.ch//eos/opendata/cms/mc/RunIIFall15MiniAODv2/DYJetsToLL_M-5to50_HT-400to600_TuneCUETP8M1_13TeV-madgraphMLM-pythia8/MINIAODSIM/PU25nsData2015v1_76X_mcRun2_asymptotic_v12-v1/50000/8205DAB8-3BB8-E511-842C-F46D0450CEA0.root
Begin processing the 600001st record. Run 1, Event 10734441, LumiSection 5991 at 04-Oct-2023 19:18:03.592 CEST
04-Oct-2023 19:18:04 CEST  Closed file root://eospublic.cern.ch//eos/opendata/cms/mc/RunIIFall15MiniAODv2/DYJetsToLL_M-5to50_HT-400to600_TuneCUETP8M1_13TeV-madgraphMLM-pythia8/MINIAODSIM/PU25nsData2015v1_76X_mcRun2_asymptotic_v12-v1/50000/8205DAB8-3BB8-E511-842C-F46D0450CEA0.root
04-Oct-2023 19:18:04 CEST  Initiating request to open file root://eospublic.cern.ch//eos/opendata/cms/mc/RunIIFall15MiniAODv2/DYJetsToLL_M-5to50_HT-400to600_TuneCUETP8M1_13TeV-madgraphMLM-pythia8/MINIAODSIM/PU25nsData2015v1_76X_mcRun2_asymptotic_v12-v1/50000/884C76CA-3BB8-E511-A6F9-BCAEC51FDEED.root
%MSG-w XrdAdaptor:  file_open 04-Oct-2023 19:18:04 CEST PostProcessEvent
Data is served from cern.ch instead of original site eospublic
%MSG
04-Oct-2023 19:18:04 CEST  Successfully opened file root://eospublic.cern.ch//eos/opendata/cms/mc/RunIIFall15MiniAODv2/DYJetsToLL_M-5to50_HT-400to600_TuneCUETP8M1_13TeV-madgraphMLM-pythia8/MINIAODSIM/PU25nsData2015v1_76X_mcRun2_asymptotic_v12-v1/50000/884C76CA-3BB8-E511-A6F9-BCAEC51FDEED.root
04-Oct-2023 19:18:08 CEST  Closed file root://eospublic.cern.ch//eos/opendata/cms/mc/RunIIFall15MiniAODv2/DYJetsToLL_M-5to50_HT-400to600_TuneCUETP8M1_13TeV-madgraphMLM-pythia8/MINIAODSIM/PU25nsData2015v1_76X_mcRun2_asymptotic_v12-v1/50000/884C76CA-3BB8-E511-A6F9-BCAEC51FDEED.root
04-Oct-2023 19:18:08 CEST  Initiating request to open file root://eospublic.cern.ch//eos/opendata/cms/mc/RunIIFall15MiniAODv2/DYJetsToLL_M-5to50_HT-400to600_TuneCUETP8M1_13TeV-madgraphMLM-pythia8/MINIAODSIM/PU25nsData2015v1_76X_mcRun2_asymptotic_v12-v1/50000/BCF35CBD-3BB8-E511-A9C5-002618943C0A.root
%MSG-w XrdAdaptor:  file_open 04-Oct-2023 19:18:09 CEST PostProcessEvent
Data is served from cern.ch instead of original site eospublic
%MSG
04-Oct-2023 19:18:09 CEST  Successfully opened file root://eospublic.cern.ch//eos/opendata/cms/mc/RunIIFall15MiniAODv2/DYJetsToLL_M-5to50_HT-400to600_TuneCUETP8M1_13TeV-madgraphMLM-pythia8/MINIAODSIM/PU25nsData2015v1_76X_mcRun2_asymptotic_v12-v1/50000/BCF35CBD-3BB8-E511-A9C5-002618943C0A.root
04-Oct-2023 19:18:12 CEST  Closed file root://eospublic.cern.ch//eos/opendata/cms/mc/RunIIFall15MiniAODv2/DYJetsToLL_M-5to50_HT-400to600_TuneCUETP8M1_13TeV-madgraphMLM-pythia8/MINIAODSIM/PU25nsData2015v1_76X_mcRun2_asymptotic_v12-v1/50000/BCF35CBD-3BB8-E511-A9C5-002618943C0A.root
04-Oct-2023 19:18:12 CEST  Initiating request to open file root://eospublic.cern.ch//eos/opendata/cms/mc/RunIIFall15MiniAODv2/DYJetsToLL_M-5to50_HT-400to600_TuneCUETP8M1_13TeV-madgraphMLM-pythia8/MINIAODSIM/PU25nsData2015v1_76X_mcRun2_asymptotic_v12-v1/50000/C22E7FE2-3AB8-E511-945D-F0795920ED74.root
%MSG-w XrdAdaptor:  file_open 04-Oct-2023 19:18:12 CEST PostProcessEvent
Data is served from cern.ch instead of original site eospublic
%MSG
04-Oct-2023 19:18:12 CEST  Successfully opened file root://eospublic.cern.ch//eos/opendata/cms/mc/RunIIFall15MiniAODv2/DYJetsToLL_M-5to50_HT-400to600_TuneCUETP8M1_13TeV-madgraphMLM-pythia8/MINIAODSIM/PU25nsData2015v1_76X_mcRun2_asymptotic_v12-v1/50000/C22E7FE2-3AB8-E511-945D-F0795920ED74.root
Begin processing the 700001st record. Run 1, Event 953448, LumiSection 533 at 04-Oct-2023 19:18:13.977 CEST
04-Oct-2023 19:18:16 CEST  Closed file root://eospublic.cern.ch//eos/opendata/cms/mc/RunIIFall15MiniAODv2/DYJetsToLL_M-5to50_HT-400to600_TuneCUETP8M1_13TeV-madgraphMLM-pythia8/MINIAODSIM/PU25nsData2015v1_76X_mcRun2_asymptotic_v12-v1/50000/C22E7FE2-3AB8-E511-945D-F0795920ED74.root
04-Oct-2023 19:18:16 CEST  Initiating request to open file root://eospublic.cern.ch//eos/opendata/cms/mc/RunIIFall15MiniAODv2/DYJetsToLL_M-5to50_HT-400to600_TuneCUETP8M1_13TeV-madgraphMLM-pythia8/MINIAODSIM/PU25nsData2015v1_76X_mcRun2_asymptotic_v12-v1/50000/CA506DBA-3BB8-E511-A855-F0795920ED74.root
%MSG-w XrdAdaptor:  file_open 04-Oct-2023 19:18:16 CEST PostProcessEvent
Data is served from cern.ch instead of original site eospublic
%MSG
04-Oct-2023 19:18:16 CEST  Successfully opened file root://eospublic.cern.ch//eos/opendata/cms/mc/RunIIFall15MiniAODv2/DYJetsToLL_M-5to50_HT-400to600_TuneCUETP8M1_13TeV-madgraphMLM-pythia8/MINIAODSIM/PU25nsData2015v1_76X_mcRun2_asymptotic_v12-v1/50000/CA506DBA-3BB8-E511-A855-F0795920ED74.root
04-Oct-2023 19:18:20 CEST  Closed file root://eospublic.cern.ch//eos/opendata/cms/mc/RunIIFall15MiniAODv2/DYJetsToLL_M-5to50_HT-400to600_TuneCUETP8M1_13TeV-madgraphMLM-pythia8/MINIAODSIM/PU25nsData2015v1_76X_mcRun2_asymptotic_v12-v1/50000/CA506DBA-3BB8-E511-A855-F0795920ED74.root
04-Oct-2023 19:18:20 CEST  Initiating request to open file root://eospublic.cern.ch//eos/opendata/cms/mc/RunIIFall15MiniAODv2/DYJetsToLL_M-5to50_HT-400to600_TuneCUETP8M1_13TeV-madgraphMLM-pythia8/MINIAODSIM/PU25nsData2015v1_76X_mcRun2_asymptotic_v12-v1/50000/D6C3DAB9-3BB8-E511-A763-BCAEC5567FC6.root
%MSG-w XrdAdaptor:  file_open 04-Oct-2023 19:18:20 CEST PostProcessEvent
Data is served from cern.ch instead of original site eospublic
%MSG
04-Oct-2023 19:18:20 CEST  Successfully opened file root://eospublic.cern.ch//eos/opendata/cms/mc/RunIIFall15MiniAODv2/DYJetsToLL_M-5to50_HT-400to600_TuneCUETP8M1_13TeV-madgraphMLM-pythia8/MINIAODSIM/PU25nsData2015v1_76X_mcRun2_asymptotic_v12-v1/50000/D6C3DAB9-3BB8-E511-A763-BCAEC5567FC6.root
Begin processing the 800001st record. Run 1, Event 2008867, LumiSection 1122 at 04-Oct-2023 19:18:22.886 CEST
04-Oct-2023 19:18:24 CEST  Closed file root://eospublic.cern.ch//eos/opendata/cms/mc/RunIIFall15MiniAODv2/DYJetsToLL_M-5to50_HT-400to600_TuneCUETP8M1_13TeV-madgraphMLM-pythia8/MINIAODSIM/PU25nsData2015v1_76X_mcRun2_asymptotic_v12-v1/50000/D6C3DAB9-3BB8-E511-A763-BCAEC5567FC6.root
04-Oct-2023 19:18:24 CEST  Initiating request to open file root://eospublic.cern.ch//eos/opendata/cms/mc/RunIIFall15MiniAODv2/DYJetsToLL_M-5to50_HT-400to600_TuneCUETP8M1_13TeV-madgraphMLM-pythia8/MINIAODSIM/PU25nsData2015v1_76X_mcRun2_asymptotic_v12-v1/50000/E0A65CB9-3BB8-E511-B84A-BCAEC54E98B3.root
%MSG-w XrdAdaptor:  file_open 04-Oct-2023 19:18:24 CEST PostProcessEvent
Data is served from cern.ch instead of original site eospublic
%MSG
04-Oct-2023 19:18:24 CEST  Successfully opened file root://eospublic.cern.ch//eos/opendata/cms/mc/RunIIFall15MiniAODv2/DYJetsToLL_M-5to50_HT-400to600_TuneCUETP8M1_13TeV-madgraphMLM-pythia8/MINIAODSIM/PU25nsData2015v1_76X_mcRun2_asymptotic_v12-v1/50000/E0A65CB9-3BB8-E511-B84A-BCAEC54E98B3.root
04-Oct-2023 19:18:28 CEST  Closed file root://eospublic.cern.ch//eos/opendata/cms/mc/RunIIFall15MiniAODv2/DYJetsToLL_M-5to50_HT-400to600_TuneCUETP8M1_13TeV-madgraphMLM-pythia8/MINIAODSIM/PU25nsData2015v1_76X_mcRun2_asymptotic_v12-v1/50000/E0A65CB9-3BB8-E511-B84A-BCAEC54E98B3.root
04-Oct-2023 19:18:28 CEST  Initiating request to open file root://eospublic.cern.ch//eos/opendata/cms/mc/RunIIFall15MiniAODv2/DYJetsToLL_M-5to50_HT-400to600_TuneCUETP8M1_13TeV-madgraphMLM-pythia8/MINIAODSIM/PU25nsData2015v1_76X_mcRun2_asymptotic_v12-v1/50000/EE58E7B9-3BB8-E511-9948-F46D043B3D41.root
%MSG-w XrdAdaptor:  file_open 04-Oct-2023 19:18:28 CEST PostProcessEvent
Data is served from cern.ch instead of original site eospublic
%MSG
04-Oct-2023 19:18:28 CEST  Successfully opened file root://eospublic.cern.ch//eos/opendata/cms/mc/RunIIFall15MiniAODv2/DYJetsToLL_M-5to50_HT-400to600_TuneCUETP8M1_13TeV-madgraphMLM-pythia8/MINIAODSIM/PU25nsData2015v1_76X_mcRun2_asymptotic_v12-v1/50000/EE58E7B9-3BB8-E511-9948-F46D043B3D41.root
Begin processing the 900001st record. Run 1, Event 1417372, LumiSection 791 at 04-Oct-2023 19:18:32.049 CEST
04-Oct-2023 19:18:32 CEST  Closed file root://eospublic.cern.ch//eos/opendata/cms/mc/RunIIFall15MiniAODv2/DYJetsToLL_M-5to50_HT-400to600_TuneCUETP8M1_13TeV-madgraphMLM-pythia8/MINIAODSIM/PU25nsData2015v1_76X_mcRun2_asymptotic_v12-v1/50000/EE58E7B9-3BB8-E511-9948-F46D043B3D41.root
04-Oct-2023 19:18:32 CEST  Initiating request to open file root://eospublic.cern.ch//eos/opendata/cms/mc/RunIIFall15MiniAODv2/DYJetsToLL_M-5to50_HT-400to600_TuneCUETP8M1_13TeV-madgraphMLM-pythia8/MINIAODSIM/PU25nsData2015v1_76X_mcRun2_asymptotic_v12-v1/70000/14DE9D86-03B8-E511-AA9A-3085A9262DA0.root
%MSG-w XrdAdaptor:  file_open 04-Oct-2023 19:18:32 CEST PostProcessEvent
Data is served from cern.ch instead of original site eospublic
%MSG
04-Oct-2023 19:18:32 CEST  Successfully opened file root://eospublic.cern.ch//eos/opendata/cms/mc/RunIIFall15MiniAODv2/DYJetsToLL_M-5to50_HT-400to600_TuneCUETP8M1_13TeV-madgraphMLM-pythia8/MINIAODSIM/PU25nsData2015v1_76X_mcRun2_asymptotic_v12-v1/70000/14DE9D86-03B8-E511-AA9A-3085A9262DA0.root
04-Oct-2023 19:18:35 CEST  Closed file root://eospublic.cern.ch//eos/opendata/cms/mc/RunIIFall15MiniAODv2/DYJetsToLL_M-5to50_HT-400to600_TuneCUETP8M1_13TeV-madgraphMLM-pythia8/MINIAODSIM/PU25nsData2015v1_76X_mcRun2_asymptotic_v12-v1/70000/14DE9D86-03B8-E511-AA9A-3085A9262DA0.root
04-Oct-2023 19:18:35 CEST  Initiating request to open file root://eospublic.cern.ch//eos/opendata/cms/mc/RunIIFall15MiniAODv2/DYJetsToLL_M-5to50_HT-400to600_TuneCUETP8M1_13TeV-madgraphMLM-pythia8/MINIAODSIM/PU25nsData2015v1_76X_mcRun2_asymptotic_v12-v1/70000/9C2AEE70-03B8-E511-9F40-3085A9262DB8.root
%MSG-w XrdAdaptor:  file_open 04-Oct-2023 19:18:35 CEST PostProcessEvent
Data is served from cern.ch instead of original site eospublic
%MSG
04-Oct-2023 19:18:35 CEST  Successfully opened file root://eospublic.cern.ch//eos/opendata/cms/mc/RunIIFall15MiniAODv2/DYJetsToLL_M-5to50_HT-400to600_TuneCUETP8M1_13TeV-madgraphMLM-pythia8/MINIAODSIM/PU25nsData2015v1_76X_mcRun2_asymptotic_v12-v1/70000/9C2AEE70-03B8-E511-9F40-3085A9262DB8.root
04-Oct-2023 19:18:39 CEST  Closed file root://eospublic.cern.ch//eos/opendata/cms/mc/RunIIFall15MiniAODv2/DYJetsToLL_M-5to50_HT-400to600_TuneCUETP8M1_13TeV-madgraphMLM-pythia8/MINIAODSIM/PU25nsData2015v1_76X_mcRun2_asymptotic_v12-v1/70000/9C2AEE70-03B8-E511-9F40-3085A9262DB8.root
04-Oct-2023 19:18:39 CEST  Initiating request to open file root://eospublic.cern.ch//eos/opendata/cms/mc/RunIIFall15MiniAODv2/DYJetsToLL_M-5to50_HT-400to600_TuneCUETP8M1_13TeV-madgraphMLM-pythia8/MINIAODSIM/PU25nsData2015v1_76X_mcRun2_asymptotic_v12-v1/70000/BC586E75-03B8-E511-8E56-3085A9262DC4.root
%MSG-w XrdAdaptor:  file_open 04-Oct-2023 19:18:39 CEST PostProcessEvent
Data is served from cern.ch instead of original site eospublic
%MSG
04-Oct-2023 19:18:39 CEST  Successfully opened file root://eospublic.cern.ch//eos/opendata/cms/mc/RunIIFall15MiniAODv2/DYJetsToLL_M-5to50_HT-400to600_TuneCUETP8M1_13TeV-madgraphMLM-pythia8/MINIAODSIM/PU25nsData2015v1_76X_mcRun2_asymptotic_v12-v1/70000/BC586E75-03B8-E511-8E56-3085A9262DC4.root
Begin processing the 1000001st record. Run 1, Event 5759788, LumiSection 3215 at 04-Oct-2023 19:18:42.871 CEST
      0.010984      0.000000      0.024429             1
      2.313224      0.000017      0.038156             2
     11.175359      0.000084      0.038156             3
     28.911849      0.000217      0.038156             4
 
04-Oct-2023 19:18:43 CEST  Closed file root://eospublic.cern.ch//eos/opendata/cms/mc/RunIIFall15MiniAODv2/DYJetsToLL_M-5to50_HT-400to600_TuneCUETP8M1_13TeV-madgraphMLM-pythia8/MINIAODSIM/PU25nsData2015v1_76X_mcRun2_asymptotic_v12-v1/70000/BC586E75-03B8-E511-8E56-3085A9262DC4.root

------------------------------------
GenXsecAnalyzer:
------------------------------------
-------------------------------------------------------------------------------------------------------------------------------------------------------------------------- 
Overall cross-section summary 
--------------------------------------------------------------------------------------------------------------------------------------------------------------------------
Process		xsec_before [pb]		passed	nposw	nnegw	tried	nposw	nnegw 	xsec_match [pb]			accepted [%]	 event_eff [%]
0		1.100e-02 +/- 3.639e-07		292	292	0	3611	3611	0	8.895e-04 +/- 4.991e-05		8.1 +/- 0.5	8.1 +/- 0.5
1		2.313e+00 +/- 4.935e-05		56504	56504	0	649971	649971	0	2.011e-01 +/- 8.084e-04		8.7 +/- 0.0	8.7 +/- 0.0
2		1.118e+01 +/- 2.382e-04		151353	151353	0	3115824	3115824	0	5.428e-01 +/- 1.361e-03		4.9 +/- 0.0	4.9 +/- 0.0
3		2.891e+01 +/- 6.163e-04		804814	804814	0	8024866	8024866	0	2.900e+00 +/- 3.066e-03		10.0 +/- 0.0	10.0 +/- 0.0
-------------------------------------------------------------------------------------------------------------------------------------------------------------------------- 
Total		4.241e+01 +/- 6.626e-04		1012963	1012963	0	11794272	11794272	0	3.643e+00 +/- 3.461e-03		8.6 +/- 0.0	8.6 +/- 0.0
--------------------------------------------------------------------------------------------------------------------------------------------------------------------------
Before matching: total cross section = 4.241e+01 +- 6.626e-04 pb
After matching: total cross section = 3.643e+00 +- 3.461e-03 pb
Filter efficiency (taking into account weights)= (1.01296e+06) / (1.01296e+06) = 1.000e+00 +- 0.000e+00
Filter efficiency (event-level)= (1.01296e+06) / (1.01296e+06) = 1.000e+00 +- 0.000e+00
After filter: final cross section = 3.643e+00 +- 3.461e-03 pb

=============================================

MessageLogger Summary

 type     category        sev    module        subroutine        count    total
 ---- -------------------- -- ---------------- ----------------  -----    -----
    1 GenXSecAnalyzer      -w GenXSecAnalyzer:                      15       15
    2 XrdAdaptor           -w file_open                             25       25
    3 fileAction           -s file_close                            25       25
    4 fileAction           -s file_open                             50       50

 type    category    Examples: run/evt        run/evt          run/evt
 ---- -------------------- ---------------- ---------------- ----------------
    1 GenXSecAnalyzer      PostEndRun       PostEndRun       PostEndRun
    2 XrdAdaptor           pre-events       PostProcessEvent PostProcessEvent
    3 fileAction           PostProcessEvent PostProcessEvent PostEndRun
    4 fileAction           pre-events       pre-events       PostProcessEvent

Severity    # Occurrences   Total Occurrences
--------    -------------   -----------------
Warning                40                  40
System                 75                  75
