05-Oct-2023 02:53:11 CEST  Initiating request to open file root://eospublic.cern.ch//eos/opendata/cms/mc/RunIIFall15MiniAODv2/DYJetsToLL_M-800to1000_TuneCUETP8M1_13TeV-amcatnloFXFX-pythia8/MINIAODSIM/PU25nsData2015v1_76X_mcRun2_asymptotic_v12_ext1-v1/10000/0AB91DC9-9FD8-E511-B44A-44A84223FF3C.root
%MSG-w XrdAdaptor:  file_open 05-Oct-2023 02:53:11 CEST pre-events
Data is served from cern.ch instead of original site eospublic
%MSG
05-Oct-2023 02:53:13 CEST  Successfully opened file root://eospublic.cern.ch//eos/opendata/cms/mc/RunIIFall15MiniAODv2/DYJetsToLL_M-800to1000_TuneCUETP8M1_13TeV-amcatnloFXFX-pythia8/MINIAODSIM/PU25nsData2015v1_76X_mcRun2_asymptotic_v12_ext1-v1/10000/0AB91DC9-9FD8-E511-B44A-44A84223FF3C.root
Begin processing the 1st record. Run 1, Event 49392, LumiSection 76 at 05-Oct-2023 02:53:14.338 CEST
05-Oct-2023 02:53:15 CEST  Closed file root://eospublic.cern.ch//eos/opendata/cms/mc/RunIIFall15MiniAODv2/DYJetsToLL_M-800to1000_TuneCUETP8M1_13TeV-amcatnloFXFX-pythia8/MINIAODSIM/PU25nsData2015v1_76X_mcRun2_asymptotic_v12_ext1-v1/10000/0AB91DC9-9FD8-E511-B44A-44A84223FF3C.root
05-Oct-2023 02:53:15 CEST  Initiating request to open file root://eospublic.cern.ch//eos/opendata/cms/mc/RunIIFall15MiniAODv2/DYJetsToLL_M-800to1000_TuneCUETP8M1_13TeV-amcatnloFXFX-pythia8/MINIAODSIM/PU25nsData2015v1_76X_mcRun2_asymptotic_v12_ext1-v1/10000/0CA63E56-39D9-E511-AFD9-0CC47A57CE00.root
%MSG-w XrdAdaptor:  file_open 05-Oct-2023 02:53:15 CEST PostProcessEvent
Data is served from cern.ch instead of original site eospublic
%MSG
05-Oct-2023 02:53:15 CEST  Successfully opened file root://eospublic.cern.ch//eos/opendata/cms/mc/RunIIFall15MiniAODv2/DYJetsToLL_M-800to1000_TuneCUETP8M1_13TeV-amcatnloFXFX-pythia8/MINIAODSIM/PU25nsData2015v1_76X_mcRun2_asymptotic_v12_ext1-v1/10000/0CA63E56-39D9-E511-AFD9-0CC47A57CE00.root
05-Oct-2023 02:53:16 CEST  Closed file root://eospublic.cern.ch//eos/opendata/cms/mc/RunIIFall15MiniAODv2/DYJetsToLL_M-800to1000_TuneCUETP8M1_13TeV-amcatnloFXFX-pythia8/MINIAODSIM/PU25nsData2015v1_76X_mcRun2_asymptotic_v12_ext1-v1/10000/0CA63E56-39D9-E511-AFD9-0CC47A57CE00.root
05-Oct-2023 02:53:16 CEST  Initiating request to open file root://eospublic.cern.ch//eos/opendata/cms/mc/RunIIFall15MiniAODv2/DYJetsToLL_M-800to1000_TuneCUETP8M1_13TeV-amcatnloFXFX-pythia8/MINIAODSIM/PU25nsData2015v1_76X_mcRun2_asymptotic_v12_ext1-v1/10000/14201A19-50D9-E511-8C54-00259021A3D2.root
%MSG-w XrdAdaptor:  file_open 05-Oct-2023 02:53:16 CEST PostProcessEvent
Data is served from cern.ch instead of original site eospublic
%MSG
05-Oct-2023 02:53:16 CEST  Successfully opened file root://eospublic.cern.ch//eos/opendata/cms/mc/RunIIFall15MiniAODv2/DYJetsToLL_M-800to1000_TuneCUETP8M1_13TeV-amcatnloFXFX-pythia8/MINIAODSIM/PU25nsData2015v1_76X_mcRun2_asymptotic_v12_ext1-v1/10000/14201A19-50D9-E511-8C54-00259021A3D2.root
05-Oct-2023 02:53:17 CEST  Closed file root://eospublic.cern.ch//eos/opendata/cms/mc/RunIIFall15MiniAODv2/DYJetsToLL_M-800to1000_TuneCUETP8M1_13TeV-amcatnloFXFX-pythia8/MINIAODSIM/PU25nsData2015v1_76X_mcRun2_asymptotic_v12_ext1-v1/10000/14201A19-50D9-E511-8C54-00259021A3D2.root
05-Oct-2023 02:53:17 CEST  Initiating request to open file root://eospublic.cern.ch//eos/opendata/cms/mc/RunIIFall15MiniAODv2/DYJetsToLL_M-800to1000_TuneCUETP8M1_13TeV-amcatnloFXFX-pythia8/MINIAODSIM/PU25nsData2015v1_76X_mcRun2_asymptotic_v12_ext1-v1/10000/1E136E5A-DBD9-E511-A78C-0CC47A4DED4E.root
%MSG-w XrdAdaptor:  file_open 05-Oct-2023 02:53:17 CEST PostProcessEvent
Data is served from cern.ch instead of original site eospublic
%MSG
05-Oct-2023 02:53:17 CEST  Successfully opened file root://eospublic.cern.ch//eos/opendata/cms/mc/RunIIFall15MiniAODv2/DYJetsToLL_M-800to1000_TuneCUETP8M1_13TeV-amcatnloFXFX-pythia8/MINIAODSIM/PU25nsData2015v1_76X_mcRun2_asymptotic_v12_ext1-v1/10000/1E136E5A-DBD9-E511-A78C-0CC47A4DED4E.root
05-Oct-2023 02:53:18 CEST  Closed file root://eospublic.cern.ch//eos/opendata/cms/mc/RunIIFall15MiniAODv2/DYJetsToLL_M-800to1000_TuneCUETP8M1_13TeV-amcatnloFXFX-pythia8/MINIAODSIM/PU25nsData2015v1_76X_mcRun2_asymptotic_v12_ext1-v1/10000/1E136E5A-DBD9-E511-A78C-0CC47A4DED4E.root
05-Oct-2023 02:53:18 CEST  Initiating request to open file root://eospublic.cern.ch//eos/opendata/cms/mc/RunIIFall15MiniAODv2/DYJetsToLL_M-800to1000_TuneCUETP8M1_13TeV-amcatnloFXFX-pythia8/MINIAODSIM/PU25nsData2015v1_76X_mcRun2_asymptotic_v12_ext1-v1/10000/20A626BC-EFD9-E511-AD78-0025905505E0.root
%MSG-w XrdAdaptor:  file_open 05-Oct-2023 02:53:18 CEST PostProcessEvent
Data is served from cern.ch instead of original site eospublic
%MSG
05-Oct-2023 02:53:18 CEST  Successfully opened file root://eospublic.cern.ch//eos/opendata/cms/mc/RunIIFall15MiniAODv2/DYJetsToLL_M-800to1000_TuneCUETP8M1_13TeV-amcatnloFXFX-pythia8/MINIAODSIM/PU25nsData2015v1_76X_mcRun2_asymptotic_v12_ext1-v1/10000/20A626BC-EFD9-E511-AD78-0025905505E0.root
05-Oct-2023 02:53:19 CEST  Closed file root://eospublic.cern.ch//eos/opendata/cms/mc/RunIIFall15MiniAODv2/DYJetsToLL_M-800to1000_TuneCUETP8M1_13TeV-amcatnloFXFX-pythia8/MINIAODSIM/PU25nsData2015v1_76X_mcRun2_asymptotic_v12_ext1-v1/10000/20A626BC-EFD9-E511-AD78-0025905505E0.root
05-Oct-2023 02:53:19 CEST  Initiating request to open file root://eospublic.cern.ch//eos/opendata/cms/mc/RunIIFall15MiniAODv2/DYJetsToLL_M-800to1000_TuneCUETP8M1_13TeV-amcatnloFXFX-pythia8/MINIAODSIM/PU25nsData2015v1_76X_mcRun2_asymptotic_v12_ext1-v1/10000/24D629DF-DBD9-E511-9189-A0000420FE80.root
%MSG-w XrdAdaptor:  file_open 05-Oct-2023 02:53:19 CEST PostProcessEvent
Data is served from cern.ch instead of original site eospublic
%MSG
05-Oct-2023 02:53:19 CEST  Successfully opened file root://eospublic.cern.ch//eos/opendata/cms/mc/RunIIFall15MiniAODv2/DYJetsToLL_M-800to1000_TuneCUETP8M1_13TeV-amcatnloFXFX-pythia8/MINIAODSIM/PU25nsData2015v1_76X_mcRun2_asymptotic_v12_ext1-v1/10000/24D629DF-DBD9-E511-9189-A0000420FE80.root
05-Oct-2023 02:53:19 CEST  Closed file root://eospublic.cern.ch//eos/opendata/cms/mc/RunIIFall15MiniAODv2/DYJetsToLL_M-800to1000_TuneCUETP8M1_13TeV-amcatnloFXFX-pythia8/MINIAODSIM/PU25nsData2015v1_76X_mcRun2_asymptotic_v12_ext1-v1/10000/24D629DF-DBD9-E511-9189-A0000420FE80.root
05-Oct-2023 02:53:19 CEST  Initiating request to open file root://eospublic.cern.ch//eos/opendata/cms/mc/RunIIFall15MiniAODv2/DYJetsToLL_M-800to1000_TuneCUETP8M1_13TeV-amcatnloFXFX-pythia8/MINIAODSIM/PU25nsData2015v1_76X_mcRun2_asymptotic_v12_ext1-v1/10000/2ED01F97-4DD9-E511-8D0C-003048770B32.root
%MSG-w XrdAdaptor:  file_open 05-Oct-2023 02:53:19 CEST PostProcessEvent
Data is served from cern.ch instead of original site eospublic
%MSG
05-Oct-2023 02:53:19 CEST  Successfully opened file root://eospublic.cern.ch//eos/opendata/cms/mc/RunIIFall15MiniAODv2/DYJetsToLL_M-800to1000_TuneCUETP8M1_13TeV-amcatnloFXFX-pythia8/MINIAODSIM/PU25nsData2015v1_76X_mcRun2_asymptotic_v12_ext1-v1/10000/2ED01F97-4DD9-E511-8D0C-003048770B32.root
05-Oct-2023 02:53:20 CEST  Closed file root://eospublic.cern.ch//eos/opendata/cms/mc/RunIIFall15MiniAODv2/DYJetsToLL_M-800to1000_TuneCUETP8M1_13TeV-amcatnloFXFX-pythia8/MINIAODSIM/PU25nsData2015v1_76X_mcRun2_asymptotic_v12_ext1-v1/10000/2ED01F97-4DD9-E511-8D0C-003048770B32.root
05-Oct-2023 02:53:20 CEST  Initiating request to open file root://eospublic.cern.ch//eos/opendata/cms/mc/RunIIFall15MiniAODv2/DYJetsToLL_M-800to1000_TuneCUETP8M1_13TeV-amcatnloFXFX-pythia8/MINIAODSIM/PU25nsData2015v1_76X_mcRun2_asymptotic_v12_ext1-v1/10000/5049F903-E5D8-E511-B4CC-0CC47A4C8E22.root
%MSG-w XrdAdaptor:  file_open 05-Oct-2023 02:53:20 CEST PostProcessEvent
Data is served from cern.ch instead of original site eospublic
%MSG
05-Oct-2023 02:53:20 CEST  Successfully opened file root://eospublic.cern.ch//eos/opendata/cms/mc/RunIIFall15MiniAODv2/DYJetsToLL_M-800to1000_TuneCUETP8M1_13TeV-amcatnloFXFX-pythia8/MINIAODSIM/PU25nsData2015v1_76X_mcRun2_asymptotic_v12_ext1-v1/10000/5049F903-E5D8-E511-B4CC-0CC47A4C8E22.root
05-Oct-2023 02:53:22 CEST  Closed file root://eospublic.cern.ch//eos/opendata/cms/mc/RunIIFall15MiniAODv2/DYJetsToLL_M-800to1000_TuneCUETP8M1_13TeV-amcatnloFXFX-pythia8/MINIAODSIM/PU25nsData2015v1_76X_mcRun2_asymptotic_v12_ext1-v1/10000/5049F903-E5D8-E511-B4CC-0CC47A4C8E22.root
05-Oct-2023 02:53:22 CEST  Initiating request to open file root://eospublic.cern.ch//eos/opendata/cms/mc/RunIIFall15MiniAODv2/DYJetsToLL_M-800to1000_TuneCUETP8M1_13TeV-amcatnloFXFX-pythia8/MINIAODSIM/PU25nsData2015v1_76X_mcRun2_asymptotic_v12_ext1-v1/10000/54EE47EA-6AD9-E511-9B42-001E67A3EC2D.root
%MSG-w XrdAdaptor:  file_open 05-Oct-2023 02:53:22 CEST PostProcessEvent
Data is served from cern.ch instead of original site eospublic
%MSG
05-Oct-2023 02:53:22 CEST  Successfully opened file root://eospublic.cern.ch//eos/opendata/cms/mc/RunIIFall15MiniAODv2/DYJetsToLL_M-800to1000_TuneCUETP8M1_13TeV-amcatnloFXFX-pythia8/MINIAODSIM/PU25nsData2015v1_76X_mcRun2_asymptotic_v12_ext1-v1/10000/54EE47EA-6AD9-E511-9B42-001E67A3EC2D.root
05-Oct-2023 02:53:22 CEST  Closed file root://eospublic.cern.ch//eos/opendata/cms/mc/RunIIFall15MiniAODv2/DYJetsToLL_M-800to1000_TuneCUETP8M1_13TeV-amcatnloFXFX-pythia8/MINIAODSIM/PU25nsData2015v1_76X_mcRun2_asymptotic_v12_ext1-v1/10000/54EE47EA-6AD9-E511-9B42-001E67A3EC2D.root
05-Oct-2023 02:53:22 CEST  Initiating request to open file root://eospublic.cern.ch//eos/opendata/cms/mc/RunIIFall15MiniAODv2/DYJetsToLL_M-800to1000_TuneCUETP8M1_13TeV-amcatnloFXFX-pythia8/MINIAODSIM/PU25nsData2015v1_76X_mcRun2_asymptotic_v12_ext1-v1/10000/7645D79C-5FD9-E511-9B02-001EC9DE209B.root
%MSG-w XrdAdaptor:  file_open 05-Oct-2023 02:53:22 CEST PostProcessEvent
Data is served from cern.ch instead of original site eospublic
%MSG
05-Oct-2023 02:53:22 CEST  Successfully opened file root://eospublic.cern.ch//eos/opendata/cms/mc/RunIIFall15MiniAODv2/DYJetsToLL_M-800to1000_TuneCUETP8M1_13TeV-amcatnloFXFX-pythia8/MINIAODSIM/PU25nsData2015v1_76X_mcRun2_asymptotic_v12_ext1-v1/10000/7645D79C-5FD9-E511-9B02-001EC9DE209B.root
05-Oct-2023 02:53:24 CEST  Closed file root://eospublic.cern.ch//eos/opendata/cms/mc/RunIIFall15MiniAODv2/DYJetsToLL_M-800to1000_TuneCUETP8M1_13TeV-amcatnloFXFX-pythia8/MINIAODSIM/PU25nsData2015v1_76X_mcRun2_asymptotic_v12_ext1-v1/10000/7645D79C-5FD9-E511-9B02-001EC9DE209B.root
05-Oct-2023 02:53:24 CEST  Initiating request to open file root://eospublic.cern.ch//eos/opendata/cms/mc/RunIIFall15MiniAODv2/DYJetsToLL_M-800to1000_TuneCUETP8M1_13TeV-amcatnloFXFX-pythia8/MINIAODSIM/PU25nsData2015v1_76X_mcRun2_asymptotic_v12_ext1-v1/10000/7A41CEC0-86D8-E511-87AE-008CFA197A70.root
%MSG-w XrdAdaptor:  file_open 05-Oct-2023 02:53:24 CEST PostProcessEvent
Data is served from cern.ch instead of original site eospublic
%MSG
05-Oct-2023 02:53:24 CEST  Successfully opened file root://eospublic.cern.ch//eos/opendata/cms/mc/RunIIFall15MiniAODv2/DYJetsToLL_M-800to1000_TuneCUETP8M1_13TeV-amcatnloFXFX-pythia8/MINIAODSIM/PU25nsData2015v1_76X_mcRun2_asymptotic_v12_ext1-v1/10000/7A41CEC0-86D8-E511-87AE-008CFA197A70.root
Begin processing the 100001st record. Run 1, Event 414531, LumiSection 630 at 05-Oct-2023 02:53:26.552 CEST
05-Oct-2023 02:53:27 CEST  Closed file root://eospublic.cern.ch//eos/opendata/cms/mc/RunIIFall15MiniAODv2/DYJetsToLL_M-800to1000_TuneCUETP8M1_13TeV-amcatnloFXFX-pythia8/MINIAODSIM/PU25nsData2015v1_76X_mcRun2_asymptotic_v12_ext1-v1/10000/7A41CEC0-86D8-E511-87AE-008CFA197A70.root
05-Oct-2023 02:53:27 CEST  Initiating request to open file root://eospublic.cern.ch//eos/opendata/cms/mc/RunIIFall15MiniAODv2/DYJetsToLL_M-800to1000_TuneCUETP8M1_13TeV-amcatnloFXFX-pythia8/MINIAODSIM/PU25nsData2015v1_76X_mcRun2_asymptotic_v12_ext1-v1/10000/C6A331F3-A1D8-E511-A49E-0CC47A4C8E5E.root
%MSG-w XrdAdaptor:  file_open 05-Oct-2023 02:53:27 CEST PostProcessEvent
Data is served from cern.ch instead of original site eospublic
%MSG
05-Oct-2023 02:53:27 CEST  Successfully opened file root://eospublic.cern.ch//eos/opendata/cms/mc/RunIIFall15MiniAODv2/DYJetsToLL_M-800to1000_TuneCUETP8M1_13TeV-amcatnloFXFX-pythia8/MINIAODSIM/PU25nsData2015v1_76X_mcRun2_asymptotic_v12_ext1-v1/10000/C6A331F3-A1D8-E511-A49E-0CC47A4C8E5E.root
05-Oct-2023 02:53:30 CEST  Closed file root://eospublic.cern.ch//eos/opendata/cms/mc/RunIIFall15MiniAODv2/DYJetsToLL_M-800to1000_TuneCUETP8M1_13TeV-amcatnloFXFX-pythia8/MINIAODSIM/PU25nsData2015v1_76X_mcRun2_asymptotic_v12_ext1-v1/10000/C6A331F3-A1D8-E511-A49E-0CC47A4C8E5E.root
05-Oct-2023 02:53:30 CEST  Initiating request to open file root://eospublic.cern.ch//eos/opendata/cms/mc/RunIIFall15MiniAODv2/DYJetsToLL_M-800to1000_TuneCUETP8M1_13TeV-amcatnloFXFX-pythia8/MINIAODSIM/PU25nsData2015v1_76X_mcRun2_asymptotic_v12_ext1-v1/10000/FAA957EE-68D9-E511-9BC3-002590D8C7FA.root
%MSG-w XrdAdaptor:  file_open 05-Oct-2023 02:53:30 CEST PostProcessEvent
Data is served from cern.ch instead of original site eospublic
%MSG
05-Oct-2023 02:53:30 CEST  Successfully opened file root://eospublic.cern.ch//eos/opendata/cms/mc/RunIIFall15MiniAODv2/DYJetsToLL_M-800to1000_TuneCUETP8M1_13TeV-amcatnloFXFX-pythia8/MINIAODSIM/PU25nsData2015v1_76X_mcRun2_asymptotic_v12_ext1-v1/10000/FAA957EE-68D9-E511-9BC3-002590D8C7FA.root
05-Oct-2023 02:53:32 CEST  Closed file root://eospublic.cern.ch//eos/opendata/cms/mc/RunIIFall15MiniAODv2/DYJetsToLL_M-800to1000_TuneCUETP8M1_13TeV-amcatnloFXFX-pythia8/MINIAODSIM/PU25nsData2015v1_76X_mcRun2_asymptotic_v12_ext1-v1/10000/FAA957EE-68D9-E511-9BC3-002590D8C7FA.root
05-Oct-2023 02:53:32 CEST  Initiating request to open file root://eospublic.cern.ch//eos/opendata/cms/mc/RunIIFall15MiniAODv2/DYJetsToLL_M-800to1000_TuneCUETP8M1_13TeV-amcatnloFXFX-pythia8/MINIAODSIM/PU25nsData2015v1_76X_mcRun2_asymptotic_v12_ext1-v1/40000/24BD79CC-36D8-E511-85CD-002590D600A4.root
%MSG-w XrdAdaptor:  file_open 05-Oct-2023 02:53:32 CEST PostProcessEvent
Data is served from cern.ch instead of original site eospublic
%MSG
05-Oct-2023 02:53:32 CEST  Successfully opened file root://eospublic.cern.ch//eos/opendata/cms/mc/RunIIFall15MiniAODv2/DYJetsToLL_M-800to1000_TuneCUETP8M1_13TeV-amcatnloFXFX-pythia8/MINIAODSIM/PU25nsData2015v1_76X_mcRun2_asymptotic_v12_ext1-v1/40000/24BD79CC-36D8-E511-85CD-002590D600A4.root
05-Oct-2023 02:53:33 CEST  Closed file root://eospublic.cern.ch//eos/opendata/cms/mc/RunIIFall15MiniAODv2/DYJetsToLL_M-800to1000_TuneCUETP8M1_13TeV-amcatnloFXFX-pythia8/MINIAODSIM/PU25nsData2015v1_76X_mcRun2_asymptotic_v12_ext1-v1/40000/24BD79CC-36D8-E511-85CD-002590D600A4.root
05-Oct-2023 02:53:33 CEST  Initiating request to open file root://eospublic.cern.ch//eos/opendata/cms/mc/RunIIFall15MiniAODv2/DYJetsToLL_M-800to1000_TuneCUETP8M1_13TeV-amcatnloFXFX-pythia8/MINIAODSIM/PU25nsData2015v1_76X_mcRun2_asymptotic_v12_ext1-v1/40000/2EDC9B9B-35D8-E511-9E5F-008CFA111290.root
%MSG-w XrdAdaptor:  file_open 05-Oct-2023 02:53:33 CEST PostProcessEvent
Data is served from cern.ch instead of original site eospublic
%MSG
05-Oct-2023 02:53:33 CEST  Successfully opened file root://eospublic.cern.ch//eos/opendata/cms/mc/RunIIFall15MiniAODv2/DYJetsToLL_M-800to1000_TuneCUETP8M1_13TeV-amcatnloFXFX-pythia8/MINIAODSIM/PU25nsData2015v1_76X_mcRun2_asymptotic_v12_ext1-v1/40000/2EDC9B9B-35D8-E511-9E5F-008CFA111290.root
Begin processing the 200001st record. Run 1, Event 87184, LumiSection 133 at 05-Oct-2023 02:53:35.348 CEST
05-Oct-2023 02:53:35 CEST  Closed file root://eospublic.cern.ch//eos/opendata/cms/mc/RunIIFall15MiniAODv2/DYJetsToLL_M-800to1000_TuneCUETP8M1_13TeV-amcatnloFXFX-pythia8/MINIAODSIM/PU25nsData2015v1_76X_mcRun2_asymptotic_v12_ext1-v1/40000/2EDC9B9B-35D8-E511-9E5F-008CFA111290.root
05-Oct-2023 02:53:35 CEST  Initiating request to open file root://eospublic.cern.ch//eos/opendata/cms/mc/RunIIFall15MiniAODv2/DYJetsToLL_M-800to1000_TuneCUETP8M1_13TeV-amcatnloFXFX-pythia8/MINIAODSIM/PU25nsData2015v1_76X_mcRun2_asymptotic_v12_ext1-v1/40000/3650DF5E-35D8-E511-8808-002590D0AFA0.root
%MSG-w XrdAdaptor:  file_open 05-Oct-2023 02:53:35 CEST PostProcessEvent
Data is served from cern.ch instead of original site eospublic
%MSG
05-Oct-2023 02:53:35 CEST  Successfully opened file root://eospublic.cern.ch//eos/opendata/cms/mc/RunIIFall15MiniAODv2/DYJetsToLL_M-800to1000_TuneCUETP8M1_13TeV-amcatnloFXFX-pythia8/MINIAODSIM/PU25nsData2015v1_76X_mcRun2_asymptotic_v12_ext1-v1/40000/3650DF5E-35D8-E511-8808-002590D0AFA0.root
05-Oct-2023 02:53:38 CEST  Closed file root://eospublic.cern.ch//eos/opendata/cms/mc/RunIIFall15MiniAODv2/DYJetsToLL_M-800to1000_TuneCUETP8M1_13TeV-amcatnloFXFX-pythia8/MINIAODSIM/PU25nsData2015v1_76X_mcRun2_asymptotic_v12_ext1-v1/40000/3650DF5E-35D8-E511-8808-002590D0AFA0.root
05-Oct-2023 02:53:38 CEST  Initiating request to open file root://eospublic.cern.ch//eos/opendata/cms/mc/RunIIFall15MiniAODv2/DYJetsToLL_M-800to1000_TuneCUETP8M1_13TeV-amcatnloFXFX-pythia8/MINIAODSIM/PU25nsData2015v1_76X_mcRun2_asymptotic_v12_ext1-v1/40000/9A894D4E-35D8-E511-9654-0CC47A4C8E20.root
%MSG-w XrdAdaptor:  file_open 05-Oct-2023 02:53:38 CEST PostProcessEvent
Data is served from cern.ch instead of original site eospublic
%MSG
05-Oct-2023 02:53:38 CEST  Successfully opened file root://eospublic.cern.ch//eos/opendata/cms/mc/RunIIFall15MiniAODv2/DYJetsToLL_M-800to1000_TuneCUETP8M1_13TeV-amcatnloFXFX-pythia8/MINIAODSIM/PU25nsData2015v1_76X_mcRun2_asymptotic_v12_ext1-v1/40000/9A894D4E-35D8-E511-9654-0CC47A4C8E20.root
05-Oct-2023 02:53:40 CEST  Closed file root://eospublic.cern.ch//eos/opendata/cms/mc/RunIIFall15MiniAODv2/DYJetsToLL_M-800to1000_TuneCUETP8M1_13TeV-amcatnloFXFX-pythia8/MINIAODSIM/PU25nsData2015v1_76X_mcRun2_asymptotic_v12_ext1-v1/40000/9A894D4E-35D8-E511-9654-0CC47A4C8E20.root
05-Oct-2023 02:53:40 CEST  Initiating request to open file root://eospublic.cern.ch//eos/opendata/cms/mc/RunIIFall15MiniAODv2/DYJetsToLL_M-800to1000_TuneCUETP8M1_13TeV-amcatnloFXFX-pythia8/MINIAODSIM/PU25nsData2015v1_76X_mcRun2_asymptotic_v12_ext1-v1/40000/C0977475-35D8-E511-A10B-001E67A42175.root
%MSG-w XrdAdaptor:  file_open 05-Oct-2023 02:53:40 CEST PostProcessEvent
Data is served from cern.ch instead of original site eospublic
%MSG
05-Oct-2023 02:53:40 CEST  Successfully opened file root://eospublic.cern.ch//eos/opendata/cms/mc/RunIIFall15MiniAODv2/DYJetsToLL_M-800to1000_TuneCUETP8M1_13TeV-amcatnloFXFX-pythia8/MINIAODSIM/PU25nsData2015v1_76X_mcRun2_asymptotic_v12_ext1-v1/40000/C0977475-35D8-E511-A10B-001E67A42175.root
05-Oct-2023 02:53:41 CEST  Closed file root://eospublic.cern.ch//eos/opendata/cms/mc/RunIIFall15MiniAODv2/DYJetsToLL_M-800to1000_TuneCUETP8M1_13TeV-amcatnloFXFX-pythia8/MINIAODSIM/PU25nsData2015v1_76X_mcRun2_asymptotic_v12_ext1-v1/40000/C0977475-35D8-E511-A10B-001E67A42175.root
05-Oct-2023 02:53:41 CEST  Initiating request to open file root://eospublic.cern.ch//eos/opendata/cms/mc/RunIIFall15MiniAODv2/DYJetsToLL_M-800to1000_TuneCUETP8M1_13TeV-amcatnloFXFX-pythia8/MINIAODSIM/PU25nsData2015v1_76X_mcRun2_asymptotic_v12_ext1-v1/40000/CEFD30F9-35D8-E511-BEDC-B083FED04276.root
%MSG-w XrdAdaptor:  file_open 05-Oct-2023 02:53:41 CEST PostProcessEvent
Data is served from cern.ch instead of original site eospublic
%MSG
05-Oct-2023 02:53:41 CEST  Successfully opened file root://eospublic.cern.ch//eos/opendata/cms/mc/RunIIFall15MiniAODv2/DYJetsToLL_M-800to1000_TuneCUETP8M1_13TeV-amcatnloFXFX-pythia8/MINIAODSIM/PU25nsData2015v1_76X_mcRun2_asymptotic_v12_ext1-v1/40000/CEFD30F9-35D8-E511-BEDC-B083FED04276.root
05-Oct-2023 02:53:42 CEST  Closed file root://eospublic.cern.ch//eos/opendata/cms/mc/RunIIFall15MiniAODv2/DYJetsToLL_M-800to1000_TuneCUETP8M1_13TeV-amcatnloFXFX-pythia8/MINIAODSIM/PU25nsData2015v1_76X_mcRun2_asymptotic_v12_ext1-v1/40000/CEFD30F9-35D8-E511-BEDC-B083FED04276.root
05-Oct-2023 02:53:42 CEST  Initiating request to open file root://eospublic.cern.ch//eos/opendata/cms/mc/RunIIFall15MiniAODv2/DYJetsToLL_M-800to1000_TuneCUETP8M1_13TeV-amcatnloFXFX-pythia8/MINIAODSIM/PU25nsData2015v1_76X_mcRun2_asymptotic_v12_ext1-v1/40000/D4FAED66-35D8-E511-9EBD-D067E5F91B8A.root
%MSG-w XrdAdaptor:  file_open 05-Oct-2023 02:53:42 CEST PostProcessEvent
Data is served from cern.ch instead of original site eospublic
%MSG
05-Oct-2023 02:53:42 CEST  Successfully opened file root://eospublic.cern.ch//eos/opendata/cms/mc/RunIIFall15MiniAODv2/DYJetsToLL_M-800to1000_TuneCUETP8M1_13TeV-amcatnloFXFX-pythia8/MINIAODSIM/PU25nsData2015v1_76X_mcRun2_asymptotic_v12_ext1-v1/40000/D4FAED66-35D8-E511-9EBD-D067E5F91B8A.root
      0.016903      0.000108      0.212754             2
      0.028196      0.000107      0.212754             1
      0.031751      0.000047      0.212754             0
 
05-Oct-2023 02:53:42 CEST  Closed file root://eospublic.cern.ch//eos/opendata/cms/mc/RunIIFall15MiniAODv2/DYJetsToLL_M-800to1000_TuneCUETP8M1_13TeV-amcatnloFXFX-pythia8/MINIAODSIM/PU25nsData2015v1_76X_mcRun2_asymptotic_v12_ext1-v1/40000/D4FAED66-35D8-E511-9EBD-D067E5F91B8A.root

------------------------------------
GenXsecAnalyzer:
------------------------------------
-------------------------------------------------------------------------------------------------------------------------------------------------------------------------- 
Overall cross-section summary 
--------------------------------------------------------------------------------------------------------------------------------------------------------------------------
Process		xsec_before [pb]		passed	nposw	nnegw	tried	nposw	nnegw 	xsec_match [pb]			accepted [%]	 event_eff [%]
0		3.175e-02 +/- 4.688e-05		65941	63990	1951	147340	140741	6599	1.468e-02 +/- 5.013e-05		46.2 +/- 0.1	44.8 +/- 0.1
1		2.820e-02 +/- 1.070e-04		108540	76189	32351	391190	256158	135032	1.020e-02 +/- 7.681e-05		36.2 +/- 0.2	27.7 +/- 0.1
2		1.690e-02 +/- 1.079e-04		97287	61498	35789	361470	218429	143041	5.764e-03 +/- 7.087e-05		34.1 +/- 0.4	26.9 +/- 0.1
-------------------------------------------------------------------------------------------------------------------------------------------------------------------------- 
Total		7.685e-02 +/- 1.590e-04		271768	201677	70091	900000	615328	284672	3.058e-02 +/- 1.212e-04		39.8 +/- 0.1	30.2 +/- 0.0
--------------------------------------------------------------------------------------------------------------------------------------------------------------------------
Before matching: total cross section = 7.685e-02 +- 1.590e-04 pb
After matching: total cross section = 3.058e-02 +- 1.212e-04 pb
Filter efficiency (taking into account weights)= (27995.4) / (27995.4) = 1.000e+00 +- 0.000e+00
Filter efficiency (event-level)= (271768) / (271768) = 1.000e+00 +- 0.000e+00
After filter: final cross section = 3.058e-02 +- 1.212e-04 pb

=============================================

MessageLogger Summary

 type     category        sev    module        subroutine        count    total
 ---- -------------------- -- ---------------- ----------------  -----    -----
    1 GenXSecAnalyzer      -w GenXSecAnalyzer:                      14       14
    2 XrdAdaptor           -w file_open                             20       20
    3 fileAction           -s file_close                            20       20
    4 fileAction           -s file_open                             40       40

 type    category    Examples: run/evt        run/evt          run/evt
 ---- -------------------- ---------------- ---------------- ----------------
    1 GenXSecAnalyzer      PostEndRun       PostEndRun       PostEndRun
    2 XrdAdaptor           pre-events       PostProcessEvent PostProcessEvent
    3 fileAction           PostProcessEvent PostProcessEvent PostEndRun
    4 fileAction           pre-events       pre-events       PostProcessEvent

Severity    # Occurrences   Total Occurrences
--------    -------------   -----------------
Warning                34                  34
System                 60                  60
